train_loss: 0.080797 
test_loss: 0.080254 
train_loss: 0.070296 
test_loss: 0.070872 
train_loss: 0.057789 
test_loss: 0.057084 
train_loss: 0.049972 
test_loss: 0.050851 
train_loss: 0.046317 
test_loss: 0.047804 
train_loss: 0.045353 
test_loss: 0.046128 
train_loss: 0.045398 
test_loss: 0.044994 
train_loss: 0.043208 
test_loss: 0.044110 
train_loss: 0.043380 
test_loss: 0.044037 
train_loss: 0.042547 
test_loss: 0.043621 
train_loss: 0.041811 
test_loss: 0.042758 
train_loss: 0.042408 
test_loss: 0.041534 
train_loss: 0.040991 
test_loss: 0.040475 
train_loss: 0.040849 
test_loss: 0.039671 
train_loss: 0.037859 
test_loss: 0.037593 
train_loss: 0.035996 
test_loss: 0.035449 
train_loss: 0.033914 
test_loss: 0.033829 
train_loss: 0.032474 
test_loss: 0.032061 
train_loss: 0.029318 
test_loss: 0.029740 
train_loss: 0.028934 
test_loss: 0.028703 
train_loss: 0.026751 
test_loss: 0.026934 
train_loss: 0.025560 
test_loss: 0.026457 
train_loss: 0.024596 
test_loss: 0.024259 
train_loss: 0.022260 
test_loss: 0.023189 
train_loss: 0.022694 
test_loss: 0.022611 
train_loss: 0.022099 
test_loss: 0.022753 
train_loss: 0.021224 
test_loss: 0.021524 
train_loss: 0.021546 
test_loss: 0.022038 
train_loss: 0.019952 
test_loss: 0.020072 
train_loss: 0.020141 
test_loss: 0.019989 
train_loss: 0.019337 
test_loss: 0.019654 
train_loss: 0.018821 
test_loss: 0.018641 
train_loss: 0.018776 
test_loss: 0.019417 
train_loss: 0.018456 
test_loss: 0.018242 
train_loss: 0.017580 
test_loss: 0.017855 
train_loss: 0.018295 
test_loss: 0.018320 
train_loss: 0.017171 
test_loss: 0.017692 
train_loss: 0.016577 
test_loss: 0.017277 
train_loss: 0.017409 
test_loss: 0.017797 
train_loss: 0.016753 
test_loss: 0.017208 
train_loss: 0.016299 
test_loss: 0.017402 
train_loss: 0.016155 
test_loss: 0.016980 
train_loss: 0.016309 
test_loss: 0.017457 
train_loss: 0.016461 
test_loss: 0.015995 
train_loss: 0.016417 
test_loss: 0.018041 
train_loss: 0.016072 
test_loss: 0.016292 
train_loss: 0.015688 
test_loss: 0.015558 
train_loss: 0.015803 
test_loss: 0.015477 
train_loss: 0.015755 
test_loss: 0.015336 
train_loss: 0.014724 
test_loss: 0.016204 
train_loss: 0.015319 
test_loss: 0.015649 
train_loss: 0.014896 
test_loss: 0.015277 
train_loss: 0.014608 
test_loss: 0.016067 
train_loss: 0.014907 
test_loss: 0.014868 
train_loss: 0.013993 
test_loss: 0.014672 
train_loss: 0.015354 
test_loss: 0.015780 
train_loss: 0.014146 
test_loss: 0.014548 
train_loss: 0.014141 
test_loss: 0.014750 
train_loss: 0.013952 
test_loss: 0.014730 
train_loss: 0.014215 
test_loss: 0.014713 
train_loss: 0.013300 
test_loss: 0.014204 
train_loss: 0.014961 
test_loss: 0.015454 
train_loss: 0.014617 
test_loss: 0.014283 
train_loss: 0.013915 
test_loss: 0.014868 
train_loss: 0.013775 
test_loss: 0.013831 
train_loss: 0.013310 
test_loss: 0.013862 
train_loss: 0.013500 
test_loss: 0.014106 
train_loss: 0.013506 
test_loss: 0.014640 
train_loss: 0.012992 
test_loss: 0.013860 
train_loss: 0.014155 
test_loss: 0.014921 
train_loss: 0.013724 
test_loss: 0.014118 
train_loss: 0.014347 
test_loss: 0.013953 
train_loss: 0.013595 
test_loss: 0.013644 
train_loss: 0.013885 
test_loss: 0.013968 
train_loss: 0.013415 
test_loss: 0.013813 
train_loss: 0.012449 
test_loss: 0.013947 
train_loss: 0.012993 
test_loss: 0.013439 
train_loss: 0.013306 
test_loss: 0.013684 
train_loss: 0.013210 
test_loss: 0.013437 
train_loss: 0.013241 
test_loss: 0.013153 
train_loss: 0.013201 
test_loss: 0.014376 
