train_loss: 2.63247 
test_loss: 3.24071 
train_loss: 2.01386 
test_loss: 2.81441 
train_loss: 2.00699 
test_loss: 2.07234 
train_loss: 1.99975 
test_loss: 2.0942 
train_loss: 2 
test_loss: 2.1172 
train_loss: 2.02988 
test_loss: 9.30081 
train_loss: 2.00109 
test_loss: 2.02774 
train_loss: 1.99957 
test_loss: 2.64506 
train_loss: 1.9999 
test_loss: 2.02693 
train_loss: 1.99988 
test_loss: 2.00081 
train_loss: 1.99997 
test_loss: 2.2131 
train_loss: 1.9997 
test_loss: 2.00145 
train_loss: 1.99998 
test_loss: 2.10754 
train_loss: 1.99995 
test_loss: 2.96676 
train_loss: 1.99965 
test_loss: 2.08209 
train_loss: 2.00055 
test_loss: 2.17285 
train_loss: 3.12468 
test_loss: 2.00543 
train_loss: 2.04941 
test_loss: 2.17517 
train_loss: 2.00294 
test_loss: 2.02333 
train_loss: 2.00164 
test_loss: 2.19111 
train_loss: 2.07555 
test_loss: 2.34777 
train_loss: 2.05099 
test_loss: 2.81284 
train_loss: 2.13508 
test_loss: 2.14098 
train_loss: 2.00002 
test_loss: 4.8651 
train_loss: 1.9999 
test_loss: 2.69615 
train_loss: 1.99996 
test_loss: 2.18063 
train_loss: 2.00272 
test_loss: 8.10633 
train_loss: 2.02171 
test_loss: 2.19651 
train_loss: 2.01877 
test_loss: 9.78378 
train_loss: 1.99971 
test_loss: 2.02319 
train_loss: 2.05974 
test_loss: 2.09967 
train_loss: 1.99993 
test_loss: 3.24323 
train_loss: 2.00576 
test_loss: 2.11807 
train_loss: 1.99985 
test_loss: 3.42763 
train_loss: 2.0088 
test_loss: 2.11336 
train_loss: 2.03058 
test_loss: 2.07957 
train_loss: 2.04762 
test_loss: 2.40915 
train_loss: 6.23293 
test_loss: 2.04763 
train_loss: 2.00109 
test_loss: 141.667 
train_loss: 1.99987 
test_loss: 2.03543 
train_loss: 1.99955 
test_loss: 2.02767 
train_loss: 1.99973 
test_loss: 2.08462 
train_loss: 1.99872 
test_loss: 2.06617 
train_loss: 1.99994 
test_loss: 2.00693 
train_loss: 2.00188 
test_loss: 2.01755 
train_loss: 1.99974 
test_loss: 2.15341 
train_loss: 2.00659 
test_loss: 2.75932 
train_loss: 2.0702 
test_loss: 2.30999 
train_loss: 1.99995 
test_loss: 2.04953 
train_loss: 2.00075 
test_loss: 2.6271 
train_loss: 1.99995 
test_loss: 2.01821 
train_loss: 1.99999 
test_loss: 2.02716 
train_loss: 2.35614 
test_loss: 2.0183 
train_loss: 8.44388 
test_loss: 2.46982 
train_loss: 2.0248 
test_loss: 3.00503 
train_loss: 1.99993 
test_loss: 2.01669 
train_loss: 2.02541 
test_loss: 2.19363 
train_loss: 1.99997 
test_loss: 72.1493 
train_loss: 1.99955 
test_loss: 2.54483 
train_loss: 1.99994 
test_loss: 2.15179 
train_loss: 1.99975 
test_loss: 2.01248 
train_loss: 3.99083 
test_loss: 2.08556 
train_loss: 1.99955 
test_loss: 3.24171 
train_loss: 2.00119 
test_loss: 2.11076 
train_loss: 2.0047 
test_loss: 3.0514 
train_loss: 1.99994 
test_loss: 2.10144 
train_loss: 2.59225 
test_loss: 2.17246 
train_loss: 1.9997 
test_loss: 2.03268 
train_loss: 1.99995 
test_loss: 2.82209 
train_loss: 2.08277 
test_loss: 7.53762 
train_loss: 2.01568 
test_loss: 2.01906 
train_loss: 2.02591 
test_loss: 2.01751 
train_loss: 1.99926 
test_loss: 5.23773 
train_loss: 2.77165 
test_loss: 5.03734 
train_loss: 1.99956 
test_loss: 2.00883 
train_loss: 1.9998 
test_loss: 2.11712 
train_loss: 1.99942 
test_loss: 2.06688 
train_loss: 2.16932 
test_loss: 2.02053 
train_loss: 1.99974 
test_loss: 2.1692 
train_loss: 3.35954 
test_loss: 2.13314 
train_loss: 1.99924 
test_loss: 2.17979 
train_loss: 2.0007 
test_loss: 2.00007 
train_loss: 1.99993 
test_loss: 12.4747 
train_loss: 1.99978 
test_loss: 3.75762 
train_loss: 1.9995 
test_loss: 2.00928 
train_loss: 2.00086 
test_loss: 2.00111 
train_loss: 1.99895 
test_loss: 2.0174 
train_loss: 2.05534 
test_loss: 2.35184 
train_loss: 2.17497 
test_loss: 2.03811 
train_loss: 2.56557 
test_loss: 2.32357 
train_loss: 6.99852 
test_loss: 1.99999 
train_loss: 1.9998 
test_loss: 2.26538 
train_loss: 2.01006 
test_loss: 2.23544 
train_loss: 1.99973 
test_loss: 2.35065 
train_loss: 1.99987 
test_loss: 2.09189 
train_loss: 2.00172 
test_loss: 2.00168 
train_loss: 2.20894 
test_loss: 2.13749 
train_loss: 1.99983 
test_loss: 2.41337 
train_loss: 1.99926 
test_loss: 2.02644 
train_loss: 1.99984 
test_loss: 2.06375 
train_loss: 1.99986 
test_loss: 2.34745 
train_loss: 1.99954 
test_loss: 2.01651 
train_loss: 1.99976 
test_loss: 2.00238 
train_loss: 1.99995 
test_loss: 2.01718 
train_loss: 1.99995 
test_loss: 2.08241 
train_loss: 2.02182 
test_loss: 2.07263 
train_loss: 2.00047 
test_loss: 3.22237 
train_loss: 2.00419 
test_loss: 2.09196 
train_loss: 1.99984 
test_loss: 2.17848 
train_loss: 5.91711 
test_loss: 2.57307 
train_loss: 2.00412 
test_loss: 2.07037 
train_loss: 2.01495 
test_loss: 2.91824 
train_loss: 2.00004 
test_loss: 7.13602 
train_loss: 2.00151 
test_loss: 2.60403 
train_loss: 2.00617 
test_loss: 2.44555 
train_loss: 2.00194 
test_loss: 2.71153 
train_loss: 2.11033 
test_loss: 3.52769 
train_loss: 1.99996 
test_loss: 3.89993 
train_loss: 2.02379 
test_loss: 2.21417 
train_loss: 2.00346 
test_loss: 2.1903 
train_loss: 1.99999 
test_loss: 2.45725 
train_loss: 6.6756 
test_loss: 5.27381 
train_loss: 2.00925 
test_loss: 2.16583 
train_loss: 2.20661 
test_loss: 12.7075 
train_loss: 2.00031 
test_loss: 2.18235 
train_loss: 2.05184 
test_loss: 8.61118 
train_loss: 1.99991 
test_loss: 2.12705 
train_loss: 2.16505 
test_loss: 7.14445 
train_loss: 2.00827 
test_loss: 2.11377 
train_loss: 10.6357 
test_loss: 2.88252 
train_loss: 2.00513 
test_loss: 2.29813 
train_loss: 2.21163 
test_loss: 3.60034 
train_loss: 2.00434 
test_loss: 3.33211 
train_loss: 7.83047 
test_loss: 3.33999 
train_loss: 4.21229 
test_loss: 2.2928 
train_loss: 2.07314 
test_loss: 2.08349 
train_loss: 2.00725 
test_loss: 2.21915 
train_loss: 2.00259 
test_loss: 3.22532 
train_loss: 2.00909 
test_loss: 2.72921 
train_loss: 2.17845 
test_loss: 2.66952 
train_loss: 2.00078 
test_loss: 3.17217 
train_loss: 2.54895 
test_loss: 2.12377 
train_loss: 2.05972 
test_loss: 2.18908 
train_loss: 2.19003 
test_loss: 2.21076 
train_loss: 2.01223 
test_loss: 2.33733 
train_loss: 2.20709 
test_loss: 3.68887 
train_loss: 2.01786 
test_loss: 2.38802 
train_loss: 2 
test_loss: 2.50266 
train_loss: 2 
test_loss: 2.19558 
train_loss: 1.99992 
test_loss: 2.51486 
train_loss: 2.2644 
test_loss: 2.04229 
train_loss: 2.0024 
test_loss: 2.44538 
train_loss: 2.03011 
test_loss: 2.24423 
train_loss: 1.99999 
test_loss: 3.34553 
train_loss: 2.00676 
test_loss: 2.1953 
train_loss: 2.00509 
test_loss: 2.0576 
train_loss: 2.45407 
test_loss: 2.07664 
train_loss: 5.11007 
test_loss: 4.21334 
train_loss: 2.0484 
test_loss: 3.02087 
train_loss: 2.0123 
test_loss: 2.80069 
train_loss: 1.99997 
test_loss: 2.07288 
train_loss: 2.22063 
test_loss: 4.93169 
train_loss: 64.3987 
test_loss: 9.2659 
train_loss: 2.00182 
test_loss: 2.86666 
train_loss: 2.00012 
test_loss: 2.02623 
train_loss: 2.03258 
test_loss: 2.36108 
train_loss: 181.142 
test_loss: 2.08565 
train_loss: 2.22237 
test_loss: 2.08468 
train_loss: 2.00978 
test_loss: 2.95689 
train_loss: 6.40572 
test_loss: 2.1642 
train_loss: 2.37798 
test_loss: 2.8576 
train_loss: 2.00169 
test_loss: 2.40453 
train_loss: 2.0048 
test_loss: 2.10037 
train_loss: 2.00707 
test_loss: 2.09224 
train_loss: 11.8129 
test_loss: 2.19674 
train_loss: 2.00265 
test_loss: 4.27394 
train_loss: 2.00561 
test_loss: 2.37695 
train_loss: 4.12029 
test_loss: 3.20395 
train_loss: 2.00558 
test_loss: 2.63792 
train_loss: 1.99998 
test_loss: 2.1357 
train_loss: 2.02367 
test_loss: 2.62843 
train_loss: 2.18067 
test_loss: 2.20015 
train_loss: 3.08574 
test_loss: 2.12771 
train_loss: 2.22415 
test_loss: 2.3358 
train_loss: 2.01979 
test_loss: 3.38406 
train_loss: 2.06781 
test_loss: 2.71533 
train_loss: 2.04582 
test_loss: 3.18686 
train_loss: 2.48778 
test_loss: 2.38129 
train_loss: 26.7956 
test_loss: 2.09865 
train_loss: 1.99954 
test_loss: 2.27182 
train_loss: 1.99974 
test_loss: 4.1879 
train_loss: 2.02826 
test_loss: 2.00188 
train_loss: 2.00994 
test_loss: 2.07881 
train_loss: 2.00338 
test_loss: 2.14101 
train_loss: 2.017 
test_loss: 2.0122 
train_loss: 1.99996 
test_loss: 5.67374 
train_loss: 1.9999 
test_loss: 2.09755 
train_loss: 2.07809 
test_loss: 2.00125 
train_loss: 1.99876 
test_loss: 2.1324 
train_loss: 2.00012 
test_loss: 2.00576 
train_loss: 1.99992 
test_loss: 2.12583 
train_loss: 2.00015 
