train_loss: 9848.04 
test_loss: 4258.9 
train_loss: 12701.1 
test_loss: 5824.56 
train_loss: 3746.31 
test_loss: 6455.66 
train_loss: 7486.52 
test_loss: 4980.62 
train_loss: 3745.43 
test_loss: 5202.38 
train_loss: 2956.2 
test_loss: 6698.13 
train_loss: 3999.03 
test_loss: 42283.2 
train_loss: 6927.53 
test_loss: 5840.14 
train_loss: 9650.06 
test_loss: 6672.38 
train_loss: 3372.29 
test_loss: 19433 
train_loss: 4439.38 
test_loss: 4361.36 
train_loss: 2825.72 
test_loss: 10222.2 
train_loss: 5415.07 
test_loss: 7392.35 
train_loss: 4918.77 
test_loss: 4813.79 
train_loss: 6573.9 
test_loss: 7001.42 
train_loss: 3200.14 
test_loss: 8070.8 
train_loss: 12303.9 
test_loss: 5027.5 
train_loss: 9360.41 
test_loss: 1.17118e+06 
train_loss: 2907.96 
test_loss: 7045.15 
train_loss: 9495.46 
test_loss: 6519.81 
train_loss: 3490.32 
test_loss: 11185.8 
train_loss: 7832.49 
test_loss: 7832.82 
train_loss: 6499.32 
test_loss: 7293.12 
train_loss: 3807.39 
test_loss: 5774.62 
train_loss: 4509.93 
test_loss: 7838.69 
train_loss: 6414.53 
test_loss: 5250.67 
train_loss: 4003.67 
test_loss: 6017.06 
train_loss: 6532.07 
test_loss: 6802.15 
train_loss: 12874.5 
test_loss: 5924.78 
train_loss: 6565.62 
test_loss: 6975.97 
train_loss: 4872.06 
test_loss: 6287.13 
train_loss: 4553.05 
test_loss: 6505 
train_loss: 6940.49 
test_loss: 4894.8 
train_loss: 5080.39 
test_loss: 6341.41 
train_loss: 5940.65 
test_loss: 9851.89 
train_loss: 5821 
test_loss: 6694.65 
train_loss: 5416.32 
test_loss: 3667.64 
train_loss: 2295.92 
test_loss: 4435.38 
train_loss: 7998.13 
test_loss: 6203.82 
train_loss: 2067.02 
test_loss: 6204.36 
train_loss: 3360.15 
test_loss: 7079.34 
train_loss: 2278.08 
test_loss: 8437.22 
train_loss: 2311.09 
test_loss: 7437.93 
train_loss: 4422.79 
test_loss: 4344.54 
train_loss: 5780.26 
test_loss: 6291.7 
train_loss: 6653.75 
test_loss: 4624.39 
train_loss: 4697.3 
test_loss: 11533.8 
train_loss: 3134.3 
test_loss: 4635.52 
train_loss: 4566.95 
test_loss: 6732.33 
train_loss: 5176.9 
test_loss: 6400.97 
train_loss: 11814.5 
test_loss: 7560.14 
train_loss: 4462.27 
test_loss: 6813.06 
train_loss: 8891.21 
test_loss: 6653.46 
train_loss: 4126.26 
test_loss: 8500.18 
train_loss: 6091.21 
test_loss: 14078.6 
train_loss: 9099.62 
test_loss: 9419.67 
train_loss: 5737.35 
test_loss: 6609.21 
train_loss: 6065.71 
test_loss: 7988.79 
train_loss: 8535.45 
test_loss: 5640.32 
train_loss: 3994.18 
test_loss: 6705.54 
train_loss: 7847.69 
test_loss: 8925.12 
train_loss: 7830.35 
test_loss: 11334.2 
train_loss: 2337.71 
test_loss: 34698.2 
train_loss: 48245.6 
test_loss: 6423.51 
train_loss: 6289.82 
test_loss: 22075.1 
train_loss: 2785.97 
test_loss: 8612.39 
train_loss: 5161.32 
test_loss: 16032.6 
train_loss: 2886.15 
test_loss: 8486.3 
train_loss: 16998.3 
test_loss: 7622.78 
train_loss: 2271.24 
test_loss: 4759.75 
train_loss: 4759.19 
test_loss: 4696.71 
train_loss: 7860.83 
test_loss: 4381.49 
train_loss: 12453 
test_loss: 9139.63 
train_loss: 1876.49 
test_loss: 6530.17 
train_loss: 4387.1 
test_loss: 6468.24 
train_loss: 3736.5 
test_loss: 7845.41 
train_loss: 3154.72 
test_loss: 15836.8 
train_loss: 3161.4 
test_loss: 9339.87 
train_loss: 7229.69 
test_loss: 5778.02 
train_loss: 2968.16 
test_loss: 12755.1 
train_loss: 18089.6 
test_loss: 6239.33 
train_loss: 3897.34 
test_loss: 5540.85 
train_loss: 4605.46 
test_loss: 5129.16 
train_loss: 8061.89 
test_loss: 6629.64 
train_loss: 4774.56 
test_loss: 8000.59 
train_loss: 4339.16 
test_loss: 7549.83 
train_loss: 4566.36 
test_loss: 12118 
train_loss: 7064.2 
test_loss: 10485.5 
train_loss: 4868.5 
test_loss: 7335.19 
train_loss: 2567.37 
test_loss: 6836.18 
train_loss: 7653.41 
test_loss: 7496.01 
train_loss: 2587.01 
test_loss: 6136.33 
train_loss: 12327.6 
test_loss: 5348.17 
train_loss: 2684.94 
test_loss: 6378.57 
train_loss: 10449.1 
test_loss: 4545.22 
train_loss: 10623.9 
test_loss: 5430.79 
train_loss: 3079.98 
test_loss: 5092.16 
train_loss: 5230.35 
test_loss: 7087.57 
train_loss: 5234.56 
test_loss: 3993.06 
train_loss: 9097.49 
test_loss: 4251.56 
train_loss: 4373.54 
test_loss: 4707.2 
train_loss: 4239.27 
test_loss: 5189.98 
train_loss: 6062.16 
test_loss: 8165.24 
train_loss: 3083.94 
test_loss: 4751.57 
train_loss: 2924.36 
test_loss: 11768.6 
train_loss: 4809.13 
test_loss: 92949.8 
train_loss: 4616.66 
test_loss: 7083.03 
train_loss: 9330.64 
test_loss: 6029.68 
train_loss: 12211.8 
test_loss: 6863.08 
train_loss: 5671.51 
test_loss: 8426.13 
train_loss: 2600.63 
test_loss: 6470.01 
train_loss: 3891.42 
test_loss: 6419.2 
train_loss: 9240.37 
test_loss: 5811.35 
train_loss: 2102.32 
test_loss: 5220.81 
train_loss: 3281.93 
test_loss: 6802.33 
train_loss: 4280.9 
test_loss: 5520.17 
train_loss: 6640.91 
test_loss: 7742.2 
train_loss: 6984.39 
test_loss: 6330.11 
train_loss: 3024.29 
test_loss: 11748.1 
train_loss: 2470.67 
test_loss: 4251.2 
train_loss: 5078.28 
test_loss: 5123.29 
train_loss: 6946.43 
test_loss: 5295.56 
train_loss: 3871.88 
test_loss: 8217.06 
train_loss: 4837.77 
test_loss: 5109.38 
train_loss: 3432.46 
test_loss: 6998.11 
train_loss: 3050.9 
test_loss: 4916.14 
train_loss: 7866.73 
test_loss: 7020.05 
train_loss: 1926.57 
test_loss: 5958.39 
train_loss: 9969.87 
test_loss: 7500.49 
train_loss: 16514.2 
test_loss: 6125.34 
train_loss: 1984.4 
test_loss: 4308.83 
train_loss: 4248.55 
test_loss: 18490.8 
train_loss: 3326.35 
test_loss: 78423.3 
train_loss: 2997.78 
test_loss: 4824.15 
train_loss: 6930.95 
test_loss: 6428.38 
train_loss: 4146.51 
test_loss: 4601.95 
train_loss: 13897.7 
test_loss: 5810.59 
train_loss: 5593.99 
test_loss: 6776.73 
train_loss: 18145.6 
test_loss: 8136.3 
train_loss: 4496.02 
test_loss: 8967.88 
train_loss: 3113.63 
test_loss: 6267.29 
train_loss: 3978.58 
test_loss: 5542.81 
train_loss: 3085.37 
test_loss: 4848.27 
train_loss: 14097.4 
test_loss: 5900.33 
train_loss: 5626.67 
test_loss: 6677.8 
train_loss: 11645.3 
test_loss: 10996.9 
train_loss: 3801.32 
test_loss: 7720.17 
train_loss: 4938.57 
test_loss: 4592.19 
train_loss: 3682.47 
test_loss: 4955.79 
train_loss: 3612.19 
test_loss: 8096.49 
train_loss: 3319.15 
test_loss: 6011.78 
train_loss: 9192.84 
test_loss: 7490.87 
train_loss: 4531.79 
test_loss: 4437.65 
train_loss: 15577.8 
test_loss: 6455.49 
train_loss: 10436.9 
test_loss: 5763.34 
train_loss: 6414.92 
test_loss: 6377.04 
train_loss: 4276.95 
test_loss: 5920.57 
train_loss: 6293.21 
test_loss: 5623.17 
train_loss: 2714.51 
test_loss: 8273.59 
train_loss: 5505.83 
test_loss: 4155.92 
train_loss: 3320.12 
test_loss: 4192.26 
train_loss: 1315.94 
test_loss: 6751.31 
train_loss: 8332.81 
test_loss: 7178.33 
train_loss: 3346.92 
test_loss: 6899.15 
train_loss: 2368.4 
test_loss: 6030.32 
train_loss: 14593.3 
test_loss: 5418.66 
train_loss: 5276.16 
test_loss: 5697.45 
train_loss: 4312.12 
test_loss: 5494.93 
train_loss: 8561.32 
test_loss: 5551.32 
train_loss: 4278.87 
test_loss: 5732.65 
train_loss: 6066.71 
test_loss: 6520.8 
train_loss: 2157.17 
test_loss: 4960.13 
train_loss: 53077.4 
test_loss: 6098.94 
train_loss: 2306.57 
test_loss: 4887.2 
train_loss: 3611.88 
test_loss: 6218.99 
train_loss: 22476.5 
test_loss: 6102.39 
train_loss: 6743.09 
test_loss: 6667.95 
train_loss: 2387.16 
test_loss: 4105.51 
train_loss: 2621.94 
test_loss: 6519.72 
train_loss: 4488.68 
test_loss: 6180.4 
train_loss: 4090.69 
test_loss: 3870.01 
train_loss: 2704.83 
test_loss: 124388 
train_loss: 39155.1 
test_loss: 4937 
train_loss: 4107.28 
test_loss: 12329.4 
train_loss: 4355.88 
test_loss: 5670.39 
train_loss: 5153.44 
test_loss: 5910.04 
train_loss: 2485.45 
test_loss: 4118.6 
train_loss: 3894.67 
test_loss: 7494.67 
train_loss: 2646.21 
test_loss: 16159.6 
train_loss: 4347.82 
test_loss: 4803.7 
train_loss: 19023.7 
test_loss: 6816.33 
train_loss: 2462.69 
test_loss: 6826.08 
train_loss: 5041.82 
test_loss: 6850.55 
train_loss: 8686.71 
test_loss: 4810.71 
train_loss: 7281.28 
test_loss: 5182.45 
train_loss: 12742.2 
test_loss: 5022.46 
train_loss: 4852.94 
test_loss: 3735.93 
train_loss: 6125.24 
test_loss: 6548.89 
train_loss: 4210.75 
test_loss: 6097.78 
train_loss: 5143.21 
test_loss: 5719.6 
train_loss: 5148.64 
test_loss: 4154.38 
train_loss: 7955.09 
test_loss: 6860.25 
train_loss: 2392.83 
test_loss: 4879.45 
train_loss: 6680.64 
test_loss: 4480.99 
train_loss: 2441.1 
test_loss: 4850.95 
train_loss: 5980.3 
test_loss: 22539.2 
train_loss: 4582.67 
test_loss: 5842.38 
train_loss: 8723.7 
test_loss: 4862.47 
train_loss: 8795.24 
test_loss: 5205.59 
train_loss: 5313.74 
test_loss: 19246.7 
train_loss: 1278.07 
test_loss: 4699.78 
train_loss: 4468.42 
test_loss: 5153.84 
train_loss: 8493 
test_loss: 5951.05 
train_loss: 4584.74 
test_loss: 12854.3 
train_loss: 2743.23 
test_loss: 4976.38 
train_loss: 4056.37 
test_loss: 6416.51 
train_loss: 6791.82 
test_loss: 5264.09 
train_loss: 2883.45 
test_loss: 6704.06 
train_loss: 11740.2 
test_loss: 5814.99 
train_loss: 12739.8 
test_loss: 6328.41 
train_loss: 12542.8 
test_loss: 6741.26 
train_loss: 4.84015e+06 
test_loss: 5307.9 
train_loss: 4215.54 
test_loss: 5587.27 
train_loss: 4952.53 
test_loss: 4528.73 
train_loss: 5527.8 
test_loss: 5186 
train_loss: 6561.26 
test_loss: 4876.57 
train_loss: 9008.99 
test_loss: 5056.84 
train_loss: 2955.34 
test_loss: 4557.09 
train_loss: 5094.35 
test_loss: 4854.81 
train_loss: 3134.37 
test_loss: 4110.19 
train_loss: 11055.1 
test_loss: 4719.67 
train_loss: 4868.22 
test_loss: 6619.35 
train_loss: 2717.1 
test_loss: 15467.9 
train_loss: 2443.85 
test_loss: 4444.54 
train_loss: 5416.08 
test_loss: 3998.02 
train_loss: 3047.36 
test_loss: 7552.16 
train_loss: 6397.27 
test_loss: 4979.24 
train_loss: 2921.28 
test_loss: 5535.32 
train_loss: 2930.87 
test_loss: 5584.24 
train_loss: 3509.25 
test_loss: 4644.27 
train_loss: 6379.91 
test_loss: 6329.23 
train_loss: 4113.76 
test_loss: 6488.56 
train_loss: 3513.21 
test_loss: 3873.11 
train_loss: 3230.25 
test_loss: 4577.11 
train_loss: 4422.94 
test_loss: 41293.8 
train_loss: 5399.16 
test_loss: 5982.4 
train_loss: 7261.91 
test_loss: 6171.52 
train_loss: 3380.08 
test_loss: 6017.63 
train_loss: 1953.22 
test_loss: 5254.88 
train_loss: 11472.4 
test_loss: 7119.14 
train_loss: 2530.9 
test_loss: 4517.83 
train_loss: 3709.32 
test_loss: 5649.7 
train_loss: 3152.99 
test_loss: 4143.65 
train_loss: 2280.65 
test_loss: 4271.55 
train_loss: 5373.87 
test_loss: 4048.44 
train_loss: 3860.54 
test_loss: 6331.2 
train_loss: 2377.56 
test_loss: 3993.04 
train_loss: 3169.43 
test_loss: 8936.92 
train_loss: 5153.64 
test_loss: 5682.22 
train_loss: 18035.5 
test_loss: 6493.25 
train_loss: 1887.57 
test_loss: 5764.98 
train_loss: 2650.88 
test_loss: 4922.03 
train_loss: 2611.4 
test_loss: 7082.25 
train_loss: 4955.52 
test_loss: 8159.81 
train_loss: 2651.55 
test_loss: 5119.79 
train_loss: 5040.64 
test_loss: 6018.8 
train_loss: 2687.67 
test_loss: 5711.76 
train_loss: 7768 
test_loss: 6750.26 
train_loss: 4946.55 
test_loss: 6323.76 
train_loss: 3177.97 
test_loss: 5047.06 
train_loss: 4814.82 
test_loss: 5312.66 
train_loss: 3504.57 
test_loss: 4315.8 
train_loss: 7427.1 
test_loss: 4501.93 
train_loss: 5356.57 
test_loss: 4269.01 
train_loss: 7466.49 
test_loss: 4574.61 
train_loss: 6964.15 
test_loss: 5045.49 
train_loss: 7474.09 
test_loss: 5370.96 
train_loss: 7469.12 
test_loss: 4489.58 
train_loss: 2974.53 
test_loss: 5072.91 
train_loss: 12809.2 
test_loss: 5079.25 
train_loss: 4813.34 
test_loss: 5214.03 
train_loss: 2994.34 
test_loss: 5139.53 
train_loss: 2433.21 
test_loss: 4985.09 
train_loss: 3538.35 
test_loss: 4688.14 
train_loss: 3790.85 
test_loss: 5775.69 
train_loss: 2998.91 
test_loss: 4655.82 
train_loss: 5524.25 
test_loss: 10647.3 
train_loss: 3798.4 
test_loss: 5411.23 
train_loss: 3273.67 
test_loss: 4506.21 
train_loss: 4286.61 
test_loss: 4391.43 
train_loss: 3052.13 
test_loss: 4565.19 
train_loss: 12033.8 
test_loss: 5183.57 
train_loss: 3133.09 
test_loss: 5539.97 
train_loss: 4607.51 
test_loss: 5971.33 
train_loss: 3806.09 
test_loss: 5275.76 
train_loss: 7211.87 
test_loss: 5274.76 
train_loss: 5860.58 
test_loss: 7070.5 
train_loss: 2072.98 
test_loss: 6425.26 
train_loss: 4040.88 
test_loss: 6937.83 
train_loss: 10069.6 
test_loss: 6000.14 
train_loss: 3460.51 
test_loss: 7107.97 
train_loss: 8231.23 
test_loss: 7884.71 
train_loss: 4754.18 
test_loss: 5754.19 
train_loss: 5024.61 
test_loss: 5130.68 
train_loss: 2252.27 
test_loss: 4786.95 
train_loss: 2687.26 
test_loss: 7110.91 
train_loss: 12140.4 
test_loss: 5250.42 
train_loss: 4437.46 
test_loss: 5345.59 
train_loss: 6726.34 
test_loss: 6375.21 
train_loss: 3561.56 
test_loss: 5214.72 
train_loss: 5099.16 
test_loss: 5553.81 
train_loss: 2736.43 
test_loss: 5819.61 
train_loss: 5912.01 
test_loss: 4751.66 
train_loss: 2388.65 
test_loss: 5051.89 
train_loss: 2719.13 
test_loss: 4409.26 
train_loss: 4293.96 
test_loss: 9158.38 
train_loss: 2101.57 
test_loss: 5793.47 
train_loss: 2478.74 
test_loss: 5232.02 
train_loss: 7983.73 
test_loss: 5353.73 
train_loss: 3163.22 
test_loss: 6683.07 
train_loss: 4370.47 
test_loss: 9073.79 
train_loss: 2789.09 
test_loss: 6141.7 
train_loss: 2675.38 
test_loss: 6177.01 
train_loss: 4978.73 
test_loss: 6602.49 
train_loss: 4004.56 
test_loss: 4319.48 
train_loss: 4575.08 
test_loss: 5784.67 
train_loss: 2271.46 
test_loss: 7109.34 
train_loss: 4911.21 
test_loss: 5963.9 
train_loss: 1649.1 
test_loss: 6466.86 
train_loss: 3825.47 
test_loss: 7238.61 
train_loss: 2880.7 
test_loss: 4249.43 
train_loss: 3808.45 
test_loss: 6911.63 
train_loss: 4162.83 
test_loss: 6086.09 
train_loss: 3704.48 
test_loss: 4803.68 
train_loss: 3162.36 
test_loss: 6837.82 
train_loss: 3342.48 
test_loss: 5841.92 
train_loss: 4378.08 
test_loss: 6658.56 
train_loss: 2936.47 
test_loss: 6767.95 
train_loss: 2501.02 
test_loss: 5131.63 
train_loss: 6179.45 
test_loss: 6640.57 
train_loss: 2169.66 
test_loss: 8893.75 
train_loss: 5726.27 
test_loss: 13621.8 
train_loss: 3173.16 
test_loss: 7702.65 
train_loss: 8162.16 
test_loss: 7150.02 
train_loss: 3172.14 
test_loss: 1.12601e+06 
train_loss: 6102.12 
test_loss: 7200.95 
train_loss: 2773.12 
test_loss: 7389.85 
train_loss: 1765.27 
test_loss: 7514.81 
train_loss: 6443.84 
test_loss: 6570.65 
train_loss: 6523.06 
test_loss: 23143.9 
train_loss: 2613.91 
test_loss: 6813.86 
train_loss: 1655.1 
test_loss: 9198.75 
train_loss: 4261.98 
test_loss: 6874.39 
train_loss: 3303.94 
test_loss: 8000.82 
train_loss: 2216.09 
test_loss: 8168.72 
train_loss: 2163.65 
test_loss: 7745.12 
train_loss: 4234.9 
test_loss: 7340.36 
train_loss: 5312.13 
test_loss: 7626.21 
train_loss: 2387.17 
test_loss: 6035.55 
train_loss: 4276.32 
test_loss: 7441.65 
train_loss: 6905.52 
test_loss: 8261.95 
train_loss: 2650.37 
test_loss: 7792.71 
train_loss: 1171.67 
test_loss: 6276.93 
train_loss: 3393.39 
test_loss: 7073.35 
train_loss: 4378.97 
test_loss: 7513.96 
train_loss: 4624.09 
test_loss: 7186.76 
train_loss: 5606.85 
test_loss: 13734.3 
train_loss: 8398.55 
test_loss: 4655.72 
train_loss: 3495.15 
test_loss: 27635.3 
train_loss: 3354.79 
test_loss: 5757.33 
train_loss: 2983.26 
test_loss: 5364.12 
train_loss: 2365.24 
test_loss: 8984.51 
train_loss: 5287.3 
test_loss: 8043.68 
train_loss: 1668.91 
test_loss: 7184.07 
train_loss: 2014.58 
test_loss: 6535.97 
train_loss: 919.65 
test_loss: 7681.1 
train_loss: 1576.7 
test_loss: 5527.42 
train_loss: 1223.54 
test_loss: 6722.59 
train_loss: 1476.45 
test_loss: 6428.39 
train_loss: 1790.67 
test_loss: 5775.49 
train_loss: 2541.64 
test_loss: 7882.07 
train_loss: 4178.12 
test_loss: 7592.83 
train_loss: 3362.78 
test_loss: 6187.47 
train_loss: 1401.9 
test_loss: 6725.18 
train_loss: 3603.29 
test_loss: 6333.79 
train_loss: 5439.17 
test_loss: 5721.96 
train_loss: 1622.49 
test_loss: 6545.89 
train_loss: 1080.29 
test_loss: 7616.71 
train_loss: 1952.15 
test_loss: 6987.13 
train_loss: 1462.74 
test_loss: 6103.79 
train_loss: 4531.64 
test_loss: 7489.72 
train_loss: 1821.82 
test_loss: 7363.93 
train_loss: 1451.69 
test_loss: 6710.93 
train_loss: 1573.49 
test_loss: 7182.69 
train_loss: 4191.83 
test_loss: 7201.02 
train_loss: 1586.31 
test_loss: 7672.82 
train_loss: 1702.3 
test_loss: 6809.66 
train_loss: 5058.42 
test_loss: 6215.71 
train_loss: 2431.12 
test_loss: 5576.27 
train_loss: 3331.66 
test_loss: 6002.48 
train_loss: 912.506 
test_loss: 6156.09 
train_loss: 1068.19 
test_loss: 30519.8 
train_loss: 2003.85 
test_loss: 6999.82 
train_loss: 1479.99 
test_loss: 7763.71 
train_loss: 3222.65 
test_loss: 6425.04 
train_loss: 1958.34 
test_loss: 12636.8 
train_loss: 3183.48 
test_loss: 4597.22 
train_loss: 1338.84 
test_loss: 5342.75 
train_loss: 688.677 
test_loss: 5854.47 
train_loss: 884.293 
test_loss: 6778.26 
