train_loss: 9935.06 
test_loss: 6910.15 
train_loss: 7949.64 
test_loss: 55571.6 
train_loss: 2700.29 
test_loss: 8471.67 
train_loss: 3442.81 
test_loss: 5108.25 
train_loss: 9169.26 
test_loss: 5748.91 
train_loss: 1658.49 
test_loss: 7569.27 
train_loss: 6684.27 
test_loss: 6625.71 
train_loss: 3516.07 
test_loss: 11417.3 
train_loss: 8078.12 
test_loss: 4280.88 
train_loss: 10031.3 
test_loss: 5313.57 
train_loss: 4019.69 
test_loss: 4804.73 
train_loss: 15664.6 
test_loss: 7010.76 
train_loss: 22287.4 
test_loss: 6252.17 
train_loss: 4226.13 
test_loss: 6351.18 
train_loss: 3532.5 
test_loss: 5987.36 
train_loss: 4859.62 
test_loss: 4942.85 
train_loss: 4155.17 
test_loss: 7365.85 
train_loss: 3731.84 
test_loss: 8591.24 
train_loss: 6608.98 
test_loss: 6530.3 
train_loss: 14375 
test_loss: 5933.86 
train_loss: 5217.9 
test_loss: 4868.37 
train_loss: 16619.9 
test_loss: 6600.05 
train_loss: 6880.27 
test_loss: 7423.44 
train_loss: 4236.88 
test_loss: 6372.67 
train_loss: 2615.12 
test_loss: 9590.17 
train_loss: 2776.98 
test_loss: 6344.91 
train_loss: 4285.66 
test_loss: 5935.23 
train_loss: 13190.7 
test_loss: 7828.04 
train_loss: 3486.05 
test_loss: 7602.98 
train_loss: 3608.73 
test_loss: 12991.2 
train_loss: 7678.04 
test_loss: 7066.34 
train_loss: 5264.22 
test_loss: 5560.77 
train_loss: 10173.1 
test_loss: 8817.36 
train_loss: 6359.85 
test_loss: 4744.49 
train_loss: 5607.62 
test_loss: 5892.15 
train_loss: 3486.9 
test_loss: 5511.97 
train_loss: 8265.92 
test_loss: 6047.62 
train_loss: 4493.96 
test_loss: 17384.3 
train_loss: 7024.28 
test_loss: 8120.19 
train_loss: 9450.32 
test_loss: 24691.5 
train_loss: 10151.7 
test_loss: 5658.27 
train_loss: 2872.87 
test_loss: 7243.03 
train_loss: 3721.37 
test_loss: 6574.26 
train_loss: 3618.85 
test_loss: 17289.6 
train_loss: 5219.31 
test_loss: 35116.3 
train_loss: 2441.96 
test_loss: 7565.71 
train_loss: 3480.18 
test_loss: 6958.14 
train_loss: 1993.13 
test_loss: 4741.14 
train_loss: 9255.26 
test_loss: 10231.7 
train_loss: 4859.6 
test_loss: 6674.22 
train_loss: 4212.26 
test_loss: 7738.48 
train_loss: 2707.57 
test_loss: 8201.13 
train_loss: 3969.24 
test_loss: 5382.54 
train_loss: 6382.23 
test_loss: 5471.82 
train_loss: 6718.75 
test_loss: 8335.74 
train_loss: 13882.5 
test_loss: 13705.1 
train_loss: 4528.24 
test_loss: 9747.5 
train_loss: 5733.57 
test_loss: 11741.1 
train_loss: 6833.96 
test_loss: 470988 
train_loss: 4428.42 
test_loss: 9141.81 
train_loss: 2499.81 
test_loss: 7781.87 
train_loss: 3997.98 
test_loss: 7020.48 
train_loss: 2059.31 
test_loss: 8692.55 
train_loss: 11342.3 
test_loss: 4842.39 
train_loss: 2744.33 
test_loss: 6613.21 
train_loss: 7134.1 
test_loss: 5513.79 
train_loss: 3039.52 
test_loss: 7850.38 
train_loss: 18828.3 
test_loss: 20298.1 
train_loss: 5278.37 
test_loss: 8462.67 
train_loss: 10867.7 
test_loss: 13021.8 
train_loss: 7576.53 
test_loss: 6096.82 
train_loss: 5501.08 
test_loss: 6373.61 
train_loss: 5626.7 
test_loss: 5158.16 
train_loss: 8988.87 
test_loss: 7695.71 
train_loss: 9728.92 
test_loss: 6420.86 
train_loss: 5514.63 
test_loss: 6788.37 
train_loss: 7785.63 
test_loss: 8391.54 
train_loss: 21375.3 
test_loss: 5341.39 
train_loss: 4351.05 
test_loss: 4964.45 
train_loss: 5114.8 
test_loss: 7079.27 
train_loss: 3737.63 
test_loss: 6312.25 
train_loss: 2240.92 
test_loss: 6432.69 
train_loss: 5383.76 
test_loss: 8091.99 
train_loss: 4350.15 
test_loss: 9684.35 
train_loss: 8563.23 
test_loss: 6507.63 
train_loss: 2534.92 
test_loss: 5678.04 
train_loss: 5245.57 
test_loss: 5595.39 
train_loss: 5573.74 
test_loss: 11664.7 
train_loss: 4399.73 
test_loss: 5765.1 
train_loss: 6627.89 
test_loss: 6855.83 
train_loss: 8382.03 
test_loss: 6476.49 
train_loss: 6330.57 
test_loss: 7798.59 
train_loss: 9209.61 
test_loss: 6037.25 
train_loss: 8463.82 
test_loss: 6958.33 
train_loss: 4101.95 
test_loss: 8419.08 
train_loss: 4148.63 
test_loss: 4661.49 
train_loss: 9127.52 
test_loss: 6363.5 
train_loss: 34763.9 
test_loss: 6371.36 
train_loss: 16802.3 
test_loss: 6214.12 
train_loss: 4222.32 
test_loss: 6437.87 
train_loss: 4408.63 
test_loss: 4893.86 
train_loss: 5535.8 
test_loss: 4730.16 
train_loss: 5302.7 
test_loss: 5902.96 
train_loss: 5488.95 
test_loss: 6701.39 
train_loss: 6536.25 
test_loss: 5503.76 
train_loss: 8245.96 
test_loss: 3952.3 
train_loss: 3573 
test_loss: 4011.85 
train_loss: 6822 
test_loss: 5766.91 
train_loss: 3373.13 
test_loss: 5512.88 
train_loss: 2874.19 
test_loss: 6734.06 
train_loss: 3429.99 
test_loss: 6731.36 
train_loss: 7413.99 
test_loss: 6140.8 
train_loss: 8296.18 
test_loss: 8402.88 
train_loss: 3255.77 
test_loss: 5368.66 
train_loss: 7615.53 
test_loss: 7594.75 
train_loss: 3694.65 
test_loss: 18225.1 
train_loss: 3196.35 
test_loss: 8356.5 
train_loss: 6513.71 
test_loss: 6628.26 
train_loss: 1803.56 
test_loss: 5531.6 
train_loss: 3670.45 
test_loss: 6141.84 
train_loss: 4882.53 
test_loss: 8722.26 
train_loss: 10468.2 
test_loss: 10599.1 
train_loss: 2391.58 
test_loss: 4689.57 
train_loss: 18218.8 
test_loss: 14924 
train_loss: 3807.62 
test_loss: 7712.1 
train_loss: 3858.66 
test_loss: 8006.97 
train_loss: 4207.53 
test_loss: 5662.63 
train_loss: 10008.2 
test_loss: 6938.25 
train_loss: 6747.76 
test_loss: 5990.66 
train_loss: 3356 
test_loss: 11053.5 
train_loss: 5827.13 
test_loss: 7622.33 
train_loss: 8228.79 
test_loss: 5600.35 
train_loss: 8833.01 
test_loss: 4642.23 
train_loss: 22271 
test_loss: 7028.81 
train_loss: 6420.56 
test_loss: 5205.09 
train_loss: 5283.15 
test_loss: 7306.07 
train_loss: 8457.92 
test_loss: 6482.11 
train_loss: 5879.06 
test_loss: 7640.58 
train_loss: 4795.6 
test_loss: 14523.3 
train_loss: 3972.92 
test_loss: 5769.97 
train_loss: 16221.8 
test_loss: 6806.52 
train_loss: 2354.82 
test_loss: 5472.23 
train_loss: 4630.7 
test_loss: 4489.86 
train_loss: 3900.82 
test_loss: 6272.27 
train_loss: 6135.81 
test_loss: 10920 
train_loss: 4186.43 
test_loss: 7605.44 
train_loss: 2351.48 
test_loss: 4371.22 
train_loss: 5006.19 
test_loss: 5712.88 
train_loss: 7357.66 
test_loss: 6928.95 
train_loss: 10637.2 
test_loss: 7837.16 
train_loss: 10850.6 
test_loss: 6809.31 
train_loss: 5266.39 
test_loss: 14902.6 
train_loss: 3426.84 
test_loss: 45835.8 
train_loss: 7314.96 
test_loss: 13028.3 
train_loss: 4134.54 
test_loss: 11167.1 
train_loss: 9217.77 
test_loss: 5715.54 
train_loss: 8622.18 
test_loss: 7386.21 
train_loss: 9863.7 
test_loss: 8366.81 
train_loss: 9760.61 
test_loss: 5719.57 
train_loss: 5889.22 
test_loss: 8511.7 
train_loss: 4793.31 
test_loss: 7067.52 
train_loss: 3913.13 
test_loss: 5160.5 
train_loss: 6137.44 
test_loss: 6641.94 
train_loss: 6990.83 
test_loss: 6501.96 
train_loss: 2048.69 
test_loss: 4866.37 
train_loss: 25931.7 
test_loss: 35235.8 
train_loss: 2654.96 
test_loss: 6798.05 
train_loss: 4452.66 
test_loss: 6608.34 
train_loss: 3617.68 
test_loss: 5764.32 
train_loss: 4961.88 
test_loss: 5248.98 
train_loss: 9864.94 
test_loss: 5537.7 
train_loss: 18352.7 
test_loss: 6337.88 
train_loss: 15517.1 
test_loss: 7030.75 
train_loss: 3034.04 
test_loss: 13873.4 
train_loss: 2171.78 
test_loss: 18029.5 
train_loss: 3689.42 
test_loss: 10765.3 
train_loss: 2814.32 
test_loss: 6049.19 
train_loss: 4422.38 
test_loss: 10868.6 
train_loss: 6545.3 
test_loss: 4595.69 
train_loss: 18917.2 
test_loss: 5164.24 
train_loss: 3865.27 
test_loss: 5358.47 
train_loss: 9926.99 
test_loss: 8677.85 
train_loss: 3473.5 
test_loss: 12670.1 
train_loss: 10843.9 
test_loss: 6477.76 
train_loss: 16926.6 
test_loss: 5183.46 
train_loss: 7487.89 
test_loss: 5444.26 
train_loss: 2779.09 
test_loss: 9206.62 
train_loss: 6752.05 
test_loss: 5618.6 
train_loss: 5090.26 
test_loss: 4812.01 
train_loss: 3968.84 
test_loss: 11205.1 
train_loss: 13224.9 
test_loss: 6857.92 
train_loss: 4646.8 
test_loss: 4627.4 
train_loss: 9878.97 
test_loss: 6873.45 
train_loss: 9452.46 
test_loss: 7172.87 
train_loss: 11057.9 
test_loss: 5619.03 
train_loss: 4173.04 
test_loss: 7606.76 
train_loss: 1746.62 
test_loss: 4889.92 
train_loss: 18223.3 
test_loss: 4922.63 
train_loss: 6913.41 
test_loss: 9056.44 
train_loss: 3414.1 
test_loss: 8779.79 
train_loss: 6911.88 
test_loss: 4972.88 
