train_loss: 863.81 
test_loss: 2596.64 
train_loss: 3851.98 
test_loss: 345.332 
train_loss: 137.601 
test_loss: 338.424 
train_loss: 115.994 
test_loss: 310.653 
train_loss: 321.226 
test_loss: 329.307 
train_loss: 88.0092 
test_loss: 323.133 
train_loss: 94.45 
test_loss: 310.779 
train_loss: 108.685 
test_loss: 308.645 
train_loss: 177.593 
test_loss: 325.121 
train_loss: 379.669 
test_loss: 326.332 
train_loss: 194.94 
test_loss: 292.911 
train_loss: 861.593 
test_loss: 300.117 
train_loss: 93.0362 
test_loss: 316.965 
train_loss: 211.136 
test_loss: 320.735 
train_loss: 77.8116 
test_loss: 311.909 
train_loss: 122.444 
test_loss: 293.131 
train_loss: 347.192 
test_loss: 305.523 
train_loss: 98.5442 
test_loss: 290.464 
train_loss: 103.301 
test_loss: 274.879 
train_loss: 88.8397 
test_loss: 250.074 
train_loss: 346.46 
test_loss: 261.14 
train_loss: 57.2465 
test_loss: 268.58 
train_loss: 174.885 
test_loss: 253.914 
train_loss: 417.907 
test_loss: 250.686 
train_loss: 237.51 
test_loss: 252.17 
train_loss: 510.834 
test_loss: 245.252 
train_loss: 167.92 
test_loss: 245.552 
train_loss: 1944.81 
test_loss: 221.686 
train_loss: 128.42 
test_loss: 221.469 
train_loss: 142.719 
test_loss: 220.17 
train_loss: 331.186 
test_loss: 215.658 
train_loss: 96.6393 
test_loss: 194.518 
train_loss: 327.959 
test_loss: 210.068 
train_loss: 265.194 
test_loss: 186.413 
train_loss: 311.448 
test_loss: 194.192 
train_loss: 116.757 
test_loss: 197.227 
train_loss: 59.8171 
test_loss: 190.226 
train_loss: 119.933 
test_loss: 177.814 
train_loss: 139.909 
test_loss: 165.278 
train_loss: 134.524 
test_loss: 167.721 
train_loss: 76.9536 
test_loss: 169.295 
train_loss: 226.594 
test_loss: 174.139 
train_loss: 142.958 
test_loss: 159.981 
train_loss: 127.067 
test_loss: 162.435 
train_loss: 243.782 
test_loss: 156.291 
train_loss: 252.927 
test_loss: 160.05 
train_loss: 703.948 
test_loss: 148.065 
train_loss: 195.67 
test_loss: 145.262 
train_loss: 87.3858 
test_loss: 139.358 
train_loss: 81.4668 
test_loss: 140.963 
train_loss: 130.907 
test_loss: 135.841 
train_loss: 74.3 
test_loss: 133.27 
train_loss: 545.255 
test_loss: 130.931 
train_loss: 527.999 
test_loss: 125.945 
train_loss: 125.315 
test_loss: 123.716 
train_loss: 143.743 
test_loss: 113.863 
train_loss: 180.534 
test_loss: 127.447 
train_loss: 487.068 
test_loss: 117.624 
train_loss: 77.2584 
test_loss: 118.892 
train_loss: 65.4315 
test_loss: 120.525 
train_loss: 49.0578 
test_loss: 116.036 
train_loss: 41.9357 
test_loss: 112.839 
train_loss: 140.707 
test_loss: 111.153 
train_loss: 111.642 
test_loss: 109.89 
train_loss: 59.9404 
test_loss: 110.797 
train_loss: 78.3882 
test_loss: 104.304 
train_loss: 125.571 
test_loss: 101.939 
train_loss: 69.3862 
test_loss: 104.42 
train_loss: 143.359 
test_loss: 101.157 
train_loss: 117.361 
test_loss: 103.166 
train_loss: 94.8459 
test_loss: 99.8661 
train_loss: 66.0245 
test_loss: 98.5334 
train_loss: 73.3312 
test_loss: 99.8228 
train_loss: 74.6472 
test_loss: 90.8626 
train_loss: 57.0721 
test_loss: 90.0517 
train_loss: 59.0536 
test_loss: 90.9677 
train_loss: 263.536 
test_loss: 92.5728 
train_loss: 75.4933 
test_loss: 88.6877 
train_loss: 135.106 
test_loss: 87.8761 
train_loss: 80.6445 
test_loss: 81.5672 
train_loss: 128.34 
test_loss: 88.3691 
train_loss: 53.5698 
test_loss: 84.8809 
train_loss: 117.275 
test_loss: 81.8209 
train_loss: 73.7547 
test_loss: 84.0599 
train_loss: 63.0871 
test_loss: 77.5599 
train_loss: 64.8791 
test_loss: 81.7482 
train_loss: 62.1468 
test_loss: 76.9467 
train_loss: 123.129 
test_loss: 77.9369 
train_loss: 116.147 
test_loss: 77.8182 
train_loss: 80.1297 
test_loss: 76.3002 
train_loss: 61.884 
test_loss: 76.3549 
train_loss: 50.0524 
test_loss: 74.1642 
train_loss: 84.3321 
test_loss: 74.3387 
train_loss: 72.5671 
test_loss: 72.6686 
train_loss: 54.2497 
test_loss: 70.209 
train_loss: 98.9178 
test_loss: 71.1971 
train_loss: 50.05 
test_loss: 70.6758 
train_loss: 153.213 
test_loss: 69.1498 
train_loss: 46.9861 
test_loss: 68.8771 
train_loss: 56.22 
test_loss: 67.4433 
train_loss: 66.1595 
test_loss: 67.2583 
train_loss: 63.0066 
test_loss: 64.9643 
train_loss: 38.9973 
test_loss: 64.344 
train_loss: 70.879 
test_loss: 65.4963 
train_loss: 44.7753 
test_loss: 64.4426 
train_loss: 61.0052 
test_loss: 63.126 
train_loss: 71.0824 
test_loss: 61.5969 
train_loss: 74.2564 
test_loss: 62.6994 
train_loss: 68.8341 
test_loss: 62.0238 
train_loss: 78.2233 
test_loss: 61.7059 
train_loss: 79.54 
test_loss: 60.6758 
train_loss: 109.27 
test_loss: 58.5322 
train_loss: 48.9057 
test_loss: 59.1769 
train_loss: 41.1134 
test_loss: 58.8421 
train_loss: 62.3508 
test_loss: 57.4762 
train_loss: 60.9442 
test_loss: 57.1825 
train_loss: 46.984 
test_loss: 55.8869 
train_loss: 77.1174 
test_loss: 55.8025 
train_loss: 81.4658 
test_loss: 56.0136 
train_loss: 41.3069 
test_loss: 55.1604 
train_loss: 38.1659 
test_loss: 54.1374 
train_loss: 81.7497 
test_loss: 54.2759 
train_loss: 46.6906 
test_loss: 52.189 
train_loss: 50.9957 
test_loss: 52.5098 
train_loss: 46.6714 
test_loss: 52.4216 
train_loss: 54.1094 
test_loss: 51.6143 
train_loss: 75.1961 
test_loss: 51.7997 
train_loss: 50.2075 
test_loss: 50.9336 
train_loss: 51.2868 
test_loss: 49.1245 
train_loss: 50.5705 
test_loss: 50.2561 
train_loss: 37.4963 
test_loss: 48.9797 
train_loss: 69.1797 
test_loss: 49.0969 
train_loss: 57.8565 
test_loss: 48.7811 
train_loss: 44.2386 
test_loss: 47.3583 
train_loss: 37.3452 
test_loss: 47.7351 
train_loss: 59.8156 
test_loss: 46.9373 
train_loss: 37.5965 
test_loss: 47.2186 
train_loss: 54.2895 
test_loss: 46.9279 
train_loss: 41.3991 
test_loss: 45.0169 
train_loss: 59.2733 
test_loss: 45.7691 
train_loss: 39.0315 
test_loss: 44.5141 
train_loss: 44.168 
test_loss: 44.516 
train_loss: 45.2838 
test_loss: 44.4966 
train_loss: 35.4302 
test_loss: 43.2903 
train_loss: 40.2922 
test_loss: 42.5938 
train_loss: 39.8992 
test_loss: 43.4214 
train_loss: 42.9157 
test_loss: 42.4972 
train_loss: 39.8541 
test_loss: 41.9662 
train_loss: 31.567 
test_loss: 41.5951 
train_loss: 31.306 
test_loss: 40.0546 
train_loss: 53.7096 
test_loss: 41.2896 
train_loss: 33.2375 
test_loss: 40.0448 
train_loss: 30.9257 
test_loss: 40.5082 
train_loss: 37.5828 
test_loss: 39.9602 
train_loss: 35.9214 
test_loss: 39.4835 
train_loss: 41.7217 
test_loss: 38.7604 
train_loss: 49.6636 
test_loss: 38.769 
train_loss: 40.349 
test_loss: 38.3897 
train_loss: 35.1735 
test_loss: 37.4722 
train_loss: 33.7742 
test_loss: 37.8107 
train_loss: 39.9949 
test_loss: 36.8089 
train_loss: 27.3131 
test_loss: 36.1849 
train_loss: 34.5417 
test_loss: 36.971 
train_loss: 40.0778 
test_loss: 35.814 
train_loss: 45.1366 
test_loss: 36.1508 
train_loss: 27.9077 
test_loss: 35.307 
train_loss: 28.5451 
test_loss: 34.5377 
train_loss: 29.0122 
test_loss: 34.6028 
train_loss: 26.9204 
test_loss: 34.5932 
train_loss: 32.0481 
test_loss: 34.518 
train_loss: 43.324 
test_loss: 34.5251 
train_loss: 27.5638 
test_loss: 33.7282 
train_loss: 30.9849 
test_loss: 32.8405 
train_loss: 42.048 
test_loss: 33.0724 
train_loss: 27.0396 
test_loss: 32.8871 
train_loss: 40.5518 
test_loss: 32.6977 
train_loss: 38.7896 
test_loss: 32.3162 
train_loss: 27.6013 
test_loss: 31.467 
train_loss: 30.5117 
test_loss: 31.4679 
train_loss: 26.792 
test_loss: 31.419 
train_loss: 26.3385 
test_loss: 31.146 
train_loss: 25.7287 
test_loss: 30.9076 
train_loss: 28.8856 
test_loss: 29.7384 
train_loss: 25.0717 
test_loss: 30.3495 
train_loss: 23.6721 
test_loss: 29.9607 
train_loss: 28.9346 
test_loss: 30.1787 
train_loss: 30.196 
test_loss: 29.6043 
train_loss: 22.7439 
test_loss: 29.0425 
train_loss: 31.9735 
test_loss: 28.5811 
train_loss: 26.6814 
test_loss: 28.2412 
train_loss: 25.7216 
test_loss: 27.9969 
train_loss: 23.5876 
test_loss: 27.5104 
train_loss: 29.7125 
test_loss: 27.5535 
train_loss: 25.1339 
test_loss: 27.9037 
train_loss: 28.5682 
test_loss: 27.4024 
train_loss: 25.942 
test_loss: 27.3124 
train_loss: 28.4809 
test_loss: 26.3617 
train_loss: 24.3216 
test_loss: 26.561 
train_loss: 28.0861 
test_loss: 26.4372 
train_loss: 25.8713 
test_loss: 26.1552 
train_loss: 20.2563 
test_loss: 25.7667 
train_loss: 20.3506 
test_loss: 25.2814 
train_loss: 25.0427 
test_loss: 25.0504 
train_loss: 20.5539 
test_loss: 25.0173 
train_loss: 26.3899 
test_loss: 24.5544 
train_loss: 17.6517 
test_loss: 24.4672 
train_loss: 19.1392 
test_loss: 23.9727 
train_loss: 19.2068 
test_loss: 24.1197 
train_loss: 22.7846 
test_loss: 23.7097 
train_loss: 25.4431 
test_loss: 23.7542 
train_loss: 21.5613 
test_loss: 23.1348 
train_loss: 20.0977 
test_loss: 22.6824 
train_loss: 22.4198 
test_loss: 22.6845 
train_loss: 17.8185 
test_loss: 22.7754 
train_loss: 19.2814 
test_loss: 22.0565 
train_loss: 17.6214 
test_loss: 22.0036 
train_loss: 16.2225 
test_loss: 21.7011 
train_loss: 21.4878 
test_loss: 21.4515 
train_loss: 24.9986 
test_loss: 21.1781 
train_loss: 22.5395 
test_loss: 21.1563 
train_loss: 20.0367 
test_loss: 20.8984 
train_loss: 16.1909 
test_loss: 20.6787 
train_loss: 22.2941 
test_loss: 20.4319 
train_loss: 18.7052 
test_loss: 20.1931 
train_loss: 14.6651 
test_loss: 19.9932 
train_loss: 18.1016 
test_loss: 19.7403 
train_loss: 20.6528 
test_loss: 19.4801 
train_loss: 16.0805 
test_loss: 18.9884 
train_loss: 15.0775 
test_loss: 18.9194 
train_loss: 17.4746 
test_loss: 18.8965 
train_loss: 18.2689 
test_loss: 18.2383 
train_loss: 18.5508 
test_loss: 18.2935 
train_loss: 17.3489 
test_loss: 17.9008 
train_loss: 15.0105 
test_loss: 17.7673 
train_loss: 14.0545 
test_loss: 17.4123 
train_loss: 18.723 
test_loss: 17.3631 
train_loss: 17.9207 
test_loss: 16.9943 
train_loss: 16.6738 
test_loss: 16.8228 
train_loss: 14.0041 
test_loss: 16.5951 
train_loss: 18.5413 
test_loss: 16.4269 
train_loss: 14.0712 
test_loss: 16.1552 
train_loss: 15.5654 
test_loss: 16.0289 
train_loss: 17.0815 
test_loss: 16.0281 
train_loss: 12.9308 
test_loss: 15.6578 
train_loss: 14.3839 
test_loss: 15.4688 
train_loss: 16.3186 
test_loss: 15.2558 
train_loss: 13.4391 
test_loss: 14.8612 
train_loss: 15.2305 
test_loss: 14.6684 
train_loss: 13.1398 
test_loss: 14.4513 
train_loss: 15.3345 
test_loss: 14.2737 
train_loss: 13.3112 
test_loss: 14.2432 
train_loss: 12.6313 
test_loss: 13.9539 
train_loss: 12.9761 
test_loss: 13.7073 
train_loss: 14.1477 
test_loss: 13.5606 
train_loss: 13.7669 
test_loss: 13.301 
train_loss: 11.618 
test_loss: 12.9897 
train_loss: 13.0693 
test_loss: 13.17 
train_loss: 12.5106 
test_loss: 12.9209 
train_loss: 12.2797 
test_loss: 12.7705 
train_loss: 10.3111 
test_loss: 12.4098 
train_loss: 12.2984 
test_loss: 12.3457 
train_loss: 16.0082 
test_loss: 12.2444 
train_loss: 13.4094 
test_loss: 12.1256 
train_loss: 11.007 
test_loss: 11.9137 
train_loss: 13.3055 
test_loss: 11.7564 
train_loss: 12.9142 
test_loss: 11.7399 
train_loss: 10.1871 
test_loss: 11.5961 
train_loss: 11.8522 
test_loss: 11.4298 
train_loss: 11.9747 
test_loss: 11.3579 
train_loss: 10.3644 
test_loss: 11.1462 
train_loss: 10.4869 
test_loss: 11.0914 
train_loss: 9.95761 
test_loss: 10.9558 
train_loss: 10.7234 
test_loss: 10.8735 
train_loss: 9.81081 
test_loss: 10.7092 
train_loss: 9.81814 
test_loss: 10.6753 
train_loss: 10.287 
test_loss: 10.4284 
train_loss: 9.46003 
test_loss: 10.3983 
train_loss: 10.4681 
test_loss: 10.2719 
train_loss: 8.68836 
test_loss: 10.146 
train_loss: 10.5355 
test_loss: 10.0582 
train_loss: 9.80267 
test_loss: 9.98325 
train_loss: 9.39341 
test_loss: 9.89213 
train_loss: 9.61399 
test_loss: 9.72914 
train_loss: 8.65656 
test_loss: 9.73732 
train_loss: 8.13801 
test_loss: 9.58128 
train_loss: 8.76362 
test_loss: 9.5453 
train_loss: 9.62266 
test_loss: 9.35872 
train_loss: 9.76493 
test_loss: 9.36822 
train_loss: 8.55651 
test_loss: 9.20124 
train_loss: 8.7762 
test_loss: 9.18847 
train_loss: 9.0825 
test_loss: 9.07162 
train_loss: 8.63816 
test_loss: 9.01451 
train_loss: 8.22946 
test_loss: 8.86249 
train_loss: 8.3708 
test_loss: 8.82737 
train_loss: 8.93864 
test_loss: 8.62252 
train_loss: 9.58833 
test_loss: 8.65936 
train_loss: 8.09111 
test_loss: 8.51721 
train_loss: 7.81777 
test_loss: 8.52312 
train_loss: 7.78252 
test_loss: 8.41697 
train_loss: 8.25694 
test_loss: 8.31954 
train_loss: 8.79 
test_loss: 8.25562 
train_loss: 7.97924 
test_loss: 8.15009 
train_loss: 9.17505 
test_loss: 8.11776 
train_loss: 7.63858 
test_loss: 7.99302 
train_loss: 7.6527 
test_loss: 7.99015 
train_loss: 8.44676 
test_loss: 7.87352 
train_loss: 7.3963 
test_loss: 7.75135 
train_loss: 7.44401 
test_loss: 7.67145 
train_loss: 7.34271 
test_loss: 7.62739 
train_loss: 7.38322 
test_loss: 7.57787 
train_loss: 6.74738 
test_loss: 7.40884 
train_loss: 7.43323 
test_loss: 7.36845 
train_loss: 6.82538 
test_loss: 7.35958 
train_loss: 7.14499 
test_loss: 7.30453 
train_loss: 6.95391 
test_loss: 7.20136 
train_loss: 6.66348 
test_loss: 7.17543 
train_loss: 6.8916 
test_loss: 7.05982 
train_loss: 7.06324 
test_loss: 6.94876 
train_loss: 7.24195 
test_loss: 6.95706 
train_loss: 6.72718 
test_loss: 6.83582 
train_loss: 6.18849 
test_loss: 6.80328 
train_loss: 6.51413 
test_loss: 6.78905 
train_loss: 5.92661 
test_loss: 6.67574 
train_loss: 6.37914 
test_loss: 6.63178 
train_loss: 6.15425 
test_loss: 6.53397 
train_loss: 6.17949 
test_loss: 6.51524 
train_loss: 6.18439 
test_loss: 6.43845 
train_loss: 6.74817 
test_loss: 6.37835 
train_loss: 5.62152 
test_loss: 6.295 
train_loss: 6.16403 
test_loss: 6.23059 
train_loss: 6.26753 
test_loss: 6.17726 
train_loss: 5.95827 
test_loss: 6.13181 
train_loss: 6.04851 
test_loss: 6.04271 
train_loss: 5.87641 
test_loss: 6.00863 
train_loss: 6.33396 
test_loss: 5.9966 
train_loss: 5.58939 
test_loss: 5.84218 
train_loss: 6.22323 
test_loss: 5.85355 
train_loss: 5.67371 
test_loss: 5.74433 
train_loss: 5.5256 
test_loss: 5.72772 
train_loss: 5.38055 
test_loss: 5.65241 
train_loss: 5.64468 
test_loss: 5.60463 
train_loss: 5.32824 
test_loss: 5.54724 
train_loss: 5.19575 
test_loss: 5.50648 
train_loss: 5.41525 
test_loss: 5.45153 
train_loss: 5.36524 
test_loss: 5.36839 
train_loss: 5.45207 
test_loss: 5.32732 
train_loss: 5.17399 
test_loss: 5.30169 
train_loss: 4.83285 
test_loss: 5.2373 
train_loss: 5.13463 
test_loss: 5.15374 
train_loss: 4.93886 
test_loss: 5.13523 
train_loss: 4.8326 
test_loss: 5.09327 
train_loss: 4.84256 
test_loss: 5.05849 
train_loss: 5.475 
test_loss: 4.97454 
train_loss: 4.63171 
test_loss: 4.91603 
train_loss: 4.89774 
test_loss: 4.89228 
train_loss: 4.82385 
test_loss: 4.86032 
train_loss: 4.60361 
test_loss: 4.81539 
train_loss: 4.53373 
test_loss: 4.75844 
train_loss: 4.49151 
test_loss: 4.67723 
train_loss: 4.63949 
test_loss: 4.65586 
train_loss: 4.52245 
test_loss: 4.61844 
train_loss: 4.58541 
test_loss: 4.58922 
train_loss: 4.10555 
test_loss: 4.49536 
train_loss: 4.37828 
test_loss: 4.46497 
train_loss: 4.35225 
test_loss: 4.44799 
train_loss: 4.27085 
test_loss: 4.37077 
train_loss: 4.27919 
test_loss: 4.3493 
train_loss: 4.56402 
test_loss: 4.28894 
train_loss: 4.53729 
test_loss: 4.26913 
train_loss: 4.16557 
test_loss: 4.21108 
train_loss: 4.11637 
test_loss: 4.1643 
train_loss: 4.01009 
test_loss: 4.12252 
train_loss: 4.31814 
test_loss: 4.09467 
train_loss: 3.95171 
test_loss: 4.04757 
train_loss: 3.92293 
test_loss: 3.99564 
train_loss: 3.98513 
test_loss: 3.97767 
train_loss: 3.89842 
test_loss: 3.91699 
train_loss: 4.03583 
test_loss: 3.892 
train_loss: 3.51274 
test_loss: 3.81242 
train_loss: 3.71705 
test_loss: 3.75873 
train_loss: 3.62349 
test_loss: 3.73025 
train_loss: 3.66867 
test_loss: 3.69918 
train_loss: 3.62541 
test_loss: 3.62909 
train_loss: 3.49755 
test_loss: 3.58293 
train_loss: 3.40717 
test_loss: 3.52487 
train_loss: 3.31765 
test_loss: 3.47784 
train_loss: 3.2791 
test_loss: 3.43163 
train_loss: 3.38174 
test_loss: 3.37842 
train_loss: 3.44429 
test_loss: 3.30626 
train_loss: 3.16287 
test_loss: 3.24686 
train_loss: 3.07033 
test_loss: 3.2135 
train_loss: 2.98754 
test_loss: 3.16266 
train_loss: 2.93445 
test_loss: 3.10207 
train_loss: 3.0545 
test_loss: 3.04922 
train_loss: 2.94 
test_loss: 2.99952 
train_loss: 2.85266 
test_loss: 2.94776 
train_loss: 3.09384 
test_loss: 2.8983 
train_loss: 2.7655 
test_loss: 2.83511 
train_loss: 2.71956 
test_loss: 2.79605 
train_loss: 2.56456 
test_loss: 2.73984 
train_loss: 2.7877 
test_loss: 2.70729 
train_loss: 2.61632 
test_loss: 2.66804 
train_loss: 2.4815 
test_loss: 2.62241 
train_loss: 2.54031 
test_loss: 2.55334 
train_loss: 2.40877 
test_loss: 2.51466 
train_loss: 2.3386 
test_loss: 2.47436 
train_loss: 2.33905 
test_loss: 2.4471 
train_loss: 2.3888 
test_loss: 2.3928 
train_loss: 2.21102 
test_loss: 2.35594 
train_loss: 2.24508 
test_loss: 2.30746 
train_loss: 2.19653 
test_loss: 2.27473 
train_loss: 2.14308 
test_loss: 2.24443 
train_loss: 2.14037 
test_loss: 2.2067 
train_loss: 2.14012 
test_loss: 2.17586 
train_loss: 2.03946 
test_loss: 2.14381 
train_loss: 2.02994 
test_loss: 2.10501 
train_loss: 1.95118 
test_loss: 2.0795 
train_loss: 1.99847 
test_loss: 2.05558 
train_loss: 2.00091 
test_loss: 2.03134 
train_loss: 2.00822 
test_loss: 2.00289 
train_loss: 1.9448 
test_loss: 1.98473 
train_loss: 2.01152 
test_loss: 1.947 
train_loss: 1.89099 
test_loss: 1.94459 
train_loss: 2.00577 
test_loss: 1.92755 
train_loss: 2.01134 
test_loss: 1.90095 
train_loss: 1.79877 
test_loss: 1.88252 
train_loss: 1.75625 
test_loss: 1.85894 
train_loss: 1.84038 
test_loss: 1.84915 
train_loss: 1.74804 
test_loss: 1.83214 
train_loss: 1.739 
test_loss: 1.80172 
train_loss: 1.73798 
test_loss: 1.7855 
train_loss: 1.78226 
test_loss: 1.76521 
train_loss: 1.68428 
test_loss: 1.75336 
train_loss: 1.76763 
test_loss: 1.72666 
train_loss: 1.64461 
test_loss: 1.71026 
train_loss: 1.71483 
test_loss: 1.69686 
train_loss: 1.60822 
test_loss: 1.68338 
train_loss: 1.63871 
test_loss: 1.66064 
train_loss: 1.60981 
test_loss: 1.64623 
train_loss: 1.63479 
test_loss: 1.63729 
train_loss: 1.59243 
test_loss: 1.60855 
train_loss: 1.55637 
test_loss: 1.59078 
train_loss: 1.54722 
test_loss: 1.56733 
train_loss: 1.47983 
test_loss: 1.57131 
train_loss: 1.59433 
test_loss: 1.5567 
train_loss: 1.48569 
test_loss: 1.53413 
train_loss: 1.47196 
test_loss: 1.50775 
train_loss: 1.51283 
test_loss: 1.50232 
train_loss: 1.51353 
test_loss: 1.47819 
train_loss: 1.46179 
test_loss: 1.46528 
train_loss: 1.39655 
test_loss: 1.45129 
train_loss: 1.39808 
test_loss: 1.42499 
train_loss: 1.47385 
test_loss: 1.40833 
train_loss: 1.33169 
test_loss: 1.39534 
train_loss: 1.3079 
test_loss: 1.38491 
train_loss: 1.27457 
test_loss: 1.36022 
train_loss: 1.29936 
test_loss: 1.34433 
train_loss: 1.32324 
test_loss: 1.33219 
train_loss: 1.25203 
test_loss: 1.30912 
train_loss: 1.34996 
test_loss: 1.29068 
train_loss: 1.25226 
test_loss: 1.28102 
train_loss: 1.27984 
test_loss: 1.24949 
train_loss: 1.19434 
test_loss: 1.22774 
train_loss: 1.17775 
test_loss: 1.20857 
train_loss: 1.12553 
test_loss: 1.19745 
train_loss: 1.1771 
test_loss: 1.18263 
train_loss: 1.10278 
test_loss: 1.1542 
train_loss: 1.08681 
test_loss: 1.13035 
train_loss: 1.0789 
test_loss: 1.10251 
train_loss: 1.12694 
test_loss: 1.08307 
train_loss: 1.0334 
test_loss: 1.0595 
train_loss: 1.04972 
test_loss: 1.0324 
train_loss: 0.993637 
test_loss: 1.01484 
train_loss: 1.02545 
test_loss: 0.98647 
train_loss: 0.971986 
test_loss: 0.967615 
train_loss: 0.95501 
test_loss: 0.941701 
train_loss: 0.92038 
test_loss: 0.925613 
train_loss: 0.872004 
test_loss: 0.897094 
train_loss: 0.86262 
test_loss: 0.862515 
train_loss: 0.874554 
test_loss: 0.850338 
train_loss: 0.812565 
test_loss: 0.821501 
train_loss: 0.810824 
test_loss: 0.799144 
train_loss: 0.790196 
test_loss: 0.775489 
train_loss: 0.726333 
test_loss: 0.753222 
train_loss: 0.723352 
test_loss: 0.730751 
train_loss: 0.700665 
test_loss: 0.720007 
train_loss: 0.701578 
test_loss: 0.698142 
train_loss: 0.674447 
test_loss: 0.675099 
train_loss: 0.639133 
test_loss: 0.655447 
train_loss: 0.658396 
test_loss: 0.642339 
train_loss: 0.604776 
test_loss: 0.632364 
train_loss: 0.593902 
test_loss: 0.612396 
train_loss: 0.576486 
test_loss: 0.600832 
train_loss: 0.593307 
test_loss: 0.583187 
train_loss: 0.577978 
test_loss: 0.570951 
train_loss: 0.54048 
test_loss: 0.561496 
train_loss: 0.556505 
test_loss: 0.552457 
train_loss: 0.541034 
test_loss: 0.546323 
train_loss: 0.532565 
test_loss: 0.53889 
train_loss: 0.53103 
test_loss: 0.525474 
train_loss: 0.510453 
test_loss: 0.513171 
train_loss: 0.490734 
test_loss: 0.507549 
train_loss: 0.492442 
test_loss: 0.501691 
train_loss: 0.53661 
test_loss: 0.488675 
train_loss: 0.469658 
test_loss: 0.484406 
train_loss: 0.470968 
test_loss: 0.474576 
train_loss: 0.472822 
test_loss: 0.468396 
train_loss: 0.473355 
test_loss: 0.463996 
train_loss: 0.454552 
test_loss: 0.463268 
train_loss: 0.443751 
test_loss: 0.450556 
train_loss: 0.422688 
test_loss: 0.448124 
train_loss: 0.42606 
test_loss: 0.443106 
train_loss: 0.45336 
test_loss: 0.4378 
train_loss: 0.444964 
test_loss: 0.440394 
train_loss: 0.433563 
test_loss: 0.434563 
train_loss: 0.45738 
test_loss: 0.430134 
train_loss: 0.39767 
test_loss: 0.423794 
train_loss: 0.408223 
test_loss: 0.413645 
train_loss: 0.398787 
test_loss: 0.41011 
train_loss: 0.408739 
test_loss: 0.408922 
train_loss: 0.416029 
test_loss: 0.406216 
train_loss: 0.387611 
test_loss: 0.407053 
train_loss: 0.401009 
test_loss: 0.406488 
train_loss: 0.3954 
test_loss: 0.398869 
train_loss: 0.396749 
test_loss: 0.39676 
train_loss: 0.410988 
test_loss: 0.398043 
train_loss: 0.383005 
test_loss: 0.393686 
train_loss: 0.372475 
test_loss: 0.392397 
train_loss: 0.366745 
test_loss: 0.383704 
train_loss: 0.375036 
test_loss: 0.383802 
train_loss: 0.37176 
test_loss: 0.387064 
train_loss: 0.354985 
test_loss: 0.384151 
train_loss: 0.369027 
test_loss: 0.378649 
train_loss: 0.372242 
test_loss: 0.377942 
train_loss: 0.376634 
test_loss: 0.369646 
train_loss: 0.361795 
test_loss: 0.375039 
train_loss: 0.353557 
test_loss: 0.374212 
train_loss: 0.379087 
test_loss: 0.379817 
train_loss: 0.366773 
test_loss: 0.36878 
train_loss: 0.354459 
test_loss: 0.364193 
train_loss: 0.382844 
test_loss: 0.362575 
train_loss: 0.347854 
test_loss: 0.364812 
train_loss: 0.358898 
test_loss: 0.357547 
train_loss: 0.349166 
test_loss: 0.362414 
train_loss: 0.358854 
test_loss: 0.360393 
train_loss: 0.348562 
test_loss: 0.352228 
train_loss: 0.357347 
test_loss: 0.351837 
train_loss: 0.343668 
test_loss: 0.353113 
train_loss: 0.341638 
test_loss: 0.349896 
train_loss: 0.357685 
test_loss: 0.35457 
train_loss: 0.35947 
test_loss: 0.354412 
train_loss: 0.334844 
test_loss: 0.35074 
train_loss: 0.334633 
test_loss: 0.348241 
train_loss: 0.347825 
test_loss: 0.351247 
train_loss: 0.368562 
test_loss: 0.347703 
train_loss: 0.352111 
test_loss: 0.347756 
train_loss: 0.342458 
test_loss: 0.348704 
train_loss: 0.314964 
test_loss: 0.351236 
train_loss: 0.342656 
test_loss: 0.344961 
train_loss: 0.33848 
test_loss: 0.344306 
train_loss: 0.354409 
test_loss: 0.342271 
train_loss: 0.341471 
test_loss: 0.341345 
train_loss: 0.328937 
test_loss: 0.340563 
train_loss: 0.339308 
test_loss: 0.336514 
train_loss: 0.325425 
test_loss: 0.346886 
