train_loss: 0.942741 
test_loss: 0.940492 
train_loss: 0.92352 
test_loss: 0.912716 
train_loss: 0.892799 
test_loss: 0.891333 
train_loss: 0.873747 
test_loss: 0.868784 
train_loss: 0.836233 
test_loss: 0.845964 
train_loss: 0.824494 
test_loss: 0.82334 
train_loss: 0.800696 
test_loss: 0.801014 
train_loss: 0.778366 
test_loss: 0.779007 
train_loss: 0.763003 
test_loss: 0.757285 
train_loss: 0.731217 
test_loss: 0.735796 
train_loss: 0.712485 
test_loss: 0.714325 
train_loss: 0.696357 
test_loss: 0.692696 
train_loss: 0.667741 
test_loss: 0.670653 
train_loss: 0.642064 
test_loss: 0.647892 
train_loss: 0.623814 
test_loss: 0.625014 
train_loss: 0.597916 
test_loss: 0.602592 
train_loss: 0.588168 
test_loss: 0.581753 
train_loss: 0.569883 
test_loss: 0.562408 
train_loss: 0.54123 
test_loss: 0.544002 
train_loss: 0.529459 
test_loss: 0.525978 
train_loss: 0.510196 
test_loss: 0.507961 
train_loss: 0.490382 
test_loss: 0.489727 
train_loss: 0.477306 
test_loss: 0.470866 
train_loss: 0.458878 
test_loss: 0.4515 
train_loss: 0.432078 
test_loss: 0.432055 
train_loss: 0.417068 
test_loss: 0.413057 
train_loss: 0.397757 
test_loss: 0.395527 
train_loss: 0.377278 
test_loss: 0.379755 
train_loss: 0.364293 
test_loss: 0.365442 
train_loss: 0.356211 
test_loss: 0.352092 
train_loss: 0.341364 
test_loss: 0.339365 
train_loss: 0.327741 
test_loss: 0.327013 
train_loss: 0.315701 
test_loss: 0.315002 
train_loss: 0.303271 
test_loss: 0.303242 
train_loss: 0.291158 
test_loss: 0.291725 
train_loss: 0.282319 
test_loss: 0.280447 
train_loss: 0.267861 
test_loss: 0.269417 
train_loss: 0.25612 
test_loss: 0.258604 
train_loss: 0.24871 
test_loss: 0.247999 
train_loss: 0.238508 
test_loss: 0.237613 
train_loss: 0.223817 
test_loss: 0.227471 
train_loss: 0.217483 
test_loss: 0.217603 
train_loss: 0.209628 
test_loss: 0.208033 
train_loss: 0.195889 
test_loss: 0.198757 
train_loss: 0.191222 
test_loss: 0.189775 
train_loss: 0.180065 
test_loss: 0.181041 
train_loss: 0.171677 
test_loss: 0.172549 
train_loss: 0.163158 
test_loss: 0.164268 
train_loss: 0.154651 
test_loss: 0.156159 
train_loss: 0.147433 
test_loss: 0.148211 
train_loss: 0.1402 
test_loss: 0.140396 
train_loss: 0.133157 
test_loss: 0.132733 
train_loss: 0.124448 
test_loss: 0.12522 
train_loss: 0.116694 
test_loss: 0.117895 
train_loss: 0.110365 
test_loss: 0.110861 
train_loss: 0.103441 
test_loss: 0.104158 
train_loss: 0.0988673 
test_loss: 0.0979021 
train_loss: 0.0922015 
test_loss: 0.0921363 
train_loss: 0.0874073 
test_loss: 0.0869161 
train_loss: 0.0823156 
test_loss: 0.0822306 
train_loss: 0.0797961 
test_loss: 0.0780789 
train_loss: 0.0746398 
test_loss: 0.0744106 
train_loss: 0.0711041 
test_loss: 0.0712154 
train_loss: 0.0686551 
test_loss: 0.068421 
train_loss: 0.0652353 
test_loss: 0.0660206 
train_loss: 0.0636021 
test_loss: 0.0639766 
train_loss: 0.061693 
test_loss: 0.0622564 
train_loss: 0.0611079 
test_loss: 0.0608218 
train_loss: 0.0601374 
test_loss: 0.0596227 
train_loss: 0.0582551 
test_loss: 0.0586232 
train_loss: 0.0580088 
test_loss: 0.0578072 
train_loss: 0.0573826 
test_loss: 0.0571556 
train_loss: 0.0566094 
test_loss: 0.0565929 
train_loss: 0.0564387 
test_loss: 0.0561665 
train_loss: 0.056487 
test_loss: 0.0558134 
train_loss: 0.0559341 
test_loss: 0.0555158 
train_loss: 0.0551239 
test_loss: 0.0552968 
train_loss: 0.0550095 
test_loss: 0.0551103 
train_loss: 0.0551677 
test_loss: 0.0549576 
train_loss: 0.0546967 
test_loss: 0.0548409 
train_loss: 0.0549002 
test_loss: 0.0547579 
train_loss: 0.0548093 
test_loss: 0.0546871 
train_loss: 0.0541952 
test_loss: 0.0546389 
train_loss: 0.0545257 
test_loss: 0.0546005 
train_loss: 0.0549066 
test_loss: 0.0545616 
train_loss: 0.0544964 
test_loss: 0.0545406 
train_loss: 0.0547148 
test_loss: 0.0545211 
train_loss: 0.0538372 
test_loss: 0.0544991 
train_loss: 0.0539737 
test_loss: 0.0544944 
train_loss: 0.0543773 
test_loss: 0.0544905 
train_loss: 0.0546542 
test_loss: 0.0544833 
train_loss: 0.0544238 
test_loss: 0.0544903 
train_loss: 0.0539574 
test_loss: 0.0544803 
train_loss: 0.0537164 
test_loss: 0.0544816 
train_loss: 0.0542165 
test_loss: 0.0544783 
train_loss: 0.0538756 
test_loss: 0.0544721 
train_loss: 0.0552883 
test_loss: 0.0544812 
train_loss: 0.0542797 
test_loss: 0.0544628 
train_loss: 0.0542923 
test_loss: 0.0544709 
train_loss: 0.0542523 
test_loss: 0.0544816 
train_loss: 0.0544119 
test_loss: 0.0544664 
train_loss: 0.054778 
test_loss: 0.0544748 
train_loss: 0.0543983 
test_loss: 0.0544854 
train_loss: 0.0541664 
test_loss: 0.0544921 
train_loss: 0.0545567 
test_loss: 0.0544844 
train_loss: 0.0542041 
test_loss: 0.0544894 
train_loss: 0.0542162 
test_loss: 0.0544885 
train_loss: 0.0544309 
test_loss: 0.0545168 
train_loss: 0.0540326 
test_loss: 0.0544857 
train_loss: 0.0543611 
test_loss: 0.0544846 
train_loss: 0.0544621 
test_loss: 0.054482 
train_loss: 0.0534889 
test_loss: 0.0545086 
train_loss: 0.0540965 
test_loss: 0.0545026 
train_loss: 0.0545428 
test_loss: 0.0544959 
train_loss: 0.0547654 
test_loss: 0.0545114 
train_loss: 0.054856 
test_loss: 0.0544951 
train_loss: 0.0545742 
test_loss: 0.0544997 
train_loss: 0.0544564 
test_loss: 0.0545054 
train_loss: 0.0541168 
test_loss: 0.0545004 
train_loss: 0.0533624 
test_loss: 0.0544997 
train_loss: 0.0540746 
test_loss: 0.0544981 
train_loss: 0.0542106 
test_loss: 0.0544937 
train_loss: 0.0543667 
test_loss: 0.0545017 
train_loss: 0.054629 
test_loss: 0.0545217 
train_loss: 0.0540188 
test_loss: 0.0544998 
train_loss: 0.0533398 
test_loss: 0.0544936 
train_loss: 0.0545579 
test_loss: 0.0544872 
train_loss: 0.0544956 
test_loss: 0.0544954 
train_loss: 0.0543119 
test_loss: 0.0544801 
train_loss: 0.0544629 
test_loss: 0.054492 
train_loss: 0.0541428 
test_loss: 0.0545125 
train_loss: 0.0543853 
test_loss: 0.0545051 
train_loss: 0.0542126 
test_loss: 0.0545181 
train_loss: 0.0549247 
test_loss: 0.0545126 
train_loss: 0.0542548 
test_loss: 0.0545025 
train_loss: 0.0545222 
test_loss: 0.0544944 
train_loss: 0.0552408 
test_loss: 0.0545359 
train_loss: 0.0549345 
test_loss: 0.0544951 
train_loss: 0.054016 
test_loss: 0.0545071 
train_loss: 0.0539872 
test_loss: 0.0545286 
train_loss: 0.0539913 
test_loss: 0.0544909 
train_loss: 0.053417 
test_loss: 0.0545506 
train_loss: 0.0545474 
test_loss: 0.0545385 
train_loss: 0.0537826 
test_loss: 0.0545331 
train_loss: 0.0549832 
test_loss: 0.0545587 
train_loss: 0.0541663 
test_loss: 0.054528 
train_loss: 0.0541513 
test_loss: 0.054518 
train_loss: 0.0541022 
test_loss: 0.0545225 
train_loss: 0.0540217 
test_loss: 0.0545228 
train_loss: 0.053823 
test_loss: 0.054495 
train_loss: 0.054964 
test_loss: 0.0545407 
train_loss: 0.0549783 
test_loss: 0.0545522 
train_loss: 0.0553676 
test_loss: 0.0545444 
train_loss: 0.0543629 
test_loss: 0.0545175 
train_loss: 0.0544282 
test_loss: 0.0545579 
train_loss: 0.0543464 
test_loss: 0.054552 
train_loss: 0.0553267 
test_loss: 0.0545799 
train_loss: 0.0547912 
test_loss: 0.0545403 
train_loss: 0.0543605 
test_loss: 0.0545744 
train_loss: 0.0546622 
test_loss: 0.0545398 
train_loss: 0.0542567 
test_loss: 0.0545455 
train_loss: 0.0547785 
test_loss: 0.0545895 
train_loss: 0.0539124 
test_loss: 0.0545071 
train_loss: 0.0535723 
test_loss: 0.0545568 
train_loss: 0.0543908 
test_loss: 0.0545694 
train_loss: 0.0548961 
test_loss: 0.0545348 
train_loss: 0.0543443 
test_loss: 0.054539 
train_loss: 0.0540553 
test_loss: 0.0545569 
train_loss: 0.054337 
test_loss: 0.0545454 
train_loss: 0.0540731 
test_loss: 0.0545761 
train_loss: 0.0540116 
test_loss: 0.0545463 
train_loss: 0.0549999 
test_loss: 0.0545687 
train_loss: 0.0545146 
test_loss: 0.0545679 
train_loss: 0.054276 
test_loss: 0.0546111 
train_loss: 0.0547264 
test_loss: 0.0545505 
train_loss: 0.054218 
test_loss: 0.0545612 
train_loss: 0.0552442 
test_loss: 0.054641 
train_loss: 0.0542375 
test_loss: 0.0545505 
train_loss: 0.0542534 
test_loss: 0.0545911 
train_loss: 0.0545007 
test_loss: 0.0545499 
train_loss: 0.0548273 
test_loss: 0.0545781 
train_loss: 0.0546072 
test_loss: 0.0546053 
train_loss: 0.0544227 
test_loss: 0.054584 
train_loss: 0.0538387 
test_loss: 0.0545186 
train_loss: 0.0542902 
test_loss: 0.0546206 
train_loss: 0.0539152 
test_loss: 0.0546326 
train_loss: 0.0546947 
test_loss: 0.0546019 
train_loss: 0.0543728 
test_loss: 0.0546019 
train_loss: 0.0538954 
test_loss: 0.0546246 
train_loss: 0.0546197 
test_loss: 0.0546362 
train_loss: 0.0546892 
test_loss: 0.0546196 
train_loss: 0.0540092 
test_loss: 0.0546348 
train_loss: 0.0545022 
test_loss: 0.0546364 
train_loss: 0.0542181 
test_loss: 0.0546351 
train_loss: 0.0547941 
test_loss: 0.0546865 
train_loss: 0.0541166 
test_loss: 0.0546127 
train_loss: 0.0546506 
test_loss: 0.0546256 
train_loss: 0.0551115 
test_loss: 0.0547276 
train_loss: 0.0545513 
test_loss: 0.0546223 
train_loss: 0.0543319 
test_loss: 0.0546472 
train_loss: 0.0546921 
test_loss: 0.0547475 
train_loss: 0.0555233 
test_loss: 0.0546516 
train_loss: 0.0541985 
test_loss: 0.0546403 
train_loss: 0.0553428 
test_loss: 0.0546954 
train_loss: 0.0546225 
test_loss: 0.054715 
train_loss: 0.0553068 
test_loss: 0.0546923 
train_loss: 0.0542858 
test_loss: 0.0546445 
train_loss: 0.0546459 
test_loss: 0.0546907 
train_loss: 0.0550238 
test_loss: 0.0546983 
train_loss: 0.0553684 
test_loss: 0.0547055 
train_loss: 0.0545855 
test_loss: 0.0547392 
train_loss: 0.0545654 
test_loss: 0.0546809 
train_loss: 0.0552643 
test_loss: 0.0546584 
train_loss: 0.0541992 
test_loss: 0.0546319 
train_loss: 0.0547506 
test_loss: 0.0547533 
