train_loss: 2.51174 
test_loss: 2.24049 
train_loss: 1.99968 
test_loss: 2.40727 
train_loss: 2.07209 
test_loss: 2.35349 
train_loss: 2.01162 
test_loss: 2.38977 
train_loss: 1.9965 
test_loss: 1.99961 
train_loss: 1.99522 
test_loss: 2.28261 
train_loss: 2.0137 
test_loss: 2.04136 
train_loss: 1.99537 
test_loss: 1.99882 
train_loss: 1.99939 
test_loss: 2.0011 
train_loss: 1.9979 
test_loss: 1.99732 
train_loss: 1.99773 
test_loss: 1.99674 
train_loss: 1.99912 
test_loss: 1.99689 
train_loss: 1.99284 
test_loss: 1.99712 
train_loss: 1.99872 
test_loss: 1.99727 
train_loss: 1.99938 
test_loss: 1.99721 
train_loss: 1.99597 
test_loss: 1.99749 
train_loss: 1.99902 
test_loss: 1.99751 
train_loss: 1.9992 
test_loss: 1.99742 
train_loss: 1.99132 
test_loss: 1.99756 
train_loss: 1.99696 
test_loss: 1.99725 
train_loss: 1.98653 
test_loss: 1.99759 
train_loss: 1.99832 
test_loss: 1.99717 
train_loss: 1.99795 
test_loss: 1.99733 
train_loss: 1.9977 
test_loss: 1.99726 
train_loss: 1.99642 
test_loss: 1.99751 
train_loss: 1.99848 
test_loss: 1.99747 
train_loss: 1.99792 
test_loss: 1.99769 
train_loss: 1.99399 
test_loss: 1.99746 
train_loss: 1.99918 
test_loss: 1.99723 
train_loss: 1.99922 
test_loss: 1.99702 
train_loss: 1.99461 
test_loss: 1.99726 
train_loss: 1.99933 
test_loss: 1.99746 
train_loss: 1.99851 
test_loss: 1.99733 
train_loss: 1.99968 
test_loss: 1.99721 
train_loss: 1.99867 
test_loss: 1.99723 
train_loss: 1.99975 
test_loss: 1.99719 
train_loss: 1.9988 
test_loss: 1.99738 
train_loss: 1.99688 
test_loss: 1.99702 
train_loss: 1.99918 
test_loss: 1.99758 
train_loss: 1.99802 
test_loss: 1.99723 
train_loss: 1.99952 
test_loss: 1.99699 
train_loss: 1.99536 
test_loss: 1.99746 
train_loss: 1.99899 
test_loss: 1.99735 
train_loss: 1.9992 
test_loss: 1.99696 
train_loss: 1.9993 
test_loss: 1.99718 
train_loss: 1.9994 
test_loss: 1.9972 
train_loss: 1.99928 
test_loss: 1.99714 
train_loss: 1.99762 
test_loss: 1.99753 
train_loss: 1.99987 
test_loss: 1.997 
train_loss: 1.9989 
test_loss: 1.99717 
train_loss: 1.99913 
test_loss: 1.99746 
train_loss: 1.99382 
test_loss: 1.99726 
train_loss: 1.99894 
test_loss: 1.9975 
train_loss: 1.99795 
test_loss: 1.99716 
train_loss: 1.99896 
test_loss: 1.99729 
train_loss: 1.99935 
test_loss: 1.99737 
train_loss: 1.99745 
test_loss: 1.99746 
train_loss: 1.998 
test_loss: 1.99758 
train_loss: 1.99945 
test_loss: 1.99758 
train_loss: 1.99964 
test_loss: 1.99759 
train_loss: 1.99808 
test_loss: 1.99752 
train_loss: 1.99921 
test_loss: 1.99762 
train_loss: 1.99909 
test_loss: 1.99756 
train_loss: 1.99723 
test_loss: 1.99783 
train_loss: 1.99538 
test_loss: 1.99721 
train_loss: 1.9981 
test_loss: 1.99726 
train_loss: 1.99693 
test_loss: 1.99757 
train_loss: 1.99359 
test_loss: 1.99733 
train_loss: 1.99741 
test_loss: 1.99722 
train_loss: 1.99956 
test_loss: 1.99753 
train_loss: 1.99779 
test_loss: 1.99716 
train_loss: 1.99531 
test_loss: 1.99745 
train_loss: 1.99597 
test_loss: 1.99779 
train_loss: 1.99844 
test_loss: 1.99718 
train_loss: 1.99744 
test_loss: 1.99716 
train_loss: 1.99553 
test_loss: 1.99686 
train_loss: 1.99326 
test_loss: 1.99712 
train_loss: 1.99878 
test_loss: 1.99769 
train_loss: 1.99879 
test_loss: 1.99762 
train_loss: 1.99568 
test_loss: 1.99747 
train_loss: 1.99958 
test_loss: 1.99749 
train_loss: 1.99902 
test_loss: 1.99748 
train_loss: 1.99387 
test_loss: 1.99712 
train_loss: 1.99858 
test_loss: 1.99754 
train_loss: 1.99874 
test_loss: 1.99729 
train_loss: 1.99739 
test_loss: 1.99712 
train_loss: 1.9929 
test_loss: 1.99746 
train_loss: 1.99941 
test_loss: 1.99783 
train_loss: 1.99893 
test_loss: 1.9975 
train_loss: 1.99777 
test_loss: 1.99715 
train_loss: 1.99804 
test_loss: 1.99714 
train_loss: 1.9988 
test_loss: 1.99747 
train_loss: 1.99748 
test_loss: 1.99743 
train_loss: 1.99545 
test_loss: 1.99766 
train_loss: 1.99877 
test_loss: 1.99735 
train_loss: 1.99683 
test_loss: 1.99752 
train_loss: 1.99353 
test_loss: 1.99741 
train_loss: 1.99544 
test_loss: 1.99796 
train_loss: 1.99896 
test_loss: 1.99768 
train_loss: 1.99767 
test_loss: 1.99735 
train_loss: 1.99963 
test_loss: 1.99744 
train_loss: 1.99632 
test_loss: 1.99725 
train_loss: 1.99675 
test_loss: 1.99728 
train_loss: 1.99775 
test_loss: 1.99735 
train_loss: 1.99815 
test_loss: 1.99779 
train_loss: 1.99874 
test_loss: 1.99739 
train_loss: 1.99751 
test_loss: 1.99771 
train_loss: 1.997 
test_loss: 1.99737 
train_loss: 1.99883 
test_loss: 1.99745 
train_loss: 1.99913 
test_loss: 1.99733 
train_loss: 1.99886 
test_loss: 1.99739 
train_loss: 1.99837 
test_loss: 1.99755 
train_loss: 1.99485 
test_loss: 1.99716 
train_loss: 1.99802 
test_loss: 1.99753 
train_loss: 1.99766 
test_loss: 1.9978 
train_loss: 1.99872 
test_loss: 1.99748 
train_loss: 1.99868 
test_loss: 1.99702 
train_loss: 1.99355 
test_loss: 1.99751 
train_loss: 1.99805 
test_loss: 1.99703 
train_loss: 1.99907 
test_loss: 1.99749 
train_loss: 1.99553 
test_loss: 1.99711 
train_loss: 1.99717 
test_loss: 1.99759 
train_loss: 1.99596 
test_loss: 1.99738 
train_loss: 1.99922 
test_loss: 1.99698 
train_loss: 1.99867 
test_loss: 1.99737 
train_loss: 1.99777 
test_loss: 1.99742 
train_loss: 1.99709 
test_loss: 1.9971 
train_loss: 1.99969 
test_loss: 1.99712 
train_loss: 1.99955 
test_loss: 1.99762 
train_loss: 1.99171 
test_loss: 1.99741 
train_loss: 1.99754 
test_loss: 1.99741 
train_loss: 1.99608 
test_loss: 1.99761 
train_loss: 1.99777 
test_loss: 1.99771 
train_loss: 1.99616 
test_loss: 1.99754 
train_loss: 1.99194 
test_loss: 1.99768 
train_loss: 1.99826 
test_loss: 1.99772 
train_loss: 1.99526 
test_loss: 1.99737 
train_loss: 1.9932 
test_loss: 1.99745 
train_loss: 1.99627 
test_loss: 1.99744 
train_loss: 1.99873 
test_loss: 1.99748 
train_loss: 1.99362 
test_loss: 1.99738 
train_loss: 1.99839 
test_loss: 1.99735 
train_loss: 1.99507 
test_loss: 1.99737 
train_loss: 1.99485 
test_loss: 1.99748 
train_loss: 1.99655 
test_loss: 1.99754 
train_loss: 1.99714 
test_loss: 1.99784 
train_loss: 1.98998 
test_loss: 1.99715 
train_loss: 1.9972 
test_loss: 1.9975 
train_loss: 1.99914 
test_loss: 1.99709 
train_loss: 1.99728 
test_loss: 1.99753 
train_loss: 1.99547 
test_loss: 1.99791 
train_loss: 1.99609 
test_loss: 1.99749 
train_loss: 1.9981 
test_loss: 1.99751 
train_loss: 1.99464 
test_loss: 1.99742 
train_loss: 1.99762 
test_loss: 1.99752 
train_loss: 1.99652 
test_loss: 1.99762 
train_loss: 1.99763 
test_loss: 1.99745 
train_loss: 1.99688 
test_loss: 1.99734 
train_loss: 1.99856 
test_loss: 1.99737 
train_loss: 1.99842 
test_loss: 1.99772 
train_loss: 1.99708 
test_loss: 1.99715 
train_loss: 1.9973 
test_loss: 1.99746 
train_loss: 1.9951 
test_loss: 1.99745 
train_loss: 1.99813 
test_loss: 1.99729 
train_loss: 1.99598 
test_loss: 1.99786 
train_loss: 1.99665 
test_loss: 1.99741 
train_loss: 1.99683 
test_loss: 1.99755 
train_loss: 1.99761 
test_loss: 1.99784 
train_loss: 1.99342 
test_loss: 1.99736 
train_loss: 1.99925 
test_loss: 1.99764 
train_loss: 1.99781 
test_loss: 1.99714 
train_loss: 1.99747 
test_loss: 1.99708 
train_loss: 1.99576 
test_loss: 1.99748 
train_loss: 1.99678 
test_loss: 1.99721 
train_loss: 1.99492 
test_loss: 1.99768 
train_loss: 1.99634 
test_loss: 1.99754 
train_loss: 1.99564 
test_loss: 1.99786 
train_loss: 1.99656 
test_loss: 1.99759 
train_loss: 1.99904 
test_loss: 1.99718 
train_loss: 1.99864 
test_loss: 1.99744 
train_loss: 1.99445 
test_loss: 1.99732 
train_loss: 1.9969 
test_loss: 1.99773 
train_loss: 1.99613 
test_loss: 1.99784 
train_loss: 1.99689 
test_loss: 1.9978 
train_loss: 1.99882 
test_loss: 1.9973 
train_loss: 1.99372 
test_loss: 1.9975 
train_loss: 1.99598 
test_loss: 1.99754 
train_loss: 1.98955 
test_loss: 1.9971 
train_loss: 1.99754 
test_loss: 1.99726 
train_loss: 1.99872 
test_loss: 1.99699 
train_loss: 1.99663 
test_loss: 1.99742 
train_loss: 1.99668 
test_loss: 1.99726 
train_loss: 1.99739 
test_loss: 1.99737 
train_loss: 1.99557 
test_loss: 1.99757 
train_loss: 1.99774 
test_loss: 1.99749 
train_loss: 1.99708 
test_loss: 1.99726 
train_loss: 1.99232 
test_loss: 1.99736 
train_loss: 1.99737 
test_loss: 1.99743 
train_loss: 1.99452 
test_loss: 1.99728 
train_loss: 1.99167 
test_loss: 1.99744 
train_loss: 1.98998 
test_loss: 1.99707 
train_loss: 1.99711 
test_loss: 1.99723 
train_loss: 1.99676 
test_loss: 1.99731 
train_loss: 1.99763 
test_loss: 1.99771 
train_loss: 1.99422 
test_loss: 1.99739 
train_loss: 1.99784 
test_loss: 1.99724 
train_loss: 1.99846 
test_loss: 1.99748 
train_loss: 1.99705 
test_loss: 1.99712 
train_loss: 1.99731 
test_loss: 1.99732 
train_loss: 1.99918 
test_loss: 1.99754 
