train_loss: 1.99966 
test_loss: 2.22353 
train_loss: 1.99941 
test_loss: 4.81106 
train_loss: 1.99805 
test_loss: 5.43973 
train_loss: 1.99849 
test_loss: 2.01969 
train_loss: 1.99768 
test_loss: 2.14906 
train_loss: 1.99986 
test_loss: 2.04478 
train_loss: 1.99865 
test_loss: 2.12514 
train_loss: 1.99947 
test_loss: 2.42602 
train_loss: 1.99974 
test_loss: 2.07059 
train_loss: 2.00187 
test_loss: 2.48396 
train_loss: 2.5861 
test_loss: 2.10151 
train_loss: 13.509 
test_loss: 3.27827 
train_loss: 1.99992 
test_loss: 2.44279 
train_loss: 1.99836 
test_loss: 2.01336 
train_loss: 1.99876 
test_loss: 1.99971 
train_loss: 1.999 
test_loss: 2.00662 
train_loss: 1.99962 
test_loss: 2.02968 
train_loss: 1.99977 
test_loss: 2.89207 
train_loss: 1.99662 
test_loss: 2.02314 
train_loss: 1.99948 
test_loss: 2.00563 
train_loss: 1.99949 
test_loss: 3.00507 
train_loss: 1.99908 
test_loss: 2.02417 
train_loss: 1.99925 
test_loss: 2.01069 
train_loss: 1.99863 
test_loss: 2.01975 
train_loss: 1.99977 
test_loss: 2.0315 
train_loss: 1.99946 
test_loss: 2.54011 
train_loss: 1.99837 
test_loss: 2.00197 
train_loss: 1.99934 
test_loss: 2.00709 
train_loss: 1.99973 
test_loss: 2.00448 
train_loss: 1.99884 
test_loss: 2.01345 
train_loss: 1.9997 
test_loss: 1.99884 
train_loss: 1.99965 
test_loss: 2.00593 
train_loss: 1.99704 
test_loss: 2.00541 
train_loss: 1.9996 
test_loss: 2.00016 
train_loss: 1.99975 
test_loss: 2.06345 
train_loss: 1.99967 
test_loss: 2.11352 
train_loss: 1.99744 
test_loss: 2.04552 
train_loss: 1.99958 
test_loss: 2.00272 
train_loss: 1.9998 
test_loss: 2.00073 
train_loss: 1.99966 
test_loss: 1.99908 
train_loss: 1.99971 
test_loss: 2.01518 
train_loss: 1.99727 
test_loss: 2.00046 
train_loss: 1.99892 
test_loss: 1.99895 
train_loss: 1.99821 
test_loss: 2.1322 
train_loss: 1.99938 
test_loss: 1.99907 
train_loss: 1.99954 
test_loss: 2.03627 
train_loss: 1.99928 
test_loss: 2.00145 
train_loss: 1.99901 
test_loss: 1.99954 
train_loss: 1.99954 
test_loss: 2.16667 
train_loss: 1.9998 
test_loss: 1.99907 
train_loss: 1.99862 
test_loss: 2.00252 
train_loss: 1.99953 
test_loss: 2.0332 
train_loss: 1.99868 
test_loss: 1.99926 
train_loss: 1.99973 
test_loss: 2.00054 
train_loss: 1.99998 
test_loss: 1.99888 
train_loss: 1.99836 
test_loss: 2.01466 
train_loss: 1.99968 
test_loss: 2.04965 
train_loss: 1.99944 
test_loss: 1.999 
train_loss: 1.99914 
test_loss: 2.00051 
train_loss: 1.99815 
test_loss: 2.00461 
train_loss: 1.99803 
test_loss: 2.01152 
train_loss: 1.99932 
test_loss: 2.00832 
train_loss: 1.99924 
test_loss: 1.99908 
train_loss: 1.99895 
test_loss: 2.00128 
train_loss: 1.99958 
test_loss: 2.00326 
train_loss: 1.9994 
test_loss: 2.00006 
train_loss: 1.99907 
test_loss: 1.99879 
train_loss: 1.99965 
test_loss: 2.00588 
train_loss: 1.9982 
test_loss: 1.99932 
train_loss: 1.99951 
test_loss: 1.99957 
train_loss: 1.99968 
test_loss: 1.99931 
train_loss: 1.99925 
test_loss: 1.99987 
train_loss: 1.99871 
test_loss: 2.01211 
train_loss: 1.99781 
test_loss: 2.02118 
train_loss: 1.99973 
test_loss: 2.0016 
train_loss: 1.99935 
test_loss: 2.01022 
train_loss: 1.99938 
test_loss: 2.00364 
train_loss: 1.9994 
test_loss: 1.99904 
train_loss: 1.99874 
test_loss: 2.02467 
train_loss: 1.99951 
test_loss: 1.9991 
train_loss: 1.9996 
test_loss: 2.0001 
train_loss: 1.99491 
test_loss: 2.00338 
train_loss: 1.9993 
test_loss: 1.99917 
train_loss: 1.9994 
test_loss: 1.99916 
train_loss: 1.99945 
test_loss: 1.99888 
train_loss: 1.99922 
test_loss: 2.33817 
train_loss: 1.99882 
test_loss: 1.99948 
train_loss: 1.99996 
test_loss: 1.99977 
train_loss: 1.99729 
test_loss: 1.99928 
train_loss: 1.99875 
test_loss: 1.99877 
train_loss: 1.99816 
test_loss: 1.99887 
train_loss: 1.99952 
test_loss: 1.99923 
train_loss: 1.99943 
test_loss: 2.10696 
train_loss: 1.99841 
test_loss: 2.00111 
train_loss: 1.99944 
test_loss: 1.99992 
train_loss: 1.99921 
test_loss: 2.53898 
train_loss: 1.9987 
test_loss: 1.99943 
train_loss: 1.99924 
test_loss: 1.99942 
train_loss: 1.99943 
test_loss: 1.99947 
train_loss: 1.99984 
test_loss: 2.02068 
train_loss: 1.99968 
test_loss: 2.00162 
train_loss: 1.99866 
test_loss: 2.00159 
train_loss: 1.99947 
test_loss: 1.99893 
train_loss: 1.99919 
test_loss: 1.99921 
train_loss: 1.99926 
test_loss: 1.999 
train_loss: 1.99935 
test_loss: 1.99941 
train_loss: 1.99795 
test_loss: 1.99921 
train_loss: 2.00329 
test_loss: 2.00004 
train_loss: 1.99942 
test_loss: 1.99924 
train_loss: 1.9995 
test_loss: 1.99904 
train_loss: 1.99908 
test_loss: 2.00179 
train_loss: 1.99932 
test_loss: 2.0134 
train_loss: 1.99892 
test_loss: 1.99892 
train_loss: 1.99856 
test_loss: 1.99914 
train_loss: 1.99749 
test_loss: 1.9993 
train_loss: 1.99773 
test_loss: 1.99904 
train_loss: 1.99923 
test_loss: 1.99921 
train_loss: 1.99947 
test_loss: 1.99909 
train_loss: 1.99903 
test_loss: 1.99918 
train_loss: 1.99912 
test_loss: 1.99902 
train_loss: 1.99921 
test_loss: 1.99931 
train_loss: 1.99771 
test_loss: 2.00763 
train_loss: 1.99955 
test_loss: 1.99889 
train_loss: 1.99929 
test_loss: 1.99927 
train_loss: 1.99811 
test_loss: 1.99899 
train_loss: 1.99979 
test_loss: 1.99911 
train_loss: 1.99777 
test_loss: 2.0175 
train_loss: 1.99867 
test_loss: 2.0071 
train_loss: 1.99936 
test_loss: 1.99957 
train_loss: 1.99981 
test_loss: 2.00016 
train_loss: 1.9991 
test_loss: 1.99909 
train_loss: 1.99743 
test_loss: 2.12898 
train_loss: 1.99941 
test_loss: 2.05121 
train_loss: 1.99866 
test_loss: 1.99995 
train_loss: 1.99753 
test_loss: 1.99929 
train_loss: 1.99957 
test_loss: 1.99897 
train_loss: 1.9998 
test_loss: 2.34299 
train_loss: 1.99724 
test_loss: 2.09892 
train_loss: 1.99846 
test_loss: 2.01473 
train_loss: 1.9991 
test_loss: 2.00085 
train_loss: 1.99919 
test_loss: 1.99912 
train_loss: 1.99902 
test_loss: 2.00275 
train_loss: 1.99928 
test_loss: 2.00047 
train_loss: 1.99871 
test_loss: 1.99936 
train_loss: 1.99916 
test_loss: 1.99916 
train_loss: 1.99871 
test_loss: 1.99969 
train_loss: 1.99954 
test_loss: 2.00167 
train_loss: 1.99895 
test_loss: 1.99914 
train_loss: 1.99769 
test_loss: 1.99873 
train_loss: 1.99934 
test_loss: 2.00472 
train_loss: 1.99855 
test_loss: 2.00311 
train_loss: 1.99865 
test_loss: 2.00088 
train_loss: 1.99866 
test_loss: 2.00179 
train_loss: 1.99935 
test_loss: 2.00245 
train_loss: 1.99877 
test_loss: 1.99999 
train_loss: 1.9984 
test_loss: 2.05139 
train_loss: 1.99783 
test_loss: 2.04194 
train_loss: 1.99938 
test_loss: 2.00097 
train_loss: 1.99911 
test_loss: 1.9988 
train_loss: 1.99875 
test_loss: 2.00222 
train_loss: 1.99951 
test_loss: 1.99925 
train_loss: 1.99884 
test_loss: 1.99872 
train_loss: 1.99877 
test_loss: 1.9999 
train_loss: 1.9984 
test_loss: 1.99915 
train_loss: 1.99639 
test_loss: 1.99921 
train_loss: 1.99864 
test_loss: 1.99912 
train_loss: 1.99908 
test_loss: 1.99917 
train_loss: 1.99874 
test_loss: 2.01832 
train_loss: 1.99974 
test_loss: 1.99895 
train_loss: 1.99745 
test_loss: 2.26502 
train_loss: 1.99855 
test_loss: 1.99901 
train_loss: 1.99894 
test_loss: 1.99923 
train_loss: 1.99836 
test_loss: 2.00048 
train_loss: 1.99884 
test_loss: 1.99906 
train_loss: 1.99728 
test_loss: 2.00353 
train_loss: 1.9991 
test_loss: 1.99916 
train_loss: 1.99992 
test_loss: 2.00633 
train_loss: 1.9997 
test_loss: 2.00178 
train_loss: 1.99935 
test_loss: 1.9998 
train_loss: 1.99907 
test_loss: 2.02603 
train_loss: 1.99898 
test_loss: 1.9998 
train_loss: 1.99809 
test_loss: 2.00171 
train_loss: 1.99898 
test_loss: 2.17633 
train_loss: 1.99853 
test_loss: 2.01426 
train_loss: 1.99953 
test_loss: 2.0004 
train_loss: 1.99934 
test_loss: 1.99945 
train_loss: 1.99905 
test_loss: 1.99914 
train_loss: 1.99953 
test_loss: 2.04393 
train_loss: 1.999 
test_loss: 1.99908 
train_loss: 1.99843 
test_loss: 2.02453 
train_loss: 1.99861 
test_loss: 2.0058 
train_loss: 1.99861 
test_loss: 2.02872 
train_loss: 1.99747 
test_loss: 1.99908 
train_loss: 1.99841 
test_loss: 1.9989 
train_loss: 1.99877 
test_loss: 1.99891 
train_loss: 1.99962 
test_loss: 1.999 
train_loss: 1.9989 
test_loss: 1.99934 
train_loss: 1.99879 
test_loss: 1.99927 
train_loss: 1.99869 
test_loss: 1.99909 
train_loss: 1.99945 
test_loss: 1.99947 
train_loss: 1.99915 
test_loss: 1.99909 
train_loss: 1.99836 
test_loss: 1.99926 
train_loss: 1.9979 
test_loss: 2.03671 
train_loss: 1.99809 
test_loss: 2.06431 
train_loss: 1.99867 
test_loss: 2.07542 
train_loss: 1.99979 
test_loss: 1.99972 
train_loss: 1.99905 
test_loss: 1.99899 
train_loss: 1.99831 
test_loss: 2.00056 
train_loss: 1.99814 
test_loss: 1.99938 
train_loss: 1.99757 
test_loss: 2.00192 
train_loss: 1.99954 
test_loss: 1.99881 
train_loss: 1.99898 
test_loss: 1.99875 
train_loss: 1.99878 
test_loss: 2.01139 
train_loss: 1.99885 
test_loss: 1.99964 
train_loss: 1.99858 
test_loss: 2.00767 
train_loss: 1.99833 
test_loss: 1.9991 
train_loss: 1.99846 
test_loss: 1.9993 
train_loss: 1.99838 
test_loss: 1.99884 
train_loss: 1.99853 
test_loss: 1.99986 
train_loss: 1.99873 
test_loss: 1.99922 
train_loss: 1.9981 
test_loss: 1.99907 
train_loss: 1.99961 
test_loss: 1.99935 
train_loss: 1.99824 
test_loss: 1.99948 
train_loss: 1.9993 
test_loss: 1.99908 
train_loss: 1.99812 
test_loss: 2.00659 
train_loss: 1.99941 
test_loss: 1.99912 
train_loss: 1.99801 
test_loss: 2.01366 
train_loss: 1.99745 
test_loss: 2.00271 
train_loss: 1.99753 
test_loss: 1.99895 
train_loss: 1.99889 
test_loss: 1.99898 
train_loss: 1.99899 
test_loss: 1.99881 
train_loss: 2.00216 
test_loss: 1.99878 
train_loss: 1.9984 
test_loss: 1.99961 
train_loss: 1.99893 
test_loss: 2.04599 
train_loss: 1.99845 
test_loss: 1.99887 
train_loss: 1.99759 
test_loss: 2.02137 
train_loss: 1.99887 
test_loss: 1.99894 
train_loss: 1.99882 
test_loss: 1.99951 
train_loss: 1.99774 
test_loss: 2.02337 
train_loss: 1.99894 
test_loss: 1.9991 
train_loss: 1.99889 
test_loss: 1.99888 
train_loss: 1.99889 
test_loss: 1.99904 
train_loss: 1.99846 
test_loss: 1.99892 
train_loss: 1.99785 
test_loss: 2.01803 
train_loss: 1.9966 
test_loss: 1.99921 
train_loss: 1.99826 
test_loss: 1.99886 
train_loss: 1.99858 
test_loss: 1.99907 
train_loss: 1.99625 
test_loss: 2.03329 
train_loss: 1.99777 
test_loss: 1.99871 
train_loss: 1.99837 
test_loss: 7.20468 
train_loss: 1.99855 
test_loss: 2.06117 
train_loss: 1.99767 
test_loss: 1.99908 
train_loss: 1.99856 
test_loss: 1.99912 
train_loss: 1.998 
test_loss: 1.99925 
train_loss: 1.99758 
test_loss: 2.00347 
train_loss: 1.99878 
test_loss: 1.99905 
train_loss: 1.99873 
test_loss: 1.99913 
train_loss: 1.99901 
test_loss: 1.99861 
train_loss: 1.99831 
test_loss: 1.99885 
train_loss: 1.99837 
test_loss: 1.99943 
train_loss: 1.99955 
test_loss: 1.99946 
train_loss: 1.99962 
test_loss: 1.99883 
train_loss: 1.99929 
test_loss: 1.99909 
train_loss: 1.99881 
test_loss: 1.99884 
train_loss: 1.99833 
test_loss: 1.99927 
train_loss: 1.99881 
test_loss: 2.00779 
train_loss: 1.99805 
test_loss: 1.99908 
train_loss: 1.99841 
test_loss: 1.99977 
train_loss: 1.99918 
test_loss: 1.99898 
train_loss: 1.9982 
test_loss: 1.99984 
train_loss: 1.99788 
test_loss: 1.99908 
train_loss: 1.99842 
test_loss: 1.99866 
train_loss: 1.99765 
test_loss: 1.99991 
train_loss: 1.99882 
test_loss: 2.00018 
train_loss: 1.99612 
test_loss: 1.99968 
train_loss: 1.99872 
test_loss: 1.99917 
train_loss: 1.99787 
test_loss: 1.99908 
train_loss: 1.99897 
test_loss: 1.9994 
train_loss: 1.99874 
test_loss: 1.99901 
train_loss: 1.99814 
test_loss: 2.00264 
train_loss: 1.99849 
test_loss: 1.99862 
train_loss: 1.99917 
test_loss: 1.99918 
train_loss: 1.99949 
test_loss: 1.99888 
train_loss: 1.99723 
test_loss: 1.99916 
train_loss: 1.99842 
test_loss: 1.99913 
train_loss: 1.99794 
test_loss: 1.99917 
train_loss: 1.99816 
test_loss: 2.03411 
train_loss: 1.99865 
test_loss: 1.99936 
train_loss: 1.99761 
test_loss: 1.99912 
train_loss: 1.9976 
test_loss: 1.99897 
train_loss: 1.99694 
test_loss: 2.00305 
train_loss: 1.9978 
test_loss: 2.00449 
train_loss: 1.99859 
test_loss: 1.99941 
train_loss: 1.99767 
test_loss: 1.99906 
train_loss: 1.99901 
test_loss: 1.99889 
train_loss: 1.99853 
test_loss: 1.99895 
train_loss: 1.99859 
test_loss: 2.0016 
train_loss: 1.99698 
test_loss: 1.99885 
train_loss: 1.99893 
test_loss: 1.99894 
train_loss: 1.99893 
test_loss: 2.00013 
train_loss: 1.99916 
test_loss: 1.99899 
train_loss: 1.99829 
test_loss: 2.00464 
train_loss: 1.99977 
test_loss: 1.99925 
train_loss: 1.99965 
test_loss: 2.00019 
train_loss: 1.99777 
test_loss: 2.00091 
train_loss: 1.99647 
test_loss: 1.99887 
train_loss: 1.99901 
test_loss: 1.99884 
train_loss: 1.99894 
test_loss: 1.9991 
train_loss: 1.9968 
test_loss: 1.99877 
train_loss: 1.99978 
test_loss: 1.99865 
train_loss: 1.99889 
test_loss: 1.99917 
train_loss: 1.99918 
test_loss: 1.99872 
train_loss: 1.99947 
test_loss: 1.99881 
train_loss: 1.99962 
test_loss: 1.9987 
train_loss: 1.99909 
test_loss: 1.99896 
train_loss: 1.99922 
test_loss: 1.99902 
train_loss: 1.99961 
test_loss: 1.99871 
train_loss: 1.99876 
test_loss: 1.999 
train_loss: 1.99844 
test_loss: 1.99914 
train_loss: 1.9979 
test_loss: 1.99899 
train_loss: 1.99515 
test_loss: 1.99865 
train_loss: 1.99968 
test_loss: 1.99888 
train_loss: 1.9976 
test_loss: 1.99894 
train_loss: 1.99837 
test_loss: 1.99895 
train_loss: 1.99912 
test_loss: 1.99892 
train_loss: 1.99828 
test_loss: 1.99888 
train_loss: 1.99919 
test_loss: 1.99899 
train_loss: 1.99964 
test_loss: 1.99854 
train_loss: 1.99844 
test_loss: 1.99892 
train_loss: 1.99925 
test_loss: 1.99894 
train_loss: 1.99941 
test_loss: 1.99876 
train_loss: 1.99896 
test_loss: 1.99892 
train_loss: 1.9984 
test_loss: 1.99899 
train_loss: 1.99857 
test_loss: 1.99893 
train_loss: 1.99853 
test_loss: 1.99877 
train_loss: 1.99916 
test_loss: 1.99892 
train_loss: 1.99786 
test_loss: 1.99898 
train_loss: 1.99586 
test_loss: 1.99886 
train_loss: 1.99785 
test_loss: 1.99882 
train_loss: 1.99962 
test_loss: 1.99891 
train_loss: 1.99778 
test_loss: 1.99873 
train_loss: 1.99813 
test_loss: 1.99896 
train_loss: 1.99825 
test_loss: 1.99903 
train_loss: 1.99814 
test_loss: 1.99879 
train_loss: 1.99942 
test_loss: 1.99907 
train_loss: 1.99853 
test_loss: 1.99896 
train_loss: 1.99788 
test_loss: 1.99894 
train_loss: 1.99909 
test_loss: 1.99861 
train_loss: 1.9984 
test_loss: 1.99904 
train_loss: 1.99756 
test_loss: 1.99895 
train_loss: 1.9989 
test_loss: 1.99896 
train_loss: 1.99898 
test_loss: 1.99885 
train_loss: 1.99598 
test_loss: 1.99894 
train_loss: 1.99865 
test_loss: 1.999 
train_loss: 1.99729 
test_loss: 1.99875 
train_loss: 1.99829 
test_loss: 1.99891 
train_loss: 1.99633 
test_loss: 1.99898 
train_loss: 1.99866 
test_loss: 1.99893 
train_loss: 1.99661 
test_loss: 1.99872 
train_loss: 1.99917 
test_loss: 1.99866 
train_loss: 1.99913 
test_loss: 1.99865 
train_loss: 1.99837 
test_loss: 1.99889 
train_loss: 1.99811 
test_loss: 1.99881 
train_loss: 1.9998 
test_loss: 1.99894 
train_loss: 1.99874 
test_loss: 1.99887 
train_loss: 1.99759 
test_loss: 1.99872 
train_loss: 1.99918 
test_loss: 1.99877 
train_loss: 1.9974 
test_loss: 1.99897 
train_loss: 1.99959 
test_loss: 1.99878 
train_loss: 1.99867 
test_loss: 1.99892 
train_loss: 1.99901 
test_loss: 1.99887 
train_loss: 1.99582 
test_loss: 2.04241 
train_loss: 1.99765 
test_loss: 1.99879 
train_loss: 1.9954 
test_loss: 1.99902 
train_loss: 1.9983 
test_loss: 2.0045 
train_loss: 1.99721 
test_loss: 1.99901 
train_loss: 1.99944 
test_loss: 1.99905 
train_loss: 1.999 
test_loss: 1.99913 
train_loss: 1.99871 
test_loss: 2.00456 
train_loss: 1.99762 
test_loss: 1.99904 
train_loss: 1.99906 
test_loss: 1.99861 
train_loss: 1.99847 
test_loss: 2.00939 
train_loss: 1.99843 
test_loss: 2.00007 
train_loss: 1.9986 
test_loss: 2.6732 
train_loss: 1.99791 
test_loss: 1.99954 
train_loss: 1.9988 
test_loss: 1.99845 
train_loss: 1.99804 
test_loss: 1.99908 
train_loss: 1.99958 
test_loss: 1.99877 
train_loss: 1.99883 
test_loss: 1.99884 
train_loss: 1.99877 
test_loss: 1.99896 
train_loss: 1.99828 
test_loss: 1.99891 
train_loss: 1.99696 
test_loss: 1.99911 
train_loss: 1.99808 
test_loss: 2.00001 
train_loss: 1.99868 
test_loss: 1.99879 
train_loss: 1.99916 
test_loss: 2.00595 
train_loss: 1.99875 
test_loss: 1.99877 
train_loss: 1.99793 
test_loss: 1.99901 
train_loss: 1.99904 
test_loss: 1.99983 
train_loss: 1.99854 
test_loss: 1.99986 
train_loss: 1.99891 
test_loss: 1.99894 
train_loss: 1.99842 
test_loss: 1.99888 
train_loss: 1.99835 
test_loss: 1.99902 
train_loss: 1.99818 
test_loss: 1.99892 
train_loss: 1.99927 
test_loss: 1.99894 
train_loss: 1.99809 
test_loss: 2.00344 
train_loss: 1.99875 
test_loss: 1.99858 
train_loss: 1.99774 
test_loss: 1.99874 
train_loss: 1.9987 
test_loss: 2.00549 
train_loss: 1.998 
test_loss: 1.99906 
train_loss: 1.99787 
test_loss: 1.99885 
train_loss: 1.99921 
test_loss: 1.99887 
train_loss: 1.99683 
test_loss: 1.99894 
train_loss: 1.99745 
test_loss: 2.01581 
train_loss: 1.99854 
test_loss: 1.99878 
train_loss: 1.99874 
test_loss: 1.99961 
