train_loss: 5499.54 
test_loss: 2311.62 
train_loss: 1695.41 
test_loss: 2518.73 
train_loss: 3384.31 
test_loss: 2690.23 
train_loss: 1432.36 
test_loss: 2611.59 
train_loss: 3099.84 
test_loss: 2509.19 
train_loss: 2064.22 
test_loss: 2590.06 
train_loss: 2454.45 
test_loss: 2510.55 
train_loss: 1901.36 
test_loss: 3342.98 
train_loss: 1997.34 
test_loss: 2923.34 
train_loss: 2600.81 
test_loss: 3542.47 
train_loss: 2757.46 
test_loss: 4839.2 
train_loss: 13.5506 
test_loss: 47.7145 
train_loss: 13.87 
test_loss: 14.8161 
train_loss: 8.4098 
test_loss: 13.0118 
train_loss: 5.0261 
test_loss: 12.5727 
train_loss: 8.87159 
test_loss: 12.5555 
train_loss: 11.0922 
test_loss: 12.1708 
train_loss: 8.01369 
test_loss: 11.6127 
train_loss: 11.677 
test_loss: 12.5107 
train_loss: 11.6196 
test_loss: 12.9959 
train_loss: 11.9322 
test_loss: 13.1504 
train_loss: 8.41335 
test_loss: 13.2417 
train_loss: 12.1836 
test_loss: 13.1251 
train_loss: 11.1921 
test_loss: 13.0425 
train_loss: 11.0756 
test_loss: 13.1948 
train_loss: 8.02402 
test_loss: 14.1315 
train_loss: 17.9297 
test_loss: 12.5433 
train_loss: 18.0073 
test_loss: 13.6479 
train_loss: 6.53881 
test_loss: 13.1782 
train_loss: 6.49833 
test_loss: 13.3946 
train_loss: 8.67392 
test_loss: 13.2259 
train_loss: 6.53235 
test_loss: 13.177 
train_loss: 22.1486 
test_loss: 13.08 
train_loss: 6.89066 
test_loss: 12.4522 
train_loss: 4.88754 
test_loss: 13.4827 
train_loss: 11.9354 
test_loss: 13.71 
train_loss: 6.4879 
test_loss: 13.637 
train_loss: 6.70151 
test_loss: 13.0361 
train_loss: 8.6067 
test_loss: 12.3543 
train_loss: 14.3818 
test_loss: 13.4738 
train_loss: 9.14844 
test_loss: 13.5208 
train_loss: 12.4049 
test_loss: 13.8333 
train_loss: 8.32127 
test_loss: 13.1395 
train_loss: 16.7796 
test_loss: 13.6487 
train_loss: 10.984 
test_loss: 12.5502 
train_loss: 5.80719 
test_loss: 12.9132 
train_loss: 11.7709 
test_loss: 13.8766 
train_loss: 4.77766 
test_loss: 12.7753 
train_loss: 11.5285 
test_loss: 13.3038 
train_loss: 16.7859 
test_loss: 12.278 
train_loss: 6.61481 
test_loss: 12.4718 
train_loss: 8.30958 
test_loss: 12.1191 
train_loss: 14.0963 
test_loss: 13.2143 
train_loss: 10.8997 
test_loss: 13.5565 
train_loss: 14.3307 
test_loss: 13.2187 
train_loss: 7.17423 
test_loss: 13.0826 
train_loss: 4.72322 
test_loss: 12.1747 
train_loss: 7.91469 
test_loss: 12.4881 
train_loss: 17.7242 
test_loss: 13.2753 
train_loss: 9.97666 
test_loss: 12.9821 
train_loss: 10.9494 
test_loss: 12.9803 
train_loss: 5.33554 
test_loss: 13.4804 
train_loss: 11.5537 
test_loss: 13.0882 
train_loss: 14.1297 
test_loss: 12.9749 
train_loss: 12.3337 
test_loss: 13.2934 
train_loss: 10.8819 
test_loss: 13.1595 
train_loss: 7.89601 
test_loss: 13.6235 
train_loss: 11.7111 
test_loss: 12.256 
train_loss: 12.0946 
test_loss: 13.0445 
train_loss: 17.3982 
test_loss: 13.2954 
train_loss: 8.44594 
test_loss: 12.1035 
train_loss: 8.82933 
test_loss: 13.3199 
train_loss: 9.00785 
test_loss: 13.4415 
train_loss: 6.97099 
test_loss: 13.1205 
train_loss: 8.57956 
test_loss: 12.5781 
train_loss: 11.7904 
test_loss: 13.0524 
train_loss: 11.8662 
test_loss: 12.5184 
train_loss: 8.59675 
test_loss: 13.8289 
train_loss: 5.35636 
test_loss: 13.2377 
train_loss: 6.74039 
test_loss: 12.2284 
train_loss: 11.5928 
test_loss: 13.1799 
train_loss: 8.55809 
test_loss: 12.3772 
train_loss: 8.03872 
test_loss: 12.4745 
train_loss: 11.1966 
test_loss: 12.3444 
train_loss: 11.6173 
test_loss: 12.6872 
train_loss: 7.97086 
test_loss: 12.6292 
train_loss: 7.79472 
test_loss: 12.7378 
train_loss: 6.7754 
test_loss: 12.5804 
train_loss: 6.88871 
test_loss: 12.2709 
train_loss: 16.0677 
test_loss: 12.9832 
train_loss: 5.10383 
test_loss: 13.1082 
train_loss: 11.2559 
test_loss: 12.2261 
train_loss: 11.2855 
test_loss: 12.686 
train_loss: 7.99302 
test_loss: 12.5294 
train_loss: 10.6806 
test_loss: 12.6375 
train_loss: 11.2195 
test_loss: 12.6708 
train_loss: 6.89864 
test_loss: 12.7951 
train_loss: 6.01992 
test_loss: 12.9972 
train_loss: 8.60211 
test_loss: 12.7016 
train_loss: 10.7803 
test_loss: 12.5238 
train_loss: 8.56272 
test_loss: 13.2321 
train_loss: 8.09644 
test_loss: 11.7687 
train_loss: 12.0757 
test_loss: 13.2107 
train_loss: 10.6626 
test_loss: 11.9301 
train_loss: 10.508 
test_loss: 12.3052 
train_loss: 5.91154 
test_loss: 12.363 
train_loss: 11.1035 
test_loss: 12.0536 
train_loss: 11.9419 
test_loss: 12.7557 
train_loss: 8.45663 
test_loss: 12.8119 
train_loss: 9.43858 
test_loss: 11.7238 
train_loss: 13.3791 
test_loss: 11.5265 
train_loss: 4.96904 
test_loss: 12.684 
train_loss: 4.8265 
test_loss: 12.1409 
train_loss: 5.74635 
test_loss: 12.7458 
train_loss: 20.2081 
test_loss: 12.3301 
train_loss: 13.2739 
test_loss: 12.0293 
train_loss: 6.76548 
test_loss: 11.6202 
train_loss: 11.349 
test_loss: 12.4499 
train_loss: 8.45851 
test_loss: 12.79 
train_loss: 11.6925 
test_loss: 12.1991 
train_loss: 7.03252 
test_loss: 12.9967 
train_loss: 10.9104 
test_loss: 12.5983 
train_loss: 5.86137 
test_loss: 12.4243 
train_loss: 10.7676 
test_loss: 12.594 
train_loss: 8.4158 
test_loss: 12.6529 
train_loss: 11.1422 
test_loss: 12.2705 
train_loss: 10.7061 
test_loss: 12.2949 
train_loss: 8.64075 
test_loss: 12.0932 
train_loss: 7.91802 
test_loss: 11.7488 
train_loss: 6.48592 
test_loss: 12.5773 
train_loss: 8.34218 
test_loss: 11.7537 
train_loss: 10.7806 
test_loss: 11.9431 
train_loss: 6.74808 
test_loss: 12.2735 
train_loss: 11.4724 
test_loss: 11.8693 
train_loss: 6.35526 
test_loss: 12.2388 
train_loss: 15.6259 
test_loss: 12.1119 
train_loss: 10.2234 
test_loss: 11.7686 
train_loss: 11.2772 
test_loss: 12.1751 
train_loss: 12.8304 
test_loss: 12.0351 
train_loss: 10.6711 
test_loss: 11.9073 
train_loss: 8.33161 
test_loss: 11.8119 
train_loss: 9.33615 
test_loss: 12.8682 
train_loss: 5.78255 
test_loss: 11.5206 
train_loss: 15.7705 
test_loss: 11.9952 
train_loss: 15.0694 
test_loss: 11.6625 
train_loss: 10.7355 
test_loss: 11.2405 
train_loss: 4.97573 
test_loss: 11.8503 
train_loss: 5.27957 
test_loss: 12.0925 
train_loss: 6.27397 
test_loss: 12.1253 
train_loss: 8.37951 
test_loss: 11.2736 
train_loss: 7.77894 
test_loss: 11.5393 
train_loss: 8.35129 
test_loss: 11.708 
train_loss: 11.1731 
test_loss: 11.8689 
train_loss: 8.41008 
test_loss: 12.0085 
train_loss: 8.42625 
test_loss: 11.622 
train_loss: 9.17582 
test_loss: 11.1367 
train_loss: 8.25761 
test_loss: 11.8055 
train_loss: 6.12854 
test_loss: 12.5233 
train_loss: 6.17493 
test_loss: 11.0377 
train_loss: 7.48972 
test_loss: 11.7857 
train_loss: 5.18718 
test_loss: 12.1482 
train_loss: 7.76619 
test_loss: 11.2754 
train_loss: 10.9194 
test_loss: 11.3066 
train_loss: 6.74302 
test_loss: 12.0089 
train_loss: 10.2733 
test_loss: 12.0278 
train_loss: 6.89262 
test_loss: 10.8285 
train_loss: 8.08287 
test_loss: 11.5081 
train_loss: 10.4992 
test_loss: 11.7886 
train_loss: 9.5463 
test_loss: 11.4571 
train_loss: 10.4031 
test_loss: 11.6512 
train_loss: 7.6747 
test_loss: 11.4446 
train_loss: 14.0003 
test_loss: 11.1976 
train_loss: 8.05634 
test_loss: 10.852 
train_loss: 4.53369 
test_loss: 11.5206 
train_loss: 7.36542 
test_loss: 11.5801 
train_loss: 5.6108 
test_loss: 11.7546 
train_loss: 8.13982 
test_loss: 11.5217 
train_loss: 10.2617 
test_loss: 11.5145 
train_loss: 7.98841 
test_loss: 12.0345 
train_loss: 7.02011 
test_loss: 10.6976 
train_loss: 10.6268 
test_loss: 11.5909 
train_loss: 14.3194 
test_loss: 10.7492 
train_loss: 10.628 
test_loss: 10.791 
train_loss: 10.1267 
test_loss: 11.4649 
train_loss: 10.2563 
test_loss: 10.8151 
train_loss: 6.95443 
test_loss: 10.8607 
train_loss: 10.6038 
test_loss: 11.2985 
train_loss: 8.67902 
test_loss: 10.3692 
train_loss: 6.01478 
test_loss: 10.9073 
train_loss: 10.4646 
test_loss: 11.3388 
train_loss: 3.95815 
test_loss: 10.5966 
train_loss: 9.27858 
test_loss: 10.8209 
train_loss: 10.152 
test_loss: 10.4701 
train_loss: 7.72498 
test_loss: 10.8481 
train_loss: 5.12243 
test_loss: 11.407 
train_loss: 10.0566 
test_loss: 10.4323 
train_loss: 9.78068 
test_loss: 10.7501 
train_loss: 7.99804 
test_loss: 10.383 
train_loss: 10.1237 
test_loss: 10.8788 
train_loss: 10.2037 
test_loss: 10.5098 
train_loss: 5.78092 
test_loss: 11.2219 
train_loss: 7.57448 
test_loss: 10.299 
train_loss: 6.60599 
test_loss: 10.6034 
train_loss: 9.18523 
test_loss: 10.7186 
train_loss: 4.86077 
test_loss: 9.86461 
train_loss: 8.41626 
test_loss: 10.6496 
train_loss: 9.68535 
test_loss: 11.0239 
train_loss: 11.0559 
test_loss: 10.5538 
train_loss: 7.83647 
test_loss: 11.2548 
train_loss: 10.262 
test_loss: 10.6264 
train_loss: 5.26119 
test_loss: 10.1552 
train_loss: 9.96367 
test_loss: 10.5258 
train_loss: 6.64218 
test_loss: 10.2026 
train_loss: 10.3697 
test_loss: 9.96951 
train_loss: 7.53062 
test_loss: 10.3788 
train_loss: 7.57553 
test_loss: 10.4292 
train_loss: 8.70841 
test_loss: 10.381 
train_loss: 9.8067 
test_loss: 10.8613 
train_loss: 10.6891 
test_loss: 9.70748 
train_loss: 5.98691 
test_loss: 9.71503 
train_loss: 15.8651 
test_loss: 10.3245 
train_loss: 10.5401 
test_loss: 10.0903 
train_loss: 8.4975 
test_loss: 10.7007 
train_loss: 7.49293 
test_loss: 9.53398 
train_loss: 9.52631 
test_loss: 10.1931 
train_loss: 15.291 
test_loss: 9.28167 
train_loss: 9.35405 
test_loss: 9.74205 
train_loss: 8.5023 
test_loss: 10.5146 
train_loss: 9.77598 
test_loss: 10.0911 
train_loss: 8.69736 
test_loss: 9.61731 
train_loss: 9.21025 
test_loss: 9.69039 
train_loss: 6.3526 
test_loss: 9.36517 
train_loss: 9.21287 
test_loss: 10.0505 
train_loss: 3.01513 
test_loss: 9.4911 
train_loss: 9.22797 
test_loss: 10.2569 
train_loss: 6.68385 
test_loss: 10.1105 
train_loss: 4.5644 
test_loss: 9.881 
train_loss: 7.53363 
test_loss: 9.0756 
train_loss: 8.19076 
test_loss: 9.65319 
train_loss: 5.33495 
test_loss: 9.9277 
train_loss: 6.31622 
test_loss: 9.87992 
train_loss: 4.85385 
test_loss: 9.5651 
train_loss: 4.46022 
test_loss: 8.57653 
train_loss: 9.02166 
test_loss: 9.61516 
train_loss: 9.5575 
test_loss: 9.41338 
train_loss: 5.55248 
test_loss: 9.66563 
train_loss: 4.44757 
test_loss: 9.27966 
train_loss: 8.87523 
test_loss: 9.79621 
train_loss: 4.92012 
test_loss: 8.44211 
train_loss: 4.25523 
test_loss: 9.48944 
train_loss: 6.65018 
test_loss: 9.66394 
train_loss: 8.76932 
test_loss: 9.80063 
train_loss: 4.90789 
test_loss: 9.73236 
train_loss: 6.20934 
test_loss: 8.97867 
train_loss: 9.24749 
test_loss: 9.45071 
train_loss: 6.28068 
test_loss: 9.55253 
train_loss: 7.90513 
test_loss: 9.23832 
train_loss: 4.49942 
test_loss: 9.21459 
train_loss: 7.02915 
test_loss: 8.73139 
train_loss: 9.12263 
test_loss: 9.05532 
train_loss: 8.4566 
test_loss: 9.17543 
train_loss: 8.55884 
test_loss: 9.36212 
train_loss: 7.36741 
test_loss: 9.13045 
train_loss: 4.29932 
test_loss: 8.45699 
train_loss: 7.60965 
test_loss: 8.81698 
train_loss: 8.48643 
test_loss: 9.05917 
train_loss: 8.53781 
test_loss: 9.35508 
train_loss: 7.30634 
test_loss: 8.63197 
train_loss: 7.82995 
test_loss: 9.29838 
train_loss: 10.9176 
test_loss: 8.96913 
train_loss: 7.20386 
test_loss: 9.06 
train_loss: 6.42115 
test_loss: 8.79458 
train_loss: 4.55213 
test_loss: 8.88512 
train_loss: 6.41666 
test_loss: 8.01582 
train_loss: 8.7995 
test_loss: 9.19534 
train_loss: 5.03049 
test_loss: 8.60755 
train_loss: 5.1674 
test_loss: 8.58747 
train_loss: 10.2155 
test_loss: 8.49707 
train_loss: 7.38293 
test_loss: 8.46078 
train_loss: 4.59707 
test_loss: 8.55942 
train_loss: 7.29546 
test_loss: 8.9335 
train_loss: 8.57967 
test_loss: 8.58722 
train_loss: 8.55215 
test_loss: 8.54696 
train_loss: 5.0495 
test_loss: 8.29903 
train_loss: 7.05939 
test_loss: 8.81927 
train_loss: 5.36873 
test_loss: 8.205 
train_loss: 4.68239 
test_loss: 8.2391 
train_loss: 5.20757 
test_loss: 8.14474 
train_loss: 7.36994 
test_loss: 7.87404 
train_loss: 7.93458 
test_loss: 8.17327 
train_loss: 4.69956 
test_loss: 8.23078 
train_loss: 11.8974 
test_loss: 8.62814 
train_loss: 5.4927 
test_loss: 8.40762 
train_loss: 6.08417 
test_loss: 8.27148 
train_loss: 9.4399 
test_loss: 8.22405 
train_loss: 8.0992 
test_loss: 8.66247 
train_loss: 9.23172 
test_loss: 8.63715 
train_loss: 9.38206 
test_loss: 8.03175 
train_loss: 5.12453 
test_loss: 8.15821 
train_loss: 7.1306 
test_loss: 7.92768 
train_loss: 9.6213 
test_loss: 8.15184 
train_loss: 6.96251 
test_loss: 7.79738 
train_loss: 7.53832 
test_loss: 8.12086 
train_loss: 7.55855 
test_loss: 7.79799 
train_loss: 7.09422 
test_loss: 7.63046 
train_loss: 6.74658 
test_loss: 8.0574 
train_loss: 4.93125 
test_loss: 7.99511 
train_loss: 4.58199 
test_loss: 8.18457 
train_loss: 7.41817 
test_loss: 7.82585 
train_loss: 10.919 
test_loss: 7.64433 
train_loss: 10.8549 
test_loss: 7.68718 
train_loss: 5.24917 
test_loss: 8.01118 
train_loss: 4.83898 
test_loss: 7.72667 
train_loss: 7.01397 
test_loss: 7.62551 
train_loss: 6.50769 
test_loss: 7.40663 
train_loss: 6.38979 
test_loss: 7.68821 
train_loss: 7.66491 
test_loss: 7.77652 
train_loss: 8.60227 
test_loss: 7.61251 
train_loss: 7.0801 
test_loss: 7.62335 
train_loss: 7.5354 
test_loss: 7.89511 
train_loss: 4.40828 
test_loss: 7.87981 
train_loss: 8.31246 
test_loss: 7.17747 
train_loss: 5.9579 
test_loss: 7.70651 
train_loss: 7.10932 
test_loss: 7.44506 
train_loss: 10.2326 
test_loss: 7.53884 
train_loss: 6.5587 
test_loss: 7.59605 
train_loss: 6.98554 
test_loss: 6.96876 
train_loss: 8.72172 
test_loss: 7.71292 
train_loss: 4.90173 
test_loss: 7.27862 
train_loss: 4.48603 
test_loss: 7.63058 
train_loss: 7.00401 
test_loss: 7.24218 
train_loss: 6.93216 
test_loss: 7.12659 
train_loss: 9.74638 
test_loss: 7.39214 
train_loss: 6.93393 
test_loss: 7.31499 
train_loss: 6.89339 
test_loss: 7.31976 
train_loss: 6.47027 
test_loss: 7.57487 
train_loss: 4.35704 
test_loss: 7.23605 
train_loss: 5.88421 
test_loss: 7.28669 
train_loss: 7.36574 
test_loss: 7.19017 
train_loss: 4.23683 
test_loss: 7.12642 
train_loss: 4.36036 
test_loss: 7.1229 
train_loss: 6.73324 
test_loss: 7.15998 
train_loss: 5.79685 
test_loss: 6.91321 
train_loss: 6.16137 
test_loss: 7.01639 
train_loss: 6.54034 
test_loss: 7.02369 
train_loss: 5.80269 
test_loss: 6.61871 
train_loss: 6.69946 
test_loss: 6.92009 
train_loss: 4.45265 
test_loss: 7.04304 
train_loss: 9.04369 
test_loss: 6.96929 
train_loss: 7.34388 
test_loss: 6.68326 
train_loss: 4.20069 
test_loss: 6.90355 
train_loss: 6.73611 
test_loss: 6.708 
train_loss: 8.836 
test_loss: 6.71445 
train_loss: 5.83304 
test_loss: 6.51286 
train_loss: 6.75661 
test_loss: 6.68742 
train_loss: 7.19234 
test_loss: 6.55489 
train_loss: 4.1922 
test_loss: 6.58615 
train_loss: 7.27605 
test_loss: 6.63447 
train_loss: 7.19512 
test_loss: 6.46353 
train_loss: 6.25894 
test_loss: 6.72086 
train_loss: 5.04552 
test_loss: 6.51214 
train_loss: 6.37854 
test_loss: 6.53317 
train_loss: 6.38125 
test_loss: 6.34289 
train_loss: 6.22227 
test_loss: 6.37478 
train_loss: 5.31515 
test_loss: 6.35894 
train_loss: 6.07586 
test_loss: 6.28253 
train_loss: 4.66916 
test_loss: 6.6537 
train_loss: 5.23189 
test_loss: 6.53294 
train_loss: 5.66344 
test_loss: 6.05039 
train_loss: 6.31446 
test_loss: 6.42311 
train_loss: 7.07607 
test_loss: 6.30245 
train_loss: 7.06942 
test_loss: 6.41514 
train_loss: 5.16863 
test_loss: 6.36148 
train_loss: 5.80428 
test_loss: 6.23774 
train_loss: 6.33459 
test_loss: 6.25851 
train_loss: 5.15556 
test_loss: 6.47528 
train_loss: 6.40871 
test_loss: 6.3779 
train_loss: 6.098 
test_loss: 6.07665 
train_loss: 4.03639 
test_loss: 6.13119 
train_loss: 6.25444 
test_loss: 6.311 
train_loss: 5.84688 
test_loss: 5.94605 
train_loss: 5.42993 
test_loss: 6.122 
train_loss: 4.62047 
test_loss: 6.06808 
train_loss: 3.81402 
test_loss: 5.92317 
train_loss: 5.24734 
test_loss: 5.91809 
train_loss: 5.97794 
test_loss: 6.10967 
train_loss: 5.98738 
test_loss: 5.99982 
train_loss: 5.99869 
test_loss: 5.8678 
train_loss: 6.67606 
test_loss: 5.92534 
train_loss: 5.88835 
test_loss: 5.94502 
train_loss: 3.93038 
test_loss: 6.00194 
train_loss: 4.05345 
test_loss: 5.77148 
train_loss: 5.86044 
test_loss: 5.81442 
train_loss: 6.39094 
test_loss: 6.08019 
train_loss: 3.91066 
test_loss: 5.9973 
train_loss: 3.89373 
test_loss: 5.65789 
train_loss: 6.13241 
test_loss: 5.80958 
train_loss: 3.9236 
test_loss: 5.88149 
train_loss: 5.02562 
test_loss: 5.89578 
train_loss: 4.72744 
test_loss: 5.79203 
train_loss: 4.64132 
test_loss: 5.95115 
train_loss: 5.49779 
test_loss: 5.66691 
train_loss: 5.60941 
test_loss: 5.69209 
train_loss: 3.65735 
test_loss: 5.85301 
train_loss: 6.71504 
test_loss: 5.69471 
train_loss: 4.96918 
test_loss: 5.51635 
train_loss: 3.84838 
test_loss: 5.33436 
train_loss: 5.48965 
test_loss: 5.61973 
train_loss: 5.42287 
test_loss: 5.65544 
train_loss: 3.73876 
test_loss: 5.76805 
train_loss: 4.96058 
test_loss: 5.32001 
train_loss: 5.40165 
test_loss: 5.74017 
train_loss: 4.26249 
test_loss: 5.65292 
train_loss: 5.64883 
test_loss: 5.35905 
train_loss: 3.64066 
test_loss: 5.63753 
train_loss: 6.16626 
test_loss: 5.38662 
train_loss: 4.92813 
test_loss: 5.51882 
train_loss: 4.26973 
test_loss: 5.41413 
train_loss: 6.12931 
test_loss: 5.46939 
train_loss: 5.89385 
test_loss: 5.50781 
