train_loss: 1558.73 
test_loss: 2218.52 
train_loss: 1236.2 
test_loss: 1672.1 
train_loss: 566.575 
test_loss: 1897.26 
train_loss: 3926.53 
test_loss: 1131.2 
train_loss: 2950.02 
test_loss: 1809.87 
train_loss: 752.674 
test_loss: 1747.45 
train_loss: 2452.46 
test_loss: 1609.95 
train_loss: 933.862 
test_loss: 1214.23 
train_loss: 640.074 
test_loss: 1188.53 
train_loss: 3.72648 
test_loss: 3.75515 
train_loss: 1.83791 
test_loss: 1.75958 
train_loss: 1.8701 
test_loss: 1.75491 
train_loss: 1.65376 
test_loss: 1.7448 
train_loss: 1.67191 
test_loss: 1.75149 
train_loss: 1.67473 
test_loss: 1.75736 
train_loss: 1.85928 
test_loss: 1.7502 
train_loss: 1.5295 
test_loss: 1.74173 
train_loss: 1.99447 
test_loss: 1.76963 
train_loss: 1.8556 
test_loss: 1.77883 
train_loss: 1.82925 
test_loss: 1.74267 
train_loss: 1.58124 
test_loss: 1.77004 
train_loss: 1.50535 
test_loss: 1.73951 
train_loss: 1.70145 
test_loss: 1.76072 
train_loss: 1.58065 
test_loss: 1.75689 
train_loss: 1.83145 
test_loss: 1.76408 
train_loss: 1.75989 
test_loss: 1.73601 
train_loss: 1.85592 
test_loss: 1.72552 
train_loss: 1.72264 
test_loss: 1.75179 
train_loss: 1.77865 
test_loss: 1.74884 
train_loss: 1.97089 
test_loss: 1.74577 
train_loss: 1.52572 
test_loss: 1.72851 
train_loss: 1.675 
test_loss: 1.76314 
train_loss: 1.9796 
test_loss: 1.74617 
train_loss: 2.01547 
test_loss: 1.77891 
train_loss: 1.70218 
test_loss: 1.76364 
train_loss: 2.0736 
test_loss: 1.75179 
train_loss: 1.29081 
test_loss: 1.74465 
train_loss: 2.08304 
test_loss: 1.769 
train_loss: 1.66782 
test_loss: 1.7575 
train_loss: 1.57989 
test_loss: 1.76664 
train_loss: 1.49739 
test_loss: 1.75598 
train_loss: 2.17992 
test_loss: 1.76852 
train_loss: 1.89105 
test_loss: 1.74665 
train_loss: 1.65395 
test_loss: 1.73105 
train_loss: 1.96847 
test_loss: 1.76155 
train_loss: 1.65864 
test_loss: 1.7371 
train_loss: 1.59631 
test_loss: 1.75112 
train_loss: 1.77606 
test_loss: 1.7318 
train_loss: 2.01754 
test_loss: 1.75145 
train_loss: 1.41588 
test_loss: 1.74582 
train_loss: 1.92219 
test_loss: 1.74904 
train_loss: 1.31322 
test_loss: 1.74514 
train_loss: 1.89257 
test_loss: 1.74609 
train_loss: 1.48274 
test_loss: 1.7575 
train_loss: 1.48706 
test_loss: 1.73375 
train_loss: 1.6463 
test_loss: 1.75904 
train_loss: 1.7344 
test_loss: 1.75061 
train_loss: 1.73639 
test_loss: 1.75833 
train_loss: 1.41684 
test_loss: 1.77809 
train_loss: 1.86865 
test_loss: 1.7698 
train_loss: 1.7896 
test_loss: 1.74928 
train_loss: 1.59 
test_loss: 1.76319 
train_loss: 1.34753 
test_loss: 1.75595 
train_loss: 1.57426 
test_loss: 1.74466 
train_loss: 1.35198 
test_loss: 1.77077 
train_loss: 1.82357 
test_loss: 1.74849 
train_loss: 1.99217 
test_loss: 1.76302 
train_loss: 1.65883 
test_loss: 1.74271 
train_loss: 1.61512 
test_loss: 1.75059 
train_loss: 1.59866 
test_loss: 1.74471 
train_loss: 1.86439 
test_loss: 1.76226 
train_loss: 1.41549 
test_loss: 1.75334 
train_loss: 1.54507 
test_loss: 1.76236 
train_loss: 2.19582 
test_loss: 1.74722 
train_loss: 1.44365 
test_loss: 1.73298 
train_loss: 2.00518 
test_loss: 1.75188 
train_loss: 1.79364 
test_loss: 1.75022 
train_loss: 1.83825 
test_loss: 1.75831 
train_loss: 1.79209 
test_loss: 1.75749 
train_loss: 1.86785 
test_loss: 1.7587 
train_loss: 1.50653 
test_loss: 1.75541 
train_loss: 1.6666 
test_loss: 1.7332 
train_loss: 1.86437 
test_loss: 1.74575 
train_loss: 1.60104 
test_loss: 1.74759 
train_loss: 1.94218 
test_loss: 1.73964 
train_loss: 1.59117 
test_loss: 1.73634 
train_loss: 1.88065 
test_loss: 1.74198 
train_loss: 1.56634 
test_loss: 1.755 
train_loss: 1.73968 
test_loss: 1.73964 
train_loss: 2.06279 
test_loss: 1.75135 
train_loss: 1.50734 
test_loss: 1.73427 
train_loss: 1.75304 
test_loss: 1.74807 
train_loss: 1.39872 
test_loss: 1.74671 
train_loss: 1.67513 
test_loss: 1.74696 
train_loss: 1.9242 
test_loss: 1.77365 
train_loss: 1.54154 
test_loss: 1.73751 
train_loss: 1.44369 
test_loss: 1.74964 
train_loss: 1.81331 
test_loss: 1.75602 
train_loss: 1.53711 
test_loss: 1.76367 
train_loss: 1.56102 
test_loss: 1.74075 
train_loss: 1.57666 
test_loss: 1.7481 
train_loss: 1.64048 
test_loss: 1.74577 
train_loss: 1.88503 
test_loss: 1.75292 
train_loss: 1.92635 
test_loss: 1.72653 
train_loss: 1.47553 
test_loss: 1.73612 
train_loss: 1.84769 
test_loss: 1.74339 
train_loss: 1.80967 
test_loss: 1.7209 
train_loss: 1.55369 
test_loss: 1.7291 
train_loss: 2.16529 
test_loss: 1.75396 
train_loss: 1.76838 
test_loss: 1.74451 
train_loss: 1.41826 
test_loss: 1.76738 
train_loss: 1.87824 
test_loss: 1.7178 
train_loss: 1.28296 
test_loss: 1.74359 
train_loss: 1.63709 
test_loss: 1.75168 
train_loss: 1.56343 
test_loss: 1.69895 
train_loss: 1.59201 
test_loss: 1.70276 
train_loss: 1.51136 
test_loss: 1.71505 
train_loss: 1.53762 
test_loss: 1.7392 
train_loss: 1.93068 
test_loss: 1.72052 
train_loss: 1.56331 
test_loss: 1.72855 
train_loss: 1.92863 
test_loss: 1.7433 
train_loss: 1.73618 
test_loss: 1.74461 
train_loss: 1.58291 
test_loss: 1.74939 
train_loss: 1.4982 
test_loss: 1.72984 
train_loss: 1.78579 
test_loss: 1.7397 
train_loss: 1.5662 
test_loss: 1.74134 
train_loss: 1.45448 
test_loss: 1.72956 
train_loss: 2.16178 
test_loss: 1.72691 
train_loss: 1.96689 
test_loss: 1.73887 
train_loss: 1.63567 
test_loss: 1.72146 
train_loss: 1.48042 
test_loss: 1.72024 
train_loss: 1.50172 
test_loss: 1.72175 
train_loss: 1.43327 
test_loss: 1.71231 
train_loss: 1.4353 
test_loss: 1.72415 
train_loss: 1.91332 
test_loss: 1.70663 
train_loss: 1.57813 
test_loss: 1.74448 
train_loss: 2.02697 
test_loss: 1.72883 
train_loss: 1.48451 
test_loss: 1.73912 
train_loss: 1.88995 
test_loss: 1.72538 
train_loss: 1.80912 
test_loss: 1.71277 
train_loss: 1.49093 
test_loss: 1.71207 
train_loss: 1.80019 
test_loss: 1.70706 
train_loss: 1.73423 
test_loss: 1.7215 
train_loss: 2.00012 
test_loss: 1.68794 
train_loss: 1.93368 
test_loss: 1.71792 
train_loss: 1.88494 
test_loss: 1.71328 
train_loss: 1.51932 
test_loss: 1.72061 
train_loss: 1.69995 
test_loss: 1.72035 
train_loss: 1.60235 
test_loss: 1.73092 
train_loss: 1.35226 
test_loss: 1.69879 
train_loss: 1.93577 
test_loss: 1.72419 
train_loss: 1.71329 
test_loss: 1.70766 
train_loss: 1.7961 
test_loss: 1.70179 
train_loss: 1.36734 
test_loss: 1.72234 
train_loss: 1.62634 
test_loss: 1.68957 
train_loss: 1.79804 
test_loss: 1.70771 
train_loss: 1.59385 
test_loss: 1.68062 
train_loss: 1.51125 
test_loss: 1.68455 
train_loss: 1.75868 
test_loss: 1.71598 
train_loss: 1.58316 
test_loss: 1.68121 
train_loss: 1.53353 
test_loss: 1.69656 
train_loss: 1.5775 
test_loss: 1.67227 
train_loss: 1.56032 
test_loss: 1.68616 
train_loss: 1.89613 
test_loss: 1.63489 
train_loss: 1.74905 
test_loss: 1.69546 
train_loss: 1.53103 
test_loss: 1.65127 
train_loss: 1.53834 
test_loss: 1.6945 
train_loss: 1.45985 
test_loss: 1.6751 
train_loss: 1.9281 
test_loss: 1.67696 
train_loss: 1.54861 
test_loss: 1.67747 
train_loss: 1.33729 
test_loss: 1.67466 
train_loss: 1.50199 
test_loss: 1.67011 
train_loss: 1.75349 
test_loss: 1.6868 
train_loss: 1.66325 
test_loss: 1.64919 
train_loss: 1.67661 
test_loss: 1.66181 
train_loss: 1.5641 
test_loss: 1.66539 
train_loss: 1.57554 
test_loss: 1.63557 
train_loss: 1.48091 
test_loss: 1.63731 
train_loss: 1.85305 
test_loss: 1.66293 
train_loss: 1.67313 
test_loss: 1.63609 
train_loss: 2.03379 
test_loss: 1.64991 
train_loss: 1.55878 
test_loss: 1.64712 
train_loss: 1.49246 
test_loss: 1.65612 
train_loss: 1.35118 
test_loss: 1.65945 
train_loss: 1.89058 
test_loss: 1.63187 
train_loss: 1.84568 
test_loss: 1.63279 
train_loss: 1.78359 
test_loss: 1.63395 
train_loss: 1.53726 
test_loss: 1.59065 
train_loss: 1.34461 
test_loss: 1.64481 
train_loss: 1.51855 
test_loss: 1.64167 
train_loss: 1.74736 
test_loss: 1.61444 
train_loss: 1.38349 
test_loss: 1.62115 
train_loss: 1.52943 
test_loss: 1.64847 
train_loss: 1.44829 
test_loss: 1.62258 
train_loss: 1.76666 
test_loss: 1.61323 
train_loss: 1.48922 
test_loss: 1.59798 
train_loss: 1.65946 
test_loss: 1.61234 
train_loss: 1.55022 
test_loss: 1.60879 
train_loss: 1.52716 
test_loss: 1.5827 
train_loss: 1.36742 
test_loss: 1.58998 
train_loss: 1.37806 
test_loss: 1.58762 
train_loss: 1.62932 
test_loss: 1.58675 
train_loss: 1.2778 
test_loss: 1.57842 
train_loss: 1.81639 
test_loss: 1.56033 
train_loss: 1.49594 
test_loss: 1.59676 
train_loss: 1.40082 
test_loss: 1.57208 
train_loss: 1.3855 
test_loss: 1.56219 
train_loss: 1.69955 
test_loss: 1.56428 
train_loss: 1.43581 
test_loss: 1.5579 
train_loss: 1.5199 
test_loss: 1.54731 
train_loss: 1.51797 
test_loss: 1.55895 
train_loss: 1.47235 
test_loss: 1.55629 
train_loss: 1.37806 
test_loss: 1.54932 
train_loss: 1.69321 
test_loss: 1.55912 
train_loss: 1.541 
test_loss: 1.5426 
train_loss: 1.4339 
test_loss: 1.5488 
train_loss: 1.30611 
test_loss: 1.52192 
train_loss: 1.40683 
test_loss: 1.53794 
train_loss: 1.48314 
test_loss: 1.52163 
train_loss: 1.34556 
test_loss: 1.524 
train_loss: 1.46258 
test_loss: 1.53282 
train_loss: 1.40441 
test_loss: 1.5092 
train_loss: 1.50557 
test_loss: 1.50249 
train_loss: 1.43373 
test_loss: 1.50036 
train_loss: 1.44396 
test_loss: 1.48516 
train_loss: 1.63599 
test_loss: 1.49279 
train_loss: 1.70905 
test_loss: 1.4868 
train_loss: 1.20894 
test_loss: 1.47679 
train_loss: 1.69364 
test_loss: 1.46765 
train_loss: 1.39295 
test_loss: 1.45128 
train_loss: 1.38937 
test_loss: 1.44888 
train_loss: 1.65978 
test_loss: 1.45249 
train_loss: 1.36079 
test_loss: 1.46894 
train_loss: 1.3218 
test_loss: 1.45517 
train_loss: 1.58914 
test_loss: 1.44695 
train_loss: 1.59691 
test_loss: 1.44959 
train_loss: 1.49414 
test_loss: 1.42611 
train_loss: 1.48576 
test_loss: 1.42594 
train_loss: 1.40268 
test_loss: 1.42056 
train_loss: 1.287 
test_loss: 1.4206 
train_loss: 1.59087 
test_loss: 1.40763 
train_loss: 1.29984 
test_loss: 1.4085 
train_loss: 1.62908 
test_loss: 1.38655 
train_loss: 1.44805 
test_loss: 1.39555 
train_loss: 1.39954 
test_loss: 1.39316 
train_loss: 1.3885 
test_loss: 1.38208 
train_loss: 1.27406 
test_loss: 1.3776 
train_loss: 1.45759 
test_loss: 1.37947 
train_loss: 1.35559 
test_loss: 1.36022 
train_loss: 1.14636 
test_loss: 1.35802 
train_loss: 1.34876 
test_loss: 1.36135 
train_loss: 1.43983 
test_loss: 1.35543 
train_loss: 1.46963 
test_loss: 1.35992 
train_loss: 1.25125 
test_loss: 1.33464 
train_loss: 1.36656 
test_loss: 1.33177 
train_loss: 1.3048 
test_loss: 1.3214 
train_loss: 1.23146 
test_loss: 1.32791 
train_loss: 1.27046 
test_loss: 1.31563 
train_loss: 1.29575 
test_loss: 1.30298 
train_loss: 1.46303 
test_loss: 1.30529 
train_loss: 1.28975 
test_loss: 1.29187 
train_loss: 1.32988 
test_loss: 1.29153 
train_loss: 1.23503 
test_loss: 1.29049 
train_loss: 1.4453 
test_loss: 1.27632 
train_loss: 1.23477 
test_loss: 1.27142 
train_loss: 1.27408 
test_loss: 1.26706 
train_loss: 1.22905 
test_loss: 1.27138 
train_loss: 1.16783 
test_loss: 1.26157 
train_loss: 1.21664 
test_loss: 1.24497 
train_loss: 1.22512 
test_loss: 1.24774 
train_loss: 1.24976 
test_loss: 1.24565 
train_loss: 1.3495 
test_loss: 1.23227 
train_loss: 1.24789 
test_loss: 1.22781 
train_loss: 1.11101 
test_loss: 1.22239 
train_loss: 1.30407 
test_loss: 1.21592 
train_loss: 1.19125 
test_loss: 1.20087 
train_loss: 1.11281 
test_loss: 1.20658 
train_loss: 1.18414 
test_loss: 1.19633 
train_loss: 1.15912 
test_loss: 1.18859 
train_loss: 1.22102 
test_loss: 1.18779 
train_loss: 1.13302 
test_loss: 1.1721 
train_loss: 1.13279 
test_loss: 1.17706 
train_loss: 1.1888 
test_loss: 1.16475 
train_loss: 1.13149 
test_loss: 1.15576 
train_loss: 1.12907 
test_loss: 1.14903 
train_loss: 1.10368 
test_loss: 1.13753 
train_loss: 1.20843 
test_loss: 1.13501 
train_loss: 1.11272 
test_loss: 1.13361 
train_loss: 1.16156 
test_loss: 1.12622 
train_loss: 1.1016 
test_loss: 1.1169 
train_loss: 1.06658 
test_loss: 1.11029 
train_loss: 1.01201 
test_loss: 1.10709 
train_loss: 1.10719 
test_loss: 1.10356 
train_loss: 1.12693 
test_loss: 1.0957 
train_loss: 1.08314 
test_loss: 1.0864 
train_loss: 0.997674 
test_loss: 1.08524 
train_loss: 0.97161 
test_loss: 1.07418 
train_loss: 1.05145 
test_loss: 1.06954 
train_loss: 1.10227 
test_loss: 1.06976 
train_loss: 1.07003 
test_loss: 1.05829 
train_loss: 0.999988 
test_loss: 1.05306 
train_loss: 0.978184 
test_loss: 1.03966 
train_loss: 1.00411 
test_loss: 1.03642 
train_loss: 1.01396 
test_loss: 1.03168 
train_loss: 0.976748 
test_loss: 1.03163 
train_loss: 0.956987 
test_loss: 1.0182 
train_loss: 0.969111 
test_loss: 1.01306 
train_loss: 0.984316 
test_loss: 1.00501 
train_loss: 1.00501 
test_loss: 0.998605 
train_loss: 0.923642 
test_loss: 0.995033 
train_loss: 0.936649 
test_loss: 0.98916 
train_loss: 0.978334 
test_loss: 0.981985 
train_loss: 0.88249 
test_loss: 0.977809 
train_loss: 1.06669 
test_loss: 0.967028 
train_loss: 0.92207 
test_loss: 0.962753 
train_loss: 0.936367 
test_loss: 0.958947 
train_loss: 0.922468 
test_loss: 0.94676 
train_loss: 0.952326 
test_loss: 0.940701 
train_loss: 0.960088 
test_loss: 0.935738 
train_loss: 0.90321 
test_loss: 0.925344 
train_loss: 0.935181 
test_loss: 0.920743 
train_loss: 0.919146 
test_loss: 0.916139 
train_loss: 0.918589 
test_loss: 0.906535 
train_loss: 0.862048 
test_loss: 0.90277 
train_loss: 0.905774 
test_loss: 0.896593 
train_loss: 0.966668 
test_loss: 0.890755 
train_loss: 0.873075 
test_loss: 0.886744 
train_loss: 0.841349 
test_loss: 0.874139 
train_loss: 0.889647 
test_loss: 0.8735 
train_loss: 0.842366 
test_loss: 0.866771 
train_loss: 0.831025 
test_loss: 0.859748 
train_loss: 0.831802 
test_loss: 0.85229 
train_loss: 0.841261 
test_loss: 0.844513 
train_loss: 0.83651 
test_loss: 0.83924 
train_loss: 0.79079 
test_loss: 0.831047 
train_loss: 0.816949 
test_loss: 0.824079 
train_loss: 0.790138 
test_loss: 0.821119 
train_loss: 0.797884 
test_loss: 0.81344 
train_loss: 0.783976 
test_loss: 0.803157 
train_loss: 0.781364 
test_loss: 0.800857 
train_loss: 0.781411 
test_loss: 0.793213 
train_loss: 0.73248 
test_loss: 0.789658 
train_loss: 0.765773 
test_loss: 0.780354 
train_loss: 0.773838 
test_loss: 0.774568 
train_loss: 0.761196 
test_loss: 0.771919 
train_loss: 0.732292 
test_loss: 0.764308 
train_loss: 0.729568 
test_loss: 0.758339 
train_loss: 0.706439 
test_loss: 0.750506 
train_loss: 0.743927 
test_loss: 0.744411 
train_loss: 0.734724 
test_loss: 0.738255 
train_loss: 0.766567 
test_loss: 0.734111 
train_loss: 0.724873 
test_loss: 0.727686 
train_loss: 0.714698 
test_loss: 0.721119 
train_loss: 0.69224 
test_loss: 0.716667 
train_loss: 0.720472 
test_loss: 0.711844 
train_loss: 0.700643 
test_loss: 0.705622 
train_loss: 0.704349 
test_loss: 0.698407 
train_loss: 0.680873 
test_loss: 0.693163 
train_loss: 0.704682 
test_loss: 0.688331 
train_loss: 0.684426 
test_loss: 0.681959 
train_loss: 0.670595 
test_loss: 0.675977 
train_loss: 0.663831 
test_loss: 0.669538 
train_loss: 0.641209 
test_loss: 0.665291 
train_loss: 0.647464 
test_loss: 0.659265 
train_loss: 0.641291 
test_loss: 0.653507 
train_loss: 0.635987 
test_loss: 0.648432 
train_loss: 0.625559 
test_loss: 0.643776 
train_loss: 0.625413 
test_loss: 0.635237 
train_loss: 0.604736 
test_loss: 0.629965 
train_loss: 0.619784 
test_loss: 0.624458 
train_loss: 0.625586 
test_loss: 0.618261 
train_loss: 0.589305 
test_loss: 0.611209 
train_loss: 0.593288 
test_loss: 0.60589 
train_loss: 0.591946 
test_loss: 0.600298 
train_loss: 0.595958 
test_loss: 0.593961 
train_loss: 0.573173 
test_loss: 0.586372 
train_loss: 0.578053 
test_loss: 0.580469 
train_loss: 0.582632 
test_loss: 0.574873 
train_loss: 0.568871 
test_loss: 0.56874 
train_loss: 0.554221 
test_loss: 0.562363 
train_loss: 0.544774 
test_loss: 0.556347 
train_loss: 0.533875 
test_loss: 0.548505 
train_loss: 0.532673 
test_loss: 0.543571 
train_loss: 0.530633 
test_loss: 0.537542 
train_loss: 0.520047 
test_loss: 0.530336 
train_loss: 0.538912 
test_loss: 0.525052 
train_loss: 0.50969 
test_loss: 0.517861 
train_loss: 0.501275 
test_loss: 0.511399 
train_loss: 0.494216 
test_loss: 0.504921 
train_loss: 0.509723 
test_loss: 0.498831 
train_loss: 0.485545 
test_loss: 0.493027 
train_loss: 0.488477 
test_loss: 0.48704 
train_loss: 0.473279 
test_loss: 0.480119 
train_loss: 0.476077 
test_loss: 0.473599 
train_loss: 0.458752 
test_loss: 0.467604 
train_loss: 0.469012 
test_loss: 0.461257 
train_loss: 0.448986 
test_loss: 0.455598 
train_loss: 0.448128 
test_loss: 0.449165 
train_loss: 0.4432 
test_loss: 0.442641 
train_loss: 0.425519 
test_loss: 0.435909 
train_loss: 0.436538 
test_loss: 0.429981 
train_loss: 0.428887 
test_loss: 0.423449 
train_loss: 0.416334 
test_loss: 0.416993 
train_loss: 0.41583 
test_loss: 0.410748 
train_loss: 0.413255 
test_loss: 0.404256 
train_loss: 0.392378 
test_loss: 0.39739 
train_loss: 0.391316 
test_loss: 0.391247 
train_loss: 0.381469 
test_loss: 0.38493 
train_loss: 0.377784 
test_loss: 0.377779 
train_loss: 0.375272 
test_loss: 0.371791 
train_loss: 0.362357 
test_loss: 0.365293 
train_loss: 0.358927 
test_loss: 0.359117 
train_loss: 0.350366 
test_loss: 0.35309 
train_loss: 0.349115 
test_loss: 0.347802 
train_loss: 0.342019 
test_loss: 0.343165 
train_loss: 0.336741 
test_loss: 0.339273 
train_loss: 0.337684 
test_loss: 0.335291 
train_loss: 0.332601 
test_loss: 0.331642 
train_loss: 0.331549 
test_loss: 0.327891 
train_loss: 0.323476 
test_loss: 0.324337 
train_loss: 0.312356 
test_loss: 0.320737 
train_loss: 0.312117 
test_loss: 0.317054 
train_loss: 0.316596 
test_loss: 0.313715 
train_loss: 0.316633 
test_loss: 0.31033 
train_loss: 0.302418 
test_loss: 0.306978 
train_loss: 0.310371 
test_loss: 0.303539 
train_loss: 0.295326 
test_loss: 0.300174 
train_loss: 0.295731 
test_loss: 0.296856 
train_loss: 0.29262 
test_loss: 0.293142 
train_loss: 0.292512 
test_loss: 0.289839 
train_loss: 0.294003 
test_loss: 0.28656 
train_loss: 0.279774 
test_loss: 0.282886 
train_loss: 0.279745 
test_loss: 0.279661 
train_loss: 0.279883 
test_loss: 0.276189 
train_loss: 0.27363 
test_loss: 0.27231 
train_loss: 0.269048 
test_loss: 0.268935 
train_loss: 0.265209 
test_loss: 0.265142 
train_loss: 0.26459 
test_loss: 0.261421 
train_loss: 0.262228 
test_loss: 0.257843 
train_loss: 0.258328 
test_loss: 0.254109 
train_loss: 0.251913 
test_loss: 0.250449 
train_loss: 0.250882 
test_loss: 0.246779 
train_loss: 0.24536 
test_loss: 0.243024 
train_loss: 0.238449 
test_loss: 0.238895 
train_loss: 0.237606 
test_loss: 0.235457 
train_loss: 0.228522 
test_loss: 0.231418 
train_loss: 0.225967 
test_loss: 0.227442 
train_loss: 0.222281 
test_loss: 0.223681 
train_loss: 0.217852 
test_loss: 0.219766 
train_loss: 0.21636 
test_loss: 0.215876 
train_loss: 0.214466 
test_loss: 0.211919 
train_loss: 0.213983 
test_loss: 0.20822 
train_loss: 0.21049 
test_loss: 0.203761 
train_loss: 0.200339 
test_loss: 0.200062 
train_loss: 0.195596 
test_loss: 0.195994 
train_loss: 0.194492 
test_loss: 0.192141 
train_loss: 0.188697 
test_loss: 0.18786 
train_loss: 0.182797 
test_loss: 0.184036 
train_loss: 0.180359 
test_loss: 0.179882 
train_loss: 0.177316 
test_loss: 0.17591 
train_loss: 0.173153 
test_loss: 0.171699 
train_loss: 0.168249 
test_loss: 0.167492 
train_loss: 0.167555 
test_loss: 0.163214 
train_loss: 0.159202 
test_loss: 0.159002 
train_loss: 0.156695 
test_loss: 0.154595 
train_loss: 0.147321 
test_loss: 0.149825 
train_loss: 0.145402 
test_loss: 0.145298 
train_loss: 0.138061 
test_loss: 0.139876 
train_loss: 0.137738 
test_loss: 0.135223 
train_loss: 0.136245 
test_loss: 0.130113 
train_loss: 0.121973 
test_loss: 0.124445 
train_loss: 0.118448 
test_loss: 0.119141 
train_loss: 0.118348 
test_loss: 0.114256 
train_loss: 0.117944 
test_loss: 0.10985 
train_loss: 0.107386 
test_loss: 0.106305 
train_loss: 0.10562 
test_loss: 0.103557 
train_loss: 0.101163 
test_loss: 0.101334 
train_loss: 0.0958164 
test_loss: 0.0995853 
train_loss: 0.099757 
test_loss: 0.0985039 
train_loss: 0.0964954 
test_loss: 0.0972343 
train_loss: 0.0982163 
test_loss: 0.0962472 
train_loss: 0.0967819 
test_loss: 0.0957726 
train_loss: 0.0951295 
test_loss: 0.0952797 
train_loss: 0.0913648 
test_loss: 0.0950781 
train_loss: 0.095196 
test_loss: 0.0948213 
train_loss: 0.0908362 
test_loss: 0.0938545 
train_loss: 0.0934049 
test_loss: 0.0939566 
train_loss: 0.0911808 
test_loss: 0.0940804 
train_loss: 0.0911779 
test_loss: 0.0936205 
train_loss: 0.0983569 
test_loss: 0.093294 
train_loss: 0.0879196 
test_loss: 0.0933421 
train_loss: 0.0898688 
test_loss: 0.0933905 
train_loss: 0.093357 
test_loss: 0.0933731 
train_loss: 0.0934487 
test_loss: 0.0937035 
train_loss: 0.0913479 
test_loss: 0.0930316 
train_loss: 0.0939804 
test_loss: 0.0937731 
train_loss: 0.0927659 
test_loss: 0.0934962 
train_loss: 0.0934953 
test_loss: 0.0930689 
train_loss: 0.0938033 
test_loss: 0.0932784 
train_loss: 0.0950186 
test_loss: 0.0931821 
train_loss: 0.0981859 
test_loss: 0.0932719 
train_loss: 0.0905905 
test_loss: 0.0928484 
train_loss: 0.0857995 
test_loss: 0.0932308 
train_loss: 0.0928351 
test_loss: 0.0928687 
train_loss: 0.0944163 
test_loss: 0.0933639 
train_loss: 0.0901639 
test_loss: 0.0934242 
train_loss: 0.0939033 
test_loss: 0.0930145 
train_loss: 0.0887 
test_loss: 0.0934065 
train_loss: 0.0929225 
test_loss: 0.0936477 
train_loss: 0.0910627 
test_loss: 0.0924074 
train_loss: 0.0920175 
test_loss: 0.0933088 
train_loss: 0.0951726 
test_loss: 0.093438 
train_loss: 0.0863756 
test_loss: 0.093302 
train_loss: 0.0909237 
test_loss: 0.0932111 
train_loss: 0.0935733 
test_loss: 0.0929853 
