train_loss: 2900.26 
test_loss: 7096.34 
train_loss: 3661.37 
test_loss: 9338.88 
train_loss: 12405.6 
test_loss: 15259.1 
train_loss: 4150.06 
test_loss: 21050.7 
train_loss: 7351.14 
test_loss: 9650.49 
train_loss: 5014.14 
test_loss: 11274.4 
train_loss: 6087.96 
test_loss: 8501.43 
train_loss: 14058.4 
test_loss: 18604.9 
train_loss: 3713.39 
test_loss: 9725.51 
train_loss: 2013.28 
test_loss: 13465.6 
train_loss: 1630.6 
test_loss: 5264.2 
train_loss: 4393.97 
test_loss: 6756.39 
train_loss: 3779.53 
test_loss: 3763.25 
train_loss: 75107.7 
test_loss: 183339 
train_loss: 5261.87 
test_loss: 15239.2 
train_loss: 3202 
test_loss: 10669.9 
train_loss: 3006.45 
test_loss: 7125.48 
train_loss: 4720.47 
test_loss: 5941.94 
train_loss: 3562.22 
test_loss: 19069.9 
train_loss: 16383.6 
test_loss: 21607.3 
train_loss: 1708.77 
test_loss: 9549.54 
train_loss: 1125.69 
test_loss: 5459.32 
train_loss: 1624.25 
test_loss: 15313.1 
train_loss: 3028.06 
test_loss: 10612.7 
train_loss: 3028.54 
test_loss: 12110.7 
train_loss: 1693.92 
test_loss: 5885.61 
train_loss: 1866.5 
test_loss: 10858.6 
train_loss: 8908.11 
test_loss: 149149 
train_loss: 2918.61 
test_loss: 30567.2 
train_loss: 8413.18 
test_loss: 13141.2 
train_loss: 2287.41 
test_loss: 4612.33 
train_loss: 1446.74 
test_loss: 10116.3 
train_loss: 1334.12 
test_loss: 12273.7 
train_loss: 1738.4 
test_loss: 170951 
train_loss: 2270.25 
test_loss: 7765.89 
train_loss: 4006.22 
test_loss: 6127.56 
train_loss: 1153.78 
test_loss: 9028.48 
train_loss: 3409.28 
test_loss: 7369.14 
train_loss: 2985.85 
test_loss: 99033.2 
train_loss: 5640.36 
test_loss: 17417.6 
train_loss: 3587.17 
test_loss: 11684.7 
train_loss: 2311.38 
test_loss: 7899.88 
train_loss: 4088.11 
test_loss: 22075.5 
train_loss: 10609.2 
test_loss: 5608.92 
train_loss: 4225.63 
test_loss: 6467.84 
train_loss: 12287.8 
test_loss: 4860.45 
train_loss: 3363.48 
test_loss: 5330.09 
train_loss: 3240.16 
test_loss: 5183.94 
train_loss: 15790.9 
test_loss: 10076.5 
train_loss: 934.992 
test_loss: 55731 
train_loss: 3332.88 
test_loss: 24073.7 
train_loss: 13876.4 
test_loss: 13348.8 
train_loss: 7387.76 
test_loss: 14825.8 
train_loss: 1241.31 
test_loss: 5545.96 
train_loss: 24652.2 
test_loss: 6033 
train_loss: 2507.87 
test_loss: 7077.77 
train_loss: 2054.91 
test_loss: 7860.89 
train_loss: 8850.87 
test_loss: 6428.28 
train_loss: 3659.33 
test_loss: 15015.9 
train_loss: 3661.55 
test_loss: 4928.83 
train_loss: 9031.83 
test_loss: 7162.9 
train_loss: 5343.96 
test_loss: 34973.9 
train_loss: 5536.42 
test_loss: 12476.4 
train_loss: 3806.07 
test_loss: 20348.2 
train_loss: 7865.12 
test_loss: 5263.38 
train_loss: 2008.78 
test_loss: 10874.9 
train_loss: 4312.15 
test_loss: 5024.49 
train_loss: 1267.31 
test_loss: 3815.66 
train_loss: 3162.77 
test_loss: 7900.17 
train_loss: 2425.31 
test_loss: 12503.7 
train_loss: 918.916 
test_loss: 40187.8 
train_loss: 4784.8 
test_loss: 5366.08 
train_loss: 3530.57 
test_loss: 5130.39 
train_loss: 3081.19 
test_loss: 6304.57 
train_loss: 9414.21 
test_loss: 10952.2 
train_loss: 1868.59 
test_loss: 11336.2 
train_loss: 3206.45 
test_loss: 16248.7 
train_loss: 10438 
test_loss: 6775.83 
train_loss: 3233.4 
test_loss: 8213.63 
train_loss: 5568.96 
test_loss: 4203.98 
train_loss: 2978.92 
test_loss: 8870.41 
train_loss: 6170.46 
test_loss: 11138.9 
train_loss: 44458.4 
test_loss: 8138.45 
train_loss: 2272.71 
test_loss: 6686.89 
train_loss: 3753.9 
test_loss: 6929.62 
train_loss: 107365 
test_loss: 8968.06 
train_loss: 6004.62 
test_loss: 10928.6 
train_loss: 12495.8 
test_loss: 8458.64 
train_loss: 2156.32 
test_loss: 5642.67 
train_loss: 2883.04 
test_loss: 13261.6 
train_loss: 1500.94 
test_loss: 5898.78 
train_loss: 10923.5 
test_loss: 5553.71 
train_loss: 12016.3 
test_loss: 5414.67 
train_loss: 3864.8 
test_loss: 21969.7 
train_loss: 2772.51 
test_loss: 6552.69 
train_loss: 2083.56 
test_loss: 82060.1 
train_loss: 4781.39 
test_loss: 27740.1 
train_loss: 1912.32 
test_loss: 7215.77 
train_loss: 4203.6 
test_loss: 3380.26 
train_loss: 1741.18 
test_loss: 5366.33 
train_loss: 5822.63 
test_loss: 6077.15 
train_loss: 13210.8 
test_loss: 4839.94 
train_loss: 4210.88 
test_loss: 54240.4 
train_loss: 1289.23 
test_loss: 12697.9 
train_loss: 2457.09 
test_loss: 11822.3 
train_loss: 4894.41 
test_loss: 16202 
train_loss: 5951.09 
test_loss: 7478.15 
train_loss: 1608.13 
test_loss: 13539.1 
train_loss: 1959.75 
test_loss: 22446.8 
train_loss: 9286.96 
test_loss: 12616.3 
train_loss: 1325.66 
test_loss: 80761.1 
train_loss: 3907.69 
test_loss: 8839.82 
train_loss: 2057.96 
test_loss: 11940.2 
train_loss: 3025.22 
test_loss: 19580.8 
train_loss: 5792.55 
test_loss: 6427.45 
train_loss: 22441.4 
test_loss: 15172.1 
train_loss: 3766.91 
test_loss: 13919.9 
train_loss: 1506.26 
test_loss: 16767 
train_loss: 7935.29 
test_loss: 24830.3 
train_loss: 3064.04 
test_loss: 5321.56 
train_loss: 11702.1 
test_loss: 7258.84 
train_loss: 5861.91 
test_loss: 134318 
train_loss: 27808.3 
test_loss: 6243.4 
train_loss: 3698.92 
test_loss: 147229 
train_loss: 1910.53 
test_loss: 19441.4 
train_loss: 3156.64 
test_loss: 6688.08 
train_loss: 2803.33 
test_loss: 12734.7 
train_loss: 1260.53 
test_loss: 7855.16 
train_loss: 989.484 
test_loss: 20091.8 
train_loss: 1000.93 
test_loss: 18935.9 
train_loss: 1879.24 
test_loss: 12039.6 
train_loss: 1461.91 
test_loss: 10409.5 
train_loss: 2002.45 
test_loss: 6987.13 
train_loss: 5013.1 
test_loss: 5716.78 
train_loss: 8122.21 
test_loss: 10538.1 
train_loss: 9684.07 
test_loss: 5559.53 
train_loss: 143219 
test_loss: 8317.32 
train_loss: 11211.2 
test_loss: 19798.8 
train_loss: 12975.8 
test_loss: 8243.26 
train_loss: 2464.68 
test_loss: 9437.25 
train_loss: 1961.72 
test_loss: 7967.39 
train_loss: 5551.78 
test_loss: 13785.7 
train_loss: 4089.16 
test_loss: 11456.5 
train_loss: 3083.11 
test_loss: 12045.8 
train_loss: 1743.85 
test_loss: 53639.1 
train_loss: 17347.8 
test_loss: 37098.3 
train_loss: 2111.48 
test_loss: 5836.6 
train_loss: 575.818 
test_loss: 6773.35 
train_loss: 2751.18 
test_loss: 22220.6 
train_loss: 1532.42 
test_loss: 11997.6 
train_loss: 994.806 
test_loss: 4921.81 
train_loss: 1669.61 
test_loss: 5227.48 
train_loss: 10453.4 
test_loss: 7561.2 
train_loss: 2948.21 
test_loss: 9794.48 
train_loss: 2627.15 
test_loss: 5253.03 
train_loss: 1433.61 
test_loss: 5236.36 
train_loss: 1413.15 
test_loss: 5214.29 
train_loss: 42027.2 
test_loss: 6062.66 
train_loss: 1529.82 
test_loss: 8096.39 
train_loss: 43690.9 
test_loss: 6511.33 
train_loss: 30984.1 
test_loss: 7234.68 
train_loss: 2737.96 
test_loss: 6139.25 
train_loss: 1323.96 
test_loss: 8269.12 
train_loss: 12592.2 
test_loss: 20957.3 
train_loss: 4239.04 
test_loss: 12383.4 
train_loss: 2202.11 
test_loss: 7395.73 
train_loss: 5303.71 
test_loss: 10947.5 
train_loss: 1865.85 
test_loss: 11828.5 
train_loss: 4079.8 
test_loss: 37515.6 
train_loss: 2151.41 
test_loss: 6220.9 
train_loss: 1923.44 
test_loss: 5765.94 
train_loss: 2449.12 
test_loss: 6736.35 
train_loss: 3094.6 
test_loss: 12941.7 
train_loss: 15770.7 
test_loss: 13686.5 
train_loss: 596.067 
test_loss: 21844.4 
train_loss: 21323.8 
test_loss: 5705.52 
train_loss: 7074.54 
test_loss: 6008.58 
train_loss: 1236.12 
test_loss: 29386.7 
train_loss: 1310.17 
test_loss: 7030.42 
train_loss: 1414.77 
test_loss: 5265.39 
train_loss: 5565.78 
test_loss: 13369.8 
train_loss: 2021.43 
test_loss: 22358.1 
train_loss: 2307.95 
test_loss: 13343 
train_loss: 1125.05 
test_loss: 10591.8 
train_loss: 704.997 
test_loss: 8642.8 
train_loss: 2223.81 
test_loss: 8702.28 
train_loss: 1204.31 
test_loss: 5235.86 
train_loss: 1195.99 
test_loss: 6083.07 
train_loss: 1918.04 
test_loss: 8064.05 
train_loss: 54985.6 
test_loss: 5980.17 
train_loss: 3425.47 
test_loss: 5241.06 
train_loss: 5909.68 
test_loss: 6720.91 
train_loss: 9097.66 
test_loss: 13488.5 
train_loss: 7532.68 
test_loss: 4798.34 
train_loss: 5461.79 
test_loss: 7568.39 
train_loss: 3596.01 
test_loss: 7214.09 
train_loss: 1329.94 
test_loss: 16834.6 
train_loss: 2233.66 
test_loss: 6373.61 
train_loss: 2064.78 
test_loss: 83318.5 
train_loss: 3934.97 
test_loss: 3679.56 
train_loss: 2146.49 
test_loss: 12837 
