train_loss: 0.078567 
test_loss: 0.078769 
train_loss: 0.066337 
test_loss: 0.067292 
train_loss: 0.054077 
test_loss: 0.053655 
train_loss: 0.049404 
test_loss: 0.049180 
train_loss: 0.046988 
test_loss: 0.046927 
train_loss: 0.045018 
test_loss: 0.046526 
train_loss: 0.043914 
test_loss: 0.044995 
train_loss: 0.042967 
test_loss: 0.044250 
train_loss: 0.043352 
test_loss: 0.043562 
train_loss: 0.043928 
test_loss: 0.042761 
train_loss: 0.040943 
test_loss: 0.042122 
train_loss: 0.040939 
test_loss: 0.040850 
train_loss: 0.039273 
test_loss: 0.039729 
train_loss: 0.037205 
test_loss: 0.038574 
train_loss: 0.035736 
test_loss: 0.036612 
train_loss: 0.034464 
test_loss: 0.034633 
train_loss: 0.031880 
test_loss: 0.032258 
train_loss: 0.030269 
test_loss: 0.030499 
train_loss: 0.028678 
test_loss: 0.029212 
train_loss: 0.028257 
test_loss: 0.027434 
train_loss: 0.025406 
test_loss: 0.026708 
train_loss: 0.024341 
test_loss: 0.025208 
train_loss: 0.024929 
test_loss: 0.024644 
train_loss: 0.022370 
test_loss: 0.023114 
train_loss: 0.021745 
test_loss: 0.022229 
train_loss: 0.021636 
test_loss: 0.021782 
train_loss: 0.021863 
test_loss: 0.020752 
train_loss: 0.019739 
test_loss: 0.020754 
train_loss: 0.019792 
test_loss: 0.019874 
train_loss: 0.018883 
test_loss: 0.019473 
train_loss: 0.018720 
test_loss: 0.019504 
train_loss: 0.018009 
test_loss: 0.018729 
train_loss: 0.017745 
test_loss: 0.018441 
train_loss: 0.017806 
test_loss: 0.017887 
train_loss: 0.017199 
test_loss: 0.018163 
train_loss: 0.016539 
test_loss: 0.017697 
train_loss: 0.016800 
test_loss: 0.017255 
train_loss: 0.016910 
test_loss: 0.017326 
train_loss: 0.016465 
test_loss: 0.016986 
train_loss: 0.016867 
test_loss: 0.016641 
train_loss: 0.015401 
test_loss: 0.016780 
train_loss: 0.015516 
test_loss: 0.016251 
train_loss: 0.015940 
test_loss: 0.016295 
train_loss: 0.015837 
test_loss: 0.016392 
train_loss: 0.015781 
test_loss: 0.015912 
train_loss: 0.014885 
test_loss: 0.016173 
train_loss: 0.015018 
test_loss: 0.015660 
train_loss: 0.015417 
test_loss: 0.015352 
train_loss: 0.014349 
test_loss: 0.015237 
train_loss: 0.014331 
test_loss: 0.015028 
train_loss: 0.014139 
test_loss: 0.014819 
train_loss: 0.014903 
test_loss: 0.015035 
train_loss: 0.014474 
test_loss: 0.014875 
train_loss: 0.014135 
test_loss: 0.014397 
train_loss: 0.014161 
test_loss: 0.014170 
train_loss: 0.014271 
test_loss: 0.014467 
train_loss: 0.014666 
test_loss: 0.015105 
train_loss: 0.014644 
test_loss: 0.014317 
train_loss: 0.013532 
test_loss: 0.013840 
train_loss: 0.013269 
test_loss: 0.014169 
train_loss: 0.014271 
test_loss: 0.014319 
train_loss: 0.013763 
test_loss: 0.014147 
train_loss: 0.013730 
test_loss: 0.013949 
train_loss: 0.014004 
test_loss: 0.013800 
train_loss: 0.012892 
test_loss: 0.013495 
train_loss: 0.012774 
test_loss: 0.013443 
train_loss: 0.013085 
test_loss: 0.013527 
train_loss: 0.013373 
test_loss: 0.013525 
train_loss: 0.012581 
test_loss: 0.013050 
train_loss: 0.012947 
test_loss: 0.013404 
train_loss: 0.012858 
test_loss: 0.013587 
train_loss: 0.013328 
test_loss: 0.013198 
train_loss: 0.012465 
test_loss: 0.013086 
train_loss: 0.013331 
test_loss: 0.013252 
train_loss: 0.012698 
test_loss: 0.013344 
train_loss: 0.012888 
test_loss: 0.013082 
train_loss: 0.012801 
test_loss: 0.013107 
train_loss: 0.013199 
test_loss: 0.012850 
train_loss: 0.012832 
test_loss: 0.012727 
train_loss: 0.012236 
test_loss: 0.012557 
train_loss: 0.012452 
test_loss: 0.012652 
train_loss: 0.012211 
test_loss: 0.012875 
train_loss: 0.012484 
test_loss: 0.013319 
train_loss: 0.012350 
test_loss: 0.012488 
train_loss: 0.012145 
test_loss: 0.012646 
train_loss: 0.012577 
test_loss: 0.012148 
train_loss: 0.012251 
test_loss: 0.012895 
train_loss: 0.011736 
test_loss: 0.012270 
train_loss: 0.011533 
test_loss: 0.012284 
train_loss: 0.012133 
test_loss: 0.012271 
train_loss: 0.011925 
test_loss: 0.012749 
