train_loss: 2.00001 
test_loss: 2.15099 
train_loss: 0.446666 
test_loss: 0.443569 
train_loss: 0.4387 
test_loss: 0.437964 
train_loss: 0.436819 
test_loss: 0.43635 
train_loss: 0.426583 
test_loss: 0.434508 
train_loss: 0.435844 
test_loss: 0.432455 
train_loss: 0.431179 
test_loss: 0.43021 
train_loss: 0.429534 
test_loss: 0.427788 
train_loss: 0.426115 
test_loss: 0.42519 
train_loss: 0.423129 
test_loss: 0.422428 
train_loss: 0.417382 
test_loss: 0.419502 
train_loss: 0.412263 
test_loss: 0.416411 
train_loss: 0.416901 
test_loss: 0.41319 
train_loss: 0.414877 
test_loss: 0.409805 
train_loss: 0.404801 
test_loss: 0.406315 
train_loss: 0.399316 
test_loss: 0.402656 
train_loss: 0.400291 
test_loss: 0.39886 
train_loss: 0.395609 
test_loss: 0.394957 
train_loss: 0.390567 
test_loss: 0.390907 
train_loss: 0.387449 
test_loss: 0.386734 
train_loss: 0.384392 
test_loss: 0.382439 
train_loss: 0.377049 
test_loss: 0.378015 
train_loss: 0.373868 
test_loss: 0.373496 
train_loss: 0.374766 
test_loss: 0.368821 
train_loss: 0.355601 
test_loss: 0.364048 
train_loss: 0.360435 
test_loss: 0.359155 
train_loss: 0.354044 
test_loss: 0.354169 
train_loss: 0.344274 
test_loss: 0.349055 
train_loss: 0.343746 
test_loss: 0.343841 
train_loss: 0.333767 
test_loss: 0.338515 
train_loss: 0.330758 
test_loss: 0.333102 
train_loss: 0.324114 
test_loss: 0.327577 
train_loss: 0.314944 
test_loss: 0.321954 
train_loss: 0.315692 
test_loss: 0.316254 
train_loss: 0.304149 
test_loss: 0.31044 
train_loss: 0.306236 
test_loss: 0.304571 
train_loss: 0.300965 
test_loss: 0.298607 
train_loss: 0.294652 
test_loss: 0.292594 
train_loss: 0.288968 
test_loss: 0.286546 
train_loss: 0.283334 
test_loss: 0.280439 
train_loss: 0.27365 
test_loss: 0.274325 
train_loss: 0.271119 
test_loss: 0.268206 
train_loss: 0.259605 
test_loss: 0.262073 
train_loss: 0.256708 
test_loss: 0.255927 
train_loss: 0.248332 
test_loss: 0.249806 
train_loss: 0.23963 
test_loss: 0.243694 
train_loss: 0.236674 
test_loss: 0.23759 
train_loss: 0.229966 
test_loss: 0.23152 
train_loss: 0.226159 
test_loss: 0.225487 
train_loss: 0.221694 
test_loss: 0.219507 
train_loss: 0.212249 
test_loss: 0.213576 
train_loss: 0.207997 
test_loss: 0.207699 
train_loss: 0.205073 
test_loss: 0.20189 
train_loss: 0.199304 
test_loss: 0.196153 
train_loss: 0.188518 
test_loss: 0.190492 
train_loss: 0.184212 
test_loss: 0.184939 
train_loss: 0.18108 
test_loss: 0.179513 
train_loss: 0.177987 
test_loss: 0.174235 
train_loss: 0.171543 
test_loss: 0.169139 
train_loss: 0.162309 
test_loss: 0.164231 
train_loss: 0.161327 
test_loss: 0.159541 
train_loss: 0.154188 
test_loss: 0.155085 
train_loss: 0.15151 
test_loss: 0.150881 
train_loss: 0.141767 
test_loss: 0.14693 
train_loss: 0.141283 
test_loss: 0.143219 
train_loss: 0.136441 
test_loss: 0.13976 
train_loss: 0.133366 
test_loss: 0.136531 
train_loss: 0.129967 
test_loss: 0.133532 
train_loss: 0.129623 
test_loss: 0.130746 
train_loss: 0.130894 
test_loss: 0.128161 
train_loss: 0.126514 
test_loss: 0.125742 
train_loss: 0.125841 
test_loss: 0.123482 
train_loss: 0.119748 
test_loss: 0.121348 
train_loss: 0.119956 
test_loss: 0.119327 
train_loss: 0.115108 
test_loss: 0.117396 
train_loss: 0.115422 
test_loss: 0.115527 
train_loss: 0.112341 
test_loss: 0.113703 
train_loss: 0.11298 
test_loss: 0.111905 
train_loss: 0.113442 
test_loss: 0.110141 
train_loss: 0.107575 
test_loss: 0.108403 
train_loss: 0.106093 
test_loss: 0.106708 
train_loss: 0.10422 
test_loss: 0.105081 
train_loss: 0.10484 
test_loss: 0.103546 
train_loss: 0.104554 
test_loss: 0.102136 
train_loss: 0.09878 
test_loss: 0.100866 
train_loss: 0.0980087 
test_loss: 0.0997359 
train_loss: 0.100068 
test_loss: 0.0987568 
train_loss: 0.0975783 
test_loss: 0.0979125 
train_loss: 0.0953034 
test_loss: 0.0972017 
train_loss: 0.0962636 
test_loss: 0.0965999 
train_loss: 0.0954269 
test_loss: 0.0960895 
train_loss: 0.0968062 
test_loss: 0.0956581 
train_loss: 0.0935379 
test_loss: 0.0952902 
train_loss: 0.0940749 
test_loss: 0.0949524 
train_loss: 0.0935033 
test_loss: 0.094658 
train_loss: 0.0945811 
test_loss: 0.0943996 
train_loss: 0.0976189 
test_loss: 0.0941385 
train_loss: 0.0933228 
test_loss: 0.0939052 
train_loss: 0.0929711 
test_loss: 0.0936719 
train_loss: 0.0946419 
test_loss: 0.0934443 
train_loss: 0.0919982 
test_loss: 0.0932227 
train_loss: 0.0947668 
test_loss: 0.0929996 
train_loss: 0.0941568 
test_loss: 0.0927634 
train_loss: 0.0920165 
test_loss: 0.0925161 
train_loss: 0.0871195 
test_loss: 0.0922836 
train_loss: 0.0934835 
test_loss: 0.0920295 
train_loss: 0.0921395 
test_loss: 0.091767 
train_loss: 0.0941813 
test_loss: 0.0914948 
train_loss: 0.0916248 
test_loss: 0.0911962 
train_loss: 0.094457 
test_loss: 0.0908949 
train_loss: 0.0877319 
test_loss: 0.0905713 
train_loss: 0.0903752 
test_loss: 0.0902129 
train_loss: 0.0905801 
test_loss: 0.0898513 
train_loss: 0.0878779 
test_loss: 0.0894197 
train_loss: 0.0886695 
test_loss: 0.0889888 
train_loss: 0.0916648 
test_loss: 0.0884913 
train_loss: 0.0849134 
test_loss: 0.0879565 
train_loss: 0.0869281 
test_loss: 0.0873784 
train_loss: 0.0853977 
test_loss: 0.0867487 
train_loss: 0.088733 
test_loss: 0.0860823 
train_loss: 0.0837358 
test_loss: 0.085334 
train_loss: 0.0863505 
test_loss: 0.0846135 
train_loss: 0.083811 
test_loss: 0.0838136 
train_loss: 0.0844576 
test_loss: 0.0830724 
train_loss: 0.0811458 
test_loss: 0.0822801 
train_loss: 0.0806906 
test_loss: 0.0815237 
train_loss: 0.0819776 
test_loss: 0.0807981 
train_loss: 0.0826692 
test_loss: 0.0800144 
train_loss: 0.0789529 
test_loss: 0.0792939 
train_loss: 0.0750538 
test_loss: 0.0786082 
train_loss: 0.0747046 
test_loss: 0.0778512 
train_loss: 0.0770971 
test_loss: 0.0771442 
train_loss: 0.0748595 
test_loss: 0.0764582 
train_loss: 0.0746883 
test_loss: 0.0757187 
train_loss: 0.0750633 
test_loss: 0.0750159 
train_loss: 0.0748869 
test_loss: 0.0743166 
train_loss: 0.0774977 
test_loss: 0.0736162 
train_loss: 0.0738439 
test_loss: 0.072952 
train_loss: 0.0721908 
test_loss: 0.0722451 
train_loss: 0.0678152 
test_loss: 0.0715707 
train_loss: 0.0703177 
test_loss: 0.0709387 
train_loss: 0.0701514 
test_loss: 0.070319 
train_loss: 0.0701319 
test_loss: 0.0697603 
train_loss: 0.0678016 
test_loss: 0.0691187 
train_loss: 0.0687634 
test_loss: 0.0685006 
train_loss: 0.0656971 
test_loss: 0.0679452 
train_loss: 0.06782 
test_loss: 0.0674368 
train_loss: 0.0666293 
test_loss: 0.0669227 
train_loss: 0.0660855 
test_loss: 0.0663945 
train_loss: 0.0664503 
test_loss: 0.0659012 
train_loss: 0.0624114 
test_loss: 0.0654475 
train_loss: 0.0662442 
test_loss: 0.0649439 
train_loss: 0.0633342 
test_loss: 0.0644995 
train_loss: 0.065479 
test_loss: 0.064089 
train_loss: 0.0643887 
test_loss: 0.0636915 
train_loss: 0.0590582 
test_loss: 0.0633117 
train_loss: 0.0625103 
test_loss: 0.063047 
train_loss: 0.0615337 
test_loss: 0.0626685 
train_loss: 0.0614211 
test_loss: 0.062369 
train_loss: 0.0636746 
test_loss: 0.0621078 
train_loss: 0.0584609 
test_loss: 0.0617571 
train_loss: 0.0637939 
test_loss: 0.0615463 
train_loss: 0.0643887 
test_loss: 0.0612571 
train_loss: 0.0609792 
test_loss: 0.0611115 
train_loss: 0.0595769 
test_loss: 0.0608464 
train_loss: 0.0576586 
test_loss: 0.060614 
train_loss: 0.0599552 
test_loss: 0.0603811 
train_loss: 0.058036 
test_loss: 0.0603235 
train_loss: 0.0583868 
test_loss: 0.0600949 
train_loss: 0.0614787 
test_loss: 0.0598653 
train_loss: 0.0598514 
test_loss: 0.0596355 
train_loss: 0.0605903 
test_loss: 0.0595142 
train_loss: 0.0575057 
test_loss: 0.0593397 
train_loss: 0.0601222 
test_loss: 0.0591206 
train_loss: 0.05737 
test_loss: 0.0590298 
train_loss: 0.0590501 
test_loss: 0.0588008 
train_loss: 0.0573378 
test_loss: 0.0586896 
train_loss: 0.0586658 
test_loss: 0.0585602 
train_loss: 0.0578385 
test_loss: 0.0583613 
train_loss: 0.0574673 
test_loss: 0.0584722 
train_loss: 0.0587207 
test_loss: 0.0582219 
train_loss: 0.0564032 
test_loss: 0.058036 
train_loss: 0.0587757 
test_loss: 0.057959 
train_loss: 0.0561332 
test_loss: 0.057776 
train_loss: 0.0551963 
test_loss: 0.0577823 
train_loss: 0.0564458 
test_loss: 0.0576434 
train_loss: 0.0570396 
test_loss: 0.0575003 
train_loss: 0.0574916 
test_loss: 0.057503 
train_loss: 0.0566348 
test_loss: 0.057331 
train_loss: 0.0568618 
test_loss: 0.05729 
train_loss: 0.0537731 
test_loss: 0.0571456 
train_loss: 0.0560306 
test_loss: 0.0571089 
train_loss: 0.0548071 
test_loss: 0.0570832 
train_loss: 0.0565332 
test_loss: 0.0569612 
train_loss: 0.0558428 
test_loss: 0.0568771 
train_loss: 0.0564156 
test_loss: 0.0568635 
train_loss: 0.0542798 
test_loss: 0.0567703 
train_loss: 0.0526867 
test_loss: 0.0566854 
train_loss: 0.0552936 
test_loss: 0.0566119 
train_loss: 0.0543948 
test_loss: 0.0565766 
train_loss: 0.0549578 
test_loss: 0.0564873 
train_loss: 0.0548613 
test_loss: 0.0564454 
train_loss: 0.0568449 
test_loss: 0.0564877 
train_loss: 0.0544019 
test_loss: 0.056412 
train_loss: 0.0573004 
test_loss: 0.0562867 
train_loss: 0.0548498 
test_loss: 0.0562264 
train_loss: 0.0535686 
test_loss: 0.0561475 
train_loss: 0.0559761 
test_loss: 0.0560362 
train_loss: 0.0582641 
test_loss: 0.056078 
train_loss: 0.0547646 
test_loss: 0.0559567 
train_loss: 0.0562107 
test_loss: 0.0559043 
train_loss: 0.0552767 
test_loss: 0.0557703 
train_loss: 0.0552513 
test_loss: 0.055644 
train_loss: 0.0557659 
test_loss: 0.0555908 
train_loss: 0.0578373 
test_loss: 0.0555111 
train_loss: 0.0527536 
test_loss: 0.0554252 
train_loss: 0.0535612 
test_loss: 0.0555149 
train_loss: 0.0518881 
test_loss: 0.0554193 
train_loss: 0.0530088 
test_loss: 0.0549994 
train_loss: 0.0539717 
test_loss: 0.054995 
train_loss: 0.0561541 
test_loss: 0.0548428 
train_loss: 0.0555748 
test_loss: 0.0546388 
train_loss: 0.053286 
test_loss: 0.0545662 
train_loss: 0.0542694 
test_loss: 0.054446 
train_loss: 0.0552473 
test_loss: 0.054183 
train_loss: 0.0528123 
test_loss: 0.0541077 
train_loss: 0.0534184 
test_loss: 0.0538256 
train_loss: 0.0535424 
test_loss: 0.0537073 
train_loss: 0.0509205 
test_loss: 0.0534742 
train_loss: 0.05175 
test_loss: 0.0530993 
train_loss: 0.0510903 
test_loss: 0.0528092 
train_loss: 0.0528107 
test_loss: 0.0523272 
train_loss: 0.049936 
test_loss: 0.0520259 
train_loss: 0.051737 
test_loss: 0.0516009 
train_loss: 0.0502486 
test_loss: 0.0509432 
train_loss: 0.0507652 
test_loss: 0.0504189 
train_loss: 0.0483887 
test_loss: 0.0496902 
train_loss: 0.0484607 
test_loss: 0.0493714 
train_loss: 0.0462126 
test_loss: 0.0481483 
train_loss: 0.043573 
test_loss: 0.0470628 
train_loss: 0.044088 
test_loss: 0.0460808 
train_loss: 0.042977 
test_loss: 0.0445689 
train_loss: 0.0435988 
test_loss: 0.0429811 
train_loss: 0.0436403 
test_loss: 0.041646 
train_loss: 0.0400144 
test_loss: 0.0396602 
train_loss: 0.0374953 
test_loss: 0.0378824 
train_loss: 0.0351447 
test_loss: 0.0355561 
train_loss: 0.0335322 
test_loss: 0.0342132 
train_loss: 0.032879 
test_loss: 0.0327818 
train_loss: 0.0285673 
test_loss: 0.0312715 
train_loss: 0.0300422 
test_loss: 0.0290458 
train_loss: 0.0296058 
test_loss: 0.0284674 
train_loss: 0.0260565 
test_loss: 0.0271856 
train_loss: 0.0264623 
test_loss: 0.0262076 
train_loss: 0.0265143 
test_loss: 0.0257894 
train_loss: 0.0238524 
test_loss: 0.0244979 
train_loss: 0.0238606 
test_loss: 0.0253433 
train_loss: 0.0239027 
test_loss: 0.0235708 
train_loss: 0.0242206 
test_loss: 0.0236339 
train_loss: 0.0237498 
test_loss: 0.0232393 
train_loss: 0.0236683 
test_loss: 0.0238765 
train_loss: 0.0229211 
test_loss: 0.0229724 
train_loss: 0.0212162 
test_loss: 0.0221022 
train_loss: 0.0218678 
test_loss: 0.0215235 
train_loss: 0.0215109 
test_loss: 0.0213076 
train_loss: 0.0207929 
test_loss: 0.0204918 
train_loss: 0.0205603 
test_loss: 0.0202548 
train_loss: 0.0203404 
test_loss: 0.0199769 
train_loss: 0.0203928 
test_loss: 0.0201804 
train_loss: 0.0200091 
test_loss: 0.0197164 
train_loss: 0.0214004 
test_loss: 0.0198529 
train_loss: 0.0191054 
test_loss: 0.0194483 
train_loss: 0.0189539 
test_loss: 0.0194829 
train_loss: 0.0183605 
test_loss: 0.0188186 
train_loss: 0.020098 
test_loss: 0.0190972 
train_loss: 0.0186016 
test_loss: 0.0196636 
train_loss: 0.017899 
test_loss: 0.018358 
train_loss: 0.0200252 
test_loss: 0.0189061 
train_loss: 0.0176392 
test_loss: 0.0183696 
train_loss: 0.0186338 
test_loss: 0.0192076 
train_loss: 0.0162763 
test_loss: 0.0178909 
train_loss: 0.0185372 
test_loss: 0.0180333 
train_loss: 0.0180267 
test_loss: 0.019877 
train_loss: 0.0185621 
test_loss: 0.0195311 
train_loss: 0.0177938 
test_loss: 0.0177645 
train_loss: 0.0180265 
test_loss: 0.0172951 
train_loss: 0.01621 
test_loss: 0.0174226 
train_loss: 0.0184015 
test_loss: 0.0177046 
train_loss: 0.0192202 
test_loss: 0.0181852 
train_loss: 0.0171203 
test_loss: 0.0171611 
train_loss: 0.0175627 
test_loss: 0.0175537 
train_loss: 0.0164464 
test_loss: 0.0187684 
train_loss: 0.0167164 
test_loss: 0.0168354 
train_loss: 0.0163378 
test_loss: 0.0173174 
train_loss: 0.0176796 
test_loss: 0.0171708 
train_loss: 0.0177908 
test_loss: 0.0183438 
train_loss: 0.016882 
test_loss: 0.0168091 
train_loss: 0.0161632 
test_loss: 0.016674 
train_loss: 0.0171385 
test_loss: 0.0167879 
train_loss: 0.0158006 
test_loss: 0.0164483 
train_loss: 0.016491 
test_loss: 0.0170535 
train_loss: 0.0188669 
test_loss: 0.0169976 
train_loss: 0.0166626 
test_loss: 0.0164006 
train_loss: 0.0167274 
test_loss: 0.0170646 
train_loss: 0.0169921 
test_loss: 0.0179066 
train_loss: 0.015895 
test_loss: 0.0163792 
train_loss: 0.0162419 
test_loss: 0.0162433 
train_loss: 0.0159532 
test_loss: 0.0166459 
train_loss: 0.0158207 
test_loss: 0.0162132 
train_loss: 0.0158088 
test_loss: 0.0160377 
train_loss: 0.016757 
test_loss: 0.0160844 
train_loss: 0.0161196 
test_loss: 0.0158009 
train_loss: 0.0162426 
test_loss: 0.0168084 
train_loss: 0.015852 
test_loss: 0.0168778 
train_loss: 0.0157065 
test_loss: 0.0160677 
train_loss: 0.0155918 
test_loss: 0.0160992 
train_loss: 0.0179568 
test_loss: 0.0162705 
train_loss: 0.0153848 
test_loss: 0.0160639 
train_loss: 0.0167729 
test_loss: 0.0161394 
train_loss: 0.0166759 
test_loss: 0.0165339 
train_loss: 0.0157969 
test_loss: 0.0161185 
