train_loss: 0.011402 
test_loss: 0.010863 
train_loss: 0.006803 
test_loss: 0.006994 
train_loss: 0.005456 
test_loss: 0.005084 
train_loss: 0.004541 
test_loss: 0.004118 
train_loss: 0.004555 
test_loss: 0.004393 
train_loss: 0.004331 
test_loss: 0.004349 
train_loss: 0.004045 
test_loss: 0.004215 
train_loss: 0.003954 
test_loss: 0.004757 
train_loss: 0.003580 
test_loss: 0.003738 
train_loss: 0.003341 
test_loss: 0.003407 
train_loss: 0.003656 
test_loss: 0.003885 
train_loss: 0.003455 
test_loss: 0.003154 
train_loss: 0.002961 
test_loss: 0.003242 
train_loss: 0.002596 
test_loss: 0.003222 
train_loss: 0.004385 
test_loss: 0.003301 
train_loss: 0.003471 
test_loss: 0.004144 
train_loss: 0.002993 
test_loss: 0.002796 
train_loss: 0.003326 
test_loss: 0.003481 
train_loss: 0.002974 
test_loss: 0.003034 
train_loss: 0.002974 
test_loss: 0.002694 
train_loss: 0.003344 
test_loss: 0.003255 
train_loss: 0.003185 
test_loss: 0.003170 
train_loss: 0.003474 
test_loss: 0.003445 
train_loss: 0.003315 
test_loss: 0.003081 
train_loss: 0.002875 
test_loss: 0.002978 
train_loss: 0.002999 
test_loss: 0.003069 
train_loss: 0.002734 
test_loss: 0.003332 
train_loss: 0.002853 
test_loss: 0.003097 
train_loss: 0.003047 
test_loss: 0.002846 
train_loss: 0.002773 
test_loss: 0.003518 
train_loss: 0.003202 
test_loss: 0.002659 
train_loss: 0.002588 
test_loss: 0.002959 
train_loss: 0.003016 
test_loss: 0.003068 
train_loss: 0.002707 
test_loss: 0.002609 
train_loss: 0.002839 
test_loss: 0.002849 
train_loss: 0.002706 
test_loss: 0.002940 
train_loss: 0.002887 
test_loss: 0.002882 
train_loss: 0.002519 
test_loss: 0.002515 
train_loss: 0.002740 
test_loss: 0.002390 
train_loss: 0.002284 
test_loss: 0.002363 
train_loss: 0.002515 
test_loss: 0.002695 
