train_loss: 0.079273 
test_loss: 0.073960 
train_loss: 0.071860 
test_loss: 0.065922 
train_loss: 0.075514 
test_loss: 0.065439 
train_loss: 0.068670 
test_loss: 0.064228 
train_loss: 0.079199 
test_loss: 0.063338 
train_loss: 0.052741 
test_loss: 0.062715 
train_loss: 0.052203 
test_loss: 0.062508 
train_loss: 0.069425 
test_loss: 0.063253 
train_loss: 0.061423 
test_loss: 0.063223 
train_loss: 0.052169 
test_loss: 0.062534 
train_loss: 0.066829 
test_loss: 0.062136 
train_loss: 0.055826 
test_loss: 0.062535 
train_loss: 0.058881 
test_loss: 0.062489 
train_loss: 0.066037 
test_loss: 0.061698 
train_loss: 0.048428 
test_loss: 0.062112 
train_loss: 0.056950 
test_loss: 0.061815 
train_loss: 0.065246 
test_loss: 0.062118 
train_loss: 0.061334 
test_loss: 0.062279 
train_loss: 0.059481 
test_loss: 0.062273 
train_loss: 0.056731 
test_loss: 0.062686 
train_loss: 0.081361 
test_loss: 0.061689 
train_loss: 0.066612 
test_loss: 0.061673 
train_loss: 0.074681 
test_loss: 0.062467 
train_loss: 0.058560 
test_loss: 0.061554 
train_loss: 0.060194 
test_loss: 0.061798 
train_loss: 0.055133 
test_loss: 0.061608 
train_loss: 0.057286 
test_loss: 0.061243 
train_loss: 0.062286 
test_loss: 0.061760 
train_loss: 0.059925 
test_loss: 0.061448 
train_loss: 0.059246 
test_loss: 0.061582 
train_loss: 0.055489 
test_loss: 0.061423 
train_loss: 0.053643 
test_loss: 0.061876 
train_loss: 0.056884 
test_loss: 0.061419 
train_loss: 0.064214 
test_loss: 0.061565 
train_loss: 0.053576 
test_loss: 0.062234 
train_loss: 0.062375 
test_loss: 0.061314 
train_loss: 0.056796 
test_loss: 0.061161 
train_loss: 0.054764 
test_loss: 0.061451 
train_loss: 0.052743 
test_loss: 0.062214 
train_loss: 0.056731 
test_loss: 0.061328 
train_loss: 0.052928 
test_loss: 0.061554 
train_loss: 0.056794 
test_loss: 0.060622 
train_loss: 0.061888 
test_loss: 0.060754 
train_loss: 0.056464 
test_loss: 0.060022 
train_loss: 0.053599 
test_loss: 0.060242 
train_loss: 0.053170 
test_loss: 0.059430 
train_loss: 0.062740 
test_loss: 0.059171 
train_loss: 0.062048 
test_loss: 0.059404 
train_loss: 0.064659 
test_loss: 0.058691 
train_loss: 0.062582 
test_loss: 0.058205 
train_loss: 0.050053 
test_loss: 0.057564 
train_loss: 0.056294 
test_loss: 0.056068 
train_loss: 0.049723 
test_loss: 0.055253 
train_loss: 0.061818 
test_loss: 0.053633 
train_loss: 0.054507 
test_loss: 0.052798 
train_loss: 0.043890 
test_loss: 0.051660 
train_loss: 0.050221 
test_loss: 0.051179 
train_loss: 0.048299 
test_loss: 0.051257 
train_loss: 0.045832 
test_loss: 0.050985 
train_loss: 0.047740 
test_loss: 0.050919 
train_loss: 0.046678 
test_loss: 0.050845 
train_loss: 0.057446 
test_loss: 0.050627 
train_loss: 0.048601 
test_loss: 0.050172 
train_loss: 0.050459 
test_loss: 0.050540 
train_loss: 0.042725 
test_loss: 0.049860 
train_loss: 0.043973 
test_loss: 0.049979 
train_loss: 0.053903 
test_loss: 0.049920 
train_loss: 0.049358 
test_loss: 0.049760 
train_loss: 0.041109 
test_loss: 0.049246 
train_loss: 0.047841 
test_loss: 0.049036 
train_loss: 0.049156 
test_loss: 0.048334 
train_loss: 0.044246 
test_loss: 0.048401 
train_loss: 0.045807 
test_loss: 0.048062 
train_loss: 0.044796 
test_loss: 0.047598 
train_loss: 0.053436 
test_loss: 0.047726 
train_loss: 0.048988 
test_loss: 0.047353 
train_loss: 0.047637 
test_loss: 0.047081 
train_loss: 0.043825 
test_loss: 0.047088 
train_loss: 0.043711 
test_loss: 0.047227 
train_loss: 0.048142 
test_loss: 0.046678 
train_loss: 0.046538 
test_loss: 0.046913 
train_loss: 0.046038 
test_loss: 0.046662 
train_loss: 0.047441 
test_loss: 0.046872 
train_loss: 0.045619 
test_loss: 0.046400 
train_loss: 0.046792 
test_loss: 0.046308 
train_loss: 0.045616 
test_loss: 0.046639 
train_loss: 0.041180 
test_loss: 0.046188 
train_loss: 0.042513 
test_loss: 0.046443 
train_loss: 0.047799 
test_loss: 0.046067 
train_loss: 0.035337 
test_loss: 0.046398 
train_loss: 0.040653 
test_loss: 0.046123 
train_loss: 0.040958 
test_loss: 0.046382 
train_loss: 0.042167 
test_loss: 0.045865 
train_loss: 0.051429 
test_loss: 0.046211 
train_loss: 0.042800 
test_loss: 0.046149 
train_loss: 0.049096 
test_loss: 0.045243 
train_loss: 0.041025 
test_loss: 0.045494 
train_loss: 0.062654 
test_loss: 0.045595 
train_loss: 0.042236 
test_loss: 0.045279 
train_loss: 0.042228 
test_loss: 0.045520 
train_loss: 0.043485 
test_loss: 0.045082 
train_loss: 0.047046 
test_loss: 0.045604 
train_loss: 0.049046 
test_loss: 0.045146 
train_loss: 0.044357 
test_loss: 0.045123 
train_loss: 0.040763 
test_loss: 0.044870 
train_loss: 0.037706 
test_loss: 0.044733 
train_loss: 0.043808 
test_loss: 0.044679 
train_loss: 0.045269 
test_loss: 0.044690 
train_loss: 0.042074 
test_loss: 0.044208 
train_loss: 0.040501 
test_loss: 0.044566 
train_loss: 0.039682 
test_loss: 0.044194 
train_loss: 0.048012 
test_loss: 0.043378 
train_loss: 0.041300 
test_loss: 0.043054 
train_loss: 0.041002 
test_loss: 0.042898 
train_loss: 0.038174 
test_loss: 0.042250 
train_loss: 0.041699 
test_loss: 0.042302 
train_loss: 0.039167 
test_loss: 0.041924 
train_loss: 0.035553 
test_loss: 0.042137 
train_loss: 0.039771 
test_loss: 0.041301 
train_loss: 0.039973 
test_loss: 0.041200 
train_loss: 0.033790 
test_loss: 0.041508 
train_loss: 0.035590 
test_loss: 0.041384 
train_loss: 0.036360 
test_loss: 0.041087 
train_loss: 0.038573 
test_loss: 0.040614 
train_loss: 0.035598 
test_loss: 0.041128 
train_loss: 0.039510 
test_loss: 0.040399 
train_loss: 0.039547 
test_loss: 0.040241 
train_loss: 0.038617 
test_loss: 0.040283 
train_loss: 0.035253 
test_loss: 0.040019 
train_loss: 0.052288 
test_loss: 0.040197 
train_loss: 0.035636 
test_loss: 0.040324 
train_loss: 0.038314 
test_loss: 0.039952 
train_loss: 0.083010 
test_loss: 0.039803 
train_loss: 0.038886 
test_loss: 0.039592 
train_loss: 0.041078 
test_loss: 0.039695 
train_loss: 0.038212 
test_loss: 0.039952 
train_loss: 0.040585 
test_loss: 0.039532 
train_loss: 0.036144 
test_loss: 0.039517 
train_loss: 0.033399 
test_loss: 0.039511 
train_loss: 0.036550 
test_loss: 0.039593 
train_loss: 0.037271 
test_loss: 0.039184 
train_loss: 0.039043 
test_loss: 0.039548 
train_loss: 0.032265 
test_loss: 0.039015 
train_loss: 0.040136 
test_loss: 0.039069 
train_loss: 0.037949 
test_loss: 0.039521 
train_loss: 0.042625 
test_loss: 0.039208 
train_loss: 0.039334 
test_loss: 0.039088 
train_loss: 0.039103 
test_loss: 0.038927 
train_loss: 0.044097 
test_loss: 0.039165 
train_loss: 0.036592 
test_loss: 0.039058 
train_loss: 0.032940 
test_loss: 0.038545 
train_loss: 0.034005 
test_loss: 0.038624 
train_loss: 0.035621 
test_loss: 0.038749 
train_loss: 0.037711 
test_loss: 0.039107 
train_loss: 0.038097 
test_loss: 0.038760 
train_loss: 0.035088 
test_loss: 0.038361 
train_loss: 0.058548 
test_loss: 0.038358 
train_loss: 0.039003 
test_loss: 0.038405 
train_loss: 0.040918 
test_loss: 0.038065 
train_loss: 0.033016 
test_loss: 0.038125 
train_loss: 0.033639 
test_loss: 0.037815 
train_loss: 0.033359 
test_loss: 0.038009 
train_loss: 0.033182 
test_loss: 0.038025 
train_loss: 0.037043 
test_loss: 0.037793 
train_loss: 0.033350 
test_loss: 0.037967 
train_loss: 0.034421 
test_loss: 0.037707 
train_loss: 0.033612 
test_loss: 0.038143 
train_loss: 0.036403 
test_loss: 0.037477 
train_loss: 0.035797 
test_loss: 0.037756 
train_loss: 0.038113 
test_loss: 0.037910 
train_loss: 0.035057 
test_loss: 0.037584 
train_loss: 0.033194 
test_loss: 0.037336 
train_loss: 0.031870 
test_loss: 0.037478 
train_loss: 0.040459 
test_loss: 0.038273 
train_loss: 0.036982 
test_loss: 0.037679 
train_loss: 0.034770 
test_loss: 0.037666 
train_loss: 0.036754 
test_loss: 0.037272 
train_loss: 0.040877 
test_loss: 0.037224 
train_loss: 0.032325 
test_loss: 0.037088 
train_loss: 0.040108 
test_loss: 0.037042 
train_loss: 0.039538 
test_loss: 0.037212 
train_loss: 0.033456 
test_loss: 0.037030 
train_loss: 0.031289 
test_loss: 0.037106 
train_loss: 0.032345 
test_loss: 0.037146 
train_loss: 0.032498 
test_loss: 0.036770 
train_loss: 0.031186 
test_loss: 0.036965 
train_loss: 0.034861 
test_loss: 0.036314 
train_loss: 0.040478 
test_loss: 0.036645 
train_loss: 0.037260 
test_loss: 0.036547 
train_loss: 0.039109 
test_loss: 0.036551 
train_loss: 0.039570 
test_loss: 0.036460 
train_loss: 0.033957 
test_loss: 0.036170 
train_loss: 0.036857 
test_loss: 0.036418 
train_loss: 0.032524 
test_loss: 0.036226 
train_loss: 0.033102 
test_loss: 0.036177 
train_loss: 0.034912 
test_loss: 0.036105 
train_loss: 0.035824 
test_loss: 0.035952 
train_loss: 0.032296 
test_loss: 0.035935 
train_loss: 0.031686 
test_loss: 0.036130 
train_loss: 0.031304 
test_loss: 0.035906 
train_loss: 0.035900 
test_loss: 0.035874 
train_loss: 0.029711 
test_loss: 0.035983 
train_loss: 0.030778 
test_loss: 0.035751 
train_loss: 0.048832 
test_loss: 0.036097 
train_loss: 0.034099 
test_loss: 0.036304 
train_loss: 0.031242 
test_loss: 0.035684 
train_loss: 0.035187 
test_loss: 0.035725 
train_loss: 0.032535 
test_loss: 0.035931 
train_loss: 0.031897 
test_loss: 0.035573 
train_loss: 0.034120 
test_loss: 0.035662 
train_loss: 0.029473 
test_loss: 0.035593 
train_loss: 0.033530 
test_loss: 0.035429 
train_loss: 0.035836 
test_loss: 0.035359 
train_loss: 0.031990 
test_loss: 0.035614 
train_loss: 0.034934 
test_loss: 0.035750 
train_loss: 0.031531 
test_loss: 0.035555 
train_loss: 0.032470 
test_loss: 0.035344 
train_loss: 0.031590 
test_loss: 0.035217 
train_loss: 0.033530 
test_loss: 0.035466 
train_loss: 0.032564 
test_loss: 0.035109 
train_loss: 0.033050 
test_loss: 0.035234 
train_loss: 0.032462 
test_loss: 0.034981 
train_loss: 0.032255 
test_loss: 0.035074 
train_loss: 0.031569 
test_loss: 0.034881 
train_loss: 0.031470 
test_loss: 0.034782 
train_loss: 0.032929 
test_loss: 0.034968 
train_loss: 0.032937 
test_loss: 0.034512 
train_loss: 0.031460 
test_loss: 0.034508 
train_loss: 0.033008 
test_loss: 0.034439 
train_loss: 0.038597 
test_loss: 0.034273 
train_loss: 0.041707 
test_loss: 0.034401 
train_loss: 0.032013 
test_loss: 0.034468 
train_loss: 0.032005 
test_loss: 0.033959 
train_loss: 0.033295 
test_loss: 0.033864 
train_loss: 0.031771 
test_loss: 0.033850 
train_loss: 0.046474 
test_loss: 0.034023 
train_loss: 0.037363 
test_loss: 0.033773 
train_loss: 0.033379 
test_loss: 0.034121 
train_loss: 0.032233 
test_loss: 0.033426 
train_loss: 0.033279 
test_loss: 0.033542 
train_loss: 0.031107 
test_loss: 0.033807 
train_loss: 0.033311 
test_loss: 0.033552 
train_loss: 0.029983 
test_loss: 0.033712 
train_loss: 0.027504 
test_loss: 0.033302 
train_loss: 0.034812 
test_loss: 0.033486 
train_loss: 0.029828 
test_loss: 0.033186 
train_loss: 0.030875 
test_loss: 0.033483 
train_loss: 0.028436 
test_loss: 0.033491 
train_loss: 0.029043 
test_loss: 0.033324 
train_loss: 0.030009 
test_loss: 0.033003 
train_loss: 0.027870 
test_loss: 0.033221 
train_loss: 0.025935 
test_loss: 0.033019 
train_loss: 0.029121 
test_loss: 0.032881 
train_loss: 0.033532 
test_loss: 0.032892 
train_loss: 0.029389 
test_loss: 0.032821 
train_loss: 0.031829 
test_loss: 0.032704 
train_loss: 0.028603 
test_loss: 0.032749 
train_loss: 0.027215 
test_loss: 0.033053 
train_loss: 0.029327 
test_loss: 0.032643 
train_loss: 0.029622 
test_loss: 0.032824 
train_loss: 0.027776 
test_loss: 0.032436 
train_loss: 0.028200 
test_loss: 0.032604 
train_loss: 0.031456 
test_loss: 0.032542 
train_loss: 0.035717 
test_loss: 0.032447 
train_loss: 0.030086 
test_loss: 0.033155 
train_loss: 0.030722 
test_loss: 0.032419 
train_loss: 0.030560 
test_loss: 0.032338 
train_loss: 0.027837 
test_loss: 0.032679 
train_loss: 0.031946 
test_loss: 0.032086 
train_loss: 0.032476 
test_loss: 0.032219 
train_loss: 0.028180 
test_loss: 0.032401 
train_loss: 0.030284 
test_loss: 0.032112 
train_loss: 0.030480 
test_loss: 0.032291 
train_loss: 0.035971 
test_loss: 0.032080 
train_loss: 0.029389 
test_loss: 0.032051 
train_loss: 0.029426 
test_loss: 0.032293 
train_loss: 0.028540 
test_loss: 0.032202 
train_loss: 0.030596 
test_loss: 0.032042 
train_loss: 0.033764 
test_loss: 0.032070 
train_loss: 0.036291 
test_loss: 0.032084 
train_loss: 0.032268 
test_loss: 0.032215 
train_loss: 0.028913 
test_loss: 0.031905 
train_loss: 0.032751 
test_loss: 0.031958 
train_loss: 0.031991 
test_loss: 0.032076 
train_loss: 0.046131 
test_loss: 0.031833 
train_loss: 0.030750 
test_loss: 0.032104 
train_loss: 0.026754 
test_loss: 0.031825 
train_loss: 0.029304 
test_loss: 0.031934 
train_loss: 0.035696 
test_loss: 0.032091 
train_loss: 0.027265 
test_loss: 0.032145 
train_loss: 0.032392 
test_loss: 0.031838 
train_loss: 0.029021 
test_loss: 0.031662 
train_loss: 0.029946 
test_loss: 0.031527 
train_loss: 0.027699 
test_loss: 0.031959 
train_loss: 0.029392 
test_loss: 0.031450 
train_loss: 0.031225 
test_loss: 0.031649 
train_loss: 0.029736 
test_loss: 0.031532 
train_loss: 0.030437 
test_loss: 0.031764 
train_loss: 0.027449 
test_loss: 0.031668 
train_loss: 0.028596 
test_loss: 0.031458 
train_loss: 0.032538 
test_loss: 0.031781 
train_loss: 0.025771 
test_loss: 0.031569 
train_loss: 0.029973 
test_loss: 0.031289 
train_loss: 0.027202 
test_loss: 0.031260 
train_loss: 0.028741 
test_loss: 0.031162 
train_loss: 0.033266 
test_loss: 0.031253 
train_loss: 0.025166 
test_loss: 0.031153 
train_loss: 0.027157 
test_loss: 0.031222 
train_loss: 0.028465 
test_loss: 0.031014 
train_loss: 0.027349 
test_loss: 0.031380 
train_loss: 0.028104 
test_loss: 0.031033 
train_loss: 0.033213 
test_loss: 0.030760 
train_loss: 0.028625 
test_loss: 0.030978 
train_loss: 0.027739 
test_loss: 0.030591 
train_loss: 0.033535 
test_loss: 0.030447 
train_loss: 0.031430 
test_loss: 0.030264 
train_loss: 0.026190 
test_loss: 0.030102 
train_loss: 0.027947 
test_loss: 0.029843 
train_loss: 0.024664 
test_loss: 0.029499 
train_loss: 0.030661 
test_loss: 0.029067 
train_loss: 0.027170 
test_loss: 0.029096 
train_loss: 0.025211 
test_loss: 0.029261 
train_loss: 0.023852 
test_loss: 0.028678 
train_loss: 0.026380 
test_loss: 0.028748 
train_loss: 0.030642 
test_loss: 0.028609 
train_loss: 0.026610 
test_loss: 0.028449 
train_loss: 0.025375 
test_loss: 0.028410 
train_loss: 0.023296 
test_loss: 0.028162 
train_loss: 0.027087 
test_loss: 0.028583 
train_loss: 0.025128 
test_loss: 0.028103 
train_loss: 0.023455 
test_loss: 0.028083 
train_loss: 0.023844 
test_loss: 0.028128 
train_loss: 0.027343 
test_loss: 0.028212 
train_loss: 0.025186 
test_loss: 0.027565 
train_loss: 0.025210 
test_loss: 0.027994 
train_loss: 0.026107 
test_loss: 0.027813 
train_loss: 0.025109 
test_loss: 0.027923 
train_loss: 0.023193 
test_loss: 0.027709 
train_loss: 0.028768 
test_loss: 0.027631 
train_loss: 0.025556 
test_loss: 0.027299 
train_loss: 0.026900 
test_loss: 0.027239 
train_loss: 0.029436 
test_loss: 0.027197 
train_loss: 0.023174 
test_loss: 0.027255 
train_loss: 0.026906 
test_loss: 0.027110 
train_loss: 0.028309 
test_loss: 0.027102 
train_loss: 0.023491 
test_loss: 0.027020 
train_loss: 0.021679 
test_loss: 0.026959 
train_loss: 0.024224 
test_loss: 0.026845 
train_loss: 0.024772 
test_loss: 0.026929 
train_loss: 0.025352 
test_loss: 0.026588 
train_loss: 0.023567 
test_loss: 0.026639 
train_loss: 0.023149 
test_loss: 0.026508 
train_loss: 0.025489 
test_loss: 0.026760 
train_loss: 0.023910 
test_loss: 0.026544 
train_loss: 0.023375 
test_loss: 0.026321 
train_loss: 0.022054 
test_loss: 0.026234 
train_loss: 0.025984 
test_loss: 0.026291 
train_loss: 0.026106 
test_loss: 0.026210 
train_loss: 0.025047 
test_loss: 0.026418 
train_loss: 0.027386 
test_loss: 0.026181 
train_loss: 0.024702 
test_loss: 0.026130 
train_loss: 0.022397 
test_loss: 0.026243 
train_loss: 0.021265 
test_loss: 0.025953 
train_loss: 0.022723 
test_loss: 0.025966 
train_loss: 0.028859 
test_loss: 0.026093 
train_loss: 0.021010 
test_loss: 0.025724 
train_loss: 0.021571 
test_loss: 0.025755 
train_loss: 0.024662 
test_loss: 0.025838 
train_loss: 0.023134 
test_loss: 0.026062 
train_loss: 0.023621 
test_loss: 0.026047 
train_loss: 0.028639 
test_loss: 0.025832 
train_loss: 0.022382 
test_loss: 0.025688 
train_loss: 0.021727 
test_loss: 0.025649 
train_loss: 0.023588 
test_loss: 0.026091 
train_loss: 0.035632 
test_loss: 0.025613 
train_loss: 0.024505 
test_loss: 0.025725 
train_loss: 0.021129 
test_loss: 0.025685 
train_loss: 0.020182 
test_loss: 0.025565 
train_loss: 0.026719 
test_loss: 0.025607 
train_loss: 0.025001 
test_loss: 0.025668 
train_loss: 0.024358 
test_loss: 0.025396 
train_loss: 0.021561 
test_loss: 0.025520 
train_loss: 0.024010 
test_loss: 0.025760 
train_loss: 0.025297 
test_loss: 0.025591 
train_loss: 0.022372 
test_loss: 0.025401 
train_loss: 0.020934 
test_loss: 0.025200 
train_loss: 0.022547 
test_loss: 0.025318 
train_loss: 0.025770 
test_loss: 0.025096 
train_loss: 0.023652 
test_loss: 0.025502 
train_loss: 0.021289 
test_loss: 0.025441 
train_loss: 0.022646 
test_loss: 0.025071 
train_loss: 0.021866 
test_loss: 0.025199 
train_loss: 0.022228 
test_loss: 0.025049 
train_loss: 0.026211 
test_loss: 0.025140 
train_loss: 0.024706 
test_loss: 0.025114 
train_loss: 0.022797 
test_loss: 0.024942 
train_loss: 0.021088 
test_loss: 0.024804 
train_loss: 0.021954 
test_loss: 0.025047 
train_loss: 0.020658 
test_loss: 0.024933 
train_loss: 0.020476 
test_loss: 0.024837 
train_loss: 0.036209 
test_loss: 0.024950 
