train_loss: 0.100248 
test_loss: 0.101744 
train_loss: 0.089942 
test_loss: 0.092404 
train_loss: 0.076746 
test_loss: 0.078272 
train_loss: 0.066992 
test_loss: 0.068475 
train_loss: 0.065352 
test_loss: 0.063023 
train_loss: 0.059650 
test_loss: 0.060185 
train_loss: 0.057343 
test_loss: 0.058169 
train_loss: 0.053249 
test_loss: 0.056542 
train_loss: 0.053514 
test_loss: 0.054173 
train_loss: 0.050352 
test_loss: 0.051436 
train_loss: 0.048070 
test_loss: 0.049049 
train_loss: 0.045285 
test_loss: 0.045744 
train_loss: 0.043556 
test_loss: 0.043220 
train_loss: 0.038425 
test_loss: 0.041594 
train_loss: 0.036763 
test_loss: 0.038994 
train_loss: 0.035777 
test_loss: 0.037181 
train_loss: 0.034444 
test_loss: 0.035127 
train_loss: 0.035201 
test_loss: 0.034119 
train_loss: 0.030750 
test_loss: 0.032984 
train_loss: 0.031301 
test_loss: 0.032298 
train_loss: 0.029476 
test_loss: 0.030898 
train_loss: 0.030178 
test_loss: 0.030591 
train_loss: 0.027628 
test_loss: 0.029682 
train_loss: 0.029449 
test_loss: 0.029210 
train_loss: 0.026375 
test_loss: 0.027995 
train_loss: 0.027847 
test_loss: 0.028014 
train_loss: 0.026025 
test_loss: 0.027407 
train_loss: 0.026386 
test_loss: 0.026831 
train_loss: 0.025056 
test_loss: 0.026322 
train_loss: 0.026305 
test_loss: 0.025866 
train_loss: 0.024697 
test_loss: 0.025821 
train_loss: 0.024645 
test_loss: 0.026300 
train_loss: 0.022616 
test_loss: 0.025063 
train_loss: 0.024092 
test_loss: 0.025054 
train_loss: 0.024321 
test_loss: 0.025025 
train_loss: 0.023627 
test_loss: 0.024720 
train_loss: 0.022297 
test_loss: 0.024062 
train_loss: 0.022716 
test_loss: 0.023931 
train_loss: 0.022591 
test_loss: 0.023503 
train_loss: 0.023602 
test_loss: 0.023491 
train_loss: 0.022370 
test_loss: 0.023526 
train_loss: 0.021875 
test_loss: 0.023945 
train_loss: 0.021166 
test_loss: 0.023679 
train_loss: 0.021665 
test_loss: 0.022482 
train_loss: 0.022722 
test_loss: 0.022341 
train_loss: 0.021102 
test_loss: 0.022260 
train_loss: 0.021708 
test_loss: 0.022456 
train_loss: 0.021415 
test_loss: 0.022032 
train_loss: 0.021022 
test_loss: 0.022360 
train_loss: 0.021064 
test_loss: 0.021696 
train_loss: 0.020668 
test_loss: 0.021303 
train_loss: 0.020637 
test_loss: 0.021777 
train_loss: 0.020976 
test_loss: 0.021536 
train_loss: 0.020407 
test_loss: 0.021074 
train_loss: 0.020004 
test_loss: 0.021336 
train_loss: 0.020809 
test_loss: 0.021572 
train_loss: 0.021257 
test_loss: 0.021509 
train_loss: 0.020072 
test_loss: 0.020824 
train_loss: 0.020335 
test_loss: 0.020814 
train_loss: 0.019692 
test_loss: 0.020406 
train_loss: 0.020688 
test_loss: 0.020409 
train_loss: 0.019744 
test_loss: 0.020588 
train_loss: 0.019945 
test_loss: 0.020323 
train_loss: 0.018773 
test_loss: 0.020530 
train_loss: 0.018930 
test_loss: 0.020617 
train_loss: 0.018418 
test_loss: 0.020525 
train_loss: 0.018510 
test_loss: 0.020249 
train_loss: 0.019374 
test_loss: 0.020064 
train_loss: 0.020737 
test_loss: 0.019989 
train_loss: 0.018166 
test_loss: 0.019376 
train_loss: 0.017769 
test_loss: 0.019660 
train_loss: 0.018858 
test_loss: 0.020015 
train_loss: 0.018833 
test_loss: 0.019857 
train_loss: 0.018323 
test_loss: 0.019357 
train_loss: 0.018265 
test_loss: 0.019219 
train_loss: 0.017689 
test_loss: 0.019269 
train_loss: 0.018265 
test_loss: 0.018898 
train_loss: 0.018021 
test_loss: 0.018898 
train_loss: 0.018724 
test_loss: 0.019903 
train_loss: 0.018749 
test_loss: 0.018744 
train_loss: 0.018739 
test_loss: 0.018681 
train_loss: 0.018171 
test_loss: 0.018952 
train_loss: 0.018101 
test_loss: 0.019087 
train_loss: 0.017455 
test_loss: 0.018534 
train_loss: 0.017100 
test_loss: 0.019370 
train_loss: 0.017723 
test_loss: 0.018916 
train_loss: 0.016785 
test_loss: 0.018371 
train_loss: 0.019072 
test_loss: 0.018286 
train_loss: 0.017845 
test_loss: 0.018151 
train_loss: 0.018108 
test_loss: 0.019187 
train_loss: 0.017291 
test_loss: 0.017942 
train_loss: 0.017729 
test_loss: 0.017853 
train_loss: 0.017777 
test_loss: 0.018106 
train_loss: 0.017826 
test_loss: 0.018403 
train_loss: 0.017721 
test_loss: 0.018123 
train_loss: 0.018090 
test_loss: 0.018427 
train_loss: 0.018294 
test_loss: 0.018403 
train_loss: 0.017476 
test_loss: 0.017892 
train_loss: 0.016471 
test_loss: 0.017590 
train_loss: 0.017945 
test_loss: 0.017684 
train_loss: 0.016421 
test_loss: 0.018071 
