train_loss: 0.014644 
test_loss: 0.013604 
train_loss: 0.006656 
test_loss: 0.006259 
train_loss: 0.005812 
test_loss: 0.005317 
train_loss: 0.004737 
test_loss: 0.004889 
train_loss: 0.004405 
test_loss: 0.004208 
train_loss: 0.003572 
test_loss: 0.003824 
train_loss: 0.004367 
test_loss: 0.003646 
train_loss: 0.004080 
test_loss: 0.004217 
train_loss: 0.004108 
test_loss: 0.004173 
train_loss: 0.003783 
test_loss: 0.003464 
train_loss: 0.003747 
test_loss: 0.003716 
train_loss: 0.003946 
test_loss: 0.003379 
train_loss: 0.003735 
test_loss: 0.003601 
train_loss: 0.004040 
test_loss: 0.003356 
train_loss: 0.003999 
test_loss: 0.003327 
train_loss: 0.004079 
test_loss: 0.003934 
train_loss: 0.004814 
test_loss: 0.004048 
train_loss: 0.003341 
test_loss: 0.003283 
train_loss: 0.003137 
test_loss: 0.003808 
train_loss: 0.003224 
test_loss: 0.003172 
train_loss: 0.002730 
test_loss: 0.003404 
train_loss: 0.003290 
test_loss: 0.003370 
train_loss: 0.002871 
test_loss: 0.002534 
train_loss: 0.002744 
test_loss: 0.002930 
train_loss: 0.002773 
test_loss: 0.003065 
train_loss: 0.002816 
test_loss: 0.003165 
train_loss: 0.002577 
test_loss: 0.002888 
train_loss: 0.002795 
test_loss: 0.003249 
train_loss: 0.002336 
test_loss: 0.002611 
train_loss: 0.002277 
test_loss: 0.002604 
train_loss: 0.002564 
test_loss: 0.003309 
train_loss: 0.002545 
test_loss: 0.002956 
train_loss: 0.003037 
test_loss: 0.002789 
train_loss: 0.002489 
test_loss: 0.002928 
train_loss: 0.002924 
test_loss: 0.002715 
train_loss: 0.002622 
test_loss: 0.003113 
train_loss: 0.003101 
test_loss: 0.002745 
train_loss: 0.002964 
test_loss: 0.002901 
train_loss: 0.002826 
test_loss: 0.002408 
train_loss: 0.002378 
test_loss: 0.002275 
train_loss: 0.002313 
test_loss: 0.002622 
train_loss: 0.002607 
test_loss: 0.002154 
train_loss: 0.002555 
test_loss: 0.002456 
train_loss: 0.002518 
test_loss: 0.002463 
train_loss: 0.002504 
test_loss: 0.002826 
train_loss: 0.002654 
test_loss: 0.002669 
train_loss: 0.002479 
test_loss: 0.002412 
train_loss: 0.002299 
test_loss: 0.002365 
train_loss: 0.002259 
test_loss: 0.002682 
train_loss: 0.002509 
test_loss: 0.002937 
train_loss: 0.002341 
test_loss: 0.003586 
