train_loss: 0.0548518 
test_loss: 0.0547325 
train_loss: 0.0543093 
test_loss: 0.0546647 
train_loss: 0.0549429 
test_loss: 0.0546742 
train_loss: 0.054541 
test_loss: 0.0547399 
train_loss: 0.0547579 
test_loss: 0.054715 
train_loss: 0.0551944 
test_loss: 0.0547044 
train_loss: 0.0543881 
test_loss: 0.0546744 
train_loss: 0.0549543 
test_loss: 0.0547672 
train_loss: 0.0547821 
test_loss: 0.0546538 
train_loss: 0.0544015 
test_loss: 0.0546735 
train_loss: 0.0539706 
test_loss: 0.0547284 
train_loss: 0.0551234 
test_loss: 0.0548061 
train_loss: 0.0542736 
test_loss: 0.0547988 
train_loss: 0.0543789 
test_loss: 0.0545861 
train_loss: 0.054657 
test_loss: 0.0546299 
train_loss: 0.053774 
test_loss: 0.0546908 
train_loss: 0.0550781 
test_loss: 0.054816 
train_loss: 0.0548383 
test_loss: 0.0546731 
train_loss: 0.0541708 
test_loss: 0.0548143 
train_loss: 0.0546894 
test_loss: 0.0547159 
train_loss: 0.0536214 
test_loss: 0.054716 
train_loss: 0.0541323 
test_loss: 0.0546992 
train_loss: 0.0551705 
test_loss: 0.0546481 
train_loss: 0.0546193 
test_loss: 0.0547594 
train_loss: 0.0540422 
test_loss: 0.0546321 
train_loss: 0.05419 
test_loss: 0.0546608 
train_loss: 0.0548552 
test_loss: 0.0546831 
train_loss: 0.0544606 
test_loss: 0.0546705 
train_loss: 0.0544348 
test_loss: 0.0546666 
train_loss: 0.0547363 
test_loss: 0.0546436 
train_loss: 0.0548236 
test_loss: 0.0546899 
train_loss: 0.0553796 
test_loss: 0.0546719 
train_loss: 0.0537881 
test_loss: 0.0546652 
train_loss: 0.0549462 
test_loss: 0.0547546 
train_loss: 0.0547347 
test_loss: 0.0547837 
train_loss: 0.0552315 
test_loss: 0.0547674 
train_loss: 0.0539715 
test_loss: 0.0547426 
train_loss: 0.0544284 
test_loss: 0.0546947 
train_loss: 0.0549396 
test_loss: 0.0547349 
train_loss: 0.0543359 
test_loss: 0.0546387 
train_loss: 0.054776 
test_loss: 0.0546678 
train_loss: 0.053958 
test_loss: 0.0546459 
train_loss: 0.0550976 
test_loss: 0.0547588 
train_loss: 0.0547778 
test_loss: 0.0547559 
train_loss: 0.0541342 
test_loss: 0.0547223 
train_loss: 0.054187 
test_loss: 0.0546039 
train_loss: 0.0547744 
test_loss: 0.0546864 
train_loss: 0.0542578 
test_loss: 0.0547143 
train_loss: 0.0544884 
test_loss: 0.0547122 
train_loss: 0.054832 
test_loss: 0.0547375 
train_loss: 0.0547785 
test_loss: 0.0546454 
train_loss: 0.0543874 
test_loss: 0.0546527 
train_loss: 0.0543834 
test_loss: 0.0547199 
train_loss: 0.0548023 
test_loss: 0.0546956 
train_loss: 0.0542359 
test_loss: 0.0547923 
train_loss: 0.0547689 
test_loss: 0.0547155 
train_loss: 0.054932 
test_loss: 0.0546163 
train_loss: 0.0547327 
test_loss: 0.0546811 
train_loss: 0.0543838 
test_loss: 0.0546501 
train_loss: 0.0546046 
test_loss: 0.0546918 
train_loss: 0.0548692 
test_loss: 0.0546805 
train_loss: 0.0551022 
test_loss: 0.0547073 
train_loss: 0.0551626 
test_loss: 0.0546141 
train_loss: 0.0543896 
test_loss: 0.0547174 
train_loss: 0.0542009 
test_loss: 0.0546077 
train_loss: 0.0543534 
test_loss: 0.0547097 
train_loss: 0.0544632 
test_loss: 0.0547531 
train_loss: 0.0549299 
test_loss: 0.0546944 
train_loss: 0.054893 
test_loss: 0.0546439 
train_loss: 0.0543374 
test_loss: 0.0547623 
train_loss: 0.0548816 
test_loss: 0.0547172 
train_loss: 0.0550777 
test_loss: 0.054649 
train_loss: 0.0549916 
test_loss: 0.0547736 
train_loss: 0.0546751 
test_loss: 0.0545984 
train_loss: 0.0551956 
test_loss: 0.0546428 
train_loss: 0.0548791 
test_loss: 0.0546483 
train_loss: 0.0542092 
test_loss: 0.0546617 
train_loss: 0.0544456 
test_loss: 0.0546483 
train_loss: 0.05483 
test_loss: 0.0546433 
train_loss: 0.0544264 
test_loss: 0.0547472 
train_loss: 0.0547995 
test_loss: 0.0547043 
train_loss: 0.0548999 
test_loss: 0.0547021 
train_loss: 0.0541756 
test_loss: 0.0547338 
train_loss: 0.0545751 
test_loss: 0.0547286 
train_loss: 0.0551051 
test_loss: 0.0547306 
train_loss: 0.0546647 
test_loss: 0.0547082 
train_loss: 0.054831 
test_loss: 0.0547053 
train_loss: 0.0539815 
test_loss: 0.054661 
train_loss: 0.0541747 
test_loss: 0.0546599 
train_loss: 0.0546119 
test_loss: 0.0547092 
train_loss: 0.0547524 
test_loss: 0.054678 
train_loss: 0.0545755 
test_loss: 0.0546425 
train_loss: 0.0541463 
test_loss: 0.0546721 
train_loss: 0.0539454 
test_loss: 0.0547267 
train_loss: 0.0543626 
test_loss: 0.0546497 
train_loss: 0.054053 
test_loss: 0.0547362 
train_loss: 0.0555122 
test_loss: 0.0547279 
train_loss: 0.0545545 
test_loss: 0.0547376 
train_loss: 0.0544018 
test_loss: 0.0546336 
train_loss: 0.0543599 
test_loss: 0.0546518 
train_loss: 0.0546988 
test_loss: 0.0546316 
train_loss: 0.0550724 
test_loss: 0.0546737 
train_loss: 0.0545773 
test_loss: 0.0546611 
train_loss: 0.0542847 
test_loss: 0.0545825 
train_loss: 0.0547209 
test_loss: 0.0546096 
train_loss: 0.0543454 
test_loss: 0.0547355 
train_loss: 0.0545313 
test_loss: 0.0547114 
train_loss: 0.0548139 
test_loss: 0.0546865 
train_loss: 0.0542688 
test_loss: 0.0547944 
train_loss: 0.0545218 
test_loss: 0.0546551 
train_loss: 0.0547838 
test_loss: 0.0547643 
train_loss: 0.0537861 
test_loss: 0.0547395 
train_loss: 0.0543702 
test_loss: 0.0546745 
train_loss: 0.0547003 
test_loss: 0.0547801 
train_loss: 0.0548246 
test_loss: 0.0546778 
train_loss: 0.0550265 
test_loss: 0.0547122 
train_loss: 0.0548149 
test_loss: 0.0548686 
train_loss: 0.0546927 
test_loss: 0.0546661 
train_loss: 0.0542345 
test_loss: 0.0547306 
train_loss: 0.0534863 
test_loss: 0.0546847 
train_loss: 0.0542114 
test_loss: 0.054634 
train_loss: 0.0545771 
test_loss: 0.0547743 
train_loss: 0.0545045 
test_loss: 0.0547314 
train_loss: 0.0547898 
test_loss: 0.0546789 
train_loss: 0.0542969 
test_loss: 0.0546409 
train_loss: 0.0535637 
test_loss: 0.0546734 
train_loss: 0.0547977 
test_loss: 0.054657 
train_loss: 0.0548255 
test_loss: 0.0547053 
train_loss: 0.054446 
test_loss: 0.0547287 
train_loss: 0.0546198 
test_loss: 0.054633 
train_loss: 0.0542665 
test_loss: 0.0546646 
train_loss: 0.0544995 
test_loss: 0.0546491 
train_loss: 0.0544369 
test_loss: 0.0547019 
train_loss: 0.0549432 
test_loss: 0.0546622 
train_loss: 0.0543686 
test_loss: 0.0545976 
train_loss: 0.0546161 
test_loss: 0.0546744 
train_loss: 0.0553038 
test_loss: 0.054716 
train_loss: 0.0549976 
test_loss: 0.0546477 
train_loss: 0.0541181 
test_loss: 0.0546534 
train_loss: 0.0539621 
test_loss: 0.054771 
train_loss: 0.0541493 
test_loss: 0.0546408 
train_loss: 0.0535458 
test_loss: 0.0546928 
train_loss: 0.0546962 
test_loss: 0.0546725 
train_loss: 0.0539464 
test_loss: 0.0546857 
train_loss: 0.0550233 
test_loss: 0.0546567 
train_loss: 0.0544956 
test_loss: 0.0546957 
train_loss: 0.0543557 
test_loss: 0.0547073 
train_loss: 0.0542166 
test_loss: 0.0546278 
train_loss: 0.054181 
test_loss: 0.0546393 
train_loss: 0.0542218 
test_loss: 0.0547816 
train_loss: 0.0550169 
test_loss: 0.0546906 
train_loss: 0.0551379 
test_loss: 0.05468 
train_loss: 0.055424 
test_loss: 0.0546741 
train_loss: 0.0545774 
test_loss: 0.054654 
train_loss: 0.05457 
test_loss: 0.0546616 
train_loss: 0.0545603 
test_loss: 0.0546767 
train_loss: 0.0555066 
test_loss: 0.0546876 
train_loss: 0.054803 
test_loss: 0.054688 
train_loss: 0.0545277 
test_loss: 0.0547558 
train_loss: 0.0546863 
test_loss: 0.0546299 
train_loss: 0.054469 
test_loss: 0.0546693 
train_loss: 0.0548498 
test_loss: 0.0546518 
train_loss: 0.0539871 
test_loss: 0.0546269 
train_loss: 0.053718 
test_loss: 0.0547347 
train_loss: 0.0545395 
test_loss: 0.0546679 
train_loss: 0.0549935 
test_loss: 0.0546848 
train_loss: 0.0543959 
test_loss: 0.0547417 
train_loss: 0.0542767 
test_loss: 0.0546543 
train_loss: 0.0544872 
test_loss: 0.0546866 
train_loss: 0.0540991 
test_loss: 0.0546678 
train_loss: 0.0543293 
test_loss: 0.0547186 
train_loss: 0.0550068 
test_loss: 0.0547187 
train_loss: 0.0546358 
test_loss: 0.0546754 
train_loss: 0.0542502 
test_loss: 0.0546539 
train_loss: 0.0549405 
test_loss: 0.0546702 
train_loss: 0.0542834 
test_loss: 0.0545857 
train_loss: 0.0553051 
test_loss: 0.0546428 
train_loss: 0.0540605 
test_loss: 0.0546417 
train_loss: 0.0542672 
test_loss: 0.0546485 
train_loss: 0.0547135 
test_loss: 0.0546721 
train_loss: 0.0548271 
test_loss: 0.0547382 
train_loss: 0.0545076 
test_loss: 0.0546613 
train_loss: 0.0545903 
test_loss: 0.0546384 
