train_loss: 0.0547401 
test_loss: 0.0546597 
train_loss: 0.0542385 
test_loss: 0.0546116 
train_loss: 0.054854 
test_loss: 0.0545952 
train_loss: 0.0544973 
test_loss: 0.0548333 
train_loss: 0.0546238 
test_loss: 0.054634 
train_loss: 0.0551422 
test_loss: 0.0546079 
train_loss: 0.0543005 
test_loss: 0.0546546 
train_loss: 0.0548855 
test_loss: 0.0546999 
train_loss: 0.054703 
test_loss: 0.0545931 
train_loss: 0.0544035 
test_loss: 0.0545998 
train_loss: 0.0539202 
test_loss: 0.0546749 
train_loss: 0.0550585 
test_loss: 0.0547624 
train_loss: 0.0542339 
test_loss: 0.0547323 
train_loss: 0.0543506 
test_loss: 0.0545565 
train_loss: 0.0546502 
test_loss: 0.0545819 
train_loss: 0.0537582 
test_loss: 0.054623 
train_loss: 0.0549396 
test_loss: 0.0546605 
train_loss: 0.0548156 
test_loss: 0.054708 
train_loss: 0.0541258 
test_loss: 0.0547019 
train_loss: 0.0546327 
test_loss: 0.0546302 
train_loss: 0.053463 
test_loss: 0.0546225 
train_loss: 0.0541093 
test_loss: 0.0546481 
train_loss: 0.0550762 
test_loss: 0.0546057 
train_loss: 0.0546203 
test_loss: 0.0546769 
train_loss: 0.0539954 
test_loss: 0.0545941 
train_loss: 0.0540559 
test_loss: 0.0546524 
train_loss: 0.0546974 
test_loss: 0.0545734 
train_loss: 0.0543099 
test_loss: 0.054585 
train_loss: 0.0543936 
test_loss: 0.0546845 
train_loss: 0.0547393 
test_loss: 0.0545874 
train_loss: 0.0547106 
test_loss: 0.0546827 
train_loss: 0.0553304 
test_loss: 0.0545955 
train_loss: 0.0537242 
test_loss: 0.0545998 
train_loss: 0.0549776 
test_loss: 0.0548109 
train_loss: 0.054709 
test_loss: 0.0547338 
train_loss: 0.0549438 
test_loss: 0.0546479 
train_loss: 0.0538903 
test_loss: 0.0546588 
train_loss: 0.0543513 
test_loss: 0.0546005 
train_loss: 0.0548012 
test_loss: 0.054672 
train_loss: 0.0543091 
test_loss: 0.0545932 
train_loss: 0.054699 
test_loss: 0.0546226 
train_loss: 0.0538972 
test_loss: 0.0545708 
train_loss: 0.0551276 
test_loss: 0.0546978 
train_loss: 0.0546798 
test_loss: 0.0546728 
train_loss: 0.0540745 
test_loss: 0.0546577 
train_loss: 0.054125 
test_loss: 0.0545644 
train_loss: 0.054797 
test_loss: 0.05463 
train_loss: 0.0542607 
test_loss: 0.0546275 
train_loss: 0.0543669 
test_loss: 0.0546075 
train_loss: 0.0547466 
test_loss: 0.0546386 
train_loss: 0.0547038 
test_loss: 0.0545718 
train_loss: 0.0543267 
test_loss: 0.0546181 
train_loss: 0.0543249 
test_loss: 0.0546796 
train_loss: 0.0546916 
test_loss: 0.0545817 
train_loss: 0.0541687 
test_loss: 0.0547401 
train_loss: 0.0547917 
test_loss: 0.0546191 
train_loss: 0.0548004 
test_loss: 0.0545659 
train_loss: 0.0546704 
test_loss: 0.0545975 
train_loss: 0.0542949 
test_loss: 0.0546021 
train_loss: 0.0546083 
test_loss: 0.0546817 
train_loss: 0.0547681 
test_loss: 0.0546495 
train_loss: 0.0550036 
test_loss: 0.0546208 
train_loss: 0.05506 
test_loss: 0.0545662 
train_loss: 0.0542553 
test_loss: 0.0546731 
train_loss: 0.0541946 
test_loss: 0.0546207 
train_loss: 0.0542375 
test_loss: 0.0546344 
train_loss: 0.0544302 
test_loss: 0.0546828 
train_loss: 0.0548843 
test_loss: 0.0546154 
train_loss: 0.0547773 
test_loss: 0.0546142 
train_loss: 0.0541364 
test_loss: 0.0546218 
train_loss: 0.0548139 
test_loss: 0.054606 
train_loss: 0.0548965 
test_loss: 0.0545855 
train_loss: 0.0548594 
test_loss: 0.054683 
train_loss: 0.0546943 
test_loss: 0.0545631 
train_loss: 0.0551025 
test_loss: 0.0546273 
train_loss: 0.0548341 
test_loss: 0.0545891 
train_loss: 0.0541434 
test_loss: 0.0546547 
train_loss: 0.0544385 
test_loss: 0.0545994 
train_loss: 0.0547355 
test_loss: 0.0545583 
train_loss: 0.0543686 
test_loss: 0.0546606 
train_loss: 0.0546863 
test_loss: 0.0545967 
train_loss: 0.0547959 
test_loss: 0.0546422 
train_loss: 0.0541877 
test_loss: 0.0546469 
train_loss: 0.0545519 
test_loss: 0.0546052 
train_loss: 0.0550943 
test_loss: 0.0546984 
train_loss: 0.0545426 
test_loss: 0.0546577 
train_loss: 0.054766 
test_loss: 0.0546213 
train_loss: 0.0540026 
test_loss: 0.0546022 
train_loss: 0.054084 
test_loss: 0.0546305 
train_loss: 0.0545309 
test_loss: 0.0546445 
train_loss: 0.0546745 
test_loss: 0.0546256 
train_loss: 0.0545793 
test_loss: 0.0545867 
train_loss: 0.054125 
test_loss: 0.0546388 
train_loss: 0.0539696 
test_loss: 0.0546796 
train_loss: 0.0543217 
test_loss: 0.0545774 
train_loss: 0.0539821 
test_loss: 0.0546524 
train_loss: 0.0554493 
test_loss: 0.0546461 
train_loss: 0.0544582 
test_loss: 0.05467 
train_loss: 0.0543408 
test_loss: 0.0546058 
train_loss: 0.0543034 
test_loss: 0.0546064 
train_loss: 0.0546538 
test_loss: 0.0546107 
train_loss: 0.0549143 
test_loss: 0.0546042 
train_loss: 0.0545609 
test_loss: 0.0546054 
train_loss: 0.054286 
test_loss: 0.0545525 
train_loss: 0.054739 
test_loss: 0.0545643 
train_loss: 0.0542991 
test_loss: 0.0546995 
train_loss: 0.054552 
test_loss: 0.0547131 
train_loss: 0.0547031 
test_loss: 0.0547013 
train_loss: 0.0541738 
test_loss: 0.0547219 
train_loss: 0.0544312 
test_loss: 0.0545748 
train_loss: 0.0546268 
test_loss: 0.0547249 
train_loss: 0.053716 
test_loss: 0.05471 
train_loss: 0.0542762 
test_loss: 0.0546395 
train_loss: 0.0546924 
test_loss: 0.0546636 
train_loss: 0.0547955 
test_loss: 0.0545968 
train_loss: 0.0550373 
test_loss: 0.0546275 
train_loss: 0.0547831 
test_loss: 0.0546238 
train_loss: 0.0545617 
test_loss: 0.0545878 
train_loss: 0.0541883 
test_loss: 0.0546592 
train_loss: 0.0534591 
test_loss: 0.0546395 
train_loss: 0.0541635 
test_loss: 0.0546304 
train_loss: 0.0544834 
test_loss: 0.0546747 
train_loss: 0.0544322 
test_loss: 0.0546487 
train_loss: 0.0547016 
test_loss: 0.0546388 
train_loss: 0.0542465 
test_loss: 0.0545893 
train_loss: 0.0534537 
test_loss: 0.0546044 
train_loss: 0.0546792 
test_loss: 0.0546114 
train_loss: 0.0546817 
test_loss: 0.054606 
train_loss: 0.0544124 
test_loss: 0.0546813 
train_loss: 0.0545871 
test_loss: 0.0545831 
train_loss: 0.0542139 
test_loss: 0.0546305 
train_loss: 0.0544564 
test_loss: 0.05458 
train_loss: 0.0543947 
test_loss: 0.0546708 
train_loss: 0.0549191 
test_loss: 0.0546248 
train_loss: 0.0543438 
test_loss: 0.0545772 
train_loss: 0.0545901 
test_loss: 0.0546726 
train_loss: 0.0552789 
test_loss: 0.0546406 
train_loss: 0.0549969 
test_loss: 0.0546284 
train_loss: 0.0541009 
test_loss: 0.054587 
train_loss: 0.0539705 
test_loss: 0.054625 
train_loss: 0.0541544 
test_loss: 0.0546011 
train_loss: 0.0535142 
test_loss: 0.0546003 
train_loss: 0.054626 
test_loss: 0.0545934 
train_loss: 0.0538758 
test_loss: 0.0546585 
train_loss: 0.0549391 
test_loss: 0.0546224 
train_loss: 0.0544057 
test_loss: 0.0546291 
train_loss: 0.0542391 
test_loss: 0.0546755 
train_loss: 0.0541796 
test_loss: 0.0545716 
train_loss: 0.0540759 
test_loss: 0.0546186 
train_loss: 0.0540262 
test_loss: 0.0546926 
train_loss: 0.0550573 
test_loss: 0.05462 
train_loss: 0.0550107 
test_loss: 0.0545716 
train_loss: 0.0554193 
test_loss: 0.0546392 
train_loss: 0.0544553 
test_loss: 0.0545576 
train_loss: 0.0545235 
test_loss: 0.0546569 
train_loss: 0.0544927 
test_loss: 0.0546774 
train_loss: 0.0554475 
test_loss: 0.0546418 
train_loss: 0.0547525 
test_loss: 0.0546326 
train_loss: 0.0544548 
test_loss: 0.0546692 
train_loss: 0.0546545 
test_loss: 0.0545844 
train_loss: 0.05445 
test_loss: 0.054657 
train_loss: 0.0548035 
test_loss: 0.0546015 
train_loss: 0.0539244 
test_loss: 0.0545738 
train_loss: 0.0535912 
test_loss: 0.0546214 
train_loss: 0.05441 
test_loss: 0.0546113 
train_loss: 0.0549856 
test_loss: 0.0546399 
train_loss: 0.0543215 
test_loss: 0.0546675 
train_loss: 0.0542044 
test_loss: 0.0545997 
train_loss: 0.0544453 
test_loss: 0.0546249 
train_loss: 0.0540799 
test_loss: 0.0546127 
train_loss: 0.0542213 
test_loss: 0.0546713 
train_loss: 0.0548464 
test_loss: 0.0546497 
train_loss: 0.0545212 
test_loss: 0.054566 
train_loss: 0.0542614 
test_loss: 0.0546174 
train_loss: 0.0549141 
test_loss: 0.054653 
train_loss: 0.0542234 
test_loss: 0.0545543 
train_loss: 0.0552624 
test_loss: 0.0545977 
train_loss: 0.0540269 
test_loss: 0.0545859 
train_loss: 0.0542161 
test_loss: 0.0546307 
train_loss: 0.0546509 
test_loss: 0.0546283 
train_loss: 0.0547966 
test_loss: 0.0546381 
train_loss: 0.0544557 
test_loss: 0.0546355 
train_loss: 0.0545475 
test_loss: 0.0545835 
train_loss: 0.0538731 
test_loss: 0.05459 
train_loss: 0.0543006 
test_loss: 0.0546242 
train_loss: 0.0539349 
test_loss: 0.0545587 
train_loss: 0.0547061 
test_loss: 0.0546332 
train_loss: 0.0542137 
test_loss: 0.0546363 
train_loss: 0.0537256 
test_loss: 0.0545632 
train_loss: 0.0545528 
test_loss: 0.0546063 
train_loss: 0.0546602 
test_loss: 0.0546141 
train_loss: 0.0539566 
test_loss: 0.0545972 
train_loss: 0.054366 
test_loss: 0.0545798 
train_loss: 0.0541368 
test_loss: 0.0546102 
train_loss: 0.054733 
test_loss: 0.0546237 
train_loss: 0.0541298 
test_loss: 0.0545763 
train_loss: 0.0545888 
test_loss: 0.0545768 
train_loss: 0.0551919 
test_loss: 0.0546777 
train_loss: 0.0544541 
test_loss: 0.0546544 
train_loss: 0.0543057 
test_loss: 0.0546031 
train_loss: 0.0546218 
test_loss: 0.0545652 
train_loss: 0.0554059 
test_loss: 0.0545859 
train_loss: 0.0540443 
test_loss: 0.0545906 
train_loss: 0.0551422 
test_loss: 0.0545766 
train_loss: 0.0544272 
test_loss: 0.0546216 
train_loss: 0.0552646 
test_loss: 0.0546691 
train_loss: 0.0543219 
test_loss: 0.0546224 
train_loss: 0.0546186 
test_loss: 0.0546458 
train_loss: 0.0549298 
test_loss: 0.0545904 
train_loss: 0.0553477 
test_loss: 0.0546315 
train_loss: 0.0546409 
test_loss: 0.0546558 
train_loss: 0.0545225 
test_loss: 0.054662 
train_loss: 0.0550762 
test_loss: 0.0545558 
train_loss: 0.0541216 
test_loss: 0.0545724 
train_loss: 0.0547007 
test_loss: 0.0547258 
train_loss: 0.0549296 
test_loss: 0.0545597 
train_loss: 0.0541815 
test_loss: 0.054588 
train_loss: 0.0547894 
test_loss: 0.0546294 
train_loss: 0.054201 
test_loss: 0.0545763 
train_loss: 0.0549132 
test_loss: 0.0545958 
train_loss: 0.0542741 
test_loss: 0.0545895 
train_loss: 0.0543306 
test_loss: 0.0545542 
train_loss: 0.05446 
test_loss: 0.0545806 
train_loss: 0.0546763 
test_loss: 0.0546505 
train_loss: 0.0546039 
test_loss: 0.0545918 
train_loss: 0.0541896 
test_loss: 0.0545406 
train_loss: 0.0540678 
test_loss: 0.0546353 
train_loss: 0.0544996 
test_loss: 0.0545967 
train_loss: 0.0548311 
test_loss: 0.0545647 
train_loss: 0.0559531 
test_loss: 0.0547034 
train_loss: 0.0559217 
test_loss: 0.0545792 
train_loss: 0.0541176 
test_loss: 0.0545709 
train_loss: 0.0545708 
test_loss: 0.0546136 
train_loss: 0.0547207 
test_loss: 0.0545856 
train_loss: 0.0542876 
test_loss: 0.054591 
train_loss: 0.0546962 
test_loss: 0.0546515 
train_loss: 0.0547887 
test_loss: 0.0545856 
train_loss: 0.0540906 
test_loss: 0.0545817 
train_loss: 0.0546956 
test_loss: 0.0546032 
train_loss: 0.0549008 
test_loss: 0.0545573 
train_loss: 0.053954 
test_loss: 0.0545653 
train_loss: 0.0544747 
test_loss: 0.0546242 
train_loss: 0.0544517 
test_loss: 0.0546716 
train_loss: 0.0543342 
test_loss: 0.0545941 
train_loss: 0.0552117 
test_loss: 0.0545653 
train_loss: 0.0547543 
test_loss: 0.0546396 
train_loss: 0.0543375 
test_loss: 0.0546208 
train_loss: 0.0546785 
test_loss: 0.0546793 
train_loss: 0.0548621 
test_loss: 0.054602 
train_loss: 0.0551914 
test_loss: 0.0546253 
train_loss: 0.0544852 
test_loss: 0.0545789 
train_loss: 0.0540522 
test_loss: 0.0546162 
train_loss: 0.0541498 
test_loss: 0.0545861 
train_loss: 0.054571 
test_loss: 0.0546211 
train_loss: 0.0537903 
test_loss: 0.0546126 
train_loss: 0.0538258 
test_loss: 0.0545795 
train_loss: 0.0549006 
test_loss: 0.0546439 
train_loss: 0.0541129 
test_loss: 0.0546093 
train_loss: 0.0542633 
test_loss: 0.0545786 
train_loss: 0.0535782 
test_loss: 0.0545864 
train_loss: 0.0543385 
test_loss: 0.0546112 
train_loss: 0.0555004 
test_loss: 0.0546302 
train_loss: 0.0550549 
test_loss: 0.0545998 
train_loss: 0.0539745 
test_loss: 0.0545924 
train_loss: 0.0540015 
test_loss: 0.0545693 
train_loss: 0.0545629 
test_loss: 0.054696 
train_loss: 0.0541604 
test_loss: 0.0545905 
train_loss: 0.0535282 
test_loss: 0.054612 
train_loss: 0.0543021 
test_loss: 0.0546375 
train_loss: 0.0549688 
test_loss: 0.0545639 
train_loss: 0.0546707 
test_loss: 0.0546126 
train_loss: 0.053796 
test_loss: 0.0546244 
train_loss: 0.0550375 
test_loss: 0.0546139 
train_loss: 0.0544141 
test_loss: 0.0545739 
train_loss: 0.0542031 
test_loss: 0.0545756 
train_loss: 0.0545276 
test_loss: 0.0546645 
train_loss: 0.0539452 
test_loss: 0.0545807 
train_loss: 0.0541719 
test_loss: 0.0545872 
train_loss: 0.0537514 
test_loss: 0.0545884 
train_loss: 0.0544163 
test_loss: 0.0546717 
train_loss: 0.0540451 
test_loss: 0.0546214 
train_loss: 0.0554587 
test_loss: 0.0546701 
train_loss: 0.0545874 
test_loss: 0.0545878 
train_loss: 0.054896 
test_loss: 0.0545856 
train_loss: 0.0540299 
test_loss: 0.0545765 
train_loss: 0.054703 
test_loss: 0.0546438 
train_loss: 0.054754 
test_loss: 0.0546302 
train_loss: 0.0542812 
test_loss: 0.054675 
train_loss: 0.0548984 
test_loss: 0.0546087 
train_loss: 0.0542811 
test_loss: 0.0546352 
train_loss: 0.0539461 
test_loss: 0.0546407 
train_loss: 0.0539333 
test_loss: 0.0545852 
train_loss: 0.0542229 
test_loss: 0.0545647 
train_loss: 0.055745 
test_loss: 0.0546967 
train_loss: 0.0539089 
test_loss: 0.0546007 
train_loss: 0.0547144 
test_loss: 0.0546703 
train_loss: 0.053974 
test_loss: 0.054545 
train_loss: 0.0546371 
test_loss: 0.0545692 
train_loss: 0.0545178 
test_loss: 0.0546237 
train_loss: 0.0554105 
test_loss: 0.0546124 
train_loss: 0.0547386 
test_loss: 0.0546153 
train_loss: 0.0539734 
test_loss: 0.0546132 
train_loss: 0.0539691 
test_loss: 0.0546396 
train_loss: 0.0543739 
test_loss: 0.0545721 
train_loss: 0.0545729 
test_loss: 0.0545508 
train_loss: 0.0545873 
test_loss: 0.0545641 
train_loss: 0.0539782 
test_loss: 0.0545747 
train_loss: 0.0545516 
test_loss: 0.0546251 
train_loss: 0.054563 
test_loss: 0.0545875 
train_loss: 0.0545255 
test_loss: 0.0546778 
train_loss: 0.0552904 
test_loss: 0.0546049 
train_loss: 0.054351 
test_loss: 0.0545789 
train_loss: 0.054401 
test_loss: 0.0545813 
train_loss: 0.0548923 
test_loss: 0.0546153 
train_loss: 0.0551918 
test_loss: 0.0545393 
train_loss: 0.0549629 
test_loss: 0.0546123 
train_loss: 0.0545817 
test_loss: 0.0545932 
train_loss: 0.054639 
test_loss: 0.054621 
train_loss: 0.0546966 
test_loss: 0.0546051 
train_loss: 0.0554172 
test_loss: 0.0546282 
train_loss: 0.0547402 
test_loss: 0.0545854 
train_loss: 0.0541904 
test_loss: 0.0546489 
train_loss: 0.0545477 
test_loss: 0.0545702 
train_loss: 0.0541691 
test_loss: 0.0546586 
train_loss: 0.0543506 
test_loss: 0.0545877 
train_loss: 0.0547232 
test_loss: 0.0545604 
train_loss: 0.0543401 
test_loss: 0.0546333 
train_loss: 0.0539767 
test_loss: 0.0545895 
train_loss: 0.0547062 
test_loss: 0.0545968 
train_loss: 0.0539284 
test_loss: 0.0546604 
train_loss: 0.053775 
test_loss: 0.0545597 
train_loss: 0.0548809 
test_loss: 0.0545818 
train_loss: 0.0545022 
test_loss: 0.054596 
train_loss: 0.0545367 
test_loss: 0.054606 
train_loss: 0.054506 
test_loss: 0.054638 
train_loss: 0.0541933 
test_loss: 0.0545909 
train_loss: 0.0539777 
test_loss: 0.0546487 
train_loss: 0.0537497 
test_loss: 0.0545755 
train_loss: 0.0547332 
test_loss: 0.0546175 
train_loss: 0.0539209 
test_loss: 0.0546118 
train_loss: 0.0543926 
test_loss: 0.0545913 
train_loss: 0.0541777 
test_loss: 0.0545623 
train_loss: 0.0540675 
test_loss: 0.054618 
train_loss: 0.0536865 
test_loss: 0.0545693 
train_loss: 0.055381 
test_loss: 0.0545767 
train_loss: 0.0552794 
test_loss: 0.0545963 
train_loss: 0.0543283 
test_loss: 0.0545838 
train_loss: 0.054212 
test_loss: 0.054568 
train_loss: 0.0547219 
test_loss: 0.0546875 
train_loss: 0.0550778 
test_loss: 0.0545417 
train_loss: 0.0545135 
test_loss: 0.0545827 
train_loss: 0.0544035 
test_loss: 0.0546444 
train_loss: 0.0543567 
test_loss: 0.0545841 
train_loss: 0.0549695 
test_loss: 0.0545775 
train_loss: 0.0549743 
test_loss: 0.0545462 
train_loss: 0.0544208 
test_loss: 0.0546145 
train_loss: 0.0549223 
test_loss: 0.0545623 
train_loss: 0.0537258 
test_loss: 0.0545959 
train_loss: 0.054291 
test_loss: 0.0546397 
train_loss: 0.0540278 
test_loss: 0.0545642 
train_loss: 0.0553341 
test_loss: 0.0546006 
train_loss: 0.0543653 
test_loss: 0.0546197 
train_loss: 0.0543774 
test_loss: 0.0545613 
train_loss: 0.0543386 
test_loss: 0.0545941 
train_loss: 0.0554212 
test_loss: 0.0546745 
train_loss: 0.0544875 
test_loss: 0.0545783 
train_loss: 0.0545208 
test_loss: 0.0545783 
train_loss: 0.0541784 
test_loss: 0.0546357 
train_loss: 0.055227 
test_loss: 0.0546301 
train_loss: 0.0539472 
test_loss: 0.0546357 
train_loss: 0.0543259 
test_loss: 0.054615 
train_loss: 0.0545075 
test_loss: 0.0546153 
train_loss: 0.0551196 
test_loss: 0.0546387 
train_loss: 0.0548427 
test_loss: 0.0546181 
train_loss: 0.0549335 
test_loss: 0.0545887 
train_loss: 0.0541476 
test_loss: 0.0546178 
train_loss: 0.0546579 
test_loss: 0.0546157 
train_loss: 0.0545651 
test_loss: 0.054597 
train_loss: 0.0548701 
test_loss: 0.0546288 
train_loss: 0.054458 
test_loss: 0.0546413 
train_loss: 0.0543416 
test_loss: 0.0545902 
train_loss: 0.0541341 
test_loss: 0.0546214 
train_loss: 0.0546231 
test_loss: 0.0545827 
train_loss: 0.0544351 
test_loss: 0.0545702 
train_loss: 0.0538308 
test_loss: 0.0546139 
train_loss: 0.0543701 
test_loss: 0.0546529 
train_loss: 0.0547118 
test_loss: 0.0545969 
train_loss: 0.0543379 
test_loss: 0.054573 
train_loss: 0.0541124 
test_loss: 0.0545965 
train_loss: 0.0541253 
test_loss: 0.0546031 
train_loss: 0.0540654 
test_loss: 0.0547092 
train_loss: 0.0542409 
test_loss: 0.0545816 
train_loss: 0.0534306 
test_loss: 0.0545686 
train_loss: 0.0555169 
test_loss: 0.0546175 
train_loss: 0.0539006 
test_loss: 0.0545756 
train_loss: 0.0535846 
test_loss: 0.0545881 
train_loss: 0.0553028 
test_loss: 0.054546 
train_loss: 0.0543618 
test_loss: 0.0545843 
train_loss: 0.0543701 
test_loss: 0.0546953 
train_loss: 0.0541395 
test_loss: 0.0545847 
train_loss: 0.0546565 
test_loss: 0.0545978 
train_loss: 0.0550906 
test_loss: 0.0545932 
train_loss: 0.0547338 
test_loss: 0.0546295 
train_loss: 0.0543214 
test_loss: 0.0545942 
train_loss: 0.0543664 
test_loss: 0.0546549 
train_loss: 0.0542885 
test_loss: 0.0546552 
train_loss: 0.0541651 
test_loss: 0.054616 
train_loss: 0.0548594 
test_loss: 0.0545965 
train_loss: 0.0542139 
test_loss: 0.054524 
train_loss: 0.0544408 
test_loss: 0.0545407 
train_loss: 0.0548425 
test_loss: 0.0545736 
train_loss: 0.0541459 
test_loss: 0.0546298 
train_loss: 0.0540119 
test_loss: 0.0545526 
train_loss: 0.0542762 
test_loss: 0.0545501 
train_loss: 0.054355 
test_loss: 0.0545347 
train_loss: 0.0537742 
test_loss: 0.0545485 
train_loss: 0.0539515 
test_loss: 0.0545734 
train_loss: 0.0543172 
test_loss: 0.0545964 
train_loss: 0.0545485 
test_loss: 0.0546319 
train_loss: 0.0544617 
test_loss: 0.0545739 
