train_loss: 0.51432 
test_loss: 0.511977 
train_loss: 0.505724 
test_loss: 0.511213 
train_loss: 0.508792 
test_loss: 0.510915 
train_loss: 0.512985 
test_loss: 0.510539 
train_loss: 0.515267 
test_loss: 0.510085 
train_loss: 0.508144 
test_loss: 0.509617 
train_loss: 0.5138 
test_loss: 0.509088 
train_loss: 0.502722 
test_loss: 0.508507 
train_loss: 0.50991 
test_loss: 0.507883 
train_loss: 0.503076 
test_loss: 0.507207 
train_loss: 0.516368 
test_loss: 0.506509 
train_loss: 0.509204 
test_loss: 0.505767 
train_loss: 0.506554 
test_loss: 0.50498 
train_loss: 0.502908 
test_loss: 0.504169 
train_loss: 0.504887 
test_loss: 0.503299 
train_loss: 0.502654 
test_loss: 0.502404 
train_loss: 0.501948 
test_loss: 0.501455 
train_loss: 0.505173 
test_loss: 0.500452 
train_loss: 0.49426 
test_loss: 0.499438 
train_loss: 0.501904 
test_loss: 0.498397 
train_loss: 0.500329 
test_loss: 0.497319 
train_loss: 0.504727 
test_loss: 0.496167 
train_loss: 0.497441 
test_loss: 0.495006 
train_loss: 0.492546 
test_loss: 0.493805 
train_loss: 0.492172 
test_loss: 0.49257 
train_loss: 0.492945 
test_loss: 0.491289 
train_loss: 0.494725 
test_loss: 0.489979 
train_loss: 0.48827 
test_loss: 0.488634 
train_loss: 0.488507 
test_loss: 0.487248 
train_loss: 0.488796 
test_loss: 0.485818 
train_loss: 0.487292 
test_loss: 0.484355 
train_loss: 0.483423 
test_loss: 0.482854 
train_loss: 0.483059 
test_loss: 0.481302 
train_loss: 0.479957 
test_loss: 0.479726 
train_loss: 0.481672 
test_loss: 0.478091 
train_loss: 0.479837 
test_loss: 0.476436 
train_loss: 0.476917 
test_loss: 0.474746 
train_loss: 0.473181 
test_loss: 0.472996 
train_loss: 0.474547 
test_loss: 0.471239 
train_loss: 0.47053 
test_loss: 0.469413 
train_loss: 0.467154 
test_loss: 0.467554 
train_loss: 0.470716 
test_loss: 0.465663 
train_loss: 0.459414 
test_loss: 0.463714 
train_loss: 0.461102 
test_loss: 0.461736 
train_loss: 0.459453 
test_loss: 0.45971 
train_loss: 0.458816 
test_loss: 0.457639 
train_loss: 0.462457 
test_loss: 0.455534 
train_loss: 0.458313 
test_loss: 0.453395 
train_loss: 0.451004 
test_loss: 0.451201 
train_loss: 0.448197 
test_loss: 0.448961 
train_loss: 0.448458 
test_loss: 0.44668 
train_loss: 0.440212 
test_loss: 0.444365 
train_loss: 0.439064 
test_loss: 0.441999 
train_loss: 0.435308 
test_loss: 0.439588 
train_loss: 0.441185 
test_loss: 0.437141 
train_loss: 0.431286 
test_loss: 0.434635 
train_loss: 0.44162 
test_loss: 0.432096 
train_loss: 0.429003 
test_loss: 0.429501 
train_loss: 0.433307 
test_loss: 0.426865 
train_loss: 0.421735 
test_loss: 0.424198 
train_loss: 0.420937 
test_loss: 0.42147 
train_loss: 0.41605 
test_loss: 0.418712 
train_loss: 0.412133 
test_loss: 0.415908 
train_loss: 0.415349 
test_loss: 0.413065 
train_loss: 0.413116 
test_loss: 0.41017 
train_loss: 0.409389 
test_loss: 0.40723 
train_loss: 0.40313 
test_loss: 0.404246 
train_loss: 0.397823 
test_loss: 0.401232 
train_loss: 0.396749 
test_loss: 0.398174 
train_loss: 0.397371 
test_loss: 0.395051 
train_loss: 0.393271 
test_loss: 0.391893 
train_loss: 0.386871 
test_loss: 0.38871 
train_loss: 0.384203 
test_loss: 0.385478 
train_loss: 0.379424 
test_loss: 0.382207 
train_loss: 0.383324 
test_loss: 0.378879 
train_loss: 0.371771 
test_loss: 0.375543 
train_loss: 0.371533 
test_loss: 0.372149 
train_loss: 0.366748 
test_loss: 0.368739 
train_loss: 0.367974 
test_loss: 0.365264 
train_loss: 0.371055 
test_loss: 0.361789 
train_loss: 0.351985 
test_loss: 0.358243 
train_loss: 0.353753 
test_loss: 0.354687 
train_loss: 0.346256 
test_loss: 0.351071 
train_loss: 0.346632 
test_loss: 0.347436 
train_loss: 0.344967 
test_loss: 0.343764 
train_loss: 0.341423 
test_loss: 0.340058 
train_loss: 0.340353 
test_loss: 0.3363 
train_loss: 0.335996 
test_loss: 0.332537 
train_loss: 0.330669 
test_loss: 0.328742 
train_loss: 0.326145 
test_loss: 0.324922 
train_loss: 0.316709 
test_loss: 0.321052 
train_loss: 0.318261 
test_loss: 0.317142 
train_loss: 0.312011 
test_loss: 0.313225 
train_loss: 0.307124 
test_loss: 0.309261 
train_loss: 0.308179 
test_loss: 0.305263 
train_loss: 0.301069 
test_loss: 0.301229 
train_loss: 0.295443 
test_loss: 0.29717 
train_loss: 0.292168 
test_loss: 0.293078 
train_loss: 0.290963 
test_loss: 0.288941 
train_loss: 0.279343 
test_loss: 0.284779 
train_loss: 0.272775 
test_loss: 0.280575 
train_loss: 0.278598 
test_loss: 0.276356 
train_loss: 0.269455 
test_loss: 0.272079 
train_loss: 0.266344 
test_loss: 0.267776 
train_loss: 0.259402 
test_loss: 0.263441 
train_loss: 0.261774 
test_loss: 0.259081 
train_loss: 0.251651 
test_loss: 0.254696 
train_loss: 0.250163 
test_loss: 0.250275 
train_loss: 0.247253 
test_loss: 0.245848 
train_loss: 0.24359 
test_loss: 0.241396 
train_loss: 0.238347 
test_loss: 0.236933 
train_loss: 0.232872 
test_loss: 0.232458 
train_loss: 0.221924 
test_loss: 0.227981 
train_loss: 0.219478 
test_loss: 0.2235 
train_loss: 0.218112 
test_loss: 0.218992 
train_loss: 0.214895 
test_loss: 0.214491 
train_loss: 0.205607 
test_loss: 0.209989 
train_loss: 0.20334 
test_loss: 0.205498 
train_loss: 0.200202 
test_loss: 0.200984 
train_loss: 0.198586 
test_loss: 0.19649 
train_loss: 0.190632 
test_loss: 0.192014 
train_loss: 0.186445 
test_loss: 0.187532 
train_loss: 0.182258 
test_loss: 0.183067 
train_loss: 0.176122 
test_loss: 0.178618 
train_loss: 0.175642 
test_loss: 0.174175 
train_loss: 0.169175 
test_loss: 0.169766 
train_loss: 0.165841 
test_loss: 0.165392 
train_loss: 0.163415 
test_loss: 0.161089 
train_loss: 0.157856 
test_loss: 0.156846 
train_loss: 0.148583 
test_loss: 0.152704 
train_loss: 0.145017 
test_loss: 0.14871 
train_loss: 0.142239 
test_loss: 0.144867 
train_loss: 0.139886 
test_loss: 0.141228 
train_loss: 0.138694 
test_loss: 0.137803 
train_loss: 0.133104 
test_loss: 0.134602 
train_loss: 0.132636 
test_loss: 0.131646 
train_loss: 0.126898 
test_loss: 0.128938 
train_loss: 0.12385 
test_loss: 0.126467 
train_loss: 0.125735 
test_loss: 0.124235 
train_loss: 0.12041 
test_loss: 0.122218 
train_loss: 0.117064 
test_loss: 0.120403 
train_loss: 0.117936 
test_loss: 0.118782 
train_loss: 0.112991 
test_loss: 0.117347 
train_loss: 0.114272 
test_loss: 0.116059 
train_loss: 0.112679 
test_loss: 0.114901 
train_loss: 0.114095 
test_loss: 0.11388 
train_loss: 0.110163 
test_loss: 0.112967 
train_loss: 0.110505 
test_loss: 0.11214 
train_loss: 0.108988 
test_loss: 0.111402 
train_loss: 0.105473 
test_loss: 0.110743 
train_loss: 0.107613 
test_loss: 0.110149 
train_loss: 0.114678 
test_loss: 0.109611 
train_loss: 0.106617 
test_loss: 0.109134 
train_loss: 0.10697 
test_loss: 0.108696 
train_loss: 0.104306 
test_loss: 0.108303 
train_loss: 0.106938 
test_loss: 0.107957 
train_loss: 0.105311 
test_loss: 0.107631 
train_loss: 0.107689 
test_loss: 0.107333 
train_loss: 0.103846 
test_loss: 0.107067 
train_loss: 0.110692 
test_loss: 0.106819 
train_loss: 0.105597 
test_loss: 0.106597 
train_loss: 0.107524 
test_loss: 0.106393 
train_loss: 0.104353 
test_loss: 0.106195 
train_loss: 0.107119 
test_loss: 0.106018 
train_loss: 0.107934 
test_loss: 0.105845 
train_loss: 0.103436 
test_loss: 0.10569 
train_loss: 0.10572 
test_loss: 0.105542 
train_loss: 0.105058 
test_loss: 0.105402 
train_loss: 0.102995 
test_loss: 0.105272 
train_loss: 0.108958 
test_loss: 0.105141 
train_loss: 0.101941 
test_loss: 0.105007 
train_loss: 0.103235 
test_loss: 0.104903 
train_loss: 0.102729 
test_loss: 0.104781 
train_loss: 0.100337 
test_loss: 0.104676 
train_loss: 0.10112 
test_loss: 0.104564 
train_loss: 0.105465 
test_loss: 0.104454 
train_loss: 0.105132 
test_loss: 0.104355 
train_loss: 0.10482 
test_loss: 0.104252 
train_loss: 0.0999291 
test_loss: 0.104157 
train_loss: 0.102249 
test_loss: 0.104056 
train_loss: 0.104995 
test_loss: 0.103946 
train_loss: 0.100987 
test_loss: 0.103839 
train_loss: 0.0991954 
test_loss: 0.103742 
train_loss: 0.102648 
test_loss: 0.103648 
train_loss: 0.103291 
test_loss: 0.103553 
train_loss: 0.101507 
test_loss: 0.103449 
train_loss: 0.103441 
test_loss: 0.10332 
train_loss: 0.102819 
test_loss: 0.103221 
train_loss: 0.104739 
test_loss: 0.103104 
train_loss: 0.104312 
test_loss: 0.102997 
train_loss: 0.100273 
test_loss: 0.102894 
train_loss: 0.101483 
test_loss: 0.102767 
train_loss: 0.102091 
test_loss: 0.102645 
train_loss: 0.101744 
test_loss: 0.102511 
train_loss: 0.100167 
test_loss: 0.102393 
train_loss: 0.104239 
test_loss: 0.102261 
train_loss: 0.102281 
test_loss: 0.102112 
train_loss: 0.0993922 
test_loss: 0.101978 
train_loss: 0.0978534 
test_loss: 0.101828 
train_loss: 0.101737 
test_loss: 0.101684 
train_loss: 0.100236 
test_loss: 0.101507 
train_loss: 0.0949451 
test_loss: 0.101345 
train_loss: 0.100167 
test_loss: 0.101174 
train_loss: 0.100602 
test_loss: 0.100986 
train_loss: 0.103546 
test_loss: 0.100793 
train_loss: 0.09826 
test_loss: 0.100615 
train_loss: 0.096909 
test_loss: 0.100386 
train_loss: 0.100224 
test_loss: 0.100174 
train_loss: 0.0931546 
test_loss: 0.0999551 
train_loss: 0.0953624 
test_loss: 0.0997037 
train_loss: 0.0970204 
test_loss: 0.0994569 
train_loss: 0.0966006 
test_loss: 0.0991917 
train_loss: 0.0966255 
test_loss: 0.0989064 
train_loss: 0.0984098 
test_loss: 0.0986248 
train_loss: 0.0974374 
test_loss: 0.0983063 
train_loss: 0.0984735 
test_loss: 0.0980062 
train_loss: 0.095778 
test_loss: 0.0976833 
train_loss: 0.0960289 
test_loss: 0.0973281 
train_loss: 0.099494 
test_loss: 0.0969434 
train_loss: 0.0935298 
test_loss: 0.0965246 
train_loss: 0.0950932 
test_loss: 0.0961873 
train_loss: 0.0933121 
test_loss: 0.0957203 
train_loss: 0.0943215 
test_loss: 0.0952991 
train_loss: 0.0951745 
test_loss: 0.0948203 
train_loss: 0.0959505 
test_loss: 0.0943155 
train_loss: 0.0909906 
test_loss: 0.0937844 
train_loss: 0.0893527 
test_loss: 0.0932596 
train_loss: 0.0889228 
test_loss: 0.0927224 
train_loss: 0.0869154 
test_loss: 0.0921193 
train_loss: 0.0909981 
test_loss: 0.0914773 
train_loss: 0.0870596 
test_loss: 0.0908633 
train_loss: 0.0902668 
test_loss: 0.0902136 
train_loss: 0.0847229 
test_loss: 0.089531 
train_loss: 0.0854788 
test_loss: 0.0888912 
train_loss: 0.0865748 
test_loss: 0.0881706 
train_loss: 0.0817476 
test_loss: 0.0874792 
train_loss: 0.0838782 
test_loss: 0.0867539 
train_loss: 0.0832099 
test_loss: 0.0860592 
train_loss: 0.0836277 
test_loss: 0.0853748 
train_loss: 0.0838448 
test_loss: 0.0846523 
train_loss: 0.0841409 
test_loss: 0.083931 
train_loss: 0.0878121 
test_loss: 0.0832322 
train_loss: 0.0848541 
test_loss: 0.0825876 
train_loss: 0.0807401 
test_loss: 0.0819289 
train_loss: 0.0814085 
test_loss: 0.0813093 
train_loss: 0.0752866 
test_loss: 0.0806471 
train_loss: 0.0815338 
test_loss: 0.0800732 
train_loss: 0.0747595 
test_loss: 0.0794152 
train_loss: 0.0745315 
test_loss: 0.0788532 
train_loss: 0.073242 
test_loss: 0.078364 
train_loss: 0.0763119 
test_loss: 0.0777635 
train_loss: 0.0772582 
test_loss: 0.0772819 
train_loss: 0.07534 
test_loss: 0.0767016 
train_loss: 0.0744301 
test_loss: 0.076203 
train_loss: 0.0712044 
test_loss: 0.0757068 
train_loss: 0.0731736 
test_loss: 0.0751335 
train_loss: 0.0746928 
test_loss: 0.0747089 
train_loss: 0.0701623 
test_loss: 0.0741961 
train_loss: 0.0688712 
test_loss: 0.0736265 
train_loss: 0.0690882 
test_loss: 0.0731951 
train_loss: 0.0698489 
test_loss: 0.0725152 
train_loss: 0.0689672 
test_loss: 0.072025 
train_loss: 0.0690283 
test_loss: 0.0715641 
train_loss: 0.0675229 
test_loss: 0.0709939 
train_loss: 0.0700425 
test_loss: 0.0703911 
train_loss: 0.0713037 
test_loss: 0.0698564 
train_loss: 0.0693387 
test_loss: 0.0694097 
train_loss: 0.0684888 
test_loss: 0.068877 
train_loss: 0.0646641 
test_loss: 0.0684243 
train_loss: 0.0657764 
test_loss: 0.0678194 
train_loss: 0.0660219 
test_loss: 0.0675132 
train_loss: 0.0634978 
test_loss: 0.0671112 
train_loss: 0.0673485 
test_loss: 0.0667197 
train_loss: 0.0644857 
test_loss: 0.0662766 
train_loss: 0.0637085 
test_loss: 0.0658439 
train_loss: 0.061835 
test_loss: 0.0655297 
train_loss: 0.0649077 
test_loss: 0.0654127 
train_loss: 0.0646966 
test_loss: 0.0648942 
train_loss: 0.064143 
test_loss: 0.0645271 
train_loss: 0.0647886 
test_loss: 0.0643653 
train_loss: 0.0616355 
test_loss: 0.0640403 
train_loss: 0.0618996 
test_loss: 0.063695 
train_loss: 0.0623986 
test_loss: 0.063492 
train_loss: 0.0614247 
test_loss: 0.0631794 
train_loss: 0.0624455 
test_loss: 0.0628608 
train_loss: 0.0593471 
test_loss: 0.0625123 
train_loss: 0.0640475 
test_loss: 0.062487 
train_loss: 0.0609408 
test_loss: 0.0619948 
train_loss: 0.0592394 
test_loss: 0.0618715 
train_loss: 0.0606176 
test_loss: 0.0616807 
train_loss: 0.059435 
test_loss: 0.0613813 
train_loss: 0.0596114 
test_loss: 0.0610183 
train_loss: 0.0611623 
test_loss: 0.0612127 
train_loss: 0.0623295 
test_loss: 0.0605668 
train_loss: 0.0555276 
test_loss: 0.0601875 
train_loss: 0.0597192 
test_loss: 0.0599167 
train_loss: 0.0573698 
test_loss: 0.0595391 
train_loss: 0.0578937 
test_loss: 0.0592244 
train_loss: 0.0552072 
test_loss: 0.0591824 
train_loss: 0.0564269 
test_loss: 0.0587535 
train_loss: 0.0556248 
test_loss: 0.0584487 
train_loss: 0.0581213 
test_loss: 0.0577853 
train_loss: 0.0570609 
test_loss: 0.0575952 
train_loss: 0.0536363 
test_loss: 0.0581189 
train_loss: 0.0563096 
test_loss: 0.0568754 
train_loss: 0.055143 
test_loss: 0.0562725 
train_loss: 0.0561668 
test_loss: 0.0558099 
train_loss: 0.0544408 
test_loss: 0.0550075 
train_loss: 0.0536704 
test_loss: 0.0547 
train_loss: 0.0543877 
test_loss: 0.0546234 
train_loss: 0.0525616 
test_loss: 0.0538854 
train_loss: 0.0503839 
test_loss: 0.0524137 
train_loss: 0.0526992 
test_loss: 0.051771 
train_loss: 0.0498373 
test_loss: 0.0519032 
train_loss: 0.0498566 
test_loss: 0.0504636 
train_loss: 0.052124 
test_loss: 0.0496871 
train_loss: 0.048798 
test_loss: 0.0500239 
train_loss: 0.0456769 
test_loss: 0.0475865 
train_loss: 0.0459529 
test_loss: 0.0470454 
train_loss: 0.0436272 
test_loss: 0.0458409 
train_loss: 0.0443936 
test_loss: 0.0444731 
train_loss: 0.0438497 
test_loss: 0.0443133 
train_loss: 0.0405556 
test_loss: 0.0431686 
train_loss: 0.0390239 
test_loss: 0.042346 
train_loss: 0.0399816 
test_loss: 0.0414056 
train_loss: 0.0430942 
test_loss: 0.043331 
train_loss: 0.0383112 
test_loss: 0.0402111 
train_loss: 0.0360242 
test_loss: 0.0386991 
train_loss: 0.0347116 
test_loss: 0.0374019 
train_loss: 0.0405447 
test_loss: 0.0406162 
train_loss: 0.0367048 
test_loss: 0.0373144 
train_loss: 0.0341987 
test_loss: 0.035017 
train_loss: 0.0327691 
test_loss: 0.0349948 
train_loss: 0.0322461 
test_loss: 0.0333768 
train_loss: 0.0318552 
test_loss: 0.0349147 
train_loss: 0.0322363 
test_loss: 0.0337772 
train_loss: 0.0303266 
test_loss: 0.032104 
train_loss: 0.0292028 
test_loss: 0.0311865 
train_loss: 0.0302978 
test_loss: 0.0320399 
train_loss: 0.0300921 
test_loss: 0.0319994 
train_loss: 0.0283516 
test_loss: 0.029747 
train_loss: 0.0290571 
test_loss: 0.0322994 
train_loss: 0.0269919 
test_loss: 0.0287627 
train_loss: 0.0300614 
test_loss: 0.0295975 
train_loss: 0.0281344 
test_loss: 0.028463 
train_loss: 0.0286991 
test_loss: 0.0307673 
train_loss: 0.025776 
test_loss: 0.0273157 
train_loss: 0.0294715 
test_loss: 0.0269523 
train_loss: 0.0257242 
test_loss: 0.0264176 
train_loss: 0.0252817 
test_loss: 0.0276474 
train_loss: 0.0260493 
test_loss: 0.0261192 
train_loss: 0.0237442 
test_loss: 0.0256427 
train_loss: 0.0270814 
test_loss: 0.0255558 
train_loss: 0.0276503 
test_loss: 0.0259111 
train_loss: 0.0237415 
test_loss: 0.0253872 
train_loss: 0.0227427 
test_loss: 0.0269434 
train_loss: 0.0218141 
test_loss: 0.0251938 
train_loss: 0.0240905 
test_loss: 0.0247056 
train_loss: 0.0229585 
test_loss: 0.0245 
train_loss: 0.0226702 
test_loss: 0.0239176 
train_loss: 0.0241898 
test_loss: 0.0279168 
