train_loss: 0.487534 
test_loss: 0.481263 
train_loss: 0.477389 
test_loss: 0.479596 
train_loss: 0.472286 
test_loss: 0.479591 
train_loss: 0.470224 
test_loss: 0.479584 
train_loss: 0.476518 
test_loss: 0.479585 
train_loss: 0.474106 
test_loss: 0.479594 
train_loss: 0.474621 
test_loss: 0.479572 
train_loss: 0.482408 
test_loss: 0.479592 
train_loss: 0.476902 
test_loss: 0.47958 
train_loss: 0.483957 
test_loss: 0.479601 
train_loss: 0.481702 
test_loss: 0.479583 
train_loss: 0.483986 
test_loss: 0.479593 
train_loss: 0.484019 
test_loss: 0.479596 
train_loss: 0.473971 
test_loss: 0.479596 
train_loss: 0.480964 
test_loss: 0.479602 
train_loss: 0.482108 
test_loss: 0.479588 
train_loss: 0.480175 
test_loss: 0.479587 
train_loss: 0.475802 
test_loss: 0.479585 
train_loss: 0.477975 
test_loss: 0.479592 
train_loss: 0.469303 
test_loss: 0.479584 
train_loss: 0.48195 
test_loss: 0.479588 
train_loss: 0.480018 
test_loss: 0.479589 
train_loss: 0.478259 
test_loss: 0.479582 
train_loss: 0.478605 
test_loss: 0.479578 
train_loss: 0.470365 
test_loss: 0.479571 
train_loss: 0.472892 
test_loss: 0.4796 
train_loss: 0.487143 
test_loss: 0.47959 
train_loss: 0.478978 
test_loss: 0.479587 
train_loss: 0.482605 
test_loss: 0.479566 
train_loss: 0.475117 
test_loss: 0.479583 
train_loss: 0.477232 
test_loss: 0.479584 
