train_loss: 0.265848 
test_loss: 0.257434 
train_loss: 0.144661 
test_loss: 0.151926 
train_loss: 0.140377 
test_loss: 0.14456 
train_loss: 0.128068 
test_loss: 0.116792 
train_loss: 0.0815125 
test_loss: 0.0794528 
train_loss: 0.0549305 
test_loss: 0.0564484 
train_loss: 0.043095 
test_loss: 0.0451134 
train_loss: 0.0374157 
test_loss: 0.036994 
train_loss: 0.0321141 
test_loss: 0.0315094 
train_loss: 0.0366418 
test_loss: 0.0298216 
train_loss: 0.0272643 
test_loss: 0.0270841 
train_loss: 0.0252759 
test_loss: 0.0242808 
train_loss: 0.0225254 
test_loss: 0.0238379 
train_loss: 0.0232926 
test_loss: 0.0241596 
train_loss: 0.0209348 
test_loss: 0.0229525 
train_loss: 0.0227236 
test_loss: 0.0222745 
train_loss: 0.0199982 
test_loss: 0.0222876 
train_loss: 0.0229806 
test_loss: 0.021587 
train_loss: 0.0223859 
test_loss: 0.021964 
train_loss: 0.0223803 
test_loss: 0.0217221 
train_loss: 0.0201681 
test_loss: 0.0230891 
train_loss: 0.0223845 
test_loss: 0.022382 
train_loss: 0.0198883 
test_loss: 0.021638 
train_loss: 0.0199248 
test_loss: 0.0216109 
train_loss: 0.0233708 
test_loss: 0.0221694 
train_loss: 0.0211701 
test_loss: 0.0209315 
train_loss: 0.0201791 
test_loss: 0.0204829 
train_loss: 0.0210841 
test_loss: 0.0201483 
train_loss: 0.0186562 
test_loss: 0.0200718 
train_loss: 0.0202062 
test_loss: 0.0206331 
train_loss: 0.0192716 
test_loss: 0.0188159 
train_loss: 0.0207252 
test_loss: 0.0198034 
train_loss: 0.0174813 
test_loss: 0.0189077 
train_loss: 0.0188675 
test_loss: 0.0189202 
train_loss: 0.0166615 
test_loss: 0.0165986 
train_loss: 0.018944 
test_loss: 0.017978 
train_loss: 0.0163607 
test_loss: 0.0166893 
train_loss: 0.0156722 
test_loss: 0.0159491 
train_loss: 0.0158686 
test_loss: 0.0160741 
train_loss: 0.0148132 
test_loss: 0.0151429 
train_loss: 0.0141171 
test_loss: 0.0140055 
train_loss: 0.0153414 
test_loss: 0.0154274 
train_loss: 0.0140237 
test_loss: 0.0144807 
train_loss: 0.0140655 
test_loss: 0.0148774 
train_loss: 0.0139759 
test_loss: 0.0148141 
train_loss: 0.0170863 
test_loss: 0.0138184 
train_loss: 0.0128094 
test_loss: 0.0135017 
train_loss: 0.0135101 
test_loss: 0.0133384 
train_loss: 0.0144317 
test_loss: 0.0128066 
train_loss: 0.0131787 
test_loss: 0.0130908 
train_loss: 0.0124165 
test_loss: 0.0124559 
train_loss: 0.0122627 
test_loss: 0.0127876 
train_loss: 0.0109851 
test_loss: 0.0123091 
train_loss: 0.0125737 
test_loss: 0.0120967 
train_loss: 0.0123893 
test_loss: 0.0126654 
train_loss: 0.0118556 
test_loss: 0.012257 
train_loss: 0.0105561 
test_loss: 0.0111868 
train_loss: 0.0108834 
test_loss: 0.0112095 
train_loss: 0.010514 
test_loss: 0.0111509 
train_loss: 0.0118609 
test_loss: 0.0113478 
train_loss: 0.00981592 
test_loss: 0.0116002 
train_loss: 0.0102239 
test_loss: 0.0110014 
train_loss: 0.0108823 
test_loss: 0.0111727 
train_loss: 0.0115288 
test_loss: 0.0115096 
train_loss: 0.0110376 
test_loss: 0.010705 
train_loss: 0.0102822 
test_loss: 0.0104547 
train_loss: 0.0111226 
test_loss: 0.0104375 
train_loss: 0.0102593 
test_loss: 0.0100888 
train_loss: 0.0103238 
test_loss: 0.0104107 
train_loss: 0.0103315 
test_loss: 0.0105051 
train_loss: 0.0109829 
test_loss: 0.0102493 
train_loss: 0.00945781 
test_loss: 0.00959772 
train_loss: 0.0107497 
test_loss: 0.0102258 
train_loss: 0.00961974 
test_loss: 0.00977549 
train_loss: 0.00925734 
test_loss: 0.0101796 
train_loss: 0.00929656 
test_loss: 0.00968013 
train_loss: 0.00891974 
test_loss: 0.00998881 
train_loss: 0.0102461 
test_loss: 0.00910893 
train_loss: 0.00901728 
test_loss: 0.00916125 
train_loss: 0.00927401 
test_loss: 0.00906371 
train_loss: 0.00941476 
test_loss: 0.00987638 
train_loss: 0.00867646 
test_loss: 0.00977986 
train_loss: 0.00920427 
test_loss: 0.00948898 
train_loss: 0.0092655 
test_loss: 0.00937287 
train_loss: 0.00789097 
test_loss: 0.00920231 
train_loss: 0.0103168 
test_loss: 0.0094531 
train_loss: 0.00909385 
test_loss: 0.00972076 
train_loss: 0.00874732 
test_loss: 0.00863502 
train_loss: 0.00896605 
test_loss: 0.00890336 
train_loss: 0.00840655 
test_loss: 0.00857546 
train_loss: 0.00817299 
test_loss: 0.00946573 
train_loss: 0.00935153 
test_loss: 0.00868097 
train_loss: 0.00792753 
test_loss: 0.00888663 
train_loss: 0.00799244 
test_loss: 0.00875893 
train_loss: 0.00848078 
test_loss: 0.00914136 
train_loss: 0.00899798 
test_loss: 0.00867279 
train_loss: 0.00786918 
test_loss: 0.00835392 
train_loss: 0.00800049 
test_loss: 0.00831927 
train_loss: 0.00872518 
test_loss: 0.00888303 
train_loss: 0.00799003 
test_loss: 0.00819088 
train_loss: 0.00882677 
test_loss: 0.00879408 
train_loss: 0.00811949 
test_loss: 0.00837558 
train_loss: 0.00787034 
test_loss: 0.008101 
train_loss: 0.00856911 
test_loss: 0.00807293 
train_loss: 0.00918727 
test_loss: 0.00855769 
train_loss: 0.00771855 
test_loss: 0.00803338 
train_loss: 0.0073015 
test_loss: 0.00818829 
train_loss: 0.00827116 
test_loss: 0.00789223 
train_loss: 0.0072096 
test_loss: 0.00760357 
train_loss: 0.00723247 
test_loss: 0.00757883 
train_loss: 0.00780999 
test_loss: 0.00826328 
train_loss: 0.00699016 
test_loss: 0.00758428 
train_loss: 0.00846385 
test_loss: 0.00794733 
train_loss: 0.00776042 
test_loss: 0.00801344 
train_loss: 0.00712293 
test_loss: 0.00764954 
train_loss: 0.00748532 
test_loss: 0.00776147 
train_loss: 0.00753267 
test_loss: 0.00767242 
train_loss: 0.00810942 
test_loss: 0.00792356 
train_loss: 0.00808765 
test_loss: 0.00777342 
train_loss: 0.00775257 
test_loss: 0.00751432 
train_loss: 0.00757763 
test_loss: 0.00784286 
train_loss: 0.00722203 
test_loss: 0.00731956 
train_loss: 0.0074677 
test_loss: 0.00778226 
train_loss: 0.00699496 
test_loss: 0.00748074 
train_loss: 0.00856261 
test_loss: 0.00857547 
train_loss: 0.00696087 
test_loss: 0.00725581 
train_loss: 0.00735872 
test_loss: 0.0074507 
train_loss: 0.00819916 
test_loss: 0.00798924 
train_loss: 0.00745121 
test_loss: 0.00714235 
train_loss: 0.00691744 
test_loss: 0.00741132 
train_loss: 0.00752614 
test_loss: 0.00789882 
