train_loss: 0.312449 
test_loss: 0.306124 
train_loss: 0.102005 
test_loss: 0.100436 
train_loss: 0.0800631 
test_loss: 0.0806872 
train_loss: 0.075448 
test_loss: 0.0777733 
train_loss: 0.0742471 
test_loss: 0.0750752 
train_loss: 0.0756687 
test_loss: 0.0732453 
train_loss: 0.0703959 
test_loss: 0.0716146 
train_loss: 0.0711031 
test_loss: 0.0700848 
train_loss: 0.0681105 
test_loss: 0.0683924 
train_loss: 0.0657198 
test_loss: 0.0662635 
train_loss: 0.0622404 
test_loss: 0.0616358 
train_loss: 0.056968 
test_loss: 0.0577185 
train_loss: 0.0551117 
test_loss: 0.0557662 
train_loss: 0.0560589 
test_loss: 0.053842 
train_loss: 0.0529277 
test_loss: 0.0520396 
train_loss: 0.0500768 
test_loss: 0.051556 
train_loss: 0.050292 
test_loss: 0.0502936 
train_loss: 0.0513296 
test_loss: 0.0499148 
train_loss: 0.0491178 
test_loss: 0.049436 
train_loss: 0.048834 
test_loss: 0.0489458 
train_loss: 0.0495287 
test_loss: 0.048762 
train_loss: 0.04763 
test_loss: 0.0481257 
train_loss: 0.0463169 
test_loss: 0.0475597 
train_loss: 0.0468234 
test_loss: 0.0471218 
train_loss: 0.046338 
test_loss: 0.0468081 
train_loss: 0.0463041 
test_loss: 0.046652 
train_loss: 0.0471257 
test_loss: 0.0467501 
train_loss: 0.0447229 
test_loss: 0.04638 
train_loss: 0.0474657 
test_loss: 0.0461456 
train_loss: 0.0471282 
test_loss: 0.0461652 
train_loss: 0.0453593 
test_loss: 0.045881 
train_loss: 0.047336 
test_loss: 0.0457639 
train_loss: 0.0474387 
test_loss: 0.0460207 
train_loss: 0.0459443 
test_loss: 0.0462256 
train_loss: 0.0443977 
test_loss: 0.045816 
train_loss: 0.0442247 
test_loss: 0.0454171 
train_loss: 0.0457237 
test_loss: 0.0454707 
train_loss: 0.0434301 
test_loss: 0.0453907 
train_loss: 0.0454246 
test_loss: 0.045596 
train_loss: 0.0443213 
test_loss: 0.0450314 
train_loss: 0.0455857 
test_loss: 0.045036 
train_loss: 0.0442405 
test_loss: 0.0451233 
train_loss: 0.0442712 
test_loss: 0.0447005 
train_loss: 0.0441209 
test_loss: 0.0449204 
train_loss: 0.0452678 
test_loss: 0.0448116 
train_loss: 0.0446343 
test_loss: 0.0444962 
train_loss: 0.0452517 
test_loss: 0.0445238 
train_loss: 0.0435689 
test_loss: 0.0443461 
train_loss: 0.0435348 
test_loss: 0.0445031 
train_loss: 0.0445913 
test_loss: 0.044329 
train_loss: 0.0441958 
test_loss: 0.0444503 
train_loss: 0.0453414 
test_loss: 0.0444003 
train_loss: 0.0446694 
test_loss: 0.0441938 
train_loss: 0.0439965 
test_loss: 0.0442679 
train_loss: 0.0448293 
test_loss: 0.044311 
train_loss: 0.045465 
test_loss: 0.0445263 
train_loss: 0.0442586 
test_loss: 0.0439483 
train_loss: 0.0441336 
test_loss: 0.0442378 
train_loss: 0.0455705 
test_loss: 0.0442191 
train_loss: 0.0445786 
test_loss: 0.0444059 
train_loss: 0.0442265 
test_loss: 0.0438738 
train_loss: 0.0433305 
test_loss: 0.0439186 
train_loss: 0.0448181 
test_loss: 0.0437497 
train_loss: 0.0450393 
test_loss: 0.0441198 
train_loss: 0.0443756 
test_loss: 0.0441685 
train_loss: 0.0443415 
test_loss: 0.0440064 
train_loss: 0.0438468 
test_loss: 0.0438582 
train_loss: 0.0429665 
test_loss: 0.0437629 
train_loss: 0.0440329 
test_loss: 0.0440527 
train_loss: 0.0431389 
test_loss: 0.0437478 
train_loss: 0.0428845 
test_loss: 0.043856 
train_loss: 0.0440964 
test_loss: 0.0435816 
train_loss: 0.0435251 
test_loss: 0.0435453 
train_loss: 0.0423959 
test_loss: 0.0437249 
train_loss: 0.0454342 
test_loss: 0.0435577 
train_loss: 0.0424624 
test_loss: 0.0434314 
train_loss: 0.0423526 
test_loss: 0.0433641 
train_loss: 0.0430861 
test_loss: 0.0434625 
train_loss: 0.0432674 
test_loss: 0.0436142 
train_loss: 0.0444192 
test_loss: 0.0435887 
train_loss: 0.044314 
test_loss: 0.0435714 
train_loss: 0.0431497 
test_loss: 0.0433293 
train_loss: 0.0430205 
test_loss: 0.0433681 
train_loss: 0.0431784 
test_loss: 0.0437356 
train_loss: 0.0425492 
test_loss: 0.0434095 
train_loss: 0.0442632 
test_loss: 0.043291 
train_loss: 0.0438379 
test_loss: 0.0431569 
train_loss: 0.0421866 
test_loss: 0.0431878 
train_loss: 0.0439487 
test_loss: 0.0431581 
train_loss: 0.0429669 
test_loss: 0.043323 
train_loss: 0.0425202 
test_loss: 0.0431366 
train_loss: 0.0421857 
test_loss: 0.0432436 
train_loss: 0.0431467 
test_loss: 0.0435909 
train_loss: 0.0434092 
test_loss: 0.0435349 
train_loss: 0.043306 
test_loss: 0.0431842 
train_loss: 0.0440651 
test_loss: 0.0432217 
train_loss: 0.0435034 
test_loss: 0.0431331 
train_loss: 0.0427244 
test_loss: 0.0431105 
train_loss: 0.04332 
test_loss: 0.0432873 
train_loss: 0.0427925 
test_loss: 0.0432035 
train_loss: 0.0426184 
test_loss: 0.0429386 
train_loss: 0.0424636 
test_loss: 0.0431444 
train_loss: 0.0442272 
test_loss: 0.0429336 
train_loss: 0.0434919 
test_loss: 0.0433362 
train_loss: 0.0425076 
test_loss: 0.0433701 
train_loss: 0.0432424 
test_loss: 0.0430915 
train_loss: 0.0418762 
test_loss: 0.0431544 
train_loss: 0.042032 
test_loss: 0.0431837 
train_loss: 0.0437888 
test_loss: 0.0432917 
train_loss: 0.0428078 
test_loss: 0.0429408 
train_loss: 0.0433033 
test_loss: 0.0428722 
train_loss: 0.0438242 
test_loss: 0.0431118 
train_loss: 0.0439489 
test_loss: 0.0429922 
train_loss: 0.0438666 
test_loss: 0.0427849 
train_loss: 0.0428891 
test_loss: 0.0430249 
train_loss: 0.0422634 
test_loss: 0.0429665 
train_loss: 0.0421313 
test_loss: 0.0431609 
train_loss: 0.0430229 
test_loss: 0.0428157 
train_loss: 0.0427567 
test_loss: 0.0428229 
train_loss: 0.0419916 
test_loss: 0.0431496 
train_loss: 0.0423452 
test_loss: 0.0428749 
train_loss: 0.0430126 
test_loss: 0.0427628 
train_loss: 0.0427881 
test_loss: 0.0429347 
train_loss: 0.0429689 
test_loss: 0.0428636 
train_loss: 0.0421768 
test_loss: 0.0428781 
train_loss: 0.0429872 
test_loss: 0.0427416 
train_loss: 0.0427533 
test_loss: 0.0432084 
train_loss: 0.0423706 
test_loss: 0.0429735 
train_loss: 0.0434534 
test_loss: 0.043152 
train_loss: 0.0435466 
test_loss: 0.0425896 
train_loss: 0.0426849 
test_loss: 0.0426131 
train_loss: 0.0419051 
test_loss: 0.042777 
train_loss: 0.0430779 
test_loss: 0.0428618 
train_loss: 0.0423968 
test_loss: 0.042638 
train_loss: 0.0422235 
test_loss: 0.0425327 
train_loss: 0.0433315 
test_loss: 0.0429733 
train_loss: 0.0443992 
test_loss: 0.0428259 
train_loss: 0.0437265 
test_loss: 0.0426415 
train_loss: 0.0414611 
test_loss: 0.0425189 
train_loss: 0.0419663 
test_loss: 0.0422754 
train_loss: 0.0413282 
test_loss: 0.0423664 
train_loss: 0.0428928 
test_loss: 0.042309 
train_loss: 0.0433384 
test_loss: 0.0422366 
train_loss: 0.0430289 
test_loss: 0.0424837 
train_loss: 0.0419637 
test_loss: 0.0422429 
train_loss: 0.0420212 
test_loss: 0.0423673 
train_loss: 0.042992 
test_loss: 0.0424095 
train_loss: 0.0420934 
test_loss: 0.0421632 
train_loss: 0.0428715 
test_loss: 0.0420923 
train_loss: 0.0423202 
test_loss: 0.0422884 
train_loss: 0.0425936 
test_loss: 0.0419847 
train_loss: 0.0416688 
test_loss: 0.0419839 
train_loss: 0.0417111 
test_loss: 0.0419232 
train_loss: 0.0421449 
test_loss: 0.0422217 
train_loss: 0.0430695 
test_loss: 0.0417819 
train_loss: 0.0411048 
test_loss: 0.0422566 
train_loss: 0.0411729 
test_loss: 0.0419926 
train_loss: 0.0415395 
test_loss: 0.0420858 
train_loss: 0.0435417 
test_loss: 0.0423871 
train_loss: 0.0418442 
test_loss: 0.0419639 
train_loss: 0.0419234 
test_loss: 0.0418717 
train_loss: 0.0428268 
test_loss: 0.0423205 
train_loss: 0.0414872 
test_loss: 0.0418113 
train_loss: 0.0413446 
test_loss: 0.0419495 
train_loss: 0.0405089 
test_loss: 0.0419951 
train_loss: 0.0418202 
test_loss: 0.0417439 
train_loss: 0.0417429 
test_loss: 0.0418657 
train_loss: 0.0416853 
test_loss: 0.0417857 
train_loss: 0.0434819 
test_loss: 0.0420008 
train_loss: 0.0423703 
test_loss: 0.0419339 
train_loss: 0.0419628 
test_loss: 0.0419369 
