train_loss: 1.98998 
test_loss: 2.00541 
train_loss: 1.98006 
test_loss: 1.99277 
train_loss: 1.98259 
test_loss: 1.98781 
train_loss: 1.97169 
test_loss: 1.98845 
train_loss: 1.98382 
test_loss: 1.98821 
train_loss: 1.99135 
test_loss: 1.98792 
train_loss: 1.98371 
test_loss: 1.98865 
train_loss: 1.99827 
test_loss: 1.98835 
train_loss: 1.99295 
test_loss: 1.98956 
train_loss: 0.653083 
test_loss: 0.687571 
train_loss: 0.679152 
test_loss: 0.686738 
train_loss: 0.700704 
test_loss: 0.685551 
train_loss: 0.648189 
test_loss: 0.684119 
train_loss: 0.697832 
test_loss: 0.682241 
train_loss: 0.654319 
test_loss: 0.679894 
train_loss: 0.663009 
test_loss: 0.676793 
train_loss: 0.676455 
test_loss: 0.672856 
train_loss: 0.661357 
test_loss: 0.66786 
train_loss: 0.63965 
test_loss: 0.661404 
train_loss: 0.642369 
test_loss: 0.653212 
train_loss: 0.647149 
test_loss: 0.642738 
train_loss: 0.609547 
test_loss: 0.629252 
train_loss: 0.599514 
test_loss: 0.611994 
train_loss: 0.582221 
test_loss: 0.58979 
train_loss: 0.5662 
test_loss: 0.560874 
train_loss: 0.51226 
test_loss: 0.523218 
train_loss: 0.484885 
test_loss: 0.473702 
train_loss: 0.404652 
test_loss: 0.410553 
train_loss: 0.349371 
test_loss: 0.357349 
train_loss: 0.304879 
test_loss: 0.311227 
train_loss: 0.271342 
test_loss: 0.260531 
train_loss: 0.209455 
test_loss: 0.216806 
train_loss: 0.175842 
test_loss: 0.189464 
train_loss: 0.174448 
test_loss: 0.177061 
train_loss: 0.171297 
test_loss: 0.172566 
train_loss: 0.170174 
test_loss: 0.170621 
train_loss: 0.179034 
test_loss: 0.168996 
train_loss: 0.165726 
test_loss: 0.166232 
train_loss: 0.168417 
test_loss: 0.161126 
train_loss: 0.143919 
test_loss: 0.153075 
train_loss: 0.133201 
test_loss: 0.138743 
train_loss: 0.114899 
test_loss: 0.114399 
train_loss: 0.0904994 
test_loss: 0.0912896 
train_loss: 0.0793371 
test_loss: 0.0779769 
train_loss: 0.0689627 
test_loss: 0.0715696 
train_loss: 0.0734445 
test_loss: 0.066472 
train_loss: 0.0583386 
test_loss: 0.0602833 
train_loss: 0.0501753 
test_loss: 0.0541156 
train_loss: 0.0452727 
test_loss: 0.0454632 
train_loss: 0.0414009 
test_loss: 0.0394366 
train_loss: 0.034623 
test_loss: 0.034609 
train_loss: 0.213412 
test_loss: 0.201233 
train_loss: 0.183414 
test_loss: 0.171774 
train_loss: 0.15982 
test_loss: 0.154523 
train_loss: 0.132447 
test_loss: 0.132086 
train_loss: 0.0820968 
test_loss: 0.0827503 
train_loss: 0.0529794 
test_loss: 0.0601742 
train_loss: 0.0477236 
test_loss: 0.0466129 
train_loss: 0.0392779 
test_loss: 0.0387847 
train_loss: 0.0374346 
test_loss: 0.0339016 
train_loss: 0.0294545 
test_loss: 0.0297443 
train_loss: 0.027964 
test_loss: 0.0278657 
train_loss: 0.0276085 
test_loss: 0.027334 
train_loss: 0.0281105 
test_loss: 0.033451 
train_loss: 0.0283928 
test_loss: 0.0246074 
train_loss: 0.0238059 
test_loss: 0.0247364 
train_loss: 0.0251455 
test_loss: 0.0277945 
train_loss: 0.0240682 
test_loss: 0.0238661 
train_loss: 0.0249293 
test_loss: 0.0232581 
train_loss: 0.0212433 
test_loss: 0.0234213 
train_loss: 0.019335 
test_loss: 0.0228044 
train_loss: 0.0234967 
test_loss: 0.0221171 
train_loss: 0.0248611 
test_loss: 0.0218826 
train_loss: 0.0195371 
test_loss: 0.0203404 
train_loss: 0.0246686 
test_loss: 0.0202892 
train_loss: 0.0233273 
test_loss: 0.0216642 
train_loss: 0.0208593 
test_loss: 0.0195212 
train_loss: 0.0176501 
test_loss: 0.0185397 
train_loss: 0.018881 
test_loss: 0.0183653 
train_loss: 0.0164558 
test_loss: 0.0184892 
train_loss: 0.0155239 
test_loss: 0.0173811 
train_loss: 0.0191341 
test_loss: 0.0178727 
train_loss: 0.0176578 
test_loss: 0.017801 
train_loss: 0.0153014 
test_loss: 0.0162168 
train_loss: 0.0140798 
test_loss: 0.0155785 
train_loss: 0.0140613 
test_loss: 0.0150655 
train_loss: 0.0138053 
test_loss: 0.0144416 
train_loss: 0.0129788 
test_loss: 0.0142436 
train_loss: 0.0161732 
test_loss: 0.014612 
train_loss: 0.0147821 
test_loss: 0.0158707 
train_loss: 0.0141383 
test_loss: 0.0137482 
train_loss: 0.0125939 
test_loss: 0.0128673 
train_loss: 0.0121697 
test_loss: 0.012876 
train_loss: 0.0115598 
test_loss: 0.0128774 
train_loss: 0.0140541 
test_loss: 0.0128818 
train_loss: 0.0123146 
test_loss: 0.0125178 
train_loss: 0.0114666 
test_loss: 0.0120216 
train_loss: 0.0122625 
test_loss: 0.0129017 
train_loss: 0.0120845 
test_loss: 0.0120539 
train_loss: 0.0129616 
test_loss: 0.0115885 
train_loss: 0.0111806 
test_loss: 0.0120613 
train_loss: 0.0108268 
test_loss: 0.011318 
train_loss: 0.00951211 
test_loss: 0.0116328 
train_loss: 0.0105851 
test_loss: 0.0114258 
train_loss: 0.0105842 
test_loss: 0.0110805 
train_loss: 0.0108347 
test_loss: 0.0107205 
train_loss: 0.0101367 
test_loss: 0.0110414 
train_loss: 0.0090508 
test_loss: 0.0106704 
train_loss: 0.0131855 
test_loss: 0.0104339 
train_loss: 0.0111355 
test_loss: 0.0106547 
train_loss: 0.00987411 
test_loss: 0.010191 
train_loss: 0.00901058 
test_loss: 0.00997194 
train_loss: 0.0106906 
test_loss: 0.0106896 
train_loss: 0.0102629 
test_loss: 0.0112516 
train_loss: 0.0101645 
test_loss: 0.0099326 
train_loss: 0.00864727 
test_loss: 0.00984944 
train_loss: 0.0099518 
test_loss: 0.00986376 
train_loss: 0.009738 
test_loss: 0.00998677 
train_loss: 0.00897649 
test_loss: 0.00976217 
train_loss: 0.0106297 
test_loss: 0.0104351 
train_loss: 0.00921663 
test_loss: 0.00944354 
train_loss: 0.0092196 
test_loss: 0.0097441 
train_loss: 0.00862779 
test_loss: 0.00961822 
train_loss: 0.00862929 
test_loss: 0.00968905 
train_loss: 0.00907882 
test_loss: 0.00915613 
train_loss: 0.00881123 
test_loss: 0.0092476 
train_loss: 0.00818786 
test_loss: 0.00895591 
train_loss: 0.00903342 
test_loss: 0.00921222 
train_loss: 0.00769513 
test_loss: 0.00934286 
train_loss: 0.00966898 
test_loss: 0.00921538 
train_loss: 0.00794898 
test_loss: 0.00912726 
train_loss: 0.00797754 
test_loss: 0.00927338 
train_loss: 0.00838616 
test_loss: 0.0090295 
train_loss: 0.00813161 
test_loss: 0.00959483 
train_loss: 0.00798316 
test_loss: 0.00847251 
train_loss: 0.00815052 
test_loss: 0.00867266 
train_loss: 0.00906847 
test_loss: 0.00924204 
train_loss: 0.00852335 
test_loss: 0.00934431 
train_loss: 0.00732445 
test_loss: 0.00889129 
train_loss: 0.00772506 
test_loss: 0.0087797 
train_loss: 0.0092848 
test_loss: 0.00953496 
