train_loss: 0.011941 
test_loss: 0.011191 
train_loss: 0.006743 
test_loss: 0.006911 
train_loss: 0.005905 
test_loss: 0.005762 
train_loss: 0.004626 
test_loss: 0.004329 
train_loss: 0.004274 
test_loss: 0.004796 
train_loss: 0.003860 
test_loss: 0.004235 
train_loss: 0.003437 
test_loss: 0.004018 
train_loss: 0.003519 
test_loss: 0.003488 
train_loss: 0.003315 
test_loss: 0.003707 
train_loss: 0.003962 
test_loss: 0.003864 
train_loss: 0.004654 
test_loss: 0.004381 
train_loss: 0.003442 
test_loss: 0.003370 
train_loss: 0.003373 
test_loss: 0.003031 
train_loss: 0.003384 
test_loss: 0.003415 
train_loss: 0.003096 
test_loss: 0.003403 
train_loss: 0.003486 
test_loss: 0.002750 
train_loss: 0.002834 
test_loss: 0.003098 
train_loss: 0.002853 
test_loss: 0.003305 
train_loss: 0.003151 
test_loss: 0.003580 
train_loss: 0.002624 
test_loss: 0.002821 
train_loss: 0.003031 
test_loss: 0.002824 
train_loss: 0.003437 
test_loss: 0.004066 
train_loss: 0.003108 
test_loss: 0.003032 
train_loss: 0.002885 
test_loss: 0.002722 
train_loss: 0.003616 
test_loss: 0.002869 
train_loss: 0.002886 
test_loss: 0.002834 
train_loss: 0.003573 
test_loss: 0.003256 
train_loss: 0.002705 
test_loss: 0.003007 
train_loss: 0.003085 
test_loss: 0.003005 
train_loss: 0.002584 
test_loss: 0.002831 
train_loss: 0.003103 
test_loss: 0.002549 
train_loss: 0.003065 
test_loss: 0.002876 
train_loss: 0.002571 
test_loss: 0.002667 
train_loss: 0.002623 
test_loss: 0.002770 
train_loss: 0.002260 
test_loss: 0.002683 
train_loss: 0.002970 
test_loss: 0.003693 
train_loss: 0.002731 
test_loss: 0.002835 
train_loss: 0.002423 
test_loss: 0.002548 
train_loss: 0.002610 
test_loss: 0.002279 
train_loss: 0.002742 
test_loss: 0.003051 
train_loss: 0.002598 
test_loss: 0.002729 
