train_loss: 0.519911 
test_loss: 0.53119 
train_loss: 0.535744 
test_loss: 0.530325 
train_loss: 0.528917 
test_loss: 0.530006 
train_loss: 0.530593 
test_loss: 0.529635 
train_loss: 0.52449 
test_loss: 0.529198 
train_loss: 0.527054 
test_loss: 0.528707 
train_loss: 0.525173 
test_loss: 0.528167 
train_loss: 0.527306 
test_loss: 0.527605 
train_loss: 0.529618 
test_loss: 0.526969 
train_loss: 0.523184 
test_loss: 0.526317 
train_loss: 0.530641 
test_loss: 0.525604 
train_loss: 0.523183 
test_loss: 0.524846 
train_loss: 0.523453 
test_loss: 0.52407 
train_loss: 0.519265 
test_loss: 0.52326 
train_loss: 0.524562 
test_loss: 0.522397 
train_loss: 0.516201 
test_loss: 0.521493 
train_loss: 0.525672 
test_loss: 0.520575 
train_loss: 0.520598 
test_loss: 0.51959 
train_loss: 0.520348 
test_loss: 0.518608 
train_loss: 0.523154 
test_loss: 0.517556 
train_loss: 0.518467 
test_loss: 0.516491 
train_loss: 0.517053 
test_loss: 0.515366 
train_loss: 0.506002 
test_loss: 0.514224 
train_loss: 0.514869 
test_loss: 0.513029 
train_loss: 0.505397 
test_loss: 0.511808 
train_loss: 0.506519 
test_loss: 0.510558 
train_loss: 0.512858 
test_loss: 0.509261 
train_loss: 0.503167 
test_loss: 0.507937 
train_loss: 0.505057 
test_loss: 0.506567 
train_loss: 0.502454 
test_loss: 0.505164 
train_loss: 0.501573 
test_loss: 0.503732 
train_loss: 0.500877 
test_loss: 0.502248 
train_loss: 0.502509 
test_loss: 0.500725 
train_loss: 0.499052 
test_loss: 0.499178 
train_loss: 0.498021 
test_loss: 0.497556 
train_loss: 0.489463 
test_loss: 0.495931 
train_loss: 0.492502 
test_loss: 0.494261 
train_loss: 0.482279 
test_loss: 0.492517 
train_loss: 0.486115 
test_loss: 0.490763 
train_loss: 0.491846 
test_loss: 0.488946 
train_loss: 0.488704 
test_loss: 0.487099 
train_loss: 0.481559 
test_loss: 0.485179 
train_loss: 0.480236 
test_loss: 0.483221 
train_loss: 0.477397 
test_loss: 0.481231 
train_loss: 0.482385 
test_loss: 0.479178 
train_loss: 0.474002 
test_loss: 0.477061 
train_loss: 0.469084 
test_loss: 0.474912 
train_loss: 0.472089 
test_loss: 0.472697 
train_loss: 0.472821 
test_loss: 0.470444 
train_loss: 0.466636 
test_loss: 0.468104 
train_loss: 0.46402 
test_loss: 0.465732 
train_loss: 0.461831 
test_loss: 0.463287 
train_loss: 0.457156 
test_loss: 0.460769 
train_loss: 0.452625 
test_loss: 0.458193 
train_loss: 0.455173 
test_loss: 0.455574 
train_loss: 0.454268 
test_loss: 0.452842 
train_loss: 0.450424 
test_loss: 0.450061 
train_loss: 0.444358 
test_loss: 0.447193 
train_loss: 0.439795 
test_loss: 0.444252 
train_loss: 0.436423 
test_loss: 0.441269 
train_loss: 0.443949 
test_loss: 0.438176 
train_loss: 0.432398 
test_loss: 0.43501 
train_loss: 0.426313 
test_loss: 0.431755 
train_loss: 0.427629 
test_loss: 0.42842 
train_loss: 0.423759 
test_loss: 0.424989 
train_loss: 0.426252 
test_loss: 0.421448 
train_loss: 0.41365 
test_loss: 0.417833 
train_loss: 0.416992 
test_loss: 0.414112 
train_loss: 0.406049 
test_loss: 0.410303 
train_loss: 0.408464 
test_loss: 0.406389 
train_loss: 0.404357 
test_loss: 0.402496 
train_loss: 0.391682 
test_loss: 0.39864 
train_loss: 0.395665 
test_loss: 0.394854 
train_loss: 0.390269 
test_loss: 0.391081 
train_loss: 0.386395 
test_loss: 0.387295 
train_loss: 0.385859 
test_loss: 0.383458 
train_loss: 0.378047 
test_loss: 0.379569 
train_loss: 0.373416 
test_loss: 0.375626 
train_loss: 0.373488 
test_loss: 0.371616 
train_loss: 0.370555 
test_loss: 0.36751 
train_loss: 0.362229 
test_loss: 0.36332 
train_loss: 0.358817 
test_loss: 0.359058 
train_loss: 0.355126 
test_loss: 0.354667 
train_loss: 0.350818 
test_loss: 0.350126 
train_loss: 0.341935 
test_loss: 0.345392 
train_loss: 0.337787 
test_loss: 0.340494 
train_loss: 0.334892 
test_loss: 0.335362 
train_loss: 0.334191 
test_loss: 0.33 
train_loss: 0.326337 
test_loss: 0.32436 
train_loss: 0.321963 
test_loss: 0.318469 
train_loss: 0.312717 
test_loss: 0.312354 
train_loss: 0.30694 
test_loss: 0.306013 
train_loss: 0.298716 
test_loss: 0.299473 
train_loss: 0.292816 
test_loss: 0.292694 
train_loss: 0.287792 
test_loss: 0.285743 
train_loss: 0.280957 
test_loss: 0.278634 
train_loss: 0.274962 
test_loss: 0.271405 
train_loss: 0.268443 
test_loss: 0.264051 
train_loss: 0.256318 
test_loss: 0.25658 
train_loss: 0.247655 
test_loss: 0.249039 
train_loss: 0.241303 
test_loss: 0.241422 
train_loss: 0.232565 
test_loss: 0.233752 
train_loss: 0.228913 
test_loss: 0.226039 
train_loss: 0.217358 
test_loss: 0.218344 
train_loss: 0.213264 
test_loss: 0.210671 
train_loss: 0.20089 
test_loss: 0.203074 
train_loss: 0.196118 
test_loss: 0.19561 
train_loss: 0.188766 
test_loss: 0.188303 
train_loss: 0.180323 
test_loss: 0.181234 
train_loss: 0.173062 
test_loss: 0.174424 
train_loss: 0.168445 
test_loss: 0.167883 
train_loss: 0.162648 
test_loss: 0.161587 
train_loss: 0.156211 
test_loss: 0.155571 
train_loss: 0.15028 
test_loss: 0.149806 
train_loss: 0.144396 
test_loss: 0.144304 
train_loss: 0.138624 
test_loss: 0.139029 
train_loss: 0.134897 
test_loss: 0.133971 
train_loss: 0.12872 
test_loss: 0.129125 
train_loss: 0.125188 
test_loss: 0.124486 
train_loss: 0.121978 
test_loss: 0.120019 
train_loss: 0.115892 
test_loss: 0.115724 
train_loss: 0.111504 
test_loss: 0.111597 
train_loss: 0.107577 
test_loss: 0.10763 
train_loss: 0.103398 
test_loss: 0.103829 
train_loss: 0.102442 
test_loss: 0.100175 
train_loss: 0.0963685 
test_loss: 0.0966802 
train_loss: 0.0943182 
test_loss: 0.0933444 
train_loss: 0.0892443 
test_loss: 0.0901534 
train_loss: 0.0867949 
test_loss: 0.0871448 
train_loss: 0.0823809 
test_loss: 0.0842931 
train_loss: 0.0802367 
test_loss: 0.0816261 
train_loss: 0.0784621 
test_loss: 0.0791169 
train_loss: 0.0762731 
test_loss: 0.0767738 
train_loss: 0.0746773 
test_loss: 0.0745877 
train_loss: 0.072016 
test_loss: 0.0725601 
train_loss: 0.0706776 
test_loss: 0.0706954 
train_loss: 0.0683201 
test_loss: 0.0689733 
train_loss: 0.0662229 
test_loss: 0.0673818 
train_loss: 0.0651303 
test_loss: 0.0659182 
train_loss: 0.0642914 
test_loss: 0.064572 
train_loss: 0.0632447 
test_loss: 0.0633403 
train_loss: 0.0617835 
test_loss: 0.0622009 
train_loss: 0.0610836 
test_loss: 0.0611713 
train_loss: 0.059306 
test_loss: 0.0602166 
train_loss: 0.0582434 
test_loss: 0.0593378 
train_loss: 0.0583091 
test_loss: 0.0585306 
train_loss: 0.0577568 
test_loss: 0.0578007 
train_loss: 0.0578174 
test_loss: 0.0571227 
train_loss: 0.0563594 
test_loss: 0.0565004 
train_loss: 0.0562521 
test_loss: 0.0559074 
train_loss: 0.0554167 
test_loss: 0.0553866 
train_loss: 0.0543139 
test_loss: 0.0548732 
train_loss: 0.0535752 
test_loss: 0.0544197 
train_loss: 0.0537564 
test_loss: 0.0539812 
train_loss: 0.053122 
test_loss: 0.0535785 
train_loss: 0.0535919 
test_loss: 0.0531884 
train_loss: 0.0523267 
test_loss: 0.0528602 
train_loss: 0.0533341 
test_loss: 0.0524931 
train_loss: 0.0520564 
test_loss: 0.0521635 
train_loss: 0.0515563 
test_loss: 0.0518539 
train_loss: 0.0510724 
test_loss: 0.0515497 
train_loss: 0.0513821 
test_loss: 0.0513368 
train_loss: 0.0507166 
test_loss: 0.0510244 
train_loss: 0.0508409 
test_loss: 0.0507414 
train_loss: 0.049691 
test_loss: 0.0504936 
train_loss: 0.0502109 
test_loss: 0.0502444 
train_loss: 0.0497952 
test_loss: 0.0500277 
train_loss: 0.0488917 
test_loss: 0.0497881 
train_loss: 0.049453 
test_loss: 0.0495445 
train_loss: 0.0490736 
test_loss: 0.0493103 
train_loss: 0.0493685 
test_loss: 0.0491027 
train_loss: 0.0490091 
test_loss: 0.0488798 
train_loss: 0.0486388 
test_loss: 0.0486547 
train_loss: 0.0478526 
test_loss: 0.0484325 
train_loss: 0.0474316 
test_loss: 0.0482177 
train_loss: 0.0481657 
test_loss: 0.0479958 
train_loss: 0.0479049 
test_loss: 0.0477762 
train_loss: 0.0470758 
test_loss: 0.0475662 
train_loss: 0.0474844 
test_loss: 0.0473654 
train_loss: 0.0472277 
test_loss: 0.0471322 
train_loss: 0.0463865 
test_loss: 0.0469281 
train_loss: 0.0468591 
test_loss: 0.0466841 
train_loss: 0.0460565 
test_loss: 0.0464728 
train_loss: 0.0453962 
test_loss: 0.0462508 
train_loss: 0.0457757 
test_loss: 0.0460148 
train_loss: 0.0459069 
test_loss: 0.0457606 
train_loss: 0.0459021 
test_loss: 0.0455272 
train_loss: 0.0451563 
test_loss: 0.0453235 
train_loss: 0.0444778 
test_loss: 0.0450625 
train_loss: 0.0442863 
test_loss: 0.0448082 
train_loss: 0.0445604 
test_loss: 0.0445702 
train_loss: 0.0447277 
test_loss: 0.0443195 
train_loss: 0.0443716 
test_loss: 0.0440901 
train_loss: 0.0439383 
test_loss: 0.0438286 
train_loss: 0.0439514 
test_loss: 0.0435736 
train_loss: 0.043544 
test_loss: 0.0433045 
train_loss: 0.0428507 
test_loss: 0.0430504 
train_loss: 0.0427142 
test_loss: 0.0427917 
train_loss: 0.0420487 
test_loss: 0.0424969 
train_loss: 0.0421006 
test_loss: 0.0422701 
train_loss: 0.0416697 
test_loss: 0.0420077 
train_loss: 0.0418811 
test_loss: 0.0417588 
train_loss: 0.041594 
test_loss: 0.0414646 
train_loss: 0.0414492 
test_loss: 0.0411776 
train_loss: 0.0402223 
test_loss: 0.0408707 
train_loss: 0.0407621 
test_loss: 0.0406189 
train_loss: 0.0403164 
test_loss: 0.0403423 
train_loss: 0.0402452 
test_loss: 0.0400217 
train_loss: 0.0396373 
test_loss: 0.0397166 
train_loss: 0.0391836 
test_loss: 0.0393757 
train_loss: 0.0389585 
test_loss: 0.0391136 
train_loss: 0.0386978 
test_loss: 0.0387578 
train_loss: 0.0387522 
test_loss: 0.0384679 
train_loss: 0.0379504 
test_loss: 0.038073 
train_loss: 0.0374939 
test_loss: 0.0377939 
train_loss: 0.0373944 
test_loss: 0.037455 
train_loss: 0.0368708 
test_loss: 0.0371399 
train_loss: 0.0366858 
test_loss: 0.0367728 
train_loss: 0.036003 
test_loss: 0.0363746 
train_loss: 0.0358584 
test_loss: 0.0360492 
train_loss: 0.0357998 
test_loss: 0.0357178 
train_loss: 0.0348478 
test_loss: 0.0353513 
train_loss: 0.0343119 
test_loss: 0.0349545 
train_loss: 0.0346243 
test_loss: 0.0345155 
train_loss: 0.0338512 
test_loss: 0.0341596 
train_loss: 0.0338738 
test_loss: 0.0337631 
train_loss: 0.0327602 
test_loss: 0.0333469 
train_loss: 0.0326483 
test_loss: 0.0330113 
train_loss: 0.0328231 
test_loss: 0.0325798 
train_loss: 0.0315715 
test_loss: 0.0320833 
train_loss: 0.0317752 
test_loss: 0.0317598 
train_loss: 0.0312294 
test_loss: 0.0312407 
train_loss: 0.0311972 
test_loss: 0.0308585 
train_loss: 0.0306044 
test_loss: 0.0303715 
train_loss: 0.0298634 
test_loss: 0.0299893 
train_loss: 0.029195 
test_loss: 0.0295764 
train_loss: 0.0292736 
test_loss: 0.0290497 
train_loss: 0.0287506 
test_loss: 0.0286221 
train_loss: 0.0277104 
test_loss: 0.0280247 
train_loss: 0.0273665 
test_loss: 0.0276745 
train_loss: 0.0268518 
test_loss: 0.0271159 
train_loss: 0.0262592 
test_loss: 0.0267214 
train_loss: 0.0263499 
test_loss: 0.0261218 
train_loss: 0.0251817 
test_loss: 0.0257546 
train_loss: 0.0248691 
test_loss: 0.025232 
train_loss: 0.024509 
test_loss: 0.024796 
train_loss: 0.0241364 
test_loss: 0.0243536 
train_loss: 0.0237067 
test_loss: 0.0238013 
train_loss: 0.0230572 
test_loss: 0.0233549 
train_loss: 0.0228165 
test_loss: 0.0230008 
train_loss: 0.022648 
test_loss: 0.0225316 
train_loss: 0.0220637 
test_loss: 0.0222822 
train_loss: 0.0217352 
test_loss: 0.0217507 
train_loss: 0.0213914 
test_loss: 0.021186 
train_loss: 0.0207823 
test_loss: 0.0208038 
train_loss: 0.0204988 
test_loss: 0.0204718 
train_loss: 0.0199065 
test_loss: 0.0199126 
train_loss: 0.0196854 
test_loss: 0.0194785 
train_loss: 0.0187831 
test_loss: 0.0190828 
train_loss: 0.0186343 
test_loss: 0.018709 
train_loss: 0.018421 
test_loss: 0.0183189 
train_loss: 0.0179117 
test_loss: 0.0180583 
train_loss: 0.0174348 
test_loss: 0.0174981 
train_loss: 0.0169139 
test_loss: 0.0171899 
train_loss: 0.0167971 
test_loss: 0.0167986 
train_loss: 0.016157 
test_loss: 0.0163178 
train_loss: 0.0159312 
test_loss: 0.0159896 
train_loss: 0.0155824 
test_loss: 0.0155741 
train_loss: 0.0152259 
test_loss: 0.0152036 
train_loss: 0.0150363 
test_loss: 0.0149769 
train_loss: 0.0144789 
test_loss: 0.0145867 
train_loss: 0.0139767 
test_loss: 0.0142345 
train_loss: 0.0140017 
test_loss: 0.0138562 
train_loss: 0.0137488 
test_loss: 0.0134911 
train_loss: 0.0133599 
test_loss: 0.0132158 
train_loss: 0.0132086 
test_loss: 0.0129703 
train_loss: 0.0126292 
test_loss: 0.012739 
train_loss: 0.0124388 
test_loss: 0.0123683 
train_loss: 0.0119279 
test_loss: 0.0120511 
train_loss: 0.0118329 
test_loss: 0.0119098 
train_loss: 0.0115167 
test_loss: 0.0115744 
train_loss: 0.0112805 
test_loss: 0.0114773 
train_loss: 0.0112479 
test_loss: 0.0112471 
train_loss: 0.0111693 
test_loss: 0.011033 
train_loss: 0.010602 
test_loss: 0.010852 
train_loss: 0.0108298 
test_loss: 0.010719 
train_loss: 0.0104155 
test_loss: 0.0106583 
train_loss: 0.0101588 
test_loss: 0.010326 
train_loss: 0.010329 
test_loss: 0.0103226 
train_loss: 0.0100606 
test_loss: 0.010139 
train_loss: 0.00998471 
test_loss: 0.00992628 
train_loss: 0.00988147 
test_loss: 0.00991594 
train_loss: 0.0099243 
test_loss: 0.00989999 
train_loss: 0.0096522 
test_loss: 0.0096482 
train_loss: 0.00955079 
test_loss: 0.00961272 
train_loss: 0.00945313 
test_loss: 0.00975197 
train_loss: 0.00952683 
test_loss: 0.00934667 
train_loss: 0.00921566 
test_loss: 0.00942572 
train_loss: 0.00917456 
test_loss: 0.00935668 
train_loss: 0.0091749 
test_loss: 0.00921225 
train_loss: 0.00921935 
test_loss: 0.00929704 
train_loss: 0.00911686 
test_loss: 0.00921386 
train_loss: 0.00899198 
test_loss: 0.00920862 
train_loss: 0.00934191 
test_loss: 0.00928702 
train_loss: 0.00915595 
test_loss: 0.00900396 
train_loss: 0.00875858 
test_loss: 0.00900318 
train_loss: 0.0090193 
test_loss: 0.00919626 
train_loss: 0.0089904 
test_loss: 0.00915524 
train_loss: 0.00881728 
test_loss: 0.00890351 
train_loss: 0.00902944 
test_loss: 0.00902548 
train_loss: 0.00897208 
test_loss: 0.00885999 
train_loss: 0.00861194 
test_loss: 0.00884882 
train_loss: 0.00867058 
test_loss: 0.00884512 
train_loss: 0.00864723 
test_loss: 0.00868599 
train_loss: 0.00874518 
test_loss: 0.00882381 
train_loss: 0.00867519 
test_loss: 0.00866767 
train_loss: 0.00888722 
test_loss: 0.00874471 
train_loss: 0.00860595 
test_loss: 0.00871382 
train_loss: 0.00883373 
test_loss: 0.00871743 
train_loss: 0.00848843 
test_loss: 0.00862386 
train_loss: 0.00877913 
test_loss: 0.00862687 
train_loss: 0.00849105 
test_loss: 0.00851398 
train_loss: 0.00854968 
test_loss: 0.00914196 
train_loss: 0.00842981 
test_loss: 0.00862321 
train_loss: 0.00858101 
test_loss: 0.00854876 
train_loss: 0.00866105 
test_loss: 0.00862015 
train_loss: 0.00844433 
test_loss: 0.00845247 
train_loss: 0.00890872 
test_loss: 0.00853144 
train_loss: 0.00832413 
test_loss: 0.00848139 
train_loss: 0.00830743 
test_loss: 0.00849057 
train_loss: 0.00837816 
test_loss: 0.00848288 
train_loss: 0.00869802 
test_loss: 0.0088093 
train_loss: 0.00827125 
test_loss: 0.00835552 
train_loss: 0.00825457 
test_loss: 0.0083503 
train_loss: 0.00824803 
test_loss: 0.00834213 
train_loss: 0.00845186 
test_loss: 0.00832374 
train_loss: 0.00872571 
test_loss: 0.00837326 
train_loss: 0.00843386 
test_loss: 0.00844104 
train_loss: 0.00829886 
test_loss: 0.00828545 
train_loss: 0.00839083 
test_loss: 0.00864412 
train_loss: 0.00821385 
test_loss: 0.00826938 
train_loss: 0.00839112 
test_loss: 0.00832626 
train_loss: 0.00847298 
test_loss: 0.00835106 
train_loss: 0.00867424 
test_loss: 0.0083526 
train_loss: 0.00806013 
test_loss: 0.00823789 
train_loss: 0.00850147 
test_loss: 0.00844911 
train_loss: 0.00861488 
test_loss: 0.00826978 
train_loss: 0.00804448 
test_loss: 0.00843092 
train_loss: 0.00817031 
test_loss: 0.00836632 
train_loss: 0.00816542 
test_loss: 0.00817742 
train_loss: 0.00861028 
test_loss: 0.00849203 
