train_loss: 0.539945 
test_loss: 0.534817 
train_loss: 0.540188 
test_loss: 0.533657 
train_loss: 0.525711 
test_loss: 0.533464 
train_loss: 0.533204 
test_loss: 0.533252 
train_loss: 0.53654 
test_loss: 0.533016 
train_loss: 0.528334 
test_loss: 0.532745 
train_loss: 0.527789 
test_loss: 0.532448 
train_loss: 0.533345 
test_loss: 0.532143 
train_loss: 0.536007 
test_loss: 0.531793 
train_loss: 0.532066 
test_loss: 0.531419 
train_loss: 0.526918 
test_loss: 0.531044 
train_loss: 0.526855 
test_loss: 0.530657 
train_loss: 0.53777 
test_loss: 0.530203 
train_loss: 0.528105 
test_loss: 0.529752 
train_loss: 0.531473 
test_loss: 0.529273 
train_loss: 0.534449 
test_loss: 0.52876 
train_loss: 0.534083 
test_loss: 0.528266 
train_loss: 0.526764 
test_loss: 0.527722 
train_loss: 0.532548 
test_loss: 0.527158 
train_loss: 0.529285 
test_loss: 0.526554 
train_loss: 0.528654 
test_loss: 0.525973 
train_loss: 0.524686 
test_loss: 0.525344 
train_loss: 0.532585 
test_loss: 0.524697 
train_loss: 0.521444 
test_loss: 0.524016 
train_loss: 0.524866 
test_loss: 0.523339 
train_loss: 0.525841 
test_loss: 0.522622 
train_loss: 0.528284 
test_loss: 0.521887 
train_loss: 0.518674 
test_loss: 0.52111 
train_loss: 0.521893 
test_loss: 0.520336 
train_loss: 0.521254 
test_loss: 0.519527 
train_loss: 0.517164 
test_loss: 0.518712 
train_loss: 0.509257 
test_loss: 0.517873 
train_loss: 0.521375 
test_loss: 0.517006 
train_loss: 0.51488 
test_loss: 0.516115 
train_loss: 0.513122 
test_loss: 0.515175 
train_loss: 0.514473 
test_loss: 0.51423 
train_loss: 0.515726 
test_loss: 0.513264 
train_loss: 0.520284 
test_loss: 0.512276 
train_loss: 0.512082 
test_loss: 0.511264 
train_loss: 0.514488 
test_loss: 0.510211 
train_loss: 0.507252 
test_loss: 0.509132 
train_loss: 0.508621 
test_loss: 0.508042 
train_loss: 0.507265 
test_loss: 0.506925 
train_loss: 0.49903 
test_loss: 0.505775 
train_loss: 0.501085 
test_loss: 0.504588 
train_loss: 0.499537 
test_loss: 0.503379 
train_loss: 0.499602 
test_loss: 0.502146 
train_loss: 0.503774 
test_loss: 0.50087 
train_loss: 0.507334 
test_loss: 0.499583 
train_loss: 0.494333 
test_loss: 0.498259 
train_loss: 0.494855 
test_loss: 0.496879 
train_loss: 0.502486 
test_loss: 0.495491 
train_loss: 0.49734 
test_loss: 0.494082 
train_loss: 0.492909 
test_loss: 0.492619 
train_loss: 0.49504 
test_loss: 0.491114 
train_loss: 0.485245 
test_loss: 0.489581 
train_loss: 0.484485 
test_loss: 0.488024 
train_loss: 0.494644 
test_loss: 0.486426 
train_loss: 0.485306 
test_loss: 0.484767 
train_loss: 0.48112 
test_loss: 0.483091 
train_loss: 0.477212 
test_loss: 0.481359 
train_loss: 0.481959 
test_loss: 0.47959 
train_loss: 0.481177 
test_loss: 0.477768 
train_loss: 0.475931 
test_loss: 0.47593 
train_loss: 0.471048 
test_loss: 0.474023 
train_loss: 0.468725 
test_loss: 0.472078 
train_loss: 0.472023 
test_loss: 0.470059 
train_loss: 0.469104 
test_loss: 0.467995 
train_loss: 0.46026 
test_loss: 0.46589 
train_loss: 0.457614 
test_loss: 0.463704 
train_loss: 0.464654 
test_loss: 0.461486 
train_loss: 0.459324 
test_loss: 0.459183 
train_loss: 0.455291 
test_loss: 0.456801 
train_loss: 0.454696 
test_loss: 0.454373 
train_loss: 0.4499 
test_loss: 0.451855 
train_loss: 0.448981 
test_loss: 0.449264 
train_loss: 0.441063 
test_loss: 0.446593 
train_loss: 0.441311 
test_loss: 0.443818 
train_loss: 0.440231 
test_loss: 0.440975 
train_loss: 0.434935 
test_loss: 0.438022 
train_loss: 0.427586 
test_loss: 0.434993 
train_loss: 0.437985 
test_loss: 0.431841 
train_loss: 0.433547 
test_loss: 0.428614 
train_loss: 0.423296 
test_loss: 0.425256 
train_loss: 0.42072 
test_loss: 0.421841 
train_loss: 0.415774 
test_loss: 0.418316 
train_loss: 0.411374 
test_loss: 0.414697 
train_loss: 0.409859 
test_loss: 0.411013 
train_loss: 0.40427 
test_loss: 0.407282 
train_loss: 0.397113 
test_loss: 0.403473 
train_loss: 0.399919 
test_loss: 0.399596 
train_loss: 0.397347 
test_loss: 0.395726 
train_loss: 0.397306 
test_loss: 0.391851 
train_loss: 0.386911 
test_loss: 0.3879 
train_loss: 0.383189 
test_loss: 0.383938 
train_loss: 0.375006 
test_loss: 0.379948 
train_loss: 0.379371 
test_loss: 0.375912 
train_loss: 0.37225 
test_loss: 0.37183 
train_loss: 0.366301 
test_loss: 0.367698 
train_loss: 0.358735 
test_loss: 0.363482 
train_loss: 0.360627 
test_loss: 0.359192 
train_loss: 0.355856 
test_loss: 0.354842 
train_loss: 0.34913 
test_loss: 0.350408 
train_loss: 0.346281 
test_loss: 0.345891 
train_loss: 0.339626 
test_loss: 0.341318 
train_loss: 0.339071 
test_loss: 0.336673 
train_loss: 0.329219 
test_loss: 0.331933 
train_loss: 0.325422 
test_loss: 0.327126 
train_loss: 0.3221 
test_loss: 0.322268 
train_loss: 0.31553 
test_loss: 0.317336 
train_loss: 0.316323 
test_loss: 0.312322 
train_loss: 0.308802 
test_loss: 0.307238 
train_loss: 0.304247 
test_loss: 0.302112 
train_loss: 0.298133 
test_loss: 0.296932 
train_loss: 0.295011 
test_loss: 0.291666 
train_loss: 0.286383 
test_loss: 0.28639 
train_loss: 0.280534 
test_loss: 0.281082 
train_loss: 0.273726 
test_loss: 0.275733 
train_loss: 0.270051 
test_loss: 0.270382 
train_loss: 0.264554 
test_loss: 0.265038 
train_loss: 0.260201 
test_loss: 0.259687 
train_loss: 0.259356 
test_loss: 0.254379 
train_loss: 0.248535 
test_loss: 0.249101 
train_loss: 0.243201 
test_loss: 0.243878 
train_loss: 0.241005 
test_loss: 0.238682 
train_loss: 0.231406 
test_loss: 0.233563 
train_loss: 0.226208 
test_loss: 0.228488 
train_loss: 0.226041 
test_loss: 0.223462 
train_loss: 0.217249 
test_loss: 0.218493 
train_loss: 0.220559 
test_loss: 0.213564 
train_loss: 0.209268 
test_loss: 0.208682 
train_loss: 0.202754 
test_loss: 0.203848 
train_loss: 0.20087 
test_loss: 0.199056 
train_loss: 0.195671 
test_loss: 0.194273 
train_loss: 0.187283 
test_loss: 0.189516 
train_loss: 0.185879 
test_loss: 0.184785 
train_loss: 0.179318 
test_loss: 0.180066 
train_loss: 0.172068 
test_loss: 0.17536 
train_loss: 0.172495 
test_loss: 0.170658 
train_loss: 0.165537 
test_loss: 0.165958 
train_loss: 0.162041 
test_loss: 0.161262 
train_loss: 0.156077 
test_loss: 0.156557 
train_loss: 0.155421 
test_loss: 0.151861 
train_loss: 0.148673 
test_loss: 0.14717 
train_loss: 0.142863 
test_loss: 0.142501 
train_loss: 0.137755 
test_loss: 0.137845 
train_loss: 0.132715 
test_loss: 0.133222 
train_loss: 0.129582 
test_loss: 0.128649 
train_loss: 0.124532 
test_loss: 0.124133 
train_loss: 0.120773 
test_loss: 0.119702 
train_loss: 0.114692 
test_loss: 0.115344 
train_loss: 0.111708 
test_loss: 0.11111 
train_loss: 0.106602 
test_loss: 0.106996 
train_loss: 0.102942 
test_loss: 0.10302 
train_loss: 0.0994182 
test_loss: 0.0991785 
train_loss: 0.0953389 
test_loss: 0.0954804 
train_loss: 0.0928001 
test_loss: 0.0919249 
train_loss: 0.0881618 
test_loss: 0.0885311 
train_loss: 0.0853186 
test_loss: 0.085291 
train_loss: 0.0832523 
test_loss: 0.0822093 
train_loss: 0.0785593 
test_loss: 0.0793195 
train_loss: 0.0776525 
test_loss: 0.0765977 
train_loss: 0.0745164 
test_loss: 0.0740476 
train_loss: 0.072187 
test_loss: 0.0716893 
train_loss: 0.0701484 
test_loss: 0.0694994 
train_loss: 0.0673971 
test_loss: 0.0675086 
train_loss: 0.0648815 
test_loss: 0.0656783 
train_loss: 0.0631788 
test_loss: 0.0640363 
train_loss: 0.0625433 
test_loss: 0.0625693 
train_loss: 0.0619659 
test_loss: 0.0612565 
train_loss: 0.0607594 
test_loss: 0.0601189 
train_loss: 0.0589879 
test_loss: 0.0591101 
train_loss: 0.0583274 
test_loss: 0.0582378 
train_loss: 0.0576074 
test_loss: 0.0575025 
train_loss: 0.0566885 
test_loss: 0.0568468 
train_loss: 0.0566934 
test_loss: 0.0562934 
train_loss: 0.0568448 
test_loss: 0.0558382 
train_loss: 0.055813 
test_loss: 0.0554286 
train_loss: 0.0545161 
test_loss: 0.0550668 
train_loss: 0.0550056 
test_loss: 0.0547833 
train_loss: 0.0548057 
test_loss: 0.0545357 
train_loss: 0.0541355 
test_loss: 0.0543143 
train_loss: 0.0533951 
test_loss: 0.0541322 
train_loss: 0.0542744 
test_loss: 0.0539712 
train_loss: 0.0545327 
test_loss: 0.0538376 
train_loss: 0.0541865 
test_loss: 0.0537139 
train_loss: 0.0538976 
test_loss: 0.0536032 
train_loss: 0.0533152 
test_loss: 0.0535139 
train_loss: 0.0537998 
test_loss: 0.0534264 
train_loss: 0.0533839 
test_loss: 0.053349 
train_loss: 0.0533791 
test_loss: 0.0532856 
train_loss: 0.0530944 
test_loss: 0.0532169 
train_loss: 0.0525922 
test_loss: 0.0531668 
train_loss: 0.0530884 
test_loss: 0.0531137 
train_loss: 0.053788 
test_loss: 0.0530778 
train_loss: 0.0534089 
test_loss: 0.0530309 
train_loss: 0.0528218 
test_loss: 0.0529988 
train_loss: 0.0532896 
test_loss: 0.0529534 
train_loss: 0.051945 
test_loss: 0.0529255 
train_loss: 0.0534705 
test_loss: 0.0528861 
train_loss: 0.052592 
test_loss: 0.0528459 
train_loss: 0.0523362 
test_loss: 0.0528261 
train_loss: 0.0522756 
test_loss: 0.0527984 
train_loss: 0.0531254 
test_loss: 0.0527747 
train_loss: 0.0528659 
test_loss: 0.0527407 
train_loss: 0.0529497 
test_loss: 0.052708 
train_loss: 0.0522896 
test_loss: 0.0526847 
train_loss: 0.0523451 
test_loss: 0.0526578 
train_loss: 0.0526437 
test_loss: 0.0526281 
train_loss: 0.0530608 
test_loss: 0.0526223 
train_loss: 0.0519032 
test_loss: 0.0525813 
train_loss: 0.0530503 
test_loss: 0.0525601 
train_loss: 0.0524578 
test_loss: 0.0525428 
train_loss: 0.0526227 
test_loss: 0.0525195 
train_loss: 0.0530508 
test_loss: 0.0525081 
train_loss: 0.0537516 
test_loss: 0.0524579 
train_loss: 0.0526274 
test_loss: 0.0524369 
train_loss: 0.0525548 
test_loss: 0.0524195 
train_loss: 0.0519621 
test_loss: 0.0523782 
train_loss: 0.052343 
test_loss: 0.0523445 
train_loss: 0.0526694 
test_loss: 0.0523378 
train_loss: 0.0523673 
test_loss: 0.0523189 
train_loss: 0.0527946 
test_loss: 0.0522834 
train_loss: 0.0527367 
test_loss: 0.0522428 
train_loss: 0.052924 
test_loss: 0.0522206 
train_loss: 0.0524 
test_loss: 0.0521989 
train_loss: 0.0516633 
test_loss: 0.0521477 
train_loss: 0.0523905 
test_loss: 0.0521269 
train_loss: 0.0523943 
test_loss: 0.0520808 
train_loss: 0.0518622 
test_loss: 0.0520336 
train_loss: 0.0524279 
test_loss: 0.0519701 
train_loss: 0.0515837 
test_loss: 0.0519335 
train_loss: 0.0522414 
test_loss: 0.0518768 
train_loss: 0.0525041 
test_loss: 0.0518417 
train_loss: 0.0518107 
test_loss: 0.0517664 
train_loss: 0.0513096 
test_loss: 0.0517229 
train_loss: 0.0507614 
test_loss: 0.0516491 
train_loss: 0.051497 
test_loss: 0.051602 
train_loss: 0.0512808 
test_loss: 0.0515192 
train_loss: 0.0507531 
test_loss: 0.051428 
train_loss: 0.0511412 
test_loss: 0.0513681 
train_loss: 0.0514915 
test_loss: 0.051285 
train_loss: 0.0512594 
test_loss: 0.051193 
train_loss: 0.0517218 
test_loss: 0.0511035 
train_loss: 0.0515022 
test_loss: 0.0510202 
train_loss: 0.0501154 
test_loss: 0.0509115 
train_loss: 0.0511092 
test_loss: 0.0507968 
train_loss: 0.0506941 
test_loss: 0.0507167 
train_loss: 0.0500093 
test_loss: 0.0505534 
train_loss: 0.0505685 
test_loss: 0.0504231 
train_loss: 0.0504054 
test_loss: 0.0503027 
train_loss: 0.0497976 
test_loss: 0.0500901 
train_loss: 0.0495537 
test_loss: 0.0499178 
train_loss: 0.0497302 
test_loss: 0.0496937 
train_loss: 0.0499422 
test_loss: 0.04948 
train_loss: 0.0488696 
test_loss: 0.0491998 
train_loss: 0.0485725 
test_loss: 0.0489286 
train_loss: 0.0483086 
test_loss: 0.0486138 
train_loss: 0.0485462 
test_loss: 0.0482625 
train_loss: 0.0473282 
test_loss: 0.0479011 
train_loss: 0.0477575 
test_loss: 0.047512 
train_loss: 0.0474776 
test_loss: 0.0470562 
train_loss: 0.0466581 
test_loss: 0.0466314 
train_loss: 0.0455559 
test_loss: 0.0460896 
train_loss: 0.0453111 
test_loss: 0.0455067 
train_loss: 0.0443162 
test_loss: 0.0448709 
train_loss: 0.0437474 
test_loss: 0.0441502 
train_loss: 0.0433834 
test_loss: 0.0434016 
train_loss: 0.0428357 
test_loss: 0.0425567 
train_loss: 0.0415287 
test_loss: 0.0416708 
train_loss: 0.0408854 
test_loss: 0.0407775 
train_loss: 0.0398382 
test_loss: 0.0397511 
train_loss: 0.0382973 
test_loss: 0.0387098 
train_loss: 0.0373912 
test_loss: 0.037666 
train_loss: 0.036587 
test_loss: 0.0366279 
train_loss: 0.034907 
test_loss: 0.0355611 
train_loss: 0.0351247 
test_loss: 0.0345002 
train_loss: 0.0331196 
test_loss: 0.0335321 
train_loss: 0.032392 
test_loss: 0.0323819 
train_loss: 0.0311139 
test_loss: 0.0313221 
train_loss: 0.0309208 
test_loss: 0.0302777 
train_loss: 0.0294006 
test_loss: 0.0291412 
train_loss: 0.0277083 
test_loss: 0.0280108 
train_loss: 0.0268246 
test_loss: 0.0269429 
train_loss: 0.0254392 
test_loss: 0.0257784 
train_loss: 0.0245717 
test_loss: 0.0246889 
train_loss: 0.0236496 
test_loss: 0.0235517 
train_loss: 0.0223452 
test_loss: 0.0225125 
train_loss: 0.021558 
test_loss: 0.0215453 
train_loss: 0.0203088 
test_loss: 0.0204876 
train_loss: 0.0196104 
test_loss: 0.0195198 
train_loss: 0.0186022 
test_loss: 0.0185976 
train_loss: 0.0176573 
test_loss: 0.0177356 
train_loss: 0.0168686 
test_loss: 0.0168848 
train_loss: 0.0162939 
test_loss: 0.0160835 
train_loss: 0.0153763 
test_loss: 0.0155235 
train_loss: 0.0146628 
test_loss: 0.0146104 
train_loss: 0.0140348 
test_loss: 0.0139917 
train_loss: 0.0136736 
test_loss: 0.0133926 
train_loss: 0.012717 
test_loss: 0.0128064 
train_loss: 0.0121076 
test_loss: 0.012327 
train_loss: 0.0118258 
test_loss: 0.0118973 
train_loss: 0.0113902 
test_loss: 0.0113615 
train_loss: 0.0111359 
test_loss: 0.0108584 
train_loss: 0.0105169 
test_loss: 0.0105361 
train_loss: 0.0101096 
test_loss: 0.0101556 
train_loss: 0.00980746 
test_loss: 0.00973606 
train_loss: 0.00942261 
test_loss: 0.00955321 
train_loss: 0.0093091 
test_loss: 0.00965175 
train_loss: 0.00881048 
test_loss: 0.00895699 
train_loss: 0.0087614 
test_loss: 0.00878572 
train_loss: 0.0089775 
test_loss: 0.00877729 
train_loss: 0.00817718 
test_loss: 0.00875078 
train_loss: 0.00792114 
test_loss: 0.00792745 
train_loss: 0.00756898 
test_loss: 0.00756285 
train_loss: 0.0074677 
test_loss: 0.00743497 
train_loss: 0.00720871 
test_loss: 0.00715838 
train_loss: 0.00686362 
test_loss: 0.0069756 
train_loss: 0.00711178 
test_loss: 0.00691314 
train_loss: 0.00662494 
test_loss: 0.0067107 
train_loss: 0.00663002 
test_loss: 0.00686987 
train_loss: 0.00667778 
test_loss: 0.00633783 
train_loss: 0.00704596 
test_loss: 0.00646372 
train_loss: 0.00655318 
test_loss: 0.00638283 
train_loss: 0.00583871 
test_loss: 0.00591828 
train_loss: 0.0057722 
test_loss: 0.00606567 
train_loss: 0.00560105 
test_loss: 0.00571792 
train_loss: 0.00553681 
test_loss: 0.00555601 
train_loss: 0.00560531 
test_loss: 0.00685343 
train_loss: 0.00552332 
test_loss: 0.0054727 
train_loss: 0.00517905 
test_loss: 0.00515154 
train_loss: 0.00531317 
test_loss: 0.00627133 
train_loss: 0.00506133 
test_loss: 0.00505687 
train_loss: 0.00479807 
test_loss: 0.00517463 
train_loss: 0.00494588 
test_loss: 0.00495342 
train_loss: 0.00476064 
test_loss: 0.00486834 
train_loss: 0.00467173 
test_loss: 0.00481242 
train_loss: 0.00453499 
test_loss: 0.0046606 
train_loss: 0.00478827 
test_loss: 0.0056118 
train_loss: 0.00464932 
test_loss: 0.00459072 
train_loss: 0.00440517 
test_loss: 0.00445823 
train_loss: 0.0046366 
test_loss: 0.0044686 
train_loss: 0.00419034 
test_loss: 0.00442058 
train_loss: 0.0044578 
test_loss: 0.00428278 
train_loss: 0.0041877 
test_loss: 0.00458487 
train_loss: 0.00410414 
test_loss: 0.00410733 
train_loss: 0.00427519 
test_loss: 0.00489643 
train_loss: 0.0040266 
test_loss: 0.00399165 
train_loss: 0.00392004 
test_loss: 0.00404469 
train_loss: 0.00384613 
test_loss: 0.00389148 
train_loss: 0.00375747 
test_loss: 0.00391799 
train_loss: 0.00393053 
test_loss: 0.0044022 
train_loss: 0.00385276 
test_loss: 0.00382201 
train_loss: 0.0040798 
test_loss: 0.00394752 
train_loss: 0.00368154 
test_loss: 0.00385387 
train_loss: 0.00377955 
test_loss: 0.00366935 
train_loss: 0.00372657 
test_loss: 0.00379814 
train_loss: 0.00360538 
test_loss: 0.00377264 
train_loss: 0.00401389 
test_loss: 0.00376287 
train_loss: 0.00371696 
test_loss: 0.00357391 
train_loss: 0.00353055 
test_loss: 0.00348956 
train_loss: 0.00352382 
test_loss: 0.0035095 
train_loss: 0.00377894 
test_loss: 0.00364426 
train_loss: 0.00339564 
test_loss: 0.00353092 
train_loss: 0.00352582 
test_loss: 0.00358511 
train_loss: 0.00323557 
test_loss: 0.00348196 
train_loss: 0.00377713 
test_loss: 0.00334138 
train_loss: 0.00384582 
test_loss: 0.00338396 
train_loss: 0.00345929 
test_loss: 0.00322086 
train_loss: 0.0031514 
test_loss: 0.0032813 
train_loss: 0.00364399 
test_loss: 0.00339476 
train_loss: 0.00325888 
test_loss: 0.00321024 
train_loss: 0.00339017 
test_loss: 0.00342485 
train_loss: 0.00348637 
test_loss: 0.00380552 
train_loss: 0.00308298 
test_loss: 0.00360772 
train_loss: 0.00330778 
test_loss: 0.00360696 
train_loss: 0.00306755 
test_loss: 0.00298604 
train_loss: 0.00317312 
test_loss: 0.00309092 
train_loss: 0.00309712 
test_loss: 0.00319737 
train_loss: 0.0031307 
test_loss: 0.00303903 
train_loss: 0.00346413 
test_loss: 0.00346366 
