train_loss: 0.093002 
test_loss: 0.093777 
train_loss: 0.084831 
test_loss: 0.082821 
train_loss: 0.069469 
test_loss: 0.069151 
train_loss: 0.058797 
test_loss: 0.062466 
train_loss: 0.057400 
test_loss: 0.059370 
train_loss: 0.056021 
test_loss: 0.057645 
train_loss: 0.055731 
test_loss: 0.056405 
train_loss: 0.055039 
test_loss: 0.055712 
train_loss: 0.056822 
test_loss: 0.055748 
train_loss: 0.051667 
test_loss: 0.054183 
train_loss: 0.052032 
test_loss: 0.053058 
train_loss: 0.048014 
test_loss: 0.051038 
train_loss: 0.047853 
test_loss: 0.049874 
train_loss: 0.045922 
test_loss: 0.046283 
train_loss: 0.042885 
test_loss: 0.043969 
train_loss: 0.041575 
test_loss: 0.041321 
train_loss: 0.038181 
test_loss: 0.039111 
train_loss: 0.035825 
test_loss: 0.036787 
train_loss: 0.035267 
test_loss: 0.035669 
train_loss: 0.032859 
test_loss: 0.033433 
train_loss: 0.032131 
test_loss: 0.032755 
train_loss: 0.031090 
test_loss: 0.031604 
train_loss: 0.029446 
test_loss: 0.031015 
train_loss: 0.028765 
test_loss: 0.030202 
train_loss: 0.026894 
test_loss: 0.029138 
train_loss: 0.026199 
test_loss: 0.028004 
train_loss: 0.027357 
test_loss: 0.027785 
train_loss: 0.026732 
test_loss: 0.026684 
train_loss: 0.024881 
test_loss: 0.026166 
train_loss: 0.023680 
test_loss: 0.026135 
train_loss: 0.024611 
test_loss: 0.025105 
train_loss: 0.026817 
test_loss: 0.025157 
train_loss: 0.024168 
test_loss: 0.024703 
train_loss: 0.024633 
test_loss: 0.024075 
train_loss: 0.024838 
test_loss: 0.024781 
train_loss: 0.023513 
test_loss: 0.023614 
train_loss: 0.022675 
test_loss: 0.023401 
train_loss: 0.024256 
test_loss: 0.023514 
train_loss: 0.022635 
test_loss: 0.023592 
train_loss: 0.021218 
test_loss: 0.023223 
train_loss: 0.021835 
test_loss: 0.022295 
train_loss: 0.023753 
test_loss: 0.022892 
train_loss: 0.021362 
test_loss: 0.022714 
train_loss: 0.020485 
test_loss: 0.022281 
train_loss: 0.021612 
test_loss: 0.022072 
train_loss: 0.019854 
test_loss: 0.021615 
train_loss: 0.020278 
test_loss: 0.021538 
train_loss: 0.020573 
test_loss: 0.021539 
train_loss: 0.019992 
test_loss: 0.021114 
train_loss: 0.019577 
test_loss: 0.021314 
train_loss: 0.020519 
test_loss: 0.020941 
train_loss: 0.019885 
test_loss: 0.020730 
train_loss: 0.021154 
test_loss: 0.020374 
train_loss: 0.021223 
test_loss: 0.020797 
train_loss: 0.019566 
test_loss: 0.020108 
train_loss: 0.019359 
test_loss: 0.020533 
train_loss: 0.020870 
test_loss: 0.020042 
train_loss: 0.019090 
test_loss: 0.019997 
train_loss: 0.018533 
test_loss: 0.020023 
train_loss: 0.019062 
test_loss: 0.019685 
train_loss: 0.020189 
test_loss: 0.019772 
train_loss: 0.018366 
test_loss: 0.020198 
train_loss: 0.019666 
test_loss: 0.019125 
train_loss: 0.019181 
test_loss: 0.019877 
train_loss: 0.018567 
test_loss: 0.019109 
train_loss: 0.017568 
test_loss: 0.019406 
train_loss: 0.018324 
test_loss: 0.018808 
train_loss: 0.017847 
test_loss: 0.018632 
train_loss: 0.018487 
test_loss: 0.018858 
train_loss: 0.018833 
test_loss: 0.018981 
train_loss: 0.018150 
test_loss: 0.018315 
train_loss: 0.018199 
test_loss: 0.018869 
train_loss: 0.017892 
test_loss: 0.018269 
train_loss: 0.017531 
test_loss: 0.018211 
train_loss: 0.018265 
test_loss: 0.018748 
train_loss: 0.018091 
test_loss: 0.018099 
train_loss: 0.017071 
test_loss: 0.018022 
train_loss: 0.016657 
test_loss: 0.017894 
train_loss: 0.018061 
test_loss: 0.018026 
train_loss: 0.016938 
test_loss: 0.018177 
train_loss: 0.018064 
test_loss: 0.018781 
