train_loss: 0.755576 
test_loss: 0.754273 
train_loss: 0.698747 
test_loss: 0.693344 
train_loss: 0.644997 
test_loss: 0.6396 
train_loss: 0.567238 
test_loss: 0.563992 
train_loss: 0.453497 
test_loss: 0.455577 
train_loss: 0.389713 
test_loss: 0.398578 
train_loss: 0.355492 
test_loss: 0.35608 
train_loss: 0.30843 
test_loss: 0.30565 
train_loss: 0.264414 
test_loss: 0.256667 
train_loss: 0.220903 
test_loss: 0.221315 
train_loss: 0.191443 
test_loss: 0.192914 
train_loss: 0.168527 
test_loss: 0.170038 
train_loss: 0.151869 
test_loss: 0.152172 
train_loss: 0.134116 
test_loss: 0.139323 
train_loss: 0.125956 
test_loss: 0.130094 
train_loss: 0.12294 
test_loss: 0.123625 
train_loss: 0.120293 
test_loss: 0.118689 
train_loss: 0.114983 
test_loss: 0.114837 
train_loss: 0.112976 
test_loss: 0.111833 
train_loss: 0.109863 
test_loss: 0.109348 
train_loss: 0.105913 
test_loss: 0.107219 
train_loss: 0.108114 
test_loss: 0.105455 
train_loss: 0.101065 
test_loss: 0.103872 
train_loss: 0.101908 
test_loss: 0.102628 
train_loss: 0.0976581 
test_loss: 0.10138 
train_loss: 0.101567 
test_loss: 0.100427 
train_loss: 0.0983701 
test_loss: 0.0993415 
train_loss: 0.0940697 
test_loss: 0.0985591 
train_loss: 0.100843 
test_loss: 0.0976289 
train_loss: 0.0975063 
test_loss: 0.0969672 
train_loss: 0.096712 
test_loss: 0.0962096 
train_loss: 0.0954504 
test_loss: 0.0957175 
train_loss: 0.0949182 
test_loss: 0.0950455 
train_loss: 0.0944621 
test_loss: 0.09455 
train_loss: 0.0953302 
test_loss: 0.094093 
train_loss: 0.0910876 
test_loss: 0.093716 
train_loss: 0.0963722 
test_loss: 0.0932399 
train_loss: 0.0929564 
test_loss: 0.0928831 
train_loss: 0.0915236 
test_loss: 0.0925452 
train_loss: 0.0918473 
test_loss: 0.0921335 
train_loss: 0.0934926 
test_loss: 0.0918595 
train_loss: 0.0932017 
test_loss: 0.0915535 
train_loss: 0.0929214 
test_loss: 0.0913055 
train_loss: 0.0888667 
test_loss: 0.0910302 
train_loss: 0.0869332 
test_loss: 0.0908938 
train_loss: 0.0952757 
test_loss: 0.0905568 
train_loss: 0.0847729 
test_loss: 0.0903639 
train_loss: 0.0871194 
test_loss: 0.0901588 
train_loss: 0.0875028 
test_loss: 0.0900357 
train_loss: 0.0916397 
test_loss: 0.0897236 
train_loss: 0.0878895 
test_loss: 0.0896805 
train_loss: 0.0845993 
test_loss: 0.0894529 
train_loss: 0.0876896 
test_loss: 0.0892285 
train_loss: 0.0859819 
test_loss: 0.0891946 
train_loss: 0.0857995 
test_loss: 0.088952 
train_loss: 0.087258 
test_loss: 0.088781 
train_loss: 0.0890839 
test_loss: 0.0885729 
train_loss: 0.0829232 
test_loss: 0.088414 
train_loss: 0.0867241 
test_loss: 0.0884755 
train_loss: 0.0856533 
test_loss: 0.088049 
train_loss: 0.0895811 
test_loss: 0.0880661 
train_loss: 0.0868024 
test_loss: 0.0878824 
train_loss: 0.0870832 
test_loss: 0.0876128 
train_loss: 0.0860475 
test_loss: 0.0874849 
train_loss: 0.0852194 
test_loss: 0.0874135 
train_loss: 0.0857531 
test_loss: 0.0871053 
train_loss: 0.0891598 
test_loss: 0.0870014 
train_loss: 0.0818344 
test_loss: 0.0868005 
train_loss: 0.0831563 
test_loss: 0.0868149 
train_loss: 0.0881512 
test_loss: 0.086546 
train_loss: 0.0912284 
test_loss: 0.0863194 
train_loss: 0.0859151 
test_loss: 0.0861041 
train_loss: 0.0888956 
test_loss: 0.0859912 
train_loss: 0.0841459 
test_loss: 0.0857312 
train_loss: 0.0889469 
test_loss: 0.0859104 
train_loss: 0.0802479 
test_loss: 0.0854165 
train_loss: 0.0839449 
test_loss: 0.0853764 
train_loss: 0.0886376 
test_loss: 0.0848762 
train_loss: 0.0816931 
test_loss: 0.0847375 
train_loss: 0.080319 
test_loss: 0.0845099 
train_loss: 0.0811352 
test_loss: 0.0842765 
train_loss: 0.0864676 
test_loss: 0.0842062 
train_loss: 0.0825241 
test_loss: 0.0834155 
train_loss: 0.0801562 
test_loss: 0.0831566 
train_loss: 0.0817498 
test_loss: 0.082715 
train_loss: 0.0781757 
test_loss: 0.0821997 
train_loss: 0.0827527 
test_loss: 0.0818624 
train_loss: 0.0797537 
test_loss: 0.0815772 
train_loss: 0.0801629 
test_loss: 0.0811203 
train_loss: 0.0767385 
test_loss: 0.0806119 
train_loss: 0.0801775 
test_loss: 0.0803294 
train_loss: 0.07511 
test_loss: 0.0798365 
train_loss: 0.0749332 
test_loss: 0.0792283 
train_loss: 0.0749071 
test_loss: 0.0788391 
train_loss: 0.0791937 
test_loss: 0.0784667 
train_loss: 0.0767912 
test_loss: 0.07737 
train_loss: 0.0759046 
test_loss: 0.076885 
train_loss: 0.0737168 
test_loss: 0.0760137 
train_loss: 0.0729874 
test_loss: 0.0752106 
train_loss: 0.0737956 
test_loss: 0.0742904 
train_loss: 0.0754809 
test_loss: 0.0735456 
train_loss: 0.0755733 
test_loss: 0.0728771 
train_loss: 0.0720305 
test_loss: 0.0722004 
train_loss: 0.0709335 
test_loss: 0.0716141 
train_loss: 0.0690152 
test_loss: 0.0708385 
train_loss: 0.0707915 
test_loss: 0.0700893 
train_loss: 0.0665942 
test_loss: 0.0695669 
train_loss: 0.0711564 
test_loss: 0.0691712 
train_loss: 0.0705639 
test_loss: 0.0686135 
train_loss: 0.0666756 
test_loss: 0.0682175 
train_loss: 0.0675642 
test_loss: 0.0677975 
train_loss: 0.070272 
test_loss: 0.0676603 
train_loss: 0.0681776 
test_loss: 0.0670954 
train_loss: 0.0640787 
test_loss: 0.0669083 
train_loss: 0.0630844 
test_loss: 0.0667881 
train_loss: 0.065159 
test_loss: 0.0662676 
train_loss: 0.0649374 
test_loss: 0.0670784 
train_loss: 0.0666453 
test_loss: 0.0666505 
train_loss: 0.0683812 
test_loss: 0.0657582 
train_loss: 0.0653045 
test_loss: 0.0658412 
train_loss: 0.0651199 
test_loss: 0.0656155 
train_loss: 0.0651621 
test_loss: 0.0653791 
train_loss: 0.066324 
test_loss: 0.065198 
train_loss: 0.0686898 
test_loss: 0.0651978 
train_loss: 0.0618578 
test_loss: 0.0651733 
train_loss: 0.0627078 
test_loss: 0.0646219 
train_loss: 0.0636656 
test_loss: 0.0652485 
train_loss: 0.0646602 
test_loss: 0.0645594 
train_loss: 0.0645529 
test_loss: 0.064307 
train_loss: 0.0646955 
test_loss: 0.0641287 
train_loss: 0.0662565 
test_loss: 0.0646819 
train_loss: 0.0607298 
test_loss: 0.0639648 
train_loss: 0.0611771 
test_loss: 0.0644811 
train_loss: 0.0646572 
test_loss: 0.0638276 
train_loss: 0.0657095 
test_loss: 0.0641627 
train_loss: 0.0610706 
test_loss: 0.0636529 
train_loss: 0.060532 
test_loss: 0.0633904 
train_loss: 0.0618067 
test_loss: 0.0633991 
train_loss: 0.0663416 
test_loss: 0.0634002 
train_loss: 0.0653835 
test_loss: 0.0631905 
train_loss: 0.0609392 
test_loss: 0.0632845 
train_loss: 0.0603004 
test_loss: 0.0632882 
train_loss: 0.0610225 
test_loss: 0.0630254 
train_loss: 0.0627054 
test_loss: 0.0628291 
train_loss: 0.0623044 
test_loss: 0.0627461 
train_loss: 0.0644229 
test_loss: 0.0628091 
train_loss: 0.0615582 
test_loss: 0.063137 
train_loss: 0.0590214 
test_loss: 0.062786 
train_loss: 0.0614216 
test_loss: 0.062675 
train_loss: 0.0593052 
test_loss: 0.0626545 
train_loss: 0.0656642 
test_loss: 0.0633544 
