train_loss: 2.00042 
test_loss: 2.37022 
train_loss: 1.99922 
test_loss: 2.19439 
train_loss: 1.99864 
test_loss: 2.05535 
train_loss: 2.00549 
test_loss: 2.06608 
train_loss: 2.03135 
test_loss: 2.04303 
train_loss: 1.99921 
test_loss: 2.06294 
train_loss: 1.99928 
test_loss: 2.04811 
train_loss: 1.99933 
test_loss: 2.01751 
train_loss: 1.9991 
test_loss: 2.04509 
train_loss: 1.99751 
test_loss: 2.02015 
train_loss: 1.99848 
test_loss: 2.02179 
train_loss: 1.99899 
test_loss: 2.01825 
train_loss: 2.00731 
test_loss: 2.0084 
train_loss: 1.99756 
test_loss: 2.03169 
train_loss: 1.99816 
test_loss: 2.04339 
train_loss: 1.99853 
test_loss: 2.0084 
train_loss: 1.99911 
test_loss: 2.01686 
train_loss: 1.9977 
test_loss: 2.01221 
train_loss: 1.99923 
test_loss: 2.01305 
train_loss: 1.99902 
test_loss: 2.01751 
train_loss: 1.9984 
test_loss: 2.01706 
