train_loss: 0.479726 
test_loss: 0.48054 
train_loss: 0.476633 
test_loss: 0.479747 
train_loss: 0.474858 
test_loss: 0.479678 
train_loss: 0.480157 
test_loss: 0.4796 
train_loss: 0.475038 
test_loss: 0.479508 
train_loss: 0.477561 
test_loss: 0.479401 
train_loss: 0.480598 
test_loss: 0.479293 
train_loss: 0.47762 
test_loss: 0.479158 
train_loss: 0.482454 
test_loss: 0.47906 
train_loss: 0.479012 
test_loss: 0.478902 
train_loss: 0.483268 
test_loss: 0.47876 
train_loss: 0.474292 
test_loss: 0.478579 
train_loss: 0.47614 
test_loss: 0.478427 
train_loss: 0.477836 
test_loss: 0.478252 
train_loss: 0.483515 
test_loss: 0.478077 
train_loss: 0.478699 
test_loss: 0.477872 
train_loss: 0.474713 
test_loss: 0.477673 
train_loss: 0.476397 
test_loss: 0.477481 
train_loss: 0.481979 
test_loss: 0.477239 
train_loss: 0.479233 
test_loss: 0.477037 
train_loss: 0.478051 
test_loss: 0.47679 
train_loss: 0.480082 
test_loss: 0.476535 
train_loss: 0.4693 
test_loss: 0.476297 
train_loss: 0.473439 
test_loss: 0.476021 
train_loss: 0.479257 
test_loss: 0.475755 
train_loss: 0.477631 
test_loss: 0.475481 
train_loss: 0.478235 
test_loss: 0.47519 
train_loss: 0.48068 
test_loss: 0.474894 
train_loss: 0.481611 
test_loss: 0.474575 
train_loss: 0.477428 
test_loss: 0.474271 
train_loss: 0.481416 
test_loss: 0.473949 
train_loss: 0.468868 
test_loss: 0.473586 
train_loss: 0.478311 
test_loss: 0.473257 
train_loss: 0.470256 
test_loss: 0.472906 
train_loss: 0.47159 
test_loss: 0.472546 
train_loss: 0.471695 
test_loss: 0.472156 
train_loss: 0.466687 
test_loss: 0.471785 
train_loss: 0.468681 
test_loss: 0.471391 
train_loss: 0.471534 
test_loss: 0.470981 
train_loss: 0.465592 
test_loss: 0.470554 
train_loss: 0.465845 
test_loss: 0.470139 
train_loss: 0.475311 
test_loss: 0.469683 
train_loss: 0.473276 
test_loss: 0.469227 
train_loss: 0.474777 
test_loss: 0.468777 
train_loss: 0.469075 
test_loss: 0.4683 
train_loss: 0.467377 
test_loss: 0.467821 
train_loss: 0.469507 
test_loss: 0.467306 
train_loss: 0.467801 
test_loss: 0.466813 
train_loss: 0.469622 
test_loss: 0.466301 
train_loss: 0.467095 
test_loss: 0.465768 
train_loss: 0.463467 
test_loss: 0.465202 
train_loss: 0.458184 
test_loss: 0.464652 
train_loss: 0.460974 
test_loss: 0.464091 
train_loss: 0.461821 
test_loss: 0.463506 
train_loss: 0.462605 
test_loss: 0.462914 
train_loss: 0.470975 
test_loss: 0.462284 
train_loss: 0.456426 
test_loss: 0.461666 
train_loss: 0.460813 
test_loss: 0.461022 
train_loss: 0.456854 
test_loss: 0.460381 
train_loss: 0.460957 
test_loss: 0.459694 
train_loss: 0.458753 
test_loss: 0.459021 
train_loss: 0.462933 
test_loss: 0.458306 
train_loss: 0.456452 
test_loss: 0.45758 
train_loss: 0.457485 
test_loss: 0.456864 
train_loss: 0.46023 
test_loss: 0.456129 
train_loss: 0.454843 
test_loss: 0.455352 
train_loss: 0.458253 
test_loss: 0.454571 
train_loss: 0.45251 
test_loss: 0.453762 
train_loss: 0.456496 
test_loss: 0.452955 
train_loss: 0.447796 
test_loss: 0.45213 
train_loss: 0.453569 
test_loss: 0.451276 
train_loss: 0.453437 
test_loss: 0.450404 
train_loss: 0.447098 
test_loss: 0.449518 
train_loss: 0.447008 
test_loss: 0.44861 
train_loss: 0.446808 
test_loss: 0.447673 
train_loss: 0.445519 
test_loss: 0.446719 
train_loss: 0.449668 
test_loss: 0.445756 
train_loss: 0.450257 
test_loss: 0.444752 
train_loss: 0.442718 
test_loss: 0.443747 
train_loss: 0.450504 
test_loss: 0.442715 
train_loss: 0.438365 
test_loss: 0.441656 
train_loss: 0.438602 
test_loss: 0.44057 
train_loss: 0.444303 
test_loss: 0.439473 
train_loss: 0.439796 
test_loss: 0.438363 
train_loss: 0.44337 
test_loss: 0.437213 
train_loss: 0.442678 
test_loss: 0.436051 
train_loss: 0.435222 
test_loss: 0.434867 
train_loss: 0.430277 
test_loss: 0.433657 
train_loss: 0.433176 
test_loss: 0.432411 
train_loss: 0.426227 
test_loss: 0.431157 
train_loss: 0.427483 
test_loss: 0.429902 
train_loss: 0.431289 
test_loss: 0.428591 
train_loss: 0.426104 
test_loss: 0.427274 
train_loss: 0.43135 
test_loss: 0.425918 
train_loss: 0.426771 
test_loss: 0.424552 
train_loss: 0.425979 
test_loss: 0.423174 
train_loss: 0.42228 
test_loss: 0.421763 
train_loss: 0.418841 
test_loss: 0.420311 
train_loss: 0.416532 
test_loss: 0.418823 
train_loss: 0.422754 
test_loss: 0.417334 
train_loss: 0.418707 
test_loss: 0.415806 
train_loss: 0.417163 
test_loss: 0.414257 
train_loss: 0.410794 
test_loss: 0.412653 
train_loss: 0.416299 
test_loss: 0.411043 
train_loss: 0.413621 
test_loss: 0.409369 
train_loss: 0.408492 
test_loss: 0.407688 
train_loss: 0.410198 
test_loss: 0.405971 
train_loss: 0.402556 
test_loss: 0.404199 
train_loss: 0.400869 
test_loss: 0.402397 
train_loss: 0.400347 
test_loss: 0.400568 
train_loss: 0.399179 
test_loss: 0.398697 
train_loss: 0.394749 
test_loss: 0.39679 
train_loss: 0.398617 
test_loss: 0.394822 
train_loss: 0.391922 
test_loss: 0.39284 
train_loss: 0.389256 
test_loss: 0.390797 
train_loss: 0.388117 
test_loss: 0.388721 
train_loss: 0.384274 
test_loss: 0.386602 
train_loss: 0.380733 
test_loss: 0.384428 
train_loss: 0.385764 
test_loss: 0.382201 
train_loss: 0.378782 
test_loss: 0.379927 
train_loss: 0.380659 
test_loss: 0.377606 
train_loss: 0.373542 
test_loss: 0.375232 
train_loss: 0.376661 
test_loss: 0.37279 
train_loss: 0.375255 
test_loss: 0.370297 
train_loss: 0.368647 
test_loss: 0.36772 
train_loss: 0.365276 
test_loss: 0.365096 
train_loss: 0.360119 
test_loss: 0.362397 
train_loss: 0.35718 
test_loss: 0.359625 
train_loss: 0.356119 
test_loss: 0.356789 
train_loss: 0.353678 
test_loss: 0.353873 
train_loss: 0.356579 
test_loss: 0.350865 
train_loss: 0.354891 
test_loss: 0.347811 
train_loss: 0.350516 
test_loss: 0.344657 
train_loss: 0.34127 
test_loss: 0.341432 
train_loss: 0.345282 
test_loss: 0.338141 
train_loss: 0.337657 
test_loss: 0.334798 
train_loss: 0.328193 
test_loss: 0.331373 
train_loss: 0.32513 
test_loss: 0.327906 
train_loss: 0.327377 
test_loss: 0.32435 
train_loss: 0.323751 
test_loss: 0.320765 
train_loss: 0.322114 
test_loss: 0.317149 
train_loss: 0.31252 
test_loss: 0.313445 
train_loss: 0.312262 
test_loss: 0.309692 
train_loss: 0.306909 
test_loss: 0.30588 
train_loss: 0.304888 
test_loss: 0.302024 
train_loss: 0.300107 
test_loss: 0.298125 
train_loss: 0.293966 
test_loss: 0.294173 
train_loss: 0.28739 
test_loss: 0.290166 
train_loss: 0.285535 
test_loss: 0.286122 
train_loss: 0.277743 
test_loss: 0.282026 
train_loss: 0.280861 
test_loss: 0.277907 
train_loss: 0.275691 
test_loss: 0.273741 
train_loss: 0.270964 
test_loss: 0.269555 
train_loss: 0.266737 
test_loss: 0.26532 
train_loss: 0.261469 
test_loss: 0.261078 
train_loss: 0.255557 
test_loss: 0.256795 
train_loss: 0.254545 
test_loss: 0.252502 
train_loss: 0.247786 
test_loss: 0.248176 
train_loss: 0.244576 
test_loss: 0.243845 
train_loss: 0.242552 
test_loss: 0.239488 
train_loss: 0.23431 
test_loss: 0.235117 
train_loss: 0.2308 
test_loss: 0.230728 
train_loss: 0.228497 
test_loss: 0.226327 
train_loss: 0.216579 
test_loss: 0.221939 
train_loss: 0.220703 
test_loss: 0.217533 
train_loss: 0.213285 
test_loss: 0.21313 
train_loss: 0.207504 
test_loss: 0.208726 
train_loss: 0.20568 
test_loss: 0.204335 
train_loss: 0.198647 
test_loss: 0.19993 
train_loss: 0.196188 
test_loss: 0.195531 
train_loss: 0.191328 
test_loss: 0.191149 
train_loss: 0.186449 
test_loss: 0.186779 
train_loss: 0.183684 
test_loss: 0.182406 
train_loss: 0.1788 
test_loss: 0.178059 
train_loss: 0.176094 
test_loss: 0.173744 
train_loss: 0.171283 
test_loss: 0.169436 
train_loss: 0.167632 
test_loss: 0.165186 
train_loss: 0.161032 
test_loss: 0.160973 
train_loss: 0.156778 
test_loss: 0.156808 
train_loss: 0.155628 
test_loss: 0.152679 
train_loss: 0.149869 
test_loss: 0.148612 
train_loss: 0.144193 
test_loss: 0.144589 
train_loss: 0.141469 
test_loss: 0.140628 
train_loss: 0.137454 
test_loss: 0.136729 
train_loss: 0.131418 
test_loss: 0.13291 
train_loss: 0.130223 
test_loss: 0.129147 
train_loss: 0.124957 
test_loss: 0.125464 
train_loss: 0.122048 
test_loss: 0.121886 
train_loss: 0.119331 
test_loss: 0.118384 
train_loss: 0.116012 
test_loss: 0.114973 
train_loss: 0.110977 
test_loss: 0.11167 
train_loss: 0.108885 
test_loss: 0.108469 
train_loss: 0.105194 
test_loss: 0.105401 
train_loss: 0.101949 
test_loss: 0.102398 
train_loss: 0.0990707 
test_loss: 0.099526 
train_loss: 0.0977307 
test_loss: 0.0967421 
train_loss: 0.0951634 
test_loss: 0.0940753 
train_loss: 0.0923823 
test_loss: 0.0914955 
train_loss: 0.0888278 
test_loss: 0.0890141 
train_loss: 0.0864543 
test_loss: 0.0866279 
train_loss: 0.083811 
test_loss: 0.0843476 
train_loss: 0.0824108 
test_loss: 0.0821547 
train_loss: 0.0801433 
test_loss: 0.0800242 
train_loss: 0.0780484 
test_loss: 0.078004 
train_loss: 0.0761224 
test_loss: 0.0760757 
train_loss: 0.0737482 
test_loss: 0.0742175 
train_loss: 0.072477 
test_loss: 0.0724559 
train_loss: 0.0707545 
test_loss: 0.070777 
train_loss: 0.0690234 
test_loss: 0.0691828 
train_loss: 0.0669165 
test_loss: 0.0676837 
train_loss: 0.0659626 
test_loss: 0.0662567 
train_loss: 0.0644668 
test_loss: 0.0649304 
train_loss: 0.0638804 
test_loss: 0.063629 
train_loss: 0.0626231 
test_loss: 0.0624584 
train_loss: 0.0612863 
test_loss: 0.0613592 
train_loss: 0.0611441 
test_loss: 0.0602713 
train_loss: 0.0593533 
test_loss: 0.0592925 
train_loss: 0.0579287 
test_loss: 0.0583726 
train_loss: 0.0571062 
test_loss: 0.0575009 
train_loss: 0.0561006 
test_loss: 0.0567311 
train_loss: 0.0559643 
test_loss: 0.0559647 
train_loss: 0.0553535 
test_loss: 0.0552539 
train_loss: 0.0541683 
test_loss: 0.0545988 
train_loss: 0.0539778 
test_loss: 0.0539975 
train_loss: 0.0533796 
test_loss: 0.0534271 
train_loss: 0.0522036 
test_loss: 0.0528887 
train_loss: 0.0524238 
test_loss: 0.0524041 
train_loss: 0.0509899 
test_loss: 0.0519335 
train_loss: 0.0514494 
test_loss: 0.0515039 
train_loss: 0.0510586 
test_loss: 0.0510905 
train_loss: 0.0509716 
test_loss: 0.0506884 
train_loss: 0.049392 
test_loss: 0.050293 
train_loss: 0.0502384 
test_loss: 0.0499606 
train_loss: 0.0491687 
test_loss: 0.0496434 
train_loss: 0.049115 
test_loss: 0.0493121 
train_loss: 0.0491065 
test_loss: 0.0490136 
train_loss: 0.048844 
test_loss: 0.0487275 
train_loss: 0.0482773 
test_loss: 0.0484198 
train_loss: 0.0482625 
test_loss: 0.048134 
train_loss: 0.0475057 
test_loss: 0.0478861 
train_loss: 0.0477984 
test_loss: 0.047631 
train_loss: 0.0472268 
test_loss: 0.0473796 
train_loss: 0.0465999 
test_loss: 0.0470929 
train_loss: 0.0468418 
test_loss: 0.0468101 
train_loss: 0.0464262 
test_loss: 0.0465875 
train_loss: 0.0464171 
test_loss: 0.0463225 
train_loss: 0.0457753 
test_loss: 0.0460584 
train_loss: 0.0460095 
test_loss: 0.045795 
train_loss: 0.0450515 
test_loss: 0.0455408 
train_loss: 0.0449097 
test_loss: 0.0452793 
train_loss: 0.0449946 
test_loss: 0.0450205 
train_loss: 0.0449489 
test_loss: 0.0447786 
train_loss: 0.0441577 
test_loss: 0.0444826 
train_loss: 0.04422 
test_loss: 0.0441928 
train_loss: 0.0441057 
test_loss: 0.0439331 
train_loss: 0.0437213 
test_loss: 0.0436376 
train_loss: 0.0425508 
test_loss: 0.0433205 
train_loss: 0.0430284 
test_loss: 0.0430206 
train_loss: 0.042546 
test_loss: 0.0427656 
train_loss: 0.0426082 
test_loss: 0.0424742 
train_loss: 0.0418414 
test_loss: 0.0421393 
train_loss: 0.041932 
test_loss: 0.0418055 
train_loss: 0.0410939 
test_loss: 0.0414659 
train_loss: 0.0405579 
test_loss: 0.0411138 
train_loss: 0.0407277 
test_loss: 0.040795 
train_loss: 0.0406166 
test_loss: 0.04042 
train_loss: 0.0402378 
test_loss: 0.0400822 
train_loss: 0.0389643 
test_loss: 0.0397031 
train_loss: 0.0391324 
test_loss: 0.039349 
train_loss: 0.0384119 
test_loss: 0.0389653 
train_loss: 0.0396346 
test_loss: 0.0385934 
train_loss: 0.038392 
test_loss: 0.0381614 
train_loss: 0.0375283 
test_loss: 0.037765 
train_loss: 0.0370085 
test_loss: 0.0373934 
train_loss: 0.0373532 
test_loss: 0.0370299 
train_loss: 0.0365837 
test_loss: 0.0365104 
train_loss: 0.0359597 
test_loss: 0.0361683 
train_loss: 0.0354006 
test_loss: 0.0357141 
train_loss: 0.034994 
test_loss: 0.0352829 
train_loss: 0.0344268 
test_loss: 0.0348182 
train_loss: 0.0339252 
test_loss: 0.0343744 
train_loss: 0.033669 
test_loss: 0.0339325 
train_loss: 0.0330898 
test_loss: 0.033456 
train_loss: 0.0324313 
test_loss: 0.0329788 
train_loss: 0.0319617 
test_loss: 0.0325337 
train_loss: 0.0320025 
test_loss: 0.032064 
train_loss: 0.0314587 
test_loss: 0.0316063 
train_loss: 0.0307581 
test_loss: 0.0310846 
train_loss: 0.0299499 
test_loss: 0.0306311 
train_loss: 0.0299793 
test_loss: 0.030178 
train_loss: 0.0297415 
test_loss: 0.0296729 
train_loss: 0.0288719 
test_loss: 0.0292068 
train_loss: 0.0288152 
test_loss: 0.0287046 
train_loss: 0.0278284 
test_loss: 0.0282922 
train_loss: 0.0277555 
test_loss: 0.02778 
train_loss: 0.0271026 
test_loss: 0.0272913 
train_loss: 0.0264866 
test_loss: 0.0268922 
train_loss: 0.0264094 
test_loss: 0.0263604 
train_loss: 0.0258214 
test_loss: 0.025842 
train_loss: 0.0249143 
test_loss: 0.0253324 
train_loss: 0.0245484 
test_loss: 0.0248435 
train_loss: 0.0243023 
test_loss: 0.0243224 
train_loss: 0.0238025 
test_loss: 0.0238821 
train_loss: 0.0233032 
test_loss: 0.0232626 
train_loss: 0.0228248 
test_loss: 0.0227151 
train_loss: 0.0218954 
test_loss: 0.022279 
train_loss: 0.0212448 
test_loss: 0.0217219 
train_loss: 0.021318 
test_loss: 0.0212713 
train_loss: 0.020405 
test_loss: 0.0206651 
train_loss: 0.0202291 
test_loss: 0.0201463 
train_loss: 0.0199751 
test_loss: 0.0196532 
train_loss: 0.0190889 
test_loss: 0.0191979 
train_loss: 0.0182619 
test_loss: 0.0186591 
train_loss: 0.017882 
test_loss: 0.0181693 
train_loss: 0.0176315 
test_loss: 0.0176696 
train_loss: 0.0170668 
test_loss: 0.0172413 
train_loss: 0.0163781 
test_loss: 0.0167284 
train_loss: 0.0163977 
test_loss: 0.0162983 
train_loss: 0.0156897 
test_loss: 0.0158217 
train_loss: 0.0154752 
test_loss: 0.015443 
train_loss: 0.0148673 
test_loss: 0.014976 
train_loss: 0.0145858 
test_loss: 0.0146621 
train_loss: 0.0143329 
test_loss: 0.0143126 
train_loss: 0.0138376 
test_loss: 0.0137901 
train_loss: 0.0135073 
test_loss: 0.0136174 
train_loss: 0.0132083 
test_loss: 0.0131697 
train_loss: 0.0126763 
test_loss: 0.0128765 
train_loss: 0.0124701 
test_loss: 0.012529 
train_loss: 0.0122111 
test_loss: 0.0121858 
train_loss: 0.0119243 
test_loss: 0.0118302 
train_loss: 0.0115184 
test_loss: 0.0115843 
train_loss: 0.0111732 
test_loss: 0.0111814 
train_loss: 0.0110236 
test_loss: 0.0111204 
train_loss: 0.010575 
test_loss: 0.0106893 
train_loss: 0.0103978 
test_loss: 0.010405 
train_loss: 0.0101371 
test_loss: 0.0102178 
train_loss: 0.00988724 
test_loss: 0.0100479 
train_loss: 0.00990186 
test_loss: 0.00975452 
train_loss: 0.00941835 
test_loss: 0.0094277 
train_loss: 0.00927127 
test_loss: 0.00918661 
train_loss: 0.00895033 
test_loss: 0.0089091 
train_loss: 0.00878423 
test_loss: 0.00871673 
train_loss: 0.00862452 
test_loss: 0.0084659 
train_loss: 0.00834948 
test_loss: 0.00831092 
train_loss: 0.00813883 
test_loss: 0.00804024 
train_loss: 0.00791856 
test_loss: 0.00785848 
train_loss: 0.00772046 
test_loss: 0.00774543 
train_loss: 0.00751289 
test_loss: 0.00745624 
train_loss: 0.00728902 
test_loss: 0.00732689 
train_loss: 0.00716761 
test_loss: 0.00709721 
train_loss: 0.00686869 
test_loss: 0.00695658 
train_loss: 0.00685256 
test_loss: 0.00680268 
train_loss: 0.00660281 
test_loss: 0.0066788 
train_loss: 0.00651151 
test_loss: 0.00650781 
train_loss: 0.00636263 
test_loss: 0.00649432 
train_loss: 0.0061443 
test_loss: 0.0062236 
train_loss: 0.00622081 
test_loss: 0.00622532 
train_loss: 0.00575676 
test_loss: 0.00582854 
train_loss: 0.0057409 
test_loss: 0.00569387 
train_loss: 0.00575272 
test_loss: 0.00587154 
train_loss: 0.00556342 
test_loss: 0.00568234 
train_loss: 0.00547542 
test_loss: 0.00550543 
train_loss: 0.00546804 
test_loss: 0.0055107 
train_loss: 0.00541359 
test_loss: 0.00531539 
train_loss: 0.00521217 
test_loss: 0.00522147 
train_loss: 0.00517896 
test_loss: 0.00519833 
train_loss: 0.00511142 
test_loss: 0.00504208 
train_loss: 0.0048275 
test_loss: 0.00497501 
train_loss: 0.00487358 
test_loss: 0.0048565 
train_loss: 0.00472583 
test_loss: 0.00486084 
train_loss: 0.00492294 
test_loss: 0.00489662 
train_loss: 0.00458833 
test_loss: 0.00447136 
train_loss: 0.00451371 
test_loss: 0.00441573 
train_loss: 0.00442892 
test_loss: 0.00444213 
train_loss: 0.00512943 
test_loss: 0.00458974 
train_loss: 0.00431872 
test_loss: 0.00425616 
train_loss: 0.00459147 
test_loss: 0.00423449 
train_loss: 0.0041469 
test_loss: 0.00406633 
train_loss: 0.00436459 
test_loss: 0.0042387 
train_loss: 0.00388123 
test_loss: 0.00403625 
train_loss: 0.00392354 
test_loss: 0.00397701 
train_loss: 0.00387236 
test_loss: 0.00384998 
train_loss: 0.00432263 
test_loss: 0.00427149 
train_loss: 0.00385083 
test_loss: 0.00388156 
train_loss: 0.00364387 
test_loss: 0.00363857 
train_loss: 0.00382785 
test_loss: 0.00390045 
train_loss: 0.00396622 
test_loss: 0.00385457 
train_loss: 0.00355851 
test_loss: 0.00362447 
train_loss: 0.00369882 
test_loss: 0.00371204 
train_loss: 0.00373046 
test_loss: 0.00352856 
train_loss: 0.00361277 
test_loss: 0.00351933 
train_loss: 0.00329519 
test_loss: 0.00346769 
train_loss: 0.00359176 
test_loss: 0.00346865 
train_loss: 0.00331031 
test_loss: 0.00339106 
train_loss: 0.00331615 
test_loss: 0.00352343 
train_loss: 0.0032727 
test_loss: 0.00330848 
train_loss: 0.00317447 
test_loss: 0.00336737 
train_loss: 0.00323315 
test_loss: 0.0034123 
train_loss: 0.00319238 
test_loss: 0.00311482 
train_loss: 0.00310843 
test_loss: 0.00311313 
train_loss: 0.00310545 
test_loss: 0.00323112 
train_loss: 0.0031061 
test_loss: 0.00331101 
train_loss: 0.00311711 
test_loss: 0.00335148 
train_loss: 0.00312438 
test_loss: 0.00336367 
train_loss: 0.00297695 
test_loss: 0.00317416 
train_loss: 0.00296768 
test_loss: 0.00292382 
train_loss: 0.00293114 
test_loss: 0.00291884 
train_loss: 0.00361112 
test_loss: 0.00318787 
train_loss: 0.00323907 
test_loss: 0.00343953 
train_loss: 0.00297537 
test_loss: 0.0032176 
train_loss: 0.00297749 
test_loss: 0.00285071 
train_loss: 0.00278639 
test_loss: 0.00262906 
train_loss: 0.00275692 
test_loss: 0.002767 
train_loss: 0.00288396 
test_loss: 0.00305706 
train_loss: 0.00269698 
test_loss: 0.00290831 
train_loss: 0.00271673 
test_loss: 0.00252411 
train_loss: 0.00281411 
test_loss: 0.00279601 
train_loss: 0.00320173 
test_loss: 0.0027814 
train_loss: 0.00262569 
test_loss: 0.0030033 
train_loss: 0.0026135 
test_loss: 0.00250451 
train_loss: 0.00262047 
test_loss: 0.00285763 
