train_loss: 0.508555 
test_loss: 0.51553 
train_loss: 0.505195 
test_loss: 0.513395 
train_loss: 0.515873 
test_loss: 0.511881 
train_loss: 0.50851 
test_loss: 0.510122 
train_loss: 0.511076 
test_loss: 0.508173 
train_loss: 0.50629 
test_loss: 0.506038 
train_loss: 0.509087 
test_loss: 0.50377 
train_loss: 0.500883 
test_loss: 0.501368 
train_loss: 0.494513 
test_loss: 0.498867 
train_loss: 0.500245 
test_loss: 0.496264 
train_loss: 0.493905 
test_loss: 0.493566 
train_loss: 0.493839 
test_loss: 0.4908 
train_loss: 0.490789 
test_loss: 0.487963 
train_loss: 0.480747 
test_loss: 0.485045 
train_loss: 0.484479 
test_loss: 0.482067 
train_loss: 0.479861 
test_loss: 0.479003 
train_loss: 0.474643 
test_loss: 0.475873 
train_loss: 0.480057 
test_loss: 0.472675 
train_loss: 0.473684 
test_loss: 0.469403 
train_loss: 0.463226 
test_loss: 0.466055 
train_loss: 0.463143 
test_loss: 0.462659 
train_loss: 0.461734 
test_loss: 0.459182 
train_loss: 0.459145 
test_loss: 0.455654 
train_loss: 0.453158 
test_loss: 0.452061 
train_loss: 0.443938 
test_loss: 0.448364 
train_loss: 0.447437 
test_loss: 0.444652 
train_loss: 0.442021 
test_loss: 0.44084 
train_loss: 0.43543 
test_loss: 0.436902 
train_loss: 0.42912 
test_loss: 0.432864 
train_loss: 0.429073 
test_loss: 0.42872 
train_loss: 0.420765 
test_loss: 0.424456 
train_loss: 0.417076 
test_loss: 0.420075 
train_loss: 0.419764 
test_loss: 0.415607 
train_loss: 0.413563 
test_loss: 0.411001 
train_loss: 0.407115 
test_loss: 0.406254 
train_loss: 0.403209 
test_loss: 0.401293 
train_loss: 0.396849 
test_loss: 0.396069 
train_loss: 0.394217 
test_loss: 0.390599 
train_loss: 0.386402 
test_loss: 0.384894 
train_loss: 0.376041 
test_loss: 0.379047 
train_loss: 0.370269 
test_loss: 0.373261 
train_loss: 0.369003 
test_loss: 0.367572 
train_loss: 0.364304 
test_loss: 0.361948 
train_loss: 0.355087 
test_loss: 0.356356 
train_loss: 0.349678 
test_loss: 0.350783 
train_loss: 0.346449 
test_loss: 0.345216 
train_loss: 0.340052 
test_loss: 0.339698 
train_loss: 0.334979 
test_loss: 0.334266 
train_loss: 0.327968 
test_loss: 0.328949 
train_loss: 0.325825 
test_loss: 0.323729 
train_loss: 0.322889 
test_loss: 0.318642 
train_loss: 0.310073 
test_loss: 0.313611 
train_loss: 0.309341 
test_loss: 0.308675 
train_loss: 0.30423 
test_loss: 0.303818 
train_loss: 0.305269 
test_loss: 0.299041 
train_loss: 0.29128 
test_loss: 0.294331 
train_loss: 0.291535 
test_loss: 0.289692 
train_loss: 0.2863 
test_loss: 0.285132 
train_loss: 0.278802 
test_loss: 0.280645 
train_loss: 0.276523 
test_loss: 0.276254 
train_loss: 0.273453 
test_loss: 0.271961 
train_loss: 0.268422 
test_loss: 0.267737 
train_loss: 0.263897 
test_loss: 0.2636 
train_loss: 0.258973 
test_loss: 0.259561 
train_loss: 0.254075 
test_loss: 0.255593 
train_loss: 0.252662 
test_loss: 0.25173 
train_loss: 0.246816 
test_loss: 0.247938 
train_loss: 0.245961 
test_loss: 0.244246 
train_loss: 0.242798 
test_loss: 0.240624 
train_loss: 0.240016 
test_loss: 0.237084 
train_loss: 0.233424 
test_loss: 0.233621 
train_loss: 0.232011 
test_loss: 0.230231 
train_loss: 0.228884 
test_loss: 0.226921 
train_loss: 0.225068 
test_loss: 0.223679 
train_loss: 0.219506 
test_loss: 0.220501 
train_loss: 0.217274 
test_loss: 0.2174 
train_loss: 0.218066 
test_loss: 0.214359 
train_loss: 0.213213 
test_loss: 0.211381 
train_loss: 0.209193 
test_loss: 0.208481 
train_loss: 0.207525 
test_loss: 0.20564 
train_loss: 0.206048 
test_loss: 0.202862 
train_loss: 0.19708 
test_loss: 0.200114 
train_loss: 0.1977 
test_loss: 0.197412 
train_loss: 0.19555 
test_loss: 0.194759 
train_loss: 0.193684 
test_loss: 0.192121 
train_loss: 0.189818 
test_loss: 0.189549 
train_loss: 0.188772 
test_loss: 0.186965 
train_loss: 0.183221 
test_loss: 0.184424 
train_loss: 0.18387 
test_loss: 0.181946 
train_loss: 0.181048 
test_loss: 0.179467 
train_loss: 0.180477 
test_loss: 0.177034 
train_loss: 0.17683 
test_loss: 0.174634 
train_loss: 0.169868 
test_loss: 0.172264 
train_loss: 0.169737 
test_loss: 0.169919 
train_loss: 0.169287 
test_loss: 0.167605 
train_loss: 0.16547 
test_loss: 0.165298 
train_loss: 0.162858 
test_loss: 0.163037 
train_loss: 0.161151 
test_loss: 0.160784 
train_loss: 0.157465 
test_loss: 0.158563 
train_loss: 0.156198 
test_loss: 0.156363 
train_loss: 0.154647 
test_loss: 0.15419 
train_loss: 0.15354 
test_loss: 0.152033 
train_loss: 0.149704 
test_loss: 0.149891 
train_loss: 0.148708 
test_loss: 0.147822 
train_loss: 0.147237 
test_loss: 0.145741 
train_loss: 0.144657 
test_loss: 0.143721 
train_loss: 0.143998 
test_loss: 0.141717 
train_loss: 0.140771 
test_loss: 0.139764 
train_loss: 0.138709 
test_loss: 0.137836 
train_loss: 0.136909 
test_loss: 0.135947 
train_loss: 0.133053 
test_loss: 0.134088 
train_loss: 0.132387 
test_loss: 0.132266 
train_loss: 0.129381 
test_loss: 0.130516 
train_loss: 0.130413 
test_loss: 0.128757 
train_loss: 0.128979 
test_loss: 0.127064 
train_loss: 0.12585 
test_loss: 0.125428 
train_loss: 0.123418 
test_loss: 0.123806 
train_loss: 0.122641 
test_loss: 0.122236 
train_loss: 0.120542 
test_loss: 0.120727 
train_loss: 0.120007 
test_loss: 0.119236 
train_loss: 0.116382 
test_loss: 0.117821 
train_loss: 0.115752 
test_loss: 0.116402 
train_loss: 0.113871 
test_loss: 0.115064 
train_loss: 0.114745 
test_loss: 0.113754 
train_loss: 0.113923 
test_loss: 0.112512 
train_loss: 0.112648 
test_loss: 0.111266 
train_loss: 0.109968 
test_loss: 0.110076 
train_loss: 0.107954 
test_loss: 0.108933 
train_loss: 0.106675 
test_loss: 0.107833 
train_loss: 0.1073 
test_loss: 0.106766 
train_loss: 0.106029 
test_loss: 0.105737 
train_loss: 0.10525 
test_loss: 0.104756 
train_loss: 0.103597 
test_loss: 0.103807 
train_loss: 0.103127 
test_loss: 0.1029 
train_loss: 0.102731 
test_loss: 0.101995 
train_loss: 0.100839 
test_loss: 0.101134 
train_loss: 0.100623 
test_loss: 0.100337 
train_loss: 0.0998947 
test_loss: 0.0995579 
train_loss: 0.0985347 
test_loss: 0.0987898 
train_loss: 0.0965085 
test_loss: 0.0980761 
train_loss: 0.0979153 
test_loss: 0.0973739 
train_loss: 0.0959453 
test_loss: 0.0967057 
train_loss: 0.0976665 
test_loss: 0.0960736 
train_loss: 0.0950653 
test_loss: 0.0954447 
train_loss: 0.0954244 
test_loss: 0.0948741 
train_loss: 0.0946411 
test_loss: 0.0943078 
train_loss: 0.093888 
test_loss: 0.0937422 
train_loss: 0.0938201 
test_loss: 0.0932101 
train_loss: 0.0934419 
test_loss: 0.0927524 
train_loss: 0.0921969 
test_loss: 0.0922415 
train_loss: 0.0918797 
test_loss: 0.0917739 
train_loss: 0.0913281 
test_loss: 0.091339 
train_loss: 0.0903269 
test_loss: 0.0909188 
train_loss: 0.0899083 
test_loss: 0.0905092 
train_loss: 0.0898068 
test_loss: 0.0901038 
train_loss: 0.0887034 
test_loss: 0.0897307 
train_loss: 0.0893272 
test_loss: 0.0893434 
train_loss: 0.0876503 
test_loss: 0.088979 
train_loss: 0.088902 
test_loss: 0.0886507 
train_loss: 0.0884219 
test_loss: 0.0883075 
train_loss: 0.0874073 
test_loss: 0.0879842 
train_loss: 0.0883278 
test_loss: 0.08766 
train_loss: 0.0889422 
test_loss: 0.0873913 
train_loss: 0.087427 
test_loss: 0.0870467 
train_loss: 0.08572 
test_loss: 0.0867927 
train_loss: 0.0867793 
test_loss: 0.0864999 
train_loss: 0.0856139 
test_loss: 0.0862039 
train_loss: 0.0855911 
test_loss: 0.0859398 
train_loss: 0.0838533 
test_loss: 0.0856531 
train_loss: 0.0864231 
test_loss: 0.0854524 
train_loss: 0.0853677 
test_loss: 0.0851637 
train_loss: 0.0835921 
test_loss: 0.0849177 
train_loss: 0.0840881 
test_loss: 0.0846117 
train_loss: 0.0846114 
test_loss: 0.0843848 
train_loss: 0.0829955 
test_loss: 0.0841411 
train_loss: 0.0823166 
test_loss: 0.0838645 
train_loss: 0.0828974 
test_loss: 0.083669 
train_loss: 0.0836704 
test_loss: 0.0833849 
train_loss: 0.0841074 
test_loss: 0.0831288 
train_loss: 0.0827206 
test_loss: 0.0828702 
train_loss: 0.083668 
test_loss: 0.082644 
train_loss: 0.0823409 
test_loss: 0.0823945 
train_loss: 0.0811577 
test_loss: 0.08213 
train_loss: 0.081559 
test_loss: 0.0818995 
train_loss: 0.0800562 
test_loss: 0.081641 
train_loss: 0.0807246 
test_loss: 0.0813675 
train_loss: 0.0800913 
test_loss: 0.0811385 
train_loss: 0.0807888 
test_loss: 0.080877 
train_loss: 0.0796064 
test_loss: 0.0806111 
train_loss: 0.079781 
test_loss: 0.0803745 
train_loss: 0.0795758 
test_loss: 0.080145 
train_loss: 0.079316 
test_loss: 0.0798685 
train_loss: 0.0815387 
test_loss: 0.0796391 
train_loss: 0.0788569 
test_loss: 0.0793421 
train_loss: 0.0785128 
test_loss: 0.0791078 
train_loss: 0.0780252 
test_loss: 0.0788117 
train_loss: 0.0769278 
test_loss: 0.078607 
train_loss: 0.0773143 
test_loss: 0.078313 
train_loss: 0.0783925 
test_loss: 0.0780289 
train_loss: 0.0771584 
test_loss: 0.0777761 
train_loss: 0.0774121 
test_loss: 0.0775481 
train_loss: 0.07871 
test_loss: 0.0772651 
train_loss: 0.0750144 
test_loss: 0.0769947 
train_loss: 0.075469 
test_loss: 0.0768051 
train_loss: 0.0764374 
test_loss: 0.0765189 
train_loss: 0.0751393 
test_loss: 0.0762115 
train_loss: 0.0758146 
test_loss: 0.0759845 
train_loss: 0.0746178 
test_loss: 0.0757896 
train_loss: 0.0762966 
test_loss: 0.0754495 
train_loss: 0.0763367 
test_loss: 0.0751682 
train_loss: 0.0743281 
test_loss: 0.0749457 
train_loss: 0.0731459 
test_loss: 0.074679 
train_loss: 0.0737739 
test_loss: 0.074448 
train_loss: 0.0734111 
test_loss: 0.0741617 
train_loss: 0.0717471 
test_loss: 0.0738781 
train_loss: 0.0729222 
test_loss: 0.0736253 
train_loss: 0.0719054 
test_loss: 0.073422 
train_loss: 0.0743943 
test_loss: 0.0731462 
train_loss: 0.0714866 
test_loss: 0.0728532 
train_loss: 0.0712708 
test_loss: 0.0725679 
train_loss: 0.0717707 
test_loss: 0.0723693 
train_loss: 0.0727079 
test_loss: 0.0720475 
train_loss: 0.0695101 
test_loss: 0.0718785 
train_loss: 0.0723367 
test_loss: 0.0716029 
train_loss: 0.072434 
test_loss: 0.0713068 
train_loss: 0.0691892 
test_loss: 0.0710141 
train_loss: 0.0704928 
test_loss: 0.0707727 
train_loss: 0.0698612 
test_loss: 0.0707295 
train_loss: 0.0689803 
test_loss: 0.0703374 
train_loss: 0.0696621 
test_loss: 0.0698656 
train_loss: 0.0679103 
test_loss: 0.0696495 
train_loss: 0.0691067 
test_loss: 0.0693934 
train_loss: 0.068624 
test_loss: 0.0690871 
train_loss: 0.0688372 
test_loss: 0.0687567 
train_loss: 0.0684839 
test_loss: 0.0685202 
train_loss: 0.0678244 
test_loss: 0.0682853 
train_loss: 0.0668542 
test_loss: 0.0679765 
train_loss: 0.0672305 
test_loss: 0.0675677 
train_loss: 0.0658508 
test_loss: 0.0672463 
train_loss: 0.066715 
test_loss: 0.0669324 
train_loss: 0.0668066 
test_loss: 0.0666301 
train_loss: 0.0660541 
test_loss: 0.0663999 
train_loss: 0.0659471 
test_loss: 0.0660628 
train_loss: 0.0657885 
test_loss: 0.065814 
train_loss: 0.0643486 
test_loss: 0.0654293 
train_loss: 0.0650763 
test_loss: 0.0649898 
train_loss: 0.0631535 
test_loss: 0.0647988 
train_loss: 0.0641438 
test_loss: 0.0644387 
train_loss: 0.0630947 
test_loss: 0.0639273 
train_loss: 0.0637148 
test_loss: 0.0636585 
train_loss: 0.0622064 
test_loss: 0.0633818 
train_loss: 0.0622232 
test_loss: 0.0630477 
train_loss: 0.0606425 
test_loss: 0.0625011 
train_loss: 0.0612622 
test_loss: 0.0620459 
train_loss: 0.0618825 
test_loss: 0.0617938 
train_loss: 0.0609082 
test_loss: 0.0612421 
train_loss: 0.0595527 
test_loss: 0.0609106 
train_loss: 0.0596403 
test_loss: 0.060518 
train_loss: 0.0593915 
test_loss: 0.0600458 
train_loss: 0.0595863 
test_loss: 0.0596679 
train_loss: 0.0587287 
test_loss: 0.0591509 
train_loss: 0.0586638 
test_loss: 0.058861 
train_loss: 0.0572668 
test_loss: 0.058539 
train_loss: 0.0568909 
test_loss: 0.0578117 
train_loss: 0.0565872 
test_loss: 0.05758 
train_loss: 0.0560436 
test_loss: 0.0571194 
train_loss: 0.0555677 
test_loss: 0.0564396 
train_loss: 0.0567222 
test_loss: 0.0560298 
train_loss: 0.0555608 
test_loss: 0.055582 
train_loss: 0.054536 
test_loss: 0.0549763 
train_loss: 0.0537092 
test_loss: 0.0546894 
train_loss: 0.053562 
test_loss: 0.0541705 
train_loss: 0.0530758 
test_loss: 0.053717 
train_loss: 0.0533698 
test_loss: 0.0532907 
train_loss: 0.0516771 
test_loss: 0.0528185 
train_loss: 0.0522553 
test_loss: 0.0521319 
train_loss: 0.0510136 
test_loss: 0.0515403 
train_loss: 0.0496495 
test_loss: 0.0510842 
train_loss: 0.0505281 
test_loss: 0.0505662 
train_loss: 0.0492064 
test_loss: 0.0498935 
train_loss: 0.0498365 
test_loss: 0.049335 
train_loss: 0.0487644 
test_loss: 0.0490027 
train_loss: 0.0482507 
test_loss: 0.0488671 
train_loss: 0.0481091 
test_loss: 0.0480379 
train_loss: 0.0457423 
test_loss: 0.0480206 
train_loss: 0.0465726 
test_loss: 0.0470301 
train_loss: 0.0461645 
test_loss: 0.0465356 
train_loss: 0.0458022 
test_loss: 0.0464788 
train_loss: 0.0457244 
test_loss: 0.0458839 
train_loss: 0.0449901 
test_loss: 0.0453588 
train_loss: 0.045022 
test_loss: 0.0450078 
train_loss: 0.0425883 
test_loss: 0.0445314 
train_loss: 0.0440639 
test_loss: 0.0443175 
train_loss: 0.0431112 
test_loss: 0.0442214 
train_loss: 0.0429322 
test_loss: 0.0437644 
train_loss: 0.0426654 
test_loss: 0.0433498 
train_loss: 0.0429924 
test_loss: 0.0429219 
train_loss: 0.0431832 
test_loss: 0.042508 
train_loss: 0.0425101 
test_loss: 0.0423112 
train_loss: 0.0413258 
test_loss: 0.0420831 
train_loss: 0.0415448 
test_loss: 0.0416546 
train_loss: 0.0410065 
test_loss: 0.0413051 
train_loss: 0.0411972 
test_loss: 0.0410397 
train_loss: 0.0406544 
test_loss: 0.0411902 
train_loss: 0.0402148 
test_loss: 0.0406501 
train_loss: 0.0400776 
test_loss: 0.040491 
train_loss: 0.0393066 
test_loss: 0.0400147 
train_loss: 0.0394986 
test_loss: 0.0396046 
train_loss: 0.0383353 
test_loss: 0.0396427 
train_loss: 0.038489 
test_loss: 0.039362 
train_loss: 0.0380519 
test_loss: 0.0402783 
train_loss: 0.0384351 
test_loss: 0.0389368 
train_loss: 0.0377039 
test_loss: 0.0390452 
train_loss: 0.0367502 
test_loss: 0.0387578 
train_loss: 0.0378505 
test_loss: 0.0384196 
train_loss: 0.0369691 
test_loss: 0.0379935 
train_loss: 0.0374471 
test_loss: 0.0376268 
train_loss: 0.0373293 
test_loss: 0.0379066 
train_loss: 0.0365837 
test_loss: 0.0372848 
train_loss: 0.0358119 
test_loss: 0.0370596 
train_loss: 0.0365363 
test_loss: 0.0378467 
train_loss: 0.0356628 
test_loss: 0.0367291 
train_loss: 0.0367577 
test_loss: 0.0364352 
train_loss: 0.0351627 
test_loss: 0.0364332 
train_loss: 0.0355546 
test_loss: 0.0361829 
train_loss: 0.035529 
test_loss: 0.0356494 
train_loss: 0.0352949 
test_loss: 0.0355897 
train_loss: 0.0351771 
test_loss: 0.0353574 
train_loss: 0.0346673 
test_loss: 0.0350222 
train_loss: 0.034094 
test_loss: 0.0350444 
train_loss: 0.0340457 
test_loss: 0.034556 
train_loss: 0.0341441 
test_loss: 0.0347257 
train_loss: 0.0330173 
test_loss: 0.0342477 
train_loss: 0.0335081 
test_loss: 0.0341095 
train_loss: 0.0331949 
test_loss: 0.033685 
train_loss: 0.0323261 
test_loss: 0.0331415 
train_loss: 0.0320822 
test_loss: 0.0337292 
train_loss: 0.0321956 
test_loss: 0.0325827 
train_loss: 0.0311585 
test_loss: 0.0323519 
train_loss: 0.0323346 
test_loss: 0.0318885 
train_loss: 0.0315451 
test_loss: 0.0318554 
train_loss: 0.030531 
test_loss: 0.031373 
train_loss: 0.0293215 
test_loss: 0.030768 
train_loss: 0.0300605 
test_loss: 0.0304154 
train_loss: 0.0291418 
test_loss: 0.0298735 
train_loss: 0.0288045 
test_loss: 0.0295321 
train_loss: 0.0291156 
test_loss: 0.0299126 
train_loss: 0.0283946 
test_loss: 0.0288066 
train_loss: 0.0280027 
test_loss: 0.0289938 
train_loss: 0.0277861 
test_loss: 0.0285656 
train_loss: 0.0270943 
test_loss: 0.0275548 
train_loss: 0.0259648 
test_loss: 0.0268308 
train_loss: 0.0261106 
test_loss: 0.026296 
train_loss: 0.025419 
test_loss: 0.0264723 
train_loss: 0.024975 
test_loss: 0.0256552 
train_loss: 0.0246457 
test_loss: 0.0262901 
train_loss: 0.0241668 
test_loss: 0.0245503 
train_loss: 0.0237834 
test_loss: 0.0248138 
train_loss: 0.0228013 
test_loss: 0.0235969 
train_loss: 0.0226466 
test_loss: 0.0235741 
train_loss: 0.0220263 
test_loss: 0.0228761 
train_loss: 0.0216507 
test_loss: 0.0219294 
train_loss: 0.0221548 
test_loss: 0.0220738 
train_loss: 0.0213093 
test_loss: 0.0215642 
train_loss: 0.020549 
test_loss: 0.0212805 
train_loss: 0.0202403 
test_loss: 0.0207411 
train_loss: 0.01993 
test_loss: 0.0205585 
train_loss: 0.0198605 
test_loss: 0.019764 
train_loss: 0.0190728 
test_loss: 0.0194681 
train_loss: 0.0186068 
test_loss: 0.0189554 
train_loss: 0.0189943 
test_loss: 0.0198096 
train_loss: 0.0179054 
test_loss: 0.0181569 
train_loss: 0.0183473 
test_loss: 0.0185441 
train_loss: 0.0171696 
test_loss: 0.0174583 
train_loss: 0.0169485 
test_loss: 0.0173958 
train_loss: 0.0171346 
test_loss: 0.0179017 
train_loss: 0.0165807 
test_loss: 0.016635 
train_loss: 0.015595 
test_loss: 0.016549 
train_loss: 0.0172954 
test_loss: 0.0183433 
train_loss: 0.0159602 
test_loss: 0.0165034 
train_loss: 0.0158933 
test_loss: 0.0163335 
train_loss: 0.0150344 
test_loss: 0.0151736 
train_loss: 0.0149267 
test_loss: 0.0154902 
train_loss: 0.014585 
test_loss: 0.0152381 
train_loss: 0.0147333 
test_loss: 0.0154566 
train_loss: 0.0144096 
test_loss: 0.0144729 
train_loss: 0.0145298 
test_loss: 0.0143454 
train_loss: 0.0181251 
test_loss: 0.0157683 
train_loss: 0.014162 
test_loss: 0.0149935 
train_loss: 0.0132357 
test_loss: 0.0135892 
train_loss: 0.0136872 
test_loss: 0.0135619 
train_loss: 0.014097 
test_loss: 0.0140123 
train_loss: 0.0133077 
test_loss: 0.0141022 
train_loss: 0.0132436 
test_loss: 0.0137173 
train_loss: 0.0128965 
test_loss: 0.0139485 
train_loss: 0.0131337 
test_loss: 0.0130407 
train_loss: 0.0119415 
test_loss: 0.0127662 
train_loss: 0.0122085 
test_loss: 0.0126477 
train_loss: 0.0124028 
test_loss: 0.0124204 
train_loss: 0.0124061 
test_loss: 0.0125036 
train_loss: 0.0124612 
test_loss: 0.0121351 
train_loss: 0.0120584 
test_loss: 0.0130008 
train_loss: 0.0122343 
test_loss: 0.0123662 
train_loss: 0.0116434 
test_loss: 0.0120395 
train_loss: 0.0117716 
test_loss: 0.0122721 
train_loss: 0.0122045 
test_loss: 0.0121514 
train_loss: 0.0115584 
test_loss: 0.0126805 
train_loss: 0.0113281 
test_loss: 0.0115725 
train_loss: 0.0110742 
test_loss: 0.0112324 
train_loss: 0.010898 
test_loss: 0.0111709 
train_loss: 0.0111305 
test_loss: 0.0110367 
train_loss: 0.0110389 
test_loss: 0.0114046 
train_loss: 0.0114425 
test_loss: 0.0116958 
train_loss: 0.010943 
test_loss: 0.0109588 
train_loss: 0.0109026 
test_loss: 0.0115305 
train_loss: 0.0103953 
test_loss: 0.0110977 
train_loss: 0.0108171 
test_loss: 0.0107144 
train_loss: 0.0116288 
test_loss: 0.0111695 
train_loss: 0.0104629 
test_loss: 0.0107959 
train_loss: 0.010373 
test_loss: 0.0103345 
train_loss: 0.00985035 
test_loss: 0.0102449 
train_loss: 0.0101359 
test_loss: 0.0107061 
train_loss: 0.0107437 
test_loss: 0.0104113 
train_loss: 0.0107761 
test_loss: 0.0108002 
train_loss: 0.00999055 
test_loss: 0.0101517 
train_loss: 0.00994853 
test_loss: 0.010295 
train_loss: 0.0100441 
test_loss: 0.0101502 
train_loss: 0.0100692 
test_loss: 0.0105659 
train_loss: 0.00964757 
test_loss: 0.0100294 
train_loss: 0.00997019 
test_loss: 0.00965982 
train_loss: 0.00967821 
test_loss: 0.00982021 
train_loss: 0.00960612 
test_loss: 0.00962459 
train_loss: 0.00962043 
test_loss: 0.00969041 
train_loss: 0.00958011 
test_loss: 0.00978608 
train_loss: 0.00999815 
test_loss: 0.0110381 
train_loss: 0.00914474 
test_loss: 0.00941189 
train_loss: 0.0104413 
test_loss: 0.00987164 
train_loss: 0.00887918 
test_loss: 0.00932783 
train_loss: 0.00922748 
test_loss: 0.00944916 
train_loss: 0.00898246 
test_loss: 0.00953524 
train_loss: 0.008917 
test_loss: 0.00932018 
train_loss: 0.00920889 
test_loss: 0.0092468 
train_loss: 0.00941704 
test_loss: 0.00959866 
train_loss: 0.00892589 
test_loss: 0.00951905 
train_loss: 0.00914334 
test_loss: 0.00923754 
train_loss: 0.00904861 
test_loss: 0.00890077 
train_loss: 0.00878496 
test_loss: 0.00906303 
train_loss: 0.00917932 
test_loss: 0.00886469 
train_loss: 0.00887577 
test_loss: 0.00935731 
train_loss: 0.00847212 
test_loss: 0.00871285 
train_loss: 0.00877709 
test_loss: 0.00898163 
train_loss: 0.00862866 
test_loss: 0.00894736 
train_loss: 0.00839392 
test_loss: 0.00876351 
train_loss: 0.00868958 
test_loss: 0.00942111 
train_loss: 0.00878537 
test_loss: 0.00879624 
train_loss: 0.00875323 
test_loss: 0.00867167 
train_loss: 0.00851563 
test_loss: 0.0088092 
train_loss: 0.00835207 
test_loss: 0.0085528 
train_loss: 0.00885224 
test_loss: 0.00882299 
train_loss: 0.00849748 
test_loss: 0.00844448 
train_loss: 0.00846412 
test_loss: 0.00831042 
train_loss: 0.00823534 
test_loss: 0.0084804 
train_loss: 0.00848904 
test_loss: 0.0084165 
train_loss: 0.00823731 
test_loss: 0.00869229 
train_loss: 0.00801857 
test_loss: 0.00826403 
train_loss: 0.00820194 
test_loss: 0.00823908 
train_loss: 0.00831205 
test_loss: 0.00823067 
train_loss: 0.0082635 
test_loss: 0.00828618 
train_loss: 0.00799033 
test_loss: 0.00814445 
train_loss: 0.00844731 
test_loss: 0.00845867 
train_loss: 0.0085647 
test_loss: 0.00850426 
