train_loss: 0.080715 
test_loss: 0.080486 
train_loss: 0.070875 
test_loss: 0.070021 
train_loss: 0.055720 
test_loss: 0.055629 
train_loss: 0.048557 
test_loss: 0.050308 
train_loss: 0.048709 
test_loss: 0.047729 
train_loss: 0.045804 
test_loss: 0.046344 
train_loss: 0.045293 
test_loss: 0.045236 
train_loss: 0.046130 
test_loss: 0.044865 
train_loss: 0.045102 
test_loss: 0.044344 
train_loss: 0.042664 
test_loss: 0.043383 
train_loss: 0.043466 
test_loss: 0.042915 
train_loss: 0.041467 
test_loss: 0.042028 
train_loss: 0.040751 
test_loss: 0.041350 
train_loss: 0.039798 
test_loss: 0.040205 
train_loss: 0.037874 
test_loss: 0.038138 
train_loss: 0.036117 
test_loss: 0.035939 
train_loss: 0.032859 
test_loss: 0.033785 
train_loss: 0.031414 
test_loss: 0.032220 
train_loss: 0.029587 
test_loss: 0.029692 
train_loss: 0.028898 
test_loss: 0.028496 
train_loss: 0.026451 
test_loss: 0.026934 
train_loss: 0.025675 
test_loss: 0.025363 
train_loss: 0.023633 
test_loss: 0.024404 
train_loss: 0.023154 
test_loss: 0.023063 
train_loss: 0.022161 
test_loss: 0.022115 
train_loss: 0.021450 
test_loss: 0.022014 
train_loss: 0.021312 
test_loss: 0.020933 
train_loss: 0.020687 
test_loss: 0.020740 
train_loss: 0.020463 
test_loss: 0.019931 
train_loss: 0.018746 
test_loss: 0.019497 
train_loss: 0.019700 
test_loss: 0.019481 
train_loss: 0.018121 
test_loss: 0.018645 
train_loss: 0.019111 
test_loss: 0.019118 
train_loss: 0.018777 
test_loss: 0.018707 
train_loss: 0.017962 
test_loss: 0.017711 
train_loss: 0.017504 
test_loss: 0.017771 
train_loss: 0.016699 
test_loss: 0.017492 
train_loss: 0.017221 
test_loss: 0.017612 
train_loss: 0.017356 
test_loss: 0.018013 
train_loss: 0.016601 
test_loss: 0.016894 
train_loss: 0.016454 
test_loss: 0.017659 
train_loss: 0.016525 
test_loss: 0.016223 
train_loss: 0.016680 
test_loss: 0.016396 
train_loss: 0.015854 
test_loss: 0.015901 
train_loss: 0.016681 
test_loss: 0.016099 
train_loss: 0.015086 
test_loss: 0.015523 
train_loss: 0.014898 
test_loss: 0.015404 
train_loss: 0.015951 
test_loss: 0.016349 
train_loss: 0.015834 
test_loss: 0.015561 
train_loss: 0.014964 
test_loss: 0.015571 
train_loss: 0.014874 
test_loss: 0.015497 
train_loss: 0.015181 
test_loss: 0.015858 
train_loss: 0.014119 
test_loss: 0.014630 
train_loss: 0.014489 
test_loss: 0.015008 
train_loss: 0.015635 
test_loss: 0.015681 
train_loss: 0.013836 
test_loss: 0.014406 
train_loss: 0.013791 
test_loss: 0.014957 
train_loss: 0.014837 
test_loss: 0.014696 
train_loss: 0.013576 
test_loss: 0.014480 
train_loss: 0.013468 
test_loss: 0.013846 
train_loss: 0.014404 
test_loss: 0.014442 
train_loss: 0.015199 
test_loss: 0.014443 
train_loss: 0.013441 
test_loss: 0.014474 
train_loss: 0.013541 
test_loss: 0.013399 
train_loss: 0.012951 
test_loss: 0.013655 
train_loss: 0.013679 
test_loss: 0.013508 
train_loss: 0.013664 
test_loss: 0.013435 
train_loss: 0.013483 
test_loss: 0.013445 
train_loss: 0.013373 
test_loss: 0.013956 
train_loss: 0.013762 
test_loss: 0.013682 
train_loss: 0.013415 
test_loss: 0.013510 
train_loss: 0.013100 
test_loss: 0.013384 
train_loss: 0.012670 
test_loss: 0.013228 
train_loss: 0.013262 
test_loss: 0.013116 
train_loss: 0.012524 
test_loss: 0.013099 
train_loss: 0.013063 
test_loss: 0.013292 
train_loss: 0.012646 
test_loss: 0.013466 
train_loss: 0.012556 
test_loss: 0.012941 
train_loss: 0.013245 
test_loss: 0.012885 
train_loss: 0.012225 
test_loss: 0.012709 
train_loss: 0.012588 
test_loss: 0.013408 
train_loss: 0.012571 
test_loss: 0.013074 
train_loss: 0.012447 
test_loss: 0.012586 
train_loss: 0.012349 
test_loss: 0.012411 
train_loss: 0.012917 
test_loss: 0.012982 
train_loss: 0.012454 
test_loss: 0.012897 
train_loss: 0.012381 
test_loss: 0.013221 
train_loss: 0.012012 
test_loss: 0.012422 
train_loss: 0.012047 
test_loss: 0.012698 
train_loss: 0.012168 
test_loss: 0.012368 
train_loss: 0.011911 
test_loss: 0.012150 
train_loss: 0.011917 
test_loss: 0.012227 
train_loss: 0.011917 
test_loss: 0.012607 
train_loss: 0.012559 
test_loss: 0.012239 
train_loss: 0.012194 
test_loss: 0.012390 
train_loss: 0.011785 
test_loss: 0.012642 
train_loss: 0.011890 
test_loss: 0.013111 
train_loss: 0.011569 
test_loss: 0.012397 
train_loss: 0.012005 
test_loss: 0.012619 
train_loss: 0.011727 
test_loss: 0.011973 
train_loss: 0.012628 
test_loss: 0.012234 
