train_loss: 0.360595 
test_loss: 0.355424 
train_loss: 0.339302 
test_loss: 0.353732 
train_loss: 0.361146 
test_loss: 0.351256 
train_loss: 0.344922 
test_loss: 0.347812 
train_loss: 0.347256 
test_loss: 0.343221 
train_loss: 0.33694 
test_loss: 0.337305 
train_loss: 0.333477 
test_loss: 0.329752 
train_loss: 0.316016 
test_loss: 0.320019 
train_loss: 0.307153 
test_loss: 0.307746 
train_loss: 0.284163 
test_loss: 0.292122 
train_loss: 0.27709 
test_loss: 0.272103 
train_loss: 0.258437 
test_loss: 0.245769 
train_loss: 0.210979 
test_loss: 0.211731 
train_loss: 0.17212 
test_loss: 0.174189 
train_loss: 0.140711 
test_loss: 0.139429 
train_loss: 0.112044 
test_loss: 0.112666 
train_loss: 0.100064 
test_loss: 0.0998237 
train_loss: 0.0915291 
test_loss: 0.0945138 
train_loss: 0.0855507 
test_loss: 0.089974 
train_loss: 0.0867581 
test_loss: 0.0826189 
train_loss: 0.0650731 
test_loss: 0.0690338 
train_loss: 0.0520103 
test_loss: 0.0499399 
train_loss: 0.035562 
test_loss: 0.0373055 
train_loss: 0.0307106 
test_loss: 0.0307192 
train_loss: 0.0249828 
test_loss: 0.0265822 
train_loss: 0.023019 
test_loss: 0.0235094 
train_loss: 0.0190995 
test_loss: 0.0198595 
train_loss: 0.0171692 
test_loss: 0.016977 
train_loss: 0.0154526 
test_loss: 0.0153673 
train_loss: 0.0137356 
test_loss: 0.0139341 
train_loss: 0.0131518 
test_loss: 0.0133138 
train_loss: 0.0140818 
test_loss: 0.0133578 
train_loss: 0.0148758 
test_loss: 0.0137335 
train_loss: 0.0124014 
test_loss: 0.012555 
train_loss: 0.0129286 
test_loss: 0.0135118 
train_loss: 0.0144264 
test_loss: 0.0137505 
train_loss: 0.0149087 
test_loss: 0.0145468 
train_loss: 0.0144253 
test_loss: 0.0144487 
train_loss: 0.0143413 
test_loss: 0.0156968 
train_loss: 0.0143377 
test_loss: 0.015095 
train_loss: 0.0141626 
test_loss: 0.0142457 
