train_loss: 2.14265 
test_loss: 2.34429 
train_loss: 1.99866 
test_loss: 2.00899 
train_loss: 1.99915 
test_loss: 2.00078 
train_loss: 1.99897 
test_loss: 2.00459 
train_loss: 1.99919 
test_loss: 2.5654 
train_loss: 2.00024 
test_loss: 2.00393 
train_loss: 1.998 
test_loss: 2.00255 
train_loss: 1.9994 
test_loss: 2.00253 
train_loss: 1.99911 
test_loss: 2.00104 
train_loss: 1.99969 
test_loss: 2.05166 
train_loss: 1.99844 
test_loss: 2.00686 
train_loss: 1.99899 
test_loss: 2.00065 
train_loss: 1.99858 
test_loss: 2.00254 
train_loss: 1.9978 
test_loss: 2.0074 
train_loss: 1.9993 
test_loss: 2.01387 
train_loss: 2.0154 
test_loss: 2.00467 
train_loss: 1.99663 
test_loss: 2.00694 
train_loss: 1.99801 
test_loss: 2.00248 
train_loss: 1.99951 
test_loss: 2.00526 
train_loss: 1.99891 
test_loss: 2.00851 
train_loss: 2.02957 
test_loss: 2.00238 
