train_loss: 0.398435 
test_loss: 0.395742 
train_loss: 0.401981 
test_loss: 0.397781 
train_loss: 0.402921 
test_loss: 0.397762 
train_loss: 0.397175 
test_loss: 0.397713 
train_loss: 0.397821 
test_loss: 0.397668 
train_loss: 0.406736 
test_loss: 0.397614 
train_loss: 0.407974 
test_loss: 0.397562 
train_loss: 0.394726 
test_loss: 0.397493 
train_loss: 0.401569 
test_loss: 0.397433 
train_loss: 0.402777 
test_loss: 0.397335 
train_loss: 0.40061 
test_loss: 0.397258 
train_loss: 0.397725 
test_loss: 0.397148 
train_loss: 0.401721 
test_loss: 0.397076 
train_loss: 0.394026 
test_loss: 0.396971 
train_loss: 0.405582 
test_loss: 0.396844 
train_loss: 0.389457 
test_loss: 0.396741 
train_loss: 0.388592 
test_loss: 0.396602 
train_loss: 0.404224 
test_loss: 0.396476 
train_loss: 0.397348 
test_loss: 0.396317 
train_loss: 0.400171 
test_loss: 0.396185 
train_loss: 0.395073 
test_loss: 0.396012 
train_loss: 0.397861 
test_loss: 0.395839 
train_loss: 0.40117 
test_loss: 0.395663 
train_loss: 0.392051 
test_loss: 0.39549 
train_loss: 0.396758 
test_loss: 0.395275 
train_loss: 0.39415 
test_loss: 0.395061 
train_loss: 0.400335 
test_loss: 0.394832 
train_loss: 0.40049 
test_loss: 0.39461 
train_loss: 0.390048 
test_loss: 0.394336 
train_loss: 0.388466 
test_loss: 0.394088 
train_loss: 0.39375 
test_loss: 0.393801 
train_loss: 0.393241 
test_loss: 0.393512 
train_loss: 0.390029 
test_loss: 0.393234 
train_loss: 0.396478 
test_loss: 0.392901 
train_loss: 0.391117 
test_loss: 0.392557 
train_loss: 0.397576 
test_loss: 0.392199 
train_loss: 0.387469 
test_loss: 0.391816 
train_loss: 0.395242 
test_loss: 0.391424 
train_loss: 0.388497 
test_loss: 0.391023 
train_loss: 0.388479 
test_loss: 0.390581 
train_loss: 0.393426 
test_loss: 0.390121 
train_loss: 0.390971 
test_loss: 0.389632 
train_loss: 0.394721 
test_loss: 0.389131 
train_loss: 0.393435 
test_loss: 0.388607 
train_loss: 0.381678 
test_loss: 0.388028 
train_loss: 0.384626 
test_loss: 0.387468 
train_loss: 0.387233 
test_loss: 0.386856 
train_loss: 0.388077 
test_loss: 0.386196 
train_loss: 0.385289 
test_loss: 0.385523 
train_loss: 0.380872 
test_loss: 0.384803 
train_loss: 0.392568 
test_loss: 0.384057 
train_loss: 0.384887 
test_loss: 0.383281 
train_loss: 0.388769 
test_loss: 0.382454 
train_loss: 0.380512 
test_loss: 0.381601 
train_loss: 0.389848 
test_loss: 0.38068 
train_loss: 0.388333 
test_loss: 0.379744 
train_loss: 0.374598 
test_loss: 0.37873 
train_loss: 0.378846 
test_loss: 0.377718 
train_loss: 0.373448 
test_loss: 0.376619 
train_loss: 0.377075 
test_loss: 0.37546 
train_loss: 0.378867 
test_loss: 0.374272 
train_loss: 0.370787 
test_loss: 0.373 
train_loss: 0.37874 
test_loss: 0.371684 
train_loss: 0.369374 
test_loss: 0.370299 
train_loss: 0.374897 
test_loss: 0.368839 
train_loss: 0.372131 
test_loss: 0.367334 
train_loss: 0.368019 
test_loss: 0.365723 
train_loss: 0.362951 
test_loss: 0.364068 
train_loss: 0.355677 
test_loss: 0.362311 
train_loss: 0.357164 
test_loss: 0.360473 
train_loss: 0.359979 
test_loss: 0.358552 
train_loss: 0.355513 
test_loss: 0.356526 
train_loss: 0.353847 
test_loss: 0.35441 
train_loss: 0.351209 
test_loss: 0.352193 
train_loss: 0.355891 
test_loss: 0.349872 
train_loss: 0.345816 
test_loss: 0.347441 
train_loss: 0.345762 
test_loss: 0.344901 
train_loss: 0.344902 
test_loss: 0.342218 
train_loss: 0.341225 
test_loss: 0.339417 
train_loss: 0.333113 
test_loss: 0.336471 
train_loss: 0.332065 
test_loss: 0.333381 
train_loss: 0.331026 
test_loss: 0.330147 
train_loss: 0.330494 
test_loss: 0.326747 
train_loss: 0.324546 
test_loss: 0.323162 
train_loss: 0.316485 
test_loss: 0.319399 
train_loss: 0.314323 
test_loss: 0.315454 
train_loss: 0.312899 
test_loss: 0.311287 
train_loss: 0.307964 
test_loss: 0.306918 
train_loss: 0.303857 
test_loss: 0.302317 
train_loss: 0.296597 
test_loss: 0.297489 
train_loss: 0.284655 
test_loss: 0.292417 
train_loss: 0.282363 
test_loss: 0.287126 
train_loss: 0.28216 
test_loss: 0.281594 
train_loss: 0.27754 
test_loss: 0.275861 
train_loss: 0.273269 
test_loss: 0.269929 
train_loss: 0.264141 
test_loss: 0.263831 
train_loss: 0.26015 
test_loss: 0.257597 
train_loss: 0.248389 
test_loss: 0.251238 
train_loss: 0.2446 
test_loss: 0.244746 
train_loss: 0.236186 
test_loss: 0.238125 
train_loss: 0.236853 
test_loss: 0.231396 
train_loss: 0.224565 
test_loss: 0.224549 
train_loss: 0.217115 
test_loss: 0.217553 
train_loss: 0.212377 
test_loss: 0.210438 
train_loss: 0.2056 
test_loss: 0.203181 
train_loss: 0.200347 
test_loss: 0.195791 
train_loss: 0.187806 
test_loss: 0.188258 
train_loss: 0.184487 
test_loss: 0.180584 
train_loss: 0.1678 
test_loss: 0.17278 
train_loss: 0.164272 
test_loss: 0.164868 
train_loss: 0.159151 
test_loss: 0.156876 
train_loss: 0.146433 
test_loss: 0.14886 
train_loss: 0.138171 
test_loss: 0.140882 
train_loss: 0.132551 
test_loss: 0.133014 
train_loss: 0.125927 
test_loss: 0.125328 
train_loss: 0.117963 
test_loss: 0.11796 
train_loss: 0.111378 
test_loss: 0.110986 
train_loss: 0.102102 
test_loss: 0.104537 
train_loss: 0.100329 
test_loss: 0.0986931 
train_loss: 0.0951718 
test_loss: 0.093447 
train_loss: 0.0896921 
test_loss: 0.0888002 
train_loss: 0.083294 
test_loss: 0.0846874 
train_loss: 0.0811748 
test_loss: 0.0810544 
train_loss: 0.0778406 
test_loss: 0.0778413 
train_loss: 0.0760738 
test_loss: 0.0750052 
train_loss: 0.072904 
test_loss: 0.0725113 
train_loss: 0.070545 
test_loss: 0.0703257 
train_loss: 0.067795 
test_loss: 0.0684167 
train_loss: 0.0665173 
test_loss: 0.0667759 
train_loss: 0.0641145 
test_loss: 0.0653667 
train_loss: 0.0643215 
test_loss: 0.0641559 
train_loss: 0.0621302 
test_loss: 0.0631278 
train_loss: 0.0618708 
test_loss: 0.0622314 
train_loss: 0.0613775 
test_loss: 0.0614536 
train_loss: 0.0607388 
test_loss: 0.0607685 
train_loss: 0.0589384 
test_loss: 0.060145 
train_loss: 0.0607531 
test_loss: 0.0595746 
train_loss: 0.0595785 
test_loss: 0.0590532 
train_loss: 0.0590367 
test_loss: 0.058554 
train_loss: 0.0579589 
test_loss: 0.0580852 
train_loss: 0.0579344 
test_loss: 0.057619 
train_loss: 0.0566558 
test_loss: 0.0571836 
train_loss: 0.0566439 
test_loss: 0.0567675 
train_loss: 0.0561315 
test_loss: 0.0563443 
train_loss: 0.0560785 
test_loss: 0.0559411 
train_loss: 0.0557848 
test_loss: 0.0555457 
train_loss: 0.0557191 
test_loss: 0.0551413 
train_loss: 0.0537922 
test_loss: 0.0547339 
train_loss: 0.0543875 
test_loss: 0.0543525 
train_loss: 0.053878 
test_loss: 0.05394 
train_loss: 0.0542941 
test_loss: 0.0535179 
train_loss: 0.0533276 
test_loss: 0.053096 
train_loss: 0.0524134 
test_loss: 0.0526599 
train_loss: 0.0519726 
test_loss: 0.0521921 
train_loss: 0.0515661 
test_loss: 0.0517331 
train_loss: 0.0516485 
test_loss: 0.0512136 
train_loss: 0.0502166 
test_loss: 0.0506968 
train_loss: 0.0504033 
test_loss: 0.0501331 
train_loss: 0.0490534 
test_loss: 0.0494998 
train_loss: 0.04887 
test_loss: 0.048856 
train_loss: 0.0476535 
test_loss: 0.0480944 
train_loss: 0.0467692 
test_loss: 0.0472564 
train_loss: 0.0466716 
test_loss: 0.0463247 
train_loss: 0.0452429 
test_loss: 0.0453101 
train_loss: 0.0439099 
test_loss: 0.0442052 
train_loss: 0.0429309 
test_loss: 0.0429704 
train_loss: 0.0408577 
test_loss: 0.0416088 
train_loss: 0.040356 
test_loss: 0.0401 
train_loss: 0.0385349 
test_loss: 0.0384257 
train_loss: 0.0372888 
test_loss: 0.036636 
train_loss: 0.0346428 
test_loss: 0.0348098 
train_loss: 0.0323992 
test_loss: 0.0329132 
train_loss: 0.0308216 
test_loss: 0.0310514 
train_loss: 0.0287313 
test_loss: 0.0292234 
train_loss: 0.0275095 
test_loss: 0.0273587 
train_loss: 0.0256189 
test_loss: 0.0255781 
train_loss: 0.0232096 
test_loss: 0.0238434 
train_loss: 0.0217739 
test_loss: 0.0217714 
train_loss: 0.0197454 
test_loss: 0.0195824 
train_loss: 0.0168077 
test_loss: 0.0172131 
train_loss: 0.0152529 
test_loss: 0.0153467 
train_loss: 0.0143888 
test_loss: 0.0142008 
train_loss: 0.0133799 
test_loss: 0.0135055 
train_loss: 0.0130199 
test_loss: 0.0129313 
train_loss: 0.0126286 
test_loss: 0.0125453 
train_loss: 0.0119507 
test_loss: 0.0122693 
train_loss: 0.012019 
test_loss: 0.0119291 
train_loss: 0.0116474 
test_loss: 0.0117401 
train_loss: 0.0115078 
test_loss: 0.0114766 
train_loss: 0.0113627 
test_loss: 0.0112863 
train_loss: 0.010992 
test_loss: 0.0110739 
train_loss: 0.011065 
test_loss: 0.010932 
train_loss: 0.0107524 
test_loss: 0.0107141 
train_loss: 0.0107197 
test_loss: 0.0104668 
train_loss: 0.0101617 
test_loss: 0.0103769 
train_loss: 0.01018 
test_loss: 0.0102261 
train_loss: 0.00999543 
test_loss: 0.0101647 
train_loss: 0.00984035 
test_loss: 0.00998965 
train_loss: 0.00971244 
test_loss: 0.00978898 
train_loss: 0.00946113 
test_loss: 0.0097145 
train_loss: 0.0094346 
test_loss: 0.00964127 
train_loss: 0.00954399 
test_loss: 0.00947516 
train_loss: 0.00933738 
test_loss: 0.00943018 
train_loss: 0.00917074 
test_loss: 0.00929972 
train_loss: 0.0092171 
test_loss: 0.0093335 
train_loss: 0.00914295 
test_loss: 0.00929847 
train_loss: 0.00907882 
test_loss: 0.00907344 
train_loss: 0.00930066 
test_loss: 0.00924957 
train_loss: 0.00898409 
test_loss: 0.00902766 
train_loss: 0.00940865 
test_loss: 0.00913476 
train_loss: 0.00880993 
test_loss: 0.00894298 
train_loss: 0.00907644 
test_loss: 0.00903003 
train_loss: 0.00887346 
test_loss: 0.00878694 
train_loss: 0.00878312 
test_loss: 0.00893077 
train_loss: 0.00865507 
test_loss: 0.00880207 
train_loss: 0.00870744 
test_loss: 0.00881679 
train_loss: 0.00857464 
test_loss: 0.00873022 
train_loss: 0.0087051 
test_loss: 0.00878385 
train_loss: 0.00865973 
test_loss: 0.00877007 
train_loss: 0.00887438 
test_loss: 0.00875359 
train_loss: 0.00891744 
test_loss: 0.00866257 
train_loss: 0.00904226 
test_loss: 0.00871932 
train_loss: 0.00873527 
test_loss: 0.00865665 
train_loss: 0.00855112 
test_loss: 0.0085607 
train_loss: 0.0086157 
test_loss: 0.00908535 
train_loss: 0.00903521 
test_loss: 0.00874014 
train_loss: 0.0087425 
test_loss: 0.00860125 
train_loss: 0.00851345 
test_loss: 0.00903026 
train_loss: 0.00849801 
test_loss: 0.00860735 
train_loss: 0.0083502 
test_loss: 0.00921051 
train_loss: 0.00832116 
test_loss: 0.00859325 
train_loss: 0.00866027 
test_loss: 0.00852335 
train_loss: 0.00863309 
test_loss: 0.00877496 
train_loss: 0.00840893 
test_loss: 0.00871131 
train_loss: 0.00837336 
test_loss: 0.00839742 
train_loss: 0.00844933 
test_loss: 0.00845866 
train_loss: 0.00848023 
test_loss: 0.00845681 
train_loss: 0.00813928 
test_loss: 0.00843467 
train_loss: 0.0085887 
test_loss: 0.00855766 
train_loss: 0.00821224 
test_loss: 0.00849225 
train_loss: 0.00947316 
test_loss: 0.00882219 
train_loss: 0.00845501 
test_loss: 0.0084031 
train_loss: 0.00837886 
test_loss: 0.00837545 
train_loss: 0.00832797 
test_loss: 0.00840244 
train_loss: 0.00842331 
test_loss: 0.00871476 
train_loss: 0.00900748 
test_loss: 0.00875663 
train_loss: 0.00826812 
test_loss: 0.00850395 
train_loss: 0.00823303 
test_loss: 0.00824772 
train_loss: 0.00875594 
test_loss: 0.00908354 
train_loss: 0.00863193 
test_loss: 0.00835384 
train_loss: 0.00831809 
test_loss: 0.00884364 
train_loss: 0.00841976 
test_loss: 0.00827467 
train_loss: 0.00784481 
test_loss: 0.00820952 
train_loss: 0.00819642 
test_loss: 0.0081295 
train_loss: 0.00854867 
test_loss: 0.0081449 
train_loss: 0.00821753 
test_loss: 0.00819189 
train_loss: 0.00820059 
test_loss: 0.0083202 
train_loss: 0.00802383 
test_loss: 0.00796922 
train_loss: 0.00791478 
test_loss: 0.00784383 
train_loss: 0.00789461 
test_loss: 0.00768102 
train_loss: 0.00786242 
test_loss: 0.0084172 
train_loss: 0.00746473 
test_loss: 0.00792325 
train_loss: 0.00750748 
test_loss: 0.00775858 
train_loss: 0.00701261 
test_loss: 0.00714385 
train_loss: 0.00684604 
test_loss: 0.00704006 
train_loss: 0.00668512 
test_loss: 0.00715968 
train_loss: 0.00625278 
test_loss: 0.00623064 
train_loss: 0.00578606 
test_loss: 0.00560613 
train_loss: 0.0055792 
test_loss: 0.00578106 
train_loss: 0.00480635 
test_loss: 0.00482028 
train_loss: 0.00452906 
test_loss: 0.00433606 
train_loss: 0.00406847 
test_loss: 0.00415628 
train_loss: 0.00455762 
test_loss: 0.00402202 
train_loss: 0.00386296 
test_loss: 0.0045554 
train_loss: 0.00384142 
test_loss: 0.00417208 
train_loss: 0.00389433 
test_loss: 0.00414173 
train_loss: 0.00348832 
test_loss: 0.00381367 
train_loss: 0.00379397 
test_loss: 0.00386006 
train_loss: 0.00331561 
test_loss: 0.00301917 
train_loss: 0.00362712 
test_loss: 0.00321717 
train_loss: 0.00344255 
test_loss: 0.00377975 
train_loss: 0.00329093 
test_loss: 0.00385572 
train_loss: 0.00351892 
test_loss: 0.00344232 
train_loss: 0.00318626 
test_loss: 0.00289651 
train_loss: 0.00318222 
test_loss: 0.00287365 
train_loss: 0.00296889 
test_loss: 0.00350891 
train_loss: 0.00291846 
test_loss: 0.00318145 
train_loss: 0.00273186 
test_loss: 0.00325704 
train_loss: 0.00291508 
test_loss: 0.00289338 
train_loss: 0.00356668 
test_loss: 0.00368417 
train_loss: 0.00321713 
test_loss: 0.00406496 
train_loss: 0.0031398 
test_loss: 0.00351171 
train_loss: 0.00313711 
test_loss: 0.00288731 
train_loss: 0.00362145 
test_loss: 0.00295544 
train_loss: 0.00365121 
test_loss: 0.00295722 
train_loss: 0.00302716 
test_loss: 0.00275257 
train_loss: 0.00302631 
test_loss: 0.00332299 
train_loss: 0.00287957 
test_loss: 0.00269824 
train_loss: 0.00430329 
test_loss: 0.00312208 
train_loss: 0.00298212 
test_loss: 0.00285159 
train_loss: 0.00304586 
test_loss: 0.0033551 
train_loss: 0.00328086 
test_loss: 0.00294568 
train_loss: 0.00279563 
test_loss: 0.00262173 
train_loss: 0.00287192 
test_loss: 0.00305633 
train_loss: 0.00252955 
test_loss: 0.00228511 
train_loss: 0.00276709 
test_loss: 0.00262405 
train_loss: 0.00277439 
test_loss: 0.00312388 
train_loss: 0.00297578 
test_loss: 0.00328674 
train_loss: 0.00289491 
test_loss: 0.00278764 
train_loss: 0.00266306 
test_loss: 0.00312329 
train_loss: 0.0029759 
test_loss: 0.00297007 
train_loss: 0.00314032 
test_loss: 0.00283041 
train_loss: 0.00359853 
test_loss: 0.00340589 
train_loss: 0.00256746 
test_loss: 0.00266051 
train_loss: 0.00274049 
test_loss: 0.00246562 
train_loss: 0.00255778 
test_loss: 0.0027734 
train_loss: 0.00285861 
test_loss: 0.00298061 
train_loss: 0.00238231 
test_loss: 0.00233642 
train_loss: 0.0028578 
test_loss: 0.00314025 
train_loss: 0.00296247 
test_loss: 0.002805 
train_loss: 0.00270743 
test_loss: 0.00240274 
train_loss: 0.00331102 
test_loss: 0.00285844 
train_loss: 0.00287875 
test_loss: 0.00247577 
train_loss: 0.00230588 
test_loss: 0.00252675 
train_loss: 0.00224615 
test_loss: 0.00286585 
train_loss: 0.0024167 
test_loss: 0.00298559 
train_loss: 0.00263047 
test_loss: 0.00266637 
train_loss: 0.00272136 
test_loss: 0.00320207 
train_loss: 0.00253558 
test_loss: 0.00241948 
train_loss: 0.00229214 
test_loss: 0.0022632 
train_loss: 0.00262493 
test_loss: 0.00310498 
train_loss: 0.0033289 
test_loss: 0.00305082 
train_loss: 0.00275178 
test_loss: 0.00286317 
train_loss: 0.00305079 
test_loss: 0.00261838 
train_loss: 0.00285189 
test_loss: 0.00256728 
train_loss: 0.00264009 
test_loss: 0.0025923 
train_loss: 0.00228984 
test_loss: 0.00234489 
train_loss: 0.00249951 
test_loss: 0.00261163 
train_loss: 0.00257058 
test_loss: 0.0021857 
train_loss: 0.00259228 
test_loss: 0.00261832 
train_loss: 0.00208898 
test_loss: 0.00223061 
train_loss: 0.00252387 
test_loss: 0.00281354 
train_loss: 0.00263316 
test_loss: 0.0030005 
train_loss: 0.00264609 
test_loss: 0.00249085 
train_loss: 0.00230287 
test_loss: 0.00251863 
train_loss: 0.00298738 
test_loss: 0.00292182 
train_loss: 0.00256626 
test_loss: 0.00239005 
train_loss: 0.00267671 
test_loss: 0.00285411 
train_loss: 0.0024712 
test_loss: 0.00231014 
train_loss: 0.0022712 
test_loss: 0.00233932 
train_loss: 0.00214359 
test_loss: 0.00230616 
train_loss: 0.00243953 
test_loss: 0.00244351 
train_loss: 0.00265807 
test_loss: 0.00233162 
train_loss: 0.00215607 
test_loss: 0.00225424 
train_loss: 0.00261287 
test_loss: 0.00270598 
train_loss: 0.00223683 
test_loss: 0.00221253 
train_loss: 0.00255191 
test_loss: 0.00274072 
train_loss: 0.00247574 
test_loss: 0.00234226 
train_loss: 0.00222007 
test_loss: 0.00225225 
train_loss: 0.00242193 
test_loss: 0.002293 
train_loss: 0.00232857 
test_loss: 0.00265707 
train_loss: 0.00273141 
test_loss: 0.00241399 
train_loss: 0.00223335 
test_loss: 0.00222365 
train_loss: 0.00252631 
test_loss: 0.00280792 
train_loss: 0.00246027 
test_loss: 0.00294187 
train_loss: 0.00272164 
test_loss: 0.00249324 
train_loss: 0.00251198 
test_loss: 0.00235412 
train_loss: 0.00211167 
test_loss: 0.00235021 
train_loss: 0.0022231 
test_loss: 0.00219216 
train_loss: 0.002266 
test_loss: 0.00219595 
train_loss: 0.00202916 
test_loss: 0.00204747 
train_loss: 0.00210808 
test_loss: 0.00233722 
train_loss: 0.00219135 
test_loss: 0.00252042 
train_loss: 0.00253587 
test_loss: 0.0025128 
train_loss: 0.00225989 
test_loss: 0.00266168 
train_loss: 0.00228176 
test_loss: 0.00225952 
train_loss: 0.0023842 
test_loss: 0.00230538 
train_loss: 0.00222685 
test_loss: 0.002489 
train_loss: 0.00213537 
test_loss: 0.00226981 
train_loss: 0.00220094 
test_loss: 0.00226005 
train_loss: 0.0022309 
test_loss: 0.00251322 
train_loss: 0.0029323 
test_loss: 0.00266139 
train_loss: 0.00241547 
test_loss: 0.00238053 
train_loss: 0.002728 
test_loss: 0.00248865 
train_loss: 0.00251395 
test_loss: 0.00238665 
train_loss: 0.0023314 
test_loss: 0.00236895 
train_loss: 0.00267032 
test_loss: 0.00238911 
train_loss: 0.00233041 
test_loss: 0.00196242 
train_loss: 0.00206664 
test_loss: 0.00215938 
train_loss: 0.00241682 
test_loss: 0.00239815 
train_loss: 0.00234489 
test_loss: 0.00287767 
train_loss: 0.0021733 
test_loss: 0.00185599 
train_loss: 0.00225576 
test_loss: 0.0021364 
train_loss: 0.00205105 
test_loss: 0.00190761 
train_loss: 0.00216606 
test_loss: 0.00231431 
train_loss: 0.00240538 
test_loss: 0.00204875 
train_loss: 0.00224742 
test_loss: 0.00242934 
train_loss: 0.00218718 
test_loss: 0.0023518 
train_loss: 0.00217133 
test_loss: 0.00207978 
train_loss: 0.00199276 
test_loss: 0.00211726 
train_loss: 0.00234392 
test_loss: 0.00226136 
train_loss: 0.00212793 
test_loss: 0.0021646 
train_loss: 0.00218325 
test_loss: 0.00212621 
train_loss: 0.00221727 
test_loss: 0.00215396 
train_loss: 0.00202429 
test_loss: 0.00245642 
train_loss: 0.00294967 
test_loss: 0.00233838 
train_loss: 0.0020509 
test_loss: 0.00189878 
train_loss: 0.00236893 
test_loss: 0.00237234 
train_loss: 0.0024279 
test_loss: 0.00217516 
train_loss: 0.00197762 
test_loss: 0.00214962 
train_loss: 0.00237279 
test_loss: 0.00237673 
train_loss: 0.0021235 
test_loss: 0.0020746 
train_loss: 0.00270597 
test_loss: 0.00224577 
train_loss: 0.00208885 
test_loss: 0.00210801 
train_loss: 0.00212902 
test_loss: 0.00206053 
train_loss: 0.00200348 
test_loss: 0.00223363 
train_loss: 0.00218288 
test_loss: 0.00199322 
train_loss: 0.00223516 
test_loss: 0.00215319 
train_loss: 0.00211721 
test_loss: 0.00216956 
train_loss: 0.00196324 
test_loss: 0.00248738 
train_loss: 0.002326 
test_loss: 0.00232743 
train_loss: 0.00203251 
test_loss: 0.00184979 
train_loss: 0.00210428 
test_loss: 0.00225821 
train_loss: 0.00201 
test_loss: 0.00215159 
train_loss: 0.00231473 
test_loss: 0.00201592 
train_loss: 0.00218328 
test_loss: 0.00255577 
train_loss: 0.0020003 
test_loss: 0.00221595 
train_loss: 0.00229485 
test_loss: 0.00223733 
train_loss: 0.0019054 
test_loss: 0.00246681 
train_loss: 0.00183511 
test_loss: 0.00214062 
train_loss: 0.00197023 
test_loss: 0.001937 
train_loss: 0.00216994 
test_loss: 0.00213517 
train_loss: 0.00249852 
test_loss: 0.00219772 
train_loss: 0.00204465 
test_loss: 0.00219506 
train_loss: 0.00200913 
test_loss: 0.00187668 
train_loss: 0.0022061 
test_loss: 0.00228506 
train_loss: 0.00182715 
test_loss: 0.00206158 
train_loss: 0.00214202 
test_loss: 0.00201034 
train_loss: 0.00180575 
test_loss: 0.00174512 
train_loss: 0.0020136 
test_loss: 0.00240998 
train_loss: 0.00215921 
test_loss: 0.0020557 
train_loss: 0.00198317 
test_loss: 0.00188259 
train_loss: 0.00186273 
test_loss: 0.00194723 
train_loss: 0.00228536 
test_loss: 0.00197276 
train_loss: 0.00219039 
test_loss: 0.00213193 
train_loss: 0.00192203 
test_loss: 0.00180542 
train_loss: 0.00197004 
test_loss: 0.0019663 
train_loss: 0.00208685 
test_loss: 0.00197982 
train_loss: 0.00208731 
test_loss: 0.00202835 
train_loss: 0.00199945 
test_loss: 0.00200402 
train_loss: 0.00202842 
test_loss: 0.00208944 
train_loss: 0.0020301 
test_loss: 0.0021046 
train_loss: 0.00208977 
test_loss: 0.00178603 
train_loss: 0.00218441 
test_loss: 0.00186032 
train_loss: 0.00237428 
test_loss: 0.00253862 
train_loss: 0.00189364 
test_loss: 0.00200997 
train_loss: 0.00176895 
test_loss: 0.00188878 
train_loss: 0.00188557 
test_loss: 0.0020932 
train_loss: 0.00200931 
test_loss: 0.00220988 
train_loss: 0.00187392 
test_loss: 0.00191992 
train_loss: 0.00177597 
test_loss: 0.00229977 
train_loss: 0.00224056 
test_loss: 0.00183371 
train_loss: 0.00197073 
test_loss: 0.00219891 
train_loss: 0.00187292 
test_loss: 0.00185094 
train_loss: 0.00197158 
test_loss: 0.00205929 
train_loss: 0.0021992 
test_loss: 0.00190254 
train_loss: 0.0021321 
test_loss: 0.00196483 
train_loss: 0.00204323 
test_loss: 0.00188882 
train_loss: 0.00176131 
test_loss: 0.0018531 
train_loss: 0.00180784 
test_loss: 0.00194822 
train_loss: 0.00197673 
test_loss: 0.00196259 
train_loss: 0.00159437 
test_loss: 0.0016675 
train_loss: 0.00182094 
test_loss: 0.00174798 
train_loss: 0.00194839 
test_loss: 0.00224004 
train_loss: 0.00187087 
test_loss: 0.00183799 
train_loss: 0.00188875 
test_loss: 0.00247574 
train_loss: 0.00200589 
test_loss: 0.00205962 
train_loss: 0.0018201 
test_loss: 0.00205735 
train_loss: 0.00194373 
test_loss: 0.00178018 
train_loss: 0.0021448 
test_loss: 0.00178078 
train_loss: 0.00202703 
test_loss: 0.00210307 
train_loss: 0.00182199 
test_loss: 0.00178847 
train_loss: 0.00199413 
test_loss: 0.0017519 
train_loss: 0.00228191 
test_loss: 0.00201558 
train_loss: 0.00168044 
test_loss: 0.00222338 
train_loss: 0.00181026 
test_loss: 0.00184861 
train_loss: 0.001915 
test_loss: 0.0019665 
train_loss: 0.00167059 
test_loss: 0.00168594 
train_loss: 0.00231309 
test_loss: 0.00186333 
train_loss: 0.00206353 
test_loss: 0.00196372 
train_loss: 0.00184828 
test_loss: 0.00170155 
train_loss: 0.00179121 
test_loss: 0.00197417 
train_loss: 0.0017741 
test_loss: 0.00177475 
train_loss: 0.00186644 
test_loss: 0.00182728 
train_loss: 0.00173494 
test_loss: 0.00211947 
train_loss: 0.00181087 
test_loss: 0.00174721 
train_loss: 0.0021307 
test_loss: 0.00194892 
train_loss: 0.0019447 
test_loss: 0.00206166 
train_loss: 0.00190046 
test_loss: 0.00198509 
train_loss: 0.00222165 
test_loss: 0.00212237 
train_loss: 0.00184712 
test_loss: 0.00198613 
train_loss: 0.00167696 
test_loss: 0.0019298 
train_loss: 0.0019249 
test_loss: 0.00212831 
train_loss: 0.00213021 
test_loss: 0.00180485 
train_loss: 0.00196063 
test_loss: 0.00181446 
train_loss: 0.00175546 
test_loss: 0.00183393 
train_loss: 0.00178015 
test_loss: 0.00190369 
train_loss: 0.00224242 
test_loss: 0.00185575 
train_loss: 0.001755 
test_loss: 0.00168649 
train_loss: 0.00176932 
test_loss: 0.00169597 
train_loss: 0.00205733 
test_loss: 0.0017191 
train_loss: 0.00161572 
test_loss: 0.00157174 
train_loss: 0.00214443 
test_loss: 0.00180764 
train_loss: 0.00159478 
test_loss: 0.0019569 
train_loss: 0.00160057 
test_loss: 0.00160341 
train_loss: 0.00180415 
test_loss: 0.00181676 
train_loss: 0.00174204 
test_loss: 0.00167785 
train_loss: 0.00184478 
test_loss: 0.00210227 
train_loss: 0.00167181 
test_loss: 0.00171404 
train_loss: 0.00191454 
test_loss: 0.00192457 
train_loss: 0.00179803 
test_loss: 0.00180627 
train_loss: 0.00176162 
test_loss: 0.00175052 
train_loss: 0.00171346 
test_loss: 0.00178218 
train_loss: 0.00189414 
test_loss: 0.00165348 
train_loss: 0.00162811 
test_loss: 0.00171924 
train_loss: 0.00180591 
test_loss: 0.00173554 
train_loss: 0.00175505 
test_loss: 0.00173997 
train_loss: 0.00204617 
test_loss: 0.00199357 
train_loss: 0.00200248 
test_loss: 0.0020223 
train_loss: 0.00185226 
test_loss: 0.00214348 
train_loss: 0.00173709 
test_loss: 0.00168017 
train_loss: 0.00199942 
test_loss: 0.00214409 
train_loss: 0.00234282 
test_loss: 0.00180225 
train_loss: 0.00189387 
test_loss: 0.00184499 
train_loss: 0.00166095 
test_loss: 0.00164312 
train_loss: 0.00213822 
test_loss: 0.00182086 
train_loss: 0.00170263 
test_loss: 0.00175705 
train_loss: 0.0017191 
test_loss: 0.00176031 
train_loss: 0.00163263 
test_loss: 0.00177474 
train_loss: 0.00218447 
test_loss: 0.00195525 
train_loss: 0.00180854 
test_loss: 0.00197769 
train_loss: 0.00208079 
test_loss: 0.00183812 
train_loss: 0.00186102 
test_loss: 0.0019556 
train_loss: 0.00170724 
test_loss: 0.00167881 
train_loss: 0.0020827 
test_loss: 0.00179628 
train_loss: 0.00167266 
test_loss: 0.00178146 
train_loss: 0.00175499 
test_loss: 0.0018503 
train_loss: 0.00216043 
test_loss: 0.00199809 
train_loss: 0.00162839 
test_loss: 0.00165227 
train_loss: 0.0016573 
test_loss: 0.00169538 
train_loss: 0.00156684 
test_loss: 0.00150309 
train_loss: 0.00178393 
test_loss: 0.00197524 
train_loss: 0.00160955 
test_loss: 0.0017257 
train_loss: 0.00156766 
test_loss: 0.00155839 
train_loss: 0.00157458 
test_loss: 0.00185687 
train_loss: 0.00185018 
test_loss: 0.00155939 
train_loss: 0.00191355 
test_loss: 0.00167372 
train_loss: 0.00174465 
test_loss: 0.00199586 
train_loss: 0.00172376 
test_loss: 0.00161532 
train_loss: 0.00167383 
test_loss: 0.00191966 
train_loss: 0.0018064 
test_loss: 0.00209531 
train_loss: 0.00176404 
test_loss: 0.00191179 
train_loss: 0.00168688 
test_loss: 0.00181327 
train_loss: 0.00200169 
test_loss: 0.00193886 
train_loss: 0.00169714 
test_loss: 0.00164941 
train_loss: 0.00167644 
test_loss: 0.00154972 
train_loss: 0.00166203 
test_loss: 0.00156912 
train_loss: 0.00171155 
test_loss: 0.00171198 
train_loss: 0.00169349 
test_loss: 0.0017974 
train_loss: 0.00170011 
test_loss: 0.00185088 
train_loss: 0.00163646 
test_loss: 0.00168369 
train_loss: 0.00164734 
test_loss: 0.00163628 
train_loss: 0.00172542 
test_loss: 0.00163015 
train_loss: 0.00163082 
test_loss: 0.00181456 
train_loss: 0.00175581 
test_loss: 0.00155763 
train_loss: 0.00165892 
test_loss: 0.00171331 
train_loss: 0.00197948 
test_loss: 0.0019382 
train_loss: 0.00168249 
test_loss: 0.00180167 
train_loss: 0.00154055 
test_loss: 0.00166819 
train_loss: 0.00160211 
test_loss: 0.00158244 
train_loss: 0.00160833 
test_loss: 0.00169048 
train_loss: 0.00157205 
test_loss: 0.00147713 
train_loss: 0.00159504 
test_loss: 0.00212387 
train_loss: 0.00197642 
test_loss: 0.0016959 
train_loss: 0.0016762 
test_loss: 0.00196281 
train_loss: 0.00182163 
test_loss: 0.00178795 
train_loss: 0.00155468 
test_loss: 0.00167364 
train_loss: 0.00155362 
test_loss: 0.00161276 
train_loss: 0.00157207 
test_loss: 0.00172123 
train_loss: 0.00162963 
test_loss: 0.00145661 
train_loss: 0.00187936 
test_loss: 0.00164159 
train_loss: 0.00149653 
test_loss: 0.00162303 
train_loss: 0.00181798 
test_loss: 0.00166257 
train_loss: 0.00178255 
test_loss: 0.00163618 
train_loss: 0.00165205 
test_loss: 0.00162585 
train_loss: 0.00172827 
test_loss: 0.0016958 
train_loss: 0.00172051 
test_loss: 0.00178403 
train_loss: 0.0023743 
test_loss: 0.00190534 
train_loss: 0.00171611 
test_loss: 0.00213654 
train_loss: 0.0015635 
test_loss: 0.00168419 
train_loss: 0.0018525 
test_loss: 0.00170447 
train_loss: 0.00173605 
test_loss: 0.00171377 
train_loss: 0.00189285 
test_loss: 0.00192052 
train_loss: 0.00159512 
test_loss: 0.00164735 
train_loss: 0.00150523 
test_loss: 0.00155338 
train_loss: 0.00162228 
test_loss: 0.0016925 
train_loss: 0.00173393 
test_loss: 0.00174394 
train_loss: 0.00182782 
test_loss: 0.00185383 
train_loss: 0.00166896 
test_loss: 0.00139848 
train_loss: 0.00137748 
test_loss: 0.00140728 
train_loss: 0.0017893 
test_loss: 0.00200714 
train_loss: 0.00149381 
test_loss: 0.00165861 
train_loss: 0.00161689 
test_loss: 0.00166475 
train_loss: 0.00147671 
test_loss: 0.00154745 
train_loss: 0.0016594 
test_loss: 0.00157993 
train_loss: 0.00177735 
test_loss: 0.00162786 
train_loss: 0.0014962 
test_loss: 0.00161679 
train_loss: 0.0015946 
test_loss: 0.00185853 
train_loss: 0.00181564 
test_loss: 0.0015085 
train_loss: 0.00163789 
test_loss: 0.00154651 
train_loss: 0.00156203 
test_loss: 0.00164566 
train_loss: 0.00175647 
test_loss: 0.00163971 
train_loss: 0.00155159 
test_loss: 0.00166031 
train_loss: 0.00171918 
test_loss: 0.00167339 
train_loss: 0.0015488 
test_loss: 0.00150257 
train_loss: 0.00152242 
test_loss: 0.00158486 
train_loss: 0.00166756 
test_loss: 0.00160154 
train_loss: 0.00156378 
test_loss: 0.0017494 
train_loss: 0.00166562 
test_loss: 0.00162204 
train_loss: 0.00153091 
test_loss: 0.00160361 
train_loss: 0.00170949 
test_loss: 0.00161664 
train_loss: 0.00161536 
test_loss: 0.00153745 
train_loss: 0.00143335 
test_loss: 0.0015551 
train_loss: 0.00157805 
test_loss: 0.00166189 
train_loss: 0.0014722 
test_loss: 0.00155505 
train_loss: 0.00170641 
test_loss: 0.00185293 
train_loss: 0.00172579 
test_loss: 0.00160186 
train_loss: 0.00156578 
test_loss: 0.0015771 
train_loss: 0.00162624 
test_loss: 0.0014929 
train_loss: 0.00153257 
test_loss: 0.00163784 
train_loss: 0.00157181 
test_loss: 0.00146136 
train_loss: 0.00189989 
test_loss: 0.00162937 
train_loss: 0.00169795 
test_loss: 0.00163145 
train_loss: 0.00170821 
test_loss: 0.00164946 
train_loss: 0.00150814 
test_loss: 0.00144409 
train_loss: 0.00176091 
test_loss: 0.00163661 
train_loss: 0.0016421 
test_loss: 0.00169547 
train_loss: 0.00177847 
test_loss: 0.00144657 
train_loss: 0.00152398 
test_loss: 0.00148792 
train_loss: 0.00153283 
test_loss: 0.00145175 
train_loss: 0.00163115 
test_loss: 0.00183514 
train_loss: 0.00162486 
test_loss: 0.00261087 
train_loss: 0.00176144 
test_loss: 0.00152528 
train_loss: 0.00143284 
test_loss: 0.00143193 
train_loss: 0.00137555 
test_loss: 0.00161216 
train_loss: 0.00140999 
test_loss: 0.00150651 
train_loss: 0.001546 
test_loss: 0.00162997 
train_loss: 0.00133107 
test_loss: 0.00145895 
train_loss: 0.00156218 
test_loss: 0.00157366 
train_loss: 0.00160794 
test_loss: 0.00166656 
train_loss: 0.0014439 
test_loss: 0.00143803 
train_loss: 0.00148629 
test_loss: 0.00153331 
train_loss: 0.00203048 
test_loss: 0.00191807 
train_loss: 0.00161691 
test_loss: 0.00180062 
train_loss: 0.00159577 
test_loss: 0.001672 
train_loss: 0.00187006 
test_loss: 0.00176271 
train_loss: 0.0017523 
test_loss: 0.00169352 
train_loss: 0.0014838 
test_loss: 0.0015219 
train_loss: 0.00180694 
test_loss: 0.00187848 
train_loss: 0.0014627 
test_loss: 0.00152445 
train_loss: 0.00179104 
test_loss: 0.00178868 
train_loss: 0.00151148 
test_loss: 0.00149888 
train_loss: 0.00144818 
test_loss: 0.0015339 
train_loss: 0.0013416 
test_loss: 0.00138291 
train_loss: 0.00183295 
test_loss: 0.00161105 
train_loss: 0.00161108 
test_loss: 0.00180655 
train_loss: 0.0014938 
test_loss: 0.00163361 
train_loss: 0.00151278 
test_loss: 0.00138124 
train_loss: 0.00166831 
test_loss: 0.00150524 
train_loss: 0.00167357 
test_loss: 0.00177359 
train_loss: 0.00173394 
test_loss: 0.00156993 
train_loss: 0.00160345 
test_loss: 0.0016834 
train_loss: 0.001523 
test_loss: 0.00153136 
train_loss: 0.00145675 
test_loss: 0.00148145 
train_loss: 0.00147189 
test_loss: 0.00143588 
train_loss: 0.00185392 
test_loss: 0.00182854 
train_loss: 0.00149451 
test_loss: 0.00149118 
train_loss: 0.00142731 
test_loss: 0.00150293 
train_loss: 0.00135932 
test_loss: 0.00155318 
train_loss: 0.00152326 
test_loss: 0.00142487 
train_loss: 0.00150767 
test_loss: 0.00152396 
train_loss: 0.00160842 
test_loss: 0.00175047 
train_loss: 0.00173126 
test_loss: 0.00176934 
train_loss: 0.00155119 
test_loss: 0.00159443 
train_loss: 0.00151983 
test_loss: 0.00139543 
train_loss: 0.00175049 
test_loss: 0.00142123 
train_loss: 0.00173086 
test_loss: 0.00165465 
train_loss: 0.0016909 
test_loss: 0.00153932 
train_loss: 0.00171126 
test_loss: 0.00142576 
train_loss: 0.00146667 
test_loss: 0.00163585 
train_loss: 0.00167723 
test_loss: 0.00151998 
train_loss: 0.00147231 
test_loss: 0.00170328 
train_loss: 0.00154095 
test_loss: 0.00147943 
train_loss: 0.00167176 
test_loss: 0.00159813 
train_loss: 0.00144112 
test_loss: 0.00158347 
train_loss: 0.00164203 
test_loss: 0.00155993 
train_loss: 0.00147897 
test_loss: 0.00141462 
train_loss: 0.00146512 
test_loss: 0.0015037 
train_loss: 0.00153148 
test_loss: 0.00144481 
train_loss: 0.00174402 
test_loss: 0.00159901 
train_loss: 0.00140879 
test_loss: 0.00150701 
train_loss: 0.00145365 
test_loss: 0.00167531 
train_loss: 0.00144335 
test_loss: 0.00153754 
train_loss: 0.00146584 
test_loss: 0.00145992 
train_loss: 0.00144309 
test_loss: 0.00137749 
train_loss: 0.00139992 
test_loss: 0.00138671 
train_loss: 0.00137452 
test_loss: 0.00142955 
train_loss: 0.00165337 
test_loss: 0.00163325 
train_loss: 0.00154641 
test_loss: 0.00153884 
train_loss: 0.00164919 
test_loss: 0.00150593 
train_loss: 0.00154974 
test_loss: 0.00146524 
train_loss: 0.00155459 
test_loss: 0.00145712 
train_loss: 0.00157744 
test_loss: 0.00167152 
train_loss: 0.00166064 
test_loss: 0.00156431 
train_loss: 0.00145469 
test_loss: 0.00158423 
train_loss: 0.00166461 
test_loss: 0.00174055 
train_loss: 0.00134812 
test_loss: 0.00139443 
train_loss: 0.00147832 
test_loss: 0.00146927 
train_loss: 0.00151646 
test_loss: 0.00162269 
train_loss: 0.00163138 
test_loss: 0.00155461 
train_loss: 0.00147555 
test_loss: 0.00168664 
train_loss: 0.00145955 
test_loss: 0.00144317 
train_loss: 0.00150418 
test_loss: 0.00153933 
train_loss: 0.00131066 
test_loss: 0.00161184 
train_loss: 0.0014782 
test_loss: 0.00153604 
train_loss: 0.0013388 
test_loss: 0.00158391 
train_loss: 0.00142515 
test_loss: 0.00138852 
train_loss: 0.00156671 
test_loss: 0.00148259 
train_loss: 0.00146443 
test_loss: 0.00137819 
train_loss: 0.00148226 
test_loss: 0.0014706 
train_loss: 0.0014577 
test_loss: 0.00137518 
train_loss: 0.00143779 
test_loss: 0.00152746 
train_loss: 0.0014966 
test_loss: 0.00150082 
train_loss: 0.00169279 
test_loss: 0.00152821 
train_loss: 0.00136425 
test_loss: 0.0014456 
train_loss: 0.00140192 
test_loss: 0.00154655 
train_loss: 0.00152392 
test_loss: 0.0013663 
train_loss: 0.00147088 
test_loss: 0.00160861 
train_loss: 0.00166032 
test_loss: 0.00161537 
train_loss: 0.00156402 
test_loss: 0.00170873 
train_loss: 0.00153045 
test_loss: 0.0015194 
train_loss: 0.00158184 
test_loss: 0.00150191 
train_loss: 0.00147916 
test_loss: 0.00153976 
train_loss: 0.00138169 
test_loss: 0.00144851 
train_loss: 0.00137261 
test_loss: 0.00148175 
train_loss: 0.00140527 
test_loss: 0.00198291 
train_loss: 0.00144692 
test_loss: 0.00147304 
train_loss: 0.00139621 
test_loss: 0.00158643 
train_loss: 0.00146736 
test_loss: 0.00137857 
train_loss: 0.00155663 
test_loss: 0.00142199 
train_loss: 0.00138634 
test_loss: 0.00168093 
train_loss: 0.00160129 
test_loss: 0.0014318 
train_loss: 0.0015798 
test_loss: 0.00140142 
train_loss: 0.00159037 
test_loss: 0.00182512 
train_loss: 0.00137756 
test_loss: 0.00172092 
train_loss: 0.00135386 
test_loss: 0.00135273 
train_loss: 0.0015184 
test_loss: 0.00149214 
train_loss: 0.00149687 
test_loss: 0.00149222 
train_loss: 0.00168491 
test_loss: 0.00165563 
train_loss: 0.001436 
test_loss: 0.00135522 
train_loss: 0.00154316 
test_loss: 0.00142045 
train_loss: 0.00158769 
test_loss: 0.0015197 
train_loss: 0.001419 
test_loss: 0.00151684 
train_loss: 0.00171511 
test_loss: 0.00140511 
train_loss: 0.00151317 
test_loss: 0.0014041 
train_loss: 0.00141515 
test_loss: 0.00155174 
train_loss: 0.00128887 
test_loss: 0.00151435 
train_loss: 0.0014773 
test_loss: 0.00138102 
train_loss: 0.0015029 
test_loss: 0.00129301 
train_loss: 0.00164813 
test_loss: 0.00178459 
train_loss: 0.00162449 
test_loss: 0.00158755 
train_loss: 0.00150228 
test_loss: 0.00146872 
train_loss: 0.00136 
test_loss: 0.00131293 
train_loss: 0.00167884 
test_loss: 0.001469 
train_loss: 0.00130078 
test_loss: 0.00137619 
train_loss: 0.00146198 
test_loss: 0.00133359 
train_loss: 0.00143805 
test_loss: 0.00132489 
train_loss: 0.00139139 
test_loss: 0.00141752 
train_loss: 0.0013207 
test_loss: 0.00156682 
train_loss: 0.00140399 
test_loss: 0.00133487 
train_loss: 0.00157794 
test_loss: 0.00149478 
train_loss: 0.00132953 
test_loss: 0.00135878 
train_loss: 0.00141533 
test_loss: 0.00147617 
train_loss: 0.00158761 
test_loss: 0.00142231 
train_loss: 0.00139981 
test_loss: 0.00132992 
train_loss: 0.0014602 
test_loss: 0.00141591 
train_loss: 0.00136084 
test_loss: 0.00154991 
train_loss: 0.00130047 
test_loss: 0.00150248 
train_loss: 0.00146985 
test_loss: 0.00159161 
train_loss: 0.0013083 
test_loss: 0.0013428 
train_loss: 0.00155131 
test_loss: 0.00150188 
train_loss: 0.00156683 
test_loss: 0.00136757 
train_loss: 0.00136413 
test_loss: 0.00151716 
train_loss: 0.0016612 
test_loss: 0.00143472 
train_loss: 0.00146215 
test_loss: 0.00140781 
train_loss: 0.00145721 
test_loss: 0.00147 
train_loss: 0.00169898 
test_loss: 0.00159285 
train_loss: 0.00167824 
test_loss: 0.0014987 
train_loss: 0.00150582 
test_loss: 0.00150856 
train_loss: 0.00137618 
test_loss: 0.00133225 
train_loss: 0.0015392 
test_loss: 0.00138833 
train_loss: 0.001294 
test_loss: 0.00151966 
train_loss: 0.00144598 
test_loss: 0.00143578 
train_loss: 0.00142108 
test_loss: 0.00135096 
train_loss: 0.00128652 
test_loss: 0.00133027 
train_loss: 0.0015215 
test_loss: 0.00162099 
train_loss: 0.00142945 
test_loss: 0.00145306 
train_loss: 0.00139875 
test_loss: 0.0016239 
train_loss: 0.00140392 
test_loss: 0.00136491 
train_loss: 0.00151409 
test_loss: 0.0016381 
