train_loss: 0.359126 
test_loss: 0.356823 
train_loss: 0.362037 
test_loss: 0.356262 
train_loss: 0.357847 
test_loss: 0.356263 
train_loss: 0.364021 
test_loss: 0.356259 
train_loss: 0.357842 
test_loss: 0.356241 
train_loss: 0.368729 
test_loss: 0.356261 
train_loss: 0.364309 
test_loss: 0.356259 
train_loss: 0.361681 
test_loss: 0.356241 
train_loss: 0.357813 
test_loss: 0.356266 
train_loss: 0.359824 
test_loss: 0.356245 
train_loss: 0.351919 
test_loss: 0.356266 
train_loss: 0.357604 
test_loss: 0.356237 
train_loss: 0.353763 
test_loss: 0.356263 
train_loss: 0.348344 
test_loss: 0.356254 
train_loss: 0.358104 
test_loss: 0.356244 
train_loss: 0.351141 
test_loss: 0.356242 
train_loss: 0.358118 
test_loss: 0.356229 
train_loss: 0.355225 
test_loss: 0.356229 
train_loss: 0.35291 
test_loss: 0.356231 
train_loss: 0.36442 
test_loss: 0.356224 
train_loss: 0.353577 
test_loss: 0.356242 
train_loss: 0.356482 
test_loss: 0.356227 
train_loss: 0.362131 
test_loss: 0.356227 
train_loss: 0.357661 
test_loss: 0.356203 
train_loss: 0.349948 
test_loss: 0.356221 
train_loss: 0.358813 
test_loss: 0.356179 
train_loss: 0.353347 
test_loss: 0.356205 
train_loss: 0.356358 
test_loss: 0.356203 
train_loss: 0.351709 
test_loss: 0.356179 
train_loss: 0.354006 
test_loss: 0.356183 
train_loss: 0.358946 
test_loss: 0.356167 
train_loss: 0.356111 
test_loss: 0.356159 
train_loss: 0.360902 
test_loss: 0.356172 
train_loss: 0.354738 
test_loss: 0.356148 
train_loss: 0.353392 
test_loss: 0.356149 
train_loss: 0.360455 
test_loss: 0.356134 
train_loss: 0.358386 
test_loss: 0.356114 
train_loss: 0.356935 
test_loss: 0.356108 
train_loss: 0.356511 
test_loss: 0.356076 
train_loss: 0.354694 
test_loss: 0.356077 
train_loss: 0.352482 
test_loss: 0.356052 
train_loss: 0.357188 
test_loss: 0.356035 
train_loss: 0.356391 
test_loss: 0.356012 
train_loss: 0.352184 
test_loss: 0.356008 
train_loss: 0.354175 
test_loss: 0.355981 
train_loss: 0.36048 
test_loss: 0.355979 
train_loss: 0.355616 
test_loss: 0.355943 
train_loss: 0.358019 
test_loss: 0.355928 
train_loss: 0.358209 
test_loss: 0.355903 
train_loss: 0.356657 
test_loss: 0.355863 
train_loss: 0.355025 
test_loss: 0.355848 
train_loss: 0.351946 
test_loss: 0.355825 
train_loss: 0.359911 
test_loss: 0.355788 
train_loss: 0.357849 
test_loss: 0.355757 
train_loss: 0.35807 
test_loss: 0.355724 
train_loss: 0.357908 
test_loss: 0.355702 
train_loss: 0.357481 
test_loss: 0.355644 
train_loss: 0.356739 
test_loss: 0.355616 
train_loss: 0.35607 
test_loss: 0.355573 
train_loss: 0.356953 
test_loss: 0.355535 
train_loss: 0.352472 
test_loss: 0.355486 
train_loss: 0.356276 
test_loss: 0.355423 
train_loss: 0.358073 
test_loss: 0.355387 
train_loss: 0.356826 
test_loss: 0.355328 
train_loss: 0.352123 
test_loss: 0.355282 
train_loss: 0.357632 
test_loss: 0.35523 
train_loss: 0.355886 
test_loss: 0.355153 
train_loss: 0.351232 
test_loss: 0.355099 
train_loss: 0.351505 
test_loss: 0.35503 
train_loss: 0.353415 
test_loss: 0.354953 
train_loss: 0.358075 
test_loss: 0.354873 
train_loss: 0.349331 
test_loss: 0.354793 
train_loss: 0.35313 
test_loss: 0.354714 
train_loss: 0.355003 
test_loss: 0.354604 
train_loss: 0.354177 
test_loss: 0.354542 
train_loss: 0.356152 
test_loss: 0.354429 
train_loss: 0.35784 
test_loss: 0.354337 
train_loss: 0.355631 
test_loss: 0.354219 
train_loss: 0.358552 
test_loss: 0.354121 
train_loss: 0.344456 
test_loss: 0.353989 
train_loss: 0.35128 
test_loss: 0.353865 
train_loss: 0.352724 
test_loss: 0.353739 
train_loss: 0.3549 
test_loss: 0.353592 
train_loss: 0.347843 
test_loss: 0.353457 
train_loss: 0.348067 
test_loss: 0.353295 
train_loss: 0.350565 
test_loss: 0.353139 
train_loss: 0.349961 
test_loss: 0.352968 
train_loss: 0.350052 
test_loss: 0.352785 
train_loss: 0.349369 
test_loss: 0.352613 
train_loss: 0.355156 
test_loss: 0.352414 
train_loss: 0.35553 
test_loss: 0.352187 
train_loss: 0.356547 
test_loss: 0.35197 
train_loss: 0.348249 
test_loss: 0.351764 
train_loss: 0.35171 
test_loss: 0.351516 
train_loss: 0.352846 
test_loss: 0.35126 
train_loss: 0.353507 
test_loss: 0.351002 
train_loss: 0.345495 
test_loss: 0.350717 
train_loss: 0.35337 
test_loss: 0.350445 
train_loss: 0.34809 
test_loss: 0.350131 
train_loss: 0.354201 
test_loss: 0.349811 
train_loss: 0.344275 
test_loss: 0.349473 
train_loss: 0.346897 
test_loss: 0.349118 
train_loss: 0.349027 
test_loss: 0.348746 
train_loss: 0.348861 
test_loss: 0.348352 
train_loss: 0.344873 
test_loss: 0.347932 
train_loss: 0.355103 
test_loss: 0.347499 
train_loss: 0.344494 
test_loss: 0.347052 
train_loss: 0.351227 
test_loss: 0.346573 
train_loss: 0.342229 
test_loss: 0.34606 
train_loss: 0.350276 
test_loss: 0.345519 
train_loss: 0.348252 
test_loss: 0.34499 
train_loss: 0.346978 
test_loss: 0.344407 
train_loss: 0.340094 
test_loss: 0.343795 
train_loss: 0.342523 
test_loss: 0.343159 
train_loss: 0.331666 
test_loss: 0.342485 
train_loss: 0.341895 
test_loss: 0.341772 
train_loss: 0.338894 
test_loss: 0.341041 
train_loss: 0.339039 
test_loss: 0.340255 
train_loss: 0.336509 
test_loss: 0.339445 
train_loss: 0.339099 
test_loss: 0.338574 
train_loss: 0.339186 
test_loss: 0.337688 
train_loss: 0.332411 
test_loss: 0.33673 
train_loss: 0.336432 
test_loss: 0.335739 
train_loss: 0.335362 
test_loss: 0.334699 
train_loss: 0.333412 
test_loss: 0.333603 
train_loss: 0.336409 
test_loss: 0.332467 
train_loss: 0.33548 
test_loss: 0.331255 
train_loss: 0.334112 
test_loss: 0.330003 
train_loss: 0.320463 
test_loss: 0.328668 
train_loss: 0.32409 
test_loss: 0.327292 
train_loss: 0.320652 
test_loss: 0.325827 
train_loss: 0.326173 
test_loss: 0.324303 
train_loss: 0.324407 
test_loss: 0.322706 
train_loss: 0.319808 
test_loss: 0.321026 
train_loss: 0.319615 
test_loss: 0.319251 
train_loss: 0.319209 
test_loss: 0.317413 
train_loss: 0.311188 
test_loss: 0.315484 
train_loss: 0.31802 
test_loss: 0.313449 
train_loss: 0.314199 
test_loss: 0.311327 
train_loss: 0.305802 
test_loss: 0.309103 
train_loss: 0.306579 
test_loss: 0.306752 
train_loss: 0.299267 
test_loss: 0.304314 
train_loss: 0.303403 
test_loss: 0.301746 
train_loss: 0.297252 
test_loss: 0.299059 
train_loss: 0.297941 
test_loss: 0.296233 
train_loss: 0.292581 
test_loss: 0.29329 
train_loss: 0.290188 
test_loss: 0.29019 
train_loss: 0.289589 
test_loss: 0.286944 
train_loss: 0.278862 
test_loss: 0.28356 
train_loss: 0.28418 
test_loss: 0.279992 
train_loss: 0.276819 
test_loss: 0.276263 
train_loss: 0.273318 
test_loss: 0.272353 
train_loss: 0.269158 
test_loss: 0.268273 
train_loss: 0.263674 
test_loss: 0.263994 
train_loss: 0.261697 
test_loss: 0.259504 
train_loss: 0.256258 
test_loss: 0.2548 
train_loss: 0.248411 
test_loss: 0.249875 
train_loss: 0.244509 
test_loss: 0.24475 
train_loss: 0.237248 
test_loss: 0.239365 
train_loss: 0.234045 
test_loss: 0.233724 
train_loss: 0.225072 
test_loss: 0.227836 
train_loss: 0.223691 
test_loss: 0.221707 
train_loss: 0.217166 
test_loss: 0.215302 
train_loss: 0.20921 
test_loss: 0.20863 
train_loss: 0.200411 
test_loss: 0.201696 
train_loss: 0.204116 
test_loss: 0.194514 
train_loss: 0.187612 
test_loss: 0.187082 
train_loss: 0.178604 
test_loss: 0.179425 
train_loss: 0.17221 
test_loss: 0.171583 
train_loss: 0.16472 
test_loss: 0.163567 
train_loss: 0.154986 
test_loss: 0.155446 
train_loss: 0.147639 
test_loss: 0.147307 
train_loss: 0.141268 
test_loss: 0.139209 
train_loss: 0.130722 
test_loss: 0.131262 
train_loss: 0.121931 
test_loss: 0.123563 
train_loss: 0.116649 
test_loss: 0.116224 
train_loss: 0.109243 
test_loss: 0.109321 
train_loss: 0.105437 
test_loss: 0.102983 
train_loss: 0.0967984 
test_loss: 0.0972485 
train_loss: 0.0932312 
test_loss: 0.0921585 
train_loss: 0.0877246 
test_loss: 0.0877005 
train_loss: 0.0827188 
test_loss: 0.0838294 
train_loss: 0.0804954 
test_loss: 0.0805111 
train_loss: 0.0776179 
test_loss: 0.0776685 
train_loss: 0.0762332 
test_loss: 0.0752411 
train_loss: 0.0734698 
test_loss: 0.0731502 
train_loss: 0.0701189 
test_loss: 0.0713376 
train_loss: 0.0718749 
test_loss: 0.0697468 
train_loss: 0.0677892 
test_loss: 0.0683321 
train_loss: 0.0661138 
test_loss: 0.0670576 
train_loss: 0.06714 
test_loss: 0.0658965 
train_loss: 0.0646362 
test_loss: 0.0648308 
train_loss: 0.0640531 
test_loss: 0.0638391 
train_loss: 0.0630833 
test_loss: 0.0629215 
train_loss: 0.0612046 
test_loss: 0.0620631 
train_loss: 0.0616755 
test_loss: 0.061257 
train_loss: 0.059577 
test_loss: 0.0605019 
train_loss: 0.0586445 
test_loss: 0.0597887 
train_loss: 0.0586959 
test_loss: 0.059118 
train_loss: 0.0584408 
test_loss: 0.0584873 
train_loss: 0.0571006 
test_loss: 0.057893 
train_loss: 0.0566874 
test_loss: 0.0573248 
train_loss: 0.0563237 
test_loss: 0.056791 
train_loss: 0.0564611 
test_loss: 0.0562897 
train_loss: 0.055917 
test_loss: 0.0558121 
train_loss: 0.0542807 
test_loss: 0.0553488 
train_loss: 0.0548066 
test_loss: 0.0549133 
train_loss: 0.0547134 
test_loss: 0.0544944 
train_loss: 0.0534172 
test_loss: 0.0540859 
train_loss: 0.0539522 
test_loss: 0.053694 
train_loss: 0.0533896 
test_loss: 0.0533075 
train_loss: 0.0517273 
test_loss: 0.0529157 
train_loss: 0.0522151 
test_loss: 0.052536 
train_loss: 0.0516209 
test_loss: 0.0521497 
train_loss: 0.0527518 
test_loss: 0.0517564 
train_loss: 0.0517295 
test_loss: 0.0513388 
train_loss: 0.0513238 
test_loss: 0.0509028 
train_loss: 0.0503366 
test_loss: 0.0504445 
train_loss: 0.0506774 
test_loss: 0.0499543 
train_loss: 0.0484038 
test_loss: 0.0494014 
train_loss: 0.0476946 
test_loss: 0.0488017 
train_loss: 0.0477524 
test_loss: 0.0481239 
train_loss: 0.0477481 
test_loss: 0.0473722 
train_loss: 0.0458979 
test_loss: 0.0465127 
train_loss: 0.0454709 
test_loss: 0.0455312 
train_loss: 0.0443506 
test_loss: 0.04442 
train_loss: 0.0428111 
test_loss: 0.0431136 
train_loss: 0.0416271 
test_loss: 0.0416146 
train_loss: 0.0399994 
test_loss: 0.0398458 
train_loss: 0.0375494 
test_loss: 0.0377342 
train_loss: 0.0338915 
test_loss: 0.0350894 
train_loss: 0.0313245 
test_loss: 0.0318188 
train_loss: 0.0280591 
test_loss: 0.0278672 
train_loss: 0.024122 
test_loss: 0.0239627 
train_loss: 0.0201644 
test_loss: 0.0208144 
train_loss: 0.0184358 
test_loss: 0.0185333 
train_loss: 0.0167848 
test_loss: 0.0168668 
train_loss: 0.0153004 
test_loss: 0.0156937 
train_loss: 0.0148149 
test_loss: 0.0147335 
train_loss: 0.0138167 
test_loss: 0.0140749 
train_loss: 0.0132554 
test_loss: 0.0134162 
train_loss: 0.0131076 
test_loss: 0.0129319 
train_loss: 0.0125548 
test_loss: 0.0125276 
train_loss: 0.0119328 
test_loss: 0.0121792 
train_loss: 0.0117374 
test_loss: 0.0118321 
train_loss: 0.0116868 
test_loss: 0.011557 
train_loss: 0.011039 
test_loss: 0.0113712 
train_loss: 0.0110852 
test_loss: 0.0111289 
train_loss: 0.0105689 
test_loss: 0.0109368 
train_loss: 0.0106025 
test_loss: 0.0107246 
train_loss: 0.0104213 
test_loss: 0.0106449 
train_loss: 0.0108518 
test_loss: 0.0105861 
train_loss: 0.0101472 
test_loss: 0.0104989 
train_loss: 0.0100504 
test_loss: 0.0102627 
train_loss: 0.0102115 
test_loss: 0.0101373 
train_loss: 0.0100411 
test_loss: 0.0100677 
train_loss: 0.00990754 
test_loss: 0.0100375 
train_loss: 0.0100041 
test_loss: 0.00990437 
train_loss: 0.00963629 
test_loss: 0.00988663 
train_loss: 0.00996295 
test_loss: 0.00980669 
train_loss: 0.00968077 
test_loss: 0.0096972 
train_loss: 0.00942995 
test_loss: 0.00958346 
train_loss: 0.00940553 
test_loss: 0.00964882 
train_loss: 0.00923837 
test_loss: 0.00953362 
train_loss: 0.00922864 
test_loss: 0.00943464 
train_loss: 0.00917198 
test_loss: 0.009485 
train_loss: 0.00915177 
test_loss: 0.00929997 
train_loss: 0.00906222 
test_loss: 0.00934256 
train_loss: 0.00927245 
test_loss: 0.00924833 
train_loss: 0.00909381 
test_loss: 0.00918907 
train_loss: 0.00892575 
test_loss: 0.00922071 
train_loss: 0.00907119 
test_loss: 0.00910362 
train_loss: 0.00899599 
test_loss: 0.00895285 
train_loss: 0.00877258 
test_loss: 0.00895678 
train_loss: 0.00899644 
test_loss: 0.00889978 
train_loss: 0.0091862 
test_loss: 0.00887783 
train_loss: 0.00870542 
test_loss: 0.00894896 
train_loss: 0.00847633 
test_loss: 0.00884537 
train_loss: 0.00851364 
test_loss: 0.00869024 
train_loss: 0.00856507 
test_loss: 0.00852218 
train_loss: 0.00877846 
test_loss: 0.00858386 
train_loss: 0.0083208 
test_loss: 0.00839915 
train_loss: 0.0084132 
test_loss: 0.00857036 
train_loss: 0.00818637 
test_loss: 0.0082723 
train_loss: 0.00873534 
test_loss: 0.00824762 
train_loss: 0.00834175 
test_loss: 0.00807156 
train_loss: 0.00797918 
test_loss: 0.00822685 
train_loss: 0.00796223 
test_loss: 0.00796889 
train_loss: 0.00764228 
test_loss: 0.00803074 
train_loss: 0.00783791 
test_loss: 0.00783231 
train_loss: 0.00748697 
test_loss: 0.00748824 
train_loss: 0.00694689 
test_loss: 0.00723821 
train_loss: 0.0072442 
test_loss: 0.00756476 
train_loss: 0.00705806 
test_loss: 0.00688044 
train_loss: 0.00631322 
test_loss: 0.00639975 
train_loss: 0.00653931 
test_loss: 0.00634719 
train_loss: 0.00567557 
test_loss: 0.00579075 
train_loss: 0.00569991 
test_loss: 0.00555538 
train_loss: 0.00610529 
test_loss: 0.00630193 
train_loss: 0.00480429 
test_loss: 0.00508222 
train_loss: 0.00569745 
test_loss: 0.00541632 
train_loss: 0.00457035 
test_loss: 0.00468821 
train_loss: 0.00498888 
test_loss: 0.00540149 
train_loss: 0.00471983 
test_loss: 0.0047904 
train_loss: 0.0048733 
test_loss: 0.0046988 
train_loss: 0.00470407 
test_loss: 0.00466063 
train_loss: 0.00428688 
test_loss: 0.00443949 
train_loss: 0.00436948 
test_loss: 0.00436261 
train_loss: 0.00456142 
test_loss: 0.00522918 
train_loss: 0.0045523 
test_loss: 0.00433524 
train_loss: 0.00446457 
test_loss: 0.00454127 
train_loss: 0.00410976 
test_loss: 0.00405523 
train_loss: 0.0043293 
test_loss: 0.00458645 
train_loss: 0.00450335 
test_loss: 0.00502787 
train_loss: 0.0046003 
test_loss: 0.0044521 
train_loss: 0.00470214 
test_loss: 0.00441792 
train_loss: 0.00473708 
test_loss: 0.00415985 
train_loss: 0.00455784 
test_loss: 0.00414524 
train_loss: 0.0038445 
test_loss: 0.00388224 
train_loss: 0.004452 
test_loss: 0.00431499 
train_loss: 0.00443378 
test_loss: 0.00416208 
train_loss: 0.00385376 
test_loss: 0.00386592 
train_loss: 0.00426566 
test_loss: 0.00415814 
train_loss: 0.00432522 
test_loss: 0.00465718 
train_loss: 0.004864 
test_loss: 0.00408312 
train_loss: 0.00377909 
test_loss: 0.0041112 
train_loss: 0.00411681 
test_loss: 0.0045605 
train_loss: 0.00451249 
test_loss: 0.00444243 
train_loss: 0.00393028 
test_loss: 0.00414589 
train_loss: 0.0041225 
test_loss: 0.00395251 
train_loss: 0.00357877 
test_loss: 0.0033735 
train_loss: 0.00468823 
test_loss: 0.00408806 
train_loss: 0.00372568 
test_loss: 0.00416955 
train_loss: 0.00354699 
test_loss: 0.00399405 
train_loss: 0.00389344 
test_loss: 0.00410455 
train_loss: 0.00347357 
test_loss: 0.00346023 
train_loss: 0.00336405 
test_loss: 0.00355423 
train_loss: 0.00376768 
test_loss: 0.00354553 
train_loss: 0.00493724 
test_loss: 0.00412191 
train_loss: 0.00438831 
test_loss: 0.00340681 
train_loss: 0.00420514 
test_loss: 0.00392641 
train_loss: 0.00424931 
test_loss: 0.0040406 
train_loss: 0.00358156 
test_loss: 0.00331333 
train_loss: 0.00308637 
test_loss: 0.00378574 
train_loss: 0.00364685 
test_loss: 0.00388495 
train_loss: 0.00395236 
test_loss: 0.00401217 
train_loss: 0.00376731 
test_loss: 0.00377826 
train_loss: 0.00437715 
test_loss: 0.0037196 
train_loss: 0.00335217 
test_loss: 0.00349239 
train_loss: 0.00366083 
test_loss: 0.0032507 
train_loss: 0.00349448 
test_loss: 0.00417533 
train_loss: 0.00408821 
test_loss: 0.00454561 
train_loss: 0.00330783 
test_loss: 0.00334176 
train_loss: 0.00398599 
test_loss: 0.00364511 
train_loss: 0.00340697 
test_loss: 0.00410518 
train_loss: 0.00303036 
test_loss: 0.00330444 
train_loss: 0.0035301 
test_loss: 0.00335857 
train_loss: 0.00358662 
test_loss: 0.00350263 
train_loss: 0.00409855 
test_loss: 0.00324447 
train_loss: 0.00331865 
test_loss: 0.00354214 
train_loss: 0.00410734 
test_loss: 0.00399924 
train_loss: 0.00319581 
test_loss: 0.00332335 
train_loss: 0.00334256 
test_loss: 0.00404155 
train_loss: 0.00311016 
test_loss: 0.00391493 
train_loss: 0.00331067 
test_loss: 0.00316793 
train_loss: 0.00354499 
test_loss: 0.00326925 
train_loss: 0.00300271 
test_loss: 0.00315945 
train_loss: 0.0032993 
test_loss: 0.0030792 
train_loss: 0.00309655 
test_loss: 0.00308659 
train_loss: 0.00322948 
test_loss: 0.0029589 
train_loss: 0.00342165 
test_loss: 0.00324871 
train_loss: 0.00358049 
test_loss: 0.00329868 
train_loss: 0.00321685 
test_loss: 0.00335888 
train_loss: 0.00319511 
test_loss: 0.00333417 
train_loss: 0.00319938 
test_loss: 0.00418048 
train_loss: 0.00320393 
test_loss: 0.0029815 
train_loss: 0.0032266 
test_loss: 0.00318431 
train_loss: 0.00291415 
test_loss: 0.00323924 
train_loss: 0.00283824 
test_loss: 0.00274257 
train_loss: 0.00303723 
test_loss: 0.00339278 
train_loss: 0.00298398 
test_loss: 0.00292411 
train_loss: 0.00295543 
test_loss: 0.00277383 
train_loss: 0.00309483 
test_loss: 0.00307426 
train_loss: 0.00284768 
test_loss: 0.00296217 
train_loss: 0.00331326 
test_loss: 0.00299564 
train_loss: 0.00314579 
test_loss: 0.00305664 
train_loss: 0.00291751 
test_loss: 0.00316904 
train_loss: 0.00314182 
test_loss: 0.00309498 
train_loss: 0.00298881 
test_loss: 0.00276534 
train_loss: 0.00258547 
test_loss: 0.00329462 
train_loss: 0.00260344 
test_loss: 0.00372556 
train_loss: 0.00317054 
test_loss: 0.00291198 
train_loss: 0.00262663 
test_loss: 0.00284556 
train_loss: 0.00320237 
test_loss: 0.00314676 
train_loss: 0.00293638 
test_loss: 0.00275904 
train_loss: 0.00313043 
test_loss: 0.0030769 
train_loss: 0.00305218 
test_loss: 0.00276268 
train_loss: 0.00285185 
test_loss: 0.0029642 
train_loss: 0.00296676 
test_loss: 0.00328952 
train_loss: 0.00291019 
test_loss: 0.00285605 
train_loss: 0.00299043 
test_loss: 0.00358761 
train_loss: 0.00267336 
test_loss: 0.00300331 
train_loss: 0.00293572 
test_loss: 0.00317492 
train_loss: 0.00302648 
test_loss: 0.00294621 
train_loss: 0.00254379 
test_loss: 0.00250389 
train_loss: 0.00266196 
test_loss: 0.0029376 
train_loss: 0.00288455 
test_loss: 0.00314688 
train_loss: 0.00308676 
test_loss: 0.00293004 
train_loss: 0.0025694 
test_loss: 0.00235714 
train_loss: 0.00269361 
test_loss: 0.00284032 
train_loss: 0.00255981 
test_loss: 0.00269155 
train_loss: 0.00305535 
test_loss: 0.00240864 
train_loss: 0.00270345 
test_loss: 0.00279618 
train_loss: 0.00238391 
test_loss: 0.00255639 
train_loss: 0.00254032 
test_loss: 0.00264056 
train_loss: 0.00325548 
test_loss: 0.00347767 
train_loss: 0.00280981 
test_loss: 0.00314547 
train_loss: 0.00323658 
test_loss: 0.00295256 
train_loss: 0.00256112 
test_loss: 0.00290202 
train_loss: 0.00251496 
test_loss: 0.00299399 
train_loss: 0.00306303 
test_loss: 0.00249767 
train_loss: 0.00277731 
test_loss: 0.00270756 
train_loss: 0.00284619 
test_loss: 0.00248036 
train_loss: 0.00245879 
test_loss: 0.0025297 
train_loss: 0.00281833 
test_loss: 0.00260788 
train_loss: 0.00275736 
test_loss: 0.00276545 
train_loss: 0.00270115 
test_loss: 0.00325526 
train_loss: 0.00226918 
test_loss: 0.00233407 
train_loss: 0.00288201 
test_loss: 0.00270722 
train_loss: 0.00225008 
test_loss: 0.00237776 
train_loss: 0.00289611 
test_loss: 0.00281877 
train_loss: 0.00248385 
test_loss: 0.00253113 
train_loss: 0.00283144 
test_loss: 0.00294197 
train_loss: 0.00255501 
test_loss: 0.00258316 
train_loss: 0.00315969 
test_loss: 0.00238107 
train_loss: 0.00295638 
test_loss: 0.00227028 
train_loss: 0.00283058 
test_loss: 0.00273013 
train_loss: 0.00257654 
test_loss: 0.00229989 
train_loss: 0.00240608 
test_loss: 0.00300953 
train_loss: 0.00270118 
test_loss: 0.0029381 
train_loss: 0.0031426 
test_loss: 0.00281029 
train_loss: 0.00278329 
test_loss: 0.002488 
train_loss: 0.00281095 
test_loss: 0.00287133 
train_loss: 0.00302636 
test_loss: 0.0025481 
train_loss: 0.0028028 
test_loss: 0.00248763 
train_loss: 0.0025636 
test_loss: 0.00290006 
train_loss: 0.00233366 
test_loss: 0.0025951 
train_loss: 0.00245105 
test_loss: 0.00250088 
train_loss: 0.00235714 
test_loss: 0.00273147 
train_loss: 0.00255447 
test_loss: 0.00239304 
train_loss: 0.00291377 
test_loss: 0.00250038 
train_loss: 0.00236115 
test_loss: 0.00227159 
train_loss: 0.00226424 
test_loss: 0.00239901 
train_loss: 0.0021554 
test_loss: 0.00236516 
train_loss: 0.00252255 
test_loss: 0.00275532 
train_loss: 0.00273465 
test_loss: 0.00255331 
train_loss: 0.00215473 
test_loss: 0.00232055 
train_loss: 0.00229261 
test_loss: 0.00281393 
train_loss: 0.00246318 
test_loss: 0.00225761 
train_loss: 0.00250725 
test_loss: 0.00236531 
train_loss: 0.00226914 
test_loss: 0.0028941 
train_loss: 0.00267335 
test_loss: 0.00262648 
train_loss: 0.00244199 
test_loss: 0.00235972 
train_loss: 0.00249904 
test_loss: 0.00276185 
train_loss: 0.00241822 
test_loss: 0.0023941 
train_loss: 0.00260337 
test_loss: 0.00264536 
train_loss: 0.00219936 
test_loss: 0.0026885 
train_loss: 0.00222169 
test_loss: 0.0021482 
train_loss: 0.00262207 
test_loss: 0.00245992 
train_loss: 0.00259177 
test_loss: 0.00217846 
train_loss: 0.0023721 
test_loss: 0.00274261 
train_loss: 0.00232803 
test_loss: 0.00261063 
train_loss: 0.00239984 
test_loss: 0.00272093 
train_loss: 0.00210496 
test_loss: 0.00198482 
train_loss: 0.00235049 
test_loss: 0.00223232 
train_loss: 0.00236472 
test_loss: 0.0033604 
train_loss: 0.00230163 
test_loss: 0.00262102 
train_loss: 0.00241269 
test_loss: 0.00234417 
train_loss: 0.00250268 
test_loss: 0.00240038 
train_loss: 0.00264031 
test_loss: 0.00232873 
train_loss: 0.00241002 
test_loss: 0.00239069 
train_loss: 0.00260641 
test_loss: 0.00236695 
train_loss: 0.00262066 
test_loss: 0.00219974 
train_loss: 0.00212457 
test_loss: 0.00221203 
train_loss: 0.00218496 
test_loss: 0.00251052 
train_loss: 0.00205516 
test_loss: 0.00236086 
train_loss: 0.00280576 
test_loss: 0.00242191 
train_loss: 0.00212564 
test_loss: 0.00257057 
train_loss: 0.0023256 
test_loss: 0.00203204 
train_loss: 0.00230187 
test_loss: 0.00256586 
train_loss: 0.00302706 
test_loss: 0.00223052 
train_loss: 0.00239134 
test_loss: 0.00231534 
train_loss: 0.00224298 
test_loss: 0.00238247 
train_loss: 0.00225754 
test_loss: 0.00228512 
train_loss: 0.00238104 
test_loss: 0.00216833 
train_loss: 0.00204364 
test_loss: 0.00214524 
train_loss: 0.00221778 
test_loss: 0.00222871 
train_loss: 0.00210145 
test_loss: 0.0023318 
train_loss: 0.00220826 
test_loss: 0.00238028 
train_loss: 0.00208745 
test_loss: 0.00217517 
train_loss: 0.00219407 
test_loss: 0.00240411 
train_loss: 0.00227223 
test_loss: 0.00251685 
train_loss: 0.0023953 
test_loss: 0.00217819 
train_loss: 0.00239277 
test_loss: 0.00237343 
train_loss: 0.00213214 
test_loss: 0.00267723 
train_loss: 0.00231506 
test_loss: 0.00231535 
train_loss: 0.00222108 
test_loss: 0.00255406 
train_loss: 0.00228014 
test_loss: 0.00256836 
train_loss: 0.00224945 
test_loss: 0.00249374 
train_loss: 0.00186715 
test_loss: 0.00229288 
train_loss: 0.00229251 
test_loss: 0.00245946 
train_loss: 0.00209653 
test_loss: 0.00218136 
train_loss: 0.0022203 
test_loss: 0.00205631 
train_loss: 0.00204055 
test_loss: 0.00219758 
train_loss: 0.00220551 
test_loss: 0.00228777 
train_loss: 0.0021379 
test_loss: 0.00203425 
train_loss: 0.00216384 
test_loss: 0.00205434 
train_loss: 0.0021904 
test_loss: 0.00225232 
train_loss: 0.00211774 
test_loss: 0.00239097 
train_loss: 0.00201815 
test_loss: 0.002166 
train_loss: 0.00205207 
test_loss: 0.00198809 
train_loss: 0.00233816 
test_loss: 0.0024049 
train_loss: 0.00205114 
test_loss: 0.00265776 
train_loss: 0.00202157 
test_loss: 0.00198402 
train_loss: 0.00256544 
test_loss: 0.00241811 
train_loss: 0.00210297 
test_loss: 0.00208196 
train_loss: 0.00237181 
test_loss: 0.00199123 
train_loss: 0.00192913 
test_loss: 0.0020259 
train_loss: 0.00227361 
test_loss: 0.00209998 
train_loss: 0.00210564 
test_loss: 0.00192597 
train_loss: 0.00245041 
test_loss: 0.00197222 
train_loss: 0.00235605 
test_loss: 0.00195765 
train_loss: 0.00216868 
test_loss: 0.00206164 
train_loss: 0.0019103 
test_loss: 0.00216275 
train_loss: 0.0022386 
test_loss: 0.00197083 
train_loss: 0.00210626 
test_loss: 0.00200574 
train_loss: 0.00206433 
test_loss: 0.00199314 
train_loss: 0.00210902 
test_loss: 0.00220731 
train_loss: 0.00193741 
test_loss: 0.00180887 
train_loss: 0.00242855 
test_loss: 0.00231939 
train_loss: 0.00219393 
test_loss: 0.00251989 
train_loss: 0.00207366 
test_loss: 0.00214975 
train_loss: 0.00230758 
test_loss: 0.00199547 
train_loss: 0.00207529 
test_loss: 0.002022 
train_loss: 0.00214812 
test_loss: 0.00216646 
train_loss: 0.00211071 
test_loss: 0.00202331 
train_loss: 0.00210899 
test_loss: 0.00193432 
train_loss: 0.00197079 
test_loss: 0.00217524 
train_loss: 0.00214484 
test_loss: 0.00219949 
train_loss: 0.00206363 
test_loss: 0.00201708 
train_loss: 0.00193521 
test_loss: 0.00187736 
train_loss: 0.00196621 
test_loss: 0.00234077 
train_loss: 0.00240763 
test_loss: 0.00213503 
train_loss: 0.00216866 
test_loss: 0.00196828 
train_loss: 0.00181525 
test_loss: 0.00212467 
train_loss: 0.002147 
test_loss: 0.00204941 
train_loss: 0.00202014 
test_loss: 0.00194486 
train_loss: 0.00208091 
test_loss: 0.00186868 
train_loss: 0.00218915 
test_loss: 0.00199554 
train_loss: 0.00221156 
test_loss: 0.0026831 
train_loss: 0.00209047 
test_loss: 0.00208593 
train_loss: 0.00195356 
test_loss: 0.00195522 
train_loss: 0.0020883 
test_loss: 0.00191309 
train_loss: 0.00193823 
test_loss: 0.00188707 
train_loss: 0.00221812 
test_loss: 0.00211591 
train_loss: 0.00204288 
test_loss: 0.00230377 
train_loss: 0.00231676 
test_loss: 0.00201632 
train_loss: 0.00208534 
test_loss: 0.00195513 
train_loss: 0.0019387 
test_loss: 0.001755 
train_loss: 0.00184446 
test_loss: 0.00213702 
train_loss: 0.00189134 
test_loss: 0.0019705 
train_loss: 0.00227372 
test_loss: 0.0020147 
train_loss: 0.00211438 
test_loss: 0.00206324 
train_loss: 0.002098 
test_loss: 0.00203019 
train_loss: 0.00224761 
test_loss: 0.00223015 
train_loss: 0.00173509 
test_loss: 0.00190436 
train_loss: 0.00202404 
test_loss: 0.00204686 
train_loss: 0.00193876 
test_loss: 0.00204671 
train_loss: 0.0018321 
test_loss: 0.00182408 
train_loss: 0.00206889 
test_loss: 0.00204797 
train_loss: 0.00200447 
test_loss: 0.0019715 
train_loss: 0.00205364 
test_loss: 0.00214135 
train_loss: 0.00207142 
test_loss: 0.00186704 
train_loss: 0.00184729 
test_loss: 0.00209885 
train_loss: 0.00178101 
test_loss: 0.00191482 
train_loss: 0.00204233 
test_loss: 0.00182842 
train_loss: 0.00176756 
test_loss: 0.00173086 
train_loss: 0.00189486 
test_loss: 0.00191113 
train_loss: 0.0018499 
test_loss: 0.00232635 
train_loss: 0.00199716 
test_loss: 0.00247174 
train_loss: 0.0020291 
test_loss: 0.00202472 
train_loss: 0.00177827 
test_loss: 0.00187808 
train_loss: 0.00193372 
test_loss: 0.00201027 
train_loss: 0.0018806 
test_loss: 0.00219659 
train_loss: 0.00199133 
test_loss: 0.0021979 
train_loss: 0.00181051 
test_loss: 0.00195684 
train_loss: 0.00250688 
test_loss: 0.00341619 
train_loss: 0.0018918 
test_loss: 0.00214658 
train_loss: 0.00188663 
test_loss: 0.00208007 
train_loss: 0.00195542 
test_loss: 0.00188564 
train_loss: 0.00207078 
test_loss: 0.00189658 
train_loss: 0.0020069 
test_loss: 0.00224156 
train_loss: 0.00204518 
test_loss: 0.0021425 
train_loss: 0.00199306 
test_loss: 0.00181966 
train_loss: 0.00175529 
test_loss: 0.00177664 
train_loss: 0.00183923 
test_loss: 0.00211646 
train_loss: 0.00184779 
test_loss: 0.00164254 
train_loss: 0.00211138 
test_loss: 0.0019026 
train_loss: 0.00188911 
test_loss: 0.00183158 
train_loss: 0.00174814 
test_loss: 0.00192533 
train_loss: 0.0020294 
test_loss: 0.00172133 
train_loss: 0.00190328 
test_loss: 0.00197336 
train_loss: 0.00184556 
test_loss: 0.00186618 
train_loss: 0.00195373 
test_loss: 0.00202899 
train_loss: 0.00208163 
test_loss: 0.00199779 
train_loss: 0.0020737 
test_loss: 0.00211477 
train_loss: 0.00184831 
test_loss: 0.0017287 
train_loss: 0.00203359 
test_loss: 0.00186081 
train_loss: 0.00221815 
test_loss: 0.00181354 
train_loss: 0.00174135 
test_loss: 0.00182857 
train_loss: 0.00205507 
test_loss: 0.00180658 
train_loss: 0.00192968 
test_loss: 0.00200654 
train_loss: 0.0024483 
test_loss: 0.00192383 
train_loss: 0.00196433 
test_loss: 0.00200561 
train_loss: 0.00180785 
test_loss: 0.00207935 
train_loss: 0.00228028 
test_loss: 0.00214515 
train_loss: 0.0018989 
test_loss: 0.00178145 
train_loss: 0.00264493 
test_loss: 0.00183801 
train_loss: 0.00174781 
test_loss: 0.00217227 
train_loss: 0.00187948 
test_loss: 0.00200165 
train_loss: 0.00184069 
test_loss: 0.0020254 
train_loss: 0.00196213 
test_loss: 0.00198039 
train_loss: 0.002107 
test_loss: 0.00193521 
train_loss: 0.0019037 
test_loss: 0.0017484 
train_loss: 0.00169695 
test_loss: 0.00167272 
train_loss: 0.00184503 
test_loss: 0.00207107 
train_loss: 0.0017376 
test_loss: 0.00196689 
train_loss: 0.00192078 
test_loss: 0.00173017 
train_loss: 0.00183612 
test_loss: 0.00181884 
train_loss: 0.00165515 
test_loss: 0.00174729 
train_loss: 0.00162253 
test_loss: 0.0018728 
train_loss: 0.00175812 
test_loss: 0.00187361 
train_loss: 0.00179126 
test_loss: 0.00158574 
train_loss: 0.00161296 
test_loss: 0.00178028 
train_loss: 0.00189157 
test_loss: 0.00190668 
train_loss: 0.00174192 
test_loss: 0.00170174 
train_loss: 0.00181732 
test_loss: 0.00180787 
train_loss: 0.00172976 
test_loss: 0.00189155 
train_loss: 0.00163003 
test_loss: 0.00163168 
train_loss: 0.00174171 
test_loss: 0.00176137 
train_loss: 0.0019161 
test_loss: 0.00210594 
train_loss: 0.0022479 
test_loss: 0.00178735 
train_loss: 0.00180728 
test_loss: 0.0019259 
train_loss: 0.00188832 
test_loss: 0.0017516 
train_loss: 0.00198732 
test_loss: 0.00168726 
train_loss: 0.00180297 
test_loss: 0.00184412 
train_loss: 0.00207648 
test_loss: 0.00185853 
train_loss: 0.00200281 
test_loss: 0.0017275 
train_loss: 0.00193612 
test_loss: 0.00175717 
train_loss: 0.00178909 
test_loss: 0.00171026 
train_loss: 0.00172196 
test_loss: 0.00176068 
train_loss: 0.00202459 
test_loss: 0.00186304 
train_loss: 0.00167704 
test_loss: 0.0020341 
train_loss: 0.00178728 
test_loss: 0.00170225 
train_loss: 0.00207552 
test_loss: 0.00185634 
train_loss: 0.00202121 
test_loss: 0.00264972 
train_loss: 0.00187372 
test_loss: 0.00182922 
train_loss: 0.00183856 
test_loss: 0.00175929 
train_loss: 0.00166787 
test_loss: 0.0017829 
train_loss: 0.00198219 
test_loss: 0.00197283 
train_loss: 0.00164265 
test_loss: 0.00187053 
train_loss: 0.00166975 
test_loss: 0.00160515 
train_loss: 0.00174349 
test_loss: 0.00165423 
train_loss: 0.00164042 
test_loss: 0.00172616 
train_loss: 0.00183256 
test_loss: 0.00182694 
train_loss: 0.00193718 
test_loss: 0.00192724 
train_loss: 0.00157888 
test_loss: 0.00189214 
train_loss: 0.00188995 
test_loss: 0.00183893 
train_loss: 0.00257881 
test_loss: 0.00247704 
train_loss: 0.00181396 
test_loss: 0.00168818 
train_loss: 0.00200713 
test_loss: 0.00154644 
train_loss: 0.0016324 
test_loss: 0.00155283 
train_loss: 0.001962 
test_loss: 0.00181681 
train_loss: 0.00156694 
test_loss: 0.00151207 
train_loss: 0.00180042 
test_loss: 0.0017663 
train_loss: 0.00175511 
test_loss: 0.00168185 
train_loss: 0.0016573 
test_loss: 0.00164989 
train_loss: 0.0018289 
test_loss: 0.00168492 
train_loss: 0.00176953 
test_loss: 0.0018402 
train_loss: 0.00190591 
test_loss: 0.00187513 
train_loss: 0.0016327 
test_loss: 0.00170546 
train_loss: 0.00170986 
test_loss: 0.00177494 
train_loss: 0.00165588 
test_loss: 0.00181633 
train_loss: 0.00175507 
test_loss: 0.00171478 
train_loss: 0.00161049 
test_loss: 0.00164189 
train_loss: 0.00155141 
test_loss: 0.00165093 
train_loss: 0.00160649 
test_loss: 0.00179328 
train_loss: 0.00193108 
test_loss: 0.00184379 
train_loss: 0.00174783 
test_loss: 0.00201271 
train_loss: 0.00188301 
test_loss: 0.00180312 
train_loss: 0.00166388 
test_loss: 0.00182754 
train_loss: 0.00169446 
test_loss: 0.00194219 
train_loss: 0.00156788 
test_loss: 0.00159633 
train_loss: 0.00200549 
test_loss: 0.00172325 
train_loss: 0.00203137 
test_loss: 0.00164237 
train_loss: 0.00183249 
test_loss: 0.00186138 
train_loss: 0.00178707 
test_loss: 0.00169223 
train_loss: 0.00169343 
test_loss: 0.0014758 
train_loss: 0.00179131 
test_loss: 0.00177057 
train_loss: 0.00198632 
test_loss: 0.00160481 
train_loss: 0.0017429 
test_loss: 0.00171993 
train_loss: 0.00171458 
test_loss: 0.00161405 
train_loss: 0.00151925 
test_loss: 0.00162617 
train_loss: 0.00170427 
test_loss: 0.00182436 
train_loss: 0.00156565 
test_loss: 0.0015155 
train_loss: 0.00164854 
test_loss: 0.00189653 
train_loss: 0.00160698 
test_loss: 0.00191557 
train_loss: 0.00182501 
test_loss: 0.00181671 
train_loss: 0.00172464 
test_loss: 0.00169186 
train_loss: 0.001738 
test_loss: 0.0017216 
train_loss: 0.00180286 
test_loss: 0.0019882 
train_loss: 0.00172631 
test_loss: 0.00173658 
train_loss: 0.00198672 
test_loss: 0.00180993 
train_loss: 0.0017777 
test_loss: 0.00166105 
train_loss: 0.00166732 
test_loss: 0.0016004 
train_loss: 0.00169063 
test_loss: 0.00159621 
train_loss: 0.00162394 
test_loss: 0.00178954 
train_loss: 0.00179344 
test_loss: 0.00155517 
train_loss: 0.00188007 
test_loss: 0.00194063 
train_loss: 0.00170662 
test_loss: 0.00159598 
train_loss: 0.00160026 
test_loss: 0.0015415 
train_loss: 0.00172291 
test_loss: 0.00181323 
train_loss: 0.00156305 
test_loss: 0.00152741 
train_loss: 0.00167523 
test_loss: 0.00166268 
train_loss: 0.00167696 
test_loss: 0.0018362 
train_loss: 0.00211869 
test_loss: 0.00174621 
train_loss: 0.00181135 
test_loss: 0.00183977 
train_loss: 0.00172631 
test_loss: 0.00151722 
train_loss: 0.00164521 
test_loss: 0.00165077 
train_loss: 0.001501 
test_loss: 0.00168174 
train_loss: 0.00184933 
test_loss: 0.00171767 
train_loss: 0.00161432 
test_loss: 0.00162446 
train_loss: 0.00165905 
test_loss: 0.00148372 
train_loss: 0.00176703 
test_loss: 0.00174948 
train_loss: 0.00176646 
test_loss: 0.00173776 
train_loss: 0.00159882 
test_loss: 0.0014658 
train_loss: 0.00164796 
test_loss: 0.00161006 
train_loss: 0.00163298 
test_loss: 0.00163978 
train_loss: 0.00366405 
test_loss: 0.00311573 
train_loss: 0.00167191 
test_loss: 0.00166332 
train_loss: 0.00165681 
test_loss: 0.0016102 
train_loss: 0.00159928 
test_loss: 0.00174477 
train_loss: 0.00183536 
test_loss: 0.00176952 
train_loss: 0.00161108 
test_loss: 0.00175671 
train_loss: 0.00176546 
test_loss: 0.001471 
train_loss: 0.0015594 
test_loss: 0.00166902 
train_loss: 0.00159062 
test_loss: 0.00150757 
train_loss: 0.00172071 
test_loss: 0.00181923 
train_loss: 0.00170612 
test_loss: 0.00167432 
train_loss: 0.00140196 
test_loss: 0.0015378 
train_loss: 0.0018561 
test_loss: 0.00181527 
train_loss: 0.00216418 
test_loss: 0.00167911 
train_loss: 0.00174461 
test_loss: 0.00157596 
train_loss: 0.00164854 
test_loss: 0.00155985 
train_loss: 0.00164349 
test_loss: 0.00165563 
train_loss: 0.00164567 
test_loss: 0.00155111 
train_loss: 0.00254629 
test_loss: 0.00234467 
train_loss: 0.00170934 
test_loss: 0.0017195 
train_loss: 0.0017828 
test_loss: 0.00164718 
train_loss: 0.00167512 
test_loss: 0.0015523 
train_loss: 0.00169275 
test_loss: 0.00146944 
train_loss: 0.00181632 
test_loss: 0.00163176 
train_loss: 0.00156027 
test_loss: 0.00203674 
train_loss: 0.00160365 
test_loss: 0.00159699 
train_loss: 0.00174912 
test_loss: 0.00159038 
train_loss: 0.0015054 
test_loss: 0.00160091 
train_loss: 0.00150777 
test_loss: 0.00174472 
train_loss: 0.00148719 
test_loss: 0.00145968 
train_loss: 0.00179027 
test_loss: 0.00147628 
train_loss: 0.00156921 
test_loss: 0.00165279 
train_loss: 0.00164034 
test_loss: 0.00168187 
train_loss: 0.0016951 
test_loss: 0.00164219 
train_loss: 0.00160079 
test_loss: 0.00155809 
train_loss: 0.0015471 
test_loss: 0.00166987 
train_loss: 0.00151583 
test_loss: 0.0017413 
train_loss: 0.00162203 
test_loss: 0.00179199 
train_loss: 0.00155657 
test_loss: 0.00147371 
train_loss: 0.00146464 
test_loss: 0.00167869 
train_loss: 0.00142924 
test_loss: 0.00190211 
train_loss: 0.00156813 
test_loss: 0.00156669 
train_loss: 0.00193219 
test_loss: 0.00209098 
train_loss: 0.00165123 
test_loss: 0.00177274 
train_loss: 0.00176955 
test_loss: 0.00170581 
train_loss: 0.0016276 
test_loss: 0.00168831 
train_loss: 0.00164391 
test_loss: 0.00165083 
train_loss: 0.00163154 
test_loss: 0.00144515 
train_loss: 0.00157472 
test_loss: 0.00165587 
train_loss: 0.00144347 
test_loss: 0.00154416 
train_loss: 0.00167431 
test_loss: 0.00156047 
train_loss: 0.00147819 
test_loss: 0.00154655 
train_loss: 0.00150966 
test_loss: 0.00165816 
train_loss: 0.00153924 
test_loss: 0.00175278 
train_loss: 0.00146643 
test_loss: 0.00143167 
train_loss: 0.00152189 
test_loss: 0.00173673 
train_loss: 0.00162577 
test_loss: 0.00169135 
train_loss: 0.00151087 
test_loss: 0.00149362 
train_loss: 0.00163302 
test_loss: 0.00183328 
train_loss: 0.00153291 
test_loss: 0.00163922 
train_loss: 0.00142397 
test_loss: 0.00172821 
train_loss: 0.00138723 
test_loss: 0.00149021 
train_loss: 0.00141648 
test_loss: 0.00159091 
train_loss: 0.00180924 
test_loss: 0.00156558 
train_loss: 0.00167791 
test_loss: 0.00148694 
train_loss: 0.00143068 
test_loss: 0.00151654 
train_loss: 0.00151404 
test_loss: 0.00144079 
train_loss: 0.00155991 
test_loss: 0.00163242 
train_loss: 0.00162962 
test_loss: 0.00160037 
train_loss: 0.00146484 
test_loss: 0.00147905 
train_loss: 0.00151902 
test_loss: 0.00160301 
train_loss: 0.00177562 
test_loss: 0.001512 
