train_loss: 0.281806 
test_loss: 0.280842 
train_loss: 0.284887 
test_loss: 0.280755 
train_loss: 0.279614 
test_loss: 0.280657 
train_loss: 0.274032 
test_loss: 0.280509 
train_loss: 0.278069 
test_loss: 0.280336 
train_loss: 0.279194 
test_loss: 0.280166 
train_loss: 0.28387 
test_loss: 0.279969 
train_loss: 0.278236 
test_loss: 0.279753 
train_loss: 0.282995 
test_loss: 0.279493 
train_loss: 0.273831 
test_loss: 0.279232 
train_loss: 0.274843 
test_loss: 0.278946 
train_loss: 0.274856 
test_loss: 0.278634 
train_loss: 0.279201 
test_loss: 0.278312 
train_loss: 0.278567 
test_loss: 0.277961 
train_loss: 0.280545 
test_loss: 0.277555 
train_loss: 0.272214 
test_loss: 0.27717 
train_loss: 0.2724 
test_loss: 0.276732 
train_loss: 0.272038 
test_loss: 0.276284 
train_loss: 0.271624 
test_loss: 0.275789 
train_loss: 0.271096 
test_loss: 0.275281 
train_loss: 0.275953 
test_loss: 0.274732 
train_loss: 0.270503 
test_loss: 0.27416 
train_loss: 0.273954 
test_loss: 0.273555 
train_loss: 0.273622 
test_loss: 0.272901 
train_loss: 0.272955 
test_loss: 0.27222 
train_loss: 0.274364 
test_loss: 0.271512 
train_loss: 0.270008 
test_loss: 0.270741 
train_loss: 0.275169 
test_loss: 0.269952 
train_loss: 0.268424 
test_loss: 0.269108 
train_loss: 0.262981 
test_loss: 0.268217 
train_loss: 0.267636 
test_loss: 0.267271 
train_loss: 0.268605 
test_loss: 0.266294 
train_loss: 0.261384 
test_loss: 0.265245 
train_loss: 0.2663 
test_loss: 0.264166 
train_loss: 0.264689 
test_loss: 0.263012 
train_loss: 0.26494 
test_loss: 0.261813 
train_loss: 0.259905 
test_loss: 0.260536 
train_loss: 0.261208 
test_loss: 0.259187 
train_loss: 0.25739 
test_loss: 0.257778 
train_loss: 0.260582 
test_loss: 0.256318 
train_loss: 0.258355 
test_loss: 0.254748 
train_loss: 0.251319 
test_loss: 0.253125 
train_loss: 0.256095 
test_loss: 0.251393 
train_loss: 0.247402 
test_loss: 0.249586 
train_loss: 0.251674 
test_loss: 0.247689 
train_loss: 0.249076 
test_loss: 0.245695 
train_loss: 0.247158 
test_loss: 0.243583 
train_loss: 0.248253 
test_loss: 0.241389 
train_loss: 0.235136 
test_loss: 0.239069 
train_loss: 0.239549 
test_loss: 0.236634 
train_loss: 0.23586 
test_loss: 0.234069 
train_loss: 0.229426 
test_loss: 0.231367 
train_loss: 0.229228 
test_loss: 0.228556 
train_loss: 0.22467 
test_loss: 0.225584 
train_loss: 0.225469 
test_loss: 0.222466 
train_loss: 0.21851 
test_loss: 0.219172 
train_loss: 0.218032 
test_loss: 0.215741 
train_loss: 0.212862 
test_loss: 0.212121 
train_loss: 0.207566 
test_loss: 0.208332 
train_loss: 0.20878 
test_loss: 0.204337 
train_loss: 0.199529 
test_loss: 0.200168 
train_loss: 0.191797 
test_loss: 0.195784 
train_loss: 0.18948 
test_loss: 0.191203 
train_loss: 0.18359 
test_loss: 0.186393 
train_loss: 0.185538 
test_loss: 0.181376 
train_loss: 0.176929 
test_loss: 0.17613 
train_loss: 0.169708 
test_loss: 0.170645 
train_loss: 0.166176 
test_loss: 0.164966 
train_loss: 0.159037 
test_loss: 0.159053 
train_loss: 0.150557 
test_loss: 0.152955 
train_loss: 0.147665 
test_loss: 0.146666 
train_loss: 0.142922 
test_loss: 0.140254 
train_loss: 0.136892 
test_loss: 0.133716 
train_loss: 0.126678 
test_loss: 0.127137 
train_loss: 0.122362 
test_loss: 0.120582 
train_loss: 0.113756 
test_loss: 0.11415 
train_loss: 0.109056 
test_loss: 0.107945 
train_loss: 0.10288 
test_loss: 0.102085 
train_loss: 0.0970999 
test_loss: 0.0966597 
train_loss: 0.0910913 
test_loss: 0.0917485 
train_loss: 0.0887684 
test_loss: 0.0873849 
train_loss: 0.0836136 
test_loss: 0.0835637 
train_loss: 0.0797757 
test_loss: 0.0802708 
train_loss: 0.077983 
test_loss: 0.0774341 
train_loss: 0.0739758 
test_loss: 0.0750085 
train_loss: 0.0732221 
test_loss: 0.0729232 
train_loss: 0.0710186 
test_loss: 0.0710949 
train_loss: 0.0706688 
test_loss: 0.0694755 
train_loss: 0.0694974 
test_loss: 0.0680152 
train_loss: 0.0673373 
test_loss: 0.0666723 
train_loss: 0.0646417 
test_loss: 0.0654202 
train_loss: 0.0638841 
test_loss: 0.0642508 
train_loss: 0.0632982 
test_loss: 0.0631394 
train_loss: 0.0622472 
test_loss: 0.0620883 
train_loss: 0.0596077 
test_loss: 0.0610893 
train_loss: 0.0609107 
test_loss: 0.0601388 
train_loss: 0.0596246 
test_loss: 0.0592364 
train_loss: 0.0574999 
test_loss: 0.0583772 
train_loss: 0.0578399 
test_loss: 0.0575662 
train_loss: 0.0563248 
test_loss: 0.0568044 
train_loss: 0.0541123 
test_loss: 0.0560718 
train_loss: 0.055174 
test_loss: 0.055375 
train_loss: 0.0543001 
test_loss: 0.0547005 
train_loss: 0.0525155 
test_loss: 0.054037 
train_loss: 0.053323 
test_loss: 0.0533846 
train_loss: 0.052918 
test_loss: 0.0527129 
train_loss: 0.0520565 
test_loss: 0.0520396 
train_loss: 0.0520926 
test_loss: 0.0513206 
train_loss: 0.0507131 
test_loss: 0.0505769 
train_loss: 0.0500946 
test_loss: 0.0497808 
train_loss: 0.0483529 
test_loss: 0.0489283 
train_loss: 0.0462647 
test_loss: 0.0480125 
train_loss: 0.0459352 
test_loss: 0.0470337 
train_loss: 0.0451134 
test_loss: 0.0459872 
train_loss: 0.044361 
test_loss: 0.0448766 
train_loss: 0.0432562 
test_loss: 0.043658 
train_loss: 0.0423782 
test_loss: 0.0423923 
train_loss: 0.0404164 
test_loss: 0.0410377 
train_loss: 0.0387565 
test_loss: 0.0395438 
train_loss: 0.0373287 
test_loss: 0.0379596 
train_loss: 0.0363686 
test_loss: 0.0362466 
train_loss: 0.0334006 
test_loss: 0.0344121 
train_loss: 0.0315292 
test_loss: 0.0323972 
train_loss: 0.030347 
test_loss: 0.0302077 
train_loss: 0.0276162 
test_loss: 0.0279087 
train_loss: 0.0249575 
test_loss: 0.0255072 
train_loss: 0.0227745 
test_loss: 0.0231578 
train_loss: 0.0207919 
test_loss: 0.0208918 
train_loss: 0.0184864 
test_loss: 0.0189448 
train_loss: 0.0167562 
test_loss: 0.0172015 
train_loss: 0.0154829 
test_loss: 0.0157249 
train_loss: 0.0142411 
test_loss: 0.0145366 
train_loss: 0.0133637 
test_loss: 0.0136345 
train_loss: 0.0126744 
test_loss: 0.0128992 
train_loss: 0.0123649 
test_loss: 0.0123151 
train_loss: 0.0117092 
test_loss: 0.0119136 
train_loss: 0.0111654 
test_loss: 0.0114619 
train_loss: 0.010789 
test_loss: 0.0110828 
train_loss: 0.0107185 
test_loss: 0.0108495 
train_loss: 0.0104017 
test_loss: 0.0105985 
train_loss: 0.0103091 
test_loss: 0.0104045 
train_loss: 0.00995373 
test_loss: 0.0101379 
train_loss: 0.00961545 
test_loss: 0.00996895 
train_loss: 0.00932204 
test_loss: 0.00975739 
train_loss: 0.00936311 
test_loss: 0.00955981 
train_loss: 0.00954446 
test_loss: 0.00939187 
train_loss: 0.00896954 
test_loss: 0.00920383 
train_loss: 0.00895972 
test_loss: 0.00912825 
train_loss: 0.00894761 
test_loss: 0.00891116 
train_loss: 0.00850963 
test_loss: 0.00873438 
train_loss: 0.00844958 
test_loss: 0.00860361 
train_loss: 0.00849748 
test_loss: 0.00845069 
train_loss: 0.00812388 
test_loss: 0.00831236 
train_loss: 0.00808433 
test_loss: 0.00819876 
train_loss: 0.00796969 
test_loss: 0.00815549 
train_loss: 0.00795474 
test_loss: 0.0081034 
train_loss: 0.00770525 
test_loss: 0.00782365 
train_loss: 0.0074974 
test_loss: 0.00765151 
train_loss: 0.00754956 
test_loss: 0.00761622 
train_loss: 0.00810639 
test_loss: 0.00743472 
train_loss: 0.00742118 
test_loss: 0.00725509 
train_loss: 0.00693277 
test_loss: 0.00711753 
train_loss: 0.00683498 
test_loss: 0.00690606 
train_loss: 0.00646087 
test_loss: 0.00665473 
train_loss: 0.00634369 
test_loss: 0.00651751 
train_loss: 0.00617009 
test_loss: 0.00611156 
train_loss: 0.0058268 
test_loss: 0.00595891 
train_loss: 0.00596521 
test_loss: 0.0055702 
train_loss: 0.00529544 
test_loss: 0.00530816 
train_loss: 0.00526594 
test_loss: 0.00521596 
train_loss: 0.00500024 
test_loss: 0.00476855 
train_loss: 0.00486303 
test_loss: 0.00495895 
train_loss: 0.00459359 
test_loss: 0.00527341 
train_loss: 0.00434215 
test_loss: 0.00450757 
train_loss: 0.00441027 
test_loss: 0.00451172 
train_loss: 0.00429179 
test_loss: 0.00396637 
train_loss: 0.00426723 
test_loss: 0.00426252 
train_loss: 0.00388528 
test_loss: 0.00397676 
train_loss: 0.00461053 
test_loss: 0.00405843 
train_loss: 0.00384712 
test_loss: 0.00446737 
train_loss: 0.00465158 
test_loss: 0.00427634 
train_loss: 0.00370602 
test_loss: 0.00373394 
train_loss: 0.00399271 
test_loss: 0.00334647 
train_loss: 0.00339927 
test_loss: 0.00394588 
train_loss: 0.00353605 
test_loss: 0.00334289 
train_loss: 0.0033854 
test_loss: 0.00354203 
train_loss: 0.00393321 
test_loss: 0.00375976 
train_loss: 0.00387974 
test_loss: 0.00363141 
train_loss: 0.00423828 
test_loss: 0.00372336 
train_loss: 0.00358382 
test_loss: 0.00386718 
train_loss: 0.00347051 
test_loss: 0.00334317 
train_loss: 0.00360231 
test_loss: 0.00391207 
train_loss: 0.00377998 
test_loss: 0.0037999 
train_loss: 0.00359482 
test_loss: 0.00326906 
train_loss: 0.00380327 
test_loss: 0.00359006 
train_loss: 0.00357496 
test_loss: 0.00385435 
train_loss: 0.00371731 
test_loss: 0.00368717 
train_loss: 0.00364814 
test_loss: 0.00462577 
train_loss: 0.00497787 
test_loss: 0.00425779 
train_loss: 0.00358429 
test_loss: 0.00333105 
train_loss: 0.00399499 
test_loss: 0.00378523 
train_loss: 0.00393209 
test_loss: 0.00395023 
train_loss: 0.00346114 
test_loss: 0.00437274 
train_loss: 0.00398358 
test_loss: 0.00355641 
train_loss: 0.00355413 
test_loss: 0.00357783 
train_loss: 0.00399827 
test_loss: 0.00370715 
train_loss: 0.0039512 
test_loss: 0.00343724 
train_loss: 0.0039067 
test_loss: 0.00383248 
train_loss: 0.00386613 
test_loss: 0.00373635 
train_loss: 0.00453619 
test_loss: 0.00458158 
train_loss: 0.0035554 
test_loss: 0.00399147 
train_loss: 0.0031415 
test_loss: 0.00350676 
train_loss: 0.00362684 
test_loss: 0.00334702 
train_loss: 0.00400467 
test_loss: 0.0039534 
train_loss: 0.00367218 
test_loss: 0.00383333 
train_loss: 0.0038022 
test_loss: 0.00421805 
train_loss: 0.00350589 
test_loss: 0.00368972 
train_loss: 0.00381988 
test_loss: 0.00434354 
train_loss: 0.00322039 
test_loss: 0.00321272 
train_loss: 0.00481013 
test_loss: 0.00365429 
train_loss: 0.00370049 
test_loss: 0.0034344 
train_loss: 0.00397276 
test_loss: 0.00382487 
train_loss: 0.00432509 
test_loss: 0.0038103 
train_loss: 0.00369392 
test_loss: 0.00431415 
train_loss: 0.00402091 
test_loss: 0.00369183 
train_loss: 0.00344944 
test_loss: 0.00334859 
train_loss: 0.00373321 
test_loss: 0.00390819 
train_loss: 0.00354947 
test_loss: 0.0035647 
train_loss: 0.00397148 
test_loss: 0.00434139 
train_loss: 0.00434262 
test_loss: 0.00409206 
train_loss: 0.00388322 
test_loss: 0.00398112 
train_loss: 0.00387356 
test_loss: 0.00380803 
train_loss: 0.00340147 
test_loss: 0.00364194 
train_loss: 0.00401731 
test_loss: 0.00351061 
train_loss: 0.00356283 
test_loss: 0.00364237 
train_loss: 0.00457115 
test_loss: 0.0041856 
train_loss: 0.00422698 
test_loss: 0.00431556 
train_loss: 0.00384126 
test_loss: 0.00433805 
train_loss: 0.00354236 
test_loss: 0.00337875 
train_loss: 0.00369874 
test_loss: 0.00463893 
train_loss: 0.00365022 
test_loss: 0.00374765 
train_loss: 0.00356959 
test_loss: 0.00355692 
train_loss: 0.00426157 
test_loss: 0.00399639 
train_loss: 0.00369901 
test_loss: 0.00367844 
train_loss: 0.00402687 
test_loss: 0.0037351 
train_loss: 0.00384966 
test_loss: 0.00396773 
train_loss: 0.00407653 
test_loss: 0.00372934 
train_loss: 0.00462778 
test_loss: 0.00428727 
train_loss: 0.00375702 
test_loss: 0.00312865 
train_loss: 0.00397709 
test_loss: 0.00400761 
train_loss: 0.00403598 
test_loss: 0.00428797 
train_loss: 0.00341655 
test_loss: 0.00331775 
train_loss: 0.00350901 
test_loss: 0.00381137 
train_loss: 0.00368745 
test_loss: 0.0036316 
train_loss: 0.00351075 
test_loss: 0.00338298 
train_loss: 0.00363964 
test_loss: 0.00354283 
train_loss: 0.00332458 
test_loss: 0.00320412 
train_loss: 0.00353616 
test_loss: 0.00338966 
train_loss: 0.00371198 
test_loss: 0.00340433 
train_loss: 0.00352404 
test_loss: 0.0032978 
train_loss: 0.00381793 
test_loss: 0.00340453 
train_loss: 0.00344352 
test_loss: 0.00367451 
train_loss: 0.00340246 
test_loss: 0.00306538 
train_loss: 0.00355395 
test_loss: 0.0032521 
train_loss: 0.0034709 
test_loss: 0.00361204 
train_loss: 0.00346123 
test_loss: 0.00310362 
train_loss: 0.00336666 
test_loss: 0.00318106 
train_loss: 0.00381097 
test_loss: 0.00414208 
train_loss: 0.00390069 
test_loss: 0.00349724 
train_loss: 0.0034052 
test_loss: 0.00345777 
train_loss: 0.00329552 
test_loss: 0.00336874 
train_loss: 0.00430354 
test_loss: 0.00344636 
train_loss: 0.00302173 
test_loss: 0.00320743 
train_loss: 0.00384687 
test_loss: 0.00359701 
train_loss: 0.00390433 
test_loss: 0.00338876 
train_loss: 0.00345633 
test_loss: 0.00326776 
train_loss: 0.00337542 
test_loss: 0.00390399 
train_loss: 0.00407616 
test_loss: 0.00373207 
train_loss: 0.00310113 
test_loss: 0.00299147 
train_loss: 0.00299696 
test_loss: 0.00304173 
train_loss: 0.0042796 
test_loss: 0.0035584 
train_loss: 0.00335566 
test_loss: 0.00327845 
train_loss: 0.00323595 
test_loss: 0.0031178 
train_loss: 0.00304398 
test_loss: 0.00350865 
train_loss: 0.00315332 
test_loss: 0.00309668 
train_loss: 0.00423899 
test_loss: 0.00351013 
train_loss: 0.00444495 
test_loss: 0.00333213 
train_loss: 0.00352567 
test_loss: 0.00311065 
train_loss: 0.00350749 
test_loss: 0.00306552 
train_loss: 0.00282845 
test_loss: 0.00267311 
train_loss: 0.00284462 
test_loss: 0.00303827 
train_loss: 0.0031793 
test_loss: 0.00315842 
train_loss: 0.00295083 
test_loss: 0.00323799 
train_loss: 0.00311157 
test_loss: 0.00310524 
train_loss: 0.00334843 
test_loss: 0.00329556 
train_loss: 0.00365497 
test_loss: 0.00340425 
train_loss: 0.00288772 
test_loss: 0.00355509 
train_loss: 0.00307834 
test_loss: 0.00361953 
train_loss: 0.00348961 
test_loss: 0.0030675 
train_loss: 0.00297519 
test_loss: 0.00273707 
train_loss: 0.00298645 
test_loss: 0.00301762 
train_loss: 0.00261764 
test_loss: 0.00279412 
train_loss: 0.00282195 
test_loss: 0.00333724 
train_loss: 0.00348258 
test_loss: 0.00310507 
train_loss: 0.00345622 
test_loss: 0.00273026 
train_loss: 0.00329858 
test_loss: 0.00275681 
train_loss: 0.0026118 
test_loss: 0.00287344 
train_loss: 0.00319218 
test_loss: 0.00300949 
train_loss: 0.00333437 
test_loss: 0.00317734 
train_loss: 0.003281 
test_loss: 0.00311779 
train_loss: 0.00291462 
test_loss: 0.0029218 
train_loss: 0.0028787 
test_loss: 0.00312722 
train_loss: 0.00293936 
test_loss: 0.0031095 
train_loss: 0.00303933 
test_loss: 0.00322085 
train_loss: 0.0032509 
test_loss: 0.00280767 
train_loss: 0.00320493 
test_loss: 0.00391806 
train_loss: 0.00325996 
test_loss: 0.00291136 
train_loss: 0.00303062 
test_loss: 0.00317223 
train_loss: 0.00323761 
test_loss: 0.00304874 
train_loss: 0.00255782 
test_loss: 0.00275479 
train_loss: 0.00288734 
test_loss: 0.00288356 
train_loss: 0.00312573 
test_loss: 0.00285742 
train_loss: 0.00282444 
test_loss: 0.00317464 
train_loss: 0.00317527 
test_loss: 0.00335008 
train_loss: 0.00320243 
test_loss: 0.00323928 
train_loss: 0.00345329 
test_loss: 0.00307467 
train_loss: 0.00315358 
test_loss: 0.00264978 
train_loss: 0.00247163 
test_loss: 0.00249571 
train_loss: 0.00293618 
test_loss: 0.00260873 
train_loss: 0.00294602 
test_loss: 0.00282331 
train_loss: 0.0026749 
test_loss: 0.00267793 
train_loss: 0.00280347 
test_loss: 0.00286076 
train_loss: 0.00248496 
test_loss: 0.00301575 
train_loss: 0.00301977 
test_loss: 0.00291876 
train_loss: 0.00289499 
test_loss: 0.00281038 
train_loss: 0.00286597 
test_loss: 0.00282153 
train_loss: 0.00279997 
test_loss: 0.00273572 
train_loss: 0.00261521 
test_loss: 0.00261039 
train_loss: 0.00278268 
test_loss: 0.0027689 
train_loss: 0.00247338 
test_loss: 0.00307155 
train_loss: 0.00269265 
test_loss: 0.0024673 
train_loss: 0.00247326 
test_loss: 0.00263378 
train_loss: 0.00278311 
test_loss: 0.00266416 
train_loss: 0.00300702 
test_loss: 0.00270695 
train_loss: 0.00267947 
test_loss: 0.00268047 
train_loss: 0.00267732 
test_loss: 0.00238391 
train_loss: 0.00244025 
test_loss: 0.00271209 
train_loss: 0.00267222 
test_loss: 0.00289068 
train_loss: 0.00255664 
test_loss: 0.00264199 
train_loss: 0.00224503 
test_loss: 0.00271232 
train_loss: 0.0027197 
test_loss: 0.00255468 
train_loss: 0.00221283 
test_loss: 0.00257065 
train_loss: 0.00263863 
test_loss: 0.00245519 
train_loss: 0.00282668 
test_loss: 0.00308865 
train_loss: 0.00289476 
test_loss: 0.00258031 
train_loss: 0.00262928 
test_loss: 0.00269061 
train_loss: 0.00251791 
test_loss: 0.00253356 
train_loss: 0.00241454 
test_loss: 0.00238714 
train_loss: 0.00287948 
test_loss: 0.00282858 
train_loss: 0.00248945 
test_loss: 0.00307725 
train_loss: 0.00254442 
test_loss: 0.00279012 
train_loss: 0.00345537 
test_loss: 0.00253902 
train_loss: 0.00242464 
test_loss: 0.00245338 
train_loss: 0.00235832 
test_loss: 0.00233846 
train_loss: 0.00258483 
test_loss: 0.00228603 
train_loss: 0.00228341 
test_loss: 0.00286383 
train_loss: 0.00263017 
test_loss: 0.00309963 
train_loss: 0.0027517 
test_loss: 0.00238077 
train_loss: 0.00226528 
test_loss: 0.00229383 
train_loss: 0.00241213 
test_loss: 0.00259247 
train_loss: 0.00246876 
test_loss: 0.00240491 
train_loss: 0.00213429 
test_loss: 0.00286308 
train_loss: 0.00249328 
test_loss: 0.00215232 
train_loss: 0.00212483 
test_loss: 0.00244636 
train_loss: 0.0028038 
test_loss: 0.00269079 
train_loss: 0.00277276 
test_loss: 0.00238277 
train_loss: 0.00262606 
test_loss: 0.00286033 
train_loss: 0.0027104 
test_loss: 0.00251254 
train_loss: 0.00217629 
test_loss: 0.00230208 
train_loss: 0.00264263 
test_loss: 0.00235669 
train_loss: 0.00233252 
test_loss: 0.00220378 
train_loss: 0.00249908 
test_loss: 0.00248949 
train_loss: 0.0023945 
test_loss: 0.00235264 
train_loss: 0.00281428 
test_loss: 0.00225533 
train_loss: 0.00223329 
test_loss: 0.00229224 
train_loss: 0.00264312 
test_loss: 0.00337802 
train_loss: 0.00237466 
test_loss: 0.00223802 
train_loss: 0.00238976 
test_loss: 0.00199957 
train_loss: 0.0021771 
test_loss: 0.00283485 
train_loss: 0.00209286 
test_loss: 0.0023067 
train_loss: 0.00243678 
test_loss: 0.00286325 
train_loss: 0.00268241 
test_loss: 0.0026848 
train_loss: 0.0022462 
test_loss: 0.00227985 
train_loss: 0.00225487 
test_loss: 0.00201831 
train_loss: 0.00258827 
test_loss: 0.00235808 
train_loss: 0.00258711 
test_loss: 0.0022674 
train_loss: 0.0022141 
test_loss: 0.00239165 
train_loss: 0.00249434 
test_loss: 0.00208414 
train_loss: 0.00222555 
test_loss: 0.00262751 
train_loss: 0.00245019 
test_loss: 0.00263777 
train_loss: 0.00229604 
test_loss: 0.00225106 
train_loss: 0.00243599 
test_loss: 0.00240779 
train_loss: 0.00271074 
test_loss: 0.00249825 
train_loss: 0.00237028 
test_loss: 0.00238465 
train_loss: 0.00212473 
test_loss: 0.00218045 
train_loss: 0.00219312 
test_loss: 0.00194547 
train_loss: 0.0021949 
test_loss: 0.00203271 
train_loss: 0.00227803 
test_loss: 0.00196898 
train_loss: 0.00213196 
test_loss: 0.00233106 
train_loss: 0.00220524 
test_loss: 0.00208337 
train_loss: 0.0024984 
test_loss: 0.00234315 
train_loss: 0.0021874 
test_loss: 0.00229901 
train_loss: 0.00222726 
test_loss: 0.00253132 
train_loss: 0.00215499 
test_loss: 0.00204732 
train_loss: 0.00217019 
test_loss: 0.00203547 
train_loss: 0.00194089 
test_loss: 0.00233423 
train_loss: 0.00224009 
test_loss: 0.00246984 
train_loss: 0.002377 
test_loss: 0.00206938 
train_loss: 0.00215786 
test_loss: 0.00258044 
train_loss: 0.00211258 
test_loss: 0.00216722 
train_loss: 0.00253009 
test_loss: 0.00241814 
train_loss: 0.00212823 
test_loss: 0.00224527 
train_loss: 0.00242096 
test_loss: 0.00235113 
train_loss: 0.00204509 
test_loss: 0.00204753 
train_loss: 0.00200082 
test_loss: 0.00215503 
train_loss: 0.00251358 
test_loss: 0.00202834 
train_loss: 0.00234587 
test_loss: 0.00216683 
train_loss: 0.00227644 
test_loss: 0.00246753 
train_loss: 0.00227807 
test_loss: 0.00207583 
train_loss: 0.00240045 
test_loss: 0.00215628 
train_loss: 0.00215162 
test_loss: 0.00196242 
train_loss: 0.00192266 
test_loss: 0.00220735 
train_loss: 0.00221573 
test_loss: 0.00226932 
train_loss: 0.00241538 
test_loss: 0.0021645 
train_loss: 0.00241279 
test_loss: 0.00276864 
train_loss: 0.00214054 
test_loss: 0.0020501 
train_loss: 0.00222696 
test_loss: 0.00216449 
train_loss: 0.00243481 
test_loss: 0.00226355 
train_loss: 0.00215254 
test_loss: 0.00225401 
train_loss: 0.00212621 
test_loss: 0.00212414 
train_loss: 0.00195136 
test_loss: 0.0019027 
train_loss: 0.00197452 
test_loss: 0.00229061 
train_loss: 0.00270027 
test_loss: 0.00219197 
train_loss: 0.00227626 
test_loss: 0.00203627 
train_loss: 0.00201838 
test_loss: 0.00196099 
train_loss: 0.00246948 
test_loss: 0.00206636 
train_loss: 0.00209153 
test_loss: 0.00237189 
train_loss: 0.0020456 
test_loss: 0.00187086 
train_loss: 0.002193 
test_loss: 0.0020918 
train_loss: 0.00216814 
test_loss: 0.00200654 
train_loss: 0.00193681 
test_loss: 0.0020804 
train_loss: 0.0020344 
test_loss: 0.00192445 
train_loss: 0.00241427 
test_loss: 0.00196248 
train_loss: 0.0021483 
test_loss: 0.0024407 
train_loss: 0.00225685 
test_loss: 0.00216817 
train_loss: 0.00206231 
test_loss: 0.0018571 
train_loss: 0.00228979 
test_loss: 0.002102 
train_loss: 0.002337 
test_loss: 0.00204946 
train_loss: 0.00190499 
test_loss: 0.00259185 
train_loss: 0.00231658 
test_loss: 0.00205244 
train_loss: 0.00240065 
test_loss: 0.00206037 
train_loss: 0.00181566 
test_loss: 0.0020744 
train_loss: 0.00200005 
test_loss: 0.00212878 
train_loss: 0.00214386 
test_loss: 0.00192481 
train_loss: 0.00210057 
test_loss: 0.00210385 
train_loss: 0.00221191 
test_loss: 0.00195562 
train_loss: 0.00211412 
test_loss: 0.00235933 
train_loss: 0.00199173 
test_loss: 0.00227662 
train_loss: 0.00227832 
test_loss: 0.00262297 
train_loss: 0.00189606 
test_loss: 0.00179512 
train_loss: 0.00210065 
test_loss: 0.00210697 
train_loss: 0.002124 
test_loss: 0.00195203 
train_loss: 0.00184327 
test_loss: 0.00184711 
train_loss: 0.00196698 
test_loss: 0.00201983 
train_loss: 0.00181569 
test_loss: 0.00160563 
train_loss: 0.00189606 
test_loss: 0.00187698 
train_loss: 0.00190894 
test_loss: 0.00201545 
train_loss: 0.00206558 
test_loss: 0.00179323 
train_loss: 0.00183512 
test_loss: 0.00188407 
train_loss: 0.00194099 
test_loss: 0.0019315 
train_loss: 0.00196001 
test_loss: 0.00201212 
train_loss: 0.00194718 
test_loss: 0.00192367 
train_loss: 0.00181566 
test_loss: 0.00172341 
train_loss: 0.00203672 
test_loss: 0.00199823 
train_loss: 0.00216417 
test_loss: 0.00211834 
train_loss: 0.00181714 
test_loss: 0.00195575 
train_loss: 0.0018552 
test_loss: 0.0019389 
train_loss: 0.00174084 
test_loss: 0.00182334 
train_loss: 0.00225588 
test_loss: 0.00228693 
train_loss: 0.0020278 
test_loss: 0.00215623 
train_loss: 0.00196795 
test_loss: 0.00181533 
train_loss: 0.00194413 
test_loss: 0.0021371 
train_loss: 0.00212375 
test_loss: 0.00203372 
train_loss: 0.00208368 
test_loss: 0.00224429 
train_loss: 0.00167707 
test_loss: 0.00173021 
train_loss: 0.00185291 
test_loss: 0.00189231 
train_loss: 0.00203824 
test_loss: 0.00204312 
train_loss: 0.00207427 
test_loss: 0.00174292 
train_loss: 0.00203604 
test_loss: 0.00192059 
train_loss: 0.00177569 
test_loss: 0.00173649 
train_loss: 0.00211177 
test_loss: 0.00186835 
train_loss: 0.00212491 
test_loss: 0.00195716 
train_loss: 0.00195156 
test_loss: 0.00215938 
train_loss: 0.00196597 
test_loss: 0.00176715 
train_loss: 0.00190372 
test_loss: 0.00175301 
train_loss: 0.00271461 
test_loss: 0.00223984 
train_loss: 0.00204234 
test_loss: 0.00187142 
train_loss: 0.0020533 
test_loss: 0.00180495 
train_loss: 0.0043082 
test_loss: 0.00327219 
train_loss: 0.00266058 
test_loss: 0.00245537 
train_loss: 0.00290988 
test_loss: 0.00254697 
train_loss: 0.00252599 
test_loss: 0.00229473 
train_loss: 0.00198984 
test_loss: 0.00206437 
train_loss: 0.00185116 
test_loss: 0.0017037 
train_loss: 0.00169776 
test_loss: 0.0018415 
train_loss: 0.00185325 
test_loss: 0.00187843 
train_loss: 0.00174593 
test_loss: 0.00169462 
train_loss: 0.00223986 
test_loss: 0.0021178 
train_loss: 0.00192174 
test_loss: 0.00198387 
train_loss: 0.0018514 
test_loss: 0.00231174 
train_loss: 0.00190396 
test_loss: 0.00187373 
train_loss: 0.00214532 
test_loss: 0.00193369 
train_loss: 0.00198808 
test_loss: 0.00168526 
train_loss: 0.00169742 
test_loss: 0.00181227 
train_loss: 0.00192931 
test_loss: 0.00196104 
train_loss: 0.00173031 
test_loss: 0.00186942 
train_loss: 0.00215757 
test_loss: 0.00180024 
train_loss: 0.00189997 
test_loss: 0.00180687 
train_loss: 0.00188732 
test_loss: 0.00192889 
train_loss: 0.00172718 
test_loss: 0.0018916 
train_loss: 0.00225888 
test_loss: 0.00190343 
train_loss: 0.00187841 
test_loss: 0.00189041 
train_loss: 0.00237635 
test_loss: 0.00180707 
train_loss: 0.00186468 
test_loss: 0.00212833 
train_loss: 0.00172852 
test_loss: 0.00199499 
train_loss: 0.00175409 
test_loss: 0.00201305 
train_loss: 0.00205552 
test_loss: 0.00171107 
train_loss: 0.00209032 
test_loss: 0.00200025 
train_loss: 0.00190157 
test_loss: 0.00207576 
train_loss: 0.00187111 
test_loss: 0.00189516 
train_loss: 0.00182902 
test_loss: 0.00154586 
train_loss: 0.00184315 
test_loss: 0.00198076 
train_loss: 0.00226462 
test_loss: 0.00169044 
train_loss: 0.00174103 
test_loss: 0.00190005 
train_loss: 0.00184401 
test_loss: 0.00181771 
train_loss: 0.00215132 
test_loss: 0.00185704 
train_loss: 0.00188473 
test_loss: 0.00191811 
train_loss: 0.00176292 
test_loss: 0.00155044 
train_loss: 0.00185757 
test_loss: 0.0018521 
train_loss: 0.00157875 
test_loss: 0.00164349 
train_loss: 0.00174857 
test_loss: 0.00180983 
train_loss: 0.00182251 
test_loss: 0.00217155 
train_loss: 0.00175558 
test_loss: 0.00199013 
train_loss: 0.00195155 
test_loss: 0.00193636 
train_loss: 0.00200309 
test_loss: 0.00194561 
train_loss: 0.00197658 
test_loss: 0.00182077 
train_loss: 0.00199448 
test_loss: 0.00198227 
train_loss: 0.00179172 
test_loss: 0.00193232 
train_loss: 0.0019826 
test_loss: 0.00170456 
train_loss: 0.00179501 
test_loss: 0.0019195 
train_loss: 0.00180296 
test_loss: 0.00212342 
train_loss: 0.00168073 
test_loss: 0.00176193 
train_loss: 0.00202789 
test_loss: 0.00175233 
train_loss: 0.00178677 
test_loss: 0.0018527 
train_loss: 0.0017933 
test_loss: 0.00187383 
train_loss: 0.0018446 
test_loss: 0.00176549 
train_loss: 0.00194918 
test_loss: 0.00176009 
train_loss: 0.00174911 
test_loss: 0.00170727 
train_loss: 0.00172611 
test_loss: 0.00184392 
train_loss: 0.00168437 
test_loss: 0.00188888 
train_loss: 0.00165473 
test_loss: 0.00175892 
train_loss: 0.0018797 
test_loss: 0.00180011 
train_loss: 0.00176098 
test_loss: 0.00161619 
train_loss: 0.00196002 
test_loss: 0.00212893 
train_loss: 0.00174181 
test_loss: 0.0018145 
train_loss: 0.00190222 
test_loss: 0.00170124 
train_loss: 0.00183818 
test_loss: 0.0019017 
train_loss: 0.00183594 
test_loss: 0.00190306 
train_loss: 0.00186897 
test_loss: 0.00195683 
train_loss: 0.00181077 
test_loss: 0.00212828 
train_loss: 0.00180318 
test_loss: 0.00177056 
train_loss: 0.0017633 
test_loss: 0.00200141 
train_loss: 0.00154983 
test_loss: 0.00192889 
train_loss: 0.00176975 
test_loss: 0.00183196 
train_loss: 0.00170907 
test_loss: 0.00193143 
train_loss: 0.00178899 
test_loss: 0.00189827 
train_loss: 0.00188911 
test_loss: 0.00195659 
train_loss: 0.00188633 
test_loss: 0.00195581 
train_loss: 0.0017884 
test_loss: 0.00172166 
train_loss: 0.00150328 
test_loss: 0.00166069 
train_loss: 0.00178438 
test_loss: 0.00179333 
train_loss: 0.00167488 
test_loss: 0.001946 
train_loss: 0.00165134 
test_loss: 0.001874 
train_loss: 0.0019445 
test_loss: 0.0016384 
train_loss: 0.00266297 
test_loss: 0.00223024 
train_loss: 0.00198786 
test_loss: 0.00169452 
train_loss: 0.00185705 
test_loss: 0.00172439 
train_loss: 0.00194531 
test_loss: 0.00163195 
train_loss: 0.00165644 
test_loss: 0.00194285 
train_loss: 0.0017916 
test_loss: 0.00175276 
train_loss: 0.00175519 
test_loss: 0.00172837 
train_loss: 0.00158332 
test_loss: 0.00152315 
train_loss: 0.0016983 
test_loss: 0.0017211 
train_loss: 0.00178272 
test_loss: 0.00184414 
train_loss: 0.00182934 
test_loss: 0.00172722 
train_loss: 0.00195 
test_loss: 0.00231975 
train_loss: 0.00193654 
test_loss: 0.0019479 
train_loss: 0.00195241 
test_loss: 0.00184294 
train_loss: 0.00157947 
test_loss: 0.00174776 
train_loss: 0.00165438 
test_loss: 0.00189474 
train_loss: 0.00157467 
test_loss: 0.00162447 
train_loss: 0.001808 
test_loss: 0.00171684 
train_loss: 0.00181556 
test_loss: 0.0018871 
train_loss: 0.00165482 
test_loss: 0.00188757 
train_loss: 0.00172888 
test_loss: 0.00173158 
train_loss: 0.00152566 
test_loss: 0.00187069 
train_loss: 0.00193752 
test_loss: 0.00204256 
train_loss: 0.00189157 
test_loss: 0.00176408 
train_loss: 0.0020056 
test_loss: 0.00189235 
train_loss: 0.00181579 
test_loss: 0.00163169 
train_loss: 0.00197362 
test_loss: 0.00159379 
train_loss: 0.00165221 
test_loss: 0.00170708 
train_loss: 0.00162721 
test_loss: 0.00183978 
train_loss: 0.00192307 
test_loss: 0.00167118 
train_loss: 0.00141546 
test_loss: 0.00160538 
train_loss: 0.00157643 
test_loss: 0.00182982 
train_loss: 0.00213134 
test_loss: 0.00205126 
train_loss: 0.00154927 
test_loss: 0.00177929 
train_loss: 0.00179646 
test_loss: 0.00185697 
train_loss: 0.00249888 
test_loss: 0.00178187 
train_loss: 0.001583 
test_loss: 0.00197353 
train_loss: 0.00167119 
test_loss: 0.00156752 
train_loss: 0.00178243 
test_loss: 0.00152407 
train_loss: 0.00186458 
test_loss: 0.00167633 
train_loss: 0.00181132 
test_loss: 0.00169212 
train_loss: 0.00157182 
test_loss: 0.00155629 
train_loss: 0.00186694 
test_loss: 0.00154478 
train_loss: 0.00163929 
test_loss: 0.00177097 
train_loss: 0.00168564 
test_loss: 0.00212603 
train_loss: 0.00160435 
test_loss: 0.00165055 
train_loss: 0.00162875 
test_loss: 0.00166911 
train_loss: 0.00170086 
test_loss: 0.00181451 
train_loss: 0.0017507 
test_loss: 0.00183379 
train_loss: 0.00170323 
test_loss: 0.00183113 
train_loss: 0.00162488 
test_loss: 0.00157207 
train_loss: 0.00180673 
test_loss: 0.00192929 
train_loss: 0.00175364 
test_loss: 0.00165604 
train_loss: 0.00171716 
test_loss: 0.00186417 
train_loss: 0.00148808 
test_loss: 0.0019908 
train_loss: 0.00149408 
test_loss: 0.00165108 
train_loss: 0.00151506 
test_loss: 0.00160935 
train_loss: 0.00155952 
test_loss: 0.00172855 
train_loss: 0.00151668 
test_loss: 0.00158714 
train_loss: 0.00159818 
test_loss: 0.00161373 
train_loss: 0.00142214 
test_loss: 0.00167875 
train_loss: 0.00169011 
test_loss: 0.00180327 
train_loss: 0.00163444 
test_loss: 0.00167344 
train_loss: 0.00162576 
test_loss: 0.00174039 
train_loss: 0.00151941 
test_loss: 0.00165902 
train_loss: 0.00155387 
test_loss: 0.00238725 
train_loss: 0.0018057 
test_loss: 0.00165597 
train_loss: 0.00154796 
test_loss: 0.00156072 
train_loss: 0.00168909 
test_loss: 0.00185101 
train_loss: 0.00163863 
test_loss: 0.00154688 
train_loss: 0.00168579 
test_loss: 0.00162545 
train_loss: 0.00146473 
test_loss: 0.00152782 
train_loss: 0.00149018 
test_loss: 0.00154877 
train_loss: 0.0017106 
test_loss: 0.00153605 
train_loss: 0.00169352 
test_loss: 0.00170098 
train_loss: 0.00165668 
test_loss: 0.00145644 
train_loss: 0.00167451 
test_loss: 0.00160289 
train_loss: 0.00158955 
test_loss: 0.00185408 
train_loss: 0.00173398 
test_loss: 0.00180846 
train_loss: 0.00152787 
test_loss: 0.00173393 
train_loss: 0.00157253 
test_loss: 0.00160658 
train_loss: 0.00166312 
test_loss: 0.00151493 
train_loss: 0.00161684 
test_loss: 0.00145669 
train_loss: 0.00153336 
test_loss: 0.00154622 
train_loss: 0.00169366 
test_loss: 0.00162604 
train_loss: 0.00202393 
test_loss: 0.00164274 
train_loss: 0.00180163 
test_loss: 0.00190676 
train_loss: 0.00154847 
test_loss: 0.00165892 
train_loss: 0.00155803 
test_loss: 0.00157252 
train_loss: 0.0017143 
test_loss: 0.00145616 
train_loss: 0.00157673 
test_loss: 0.00174203 
train_loss: 0.00179881 
test_loss: 0.00163328 
train_loss: 0.00168946 
test_loss: 0.00153676 
train_loss: 0.00153786 
test_loss: 0.00151321 
train_loss: 0.00166749 
test_loss: 0.0015516 
train_loss: 0.00170417 
test_loss: 0.00163721 
train_loss: 0.00156079 
test_loss: 0.00160396 
train_loss: 0.00147394 
test_loss: 0.0016869 
train_loss: 0.00178798 
test_loss: 0.00162535 
train_loss: 0.00183045 
test_loss: 0.00167165 
train_loss: 0.00167456 
test_loss: 0.00160194 
train_loss: 0.00171244 
test_loss: 0.00170828 
train_loss: 0.00171197 
test_loss: 0.00169281 
train_loss: 0.00178314 
test_loss: 0.00165714 
train_loss: 0.00153609 
test_loss: 0.00165908 
train_loss: 0.00161761 
test_loss: 0.00165652 
train_loss: 0.00153689 
test_loss: 0.00164436 
train_loss: 0.00149479 
test_loss: 0.00167307 
train_loss: 0.00168557 
test_loss: 0.0014984 
train_loss: 0.00156614 
test_loss: 0.00161727 
train_loss: 0.00154455 
test_loss: 0.00153436 
train_loss: 0.0014755 
test_loss: 0.00167673 
train_loss: 0.00185708 
test_loss: 0.00152985 
train_loss: 0.00151128 
test_loss: 0.00178514 
train_loss: 0.00153025 
test_loss: 0.00196014 
train_loss: 0.00141111 
test_loss: 0.00170976 
train_loss: 0.00148446 
test_loss: 0.00164629 
train_loss: 0.0015472 
test_loss: 0.00165342 
train_loss: 0.00153664 
test_loss: 0.0014517 
train_loss: 0.00152438 
test_loss: 0.00167848 
train_loss: 0.00171693 
test_loss: 0.00146569 
train_loss: 0.00167265 
test_loss: 0.00174506 
train_loss: 0.0015976 
test_loss: 0.00156254 
train_loss: 0.00153959 
test_loss: 0.00135291 
train_loss: 0.00157503 
test_loss: 0.0016986 
train_loss: 0.00150086 
test_loss: 0.00162684 
train_loss: 0.00175101 
test_loss: 0.00176481 
train_loss: 0.00147143 
test_loss: 0.0015929 
train_loss: 0.00154321 
test_loss: 0.00142283 
train_loss: 0.00142306 
test_loss: 0.00148443 
train_loss: 0.00157227 
test_loss: 0.00142818 
train_loss: 0.00140833 
test_loss: 0.00147264 
train_loss: 0.0015278 
test_loss: 0.00146485 
train_loss: 0.00166317 
test_loss: 0.00155715 
train_loss: 0.00145648 
test_loss: 0.00155803 
train_loss: 0.00149977 
test_loss: 0.00158816 
train_loss: 0.00137776 
test_loss: 0.00152304 
train_loss: 0.00144106 
test_loss: 0.00150223 
train_loss: 0.00165846 
test_loss: 0.00170241 
train_loss: 0.00144884 
test_loss: 0.00154588 
train_loss: 0.00158927 
test_loss: 0.00149167 
train_loss: 0.00149896 
test_loss: 0.00153231 
train_loss: 0.00160345 
test_loss: 0.00140741 
train_loss: 0.00144791 
test_loss: 0.00169353 
train_loss: 0.00149136 
test_loss: 0.00162238 
train_loss: 0.00153902 
test_loss: 0.00158968 
train_loss: 0.00138946 
test_loss: 0.00153387 
train_loss: 0.00164132 
test_loss: 0.00164244 
train_loss: 0.00145159 
test_loss: 0.0016253 
train_loss: 0.00154945 
test_loss: 0.00149473 
train_loss: 0.00158241 
test_loss: 0.0014762 
train_loss: 0.00146593 
test_loss: 0.00172339 
train_loss: 0.0015061 
test_loss: 0.00172478 
train_loss: 0.001434 
test_loss: 0.00162318 
train_loss: 0.00160231 
test_loss: 0.00151044 
train_loss: 0.0018141 
test_loss: 0.00152304 
train_loss: 0.00164013 
test_loss: 0.00154515 
train_loss: 0.00163466 
test_loss: 0.00155696 
train_loss: 0.00139985 
test_loss: 0.00155654 
train_loss: 0.00134965 
test_loss: 0.00144428 
train_loss: 0.00139651 
test_loss: 0.00133696 
train_loss: 0.00136972 
test_loss: 0.00168146 
train_loss: 0.001506 
test_loss: 0.00141045 
train_loss: 0.00148583 
test_loss: 0.00150442 
train_loss: 0.00129324 
test_loss: 0.00154537 
train_loss: 0.00167477 
test_loss: 0.00154565 
train_loss: 0.00143748 
test_loss: 0.00160447 
train_loss: 0.00151737 
test_loss: 0.00165616 
train_loss: 0.0013583 
test_loss: 0.00174317 
train_loss: 0.00161097 
test_loss: 0.00154832 
train_loss: 0.00174359 
test_loss: 0.00167834 
train_loss: 0.00175242 
test_loss: 0.00155132 
train_loss: 0.00155937 
test_loss: 0.00162736 
train_loss: 0.00159131 
test_loss: 0.00144526 
train_loss: 0.00142075 
test_loss: 0.00170775 
train_loss: 0.00150342 
test_loss: 0.00161562 
train_loss: 0.00183134 
test_loss: 0.00168365 
train_loss: 0.0016762 
test_loss: 0.00175617 
train_loss: 0.00165591 
test_loss: 0.00144705 
train_loss: 0.00142747 
test_loss: 0.00152019 
train_loss: 0.00144571 
test_loss: 0.00152898 
train_loss: 0.00136024 
test_loss: 0.00146372 
train_loss: 0.00157911 
test_loss: 0.00137566 
train_loss: 0.0014953 
test_loss: 0.00134979 
train_loss: 0.00137196 
test_loss: 0.0013954 
train_loss: 0.00150841 
test_loss: 0.00151204 
train_loss: 0.00121151 
test_loss: 0.00149837 
train_loss: 0.00164695 
test_loss: 0.00151458 
train_loss: 0.00208683 
test_loss: 0.00168028 
train_loss: 0.00173192 
test_loss: 0.00158071 
train_loss: 0.00147524 
test_loss: 0.00169264 
train_loss: 0.00136627 
test_loss: 0.00143835 
train_loss: 0.00138313 
test_loss: 0.00146063 
train_loss: 0.00140089 
test_loss: 0.00177041 
train_loss: 0.00121231 
test_loss: 0.00145903 
train_loss: 0.00132759 
test_loss: 0.00137345 
train_loss: 0.00148096 
test_loss: 0.00146756 
train_loss: 0.00159942 
test_loss: 0.00186714 
train_loss: 0.00133567 
test_loss: 0.00149936 
train_loss: 0.00140309 
test_loss: 0.00141929 
train_loss: 0.00143036 
test_loss: 0.0014342 
train_loss: 0.00144536 
test_loss: 0.00151996 
train_loss: 0.00149554 
test_loss: 0.00155693 
train_loss: 0.00155045 
test_loss: 0.00154974 
train_loss: 0.00159187 
test_loss: 0.00132044 
train_loss: 0.00155316 
test_loss: 0.0015154 
train_loss: 0.00157727 
test_loss: 0.00166024 
train_loss: 0.00160704 
test_loss: 0.00149115 
train_loss: 0.00133418 
test_loss: 0.00162132 
train_loss: 0.00172785 
test_loss: 0.00150984 
train_loss: 0.00130472 
test_loss: 0.0014357 
train_loss: 0.00152678 
test_loss: 0.00166209 
train_loss: 0.00147943 
test_loss: 0.00145678 
train_loss: 0.00163658 
test_loss: 0.00146325 
train_loss: 0.00136317 
test_loss: 0.00139798 
train_loss: 0.00175072 
test_loss: 0.00185341 
