train_loss: 1.99948 
test_loss: 1.99941 
train_loss: 2.00656 
test_loss: 2.00054 
train_loss: 1.99689 
test_loss: 1.99829 
train_loss: 1.99647 
test_loss: 1.99885 
train_loss: 1.99589 
test_loss: 1.99958 
train_loss: 1.99897 
test_loss: 1.99974 
train_loss: 1.99924 
test_loss: 2.01499 
train_loss: 1.99665 
test_loss: 1.99854 
train_loss: 1.99891 
test_loss: 1.99846 
train_loss: 1.9961 
test_loss: 2.00025 
train_loss: 1.99581 
test_loss: 1.99789 
train_loss: 1.9969 
test_loss: 1.99816 
train_loss: 1.99736 
test_loss: 1.998 
train_loss: 0.46486 
test_loss: 0.475529 
train_loss: 0.505192 
test_loss: 0.499166 
train_loss: 0.502784 
test_loss: 0.499293 
train_loss: 0.49621 
test_loss: 0.49927 
train_loss: 0.507863 
test_loss: 0.499259 
train_loss: 0.500741 
test_loss: 0.499233 
train_loss: 0.498335 
test_loss: 0.499221 
train_loss: 0.501013 
test_loss: 0.499193 
train_loss: 0.498291 
test_loss: 0.499166 
train_loss: 0.500493 
test_loss: 0.499147 
train_loss: 0.498866 
test_loss: 0.499128 
train_loss: 0.505362 
test_loss: 0.499098 
train_loss: 0.50002 
test_loss: 0.499079 
train_loss: 0.498373 
test_loss: 0.499046 
train_loss: 0.502723 
test_loss: 0.498992 
train_loss: 0.495268 
test_loss: 0.498999 
train_loss: 0.496061 
test_loss: 0.49897 
train_loss: 0.503157 
test_loss: 0.498935 
train_loss: 0.503399 
test_loss: 0.498922 
train_loss: 0.499005 
test_loss: 0.498873 
train_loss: 0.500304 
test_loss: 0.498832 
train_loss: 0.497956 
test_loss: 0.49882 
train_loss: 0.497915 
test_loss: 0.498778 
train_loss: 0.49071 
test_loss: 0.498756 
train_loss: 0.4999 
test_loss: 0.498704 
train_loss: 0.49949 
test_loss: 0.498677 
train_loss: 0.503543 
test_loss: 0.498633 
train_loss: 0.504455 
test_loss: 0.498585 
train_loss: 0.501955 
test_loss: 0.498541 
train_loss: 0.502705 
test_loss: 0.498501 
train_loss: 0.50172 
test_loss: 0.498458 
train_loss: 0.49763 
test_loss: 0.498415 
train_loss: 0.497367 
test_loss: 0.498371 
train_loss: 0.501188 
test_loss: 0.498299 
train_loss: 0.501947 
test_loss: 0.498282 
train_loss: 0.498177 
test_loss: 0.498229 
train_loss: 0.502968 
test_loss: 0.498157 
train_loss: 0.505268 
test_loss: 0.498126 
train_loss: 0.502943 
test_loss: 0.498064 
train_loss: 0.503853 
test_loss: 0.497992 
train_loss: 0.502339 
test_loss: 0.497952 
train_loss: 0.496475 
test_loss: 0.497882 
train_loss: 0.496578 
test_loss: 0.49784 
train_loss: 0.492999 
test_loss: 0.497774 
train_loss: 0.497174 
test_loss: 0.497705 
train_loss: 0.499141 
test_loss: 0.497631 
train_loss: 0.503167 
test_loss: 0.497562 
train_loss: 0.504308 
test_loss: 0.497495 
train_loss: 0.502362 
test_loss: 0.497417 
train_loss: 0.498531 
test_loss: 0.497337 
train_loss: 0.494959 
test_loss: 0.49727 
train_loss: 0.500828 
test_loss: 0.497193 
train_loss: 0.498851 
test_loss: 0.497122 
train_loss: 0.497438 
test_loss: 0.497045 
train_loss: 0.497114 
test_loss: 0.496958 
train_loss: 0.505483 
test_loss: 0.496866 
train_loss: 0.504132 
test_loss: 0.496761 
train_loss: 0.494568 
test_loss: 0.496682 
train_loss: 0.498676 
test_loss: 0.496609 
train_loss: 0.491815 
test_loss: 0.496508 
train_loss: 0.497424 
test_loss: 0.496398 
train_loss: 0.49924 
test_loss: 0.496308 
train_loss: 0.50273 
test_loss: 0.496205 
train_loss: 0.49659 
test_loss: 0.496104 
train_loss: 0.49874 
test_loss: 0.495987 
train_loss: 0.502579 
test_loss: 0.495875 
train_loss: 0.498741 
test_loss: 0.495772 
train_loss: 0.49721 
test_loss: 0.495648 
train_loss: 0.496276 
test_loss: 0.495531 
train_loss: 0.499361 
test_loss: 0.495407 
train_loss: 0.49294 
test_loss: 0.495283 
train_loss: 0.490572 
test_loss: 0.495153 
train_loss: 0.499498 
test_loss: 0.495033 
train_loss: 0.497365 
test_loss: 0.494883 
train_loss: 0.490497 
test_loss: 0.494756 
train_loss: 0.500965 
test_loss: 0.494607 
train_loss: 0.498751 
test_loss: 0.494457 
train_loss: 0.49918 
test_loss: 0.494307 
train_loss: 0.499014 
test_loss: 0.494155 
train_loss: 0.498333 
test_loss: 0.494004 
train_loss: 0.494445 
test_loss: 0.493842 
train_loss: 0.495724 
test_loss: 0.49367 
train_loss: 0.498672 
test_loss: 0.493483 
train_loss: 0.499185 
test_loss: 0.49332 
train_loss: 0.494428 
test_loss: 0.493154 
train_loss: 0.495107 
test_loss: 0.492969 
train_loss: 0.491594 
test_loss: 0.492781 
train_loss: 0.493358 
test_loss: 0.492575 
train_loss: 0.491577 
test_loss: 0.492381 
train_loss: 0.492162 
test_loss: 0.492175 
train_loss: 0.499852 
test_loss: 0.491983 
train_loss: 0.50052 
test_loss: 0.49177 
train_loss: 0.496415 
test_loss: 0.49156 
train_loss: 0.495725 
test_loss: 0.491316 
train_loss: 0.499042 
test_loss: 0.491107 
train_loss: 0.490807 
test_loss: 0.490868 
train_loss: 0.490077 
test_loss: 0.490627 
train_loss: 0.496946 
test_loss: 0.490376 
train_loss: 0.49252 
test_loss: 0.490121 
train_loss: 0.495352 
test_loss: 0.489855 
train_loss: 0.490508 
test_loss: 0.48961 
train_loss: 0.48271 
test_loss: 0.489325 
train_loss: 0.48022 
test_loss: 0.48904 
train_loss: 0.49216 
test_loss: 0.488765 
train_loss: 0.488371 
test_loss: 0.488475 
train_loss: 0.494802 
test_loss: 0.488166 
train_loss: 0.49039 
test_loss: 0.487866 
train_loss: 0.483994 
test_loss: 0.487543 
train_loss: 0.492123 
test_loss: 0.487207 
train_loss: 0.499934 
test_loss: 0.486888 
train_loss: 0.490674 
test_loss: 0.486546 
train_loss: 0.491627 
test_loss: 0.486212 
train_loss: 0.489695 
test_loss: 0.485853 
train_loss: 0.481974 
test_loss: 0.48548 
train_loss: 0.483472 
test_loss: 0.485101 
train_loss: 0.494098 
test_loss: 0.48472 
train_loss: 0.483034 
test_loss: 0.484322 
train_loss: 0.488938 
test_loss: 0.483928 
train_loss: 0.485625 
test_loss: 0.483511 
train_loss: 0.483679 
test_loss: 0.483082 
train_loss: 0.476856 
test_loss: 0.482663 
train_loss: 0.487052 
test_loss: 0.482205 
train_loss: 0.484267 
test_loss: 0.481764 
train_loss: 0.482602 
test_loss: 0.481285 
train_loss: 0.48184 
test_loss: 0.480793 
train_loss: 0.485449 
test_loss: 0.480306 
train_loss: 0.476342 
test_loss: 0.479818 
train_loss: 0.487957 
test_loss: 0.4793 
train_loss: 0.482109 
test_loss: 0.478783 
train_loss: 0.478277 
test_loss: 0.478216 
train_loss: 0.479033 
test_loss: 0.477683 
train_loss: 0.474374 
test_loss: 0.47711 
train_loss: 0.481206 
test_loss: 0.476538 
train_loss: 0.478263 
test_loss: 0.475941 
train_loss: 0.481462 
test_loss: 0.475319 
train_loss: 0.475205 
test_loss: 0.474705 
train_loss: 0.47527 
test_loss: 0.474065 
train_loss: 0.479838 
test_loss: 0.473406 
train_loss: 0.473182 
test_loss: 0.472753 
train_loss: 0.469129 
test_loss: 0.472055 
train_loss: 0.469437 
test_loss: 0.471348 
train_loss: 0.474878 
test_loss: 0.470635 
train_loss: 0.471654 
test_loss: 0.469907 
train_loss: 0.478637 
test_loss: 0.469137 
train_loss: 0.474026 
test_loss: 0.468361 
train_loss: 0.469956 
test_loss: 0.467579 
train_loss: 0.471384 
test_loss: 0.466774 
train_loss: 0.476724 
test_loss: 0.465929 
train_loss: 0.463918 
test_loss: 0.465089 
train_loss: 0.461836 
test_loss: 0.464206 
train_loss: 0.462582 
test_loss: 0.463332 
train_loss: 0.464106 
test_loss: 0.462413 
train_loss: 0.470877 
test_loss: 0.461483 
train_loss: 0.465468 
test_loss: 0.460527 
train_loss: 0.458414 
test_loss: 0.459528 
train_loss: 0.459572 
test_loss: 0.458552 
train_loss: 0.457428 
test_loss: 0.45752 
train_loss: 0.462941 
test_loss: 0.456486 
train_loss: 0.462128 
test_loss: 0.455401 
train_loss: 0.460763 
test_loss: 0.454301 
train_loss: 0.456605 
test_loss: 0.453185 
train_loss: 0.461057 
test_loss: 0.452044 
train_loss: 0.455239 
test_loss: 0.45087 
train_loss: 0.451646 
test_loss: 0.449673 
train_loss: 0.450284 
test_loss: 0.448454 
train_loss: 0.451489 
test_loss: 0.447202 
train_loss: 0.448951 
test_loss: 0.445929 
train_loss: 0.448342 
test_loss: 0.444612 
train_loss: 0.447808 
test_loss: 0.443299 
train_loss: 0.443403 
test_loss: 0.441926 
train_loss: 0.440095 
test_loss: 0.440551 
train_loss: 0.440437 
test_loss: 0.439125 
train_loss: 0.433192 
test_loss: 0.437687 
train_loss: 0.438107 
test_loss: 0.436215 
train_loss: 0.434263 
test_loss: 0.434719 
train_loss: 0.426855 
test_loss: 0.4332 
train_loss: 0.43611 
test_loss: 0.431632 
train_loss: 0.428554 
test_loss: 0.430048 
train_loss: 0.431767 
test_loss: 0.42844 
train_loss: 0.425867 
test_loss: 0.426795 
train_loss: 0.424058 
test_loss: 0.425127 
train_loss: 0.424297 
test_loss: 0.423436 
train_loss: 0.426757 
test_loss: 0.421713 
train_loss: 0.421376 
test_loss: 0.41996 
train_loss: 0.417869 
test_loss: 0.418193 
train_loss: 0.422269 
test_loss: 0.416398 
train_loss: 0.415582 
test_loss: 0.414571 
train_loss: 0.418218 
test_loss: 0.412727 
train_loss: 0.408987 
test_loss: 0.410851 
train_loss: 0.412839 
test_loss: 0.408944 
train_loss: 0.404637 
test_loss: 0.407005 
train_loss: 0.405935 
test_loss: 0.405068 
train_loss: 0.406231 
test_loss: 0.403081 
train_loss: 0.400835 
test_loss: 0.401083 
train_loss: 0.4021 
test_loss: 0.399049 
train_loss: 0.3958 
test_loss: 0.396992 
train_loss: 0.395837 
test_loss: 0.39489 
train_loss: 0.395058 
test_loss: 0.392788 
train_loss: 0.388917 
test_loss: 0.390645 
train_loss: 0.387054 
test_loss: 0.388469 
train_loss: 0.392393 
test_loss: 0.386254 
train_loss: 0.389613 
test_loss: 0.384019 
train_loss: 0.380443 
test_loss: 0.381754 
train_loss: 0.378372 
test_loss: 0.379437 
train_loss: 0.380397 
test_loss: 0.377105 
train_loss: 0.371186 
test_loss: 0.374716 
train_loss: 0.369591 
test_loss: 0.372312 
train_loss: 0.370174 
test_loss: 0.369852 
train_loss: 0.363999 
test_loss: 0.367372 
train_loss: 0.36667 
test_loss: 0.364845 
train_loss: 0.367556 
test_loss: 0.36227 
train_loss: 0.364495 
test_loss: 0.359663 
train_loss: 0.355654 
test_loss: 0.357012 
train_loss: 0.356561 
test_loss: 0.35432 
train_loss: 0.347655 
test_loss: 0.351573 
train_loss: 0.351237 
test_loss: 0.348788 
train_loss: 0.34376 
test_loss: 0.345966 
train_loss: 0.345002 
test_loss: 0.343091 
train_loss: 0.337895 
test_loss: 0.340164 
train_loss: 0.337377 
test_loss: 0.337193 
train_loss: 0.332635 
test_loss: 0.334165 
train_loss: 0.334214 
test_loss: 0.331104 
train_loss: 0.332 
test_loss: 0.327976 
train_loss: 0.323365 
test_loss: 0.324794 
train_loss: 0.325724 
test_loss: 0.321575 
train_loss: 0.315583 
test_loss: 0.318284 
train_loss: 0.313597 
test_loss: 0.314944 
train_loss: 0.312386 
test_loss: 0.311557 
train_loss: 0.312247 
test_loss: 0.308107 
train_loss: 0.306272 
test_loss: 0.304607 
train_loss: 0.306139 
test_loss: 0.301054 
train_loss: 0.293867 
test_loss: 0.297442 
train_loss: 0.295433 
test_loss: 0.29379 
train_loss: 0.294007 
test_loss: 0.290074 
train_loss: 0.284132 
test_loss: 0.286316 
train_loss: 0.279379 
test_loss: 0.282522 
train_loss: 0.274759 
test_loss: 0.278672 
train_loss: 0.27469 
test_loss: 0.274783 
train_loss: 0.267306 
test_loss: 0.270842 
train_loss: 0.266963 
test_loss: 0.266851 
train_loss: 0.258215 
test_loss: 0.262833 
train_loss: 0.258537 
test_loss: 0.258774 
train_loss: 0.254503 
test_loss: 0.25466 
train_loss: 0.248814 
test_loss: 0.250506 
train_loss: 0.249604 
test_loss: 0.246299 
train_loss: 0.241951 
test_loss: 0.242003 
train_loss: 0.236303 
test_loss: 0.237617 
train_loss: 0.230879 
test_loss: 0.233107 
train_loss: 0.230495 
test_loss: 0.228459 
train_loss: 0.223435 
test_loss: 0.22363 
train_loss: 0.218797 
test_loss: 0.218591 
train_loss: 0.216966 
test_loss: 0.213341 
train_loss: 0.208699 
test_loss: 0.207865 
train_loss: 0.201984 
test_loss: 0.202259 
train_loss: 0.195423 
test_loss: 0.196645 
train_loss: 0.192458 
test_loss: 0.191171 
train_loss: 0.186845 
test_loss: 0.185951 
train_loss: 0.179801 
test_loss: 0.181066 
train_loss: 0.177201 
test_loss: 0.176534 
train_loss: 0.172586 
test_loss: 0.172291 
train_loss: 0.168724 
test_loss: 0.168275 
train_loss: 0.164085 
test_loss: 0.164403 
train_loss: 0.162632 
test_loss: 0.160622 
train_loss: 0.157213 
test_loss: 0.156886 
train_loss: 0.153746 
test_loss: 0.153168 
train_loss: 0.15291 
test_loss: 0.149452 
train_loss: 0.146549 
test_loss: 0.145754 
train_loss: 0.14005 
test_loss: 0.142077 
train_loss: 0.139673 
test_loss: 0.138476 
train_loss: 0.133454 
test_loss: 0.13495 
train_loss: 0.132697 
test_loss: 0.131528 
train_loss: 0.130358 
test_loss: 0.128274 
train_loss: 0.122067 
test_loss: 0.125199 
train_loss: 0.122833 
test_loss: 0.122322 
train_loss: 0.118418 
test_loss: 0.119653 
train_loss: 0.119921 
test_loss: 0.117187 
train_loss: 0.114974 
test_loss: 0.114961 
train_loss: 0.112533 
test_loss: 0.112921 
train_loss: 0.112058 
test_loss: 0.111084 
train_loss: 0.107166 
test_loss: 0.109429 
train_loss: 0.105561 
test_loss: 0.10793 
train_loss: 0.108069 
test_loss: 0.106567 
train_loss: 0.104008 
test_loss: 0.105352 
train_loss: 0.103771 
test_loss: 0.104221 
train_loss: 0.102331 
test_loss: 0.103214 
train_loss: 0.100556 
test_loss: 0.102282 
train_loss: 0.10119 
test_loss: 0.101432 
train_loss: 0.0989053 
test_loss: 0.100659 
train_loss: 0.101074 
test_loss: 0.0999398 
train_loss: 0.0971401 
test_loss: 0.0992831 
train_loss: 0.0979291 
test_loss: 0.098676 
train_loss: 0.0972728 
test_loss: 0.0981206 
train_loss: 0.0984943 
test_loss: 0.0976079 
train_loss: 0.096047 
test_loss: 0.0971425 
train_loss: 0.0954947 
test_loss: 0.0966928 
train_loss: 0.096922 
test_loss: 0.0962918 
train_loss: 0.0950008 
test_loss: 0.0959076 
train_loss: 0.0945488 
test_loss: 0.0955568 
train_loss: 0.0945007 
test_loss: 0.0952351 
train_loss: 0.093872 
test_loss: 0.0949332 
train_loss: 0.094804 
test_loss: 0.0946262 
train_loss: 0.0943388 
test_loss: 0.094369 
train_loss: 0.0937608 
test_loss: 0.0941012 
train_loss: 0.0923288 
test_loss: 0.0938734 
train_loss: 0.093794 
test_loss: 0.0936411 
train_loss: 0.0916788 
test_loss: 0.093421 
train_loss: 0.0927333 
test_loss: 0.0932023 
train_loss: 0.0910852 
test_loss: 0.0930075 
train_loss: 0.0915761 
test_loss: 0.0928126 
train_loss: 0.0919103 
test_loss: 0.0926228 
train_loss: 0.0920091 
test_loss: 0.0924218 
train_loss: 0.0897651 
test_loss: 0.0922426 
train_loss: 0.0917507 
test_loss: 0.0920724 
train_loss: 0.0914114 
test_loss: 0.0918848 
train_loss: 0.0923617 
test_loss: 0.0917203 
train_loss: 0.0902107 
test_loss: 0.0915444 
train_loss: 0.0909661 
test_loss: 0.0913634 
train_loss: 0.090047 
test_loss: 0.0911733 
train_loss: 0.0891317 
test_loss: 0.0910379 
train_loss: 0.0895248 
test_loss: 0.0908995 
train_loss: 0.0884729 
test_loss: 0.0906933 
train_loss: 0.0899069 
test_loss: 0.0905293 
train_loss: 0.0886896 
test_loss: 0.0904056 
train_loss: 0.0921547 
test_loss: 0.0902237 
train_loss: 0.0886942 
test_loss: 0.0900582 
train_loss: 0.0895246 
test_loss: 0.0898849 
train_loss: 0.0886382 
test_loss: 0.0897272 
train_loss: 0.0889831 
test_loss: 0.0895706 
train_loss: 0.090988 
test_loss: 0.089408 
train_loss: 0.0887775 
test_loss: 0.0892528 
train_loss: 0.0891864 
test_loss: 0.0891 
train_loss: 0.0928084 
test_loss: 0.088924 
train_loss: 0.0878506 
test_loss: 0.0887787 
train_loss: 0.0909699 
test_loss: 0.0885971 
train_loss: 0.0900218 
test_loss: 0.0884239 
train_loss: 0.0861419 
test_loss: 0.0882548 
train_loss: 0.0871629 
test_loss: 0.0880977 
train_loss: 0.0864825 
test_loss: 0.0879114 
train_loss: 0.0869958 
test_loss: 0.087768 
train_loss: 0.0873917 
test_loss: 0.0875916 
train_loss: 0.0880262 
test_loss: 0.0874358 
train_loss: 0.086064 
test_loss: 0.0872594 
train_loss: 0.0861529 
test_loss: 0.0871192 
train_loss: 0.0872662 
test_loss: 0.0869427 
train_loss: 0.084063 
test_loss: 0.0868042 
train_loss: 0.0837407 
test_loss: 0.0866493 
train_loss: 0.085405 
test_loss: 0.0864817 
train_loss: 0.0843854 
test_loss: 0.0863157 
train_loss: 0.0861902 
test_loss: 0.0862175 
train_loss: 0.0865187 
test_loss: 0.0860282 
train_loss: 0.0852851 
test_loss: 0.0858969 
train_loss: 0.0837729 
test_loss: 0.0857676 
train_loss: 0.0860253 
test_loss: 0.0856523 
train_loss: 0.0868409 
test_loss: 0.0855369 
train_loss: 0.0836387 
test_loss: 0.0854303 
train_loss: 0.0802488 
test_loss: 0.085288 
train_loss: 0.0841499 
test_loss: 0.0851922 
train_loss: 0.0846527 
test_loss: 0.0850444 
train_loss: 0.0848661 
test_loss: 0.084961 
train_loss: 0.0852525 
test_loss: 0.0848248 
train_loss: 0.0834586 
test_loss: 0.0847162 
train_loss: 0.0852095 
test_loss: 0.084626 
train_loss: 0.0831345 
test_loss: 0.0844862 
train_loss: 0.0859919 
test_loss: 0.0844345 
train_loss: 0.0831527 
test_loss: 0.0843284 
train_loss: 0.0850733 
test_loss: 0.0841532 
train_loss: 0.0845344 
test_loss: 0.0840516 
train_loss: 0.0842157 
test_loss: 0.083886 
train_loss: 0.0836797 
test_loss: 0.0837577 
train_loss: 0.0810895 
test_loss: 0.0835658 
train_loss: 0.08166 
test_loss: 0.0833709 
train_loss: 0.081501 
test_loss: 0.0831586 
train_loss: 0.0803291 
test_loss: 0.0828774 
train_loss: 0.0826664 
test_loss: 0.0827282 
train_loss: 0.0812821 
test_loss: 0.0823684 
train_loss: 0.0844401 
test_loss: 0.0820782 
train_loss: 0.0792082 
test_loss: 0.0817946 
train_loss: 0.0819801 
test_loss: 0.0814332 
train_loss: 0.0785579 
test_loss: 0.0811221 
train_loss: 0.0791947 
test_loss: 0.080745 
train_loss: 0.0785383 
test_loss: 0.0804256 
train_loss: 0.0776589 
test_loss: 0.0799997 
train_loss: 0.0787955 
test_loss: 0.0796207 
train_loss: 0.0768578 
test_loss: 0.07917 
train_loss: 0.0783157 
test_loss: 0.0787089 
train_loss: 0.0802908 
test_loss: 0.0781333 
train_loss: 0.0784183 
test_loss: 0.0775583 
train_loss: 0.0782626 
test_loss: 0.0769296 
train_loss: 0.0752243 
test_loss: 0.0763129 
train_loss: 0.0756305 
test_loss: 0.0757072 
train_loss: 0.0753184 
test_loss: 0.0750263 
train_loss: 0.0733253 
test_loss: 0.07432 
train_loss: 0.0718361 
test_loss: 0.073858 
train_loss: 0.0724192 
test_loss: 0.0732683 
train_loss: 0.0720306 
test_loss: 0.0728385 
train_loss: 0.070223 
test_loss: 0.0724618 
train_loss: 0.0713813 
test_loss: 0.0720529 
train_loss: 0.0714195 
test_loss: 0.0716519 
train_loss: 0.0702185 
test_loss: 0.0712777 
train_loss: 0.0707555 
test_loss: 0.0709615 
train_loss: 0.0710292 
test_loss: 0.07077 
train_loss: 0.0690871 
test_loss: 0.070502 
train_loss: 0.070573 
test_loss: 0.0701802 
train_loss: 0.0687642 
test_loss: 0.0698945 
train_loss: 0.0695278 
test_loss: 0.069662 
train_loss: 0.0692066 
test_loss: 0.0694455 
train_loss: 0.0673262 
test_loss: 0.0693475 
train_loss: 0.0667586 
test_loss: 0.0690632 
train_loss: 0.0683845 
test_loss: 0.0688363 
train_loss: 0.0680259 
test_loss: 0.0686862 
train_loss: 0.0675709 
test_loss: 0.0683675 
train_loss: 0.069161 
test_loss: 0.0681162 
train_loss: 0.0665319 
test_loss: 0.0679812 
train_loss: 0.0658634 
test_loss: 0.0677537 
train_loss: 0.067263 
test_loss: 0.0675277 
train_loss: 0.067031 
test_loss: 0.0672154 
train_loss: 0.0676759 
test_loss: 0.0671916 
train_loss: 0.0638869 
test_loss: 0.0667375 
train_loss: 0.0655191 
test_loss: 0.066546 
train_loss: 0.0656015 
test_loss: 0.0663009 
train_loss: 0.0645155 
test_loss: 0.0660589 
train_loss: 0.0655227 
test_loss: 0.0657899 
train_loss: 0.0677547 
test_loss: 0.0655305 
train_loss: 0.0654288 
test_loss: 0.0654045 
train_loss: 0.0655435 
test_loss: 0.0652809 
train_loss: 0.0626473 
test_loss: 0.0649636 
train_loss: 0.0643991 
test_loss: 0.0648161 
train_loss: 0.0642883 
test_loss: 0.0645608 
train_loss: 0.0652397 
test_loss: 0.0644061 
train_loss: 0.065021 
test_loss: 0.0643569 
train_loss: 0.0624196 
test_loss: 0.0641522 
train_loss: 0.0628318 
test_loss: 0.0639929 
train_loss: 0.0624938 
test_loss: 0.0638837 
train_loss: 0.0638472 
test_loss: 0.0637354 
train_loss: 0.0639861 
test_loss: 0.063558 
train_loss: 0.0636721 
test_loss: 0.0634982 
train_loss: 0.0626855 
test_loss: 0.0633449 
train_loss: 0.0634673 
test_loss: 0.0633449 
train_loss: 0.0629713 
test_loss: 0.0631253 
train_loss: 0.0624138 
test_loss: 0.0629727 
train_loss: 0.0622424 
test_loss: 0.0628297 
train_loss: 0.063145 
test_loss: 0.0627359 
train_loss: 0.0610144 
test_loss: 0.0626144 
train_loss: 0.0623484 
test_loss: 0.0625464 
train_loss: 0.0618772 
test_loss: 0.0624148 
train_loss: 0.0618681 
test_loss: 0.0622184 
train_loss: 0.0620637 
test_loss: 0.0621765 
train_loss: 0.0611214 
test_loss: 0.0620442 
train_loss: 0.0636145 
test_loss: 0.061928 
train_loss: 0.0609281 
test_loss: 0.0617763 
train_loss: 0.0620212 
test_loss: 0.0616738 
train_loss: 0.0601326 
test_loss: 0.0615955 
train_loss: 0.061438 
test_loss: 0.0614625 
train_loss: 0.0605192 
test_loss: 0.0613956 
train_loss: 0.0607924 
test_loss: 0.061246 
train_loss: 0.061216 
test_loss: 0.0611119 
train_loss: 0.0606465 
test_loss: 0.0610274 
train_loss: 0.0618672 
test_loss: 0.0609597 
train_loss: 0.0601881 
test_loss: 0.0607431 
train_loss: 0.058757 
test_loss: 0.060565 
train_loss: 0.0581895 
test_loss: 0.0603295 
train_loss: 0.0599577 
test_loss: 0.0602161 
train_loss: 0.0597706 
test_loss: 0.0600596 
train_loss: 0.0603781 
test_loss: 0.0598591 
train_loss: 0.0589055 
test_loss: 0.0596299 
train_loss: 0.0597157 
test_loss: 0.0594074 
train_loss: 0.0598789 
test_loss: 0.0591728 
train_loss: 0.05907 
test_loss: 0.0588011 
train_loss: 0.0565848 
test_loss: 0.058182 
train_loss: 0.0559305 
test_loss: 0.0576218 
train_loss: 0.0574659 
test_loss: 0.0570769 
train_loss: 0.055305 
test_loss: 0.0565479 
train_loss: 0.0547044 
test_loss: 0.0561607 
train_loss: 0.0550561 
test_loss: 0.0557288 
train_loss: 0.0541639 
test_loss: 0.0551815 
train_loss: 0.0553632 
test_loss: 0.054741 
train_loss: 0.0540522 
test_loss: 0.0542552 
train_loss: 0.0528242 
test_loss: 0.0537824 
train_loss: 0.0525312 
test_loss: 0.0530001 
train_loss: 0.0510882 
test_loss: 0.0521166 
train_loss: 0.0510279 
test_loss: 0.0513413 
train_loss: 0.050567 
test_loss: 0.0509638 
train_loss: 0.0499708 
test_loss: 0.0501465 
train_loss: 0.0503409 
test_loss: 0.0497519 
train_loss: 0.0498055 
test_loss: 0.0493854 
train_loss: 0.0491342 
test_loss: 0.0492089 
train_loss: 0.0492986 
test_loss: 0.0490109 
train_loss: 0.0474784 
test_loss: 0.048856 
train_loss: 0.048734 
test_loss: 0.048774 
train_loss: 0.0486187 
test_loss: 0.048522 
train_loss: 0.0488497 
test_loss: 0.0484733 
train_loss: 0.0481036 
test_loss: 0.0484612 
train_loss: 0.0470872 
test_loss: 0.0482334 
train_loss: 0.0478318 
test_loss: 0.0481418 
train_loss: 0.0478088 
test_loss: 0.0481232 
train_loss: 0.0478763 
test_loss: 0.0479277 
train_loss: 0.0473976 
test_loss: 0.0479084 
train_loss: 0.0457227 
test_loss: 0.0478522 
train_loss: 0.0480614 
test_loss: 0.0478 
train_loss: 0.0474136 
test_loss: 0.0477422 
train_loss: 0.0471756 
test_loss: 0.0476629 
train_loss: 0.0480384 
test_loss: 0.0477277 
train_loss: 0.0486227 
test_loss: 0.0476293 
train_loss: 0.0480136 
test_loss: 0.0474627 
train_loss: 0.0474866 
test_loss: 0.0474803 
train_loss: 0.0466026 
test_loss: 0.0478506 
train_loss: 0.0471028 
test_loss: 0.0475134 
train_loss: 0.0476145 
test_loss: 0.0475831 
train_loss: 0.0475751 
test_loss: 0.0474284 
train_loss: 0.0466793 
test_loss: 0.0473674 
train_loss: 0.0480257 
test_loss: 0.0474082 
train_loss: 0.0476316 
test_loss: 0.0473071 
train_loss: 0.047154 
test_loss: 0.0472209 
train_loss: 0.0478437 
test_loss: 0.0472847 
train_loss: 0.0471104 
test_loss: 0.0473768 
train_loss: 0.046175 
test_loss: 0.0473769 
train_loss: 0.0465199 
test_loss: 0.0472084 
train_loss: 0.0470474 
test_loss: 0.0472467 
train_loss: 0.0480216 
test_loss: 0.0472951 
train_loss: 0.0477421 
test_loss: 0.0472163 
train_loss: 0.0471948 
test_loss: 0.0470794 
train_loss: 0.0467296 
test_loss: 0.047217 
train_loss: 0.0475345 
test_loss: 0.0470876 
train_loss: 0.0481114 
test_loss: 0.047047 
train_loss: 0.0470336 
test_loss: 0.0470396 
train_loss: 0.0470773 
test_loss: 0.0470779 
train_loss: 0.0456248 
test_loss: 0.0471265 
train_loss: 0.0447261 
test_loss: 0.0470219 
train_loss: 0.0473418 
test_loss: 0.0471154 
train_loss: 0.0459843 
test_loss: 0.047092 
train_loss: 0.046797 
test_loss: 0.0472376 
train_loss: 0.0457079 
test_loss: 0.0470827 
train_loss: 0.0460002 
test_loss: 0.0469567 
train_loss: 0.0470813 
test_loss: 0.0474825 
train_loss: 0.0464594 
test_loss: 0.0472227 
train_loss: 0.0476192 
test_loss: 0.0468466 
train_loss: 0.0464922 
test_loss: 0.0469035 
train_loss: 0.0455522 
test_loss: 0.0468262 
train_loss: 0.0484968 
test_loss: 0.0468494 
train_loss: 0.0470147 
test_loss: 0.046835 
train_loss: 0.0479058 
test_loss: 0.0468764 
train_loss: 0.046471 
test_loss: 0.0467966 
train_loss: 0.0452337 
test_loss: 0.0469222 
train_loss: 0.0461837 
test_loss: 0.0468362 
train_loss: 0.0455726 
test_loss: 0.0467647 
train_loss: 0.0467489 
test_loss: 0.0467328 
train_loss: 0.0471663 
test_loss: 0.0468713 
train_loss: 0.0475386 
test_loss: 0.0468015 
train_loss: 0.0453541 
test_loss: 0.0467287 
train_loss: 0.0469973 
test_loss: 0.0467868 
train_loss: 0.0479148 
test_loss: 0.0466475 
train_loss: 0.0483423 
test_loss: 0.0465541 
train_loss: 0.0448773 
test_loss: 0.0466936 
train_loss: 0.045037 
test_loss: 0.0468829 
train_loss: 0.0467661 
test_loss: 0.0464378 
train_loss: 0.0441219 
test_loss: 0.0466973 
train_loss: 0.0456152 
test_loss: 0.0463301 
train_loss: 0.0469591 
test_loss: 0.0464454 
train_loss: 0.0452565 
test_loss: 0.0462409 
train_loss: 0.0440974 
test_loss: 0.0462486 
train_loss: 0.0451562 
test_loss: 0.0460289 
train_loss: 0.044505 
test_loss: 0.0460758 
train_loss: 0.0437132 
test_loss: 0.0459437 
train_loss: 0.0450617 
test_loss: 0.0457359 
train_loss: 0.045476 
test_loss: 0.0455252 
train_loss: 0.0439522 
test_loss: 0.0453666 
train_loss: 0.0442005 
test_loss: 0.0452875 
train_loss: 0.0433993 
test_loss: 0.0452355 
train_loss: 0.044131 
test_loss: 0.0449497 
train_loss: 0.0447702 
test_loss: 0.044837 
train_loss: 0.0440128 
test_loss: 0.044784 
train_loss: 0.045107 
test_loss: 0.044672 
train_loss: 0.0438747 
test_loss: 0.0448891 
train_loss: 0.0448 
test_loss: 0.0445794 
train_loss: 0.0441249 
test_loss: 0.0445257 
train_loss: 0.0441075 
test_loss: 0.0447473 
train_loss: 0.0442761 
test_loss: 0.0443414 
train_loss: 0.0431034 
test_loss: 0.0440434 
train_loss: 0.0439447 
test_loss: 0.0439892 
train_loss: 0.0438189 
test_loss: 0.0439578 
train_loss: 0.0437717 
test_loss: 0.0438178 
train_loss: 0.0435659 
test_loss: 0.0437214 
train_loss: 0.042718 
test_loss: 0.0440371 
train_loss: 0.0440745 
test_loss: 0.0433945 
train_loss: 0.0435697 
test_loss: 0.0433506 
train_loss: 0.042883 
test_loss: 0.0433084 
train_loss: 0.0425687 
test_loss: 0.0429902 
train_loss: 0.0413602 
test_loss: 0.0427396 
train_loss: 0.0425128 
test_loss: 0.0426351 
train_loss: 0.0412161 
test_loss: 0.0426521 
train_loss: 0.041211 
test_loss: 0.0420281 
train_loss: 0.0396707 
test_loss: 0.0418429 
train_loss: 0.0406182 
test_loss: 0.0412841 
train_loss: 0.0398082 
test_loss: 0.0409795 
train_loss: 0.0397444 
test_loss: 0.0404824 
train_loss: 0.0400529 
test_loss: 0.0401343 
train_loss: 0.0392689 
test_loss: 0.0392074 
train_loss: 0.0373581 
test_loss: 0.0387783 
train_loss: 0.036536 
test_loss: 0.0379467 
train_loss: 0.0365118 
test_loss: 0.0366914 
train_loss: 0.0349262 
test_loss: 0.0351529 
train_loss: 0.0327242 
test_loss: 0.0339821 
train_loss: 0.0320012 
test_loss: 0.0321443 
train_loss: 0.0305509 
test_loss: 0.030333 
train_loss: 0.0284524 
test_loss: 0.0282935 
train_loss: 0.0268625 
test_loss: 0.0265422 
train_loss: 0.0245754 
test_loss: 0.0252454 
train_loss: 0.0222691 
test_loss: 0.0232017 
train_loss: 0.0216997 
test_loss: 0.0224224 
train_loss: 0.0204219 
test_loss: 0.0207318 
train_loss: 0.019972 
test_loss: 0.019538 
train_loss: 0.0186431 
test_loss: 0.0187742 
train_loss: 0.0174434 
test_loss: 0.018088 
train_loss: 0.0170989 
test_loss: 0.0176805 
train_loss: 0.0173913 
test_loss: 0.0169589 
train_loss: 0.0164575 
test_loss: 0.0165968 
train_loss: 0.0154346 
test_loss: 0.015581 
train_loss: 0.0154824 
test_loss: 0.0157366 
train_loss: 0.0155065 
test_loss: 0.0152275 
train_loss: 0.0143471 
test_loss: 0.0147693 
train_loss: 0.0145207 
test_loss: 0.0146975 
train_loss: 0.0138862 
test_loss: 0.0141521 
train_loss: 0.0143706 
test_loss: 0.0142381 
train_loss: 0.0139695 
test_loss: 0.013879 
train_loss: 0.0134497 
test_loss: 0.0135877 
train_loss: 0.0133516 
test_loss: 0.0134714 
train_loss: 0.0135697 
test_loss: 0.0131692 
train_loss: 0.0132051 
test_loss: 0.0130576 
train_loss: 0.0126466 
test_loss: 0.0136061 
train_loss: 0.0132202 
test_loss: 0.0133525 
train_loss: 0.012731 
test_loss: 0.0126959 
train_loss: 0.0125895 
test_loss: 0.0130193 
train_loss: 0.0123365 
test_loss: 0.0123202 
train_loss: 0.0121454 
test_loss: 0.0122865 
train_loss: 0.012071 
test_loss: 0.0122205 
train_loss: 0.0118528 
test_loss: 0.0121353 
train_loss: 0.0115403 
test_loss: 0.0120487 
train_loss: 0.0120167 
test_loss: 0.0120337 
train_loss: 0.0121668 
test_loss: 0.0121624 
train_loss: 0.0118281 
test_loss: 0.0121951 
train_loss: 0.011634 
test_loss: 0.0117567 
train_loss: 0.0117534 
test_loss: 0.0117375 
train_loss: 0.011156 
test_loss: 0.0116743 
train_loss: 0.011858 
test_loss: 0.0115367 
train_loss: 0.0112262 
test_loss: 0.0114498 
train_loss: 0.0111452 
test_loss: 0.0116339 
train_loss: 0.0113179 
test_loss: 0.0113525 
train_loss: 0.0111327 
test_loss: 0.0113785 
train_loss: 0.0118718 
test_loss: 0.0112563 
train_loss: 0.0112907 
test_loss: 0.0110822 
train_loss: 0.010619 
test_loss: 0.0109028 
train_loss: 0.0110096 
test_loss: 0.0109804 
train_loss: 0.0107681 
test_loss: 0.0109679 
train_loss: 0.0109144 
test_loss: 0.0109071 
train_loss: 0.0108278 
test_loss: 0.0108561 
train_loss: 0.0103486 
test_loss: 0.0108337 
train_loss: 0.0106886 
test_loss: 0.0107842 
train_loss: 0.0106303 
test_loss: 0.0108426 
train_loss: 0.0106741 
test_loss: 0.0108506 
train_loss: 0.0104191 
test_loss: 0.0105938 
train_loss: 0.010417 
test_loss: 0.0108316 
train_loss: 0.0103267 
test_loss: 0.0109027 
train_loss: 0.0104686 
test_loss: 0.0110975 
train_loss: 0.0103006 
test_loss: 0.0107389 
train_loss: 0.0102517 
test_loss: 0.0105134 
train_loss: 0.0102005 
test_loss: 0.0104362 
train_loss: 0.0103088 
test_loss: 0.0104641 
train_loss: 0.0101659 
test_loss: 0.0103197 
train_loss: 0.0105543 
test_loss: 0.0102722 
train_loss: 0.0103511 
test_loss: 0.0103166 
train_loss: 0.0100742 
test_loss: 0.0102127 
train_loss: 0.0100689 
test_loss: 0.0102277 
train_loss: 0.00998118 
test_loss: 0.0101233 
train_loss: 0.0102191 
test_loss: 0.0100723 
train_loss: 0.00997089 
test_loss: 0.0102072 
train_loss: 0.00983489 
test_loss: 0.0102278 
train_loss: 0.0101107 
test_loss: 0.0100452 
train_loss: 0.0098975 
test_loss: 0.00992292 
train_loss: 0.00967135 
test_loss: 0.0102609 
train_loss: 0.00961139 
test_loss: 0.00983997 
train_loss: 0.00983112 
test_loss: 0.0100746 
train_loss: 0.00979174 
test_loss: 0.0100231 
train_loss: 0.00992324 
test_loss: 0.00986766 
train_loss: 0.00953637 
test_loss: 0.00976288 
train_loss: 0.00960353 
test_loss: 0.00978432 
train_loss: 0.00941295 
test_loss: 0.00979239 
train_loss: 0.00940562 
test_loss: 0.00963061 
train_loss: 0.00935107 
test_loss: 0.00971172 
train_loss: 0.00957501 
test_loss: 0.0094704 
train_loss: 0.00923187 
test_loss: 0.0094789 
train_loss: 0.00904485 
test_loss: 0.00938608 
train_loss: 0.0093981 
test_loss: 0.00949295 
train_loss: 0.00889648 
test_loss: 0.00935273 
train_loss: 0.00886869 
test_loss: 0.00933619 
train_loss: 0.00930545 
test_loss: 0.00932752 
train_loss: 0.00896656 
test_loss: 0.00938473 
train_loss: 0.00865421 
test_loss: 0.00918796 
train_loss: 0.00892643 
test_loss: 0.00912368 
train_loss: 0.00885491 
test_loss: 0.00907254 
train_loss: 0.00923483 
test_loss: 0.00905817 
train_loss: 0.00890465 
test_loss: 0.00899537 
train_loss: 0.00862837 
test_loss: 0.00883355 
train_loss: 0.00852284 
test_loss: 0.0087902 
train_loss: 0.00866668 
test_loss: 0.00879122 
train_loss: 0.00865884 
test_loss: 0.00874671 
train_loss: 0.0086156 
test_loss: 0.00866525 
train_loss: 0.00815978 
test_loss: 0.0085621 
train_loss: 0.00810254 
test_loss: 0.00839409 
train_loss: 0.00852427 
test_loss: 0.00837937 
train_loss: 0.00809152 
test_loss: 0.00844149 
train_loss: 0.00836596 
test_loss: 0.00856604 
train_loss: 0.00808134 
test_loss: 0.00836789 
train_loss: 0.00801341 
test_loss: 0.00824552 
train_loss: 0.00787387 
test_loss: 0.00824655 
train_loss: 0.00815882 
test_loss: 0.00810036 
train_loss: 0.00796075 
test_loss: 0.0081507 
train_loss: 0.00781704 
test_loss: 0.00810332 
train_loss: 0.00769669 
test_loss: 0.00800961 
train_loss: 0.00757783 
test_loss: 0.00784231 
train_loss: 0.00786021 
test_loss: 0.00777953 
train_loss: 0.00776665 
test_loss: 0.00803216 
train_loss: 0.00776505 
test_loss: 0.00782082 
train_loss: 0.00746665 
test_loss: 0.00773232 
train_loss: 0.0074241 
test_loss: 0.00770259 
train_loss: 0.00752118 
test_loss: 0.00783564 
train_loss: 0.00745766 
test_loss: 0.00760319 
train_loss: 0.00710942 
test_loss: 0.00763394 
train_loss: 0.00708952 
test_loss: 0.00741362 
train_loss: 0.00756376 
test_loss: 0.00764904 
train_loss: 0.00712015 
test_loss: 0.00759224 
train_loss: 0.00711692 
test_loss: 0.00753207 
train_loss: 0.00720403 
test_loss: 0.00730389 
train_loss: 0.00695273 
test_loss: 0.00720236 
train_loss: 0.0068657 
test_loss: 0.00713549 
train_loss: 0.00688923 
test_loss: 0.00723611 
train_loss: 0.00698697 
test_loss: 0.00710225 
train_loss: 0.00684424 
test_loss: 0.00696557 
train_loss: 0.0067027 
test_loss: 0.00700741 
train_loss: 0.00678828 
test_loss: 0.00684518 
train_loss: 0.00661973 
test_loss: 0.00699445 
train_loss: 0.00651154 
test_loss: 0.00680577 
train_loss: 0.00652424 
test_loss: 0.00699532 
train_loss: 0.00654516 
test_loss: 0.00680873 
train_loss: 0.00651734 
test_loss: 0.00666994 
train_loss: 0.00649137 
test_loss: 0.00677576 
train_loss: 0.00644359 
test_loss: 0.00669019 
train_loss: 0.00637848 
test_loss: 0.00663271 
train_loss: 0.00642643 
test_loss: 0.00655076 
train_loss: 0.00637418 
test_loss: 0.00661735 
train_loss: 0.00628035 
test_loss: 0.00652664 
train_loss: 0.00601579 
test_loss: 0.00640182 
train_loss: 0.00626438 
test_loss: 0.00642141 
train_loss: 0.00612475 
test_loss: 0.00637452 
train_loss: 0.00621535 
test_loss: 0.00642272 
train_loss: 0.0061846 
test_loss: 0.00627705 
train_loss: 0.00592538 
test_loss: 0.00628528 
train_loss: 0.00587582 
test_loss: 0.00616966 
train_loss: 0.0061404 
test_loss: 0.00612422 
train_loss: 0.00579125 
test_loss: 0.00606256 
train_loss: 0.00588206 
test_loss: 0.00629672 
train_loss: 0.00584154 
test_loss: 0.00617499 
train_loss: 0.00582154 
test_loss: 0.00600153 
train_loss: 0.00589552 
test_loss: 0.00602882 
train_loss: 0.00599579 
test_loss: 0.00596259 
train_loss: 0.0055816 
test_loss: 0.00595957 
train_loss: 0.00562578 
test_loss: 0.00577454 
train_loss: 0.00591413 
test_loss: 0.00580453 
train_loss: 0.00549803 
test_loss: 0.00559772 
train_loss: 0.00563908 
test_loss: 0.00571945 
train_loss: 0.00542267 
test_loss: 0.00564506 
train_loss: 0.00524813 
test_loss: 0.00558366 
train_loss: 0.00543541 
test_loss: 0.00563358 
train_loss: 0.00527302 
test_loss: 0.00561976 
train_loss: 0.00525096 
test_loss: 0.00556685 
train_loss: 0.00528406 
test_loss: 0.00552186 
train_loss: 0.00528719 
test_loss: 0.00545989 
train_loss: 0.00523223 
test_loss: 0.00548231 
train_loss: 0.00507171 
test_loss: 0.00539367 
train_loss: 0.00530917 
test_loss: 0.00541789 
train_loss: 0.00536943 
test_loss: 0.00545934 
train_loss: 0.005242 
test_loss: 0.00538621 
train_loss: 0.0051645 
test_loss: 0.00533969 
train_loss: 0.00507866 
test_loss: 0.0053356 
train_loss: 0.0051399 
test_loss: 0.00533385 
train_loss: 0.0050102 
test_loss: 0.00524357 
train_loss: 0.0050699 
test_loss: 0.00508559 
train_loss: 0.00502877 
test_loss: 0.0052269 
train_loss: 0.00500917 
test_loss: 0.00522175 
train_loss: 0.00498013 
test_loss: 0.00503001 
train_loss: 0.00500885 
test_loss: 0.00514444 
train_loss: 0.00495397 
test_loss: 0.00514813 
train_loss: 0.00493039 
test_loss: 0.0050006 
train_loss: 0.00489673 
test_loss: 0.00497339 
train_loss: 0.00465802 
test_loss: 0.00505954 
train_loss: 0.0047905 
test_loss: 0.00501572 
train_loss: 0.00459618 
test_loss: 0.00483704 
train_loss: 0.00472591 
test_loss: 0.00502237 
train_loss: 0.00464559 
test_loss: 0.0048493 
train_loss: 0.00475287 
test_loss: 0.00492702 
train_loss: 0.00476153 
test_loss: 0.00492662 
train_loss: 0.00471937 
test_loss: 0.00483705 
train_loss: 0.00476898 
test_loss: 0.00485346 
train_loss: 0.0047439 
test_loss: 0.00493569 
train_loss: 0.00462671 
test_loss: 0.00488387 
train_loss: 0.00471481 
test_loss: 0.00494449 
train_loss: 0.00450493 
test_loss: 0.00473277 
train_loss: 0.0046613 
test_loss: 0.00477539 
train_loss: 0.00460765 
test_loss: 0.00484936 
