train_loss: 0.477673 
test_loss: 0.475593 
train_loss: 0.469467 
test_loss: 0.473323 
train_loss: 0.46717 
test_loss: 0.473305 
train_loss: 0.47574 
test_loss: 0.473301 
train_loss: 0.475269 
test_loss: 0.473308 
train_loss: 0.477662 
test_loss: 0.4733 
train_loss: 0.478562 
test_loss: 0.47327 
train_loss: 0.474981 
test_loss: 0.473282 
train_loss: 0.480639 
test_loss: 0.473292 
train_loss: 0.471655 
test_loss: 0.473284 
train_loss: 0.472927 
test_loss: 0.47327 
train_loss: 0.472141 
test_loss: 0.47327 
train_loss: 0.479236 
test_loss: 0.473272 
train_loss: 0.470615 
test_loss: 0.47325 
train_loss: 0.475533 
test_loss: 0.473242 
train_loss: 0.471756 
test_loss: 0.473239 
train_loss: 0.477227 
test_loss: 0.473234 
train_loss: 0.47013 
test_loss: 0.473236 
train_loss: 0.467765 
test_loss: 0.47322 
train_loss: 0.465266 
test_loss: 0.473192 
train_loss: 0.469783 
test_loss: 0.473168 
train_loss: 0.471763 
test_loss: 0.473172 
train_loss: 0.470499 
test_loss: 0.473166 
train_loss: 0.468238 
test_loss: 0.473158 
train_loss: 0.472865 
test_loss: 0.473152 
train_loss: 0.476659 
test_loss: 0.473132 
train_loss: 0.470983 
test_loss: 0.473121 
train_loss: 0.472556 
test_loss: 0.473107 
train_loss: 0.459537 
test_loss: 0.473106 
train_loss: 0.471927 
test_loss: 0.473078 
train_loss: 0.475963 
test_loss: 0.473058 
train_loss: 0.47695 
test_loss: 0.473054 
train_loss: 0.475741 
test_loss: 0.473033 
train_loss: 0.471322 
test_loss: 0.47304 
train_loss: 0.473557 
test_loss: 0.473005 
train_loss: 0.47491 
test_loss: 0.472986 
train_loss: 0.476762 
test_loss: 0.472968 
train_loss: 0.481656 
test_loss: 0.472953 
train_loss: 0.468358 
test_loss: 0.472926 
train_loss: 0.468948 
test_loss: 0.472896 
train_loss: 0.474876 
test_loss: 0.472893 
train_loss: 0.474743 
test_loss: 0.472874 
train_loss: 0.468106 
test_loss: 0.472844 
train_loss: 0.478652 
test_loss: 0.472813 
train_loss: 0.477258 
test_loss: 0.472809 
train_loss: 0.470341 
test_loss: 0.472768 
train_loss: 0.478043 
test_loss: 0.472752 
train_loss: 0.474584 
test_loss: 0.472741 
train_loss: 0.473686 
test_loss: 0.472716 
train_loss: 0.472681 
test_loss: 0.472691 
train_loss: 0.470315 
test_loss: 0.472646 
train_loss: 0.468577 
test_loss: 0.472625 
train_loss: 0.473996 
test_loss: 0.47259 
train_loss: 0.477211 
test_loss: 0.47257 
train_loss: 0.47426 
test_loss: 0.472533 
train_loss: 0.481812 
test_loss: 0.47251 
train_loss: 0.469323 
test_loss: 0.472465 
train_loss: 0.475649 
test_loss: 0.47243 
train_loss: 0.471532 
test_loss: 0.472409 
train_loss: 0.469612 
test_loss: 0.472375 
train_loss: 0.470621 
test_loss: 0.472335 
train_loss: 0.470892 
test_loss: 0.472291 
train_loss: 0.478189 
test_loss: 0.472252 
train_loss: 0.469953 
test_loss: 0.472229 
train_loss: 0.476572 
test_loss: 0.472184 
train_loss: 0.474886 
test_loss: 0.472144 
train_loss: 0.470207 
test_loss: 0.47211 
train_loss: 0.467517 
test_loss: 0.472059 
train_loss: 0.468778 
test_loss: 0.472013 
train_loss: 0.47938 
test_loss: 0.471976 
train_loss: 0.476277 
test_loss: 0.471924 
train_loss: 0.46972 
test_loss: 0.471875 
train_loss: 0.470639 
test_loss: 0.471828 
train_loss: 0.470543 
test_loss: 0.471764 
train_loss: 0.482754 
test_loss: 0.471718 
train_loss: 0.478972 
test_loss: 0.471679 
train_loss: 0.478534 
test_loss: 0.47162 
train_loss: 0.473875 
test_loss: 0.471568 
train_loss: 0.467089 
test_loss: 0.471503 
train_loss: 0.470283 
test_loss: 0.471438 
train_loss: 0.468165 
test_loss: 0.471404 
train_loss: 0.474648 
test_loss: 0.471342 
train_loss: 0.474543 
test_loss: 0.471281 
train_loss: 0.472227 
test_loss: 0.471195 
train_loss: 0.473233 
test_loss: 0.471155 
train_loss: 0.474139 
test_loss: 0.471082 
train_loss: 0.472573 
test_loss: 0.47102 
train_loss: 0.466438 
test_loss: 0.47094 
train_loss: 0.471129 
test_loss: 0.470864 
train_loss: 0.467183 
test_loss: 0.470801 
train_loss: 0.472803 
test_loss: 0.470716 
train_loss: 0.470157 
test_loss: 0.470634 
train_loss: 0.477852 
test_loss: 0.470556 
train_loss: 0.473001 
test_loss: 0.470466 
train_loss: 0.466047 
test_loss: 0.470386 
train_loss: 0.469297 
test_loss: 0.470278 
train_loss: 0.470972 
test_loss: 0.470206 
train_loss: 0.472346 
test_loss: 0.470123 
train_loss: 0.471759 
test_loss: 0.470023 
train_loss: 0.47033 
test_loss: 0.469908 
train_loss: 0.472529 
test_loss: 0.469829 
train_loss: 0.471235 
test_loss: 0.469714 
train_loss: 0.467723 
test_loss: 0.46962 
train_loss: 0.472001 
test_loss: 0.469523 
train_loss: 0.474531 
test_loss: 0.469395 
train_loss: 0.461318 
test_loss: 0.469296 
train_loss: 0.468724 
test_loss: 0.469175 
train_loss: 0.472086 
test_loss: 0.469068 
train_loss: 0.472646 
test_loss: 0.468943 
train_loss: 0.466632 
test_loss: 0.468812 
train_loss: 0.471958 
test_loss: 0.468695 
train_loss: 0.470062 
test_loss: 0.468573 
train_loss: 0.462822 
test_loss: 0.468443 
train_loss: 0.47248 
test_loss: 0.468299 
train_loss: 0.475154 
test_loss: 0.46815 
train_loss: 0.466341 
test_loss: 0.468007 
train_loss: 0.476905 
test_loss: 0.46785 
train_loss: 0.469535 
test_loss: 0.467717 
train_loss: 0.463972 
test_loss: 0.467546 
train_loss: 0.46737 
test_loss: 0.467401 
train_loss: 0.469418 
test_loss: 0.467229 
train_loss: 0.467115 
test_loss: 0.467079 
train_loss: 0.472092 
test_loss: 0.466919 
train_loss: 0.46854 
test_loss: 0.466731 
train_loss: 0.466369 
test_loss: 0.466535 
train_loss: 0.470639 
test_loss: 0.466365 
train_loss: 0.464267 
test_loss: 0.466183 
train_loss: 0.475495 
test_loss: 0.465995 
train_loss: 0.466169 
test_loss: 0.465782 
train_loss: 0.46561 
test_loss: 0.465592 
train_loss: 0.462476 
test_loss: 0.465374 
train_loss: 0.469591 
test_loss: 0.465157 
train_loss: 0.466231 
test_loss: 0.464954 
train_loss: 0.466013 
test_loss: 0.464739 
train_loss: 0.4631 
test_loss: 0.464503 
train_loss: 0.463746 
test_loss: 0.464273 
train_loss: 0.463366 
test_loss: 0.464034 
train_loss: 0.464823 
test_loss: 0.463786 
train_loss: 0.463744 
test_loss: 0.463537 
train_loss: 0.465183 
test_loss: 0.463293 
train_loss: 0.466423 
test_loss: 0.463013 
train_loss: 0.459181 
test_loss: 0.462745 
train_loss: 0.459762 
test_loss: 0.462468 
train_loss: 0.460325 
test_loss: 0.46218 
train_loss: 0.470507 
test_loss: 0.461893 
train_loss: 0.457949 
test_loss: 0.461602 
train_loss: 0.46293 
test_loss: 0.461304 
train_loss: 0.462621 
test_loss: 0.46097 
train_loss: 0.462052 
test_loss: 0.460668 
train_loss: 0.46199 
test_loss: 0.460332 
train_loss: 0.460546 
test_loss: 0.459997 
train_loss: 0.458274 
test_loss: 0.459661 
train_loss: 0.458394 
test_loss: 0.45929 
train_loss: 0.461673 
test_loss: 0.458951 
train_loss: 0.45487 
test_loss: 0.458569 
train_loss: 0.463 
test_loss: 0.458196 
train_loss: 0.458081 
test_loss: 0.457811 
train_loss: 0.455855 
test_loss: 0.457399 
train_loss: 0.458901 
test_loss: 0.457012 
train_loss: 0.460366 
test_loss: 0.456598 
train_loss: 0.460165 
test_loss: 0.456172 
train_loss: 0.455571 
test_loss: 0.455735 
train_loss: 0.453161 
test_loss: 0.45529 
train_loss: 0.45631 
test_loss: 0.454833 
train_loss: 0.454628 
test_loss: 0.454349 
train_loss: 0.453121 
test_loss: 0.453886 
train_loss: 0.458964 
test_loss: 0.453391 
train_loss: 0.457547 
test_loss: 0.452887 
train_loss: 0.451133 
test_loss: 0.452379 
train_loss: 0.45608 
test_loss: 0.451856 
train_loss: 0.450806 
test_loss: 0.451324 
train_loss: 0.449219 
test_loss: 0.450758 
train_loss: 0.455278 
test_loss: 0.450195 
train_loss: 0.448411 
test_loss: 0.449616 
train_loss: 0.453646 
test_loss: 0.449025 
train_loss: 0.456512 
test_loss: 0.448423 
train_loss: 0.446652 
test_loss: 0.447818 
train_loss: 0.447726 
test_loss: 0.447171 
train_loss: 0.45315 
test_loss: 0.446534 
train_loss: 0.441012 
test_loss: 0.445859 
train_loss: 0.446789 
test_loss: 0.445186 
train_loss: 0.442742 
test_loss: 0.444471 
train_loss: 0.445899 
test_loss: 0.443793 
train_loss: 0.444516 
test_loss: 0.443067 
train_loss: 0.444238 
test_loss: 0.442304 
train_loss: 0.444127 
test_loss: 0.441559 
train_loss: 0.439606 
test_loss: 0.44078 
train_loss: 0.442536 
test_loss: 0.439992 
train_loss: 0.441385 
test_loss: 0.439178 
train_loss: 0.441123 
test_loss: 0.438341 
train_loss: 0.434803 
test_loss: 0.437489 
train_loss: 0.437562 
test_loss: 0.43662 
train_loss: 0.439292 
test_loss: 0.435738 
train_loss: 0.433565 
test_loss: 0.434818 
train_loss: 0.430526 
test_loss: 0.433896 
train_loss: 0.434798 
test_loss: 0.432946 
train_loss: 0.436118 
test_loss: 0.431981 
train_loss: 0.432904 
test_loss: 0.430992 
train_loss: 0.431033 
test_loss: 0.42996 
train_loss: 0.430909 
test_loss: 0.428913 
train_loss: 0.427083 
test_loss: 0.427874 
train_loss: 0.426002 
test_loss: 0.426803 
train_loss: 0.424362 
test_loss: 0.425686 
train_loss: 0.425916 
test_loss: 0.424556 
train_loss: 0.420911 
test_loss: 0.423411 
train_loss: 0.420551 
test_loss: 0.422236 
train_loss: 0.417527 
test_loss: 0.421022 
train_loss: 0.419116 
test_loss: 0.419799 
train_loss: 0.418475 
test_loss: 0.418535 
train_loss: 0.41118 
test_loss: 0.417256 
train_loss: 0.41504 
test_loss: 0.415931 
train_loss: 0.412787 
test_loss: 0.414611 
train_loss: 0.411695 
test_loss: 0.413237 
train_loss: 0.412813 
test_loss: 0.411852 
train_loss: 0.410935 
test_loss: 0.410415 
train_loss: 0.40863 
test_loss: 0.408982 
train_loss: 0.40705 
test_loss: 0.407499 
train_loss: 0.407827 
test_loss: 0.405988 
train_loss: 0.400045 
test_loss: 0.404433 
train_loss: 0.405424 
test_loss: 0.402871 
train_loss: 0.397745 
test_loss: 0.401254 
train_loss: 0.397304 
test_loss: 0.399614 
train_loss: 0.398371 
test_loss: 0.397951 
train_loss: 0.393991 
test_loss: 0.39625 
train_loss: 0.396016 
test_loss: 0.394511 
train_loss: 0.390742 
test_loss: 0.392718 
train_loss: 0.397888 
test_loss: 0.390921 
train_loss: 0.394678 
test_loss: 0.389085 
train_loss: 0.383668 
test_loss: 0.387202 
train_loss: 0.379825 
test_loss: 0.385297 
train_loss: 0.386888 
test_loss: 0.383345 
train_loss: 0.381344 
test_loss: 0.38136 
train_loss: 0.379324 
test_loss: 0.379339 
train_loss: 0.383378 
test_loss: 0.377278 
train_loss: 0.375157 
test_loss: 0.375173 
train_loss: 0.372649 
test_loss: 0.373036 
train_loss: 0.373895 
test_loss: 0.37086 
train_loss: 0.369356 
test_loss: 0.368633 
train_loss: 0.366909 
test_loss: 0.366388 
train_loss: 0.359573 
test_loss: 0.36408 
train_loss: 0.366709 
test_loss: 0.36175 
train_loss: 0.359874 
test_loss: 0.359359 
train_loss: 0.360116 
test_loss: 0.356936 
train_loss: 0.351529 
test_loss: 0.354464 
train_loss: 0.350798 
test_loss: 0.351968 
train_loss: 0.346104 
test_loss: 0.34942 
train_loss: 0.343839 
test_loss: 0.346819 
train_loss: 0.347632 
test_loss: 0.344174 
train_loss: 0.341991 
test_loss: 0.341485 
train_loss: 0.33598 
test_loss: 0.338775 
train_loss: 0.335598 
test_loss: 0.335987 
train_loss: 0.335605 
test_loss: 0.33317 
train_loss: 0.331944 
test_loss: 0.330302 
train_loss: 0.328115 
test_loss: 0.327393 
train_loss: 0.323261 
test_loss: 0.32443 
train_loss: 0.328686 
test_loss: 0.321438 
train_loss: 0.32469 
test_loss: 0.318389 
train_loss: 0.315918 
test_loss: 0.315288 
train_loss: 0.314996 
test_loss: 0.312145 
train_loss: 0.309142 
test_loss: 0.30896 
train_loss: 0.30654 
test_loss: 0.305729 
train_loss: 0.303441 
test_loss: 0.302448 
train_loss: 0.303843 
test_loss: 0.299127 
train_loss: 0.29201 
test_loss: 0.295758 
train_loss: 0.293652 
test_loss: 0.292337 
train_loss: 0.287574 
test_loss: 0.288875 
train_loss: 0.283665 
test_loss: 0.285374 
train_loss: 0.283336 
test_loss: 0.281807 
train_loss: 0.277098 
test_loss: 0.278208 
train_loss: 0.269833 
test_loss: 0.27456 
train_loss: 0.274256 
test_loss: 0.270873 
train_loss: 0.269959 
test_loss: 0.267121 
train_loss: 0.263005 
test_loss: 0.26333 
train_loss: 0.257962 
test_loss: 0.259487 
train_loss: 0.25611 
test_loss: 0.255609 
train_loss: 0.248768 
test_loss: 0.251667 
train_loss: 0.248488 
test_loss: 0.247678 
train_loss: 0.241204 
test_loss: 0.243636 
train_loss: 0.243118 
test_loss: 0.239539 
train_loss: 0.236147 
test_loss: 0.235394 
train_loss: 0.231768 
test_loss: 0.231193 
train_loss: 0.228509 
test_loss: 0.22695 
train_loss: 0.225095 
test_loss: 0.222654 
train_loss: 0.2198 
test_loss: 0.218311 
train_loss: 0.21664 
test_loss: 0.213916 
train_loss: 0.208085 
test_loss: 0.20947 
train_loss: 0.205508 
test_loss: 0.204995 
train_loss: 0.19944 
test_loss: 0.200475 
train_loss: 0.193482 
test_loss: 0.195913 
train_loss: 0.192954 
test_loss: 0.191321 
train_loss: 0.187456 
test_loss: 0.186703 
train_loss: 0.182553 
test_loss: 0.182065 
train_loss: 0.178191 
test_loss: 0.177407 
train_loss: 0.173054 
test_loss: 0.172747 
train_loss: 0.167755 
test_loss: 0.168095 
train_loss: 0.164096 
test_loss: 0.163448 
train_loss: 0.15712 
test_loss: 0.158825 
train_loss: 0.153332 
test_loss: 0.154231 
train_loss: 0.150702 
test_loss: 0.149683 
train_loss: 0.144617 
test_loss: 0.14519 
train_loss: 0.141011 
test_loss: 0.140757 
train_loss: 0.136512 
test_loss: 0.136411 
train_loss: 0.131689 
test_loss: 0.132153 
train_loss: 0.128351 
test_loss: 0.128 
train_loss: 0.124795 
test_loss: 0.123947 
train_loss: 0.120227 
test_loss: 0.120021 
train_loss: 0.116521 
test_loss: 0.116199 
train_loss: 0.112736 
test_loss: 0.112507 
train_loss: 0.107941 
test_loss: 0.108939 
train_loss: 0.104958 
test_loss: 0.105496 
train_loss: 0.101442 
test_loss: 0.102177 
train_loss: 0.098225 
test_loss: 0.0989682 
train_loss: 0.0952643 
test_loss: 0.09588 
train_loss: 0.0939599 
test_loss: 0.0928815 
train_loss: 0.0892491 
test_loss: 0.0899786 
train_loss: 0.0873484 
test_loss: 0.0871621 
train_loss: 0.0843736 
test_loss: 0.08445 
train_loss: 0.0814996 
test_loss: 0.0818648 
train_loss: 0.0784619 
test_loss: 0.079449 
train_loss: 0.077372 
test_loss: 0.0772411 
train_loss: 0.0755984 
test_loss: 0.0752331 
train_loss: 0.0732721 
test_loss: 0.0734254 
train_loss: 0.0720026 
test_loss: 0.0718107 
train_loss: 0.0712489 
test_loss: 0.0703639 
train_loss: 0.0690786 
test_loss: 0.0690664 
train_loss: 0.0685483 
test_loss: 0.0678973 
train_loss: 0.0658888 
test_loss: 0.0668543 
train_loss: 0.0663592 
test_loss: 0.0659092 
train_loss: 0.0631537 
test_loss: 0.0650588 
train_loss: 0.064578 
test_loss: 0.0642902 
train_loss: 0.0635879 
test_loss: 0.0635904 
train_loss: 0.0626363 
test_loss: 0.0629501 
train_loss: 0.0622981 
test_loss: 0.0623723 
train_loss: 0.0612651 
test_loss: 0.061829 
train_loss: 0.0611009 
test_loss: 0.0613376 
train_loss: 0.0604424 
test_loss: 0.0608781 
train_loss: 0.0600009 
test_loss: 0.0604534 
train_loss: 0.0601954 
test_loss: 0.0600572 
train_loss: 0.0597376 
test_loss: 0.0596866 
train_loss: 0.0593628 
test_loss: 0.0593451 
train_loss: 0.0579857 
test_loss: 0.0590151 
train_loss: 0.0582847 
test_loss: 0.0587049 
train_loss: 0.0585304 
test_loss: 0.0584238 
train_loss: 0.0573404 
test_loss: 0.0581468 
train_loss: 0.0571463 
test_loss: 0.0578802 
train_loss: 0.0582301 
test_loss: 0.0576255 
train_loss: 0.057896 
test_loss: 0.0573909 
train_loss: 0.0567517 
test_loss: 0.0571597 
train_loss: 0.0574169 
test_loss: 0.0569319 
train_loss: 0.0561674 
test_loss: 0.0567184 
train_loss: 0.0569408 
test_loss: 0.0565039 
train_loss: 0.055558 
test_loss: 0.0563005 
train_loss: 0.0564594 
test_loss: 0.0560928 
train_loss: 0.0551618 
test_loss: 0.0558925 
train_loss: 0.0546746 
test_loss: 0.0557079 
train_loss: 0.055159 
test_loss: 0.055502 
train_loss: 0.0552067 
test_loss: 0.0553102 
train_loss: 0.0547601 
test_loss: 0.0551114 
train_loss: 0.0538413 
test_loss: 0.0549196 
train_loss: 0.0551019 
test_loss: 0.0547125 
train_loss: 0.0542774 
test_loss: 0.0545151 
train_loss: 0.0540162 
test_loss: 0.0543143 
train_loss: 0.0530877 
test_loss: 0.054109 
train_loss: 0.0545679 
test_loss: 0.0538886 
train_loss: 0.0539523 
test_loss: 0.0537031 
train_loss: 0.052711 
test_loss: 0.0534666 
train_loss: 0.0524558 
test_loss: 0.0532334 
train_loss: 0.0532483 
test_loss: 0.0530011 
train_loss: 0.0536818 
test_loss: 0.0527735 
train_loss: 0.0528094 
test_loss: 0.0525062 
train_loss: 0.05214 
test_loss: 0.0522447 
train_loss: 0.0518727 
test_loss: 0.0519905 
train_loss: 0.05144 
test_loss: 0.0517094 
train_loss: 0.0516114 
test_loss: 0.0514301 
train_loss: 0.0506344 
test_loss: 0.0511187 
train_loss: 0.0508459 
test_loss: 0.0508138 
train_loss: 0.0502376 
test_loss: 0.0504783 
train_loss: 0.0502159 
test_loss: 0.0501261 
train_loss: 0.0498733 
test_loss: 0.0497715 
train_loss: 0.0495556 
test_loss: 0.0493835 
train_loss: 0.0489544 
test_loss: 0.0489946 
train_loss: 0.0480508 
test_loss: 0.0485683 
train_loss: 0.0480868 
test_loss: 0.0481284 
train_loss: 0.0475197 
test_loss: 0.0476696 
train_loss: 0.0468983 
test_loss: 0.0472085 
train_loss: 0.0468965 
test_loss: 0.0466838 
train_loss: 0.0458401 
test_loss: 0.0461503 
train_loss: 0.0455449 
test_loss: 0.045621 
train_loss: 0.0451579 
test_loss: 0.0450164 
train_loss: 0.044538 
test_loss: 0.0444352 
train_loss: 0.0437769 
test_loss: 0.0437961 
train_loss: 0.0434778 
test_loss: 0.0431268 
train_loss: 0.0417672 
test_loss: 0.0424245 
train_loss: 0.0414601 
test_loss: 0.0417114 
train_loss: 0.0408073 
test_loss: 0.0409327 
train_loss: 0.0398332 
test_loss: 0.0401435 
train_loss: 0.039189 
test_loss: 0.0393844 
train_loss: 0.0381439 
test_loss: 0.0385142 
train_loss: 0.037096 
test_loss: 0.0377134 
train_loss: 0.0365669 
test_loss: 0.0368537 
train_loss: 0.0360161 
test_loss: 0.0359482 
train_loss: 0.0350243 
test_loss: 0.0350868 
train_loss: 0.0337007 
test_loss: 0.0341707 
train_loss: 0.0329019 
test_loss: 0.0332466 
train_loss: 0.0321295 
test_loss: 0.0323789 
train_loss: 0.0311734 
test_loss: 0.0315205 
train_loss: 0.0300017 
test_loss: 0.0306609 
train_loss: 0.0297208 
test_loss: 0.0298038 
train_loss: 0.028624 
test_loss: 0.0291012 
train_loss: 0.0282333 
test_loss: 0.0282523 
train_loss: 0.0276907 
test_loss: 0.0275362 
train_loss: 0.0271725 
test_loss: 0.0269205 
train_loss: 0.026054 
test_loss: 0.0262647 
train_loss: 0.0251659 
test_loss: 0.025592 
train_loss: 0.0247978 
test_loss: 0.0251235 
train_loss: 0.0240047 
test_loss: 0.0245702 
train_loss: 0.0238278 
test_loss: 0.0240716 
train_loss: 0.0237291 
test_loss: 0.0235789 
train_loss: 0.0231103 
test_loss: 0.0231902 
train_loss: 0.0226018 
test_loss: 0.0226916 
train_loss: 0.022158 
test_loss: 0.0223168 
train_loss: 0.0215974 
test_loss: 0.0220439 
train_loss: 0.0214281 
test_loss: 0.0216511 
train_loss: 0.0211878 
test_loss: 0.0214671 
train_loss: 0.021282 
test_loss: 0.0213032 
train_loss: 0.0207666 
test_loss: 0.020689 
train_loss: 0.0206571 
test_loss: 0.0205637 
train_loss: 0.0200879 
test_loss: 0.0202606 
train_loss: 0.0197962 
test_loss: 0.020262 
train_loss: 0.0198376 
test_loss: 0.0197621 
train_loss: 0.0192178 
test_loss: 0.0195377 
train_loss: 0.0197463 
test_loss: 0.019524 
train_loss: 0.0192299 
test_loss: 0.0191668 
train_loss: 0.0183193 
test_loss: 0.0190882 
train_loss: 0.0191292 
test_loss: 0.0190387 
train_loss: 0.018674 
test_loss: 0.0186991 
train_loss: 0.0186072 
test_loss: 0.0186959 
train_loss: 0.0186581 
test_loss: 0.0184733 
train_loss: 0.0178848 
test_loss: 0.0183047 
train_loss: 0.0179894 
test_loss: 0.0180987 
train_loss: 0.0176173 
test_loss: 0.0180528 
train_loss: 0.0179793 
test_loss: 0.0179387 
train_loss: 0.0177164 
test_loss: 0.0178579 
train_loss: 0.0177639 
test_loss: 0.0177888 
train_loss: 0.017384 
test_loss: 0.0177571 
train_loss: 0.0168561 
test_loss: 0.0175768 
train_loss: 0.017403 
test_loss: 0.0179456 
train_loss: 0.0170047 
test_loss: 0.0173385 
train_loss: 0.0170604 
test_loss: 0.017279 
train_loss: 0.0172357 
test_loss: 0.0172312 
train_loss: 0.0170997 
test_loss: 0.0171353 
train_loss: 0.0174042 
test_loss: 0.0174174 
train_loss: 0.017027 
test_loss: 0.0170345 
train_loss: 0.016983 
test_loss: 0.017037 
train_loss: 0.0168978 
test_loss: 0.0168518 
train_loss: 0.0168042 
test_loss: 0.0168636 
train_loss: 0.0166735 
test_loss: 0.0167583 
train_loss: 0.0167732 
test_loss: 0.0166947 
train_loss: 0.016311 
test_loss: 0.0166346 
train_loss: 0.017049 
test_loss: 0.0166082 
train_loss: 0.0163928 
test_loss: 0.0170653 
train_loss: 0.0167224 
test_loss: 0.0165838 
train_loss: 0.0160945 
test_loss: 0.016833 
train_loss: 0.016187 
test_loss: 0.0164508 
train_loss: 0.0161314 
test_loss: 0.0164902 
train_loss: 0.0164159 
test_loss: 0.0163145 
train_loss: 0.0163666 
test_loss: 0.0170457 
train_loss: 0.0162923 
test_loss: 0.0164018 
train_loss: 0.0161226 
test_loss: 0.0162439 
train_loss: 0.0163264 
test_loss: 0.016282 
train_loss: 0.0157557 
test_loss: 0.0161462 
train_loss: 0.0158682 
test_loss: 0.0161483 
train_loss: 0.0158894 
test_loss: 0.0161355 
train_loss: 0.0156733 
test_loss: 0.0161735 
train_loss: 0.0159471 
test_loss: 0.016154 
train_loss: 0.0160726 
test_loss: 0.0159817 
train_loss: 0.0163205 
test_loss: 0.0159445 
train_loss: 0.0161075 
test_loss: 0.0160396 
train_loss: 0.0159374 
test_loss: 0.015953 
train_loss: 0.0156349 
test_loss: 0.0158941 
train_loss: 0.0156649 
test_loss: 0.015925 
train_loss: 0.0158829 
test_loss: 0.0159099 
train_loss: 0.0155446 
test_loss: 0.0158019 
train_loss: 0.0155054 
test_loss: 0.0161041 
train_loss: 0.0158904 
test_loss: 0.0159077 
train_loss: 0.0155469 
test_loss: 0.0157833 
train_loss: 0.0160556 
test_loss: 0.0158434 
train_loss: 0.0158349 
test_loss: 0.0160179 
train_loss: 0.0158669 
test_loss: 0.0157188 
train_loss: 0.0155673 
test_loss: 0.0157267 
train_loss: 0.0151909 
test_loss: 0.0158998 
train_loss: 0.015457 
test_loss: 0.0156074 
train_loss: 0.0155515 
test_loss: 0.0156234 
train_loss: 0.0154187 
test_loss: 0.015648 
train_loss: 0.0153413 
test_loss: 0.0156752 
train_loss: 0.0157895 
test_loss: 0.0155127 
train_loss: 0.01525 
test_loss: 0.015544 
train_loss: 0.0155449 
test_loss: 0.0155671 
train_loss: 0.01522 
test_loss: 0.0154707 
train_loss: 0.0150902 
test_loss: 0.01535 
train_loss: 0.0153375 
test_loss: 0.015351 
train_loss: 0.015509 
test_loss: 0.0155075 
train_loss: 0.0151677 
test_loss: 0.0152849 
train_loss: 0.01515 
test_loss: 0.0157993 
train_loss: 0.0159303 
test_loss: 0.0156432 
train_loss: 0.0149609 
test_loss: 0.0153815 
train_loss: 0.0148695 
test_loss: 0.0153056 
train_loss: 0.0148175 
test_loss: 0.0152986 
train_loss: 0.0150542 
test_loss: 0.0151406 
train_loss: 0.0151013 
test_loss: 0.0155223 
train_loss: 0.0148941 
test_loss: 0.0150648 
train_loss: 0.0152226 
test_loss: 0.0150858 
train_loss: 0.0152245 
test_loss: 0.015209 
train_loss: 0.0146663 
test_loss: 0.0149978 
train_loss: 0.0148744 
test_loss: 0.0149296 
train_loss: 0.0147414 
test_loss: 0.0149282 
train_loss: 0.0146656 
test_loss: 0.0149137 
train_loss: 0.0142506 
test_loss: 0.0151586 
train_loss: 0.0144124 
test_loss: 0.0148655 
train_loss: 0.014372 
test_loss: 0.0148931 
train_loss: 0.0153958 
test_loss: 0.014712 
train_loss: 0.0146117 
test_loss: 0.0149544 
train_loss: 0.0147726 
test_loss: 0.0145207 
train_loss: 0.0143904 
test_loss: 0.0149235 
train_loss: 0.0143261 
test_loss: 0.014407 
train_loss: 0.0145048 
test_loss: 0.0144535 
train_loss: 0.0141194 
test_loss: 0.0144564 
train_loss: 0.0145161 
test_loss: 0.0143117 
train_loss: 0.0140958 
test_loss: 0.0146786 
train_loss: 0.0140324 
test_loss: 0.014262 
train_loss: 0.01417 
test_loss: 0.0142779 
train_loss: 0.0137621 
test_loss: 0.0142614 
train_loss: 0.0137996 
test_loss: 0.0139876 
train_loss: 0.0139619 
test_loss: 0.0140218 
train_loss: 0.0137196 
test_loss: 0.0137114 
train_loss: 0.0131372 
test_loss: 0.0137965 
train_loss: 0.0131445 
test_loss: 0.0134822 
train_loss: 0.0141995 
test_loss: 0.0137474 
train_loss: 0.0129138 
test_loss: 0.0132082 
train_loss: 0.0128928 
test_loss: 0.0130393 
train_loss: 0.0127589 
test_loss: 0.0127445 
train_loss: 0.0122952 
test_loss: 0.0130617 
train_loss: 0.0126467 
test_loss: 0.0130229 
train_loss: 0.0127529 
test_loss: 0.0123595 
train_loss: 0.0119484 
test_loss: 0.0124021 
train_loss: 0.0118267 
test_loss: 0.0118412 
train_loss: 0.011808 
test_loss: 0.0117868 
train_loss: 0.0110016 
test_loss: 0.011221 
train_loss: 0.0111633 
test_loss: 0.0110183 
train_loss: 0.0107965 
test_loss: 0.011101 
train_loss: 0.0103205 
test_loss: 0.0107152 
train_loss: 0.00997668 
test_loss: 0.00960901 
train_loss: 0.00959159 
test_loss: 0.00959752 
train_loss: 0.00992221 
test_loss: 0.00980591 
train_loss: 0.00879102 
test_loss: 0.00908438 
train_loss: 0.00915429 
test_loss: 0.00970926 
train_loss: 0.00842781 
test_loss: 0.0094064 
train_loss: 0.00782432 
test_loss: 0.00795325 
train_loss: 0.00741474 
test_loss: 0.0075834 
train_loss: 0.00748444 
test_loss: 0.00721521 
train_loss: 0.00709121 
test_loss: 0.00683062 
train_loss: 0.00677659 
test_loss: 0.00718512 
train_loss: 0.00652549 
test_loss: 0.00672705 
train_loss: 0.00705412 
test_loss: 0.00654226 
train_loss: 0.00608007 
test_loss: 0.00613644 
train_loss: 0.00620771 
test_loss: 0.0061073 
train_loss: 0.0066442 
test_loss: 0.00680897 
train_loss: 0.00639876 
test_loss: 0.00613163 
train_loss: 0.00599688 
test_loss: 0.00665268 
train_loss: 0.0052753 
test_loss: 0.00550229 
train_loss: 0.00579456 
test_loss: 0.00594809 
train_loss: 0.00600791 
test_loss: 0.00519477 
train_loss: 0.00481647 
test_loss: 0.00552793 
train_loss: 0.00518807 
test_loss: 0.00511465 
train_loss: 0.00501819 
test_loss: 0.0048392 
train_loss: 0.00541236 
test_loss: 0.00481713 
train_loss: 0.00539765 
test_loss: 0.00513656 
train_loss: 0.00617853 
test_loss: 0.00550059 
train_loss: 0.00499891 
test_loss: 0.0047093 
train_loss: 0.00502908 
test_loss: 0.00516042 
train_loss: 0.00521689 
test_loss: 0.00545609 
train_loss: 0.0051093 
test_loss: 0.00530454 
train_loss: 0.0042012 
test_loss: 0.00495863 
train_loss: 0.00495113 
test_loss: 0.00448294 
train_loss: 0.00462753 
test_loss: 0.00445947 
train_loss: 0.00434257 
test_loss: 0.00425391 
train_loss: 0.00438013 
test_loss: 0.0040328 
train_loss: 0.00417161 
test_loss: 0.00448669 
train_loss: 0.00438089 
test_loss: 0.00420412 
train_loss: 0.00461431 
test_loss: 0.00411629 
train_loss: 0.00445288 
test_loss: 0.00403233 
train_loss: 0.00425877 
test_loss: 0.00407086 
train_loss: 0.00409323 
test_loss: 0.00417511 
train_loss: 0.00420879 
test_loss: 0.00414203 
train_loss: 0.00412262 
test_loss: 0.0040185 
train_loss: 0.00407433 
test_loss: 0.00452826 
train_loss: 0.00400751 
test_loss: 0.00412859 
train_loss: 0.00383858 
test_loss: 0.00411416 
train_loss: 0.00395396 
test_loss: 0.0043696 
train_loss: 0.00415266 
test_loss: 0.00400793 
train_loss: 0.00449767 
test_loss: 0.00528111 
