train_loss: 2.00389 
test_loss: 2.30585 
train_loss: 0.482667 
test_loss: 0.475572 
train_loss: 0.47915 
test_loss: 0.475256 
train_loss: 0.477467 
test_loss: 0.474926 
train_loss: 0.477078 
test_loss: 0.474535 
train_loss: 0.485724 
test_loss: 0.47411 
train_loss: 0.470927 
test_loss: 0.473638 
train_loss: 0.473171 
test_loss: 0.473098 
train_loss: 0.469827 
test_loss: 0.472566 
train_loss: 0.47064 
test_loss: 0.471979 
train_loss: 0.469949 
test_loss: 0.471333 
train_loss: 0.47178 
test_loss: 0.470661 
train_loss: 0.476898 
test_loss: 0.469957 
train_loss: 0.474892 
test_loss: 0.469215 
train_loss: 0.471749 
test_loss: 0.468437 
train_loss: 0.470262 
test_loss: 0.467619 
train_loss: 0.46506 
test_loss: 0.46677 
train_loss: 0.467077 
test_loss: 0.465876 
train_loss: 0.471186 
test_loss: 0.464961 
train_loss: 0.46455 
test_loss: 0.464013 
train_loss: 0.464717 
test_loss: 0.463007 
train_loss: 0.46145 
test_loss: 0.461976 
train_loss: 0.465734 
test_loss: 0.460928 
train_loss: 0.466106 
test_loss: 0.459822 
train_loss: 0.4597 
test_loss: 0.458696 
train_loss: 0.45888 
test_loss: 0.457527 
train_loss: 0.451865 
test_loss: 0.456329 
train_loss: 0.453114 
test_loss: 0.455072 
train_loss: 0.458994 
test_loss: 0.453803 
train_loss: 0.452655 
test_loss: 0.452466 
train_loss: 0.458949 
test_loss: 0.451129 
train_loss: 0.449975 
test_loss: 0.449728 
train_loss: 0.452418 
test_loss: 0.448288 
train_loss: 0.451616 
test_loss: 0.446837 
train_loss: 0.447015 
test_loss: 0.445325 
train_loss: 0.442559 
test_loss: 0.443791 
train_loss: 0.43907 
test_loss: 0.442185 
train_loss: 0.439469 
test_loss: 0.440587 
train_loss: 0.438814 
test_loss: 0.438925 
train_loss: 0.439985 
test_loss: 0.437219 
train_loss: 0.437757 
test_loss: 0.435499 
train_loss: 0.43696 
test_loss: 0.43371 
train_loss: 0.435984 
test_loss: 0.431892 
train_loss: 0.432009 
test_loss: 0.430016 
train_loss: 0.429628 
test_loss: 0.428106 
train_loss: 0.4265 
test_loss: 0.426164 
train_loss: 0.425164 
test_loss: 0.424186 
train_loss: 0.425428 
test_loss: 0.422157 
train_loss: 0.421152 
test_loss: 0.420068 
train_loss: 0.420526 
test_loss: 0.417972 
train_loss: 0.422839 
test_loss: 0.415814 
train_loss: 0.411408 
test_loss: 0.413616 
train_loss: 0.415338 
test_loss: 0.411387 
train_loss: 0.414773 
test_loss: 0.409092 
train_loss: 0.412814 
test_loss: 0.406771 
train_loss: 0.409189 
test_loss: 0.404385 
train_loss: 0.404411 
test_loss: 0.401963 
train_loss: 0.398489 
test_loss: 0.399504 
train_loss: 0.396789 
test_loss: 0.396997 
train_loss: 0.392473 
test_loss: 0.394436 
train_loss: 0.398247 
test_loss: 0.391851 
train_loss: 0.393732 
test_loss: 0.389197 
train_loss: 0.391502 
test_loss: 0.386523 
train_loss: 0.383333 
test_loss: 0.383783 
train_loss: 0.384894 
test_loss: 0.381007 
train_loss: 0.379517 
test_loss: 0.378172 
train_loss: 0.379275 
test_loss: 0.375329 
train_loss: 0.377865 
test_loss: 0.372415 
train_loss: 0.372471 
test_loss: 0.36946 
train_loss: 0.371143 
test_loss: 0.366451 
train_loss: 0.366477 
test_loss: 0.363404 
train_loss: 0.370357 
test_loss: 0.360318 
train_loss: 0.356427 
test_loss: 0.357179 
train_loss: 0.35683 
test_loss: 0.354002 
train_loss: 0.354728 
test_loss: 0.350768 
train_loss: 0.347762 
test_loss: 0.347494 
train_loss: 0.342968 
test_loss: 0.344187 
train_loss: 0.334505 
test_loss: 0.340834 
train_loss: 0.34483 
test_loss: 0.337434 
train_loss: 0.331172 
test_loss: 0.333981 
train_loss: 0.330131 
test_loss: 0.330491 
train_loss: 0.328366 
test_loss: 0.326952 
train_loss: 0.324824 
test_loss: 0.323371 
train_loss: 0.316891 
test_loss: 0.319745 
train_loss: 0.321748 
test_loss: 0.316074 
train_loss: 0.313078 
test_loss: 0.312362 
train_loss: 0.311109 
test_loss: 0.308603 
train_loss: 0.306305 
test_loss: 0.304798 
train_loss: 0.300923 
test_loss: 0.300942 
train_loss: 0.296312 
test_loss: 0.29705 
train_loss: 0.294246 
test_loss: 0.29312 
train_loss: 0.287142 
test_loss: 0.289117 
train_loss: 0.285402 
test_loss: 0.285084 
train_loss: 0.285349 
test_loss: 0.281001 
train_loss: 0.280169 
test_loss: 0.276879 
train_loss: 0.275851 
test_loss: 0.2727 
train_loss: 0.265616 
test_loss: 0.268474 
train_loss: 0.262567 
test_loss: 0.264187 
train_loss: 0.260543 
test_loss: 0.259863 
train_loss: 0.252644 
test_loss: 0.255479 
train_loss: 0.254013 
test_loss: 0.251062 
train_loss: 0.245386 
test_loss: 0.246569 
train_loss: 0.240547 
test_loss: 0.242043 
train_loss: 0.236103 
test_loss: 0.23746 
train_loss: 0.233644 
test_loss: 0.232821 
train_loss: 0.229766 
test_loss: 0.228131 
train_loss: 0.223037 
test_loss: 0.223384 
train_loss: 0.220543 
test_loss: 0.218604 
train_loss: 0.213438 
test_loss: 0.213758 
train_loss: 0.209508 
test_loss: 0.208885 
train_loss: 0.201906 
test_loss: 0.203954 
train_loss: 0.200948 
test_loss: 0.199004 
train_loss: 0.191032 
test_loss: 0.194004 
train_loss: 0.187991 
test_loss: 0.188974 
train_loss: 0.185076 
test_loss: 0.183933 
train_loss: 0.179557 
test_loss: 0.17888 
train_loss: 0.174932 
test_loss: 0.173829 
train_loss: 0.170491 
test_loss: 0.168772 
train_loss: 0.164207 
test_loss: 0.163736 
train_loss: 0.159707 
test_loss: 0.158727 
train_loss: 0.154446 
test_loss: 0.153771 
train_loss: 0.148653 
test_loss: 0.148871 
train_loss: 0.144535 
test_loss: 0.144035 
train_loss: 0.139725 
test_loss: 0.139287 
train_loss: 0.134575 
test_loss: 0.134637 
train_loss: 0.132332 
test_loss: 0.130115 
train_loss: 0.126261 
test_loss: 0.125703 
train_loss: 0.121525 
test_loss: 0.121445 
train_loss: 0.118156 
test_loss: 0.11731 
train_loss: 0.114327 
test_loss: 0.11331 
train_loss: 0.110866 
test_loss: 0.109429 
train_loss: 0.106688 
test_loss: 0.105676 
train_loss: 0.100854 
test_loss: 0.102047 
train_loss: 0.0988474 
test_loss: 0.0985513 
train_loss: 0.0956546 
test_loss: 0.095201 
train_loss: 0.0913228 
test_loss: 0.0920295 
train_loss: 0.0877034 
test_loss: 0.0890613 
train_loss: 0.0852894 
test_loss: 0.0863203 
train_loss: 0.0847131 
test_loss: 0.0838365 
train_loss: 0.0833188 
test_loss: 0.081606 
train_loss: 0.0796668 
test_loss: 0.0796367 
train_loss: 0.0782644 
test_loss: 0.0779144 
train_loss: 0.076886 
test_loss: 0.076444 
train_loss: 0.0742434 
test_loss: 0.0751891 
train_loss: 0.0739529 
test_loss: 0.074116 
train_loss: 0.0733088 
test_loss: 0.0732121 
train_loss: 0.0729606 
test_loss: 0.0724531 
train_loss: 0.0715281 
test_loss: 0.0718055 
train_loss: 0.0723812 
test_loss: 0.071268 
train_loss: 0.0710643 
test_loss: 0.0708098 
train_loss: 0.0699146 
test_loss: 0.0704201 
train_loss: 0.0703446 
test_loss: 0.0700944 
train_loss: 0.0702917 
test_loss: 0.069813 
train_loss: 0.0698095 
test_loss: 0.0695615 
train_loss: 0.0708543 
test_loss: 0.0693455 
train_loss: 0.0683185 
test_loss: 0.069162 
train_loss: 0.0703307 
test_loss: 0.068987 
train_loss: 0.0687704 
test_loss: 0.0688367 
train_loss: 0.0678963 
test_loss: 0.0687039 
train_loss: 0.0687225 
test_loss: 0.0685726 
train_loss: 0.0684697 
test_loss: 0.0684567 
train_loss: 0.0681767 
test_loss: 0.0683474 
train_loss: 0.0682758 
test_loss: 0.0682355 
train_loss: 0.0691146 
test_loss: 0.0681377 
train_loss: 0.0686444 
test_loss: 0.0680332 
train_loss: 0.0677704 
test_loss: 0.0679371 
train_loss: 0.0685243 
test_loss: 0.0678528 
train_loss: 0.0682218 
test_loss: 0.06776 
train_loss: 0.067819 
test_loss: 0.0676639 
train_loss: 0.0690014 
test_loss: 0.0675875 
train_loss: 0.0671887 
test_loss: 0.0674847 
train_loss: 0.0660476 
test_loss: 0.0673885 
train_loss: 0.0663601 
test_loss: 0.0673012 
train_loss: 0.0673299 
test_loss: 0.0672042 
train_loss: 0.0673307 
test_loss: 0.0671064 
train_loss: 0.0678636 
test_loss: 0.0670073 
train_loss: 0.066837 
test_loss: 0.0669143 
train_loss: 0.06688 
test_loss: 0.0668005 
train_loss: 0.068272 
test_loss: 0.0666933 
train_loss: 0.0671267 
test_loss: 0.0665985 
train_loss: 0.0667331 
test_loss: 0.0664698 
train_loss: 0.0667007 
test_loss: 0.0663546 
train_loss: 0.0657614 
test_loss: 0.0662295 
train_loss: 0.066293 
test_loss: 0.0660972 
train_loss: 0.0660037 
test_loss: 0.0659552 
train_loss: 0.0659244 
test_loss: 0.0658143 
train_loss: 0.0651344 
test_loss: 0.0656815 
train_loss: 0.0651018 
test_loss: 0.0655061 
train_loss: 0.064819 
test_loss: 0.0653462 
train_loss: 0.0662855 
test_loss: 0.0651689 
train_loss: 0.0639522 
test_loss: 0.0650137 
train_loss: 0.0647172 
test_loss: 0.0648173 
train_loss: 0.0646788 
test_loss: 0.0646221 
train_loss: 0.0638898 
test_loss: 0.0644085 
train_loss: 0.0656131 
test_loss: 0.0641908 
train_loss: 0.0636823 
test_loss: 0.063975 
train_loss: 0.0643148 
test_loss: 0.0637411 
train_loss: 0.0621022 
test_loss: 0.06349 
train_loss: 0.0623924 
test_loss: 0.0632412 
train_loss: 0.0625455 
test_loss: 0.0629627 
train_loss: 0.0629777 
test_loss: 0.0626928 
train_loss: 0.0612614 
test_loss: 0.0623698 
train_loss: 0.0610368 
test_loss: 0.0620545 
train_loss: 0.0610005 
test_loss: 0.0616865 
train_loss: 0.0631953 
test_loss: 0.0613512 
train_loss: 0.0602948 
test_loss: 0.0609557 
train_loss: 0.0589458 
test_loss: 0.0605337 
train_loss: 0.060834 
test_loss: 0.0601255 
train_loss: 0.0586571 
test_loss: 0.0596433 
train_loss: 0.0598888 
test_loss: 0.0591581 
train_loss: 0.0580203 
test_loss: 0.0586618 
train_loss: 0.0583146 
test_loss: 0.0581213 
train_loss: 0.0567281 
test_loss: 0.0575348 
train_loss: 0.0571184 
test_loss: 0.0569441 
train_loss: 0.056527 
test_loss: 0.0563483 
train_loss: 0.0554309 
test_loss: 0.0556638 
train_loss: 0.0542235 
test_loss: 0.0549713 
train_loss: 0.0545371 
test_loss: 0.0542604 
train_loss: 0.0528668 
test_loss: 0.0534922 
train_loss: 0.0526342 
test_loss: 0.0527437 
train_loss: 0.0521409 
test_loss: 0.0519097 
train_loss: 0.0507854 
test_loss: 0.051119 
train_loss: 0.0503287 
test_loss: 0.0502638 
train_loss: 0.0492545 
test_loss: 0.0494135 
train_loss: 0.0488324 
test_loss: 0.0486291 
train_loss: 0.0476979 
test_loss: 0.0476789 
train_loss: 0.0469177 
test_loss: 0.0468607 
train_loss: 0.0459964 
test_loss: 0.0460033 
train_loss: 0.0451598 
test_loss: 0.0451473 
train_loss: 0.0447188 
test_loss: 0.0443356 
train_loss: 0.0439537 
test_loss: 0.0435296 
train_loss: 0.0426755 
test_loss: 0.042768 
train_loss: 0.0415434 
test_loss: 0.0419921 
train_loss: 0.0410526 
test_loss: 0.0412847 
train_loss: 0.0408256 
test_loss: 0.0406071 
train_loss: 0.0406018 
test_loss: 0.0400027 
train_loss: 0.0396068 
test_loss: 0.0394328 
train_loss: 0.038695 
test_loss: 0.0388743 
train_loss: 0.0390928 
test_loss: 0.0383973 
train_loss: 0.0372366 
test_loss: 0.0379366 
train_loss: 0.0377268 
test_loss: 0.0375363 
train_loss: 0.0376008 
test_loss: 0.0371246 
train_loss: 0.0361923 
test_loss: 0.036836 
train_loss: 0.0351876 
test_loss: 0.0364576 
train_loss: 0.0364606 
test_loss: 0.0361438 
train_loss: 0.0358663 
test_loss: 0.0358823 
train_loss: 0.0355012 
test_loss: 0.0356005 
train_loss: 0.0359915 
test_loss: 0.0353683 
train_loss: 0.0348536 
test_loss: 0.0351823 
train_loss: 0.034998 
test_loss: 0.0349425 
train_loss: 0.0347107 
test_loss: 0.0347594 
train_loss: 0.0340902 
test_loss: 0.0345951 
train_loss: 0.0336153 
test_loss: 0.0343669 
train_loss: 0.0337921 
test_loss: 0.034186 
train_loss: 0.0339777 
test_loss: 0.0340275 
train_loss: 0.034761 
test_loss: 0.03386 
train_loss: 0.0344782 
test_loss: 0.0336899 
train_loss: 0.0338012 
test_loss: 0.0335125 
train_loss: 0.0331725 
test_loss: 0.033375 
train_loss: 0.0328193 
test_loss: 0.0331633 
train_loss: 0.0334877 
test_loss: 0.0330659 
train_loss: 0.0319717 
test_loss: 0.0328833 
train_loss: 0.0315049 
test_loss: 0.0327508 
train_loss: 0.0320715 
test_loss: 0.0326387 
train_loss: 0.0317953 
test_loss: 0.0324829 
train_loss: 0.0326048 
test_loss: 0.0324202 
train_loss: 0.0317714 
test_loss: 0.0324364 
train_loss: 0.03228 
test_loss: 0.0321916 
train_loss: 0.032278 
test_loss: 0.0321054 
train_loss: 0.0313183 
test_loss: 0.0320546 
train_loss: 0.032501 
test_loss: 0.0319095 
train_loss: 0.0317331 
test_loss: 0.0318293 
train_loss: 0.0319888 
test_loss: 0.0317583 
train_loss: 0.0320434 
test_loss: 0.0316951 
train_loss: 0.0317198 
test_loss: 0.0316316 
train_loss: 0.0323423 
test_loss: 0.031515 
train_loss: 0.0321921 
test_loss: 0.0315138 
train_loss: 0.0306075 
test_loss: 0.0313994 
train_loss: 0.0312009 
test_loss: 0.0313928 
train_loss: 0.0310166 
test_loss: 0.031327 
train_loss: 0.0316029 
test_loss: 0.0312255 
train_loss: 0.0311826 
test_loss: 0.0311668 
train_loss: 0.0309553 
test_loss: 0.0311269 
train_loss: 0.0307417 
test_loss: 0.0310728 
train_loss: 0.0306185 
test_loss: 0.0310129 
train_loss: 0.0309402 
test_loss: 0.0310937 
train_loss: 0.030341 
test_loss: 0.0309831 
train_loss: 0.029868 
test_loss: 0.0308963 
train_loss: 0.031695 
test_loss: 0.0308829 
train_loss: 0.0305569 
test_loss: 0.0309772 
train_loss: 0.0311475 
test_loss: 0.0307552 
train_loss: 0.030602 
test_loss: 0.0307035 
train_loss: 0.0306706 
test_loss: 0.0308021 
train_loss: 0.0301468 
test_loss: 0.0306982 
train_loss: 0.0308274 
test_loss: 0.0306099 
train_loss: 0.0306414 
test_loss: 0.0306086 
train_loss: 0.0307 
test_loss: 0.0305429 
train_loss: 0.0301709 
test_loss: 0.0304704 
train_loss: 0.0307261 
test_loss: 0.0304735 
train_loss: 0.0309074 
test_loss: 0.0304028 
train_loss: 0.0309213 
test_loss: 0.030487 
train_loss: 0.0300552 
test_loss: 0.0303908 
train_loss: 0.0297522 
test_loss: 0.0303085 
train_loss: 0.0300337 
test_loss: 0.0302327 
train_loss: 0.0306772 
test_loss: 0.0303837 
train_loss: 0.0299273 
test_loss: 0.030247 
train_loss: 0.029704 
test_loss: 0.0302412 
train_loss: 0.0294608 
test_loss: 0.0302041 
train_loss: 0.0302879 
test_loss: 0.0300687 
train_loss: 0.029747 
test_loss: 0.0299469 
train_loss: 0.0300768 
test_loss: 0.0299979 
train_loss: 0.0302477 
test_loss: 0.0299373 
train_loss: 0.0294932 
test_loss: 0.029959 
train_loss: 0.0301525 
test_loss: 0.029772 
train_loss: 0.0302158 
test_loss: 0.0298522 
train_loss: 0.0294973 
test_loss: 0.0296525 
train_loss: 0.0295721 
test_loss: 0.0295832 
train_loss: 0.0295896 
test_loss: 0.0294822 
train_loss: 0.0287563 
test_loss: 0.0295577 
train_loss: 0.0293222 
test_loss: 0.0293372 
train_loss: 0.0295399 
test_loss: 0.0293606 
train_loss: 0.0296443 
test_loss: 0.0294021 
train_loss: 0.0289275 
test_loss: 0.0291619 
train_loss: 0.0295979 
test_loss: 0.0290033 
train_loss: 0.0294384 
test_loss: 0.0289451 
train_loss: 0.0288888 
test_loss: 0.0287499 
train_loss: 0.0290015 
test_loss: 0.0286447 
train_loss: 0.0280545 
test_loss: 0.0284933 
train_loss: 0.0280298 
test_loss: 0.0285182 
train_loss: 0.0281563 
test_loss: 0.0280792 
train_loss: 0.027259 
test_loss: 0.027905 
train_loss: 0.0274145 
test_loss: 0.0276976 
train_loss: 0.0273209 
test_loss: 0.0274418 
train_loss: 0.0268393 
test_loss: 0.0272359 
train_loss: 0.0267422 
test_loss: 0.0268048 
train_loss: 0.0262829 
test_loss: 0.0263948 
train_loss: 0.0267209 
test_loss: 0.0262225 
train_loss: 0.0255181 
test_loss: 0.0255742 
train_loss: 0.024763 
test_loss: 0.0250436 
train_loss: 0.0246556 
test_loss: 0.0246292 
train_loss: 0.0231769 
test_loss: 0.0239973 
train_loss: 0.023048 
test_loss: 0.0228982 
train_loss: 0.0225621 
test_loss: 0.0222844 
train_loss: 0.0211932 
test_loss: 0.0213302 
train_loss: 0.0206744 
test_loss: 0.0204371 
train_loss: 0.0197515 
test_loss: 0.0193211 
train_loss: 0.0182186 
test_loss: 0.0180711 
train_loss: 0.0176301 
test_loss: 0.0171682 
train_loss: 0.0174249 
test_loss: 0.0167383 
train_loss: 0.0156885 
test_loss: 0.0154618 
train_loss: 0.0140554 
test_loss: 0.0144326 
train_loss: 0.0139902 
test_loss: 0.0141491 
train_loss: 0.0128547 
test_loss: 0.0134326 
train_loss: 0.0124162 
test_loss: 0.0130585 
train_loss: 0.0126696 
test_loss: 0.0120975 
train_loss: 0.011815 
test_loss: 0.0116987 
train_loss: 0.0109278 
test_loss: 0.0110978 
train_loss: 0.0111404 
test_loss: 0.0115222 
train_loss: 0.0106937 
test_loss: 0.0105653 
train_loss: 0.0102321 
test_loss: 0.00999565 
train_loss: 0.00999388 
test_loss: 0.00974243 
train_loss: 0.00995521 
test_loss: 0.00973881 
train_loss: 0.00928203 
test_loss: 0.00949926 
train_loss: 0.00905601 
test_loss: 0.00925319 
train_loss: 0.00868447 
test_loss: 0.00912069 
train_loss: 0.00907933 
test_loss: 0.00924319 
train_loss: 0.00878819 
test_loss: 0.00930494 
train_loss: 0.00798672 
test_loss: 0.00877801 
train_loss: 0.00805728 
test_loss: 0.00840642 
train_loss: 0.00882609 
test_loss: 0.00870895 
train_loss: 0.00809015 
test_loss: 0.00850252 
train_loss: 0.00855841 
test_loss: 0.00817116 
train_loss: 0.0086421 
test_loss: 0.00896996 
train_loss: 0.00822752 
test_loss: 0.00846278 
train_loss: 0.00839426 
test_loss: 0.00810001 
train_loss: 0.00824952 
test_loss: 0.00800916 
train_loss: 0.00806392 
test_loss: 0.00797425 
train_loss: 0.00805958 
test_loss: 0.00785877 
train_loss: 0.00802046 
test_loss: 0.00783941 
train_loss: 0.00759245 
test_loss: 0.00761924 
train_loss: 0.00765685 
test_loss: 0.00769321 
train_loss: 0.00797006 
test_loss: 0.00997027 
train_loss: 0.0074159 
test_loss: 0.00773234 
train_loss: 0.00734672 
test_loss: 0.00749053 
train_loss: 0.00738564 
test_loss: 0.00745177 
train_loss: 0.00724892 
test_loss: 0.00741056 
train_loss: 0.00710582 
test_loss: 0.00700722 
train_loss: 0.00712517 
test_loss: 0.00724447 
train_loss: 0.00721371 
test_loss: 0.00700508 
train_loss: 0.00745933 
test_loss: 0.00690202 
train_loss: 0.00732121 
test_loss: 0.00682629 
train_loss: 0.0071496 
test_loss: 0.00696124 
train_loss: 0.00714494 
test_loss: 0.00756985 
train_loss: 0.00721275 
test_loss: 0.00687485 
train_loss: 0.00735974 
test_loss: 0.00732722 
train_loss: 0.00719023 
test_loss: 0.00734533 
train_loss: 0.00778193 
test_loss: 0.00731186 
train_loss: 0.00668748 
test_loss: 0.0066627 
train_loss: 0.00692272 
test_loss: 0.00692249 
train_loss: 0.00714526 
test_loss: 0.00761705 
train_loss: 0.00651429 
test_loss: 0.00649767 
train_loss: 0.00700771 
test_loss: 0.0064777 
train_loss: 0.00670762 
test_loss: 0.0063504 
train_loss: 0.0063628 
test_loss: 0.00686652 
train_loss: 0.00644663 
test_loss: 0.00636495 
train_loss: 0.00623698 
test_loss: 0.00643731 
train_loss: 0.00652857 
test_loss: 0.00676743 
train_loss: 0.0068693 
test_loss: 0.00728276 
train_loss: 0.0067439 
test_loss: 0.00657391 
train_loss: 0.00609639 
test_loss: 0.00613639 
train_loss: 0.0060856 
test_loss: 0.0063525 
train_loss: 0.00680179 
test_loss: 0.00627873 
train_loss: 0.00621327 
test_loss: 0.00648616 
train_loss: 0.00661105 
test_loss: 0.00666388 
train_loss: 0.00648397 
test_loss: 0.00660964 
train_loss: 0.00639773 
test_loss: 0.00652362 
train_loss: 0.00634089 
test_loss: 0.00643368 
train_loss: 0.00805578 
test_loss: 0.00670839 
train_loss: 0.00624674 
test_loss: 0.00625272 
train_loss: 0.00636762 
test_loss: 0.00625637 
train_loss: 0.00621026 
test_loss: 0.00638902 
