train_loss: 0.010726 
test_loss: 0.010193 
train_loss: 0.006554 
test_loss: 0.007500 
train_loss: 0.005787 
test_loss: 0.005530 
train_loss: 0.004761 
test_loss: 0.004793 
train_loss: 0.004202 
test_loss: 0.003971 
train_loss: 0.003882 
test_loss: 0.004694 
train_loss: 0.003565 
test_loss: 0.004143 
train_loss: 0.004890 
test_loss: 0.005365 
train_loss: 0.004049 
test_loss: 0.003905 
train_loss: 0.003983 
test_loss: 0.004002 
train_loss: 0.003283 
test_loss: 0.003384 
train_loss: 0.004002 
test_loss: 0.003276 
train_loss: 0.003924 
test_loss: 0.003201 
train_loss: 0.003946 
test_loss: 0.003583 
train_loss: 0.003655 
test_loss: 0.003616 
train_loss: 0.004991 
test_loss: 0.004491 
train_loss: 0.003353 
test_loss: 0.003030 
train_loss: 0.003115 
test_loss: 0.003115 
train_loss: 0.002760 
test_loss: 0.002838 
train_loss: 0.002880 
test_loss: 0.003809 
train_loss: 0.002640 
test_loss: 0.002871 
train_loss: 0.003132 
test_loss: 0.003046 
train_loss: 0.003129 
test_loss: 0.002606 
train_loss: 0.002787 
test_loss: 0.002826 
train_loss: 0.003275 
test_loss: 0.002737 
train_loss: 0.004192 
test_loss: 0.003219 
train_loss: 0.003357 
test_loss: 0.002645 
train_loss: 0.002681 
test_loss: 0.002998 
train_loss: 0.002808 
test_loss: 0.003891 
train_loss: 0.002635 
test_loss: 0.002816 
train_loss: 0.002454 
test_loss: 0.002409 
train_loss: 0.002736 
test_loss: 0.002909 
train_loss: 0.002852 
test_loss: 0.002585 
train_loss: 0.003089 
test_loss: 0.003121 
train_loss: 0.002726 
test_loss: 0.002619 
train_loss: 0.002802 
test_loss: 0.002718 
train_loss: 0.002692 
test_loss: 0.002970 
train_loss: 0.002476 
test_loss: 0.002633 
train_loss: 0.002516 
test_loss: 0.002913 
train_loss: 0.002798 
test_loss: 0.002550 
train_loss: 0.002511 
test_loss: 0.002979 
