train_loss: 0.022861 
test_loss: 0.023064 
train_loss: 0.020167 
test_loss: 0.019767 
train_loss: 0.018802 
test_loss: 0.018652 
train_loss: 0.019012 
test_loss: 0.017260 
train_loss: 0.017132 
test_loss: 0.018719 
train_loss: 0.017745 
test_loss: 0.017734 
train_loss: 0.017643 
test_loss: 0.017599 
train_loss: 0.018022 
test_loss: 0.017223 
train_loss: 0.017098 
test_loss: 0.017310 
train_loss: 0.018108 
test_loss: 0.017717 
train_loss: 0.017323 
test_loss: 0.017523 
train_loss: 0.018273 
test_loss: 0.016879 
train_loss: 0.016303 
test_loss: 0.017407 
train_loss: 0.016944 
test_loss: 0.016783 
train_loss: 0.016603 
test_loss: 0.017384 
train_loss: 0.017775 
test_loss: 0.016821 
train_loss: 0.015997 
test_loss: 0.016600 
train_loss: 0.017080 
test_loss: 0.016695 
train_loss: 0.016644 
test_loss: 0.015975 
train_loss: 0.015295 
test_loss: 0.016064 
train_loss: 0.016248 
test_loss: 0.016062 
train_loss: 0.015779 
test_loss: 0.016140 
train_loss: 0.015636 
test_loss: 0.015974 
train_loss: 0.017206 
test_loss: 0.016553 
train_loss: 0.015301 
test_loss: 0.015872 
train_loss: 0.016617 
test_loss: 0.015722 
train_loss: 0.016427 
test_loss: 0.016241 
train_loss: 0.016863 
test_loss: 0.015750 
train_loss: 0.017284 
test_loss: 0.015932 
train_loss: 0.016285 
test_loss: 0.016212 
train_loss: 0.015973 
test_loss: 0.015624 
train_loss: 0.014412 
test_loss: 0.015971 
train_loss: 0.016579 
test_loss: 0.015618 
train_loss: 0.015993 
test_loss: 0.015772 
train_loss: 0.015421 
test_loss: 0.015818 
train_loss: 0.015753 
test_loss: 0.015976 
train_loss: 0.017995 
test_loss: 0.015903 
train_loss: 0.016956 
test_loss: 0.015673 
train_loss: 0.015944 
test_loss: 0.015923 
train_loss: 0.015259 
test_loss: 0.015943 
train_loss: 0.015939 
test_loss: 0.015548 
train_loss: 0.014916 
test_loss: 0.015812 
train_loss: 0.016041 
test_loss: 0.015719 
train_loss: 0.015298 
test_loss: 0.015791 
train_loss: 0.016292 
test_loss: 0.016083 
train_loss: 0.015985 
test_loss: 0.015450 
train_loss: 0.015187 
test_loss: 0.015313 
train_loss: 0.015992 
test_loss: 0.015637 
train_loss: 0.016080 
test_loss: 0.015932 
train_loss: 0.015466 
test_loss: 0.015401 
train_loss: 0.014756 
test_loss: 0.015561 
