train_loss: 0.064245 
test_loss: 0.064426 
train_loss: 0.049114 
test_loss: 0.048109 
train_loss: 0.036609 
test_loss: 0.036853 
train_loss: 0.033454 
test_loss: 0.034268 
train_loss: 0.033580 
test_loss: 0.033351 
train_loss: 0.032584 
test_loss: 0.032950 
train_loss: 0.031533 
test_loss: 0.032068 
train_loss: 0.031463 
test_loss: 0.031472 
train_loss: 0.030386 
test_loss: 0.031058 
train_loss: 0.031220 
test_loss: 0.030842 
train_loss: 0.030592 
test_loss: 0.030548 
train_loss: 0.030713 
test_loss: 0.030309 
train_loss: 0.029887 
test_loss: 0.029773 
train_loss: 0.028856 
test_loss: 0.029032 
train_loss: 0.028799 
test_loss: 0.028710 
train_loss: 0.027967 
test_loss: 0.028243 
train_loss: 0.025813 
test_loss: 0.026715 
train_loss: 0.025143 
test_loss: 0.025589 
train_loss: 0.024240 
test_loss: 0.024616 
train_loss: 0.022656 
test_loss: 0.023038 
train_loss: 0.021538 
test_loss: 0.022022 
train_loss: 0.019935 
test_loss: 0.020458 
train_loss: 0.019940 
test_loss: 0.019696 
train_loss: 0.019109 
test_loss: 0.019827 
train_loss: 0.017213 
test_loss: 0.017709 
train_loss: 0.016294 
test_loss: 0.016532 
train_loss: 0.016448 
test_loss: 0.016372 
train_loss: 0.015217 
test_loss: 0.016146 
train_loss: 0.015202 
test_loss: 0.015148 
train_loss: 0.014804 
test_loss: 0.014794 
train_loss: 0.013690 
test_loss: 0.014647 
train_loss: 0.013965 
test_loss: 0.014105 
train_loss: 0.013942 
test_loss: 0.014623 
train_loss: 0.012757 
test_loss: 0.013084 
train_loss: 0.012548 
test_loss: 0.012626 
train_loss: 0.011962 
test_loss: 0.012330 
train_loss: 0.012099 
test_loss: 0.012927 
train_loss: 0.013417 
test_loss: 0.012648 
train_loss: 0.011645 
test_loss: 0.011728 
train_loss: 0.012260 
test_loss: 0.012311 
train_loss: 0.011980 
test_loss: 0.012436 
train_loss: 0.011766 
test_loss: 0.011802 
train_loss: 0.011402 
test_loss: 0.011196 
train_loss: 0.010699 
test_loss: 0.011030 
train_loss: 0.011215 
test_loss: 0.011402 
train_loss: 0.011422 
test_loss: 0.010970 
train_loss: 0.010980 
test_loss: 0.011652 
train_loss: 0.010744 
test_loss: 0.010816 
train_loss: 0.010636 
test_loss: 0.010492 
train_loss: 0.010058 
test_loss: 0.010082 
train_loss: 0.010311 
test_loss: 0.010354 
train_loss: 0.009851 
test_loss: 0.010775 
train_loss: 0.010468 
test_loss: 0.010387 
train_loss: 0.009798 
test_loss: 0.009958 
train_loss: 0.010169 
test_loss: 0.010409 
train_loss: 0.009964 
test_loss: 0.009816 
train_loss: 0.010258 
test_loss: 0.010122 
train_loss: 0.009292 
test_loss: 0.010387 
train_loss: 0.009890 
test_loss: 0.010760 
train_loss: 0.010530 
test_loss: 0.010509 
train_loss: 0.009333 
test_loss: 0.010010 
train_loss: 0.009803 
test_loss: 0.010237 
train_loss: 0.009837 
test_loss: 0.009520 
train_loss: 0.009096 
test_loss: 0.009902 
train_loss: 0.009647 
test_loss: 0.010138 
train_loss: 0.008848 
test_loss: 0.009533 
train_loss: 0.009989 
test_loss: 0.009768 
train_loss: 0.009575 
test_loss: 0.009495 
train_loss: 0.008975 
test_loss: 0.010044 
train_loss: 0.009036 
test_loss: 0.009039 
train_loss: 0.008624 
test_loss: 0.008925 
train_loss: 0.009239 
test_loss: 0.009614 
train_loss: 0.008524 
test_loss: 0.008949 
train_loss: 0.009184 
test_loss: 0.008962 
train_loss: 0.008613 
test_loss: 0.009145 
train_loss: 0.008975 
test_loss: 0.009199 
train_loss: 0.008704 
test_loss: 0.008671 
train_loss: 0.008906 
test_loss: 0.009442 
train_loss: 0.009492 
test_loss: 0.009624 
train_loss: 0.008592 
test_loss: 0.008680 
train_loss: 0.008226 
test_loss: 0.008897 
train_loss: 0.008807 
test_loss: 0.008770 
train_loss: 0.009065 
test_loss: 0.009278 
train_loss: 0.009194 
test_loss: 0.008766 
train_loss: 0.008596 
test_loss: 0.008879 
train_loss: 0.007829 
test_loss: 0.008401 
train_loss: 0.008216 
test_loss: 0.008296 
train_loss: 0.008562 
test_loss: 0.008592 
train_loss: 0.008499 
test_loss: 0.009892 
train_loss: 0.008154 
test_loss: 0.008573 
train_loss: 0.008327 
test_loss: 0.008501 
train_loss: 0.008186 
test_loss: 0.008206 
train_loss: 0.008390 
test_loss: 0.008633 
train_loss: 0.007898 
test_loss: 0.008226 
train_loss: 0.008544 
test_loss: 0.008689 
train_loss: 0.007944 
test_loss: 0.008605 
train_loss: 0.008228 
test_loss: 0.008580 
train_loss: 0.008535 
test_loss: 0.008757 
train_loss: 0.008336 
test_loss: 0.008167 
train_loss: 0.007940 
test_loss: 0.008826 
train_loss: 0.009366 
test_loss: 0.008781 
