This is pdfTeX, Version 3.14159265-2.6-1.40.19 (TeX Live 2018) (preloaded format=pdflatex 2018.4.16)  11 AUG 2020 19:25
entering extended mode
 restricted \write18 enabled.
 file:line:error style messages enabled.
 %&-line parsing enabled.
**cy1.tex
(./cy1.tex
LaTeX2e <2018-04-01> patch level 2
Babel <3.18> and hyphenation patterns for 84 language(s) loaded.
(/usr/local/texlive/2018/texmf-dist/tex/latex/base/article.cls
Document Class: article 2014/09/29 v1.4h Standard LaTeX document class
(/usr/local/texlive/2018/texmf-dist/tex/latex/base/size12.clo
File: size12.clo 2014/09/29 v1.4h Standard LaTeX file (size option)
)
\c@part=\count80
\c@section=\count81
\c@subsection=\count82
\c@subsubsection=\count83
\c@paragraph=\count84
\c@subparagraph=\count85
\c@figure=\count86
\c@table=\count87
\abovecaptionskip=\skip41
\belowcaptionskip=\skip42
\bibindent=\dimen102
)
(/usr/local/texlive/2018/texmf-dist/tex/latex/amsmath/amsmath.sty
Package: amsmath 2017/09/02 v2.17a AMS math features
\@mathmargin=\skip43

For additional information on amsmath, use the `?' option.
(/usr/local/texlive/2018/texmf-dist/tex/latex/amsmath/amstext.sty
Package: amstext 2000/06/29 v2.01 AMS text

(/usr/local/texlive/2018/texmf-dist/tex/latex/amsmath/amsgen.sty
File: amsgen.sty 1999/11/30 v2.0 generic functions
\@emptytoks=\toks14
\ex@=\dimen103
))
(/usr/local/texlive/2018/texmf-dist/tex/latex/amsmath/amsbsy.sty
Package: amsbsy 1999/11/29 v1.2d Bold Symbols
\pmbraise@=\dimen104
)
(/usr/local/texlive/2018/texmf-dist/tex/latex/amsmath/amsopn.sty
Package: amsopn 2016/03/08 v2.02 operator names
)
\inf@bad=\count88
LaTeX Info: Redefining \frac on input line 213.
\uproot@=\count89
\leftroot@=\count90
LaTeX Info: Redefining \overline on input line 375.
\classnum@=\count91
\DOTSCASE@=\count92
LaTeX Info: Redefining \ldots on input line 472.
LaTeX Info: Redefining \dots on input line 475.
LaTeX Info: Redefining \cdots on input line 596.
\Mathstrutbox@=\box26
\strutbox@=\box27
\big@size=\dimen105
LaTeX Font Info:    Redeclaring font encoding OML on input line 712.
LaTeX Font Info:    Redeclaring font encoding OMS on input line 713.
\macc@depth=\count93
\c@MaxMatrixCols=\count94
\dotsspace@=\muskip10
\c@parentequation=\count95
\dspbrk@lvl=\count96
\tag@help=\toks15
\row@=\count97
\column@=\count98
\maxfields@=\count99
\andhelp@=\toks16
\eqnshift@=\dimen106
\alignsep@=\dimen107
\tagshift@=\dimen108
\tagwidth@=\dimen109
\totwidth@=\dimen110
\lineht@=\dimen111
\@envbody=\toks17
\multlinegap=\skip44
\multlinetaggap=\skip45
\mathdisplay@stack=\toks18
LaTeX Info: Redefining \[ on input line 2817.
LaTeX Info: Redefining \] on input line 2818.
)
(/usr/local/texlive/2018/texmf-dist/tex/generic/epsf/epsf.sty
This is `epsf.tex' v2.7.4 <14 February 2011>
\epsffilein=\read1
\epsfframemargin=\dimen112
\epsfframethickness=\dimen113
\epsfrsize=\dimen114
\epsftmp=\dimen115
\epsftsize=\dimen116
\epsfxsize=\dimen117
\epsfysize=\dimen118
\pspoints=\dimen119
) (/usr/local/texlive/2018/texmf-dist/tex/latex/amsfonts/amssymb.sty
Package: amssymb 2013/01/14 v3.01 AMS font symbols

(/usr/local/texlive/2018/texmf-dist/tex/latex/amsfonts/amsfonts.sty
Package: amsfonts 2013/01/14 v3.01 Basic AMSFonts support
\symAMSa=\mathgroup4
\symAMSb=\mathgroup5
LaTeX Font Info:    Overwriting math alphabet `\mathfrak' in version `bold'
(Font)                  U/euf/m/n --> U/euf/b/n on input line 106.
))
(/usr/local/texlive/2018/texmf-dist/tex/latex/base/latexsym.sty
Package: latexsym 1998/08/17 v2.2e Standard LaTeX package (lasy symbols)
\symlasy=\mathgroup6
LaTeX Font Info:    Overwriting symbol font `lasy' in version `bold'
(Font)                  U/lasy/m/n --> U/lasy/b/n on input line 52.
)
(/usr/local/texlive/2018/texmf-dist/tex/latex/tools/enumerate.sty
Package: enumerate 2015/07/23 v3.00 enumerate extensions (DPC)
\@enLab=\toks19
)
(/usr/local/texlive/2018/texmf-dist/tex/latex/cite/cite.sty
LaTeX Info: Redefining \cite on input line 302.
LaTeX Info: Redefining \nocite on input line 332.
Package: cite 2015/02/27  v 5.5
)
(/usr/local/texlive/2018/texmf-dist/tex/latex/shadow/shadow.sty
Package: shadow 2003/02/19 v1.3 shadow boxes (M.O.)
\txtwdth=\dimen120
\sht=\dimen121
\shw=\dimen122
\shbox=\box28
\sboxsep=\dimen123
\sboxrule=\dimen124
\sdim=\dimen125
)
(/usr/local/texlive/2018/texmf-dist/tex/latex/tools/array.sty
Package: array 2018/04/07 v2.4g Tabular extension package (FMi)
\col@sep=\dimen126
\ar@mcellbox=\box29
\extrarowheight=\dimen127
\NC@list=\toks20
\extratabsurround=\skip46
\backup@length=\skip47
\ar@cellbox=\box30
)
(/usr/local/texlive/2018/texmf-dist/tex/latex/graphics/color.sty
Package: color 2016/07/10 v1.1e Standard LaTeX Color (DPC)

(/usr/local/texlive/2018/texmf-dist/tex/latex/graphics-cfg/color.cfg
File: color.cfg 2016/01/02 v1.6 sample color configuration
)
Package color Info: Driver file: pdftex.def on input line 147.

(/usr/local/texlive/2018/texmf-dist/tex/latex/graphics-def/pdftex.def
File: pdftex.def 2018/01/08 v1.0l Graphics/color driver for pdftex
))
(/usr/local/texlive/2018/texmf-dist/tex/generic/xypic/xy.sty
(/usr/local/texlive/2018/texmf-dist/tex/generic/xypic/xy.tex Bootstrap'ing:
catcodes, docmode,
(/usr/local/texlive/2018/texmf-dist/tex/generic/xypic/xyrecat.tex)
(/usr/local/texlive/2018/texmf-dist/tex/generic/xypic/xyidioms.tex)

 Xy-pic version 3.8.9 <2013/10/06>
 Copyright (c) 1991-2013 by Kristoffer H. Rose <krisrose@tug.org> and others
 Xy-pic is free software: see the User's Guide for details.

Loading kernel: messages; fonts; allocations: state,
\X@c=\dimen128
\Y@c=\dimen129
\U@c=\dimen130
\D@c=\dimen131
\L@c=\dimen132
\R@c=\dimen133
\Edge@c=\toks21
\X@p=\dimen134
\Y@p=\dimen135
\U@p=\dimen136
\D@p=\dimen137
\L@p=\dimen138
\R@p=\dimen139
\Edge@p=\toks22
\X@origin=\dimen140
\Y@origin=\dimen141
\X@xbase=\dimen142
\Y@xbase=\dimen143
\X@ybase=\dimen144
\Y@ybase=\dimen145
\X@min=\dimen146
\Y@min=\dimen147
\X@max=\dimen148
\Y@max=\dimen149
\lastobjectbox@=\box31
\zerodotbox@=\box32
\almostz@=\dimen150
 direction,
\d@X=\dimen151
\d@Y=\dimen152
\K@=\count100
\KK@=\count101
\Direction=\count102
\K@dXdY=\dimen153
\K@dYdX=\dimen154
\xyread@=\read2
\xywrite@=\write3
\csp@=\count103
\quotPTK@=\dimen155

utility macros; pictures: \xy, positions,
\swaptoks@@=\toks23
\connectobjectbox@@=\box33
 objects,
\styletoks@=\toks24
 decorations;
kernel objects: directionals, circles, text; options; algorithms: directions,
edges, connections;  Xy-pic loaded)
(/usr/local/texlive/2018/texmf-dist/tex/generic/oberdiek/ifpdf.sty
Package: ifpdf 2017/03/15 v3.2 Provides the ifpdf switch
)
Package: xy 2013/10/06 Xy-pic version 3.8.9

(/usr/local/texlive/2018/texmf-dist/tex/generic/xypic/xydvips.tex
 Xy-pic option: DVIPS driver v.3.9 loaded)
(/usr/local/texlive/2018/texmf-dist/tex/generic/xypic/xyps.tex
 Xy-pic option: PostScript backend v.3.12 drivers, hooks, loaded)
(/usr/local/texlive/2018/texmf-dist/tex/generic/xypic/xyps.tex
 Xy-pic option: PostScript backend v.3.12 not reloaded)
(/usr/local/texlive/2018/texmf-dist/tex/generic/xypic/xymatrix.tex
 Xy-pic option: Matrix feature v.3.14
\Row=\count104
\Col=\count105
\queue@=\toks25
\queue@@=\toks26
\qcount@=\count106
\qcount@@=\count107
\matrixsize@=\count108
 loaded)
(/usr/local/texlive/2018/texmf-dist/tex/generic/xypic/xyarrow.tex
 Xy-pic option: Arrow and Path feature v.3.9 path, \ar, loaded)
(/usr/local/texlive/2018/texmf-dist/tex/generic/xypic/xyframe.tex
 Xy-pic option: Frame and Bracket extension v.3.14 loaded)
(/usr/local/texlive/2018/texmf-dist/tex/generic/xypic/xyimport.tex
 Xy-pic option: Import graphics extension v.3.13 loaded)
(/usr/local/texlive/2018/texmf-dist/tex/generic/xypic/xycurve.tex
 Xy-pic option: Curve and Spline extension v.3.12 curve,
\crv@cnt@=\count109
\crvpts@=\toks27
\splinebox@=\box34
\splineval@=\dimen156
\splinedepth@=\dimen157
\splinetol@=\dimen158
\splinelength@=\dimen159
 circles,
\L@=\dimen160
 loaded)
(/usr/local/texlive/2018/texmf-dist/tex/generic/xypic/xycolor.tex
 Xy-pic option: Colour extension v.3.11
(/usr/local/texlive/2018/texmf-dist/tex/generic/xypic/xyps-c.tex
(/usr/local/texlive/2018/texmf-dist/tex/generic/xypic/xyps-s.tex)) loaded))
(/usr/local/texlive/2018/texmf-dist/tex/generic/xypic/xycrayon.tex
 Xy-pic option: Crayola Colours v.3.7 loaded)
\c@theorem=\count110
\c@definition=\count111
\c@prop=\count112
\c@result=\count113
\c@conjecture=\count114
\c@lemma=\count115

No file cy1.aux.
\openout1 = `cy1.aux'.

LaTeX Font Info:    Checking defaults for OML/cmm/m/it on input line 189.
LaTeX Font Info:    ... okay on input line 189.
LaTeX Font Info:    Checking defaults for T1/cmr/m/n on input line 189.
LaTeX Font Info:    ... okay on input line 189.
LaTeX Font Info:    Checking defaults for OT1/cmr/m/n on input line 189.
LaTeX Font Info:    ... okay on input line 189.
LaTeX Font Info:    Checking defaults for OMS/cmsy/m/n on input line 189.
LaTeX Font Info:    ... okay on input line 189.
LaTeX Font Info:    Checking defaults for OMX/cmex/m/n on input line 189.
LaTeX Font Info:    ... okay on input line 189.
LaTeX Font Info:    Checking defaults for U/cmr/m/n on input line 189.
LaTeX Font Info:    ... okay on input line 189.
(/usr/local/texlive/2018/texmf-dist/tex/context/base/mkii/supp-pdf.mkii
[Loading MPS to PDF converter (version 2006.09.02).]
\scratchcounter=\count116
\scratchdimen=\dimen161
\scratchbox=\box35
\nofMPsegments=\count117
\nofMParguments=\count118
\everyMPshowfont=\toks28
\MPscratchCnt=\count119
\MPscratchDim=\dimen162
\MPnumerator=\count120
\makeMPintoPDFobject=\count121
\everyMPtoPDFconversion=\toks29
) (/usr/local/texlive/2018/texmf-dist/tex/generic/xypic/xyps-ps.tex)

Xy-pic Warning: The produced DVI file is NOT PORTABLE [cy1:189]:
 It contains <driver> `dvips' \specials for the `PostScript' extension.

(/usr/local/texlive/2018/texmf-dist/tex/generic/xypic/xyps-pro.tex)
(/usr/local/texlive/2018/texmf-dist/tex/generic/xypic/xypspatt.tex)
(/usr/local/texlive/2018/texmf-dist/tex/generic/xypic/xypsdict.tex)
(/usr/local/texlive/2018/texmf-dist/tex/generic/xypic/xyps-col.tex) PS relaxed
(/usr/local/texlive/2018/texmf-dist/tex/generic/xypic/xyps-f.tex)
LaTeX Font Info:    Try loading font information for U+msa on input line 209.

(/usr/local/texlive/2018/texmf-dist/tex/latex/amsfonts/umsa.fd
File: umsa.fd 2013/01/14 v3.01 AMS symbols A
)
LaTeX Font Info:    Try loading font information for U+msb on input line 209.

(/usr/local/texlive/2018/texmf-dist/tex/latex/amsfonts/umsb.fd
File: umsb.fd 2013/01/14 v3.01 AMS symbols B
)
LaTeX Font Info:    Try loading font information for U+lasy on input line 209.

(/usr/local/texlive/2018/texmf-dist/tex/latex/base/ulasy.fd
File: ulasy.fd 1998/08/17 v2.2e LaTeX symbol font definitions
)

LaTeX Warning: Citation `metrics' on page 0 undefined on input line 225.


LaTeX Warning: Citation `HeadrickNassar' on page 0 undefined on input line 238.


[0
Non-PDF special ignored!
<special> ! /XYdict where not{250 dict /XYdict exch def /xy{mark exch XYdic...
Non-PDF special ignored!
<special> ! /XYdict where pop begin XYdict begin
Non-PDF special ignored!
<special> ! /xyopen{currentdict /XYddict known{XYddict null eq{} {XYddict b...
Non-PDF special ignored!
<special> ! /xypush{16 dict /XYddict exch def XYddict begin}def /undef wher...
Non-PDF special ignored!
<special> ! /xypspt{72 72.27 div dup scale}bind def /pscorrect{.85 mul}bind...
Non-PDF special ignored!
<special> ! /xypolyline{xypath xystroke}def /xypolyfill{xypath xyfill}def /...
Non-PDF special ignored!
<special> ! /arc4pop{arcto 4{pop}repeat}bind def /xyoval{gstartxy oval clos...
Non-PDF special ignored!
<special> ! /dotit{dup currentlinewidth 6 mul div round div /@ exch def [xy...
Non-PDF special ignored!
<special> ! /filloval{gstartxy oval xyfill}def /stfiloval{gstartxy oval xys...
Non-PDF special ignored!
<special> ! /xywidth{.4 pscorrect setlinewidth}bind def /xydash{[] 0 setdas...
Non-PDF special ignored!
<special> ! /cc{dup exec xychgcol}def /lw{dup setlinewidth /@l exch def /xy...
Non-PDF special ignored!
<special> ! /setupDirection{dup -2048 lt{3072 add neg 1024 exch} {dup 0 lt{...
Non-PDF special ignored!
<special> ! userdict begin /gray{setgray}bind def /gray@{setgray}bind def /...
Non-PDF special ignored!
<special> ! end end
Non-PDF special ignored!
<special> ! /XYdict where pop begin XYdict begin
Non-PDF special ignored!
<special> ! /:patt {XYddict begin 14 dict begin /BGnd exch def /FGnd exch d...
Non-PDF special ignored!
<special> ! /rF{gsave newpath 4 2 roll moveto 1 index 0 rlineto 0 exch rlin...
Non-PDF special ignored!
<special> ! /setpatscreen{/pattstring exch store patfreq patangle xyport no...
Non-PDF special ignored!
<special> ! /checkland{/normland where{pop normland not}{false}ifelse /xyla...
Non-PDF special ignored!
<special> ! /setpatfreq{/patfreq exch def}def /setpatangle{/patangle exch d...
Non-PDF special ignored!
<special> ! /xypattern{checkland counttomark dup 0 eq{pop} {dup 1 eq{pop se...
Non-PDF special ignored!
<special> ! end end
Non-PDF special ignored!
<special> ! /XYdict where pop begin XYdict begin
Non-PDF special ignored!
<special> ! /xysize 10 def /T true def /F false def /dimendiv{65536 div}bin...
Non-PDF special ignored!
<special> ! /xyfont{4096 add 64 div round 64 mul 4096 sub}def /xydt 0.01 de...
Non-PDF special ignored!
<special> ! /xyCheckDir{dup 8 div 3 mul 3 -1 roll sub neg exch div 360 mul ...
Non-PDF special ignored!
<special> ! /xyrulth{26213 dimendiv pscorrect setlinewidth 0 setlinecap}bin...
Non-PDF special ignored!
<special> ! /gsavexy{gsave xypspt XYdirection rotate xywidth newpath 0 0 mo...
Non-PDF special ignored!
<special> ! /xyswap{XYdirection 180 add /XYdirection exch def}def /xyline{g...
Non-PDF special ignored!
<special> ! /dash{exch gchksavexy xysegl XYdirection dup -90 lt{pop neg}{90...
Non-PDF special ignored!
<special> ! /solid{gstartxy xydash neg exch neg exch rlineto xystroke}def /...
Non-PDF special ignored!
<special> ! /dot{gstartxy 2 setlinecap [xydt 2] 0 setdash 1 0 rlineto xystr...
Non-PDF special ignored!
<special> ! /cubic{gstartxy docubic} def /docubic{chkvalid {chkcubedge 8 -2...
Non-PDF special ignored!
<special> ! /dotcubic{gstartxy 1 setlinecap [xydt 2] 0 setdash docubic}def ...
Non-PDF special ignored!
<special> ! /squine{gstartxy dosquine}def /dosquine{chkvalid {chksquedge 2 ...
Non-PDF special ignored!
<special> ! /chkvalid{2 copy lt{dup 1 gt{false}{true}ifelse}{false}ifelse}d...
Non-PDF special ignored!
<special> ! /chksquedge{2 copy 1.0 eq{0.0 eq{pop pop}{squineedge}ifelse} {p...
Non-PDF special ignored!
<special> ! /dotsquine{gstartxy 1 setlinecap [xydt 2] 0 setdash dosquine}de...
Non-PDF special ignored!
<special> ! /xy4mul{8 copy 5 -1 roll mul 5 1 roll 6 -1 roll mul 6 1 roll 3 ...
Non-PDF special ignored!
<special> ! /xy44mul{4 copy 16 4 roll exch 3 1 roll 4 copy 12 4 roll xy4mul...
Non-PDF special ignored!
<special> ! /cubicedge{10 2 roll exch 8 1 roll 3 -1 roll dup dup 9 2 roll 5...
Non-PDF special ignored!
<special> ! /xy444mul{4 copy 24 4 roll 12 -4 roll 16 4 roll 4 copy 16 4 rol...
Non-PDF special ignored!
<special> ! /squineedge{8 2 roll exch 5 1 roll 3 -1 roll dup 6 2 roll 1 ind...
Non-PDF special ignored!
<special> ! /xyshort{2 copy abs exch abs add xysegl .5 mul lt {pop pop gres...
Non-PDF special ignored!
<special> ! /tipwidth{xywidth xynormwidth dup currentlinewidth exch div sqr...
Non-PDF special ignored!
<special> ! /halftip{tipwidth xysize 10 div 0 0 moveto -.25 0 3 -1 roll -2....
Non-PDF special ignored!
<special> ! /atip{gchksavexy halftip xystroke}def /btip{gchksavexy xyopp ha...
Non-PDF special ignored!
<special> ! /cmatip{gchksavexy halfcmtip xystroke}def /cmbtip{gchksavexy xy...
Non-PDF special ignored!
<special> ! /xyfscale{/xyfsize exch def}def /xyfsize{10}def /eu{-0.0551 0.0...
Non-PDF special ignored!
<special> ! /Tip{exch gchksavexy /xyfsize{10}def tipwidth gsave dup XYdict ...
Non-PDF special ignored!
<special> ! /halfturn{xysegl 2 div dup dup neg exch rmoveto 0 exch dup exch...
Non-PDF special ignored!
<special> ! /xysqll 231705 dimendiv def /squigl{gchksavexy xysqll dup neg 0...
Non-PDF special ignored!
<special> ! /fullhook{0 xysegl 2 div dup -90 90 arcn}bind def /halfhook{xys...
Non-PDF special ignored!
<special> ! /ahook{gchksavexy fullhook xystroke}def /bhook{gchksavexy xyopp...
Non-PDF special ignored!
<special> ! /xyqcirc{dup dup neg exch translate newpath dup neg 0 exch move...
Non-PDF special ignored!
<special> ! /circ{gstartxy 3 copy pop 2 copy cos mul 3 1 roll sin mul rmove...
Non-PDF special ignored!
<special> ! /circhar{gsave dup 3 gt{7 sub neg}if dup 3 eq{pop dup 2 sqrt -2...
Non-PDF special ignored!
<special> ! end end
{/usr/local/texlive/2018/texmf-var/fonts/map/pdftex/updmap/pdftex.map}


Non-PDF special ignored!
<special> header=color.pro
]

LaTeX Warning: Reference `eq:a1' on page 1 undefined on input line 260.


LaTeX Warning: Reference `eq:a1' on page 1 undefined on input line 267.


LaTeX Warning: Citation `metrics' on page 1 undefined on input line 273.


LaTeX Warning: Citation `review' on page 1 undefined on input line 274.

[1]

LaTeX Warning: Citation `Cybenko' on page 2 undefined on input line 305.

[2]

LaTeX Warning: Reference `eq:defFy' on page 3 undefined on input line 348.


LaTeX Warning: Reference `eq:defF1' on page 3 undefined on input line 355.


LaTeX Warning: Reference `eq:defF2' on page 3 undefined on input line 355.


LaTeX Warning: Reference `eq:defFy' on page 3 undefined on input line 357.

[3]

LaTeX Warning: Reference `eq:defF' on page 4 undefined on input line 411.

[4]

LaTeX Warning: Reference `eq:defFy' on page 5 undefined on input line 426.


LaTeX Warning: Reference `eq:train' on page 5 undefined on input line 432.


LaTeX Warning: Reference `eq:gd' on page 5 undefined on input line 442.


LaTeX Warning: Reference `eq:mse' on page 5 undefined on input line 448.


LaTeX Warning: Reference `eq:train' on page 5 undefined on input line 455.

[5]

LaTeX Warning: Reference `eq:defFK' on page 6 undefined on input line 499.


LaTeX Warning: Citation `Douglas' on page 6 undefined on input line 501.


LaTeX Warning: Reference `eq:omegag' on page 6 undefined on input line 508.

[6]

LaTeX Warning: Reference `eq:defFK' on page 7 undefined on input line 556.


LaTeX Warning: Citation `TFhessian' on page 7 undefined on input line 561.

[7]

LaTeX Warning: Reference `eq:cyobj' on page 8 undefined on input line 578.


LaTeX Warning: Reference `eq:KLobj' on page 8 undefined on input line 593.


LaTeX Warning: Reference `eq:a1' on page 8 undefined on input line 598.

[8]
Overfull \hbox (37.99487pt too wide) in alignment at lines 624--633
 [][][] []
 []


LaTeX Warning: Reference `eq:Lgrad' on page 9 undefined on input line 634.

[9]

LaTeX Warning: Reference `eq:a1' on page 10 undefined on input line 660.


LaTeX Warning: Reference `eq:KLobj' on page 10 undefined on input line 667.


LaTeX Warning: Reference `eq:cyobj' on page 10 undefined on input line 667.


LaTeX Warning: Reference `eq:cyobj' on page 10 undefined on input line 676.


LaTeX Warning: Reference `eq:KLobj' on page 10 undefined on input line 676.


LaTeX Warning: Reference `eq:defFK' on page 10 undefined on input line 684.


LaTeX Warning: Reference `eq:MA' on page 10 undefined on input line 685.

[10]
LaTeX Font Info:    Try loading font information for OMS+cmr on input line 705.

 (/usr/local/texlive/2018/texmf-dist/tex/latex/base/omscmr.fd
File: omscmr.fd 2014/09/29 v2.5h Standard LaTeX font definitions
)
LaTeX Font Info:    Font shape `OMS/cmr/m/n' in size <12> not available
(Font)              Font shape `OMS/cmsy/m/n' tried instead on input line 705.


LaTeX Warning: Citation `Fulton' on page 11 undefined on input line 712.


LaTeX Warning: Reference `eq:omegag' on page 11 undefined on input line 723.


LaTeX Warning: Reference `eq:defomega' on page 11 undefined on input line 738.


LaTeX Warning: Reference `eq:partialvol' on page 11 undefined on input line 741
.


LaTeX Warning: Reference `eq:normK' on page 11 undefined on input line 743.

[11]

LaTeX Warning: Reference `eq:dirac' on page 12 undefined on input line 768.

[12]

LaTeX Warning: Reference `eq:normK' on page 13 undefined on input line 794.


LaTeX Warning: Reference `eq:normK' on page 13 undefined on input line 864.

[13]
Overfull \hbox (108.70334pt too wide) in paragraph at lines 880--881
[]\OT1/cmtt/m/n/12 https://github.com/tensorflow/tensorflow/blob/r2.0/tensorflo
w/python/ops/gradients[]impl.py 
 []


Overfull \hbox (67.20732pt too wide) in paragraph at lines 883--884
[]\OT1/cmtt/m/n/12 http://home.ustc.edu.cn/ hanzr/pdf/Introduction%20to%20Toric
%20Varieties-Fulton.pdf 
 []

[14] (./cy1.aux)

LaTeX Warning: There were undefined references.


LaTeX Warning: Label(s) may have changed. Rerun to get cross-references right.

 ) 
Here is how much of TeX's memory you used:
 4612 strings out of 492649
 56790 string characters out of 6129622
 175886 words of memory out of 5000000
 8413 multiletter control sequences out of 15000+600000
 15181 words of font info for 65 fonts, out of 8000000 for 9000
 1141 hyphenation exceptions out of 8191
 27i,13n,27p,262b,198s stack positions out of 5000i,500n,10000p,200000b,80000s
</usr/local/texlive/2018/texmf-dist/fonts/type1/public/amsfonts/cm/cmbx10.pfb
></usr/local/texlive/2018/texmf-dist/fonts/type1/public/amsfonts/cm/cmbx12.pfb>
</usr/local/texlive/2018/texmf-dist/fonts/type1/public/amsfonts/cm/cmex10.pfb><
/usr/local/texlive/2018/texmf-dist/fonts/type1/public/amsfonts/cm/cmmi10.pfb></
usr/local/texlive/2018/texmf-dist/fonts/type1/public/amsfonts/cm/cmmi12.pfb></u
sr/local/texlive/2018/texmf-dist/fonts/type1/public/amsfonts/cm/cmmi6.pfb></usr
/local/texlive/2018/texmf-dist/fonts/type1/public/amsfonts/cm/cmmi7.pfb></usr/l
ocal/texlive/2018/texmf-dist/fonts/type1/public/amsfonts/cm/cmmi8.pfb></usr/loc
al/texlive/2018/texmf-dist/fonts/type1/public/amsfonts/cm/cmr10.pfb></usr/local
/texlive/2018/texmf-dist/fonts/type1/public/amsfonts/cm/cmr12.pfb></usr/local/t
exlive/2018/texmf-dist/fonts/type1/public/amsfonts/cm/cmr17.pfb></usr/local/tex
live/2018/texmf-dist/fonts/type1/public/amsfonts/cm/cmr6.pfb></usr/local/texliv
e/2018/texmf-dist/fonts/type1/public/amsfonts/cm/cmr7.pfb></usr/local/texlive/2
018/texmf-dist/fonts/type1/public/amsfonts/cm/cmr8.pfb></usr/local/texlive/2018
/texmf-dist/fonts/type1/public/amsfonts/cm/cmsy10.pfb></usr/local/texlive/2018/
texmf-dist/fonts/type1/public/amsfonts/cm/cmsy6.pfb></usr/local/texlive/2018/te
xmf-dist/fonts/type1/public/amsfonts/cm/cmsy7.pfb></usr/local/texlive/2018/texm
f-dist/fonts/type1/public/amsfonts/cm/cmsy8.pfb></usr/local/texlive/2018/texmf-
dist/fonts/type1/public/amsfonts/cm/cmti12.pfb></usr/local/texlive/2018/texmf-d
ist/fonts/type1/public/amsfonts/cm/cmtt12.pfb></usr/local/texlive/2018/texmf-di
st/fonts/type1/public/amsfonts/symbols/msbm10.pfb>
Output written on cy1.pdf (15 pages, 274178 bytes).
PDF statistics:
 137 PDF objects out of 1000 (max. 8388607)
 98 compressed objects within 1 object stream
 0 named destinations out of 1000 (max. 500000)
 1 words of extra memory for PDF output out of 10000 (max. 10000000)

