train_loss: 0.515204 
test_loss: 0.517194 
train_loss: 0.516289 
test_loss: 0.514024 
train_loss: 0.506416 
test_loss: 0.511067 
train_loss: 0.505054 
test_loss: 0.507605 
train_loss: 0.505411 
test_loss: 0.503598 
train_loss: 0.505159 
test_loss: 0.499157 
train_loss: 0.495414 
test_loss: 0.494317 
train_loss: 0.490723 
test_loss: 0.489058 
train_loss: 0.486024 
test_loss: 0.483386 
train_loss: 0.478815 
test_loss: 0.477266 
train_loss: 0.46371 
test_loss: 0.470597 
train_loss: 0.464289 
test_loss: 0.463414 
train_loss: 0.449325 
test_loss: 0.455624 
train_loss: 0.445204 
test_loss: 0.447266 
train_loss: 0.434847 
test_loss: 0.438404 
train_loss: 0.431105 
test_loss: 0.429147 
train_loss: 0.413775 
test_loss: 0.419598 
train_loss: 0.411958 
test_loss: 0.409671 
train_loss: 0.394538 
test_loss: 0.399267 
train_loss: 0.389349 
test_loss: 0.388165 
train_loss: 0.379698 
test_loss: 0.376293 
train_loss: 0.361541 
test_loss: 0.36369 
train_loss: 0.35096 
test_loss: 0.35045 
train_loss: 0.336212 
test_loss: 0.336953 
train_loss: 0.321757 
test_loss: 0.323628 
train_loss: 0.310947 
test_loss: 0.311069 
train_loss: 0.30403 
test_loss: 0.299459 
train_loss: 0.290077 
test_loss: 0.288614 
train_loss: 0.276811 
test_loss: 0.278073 
train_loss: 0.266269 
test_loss: 0.267327 
train_loss: 0.258236 
test_loss: 0.256257 
train_loss: 0.246647 
test_loss: 0.245508 
train_loss: 0.239 
test_loss: 0.235535 
train_loss: 0.227144 
test_loss: 0.22634 
train_loss: 0.217364 
test_loss: 0.217687 
train_loss: 0.213054 
test_loss: 0.209306 
train_loss: 0.203976 
test_loss: 0.201212 
train_loss: 0.194537 
test_loss: 0.193424 
train_loss: 0.186642 
test_loss: 0.185984 
train_loss: 0.180154 
test_loss: 0.178947 
train_loss: 0.173311 
test_loss: 0.172262 
train_loss: 0.164466 
test_loss: 0.165993 
train_loss: 0.161174 
test_loss: 0.160026 
train_loss: 0.15364 
test_loss: 0.154338 
train_loss: 0.149669 
test_loss: 0.148874 
train_loss: 0.142817 
test_loss: 0.143626 
train_loss: 0.137941 
test_loss: 0.138544 
train_loss: 0.133537 
test_loss: 0.133624 
train_loss: 0.127871 
test_loss: 0.12881 
train_loss: 0.124482 
test_loss: 0.124131 
train_loss: 0.1218 
test_loss: 0.119555 
train_loss: 0.115465 
test_loss: 0.115134 
train_loss: 0.109649 
test_loss: 0.110803 
train_loss: 0.105411 
test_loss: 0.106604 
train_loss: 0.103799 
test_loss: 0.102538 
train_loss: 0.100201 
test_loss: 0.0986294 
train_loss: 0.0949779 
test_loss: 0.0948502 
train_loss: 0.0909902 
test_loss: 0.0912197 
train_loss: 0.0876804 
test_loss: 0.0877805 
train_loss: 0.0847464 
test_loss: 0.0845202 
train_loss: 0.0816434 
test_loss: 0.0814974 
train_loss: 0.0792975 
test_loss: 0.0786948 
train_loss: 0.0764957 
test_loss: 0.0761518 
train_loss: 0.075415 
test_loss: 0.0737831 
train_loss: 0.0709135 
test_loss: 0.0716752 
train_loss: 0.0701773 
test_loss: 0.0697585 
train_loss: 0.067608 
test_loss: 0.0680761 
train_loss: 0.0660908 
test_loss: 0.0665888 
train_loss: 0.0656308 
test_loss: 0.0652031 
train_loss: 0.0638407 
test_loss: 0.0640174 
train_loss: 0.0637493 
test_loss: 0.0629866 
train_loss: 0.0619969 
test_loss: 0.0620597 
train_loss: 0.0613253 
test_loss: 0.0612684 
train_loss: 0.0608993 
test_loss: 0.0605726 
train_loss: 0.059977 
test_loss: 0.0599411 
train_loss: 0.0598983 
test_loss: 0.0593802 
train_loss: 0.0583262 
test_loss: 0.0588706 
train_loss: 0.0578421 
test_loss: 0.0584466 
train_loss: 0.0589984 
test_loss: 0.0580342 
train_loss: 0.0574083 
test_loss: 0.057697 
train_loss: 0.0574966 
test_loss: 0.0573002 
train_loss: 0.0565022 
test_loss: 0.0570351 
train_loss: 0.0564789 
test_loss: 0.0566869 
train_loss: 0.0567497 
test_loss: 0.056409 
train_loss: 0.0556464 
test_loss: 0.0560733 
train_loss: 0.0552332 
test_loss: 0.0558029 
train_loss: 0.0563581 
test_loss: 0.0554869 
train_loss: 0.0548273 
test_loss: 0.0552163 
train_loss: 0.0545109 
test_loss: 0.0549252 
train_loss: 0.0545544 
test_loss: 0.0546014 
train_loss: 0.05411 
test_loss: 0.0543026 
train_loss: 0.0542271 
test_loss: 0.0539913 
train_loss: 0.0539106 
test_loss: 0.0536326 
train_loss: 0.0530515 
test_loss: 0.0533065 
train_loss: 0.053064 
test_loss: 0.0529732 
train_loss: 0.0527671 
test_loss: 0.0525888 
train_loss: 0.0532428 
test_loss: 0.052246 
train_loss: 0.0523027 
test_loss: 0.0518199 
train_loss: 0.0521653 
test_loss: 0.0514206 
train_loss: 0.0512337 
test_loss: 0.0509899 
train_loss: 0.0509865 
test_loss: 0.0505878 
train_loss: 0.0491572 
test_loss: 0.0501415 
train_loss: 0.0493897 
test_loss: 0.0497409 
train_loss: 0.0487764 
test_loss: 0.0492602 
train_loss: 0.0486575 
test_loss: 0.0488447 
train_loss: 0.0481936 
test_loss: 0.0483746 
train_loss: 0.0480026 
test_loss: 0.0479295 
train_loss: 0.0475026 
test_loss: 0.0474489 
train_loss: 0.0469308 
test_loss: 0.0469339 
train_loss: 0.0464158 
test_loss: 0.0464581 
train_loss: 0.0461503 
test_loss: 0.0459714 
train_loss: 0.0462236 
test_loss: 0.0454894 
train_loss: 0.0446136 
test_loss: 0.0449742 
train_loss: 0.0443384 
test_loss: 0.0444399 
train_loss: 0.0442082 
test_loss: 0.043974 
train_loss: 0.0435174 
test_loss: 0.0433899 
train_loss: 0.042791 
test_loss: 0.0428443 
train_loss: 0.0425736 
test_loss: 0.0422694 
train_loss: 0.0414821 
test_loss: 0.041732 
train_loss: 0.0406998 
test_loss: 0.0412213 
train_loss: 0.0408657 
test_loss: 0.0405736 
train_loss: 0.0397626 
test_loss: 0.0400163 
train_loss: 0.0394539 
test_loss: 0.0393804 
train_loss: 0.038597 
test_loss: 0.0389196 
train_loss: 0.0383427 
test_loss: 0.0381873 
train_loss: 0.0372348 
test_loss: 0.037664 
train_loss: 0.0368334 
test_loss: 0.0369463 
train_loss: 0.0359698 
test_loss: 0.036285 
train_loss: 0.0356752 
test_loss: 0.0356481 
train_loss: 0.0349453 
test_loss: 0.0350939 
train_loss: 0.034003 
test_loss: 0.03453 
train_loss: 0.0338678 
test_loss: 0.0338712 
train_loss: 0.0335391 
test_loss: 0.0331761 
train_loss: 0.0323549 
test_loss: 0.0326539 
train_loss: 0.0318379 
test_loss: 0.0320976 
train_loss: 0.0315966 
test_loss: 0.0315607 
train_loss: 0.0308425 
test_loss: 0.0309953 
train_loss: 0.0305778 
test_loss: 0.0306298 
train_loss: 0.0299678 
test_loss: 0.0299908 
train_loss: 0.0294066 
test_loss: 0.0294873 
train_loss: 0.028917 
test_loss: 0.0290417 
train_loss: 0.0284183 
test_loss: 0.0285667 
train_loss: 0.0285612 
test_loss: 0.0280709 
train_loss: 0.0275192 
test_loss: 0.0276398 
train_loss: 0.02728 
test_loss: 0.0272736 
train_loss: 0.0268761 
test_loss: 0.0269078 
train_loss: 0.0263655 
test_loss: 0.0263461 
train_loss: 0.026145 
test_loss: 0.0261493 
train_loss: 0.0252235 
test_loss: 0.0256792 
train_loss: 0.0250831 
test_loss: 0.0254667 
train_loss: 0.0249657 
test_loss: 0.0249796 
train_loss: 0.0240743 
test_loss: 0.0245362 
train_loss: 0.0245187 
test_loss: 0.0245594 
train_loss: 0.023842 
test_loss: 0.0239283 
train_loss: 0.0236269 
test_loss: 0.0235409 
train_loss: 0.0228053 
test_loss: 0.0233652 
train_loss: 0.0230134 
test_loss: 0.0230451 
train_loss: 0.0229417 
test_loss: 0.0227627 
train_loss: 0.0223959 
test_loss: 0.0225077 
train_loss: 0.0222215 
test_loss: 0.0223625 
train_loss: 0.0216175 
test_loss: 0.0220784 
train_loss: 0.0215762 
test_loss: 0.0217985 
train_loss: 0.0215312 
test_loss: 0.0215522 
train_loss: 0.021225 
test_loss: 0.0213459 
train_loss: 0.0212133 
test_loss: 0.0211787 
train_loss: 0.021166 
test_loss: 0.0211695 
train_loss: 0.021049 
test_loss: 0.0208484 
train_loss: 0.0208208 
test_loss: 0.0205703 
train_loss: 0.0205923 
test_loss: 0.0203158 
train_loss: 0.0200468 
test_loss: 0.0203397 
train_loss: 0.020126 
test_loss: 0.0200875 
train_loss: 0.0198241 
test_loss: 0.020001 
train_loss: 0.0199199 
test_loss: 0.0197429 
train_loss: 0.0194444 
test_loss: 0.0196837 
train_loss: 0.0194035 
test_loss: 0.0195055 
train_loss: 0.0190874 
test_loss: 0.0193458 
train_loss: 0.0192013 
test_loss: 0.0193462 
train_loss: 0.0192689 
test_loss: 0.0190965 
train_loss: 0.0190268 
test_loss: 0.0191967 
train_loss: 0.0184198 
test_loss: 0.0187923 
train_loss: 0.0190703 
test_loss: 0.0188332 
train_loss: 0.0186771 
test_loss: 0.0187118 
train_loss: 0.0188108 
test_loss: 0.0186091 
train_loss: 0.0188857 
test_loss: 0.0184354 
train_loss: 0.0182335 
test_loss: 0.0183264 
train_loss: 0.0179798 
test_loss: 0.0182657 
train_loss: 0.0179764 
test_loss: 0.0181803 
train_loss: 0.0180236 
test_loss: 0.0180649 
train_loss: 0.0178933 
test_loss: 0.0180553 
train_loss: 0.0181172 
test_loss: 0.017983 
train_loss: 0.0174982 
test_loss: 0.0179662 
train_loss: 0.0176481 
test_loss: 0.0177988 
train_loss: 0.0173387 
test_loss: 0.0177024 
train_loss: 0.0179538 
test_loss: 0.0176222 
train_loss: 0.0181114 
test_loss: 0.0176782 
train_loss: 0.0173228 
test_loss: 0.0175454 
train_loss: 0.0172427 
test_loss: 0.0174497 
train_loss: 0.0174246 
test_loss: 0.0174199 
train_loss: 0.0174326 
test_loss: 0.017382 
train_loss: 0.0173381 
test_loss: 0.0175688 
train_loss: 0.0173256 
test_loss: 0.0173351 
train_loss: 0.0168461 
test_loss: 0.0172323 
train_loss: 0.0169714 
test_loss: 0.01714 
train_loss: 0.0173353 
test_loss: 0.0171569 
train_loss: 0.0171489 
test_loss: 0.0170261 
train_loss: 0.0170894 
test_loss: 0.0169876 
train_loss: 0.0168618 
test_loss: 0.0171387 
train_loss: 0.0171125 
test_loss: 0.0169261 
train_loss: 0.016854 
test_loss: 0.0169705 
train_loss: 0.017226 
test_loss: 0.0168795 
train_loss: 0.0169628 
test_loss: 0.0168598 
train_loss: 0.0169427 
test_loss: 0.0169824 
train_loss: 0.0169128 
test_loss: 0.0168271 
train_loss: 0.016664 
test_loss: 0.0167234 
train_loss: 0.0165942 
test_loss: 0.0167373 
train_loss: 0.0166683 
test_loss: 0.0167196 
train_loss: 0.0167632 
test_loss: 0.0168312 
train_loss: 0.016652 
test_loss: 0.0167433 
train_loss: 0.0171596 
test_loss: 0.0167669 
train_loss: 0.016396 
test_loss: 0.0165516 
train_loss: 0.0164675 
test_loss: 0.0164942 
train_loss: 0.0164693 
test_loss: 0.0164839 
train_loss: 0.0162692 
test_loss: 0.0164243 
train_loss: 0.016601 
test_loss: 0.0165558 
train_loss: 0.0165451 
test_loss: 0.01648 
train_loss: 0.0162168 
test_loss: 0.0164441 
train_loss: 0.0164933 
test_loss: 0.0164606 
train_loss: 0.0160774 
test_loss: 0.0163346 
train_loss: 0.0163278 
test_loss: 0.0163698 
train_loss: 0.0160093 
test_loss: 0.0163615 
train_loss: 0.0163439 
test_loss: 0.0162507 
train_loss: 0.0164598 
test_loss: 0.0162403 
train_loss: 0.016054 
test_loss: 0.0162551 
train_loss: 0.0162736 
test_loss: 0.0162214 
train_loss: 0.0163909 
test_loss: 0.0163418 
train_loss: 0.0161724 
test_loss: 0.016204 
train_loss: 0.0157656 
test_loss: 0.0161303 
train_loss: 0.0163184 
test_loss: 0.0161194 
train_loss: 0.0162726 
test_loss: 0.0161454 
train_loss: 0.0162122 
test_loss: 0.0161257 
train_loss: 0.016376 
test_loss: 0.0161062 
train_loss: 0.0164229 
test_loss: 0.0161875 
train_loss: 0.016165 
test_loss: 0.0160775 
train_loss: 0.015956 
test_loss: 0.016093 
train_loss: 0.0158216 
test_loss: 0.0160065 
train_loss: 0.0157863 
test_loss: 0.0160546 
train_loss: 0.0161195 
test_loss: 0.0159726 
train_loss: 0.0162662 
test_loss: 0.015995 
train_loss: 0.016081 
test_loss: 0.0160806 
train_loss: 0.0159735 
test_loss: 0.0159743 
train_loss: 0.0157407 
test_loss: 0.0160799 
train_loss: 0.0159467 
test_loss: 0.0160424 
train_loss: 0.0161786 
test_loss: 0.0160919 
train_loss: 0.0159412 
test_loss: 0.0160261 
train_loss: 0.0158475 
test_loss: 0.0159606 
train_loss: 0.0159436 
test_loss: 0.0158183 
train_loss: 0.0159923 
test_loss: 0.0158654 
train_loss: 0.0161144 
test_loss: 0.0159157 
train_loss: 0.0161134 
test_loss: 0.0160873 
train_loss: 0.0157713 
test_loss: 0.0159492 
train_loss: 0.0160995 
test_loss: 0.0158343 
train_loss: 0.0157559 
test_loss: 0.0158266 
train_loss: 0.0163255 
test_loss: 0.0157583 
train_loss: 0.015761 
test_loss: 0.0157669 
train_loss: 0.0156929 
test_loss: 0.0158302 
train_loss: 0.0155593 
test_loss: 0.0157343 
train_loss: 0.0157994 
test_loss: 0.0158306 
train_loss: 0.0158947 
test_loss: 0.0157317 
train_loss: 0.0156924 
test_loss: 0.0158492 
train_loss: 0.0156603 
test_loss: 0.0157999 
train_loss: 0.0153883 
test_loss: 0.0157809 
train_loss: 0.0159652 
test_loss: 0.0157372 
train_loss: 0.0157124 
test_loss: 0.0156563 
train_loss: 0.0153363 
test_loss: 0.0156807 
train_loss: 0.0158565 
test_loss: 0.0156588 
train_loss: 0.0154993 
test_loss: 0.0156746 
train_loss: 0.0156251 
test_loss: 0.0156954 
train_loss: 0.0159716 
test_loss: 0.0156171 
train_loss: 0.0154387 
test_loss: 0.0155896 
train_loss: 0.0157326 
test_loss: 0.0159029 
train_loss: 0.0155791 
test_loss: 0.0155518 
train_loss: 0.0155505 
test_loss: 0.0155814 
train_loss: 0.0156374 
test_loss: 0.0154987 
train_loss: 0.0155846 
test_loss: 0.0155049 
train_loss: 0.016057 
test_loss: 0.0155669 
train_loss: 0.0152982 
test_loss: 0.0155252 
train_loss: 0.0154865 
test_loss: 0.0155078 
train_loss: 0.0155856 
test_loss: 0.0155611 
train_loss: 0.0156883 
test_loss: 0.0154775 
train_loss: 0.0157766 
test_loss: 0.0154293 
train_loss: 0.0149087 
test_loss: 0.0153711 
train_loss: 0.0150844 
test_loss: 0.0154922 
train_loss: 0.0154903 
test_loss: 0.0155493 
train_loss: 0.0156824 
test_loss: 0.0154353 
train_loss: 0.0154216 
test_loss: 0.0153461 
train_loss: 0.0150859 
test_loss: 0.015473 
train_loss: 0.0154326 
test_loss: 0.0154281 
train_loss: 0.0153732 
test_loss: 0.015355 
train_loss: 0.0155259 
test_loss: 0.0155563 
train_loss: 0.015534 
test_loss: 0.0153325 
train_loss: 0.0152985 
test_loss: 0.0153606 
train_loss: 0.0153627 
test_loss: 0.0153353 
train_loss: 0.0150566 
test_loss: 0.0153202 
train_loss: 0.0150381 
test_loss: 0.0152813 
train_loss: 0.0147621 
test_loss: 0.0152689 
train_loss: 0.0153007 
test_loss: 0.0153167 
train_loss: 0.0153582 
test_loss: 0.0154019 
train_loss: 0.01555 
test_loss: 0.0153421 
train_loss: 0.0149769 
test_loss: 0.0152536 
train_loss: 0.0153876 
test_loss: 0.0152011 
train_loss: 0.0149186 
test_loss: 0.0151922 
train_loss: 0.0150425 
test_loss: 0.0151783 
train_loss: 0.0149722 
test_loss: 0.0151982 
train_loss: 0.0151215 
test_loss: 0.0151214 
train_loss: 0.015016 
test_loss: 0.0152422 
train_loss: 0.0147696 
test_loss: 0.0154637 
train_loss: 0.0149653 
test_loss: 0.0151727 
train_loss: 0.0158315 
test_loss: 0.0151324 
train_loss: 0.0151095 
test_loss: 0.0151089 
train_loss: 0.015031 
test_loss: 0.015095 
train_loss: 0.0146774 
test_loss: 0.0151012 
train_loss: 0.0151215 
test_loss: 0.0151622 
train_loss: 0.0148537 
test_loss: 0.0148975 
train_loss: 0.0146934 
test_loss: 0.0149746 
train_loss: 0.014763 
test_loss: 0.0150292 
train_loss: 0.0147919 
test_loss: 0.014888 
train_loss: 0.0145702 
test_loss: 0.0148967 
train_loss: 0.0145354 
test_loss: 0.0149393 
train_loss: 0.0148794 
test_loss: 0.0148913 
train_loss: 0.0146173 
test_loss: 0.0147434 
train_loss: 0.0148887 
test_loss: 0.0150391 
train_loss: 0.0145464 
test_loss: 0.014876 
train_loss: 0.0144622 
test_loss: 0.0146654 
train_loss: 0.0146472 
test_loss: 0.014571 
train_loss: 0.0146296 
test_loss: 0.0145391 
train_loss: 0.0144581 
test_loss: 0.0147046 
train_loss: 0.0146221 
test_loss: 0.0144809 
train_loss: 0.0143499 
test_loss: 0.0145229 
train_loss: 0.0141667 
test_loss: 0.0145102 
train_loss: 0.0140535 
test_loss: 0.0143176 
train_loss: 0.014115 
test_loss: 0.0142048 
train_loss: 0.0139874 
test_loss: 0.0140692 
train_loss: 0.0145155 
test_loss: 0.014089 
train_loss: 0.0137292 
test_loss: 0.014002 
train_loss: 0.014042 
test_loss: 0.014136 
train_loss: 0.0137838 
test_loss: 0.013991 
train_loss: 0.0134082 
test_loss: 0.0136333 
train_loss: 0.0145051 
test_loss: 0.0137871 
train_loss: 0.013195 
test_loss: 0.0133755 
train_loss: 0.0135273 
test_loss: 0.0133758 
train_loss: 0.0129756 
test_loss: 0.0129875 
train_loss: 0.0130439 
test_loss: 0.0130562 
train_loss: 0.0127509 
test_loss: 0.0133505 
train_loss: 0.0123209 
test_loss: 0.0126876 
train_loss: 0.0132936 
test_loss: 0.0125165 
train_loss: 0.0121304 
test_loss: 0.0133694 
train_loss: 0.0119351 
test_loss: 0.0118193 
train_loss: 0.0114395 
test_loss: 0.0114732 
train_loss: 0.0111296 
test_loss: 0.0115687 
train_loss: 0.0111871 
test_loss: 0.0114092 
train_loss: 0.0107198 
test_loss: 0.0105451 
train_loss: 0.0106859 
test_loss: 0.0103616 
train_loss: 0.0103071 
test_loss: 0.0103067 
train_loss: 0.00931058 
test_loss: 0.00947905 
train_loss: 0.00947057 
test_loss: 0.00959054 
train_loss: 0.00901156 
test_loss: 0.00871875 
train_loss: 0.00856773 
test_loss: 0.0083986 
train_loss: 0.0083823 
test_loss: 0.00811733 
train_loss: 0.00772393 
test_loss: 0.00756715 
train_loss: 0.00742108 
test_loss: 0.00773031 
train_loss: 0.00721152 
test_loss: 0.00699787 
train_loss: 0.0069347 
test_loss: 0.00663245 
train_loss: 0.00621129 
test_loss: 0.00594828 
train_loss: 0.00587676 
test_loss: 0.00637569 
train_loss: 0.00634681 
test_loss: 0.00584161 
train_loss: 0.00614506 
test_loss: 0.00600362 
train_loss: 0.00507965 
test_loss: 0.00495354 
train_loss: 0.00469317 
test_loss: 0.00492601 
train_loss: 0.0047944 
test_loss: 0.00495758 
train_loss: 0.00450472 
test_loss: 0.00498362 
train_loss: 0.00505695 
test_loss: 0.00492212 
train_loss: 0.00451387 
test_loss: 0.00490551 
train_loss: 0.00448186 
test_loss: 0.00427335 
train_loss: 0.0044211 
test_loss: 0.00420043 
train_loss: 0.0043009 
test_loss: 0.0044471 
train_loss: 0.0041887 
test_loss: 0.00434164 
train_loss: 0.00398003 
test_loss: 0.00450342 
train_loss: 0.00447618 
test_loss: 0.00442235 
train_loss: 0.00418051 
test_loss: 0.00402758 
train_loss: 0.0036427 
test_loss: 0.00427185 
train_loss: 0.00347414 
test_loss: 0.00357032 
train_loss: 0.00372863 
test_loss: 0.00377485 
train_loss: 0.00339255 
test_loss: 0.00354454 
train_loss: 0.00361968 
test_loss: 0.00384993 
train_loss: 0.00427653 
test_loss: 0.00409061 
train_loss: 0.00328525 
test_loss: 0.00326059 
train_loss: 0.00331112 
test_loss: 0.00347797 
train_loss: 0.00336923 
test_loss: 0.00322754 
train_loss: 0.00313254 
test_loss: 0.00336554 
train_loss: 0.00356003 
test_loss: 0.00370181 
train_loss: 0.0031498 
test_loss: 0.00331027 
train_loss: 0.00351286 
test_loss: 0.00407134 
train_loss: 0.00344414 
test_loss: 0.00303017 
train_loss: 0.00319994 
test_loss: 0.00336185 
train_loss: 0.00359447 
test_loss: 0.00330572 
train_loss: 0.00300698 
test_loss: 0.00305882 
train_loss: 0.00317708 
test_loss: 0.00342469 
train_loss: 0.00298223 
test_loss: 0.00311114 
train_loss: 0.00333153 
test_loss: 0.00322965 
train_loss: 0.00289484 
test_loss: 0.00282576 
train_loss: 0.00298569 
test_loss: 0.00310772 
train_loss: 0.00302423 
test_loss: 0.00359832 
train_loss: 0.00342927 
test_loss: 0.00321608 
train_loss: 0.00284002 
test_loss: 0.00277778 
train_loss: 0.00293217 
test_loss: 0.00317461 
train_loss: 0.00328492 
test_loss: 0.00305935 
train_loss: 0.00298924 
test_loss: 0.00300002 
train_loss: 0.00289383 
test_loss: 0.00315735 
train_loss: 0.00263876 
test_loss: 0.00278096 
train_loss: 0.00304666 
test_loss: 0.00279252 
train_loss: 0.00280749 
test_loss: 0.00283314 
train_loss: 0.00289442 
test_loss: 0.00284847 
train_loss: 0.00268951 
test_loss: 0.00281214 
train_loss: 0.00305975 
test_loss: 0.00315779 
train_loss: 0.00307553 
test_loss: 0.00318108 
train_loss: 0.00312506 
test_loss: 0.0034097 
train_loss: 0.00290946 
test_loss: 0.00313396 
train_loss: 0.0028994 
test_loss: 0.00274718 
train_loss: 0.00271662 
test_loss: 0.00263353 
train_loss: 0.00290133 
test_loss: 0.00308164 
train_loss: 0.00303114 
test_loss: 0.00272535 
train_loss: 0.00267169 
test_loss: 0.00295338 
train_loss: 0.00276448 
test_loss: 0.00260398 
train_loss: 0.00275584 
test_loss: 0.00299477 
train_loss: 0.00257786 
test_loss: 0.00278497 
train_loss: 0.00260042 
test_loss: 0.00285164 
train_loss: 0.00265873 
test_loss: 0.00265398 
train_loss: 0.00252314 
test_loss: 0.00280358 
train_loss: 0.00253715 
test_loss: 0.00257474 
train_loss: 0.00308188 
test_loss: 0.00292519 
train_loss: 0.00298982 
test_loss: 0.00274769 
