train_loss: 0.472784 
test_loss: 0.482207 
train_loss: 0.4935 
test_loss: 0.48221 
train_loss: 0.472102 
test_loss: 0.482141 
train_loss: 0.469457 
test_loss: 0.482151 
train_loss: 0.470956 
test_loss: 0.48212 
train_loss: 0.474853 
test_loss: 0.482012 
train_loss: 0.491297 
test_loss: 0.481908 
train_loss: 0.473848 
test_loss: 0.481763 
train_loss: 0.476131 
test_loss: 0.481559 
train_loss: 0.471657 
test_loss: 0.481363 
train_loss: 0.463584 
test_loss: 0.481109 
train_loss: 0.495274 
test_loss: 0.480728 
train_loss: 0.50782 
test_loss: 0.480211 
train_loss: 0.496553 
test_loss: 0.479595 
train_loss: 0.484844 
test_loss: 0.478798 
train_loss: 0.485723 
test_loss: 0.477762 
train_loss: 0.478897 
test_loss: 0.476407 
train_loss: 0.477206 
test_loss: 0.474608 
train_loss: 0.454496 
test_loss: 0.472371 
train_loss: 0.465149 
test_loss: 0.469341 
train_loss: 0.46165 
test_loss: 0.465111 
train_loss: 0.450575 
test_loss: 0.458424 
train_loss: 0.412914 
test_loss: 0.44111 
train_loss: 0.391762 
test_loss: 0.379577 
train_loss: 0.313862 
test_loss: 0.34791 
train_loss: 0.339121 
test_loss: 0.339808 
train_loss: 0.327545 
test_loss: 0.331474 
train_loss: 0.312512 
test_loss: 0.31921 
train_loss: 0.30328 
test_loss: 0.29749 
train_loss: 0.268112 
test_loss: 0.255579 
train_loss: 0.221007 
test_loss: 0.210557 
train_loss: 0.179637 
test_loss: 0.186286 
train_loss: 0.176175 
test_loss: 0.174279 
train_loss: 0.177206 
test_loss: 0.172654 
train_loss: 0.149969 
test_loss: 0.157191 
train_loss: 0.401042 
test_loss: 0.373136 
train_loss: 0.331802 
test_loss: 0.344313 
train_loss: 0.326764 
test_loss: 0.324909 
train_loss: 0.29263 
test_loss: 0.300354 
train_loss: 0.28057 
test_loss: 0.270739 
train_loss: 0.20979 
test_loss: 0.226227 
