train_loss: 0.494936 
test_loss: 0.493683 
train_loss: 0.496162 
test_loss: 0.49053 
train_loss: 0.493302 
test_loss: 0.490428 
train_loss: 0.492934 
test_loss: 0.490362 
train_loss: 0.484131 
test_loss: 0.490297 
train_loss: 0.487311 
test_loss: 0.490197 
train_loss: 0.492559 
test_loss: 0.490084 
train_loss: 0.494109 
test_loss: 0.489985 
train_loss: 0.49375 
test_loss: 0.489867 
train_loss: 0.486416 
test_loss: 0.489755 
train_loss: 0.487217 
test_loss: 0.489621 
train_loss: 0.489664 
test_loss: 0.489466 
train_loss: 0.489136 
test_loss: 0.489318 
train_loss: 0.489513 
test_loss: 0.489156 
train_loss: 0.49215 
test_loss: 0.488985 
train_loss: 0.492625 
test_loss: 0.488817 
train_loss: 0.489802 
test_loss: 0.488647 
train_loss: 0.489696 
test_loss: 0.488455 
train_loss: 0.486605 
test_loss: 0.488266 
train_loss: 0.488934 
test_loss: 0.488034 
train_loss: 0.488768 
test_loss: 0.487843 
train_loss: 0.492321 
test_loss: 0.487625 
train_loss: 0.482366 
test_loss: 0.487402 
train_loss: 0.484682 
test_loss: 0.487153 
train_loss: 0.485367 
test_loss: 0.486883 
train_loss: 0.488486 
test_loss: 0.48663 
train_loss: 0.485887 
test_loss: 0.486374 
train_loss: 0.48737 
test_loss: 0.486116 
train_loss: 0.4831 
test_loss: 0.485825 
train_loss: 0.482204 
test_loss: 0.485528 
train_loss: 0.482098 
test_loss: 0.485228 
train_loss: 0.488024 
test_loss: 0.484927 
train_loss: 0.489133 
test_loss: 0.484616 
train_loss: 0.493158 
test_loss: 0.484288 
train_loss: 0.48605 
test_loss: 0.483932 
train_loss: 0.491196 
test_loss: 0.48358 
train_loss: 0.483648 
test_loss: 0.483237 
train_loss: 0.482959 
test_loss: 0.482869 
train_loss: 0.478973 
test_loss: 0.482495 
train_loss: 0.476307 
test_loss: 0.482094 
train_loss: 0.485691 
test_loss: 0.481695 
train_loss: 0.476572 
test_loss: 0.481292 
train_loss: 0.482613 
test_loss: 0.480866 
train_loss: 0.487177 
test_loss: 0.480413 
train_loss: 0.481374 
test_loss: 0.479982 
train_loss: 0.477773 
test_loss: 0.47951 
train_loss: 0.480314 
test_loss: 0.479048 
train_loss: 0.481044 
test_loss: 0.478551 
train_loss: 0.483208 
test_loss: 0.478061 
train_loss: 0.47096 
test_loss: 0.477548 
train_loss: 0.481475 
test_loss: 0.477042 
train_loss: 0.475384 
test_loss: 0.476499 
train_loss: 0.477994 
test_loss: 0.47594 
train_loss: 0.470241 
test_loss: 0.47539 
train_loss: 0.47872 
test_loss: 0.474799 
train_loss: 0.471889 
test_loss: 0.474212 
train_loss: 0.47037 
test_loss: 0.473608 
train_loss: 0.482772 
test_loss: 0.472995 
train_loss: 0.477144 
test_loss: 0.472336 
train_loss: 0.467752 
test_loss: 0.471696 
train_loss: 0.473553 
test_loss: 0.471035 
train_loss: 0.472297 
test_loss: 0.47034 
train_loss: 0.471916 
test_loss: 0.469641 
train_loss: 0.47821 
test_loss: 0.468918 
train_loss: 0.469323 
test_loss: 0.468182 
train_loss: 0.46725 
test_loss: 0.467442 
train_loss: 0.470731 
test_loss: 0.466666 
train_loss: 0.46578 
test_loss: 0.46587 
train_loss: 0.465844 
test_loss: 0.465063 
train_loss: 0.47098 
test_loss: 0.464248 
train_loss: 0.469457 
test_loss: 0.463375 
train_loss: 0.470167 
test_loss: 0.462519 
train_loss: 0.457952 
test_loss: 0.461643 
train_loss: 0.46628 
test_loss: 0.460741 
train_loss: 0.460124 
test_loss: 0.459813 
train_loss: 0.45843 
test_loss: 0.458873 
train_loss: 0.467675 
test_loss: 0.457902 
train_loss: 0.458565 
test_loss: 0.456912 
train_loss: 0.455036 
test_loss: 0.455902 
train_loss: 0.451488 
test_loss: 0.454859 
train_loss: 0.45372 
test_loss: 0.453811 
train_loss: 0.457482 
test_loss: 0.452719 
train_loss: 0.456749 
test_loss: 0.451617 
train_loss: 0.449191 
test_loss: 0.450479 
train_loss: 0.452072 
test_loss: 0.449339 
train_loss: 0.447006 
test_loss: 0.448161 
train_loss: 0.444074 
test_loss: 0.446971 
train_loss: 0.446599 
test_loss: 0.445726 
train_loss: 0.445254 
test_loss: 0.444476 
train_loss: 0.444554 
test_loss: 0.443194 
train_loss: 0.442351 
test_loss: 0.44188 
train_loss: 0.434225 
test_loss: 0.44054 
train_loss: 0.441538 
test_loss: 0.439189 
train_loss: 0.442598 
test_loss: 0.437788 
train_loss: 0.439283 
test_loss: 0.436364 
train_loss: 0.434225 
test_loss: 0.43492 
train_loss: 0.437103 
test_loss: 0.433454 
train_loss: 0.432746 
test_loss: 0.431946 
train_loss: 0.436457 
test_loss: 0.430389 
train_loss: 0.423915 
test_loss: 0.42883 
train_loss: 0.425841 
test_loss: 0.427249 
train_loss: 0.428487 
test_loss: 0.425607 
train_loss: 0.422379 
test_loss: 0.423944 
train_loss: 0.423555 
test_loss: 0.422242 
train_loss: 0.418342 
test_loss: 0.4205 
train_loss: 0.42573 
test_loss: 0.418758 
train_loss: 0.421154 
test_loss: 0.416949 
train_loss: 0.41922 
test_loss: 0.415132 
train_loss: 0.412658 
test_loss: 0.413264 
train_loss: 0.41452 
test_loss: 0.411387 
train_loss: 0.408412 
test_loss: 0.409453 
train_loss: 0.409582 
test_loss: 0.407481 
train_loss: 0.402823 
test_loss: 0.405492 
train_loss: 0.399203 
test_loss: 0.403442 
train_loss: 0.402124 
test_loss: 0.401379 
train_loss: 0.39266 
test_loss: 0.399272 
train_loss: 0.395794 
test_loss: 0.397118 
train_loss: 0.391906 
test_loss: 0.394928 
train_loss: 0.391964 
test_loss: 0.392715 
train_loss: 0.394939 
test_loss: 0.390462 
train_loss: 0.384067 
test_loss: 0.388156 
train_loss: 0.3859 
test_loss: 0.385834 
train_loss: 0.380437 
test_loss: 0.38345 
train_loss: 0.378031 
test_loss: 0.381043 
train_loss: 0.379043 
test_loss: 0.378598 
train_loss: 0.374997 
test_loss: 0.376098 
train_loss: 0.374497 
test_loss: 0.373577 
train_loss: 0.368414 
test_loss: 0.37101 
train_loss: 0.373761 
test_loss: 0.36841 
train_loss: 0.366089 
test_loss: 0.365764 
train_loss: 0.361828 
test_loss: 0.363079 
train_loss: 0.364648 
test_loss: 0.360341 
train_loss: 0.354805 
test_loss: 0.357575 
train_loss: 0.354059 
test_loss: 0.35478 
train_loss: 0.357345 
test_loss: 0.351925 
train_loss: 0.352867 
test_loss: 0.349036 
train_loss: 0.352847 
test_loss: 0.346107 
train_loss: 0.34552 
test_loss: 0.34314 
train_loss: 0.340162 
test_loss: 0.340119 
train_loss: 0.336169 
test_loss: 0.337065 
train_loss: 0.337576 
test_loss: 0.333957 
train_loss: 0.331805 
test_loss: 0.330805 
train_loss: 0.32876 
test_loss: 0.327627 
train_loss: 0.320831 
test_loss: 0.324398 
train_loss: 0.323124 
test_loss: 0.321128 
train_loss: 0.321479 
test_loss: 0.317798 
train_loss: 0.316639 
test_loss: 0.314447 
train_loss: 0.312234 
test_loss: 0.311046 
train_loss: 0.307432 
test_loss: 0.307599 
train_loss: 0.302333 
test_loss: 0.304107 
train_loss: 0.305402 
test_loss: 0.300574 
train_loss: 0.300987 
test_loss: 0.296988 
train_loss: 0.293442 
test_loss: 0.293353 
train_loss: 0.290583 
test_loss: 0.28968 
train_loss: 0.28545 
test_loss: 0.285953 
train_loss: 0.28272 
test_loss: 0.282171 
train_loss: 0.277521 
test_loss: 0.278363 
train_loss: 0.27656 
test_loss: 0.274485 
train_loss: 0.270757 
test_loss: 0.270575 
train_loss: 0.26754 
test_loss: 0.266609 
train_loss: 0.26692 
test_loss: 0.262596 
train_loss: 0.25993 
test_loss: 0.258521 
train_loss: 0.252134 
test_loss: 0.254398 
train_loss: 0.250394 
test_loss: 0.250231 
train_loss: 0.246686 
test_loss: 0.246 
train_loss: 0.243058 
test_loss: 0.241723 
train_loss: 0.237832 
test_loss: 0.2374 
train_loss: 0.231968 
test_loss: 0.233015 
train_loss: 0.230352 
test_loss: 0.228573 
train_loss: 0.225381 
test_loss: 0.22408 
train_loss: 0.21967 
test_loss: 0.219538 
train_loss: 0.21637 
test_loss: 0.214954 
train_loss: 0.212515 
test_loss: 0.210321 
train_loss: 0.205544 
test_loss: 0.205635 
train_loss: 0.202051 
test_loss: 0.200918 
train_loss: 0.194901 
test_loss: 0.196151 
train_loss: 0.192597 
test_loss: 0.191351 
train_loss: 0.187404 
test_loss: 0.186507 
train_loss: 0.18195 
test_loss: 0.181625 
train_loss: 0.179472 
test_loss: 0.176698 
train_loss: 0.171678 
test_loss: 0.171713 
train_loss: 0.168654 
test_loss: 0.166696 
train_loss: 0.163111 
test_loss: 0.161602 
train_loss: 0.156773 
test_loss: 0.156446 
train_loss: 0.152269 
test_loss: 0.15119 
train_loss: 0.146057 
test_loss: 0.145818 
train_loss: 0.141583 
test_loss: 0.140339 
train_loss: 0.135681 
test_loss: 0.134742 
train_loss: 0.130876 
test_loss: 0.129058 
train_loss: 0.122184 
test_loss: 0.123318 
train_loss: 0.116633 
test_loss: 0.117574 
train_loss: 0.113969 
test_loss: 0.111863 
train_loss: 0.107098 
test_loss: 0.106276 
train_loss: 0.101224 
test_loss: 0.100883 
train_loss: 0.095146 
test_loss: 0.0957699 
train_loss: 0.0914586 
test_loss: 0.0910113 
train_loss: 0.0857747 
test_loss: 0.0866395 
train_loss: 0.0817906 
test_loss: 0.0827052 
train_loss: 0.0794798 
test_loss: 0.0791919 
train_loss: 0.0768027 
test_loss: 0.0760874 
train_loss: 0.0724095 
test_loss: 0.0733557 
train_loss: 0.0707522 
test_loss: 0.0709601 
train_loss: 0.0689904 
test_loss: 0.0688672 
train_loss: 0.0673424 
test_loss: 0.0670363 
train_loss: 0.0660092 
test_loss: 0.0654321 
train_loss: 0.0645935 
test_loss: 0.0640194 
train_loss: 0.0629188 
test_loss: 0.0627711 
train_loss: 0.0612161 
test_loss: 0.0616664 
train_loss: 0.0601936 
test_loss: 0.0606878 
train_loss: 0.0594723 
test_loss: 0.0598129 
train_loss: 0.0599138 
test_loss: 0.0590352 
train_loss: 0.0586941 
test_loss: 0.0583343 
train_loss: 0.057819 
test_loss: 0.0577034 
train_loss: 0.0570534 
test_loss: 0.0571279 
train_loss: 0.0568169 
test_loss: 0.0566048 
train_loss: 0.0570828 
test_loss: 0.0561236 
train_loss: 0.0553221 
test_loss: 0.0556862 
train_loss: 0.0555492 
test_loss: 0.055277 
train_loss: 0.0542817 
test_loss: 0.0548995 
train_loss: 0.0550338 
test_loss: 0.0545509 
train_loss: 0.0545534 
test_loss: 0.0542218 
train_loss: 0.0538215 
test_loss: 0.0539144 
train_loss: 0.0535549 
test_loss: 0.0536163 
train_loss: 0.0527679 
test_loss: 0.053338 
train_loss: 0.0524308 
test_loss: 0.0530703 
train_loss: 0.0529925 
test_loss: 0.0528121 
train_loss: 0.0523683 
test_loss: 0.0525626 
train_loss: 0.0528115 
test_loss: 0.0523205 
train_loss: 0.0528023 
test_loss: 0.0520875 
train_loss: 0.051359 
test_loss: 0.0518588 
train_loss: 0.0517689 
test_loss: 0.0516332 
train_loss: 0.0507639 
test_loss: 0.0514138 
train_loss: 0.0515337 
test_loss: 0.0511947 
train_loss: 0.0506025 
test_loss: 0.0509633 
train_loss: 0.0506884 
test_loss: 0.0507465 
train_loss: 0.0504348 
test_loss: 0.0505275 
train_loss: 0.0501537 
test_loss: 0.0503091 
train_loss: 0.050065 
test_loss: 0.0500858 
train_loss: 0.0500642 
test_loss: 0.049852 
train_loss: 0.0492252 
test_loss: 0.0496214 
train_loss: 0.049264 
test_loss: 0.0493938 
train_loss: 0.0498304 
test_loss: 0.0491437 
train_loss: 0.0492934 
test_loss: 0.0489078 
train_loss: 0.0486491 
test_loss: 0.0486438 
train_loss: 0.0486939 
test_loss: 0.0483949 
train_loss: 0.0478413 
test_loss: 0.0481228 
train_loss: 0.0476912 
test_loss: 0.047843 
train_loss: 0.047549 
test_loss: 0.047566 
train_loss: 0.0464991 
test_loss: 0.0472778 
train_loss: 0.0472408 
test_loss: 0.0469641 
train_loss: 0.0461709 
test_loss: 0.0466589 
train_loss: 0.0466137 
test_loss: 0.0463486 
train_loss: 0.045548 
test_loss: 0.0460145 
train_loss: 0.0455403 
test_loss: 0.0456632 
train_loss: 0.0450519 
test_loss: 0.0453005 
train_loss: 0.0452946 
test_loss: 0.0449322 
train_loss: 0.0452505 
test_loss: 0.0445681 
train_loss: 0.0443988 
test_loss: 0.044178 
train_loss: 0.0443367 
test_loss: 0.0437673 
train_loss: 0.0431378 
test_loss: 0.0433521 
train_loss: 0.0434837 
test_loss: 0.042918 
train_loss: 0.0421959 
test_loss: 0.0424728 
train_loss: 0.0420995 
test_loss: 0.0420185 
train_loss: 0.0413643 
test_loss: 0.0415298 
train_loss: 0.0404441 
test_loss: 0.0410397 
train_loss: 0.0409603 
test_loss: 0.0405306 
train_loss: 0.0394577 
test_loss: 0.0400131 
train_loss: 0.0394415 
test_loss: 0.0394698 
train_loss: 0.0389183 
test_loss: 0.0388972 
train_loss: 0.0381612 
test_loss: 0.0383249 
train_loss: 0.0375844 
test_loss: 0.0377314 
train_loss: 0.03719 
test_loss: 0.0371173 
train_loss: 0.0364956 
test_loss: 0.0365087 
train_loss: 0.0358379 
test_loss: 0.0358653 
train_loss: 0.0351149 
test_loss: 0.0352226 
train_loss: 0.0344739 
test_loss: 0.0345639 
train_loss: 0.0339336 
test_loss: 0.0339015 
train_loss: 0.0337891 
test_loss: 0.0332119 
train_loss: 0.0323469 
test_loss: 0.0325263 
train_loss: 0.0319264 
test_loss: 0.0318148 
train_loss: 0.0311792 
test_loss: 0.0311435 
train_loss: 0.0303025 
test_loss: 0.0304241 
train_loss: 0.0300613 
test_loss: 0.0296878 
train_loss: 0.0290748 
test_loss: 0.0289717 
train_loss: 0.0278329 
test_loss: 0.0282383 
train_loss: 0.027239 
test_loss: 0.0274999 
train_loss: 0.0269813 
test_loss: 0.026761 
train_loss: 0.0260064 
test_loss: 0.0260427 
train_loss: 0.0251818 
test_loss: 0.0252956 
train_loss: 0.0245131 
test_loss: 0.0245906 
train_loss: 0.0237001 
test_loss: 0.023867 
train_loss: 0.0234548 
test_loss: 0.0232118 
train_loss: 0.0226213 
test_loss: 0.0224893 
train_loss: 0.0220047 
test_loss: 0.0218458 
train_loss: 0.0213543 
test_loss: 0.0211892 
train_loss: 0.0204817 
test_loss: 0.0205214 
train_loss: 0.020144 
test_loss: 0.0198908 
train_loss: 0.0193518 
test_loss: 0.019282 
train_loss: 0.0185284 
test_loss: 0.0187227 
train_loss: 0.0184724 
test_loss: 0.0181796 
train_loss: 0.0177675 
test_loss: 0.017708 
train_loss: 0.0169453 
test_loss: 0.0171664 
train_loss: 0.0167913 
test_loss: 0.0166877 
train_loss: 0.0160302 
test_loss: 0.0162466 
train_loss: 0.0158913 
test_loss: 0.0158317 
train_loss: 0.0154873 
test_loss: 0.0154637 
train_loss: 0.0151012 
test_loss: 0.0151482 
train_loss: 0.0147006 
test_loss: 0.014767 
train_loss: 0.0144204 
test_loss: 0.0144731 
train_loss: 0.0142047 
test_loss: 0.0142187 
train_loss: 0.0140118 
test_loss: 0.0139791 
train_loss: 0.0139905 
test_loss: 0.0137255 
train_loss: 0.0135495 
test_loss: 0.0135069 
train_loss: 0.0132955 
test_loss: 0.0132919 
train_loss: 0.0133491 
test_loss: 0.0131121 
train_loss: 0.0128655 
test_loss: 0.0129626 
train_loss: 0.0127816 
test_loss: 0.0127745 
train_loss: 0.0127198 
test_loss: 0.0126135 
train_loss: 0.0125404 
test_loss: 0.0124403 
train_loss: 0.0121549 
test_loss: 0.0123049 
train_loss: 0.0121489 
test_loss: 0.0121777 
train_loss: 0.0120197 
test_loss: 0.0120504 
train_loss: 0.011824 
test_loss: 0.0119484 
train_loss: 0.0117401 
test_loss: 0.0118232 
train_loss: 0.0114697 
test_loss: 0.0117658 
train_loss: 0.0116806 
test_loss: 0.0116356 
train_loss: 0.0116108 
test_loss: 0.01149 
train_loss: 0.0113387 
test_loss: 0.0114242 
train_loss: 0.0115144 
test_loss: 0.0112973 
train_loss: 0.0111309 
test_loss: 0.0112162 
train_loss: 0.0111413 
test_loss: 0.0112005 
train_loss: 0.0110723 
test_loss: 0.0110856 
train_loss: 0.0111763 
test_loss: 0.011026 
train_loss: 0.0108267 
test_loss: 0.0109258 
train_loss: 0.0108825 
test_loss: 0.0108136 
train_loss: 0.0109463 
test_loss: 0.0107709 
train_loss: 0.0106814 
test_loss: 0.0107804 
train_loss: 0.0105138 
test_loss: 0.0106922 
train_loss: 0.0104115 
test_loss: 0.0105339 
train_loss: 0.0104494 
test_loss: 0.0105022 
train_loss: 0.0104079 
test_loss: 0.010496 
train_loss: 0.0104143 
test_loss: 0.0104054 
train_loss: 0.0102979 
test_loss: 0.0103199 
train_loss: 0.0101506 
test_loss: 0.0102267 
train_loss: 0.0103358 
test_loss: 0.0101831 
train_loss: 0.0102302 
test_loss: 0.0101285 
train_loss: 0.0101449 
test_loss: 0.0101147 
train_loss: 0.00991024 
test_loss: 0.0101064 
train_loss: 0.00997787 
test_loss: 0.0100418 
train_loss: 0.0100147 
test_loss: 0.0099273 
train_loss: 0.00980348 
test_loss: 0.00981808 
train_loss: 0.00986051 
test_loss: 0.0100484 
train_loss: 0.00975185 
test_loss: 0.00985099 
train_loss: 0.00987826 
test_loss: 0.00982951 
train_loss: 0.00977715 
test_loss: 0.00979191 
train_loss: 0.0096256 
test_loss: 0.00974627 
train_loss: 0.00968749 
test_loss: 0.00964246 
train_loss: 0.00957129 
test_loss: 0.00966285 
train_loss: 0.00950505 
test_loss: 0.00963756 
train_loss: 0.0097846 
test_loss: 0.0097083 
train_loss: 0.00954287 
test_loss: 0.00952681 
train_loss: 0.009613 
test_loss: 0.009538 
train_loss: 0.00945341 
test_loss: 0.00959509 
train_loss: 0.00957292 
test_loss: 0.00951902 
train_loss: 0.0094182 
test_loss: 0.00942779 
train_loss: 0.00938184 
test_loss: 0.00951253 
train_loss: 0.00928556 
test_loss: 0.0094368 
train_loss: 0.00936124 
test_loss: 0.00934257 
train_loss: 0.00920725 
test_loss: 0.00932598 
train_loss: 0.00924513 
test_loss: 0.00936844 
train_loss: 0.00944342 
test_loss: 0.00930392 
train_loss: 0.00929773 
test_loss: 0.00922028 
train_loss: 0.0092795 
test_loss: 0.00920605 
train_loss: 0.00928858 
test_loss: 0.00915794 
train_loss: 0.00911616 
test_loss: 0.00922722 
train_loss: 0.00928791 
test_loss: 0.0091782 
train_loss: 0.00907682 
test_loss: 0.00915218 
train_loss: 0.00925339 
test_loss: 0.00914567 
train_loss: 0.00944316 
test_loss: 0.00912298 
train_loss: 0.00932909 
test_loss: 0.00904236 
train_loss: 0.00919394 
test_loss: 0.00902218 
train_loss: 0.00894886 
test_loss: 0.00899451 
train_loss: 0.00901845 
test_loss: 0.0090778 
train_loss: 0.00916057 
test_loss: 0.00904731 
train_loss: 0.00905499 
test_loss: 0.00894685 
train_loss: 0.0088573 
test_loss: 0.00906856 
train_loss: 0.00892217 
test_loss: 0.00910328 
train_loss: 0.00891514 
test_loss: 0.00888583 
train_loss: 0.00899886 
test_loss: 0.00894354 
train_loss: 0.00875277 
test_loss: 0.0089121 
train_loss: 0.008979 
test_loss: 0.00883216 
train_loss: 0.008805 
test_loss: 0.0088637 
train_loss: 0.00891419 
test_loss: 0.00888267 
train_loss: 0.00896728 
test_loss: 0.00888961 
train_loss: 0.00853691 
test_loss: 0.00881728 
train_loss: 0.00876566 
test_loss: 0.00879173 
train_loss: 0.00895406 
test_loss: 0.00888248 
train_loss: 0.00864593 
test_loss: 0.00872328 
train_loss: 0.00847782 
test_loss: 0.00872168 
train_loss: 0.00862969 
test_loss: 0.00883465 
train_loss: 0.00853627 
test_loss: 0.00858411 
train_loss: 0.00860818 
test_loss: 0.00857323 
train_loss: 0.00865576 
test_loss: 0.00863353 
train_loss: 0.00852504 
test_loss: 0.00854868 
train_loss: 0.00846556 
test_loss: 0.00866014 
train_loss: 0.00860566 
test_loss: 0.00847452 
train_loss: 0.00847615 
test_loss: 0.00855967 
train_loss: 0.00848262 
test_loss: 0.00850234 
train_loss: 0.00833638 
test_loss: 0.00853994 
train_loss: 0.00828481 
test_loss: 0.00838981 
train_loss: 0.0084031 
test_loss: 0.0084528 
train_loss: 0.00842095 
test_loss: 0.00840425 
train_loss: 0.00846426 
test_loss: 0.00844968 
train_loss: 0.00823739 
test_loss: 0.00849929 
train_loss: 0.00825148 
test_loss: 0.00837384 
train_loss: 0.00818063 
test_loss: 0.00839023 
train_loss: 0.00824508 
test_loss: 0.00858093 
train_loss: 0.00808929 
test_loss: 0.00833425 
train_loss: 0.0080083 
test_loss: 0.00870974 
train_loss: 0.00800908 
test_loss: 0.00803125 
train_loss: 0.00825675 
test_loss: 0.00808851 
train_loss: 0.00810695 
test_loss: 0.00802077 
train_loss: 0.00821217 
test_loss: 0.00811228 
train_loss: 0.00823934 
test_loss: 0.00842442 
train_loss: 0.00785762 
test_loss: 0.00800056 
train_loss: 0.00797228 
test_loss: 0.00791264 
train_loss: 0.00778236 
test_loss: 0.00792856 
train_loss: 0.00809533 
test_loss: 0.00781925 
train_loss: 0.00766688 
test_loss: 0.00778903 
train_loss: 0.00770576 
test_loss: 0.00798917 
train_loss: 0.00781324 
test_loss: 0.00776426 
train_loss: 0.0075345 
test_loss: 0.0078343 
train_loss: 0.00752997 
test_loss: 0.00768424 
train_loss: 0.00749651 
test_loss: 0.00764872 
train_loss: 0.00750078 
test_loss: 0.00740799 
train_loss: 0.00696169 
test_loss: 0.00721515 
train_loss: 0.00712455 
test_loss: 0.0070755 
train_loss: 0.00720147 
test_loss: 0.00709316 
train_loss: 0.00731091 
test_loss: 0.0072034 
train_loss: 0.0071584 
test_loss: 0.00691162 
train_loss: 0.00678208 
test_loss: 0.00672515 
train_loss: 0.00651061 
test_loss: 0.0074328 
train_loss: 0.00718057 
test_loss: 0.0066958 
train_loss: 0.00672726 
test_loss: 0.00675123 
train_loss: 0.00608512 
test_loss: 0.00637757 
train_loss: 0.00624474 
test_loss: 0.00664389 
train_loss: 0.00619912 
test_loss: 0.0062967 
train_loss: 0.00591762 
test_loss: 0.0065771 
train_loss: 0.00626964 
test_loss: 0.00587696 
train_loss: 0.0059319 
test_loss: 0.00614759 
train_loss: 0.0057053 
test_loss: 0.00571935 
train_loss: 0.00567809 
test_loss: 0.00591634 
train_loss: 0.00590712 
test_loss: 0.00550557 
train_loss: 0.00551472 
test_loss: 0.00540076 
train_loss: 0.00565535 
test_loss: 0.00554879 
train_loss: 0.00568198 
test_loss: 0.00575573 
train_loss: 0.00519086 
test_loss: 0.00531462 
train_loss: 0.00496096 
test_loss: 0.00505046 
train_loss: 0.00543945 
test_loss: 0.00521901 
train_loss: 0.00494808 
test_loss: 0.005222 
train_loss: 0.00465535 
test_loss: 0.00462286 
train_loss: 0.00517904 
test_loss: 0.00501862 
train_loss: 0.00486803 
test_loss: 0.00514737 
train_loss: 0.00499702 
test_loss: 0.00495785 
train_loss: 0.00470441 
test_loss: 0.00468464 
train_loss: 0.00448149 
test_loss: 0.00455388 
train_loss: 0.00465457 
test_loss: 0.00491772 
train_loss: 0.00452636 
test_loss: 0.00485084 
train_loss: 0.00490202 
test_loss: 0.00443489 
train_loss: 0.00493524 
test_loss: 0.00439107 
train_loss: 0.00458333 
test_loss: 0.00456972 
train_loss: 0.00428018 
test_loss: 0.00465811 
train_loss: 0.00443214 
test_loss: 0.0043315 
train_loss: 0.00407828 
test_loss: 0.00391703 
train_loss: 0.00442152 
test_loss: 0.00434938 
train_loss: 0.00447372 
test_loss: 0.00496426 
train_loss: 0.00401328 
test_loss: 0.00399821 
train_loss: 0.0043607 
test_loss: 0.00463425 
train_loss: 0.00423964 
test_loss: 0.00441936 
train_loss: 0.0044343 
test_loss: 0.00426147 
train_loss: 0.00453928 
test_loss: 0.00400381 
train_loss: 0.00441511 
test_loss: 0.00422615 
train_loss: 0.00400502 
test_loss: 0.00394956 
train_loss: 0.00388053 
test_loss: 0.00429533 
train_loss: 0.0038354 
test_loss: 0.00442323 
train_loss: 0.00442931 
test_loss: 0.00405668 
train_loss: 0.00441416 
test_loss: 0.0049313 
train_loss: 0.00414834 
test_loss: 0.00396045 
train_loss: 0.00358827 
test_loss: 0.0038531 
train_loss: 0.00391658 
test_loss: 0.00415145 
train_loss: 0.00362307 
test_loss: 0.00427724 
