train_loss: 0.534938 
test_loss: 0.538502 
train_loss: 0.515352 
test_loss: 0.534040 
train_loss: 0.514155 
test_loss: 0.527632 
train_loss: 0.519613 
test_loss: 0.519227 
train_loss: 0.487581 
test_loss: 0.508662 
train_loss: 0.503847 
test_loss: 0.495707 
train_loss: 0.491002 
test_loss: 0.480185 
train_loss: 0.456993 
test_loss: 0.461899 
train_loss: 0.443119 
test_loss: 0.440391 
train_loss: 0.425448 
test_loss: 0.415338 
train_loss: 0.390805 
test_loss: 0.385923 
train_loss: 0.332981 
test_loss: 0.349614 
train_loss: 0.294809 
test_loss: 0.295435 
train_loss: 0.213316 
test_loss: 0.220646 
train_loss: 0.157987 
test_loss: 0.159589 
train_loss: 0.112872 
test_loss: 0.111296 
train_loss: 0.078288 
test_loss: 0.079852 
train_loss: 0.071448 
test_loss: 0.068452 
train_loss: 0.069487 
test_loss: 0.065521 
train_loss: 0.065370 
test_loss: 0.064572 
train_loss: 0.066934 
test_loss: 0.064198 
train_loss: 0.061180 
test_loss: 0.063925 
train_loss: 0.064060 
test_loss: 0.063693 
train_loss: 0.063619 
test_loss: 0.063436 
train_loss: 0.061995 
test_loss: 0.062979 
train_loss: 0.065330 
test_loss: 0.062137 
train_loss: 0.058586 
test_loss: 0.060400 
train_loss: 0.059512 
test_loss: 0.057971 
train_loss: 0.054347 
test_loss: 0.056022 
train_loss: 0.053673 
test_loss: 0.054038 
train_loss: 0.048086 
test_loss: 0.050309 
train_loss: 0.045704 
test_loss: 0.044963 
train_loss: 0.035685 
test_loss: 0.037337 
train_loss: 0.030336 
test_loss: 0.032654 
train_loss: 0.032543 
test_loss: 0.029587 
train_loss: 0.028236 
test_loss: 0.027228 
train_loss: 0.027495 
test_loss: 0.027044 
train_loss: 0.025664 
test_loss: 0.026752 
train_loss: 0.026012 
test_loss: 0.026786 
train_loss: 0.026411 
test_loss: 0.026665 
train_loss: 0.024505 
test_loss: 0.026614 
train_loss: 0.026129 
test_loss: 0.026837 
train_loss: 0.027157 
test_loss: 0.026637 
train_loss: 0.024679 
test_loss: 0.027245 
train_loss: 0.026796 
test_loss: 0.026870 
train_loss: 0.028027 
test_loss: 0.027077 
train_loss: 0.025286 
test_loss: 0.026333 
train_loss: 0.026895 
test_loss: 0.026523 
train_loss: 0.027635 
test_loss: 0.026384 
train_loss: 0.026117 
test_loss: 0.025910 
train_loss: 0.025972 
test_loss: 0.025263 
train_loss: 0.024462 
test_loss: 0.024909 
train_loss: 0.024023 
test_loss: 0.023207 
train_loss: 0.019313 
test_loss: 0.020793 
train_loss: 0.017985 
test_loss: 0.017623 
train_loss: 0.015542 
test_loss: 0.015976 
train_loss: 0.014969 
test_loss: 0.014287 
train_loss: 0.012240 
test_loss: 0.013105 
train_loss: 0.012675 
test_loss: 0.012709 
train_loss: 0.012231 
test_loss: 0.012480 
train_loss: 0.012046 
test_loss: 0.012246 
train_loss: 0.012283 
test_loss: 0.011834 
train_loss: 0.010983 
test_loss: 0.011550 
train_loss: 0.012198 
test_loss: 0.011869 
train_loss: 0.011144 
test_loss: 0.011308 
train_loss: 0.011842 
test_loss: 0.012122 
train_loss: 0.011166 
test_loss: 0.011419 
train_loss: 0.011909 
test_loss: 0.011569 
train_loss: 0.010446 
test_loss: 0.011427 
train_loss: 0.010747 
test_loss: 0.011251 
train_loss: 0.011713 
test_loss: 0.011260 
train_loss: 0.011285 
test_loss: 0.011210 
train_loss: 0.012524 
test_loss: 0.011372 
train_loss: 0.011322 
test_loss: 0.011061 
train_loss: 0.010610 
test_loss: 0.011000 
train_loss: 0.011278 
test_loss: 0.010831 
train_loss: 0.010886 
test_loss: 0.011057 
train_loss: 0.011435 
test_loss: 0.010989 
train_loss: 0.010698 
test_loss: 0.010948 
train_loss: 0.010526 
test_loss: 0.011128 
train_loss: 0.010778 
test_loss: 0.010834 
train_loss: 0.010593 
test_loss: 0.010896 
train_loss: 0.011646 
test_loss: 0.010775 
train_loss: 0.010947 
test_loss: 0.010605 
train_loss: 0.011014 
test_loss: 0.010644 
train_loss: 0.010274 
test_loss: 0.010717 
train_loss: 0.009985 
test_loss: 0.010658 
train_loss: 0.010272 
test_loss: 0.010521 
train_loss: 0.011332 
test_loss: 0.010839 
train_loss: 0.011064 
test_loss: 0.010609 
train_loss: 0.010463 
test_loss: 0.010414 
train_loss: 0.010617 
test_loss: 0.010478 
train_loss: 0.010218 
test_loss: 0.010653 
train_loss: 0.010964 
test_loss: 0.010561 
train_loss: 0.009601 
test_loss: 0.010493 
train_loss: 0.010395 
test_loss: 0.010666 
train_loss: 0.010723 
test_loss: 0.010553 
train_loss: 0.010195 
test_loss: 0.010584 
train_loss: 0.011128 
test_loss: 0.010253 
train_loss: 0.010134 
test_loss: 0.010447 
train_loss: 0.009951 
test_loss: 0.010389 
train_loss: 0.009585 
test_loss: 0.010144 
train_loss: 0.010167 
test_loss: 0.010383 
train_loss: 0.010264 
test_loss: 0.010293 
train_loss: 0.010228 
test_loss: 0.010341 
train_loss: 0.010839 
test_loss: 0.010398 
train_loss: 0.010356 
test_loss: 0.010578 
train_loss: 0.009985 
test_loss: 0.010162 
train_loss: 0.009587 
test_loss: 0.010111 
train_loss: 0.010370 
test_loss: 0.010107 
train_loss: 0.009837 
test_loss: 0.010171 
train_loss: 0.009744 
test_loss: 0.010505 
train_loss: 0.010248 
test_loss: 0.010184 
train_loss: 0.009725 
test_loss: 0.010060 
train_loss: 0.009977 
test_loss: 0.010201 
train_loss: 0.010690 
test_loss: 0.010203 
train_loss: 0.010733 
test_loss: 0.010254 
train_loss: 0.010051 
test_loss: 0.010256 
train_loss: 0.010602 
test_loss: 0.010232 
train_loss: 0.010498 
test_loss: 0.010067 
train_loss: 0.009380 
test_loss: 0.010067 
train_loss: 0.010256 
test_loss: 0.010060 
train_loss: 0.010173 
test_loss: 0.010298 
train_loss: 0.010034 
test_loss: 0.010142 
train_loss: 0.010630 
test_loss: 0.010249 
train_loss: 0.009370 
test_loss: 0.009903 
train_loss: 0.010483 
test_loss: 0.010070 
train_loss: 0.010139 
test_loss: 0.010057 
train_loss: 0.010199 
test_loss: 0.010198 
train_loss: 0.010345 
test_loss: 0.010116 
train_loss: 0.010019 
test_loss: 0.009620 
train_loss: 0.010023 
test_loss: 0.009878 
train_loss: 0.010337 
test_loss: 0.009871 
train_loss: 0.010030 
test_loss: 0.010389 
train_loss: 0.009016 
test_loss: 0.009797 
train_loss: 0.009970 
test_loss: 0.009983 
train_loss: 0.009938 
test_loss: 0.009829 
train_loss: 0.009834 
test_loss: 0.009634 
train_loss: 0.009918 
test_loss: 0.009836 
train_loss: 0.010415 
test_loss: 0.010039 
train_loss: 0.009745 
test_loss: 0.009753 
