train_loss: 0.602380 
test_loss: 0.583435 
train_loss: 0.582799 
test_loss: 0.573370 
train_loss: 0.574626 
test_loss: 0.559564 
train_loss: 0.552262 
test_loss: 0.542596 
train_loss: 0.521277 
test_loss: 0.522826 
train_loss: 0.502112 
test_loss: 0.500177 
train_loss: 0.472559 
test_loss: 0.474530 
train_loss: 0.436064 
test_loss: 0.444684 
train_loss: 0.410349 
test_loss: 0.402336 
train_loss: 0.327123 
test_loss: 0.334992 
train_loss: 0.275075 
test_loss: 0.284564 
train_loss: 0.239223 
test_loss: 0.239671 
train_loss: 0.189321 
test_loss: 0.187839 
train_loss: 0.135275 
test_loss: 0.127704 
train_loss: 0.080010 
test_loss: 0.078880 
train_loss: 0.059891 
test_loss: 0.061201 
train_loss: 0.058691 
test_loss: 0.057624 
train_loss: 0.055059 
test_loss: 0.056468 
train_loss: 0.059470 
test_loss: 0.055896 
train_loss: 0.055148 
test_loss: 0.055485 
train_loss: 0.054160 
test_loss: 0.055187 
train_loss: 0.055396 
test_loss: 0.055019 
train_loss: 0.053603 
test_loss: 0.054903 
train_loss: 0.054246 
test_loss: 0.054757 
train_loss: 0.054004 
test_loss: 0.054654 
train_loss: 0.054716 
test_loss: 0.054362 
train_loss: 0.056362 
test_loss: 0.053820 
train_loss: 0.052861 
test_loss: 0.052718 
train_loss: 0.050898 
test_loss: 0.050025 
train_loss: 0.049787 
test_loss: 0.046783 
train_loss: 0.044536 
test_loss: 0.042822 
train_loss: 0.035569 
test_loss: 0.034783 
train_loss: 0.022179 
test_loss: 0.022993 
train_loss: 0.015650 
test_loss: 0.015439 
train_loss: 0.013098 
test_loss: 0.013371 
train_loss: 0.012371 
test_loss: 0.012781 
train_loss: 0.012658 
test_loss: 0.012738 
train_loss: 0.012809 
test_loss: 0.012403 
train_loss: 0.012037 
test_loss: 0.012560 
train_loss: 0.012852 
test_loss: 0.012425 
train_loss: 0.013133 
test_loss: 0.012635 
train_loss: 0.012463 
test_loss: 0.013299 
train_loss: 0.011629 
test_loss: 0.012465 
train_loss: 0.011831 
test_loss: 0.012202 
train_loss: 0.012543 
test_loss: 0.012153 
train_loss: 0.012668 
test_loss: 0.012175 
train_loss: 0.012562 
test_loss: 0.012305 
train_loss: 0.012493 
test_loss: 0.011762 
train_loss: 0.012555 
test_loss: 0.012119 
train_loss: 0.011810 
test_loss: 0.012192 
train_loss: 0.011595 
test_loss: 0.011536 
train_loss: 0.012658 
test_loss: 0.011738 
train_loss: 0.012051 
test_loss: 0.011626 
train_loss: 0.012093 
test_loss: 0.011562 
train_loss: 0.011622 
test_loss: 0.012285 
train_loss: 0.011478 
test_loss: 0.011913 
train_loss: 0.011249 
test_loss: 0.011521 
train_loss: 0.011602 
test_loss: 0.011069 
train_loss: 0.012057 
test_loss: 0.011488 
train_loss: 0.011143 
test_loss: 0.011500 
train_loss: 0.011264 
test_loss: 0.011525 
train_loss: 0.010438 
test_loss: 0.010434 
train_loss: 0.010407 
test_loss: 0.010166 
train_loss: 0.009986 
test_loss: 0.010120 
train_loss: 0.009354 
test_loss: 0.009300 
train_loss: 0.009389 
test_loss: 0.009328 
train_loss: 0.009215 
test_loss: 0.008613 
train_loss: 0.008772 
test_loss: 0.008569 
train_loss: 0.008898 
test_loss: 0.008413 
train_loss: 0.008752 
test_loss: 0.008178 
train_loss: 0.008386 
test_loss: 0.008381 
train_loss: 0.008338 
test_loss: 0.008191 
train_loss: 0.008403 
test_loss: 0.008086 
train_loss: 0.007969 
test_loss: 0.008043 
train_loss: 0.007950 
test_loss: 0.007913 
train_loss: 0.008032 
test_loss: 0.008299 
train_loss: 0.008124 
test_loss: 0.008119 
train_loss: 0.007969 
test_loss: 0.008170 
train_loss: 0.008052 
test_loss: 0.007847 
train_loss: 0.007740 
test_loss: 0.007748 
train_loss: 0.008364 
test_loss: 0.007855 
train_loss: 0.007534 
test_loss: 0.007739 
train_loss: 0.007902 
test_loss: 0.007749 
train_loss: 0.007259 
test_loss: 0.007454 
train_loss: 0.008479 
test_loss: 0.007882 
train_loss: 0.008173 
test_loss: 0.007877 
train_loss: 0.007501 
test_loss: 0.007675 
train_loss: 0.007868 
test_loss: 0.007834 
train_loss: 0.007894 
test_loss: 0.007630 
train_loss: 0.007576 
test_loss: 0.007445 
train_loss: 0.007274 
test_loss: 0.007375 
train_loss: 0.007755 
test_loss: 0.007533 
train_loss: 0.007728 
test_loss: 0.007542 
train_loss: 0.008099 
test_loss: 0.008012 
train_loss: 0.007542 
test_loss: 0.007376 
train_loss: 0.008065 
test_loss: 0.007560 
train_loss: 0.006924 
test_loss: 0.007429 
train_loss: 0.007768 
test_loss: 0.007413 
train_loss: 0.007871 
test_loss: 0.007495 
train_loss: 0.007283 
test_loss: 0.007273 
train_loss: 0.007697 
test_loss: 0.007368 
train_loss: 0.007231 
test_loss: 0.007537 
train_loss: 0.007108 
test_loss: 0.007393 
train_loss: 0.007868 
test_loss: 0.007648 
train_loss: 0.007714 
test_loss: 0.007621 
train_loss: 0.007173 
test_loss: 0.007429 
train_loss: 0.007412 
test_loss: 0.007616 
train_loss: 0.007451 
test_loss: 0.007243 
train_loss: 0.007268 
test_loss: 0.007431 
train_loss: 0.007517 
test_loss: 0.007584 
train_loss: 0.007485 
test_loss: 0.007392 
