train_loss: 1.984513 
test_loss: 1.988156 
train_loss: 1.985954 
test_loss: 1.986832 
train_loss: 1.998726 
test_loss: 1.989499 
train_loss: 1.997887 
test_loss: 1.989705 
train_loss: 1.998419 
test_loss: 1.990779 
train_loss: 1.986956 
test_loss: 1.988410 
train_loss: 1.988168 
test_loss: 1.986591 
train_loss: 1.973403 
test_loss: 1.987157 
train_loss: 1.994855 
test_loss: 1.991672 
train_loss: 1.997646 
test_loss: 1.987190 
train_loss: 0.555718 
test_loss: 0.535361 
train_loss: 0.460282 
test_loss: 0.472974 
train_loss: 0.381155 
test_loss: 0.395788 
train_loss: 0.303958 
test_loss: 0.309497 
train_loss: 0.202565 
test_loss: 0.216081 
train_loss: 0.125133 
test_loss: 0.121626 
train_loss: 0.086254 
test_loss: 0.084971 
train_loss: 0.074556 
test_loss: 0.078921 
train_loss: 0.072730 
test_loss: 0.077472 
train_loss: 0.082292 
test_loss: 0.076803 
train_loss: 0.072517 
test_loss: 0.076411 
train_loss: 0.075983 
test_loss: 0.076187 
train_loss: 0.074726 
test_loss: 0.075940 
train_loss: 0.079772 
test_loss: 0.075726 
train_loss: 0.077597 
test_loss: 0.075479 
train_loss: 0.075205 
test_loss: 0.074836 
train_loss: 0.068598 
test_loss: 0.073846 
train_loss: 0.072277 
test_loss: 0.071736 
train_loss: 0.064483 
test_loss: 0.068813 
train_loss: 0.068622 
test_loss: 0.065749 
train_loss: 0.061672 
test_loss: 0.063689 
train_loss: 0.061311 
test_loss: 0.061981 
train_loss: 0.060450 
test_loss: 0.060425 
train_loss: 0.062713 
test_loss: 0.058700 
train_loss: 0.057793 
test_loss: 0.056452 
train_loss: 0.049152 
test_loss: 0.050375 
train_loss: 0.045316 
test_loss: 0.047493 
train_loss: 0.045987 
test_loss: 0.043899 
train_loss: 0.041498 
test_loss: 0.043270 
train_loss: 0.040463 
test_loss: 0.043493 
train_loss: 0.040176 
test_loss: 0.042822 
train_loss: 0.041578 
test_loss: 0.042449 
train_loss: 0.044519 
test_loss: 0.042074 
train_loss: 0.042660 
test_loss: 0.041631 
train_loss: 0.034977 
test_loss: 0.041609 
train_loss: 0.040306 
test_loss: 0.041131 
train_loss: 0.040333 
test_loss: 0.041689 
train_loss: 0.039585 
test_loss: 0.041337 
train_loss: 0.041223 
test_loss: 0.041515 
train_loss: 0.040009 
test_loss: 0.041410 
train_loss: 0.037805 
test_loss: 0.041850 
train_loss: 0.041447 
test_loss: 0.041480 
train_loss: 0.042086 
test_loss: 0.041470 
train_loss: 0.039961 
test_loss: 0.040945 
train_loss: 0.043335 
test_loss: 0.040922 
train_loss: 0.042632 
test_loss: 0.040703 
train_loss: 0.039116 
test_loss: 0.040696 
train_loss: 0.040050 
test_loss: 0.041134 
train_loss: 0.043498 
test_loss: 0.040488 
train_loss: 0.042763 
test_loss: 0.040139 
train_loss: 0.044774 
test_loss: 0.039186 
train_loss: 0.035668 
test_loss: 0.038030 
train_loss: 0.035213 
test_loss: 0.035289 
train_loss: 0.028954 
test_loss: 0.030696 
train_loss: 0.026154 
test_loss: 0.025249 
train_loss: 0.021816 
test_loss: 0.020768 
train_loss: 0.020590 
test_loss: 0.018988 
train_loss: 0.015684 
test_loss: 0.017481 
train_loss: 0.017500 
test_loss: 0.016936 
train_loss: 0.017446 
test_loss: 0.016616 
train_loss: 0.016807 
test_loss: 0.016732 
train_loss: 0.015532 
test_loss: 0.015961 
train_loss: 0.016742 
test_loss: 0.016228 
train_loss: 0.015016 
test_loss: 0.016372 
train_loss: 0.016591 
test_loss: 0.016201 
train_loss: 0.016653 
test_loss: 0.016164 
train_loss: 0.014229 
test_loss: 0.015799 
train_loss: 0.017030 
test_loss: 0.015876 
train_loss: 0.014511 
test_loss: 0.015449 
train_loss: 0.016726 
test_loss: 0.015909 
train_loss: 0.017021 
test_loss: 0.015525 
train_loss: 0.014862 
test_loss: 0.015540 
train_loss: 0.015901 
test_loss: 0.015476 
train_loss: 0.014787 
test_loss: 0.015483 
train_loss: 0.014793 
test_loss: 0.015242 
train_loss: 0.015849 
test_loss: 0.015353 
train_loss: 0.014016 
test_loss: 0.015548 
train_loss: 0.015588 
test_loss: 0.015600 
train_loss: 0.014658 
test_loss: 0.015207 
train_loss: 0.014602 
test_loss: 0.015152 
train_loss: 0.016090 
test_loss: 0.015458 
train_loss: 0.015828 
test_loss: 0.015433 
train_loss: 0.015960 
test_loss: 0.015445 
train_loss: 0.014509 
test_loss: 0.015075 
train_loss: 0.015427 
test_loss: 0.015262 
train_loss: 0.014850 
test_loss: 0.015048 
train_loss: 0.015442 
test_loss: 0.015068 
train_loss: 0.014552 
test_loss: 0.015074 
train_loss: 0.014333 
test_loss: 0.015030 
train_loss: 0.014541 
test_loss: 0.014947 
train_loss: 0.014413 
test_loss: 0.015054 
train_loss: 0.015678 
test_loss: 0.015130 
train_loss: 0.014629 
test_loss: 0.015309 
train_loss: 0.015869 
test_loss: 0.014975 
train_loss: 0.014814 
test_loss: 0.015097 
train_loss: 0.015953 
test_loss: 0.015073 
train_loss: 0.014495 
test_loss: 0.015187 
train_loss: 0.013968 
test_loss: 0.015130 
train_loss: 0.015199 
test_loss: 0.014931 
train_loss: 0.015978 
test_loss: 0.014785 
train_loss: 0.014510 
test_loss: 0.015199 
