train_loss: 0.84235 
test_loss: 0.8335 
train_loss: 0.834358 
test_loss: 0.819337 
train_loss: 0.800164 
test_loss: 0.795283 
train_loss: 0.761168 
test_loss: 0.761674 
train_loss: 0.72085 
test_loss: 0.712974 
train_loss: 0.650024 
test_loss: 0.643793 
train_loss: 0.576088 
test_loss: 0.574007 
train_loss: 0.512015 
test_loss: 0.506367 
train_loss: 0.450834 
test_loss: 0.443354 
train_loss: 0.396432 
test_loss: 0.389232 
train_loss: 0.348326 
test_loss: 0.34336 
train_loss: 0.312118 
test_loss: 0.311439 
train_loss: 0.294239 
test_loss: 0.299619 
train_loss: 0.294513 
test_loss: 0.294529 
train_loss: 0.292901 
test_loss: 0.29141 
train_loss: 0.286858 
test_loss: 0.288809 
train_loss: 0.28408 
test_loss: 0.286169 
train_loss: 0.283397 
test_loss: 0.28294 
train_loss: 0.283579 
test_loss: 0.278289 
train_loss: 0.277249 
test_loss: 0.270426 
train_loss: 0.255008 
test_loss: 0.256614 
train_loss: 0.23766 
test_loss: 0.240191 
train_loss: 0.216711 
test_loss: 0.223823 
train_loss: 0.203077 
test_loss: 0.205956 
train_loss: 0.190548 
test_loss: 0.190204 
train_loss: 0.179933 
test_loss: 0.176716 
train_loss: 0.167098 
test_loss: 0.161658 
train_loss: 0.1474 
test_loss: 0.142081 
train_loss: 0.123341 
test_loss: 0.123488 
train_loss: 0.115472 
test_loss: 0.113199 
train_loss: 0.111167 
test_loss: 0.109066 
train_loss: 0.10521 
test_loss: 0.107157 
train_loss: 0.108765 
test_loss: 0.106109 
train_loss: 0.102403 
test_loss: 0.105457 
train_loss: 0.102719 
test_loss: 0.104982 
train_loss: 0.102982 
test_loss: 0.104694 
train_loss: 0.110851 
test_loss: 0.104416 
train_loss: 0.0958206 
test_loss: 0.104217 
train_loss: 0.10794 
test_loss: 0.104033 
train_loss: 0.0997591 
test_loss: 0.103848 
train_loss: 0.0974056 
test_loss: 0.103727 
train_loss: 0.0997833 
test_loss: 0.10362 
train_loss: 0.0985139 
test_loss: 0.103509 
train_loss: 0.106003 
test_loss: 0.103447 
train_loss: 0.100424 
test_loss: 0.103338 
train_loss: 0.102123 
test_loss: 0.103263 
train_loss: 0.0979018 
test_loss: 0.103306 
train_loss: 0.10567 
test_loss: 0.103115 
train_loss: 0.103626 
test_loss: 0.103041 
train_loss: 0.104955 
test_loss: 0.102968 
train_loss: 0.0979672 
test_loss: 0.102899 
train_loss: 0.105057 
test_loss: 0.102811 
train_loss: 0.105512 
test_loss: 0.102758 
train_loss: 0.0964747 
test_loss: 0.102713 
train_loss: 0.104178 
test_loss: 0.102597 
train_loss: 0.10088 
test_loss: 0.102485 
train_loss: 0.0990173 
test_loss: 0.102385 
train_loss: 0.106091 
test_loss: 0.102286 
train_loss: 0.102719 
test_loss: 0.102179 
train_loss: 0.095358 
test_loss: 0.10211 
train_loss: 0.101781 
test_loss: 0.102029 
train_loss: 0.109244 
test_loss: 0.10196 
train_loss: 0.101129 
test_loss: 0.101855 
train_loss: 0.102962 
test_loss: 0.101786 
train_loss: 0.101926 
test_loss: 0.101726 
train_loss: 0.0981842 
test_loss: 0.101681 
train_loss: 0.0978244 
test_loss: 0.10158 
train_loss: 0.0980338 
test_loss: 0.101566 
train_loss: 0.101779 
test_loss: 0.101432 
train_loss: 0.10529 
test_loss: 0.101448 
train_loss: 0.101887 
test_loss: 0.101314 
train_loss: 0.101706 
test_loss: 0.101229 
train_loss: 0.0974312 
test_loss: 0.101205 
train_loss: 0.0996997 
test_loss: 0.101085 
train_loss: 0.102311 
test_loss: 0.101073 
train_loss: 0.0979583 
test_loss: 0.100991 
train_loss: 0.0998308 
test_loss: 0.100895 
train_loss: 0.0992686 
test_loss: 0.100778 
train_loss: 0.0962541 
test_loss: 0.100721 
train_loss: 0.0997328 
test_loss: 0.100601 
train_loss: 0.0999467 
test_loss: 0.100544 
train_loss: 0.104904 
test_loss: 0.100501 
train_loss: 0.0999561 
test_loss: 0.100477 
train_loss: 0.0990464 
test_loss: 0.100397 
train_loss: 0.10398 
test_loss: 0.100257 
train_loss: 0.0992656 
test_loss: 0.100061 
train_loss: 0.0955999 
test_loss: 0.10003 
train_loss: 0.0906889 
test_loss: 0.0998983 
train_loss: 0.105473 
test_loss: 0.0997054 
train_loss: 0.102514 
test_loss: 0.0994836 
train_loss: 0.0927741 
test_loss: 0.0993054 
train_loss: 0.0994422 
test_loss: 0.0992348 
train_loss: 0.100716 
test_loss: 0.0990143 
train_loss: 0.0976679 
test_loss: 0.0988688 
train_loss: 0.10102 
test_loss: 0.0987462 
train_loss: 0.0943358 
test_loss: 0.0985005 
train_loss: 0.095353 
test_loss: 0.0984935 
train_loss: 0.101028 
test_loss: 0.098393 
train_loss: 0.0936387 
test_loss: 0.0982194 
train_loss: 0.0962475 
test_loss: 0.0980991 
train_loss: 0.0937685 
test_loss: 0.0980641 
train_loss: 0.092454 
test_loss: 0.0979778 
train_loss: 0.100083 
test_loss: 0.0980415 
train_loss: 0.0934654 
test_loss: 0.0978886 
train_loss: 0.0950009 
test_loss: 0.0978486 
train_loss: 0.100854 
test_loss: 0.0977217 
train_loss: 0.0991625 
test_loss: 0.0976541 
train_loss: 0.0946665 
test_loss: 0.0976994 
train_loss: 0.100186 
test_loss: 0.0974919 
train_loss: 0.0957014 
test_loss: 0.0974363 
train_loss: 0.0891679 
test_loss: 0.0973421 
train_loss: 0.0975067 
test_loss: 0.0971467 
train_loss: 0.101843 
test_loss: 0.0969739 
train_loss: 0.0919277 
test_loss: 0.0966846 
train_loss: 0.0973103 
test_loss: 0.0966098 
train_loss: 0.0978408 
test_loss: 0.0963529 
train_loss: 0.0913908 
test_loss: 0.0961003 
train_loss: 0.0973273 
test_loss: 0.0959639 
train_loss: 0.0913204 
test_loss: 0.0958758 
train_loss: 0.0958047 
test_loss: 0.0956431 
train_loss: 0.0942405 
test_loss: 0.0956575 
train_loss: 0.0918893 
test_loss: 0.0954793 
train_loss: 0.10113 
test_loss: 0.0953228 
train_loss: 0.0930918 
test_loss: 0.0950635 
train_loss: 0.0984441 
test_loss: 0.0949193 
train_loss: 0.10187 
test_loss: 0.0946427 
train_loss: 0.0912282 
test_loss: 0.0944691 
train_loss: 0.0917518 
test_loss: 0.0940391 
train_loss: 0.0968309 
test_loss: 0.0932075 
train_loss: 0.0948363 
test_loss: 0.0921372 
train_loss: 0.0889352 
test_loss: 0.0915104 
train_loss: 0.0916434 
test_loss: 0.0907112 
train_loss: 0.0873253 
test_loss: 0.0899212 
train_loss: 0.0859756 
test_loss: 0.0893248 
train_loss: 0.086651 
test_loss: 0.088314 
train_loss: 0.0862142 
test_loss: 0.0880955 
train_loss: 0.0861127 
test_loss: 0.0876285 
train_loss: 0.0892906 
test_loss: 0.0869078 
train_loss: 0.0840588 
test_loss: 0.087386 
train_loss: 0.0868029 
test_loss: 0.0861169 
train_loss: 0.0828432 
test_loss: 0.0863714 
train_loss: 0.0858011 
test_loss: 0.0859717 
train_loss: 0.0876227 
test_loss: 0.0859759 
train_loss: 0.0842831 
test_loss: 0.0857322 
train_loss: 0.0793102 
test_loss: 0.0851783 
train_loss: 0.092974 
test_loss: 0.0846734 
train_loss: 0.0840053 
test_loss: 0.0855731 
train_loss: 0.0843915 
test_loss: 0.0843718 
train_loss: 0.0845317 
test_loss: 0.0850864 
train_loss: 0.086943 
test_loss: 0.0839423 
train_loss: 0.087687 
test_loss: 0.0841105 
train_loss: 0.0842566 
test_loss: 0.0842018 
train_loss: 0.0854038 
test_loss: 0.0833699 
train_loss: 0.085696 
test_loss: 0.0830872 
train_loss: 0.0858095 
test_loss: 0.0828657 
train_loss: 0.0780744 
test_loss: 0.0825057 
train_loss: 0.0811584 
test_loss: 0.0818256 
train_loss: 0.0799226 
test_loss: 0.0810262 
train_loss: 0.0839913 
test_loss: 0.0805355 
train_loss: 0.0775544 
test_loss: 0.0797998 
train_loss: 0.0753874 
test_loss: 0.0794782 
train_loss: 0.0818368 
test_loss: 0.078427 
train_loss: 0.0799488 
test_loss: 0.0778808 
train_loss: 0.0748754 
test_loss: 0.0789021 
train_loss: 0.0759606 
test_loss: 0.0766375 
train_loss: 0.0756352 
test_loss: 0.0757515 
train_loss: 0.0715469 
test_loss: 0.0756605 
train_loss: 0.0777358 
test_loss: 0.0748101 
train_loss: 0.0768801 
test_loss: 0.0745117 
train_loss: 0.0773056 
test_loss: 0.0742043 
train_loss: 0.0720871 
test_loss: 0.0751027 
train_loss: 0.0729263 
test_loss: 0.0746245 
train_loss: 0.0707646 
test_loss: 0.0737196 
train_loss: 0.0796583 
test_loss: 0.0734725 
train_loss: 0.0719332 
test_loss: 0.0727281 
train_loss: 0.0675769 
test_loss: 0.0725302 
train_loss: 0.0743155 
test_loss: 0.0726058 
train_loss: 0.0727696 
test_loss: 0.0719553 
train_loss: 0.0719999 
test_loss: 0.0721721 
train_loss: 0.0716257 
test_loss: 0.0712587 
train_loss: 0.0731538 
test_loss: 0.0708252 
train_loss: 0.0693962 
test_loss: 0.070939 
train_loss: 0.066619 
test_loss: 0.0702249 
train_loss: 0.0716309 
test_loss: 0.069403 
train_loss: 0.0681894 
test_loss: 0.0688556 
train_loss: 0.0678292 
test_loss: 0.0685524 
train_loss: 0.0661968 
test_loss: 0.0688074 
train_loss: 0.0670337 
test_loss: 0.0676145 
train_loss: 0.0687749 
test_loss: 0.0674922 
train_loss: 0.0657731 
test_loss: 0.0678636 
train_loss: 0.0639697 
test_loss: 0.0679549 
train_loss: 0.0610296 
test_loss: 0.067368 
train_loss: 0.0659264 
test_loss: 0.0667295 
train_loss: 0.0664773 
test_loss: 0.0666939 
train_loss: 0.06409 
test_loss: 0.0669585 
train_loss: 0.0656245 
test_loss: 0.0660882 
train_loss: 0.0628019 
test_loss: 0.06572 
train_loss: 0.0643953 
test_loss: 0.0654167 
train_loss: 0.0634295 
test_loss: 0.0654521 
train_loss: 0.0634341 
test_loss: 0.0649955 
train_loss: 0.0652404 
test_loss: 0.0645248 
train_loss: 0.0607394 
test_loss: 0.0641768 
train_loss: 0.0590692 
test_loss: 0.0638983 
train_loss: 0.0642719 
test_loss: 0.0638371 
train_loss: 0.0664319 
test_loss: 0.0635569 
train_loss: 0.0643777 
test_loss: 0.063664 
train_loss: 0.062994 
test_loss: 0.0636126 
train_loss: 0.0636434 
test_loss: 0.0635555 
train_loss: 0.0595994 
test_loss: 0.0633839 
train_loss: 0.0635476 
test_loss: 0.0630004 
train_loss: 0.0560708 
test_loss: 0.0628558 
train_loss: 0.0622173 
test_loss: 0.0626773 
train_loss: 0.0626733 
test_loss: 0.0631592 
train_loss: 0.0605459 
test_loss: 0.0627155 
train_loss: 0.0586264 
test_loss: 0.0625246 
train_loss: 0.0648692 
test_loss: 0.0623573 
train_loss: 0.0608208 
test_loss: 0.0624467 
train_loss: 0.0606076 
test_loss: 0.0623842 
train_loss: 0.0595589 
test_loss: 0.0622565 
train_loss: 0.060696 
test_loss: 0.062542 
train_loss: 0.0662312 
test_loss: 0.0622667 
train_loss: 0.0601418 
test_loss: 0.0619923 
train_loss: 0.0630793 
test_loss: 0.0624211 
train_loss: 0.0573732 
test_loss: 0.0621373 
train_loss: 0.0591888 
test_loss: 0.0616168 
train_loss: 0.0626809 
test_loss: 0.0620293 
train_loss: 0.0615483 
test_loss: 0.0616105 
train_loss: 0.0670774 
test_loss: 0.0619936 
train_loss: 0.0592393 
test_loss: 0.062521 
train_loss: 0.0631022 
test_loss: 0.0618178 
train_loss: 0.0621033 
test_loss: 0.0619149 
train_loss: 0.0591974 
test_loss: 0.0618175 
train_loss: 0.0557095 
test_loss: 0.0619058 
train_loss: 0.0608039 
test_loss: 0.0616055 
train_loss: 0.0628067 
test_loss: 0.0616619 
train_loss: 0.0589706 
test_loss: 0.0615028 
train_loss: 0.061161 
test_loss: 0.0616663 
train_loss: 0.0577871 
test_loss: 0.0618694 
train_loss: 0.0622539 
test_loss: 0.0621877 
train_loss: 0.0606931 
test_loss: 0.0618872 
train_loss: 0.0585335 
test_loss: 0.0616012 
train_loss: 0.0647694 
test_loss: 0.0620258 
train_loss: 0.0597752 
test_loss: 0.0615342 
train_loss: 0.0602302 
test_loss: 0.0615323 
train_loss: 0.0585636 
test_loss: 0.0615495 
train_loss: 0.0580149 
test_loss: 0.0613687 
train_loss: 0.0652975 
test_loss: 0.0614405 
train_loss: 0.0643267 
test_loss: 0.0612966 
train_loss: 0.0662539 
test_loss: 0.0615162 
train_loss: 0.0588563 
test_loss: 0.0616511 
train_loss: 0.0589804 
test_loss: 0.061909 
