train_loss: 1.9992 
test_loss: 2.00836 
train_loss: 0.49013 
test_loss: 0.488057 
train_loss: 0.491212 
test_loss: 0.493257 
train_loss: 0.500253 
test_loss: 0.493094 
train_loss: 0.493239 
test_loss: 0.492809 
train_loss: 0.487368 
test_loss: 0.492534 
train_loss: 0.498565 
test_loss: 0.492189 
train_loss: 0.494641 
test_loss: 0.491831 
train_loss: 0.486681 
test_loss: 0.491435 
train_loss: 0.494889 
test_loss: 0.491033 
train_loss: 0.489832 
test_loss: 0.490576 
train_loss: 0.494743 
test_loss: 0.490113 
train_loss: 0.487683 
test_loss: 0.489629 
train_loss: 0.481277 
test_loss: 0.489098 
train_loss: 0.489618 
test_loss: 0.488533 
train_loss: 0.493402 
test_loss: 0.487952 
train_loss: 0.491364 
test_loss: 0.487357 
train_loss: 0.488833 
test_loss: 0.48673 
train_loss: 0.489137 
test_loss: 0.486065 
train_loss: 0.48695 
test_loss: 0.485378 
train_loss: 0.479371 
test_loss: 0.484663 
train_loss: 0.484202 
test_loss: 0.483928 
train_loss: 0.480375 
test_loss: 0.483142 
train_loss: 0.482521 
test_loss: 0.482352 
train_loss: 0.480705 
test_loss: 0.481517 
train_loss: 0.481738 
test_loss: 0.480666 
train_loss: 0.478894 
test_loss: 0.479787 
train_loss: 0.474869 
test_loss: 0.478853 
train_loss: 0.475598 
test_loss: 0.477901 
train_loss: 0.475523 
test_loss: 0.476927 
train_loss: 0.475176 
test_loss: 0.475919 
train_loss: 0.4737 
test_loss: 0.474865 
train_loss: 0.469069 
test_loss: 0.473775 
train_loss: 0.468455 
test_loss: 0.472671 
train_loss: 0.474729 
test_loss: 0.471525 
train_loss: 0.470348 
test_loss: 0.470332 
train_loss: 0.465816 
test_loss: 0.46909 
train_loss: 0.474529 
test_loss: 0.467819 
train_loss: 0.464969 
test_loss: 0.466525 
train_loss: 0.465112 
test_loss: 0.465174 
train_loss: 0.463465 
test_loss: 0.463773 
train_loss: 0.468133 
test_loss: 0.462355 
train_loss: 0.460399 
test_loss: 0.460879 
train_loss: 0.453185 
test_loss: 0.45937 
train_loss: 0.460168 
test_loss: 0.45779 
train_loss: 0.45727 
test_loss: 0.456169 
train_loss: 0.455467 
test_loss: 0.45452 
train_loss: 0.450088 
test_loss: 0.45279 
train_loss: 0.453777 
test_loss: 0.451021 
train_loss: 0.4497 
test_loss: 0.449196 
train_loss: 0.448988 
test_loss: 0.44734 
train_loss: 0.448411 
test_loss: 0.44541 
train_loss: 0.437279 
test_loss: 0.443429 
train_loss: 0.437993 
test_loss: 0.441418 
train_loss: 0.435622 
test_loss: 0.439327 
train_loss: 0.438006 
test_loss: 0.437181 
train_loss: 0.436056 
test_loss: 0.435022 
train_loss: 0.432395 
test_loss: 0.43278 
train_loss: 0.419443 
test_loss: 0.430482 
train_loss: 0.43088 
test_loss: 0.428172 
train_loss: 0.429166 
test_loss: 0.425795 
train_loss: 0.420107 
test_loss: 0.42335 
train_loss: 0.416929 
test_loss: 0.420868 
train_loss: 0.427019 
test_loss: 0.418335 
train_loss: 0.412279 
test_loss: 0.415749 
train_loss: 0.412425 
test_loss: 0.413094 
train_loss: 0.416998 
test_loss: 0.410404 
train_loss: 0.404277 
test_loss: 0.407622 
train_loss: 0.406785 
test_loss: 0.404789 
train_loss: 0.401005 
test_loss: 0.401895 
train_loss: 0.394138 
test_loss: 0.398927 
train_loss: 0.39744 
test_loss: 0.395878 
train_loss: 0.3904 
test_loss: 0.392769 
train_loss: 0.391961 
test_loss: 0.389583 
train_loss: 0.385408 
test_loss: 0.386303 
train_loss: 0.386523 
test_loss: 0.382965 
train_loss: 0.377566 
test_loss: 0.379516 
train_loss: 0.373966 
test_loss: 0.375993 
train_loss: 0.375489 
test_loss: 0.372398 
train_loss: 0.372703 
test_loss: 0.368708 
train_loss: 0.365492 
test_loss: 0.364949 
train_loss: 0.356583 
test_loss: 0.361128 
train_loss: 0.35911 
test_loss: 0.357237 
train_loss: 0.353239 
test_loss: 0.353274 
train_loss: 0.349045 
test_loss: 0.349291 
train_loss: 0.348478 
test_loss: 0.345265 
train_loss: 0.341986 
test_loss: 0.341218 
train_loss: 0.336581 
test_loss: 0.337138 
train_loss: 0.332508 
test_loss: 0.333027 
train_loss: 0.32408 
test_loss: 0.328914 
train_loss: 0.328436 
test_loss: 0.324763 
train_loss: 0.319209 
test_loss: 0.320597 
train_loss: 0.312806 
test_loss: 0.316401 
train_loss: 0.315234 
test_loss: 0.312205 
train_loss: 0.308029 
test_loss: 0.307987 
train_loss: 0.30763 
test_loss: 0.303753 
train_loss: 0.301464 
test_loss: 0.2995 
train_loss: 0.293893 
test_loss: 0.295202 
train_loss: 0.288961 
test_loss: 0.290881 
train_loss: 0.286696 
test_loss: 0.286515 
train_loss: 0.28294 
test_loss: 0.282131 
train_loss: 0.27801 
test_loss: 0.277668 
train_loss: 0.271528 
test_loss: 0.273157 
train_loss: 0.266203 
test_loss: 0.268571 
train_loss: 0.265588 
test_loss: 0.263885 
train_loss: 0.255642 
test_loss: 0.259077 
train_loss: 0.25433 
test_loss: 0.254133 
train_loss: 0.250191 
test_loss: 0.248982 
train_loss: 0.2446 
test_loss: 0.243568 
train_loss: 0.239281 
test_loss: 0.237789 
train_loss: 0.229701 
test_loss: 0.231481 
train_loss: 0.225114 
test_loss: 0.224539 
train_loss: 0.219632 
test_loss: 0.216871 
train_loss: 0.205943 
test_loss: 0.208567 
train_loss: 0.198706 
test_loss: 0.199502 
train_loss: 0.19156 
test_loss: 0.189566 
train_loss: 0.179832 
test_loss: 0.178936 
train_loss: 0.166835 
test_loss: 0.167902 
train_loss: 0.156963 
test_loss: 0.156824 
train_loss: 0.144889 
test_loss: 0.146018 
train_loss: 0.137187 
test_loss: 0.135696 
train_loss: 0.124342 
test_loss: 0.126051 
train_loss: 0.118274 
test_loss: 0.117114 
train_loss: 0.107915 
test_loss: 0.108947 
train_loss: 0.099888 
test_loss: 0.101561 
train_loss: 0.0953709 
test_loss: 0.0949653 
train_loss: 0.0892565 
test_loss: 0.0891408 
train_loss: 0.0832264 
test_loss: 0.0840068 
train_loss: 0.0792572 
test_loss: 0.0795548 
train_loss: 0.0755985 
test_loss: 0.0757199 
train_loss: 0.0723437 
test_loss: 0.0724793 
train_loss: 0.0703378 
test_loss: 0.0697655 
train_loss: 0.0672749 
test_loss: 0.067498 
train_loss: 0.0652407 
test_loss: 0.0656574 
train_loss: 0.0637417 
test_loss: 0.0641501 
train_loss: 0.0629745 
test_loss: 0.0629279 
train_loss: 0.0620165 
test_loss: 0.061937 
train_loss: 0.0600636 
test_loss: 0.0611267 
train_loss: 0.0594739 
test_loss: 0.060461 
train_loss: 0.0593194 
test_loss: 0.0598806 
train_loss: 0.0593701 
test_loss: 0.0594302 
train_loss: 0.0590267 
test_loss: 0.0590125 
train_loss: 0.0590044 
test_loss: 0.0586826 
train_loss: 0.0589236 
test_loss: 0.0583852 
train_loss: 0.0576392 
test_loss: 0.0581197 
train_loss: 0.0577807 
test_loss: 0.0578906 
train_loss: 0.0570597 
test_loss: 0.0576692 
train_loss: 0.0574561 
test_loss: 0.0574697 
train_loss: 0.0571762 
test_loss: 0.057298 
train_loss: 0.0564845 
test_loss: 0.0571249 
train_loss: 0.0569428 
test_loss: 0.056967 
train_loss: 0.056839 
test_loss: 0.0568223 
train_loss: 0.0570185 
test_loss: 0.0566534 
train_loss: 0.0562416 
test_loss: 0.0565217 
train_loss: 0.0561596 
test_loss: 0.0563825 
train_loss: 0.0559199 
test_loss: 0.0562213 
train_loss: 0.055799 
test_loss: 0.0560858 
train_loss: 0.055874 
test_loss: 0.0559389 
train_loss: 0.0552407 
test_loss: 0.0557874 
train_loss: 0.0550364 
test_loss: 0.0556436 
train_loss: 0.0552404 
test_loss: 0.055482 
train_loss: 0.0548863 
test_loss: 0.055316 
train_loss: 0.0558413 
test_loss: 0.0551648 
train_loss: 0.0561073 
test_loss: 0.0549964 
train_loss: 0.0547253 
test_loss: 0.0548426 
train_loss: 0.0549925 
test_loss: 0.0546297 
train_loss: 0.0549097 
test_loss: 0.0544354 
train_loss: 0.0550117 
test_loss: 0.0542752 
train_loss: 0.0533225 
test_loss: 0.0540337 
train_loss: 0.0535759 
test_loss: 0.0538427 
train_loss: 0.0535913 
test_loss: 0.0536124 
train_loss: 0.0533504 
test_loss: 0.0533859 
train_loss: 0.0536412 
test_loss: 0.0531521 
train_loss: 0.0523754 
test_loss: 0.0529123 
train_loss: 0.0521247 
test_loss: 0.0526763 
train_loss: 0.0528018 
test_loss: 0.0524002 
train_loss: 0.0518485 
test_loss: 0.052127 
train_loss: 0.0518112 
test_loss: 0.0518377 
train_loss: 0.0512573 
test_loss: 0.0515119 
train_loss: 0.0511093 
test_loss: 0.0512176 
train_loss: 0.051637 
test_loss: 0.0508734 
train_loss: 0.0503209 
test_loss: 0.0505485 
train_loss: 0.0501053 
test_loss: 0.0501774 
train_loss: 0.0495368 
test_loss: 0.0498233 
train_loss: 0.0488091 
test_loss: 0.0494418 
train_loss: 0.0480291 
test_loss: 0.0490339 
train_loss: 0.0480173 
test_loss: 0.0486405 
train_loss: 0.0481571 
test_loss: 0.0482015 
train_loss: 0.0473707 
test_loss: 0.0477707 
train_loss: 0.0472122 
test_loss: 0.0473368 
train_loss: 0.0471003 
test_loss: 0.0468313 
train_loss: 0.0464393 
test_loss: 0.0463394 
train_loss: 0.0460049 
test_loss: 0.0458653 
train_loss: 0.0453114 
test_loss: 0.0453312 
train_loss: 0.0445821 
test_loss: 0.044847 
train_loss: 0.0438339 
test_loss: 0.0443008 
train_loss: 0.0439642 
test_loss: 0.0437517 
train_loss: 0.0433697 
test_loss: 0.0431784 
train_loss: 0.0427888 
test_loss: 0.0426341 
train_loss: 0.0420749 
test_loss: 0.0420406 
train_loss: 0.0419864 
test_loss: 0.0415083 
train_loss: 0.0408228 
test_loss: 0.0409031 
train_loss: 0.0404452 
test_loss: 0.0403038 
train_loss: 0.0393284 
test_loss: 0.0397041 
train_loss: 0.0392651 
test_loss: 0.0391208 
train_loss: 0.0386431 
test_loss: 0.0384926 
train_loss: 0.0374616 
test_loss: 0.0378966 
train_loss: 0.0367355 
test_loss: 0.0372821 
train_loss: 0.0368101 
test_loss: 0.0366844 
train_loss: 0.0357979 
test_loss: 0.0360805 
train_loss: 0.0354539 
test_loss: 0.0354568 
train_loss: 0.0351269 
test_loss: 0.0348809 
train_loss: 0.0336052 
test_loss: 0.0342422 
train_loss: 0.0333887 
test_loss: 0.0336097 
train_loss: 0.0328905 
test_loss: 0.032955 
train_loss: 0.0325145 
test_loss: 0.0324058 
train_loss: 0.0310945 
test_loss: 0.0317279 
train_loss: 0.030657 
test_loss: 0.0310657 
train_loss: 0.0298967 
test_loss: 0.030437 
train_loss: 0.0300124 
test_loss: 0.0298203 
train_loss: 0.0291718 
test_loss: 0.0291689 
train_loss: 0.0281695 
test_loss: 0.0285296 
train_loss: 0.0272437 
test_loss: 0.0278914 
train_loss: 0.0272319 
test_loss: 0.0273233 
train_loss: 0.0262858 
test_loss: 0.0267856 
train_loss: 0.0259437 
test_loss: 0.0261872 
train_loss: 0.0257074 
test_loss: 0.0256042 
train_loss: 0.0251286 
test_loss: 0.0251029 
train_loss: 0.0241685 
test_loss: 0.0246263 
train_loss: 0.0236023 
test_loss: 0.0241545 
train_loss: 0.0234079 
test_loss: 0.0236786 
train_loss: 0.0233607 
test_loss: 0.0232664 
train_loss: 0.0229582 
test_loss: 0.0228418 
train_loss: 0.0219899 
test_loss: 0.0224747 
train_loss: 0.0222845 
test_loss: 0.0222088 
train_loss: 0.0215505 
test_loss: 0.0217977 
train_loss: 0.0214626 
test_loss: 0.0215256 
train_loss: 0.0210402 
test_loss: 0.0212803 
train_loss: 0.0207056 
test_loss: 0.0210179 
train_loss: 0.0203169 
test_loss: 0.0207508 
train_loss: 0.0202221 
test_loss: 0.0205683 
train_loss: 0.0201904 
test_loss: 0.0203582 
train_loss: 0.0198585 
test_loss: 0.0202256 
train_loss: 0.0201785 
test_loss: 0.0200452 
train_loss: 0.0195902 
test_loss: 0.0199124 
train_loss: 0.0192565 
test_loss: 0.0197615 
train_loss: 0.0195747 
test_loss: 0.0196115 
train_loss: 0.0191553 
test_loss: 0.0195978 
train_loss: 0.0194652 
test_loss: 0.0194489 
train_loss: 0.0187961 
test_loss: 0.0193542 
train_loss: 0.0195226 
test_loss: 0.0192209 
train_loss: 0.0189193 
test_loss: 0.0191293 
train_loss: 0.0192169 
test_loss: 0.019017 
train_loss: 0.0189645 
test_loss: 0.0189619 
train_loss: 0.0186365 
test_loss: 0.0189036 
train_loss: 0.0188978 
test_loss: 0.018842 
train_loss: 0.0185503 
test_loss: 0.0187408 
train_loss: 0.0182863 
test_loss: 0.018767 
train_loss: 0.0184636 
test_loss: 0.0187033 
train_loss: 0.0185308 
test_loss: 0.0186707 
train_loss: 0.0183165 
test_loss: 0.0185681 
train_loss: 0.0181908 
test_loss: 0.018468 
train_loss: 0.0183377 
test_loss: 0.0184518 
train_loss: 0.0181213 
test_loss: 0.0184363 
train_loss: 0.0180467 
test_loss: 0.0183707 
train_loss: 0.0182195 
test_loss: 0.0183417 
train_loss: 0.0184254 
test_loss: 0.0182759 
train_loss: 0.0179479 
test_loss: 0.0182744 
train_loss: 0.0177861 
test_loss: 0.0182518 
train_loss: 0.0178114 
test_loss: 0.0181938 
train_loss: 0.0182686 
test_loss: 0.0182198 
train_loss: 0.0180753 
test_loss: 0.0181926 
train_loss: 0.0178037 
test_loss: 0.018026 
train_loss: 0.0177408 
test_loss: 0.0180945 
train_loss: 0.0178797 
test_loss: 0.0179617 
train_loss: 0.0180038 
test_loss: 0.0179536 
train_loss: 0.0178552 
test_loss: 0.0181376 
train_loss: 0.0178202 
test_loss: 0.017969 
train_loss: 0.0176846 
test_loss: 0.0179448 
train_loss: 0.0171248 
test_loss: 0.0178484 
train_loss: 0.0176965 
test_loss: 0.0178419 
train_loss: 0.0175463 
test_loss: 0.0177671 
train_loss: 0.0171609 
test_loss: 0.017688 
train_loss: 0.0178592 
test_loss: 0.0177046 
train_loss: 0.0178072 
test_loss: 0.0176398 
train_loss: 0.017827 
test_loss: 0.0177874 
train_loss: 0.0176013 
test_loss: 0.0176211 
train_loss: 0.0170857 
test_loss: 0.0175058 
train_loss: 0.0174072 
test_loss: 0.0173705 
train_loss: 0.0172831 
test_loss: 0.0175197 
train_loss: 0.0172603 
test_loss: 0.0172449 
train_loss: 0.0172774 
test_loss: 0.0172629 
train_loss: 0.0170669 
test_loss: 0.0171975 
train_loss: 0.0168701 
test_loss: 0.0171221 
train_loss: 0.0170776 
test_loss: 0.0170987 
train_loss: 0.0169339 
test_loss: 0.0170698 
train_loss: 0.0166533 
test_loss: 0.0171313 
train_loss: 0.0162692 
test_loss: 0.016846 
train_loss: 0.0165277 
test_loss: 0.0167613 
train_loss: 0.016556 
test_loss: 0.0166852 
train_loss: 0.0164496 
test_loss: 0.016704 
train_loss: 0.0165119 
test_loss: 0.0165089 
train_loss: 0.0164856 
test_loss: 0.016489 
train_loss: 0.0164462 
test_loss: 0.0165419 
train_loss: 0.0161719 
test_loss: 0.0164529 
train_loss: 0.0157054 
test_loss: 0.0162813 
train_loss: 0.0158847 
test_loss: 0.0163037 
train_loss: 0.0161237 
test_loss: 0.0162401 
train_loss: 0.0159785 
test_loss: 0.0161453 
train_loss: 0.0159226 
test_loss: 0.0161392 
train_loss: 0.015907 
test_loss: 0.0161184 
train_loss: 0.0156369 
test_loss: 0.0160559 
train_loss: 0.0159451 
test_loss: 0.0160786 
train_loss: 0.0160229 
test_loss: 0.0161382 
train_loss: 0.0159623 
test_loss: 0.0158917 
train_loss: 0.0155003 
test_loss: 0.0158192 
train_loss: 0.0152069 
test_loss: 0.0156892 
train_loss: 0.0158201 
test_loss: 0.0158547 
train_loss: 0.0156532 
test_loss: 0.0156551 
train_loss: 0.0157864 
test_loss: 0.0155945 
train_loss: 0.0153328 
test_loss: 0.0156686 
train_loss: 0.0158082 
test_loss: 0.0155692 
train_loss: 0.0149581 
test_loss: 0.0154825 
train_loss: 0.0156048 
test_loss: 0.0154274 
train_loss: 0.0149925 
test_loss: 0.0153261 
train_loss: 0.0151843 
test_loss: 0.015581 
train_loss: 0.0151998 
test_loss: 0.015324 
train_loss: 0.0148034 
test_loss: 0.0153747 
train_loss: 0.0150939 
test_loss: 0.015467 
train_loss: 0.0154189 
test_loss: 0.0153571 
train_loss: 0.0148792 
test_loss: 0.015067 
train_loss: 0.0147521 
test_loss: 0.0150084 
train_loss: 0.014642 
test_loss: 0.014982 
train_loss: 0.0146662 
test_loss: 0.014767 
train_loss: 0.0147159 
test_loss: 0.0148869 
train_loss: 0.0145589 
test_loss: 0.014611 
train_loss: 0.0144318 
test_loss: 0.0146411 
train_loss: 0.0146098 
test_loss: 0.0146675 
train_loss: 0.0141609 
test_loss: 0.0144255 
train_loss: 0.0143249 
test_loss: 0.0144864 
train_loss: 0.0137324 
test_loss: 0.0141967 
train_loss: 0.0139036 
test_loss: 0.0140673 
train_loss: 0.0141599 
test_loss: 0.0139177 
train_loss: 0.0136337 
test_loss: 0.0138043 
train_loss: 0.0135505 
test_loss: 0.0138616 
train_loss: 0.0133976 
test_loss: 0.0134478 
train_loss: 0.0132076 
test_loss: 0.013264 
train_loss: 0.0126412 
test_loss: 0.013052 
train_loss: 0.0127794 
test_loss: 0.0128795 
train_loss: 0.0127268 
test_loss: 0.0126779 
train_loss: 0.0126855 
test_loss: 0.0123779 
train_loss: 0.0131088 
test_loss: 0.0123875 
train_loss: 0.0113865 
test_loss: 0.011893 
train_loss: 0.0117465 
test_loss: 0.0113165 
train_loss: 0.0110251 
test_loss: 0.0113726 
train_loss: 0.0106891 
test_loss: 0.0106903 
train_loss: 0.0106831 
test_loss: 0.0108779 
train_loss: 0.0111703 
test_loss: 0.0104441 
train_loss: 0.00987606 
test_loss: 0.00965761 
train_loss: 0.00930043 
test_loss: 0.00929641 
train_loss: 0.00917171 
test_loss: 0.00938194 
train_loss: 0.00854138 
test_loss: 0.0085255 
train_loss: 0.00793867 
test_loss: 0.00803707 
train_loss: 0.00873354 
test_loss: 0.00857615 
train_loss: 0.0080803 
test_loss: 0.00771846 
train_loss: 0.0083206 
test_loss: 0.00822972 
train_loss: 0.00762767 
test_loss: 0.00780323 
train_loss: 0.00734359 
test_loss: 0.00695108 
train_loss: 0.00716989 
test_loss: 0.00739438 
train_loss: 0.00667379 
test_loss: 0.00698107 
train_loss: 0.00666876 
test_loss: 0.00751086 
train_loss: 0.00646088 
test_loss: 0.00673371 
train_loss: 0.00588622 
test_loss: 0.00597567 
train_loss: 0.00596868 
test_loss: 0.00631864 
train_loss: 0.00644433 
test_loss: 0.00594154 
train_loss: 0.00606988 
test_loss: 0.00664162 
train_loss: 0.00553674 
test_loss: 0.00553293 
train_loss: 0.00555103 
test_loss: 0.00588487 
train_loss: 0.00534297 
test_loss: 0.00526375 
train_loss: 0.00622793 
test_loss: 0.00543291 
train_loss: 0.00548213 
test_loss: 0.00500834 
train_loss: 0.0053324 
test_loss: 0.00526163 
train_loss: 0.00480364 
test_loss: 0.00499519 
train_loss: 0.00490825 
test_loss: 0.0049952 
train_loss: 0.00580071 
test_loss: 0.00585399 
train_loss: 0.00596084 
test_loss: 0.00605055 
train_loss: 0.00501041 
test_loss: 0.00532617 
train_loss: 0.00482464 
test_loss: 0.00476586 
train_loss: 0.00533188 
test_loss: 0.00492075 
train_loss: 0.00494102 
test_loss: 0.00480656 
train_loss: 0.00543045 
test_loss: 0.00556739 
