train_loss: 0.049469 
test_loss: 0.049107 
train_loss: 0.032205 
test_loss: 0.031510 
train_loss: 0.016621 
test_loss: 0.016229 
train_loss: 0.011206 
test_loss: 0.010504 
train_loss: 0.008636 
test_loss: 0.008504 
train_loss: 0.008646 
test_loss: 0.007909 
train_loss: 0.007198 
test_loss: 0.007455 
train_loss: 0.005847 
test_loss: 0.005450 
train_loss: 0.005279 
test_loss: 0.006157 
train_loss: 0.005944 
test_loss: 0.005482 
train_loss: 0.006125 
test_loss: 0.005201 
train_loss: 0.006276 
test_loss: 0.004985 
train_loss: 0.004981 
test_loss: 0.007249 
train_loss: 0.004907 
test_loss: 0.006987 
train_loss: 0.004713 
test_loss: 0.004481 
train_loss: 0.004699 
test_loss: 0.007954 
train_loss: 0.005829 
test_loss: 0.005075 
train_loss: 0.004329 
test_loss: 0.004675 
train_loss: 0.004299 
test_loss: 0.004576 
train_loss: 0.004977 
test_loss: 0.004240 
train_loss: 0.003926 
test_loss: 0.004865 
train_loss: 0.004104 
test_loss: 0.003973 
train_loss: 0.003740 
test_loss: 0.004078 
train_loss: 0.005451 
test_loss: 0.003640 
train_loss: 0.005899 
test_loss: 0.004796 
train_loss: 0.005267 
test_loss: 0.004015 
train_loss: 0.005302 
test_loss: 0.003824 
train_loss: 0.003638 
test_loss: 0.005483 
train_loss: 0.005798 
test_loss: 0.004748 
train_loss: 0.003547 
test_loss: 0.004346 
train_loss: 0.003738 
test_loss: 0.003982 
train_loss: 0.002758 
test_loss: 0.003363 
train_loss: 0.003338 
test_loss: 0.004136 
train_loss: 0.004796 
test_loss: 0.003409 
train_loss: 0.003774 
test_loss: 0.004277 
train_loss: 0.003427 
test_loss: 0.004616 
train_loss: 0.004112 
test_loss: 0.003897 
train_loss: 0.003342 
test_loss: 0.003648 
train_loss: 0.003523 
test_loss: 0.005016 
train_loss: 0.003351 
test_loss: 0.004275 
train_loss: 0.003765 
test_loss: 0.003732 
train_loss: 0.003627 
test_loss: 0.002914 
train_loss: 0.003044 
test_loss: 0.003457 
train_loss: 0.003304 
test_loss: 0.003140 
train_loss: 0.004461 
test_loss: 0.003624 
train_loss: 0.005023 
test_loss: 0.003510 
train_loss: 0.004493 
test_loss: 0.005267 
train_loss: 0.004198 
test_loss: 0.003729 
train_loss: 0.005303 
test_loss: 0.004831 
train_loss: 0.005256 
test_loss: 0.004481 
train_loss: 0.005037 
test_loss: 0.004047 
