train_loss: 0.552203 
test_loss: 0.552464 
train_loss: 0.538428 
test_loss: 0.529167 
train_loss: 0.507564 
test_loss: 0.5016 
train_loss: 0.476008 
test_loss: 0.473893 
train_loss: 0.448615 
test_loss: 0.448481 
train_loss: 0.424015 
test_loss: 0.423667 
train_loss: 0.394013 
test_loss: 0.391626 
train_loss: 0.345817 
test_loss: 0.345572 
train_loss: 0.309447 
test_loss: 0.30676 
train_loss: 0.280971 
test_loss: 0.279543 
train_loss: 0.2577 
test_loss: 0.258925 
train_loss: 0.242623 
test_loss: 0.242191 
train_loss: 0.228728 
test_loss: 0.227761 
train_loss: 0.211456 
test_loss: 0.214841 
train_loss: 0.201949 
test_loss: 0.202973 
train_loss: 0.191146 
test_loss: 0.191808 
train_loss: 0.184295 
test_loss: 0.181151 
train_loss: 0.172359 
test_loss: 0.171244 
train_loss: 0.163315 
test_loss: 0.162417 
train_loss: 0.15505 
test_loss: 0.154689 
train_loss: 0.146605 
test_loss: 0.148001 
train_loss: 0.144319 
test_loss: 0.142073 
train_loss: 0.133937 
test_loss: 0.136888 
train_loss: 0.130998 
test_loss: 0.13228 
train_loss: 0.125883 
test_loss: 0.128231 
train_loss: 0.125928 
test_loss: 0.124617 
train_loss: 0.120016 
test_loss: 0.121447 
train_loss: 0.113788 
test_loss: 0.118532 
train_loss: 0.118763 
test_loss: 0.115987 
train_loss: 0.113994 
test_loss: 0.113673 
train_loss: 0.110325 
test_loss: 0.111543 
train_loss: 0.107261 
test_loss: 0.109701 
train_loss: 0.108029 
test_loss: 0.107992 
train_loss: 0.106355 
test_loss: 0.106417 
train_loss: 0.105688 
test_loss: 0.105032 
train_loss: 0.10142 
test_loss: 0.103748 
train_loss: 0.104643 
test_loss: 0.102603 
train_loss: 0.101233 
test_loss: 0.101503 
train_loss: 0.0994824 
test_loss: 0.100525 
train_loss: 0.0984882 
test_loss: 0.0996278 
train_loss: 0.100044 
test_loss: 0.0988119 
train_loss: 0.0983459 
test_loss: 0.097988 
train_loss: 0.0986185 
test_loss: 0.0972828 
train_loss: 0.093534 
test_loss: 0.0965427 
train_loss: 0.0921527 
test_loss: 0.0959302 
train_loss: 0.0992391 
test_loss: 0.0953067 
train_loss: 0.0889944 
test_loss: 0.0948628 
train_loss: 0.0912715 
test_loss: 0.0942385 
train_loss: 0.0919619 
test_loss: 0.0936831 
train_loss: 0.0946188 
test_loss: 0.0931374 
train_loss: 0.0912458 
test_loss: 0.0926994 
train_loss: 0.0875151 
test_loss: 0.0922186 
train_loss: 0.0906639 
test_loss: 0.0917827 
train_loss: 0.0885815 
test_loss: 0.0913183 
train_loss: 0.0876668 
test_loss: 0.090895 
train_loss: 0.0894278 
test_loss: 0.0904619 
train_loss: 0.0899817 
test_loss: 0.0900235 
train_loss: 0.0851063 
test_loss: 0.089669 
train_loss: 0.0870103 
test_loss: 0.0893209 
train_loss: 0.0858771 
test_loss: 0.0889077 
train_loss: 0.0892789 
test_loss: 0.0884406 
train_loss: 0.0868499 
test_loss: 0.0880572 
train_loss: 0.0873331 
test_loss: 0.0876983 
train_loss: 0.0860564 
test_loss: 0.0873743 
train_loss: 0.0850782 
test_loss: 0.0870291 
train_loss: 0.0859569 
test_loss: 0.0866662 
train_loss: 0.0876322 
test_loss: 0.0862202 
train_loss: 0.081161 
test_loss: 0.085809 
train_loss: 0.0820531 
test_loss: 0.0855098 
train_loss: 0.0871375 
test_loss: 0.085142 
train_loss: 0.0890858 
test_loss: 0.0848086 
train_loss: 0.0844372 
test_loss: 0.0843936 
train_loss: 0.0864818 
test_loss: 0.0841133 
train_loss: 0.0822619 
test_loss: 0.083717 
train_loss: 0.0865438 
test_loss: 0.0837997 
train_loss: 0.0778974 
test_loss: 0.0829208 
train_loss: 0.0814341 
test_loss: 0.0826719 
train_loss: 0.085898 
test_loss: 0.0822232 
train_loss: 0.0783442 
test_loss: 0.0818798 
train_loss: 0.0765862 
test_loss: 0.0816044 
train_loss: 0.07807 
test_loss: 0.0812666 
train_loss: 0.0828733 
test_loss: 0.0809352 
train_loss: 0.0784256 
test_loss: 0.0805424 
train_loss: 0.0770466 
test_loss: 0.0801026 
train_loss: 0.0779627 
test_loss: 0.0800205 
train_loss: 0.0753181 
test_loss: 0.079442 
train_loss: 0.0792095 
test_loss: 0.0791595 
train_loss: 0.0772554 
test_loss: 0.0788565 
train_loss: 0.0773116 
test_loss: 0.0787807 
train_loss: 0.0739447 
test_loss: 0.0781924 
train_loss: 0.0776118 
test_loss: 0.0779694 
train_loss: 0.0724133 
test_loss: 0.0774387 
train_loss: 0.0728574 
test_loss: 0.0771453 
train_loss: 0.0731239 
test_loss: 0.0767578 
train_loss: 0.0776299 
test_loss: 0.0763901 
train_loss: 0.0748082 
test_loss: 0.07628 
train_loss: 0.075292 
test_loss: 0.0758317 
train_loss: 0.073098 
test_loss: 0.0754667 
train_loss: 0.0719339 
test_loss: 0.0751328 
train_loss: 0.0734615 
test_loss: 0.0747656 
train_loss: 0.0758293 
test_loss: 0.0745657 
train_loss: 0.0766387 
test_loss: 0.0740967 
train_loss: 0.0740124 
test_loss: 0.0739876 
train_loss: 0.0733643 
test_loss: 0.0733357 
train_loss: 0.0715414 
test_loss: 0.073329 
train_loss: 0.073275 
test_loss: 0.0727653 
train_loss: 0.0700965 
test_loss: 0.0724345 
train_loss: 0.0737598 
test_loss: 0.0720377 
train_loss: 0.0726969 
test_loss: 0.0719509 
train_loss: 0.069977 
test_loss: 0.0716044 
train_loss: 0.0707325 
test_loss: 0.0712638 
train_loss: 0.0730909 
test_loss: 0.0707901 
train_loss: 0.0713477 
test_loss: 0.0706038 
train_loss: 0.067471 
test_loss: 0.0703805 
train_loss: 0.0659847 
test_loss: 0.0698898 
train_loss: 0.067721 
test_loss: 0.0695933 
train_loss: 0.0677619 
test_loss: 0.0693884 
train_loss: 0.0691446 
test_loss: 0.0691075 
train_loss: 0.071299 
test_loss: 0.0687031 
train_loss: 0.0673065 
test_loss: 0.0685375 
train_loss: 0.0679223 
test_loss: 0.068082 
train_loss: 0.0666394 
test_loss: 0.0680214 
train_loss: 0.0690691 
test_loss: 0.0677232 
train_loss: 0.0719322 
test_loss: 0.0675353 
train_loss: 0.063475 
test_loss: 0.0672072 
train_loss: 0.0655664 
test_loss: 0.0669413 
train_loss: 0.0656774 
test_loss: 0.0666491 
train_loss: 0.0663035 
test_loss: 0.0665028 
train_loss: 0.0656562 
test_loss: 0.0663423 
train_loss: 0.0659554 
test_loss: 0.0661371 
train_loss: 0.0682983 
test_loss: 0.0658371 
train_loss: 0.0621916 
test_loss: 0.0657019 
train_loss: 0.0618298 
test_loss: 0.065337 
train_loss: 0.0662562 
test_loss: 0.0652876 
train_loss: 0.0664673 
test_loss: 0.0650184 
train_loss: 0.0613285 
test_loss: 0.0649227 
train_loss: 0.0612107 
test_loss: 0.0647629 
train_loss: 0.0629146 
test_loss: 0.0644238 
train_loss: 0.0675143 
test_loss: 0.0643852 
train_loss: 0.0666348 
test_loss: 0.0642006 
train_loss: 0.0613336 
test_loss: 0.0641989 
train_loss: 0.0602506 
test_loss: 0.0639447 
train_loss: 0.0607192 
test_loss: 0.063679 
train_loss: 0.0631786 
test_loss: 0.0636134 
train_loss: 0.0626441 
test_loss: 0.0633457 
train_loss: 0.0638911 
test_loss: 0.0630484 
train_loss: 0.0616225 
test_loss: 0.0629592 
train_loss: 0.0587083 
test_loss: 0.0628228 
train_loss: 0.0612984 
test_loss: 0.0627454 
train_loss: 0.0587624 
test_loss: 0.0625302 
train_loss: 0.065056 
test_loss: 0.0625423 
train_loss: 0.0632413 
test_loss: 0.0623559 
train_loss: 0.062856 
test_loss: 0.0620711 
train_loss: 0.0633487 
test_loss: 0.0620232 
train_loss: 0.0599233 
test_loss: 0.0617472 
train_loss: 0.061985 
test_loss: 0.0617898 
train_loss: 0.057922 
test_loss: 0.0618229 
train_loss: 0.0571862 
test_loss: 0.0613625 
train_loss: 0.0638781 
test_loss: 0.061487 
train_loss: 0.0591485 
test_loss: 0.0614892 
train_loss: 0.0565304 
test_loss: 0.060981 
train_loss: 0.057639 
test_loss: 0.0607051 
train_loss: 0.0600357 
test_loss: 0.0605877 
train_loss: 0.060789 
test_loss: 0.0604023 
train_loss: 0.0586438 
test_loss: 0.0601876 
train_loss: 0.0605586 
test_loss: 0.060406 
train_loss: 0.0595522 
test_loss: 0.0602084 
train_loss: 0.0594736 
test_loss: 0.0600159 
train_loss: 0.0590533 
test_loss: 0.0599587 
train_loss: 0.0572018 
test_loss: 0.0597771 
train_loss: 0.0566681 
test_loss: 0.0595331 
train_loss: 0.0587794 
test_loss: 0.0595813 
train_loss: 0.0586351 
test_loss: 0.0591799 
train_loss: 0.0575422 
test_loss: 0.0591388 
train_loss: 0.0589205 
test_loss: 0.0592185 
train_loss: 0.0571819 
test_loss: 0.0591695 
train_loss: 0.0581346 
test_loss: 0.0586864 
train_loss: 0.0565579 
test_loss: 0.0590599 
train_loss: 0.0595836 
test_loss: 0.0585689 
train_loss: 0.0546049 
test_loss: 0.0582945 
train_loss: 0.0574446 
test_loss: 0.0582896 
train_loss: 0.055095 
test_loss: 0.0583897 
train_loss: 0.0557968 
test_loss: 0.0576224 
train_loss: 0.0547124 
test_loss: 0.0578435 
train_loss: 0.0549253 
test_loss: 0.0574045 
train_loss: 0.0550372 
test_loss: 0.0575916 
train_loss: 0.0590959 
test_loss: 0.0570677 
train_loss: 0.053636 
test_loss: 0.0567849 
train_loss: 0.0555562 
test_loss: 0.056754 
train_loss: 0.056263 
test_loss: 0.0566717 
train_loss: 0.0545755 
test_loss: 0.0561454 
train_loss: 0.0543831 
test_loss: 0.0561045 
train_loss: 0.054668 
test_loss: 0.0557942 
train_loss: 0.0524271 
test_loss: 0.0558688 
train_loss: 0.0548076 
test_loss: 0.0554748 
train_loss: 0.054975 
test_loss: 0.0551583 
train_loss: 0.0519813 
test_loss: 0.0547829 
train_loss: 0.0570876 
test_loss: 0.0543798 
train_loss: 0.0537289 
test_loss: 0.0540647 
train_loss: 0.0525759 
test_loss: 0.0535261 
train_loss: 0.050529 
test_loss: 0.0531876 
train_loss: 0.0517123 
test_loss: 0.052863 
train_loss: 0.0524307 
test_loss: 0.0526072 
train_loss: 0.0500897 
test_loss: 0.0520531 
train_loss: 0.0494626 
test_loss: 0.0515717 
train_loss: 0.0484922 
test_loss: 0.0506694 
train_loss: 0.0511184 
test_loss: 0.0503036 
train_loss: 0.052533 
test_loss: 0.0498708 
train_loss: 0.0498743 
test_loss: 0.0490595 
train_loss: 0.0488199 
test_loss: 0.0491541 
train_loss: 0.0509297 
test_loss: 0.0479156 
train_loss: 0.0442596 
test_loss: 0.0469728 
train_loss: 0.0430789 
test_loss: 0.046288 
train_loss: 0.0434144 
test_loss: 0.0452199 
train_loss: 0.045711 
test_loss: 0.0459696 
train_loss: 0.0437638 
test_loss: 0.0445976 
train_loss: 0.0396681 
test_loss: 0.0426827 
train_loss: 0.0412251 
test_loss: 0.0418125 
train_loss: 0.0417655 
test_loss: 0.0418411 
train_loss: 0.0388369 
test_loss: 0.0408737 
train_loss: 0.039643 
test_loss: 0.0394324 
train_loss: 0.0366644 
test_loss: 0.0387268 
train_loss: 0.0353189 
test_loss: 0.0371541 
train_loss: 0.0362765 
test_loss: 0.0361197 
train_loss: 0.0328797 
test_loss: 0.0361371 
train_loss: 0.0343058 
test_loss: 0.0355534 
train_loss: 0.0323751 
test_loss: 0.0337836 
train_loss: 0.0343681 
test_loss: 0.0347761 
train_loss: 0.0300707 
test_loss: 0.0318163 
train_loss: 0.0315586 
test_loss: 0.0313703 
train_loss: 0.0287547 
test_loss: 0.0314555 
train_loss: 0.0311647 
test_loss: 0.0323927 
train_loss: 0.0303774 
test_loss: 0.0294307 
train_loss: 0.0304185 
test_loss: 0.0292489 
train_loss: 0.0277731 
test_loss: 0.0290426 
train_loss: 0.0285996 
test_loss: 0.0289664 
train_loss: 0.0285656 
test_loss: 0.0278195 
train_loss: 0.0259093 
test_loss: 0.0276406 
train_loss: 0.0297677 
test_loss: 0.0281624 
train_loss: 0.0260234 
test_loss: 0.0268363 
train_loss: 0.0262876 
test_loss: 0.0293412 
train_loss: 0.0253281 
test_loss: 0.0264514 
train_loss: 0.0243782 
test_loss: 0.0256914 
train_loss: 0.0247136 
test_loss: 0.0252249 
train_loss: 0.0276968 
test_loss: 0.0273085 
train_loss: 0.0259946 
test_loss: 0.0255528 
train_loss: 0.0222323 
test_loss: 0.025609 
train_loss: 0.0227506 
test_loss: 0.0247812 
train_loss: 0.0242904 
test_loss: 0.0257585 
train_loss: 0.0231833 
test_loss: 0.023818 
train_loss: 0.0250189 
test_loss: 0.0241566 
train_loss: 0.0228012 
test_loss: 0.0236292 
train_loss: 0.024381 
test_loss: 0.0248527 
train_loss: 0.0225373 
test_loss: 0.0252146 
train_loss: 0.0234661 
test_loss: 0.0235619 
train_loss: 0.021076 
test_loss: 0.0228578 
train_loss: 0.0206048 
test_loss: 0.0225621 
train_loss: 0.0225959 
test_loss: 0.0224384 
train_loss: 0.0220957 
test_loss: 0.0221526 
train_loss: 0.0213033 
test_loss: 0.022288 
train_loss: 0.022153 
test_loss: 0.0245182 
