train_loss: 0.277482 
test_loss: 0.275671 
train_loss: 0.130893 
test_loss: 0.129619 
train_loss: 0.0958868 
test_loss: 0.0954298 
train_loss: 0.0914329 
test_loss: 0.091915 
train_loss: 0.0860862 
test_loss: 0.0872661 
train_loss: 0.0829295 
test_loss: 0.0822116 
train_loss: 0.0764526 
test_loss: 0.0771583 
train_loss: 0.0721 
test_loss: 0.073725 
train_loss: 0.0720859 
test_loss: 0.0717964 
train_loss: 0.0705815 
test_loss: 0.0696387 
train_loss: 0.0654926 
test_loss: 0.0673207 
train_loss: 0.0640085 
test_loss: 0.0641145 
train_loss: 0.0614607 
test_loss: 0.062361 
train_loss: 0.0612524 
test_loss: 0.0619697 
train_loss: 0.06047 
test_loss: 0.0613709 
train_loss: 0.0625816 
test_loss: 0.0607968 
train_loss: 0.0596137 
test_loss: 0.0598252 
train_loss: 0.0584631 
test_loss: 0.0587993 
train_loss: 0.0574048 
test_loss: 0.0582109 
train_loss: 0.0561335 
test_loss: 0.0579448 
train_loss: 0.0567843 
test_loss: 0.0567117 
train_loss: 0.0553168 
test_loss: 0.0560035 
train_loss: 0.0538868 
test_loss: 0.0544937 
train_loss: 0.0531896 
test_loss: 0.0532821 
train_loss: 0.0529284 
test_loss: 0.0517097 
train_loss: 0.04964 
test_loss: 0.0510376 
train_loss: 0.0503159 
test_loss: 0.0507926 
train_loss: 0.0488283 
test_loss: 0.0495877 
train_loss: 0.0490074 
test_loss: 0.0485267 
train_loss: 0.0495312 
test_loss: 0.0486543 
train_loss: 0.0484193 
test_loss: 0.0480604 
train_loss: 0.0460402 
test_loss: 0.0477948 
train_loss: 0.0480589 
test_loss: 0.0480075 
train_loss: 0.0461328 
test_loss: 0.0474658 
train_loss: 0.0465257 
test_loss: 0.047496 
train_loss: 0.0457857 
test_loss: 0.0473219 
train_loss: 0.0458551 
test_loss: 0.0468574 
train_loss: 0.0458875 
test_loss: 0.0472742 
train_loss: 0.0457464 
test_loss: 0.0471056 
train_loss: 0.0459082 
test_loss: 0.0464092 
train_loss: 0.0477644 
test_loss: 0.0464271 
train_loss: 0.0468751 
test_loss: 0.0466317 
train_loss: 0.0459682 
test_loss: 0.0461334 
train_loss: 0.0465324 
test_loss: 0.0470028 
train_loss: 0.0449936 
test_loss: 0.0463559 
train_loss: 0.0450781 
test_loss: 0.0459222 
train_loss: 0.0454323 
test_loss: 0.0459138 
train_loss: 0.0457404 
test_loss: 0.0459352 
train_loss: 0.0459862 
test_loss: 0.0458238 
train_loss: 0.045855 
test_loss: 0.0458544 
train_loss: 0.045336 
test_loss: 0.0455788 
train_loss: 0.0449317 
test_loss: 0.0456694 
train_loss: 0.0450691 
test_loss: 0.0457013 
train_loss: 0.0457061 
test_loss: 0.045643 
train_loss: 0.0450951 
test_loss: 0.0457135 
train_loss: 0.0449655 
test_loss: 0.0454195 
train_loss: 0.0451969 
test_loss: 0.0457071 
train_loss: 0.0460476 
test_loss: 0.0452236 
train_loss: 0.0444808 
test_loss: 0.0453213 
train_loss: 0.0454072 
test_loss: 0.0457693 
train_loss: 0.0448677 
test_loss: 0.0452905 
train_loss: 0.0452783 
test_loss: 0.0456565 
train_loss: 0.0451388 
test_loss: 0.0456148 
train_loss: 0.0442042 
test_loss: 0.0454315 
train_loss: 0.0451939 
test_loss: 0.0452652 
train_loss: 0.0447401 
test_loss: 0.0452332 
train_loss: 0.0445078 
test_loss: 0.0451657 
train_loss: 0.0448886 
test_loss: 0.0455724 
train_loss: 0.0461607 
test_loss: 0.0452385 
train_loss: 0.0455277 
test_loss: 0.0454646 
train_loss: 0.0454366 
test_loss: 0.045367 
