train_loss: 2.09527 
test_loss: 2.76918 
train_loss: 0.487146 
test_loss: 0.486625 
train_loss: 0.480499 
test_loss: 0.486401 
train_loss: 0.489003 
test_loss: 0.486408 
train_loss: 0.48796 
test_loss: 0.486401 
train_loss: 0.483595 
test_loss: 0.486396 
train_loss: 0.482712 
test_loss: 0.486387 
train_loss: 0.492498 
test_loss: 0.486379 
train_loss: 0.484387 
test_loss: 0.486362 
train_loss: 0.480953 
test_loss: 0.486384 
train_loss: 0.483417 
test_loss: 0.486354 
train_loss: 0.484628 
test_loss: 0.486351 
train_loss: 0.489958 
test_loss: 0.486331 
train_loss: 0.481355 
test_loss: 0.486349 
train_loss: 0.48512 
test_loss: 0.486338 
train_loss: 0.481495 
test_loss: 0.486334 
train_loss: 0.491299 
test_loss: 0.486311 
train_loss: 0.483751 
test_loss: 0.48631 
train_loss: 0.488525 
test_loss: 0.486302 
train_loss: 0.485399 
test_loss: 0.486294 
train_loss: 0.48522 
test_loss: 0.486279 
train_loss: 0.485576 
test_loss: 0.486265 
train_loss: 0.483423 
test_loss: 0.486269 
train_loss: 0.485668 
test_loss: 0.486246 
train_loss: 0.486576 
test_loss: 0.486236 
train_loss: 0.486084 
test_loss: 0.486224 
train_loss: 0.480021 
test_loss: 0.486212 
train_loss: 0.484314 
test_loss: 0.486204 
train_loss: 0.478855 
test_loss: 0.486189 
train_loss: 0.483196 
test_loss: 0.486154 
train_loss: 0.480712 
test_loss: 0.486147 
train_loss: 0.481983 
test_loss: 0.486136 
train_loss: 0.477671 
test_loss: 0.486124 
train_loss: 0.48558 
test_loss: 0.48611 
train_loss: 0.48307 
test_loss: 0.486101 
train_loss: 0.480871 
test_loss: 0.486073 
train_loss: 0.486636 
test_loss: 0.486057 
train_loss: 0.490494 
test_loss: 0.486033 
train_loss: 0.48163 
test_loss: 0.486009 
train_loss: 0.483366 
test_loss: 0.486001 
train_loss: 0.487899 
test_loss: 0.485986 
train_loss: 0.488113 
test_loss: 0.485967 
train_loss: 0.486516 
test_loss: 0.485931 
train_loss: 0.48386 
test_loss: 0.485913 
train_loss: 0.48255 
test_loss: 0.485879 
train_loss: 0.484168 
test_loss: 0.485866 
train_loss: 0.478881 
test_loss: 0.485835 
train_loss: 0.494135 
test_loss: 0.48582 
train_loss: 0.486817 
test_loss: 0.485787 
train_loss: 0.483613 
test_loss: 0.485763 
train_loss: 0.484873 
test_loss: 0.485723 
train_loss: 0.480469 
test_loss: 0.485715 
train_loss: 0.481682 
test_loss: 0.485673 
train_loss: 0.487754 
test_loss: 0.485653 
train_loss: 0.477237 
test_loss: 0.485633 
train_loss: 0.484104 
test_loss: 0.48558 
train_loss: 0.482472 
test_loss: 0.485566 
train_loss: 0.481248 
test_loss: 0.485534 
train_loss: 0.480552 
test_loss: 0.485484 
train_loss: 0.486217 
test_loss: 0.485459 
train_loss: 0.48518 
test_loss: 0.485404 
train_loss: 0.48704 
test_loss: 0.485389 
train_loss: 0.486842 
test_loss: 0.48535 
train_loss: 0.480944 
test_loss: 0.485312 
train_loss: 0.48268 
test_loss: 0.485273 
train_loss: 0.487166 
test_loss: 0.48524 
train_loss: 0.486145 
test_loss: 0.485194 
train_loss: 0.483572 
test_loss: 0.485148 
train_loss: 0.482 
test_loss: 0.4851 
train_loss: 0.482612 
test_loss: 0.485038 
train_loss: 0.482339 
test_loss: 0.485003 
train_loss: 0.492124 
test_loss: 0.484968 
train_loss: 0.489166 
test_loss: 0.484911 
train_loss: 0.482087 
test_loss: 0.484859 
train_loss: 0.481096 
test_loss: 0.484808 
train_loss: 0.482833 
test_loss: 0.484735 
train_loss: 0.48875 
test_loss: 0.484709 
train_loss: 0.48642 
test_loss: 0.484636 
train_loss: 0.48631 
test_loss: 0.484578 
train_loss: 0.485046 
test_loss: 0.484532 
train_loss: 0.48184 
test_loss: 0.484482 
train_loss: 0.486422 
test_loss: 0.484412 
train_loss: 0.48369 
test_loss: 0.484342 
train_loss: 0.487472 
test_loss: 0.484256 
train_loss: 0.4794 
test_loss: 0.484221 
train_loss: 0.478518 
test_loss: 0.484137 
train_loss: 0.487625 
test_loss: 0.484086 
train_loss: 0.491224 
test_loss: 0.484018 
train_loss: 0.487152 
test_loss: 0.483938 
train_loss: 0.479891 
test_loss: 0.483864 
train_loss: 0.485328 
test_loss: 0.483795 
train_loss: 0.48546 
test_loss: 0.483695 
train_loss: 0.483072 
test_loss: 0.483601 
train_loss: 0.484234 
test_loss: 0.483542 
train_loss: 0.47805 
test_loss: 0.483455 
train_loss: 0.48141 
test_loss: 0.48336 
train_loss: 0.472312 
test_loss: 0.483272 
train_loss: 0.486452 
test_loss: 0.48318 
train_loss: 0.485961 
test_loss: 0.483073 
train_loss: 0.485603 
test_loss: 0.482987 
train_loss: 0.476302 
test_loss: 0.482898 
train_loss: 0.483337 
test_loss: 0.482786 
train_loss: 0.488106 
test_loss: 0.482683 
train_loss: 0.482362 
test_loss: 0.482578 
train_loss: 0.486232 
test_loss: 0.482476 
train_loss: 0.479637 
test_loss: 0.482367 
train_loss: 0.4793 
test_loss: 0.482246 
train_loss: 0.477184 
test_loss: 0.482131 
train_loss: 0.484393 
test_loss: 0.482013 
train_loss: 0.481571 
test_loss: 0.48188 
train_loss: 0.485009 
test_loss: 0.481758 
train_loss: 0.476607 
test_loss: 0.481626 
train_loss: 0.479802 
test_loss: 0.481505 
train_loss: 0.483992 
test_loss: 0.481354 
train_loss: 0.480778 
test_loss: 0.481213 
train_loss: 0.478743 
test_loss: 0.481037 
train_loss: 0.477251 
test_loss: 0.480915 
train_loss: 0.481236 
test_loss: 0.480774 
train_loss: 0.479413 
test_loss: 0.48062 
train_loss: 0.481762 
test_loss: 0.480461 
train_loss: 0.48828 
test_loss: 0.480275 
train_loss: 0.482517 
test_loss: 0.480129 
train_loss: 0.485672 
test_loss: 0.479953 
train_loss: 0.477379 
test_loss: 0.479761 
train_loss: 0.476748 
test_loss: 0.479596 
train_loss: 0.476328 
test_loss: 0.479416 
train_loss: 0.477097 
test_loss: 0.479212 
train_loss: 0.482626 
test_loss: 0.479037 
train_loss: 0.478488 
test_loss: 0.47881 
train_loss: 0.478645 
test_loss: 0.478611 
train_loss: 0.474264 
test_loss: 0.478429 
train_loss: 0.484192 
test_loss: 0.47821 
train_loss: 0.480965 
test_loss: 0.47797 
train_loss: 0.476198 
test_loss: 0.477779 
train_loss: 0.475539 
test_loss: 0.477522 
train_loss: 0.48014 
test_loss: 0.477298 
train_loss: 0.48242 
test_loss: 0.477056 
train_loss: 0.473774 
test_loss: 0.476806 
train_loss: 0.475679 
test_loss: 0.476558 
train_loss: 0.478153 
test_loss: 0.476299 
train_loss: 0.477861 
test_loss: 0.476016 
train_loss: 0.4787 
test_loss: 0.475762 
train_loss: 0.478293 
test_loss: 0.475488 
train_loss: 0.479689 
test_loss: 0.475184 
train_loss: 0.475593 
test_loss: 0.474905 
train_loss: 0.47855 
test_loss: 0.474611 
train_loss: 0.473236 
test_loss: 0.474303 
train_loss: 0.46468 
test_loss: 0.473952 
train_loss: 0.477087 
test_loss: 0.473658 
train_loss: 0.478308 
test_loss: 0.47333 
train_loss: 0.47096 
test_loss: 0.472986 
train_loss: 0.475603 
test_loss: 0.472652 
train_loss: 0.468778 
test_loss: 0.4723 
train_loss: 0.469638 
test_loss: 0.471913 
train_loss: 0.47215 
test_loss: 0.471551 
train_loss: 0.468773 
test_loss: 0.471163 
train_loss: 0.466239 
test_loss: 0.470784 
train_loss: 0.466642 
test_loss: 0.470375 
train_loss: 0.472862 
test_loss: 0.469965 
train_loss: 0.46366 
test_loss: 0.469544 
train_loss: 0.472127 
test_loss: 0.469104 
train_loss: 0.467291 
test_loss: 0.468679 
train_loss: 0.462055 
test_loss: 0.468227 
train_loss: 0.460241 
test_loss: 0.467769 
train_loss: 0.462933 
test_loss: 0.467292 
train_loss: 0.467159 
test_loss: 0.466796 
train_loss: 0.465287 
test_loss: 0.466307 
train_loss: 0.464502 
test_loss: 0.465801 
train_loss: 0.463998 
test_loss: 0.465262 
train_loss: 0.465763 
test_loss: 0.464737 
train_loss: 0.457075 
test_loss: 0.464189 
train_loss: 0.462475 
test_loss: 0.463647 
train_loss: 0.467589 
test_loss: 0.463064 
train_loss: 0.466314 
test_loss: 0.462483 
train_loss: 0.460451 
test_loss: 0.461891 
train_loss: 0.461836 
test_loss: 0.461281 
train_loss: 0.454102 
test_loss: 0.460643 
train_loss: 0.467171 
test_loss: 0.459979 
train_loss: 0.454064 
test_loss: 0.459329 
train_loss: 0.462012 
test_loss: 0.458658 
train_loss: 0.459316 
test_loss: 0.457981 
train_loss: 0.457609 
test_loss: 0.457263 
train_loss: 0.461647 
test_loss: 0.456545 
train_loss: 0.456386 
test_loss: 0.455815 
train_loss: 0.456662 
test_loss: 0.455036 
train_loss: 0.455033 
test_loss: 0.454284 
train_loss: 0.453618 
test_loss: 0.453477 
train_loss: 0.457058 
test_loss: 0.452662 
train_loss: 0.450727 
test_loss: 0.451845 
train_loss: 0.446402 
test_loss: 0.450988 
train_loss: 0.450217 
test_loss: 0.450114 
train_loss: 0.44465 
test_loss: 0.449218 
train_loss: 0.452554 
test_loss: 0.448313 
train_loss: 0.444219 
test_loss: 0.44737 
train_loss: 0.446108 
test_loss: 0.446415 
train_loss: 0.444264 
test_loss: 0.445444 
train_loss: 0.4401 
test_loss: 0.444451 
train_loss: 0.444297 
test_loss: 0.443432 
train_loss: 0.438208 
test_loss: 0.442385 
train_loss: 0.444739 
test_loss: 0.441318 
train_loss: 0.443951 
test_loss: 0.440203 
train_loss: 0.436426 
test_loss: 0.439096 
train_loss: 0.438581 
test_loss: 0.437938 
train_loss: 0.430362 
test_loss: 0.436773 
train_loss: 0.434643 
test_loss: 0.435555 
train_loss: 0.433701 
test_loss: 0.43433 
train_loss: 0.433742 
test_loss: 0.433077 
train_loss: 0.430923 
test_loss: 0.431798 
train_loss: 0.431641 
test_loss: 0.430481 
train_loss: 0.426174 
test_loss: 0.429149 
train_loss: 0.424892 
test_loss: 0.427771 
train_loss: 0.42949 
test_loss: 0.426372 
train_loss: 0.424968 
test_loss: 0.424932 
train_loss: 0.423921 
test_loss: 0.423437 
train_loss: 0.425383 
test_loss: 0.421966 
train_loss: 0.422943 
test_loss: 0.420418 
train_loss: 0.41577 
test_loss: 0.418849 
train_loss: 0.416111 
test_loss: 0.417257 
train_loss: 0.417486 
test_loss: 0.415615 
train_loss: 0.417099 
test_loss: 0.413949 
train_loss: 0.410262 
test_loss: 0.412249 
train_loss: 0.412993 
test_loss: 0.410514 
train_loss: 0.411347 
test_loss: 0.408748 
train_loss: 0.40802 
test_loss: 0.406949 
train_loss: 0.403908 
test_loss: 0.405092 
train_loss: 0.407216 
test_loss: 0.403234 
train_loss: 0.401566 
test_loss: 0.401328 
train_loss: 0.402262 
test_loss: 0.399376 
train_loss: 0.397757 
test_loss: 0.397403 
train_loss: 0.393561 
test_loss: 0.395395 
train_loss: 0.394511 
test_loss: 0.393355 
train_loss: 0.389975 
test_loss: 0.391271 
train_loss: 0.391064 
test_loss: 0.389158 
train_loss: 0.384433 
test_loss: 0.386985 
train_loss: 0.380195 
test_loss: 0.384804 
train_loss: 0.387072 
test_loss: 0.382575 
train_loss: 0.382582 
test_loss: 0.380295 
train_loss: 0.376546 
test_loss: 0.377979 
train_loss: 0.376118 
test_loss: 0.375607 
train_loss: 0.371893 
test_loss: 0.373199 
train_loss: 0.369499 
test_loss: 0.370734 
train_loss: 0.36449 
test_loss: 0.368216 
train_loss: 0.366816 
test_loss: 0.36566 
train_loss: 0.35865 
test_loss: 0.363022 
train_loss: 0.359006 
test_loss: 0.360348 
train_loss: 0.357928 
test_loss: 0.357591 
train_loss: 0.35717 
test_loss: 0.354749 
train_loss: 0.347255 
test_loss: 0.351857 
train_loss: 0.346309 
test_loss: 0.348866 
train_loss: 0.341992 
test_loss: 0.3458 
train_loss: 0.341861 
test_loss: 0.342623 
train_loss: 0.339798 
test_loss: 0.339365 
train_loss: 0.334221 
test_loss: 0.335998 
train_loss: 0.335146 
test_loss: 0.332514 
train_loss: 0.328767 
test_loss: 0.328904 
train_loss: 0.321245 
test_loss: 0.325178 
train_loss: 0.32144 
test_loss: 0.321311 
train_loss: 0.3172 
test_loss: 0.317304 
train_loss: 0.317096 
test_loss: 0.313156 
train_loss: 0.308085 
test_loss: 0.308877 
train_loss: 0.302516 
test_loss: 0.304466 
train_loss: 0.295426 
test_loss: 0.299897 
train_loss: 0.294575 
test_loss: 0.295182 
train_loss: 0.295504 
test_loss: 0.290313 
train_loss: 0.28141 
test_loss: 0.285303 
train_loss: 0.280544 
test_loss: 0.280142 
train_loss: 0.274074 
test_loss: 0.274825 
train_loss: 0.267963 
test_loss: 0.269387 
train_loss: 0.2654 
test_loss: 0.263797 
train_loss: 0.251997 
test_loss: 0.258074 
train_loss: 0.25635 
test_loss: 0.252269 
train_loss: 0.243515 
test_loss: 0.246404 
train_loss: 0.241422 
test_loss: 0.240511 
train_loss: 0.23057 
test_loss: 0.234648 
train_loss: 0.232354 
test_loss: 0.228848 
train_loss: 0.219892 
test_loss: 0.223127 
train_loss: 0.214511 
test_loss: 0.217535 
train_loss: 0.210083 
test_loss: 0.212065 
train_loss: 0.206103 
test_loss: 0.206737 
train_loss: 0.203291 
test_loss: 0.201544 
train_loss: 0.199015 
test_loss: 0.196484 
train_loss: 0.189643 
test_loss: 0.191593 
train_loss: 0.186904 
test_loss: 0.186859 
train_loss: 0.180973 
test_loss: 0.182248 
train_loss: 0.177908 
test_loss: 0.177784 
train_loss: 0.172806 
test_loss: 0.173448 
train_loss: 0.165284 
test_loss: 0.169246 
train_loss: 0.164082 
test_loss: 0.165164 
train_loss: 0.162694 
test_loss: 0.161191 
train_loss: 0.158324 
test_loss: 0.157341 
train_loss: 0.150762 
test_loss: 0.153604 
train_loss: 0.148184 
test_loss: 0.14998 
train_loss: 0.148218 
test_loss: 0.146463 
train_loss: 0.141395 
test_loss: 0.143091 
train_loss: 0.133142 
test_loss: 0.139829 
train_loss: 0.134946 
test_loss: 0.136707 
train_loss: 0.132746 
test_loss: 0.133715 
train_loss: 0.129863 
test_loss: 0.130864 
train_loss: 0.126628 
test_loss: 0.128173 
train_loss: 0.121283 
test_loss: 0.125616 
train_loss: 0.12572 
test_loss: 0.123215 
train_loss: 0.12061 
test_loss: 0.120985 
train_loss: 0.119127 
test_loss: 0.118909 
train_loss: 0.116742 
test_loss: 0.116983 
train_loss: 0.117027 
test_loss: 0.11524 
train_loss: 0.111935 
test_loss: 0.113635 
train_loss: 0.111079 
test_loss: 0.112187 
train_loss: 0.106261 
test_loss: 0.110886 
train_loss: 0.108766 
test_loss: 0.109727 
train_loss: 0.107205 
test_loss: 0.108684 
train_loss: 0.111464 
test_loss: 0.107765 
train_loss: 0.104864 
test_loss: 0.106954 
train_loss: 0.106845 
test_loss: 0.106238 
train_loss: 0.106335 
test_loss: 0.105622 
train_loss: 0.101489 
test_loss: 0.105085 
train_loss: 0.103602 
test_loss: 0.104611 
train_loss: 0.108163 
test_loss: 0.104197 
train_loss: 0.102465 
test_loss: 0.103834 
train_loss: 0.102591 
test_loss: 0.103534 
train_loss: 0.101245 
test_loss: 0.103269 
train_loss: 0.10229 
test_loss: 0.103039 
train_loss: 0.102006 
test_loss: 0.102852 
train_loss: 0.102611 
test_loss: 0.102661 
train_loss: 0.101233 
test_loss: 0.102505 
train_loss: 0.102836 
test_loss: 0.102374 
train_loss: 0.10144 
test_loss: 0.102252 
train_loss: 0.102109 
test_loss: 0.102145 
train_loss: 0.099486 
test_loss: 0.102044 
train_loss: 0.100992 
test_loss: 0.10196 
train_loss: 0.101326 
test_loss: 0.101884 
train_loss: 0.100828 
test_loss: 0.101811 
train_loss: 0.100653 
test_loss: 0.101748 
train_loss: 0.102134 
test_loss: 0.101675 
train_loss: 0.0986374 
test_loss: 0.101641 
train_loss: 0.0989285 
test_loss: 0.101585 
train_loss: 0.100582 
test_loss: 0.101525 
train_loss: 0.100397 
test_loss: 0.101501 
train_loss: 0.104619 
test_loss: 0.101453 
train_loss: 0.101237 
test_loss: 0.101404 
train_loss: 0.102543 
test_loss: 0.10138 
train_loss: 0.0993932 
test_loss: 0.101332 
train_loss: 0.099864 
test_loss: 0.10133 
train_loss: 0.0999499 
test_loss: 0.101265 
train_loss: 0.102571 
test_loss: 0.101235 
train_loss: 0.104546 
test_loss: 0.101193 
train_loss: 0.100603 
test_loss: 0.101176 
train_loss: 0.0982443 
test_loss: 0.101159 
train_loss: 0.102192 
test_loss: 0.10112 
train_loss: 0.103394 
test_loss: 0.101074 
train_loss: 0.098209 
test_loss: 0.101076 
train_loss: 0.099261 
test_loss: 0.101019 
train_loss: 0.0978749 
test_loss: 0.100993 
train_loss: 0.105011 
test_loss: 0.100951 
train_loss: 0.105671 
test_loss: 0.100933 
train_loss: 0.10657 
test_loss: 0.100888 
train_loss: 0.0968369 
test_loss: 0.100855 
train_loss: 0.0988157 
test_loss: 0.10083 
train_loss: 0.0970698 
test_loss: 0.100777 
train_loss: 0.102973 
test_loss: 0.100741 
train_loss: 0.10055 
test_loss: 0.100704 
train_loss: 0.102635 
test_loss: 0.100652 
train_loss: 0.101876 
test_loss: 0.100606 
train_loss: 0.100653 
test_loss: 0.100561 
train_loss: 0.100233 
test_loss: 0.100511 
train_loss: 0.101037 
test_loss: 0.100453 
train_loss: 0.10322 
test_loss: 0.100417 
train_loss: 0.100922 
test_loss: 0.100347 
train_loss: 0.101984 
test_loss: 0.100262 
train_loss: 0.0972565 
test_loss: 0.10021 
train_loss: 0.0997528 
test_loss: 0.100149 
train_loss: 0.0988786 
test_loss: 0.100073 
train_loss: 0.0977057 
test_loss: 0.100019 
train_loss: 0.0994972 
test_loss: 0.0999323 
train_loss: 0.101603 
test_loss: 0.0998573 
train_loss: 0.0998589 
test_loss: 0.0997751 
train_loss: 0.0948294 
test_loss: 0.0997043 
train_loss: 0.101883 
test_loss: 0.0996265 
train_loss: 0.0980393 
test_loss: 0.099503 
train_loss: 0.0988931 
test_loss: 0.0994095 
train_loss: 0.0965703 
test_loss: 0.0993497 
train_loss: 0.101181 
test_loss: 0.0992268 
train_loss: 0.0962057 
test_loss: 0.0990932 
train_loss: 0.0985767 
test_loss: 0.0990079 
train_loss: 0.0986521 
test_loss: 0.0988786 
train_loss: 0.0974853 
test_loss: 0.0987651 
train_loss: 0.0974931 
test_loss: 0.098669 
train_loss: 0.0979491 
test_loss: 0.0985027 
train_loss: 0.0986439 
test_loss: 0.0983684 
train_loss: 0.0977675 
test_loss: 0.0982532 
train_loss: 0.0964471 
test_loss: 0.098071 
train_loss: 0.0982207 
test_loss: 0.0979126 
train_loss: 0.0946585 
test_loss: 0.0977829 
train_loss: 0.0929134 
test_loss: 0.0975713 
train_loss: 0.0974947 
test_loss: 0.0973788 
train_loss: 0.0980202 
test_loss: 0.0971609 
train_loss: 0.100193 
test_loss: 0.0969499 
train_loss: 0.0975296 
test_loss: 0.0966953 
train_loss: 0.0994614 
test_loss: 0.0964731 
train_loss: 0.0939499 
test_loss: 0.0961971 
train_loss: 0.10311 
test_loss: 0.0959018 
train_loss: 0.0917265 
test_loss: 0.0955595 
train_loss: 0.095798 
test_loss: 0.0952045 
train_loss: 0.0919749 
test_loss: 0.0948639 
train_loss: 0.090609 
test_loss: 0.0944451 
train_loss: 0.0963864 
test_loss: 0.094032 
train_loss: 0.0965021 
test_loss: 0.0935817 
train_loss: 0.0892957 
test_loss: 0.0930735 
train_loss: 0.0957413 
test_loss: 0.0926017 
train_loss: 0.0933375 
test_loss: 0.0920469 
train_loss: 0.090683 
test_loss: 0.0915066 
train_loss: 0.0853823 
test_loss: 0.090862 
train_loss: 0.0889664 
test_loss: 0.0902423 
train_loss: 0.0891163 
test_loss: 0.089554 
train_loss: 0.0843399 
test_loss: 0.0888688 
train_loss: 0.0865781 
test_loss: 0.0881082 
train_loss: 0.0865016 
test_loss: 0.0873882 
train_loss: 0.0876768 
test_loss: 0.0865208 
train_loss: 0.0859204 
test_loss: 0.0857275 
train_loss: 0.0873158 
test_loss: 0.0848747 
train_loss: 0.0815223 
test_loss: 0.0840021 
train_loss: 0.0857194 
test_loss: 0.0831916 
train_loss: 0.0799805 
test_loss: 0.0822366 
train_loss: 0.0832639 
test_loss: 0.0813769 
train_loss: 0.0799435 
test_loss: 0.0805362 
train_loss: 0.0810454 
test_loss: 0.0796362 
train_loss: 0.0788319 
test_loss: 0.0788613 
train_loss: 0.0748908 
test_loss: 0.0781058 
train_loss: 0.0773863 
test_loss: 0.0774487 
train_loss: 0.075412 
test_loss: 0.0766032 
train_loss: 0.0759167 
test_loss: 0.0759854 
train_loss: 0.0747199 
test_loss: 0.0752832 
train_loss: 0.0744166 
test_loss: 0.0748165 
train_loss: 0.072199 
test_loss: 0.0741181 
train_loss: 0.0748049 
test_loss: 0.07361 
train_loss: 0.0724916 
test_loss: 0.0730661 
train_loss: 0.0731064 
test_loss: 0.0726208 
train_loss: 0.0716615 
test_loss: 0.0720383 
train_loss: 0.070242 
test_loss: 0.0715454 
train_loss: 0.0688859 
test_loss: 0.0711049 
train_loss: 0.0718362 
test_loss: 0.0705664 
train_loss: 0.0676119 
test_loss: 0.0700302 
train_loss: 0.0704721 
test_loss: 0.069562 
train_loss: 0.0670781 
test_loss: 0.0690357 
train_loss: 0.0663952 
test_loss: 0.068552 
train_loss: 0.0646971 
test_loss: 0.0680992 
train_loss: 0.0664648 
test_loss: 0.0676655 
train_loss: 0.0695749 
test_loss: 0.0672869 
train_loss: 0.0674144 
test_loss: 0.0669714 
train_loss: 0.0652854 
test_loss: 0.0666354 
train_loss: 0.0666216 
test_loss: 0.0663704 
train_loss: 0.0672807 
test_loss: 0.066048 
train_loss: 0.0680965 
test_loss: 0.0658515 
train_loss: 0.0635755 
test_loss: 0.0654393 
train_loss: 0.0637168 
test_loss: 0.0654251 
train_loss: 0.0641332 
test_loss: 0.0649326 
train_loss: 0.0635442 
test_loss: 0.0648856 
train_loss: 0.0628556 
test_loss: 0.0645199 
train_loss: 0.0610462 
test_loss: 0.0643074 
train_loss: 0.0612461 
test_loss: 0.0640448 
train_loss: 0.0630612 
test_loss: 0.0638022 
train_loss: 0.063203 
test_loss: 0.0636731 
train_loss: 0.0636219 
test_loss: 0.0635006 
train_loss: 0.0633229 
test_loss: 0.0632908 
train_loss: 0.0612199 
test_loss: 0.0630812 
train_loss: 0.0588816 
test_loss: 0.0628748 
train_loss: 0.0635167 
test_loss: 0.0626242 
train_loss: 0.0622385 
test_loss: 0.0625193 
train_loss: 0.0591022 
test_loss: 0.0624363 
train_loss: 0.0639946 
test_loss: 0.0621751 
train_loss: 0.0628052 
test_loss: 0.0620366 
train_loss: 0.0599326 
test_loss: 0.0619138 
train_loss: 0.060187 
test_loss: 0.0617956 
train_loss: 0.0586264 
test_loss: 0.0615985 
train_loss: 0.0630003 
test_loss: 0.0614288 
train_loss: 0.0595938 
test_loss: 0.0613436 
train_loss: 0.0610448 
test_loss: 0.0610592 
train_loss: 0.0586112 
test_loss: 0.060879 
train_loss: 0.0595671 
test_loss: 0.060795 
train_loss: 0.063241 
test_loss: 0.060568 
train_loss: 0.0567243 
test_loss: 0.0603405 
train_loss: 0.0556169 
test_loss: 0.0602322 
train_loss: 0.0596747 
test_loss: 0.0601516 
train_loss: 0.061189 
test_loss: 0.0598807 
train_loss: 0.0594901 
test_loss: 0.0597392 
train_loss: 0.0589002 
test_loss: 0.0596061 
train_loss: 0.0559454 
test_loss: 0.0595025 
train_loss: 0.0567284 
test_loss: 0.0591713 
train_loss: 0.0610306 
test_loss: 0.0590604 
train_loss: 0.055044 
test_loss: 0.0589081 
train_loss: 0.060745 
test_loss: 0.0585546 
train_loss: 0.0570831 
test_loss: 0.058357 
train_loss: 0.0569781 
test_loss: 0.058086 
train_loss: 0.0582005 
test_loss: 0.0578448 
train_loss: 0.0545289 
test_loss: 0.0575909 
train_loss: 0.0545279 
test_loss: 0.057434 
train_loss: 0.0569646 
test_loss: 0.0570693 
train_loss: 0.0575659 
test_loss: 0.0569174 
train_loss: 0.0557403 
test_loss: 0.0561817 
train_loss: 0.0547029 
test_loss: 0.0558873 
train_loss: 0.0544605 
test_loss: 0.0555395 
train_loss: 0.0536325 
test_loss: 0.0551625 
train_loss: 0.0564632 
test_loss: 0.0545826 
train_loss: 0.052023 
test_loss: 0.053574 
train_loss: 0.0538889 
test_loss: 0.0532138 
train_loss: 0.0556822 
test_loss: 0.0524468 
train_loss: 0.0493524 
test_loss: 0.0521545 
train_loss: 0.0505307 
test_loss: 0.0509804 
train_loss: 0.0478374 
test_loss: 0.0501668 
train_loss: 0.0481002 
test_loss: 0.0490885 
train_loss: 0.0458065 
test_loss: 0.0480603 
train_loss: 0.0449447 
test_loss: 0.0465922 
train_loss: 0.0456977 
test_loss: 0.0459959 
train_loss: 0.0477946 
test_loss: 0.0440723 
train_loss: 0.0453229 
test_loss: 0.0429853 
train_loss: 0.0435549 
test_loss: 0.0421707 
train_loss: 0.0404354 
test_loss: 0.0403263 
train_loss: 0.0387938 
test_loss: 0.0390595 
train_loss: 0.0356906 
test_loss: 0.0375771 
train_loss: 0.0366534 
test_loss: 0.0359865 
train_loss: 0.0344037 
test_loss: 0.0347625 
train_loss: 0.0349808 
test_loss: 0.034037 
train_loss: 0.0350349 
test_loss: 0.0327829 
train_loss: 0.0292943 
test_loss: 0.0316097 
train_loss: 0.0299579 
test_loss: 0.0310641 
train_loss: 0.0301606 
test_loss: 0.0301789 
train_loss: 0.0297427 
test_loss: 0.0289219 
train_loss: 0.0287164 
test_loss: 0.0289314 
train_loss: 0.0302215 
test_loss: 0.0284181 
train_loss: 0.0281055 
test_loss: 0.0275856 
train_loss: 0.026604 
test_loss: 0.0269962 
train_loss: 0.0287018 
test_loss: 0.0271439 
train_loss: 0.0257908 
test_loss: 0.0265461 
train_loss: 0.0255913 
test_loss: 0.0258698 
train_loss: 0.0261544 
test_loss: 0.0256965 
train_loss: 0.0237653 
test_loss: 0.0255795 
train_loss: 0.0238271 
test_loss: 0.0252418 
train_loss: 0.0245869 
test_loss: 0.0252185 
train_loss: 0.0261448 
test_loss: 0.0244285 
train_loss: 0.0260015 
test_loss: 0.0244438 
train_loss: 0.0252809 
test_loss: 0.0242815 
train_loss: 0.0257007 
test_loss: 0.0264849 
train_loss: 0.0240203 
test_loss: 0.0244793 
train_loss: 0.0243276 
test_loss: 0.0238592 
train_loss: 0.024097 
test_loss: 0.0230992 
train_loss: 0.0239808 
test_loss: 0.023216 
train_loss: 0.0225872 
test_loss: 0.0229785 
train_loss: 0.0232506 
test_loss: 0.0237886 
train_loss: 0.0246593 
test_loss: 0.0226143 
train_loss: 0.0216828 
test_loss: 0.0228065 
train_loss: 0.0238412 
test_loss: 0.0223303 
train_loss: 0.0226842 
test_loss: 0.0232766 
train_loss: 0.0253714 
test_loss: 0.0239858 
train_loss: 0.0213426 
test_loss: 0.024065 
train_loss: 0.0238764 
test_loss: 0.0219322 
train_loss: 0.0237777 
test_loss: 0.0220992 
train_loss: 0.0226977 
test_loss: 0.0215963 
train_loss: 0.0213557 
test_loss: 0.0226501 
train_loss: 0.0199288 
test_loss: 0.0214155 
train_loss: 0.0217146 
test_loss: 0.0223917 
train_loss: 0.0200267 
test_loss: 0.0209201 
train_loss: 0.0208247 
test_loss: 0.0211149 
train_loss: 0.0202054 
test_loss: 0.0215222 
train_loss: 0.0213759 
test_loss: 0.0219133 
train_loss: 0.0224335 
test_loss: 0.0213391 
train_loss: 0.0211406 
test_loss: 0.0220389 
train_loss: 0.0217986 
test_loss: 0.0208191 
train_loss: 0.0206198 
test_loss: 0.0202872 
train_loss: 0.0199583 
test_loss: 0.020791 
train_loss: 0.0208389 
test_loss: 0.0200491 
train_loss: 0.0224206 
test_loss: 0.0209384 
train_loss: 0.0191263 
test_loss: 0.0202673 
train_loss: 0.0210435 
test_loss: 0.0203055 
train_loss: 0.0201169 
test_loss: 0.0201886 
train_loss: 0.0223887 
test_loss: 0.0219222 
train_loss: 0.0215588 
test_loss: 0.0200956 
train_loss: 0.0220184 
test_loss: 0.0201095 
train_loss: 0.0189389 
test_loss: 0.0200819 
train_loss: 0.0206838 
test_loss: 0.020661 
train_loss: 0.0201274 
test_loss: 0.0199007 
train_loss: 0.019 
test_loss: 0.0199902 
train_loss: 0.0196553 
test_loss: 0.0201119 
train_loss: 0.0188176 
test_loss: 0.0196459 
train_loss: 0.020357 
test_loss: 0.0200034 
train_loss: 0.0199916 
test_loss: 0.0198785 
train_loss: 0.0173171 
test_loss: 0.0213623 
train_loss: 0.0213551 
test_loss: 0.0196047 
train_loss: 0.0215244 
test_loss: 0.0212979 
train_loss: 0.0188313 
test_loss: 0.0195012 
train_loss: 0.021808 
test_loss: 0.0201186 
train_loss: 0.0184001 
test_loss: 0.0201575 
train_loss: 0.0193439 
test_loss: 0.0195682 
train_loss: 0.0219208 
test_loss: 0.0202221 
train_loss: 0.0203081 
test_loss: 0.0196327 
train_loss: 0.0192162 
test_loss: 0.0195697 
train_loss: 0.0200432 
test_loss: 0.019376 
train_loss: 0.0179378 
test_loss: 0.0195292 
train_loss: 0.0188392 
test_loss: 0.0193955 
train_loss: 0.0191836 
test_loss: 0.0192558 
train_loss: 0.0197082 
test_loss: 0.0195732 
train_loss: 0.0192699 
test_loss: 0.0191465 
train_loss: 0.0174995 
test_loss: 0.0187501 
train_loss: 0.0186945 
test_loss: 0.0207951 
train_loss: 0.0200812 
test_loss: 0.0196377 
train_loss: 0.0202041 
test_loss: 0.0187632 
train_loss: 0.0173649 
test_loss: 0.0187751 
train_loss: 0.0183732 
test_loss: 0.0187667 
train_loss: 0.0174744 
test_loss: 0.0183828 
train_loss: 0.0184448 
test_loss: 0.0188304 
train_loss: 0.0186952 
test_loss: 0.0191155 
train_loss: 0.0182147 
test_loss: 0.0184991 
train_loss: 0.0198017 
test_loss: 0.018286 
train_loss: 0.0173997 
test_loss: 0.0188417 
train_loss: 0.0166149 
test_loss: 0.0180925 
train_loss: 0.019179 
test_loss: 0.0183754 
train_loss: 0.0172427 
test_loss: 0.0182232 
train_loss: 0.0200251 
test_loss: 0.0195605 
train_loss: 0.0174479 
test_loss: 0.0184883 
train_loss: 0.0190622 
test_loss: 0.0184444 
train_loss: 0.0169194 
test_loss: 0.0182633 
train_loss: 0.0195225 
test_loss: 0.0186489 
train_loss: 0.0170325 
test_loss: 0.0182657 
train_loss: 0.0186181 
test_loss: 0.0190773 
train_loss: 0.0185535 
test_loss: 0.018604 
train_loss: 0.0174118 
test_loss: 0.0180344 
train_loss: 0.0178304 
test_loss: 0.0178549 
train_loss: 0.0177474 
test_loss: 0.0180954 
train_loss: 0.0173898 
test_loss: 0.017491 
train_loss: 0.0193381 
test_loss: 0.0181928 
train_loss: 0.0182294 
test_loss: 0.0182058 
train_loss: 0.0169919 
test_loss: 0.018523 
train_loss: 0.0179189 
test_loss: 0.018098 
train_loss: 0.0174926 
test_loss: 0.0178676 
train_loss: 0.0178204 
test_loss: 0.0178758 
train_loss: 0.0165564 
test_loss: 0.0177033 
train_loss: 0.0173043 
test_loss: 0.01711 
train_loss: 0.0179161 
test_loss: 0.0175426 
train_loss: 0.0162438 
test_loss: 0.0175404 
train_loss: 0.0164192 
test_loss: 0.0175388 
train_loss: 0.0176495 
test_loss: 0.0177823 
train_loss: 0.0177931 
test_loss: 0.0172935 
train_loss: 0.0161058 
test_loss: 0.017963 
train_loss: 0.0172937 
test_loss: 0.0173236 
train_loss: 0.0158832 
test_loss: 0.0170781 
train_loss: 0.016284 
test_loss: 0.0170506 
train_loss: 0.0164769 
test_loss: 0.0172019 
train_loss: 0.0180662 
test_loss: 0.0171846 
train_loss: 0.0153987 
test_loss: 0.0166074 
train_loss: 0.0170469 
test_loss: 0.0171237 
train_loss: 0.0152497 
test_loss: 0.0176653 
train_loss: 0.0167133 
test_loss: 0.0170552 
train_loss: 0.016791 
test_loss: 0.0170237 
train_loss: 0.017007 
test_loss: 0.0166816 
train_loss: 0.0156758 
test_loss: 0.0169995 
train_loss: 0.0174426 
test_loss: 0.0166103 
train_loss: 0.0163719 
test_loss: 0.0160771 
train_loss: 0.0161454 
test_loss: 0.0167539 
train_loss: 0.0159616 
test_loss: 0.0162168 
train_loss: 0.0145334 
test_loss: 0.0163774 
train_loss: 0.0153742 
test_loss: 0.0163173 
train_loss: 0.0151456 
test_loss: 0.0161256 
train_loss: 0.0146242 
test_loss: 0.0164591 
train_loss: 0.0156949 
test_loss: 0.016139 
train_loss: 0.0155309 
test_loss: 0.0161337 
train_loss: 0.016209 
test_loss: 0.0154648 
train_loss: 0.0159374 
test_loss: 0.0156228 
train_loss: 0.0147038 
test_loss: 0.0158813 
train_loss: 0.0154265 
test_loss: 0.0157208 
train_loss: 0.0153181 
test_loss: 0.0154674 
train_loss: 0.0152471 
test_loss: 0.0151105 
train_loss: 0.0143255 
test_loss: 0.0150757 
train_loss: 0.0155873 
test_loss: 0.0153236 
train_loss: 0.0153058 
test_loss: 0.0160489 
train_loss: 0.015125 
test_loss: 0.0152592 
train_loss: 0.0138913 
test_loss: 0.0149265 
train_loss: 0.0139432 
test_loss: 0.0151198 
train_loss: 0.0137582 
test_loss: 0.0150853 
train_loss: 0.0142303 
test_loss: 0.0144281 
train_loss: 0.0147792 
test_loss: 0.015092 
train_loss: 0.0141688 
test_loss: 0.0153824 
train_loss: 0.014364 
test_loss: 0.0146497 
train_loss: 0.0142487 
test_loss: 0.0145411 
train_loss: 0.0148619 
test_loss: 0.0146256 
train_loss: 0.0125408 
test_loss: 0.0147145 
train_loss: 0.0142403 
test_loss: 0.0148306 
train_loss: 0.0143202 
test_loss: 0.0146191 
train_loss: 0.0143696 
test_loss: 0.0140769 
train_loss: 0.0127862 
test_loss: 0.0140786 
train_loss: 0.0135126 
test_loss: 0.0138957 
train_loss: 0.0127477 
test_loss: 0.0139357 
train_loss: 0.0130515 
test_loss: 0.0142368 
train_loss: 0.0132535 
test_loss: 0.013997 
train_loss: 0.0137526 
test_loss: 0.0137752 
train_loss: 0.0126507 
test_loss: 0.0134372 
train_loss: 0.0141042 
test_loss: 0.0133122 
train_loss: 0.0134419 
test_loss: 0.0136151 
train_loss: 0.0129512 
test_loss: 0.0134226 
train_loss: 0.0122627 
test_loss: 0.0131132 
train_loss: 0.013165 
test_loss: 0.0136856 
train_loss: 0.0120833 
test_loss: 0.0140212 
train_loss: 0.0133458 
test_loss: 0.0133127 
train_loss: 0.0128961 
test_loss: 0.0133701 
train_loss: 0.0118621 
test_loss: 0.0131865 
train_loss: 0.0114891 
test_loss: 0.012661 
train_loss: 0.01213 
test_loss: 0.0126881 
train_loss: 0.0119758 
test_loss: 0.0128942 
train_loss: 0.0143774 
test_loss: 0.0131729 
train_loss: 0.0122802 
test_loss: 0.0124086 
train_loss: 0.0117305 
test_loss: 0.0129985 
train_loss: 0.0114195 
test_loss: 0.0126214 
train_loss: 0.0121086 
test_loss: 0.0122647 
train_loss: 0.0117064 
test_loss: 0.0122392 
train_loss: 0.0119654 
test_loss: 0.0122354 
train_loss: 0.0121652 
test_loss: 0.0123866 
train_loss: 0.0116887 
test_loss: 0.0126722 
train_loss: 0.0116956 
test_loss: 0.0120442 
train_loss: 0.0119135 
test_loss: 0.0125782 
train_loss: 0.0113847 
test_loss: 0.0122007 
train_loss: 0.0127798 
test_loss: 0.0120402 
train_loss: 0.0109261 
test_loss: 0.0119076 
train_loss: 0.0110824 
test_loss: 0.011892 
train_loss: 0.0112109 
test_loss: 0.0117979 
train_loss: 0.0107603 
test_loss: 0.0119267 
train_loss: 0.0116071 
test_loss: 0.0119386 
train_loss: 0.011125 
test_loss: 0.0114737 
train_loss: 0.0111371 
test_loss: 0.0114768 
train_loss: 0.010607 
test_loss: 0.0113601 
train_loss: 0.010993 
test_loss: 0.0114368 
train_loss: 0.0109797 
test_loss: 0.011561 
train_loss: 0.011714 
test_loss: 0.011477 
train_loss: 0.0100883 
test_loss: 0.011654 
train_loss: 0.010407 
test_loss: 0.011307 
train_loss: 0.0104473 
test_loss: 0.011316 
train_loss: 0.0114735 
test_loss: 0.0113609 
train_loss: 0.010569 
test_loss: 0.0112177 
train_loss: 0.0103822 
test_loss: 0.011149 
train_loss: 0.0101536 
test_loss: 0.0110903 
train_loss: 0.00994478 
test_loss: 0.0110218 
train_loss: 0.0107028 
test_loss: 0.0112866 
train_loss: 0.010374 
test_loss: 0.0109621 
train_loss: 0.00952839 
test_loss: 0.011117 
train_loss: 0.00945307 
test_loss: 0.0106557 
train_loss: 0.0115312 
test_loss: 0.0118102 
train_loss: 0.010048 
test_loss: 0.0117334 
train_loss: 0.010893 
test_loss: 0.010627 
train_loss: 0.0103304 
test_loss: 0.0107249 
train_loss: 0.0103248 
test_loss: 0.0105461 
train_loss: 0.00993708 
test_loss: 0.0104875 
train_loss: 0.0116077 
test_loss: 0.0103782 
train_loss: 0.0101892 
test_loss: 0.0102718 
train_loss: 0.0099871 
test_loss: 0.01064 
train_loss: 0.0098459 
test_loss: 0.010503 
train_loss: 0.01049 
test_loss: 0.0101284 
train_loss: 0.0101103 
test_loss: 0.0104889 
train_loss: 0.0102508 
test_loss: 0.0106989 
train_loss: 0.00979244 
test_loss: 0.0100482 
train_loss: 0.00957014 
test_loss: 0.0102721 
train_loss: 0.0105199 
test_loss: 0.0104637 
train_loss: 0.009349 
test_loss: 0.0104934 
train_loss: 0.0100443 
test_loss: 0.0103135 
train_loss: 0.00917506 
test_loss: 0.00990168 
train_loss: 0.00908093 
test_loss: 0.0102815 
train_loss: 0.0104808 
test_loss: 0.010302 
train_loss: 0.00945273 
test_loss: 0.0103874 
train_loss: 0.0110772 
test_loss: 0.0112654 
train_loss: 0.00976741 
test_loss: 0.01001 
train_loss: 0.00990772 
test_loss: 0.0102731 
train_loss: 0.00927071 
test_loss: 0.0101113 
train_loss: 0.0108049 
test_loss: 0.00991341 
train_loss: 0.0101303 
test_loss: 0.010192 
train_loss: 0.00992068 
test_loss: 0.0100523 
train_loss: 0.00919141 
test_loss: 0.00983915 
train_loss: 0.00954183 
test_loss: 0.00999452 
train_loss: 0.00951746 
test_loss: 0.00972145 
train_loss: 0.00995074 
test_loss: 0.00983753 
train_loss: 0.00882071 
test_loss: 0.00958675 
train_loss: 0.00955181 
test_loss: 0.00974646 
train_loss: 0.00887502 
test_loss: 0.00964994 
train_loss: 0.0092644 
test_loss: 0.00974112 
train_loss: 0.00913407 
test_loss: 0.00938421 
train_loss: 0.00955805 
test_loss: 0.00973505 
train_loss: 0.00918616 
test_loss: 0.00952099 
train_loss: 0.0093544 
test_loss: 0.00960611 
train_loss: 0.00912605 
test_loss: 0.0095153 
train_loss: 0.00931205 
test_loss: 0.00974965 
train_loss: 0.00888679 
test_loss: 0.00992141 
train_loss: 0.00920706 
test_loss: 0.00944352 
train_loss: 0.00958379 
test_loss: 0.00960582 
train_loss: 0.00787414 
test_loss: 0.00967427 
train_loss: 0.0103013 
test_loss: 0.00961062 
train_loss: 0.00977753 
test_loss: 0.00947651 
train_loss: 0.00895408 
test_loss: 0.00939192 
train_loss: 0.00859041 
test_loss: 0.00925727 
train_loss: 0.00931917 
test_loss: 0.00926357 
train_loss: 0.00859081 
test_loss: 0.00913679 
train_loss: 0.00868498 
test_loss: 0.0092335 
train_loss: 0.00943511 
test_loss: 0.00935976 
train_loss: 0.00851197 
test_loss: 0.00959689 
train_loss: 0.0085644 
test_loss: 0.00919051 
train_loss: 0.00917833 
test_loss: 0.0090739 
train_loss: 0.00943805 
test_loss: 0.0091193 
train_loss: 0.00811049 
test_loss: 0.00918991 
train_loss: 0.00938893 
test_loss: 0.00933169 
train_loss: 0.00961988 
test_loss: 0.00946992 
train_loss: 0.00804344 
test_loss: 0.00921169 
train_loss: 0.00871744 
test_loss: 0.00933598 
train_loss: 0.00855254 
test_loss: 0.00946283 
train_loss: 0.00776809 
test_loss: 0.00905213 
train_loss: 0.00857518 
test_loss: 0.00897741 
train_loss: 0.00964836 
test_loss: 0.00912364 
train_loss: 0.00837805 
test_loss: 0.00909526 
train_loss: 0.00798608 
test_loss: 0.0088655 
train_loss: 0.00829135 
test_loss: 0.00911602 
train_loss: 0.00843746 
test_loss: 0.00904256 
train_loss: 0.0086194 
test_loss: 0.00880138 
train_loss: 0.0077292 
test_loss: 0.00899291 
train_loss: 0.00836596 
test_loss: 0.00926998 
train_loss: 0.00861435 
test_loss: 0.00886721 
train_loss: 0.00824891 
test_loss: 0.00888897 
train_loss: 0.00815067 
test_loss: 0.00920464 
train_loss: 0.0083282 
test_loss: 0.00896761 
train_loss: 0.00806199 
test_loss: 0.00888288 
