train_loss: 1.99894 
test_loss: 2.19797 
train_loss: 1.99963 
test_loss: 2.18021 
train_loss: 2.30438 
test_loss: 2.30368 
train_loss: 2.00063 
test_loss: 2.01741 
train_loss: 0.483181 
test_loss: 0.481917 
train_loss: 0.488013 
test_loss: 0.482 
train_loss: 0.486074 
test_loss: 0.482012 
train_loss: 0.480791 
test_loss: 0.482011 
train_loss: 0.486022 
test_loss: 0.481993 
train_loss: 0.488201 
test_loss: 0.482019 
train_loss: 0.477674 
test_loss: 0.481996 
train_loss: 0.479381 
test_loss: 0.482018 
train_loss: 0.482974 
test_loss: 0.482012 
train_loss: 0.488282 
test_loss: 0.482013 
train_loss: 0.477811 
test_loss: 0.482019 
train_loss: 0.477891 
test_loss: 0.482026 
train_loss: 0.489514 
test_loss: 0.482019 
train_loss: 0.482947 
test_loss: 0.482009 
train_loss: 0.477338 
test_loss: 0.482009 
train_loss: 0.487121 
test_loss: 0.482009 
train_loss: 0.482155 
test_loss: 0.482005 
train_loss: 0.485388 
test_loss: 0.482012 
train_loss: 0.483258 
test_loss: 0.482011 
train_loss: 0.487866 
test_loss: 0.482005 
train_loss: 0.487457 
test_loss: 0.482014 
train_loss: 0.486473 
test_loss: 0.482004 
train_loss: 0.480908 
test_loss: 0.482002 
train_loss: 0.481827 
test_loss: 0.482 
train_loss: 0.47812 
test_loss: 0.482019 
train_loss: 0.486377 
test_loss: 0.482004 
train_loss: 0.476176 
test_loss: 0.481996 
