train_loss: 0.482417 
test_loss: 0.48065 
train_loss: 0.477345 
test_loss: 0.478682 
train_loss: 0.476949 
test_loss: 0.478341 
train_loss: 0.481392 
test_loss: 0.477958 
train_loss: 0.474428 
test_loss: 0.477517 
train_loss: 0.4802 
test_loss: 0.477011 
train_loss: 0.478333 
test_loss: 0.476478 
train_loss: 0.477046 
test_loss: 0.475888 
train_loss: 0.476309 
test_loss: 0.475253 
train_loss: 0.479642 
test_loss: 0.474582 
train_loss: 0.468954 
test_loss: 0.47387 
train_loss: 0.475168 
test_loss: 0.47311 
train_loss: 0.474934 
test_loss: 0.472323 
train_loss: 0.473823 
test_loss: 0.471469 
train_loss: 0.469346 
test_loss: 0.470609 
train_loss: 0.471053 
test_loss: 0.469703 
train_loss: 0.470177 
test_loss: 0.468748 
train_loss: 0.475042 
test_loss: 0.467772 
train_loss: 0.467965 
test_loss: 0.466744 
train_loss: 0.464659 
test_loss: 0.465695 
train_loss: 0.463207 
test_loss: 0.46461 
train_loss: 0.465158 
test_loss: 0.463474 
train_loss: 0.462511 
test_loss: 0.462319 
train_loss: 0.456902 
test_loss: 0.46112 
train_loss: 0.452566 
test_loss: 0.459891 
train_loss: 0.458537 
test_loss: 0.458613 
train_loss: 0.452188 
test_loss: 0.457316 
train_loss: 0.458611 
test_loss: 0.455971 
train_loss: 0.45497 
test_loss: 0.454608 
train_loss: 0.45305 
test_loss: 0.453198 
train_loss: 0.448393 
test_loss: 0.451769 
train_loss: 0.449598 
test_loss: 0.450282 
train_loss: 0.452901 
test_loss: 0.448768 
train_loss: 0.445408 
test_loss: 0.447226 
train_loss: 0.441377 
test_loss: 0.445646 
train_loss: 0.43861 
test_loss: 0.444032 
train_loss: 0.441646 
test_loss: 0.442375 
train_loss: 0.442379 
test_loss: 0.440702 
train_loss: 0.444461 
test_loss: 0.438968 
train_loss: 0.435679 
test_loss: 0.437232 
train_loss: 0.431469 
test_loss: 0.435434 
train_loss: 0.435183 
test_loss: 0.433607 
train_loss: 0.435623 
test_loss: 0.43175 
train_loss: 0.434577 
test_loss: 0.429864 
train_loss: 0.429425 
test_loss: 0.427937 
train_loss: 0.424719 
test_loss: 0.425975 
train_loss: 0.428653 
test_loss: 0.423973 
train_loss: 0.429496 
test_loss: 0.421934 
train_loss: 0.418877 
test_loss: 0.41986 
train_loss: 0.419404 
test_loss: 0.417742 
train_loss: 0.41447 
test_loss: 0.415609 
train_loss: 0.407772 
test_loss: 0.413419 
train_loss: 0.413247 
test_loss: 0.411218 
train_loss: 0.410496 
test_loss: 0.408961 
train_loss: 0.408474 
test_loss: 0.406666 
train_loss: 0.402883 
test_loss: 0.404319 
train_loss: 0.407697 
test_loss: 0.401974 
train_loss: 0.399835 
test_loss: 0.39957 
train_loss: 0.395471 
test_loss: 0.397104 
train_loss: 0.40145 
test_loss: 0.394603 
train_loss: 0.387357 
test_loss: 0.392058 
train_loss: 0.386526 
test_loss: 0.389441 
train_loss: 0.391429 
test_loss: 0.386785 
train_loss: 0.381559 
test_loss: 0.384087 
train_loss: 0.387078 
test_loss: 0.381282 
train_loss: 0.379535 
test_loss: 0.378426 
train_loss: 0.372261 
test_loss: 0.375479 
train_loss: 0.368642 
test_loss: 0.372427 
train_loss: 0.3747 
test_loss: 0.369279 
train_loss: 0.36652 
test_loss: 0.365991 
train_loss: 0.359778 
test_loss: 0.362572 
train_loss: 0.359936 
test_loss: 0.359013 
train_loss: 0.355034 
test_loss: 0.355309 
train_loss: 0.35635 
test_loss: 0.351429 
train_loss: 0.343589 
test_loss: 0.347385 
train_loss: 0.343456 
test_loss: 0.34318 
train_loss: 0.341103 
test_loss: 0.338818 
train_loss: 0.332303 
test_loss: 0.334298 
train_loss: 0.332119 
test_loss: 0.329681 
train_loss: 0.324561 
test_loss: 0.324968 
train_loss: 0.325216 
test_loss: 0.320214 
train_loss: 0.311036 
test_loss: 0.315429 
train_loss: 0.314616 
test_loss: 0.310636 
train_loss: 0.301692 
test_loss: 0.305874 
train_loss: 0.303028 
test_loss: 0.301148 
train_loss: 0.299148 
test_loss: 0.296464 
train_loss: 0.290752 
test_loss: 0.291826 
train_loss: 0.290033 
test_loss: 0.287279 
train_loss: 0.288448 
test_loss: 0.282799 
train_loss: 0.277832 
test_loss: 0.278401 
train_loss: 0.27839 
test_loss: 0.274068 
train_loss: 0.267548 
test_loss: 0.269815 
train_loss: 0.263161 
test_loss: 0.265605 
train_loss: 0.257825 
test_loss: 0.261487 
train_loss: 0.251657 
test_loss: 0.257434 
train_loss: 0.258232 
test_loss: 0.253429 
train_loss: 0.250436 
test_loss: 0.249484 
train_loss: 0.242892 
test_loss: 0.245592 
train_loss: 0.23934 
test_loss: 0.241739 
train_loss: 0.234086 
test_loss: 0.237935 
train_loss: 0.23443 
test_loss: 0.234181 
train_loss: 0.231451 
test_loss: 0.230456 
train_loss: 0.223327 
test_loss: 0.226775 
train_loss: 0.220636 
test_loss: 0.223129 
train_loss: 0.221143 
test_loss: 0.219529 
train_loss: 0.21776 
test_loss: 0.215938 
train_loss: 0.212669 
test_loss: 0.212391 
train_loss: 0.206682 
test_loss: 0.208867 
train_loss: 0.203243 
test_loss: 0.20536 
train_loss: 0.20141 
test_loss: 0.201895 
train_loss: 0.20295 
test_loss: 0.198458 
train_loss: 0.192249 
test_loss: 0.195052 
train_loss: 0.19401 
test_loss: 0.191667 
train_loss: 0.188732 
test_loss: 0.188328 
train_loss: 0.183075 
test_loss: 0.18502 
train_loss: 0.17936 
test_loss: 0.181743 
train_loss: 0.178664 
test_loss: 0.17853 
train_loss: 0.177364 
test_loss: 0.175362 
train_loss: 0.172551 
test_loss: 0.172245 
train_loss: 0.167206 
test_loss: 0.169165 
train_loss: 0.163964 
test_loss: 0.166172 
train_loss: 0.163802 
test_loss: 0.163226 
train_loss: 0.161263 
test_loss: 0.160356 
train_loss: 0.155188 
test_loss: 0.157543 
train_loss: 0.157331 
test_loss: 0.15481 
train_loss: 0.15135 
test_loss: 0.152145 
train_loss: 0.149174 
test_loss: 0.149557 
train_loss: 0.150198 
test_loss: 0.147042 
train_loss: 0.14677 
test_loss: 0.144605 
train_loss: 0.144223 
test_loss: 0.14225 
train_loss: 0.142998 
test_loss: 0.139984 
train_loss: 0.137018 
test_loss: 0.137799 
train_loss: 0.138568 
test_loss: 0.135698 
train_loss: 0.132384 
test_loss: 0.133664 
train_loss: 0.129612 
test_loss: 0.131718 
train_loss: 0.129792 
test_loss: 0.129862 
train_loss: 0.126622 
test_loss: 0.128088 
train_loss: 0.129007 
test_loss: 0.126389 
train_loss: 0.125199 
test_loss: 0.124773 
train_loss: 0.122429 
test_loss: 0.123239 
train_loss: 0.118529 
test_loss: 0.12178 
train_loss: 0.12094 
test_loss: 0.12038 
train_loss: 0.11839 
test_loss: 0.119067 
train_loss: 0.11795 
test_loss: 0.117821 
train_loss: 0.114982 
test_loss: 0.116637 
train_loss: 0.116072 
test_loss: 0.115531 
train_loss: 0.114295 
test_loss: 0.114478 
train_loss: 0.113883 
test_loss: 0.113479 
train_loss: 0.11426 
test_loss: 0.112548 
train_loss: 0.11161 
test_loss: 0.111679 
train_loss: 0.111403 
test_loss: 0.110831 
train_loss: 0.109217 
test_loss: 0.11004 
train_loss: 0.112992 
test_loss: 0.109318 
train_loss: 0.107495 
test_loss: 0.108621 
train_loss: 0.10485 
test_loss: 0.107966 
train_loss: 0.106287 
test_loss: 0.10734 
train_loss: 0.107485 
test_loss: 0.106785 
train_loss: 0.105831 
test_loss: 0.106234 
train_loss: 0.102181 
test_loss: 0.105725 
train_loss: 0.1054 
test_loss: 0.105239 
train_loss: 0.105636 
test_loss: 0.104798 
train_loss: 0.105376 
test_loss: 0.104375 
train_loss: 0.106608 
test_loss: 0.103986 
train_loss: 0.099049 
test_loss: 0.103589 
train_loss: 0.105312 
test_loss: 0.103246 
train_loss: 0.0997891 
test_loss: 0.102938 
train_loss: 0.104487 
test_loss: 0.102602 
train_loss: 0.101243 
test_loss: 0.102311 
train_loss: 0.102034 
test_loss: 0.102018 
train_loss: 0.104679 
test_loss: 0.10176 
train_loss: 0.0977158 
test_loss: 0.101515 
train_loss: 0.100039 
test_loss: 0.10126 
train_loss: 0.104961 
test_loss: 0.10104 
train_loss: 0.0993095 
test_loss: 0.100811 
train_loss: 0.101431 
test_loss: 0.10059 
train_loss: 0.101181 
test_loss: 0.100389 
train_loss: 0.106124 
test_loss: 0.100174 
train_loss: 0.101045 
test_loss: 0.0999692 
train_loss: 0.100547 
test_loss: 0.0998057 
train_loss: 0.0987734 
test_loss: 0.0996118 
train_loss: 0.0966574 
test_loss: 0.0994336 
train_loss: 0.0987944 
test_loss: 0.0992303 
train_loss: 0.098249 
test_loss: 0.0990818 
train_loss: 0.101001 
test_loss: 0.0988851 
train_loss: 0.0996258 
test_loss: 0.0987171 
train_loss: 0.0920529 
test_loss: 0.0985587 
train_loss: 0.0970295 
test_loss: 0.098366 
train_loss: 0.0962337 
test_loss: 0.0981844 
train_loss: 0.0940404 
test_loss: 0.097988 
train_loss: 0.0958506 
test_loss: 0.0978349 
train_loss: 0.0964689 
test_loss: 0.0976793 
train_loss: 0.0986162 
test_loss: 0.09747 
train_loss: 0.100053 
test_loss: 0.0973081 
train_loss: 0.097327 
test_loss: 0.0971323 
train_loss: 0.0984878 
test_loss: 0.0969423 
train_loss: 0.0973984 
test_loss: 0.0967347 
train_loss: 0.0992045 
test_loss: 0.0965057 
train_loss: 0.0947607 
test_loss: 0.0963164 
train_loss: 0.0946494 
test_loss: 0.0961132 
train_loss: 0.0936502 
test_loss: 0.0959164 
train_loss: 0.0937398 
test_loss: 0.0956789 
train_loss: 0.0911098 
test_loss: 0.0954588 
train_loss: 0.0943453 
test_loss: 0.0952221 
train_loss: 0.0936309 
test_loss: 0.094961 
train_loss: 0.0959379 
test_loss: 0.0947395 
train_loss: 0.0935332 
test_loss: 0.0945177 
train_loss: 0.0940307 
test_loss: 0.0942276 
train_loss: 0.0938691 
test_loss: 0.0939704 
train_loss: 0.0920381 
test_loss: 0.093702 
train_loss: 0.0963829 
test_loss: 0.0934762 
train_loss: 0.0928098 
test_loss: 0.0931077 
train_loss: 0.0888384 
test_loss: 0.0928805 
train_loss: 0.0947576 
test_loss: 0.0925295 
train_loss: 0.0902641 
test_loss: 0.0922089 
train_loss: 0.0920881 
test_loss: 0.0919511 
train_loss: 0.0902251 
test_loss: 0.0915738 
train_loss: 0.0924214 
test_loss: 0.0912367 
train_loss: 0.0952264 
test_loss: 0.090897 
train_loss: 0.0886275 
test_loss: 0.0905345 
train_loss: 0.0884591 
test_loss: 0.0902093 
train_loss: 0.0939661 
test_loss: 0.0897998 
train_loss: 0.0846112 
test_loss: 0.0894258 
train_loss: 0.0862618 
test_loss: 0.0889721 
train_loss: 0.0889181 
test_loss: 0.0886108 
train_loss: 0.0887852 
test_loss: 0.0881484 
train_loss: 0.0887789 
test_loss: 0.0877087 
train_loss: 0.0857789 
test_loss: 0.0873061 
train_loss: 0.0861039 
test_loss: 0.0868783 
train_loss: 0.0851457 
test_loss: 0.0863878 
train_loss: 0.085255 
test_loss: 0.085929 
train_loss: 0.0838005 
test_loss: 0.0855695 
train_loss: 0.0831491 
test_loss: 0.0850319 
train_loss: 0.0851229 
test_loss: 0.0847087 
train_loss: 0.0817518 
test_loss: 0.0840554 
train_loss: 0.0820744 
test_loss: 0.0835851 
train_loss: 0.0821484 
test_loss: 0.08307 
train_loss: 0.0802199 
test_loss: 0.0825417 
train_loss: 0.0818007 
test_loss: 0.0820596 
train_loss: 0.0773073 
test_loss: 0.0815205 
train_loss: 0.0801034 
test_loss: 0.0809797 
train_loss: 0.0791117 
test_loss: 0.0804831 
train_loss: 0.0779412 
test_loss: 0.0800312 
train_loss: 0.0789316 
test_loss: 0.0794564 
train_loss: 0.080332 
test_loss: 0.0788393 
train_loss: 0.0825558 
test_loss: 0.0783497 
train_loss: 0.0752199 
test_loss: 0.0778194 
train_loss: 0.0748718 
test_loss: 0.077309 
train_loss: 0.0800046 
test_loss: 0.0766761 
train_loss: 0.0766191 
test_loss: 0.0762004 
train_loss: 0.0750312 
test_loss: 0.0756733 
train_loss: 0.0733947 
test_loss: 0.0751159 
train_loss: 0.0695467 
test_loss: 0.0745623 
train_loss: 0.0754868 
test_loss: 0.0739657 
train_loss: 0.0713561 
test_loss: 0.0734089 
train_loss: 0.0743402 
test_loss: 0.0728952 
train_loss: 0.0698189 
test_loss: 0.0722736 
train_loss: 0.0715245 
test_loss: 0.0717774 
train_loss: 0.0691788 
test_loss: 0.0712288 
train_loss: 0.0754278 
test_loss: 0.0707395 
train_loss: 0.0676268 
test_loss: 0.070248 
train_loss: 0.0714656 
test_loss: 0.0696481 
train_loss: 0.0704193 
test_loss: 0.0691475 
train_loss: 0.0650133 
test_loss: 0.068643 
train_loss: 0.0673731 
test_loss: 0.0680903 
train_loss: 0.0654371 
test_loss: 0.0675223 
train_loss: 0.0655262 
test_loss: 0.0670438 
train_loss: 0.0674622 
test_loss: 0.0664778 
train_loss: 0.0672395 
test_loss: 0.0660651 
train_loss: 0.0688087 
test_loss: 0.0655765 
train_loss: 0.0638414 
test_loss: 0.0651333 
train_loss: 0.0645887 
test_loss: 0.0646513 
train_loss: 0.0656557 
test_loss: 0.064115 
train_loss: 0.0632873 
test_loss: 0.063555 
train_loss: 0.0639723 
test_loss: 0.0630631 
train_loss: 0.0614517 
test_loss: 0.0624727 
train_loss: 0.062477 
test_loss: 0.0619884 
train_loss: 0.0602287 
test_loss: 0.0613997 
train_loss: 0.0589441 
test_loss: 0.0611883 
train_loss: 0.0610171 
test_loss: 0.0604659 
train_loss: 0.0575082 
test_loss: 0.0597743 
train_loss: 0.057291 
test_loss: 0.0592797 
train_loss: 0.0558804 
test_loss: 0.0586825 
train_loss: 0.0583114 
test_loss: 0.0579145 
train_loss: 0.0596611 
test_loss: 0.0573654 
train_loss: 0.0574955 
test_loss: 0.0568229 
train_loss: 0.0566774 
test_loss: 0.0565845 
train_loss: 0.0565284 
test_loss: 0.0556044 
train_loss: 0.0521177 
test_loss: 0.055032 
train_loss: 0.0560586 
test_loss: 0.0543195 
train_loss: 0.0547935 
test_loss: 0.0541479 
train_loss: 0.0498483 
test_loss: 0.0534744 
train_loss: 0.0526023 
test_loss: 0.0523122 
train_loss: 0.0507727 
test_loss: 0.0516003 
train_loss: 0.0502357 
test_loss: 0.051092 
train_loss: 0.0496809 
test_loss: 0.0501702 
train_loss: 0.047772 
test_loss: 0.0494823 
train_loss: 0.0454727 
test_loss: 0.0487167 
train_loss: 0.0490664 
test_loss: 0.0479067 
train_loss: 0.0467582 
test_loss: 0.0471207 
train_loss: 0.0469953 
test_loss: 0.0463619 
train_loss: 0.04345 
test_loss: 0.0455141 
train_loss: 0.0435787 
test_loss: 0.0448668 
train_loss: 0.0421371 
test_loss: 0.0438119 
train_loss: 0.0435739 
test_loss: 0.0430796 
train_loss: 0.0402568 
test_loss: 0.0424469 
train_loss: 0.0403709 
test_loss: 0.0415909 
train_loss: 0.0383284 
test_loss: 0.0405942 
train_loss: 0.0396022 
test_loss: 0.0396795 
train_loss: 0.0371742 
test_loss: 0.0388854 
train_loss: 0.0380077 
test_loss: 0.0379768 
train_loss: 0.036469 
test_loss: 0.0374016 
train_loss: 0.0378146 
test_loss: 0.0369073 
train_loss: 0.036987 
test_loss: 0.0363095 
train_loss: 0.0342645 
test_loss: 0.0347719 
train_loss: 0.0327058 
test_loss: 0.0341778 
train_loss: 0.0335895 
test_loss: 0.0337942 
train_loss: 0.0349566 
test_loss: 0.0332557 
train_loss: 0.0314913 
test_loss: 0.0320057 
train_loss: 0.031769 
test_loss: 0.0319043 
train_loss: 0.0312048 
test_loss: 0.0334621 
train_loss: 0.0310838 
test_loss: 0.0310286 
train_loss: 0.0300243 
test_loss: 0.0304926 
train_loss: 0.030796 
test_loss: 0.0297193 
train_loss: 0.0281277 
test_loss: 0.0311432 
train_loss: 0.0289459 
test_loss: 0.0286976 
train_loss: 0.0304173 
test_loss: 0.0286215 
train_loss: 0.0279049 
test_loss: 0.0279337 
train_loss: 0.0280929 
test_loss: 0.0297229 
train_loss: 0.0267679 
test_loss: 0.0270139 
train_loss: 0.0272834 
test_loss: 0.0268092 
train_loss: 0.0281149 
test_loss: 0.0286374 
train_loss: 0.0270733 
test_loss: 0.0266239 
train_loss: 0.0254552 
test_loss: 0.0268153 
train_loss: 0.0259936 
test_loss: 0.0259179 
train_loss: 0.0251349 
test_loss: 0.0268847 
train_loss: 0.0259151 
test_loss: 0.0253811 
train_loss: 0.0276943 
test_loss: 0.0257746 
train_loss: 0.0261564 
test_loss: 0.0252884 
train_loss: 0.02306 
test_loss: 0.0254674 
train_loss: 0.0268349 
test_loss: 0.0247809 
train_loss: 0.0259287 
test_loss: 0.0250051 
train_loss: 0.0246234 
test_loss: 0.0243401 
train_loss: 0.0255732 
test_loss: 0.0247202 
train_loss: 0.0238613 
test_loss: 0.0245034 
train_loss: 0.0226074 
test_loss: 0.0247458 
train_loss: 0.0229158 
test_loss: 0.0238711 
train_loss: 0.0239072 
test_loss: 0.0243606 
train_loss: 0.0237511 
test_loss: 0.0241714 
train_loss: 0.0225633 
test_loss: 0.0234623 
train_loss: 0.0243916 
test_loss: 0.0244692 
train_loss: 0.0227304 
test_loss: 0.0232905 
train_loss: 0.0229497 
test_loss: 0.0234751 
train_loss: 0.0229498 
test_loss: 0.0233694 
train_loss: 0.0238784 
test_loss: 0.0231835 
train_loss: 0.0238358 
test_loss: 0.0229727 
train_loss: 0.025133 
test_loss: 0.0235865 
train_loss: 0.0225019 
test_loss: 0.0230795 
train_loss: 0.0228559 
test_loss: 0.02392 
train_loss: 0.0222762 
test_loss: 0.0225195 
train_loss: 0.022856 
test_loss: 0.0229913 
train_loss: 0.0227204 
test_loss: 0.0222203 
train_loss: 0.0235532 
test_loss: 0.0230269 
train_loss: 0.0215785 
test_loss: 0.0223084 
train_loss: 0.0250277 
test_loss: 0.0230783 
train_loss: 0.0226145 
test_loss: 0.0223018 
train_loss: 0.0213123 
test_loss: 0.0221378 
train_loss: 0.0225838 
test_loss: 0.022728 
train_loss: 0.0224688 
test_loss: 0.0224735 
train_loss: 0.0218307 
test_loss: 0.0224704 
train_loss: 0.0213739 
test_loss: 0.0224517 
train_loss: 0.0216526 
test_loss: 0.0221653 
train_loss: 0.0223615 
test_loss: 0.022166 
train_loss: 0.0237495 
test_loss: 0.0217817 
train_loss: 0.0214395 
test_loss: 0.0217673 
train_loss: 0.0211188 
test_loss: 0.0220677 
train_loss: 0.0230947 
test_loss: 0.0218325 
train_loss: 0.0217142 
test_loss: 0.0222278 
train_loss: 0.0200088 
test_loss: 0.0213022 
train_loss: 0.0213826 
test_loss: 0.0208985 
train_loss: 0.0192977 
test_loss: 0.0217002 
train_loss: 0.0206173 
test_loss: 0.0219326 
train_loss: 0.0209195 
test_loss: 0.0210008 
train_loss: 0.0216495 
test_loss: 0.0209253 
train_loss: 0.0210192 
test_loss: 0.0213535 
train_loss: 0.0205108 
test_loss: 0.0209879 
train_loss: 0.0204164 
test_loss: 0.0209233 
train_loss: 0.0215142 
test_loss: 0.020898 
train_loss: 0.0200091 
test_loss: 0.0209481 
train_loss: 0.0203514 
test_loss: 0.0208036 
train_loss: 0.0190709 
test_loss: 0.0206914 
train_loss: 0.0201694 
test_loss: 0.0205205 
train_loss: 0.0206396 
test_loss: 0.0209839 
train_loss: 0.0197379 
test_loss: 0.0201136 
train_loss: 0.0224752 
test_loss: 0.0206974 
train_loss: 0.019232 
test_loss: 0.0202408 
train_loss: 0.0209477 
test_loss: 0.0205571 
train_loss: 0.0203674 
test_loss: 0.0201435 
train_loss: 0.0194461 
test_loss: 0.020039 
train_loss: 0.0197513 
test_loss: 0.0203328 
train_loss: 0.0197388 
test_loss: 0.0197791 
train_loss: 0.020945 
test_loss: 0.0199885 
train_loss: 0.019429 
test_loss: 0.0197566 
train_loss: 0.0197829 
test_loss: 0.0231808 
train_loss: 0.0196729 
test_loss: 0.0197502 
train_loss: 0.0199951 
test_loss: 0.0198164 
train_loss: 0.0189177 
test_loss: 0.0203758 
train_loss: 0.0195855 
test_loss: 0.020484 
train_loss: 0.0207889 
test_loss: 0.0196968 
train_loss: 0.0181914 
test_loss: 0.0195549 
train_loss: 0.0189641 
test_loss: 0.0194734 
train_loss: 0.0192163 
test_loss: 0.0207844 
