train_loss: 0.567977 
test_loss: 0.558232 
train_loss: 0.54234 
test_loss: 0.545485 
train_loss: 0.536473 
test_loss: 0.530542 
train_loss: 0.513744 
test_loss: 0.513739 
train_loss: 0.495798 
test_loss: 0.495685 
train_loss: 0.472338 
test_loss: 0.476643 
train_loss: 0.464036 
test_loss: 0.456884 
train_loss: 0.438219 
test_loss: 0.436431 
train_loss: 0.420014 
test_loss: 0.415493 
train_loss: 0.391373 
test_loss: 0.394092 
train_loss: 0.375075 
test_loss: 0.372483 
train_loss: 0.347906 
test_loss: 0.350796 
train_loss: 0.330691 
test_loss: 0.329208 
train_loss: 0.305907 
test_loss: 0.30798 
train_loss: 0.289685 
test_loss: 0.286787 
train_loss: 0.264413 
test_loss: 0.265613 
train_loss: 0.243226 
test_loss: 0.24473 
train_loss: 0.223967 
test_loss: 0.224354 
train_loss: 0.205537 
test_loss: 0.204305 
train_loss: 0.185753 
test_loss: 0.184305 
train_loss: 0.164366 
test_loss: 0.16434 
train_loss: 0.144995 
test_loss: 0.144769 
train_loss: 0.127469 
test_loss: 0.126514 
train_loss: 0.110826 
test_loss: 0.110416 
train_loss: 0.0978578 
test_loss: 0.0968016 
train_loss: 0.0852068 
test_loss: 0.0856135 
train_loss: 0.0761853 
test_loss: 0.0767416 
train_loss: 0.0716399 
test_loss: 0.069953 
train_loss: 0.0651989 
test_loss: 0.0649157 
train_loss: 0.0618268 
test_loss: 0.0613397 
train_loss: 0.0582466 
test_loss: 0.0588489 
train_loss: 0.0559467 
test_loss: 0.0571201 
train_loss: 0.0562287 
test_loss: 0.0559378 
train_loss: 0.0553805 
test_loss: 0.0550867 
train_loss: 0.0552683 
test_loss: 0.0544754 
train_loss: 0.0535305 
test_loss: 0.0540155 
train_loss: 0.0539324 
test_loss: 0.0536489 
train_loss: 0.0532011 
test_loss: 0.0533373 
train_loss: 0.0535402 
test_loss: 0.0531188 
train_loss: 0.0533668 
test_loss: 0.0528969 
train_loss: 0.0534771 
test_loss: 0.0527289 
train_loss: 0.0529798 
test_loss: 0.0525671 
train_loss: 0.0522362 
test_loss: 0.0524214 
train_loss: 0.052816 
test_loss: 0.052309 
train_loss: 0.0521075 
test_loss: 0.0521645 
train_loss: 0.0510814 
test_loss: 0.0520488 
train_loss: 0.0527267 
test_loss: 0.0519233 
train_loss: 0.0527833 
test_loss: 0.0518011 
train_loss: 0.0518851 
test_loss: 0.051707 
train_loss: 0.0523979 
test_loss: 0.0515766 
train_loss: 0.0518647 
test_loss: 0.0515012 
train_loss: 0.0517513 
test_loss: 0.0513676 
train_loss: 0.0520006 
test_loss: 0.051255 
train_loss: 0.0512628 
test_loss: 0.0511656 
train_loss: 0.050913 
test_loss: 0.0510259 
train_loss: 0.0513371 
test_loss: 0.0508963 
train_loss: 0.0508708 
test_loss: 0.0507993 
train_loss: 0.0507027 
test_loss: 0.0506599 
train_loss: 0.0509883 
test_loss: 0.0505568 
train_loss: 0.0499633 
test_loss: 0.0503914 
train_loss: 0.0501489 
test_loss: 0.0502377 
train_loss: 0.0500634 
test_loss: 0.0501373 
train_loss: 0.0500567 
test_loss: 0.0499301 
train_loss: 0.0493062 
test_loss: 0.0497556 
train_loss: 0.0483656 
test_loss: 0.049567 
train_loss: 0.0496491 
test_loss: 0.0493815 
train_loss: 0.0486428 
test_loss: 0.0491624 
train_loss: 0.0490651 
test_loss: 0.0489557 
train_loss: 0.0487163 
test_loss: 0.0487027 
train_loss: 0.0485968 
test_loss: 0.0484851 
train_loss: 0.0484305 
test_loss: 0.0482246 
train_loss: 0.0475528 
test_loss: 0.0479215 
train_loss: 0.0464656 
test_loss: 0.0476035 
train_loss: 0.0471606 
test_loss: 0.0472647 
train_loss: 0.0472254 
test_loss: 0.0469375 
train_loss: 0.0463023 
test_loss: 0.0465195 
train_loss: 0.0461504 
test_loss: 0.0460808 
train_loss: 0.0459614 
test_loss: 0.0456601 
train_loss: 0.0449867 
test_loss: 0.045124 
train_loss: 0.0447834 
test_loss: 0.0445744 
train_loss: 0.0442812 
test_loss: 0.044052 
train_loss: 0.0436936 
test_loss: 0.0434285 
train_loss: 0.0426356 
test_loss: 0.0427422 
train_loss: 0.0422266 
test_loss: 0.0420884 
train_loss: 0.0413211 
test_loss: 0.0413462 
train_loss: 0.0403118 
test_loss: 0.0405756 
train_loss: 0.0395687 
test_loss: 0.0398186 
train_loss: 0.0385177 
test_loss: 0.0389503 
train_loss: 0.0375518 
test_loss: 0.0381118 
train_loss: 0.0367292 
test_loss: 0.0372244 
train_loss: 0.035743 
test_loss: 0.0363333 
train_loss: 0.0348597 
test_loss: 0.0353973 
train_loss: 0.0342574 
test_loss: 0.0345187 
train_loss: 0.0331352 
test_loss: 0.0335378 
train_loss: 0.0325515 
test_loss: 0.032516 
train_loss: 0.0314913 
test_loss: 0.0315235 
train_loss: 0.0301729 
test_loss: 0.0304779 
train_loss: 0.0293519 
test_loss: 0.0294369 
train_loss: 0.0284999 
test_loss: 0.0283562 
train_loss: 0.027469 
test_loss: 0.0273354 
train_loss: 0.0261029 
test_loss: 0.0262399 
train_loss: 0.0255571 
test_loss: 0.02522 
train_loss: 0.0239326 
test_loss: 0.0241598 
train_loss: 0.0229612 
test_loss: 0.0230523 
train_loss: 0.0217055 
test_loss: 0.022002 
train_loss: 0.0210179 
test_loss: 0.0210148 
train_loss: 0.0197834 
test_loss: 0.0199245 
train_loss: 0.0188198 
test_loss: 0.0189552 
train_loss: 0.0178437 
test_loss: 0.0179408 
train_loss: 0.0171036 
test_loss: 0.0169303 
train_loss: 0.0160679 
test_loss: 0.0160755 
train_loss: 0.0151172 
test_loss: 0.0151452 
train_loss: 0.014284 
test_loss: 0.0143237 
train_loss: 0.0136424 
test_loss: 0.0136116 
train_loss: 0.0128138 
test_loss: 0.0128514 
train_loss: 0.012128 
test_loss: 0.0121531 
train_loss: 0.0116061 
test_loss: 0.0115256 
train_loss: 0.0110472 
test_loss: 0.0110377 
train_loss: 0.0104446 
test_loss: 0.0105009 
train_loss: 0.010005 
test_loss: 0.00998387 
train_loss: 0.00941639 
test_loss: 0.00956197 
train_loss: 0.0092592 
test_loss: 0.00918696 
train_loss: 0.0087925 
test_loss: 0.00879106 
train_loss: 0.00839806 
test_loss: 0.00853268 
train_loss: 0.00813817 
test_loss: 0.00813878 
train_loss: 0.00791369 
test_loss: 0.00793552 
train_loss: 0.00759518 
test_loss: 0.00773879 
train_loss: 0.00735932 
test_loss: 0.00747074 
train_loss: 0.00718771 
test_loss: 0.00722908 
train_loss: 0.00699285 
test_loss: 0.00708531 
train_loss: 0.00694555 
test_loss: 0.00690838 
train_loss: 0.00669853 
test_loss: 0.00670395 
train_loss: 0.00659132 
test_loss: 0.00662683 
train_loss: 0.00648001 
test_loss: 0.0065692 
train_loss: 0.00629501 
test_loss: 0.00626928 
train_loss: 0.00621227 
test_loss: 0.00621127 
train_loss: 0.00590256 
test_loss: 0.00602725 
train_loss: 0.00572815 
test_loss: 0.00590981 
train_loss: 0.00588547 
test_loss: 0.00586134 
train_loss: 0.00574611 
test_loss: 0.00571647 
train_loss: 0.00551738 
test_loss: 0.00557547 
train_loss: 0.00549305 
test_loss: 0.00558361 
train_loss: 0.00551717 
test_loss: 0.00560638 
train_loss: 0.00542111 
test_loss: 0.00537655 
train_loss: 0.00528056 
test_loss: 0.00545078 
train_loss: 0.00514589 
test_loss: 0.00510986 
train_loss: 0.0052232 
test_loss: 0.00518697 
train_loss: 0.0050663 
test_loss: 0.00507305 
train_loss: 0.00493925 
test_loss: 0.00505494 
train_loss: 0.00492676 
test_loss: 0.00494258 
train_loss: 0.00486603 
test_loss: 0.00487284 
train_loss: 0.00489868 
test_loss: 0.00470076 
train_loss: 0.00466753 
test_loss: 0.0046558 
train_loss: 0.0048371 
test_loss: 0.00481032 
train_loss: 0.00460746 
test_loss: 0.00458789 
train_loss: 0.00450867 
test_loss: 0.00459502 
train_loss: 0.00443537 
test_loss: 0.00454751 
train_loss: 0.00441768 
test_loss: 0.00443828 
train_loss: 0.00437865 
test_loss: 0.00440131 
train_loss: 0.00443392 
test_loss: 0.00431944 
train_loss: 0.00430938 
test_loss: 0.00438984 
train_loss: 0.00425656 
test_loss: 0.00433641 
train_loss: 0.00458722 
test_loss: 0.00467659 
train_loss: 0.00444488 
test_loss: 0.00429676 
train_loss: 0.00431167 
test_loss: 0.00435302 
train_loss: 0.00410851 
test_loss: 0.00415036 
train_loss: 0.00423434 
test_loss: 0.00407751 
train_loss: 0.00415811 
test_loss: 0.00405288 
train_loss: 0.00388138 
test_loss: 0.00400246 
train_loss: 0.00396745 
test_loss: 0.00392177 
train_loss: 0.00394575 
test_loss: 0.00401066 
train_loss: 0.00403253 
test_loss: 0.00400407 
train_loss: 0.00388764 
test_loss: 0.00391024 
train_loss: 0.00390146 
test_loss: 0.00393453 
train_loss: 0.00406618 
test_loss: 0.00391604 
train_loss: 0.00362851 
test_loss: 0.00388995 
train_loss: 0.00373475 
test_loss: 0.00375907 
train_loss: 0.00378204 
test_loss: 0.00391662 
train_loss: 0.00396873 
test_loss: 0.00406972 
train_loss: 0.00351625 
test_loss: 0.00365579 
train_loss: 0.00386076 
test_loss: 0.00383566 
train_loss: 0.0039294 
test_loss: 0.00372789 
train_loss: 0.00353759 
test_loss: 0.00353612 
train_loss: 0.00353384 
test_loss: 0.003574 
train_loss: 0.00344416 
test_loss: 0.00346987 
train_loss: 0.00358843 
test_loss: 0.0035891 
train_loss: 0.00334521 
test_loss: 0.00356984 
train_loss: 0.00341969 
test_loss: 0.00341666 
train_loss: 0.00347676 
test_loss: 0.00340811 
train_loss: 0.00342024 
test_loss: 0.0033817 
train_loss: 0.00347076 
test_loss: 0.00337129 
train_loss: 0.0034954 
test_loss: 0.00361955 
train_loss: 0.0036353 
test_loss: 0.0034543 
train_loss: 0.0034854 
test_loss: 0.00326659 
train_loss: 0.00342957 
test_loss: 0.00332352 
train_loss: 0.00348562 
test_loss: 0.00332814 
train_loss: 0.00323634 
test_loss: 0.0033184 
train_loss: 0.00349092 
test_loss: 0.00335702 
train_loss: 0.00316809 
test_loss: 0.00336527 
train_loss: 0.00337217 
test_loss: 0.00337694 
train_loss: 0.00313155 
test_loss: 0.00322511 
train_loss: 0.00307438 
test_loss: 0.00307449 
train_loss: 0.00313958 
test_loss: 0.00312792 
train_loss: 0.00307645 
test_loss: 0.00312337 
train_loss: 0.00321093 
test_loss: 0.00314522 
train_loss: 0.00313443 
test_loss: 0.00309627 
train_loss: 0.00332723 
test_loss: 0.00328412 
train_loss: 0.00342166 
test_loss: 0.00351001 
train_loss: 0.00331148 
test_loss: 0.00341992 
train_loss: 0.00320837 
test_loss: 0.00318557 
train_loss: 0.00354541 
test_loss: 0.0032707 
