train_loss: 0.361977 
test_loss: 0.376547 
train_loss: 0.364578 
test_loss: 0.36734 
train_loss: 0.362681 
test_loss: 0.353811 
train_loss: 0.341527 
test_loss: 0.335362 
train_loss: 0.304575 
test_loss: 0.310702 
train_loss: 0.290417 
test_loss: 0.276191 
train_loss: 0.200388 
test_loss: 0.194118 
train_loss: 0.117272 
test_loss: 0.119923 
train_loss: 0.0945282 
test_loss: 0.100876 
train_loss: 0.0955531 
test_loss: 0.0930696 
train_loss: 0.0865217 
test_loss: 0.0876057 
train_loss: 0.0837206 
test_loss: 0.07977 
train_loss: 0.0657729 
test_loss: 0.0651925 
train_loss: 0.0484342 
test_loss: 0.0489334 
train_loss: 0.0352563 
test_loss: 0.0371325 
train_loss: 0.0313644 
test_loss: 0.0312288 
train_loss: 0.0271091 
test_loss: 0.0279731 
train_loss: 0.0236923 
test_loss: 0.0236672 
train_loss: 0.0220426 
test_loss: 0.0211784 
train_loss: 0.018904 
test_loss: 0.0200109 
train_loss: 0.0168936 
test_loss: 0.0159424 
train_loss: 0.0135113 
test_loss: 0.0142033 
train_loss: 0.0132277 
test_loss: 0.0135255 
train_loss: 0.0130629 
test_loss: 0.0126887 
train_loss: 0.0146577 
test_loss: 0.0140483 
train_loss: 0.0132753 
test_loss: 0.0130083 
train_loss: 0.0137537 
test_loss: 0.01294 
train_loss: 0.013268 
test_loss: 0.013032 
train_loss: 0.0136284 
test_loss: 0.0136301 
train_loss: 0.0136636 
test_loss: 0.0133302 
train_loss: 0.0126656 
test_loss: 0.0135219 
train_loss: 0.0133718 
test_loss: 0.0131495 
train_loss: 0.0136094 
test_loss: 0.0140293 
train_loss: 0.0149474 
test_loss: 0.0134941 
train_loss: 0.0132053 
test_loss: 0.0138501 
train_loss: 0.0132703 
test_loss: 0.0130577 
train_loss: 0.0141302 
test_loss: 0.0134456 
train_loss: 0.0154952 
test_loss: 0.0140986 
train_loss: 0.0122995 
test_loss: 0.012749 
train_loss: 0.0124394 
test_loss: 0.0128459 
train_loss: 0.0127015 
test_loss: 0.0133578 
train_loss: 0.0123165 
test_loss: 0.0124066 
train_loss: 0.011291 
test_loss: 0.0110661 
train_loss: 0.0123629 
test_loss: 0.0114947 
train_loss: 0.011252 
test_loss: 0.0117755 
train_loss: 0.0121958 
test_loss: 0.0119937 
train_loss: 0.0101728 
test_loss: 0.0105474 
train_loss: 0.0108877 
test_loss: 0.0113371 
train_loss: 0.0106735 
test_loss: 0.0105722 
train_loss: 0.0106281 
test_loss: 0.010182 
train_loss: 0.00997778 
test_loss: 0.0106964 
train_loss: 0.00886853 
test_loss: 0.00948417 
train_loss: 0.00997709 
test_loss: 0.0100605 
train_loss: 0.00960039 
test_loss: 0.00967078 
train_loss: 0.00876391 
test_loss: 0.00868378 
train_loss: 0.00933178 
test_loss: 0.0096289 
train_loss: 0.00900242 
test_loss: 0.00890834 
train_loss: 0.00874136 
test_loss: 0.0085608 
train_loss: 0.00892443 
test_loss: 0.00854625 
train_loss: 0.00760918 
test_loss: 0.00788494 
train_loss: 0.00818954 
test_loss: 0.00756492 
train_loss: 0.00798088 
test_loss: 0.00790645 
train_loss: 0.00799775 
test_loss: 0.00787693 
train_loss: 0.00786266 
test_loss: 0.00759581 
train_loss: 0.0081714 
test_loss: 0.00793601 
train_loss: 0.00723452 
test_loss: 0.00725655 
train_loss: 0.00741849 
test_loss: 0.00711959 
train_loss: 0.00739479 
test_loss: 0.0072512 
train_loss: 0.00662284 
test_loss: 0.00658427 
train_loss: 0.00646104 
test_loss: 0.00683444 
train_loss: 0.00659328 
test_loss: 0.0066801 
train_loss: 0.00636835 
test_loss: 0.00732834 
train_loss: 0.00693935 
test_loss: 0.00669962 
train_loss: 0.00735903 
test_loss: 0.00680706 
train_loss: 0.00621012 
test_loss: 0.00674286 
train_loss: 0.00686142 
test_loss: 0.00669286 
train_loss: 0.00629291 
test_loss: 0.00653492 
train_loss: 0.00621789 
test_loss: 0.00609458 
train_loss: 0.00872095 
test_loss: 0.00671237 
train_loss: 0.00532534 
test_loss: 0.0060164 
train_loss: 0.00656852 
test_loss: 0.00676947 
