train_loss: 0.051744 
test_loss: 0.051671 
train_loss: 0.038316 
test_loss: 0.038159 
train_loss: 0.020547 
test_loss: 0.020333 
train_loss: 0.011786 
test_loss: 0.012156 
train_loss: 0.008713 
test_loss: 0.008608 
train_loss: 0.007182 
test_loss: 0.008002 
train_loss: 0.006683 
test_loss: 0.007035 
train_loss: 0.007501 
test_loss: 0.006710 
train_loss: 0.005646 
test_loss: 0.006626 
train_loss: 0.005969 
test_loss: 0.005860 
train_loss: 0.006283 
test_loss: 0.006141 
train_loss: 0.005423 
test_loss: 0.005645 
train_loss: 0.005335 
test_loss: 0.004732 
train_loss: 0.004742 
test_loss: 0.004923 
train_loss: 0.005403 
test_loss: 0.004698 
train_loss: 0.004594 
test_loss: 0.004965 
train_loss: 0.005353 
test_loss: 0.004501 
train_loss: 0.004342 
test_loss: 0.004010 
train_loss: 0.004378 
test_loss: 0.004482 
train_loss: 0.004766 
test_loss: 0.004582 
train_loss: 0.003733 
test_loss: 0.003844 
train_loss: 0.004051 
test_loss: 0.003600 
train_loss: 0.004481 
test_loss: 0.003714 
train_loss: 0.003684 
test_loss: 0.003479 
train_loss: 0.003575 
test_loss: 0.003403 
train_loss: 0.004270 
test_loss: 0.004148 
train_loss: 0.004276 
test_loss: 0.004240 
train_loss: 0.003947 
test_loss: 0.004154 
train_loss: 0.003980 
test_loss: 0.004017 
train_loss: 0.004317 
test_loss: 0.004239 
train_loss: 0.003623 
test_loss: 0.003710 
train_loss: 0.003231 
test_loss: 0.004504 
train_loss: 0.003564 
test_loss: 0.004156 
train_loss: 0.004955 
test_loss: 0.003639 
train_loss: 0.003640 
test_loss: 0.003251 
train_loss: 0.004095 
test_loss: 0.003296 
train_loss: 0.003416 
test_loss: 0.003293 
train_loss: 0.003550 
test_loss: 0.003546 
train_loss: 0.004749 
test_loss: 0.003594 
train_loss: 0.004398 
test_loss: 0.003534 
train_loss: 0.003306 
test_loss: 0.004193 
