train_loss: 0.325595 
test_loss: 0.350689 
train_loss: 0.196101 
test_loss: 0.189519 
train_loss: 0.147728 
test_loss: 0.140727 
train_loss: 0.1145 
test_loss: 0.117399 
train_loss: 0.0940631 
test_loss: 0.0884469 
train_loss: 0.068333 
test_loss: 0.0656632 
train_loss: 0.0497355 
test_loss: 0.0523723 
train_loss: 0.0411664 
test_loss: 0.0441774 
train_loss: 0.0384241 
test_loss: 0.0381401 
train_loss: 0.0304633 
test_loss: 0.0323289 
train_loss: 0.0309632 
test_loss: 0.0290469 
train_loss: 0.027475 
test_loss: 0.026554 
train_loss: 0.0271185 
test_loss: 0.0249481 
train_loss: 0.0232228 
test_loss: 0.026213 
train_loss: 0.0199423 
test_loss: 0.0217294 
train_loss: 0.0193736 
test_loss: 0.0223316 
train_loss: 0.0219113 
test_loss: 0.0204056 
train_loss: 0.0220549 
test_loss: 0.0222999 
train_loss: 0.0206517 
test_loss: 0.0214467 
train_loss: 0.0212604 
test_loss: 0.0208633 
train_loss: 0.0204854 
test_loss: 0.020675 
train_loss: 0.0214525 
test_loss: 0.0217491 
train_loss: 0.027623 
test_loss: 0.021994 
train_loss: 0.0187681 
test_loss: 0.019431 
train_loss: 0.0186649 
test_loss: 0.0208105 
train_loss: 0.0228824 
test_loss: 0.0215551 
train_loss: 0.0208884 
test_loss: 0.0214132 
train_loss: 0.0181818 
test_loss: 0.021145 
train_loss: 0.0193116 
test_loss: 0.0199676 
train_loss: 0.0183142 
test_loss: 0.0207475 
train_loss: 0.0210332 
test_loss: 0.0205543 
train_loss: 0.0202013 
test_loss: 0.0199999 
train_loss: 0.0183317 
test_loss: 0.0187358 
train_loss: 0.0193786 
test_loss: 0.0170298 
train_loss: 0.0166827 
test_loss: 0.0178108 
train_loss: 0.0157181 
test_loss: 0.0167032 
train_loss: 0.0186193 
test_loss: 0.0183199 
train_loss: 0.0173134 
test_loss: 0.0163048 
train_loss: 0.0159811 
test_loss: 0.0174198 
train_loss: 0.0158716 
test_loss: 0.0170453 
train_loss: 0.0176095 
test_loss: 0.0174129 
train_loss: 0.0147053 
test_loss: 0.0162762 
train_loss: 0.0170663 
test_loss: 0.015759 
train_loss: 0.0174438 
test_loss: 0.0142015 
train_loss: 0.0166263 
test_loss: 0.0159938 
train_loss: 0.0132599 
test_loss: 0.013976 
train_loss: 0.0136863 
test_loss: 0.013984 
train_loss: 0.0139482 
test_loss: 0.0140589 
train_loss: 0.0146057 
test_loss: 0.0151137 
train_loss: 0.0136167 
test_loss: 0.0130954 
train_loss: 0.0128201 
test_loss: 0.0132197 
train_loss: 0.0153152 
test_loss: 0.0141414 
train_loss: 0.0241282 
test_loss: 0.0122109 
train_loss: 0.0121539 
test_loss: 0.012606 
train_loss: 0.0120179 
test_loss: 0.011992 
train_loss: 0.0120341 
test_loss: 0.0126639 
train_loss: 0.0116928 
test_loss: 0.0123631 
train_loss: 0.0115547 
test_loss: 0.0118057 
train_loss: 0.0116924 
test_loss: 0.0119069 
train_loss: 0.0110402 
test_loss: 0.0111157 
train_loss: 0.0109547 
test_loss: 0.0108821 
train_loss: 0.0107809 
test_loss: 0.0113564 
train_loss: 0.0123897 
test_loss: 0.0119582 
train_loss: 0.0107243 
test_loss: 0.0117764 
train_loss: 0.0104316 
test_loss: 0.011767 
train_loss: 0.0107896 
test_loss: 0.0107119 
train_loss: 0.0103921 
test_loss: 0.0106008 
train_loss: 0.0111412 
test_loss: 0.0104845 
train_loss: 0.0102685 
test_loss: 0.0105663 
train_loss: 0.011115 
test_loss: 0.010546 
train_loss: 0.00930131 
test_loss: 0.0106761 
train_loss: 0.0104637 
test_loss: 0.0106145 
train_loss: 0.0100133 
test_loss: 0.0097146 
train_loss: 0.00963636 
test_loss: 0.009729 
train_loss: 0.00937988 
test_loss: 0.0102053 
train_loss: 0.00936561 
test_loss: 0.0101834 
train_loss: 0.00973144 
test_loss: 0.0101454 
train_loss: 0.0102609 
test_loss: 0.00967146 
train_loss: 0.00870726 
test_loss: 0.00908238 
train_loss: 0.00948758 
test_loss: 0.00942858 
train_loss: 0.0113245 
test_loss: 0.00967213 
train_loss: 0.00938473 
test_loss: 0.00938234 
train_loss: 0.00958691 
test_loss: 0.00916046 
train_loss: 0.00973061 
test_loss: 0.00999054 
train_loss: 0.0104556 
test_loss: 0.0100172 
train_loss: 0.0100471 
test_loss: 0.00995046 
train_loss: 0.00778381 
test_loss: 0.00863461 
train_loss: 0.00874415 
test_loss: 0.00952789 
train_loss: 0.00809085 
test_loss: 0.00891783 
train_loss: 0.00893288 
test_loss: 0.00961792 
train_loss: 0.00831737 
test_loss: 0.00920998 
train_loss: 0.00814755 
test_loss: 0.00881403 
train_loss: 0.00881269 
test_loss: 0.00914372 
train_loss: 0.00815253 
test_loss: 0.00855307 
train_loss: 0.00880784 
test_loss: 0.00874974 
train_loss: 0.0074658 
test_loss: 0.0082594 
train_loss: 0.00944797 
test_loss: 0.00930395 
train_loss: 0.00858178 
test_loss: 0.0087266 
train_loss: 0.00891195 
test_loss: 0.00847036 
train_loss: 0.00813121 
test_loss: 0.00807295 
train_loss: 0.00837333 
test_loss: 0.00841639 
train_loss: 0.00737 
test_loss: 0.00791803 
train_loss: 0.00848589 
test_loss: 0.00807386 
train_loss: 0.00793449 
test_loss: 0.00845063 
train_loss: 0.0079708 
test_loss: 0.00797577 
train_loss: 0.00835902 
test_loss: 0.00795757 
train_loss: 0.00778439 
test_loss: 0.00823795 
train_loss: 0.00748232 
test_loss: 0.0078726 
train_loss: 0.00733036 
test_loss: 0.00796013 
train_loss: 0.00818952 
test_loss: 0.00767574 
train_loss: 0.008799 
test_loss: 0.00801205 
train_loss: 0.00767299 
test_loss: 0.00803527 
train_loss: 0.0072347 
test_loss: 0.00803342 
train_loss: 0.00707986 
test_loss: 0.00753489 
train_loss: 0.00674434 
test_loss: 0.00781195 
train_loss: 0.00634335 
test_loss: 0.00760355 
train_loss: 0.00682414 
test_loss: 0.00785223 
train_loss: 0.00793797 
test_loss: 0.00810407 
train_loss: 0.00819603 
test_loss: 0.00765897 
train_loss: 0.00719618 
test_loss: 0.00775966 
train_loss: 0.00687946 
test_loss: 0.00743323 
train_loss: 0.00779735 
test_loss: 0.00806214 
train_loss: 0.00803748 
test_loss: 0.00748515 
train_loss: 0.00692082 
test_loss: 0.00756784 
train_loss: 0.00737662 
test_loss: 0.00746522 
train_loss: 0.00721943 
test_loss: 0.00762263 
train_loss: 0.00716815 
test_loss: 0.00763276 
train_loss: 0.00631016 
test_loss: 0.00704309 
train_loss: 0.00902434 
test_loss: 0.00797084 
train_loss: 0.0076479 
test_loss: 0.00760132 
train_loss: 0.00792108 
test_loss: 0.00774382 
