train_loss: 2.00155 
test_loss: 2.01992 
train_loss: 1.99939 
test_loss: 2.01503 
train_loss: 2.03857 
test_loss: 1.98247 
train_loss: 1.86213 
test_loss: 1.91784 
train_loss: 1.81529 
test_loss: 1.8069 
train_loss: 1.64394 
test_loss: 1.69831 
train_loss: 1.68948 
test_loss: 1.63582 
train_loss: 1.55078 
test_loss: 1.60418 
train_loss: 1.57559 
test_loss: 1.58733 
train_loss: 1.60098 
test_loss: 1.57685 
train_loss: 1.59968 
test_loss: 1.56872 
train_loss: 1.6534 
test_loss: 1.56114 
train_loss: 1.51331 
test_loss: 1.55346 
train_loss: 1.50148 
test_loss: 1.5454 
train_loss: 1.60344 
test_loss: 1.53655 
train_loss: 1.54595 
test_loss: 1.52689 
train_loss: 1.49959 
test_loss: 1.51614 
train_loss: 1.64487 
test_loss: 1.50353 
train_loss: 1.54643 
test_loss: 1.48904 
train_loss: 1.46636 
test_loss: 1.47242 
train_loss: 1.49556 
test_loss: 1.45394 
train_loss: 1.42535 
test_loss: 1.43399 
train_loss: 1.45903 
test_loss: 1.415 
train_loss: 1.39168 
test_loss: 1.3975 
train_loss: 1.35683 
test_loss: 1.38204 
train_loss: 1.414 
test_loss: 1.36872 
train_loss: 1.38991 
test_loss: 1.35695 
train_loss: 1.31371 
test_loss: 1.34651 
train_loss: 1.28744 
test_loss: 1.33653 
train_loss: 1.31373 
test_loss: 1.32686 
train_loss: 1.35015 
test_loss: 1.31731 
train_loss: 1.34993 
test_loss: 1.30801 
train_loss: 1.24551 
test_loss: 1.29836 
train_loss: 1.28078 
test_loss: 1.28876 
train_loss: 1.28898 
test_loss: 1.27898 
train_loss: 1.3038 
test_loss: 1.26893 
train_loss: 1.28457 
test_loss: 1.25872 
train_loss: 1.23245 
test_loss: 1.24862 
train_loss: 1.19526 
test_loss: 1.23806 
train_loss: 1.23088 
test_loss: 1.2275 
train_loss: 1.26347 
test_loss: 1.21695 
train_loss: 1.21088 
test_loss: 1.20588 
train_loss: 1.20026 
test_loss: 1.19502 
train_loss: 1.20121 
test_loss: 1.18392 
train_loss: 1.14943 
test_loss: 1.17273 
train_loss: 1.14554 
test_loss: 1.1614 
train_loss: 1.12604 
test_loss: 1.14998 
train_loss: 1.12717 
test_loss: 1.13837 
train_loss: 1.10741 
test_loss: 1.12678 
train_loss: 1.12068 
test_loss: 1.11464 
train_loss: 1.08647 
test_loss: 1.10263 
train_loss: 1.11222 
test_loss: 1.09031 
train_loss: 1.02785 
test_loss: 1.07775 
train_loss: 1.07821 
test_loss: 1.06495 
train_loss: 1.05918 
test_loss: 1.05166 
train_loss: 1.01132 
test_loss: 1.03813 
train_loss: 0.999681 
test_loss: 1.02419 
train_loss: 1.02364 
test_loss: 1.00992 
train_loss: 0.954947 
test_loss: 0.995138 
train_loss: 0.988979 
test_loss: 0.980216 
train_loss: 0.958617 
test_loss: 0.964848 
train_loss: 0.969768 
test_loss: 0.94923 
train_loss: 0.938325 
test_loss: 0.933647 
train_loss: 0.91843 
test_loss: 0.917848 
train_loss: 0.910589 
test_loss: 0.902101 
train_loss: 0.890876 
test_loss: 0.886649 
train_loss: 0.831808 
test_loss: 0.871132 
train_loss: 0.864555 
test_loss: 0.856092 
train_loss: 0.858849 
test_loss: 0.841072 
train_loss: 0.838595 
test_loss: 0.826319 
train_loss: 0.804753 
test_loss: 0.811634 
train_loss: 0.804966 
test_loss: 0.797033 
train_loss: 0.789667 
test_loss: 0.782616 
train_loss: 0.762161 
test_loss: 0.767991 
train_loss: 0.734547 
test_loss: 0.753479 
train_loss: 0.746635 
test_loss: 0.738893 
train_loss: 0.728557 
test_loss: 0.724262 
train_loss: 0.688745 
test_loss: 0.709459 
train_loss: 0.66798 
test_loss: 0.694542 
train_loss: 0.675488 
test_loss: 0.67965 
train_loss: 0.650842 
test_loss: 0.664436 
train_loss: 0.62376 
test_loss: 0.649276 
train_loss: 0.634334 
test_loss: 0.63383 
train_loss: 0.612603 
test_loss: 0.61823 
train_loss: 0.604384 
test_loss: 0.602604 
train_loss: 0.585899 
test_loss: 0.586798 
train_loss: 0.571326 
test_loss: 0.570937 
train_loss: 0.571277 
test_loss: 0.555151 
train_loss: 0.544126 
test_loss: 0.539316 
train_loss: 0.533218 
test_loss: 0.523635 
train_loss: 0.512 
test_loss: 0.508095 
train_loss: 0.489128 
test_loss: 0.492894 
train_loss: 0.464643 
test_loss: 0.478214 
train_loss: 0.460275 
test_loss: 0.463927 
train_loss: 0.442751 
test_loss: 0.449908 
train_loss: 0.431753 
test_loss: 0.436086 
train_loss: 0.422245 
test_loss: 0.422551 
train_loss: 0.41195 
test_loss: 0.409247 
train_loss: 0.403495 
test_loss: 0.396251 
train_loss: 0.375778 
test_loss: 0.383541 
train_loss: 0.375711 
test_loss: 0.371193 
train_loss: 0.351026 
test_loss: 0.359198 
train_loss: 0.347862 
test_loss: 0.347601 
train_loss: 0.340103 
test_loss: 0.336371 
train_loss: 0.327404 
test_loss: 0.325521 
train_loss: 0.307023 
test_loss: 0.315049 
train_loss: 0.303383 
test_loss: 0.30499 
train_loss: 0.29783 
test_loss: 0.295243 
train_loss: 0.2742 
test_loss: 0.28588 
train_loss: 0.274821 
test_loss: 0.276838 
train_loss: 0.270745 
test_loss: 0.268158 
train_loss: 0.257103 
test_loss: 0.259747 
train_loss: 0.256137 
test_loss: 0.251614 
train_loss: 0.241697 
test_loss: 0.243775 
train_loss: 0.233771 
test_loss: 0.236218 
train_loss: 0.220977 
test_loss: 0.228921 
train_loss: 0.220437 
test_loss: 0.221848 
train_loss: 0.21427 
test_loss: 0.215015 
train_loss: 0.208873 
test_loss: 0.208425 
train_loss: 0.197865 
test_loss: 0.202044 
train_loss: 0.19695 
test_loss: 0.195896 
train_loss: 0.187291 
test_loss: 0.189946 
train_loss: 0.187779 
test_loss: 0.18421 
train_loss: 0.180501 
test_loss: 0.17866 
train_loss: 0.174659 
test_loss: 0.1733 
train_loss: 0.17096 
test_loss: 0.168142 
train_loss: 0.161734 
test_loss: 0.163143 
train_loss: 0.156816 
test_loss: 0.158337 
train_loss: 0.156055 
test_loss: 0.153695 
train_loss: 0.150377 
test_loss: 0.149242 
train_loss: 0.151558 
test_loss: 0.14494 
train_loss: 0.145067 
test_loss: 0.140796 
train_loss: 0.138798 
test_loss: 0.136814 
train_loss: 0.131831 
test_loss: 0.132975 
train_loss: 0.129538 
test_loss: 0.129299 
train_loss: 0.128637 
test_loss: 0.125766 
train_loss: 0.120233 
test_loss: 0.122371 
train_loss: 0.119972 
test_loss: 0.119123 
train_loss: 0.116881 
test_loss: 0.115992 
train_loss: 0.108764 
test_loss: 0.113014 
train_loss: 0.109066 
test_loss: 0.110155 
train_loss: 0.107564 
test_loss: 0.107411 
train_loss: 0.105365 
test_loss: 0.104813 
train_loss: 0.0985705 
test_loss: 0.102313 
train_loss: 0.101469 
test_loss: 0.0999313 
train_loss: 0.0974914 
test_loss: 0.0976638 
train_loss: 0.0969641 
test_loss: 0.095504 
train_loss: 0.0933044 
test_loss: 0.093451 
train_loss: 0.0932305 
test_loss: 0.0914938 
train_loss: 0.0909069 
test_loss: 0.0896298 
train_loss: 0.0874157 
test_loss: 0.0878618 
train_loss: 0.0866921 
test_loss: 0.0861782 
train_loss: 0.0855156 
test_loss: 0.0845796 
train_loss: 0.0822365 
test_loss: 0.08306 
train_loss: 0.0809104 
test_loss: 0.0816186 
train_loss: 0.0808672 
test_loss: 0.080258 
train_loss: 0.0804877 
test_loss: 0.0789583 
train_loss: 0.0782793 
test_loss: 0.0777208 
train_loss: 0.076315 
test_loss: 0.0765482 
train_loss: 0.075885 
test_loss: 0.0754307 
train_loss: 0.0742013 
test_loss: 0.0743623 
train_loss: 0.0729467 
test_loss: 0.0733501 
train_loss: 0.0716734 
test_loss: 0.0723697 
train_loss: 0.073985 
test_loss: 0.0714423 
train_loss: 0.0702824 
test_loss: 0.0705566 
train_loss: 0.0694335 
test_loss: 0.0697013 
train_loss: 0.0665359 
test_loss: 0.0688946 
train_loss: 0.0670634 
test_loss: 0.0681069 
train_loss: 0.067487 
test_loss: 0.0673534 
train_loss: 0.0688257 
test_loss: 0.0666308 
train_loss: 0.0642223 
test_loss: 0.0659234 
train_loss: 0.0661229 
test_loss: 0.0652462 
train_loss: 0.0651457 
test_loss: 0.064599 
train_loss: 0.0631738 
test_loss: 0.063957 
train_loss: 0.0637421 
test_loss: 0.063343 
train_loss: 0.0632839 
test_loss: 0.0627403 
train_loss: 0.0622885 
test_loss: 0.0621492 
train_loss: 0.0619458 
test_loss: 0.0615817 
train_loss: 0.0618723 
test_loss: 0.061027 
train_loss: 0.059773 
test_loss: 0.0604725 
train_loss: 0.0602659 
test_loss: 0.0599435 
train_loss: 0.0576022 
test_loss: 0.0594279 
train_loss: 0.0591003 
test_loss: 0.058898 
train_loss: 0.0575339 
test_loss: 0.0583967 
train_loss: 0.0585689 
test_loss: 0.0578943 
train_loss: 0.0573337 
test_loss: 0.0573969 
train_loss: 0.0557615 
test_loss: 0.0569035 
train_loss: 0.0579653 
test_loss: 0.056425 
train_loss: 0.0570359 
test_loss: 0.0559366 
train_loss: 0.0548572 
test_loss: 0.0554496 
train_loss: 0.0568621 
test_loss: 0.0549825 
train_loss: 0.0544217 
test_loss: 0.0544965 
train_loss: 0.0537075 
test_loss: 0.054022 
train_loss: 0.0542623 
test_loss: 0.0535435 
train_loss: 0.0536204 
test_loss: 0.0530588 
train_loss: 0.0543131 
test_loss: 0.0525813 
train_loss: 0.0516869 
test_loss: 0.0520818 
train_loss: 0.0524773 
test_loss: 0.0515934 
train_loss: 0.0515104 
test_loss: 0.0511013 
train_loss: 0.0494426 
test_loss: 0.0505854 
train_loss: 0.051031 
test_loss: 0.0500818 
train_loss: 0.0503153 
test_loss: 0.0495663 
train_loss: 0.0483988 
test_loss: 0.0490389 
train_loss: 0.0487023 
test_loss: 0.0485209 
train_loss: 0.0485461 
test_loss: 0.048001 
train_loss: 0.0470028 
test_loss: 0.047486 
train_loss: 0.0477283 
test_loss: 0.0469633 
train_loss: 0.0453276 
test_loss: 0.04644 
train_loss: 0.0452717 
test_loss: 0.0459273 
train_loss: 0.0453553 
test_loss: 0.0453779 
train_loss: 0.0442997 
test_loss: 0.0448378 
train_loss: 0.0431237 
test_loss: 0.0442724 
train_loss: 0.0450459 
test_loss: 0.0436933 
train_loss: 0.0441569 
test_loss: 0.0430922 
train_loss: 0.0418644 
test_loss: 0.0424656 
train_loss: 0.041766 
test_loss: 0.0418008 
train_loss: 0.0397033 
test_loss: 0.0411066 
train_loss: 0.0407296 
test_loss: 0.0403707 
train_loss: 0.0391923 
test_loss: 0.0395806 
train_loss: 0.0380431 
test_loss: 0.0387428 
train_loss: 0.0384438 
test_loss: 0.0378463 
train_loss: 0.0369372 
test_loss: 0.0368757 
train_loss: 0.0352495 
test_loss: 0.0358223 
train_loss: 0.0352598 
test_loss: 0.0346837 
train_loss: 0.0331905 
test_loss: 0.0334579 
train_loss: 0.0321594 
test_loss: 0.0321405 
train_loss: 0.0307571 
test_loss: 0.0307373 
train_loss: 0.0289184 
test_loss: 0.0292716 
train_loss: 0.0280174 
test_loss: 0.0277716 
train_loss: 0.0261472 
test_loss: 0.0262911 
train_loss: 0.0254247 
test_loss: 0.02487 
train_loss: 0.0232013 
test_loss: 0.0235465 
train_loss: 0.0226743 
test_loss: 0.0223489 
train_loss: 0.0203913 
test_loss: 0.0212802 
train_loss: 0.0202477 
test_loss: 0.0203429 
train_loss: 0.0191437 
test_loss: 0.019511 
train_loss: 0.0183264 
test_loss: 0.0187704 
train_loss: 0.0176869 
test_loss: 0.0180946 
train_loss: 0.0175797 
test_loss: 0.0174852 
train_loss: 0.0167247 
test_loss: 0.0169298 
train_loss: 0.0163434 
test_loss: 0.016417 
train_loss: 0.0157671 
test_loss: 0.0159417 
train_loss: 0.0156904 
test_loss: 0.0154969 
train_loss: 0.0151286 
test_loss: 0.0150804 
train_loss: 0.0147784 
test_loss: 0.0146924 
train_loss: 0.0144026 
test_loss: 0.0143234 
train_loss: 0.0137232 
test_loss: 0.0139794 
train_loss: 0.0135542 
test_loss: 0.01365 
train_loss: 0.0133477 
test_loss: 0.013339 
train_loss: 0.0129208 
test_loss: 0.0130449 
train_loss: 0.0130455 
test_loss: 0.0127612 
train_loss: 0.0122367 
test_loss: 0.0124896 
train_loss: 0.0123725 
test_loss: 0.012235 
train_loss: 0.0118686 
test_loss: 0.011986 
train_loss: 0.0117507 
test_loss: 0.0117518 
train_loss: 0.0115329 
test_loss: 0.0115305 
train_loss: 0.0112969 
test_loss: 0.0112977 
train_loss: 0.0111964 
test_loss: 0.0110905 
train_loss: 0.0107382 
test_loss: 0.0108863 
train_loss: 0.0107098 
test_loss: 0.010695 
train_loss: 0.0101291 
test_loss: 0.0105059 
train_loss: 0.0103586 
test_loss: 0.0103296 
train_loss: 0.0101557 
test_loss: 0.0101521 
train_loss: 0.00998123 
test_loss: 0.00998272 
train_loss: 0.00975839 
test_loss: 0.00982006 
train_loss: 0.00955619 
test_loss: 0.00966487 
train_loss: 0.00947025 
test_loss: 0.00951187 
train_loss: 0.00938596 
test_loss: 0.0093597 
train_loss: 0.00903532 
test_loss: 0.00921731 
train_loss: 0.00900351 
test_loss: 0.00907846 
train_loss: 0.00900755 
test_loss: 0.00893574 
train_loss: 0.00874858 
test_loss: 0.00879777 
train_loss: 0.00867981 
test_loss: 0.00866365 
train_loss: 0.00834815 
test_loss: 0.0085234 
train_loss: 0.00831977 
test_loss: 0.00838756 
train_loss: 0.00830499 
test_loss: 0.0082495 
train_loss: 0.00809087 
test_loss: 0.00810547 
train_loss: 0.00791768 
test_loss: 0.00795866 
train_loss: 0.00786098 
test_loss: 0.00781527 
train_loss: 0.00771702 
test_loss: 0.00765436 
train_loss: 0.00747018 
test_loss: 0.00748976 
train_loss: 0.00739289 
test_loss: 0.00732105 
train_loss: 0.00717651 
test_loss: 0.00715884 
train_loss: 0.00706045 
test_loss: 0.00698867 
train_loss: 0.00680587 
test_loss: 0.00683257 
train_loss: 0.00671771 
test_loss: 0.00668234 
train_loss: 0.00655036 
test_loss: 0.00654309 
train_loss: 0.00625519 
test_loss: 0.00641198 
train_loss: 0.00631363 
test_loss: 0.00629026 
train_loss: 0.00631184 
test_loss: 0.00617568 
train_loss: 0.0060224 
test_loss: 0.00606175 
train_loss: 0.00592567 
test_loss: 0.00594663 
train_loss: 0.00592653 
test_loss: 0.00584011 
train_loss: 0.00558908 
test_loss: 0.00573473 
train_loss: 0.00563897 
test_loss: 0.00562967 
train_loss: 0.00541349 
test_loss: 0.0055296 
train_loss: 0.0054335 
test_loss: 0.00542809 
train_loss: 0.00534404 
test_loss: 0.00533449 
train_loss: 0.00524024 
test_loss: 0.00524089 
train_loss: 0.00506383 
test_loss: 0.00516235 
train_loss: 0.00504893 
test_loss: 0.00506341 
train_loss: 0.00515133 
test_loss: 0.0049765 
train_loss: 0.00485111 
test_loss: 0.00489547 
train_loss: 0.00479368 
test_loss: 0.00480933 
train_loss: 0.00464419 
test_loss: 0.00473554 
train_loss: 0.00460876 
test_loss: 0.00465117 
train_loss: 0.00458366 
test_loss: 0.00458586 
train_loss: 0.00440328 
test_loss: 0.00450551 
train_loss: 0.00434519 
test_loss: 0.00442612 
train_loss: 0.00440282 
test_loss: 0.00436014 
train_loss: 0.00421456 
test_loss: 0.00429284 
train_loss: 0.00415457 
test_loss: 0.00422329 
train_loss: 0.00406253 
test_loss: 0.00415691 
train_loss: 0.00390508 
test_loss: 0.00409494 
train_loss: 0.0040726 
test_loss: 0.00404175 
train_loss: 0.0040196 
test_loss: 0.00397594 
train_loss: 0.00387238 
test_loss: 0.00391832 
train_loss: 0.00376557 
test_loss: 0.00385738 
train_loss: 0.00395536 
test_loss: 0.0038096 
train_loss: 0.00379874 
test_loss: 0.0037563 
train_loss: 0.00366265 
test_loss: 0.00371087 
train_loss: 0.00364529 
test_loss: 0.0036548 
train_loss: 0.00357316 
test_loss: 0.00360088 
train_loss: 0.00342307 
test_loss: 0.00355265 
train_loss: 0.00348914 
test_loss: 0.00349917 
train_loss: 0.00346979 
test_loss: 0.00346378 
train_loss: 0.00344437 
test_loss: 0.00341113 
train_loss: 0.00340813 
test_loss: 0.00337357 
train_loss: 0.00329354 
test_loss: 0.00332796 
train_loss: 0.003255 
test_loss: 0.00330235 
train_loss: 0.00337218 
test_loss: 0.00324795 
train_loss: 0.003096 
test_loss: 0.00320768 
train_loss: 0.0031166 
test_loss: 0.00316811 
train_loss: 0.00302941 
test_loss: 0.00313854 
train_loss: 0.00315557 
test_loss: 0.00309975 
train_loss: 0.00305222 
test_loss: 0.00305988 
train_loss: 0.00299014 
test_loss: 0.00302554 
train_loss: 0.0029184 
test_loss: 0.00299742 
train_loss: 0.00296899 
test_loss: 0.00296761 
train_loss: 0.00292857 
test_loss: 0.00294154 
train_loss: 0.00292428 
test_loss: 0.00289854 
train_loss: 0.00281067 
test_loss: 0.00287364 
train_loss: 0.00279914 
test_loss: 0.00283964 
train_loss: 0.00275068 
test_loss: 0.00281046 
train_loss: 0.00284808 
test_loss: 0.00278093 
train_loss: 0.00275564 
test_loss: 0.0027456 
train_loss: 0.00259288 
test_loss: 0.00273369 
train_loss: 0.00269819 
test_loss: 0.00269023 
train_loss: 0.00274223 
test_loss: 0.00265446 
train_loss: 0.00254731 
test_loss: 0.00263251 
train_loss: 0.00250083 
test_loss: 0.00260361 
train_loss: 0.00256225 
test_loss: 0.00258744 
train_loss: 0.00253239 
test_loss: 0.00255044 
train_loss: 0.00246925 
test_loss: 0.00252177 
train_loss: 0.00247513 
test_loss: 0.00249792 
train_loss: 0.00241935 
test_loss: 0.00246683 
train_loss: 0.00242699 
test_loss: 0.00244427 
train_loss: 0.00241932 
test_loss: 0.00241927 
train_loss: 0.0023612 
test_loss: 0.0023923 
train_loss: 0.00230932 
test_loss: 0.0023643 
train_loss: 0.00228957 
test_loss: 0.00234027 
train_loss: 0.00232063 
test_loss: 0.00231498 
train_loss: 0.00233009 
test_loss: 0.00228997 
train_loss: 0.00224565 
test_loss: 0.0023063 
train_loss: 0.00227941 
test_loss: 0.00225043 
train_loss: 0.00216517 
test_loss: 0.00221365 
train_loss: 0.00214252 
test_loss: 0.00219451 
train_loss: 0.00211542 
test_loss: 0.00217025 
train_loss: 0.00218021 
test_loss: 0.0021475 
train_loss: 0.00207164 
test_loss: 0.00214375 
train_loss: 0.00212907 
test_loss: 0.00210509 
train_loss: 0.00209369 
test_loss: 0.00207509 
train_loss: 0.00205035 
test_loss: 0.00204609 
train_loss: 0.00209105 
test_loss: 0.0020285 
train_loss: 0.0019976 
test_loss: 0.00199768 
train_loss: 0.00190782 
test_loss: 0.00197159 
train_loss: 0.00198404 
test_loss: 0.00196758 
train_loss: 0.00190102 
test_loss: 0.00192215 
train_loss: 0.00190463 
test_loss: 0.0019041 
train_loss: 0.00188605 
test_loss: 0.00189145 
train_loss: 0.00187113 
test_loss: 0.00185072 
train_loss: 0.00187829 
test_loss: 0.00183528 
train_loss: 0.00174415 
test_loss: 0.00179893 
train_loss: 0.00171905 
test_loss: 0.00177758 
train_loss: 0.00174467 
test_loss: 0.00174901 
train_loss: 0.00173793 
test_loss: 0.00172555 
train_loss: 0.00165045 
test_loss: 0.00171421 
train_loss: 0.00173729 
test_loss: 0.00169369 
train_loss: 0.00158645 
test_loss: 0.00164675 
train_loss: 0.0016495 
test_loss: 0.0016281 
train_loss: 0.00161588 
test_loss: 0.00160315 
train_loss: 0.00162129 
test_loss: 0.00157432 
train_loss: 0.00156571 
test_loss: 0.00154908 
train_loss: 0.00153216 
test_loss: 0.0015317 
train_loss: 0.00151734 
test_loss: 0.00149746 
train_loss: 0.00145597 
test_loss: 0.00147028 
train_loss: 0.00141204 
test_loss: 0.00144851 
train_loss: 0.00150296 
test_loss: 0.00149302 
train_loss: 0.00137619 
test_loss: 0.00140605 
train_loss: 0.00138612 
test_loss: 0.00138049 
train_loss: 0.00139172 
test_loss: 0.00138453 
train_loss: 0.00142949 
test_loss: 0.00134222 
train_loss: 0.00133636 
test_loss: 0.00134112 
train_loss: 0.00132944 
test_loss: 0.0013166 
train_loss: 0.00127443 
test_loss: 0.00128748 
train_loss: 0.00124741 
test_loss: 0.00128784 
train_loss: 0.00123492 
test_loss: 0.00125336 
train_loss: 0.00119897 
test_loss: 0.00124421 
train_loss: 0.00124818 
test_loss: 0.00121778 
train_loss: 0.00117313 
test_loss: 0.00121007 
train_loss: 0.00122518 
test_loss: 0.00125602 
train_loss: 0.00114142 
test_loss: 0.00116162 
train_loss: 0.00116544 
test_loss: 0.00118182 
train_loss: 0.00111063 
test_loss: 0.0011478 
train_loss: 0.00112273 
test_loss: 0.0011178 
train_loss: 0.0010911 
test_loss: 0.00112168 
train_loss: 0.00107547 
test_loss: 0.00109569 
train_loss: 0.00112271 
test_loss: 0.00118662 
train_loss: 0.00107991 
test_loss: 0.00106916 
train_loss: 0.00106472 
test_loss: 0.00105826 
train_loss: 0.00106279 
test_loss: 0.00106204 
train_loss: 0.00104957 
test_loss: 0.00102758 
train_loss: 0.00106638 
test_loss: 0.00102808 
train_loss: 0.00102238 
test_loss: 0.00101847 
train_loss: 0.00100834 
test_loss: 0.00101773 
train_loss: 0.00102947 
test_loss: 0.000981514 
train_loss: 0.000981991 
test_loss: 0.000972126 
train_loss: 0.000972756 
test_loss: 0.000969159 
train_loss: 0.000947248 
test_loss: 0.000955932 
train_loss: 0.000950385 
test_loss: 0.000948525 
train_loss: 0.000929828 
test_loss: 0.000935014 
train_loss: 0.000975648 
test_loss: 0.000957758 
train_loss: 0.000899549 
test_loss: 0.000916949 
train_loss: 0.00088822 
test_loss: 0.00088926 
train_loss: 0.000906024 
test_loss: 0.000902112 
train_loss: 0.000900454 
test_loss: 0.000887328 
train_loss: 0.000867761 
test_loss: 0.00085716 
train_loss: 0.000820501 
test_loss: 0.000845899 
train_loss: 0.000809479 
test_loss: 0.00085039 
train_loss: 0.000830957 
test_loss: 0.000840709 
train_loss: 0.000897458 
test_loss: 0.000866476 
train_loss: 0.000834169 
test_loss: 0.000840226 
train_loss: 0.000804413 
test_loss: 0.000831298 
train_loss: 0.000824697 
test_loss: 0.00080143 
train_loss: 0.000810403 
test_loss: 0.000805852 
train_loss: 0.00079046 
test_loss: 0.000789707 
train_loss: 0.000791452 
test_loss: 0.000797681 
train_loss: 0.00077989 
test_loss: 0.000780186 
train_loss: 0.000731898 
test_loss: 0.000768524 
train_loss: 0.00076126 
test_loss: 0.000760136 
train_loss: 0.000761268 
test_loss: 0.000788799 
train_loss: 0.00075557 
test_loss: 0.000745154 
train_loss: 0.000759661 
test_loss: 0.000751706 
train_loss: 0.000792299 
test_loss: 0.000769504 
train_loss: 0.000749453 
test_loss: 0.000750127 
train_loss: 0.000668203 
test_loss: 0.000729834 
train_loss: 0.000716972 
test_loss: 0.00071757 
train_loss: 0.000688457 
test_loss: 0.000703786 
train_loss: 0.000687475 
test_loss: 0.000710387 
train_loss: 0.000679935 
test_loss: 0.000713359 
train_loss: 0.000677862 
test_loss: 0.000694775 
train_loss: 0.000690473 
test_loss: 0.000684585 
train_loss: 0.000647295 
test_loss: 0.000679583 
train_loss: 0.000691595 
test_loss: 0.000720338 
train_loss: 0.000708213 
test_loss: 0.000714468 
train_loss: 0.000694287 
test_loss: 0.000658884 
train_loss: 0.000668193 
test_loss: 0.000648338 
train_loss: 0.000641713 
test_loss: 0.000636879 
train_loss: 0.000628468 
test_loss: 0.000630616 
train_loss: 0.000652521 
test_loss: 0.000635657 
train_loss: 0.000610629 
test_loss: 0.000622811 
train_loss: 0.000606734 
test_loss: 0.000609001 
train_loss: 0.00061628 
test_loss: 0.000606792 
train_loss: 0.000600334 
test_loss: 0.000601757 
train_loss: 0.000609824 
test_loss: 0.000591204 
train_loss: 0.000575829 
test_loss: 0.000590039 
train_loss: 0.000619625 
test_loss: 0.000685855 
train_loss: 0.00065625 
test_loss: 0.000612236 
train_loss: 0.000604081 
test_loss: 0.00058617 
train_loss: 0.000547177 
test_loss: 0.000560972 
train_loss: 0.000544613 
test_loss: 0.000556179 
train_loss: 0.000527663 
test_loss: 0.000544983 
train_loss: 0.000535395 
test_loss: 0.000530319 
train_loss: 0.000533276 
test_loss: 0.000533799 
train_loss: 0.000561201 
test_loss: 0.000535438 
train_loss: 0.000529895 
test_loss: 0.000530329 
train_loss: 0.000527445 
test_loss: 0.000521079 
train_loss: 0.000462865 
test_loss: 0.000486302 
train_loss: 0.000522432 
test_loss: 0.000536586 
train_loss: 0.000490155 
test_loss: 0.00052144 
train_loss: 0.000484699 
test_loss: 0.000523298 
train_loss: 0.000455815 
test_loss: 0.000487044 
train_loss: 0.000446142 
test_loss: 0.000438375 
train_loss: 0.000448197 
test_loss: 0.00045436 
train_loss: 0.000435963 
test_loss: 0.000443871 
train_loss: 0.000421954 
test_loss: 0.00044123 
train_loss: 0.000409898 
test_loss: 0.00039944 
train_loss: 0.000413102 
test_loss: 0.000404577 
train_loss: 0.000406581 
test_loss: 0.000393288 
train_loss: 0.000410777 
test_loss: 0.000377351 
train_loss: 0.000444725 
test_loss: 0.000418388 
train_loss: 0.000413418 
test_loss: 0.000401008 
train_loss: 0.000382904 
test_loss: 0.000383763 
train_loss: 0.00040427 
test_loss: 0.000383988 
train_loss: 0.000376623 
test_loss: 0.000361825 
train_loss: 0.00036944 
test_loss: 0.000366308 
train_loss: 0.000352167 
test_loss: 0.000356911 
train_loss: 0.000375431 
test_loss: 0.000369157 
train_loss: 0.00033321 
test_loss: 0.000352145 
train_loss: 0.000333849 
test_loss: 0.000350558 
train_loss: 0.000369012 
test_loss: 0.000355237 
train_loss: 0.000392249 
test_loss: 0.00038689 
train_loss: 0.000334145 
test_loss: 0.000339852 
train_loss: 0.000409251 
test_loss: 0.000383003 
train_loss: 0.000351384 
test_loss: 0.000337271 
train_loss: 0.000314438 
test_loss: 0.00033369 
train_loss: 0.000350011 
test_loss: 0.000338426 
train_loss: 0.000314395 
test_loss: 0.00032537 
train_loss: 0.000344214 
test_loss: 0.000363006 
train_loss: 0.000377456 
test_loss: 0.000371624 
train_loss: 0.0003255 
test_loss: 0.000327573 
train_loss: 0.000318753 
test_loss: 0.000333634 
train_loss: 0.000303621 
test_loss: 0.000318838 
train_loss: 0.000316043 
test_loss: 0.000334322 
train_loss: 0.000325809 
test_loss: 0.000334133 
train_loss: 0.000323784 
test_loss: 0.000336488 
train_loss: 0.00032084 
test_loss: 0.000333124 
train_loss: 0.000308559 
test_loss: 0.000314659 
train_loss: 0.000314336 
test_loss: 0.000308523 
train_loss: 0.000326142 
test_loss: 0.000313067 
train_loss: 0.000295943 
test_loss: 0.000308713 
train_loss: 0.000296668 
test_loss: 0.000301026 
train_loss: 0.000307418 
test_loss: 0.000301627 
train_loss: 0.00030905 
test_loss: 0.00029909 
train_loss: 0.000297673 
test_loss: 0.000298515 
train_loss: 0.000296637 
test_loss: 0.000320031 
train_loss: 0.000290526 
test_loss: 0.000296906 
train_loss: 0.000300447 
test_loss: 0.000316403 
train_loss: 0.000297858 
test_loss: 0.000285871 
train_loss: 0.000297911 
test_loss: 0.000285675 
train_loss: 0.00028995 
test_loss: 0.000284535 
train_loss: 0.000268744 
test_loss: 0.000279528 
train_loss: 0.000271868 
test_loss: 0.00029541 
train_loss: 0.000276362 
test_loss: 0.000271747 
train_loss: 0.000293831 
test_loss: 0.000293403 
train_loss: 0.000262375 
test_loss: 0.00027335 
train_loss: 0.000274633 
test_loss: 0.000277892 
train_loss: 0.000270869 
test_loss: 0.000294089 
train_loss: 0.000269301 
test_loss: 0.000274128 
train_loss: 0.00026477 
test_loss: 0.000275619 
train_loss: 0.000267579 
test_loss: 0.000270361 
train_loss: 0.000261436 
test_loss: 0.000256085 
train_loss: 0.00024387 
test_loss: 0.000265537 
train_loss: 0.000278461 
test_loss: 0.000273955 
train_loss: 0.000268587 
test_loss: 0.000289181 
train_loss: 0.00026282 
test_loss: 0.00024753 
train_loss: 0.000263157 
test_loss: 0.000262376 
train_loss: 0.000237589 
test_loss: 0.000244977 
train_loss: 0.000245712 
test_loss: 0.000240492 
train_loss: 0.00024063 
test_loss: 0.000265045 
train_loss: 0.000247012 
test_loss: 0.000275877 
