train_loss: 0.470124 
test_loss: 0.462592 
train_loss: 0.465901 
test_loss: 0.461347 
train_loss: 0.456835 
test_loss: 0.461338 
train_loss: 0.458587 
test_loss: 0.461343 
train_loss: 0.46322 
test_loss: 0.461326 
train_loss: 0.459401 
test_loss: 0.461335 
train_loss: 0.456677 
test_loss: 0.461338 
train_loss: 0.464614 
test_loss: 0.461331 
train_loss: 0.462159 
test_loss: 0.461336 
train_loss: 0.459282 
test_loss: 0.461335 
train_loss: 0.466269 
test_loss: 0.461318 
train_loss: 0.456456 
test_loss: 0.46131 
train_loss: 0.454362 
test_loss: 0.461305 
train_loss: 0.468033 
test_loss: 0.461294 
train_loss: 0.458464 
test_loss: 0.461302 
train_loss: 0.461154 
test_loss: 0.461286 
train_loss: 0.463739 
test_loss: 0.461286 
train_loss: 0.463511 
test_loss: 0.461278 
train_loss: 0.455129 
test_loss: 0.461271 
train_loss: 0.460409 
test_loss: 0.461264 
train_loss: 0.464364 
test_loss: 0.461265 
train_loss: 0.460497 
test_loss: 0.461222 
train_loss: 0.469796 
test_loss: 0.461233 
train_loss: 0.463202 
test_loss: 0.461231 
train_loss: 0.461095 
test_loss: 0.461223 
train_loss: 0.465765 
test_loss: 0.461217 
train_loss: 0.457318 
test_loss: 0.461185 
train_loss: 0.460829 
test_loss: 0.461197 
train_loss: 0.459016 
test_loss: 0.461196 
train_loss: 0.465153 
test_loss: 0.46117 
train_loss: 0.468732 
test_loss: 0.461161 
train_loss: 0.467377 
test_loss: 0.461149 
train_loss: 0.463551 
test_loss: 0.461125 
train_loss: 0.464444 
test_loss: 0.461114 
train_loss: 0.46023 
test_loss: 0.461098 
train_loss: 0.463716 
test_loss: 0.461085 
train_loss: 0.462319 
test_loss: 0.461083 
train_loss: 0.467776 
test_loss: 0.461059 
train_loss: 0.459694 
test_loss: 0.461059 
train_loss: 0.463145 
test_loss: 0.461033 
train_loss: 0.461464 
test_loss: 0.461014 
train_loss: 0.456164 
test_loss: 0.461007 
train_loss: 0.464168 
test_loss: 0.460985 
train_loss: 0.461163 
test_loss: 0.460959 
train_loss: 0.466046 
test_loss: 0.460946 
train_loss: 0.461837 
test_loss: 0.460932 
train_loss: 0.45952 
test_loss: 0.46092 
train_loss: 0.460346 
test_loss: 0.460896 
train_loss: 0.463992 
test_loss: 0.460875 
train_loss: 0.459508 
test_loss: 0.460861 
train_loss: 0.459983 
test_loss: 0.460821 
train_loss: 0.463497 
test_loss: 0.460805 
train_loss: 0.463137 
test_loss: 0.460786 
train_loss: 0.464921 
test_loss: 0.460759 
train_loss: 0.463513 
test_loss: 0.460731 
train_loss: 0.463184 
test_loss: 0.46071 
train_loss: 0.458853 
test_loss: 0.46069 
train_loss: 0.461361 
test_loss: 0.460662 
train_loss: 0.459674 
test_loss: 0.460649 
train_loss: 0.460235 
test_loss: 0.46061 
train_loss: 0.459641 
test_loss: 0.460594 
train_loss: 0.463158 
test_loss: 0.460552 
train_loss: 0.465905 
test_loss: 0.460524 
train_loss: 0.461584 
test_loss: 0.460492 
train_loss: 0.463083 
test_loss: 0.460456 
train_loss: 0.465156 
test_loss: 0.460428 
train_loss: 0.455238 
test_loss: 0.460391 
train_loss: 0.461301 
test_loss: 0.460361 
train_loss: 0.460371 
test_loss: 0.460338 
train_loss: 0.463037 
test_loss: 0.460303 
train_loss: 0.46631 
test_loss: 0.460257 
train_loss: 0.461654 
test_loss: 0.460217 
train_loss: 0.454763 
test_loss: 0.460174 
train_loss: 0.458282 
test_loss: 0.460139 
train_loss: 0.455811 
test_loss: 0.460101 
train_loss: 0.454393 
test_loss: 0.460056 
train_loss: 0.460554 
test_loss: 0.460008 
train_loss: 0.456419 
test_loss: 0.459972 
train_loss: 0.462186 
test_loss: 0.459923 
train_loss: 0.465585 
test_loss: 0.459892 
train_loss: 0.458866 
test_loss: 0.459829 
train_loss: 0.460292 
test_loss: 0.459783 
train_loss: 0.457224 
test_loss: 0.459726 
train_loss: 0.455103 
test_loss: 0.459679 
train_loss: 0.461217 
test_loss: 0.459628 
train_loss: 0.459296 
test_loss: 0.459576 
train_loss: 0.465563 
test_loss: 0.459518 
train_loss: 0.464354 
test_loss: 0.459466 
train_loss: 0.457319 
test_loss: 0.459415 
train_loss: 0.460088 
test_loss: 0.459346 
train_loss: 0.465939 
test_loss: 0.459284 
train_loss: 0.460993 
test_loss: 0.459225 
train_loss: 0.457143 
test_loss: 0.459149 
train_loss: 0.453424 
test_loss: 0.459079 
train_loss: 0.459021 
test_loss: 0.459022 
train_loss: 0.458577 
test_loss: 0.458942 
train_loss: 0.460062 
test_loss: 0.458881 
train_loss: 0.459986 
test_loss: 0.458816 
train_loss: 0.457829 
test_loss: 0.45874 
train_loss: 0.459118 
test_loss: 0.458646 
train_loss: 0.458212 
test_loss: 0.458579 
train_loss: 0.457792 
test_loss: 0.458502 
train_loss: 0.459997 
test_loss: 0.45842 
train_loss: 0.468519 
test_loss: 0.458333 
train_loss: 0.459697 
test_loss: 0.458234 
train_loss: 0.458674 
test_loss: 0.45815 
train_loss: 0.454244 
test_loss: 0.458048 
train_loss: 0.46226 
test_loss: 0.457965 
train_loss: 0.451263 
test_loss: 0.457867 
train_loss: 0.459317 
test_loss: 0.45778 
train_loss: 0.454495 
test_loss: 0.457655 
train_loss: 0.462991 
test_loss: 0.457558 
train_loss: 0.465802 
test_loss: 0.457468 
train_loss: 0.458537 
test_loss: 0.457338 
train_loss: 0.462019 
test_loss: 0.457244 
train_loss: 0.459639 
test_loss: 0.45713 
train_loss: 0.456384 
test_loss: 0.457009 
train_loss: 0.454405 
test_loss: 0.456873 
train_loss: 0.459772 
test_loss: 0.456746 
train_loss: 0.456323 
test_loss: 0.456643 
train_loss: 0.460074 
test_loss: 0.456506 
train_loss: 0.456597 
test_loss: 0.456368 
train_loss: 0.460658 
test_loss: 0.456232 
train_loss: 0.461238 
test_loss: 0.45609 
train_loss: 0.456347 
test_loss: 0.455953 
train_loss: 0.458001 
test_loss: 0.455796 
train_loss: 0.453149 
test_loss: 0.455643 
train_loss: 0.457877 
test_loss: 0.455502 
train_loss: 0.45576 
test_loss: 0.455339 
train_loss: 0.453124 
test_loss: 0.455177 
train_loss: 0.454647 
test_loss: 0.455013 
train_loss: 0.456456 
test_loss: 0.454841 
train_loss: 0.451943 
test_loss: 0.454666 
train_loss: 0.451301 
test_loss: 0.454483 
train_loss: 0.454459 
test_loss: 0.454295 
train_loss: 0.456515 
test_loss: 0.454109 
train_loss: 0.453787 
test_loss: 0.453915 
train_loss: 0.452387 
test_loss: 0.453714 
train_loss: 0.454248 
test_loss: 0.453509 
train_loss: 0.459862 
test_loss: 0.453318 
train_loss: 0.448284 
test_loss: 0.453101 
train_loss: 0.455896 
test_loss: 0.452879 
train_loss: 0.453849 
test_loss: 0.452652 
train_loss: 0.454268 
test_loss: 0.452426 
train_loss: 0.457781 
test_loss: 0.452196 
train_loss: 0.449968 
test_loss: 0.451945 
train_loss: 0.455906 
test_loss: 0.451688 
train_loss: 0.454225 
test_loss: 0.451457 
train_loss: 0.452744 
test_loss: 0.451194 
train_loss: 0.454983 
test_loss: 0.450924 
train_loss: 0.457147 
test_loss: 0.450646 
train_loss: 0.451628 
test_loss: 0.450364 
train_loss: 0.450716 
test_loss: 0.450077 
train_loss: 0.454946 
test_loss: 0.449776 
train_loss: 0.448784 
test_loss: 0.44949 
train_loss: 0.452724 
test_loss: 0.449157 
train_loss: 0.45372 
test_loss: 0.448862 
train_loss: 0.448473 
test_loss: 0.44854 
train_loss: 0.4461 
test_loss: 0.448203 
train_loss: 0.449879 
test_loss: 0.447861 
train_loss: 0.449237 
test_loss: 0.447511 
train_loss: 0.446273 
test_loss: 0.447162 
train_loss: 0.450189 
test_loss: 0.446791 
train_loss: 0.44709 
test_loss: 0.446418 
train_loss: 0.45055 
test_loss: 0.446045 
train_loss: 0.444804 
test_loss: 0.445644 
train_loss: 0.447332 
test_loss: 0.445237 
train_loss: 0.445844 
test_loss: 0.444835 
train_loss: 0.445425 
test_loss: 0.444411 
train_loss: 0.450365 
test_loss: 0.443979 
train_loss: 0.446591 
test_loss: 0.443535 
train_loss: 0.446228 
test_loss: 0.44309 
train_loss: 0.448096 
test_loss: 0.442609 
train_loss: 0.441795 
test_loss: 0.442137 
train_loss: 0.435239 
test_loss: 0.441656 
train_loss: 0.437658 
test_loss: 0.441148 
train_loss: 0.440413 
test_loss: 0.440639 
train_loss: 0.438002 
test_loss: 0.440116 
train_loss: 0.433703 
test_loss: 0.439572 
train_loss: 0.43541 
test_loss: 0.439004 
train_loss: 0.443652 
test_loss: 0.438458 
train_loss: 0.437438 
test_loss: 0.437876 
train_loss: 0.437252 
test_loss: 0.437293 
train_loss: 0.437918 
test_loss: 0.436682 
train_loss: 0.436815 
test_loss: 0.436048 
train_loss: 0.43854 
test_loss: 0.435408 
train_loss: 0.43209 
test_loss: 0.434773 
train_loss: 0.437815 
test_loss: 0.434104 
train_loss: 0.439026 
test_loss: 0.43341 
train_loss: 0.432818 
test_loss: 0.43271 
train_loss: 0.435998 
test_loss: 0.432 
train_loss: 0.432425 
test_loss: 0.431261 
train_loss: 0.429662 
test_loss: 0.430511 
train_loss: 0.431437 
test_loss: 0.429733 
train_loss: 0.431724 
test_loss: 0.428952 
train_loss: 0.43425 
test_loss: 0.428123 
train_loss: 0.427362 
test_loss: 0.4273 
train_loss: 0.428323 
test_loss: 0.426458 
train_loss: 0.427262 
test_loss: 0.425589 
train_loss: 0.424003 
test_loss: 0.424702 
train_loss: 0.422394 
test_loss: 0.423778 
train_loss: 0.424678 
test_loss: 0.422848 
train_loss: 0.422898 
test_loss: 0.421892 
train_loss: 0.423744 
test_loss: 0.420902 
train_loss: 0.428108 
test_loss: 0.419921 
train_loss: 0.417535 
test_loss: 0.418869 
train_loss: 0.422175 
test_loss: 0.417822 
train_loss: 0.416162 
test_loss: 0.416735 
train_loss: 0.409492 
test_loss: 0.415636 
train_loss: 0.418387 
test_loss: 0.414501 
train_loss: 0.413263 
test_loss: 0.413337 
train_loss: 0.40881 
test_loss: 0.412151 
train_loss: 0.412409 
test_loss: 0.410938 
train_loss: 0.407669 
test_loss: 0.409664 
train_loss: 0.411484 
test_loss: 0.408396 
train_loss: 0.4036 
test_loss: 0.407089 
train_loss: 0.40684 
test_loss: 0.405733 
train_loss: 0.403633 
test_loss: 0.40436 
train_loss: 0.398992 
test_loss: 0.402949 
train_loss: 0.403002 
test_loss: 0.401499 
train_loss: 0.400634 
test_loss: 0.400013 
train_loss: 0.403752 
test_loss: 0.398483 
train_loss: 0.397943 
test_loss: 0.396932 
train_loss: 0.394313 
test_loss: 0.395322 
train_loss: 0.392261 
test_loss: 0.393695 
train_loss: 0.395879 
test_loss: 0.392015 
train_loss: 0.394867 
test_loss: 0.390288 
train_loss: 0.388479 
test_loss: 0.388523 
train_loss: 0.389976 
test_loss: 0.386732 
train_loss: 0.383592 
test_loss: 0.38487 
train_loss: 0.384929 
test_loss: 0.382985 
train_loss: 0.381674 
test_loss: 0.381032 
train_loss: 0.380018 
test_loss: 0.379054 
train_loss: 0.37365 
test_loss: 0.377015 
train_loss: 0.370602 
test_loss: 0.374925 
train_loss: 0.373961 
test_loss: 0.372798 
train_loss: 0.373744 
test_loss: 0.370605 
train_loss: 0.36931 
test_loss: 0.368375 
train_loss: 0.3645 
test_loss: 0.36607 
train_loss: 0.361687 
test_loss: 0.363752 
train_loss: 0.362011 
test_loss: 0.361351 
train_loss: 0.356118 
test_loss: 0.358902 
train_loss: 0.362117 
test_loss: 0.356419 
train_loss: 0.354113 
test_loss: 0.353865 
train_loss: 0.353349 
test_loss: 0.35126 
train_loss: 0.35014 
test_loss: 0.34861 
train_loss: 0.346786 
test_loss: 0.345887 
train_loss: 0.342305 
test_loss: 0.343116 
train_loss: 0.342539 
test_loss: 0.340305 
train_loss: 0.338312 
test_loss: 0.337419 
train_loss: 0.332489 
test_loss: 0.334464 
train_loss: 0.332447 
test_loss: 0.331449 
train_loss: 0.331236 
test_loss: 0.32838 
train_loss: 0.324932 
test_loss: 0.325251 
train_loss: 0.318826 
test_loss: 0.322027 
train_loss: 0.316868 
test_loss: 0.318763 
train_loss: 0.308323 
test_loss: 0.315408 
train_loss: 0.312267 
test_loss: 0.311991 
train_loss: 0.309853 
test_loss: 0.30851 
train_loss: 0.303701 
test_loss: 0.304945 
train_loss: 0.304477 
test_loss: 0.301318 
train_loss: 0.298321 
test_loss: 0.297598 
train_loss: 0.29324 
test_loss: 0.2938 
train_loss: 0.28739 
test_loss: 0.289947 
train_loss: 0.28586 
test_loss: 0.285986 
train_loss: 0.281945 
test_loss: 0.281945 
train_loss: 0.279102 
test_loss: 0.277813 
train_loss: 0.272794 
test_loss: 0.273617 
train_loss: 0.267296 
test_loss: 0.269344 
train_loss: 0.264457 
test_loss: 0.264992 
train_loss: 0.263793 
test_loss: 0.260566 
train_loss: 0.256374 
test_loss: 0.256064 
train_loss: 0.248449 
test_loss: 0.251484 
train_loss: 0.246909 
test_loss: 0.246826 
train_loss: 0.242304 
test_loss: 0.242083 
train_loss: 0.237288 
test_loss: 0.237243 
train_loss: 0.231939 
test_loss: 0.232325 
train_loss: 0.227264 
test_loss: 0.2273 
train_loss: 0.223263 
test_loss: 0.222167 
train_loss: 0.2172 
test_loss: 0.216964 
train_loss: 0.210106 
test_loss: 0.21169 
train_loss: 0.207528 
test_loss: 0.206362 
train_loss: 0.200081 
test_loss: 0.200993 
train_loss: 0.191683 
test_loss: 0.195598 
train_loss: 0.187863 
test_loss: 0.19019 
train_loss: 0.184168 
test_loss: 0.184801 
train_loss: 0.179467 
test_loss: 0.17944 
train_loss: 0.172701 
test_loss: 0.174103 
train_loss: 0.170531 
test_loss: 0.16881 
train_loss: 0.163079 
test_loss: 0.163526 
train_loss: 0.157765 
test_loss: 0.158286 
train_loss: 0.154087 
test_loss: 0.153064 
train_loss: 0.151091 
test_loss: 0.147828 
train_loss: 0.142852 
test_loss: 0.142587 
train_loss: 0.137321 
test_loss: 0.137353 
train_loss: 0.130298 
test_loss: 0.132093 
train_loss: 0.128002 
test_loss: 0.126844 
train_loss: 0.119503 
test_loss: 0.121559 
train_loss: 0.116212 
test_loss: 0.116307 
train_loss: 0.110642 
test_loss: 0.111084 
train_loss: 0.104806 
test_loss: 0.105905 
train_loss: 0.10056 
test_loss: 0.100829 
train_loss: 0.0936893 
test_loss: 0.0958907 
train_loss: 0.0909142 
test_loss: 0.091144 
train_loss: 0.0862132 
test_loss: 0.0865991 
train_loss: 0.082938 
test_loss: 0.0823886 
train_loss: 0.0780918 
test_loss: 0.0785005 
train_loss: 0.075957 
test_loss: 0.0749797 
train_loss: 0.0712046 
test_loss: 0.0718247 
train_loss: 0.0676152 
test_loss: 0.0690456 
train_loss: 0.0668442 
test_loss: 0.0666123 
train_loss: 0.0650931 
test_loss: 0.0644918 
train_loss: 0.0624796 
test_loss: 0.0627046 
train_loss: 0.0610969 
test_loss: 0.0611214 
train_loss: 0.05993 
test_loss: 0.0598107 
train_loss: 0.0578386 
test_loss: 0.0586801 
train_loss: 0.0567929 
test_loss: 0.0577312 
train_loss: 0.0563244 
test_loss: 0.0569567 
train_loss: 0.0560299 
test_loss: 0.0562955 
train_loss: 0.0551637 
test_loss: 0.0557464 
train_loss: 0.0554784 
test_loss: 0.0552992 
train_loss: 0.0541817 
test_loss: 0.0549205 
train_loss: 0.0544409 
test_loss: 0.0546191 
train_loss: 0.0539324 
test_loss: 0.054368 
train_loss: 0.0537388 
test_loss: 0.0541493 
train_loss: 0.0539771 
test_loss: 0.0539702 
train_loss: 0.0539941 
test_loss: 0.0538316 
train_loss: 0.0541289 
test_loss: 0.0537268 
train_loss: 0.0536489 
test_loss: 0.0536079 
train_loss: 0.0530459 
test_loss: 0.0535246 
train_loss: 0.0534426 
test_loss: 0.0534509 
train_loss: 0.053338 
test_loss: 0.0533721 
train_loss: 0.0530717 
test_loss: 0.0533176 
train_loss: 0.0532835 
test_loss: 0.0532633 
train_loss: 0.0534134 
test_loss: 0.0532219 
train_loss: 0.0525932 
test_loss: 0.0531714 
train_loss: 0.0531984 
test_loss: 0.0531494 
train_loss: 0.0533232 
test_loss: 0.0531071 
train_loss: 0.0526746 
test_loss: 0.0530853 
train_loss: 0.0526618 
test_loss: 0.053066 
train_loss: 0.0531108 
test_loss: 0.0530118 
train_loss: 0.0523571 
test_loss: 0.0529905 
train_loss: 0.0533095 
test_loss: 0.0529612 
train_loss: 0.0526442 
test_loss: 0.0529524 
train_loss: 0.0531828 
test_loss: 0.0529379 
train_loss: 0.0522045 
test_loss: 0.0528905 
train_loss: 0.0521469 
test_loss: 0.0529012 
train_loss: 0.0529101 
test_loss: 0.0528401 
train_loss: 0.0521505 
test_loss: 0.0528346 
train_loss: 0.0527346 
test_loss: 0.0528167 
train_loss: 0.0522085 
test_loss: 0.0527939 
train_loss: 0.0524727 
test_loss: 0.0527736 
train_loss: 0.0521507 
test_loss: 0.0527521 
train_loss: 0.0525251 
test_loss: 0.0527381 
train_loss: 0.0521863 
test_loss: 0.0527202 
train_loss: 0.0524308 
test_loss: 0.0527048 
train_loss: 0.0524625 
test_loss: 0.0526625 
train_loss: 0.0516283 
test_loss: 0.0526416 
train_loss: 0.0530827 
test_loss: 0.0526565 
train_loss: 0.0529812 
test_loss: 0.0526154 
train_loss: 0.0522345 
test_loss: 0.0526052 
train_loss: 0.0519171 
test_loss: 0.0525731 
train_loss: 0.051521 
test_loss: 0.0525519 
train_loss: 0.0530271 
test_loss: 0.0525366 
train_loss: 0.0519566 
test_loss: 0.0525111 
train_loss: 0.05277 
test_loss: 0.0524895 
train_loss: 0.052422 
test_loss: 0.0524866 
train_loss: 0.0522766 
test_loss: 0.0524537 
train_loss: 0.0524535 
test_loss: 0.0524095 
train_loss: 0.0521392 
test_loss: 0.0524048 
train_loss: 0.0520518 
test_loss: 0.0523597 
train_loss: 0.0515689 
test_loss: 0.0523364 
train_loss: 0.0515337 
test_loss: 0.0523191 
train_loss: 0.0508572 
test_loss: 0.0522776 
train_loss: 0.0514358 
test_loss: 0.0522497 
train_loss: 0.0520825 
test_loss: 0.0522227 
train_loss: 0.0524786 
test_loss: 0.0521858 
train_loss: 0.0519017 
test_loss: 0.0521472 
train_loss: 0.051429 
test_loss: 0.0520961 
train_loss: 0.0519079 
test_loss: 0.0520367 
train_loss: 0.0519389 
test_loss: 0.052032 
train_loss: 0.0512614 
test_loss: 0.0519795 
train_loss: 0.0518531 
test_loss: 0.0519506 
train_loss: 0.0515191 
test_loss: 0.0518768 
train_loss: 0.0516354 
test_loss: 0.0518264 
train_loss: 0.0511708 
test_loss: 0.0517553 
train_loss: 0.0516725 
test_loss: 0.0517136 
train_loss: 0.0521841 
test_loss: 0.0516072 
train_loss: 0.05065 
test_loss: 0.0515655 
train_loss: 0.051567 
test_loss: 0.0514605 
train_loss: 0.0508005 
test_loss: 0.05139 
train_loss: 0.0514382 
test_loss: 0.0512831 
train_loss: 0.0512011 
test_loss: 0.0512024 
train_loss: 0.0511969 
test_loss: 0.0510704 
train_loss: 0.0511919 
test_loss: 0.0509722 
train_loss: 0.05009 
test_loss: 0.050849 
train_loss: 0.0505787 
test_loss: 0.0506716 
train_loss: 0.0510322 
test_loss: 0.0504894 
train_loss: 0.0498921 
test_loss: 0.0502959 
train_loss: 0.0499019 
test_loss: 0.0501264 
train_loss: 0.0497781 
test_loss: 0.0499306 
train_loss: 0.0492119 
test_loss: 0.0496957 
train_loss: 0.049142 
test_loss: 0.049452 
train_loss: 0.04956 
test_loss: 0.0491399 
train_loss: 0.0492748 
test_loss: 0.0489123 
train_loss: 0.0485312 
test_loss: 0.0485652 
train_loss: 0.0479564 
test_loss: 0.0482435 
train_loss: 0.0480372 
test_loss: 0.0478917 
train_loss: 0.0474971 
test_loss: 0.0475315 
train_loss: 0.0467222 
test_loss: 0.0471531 
train_loss: 0.0466168 
test_loss: 0.0467317 
train_loss: 0.0466111 
test_loss: 0.0463166 
train_loss: 0.0460053 
test_loss: 0.0458276 
train_loss: 0.0453622 
test_loss: 0.0453406 
train_loss: 0.0449492 
test_loss: 0.0448207 
train_loss: 0.0447875 
test_loss: 0.0443159 
train_loss: 0.0438431 
test_loss: 0.0436896 
train_loss: 0.0426708 
test_loss: 0.0430389 
train_loss: 0.0425066 
test_loss: 0.042335 
train_loss: 0.0411178 
test_loss: 0.0416275 
train_loss: 0.0411836 
test_loss: 0.0408972 
train_loss: 0.0399518 
test_loss: 0.0401026 
train_loss: 0.0396489 
test_loss: 0.0393241 
train_loss: 0.0386842 
test_loss: 0.0385384 
train_loss: 0.0376908 
test_loss: 0.037526 
train_loss: 0.0362145 
test_loss: 0.0365807 
train_loss: 0.0353845 
test_loss: 0.0355417 
train_loss: 0.034869 
test_loss: 0.034423 
train_loss: 0.0327533 
test_loss: 0.033317 
train_loss: 0.0321411 
test_loss: 0.0321347 
train_loss: 0.0315476 
test_loss: 0.0308557 
train_loss: 0.0295891 
test_loss: 0.0294803 
train_loss: 0.0277632 
test_loss: 0.0281653 
train_loss: 0.0267242 
test_loss: 0.0268105 
train_loss: 0.0254703 
test_loss: 0.0254067 
train_loss: 0.023881 
test_loss: 0.0240829 
train_loss: 0.0227448 
test_loss: 0.0228387 
train_loss: 0.021588 
test_loss: 0.0214106 
train_loss: 0.0202831 
test_loss: 0.0201508 
train_loss: 0.018765 
test_loss: 0.0188593 
train_loss: 0.0175045 
test_loss: 0.0177321 
train_loss: 0.0167946 
test_loss: 0.016646 
train_loss: 0.0157422 
test_loss: 0.0156986 
train_loss: 0.0146289 
test_loss: 0.014789 
train_loss: 0.0140129 
test_loss: 0.0139785 
train_loss: 0.0132489 
test_loss: 0.0132437 
train_loss: 0.0125715 
test_loss: 0.0126817 
train_loss: 0.0121646 
test_loss: 0.0121676 
train_loss: 0.0116464 
test_loss: 0.0115879 
train_loss: 0.0111523 
test_loss: 0.0111138 
train_loss: 0.0106643 
test_loss: 0.0107637 
train_loss: 0.010443 
test_loss: 0.0103912 
train_loss: 0.0100288 
test_loss: 0.0100999 
train_loss: 0.00971026 
test_loss: 0.00981539 
train_loss: 0.00950275 
test_loss: 0.00948577 
train_loss: 0.00922338 
test_loss: 0.00928005 
train_loss: 0.0089491 
test_loss: 0.00899782 
train_loss: 0.00857475 
test_loss: 0.00876358 
train_loss: 0.0087083 
test_loss: 0.00860711 
train_loss: 0.00832835 
test_loss: 0.00834559 
train_loss: 0.00805766 
test_loss: 0.00812162 
train_loss: 0.00784506 
test_loss: 0.00790307 
train_loss: 0.00774739 
test_loss: 0.00772874 
train_loss: 0.00761762 
test_loss: 0.00761009 
train_loss: 0.00724019 
test_loss: 0.00741994 
train_loss: 0.00723883 
test_loss: 0.00719167 
train_loss: 0.00698264 
test_loss: 0.00712354 
train_loss: 0.0068129 
test_loss: 0.00681268 
train_loss: 0.00660823 
test_loss: 0.00671419 
train_loss: 0.00656251 
test_loss: 0.00647946 
train_loss: 0.00633887 
test_loss: 0.00626304 
train_loss: 0.00616169 
test_loss: 0.00612581 
train_loss: 0.00605388 
test_loss: 0.00605449 
train_loss: 0.00588588 
test_loss: 0.00587206 
train_loss: 0.00559229 
test_loss: 0.00574119 
train_loss: 0.00540986 
test_loss: 0.0054759 
train_loss: 0.00535654 
test_loss: 0.00535635 
train_loss: 0.00497104 
test_loss: 0.00508002 
train_loss: 0.0049364 
test_loss: 0.00496231 
train_loss: 0.00496051 
test_loss: 0.00494472 
train_loss: 0.00472817 
test_loss: 0.00468461 
train_loss: 0.00446752 
test_loss: 0.00445739 
train_loss: 0.00435667 
test_loss: 0.00441472 
train_loss: 0.00424297 
test_loss: 0.00431625 
train_loss: 0.00420306 
test_loss: 0.00425439 
train_loss: 0.00400526 
test_loss: 0.00404126 
train_loss: 0.00388386 
test_loss: 0.00389502 
train_loss: 0.00386575 
test_loss: 0.00389138 
train_loss: 0.00385403 
test_loss: 0.00375567 
train_loss: 0.00378299 
test_loss: 0.00401036 
train_loss: 0.00358351 
test_loss: 0.00350216 
train_loss: 0.00349142 
test_loss: 0.00341964 
train_loss: 0.00336643 
test_loss: 0.00357229 
train_loss: 0.00345326 
test_loss: 0.00348786 
train_loss: 0.00323566 
test_loss: 0.00338647 
train_loss: 0.00336144 
test_loss: 0.00336931 
train_loss: 0.00324928 
test_loss: 0.00321971 
train_loss: 0.00378018 
test_loss: 0.00351422 
train_loss: 0.00310239 
test_loss: 0.00310286 
train_loss: 0.00342529 
test_loss: 0.00310552 
train_loss: 0.00321047 
test_loss: 0.00312112 
train_loss: 0.00294213 
test_loss: 0.00291274 
train_loss: 0.00302754 
test_loss: 0.0029924 
train_loss: 0.00278352 
test_loss: 0.0028469 
train_loss: 0.00287155 
test_loss: 0.00279507 
train_loss: 0.00277165 
test_loss: 0.0027007 
train_loss: 0.00287441 
test_loss: 0.00295473 
train_loss: 0.00273467 
test_loss: 0.00260592 
train_loss: 0.00310299 
test_loss: 0.00314172 
train_loss: 0.00274585 
test_loss: 0.00265471 
train_loss: 0.0028287 
test_loss: 0.00263141 
train_loss: 0.00289404 
test_loss: 0.00278552 
train_loss: 0.00260578 
test_loss: 0.00274257 
train_loss: 0.00282877 
test_loss: 0.00328209 
train_loss: 0.00259426 
test_loss: 0.00269162 
train_loss: 0.00270936 
test_loss: 0.00248168 
train_loss: 0.0025861 
test_loss: 0.00263002 
train_loss: 0.00277849 
test_loss: 0.00264422 
train_loss: 0.00272335 
test_loss: 0.00271 
train_loss: 0.00248884 
test_loss: 0.00256276 
train_loss: 0.0024694 
test_loss: 0.0023836 
train_loss: 0.00261769 
test_loss: 0.00254714 
train_loss: 0.00265447 
test_loss: 0.00248858 
train_loss: 0.00240877 
test_loss: 0.00239255 
train_loss: 0.00269325 
test_loss: 0.00242561 
train_loss: 0.00263828 
test_loss: 0.00227918 
train_loss: 0.00245421 
test_loss: 0.00257001 
train_loss: 0.00242526 
test_loss: 0.00253718 
train_loss: 0.00217048 
test_loss: 0.00246636 
train_loss: 0.00237171 
test_loss: 0.00216854 
train_loss: 0.00223503 
test_loss: 0.00251164 
