train_loss: 0.050851 
test_loss: 0.050811 
train_loss: 0.031686 
test_loss: 0.031923 
train_loss: 0.021608 
test_loss: 0.021586 
train_loss: 0.018676 
test_loss: 0.018925 
train_loss: 0.018992 
test_loss: 0.017645 
train_loss: 0.017777 
test_loss: 0.017227 
train_loss: 0.017156 
test_loss: 0.017611 
train_loss: 0.016550 
test_loss: 0.016822 
train_loss: 0.016694 
test_loss: 0.015998 
train_loss: 0.015972 
test_loss: 0.015650 
train_loss: 0.015145 
test_loss: 0.015688 
train_loss: 0.014702 
test_loss: 0.015227 
train_loss: 0.013546 
test_loss: 0.014471 
train_loss: 0.014189 
test_loss: 0.014287 
train_loss: 0.013224 
test_loss: 0.013679 
train_loss: 0.012655 
test_loss: 0.012622 
train_loss: 0.012419 
test_loss: 0.011611 
train_loss: 0.012036 
test_loss: 0.012433 
train_loss: 0.010509 
test_loss: 0.010418 
train_loss: 0.009858 
test_loss: 0.010024 
train_loss: 0.011187 
test_loss: 0.010631 
train_loss: 0.009439 
test_loss: 0.009351 
train_loss: 0.009140 
test_loss: 0.009086 
train_loss: 0.008777 
test_loss: 0.008411 
train_loss: 0.008058 
test_loss: 0.008818 
train_loss: 0.008843 
test_loss: 0.008057 
train_loss: 0.008359 
test_loss: 0.007739 
train_loss: 0.007146 
test_loss: 0.007329 
train_loss: 0.008293 
test_loss: 0.007617 
train_loss: 0.007426 
test_loss: 0.007319 
train_loss: 0.006920 
test_loss: 0.007126 
train_loss: 0.006192 
test_loss: 0.006776 
train_loss: 0.006529 
test_loss: 0.007068 
train_loss: 0.006641 
test_loss: 0.006806 
train_loss: 0.006182 
test_loss: 0.006590 
train_loss: 0.006726 
test_loss: 0.006941 
train_loss: 0.007097 
test_loss: 0.006207 
train_loss: 0.006979 
test_loss: 0.006495 
train_loss: 0.005824 
test_loss: 0.005998 
train_loss: 0.006001 
test_loss: 0.006927 
train_loss: 0.006092 
test_loss: 0.005300 
train_loss: 0.005674 
test_loss: 0.005764 
train_loss: 0.006117 
test_loss: 0.006593 
train_loss: 0.005754 
test_loss: 0.006270 
train_loss: 0.005121 
test_loss: 0.006284 
train_loss: 0.005913 
test_loss: 0.006184 
train_loss: 0.005948 
test_loss: 0.006825 
train_loss: 0.005794 
test_loss: 0.006412 
train_loss: 0.006680 
test_loss: 0.006359 
train_loss: 0.006608 
test_loss: 0.006662 
train_loss: 0.004956 
test_loss: 0.006133 
