train_loss: 0.548356 
test_loss: 0.559568 
train_loss: 0.54068 
test_loss: 0.558683 
train_loss: 0.55556 
test_loss: 0.557252 
train_loss: 0.569475 
test_loss: 0.555398 
train_loss: 0.570401 
test_loss: 0.552957 
train_loss: 0.556223 
test_loss: 0.54994 
train_loss: 0.558716 
test_loss: 0.546243 
train_loss: 0.536682 
test_loss: 0.541648 
train_loss: 0.541391 
test_loss: 0.53616 
train_loss: 0.542164 
test_loss: 0.529651 
train_loss: 0.512176 
test_loss: 0.522088 
train_loss: 0.505929 
test_loss: 0.513158 
train_loss: 0.514016 
test_loss: 0.502731 
train_loss: 0.510639 
test_loss: 0.490715 
train_loss: 0.47046 
test_loss: 0.476826 
train_loss: 0.461215 
test_loss: 0.460805 
train_loss: 0.459647 
test_loss: 0.442171 
train_loss: 0.419316 
test_loss: 0.420489 
train_loss: 0.397978 
test_loss: 0.394701 
train_loss: 0.380787 
test_loss: 0.363434 
train_loss: 0.321749 
test_loss: 0.326255 
train_loss: 0.277617 
test_loss: 0.282955 
train_loss: 0.241986 
test_loss: 0.236871 
train_loss: 0.180061 
test_loss: 0.192268 
train_loss: 0.149899 
test_loss: 0.153415 
train_loss: 0.126832 
test_loss: 0.127233 
train_loss: 0.10441 
test_loss: 0.113477 
train_loss: 0.0944297 
test_loss: 0.107279 
train_loss: 0.107636 
test_loss: 0.104892 
train_loss: 0.100587 
test_loss: 0.103965 
train_loss: 0.114426 
test_loss: 0.103735 
train_loss: 0.0912273 
test_loss: 0.103171 
train_loss: 0.114259 
test_loss: 0.102832 
train_loss: 0.103503 
test_loss: 0.102222 
train_loss: 0.0860087 
test_loss: 0.101516 
train_loss: 0.0944219 
test_loss: 0.100427 
train_loss: 0.103892 
test_loss: 0.0989317 
train_loss: 0.0870647 
test_loss: 0.0956542 
train_loss: 0.0845205 
test_loss: 0.0907887 
train_loss: 0.0799489 
test_loss: 0.0842024 
train_loss: 0.0747239 
test_loss: 0.0766252 
train_loss: 0.0771303 
test_loss: 0.0715998 
train_loss: 0.0645576 
test_loss: 0.0687775 
train_loss: 0.0643945 
test_loss: 0.0656976 
train_loss: 0.0602341 
test_loss: 0.0639592 
train_loss: 0.0590323 
test_loss: 0.0628476 
train_loss: 0.0609619 
test_loss: 0.061725 
train_loss: 0.0716921 
test_loss: 0.0612754 
train_loss: 0.0548666 
test_loss: 0.0599579 
train_loss: 0.0558699 
test_loss: 0.058811 
train_loss: 0.0525606 
test_loss: 0.0585911 
train_loss: 0.058641 
test_loss: 0.057806 
train_loss: 0.0639445 
test_loss: 0.058462 
train_loss: 0.0566095 
test_loss: 0.0570322 
train_loss: 0.0602568 
test_loss: 0.056379 
train_loss: 0.0600319 
test_loss: 0.0556757 
train_loss: 0.0493164 
test_loss: 0.0539437 
train_loss: 0.0508433 
test_loss: 0.0506038 
train_loss: 0.0440133 
test_loss: 0.0460275 
train_loss: 0.0382167 
test_loss: 0.0400567 
train_loss: 0.0330733 
test_loss: 0.0328198 
train_loss: 0.0281654 
test_loss: 0.0280871 
train_loss: 0.0271978 
test_loss: 0.0253898 
train_loss: 0.0218493 
test_loss: 0.0242026 
train_loss: 0.0196501 
test_loss: 0.0215749 
train_loss: 0.0242137 
test_loss: 0.0202541 
train_loss: 0.0183978 
test_loss: 0.0194577 
train_loss: 0.0194726 
test_loss: 0.0192593 
train_loss: 0.0172841 
test_loss: 0.0181707 
train_loss: 0.0182276 
test_loss: 0.0180154 
train_loss: 0.0149725 
test_loss: 0.0168624 
train_loss: 0.0153912 
test_loss: 0.0162107 
train_loss: 0.0163457 
test_loss: 0.0162407 
train_loss: 0.0157586 
test_loss: 0.0162971 
train_loss: 0.0158096 
test_loss: 0.0160321 
train_loss: 0.0146955 
test_loss: 0.0151053 
train_loss: 0.0133543 
test_loss: 0.0143952 
train_loss: 0.0154155 
test_loss: 0.0147029 
train_loss: 0.0143669 
test_loss: 0.0153578 
train_loss: 0.0139042 
test_loss: 0.0144324 
train_loss: 0.0149433 
test_loss: 0.0147117 
train_loss: 0.0134562 
test_loss: 0.0139351 
train_loss: 0.0130426 
test_loss: 0.0135328 
train_loss: 0.0142557 
test_loss: 0.0139463 
train_loss: 0.0129668 
test_loss: 0.0134453 
train_loss: 0.0115477 
test_loss: 0.0134879 
train_loss: 0.0109086 
test_loss: 0.0131059 
train_loss: 0.0132343 
test_loss: 0.0133833 
train_loss: 0.0115983 
test_loss: 0.0130115 
train_loss: 0.0121937 
test_loss: 0.0125027 
train_loss: 0.0117679 
test_loss: 0.0125435 
train_loss: 0.0122432 
test_loss: 0.0124376 
train_loss: 0.0135317 
test_loss: 0.0127483 
train_loss: 0.0146063 
test_loss: 0.0121685 
train_loss: 0.0116122 
test_loss: 0.0121802 
train_loss: 0.0129144 
test_loss: 0.0123386 
train_loss: 0.0108685 
test_loss: 0.0111939 
train_loss: 0.00983914 
test_loss: 0.0120481 
train_loss: 0.0107529 
test_loss: 0.0119457 
train_loss: 0.010059 
test_loss: 0.0114848 
train_loss: 0.0111851 
test_loss: 0.011942 
train_loss: 0.0103209 
test_loss: 0.0116013 
train_loss: 0.0100403 
test_loss: 0.0116451 
train_loss: 0.0126185 
test_loss: 0.0114854 
train_loss: 0.0113769 
test_loss: 0.0111098 
train_loss: 0.0106321 
test_loss: 0.0114172 
train_loss: 0.00953867 
test_loss: 0.0109517 
train_loss: 0.0100191 
test_loss: 0.0112665 
train_loss: 0.00990408 
test_loss: 0.011133 
train_loss: 0.0104278 
test_loss: 0.0107063 
train_loss: 0.0117806 
test_loss: 0.0107993 
train_loss: 0.00940191 
test_loss: 0.0108704 
train_loss: 0.010824 
test_loss: 0.010739 
train_loss: 0.0102036 
test_loss: 0.0107444 
train_loss: 0.00936505 
test_loss: 0.010247 
train_loss: 0.00932402 
test_loss: 0.0104505 
train_loss: 0.0111832 
test_loss: 0.0107452 
train_loss: 0.00948164 
test_loss: 0.0103816 
train_loss: 0.00978641 
test_loss: 0.0102702 
train_loss: 0.0106 
test_loss: 0.0106394 
train_loss: 0.0115923 
test_loss: 0.0101744 
train_loss: 0.00840837 
test_loss: 0.00997932 
train_loss: 0.00987183 
test_loss: 0.0101391 
train_loss: 0.00963539 
test_loss: 0.01011 
train_loss: 0.00884804 
test_loss: 0.00983618 
train_loss: 0.00955716 
test_loss: 0.00974684 
train_loss: 0.00909084 
test_loss: 0.00990339 
train_loss: 0.00882417 
test_loss: 0.00965842 
train_loss: 0.00976494 
test_loss: 0.00955735 
train_loss: 0.00903274 
test_loss: 0.00983532 
train_loss: 0.0104455 
test_loss: 0.00961233 
train_loss: 0.00898374 
test_loss: 0.00952452 
train_loss: 0.00850987 
test_loss: 0.00979821 
train_loss: 0.011427 
test_loss: 0.00987009 
train_loss: 0.00805267 
test_loss: 0.00964794 
train_loss: 0.00820743 
test_loss: 0.00941473 
train_loss: 0.00978037 
test_loss: 0.00954159 
train_loss: 0.00910182 
test_loss: 0.00967343 
train_loss: 0.00846572 
test_loss: 0.00969607 
train_loss: 0.0100734 
test_loss: 0.00961608 
train_loss: 0.0108007 
test_loss: 0.00952693 
train_loss: 0.00736608 
test_loss: 0.00911292 
train_loss: 0.0101754 
test_loss: 0.0092771 
train_loss: 0.00871886 
test_loss: 0.0097485 
train_loss: 0.00786073 
test_loss: 0.00923809 
train_loss: 0.00991599 
test_loss: 0.00917333 
train_loss: 0.00994983 
test_loss: 0.00921137 
train_loss: 0.00878944 
test_loss: 0.00900674 
train_loss: 0.00825978 
test_loss: 0.00894429 
train_loss: 0.00874662 
test_loss: 0.00885698 
train_loss: 0.00992674 
test_loss: 0.00905712 
train_loss: 0.00870881 
test_loss: 0.00922813 
train_loss: 0.00766589 
test_loss: 0.00910522 
train_loss: 0.00818175 
test_loss: 0.0088836 
train_loss: 0.00904632 
test_loss: 0.00877372 
train_loss: 0.00795825 
test_loss: 0.0089687 
train_loss: 0.00869473 
test_loss: 0.00874652 
train_loss: 0.00807557 
test_loss: 0.00936026 
train_loss: 0.00840456 
test_loss: 0.00906781 
train_loss: 0.00753679 
test_loss: 0.00845912 
train_loss: 0.00739195 
test_loss: 0.00857359 
train_loss: 0.00859297 
test_loss: 0.00909591 
train_loss: 0.00969804 
test_loss: 0.0097123 
train_loss: 0.00948962 
test_loss: 0.00912941 
train_loss: 0.00794268 
test_loss: 0.00866297 
train_loss: 0.00800629 
test_loss: 0.00850082 
train_loss: 0.00875766 
test_loss: 0.00901584 
train_loss: 0.0102808 
test_loss: 0.00895361 
train_loss: 0.00756427 
test_loss: 0.00848049 
train_loss: 0.00800277 
test_loss: 0.00832855 
train_loss: 0.00999509 
test_loss: 0.00873457 
