train_loss: 0.051672 
test_loss: 0.052112 
train_loss: 0.042899 
test_loss: 0.047085 
train_loss: 0.051320 
test_loss: 0.046047 
train_loss: 0.049363 
test_loss: 0.045444 
train_loss: 0.044347 
test_loss: 0.045177 
train_loss: 0.040732 
test_loss: 0.044143 
train_loss: 0.045002 
test_loss: 0.044665 
train_loss: 0.043193 
test_loss: 0.044594 
train_loss: 0.044708 
test_loss: 0.043594 
train_loss: 0.043103 
test_loss: 0.043516 
train_loss: 0.039873 
test_loss: 0.043395 
train_loss: 0.044165 
test_loss: 0.044271 
train_loss: 0.047380 
test_loss: 0.043439 
train_loss: 0.046102 
test_loss: 0.043627 
train_loss: 0.048170 
test_loss: 0.044038 
train_loss: 0.039805 
test_loss: 0.042806 
train_loss: 0.040228 
test_loss: 0.042659 
train_loss: 0.044542 
test_loss: 0.043253 
train_loss: 0.039218 
test_loss: 0.042784 
train_loss: 0.041543 
test_loss: 0.042666 
train_loss: 0.045833 
test_loss: 0.043978 
