train_loss: 0.102964 
test_loss: 0.104648 
train_loss: 0.099267 
test_loss: 0.097465 
train_loss: 0.086258 
test_loss: 0.084788 
train_loss: 0.079157 
test_loss: 0.074668 
train_loss: 0.067688 
test_loss: 0.068892 
train_loss: 0.063002 
test_loss: 0.065647 
train_loss: 0.068863 
test_loss: 0.063386 
train_loss: 0.057309 
test_loss: 0.062065 
train_loss: 0.060029 
test_loss: 0.060251 
train_loss: 0.055907 
test_loss: 0.058116 
train_loss: 0.054075 
test_loss: 0.056409 
train_loss: 0.052680 
test_loss: 0.053260 
train_loss: 0.048224 
test_loss: 0.051564 
train_loss: 0.051662 
test_loss: 0.048709 
train_loss: 0.052702 
test_loss: 0.046330 
train_loss: 0.044051 
test_loss: 0.044594 
train_loss: 0.041659 
test_loss: 0.042602 
train_loss: 0.043486 
test_loss: 0.041151 
train_loss: 0.042879 
test_loss: 0.039337 
train_loss: 0.040113 
test_loss: 0.038043 
train_loss: 0.034879 
test_loss: 0.037362 
train_loss: 0.035142 
test_loss: 0.036321 
train_loss: 0.035413 
test_loss: 0.035808 
train_loss: 0.032144 
test_loss: 0.034473 
train_loss: 0.030690 
test_loss: 0.033762 
train_loss: 0.032820 
test_loss: 0.034116 
train_loss: 0.031240 
test_loss: 0.032748 
train_loss: 0.028787 
test_loss: 0.031414 
train_loss: 0.030109 
test_loss: 0.031398 
train_loss: 0.028435 
test_loss: 0.031144 
train_loss: 0.033658 
test_loss: 0.031258 
train_loss: 0.030806 
test_loss: 0.030241 
train_loss: 0.031907 
test_loss: 0.030502 
train_loss: 0.027470 
test_loss: 0.030531 
train_loss: 0.027377 
test_loss: 0.029008 
train_loss: 0.027612 
test_loss: 0.029424 
train_loss: 0.025306 
test_loss: 0.028663 
train_loss: 0.027429 
test_loss: 0.028203 
train_loss: 0.026226 
test_loss: 0.028329 
train_loss: 0.026975 
test_loss: 0.028512 
train_loss: 0.027269 
test_loss: 0.028244 
train_loss: 0.026604 
test_loss: 0.028204 
train_loss: 0.027670 
test_loss: 0.027549 
train_loss: 0.023732 
test_loss: 0.027233 
train_loss: 0.024388 
test_loss: 0.026236 
train_loss: 0.022948 
test_loss: 0.026679 
train_loss: 0.029589 
test_loss: 0.026906 
train_loss: 0.026191 
test_loss: 0.026251 
train_loss: 0.026805 
test_loss: 0.026694 
train_loss: 0.023791 
test_loss: 0.025772 
train_loss: 0.023239 
test_loss: 0.025595 
train_loss: 0.023163 
test_loss: 0.025890 
train_loss: 0.026767 
test_loss: 0.026831 
train_loss: 0.023369 
test_loss: 0.026139 
train_loss: 0.024184 
test_loss: 0.025198 
train_loss: 0.025481 
test_loss: 0.025053 
train_loss: 0.023348 
test_loss: 0.025052 
train_loss: 0.025192 
test_loss: 0.025189 
train_loss: 0.023449 
test_loss: 0.024672 
train_loss: 0.024752 
test_loss: 0.025130 
train_loss: 0.023720 
test_loss: 0.025627 
