train_loss: 0.015087 
test_loss: 0.0160437 
train_loss: 0.012211 
test_loss: 0.0116228 
train_loss: 0.0106296 
test_loss: 0.0107666 
train_loss: 0.00963098 
test_loss: 0.00943718 
train_loss: 0.00847347 
test_loss: 0.00828404 
train_loss: 0.00843287 
test_loss: 0.00828401 
train_loss: 0.00758623 
test_loss: 0.00812123 
train_loss: 0.00727668 
test_loss: 0.00705496 
train_loss: 0.00789866 
test_loss: 0.00786339 
train_loss: 0.00682659 
test_loss: 0.00685863 
train_loss: 0.00718287 
test_loss: 0.00700694 
train_loss: 0.00632342 
test_loss: 0.00690137 
train_loss: 0.00693108 
test_loss: 0.00675741 
train_loss: 0.00697565 
test_loss: 0.00659591 
train_loss: 0.00633104 
test_loss: 0.00638931 
train_loss: 0.00650294 
test_loss: 0.00654429 
train_loss: 0.00607586 
test_loss: 0.00594229 
train_loss: 0.00547193 
test_loss: 0.00569917 
train_loss: 0.00552043 
test_loss: 0.00611711 
train_loss: 0.0050885 
test_loss: 0.00561481 
train_loss: 0.00533446 
test_loss: 0.00566336 
train_loss: 0.00571079 
test_loss: 0.00536613 
train_loss: 0.00529724 
test_loss: 0.00508849 
train_loss: 0.00547261 
test_loss: 0.00548006 
train_loss: 0.00591012 
test_loss: 0.00484074 
train_loss: 0.00538726 
test_loss: 0.00508915 
train_loss: 0.00513474 
test_loss: 0.00517653 
train_loss: 0.00452994 
test_loss: 0.0046067 
train_loss: 0.00442707 
test_loss: 0.00465801 
train_loss: 0.00399918 
test_loss: 0.0040027 
train_loss: 0.00515926 
test_loss: 0.00501902 
train_loss: 0.00464102 
test_loss: 0.00456335 
train_loss: 0.00418793 
test_loss: 0.00463006 
train_loss: 0.00457186 
test_loss: 0.00429726 
train_loss: 0.00425185 
test_loss: 0.0042771 
train_loss: 0.00352811 
test_loss: 0.00402028 
train_loss: 0.00435443 
test_loss: 0.00437624 
train_loss: 0.00402567 
test_loss: 0.00431139 
train_loss: 0.004724 
test_loss: 0.00420866 
train_loss: 0.00361655 
test_loss: 0.00359513 
train_loss: 0.00361459 
test_loss: 0.00344625 
train_loss: 0.00386676 
test_loss: 0.00426881 
train_loss: 0.00322911 
test_loss: 0.00308634 
train_loss: 0.00357511 
test_loss: 0.00359574 
train_loss: 0.00369588 
test_loss: 0.00317125 
train_loss: 0.00282713 
test_loss: 0.00318904 
train_loss: 0.0031137 
test_loss: 0.00306579 
train_loss: 0.00297463 
test_loss: 0.00288612 
train_loss: 0.00271623 
test_loss: 0.00299267 
train_loss: 0.00301526 
test_loss: 0.00310862 
train_loss: 0.00313816 
test_loss: 0.00318619 
train_loss: 0.00300945 
test_loss: 0.00302839 
train_loss: 0.00256795 
test_loss: 0.00252667 
train_loss: 0.00264581 
test_loss: 0.00294574 
train_loss: 0.00289653 
test_loss: 0.00301007 
train_loss: 0.00269077 
test_loss: 0.00294047 
train_loss: 0.00232478 
test_loss: 0.00248738 
train_loss: 0.00276589 
test_loss: 0.00291997 
train_loss: 0.00341618 
test_loss: 0.00357311 
train_loss: 0.00286096 
test_loss: 0.00297066 
train_loss: 0.00264968 
test_loss: 0.00246704 
train_loss: 0.00322207 
test_loss: 0.00258139 
train_loss: 0.00294366 
test_loss: 0.00292543 
train_loss: 0.00269043 
test_loss: 0.00281205 
train_loss: 0.00280257 
test_loss: 0.00276387 
train_loss: 0.00257328 
test_loss: 0.00264014 
train_loss: 0.00249557 
test_loss: 0.0025513 
train_loss: 0.00291648 
test_loss: 0.00264366 
train_loss: 0.00238064 
test_loss: 0.00252404 
train_loss: 0.00249071 
test_loss: 0.0033753 
train_loss: 0.00250918 
test_loss: 0.00250171 
train_loss: 0.00227812 
test_loss: 0.00241242 
train_loss: 0.00200249 
test_loss: 0.00225737 
train_loss: 0.00251779 
test_loss: 0.002447 
train_loss: 0.0025582 
test_loss: 0.00226878 
train_loss: 0.0023299 
test_loss: 0.00222152 
train_loss: 0.00282951 
test_loss: 0.0027974 
train_loss: 0.00226537 
test_loss: 0.00244355 
train_loss: 0.00215008 
test_loss: 0.00213189 
train_loss: 0.00274085 
test_loss: 0.00286004 
train_loss: 0.00198308 
test_loss: 0.00207607 
train_loss: 0.00211645 
test_loss: 0.0021908 
train_loss: 0.00223449 
test_loss: 0.0024012 
train_loss: 0.0021486 
test_loss: 0.00201139 
train_loss: 0.00228054 
test_loss: 0.00221252 
train_loss: 0.0020575 
test_loss: 0.00238168 
train_loss: 0.00222985 
test_loss: 0.0019044 
train_loss: 0.00234241 
test_loss: 0.00236957 
train_loss: 0.00201247 
test_loss: 0.00254273 
train_loss: 0.00241428 
test_loss: 0.00226688 
train_loss: 0.00225015 
test_loss: 0.00223075 
train_loss: 0.00241962 
test_loss: 0.00216223 
train_loss: 0.0023741 
test_loss: 0.00237927 
train_loss: 0.00217447 
test_loss: 0.00250073 
train_loss: 0.00227627 
test_loss: 0.00211447 
train_loss: 0.00246299 
test_loss: 0.00236685 
train_loss: 0.00232212 
test_loss: 0.00211556 
train_loss: 0.0022784 
test_loss: 0.00243023 
train_loss: 0.00232265 
test_loss: 0.00217619 
train_loss: 0.0020446 
test_loss: 0.00214068 
train_loss: 0.00245478 
test_loss: 0.00192431 
train_loss: 0.00210534 
test_loss: 0.0025111 
train_loss: 0.00221243 
test_loss: 0.00194284 
train_loss: 0.00219536 
test_loss: 0.00271536 
train_loss: 0.0020264 
test_loss: 0.00196821 
train_loss: 0.00182942 
test_loss: 0.00171672 
train_loss: 0.00217294 
test_loss: 0.00225531 
train_loss: 0.00225018 
test_loss: 0.00226223 
train_loss: 0.0020189 
test_loss: 0.00215669 
train_loss: 0.00210373 
test_loss: 0.00208883 
train_loss: 0.0020005 
test_loss: 0.00201887 
train_loss: 0.0018678 
test_loss: 0.00216262 
train_loss: 0.0021145 
test_loss: 0.00195284 
train_loss: 0.00204156 
test_loss: 0.00189487 
train_loss: 0.00208631 
test_loss: 0.0023063 
train_loss: 0.0019826 
test_loss: 0.00187008 
train_loss: 0.00191552 
test_loss: 0.00195407 
train_loss: 0.00191998 
test_loss: 0.00200365 
train_loss: 0.00191887 
test_loss: 0.00178339 
train_loss: 0.00197002 
test_loss: 0.00194004 
train_loss: 0.00204284 
test_loss: 0.00214025 
train_loss: 0.00207574 
test_loss: 0.00200569 
train_loss: 0.0019346 
test_loss: 0.0017865 
train_loss: 0.00203184 
test_loss: 0.00210095 
train_loss: 0.00166531 
test_loss: 0.00180976 
train_loss: 0.0017923 
test_loss: 0.00184816 
train_loss: 0.00190373 
test_loss: 0.00220258 
train_loss: 0.00184426 
test_loss: 0.00198911 
train_loss: 0.00190565 
test_loss: 0.00185567 
train_loss: 0.0021349 
test_loss: 0.00222795 
