train_loss: 0.251405 
test_loss: 0.250891 
train_loss: 0.244413 
test_loss: 0.250878 
train_loss: 0.245663 
test_loss: 0.250842 
train_loss: 0.255316 
test_loss: 0.250826 
train_loss: 0.239218 
test_loss: 0.250798 
train_loss: 0.257317 
test_loss: 0.250772 
train_loss: 0.250035 
test_loss: 0.250711 
train_loss: 0.250551 
test_loss: 0.250629 
train_loss: 0.255996 
test_loss: 0.250503 
train_loss: 0.250683 
test_loss: 0.250374 
train_loss: 0.242006 
test_loss: 0.250173 
train_loss: 0.255797 
test_loss: 0.24995 
train_loss: 0.24627 
test_loss: 0.249657 
train_loss: 0.246671 
test_loss: 0.249251 
train_loss: 0.248379 
test_loss: 0.248707 
train_loss: 0.252813 
test_loss: 0.248022 
train_loss: 0.255361 
test_loss: 0.247161 
train_loss: 0.238944 
test_loss: 0.246019 
train_loss: 0.243847 
test_loss: 0.244572 
train_loss: 0.246091 
test_loss: 0.242724 
train_loss: 0.241273 
test_loss: 0.240356 
train_loss: 0.250094 
test_loss: 0.23731 
train_loss: 0.22721 
test_loss: 0.233398 
train_loss: 0.230781 
test_loss: 0.228378 
train_loss: 0.231033 
test_loss: 0.22185 
train_loss: 0.229401 
test_loss: 0.213478 
train_loss: 0.199408 
test_loss: 0.202411 
train_loss: 0.194053 
test_loss: 0.186779 
train_loss: 0.16093 
test_loss: 0.161026 
train_loss: 0.13114 
test_loss: 0.129858 
train_loss: 0.0996127 
test_loss: 0.0990813 
train_loss: 0.0773387 
test_loss: 0.0748442 
train_loss: 0.061483 
test_loss: 0.0612519 
train_loss: 0.0560714 
test_loss: 0.0547296 
train_loss: 0.0474272 
test_loss: 0.0501674 
train_loss: 0.0475122 
test_loss: 0.0458943 
train_loss: 0.0417589 
test_loss: 0.0422333 
train_loss: 0.0398409 
test_loss: 0.0391812 
train_loss: 0.0358287 
test_loss: 0.0361064 
train_loss: 0.0329967 
test_loss: 0.032802 
train_loss: 0.0274676 
test_loss: 0.028412 
train_loss: 0.0198841 
test_loss: 0.0203771 
train_loss: 0.0132362 
test_loss: 0.0128603 
train_loss: 0.0105702 
test_loss: 0.0107602 
train_loss: 0.00965383 
test_loss: 0.0100612 
train_loss: 0.00985851 
test_loss: 0.00985441 
train_loss: 0.0107868 
test_loss: 0.00946963 
train_loss: 0.00870419 
test_loss: 0.00929938 
train_loss: 0.00939492 
test_loss: 0.00905704 
train_loss: 0.00915068 
test_loss: 0.00902019 
train_loss: 0.00961296 
test_loss: 0.0090617 
train_loss: 0.00932365 
test_loss: 0.00872944 
train_loss: 0.0091255 
test_loss: 0.00960162 
train_loss: 0.00960075 
test_loss: 0.0088782 
train_loss: 0.00895729 
test_loss: 0.00933549 
train_loss: 0.00975067 
test_loss: 0.00888033 
train_loss: 0.0097098 
test_loss: 0.00840855 
train_loss: 0.00731003 
test_loss: 0.00749973 
train_loss: 0.00636685 
test_loss: 0.00664648 
train_loss: 0.00564474 
test_loss: 0.00620103 
train_loss: 0.00656789 
test_loss: 0.00599114 
train_loss: 0.0054116 
test_loss: 0.0057092 
train_loss: 0.00573794 
test_loss: 0.00617797 
train_loss: 0.00687741 
test_loss: 0.00619043 
train_loss: 0.00557141 
test_loss: 0.00564062 
train_loss: 0.00651198 
test_loss: 0.00675545 
train_loss: 0.0053603 
test_loss: 0.00561957 
train_loss: 0.00512985 
test_loss: 0.00541972 
train_loss: 0.00551429 
test_loss: 0.00549748 
train_loss: 0.0052939 
test_loss: 0.00538305 
train_loss: 0.00474032 
test_loss: 0.00478633 
train_loss: 0.00492238 
test_loss: 0.00476418 
train_loss: 0.0052009 
test_loss: 0.00491882 
train_loss: 0.00455297 
test_loss: 0.00545205 
train_loss: 0.00447977 
test_loss: 0.00422927 
train_loss: 0.00435685 
test_loss: 0.00450366 
train_loss: 0.00469405 
test_loss: 0.00453733 
train_loss: 0.00414106 
test_loss: 0.00454237 
train_loss: 0.00486007 
test_loss: 0.00495436 
train_loss: 0.00414655 
test_loss: 0.00441621 
train_loss: 0.00426794 
test_loss: 0.00394991 
train_loss: 0.00403788 
test_loss: 0.0039742 
train_loss: 0.00399796 
test_loss: 0.0038819 
train_loss: 0.0038425 
test_loss: 0.00409805 
train_loss: 0.00352192 
test_loss: 0.00357582 
train_loss: 0.0032297 
test_loss: 0.00344347 
train_loss: 0.00386522 
test_loss: 0.00348398 
train_loss: 0.00344618 
test_loss: 0.00360171 
train_loss: 0.00303196 
test_loss: 0.00329341 
train_loss: 0.00341075 
test_loss: 0.00384069 
train_loss: 0.00355289 
test_loss: 0.00350682 
train_loss: 0.00326898 
test_loss: 0.00307178 
train_loss: 0.00319397 
test_loss: 0.00328641 
train_loss: 0.00348849 
test_loss: 0.0034037 
train_loss: 0.00361756 
test_loss: 0.00326282 
train_loss: 0.00314207 
test_loss: 0.00308408 
train_loss: 0.00262769 
test_loss: 0.00272368 
train_loss: 0.00306927 
test_loss: 0.00276861 
train_loss: 0.00307714 
test_loss: 0.00279845 
train_loss: 0.00290837 
test_loss: 0.00280159 
train_loss: 0.00283675 
test_loss: 0.00256104 
train_loss: 0.00251696 
test_loss: 0.00266354 
train_loss: 0.00255251 
test_loss: 0.00247653 
train_loss: 0.00255272 
test_loss: 0.00278482 
train_loss: 0.00279196 
test_loss: 0.00243512 
train_loss: 0.0023543 
test_loss: 0.0021715 
train_loss: 0.00246975 
test_loss: 0.00214636 
train_loss: 0.00297377 
test_loss: 0.0029467 
train_loss: 0.00249553 
test_loss: 0.00221137 
train_loss: 0.00192355 
test_loss: 0.00228103 
train_loss: 0.00230889 
test_loss: 0.00233887 
train_loss: 0.00222032 
test_loss: 0.00222787 
train_loss: 0.00235759 
test_loss: 0.00230789 
train_loss: 0.00229481 
test_loss: 0.00240856 
train_loss: 0.00211794 
test_loss: 0.00234164 
train_loss: 0.00200751 
test_loss: 0.00207924 
train_loss: 0.00216088 
test_loss: 0.00227947 
train_loss: 0.00239275 
test_loss: 0.00202438 
train_loss: 0.00194951 
test_loss: 0.00200983 
train_loss: 0.00207147 
test_loss: 0.00202548 
train_loss: 0.0021626 
test_loss: 0.00207264 
train_loss: 0.00219894 
test_loss: 0.00195905 
train_loss: 0.0025024 
test_loss: 0.00238099 
train_loss: 0.00212908 
test_loss: 0.00196685 
train_loss: 0.00208425 
test_loss: 0.00218043 
train_loss: 0.00217802 
test_loss: 0.00223447 
train_loss: 0.00200162 
test_loss: 0.00213479 
train_loss: 0.00200778 
test_loss: 0.00214625 
train_loss: 0.00201982 
test_loss: 0.00200045 
train_loss: 0.0021606 
test_loss: 0.0021172 
