train_loss: 0.0137587 
test_loss: 0.0142858 
train_loss: 0.0129634 
test_loss: 0.0121763 
train_loss: 0.0124591 
test_loss: 0.0116649 
train_loss: 0.0107638 
test_loss: 0.0108133 
train_loss: 0.0102008 
test_loss: 0.011096 
train_loss: 0.00984788 
test_loss: 0.00977878 
train_loss: 0.008813 
test_loss: 0.00885899 
train_loss: 0.00787529 
test_loss: 0.00812915 
train_loss: 0.00752877 
test_loss: 0.00691825 
train_loss: 0.00755316 
test_loss: 0.00758488 
train_loss: 0.00707951 
test_loss: 0.00741261 
train_loss: 0.00679017 
test_loss: 0.00696472 
train_loss: 0.00625847 
test_loss: 0.00685784 
train_loss: 0.00729403 
test_loss: 0.00700453 
train_loss: 0.0068339 
test_loss: 0.00629387 
train_loss: 0.00639094 
test_loss: 0.00698307 
train_loss: 0.00666755 
test_loss: 0.00646148 
train_loss: 0.00605363 
test_loss: 0.00597602 
train_loss: 0.00554346 
test_loss: 0.00668826 
train_loss: 0.00602918 
test_loss: 0.00538393 
train_loss: 0.00551891 
test_loss: 0.00546145 
train_loss: 0.00520207 
test_loss: 0.00559136 
train_loss: 0.00547093 
test_loss: 0.00483274 
train_loss: 0.00444253 
test_loss: 0.00438059 
train_loss: 0.00520148 
test_loss: 0.00487877 
train_loss: 0.00489128 
test_loss: 0.00505703 
train_loss: 0.00467237 
test_loss: 0.00466534 
train_loss: 0.00519161 
test_loss: 0.00466428 
train_loss: 0.00461562 
test_loss: 0.00411706 
train_loss: 0.0042516 
test_loss: 0.00388393 
train_loss: 0.00443055 
test_loss: 0.00396504 
train_loss: 0.00367672 
test_loss: 0.0036978 
train_loss: 0.00406607 
test_loss: 0.00366585 
train_loss: 0.00409596 
test_loss: 0.0039742 
train_loss: 0.00375608 
test_loss: 0.00387663 
train_loss: 0.00387217 
test_loss: 0.00424753 
train_loss: 0.00371708 
test_loss: 0.0031712 
train_loss: 0.00422537 
test_loss: 0.00410352 
train_loss: 0.00392717 
test_loss: 0.00339068 
train_loss: 0.00364151 
test_loss: 0.00341776 
train_loss: 0.00351407 
test_loss: 0.00339235 
train_loss: 0.00319406 
test_loss: 0.00353722 
train_loss: 0.00343645 
test_loss: 0.00360932 
train_loss: 0.00324707 
test_loss: 0.00303291 
train_loss: 0.0034758 
test_loss: 0.00347734 
train_loss: 0.00319938 
test_loss: 0.00294273 
train_loss: 0.00278455 
test_loss: 0.0030355 
train_loss: 0.00369381 
test_loss: 0.00360253 
train_loss: 0.00311244 
test_loss: 0.0026719 
train_loss: 0.00322571 
test_loss: 0.00292183 
train_loss: 0.00353114 
test_loss: 0.00322892 
train_loss: 0.00298415 
test_loss: 0.00277568 
train_loss: 0.00279515 
test_loss: 0.00286501 
train_loss: 0.00285708 
test_loss: 0.00261179 
train_loss: 0.00272981 
test_loss: 0.00269099 
train_loss: 0.00264715 
test_loss: 0.00286385 
train_loss: 0.00283224 
test_loss: 0.00283765 
train_loss: 0.00254919 
test_loss: 0.00252977 
train_loss: 0.00275827 
test_loss: 0.00306265 
train_loss: 0.00278725 
test_loss: 0.00283642 
train_loss: 0.00274442 
test_loss: 0.00294795 
train_loss: 0.002482 
test_loss: 0.00266722 
train_loss: 0.00266951 
test_loss: 0.00235809 
train_loss: 0.00263252 
test_loss: 0.00252167 
train_loss: 0.00280132 
test_loss: 0.00247624 
train_loss: 0.00300073 
test_loss: 0.00267892 
train_loss: 0.00282428 
test_loss: 0.00246174 
train_loss: 0.00257381 
test_loss: 0.00249996 
train_loss: 0.00233588 
test_loss: 0.00266805 
train_loss: 0.00270259 
test_loss: 0.00282304 
train_loss: 0.00242033 
test_loss: 0.00258019 
train_loss: 0.00220501 
test_loss: 0.00237002 
train_loss: 0.0021885 
test_loss: 0.00223855 
train_loss: 0.00272281 
test_loss: 0.0025409 
train_loss: 0.00221807 
test_loss: 0.00223371 
train_loss: 0.00254066 
test_loss: 0.00235381 
train_loss: 0.00252572 
test_loss: 0.00246626 
train_loss: 0.00252424 
test_loss: 0.00240285 
train_loss: 0.00242786 
test_loss: 0.00240542 
train_loss: 0.00228851 
test_loss: 0.00275222 
train_loss: 0.00252068 
test_loss: 0.00236119 
train_loss: 0.00300369 
test_loss: 0.0025206 
train_loss: 0.0022086 
test_loss: 0.00251812 
train_loss: 0.00233396 
test_loss: 0.00270735 
train_loss: 0.00199929 
test_loss: 0.00206216 
train_loss: 0.00220797 
test_loss: 0.00219152 
train_loss: 0.00255695 
test_loss: 0.00227649 
train_loss: 0.00212696 
test_loss: 0.00224346 
train_loss: 0.00266985 
test_loss: 0.00234865 
train_loss: 0.00220545 
test_loss: 0.0022089 
train_loss: 0.002031 
test_loss: 0.00223805 
train_loss: 0.00282702 
test_loss: 0.00243095 
train_loss: 0.0023339 
test_loss: 0.00230341 
train_loss: 0.00244221 
test_loss: 0.0022526 
train_loss: 0.00253155 
test_loss: 0.00223143 
train_loss: 0.00189909 
test_loss: 0.0020022 
train_loss: 0.00235871 
test_loss: 0.00225606 
train_loss: 0.00220242 
test_loss: 0.00227579 
train_loss: 0.00200043 
test_loss: 0.00194295 
train_loss: 0.00186737 
test_loss: 0.0022054 
train_loss: 0.0020025 
test_loss: 0.00230793 
train_loss: 0.00214548 
test_loss: 0.00219477 
train_loss: 0.00226685 
test_loss: 0.00239265 
train_loss: 0.00240508 
test_loss: 0.00215703 
train_loss: 0.00201622 
test_loss: 0.00196333 
train_loss: 0.00217431 
test_loss: 0.00228276 
train_loss: 0.00236105 
test_loss: 0.00234233 
train_loss: 0.00199279 
test_loss: 0.00207352 
train_loss: 0.00198704 
test_loss: 0.00195508 
train_loss: 0.00203562 
test_loss: 0.00206991 
train_loss: 0.00192041 
test_loss: 0.00188041 
train_loss: 0.00196984 
test_loss: 0.00190129 
train_loss: 0.00232894 
test_loss: 0.00204099 
train_loss: 0.00181194 
test_loss: 0.00180207 
train_loss: 0.00222927 
test_loss: 0.00210195 
train_loss: 0.00199282 
test_loss: 0.00231783 
train_loss: 0.00198933 
test_loss: 0.00199243 
train_loss: 0.00181809 
test_loss: 0.00178268 
train_loss: 0.00215923 
test_loss: 0.00227908 
train_loss: 0.00194581 
test_loss: 0.00197146 
train_loss: 0.00196335 
test_loss: 0.00188741 
train_loss: 0.00200874 
test_loss: 0.00192576 
train_loss: 0.00200818 
test_loss: 0.00214211 
train_loss: 0.0019644 
test_loss: 0.00193034 
train_loss: 0.00199366 
test_loss: 0.00200635 
train_loss: 0.00211667 
test_loss: 0.00226703 
train_loss: 0.00218226 
test_loss: 0.00224395 
train_loss: 0.00210779 
test_loss: 0.00221159 
train_loss: 0.0018994 
test_loss: 0.00186247 
train_loss: 0.00223571 
test_loss: 0.00215737 
