train_loss: 0.261507 
test_loss: 0.251507 
train_loss: 0.256458 
test_loss: 0.251257 
train_loss: 0.247772 
test_loss: 0.250855 
train_loss: 0.253282 
test_loss: 0.250313 
train_loss: 0.25256 
test_loss: 0.24959 
train_loss: 0.254043 
test_loss: 0.248684 
train_loss: 0.244874 
test_loss: 0.247433 
train_loss: 0.24606 
test_loss: 0.24579 
train_loss: 0.243451 
test_loss: 0.243592 
train_loss: 0.242789 
test_loss: 0.240274 
train_loss: 0.238685 
test_loss: 0.233953 
train_loss: 0.223768 
test_loss: 0.223 
train_loss: 0.196675 
test_loss: 0.204504 
train_loss: 0.172938 
test_loss: 0.1696 
train_loss: 0.12773 
test_loss: 0.125212 
train_loss: 0.0848385 
test_loss: 0.0840626 
train_loss: 0.0607813 
test_loss: 0.0625126 
train_loss: 0.05406 
test_loss: 0.0561074 
train_loss: 0.0525618 
test_loss: 0.0532498 
train_loss: 0.0514663 
test_loss: 0.0508584 
train_loss: 0.0466449 
test_loss: 0.0466679 
train_loss: 0.0424229 
test_loss: 0.0421907 
train_loss: 0.0374049 
test_loss: 0.0359461 
train_loss: 0.0282386 
test_loss: 0.028127 
train_loss: 0.0206653 
test_loss: 0.0204422 
train_loss: 0.015523 
test_loss: 0.0160914 
train_loss: 0.014141 
test_loss: 0.0138324 
train_loss: 0.0126751 
test_loss: 0.0125952 
train_loss: 0.0108377 
test_loss: 0.0112405 
train_loss: 0.0110257 
test_loss: 0.0107071 
train_loss: 0.0100173 
test_loss: 0.0107611 
train_loss: 0.0101446 
test_loss: 0.00987876 
train_loss: 0.00916875 
test_loss: 0.00952424 
train_loss: 0.00912689 
test_loss: 0.00972511 
train_loss: 0.0092311 
test_loss: 0.00946453 
train_loss: 0.00888348 
test_loss: 0.00966664 
train_loss: 0.00916148 
test_loss: 0.00898593 
train_loss: 0.00858276 
test_loss: 0.00908187 
train_loss: 0.00856805 
test_loss: 0.00929845 
train_loss: 0.00880386 
test_loss: 0.00890616 
train_loss: 0.00912829 
test_loss: 0.00906783 
train_loss: 0.0091957 
test_loss: 0.00898241 
train_loss: 0.008864 
test_loss: 0.00889502 
train_loss: 0.00890813 
test_loss: 0.0091868 
train_loss: 0.00945702 
test_loss: 0.00931765 
train_loss: 0.00883185 
test_loss: 0.00899341 
train_loss: 0.00897765 
test_loss: 0.00976825 
train_loss: 0.00906017 
test_loss: 0.00940312 
train_loss: 0.00866957 
test_loss: 0.00871183 
train_loss: 0.00791992 
test_loss: 0.00810221 
train_loss: 0.00628608 
test_loss: 0.00669951 
train_loss: 0.0051242 
test_loss: 0.00582344 
train_loss: 0.00451798 
test_loss: 0.0048117 
train_loss: 0.00466806 
test_loss: 0.00474759 
train_loss: 0.00467148 
test_loss: 0.00486833 
train_loss: 0.00500961 
test_loss: 0.00521099 
train_loss: 0.00471786 
test_loss: 0.0053629 
train_loss: 0.00522245 
test_loss: 0.00511732 
train_loss: 0.00483174 
test_loss: 0.00543676 
train_loss: 0.00530716 
test_loss: 0.00514364 
train_loss: 0.00477172 
test_loss: 0.00494197 
train_loss: 0.00519947 
test_loss: 0.00541167 
train_loss: 0.00447172 
test_loss: 0.00433183 
train_loss: 0.00535277 
test_loss: 0.00493885 
train_loss: 0.00479454 
test_loss: 0.00502286 
train_loss: 0.00475127 
test_loss: 0.00468043 
train_loss: 0.00461201 
test_loss: 0.00455397 
train_loss: 0.0047728 
test_loss: 0.00447721 
train_loss: 0.00473932 
test_loss: 0.00487947 
train_loss: 0.00452882 
test_loss: 0.00402386 
train_loss: 0.00451236 
test_loss: 0.00453187 
train_loss: 0.00393139 
test_loss: 0.00415625 
train_loss: 0.00400042 
test_loss: 0.00382245 
train_loss: 0.0044244 
test_loss: 0.00431567 
train_loss: 0.00375576 
test_loss: 0.00456696 
train_loss: 0.00374763 
test_loss: 0.00390913 
train_loss: 0.00337261 
test_loss: 0.00356852 
train_loss: 0.00350437 
test_loss: 0.00371293 
train_loss: 0.00296756 
test_loss: 0.00321732 
train_loss: 0.00348742 
test_loss: 0.00360054 
train_loss: 0.003722 
test_loss: 0.00375245 
train_loss: 0.0040043 
test_loss: 0.00374276 
train_loss: 0.00343112 
test_loss: 0.00323446 
train_loss: 0.00318838 
test_loss: 0.00322507 
train_loss: 0.00339478 
test_loss: 0.00336518 
train_loss: 0.00313158 
test_loss: 0.00381783 
train_loss: 0.00327703 
test_loss: 0.00308563 
train_loss: 0.00336259 
test_loss: 0.00352396 
train_loss: 0.00302918 
test_loss: 0.00345851 
train_loss: 0.00302337 
test_loss: 0.00275107 
train_loss: 0.00301612 
test_loss: 0.00303004 
train_loss: 0.00323245 
test_loss: 0.00316534 
train_loss: 0.00320049 
test_loss: 0.00320543 
train_loss: 0.00275945 
test_loss: 0.00288148 
train_loss: 0.00250897 
test_loss: 0.00276489 
train_loss: 0.00365292 
test_loss: 0.00304008 
train_loss: 0.0026292 
test_loss: 0.00250915 
train_loss: 0.00301203 
test_loss: 0.00281213 
train_loss: 0.00312826 
test_loss: 0.00295685 
train_loss: 0.00251677 
test_loss: 0.00301582 
train_loss: 0.0027815 
test_loss: 0.00283461 
train_loss: 0.00260557 
test_loss: 0.0025506 
train_loss: 0.00260903 
test_loss: 0.00259153 
train_loss: 0.00257023 
test_loss: 0.00242062 
train_loss: 0.00269474 
test_loss: 0.00280329 
train_loss: 0.00270215 
test_loss: 0.00288403 
train_loss: 0.00252094 
test_loss: 0.0027112 
train_loss: 0.00267176 
test_loss: 0.00263775 
train_loss: 0.00257363 
test_loss: 0.00266796 
train_loss: 0.00260782 
test_loss: 0.00259431 
train_loss: 0.00256644 
test_loss: 0.0027994 
train_loss: 0.00272011 
test_loss: 0.00268781 
train_loss: 0.00278952 
test_loss: 0.00256315 
train_loss: 0.002207 
test_loss: 0.00231016 
train_loss: 0.00242272 
test_loss: 0.00257029 
train_loss: 0.00232715 
test_loss: 0.00228696 
train_loss: 0.00237553 
test_loss: 0.00239708 
train_loss: 0.00242718 
test_loss: 0.0022985 
train_loss: 0.00225759 
test_loss: 0.00232348 
train_loss: 0.00225489 
test_loss: 0.00305051 
