train_loss: 0.0439181 
test_loss: 0.0423958 
train_loss: 0.0148924 
test_loss: 0.0150749 
train_loss: 0.0119944 
test_loss: 0.011436 
train_loss: 0.0111916 
test_loss: 0.0107308 
train_loss: 0.0106209 
test_loss: 0.0103413 
train_loss: 0.0111711 
test_loss: 0.0103072 
train_loss: 0.0105948 
test_loss: 0.010107 
train_loss: 0.00977413 
test_loss: 0.0102169 
train_loss: 0.0106461 
test_loss: 0.0103891 
train_loss: 0.00944645 
test_loss: 0.00924612 
train_loss: 0.00915022 
test_loss: 0.00959353 
train_loss: 0.0100957 
test_loss: 0.0099082 
train_loss: 0.00903243 
test_loss: 0.00963277 
train_loss: 0.00939201 
test_loss: 0.00931101 
train_loss: 0.00954806 
test_loss: 0.00954628 
train_loss: 0.00924217 
test_loss: 0.00962061 
train_loss: 0.00942112 
test_loss: 0.00911149 
train_loss: 0.00841012 
test_loss: 0.00853587 
train_loss: 0.0086845 
test_loss: 0.00846454 
train_loss: 0.00738007 
test_loss: 0.00811174 
train_loss: 0.00695156 
test_loss: 0.00712143 
train_loss: 0.00703097 
test_loss: 0.0067879 
train_loss: 0.00561842 
test_loss: 0.00578554 
train_loss: 0.00546008 
test_loss: 0.00519851 
train_loss: 0.00478561 
test_loss: 0.00586571 
train_loss: 0.00474064 
test_loss: 0.00496442 
train_loss: 0.00490402 
test_loss: 0.00492592 
train_loss: 0.00427709 
test_loss: 0.00436613 
train_loss: 0.00454691 
test_loss: 0.00464932 
train_loss: 0.00501531 
test_loss: 0.00456148 
train_loss: 0.00412533 
test_loss: 0.0044891 
train_loss: 0.00386564 
test_loss: 0.00430755 
train_loss: 0.00419657 
test_loss: 0.00422041 
train_loss: 0.00414647 
test_loss: 0.00427715 
train_loss: 0.0037445 
test_loss: 0.00408273 
train_loss: 0.00361418 
test_loss: 0.00361979 
train_loss: 0.00392854 
test_loss: 0.00424529 
train_loss: 0.00368275 
test_loss: 0.00425642 
train_loss: 0.0036732 
test_loss: 0.00432613 
train_loss: 0.00374196 
test_loss: 0.00356616 
train_loss: 0.00376346 
test_loss: 0.00376926 
train_loss: 0.00324747 
test_loss: 0.00349557 
train_loss: 0.00356916 
test_loss: 0.0035956 
train_loss: 0.00365478 
test_loss: 0.00365218 
train_loss: 0.00374949 
test_loss: 0.00350723 
train_loss: 0.00350587 
test_loss: 0.00347902 
train_loss: 0.00337084 
test_loss: 0.00332511 
train_loss: 0.00345451 
test_loss: 0.00399838 
train_loss: 0.00325551 
test_loss: 0.00307353 
train_loss: 0.00319497 
test_loss: 0.00348908 
train_loss: 0.00346107 
test_loss: 0.003279 
train_loss: 0.00364509 
test_loss: 0.00365651 
train_loss: 0.00313379 
test_loss: 0.00339755 
train_loss: 0.00299553 
test_loss: 0.00311531 
train_loss: 0.00351624 
test_loss: 0.00349416 
train_loss: 0.0031443 
test_loss: 0.00294065 
train_loss: 0.00286507 
test_loss: 0.0029474 
train_loss: 0.00361898 
test_loss: 0.00345944 
train_loss: 0.00292904 
test_loss: 0.0031181 
train_loss: 0.00303862 
test_loss: 0.00312169 
train_loss: 0.00284552 
test_loss: 0.00306464 
train_loss: 0.00314313 
test_loss: 0.00306057 
train_loss: 0.00349813 
test_loss: 0.00321117 
train_loss: 0.0030003 
test_loss: 0.00290089 
train_loss: 0.00282443 
test_loss: 0.00305249 
train_loss: 0.00270078 
test_loss: 0.00275561 
train_loss: 0.00296281 
test_loss: 0.00298949 
train_loss: 0.00285473 
test_loss: 0.00294475 
train_loss: 0.00290366 
test_loss: 0.0028701 
train_loss: 0.00309707 
test_loss: 0.00282153 
train_loss: 0.00307596 
test_loss: 0.0031337 
