train_loss: 0.452637 
test_loss: 0.460856 
train_loss: 0.448285 
test_loss: 0.455918 
train_loss: 0.476684 
test_loss: 0.448343 
train_loss: 0.434826 
test_loss: 0.437585 
train_loss: 0.419526 
test_loss: 0.42239 
train_loss: 0.389199 
test_loss: 0.401823 
train_loss: 0.396172 
test_loss: 0.375797 
train_loss: 0.332278 
test_loss: 0.348372 
train_loss: 0.333488 
test_loss: 0.321303 
train_loss: 0.296094 
test_loss: 0.29424 
train_loss: 0.254954 
test_loss: 0.261209 
train_loss: 0.215444 
test_loss: 0.213516 
train_loss: 0.148794 
test_loss: 0.152375 
train_loss: 0.0983727 
test_loss: 0.100299 
train_loss: 0.0664258 
test_loss: 0.0681265 
train_loss: 0.0554462 
test_loss: 0.0562669 
train_loss: 0.0518077 
test_loss: 0.0537261 
train_loss: 0.0523494 
test_loss: 0.0528793 
train_loss: 0.0523454 
test_loss: 0.0519753 
train_loss: 0.0502739 
test_loss: 0.0505391 
train_loss: 0.0494948 
test_loss: 0.0482845 
train_loss: 0.04278 
test_loss: 0.044415 
train_loss: 0.0362296 
test_loss: 0.0366966 
train_loss: 0.0273869 
test_loss: 0.0264821 
train_loss: 0.0153713 
test_loss: 0.0163849 
train_loss: 0.0131805 
test_loss: 0.0128755 
train_loss: 0.0110801 
test_loss: 0.0113659 
train_loss: 0.0103791 
test_loss: 0.0108525 
train_loss: 0.0107558 
test_loss: 0.010418 
train_loss: 0.00974841 
test_loss: 0.00993169 
train_loss: 0.00948383 
test_loss: 0.00959983 
train_loss: 0.00924312 
test_loss: 0.00930414 
train_loss: 0.00873358 
test_loss: 0.00970838 
train_loss: 0.00870022 
test_loss: 0.00943989 
train_loss: 0.00862485 
test_loss: 0.00955424 
train_loss: 0.00951695 
test_loss: 0.00927417 
train_loss: 0.00886328 
test_loss: 0.00935875 
train_loss: 0.00983023 
test_loss: 0.00962947 
train_loss: 0.00933565 
test_loss: 0.00945448 
train_loss: 0.00921017 
test_loss: 0.00928785 
train_loss: 0.00937525 
test_loss: 0.00932872 
train_loss: 0.00913491 
test_loss: 0.00923202 
train_loss: 0.00981632 
test_loss: 0.00953594 
train_loss: 0.0102478 
test_loss: 0.00979638 
train_loss: 0.00958951 
test_loss: 0.00929079 
train_loss: 0.00904857 
test_loss: 0.00919982 
train_loss: 0.00945142 
test_loss: 0.00923527 
train_loss: 0.00838791 
test_loss: 0.00886562 
train_loss: 0.0092687 
test_loss: 0.00899481 
train_loss: 0.00880051 
test_loss: 0.00885328 
train_loss: 0.00834578 
test_loss: 0.0085071 
train_loss: 0.00830185 
test_loss: 0.00848563 
train_loss: 0.00786949 
test_loss: 0.00795808 
train_loss: 0.00742934 
test_loss: 0.00758711 
train_loss: 0.00675783 
test_loss: 0.00660166 
train_loss: 0.00590292 
test_loss: 0.00675441 
train_loss: 0.00560243 
test_loss: 0.00567065 
train_loss: 0.00464605 
test_loss: 0.00472819 
train_loss: 0.00430623 
test_loss: 0.00451519 
train_loss: 0.00411534 
test_loss: 0.00429265 
train_loss: 0.00392234 
test_loss: 0.00405116 
train_loss: 0.00382567 
test_loss: 0.00392017 
train_loss: 0.00371263 
test_loss: 0.00365135 
train_loss: 0.00376236 
test_loss: 0.00346807 
train_loss: 0.00371103 
test_loss: 0.0036236 
train_loss: 0.00420042 
test_loss: 0.00410272 
train_loss: 0.00328666 
test_loss: 0.00337454 
train_loss: 0.00349385 
test_loss: 0.00339481 
train_loss: 0.00362711 
test_loss: 0.0036146 
train_loss: 0.00321828 
test_loss: 0.00324029 
train_loss: 0.00333577 
test_loss: 0.00318299 
train_loss: 0.00318931 
test_loss: 0.00333691 
train_loss: 0.00307191 
test_loss: 0.00330858 
train_loss: 0.00308675 
test_loss: 0.0033584 
train_loss: 0.00314203 
test_loss: 0.00335068 
train_loss: 0.00293647 
test_loss: 0.0033567 
train_loss: 0.00279117 
test_loss: 0.0031154 
train_loss: 0.00304973 
test_loss: 0.00317341 
train_loss: 0.00336253 
test_loss: 0.00338937 
train_loss: 0.00298406 
test_loss: 0.00301486 
train_loss: 0.00282828 
test_loss: 0.00310483 
train_loss: 0.00291944 
test_loss: 0.00303986 
train_loss: 0.00328573 
test_loss: 0.00310978 
train_loss: 0.00275504 
test_loss: 0.00296711 
train_loss: 0.00282932 
test_loss: 0.00270304 
train_loss: 0.00316662 
test_loss: 0.00303489 
train_loss: 0.00306629 
test_loss: 0.00304506 
train_loss: 0.00278062 
test_loss: 0.00278917 
train_loss: 0.00279333 
test_loss: 0.00279282 
train_loss: 0.00293386 
test_loss: 0.0029696 
train_loss: 0.00298628 
test_loss: 0.00299968 
train_loss: 0.00304879 
test_loss: 0.0027839 
train_loss: 0.00306124 
test_loss: 0.00282786 
train_loss: 0.00266867 
test_loss: 0.00276333 
train_loss: 0.00297574 
test_loss: 0.00291073 
train_loss: 0.00259825 
test_loss: 0.00282906 
train_loss: 0.00274649 
test_loss: 0.00300082 
train_loss: 0.00254524 
test_loss: 0.00267453 
train_loss: 0.00272279 
test_loss: 0.00263595 
train_loss: 0.00263913 
test_loss: 0.00262881 
train_loss: 0.00241336 
test_loss: 0.00244887 
train_loss: 0.00268861 
test_loss: 0.00258484 
train_loss: 0.00257703 
test_loss: 0.00268607 
train_loss: 0.002511 
test_loss: 0.00256962 
train_loss: 0.00281071 
test_loss: 0.00258074 
train_loss: 0.00254523 
test_loss: 0.00277691 
train_loss: 0.00270687 
test_loss: 0.00285949 
train_loss: 0.00235871 
test_loss: 0.00259255 
train_loss: 0.00266242 
test_loss: 0.00252356 
train_loss: 0.00239218 
test_loss: 0.00250517 
train_loss: 0.00269894 
test_loss: 0.00267073 
