train_loss: 0.473335 
test_loss: 0.47174 
train_loss: 0.417429 
test_loss: 0.423008 
train_loss: 0.343524 
test_loss: 0.360679 
train_loss: 0.290585 
test_loss: 0.28758 
train_loss: 0.209785 
test_loss: 0.209327 
train_loss: 0.142546 
test_loss: 0.141633 
train_loss: 0.0933259 
test_loss: 0.0965578 
train_loss: 0.0713432 
test_loss: 0.0732018 
train_loss: 0.0650336 
test_loss: 0.0620757 
train_loss: 0.0549861 
test_loss: 0.0559889 
train_loss: 0.05209 
test_loss: 0.0518636 
train_loss: 0.0487244 
test_loss: 0.0482953 
train_loss: 0.0437363 
test_loss: 0.044382 
train_loss: 0.03981 
test_loss: 0.0394372 
train_loss: 0.0330076 
test_loss: 0.0328301 
train_loss: 0.0265515 
test_loss: 0.0257695 
train_loss: 0.0194157 
test_loss: 0.019894 
train_loss: 0.0158128 
test_loss: 0.0158736 
train_loss: 0.0137788 
test_loss: 0.013534 
train_loss: 0.0117405 
test_loss: 0.0120456 
train_loss: 0.0117654 
test_loss: 0.0110048 
train_loss: 0.0114236 
test_loss: 0.0111306 
train_loss: 0.00988965 
test_loss: 0.0102007 
train_loss: 0.00992507 
test_loss: 0.0100751 
train_loss: 0.0109277 
test_loss: 0.0106962 
train_loss: 0.0108947 
test_loss: 0.00996691 
train_loss: 0.0104263 
test_loss: 0.00999707 
train_loss: 0.00911776 
test_loss: 0.00997174 
train_loss: 0.0108571 
test_loss: 0.00990726 
train_loss: 0.00944069 
test_loss: 0.00992983 
train_loss: 0.00973213 
test_loss: 0.00988656 
train_loss: 0.0106054 
test_loss: 0.0100136 
train_loss: 0.0104891 
test_loss: 0.0100816 
train_loss: 0.0107342 
test_loss: 0.010655 
train_loss: 0.010561 
test_loss: 0.00938738 
train_loss: 0.0100554 
test_loss: 0.00941951 
train_loss: 0.00994104 
test_loss: 0.009693 
train_loss: 0.00934912 
test_loss: 0.00935528 
train_loss: 0.00944143 
test_loss: 0.00900505 
train_loss: 0.00966921 
test_loss: 0.00921795 
train_loss: 0.00886554 
test_loss: 0.00898202 
train_loss: 0.00811402 
test_loss: 0.00804172 
train_loss: 0.00789245 
test_loss: 0.00771888 
train_loss: 0.0073464 
test_loss: 0.00782796 
train_loss: 0.00670457 
test_loss: 0.00730433 
train_loss: 0.00646779 
test_loss: 0.00643219 
train_loss: 0.00562008 
test_loss: 0.00579529 
train_loss: 0.00551702 
test_loss: 0.00520987 
train_loss: 0.00569705 
test_loss: 0.00543571 
train_loss: 0.00545425 
test_loss: 0.00496618 
train_loss: 0.00484015 
test_loss: 0.00462658 
train_loss: 0.00440678 
test_loss: 0.00492848 
train_loss: 0.00447698 
test_loss: 0.00450633 
train_loss: 0.00488571 
test_loss: 0.00468395 
train_loss: 0.00442232 
test_loss: 0.00481834 
train_loss: 0.00485328 
test_loss: 0.0045915 
train_loss: 0.00498277 
test_loss: 0.0046182 
train_loss: 0.00404855 
test_loss: 0.00417359 
train_loss: 0.00429576 
test_loss: 0.00425097 
train_loss: 0.0039846 
test_loss: 0.00422806 
train_loss: 0.00379424 
test_loss: 0.00396252 
train_loss: 0.00372731 
test_loss: 0.00384589 
train_loss: 0.0037784 
test_loss: 0.00370596 
train_loss: 0.00432457 
test_loss: 0.00436646 
train_loss: 0.00413538 
test_loss: 0.00413434 
train_loss: 0.00387769 
test_loss: 0.00373664 
train_loss: 0.00405694 
test_loss: 0.00372387 
train_loss: 0.00380346 
test_loss: 0.00410109 
train_loss: 0.00340391 
test_loss: 0.00387402 
train_loss: 0.00314063 
test_loss: 0.00326766 
train_loss: 0.00350961 
test_loss: 0.00345634 
train_loss: 0.00332876 
test_loss: 0.00419276 
train_loss: 0.00372721 
test_loss: 0.00420117 
train_loss: 0.00362682 
test_loss: 0.00344377 
train_loss: 0.00339813 
test_loss: 0.00371107 
train_loss: 0.00360085 
test_loss: 0.00345329 
train_loss: 0.00317422 
test_loss: 0.00322445 
train_loss: 0.0039343 
test_loss: 0.0035836 
train_loss: 0.00364224 
test_loss: 0.00407437 
train_loss: 0.00326599 
test_loss: 0.00350835 
train_loss: 0.00368313 
test_loss: 0.00373576 
