train_loss: 0.0479405 
test_loss: 0.047175 
train_loss: 0.0219651 
test_loss: 0.0214291 
train_loss: 0.0142525 
test_loss: 0.013782 
train_loss: 0.0121654 
test_loss: 0.0122084 
train_loss: 0.0101547 
test_loss: 0.0103715 
train_loss: 0.0101249 
test_loss: 0.0100612 
train_loss: 0.0102761 
test_loss: 0.00998794 
train_loss: 0.00988042 
test_loss: 0.00997616 
train_loss: 0.00951785 
test_loss: 0.00985002 
train_loss: 0.00929236 
test_loss: 0.0092243 
train_loss: 0.00838514 
test_loss: 0.00940395 
train_loss: 0.00979336 
test_loss: 0.00953226 
train_loss: 0.00894653 
test_loss: 0.0090938 
train_loss: 0.0089451 
test_loss: 0.00903747 
train_loss: 0.00896407 
test_loss: 0.00940329 
train_loss: 0.00856245 
test_loss: 0.00909233 
train_loss: 0.00951396 
test_loss: 0.00906299 
train_loss: 0.00875493 
test_loss: 0.00939954 
train_loss: 0.00895804 
test_loss: 0.00866517 
train_loss: 0.00915251 
test_loss: 0.0090598 
train_loss: 0.00909942 
test_loss: 0.00897964 
train_loss: 0.00877558 
test_loss: 0.00836939 
train_loss: 0.00791725 
test_loss: 0.00817057 
train_loss: 0.00818722 
test_loss: 0.00800739 
train_loss: 0.00735939 
test_loss: 0.00752712 
train_loss: 0.00597938 
test_loss: 0.00650035 
train_loss: 0.00549928 
test_loss: 0.00564854 
train_loss: 0.00527872 
test_loss: 0.00503677 
train_loss: 0.00465878 
test_loss: 0.0044993 
train_loss: 0.00419717 
test_loss: 0.00452268 
train_loss: 0.00396236 
test_loss: 0.00409414 
train_loss: 0.00421838 
test_loss: 0.00431661 
train_loss: 0.00396895 
test_loss: 0.00414446 
train_loss: 0.00383546 
test_loss: 0.00414541 
train_loss: 0.00387411 
test_loss: 0.00384778 
train_loss: 0.00383436 
test_loss: 0.00411316 
train_loss: 0.00386077 
test_loss: 0.00386482 
train_loss: 0.00351548 
test_loss: 0.00379969 
train_loss: 0.00372099 
test_loss: 0.00381659 
train_loss: 0.00369136 
test_loss: 0.00375027 
train_loss: 0.00328421 
test_loss: 0.00338149 
train_loss: 0.00340553 
test_loss: 0.0034521 
train_loss: 0.00408257 
test_loss: 0.00360731 
train_loss: 0.00319381 
test_loss: 0.00334238 
train_loss: 0.00340379 
test_loss: 0.00346926 
train_loss: 0.00346336 
test_loss: 0.00344042 
train_loss: 0.00356158 
test_loss: 0.0032893 
train_loss: 0.00324826 
test_loss: 0.00322896 
train_loss: 0.00326886 
test_loss: 0.00308127 
train_loss: 0.00400065 
test_loss: 0.00362868 
train_loss: 0.00316152 
test_loss: 0.00327573 
train_loss: 0.0031176 
test_loss: 0.00317406 
train_loss: 0.0034509 
test_loss: 0.00339824 
train_loss: 0.00307046 
test_loss: 0.00290371 
train_loss: 0.00316288 
test_loss: 0.0029609 
train_loss: 0.00316748 
test_loss: 0.00332903 
train_loss: 0.00310569 
test_loss: 0.00297712 
train_loss: 0.00300365 
test_loss: 0.00297652 
train_loss: 0.00303494 
test_loss: 0.00292399 
train_loss: 0.00292009 
test_loss: 0.00299655 
train_loss: 0.00302721 
test_loss: 0.00294331 
train_loss: 0.00319832 
test_loss: 0.0032599 
train_loss: 0.00272865 
test_loss: 0.00302993 
train_loss: 0.00283446 
test_loss: 0.0027801 
train_loss: 0.00252997 
test_loss: 0.00280343 
train_loss: 0.00304903 
test_loss: 0.00306486 
train_loss: 0.00278895 
test_loss: 0.00290111 
train_loss: 0.00291161 
test_loss: 0.00296571 
train_loss: 0.00265371 
test_loss: 0.00262342 
train_loss: 0.00280001 
test_loss: 0.00288064 
train_loss: 0.00279182 
test_loss: 0.00288388 
train_loss: 0.00267227 
test_loss: 0.00286427 
train_loss: 0.00303718 
test_loss: 0.00319129 
train_loss: 0.00277669 
test_loss: 0.0025443 
train_loss: 0.00265001 
test_loss: 0.00259561 
train_loss: 0.00251754 
test_loss: 0.00269116 
train_loss: 0.00245591 
test_loss: 0.00273148 
train_loss: 0.00251882 
test_loss: 0.00261135 
train_loss: 0.00241295 
test_loss: 0.00245014 
train_loss: 0.00279888 
test_loss: 0.00268447 
train_loss: 0.00312721 
test_loss: 0.00284076 
train_loss: 0.00255895 
test_loss: 0.00251961 
train_loss: 0.00262962 
test_loss: 0.00267552 
train_loss: 0.00260627 
test_loss: 0.00248073 
train_loss: 0.00235015 
test_loss: 0.00231784 
train_loss: 0.00268105 
test_loss: 0.00263567 
train_loss: 0.00234574 
test_loss: 0.00238181 
train_loss: 0.00253995 
test_loss: 0.00237967 
train_loss: 0.00234104 
test_loss: 0.00253863 
train_loss: 0.00258005 
test_loss: 0.00248645 
train_loss: 0.00257021 
test_loss: 0.00246971 
train_loss: 0.00234889 
test_loss: 0.00238583 
train_loss: 0.00229447 
test_loss: 0.00227232 
train_loss: 0.00243466 
test_loss: 0.00266247 
train_loss: 0.00232444 
test_loss: 0.00272007 
train_loss: 0.00238946 
test_loss: 0.00242661 
train_loss: 0.00236166 
test_loss: 0.0023565 
train_loss: 0.00248084 
test_loss: 0.00255566 
train_loss: 0.00221867 
test_loss: 0.00229688 
train_loss: 0.00251327 
test_loss: 0.00231531 
train_loss: 0.00235952 
test_loss: 0.00259989 
