train_loss: 0.515032 
test_loss: 0.502919 
train_loss: 0.470731 
test_loss: 0.463348 
train_loss: 0.427161 
test_loss: 0.407668 
train_loss: 0.341763 
test_loss: 0.338853 
train_loss: 0.231988 
test_loss: 0.222303 
train_loss: 0.125576 
test_loss: 0.122085 
train_loss: 0.0753918 
test_loss: 0.0744264 
train_loss: 0.0532843 
test_loss: 0.0548047 
train_loss: 0.0464989 
test_loss: 0.0473853 
train_loss: 0.0424834 
test_loss: 0.0428846 
train_loss: 0.037253 
test_loss: 0.0374799 
train_loss: 0.0322653 
test_loss: 0.0311702 
train_loss: 0.0247315 
test_loss: 0.0250438 
train_loss: 0.0195651 
test_loss: 0.0199963 
train_loss: 0.016432 
test_loss: 0.0163939 
train_loss: 0.0135417 
test_loss: 0.0141541 
train_loss: 0.012829 
test_loss: 0.0128809 
train_loss: 0.0113622 
test_loss: 0.0117065 
train_loss: 0.011653 
test_loss: 0.0111382 
train_loss: 0.0109642 
test_loss: 0.0111518 
train_loss: 0.0105059 
test_loss: 0.00996954 
train_loss: 0.00975891 
test_loss: 0.0102956 
train_loss: 0.00956184 
test_loss: 0.0102915 
train_loss: 0.0101507 
test_loss: 0.00979386 
train_loss: 0.00970658 
test_loss: 0.0101976 
train_loss: 0.00945683 
test_loss: 0.0100272 
train_loss: 0.00958765 
test_loss: 0.00936511 
train_loss: 0.00949846 
test_loss: 0.00952231 
train_loss: 0.00957683 
test_loss: 0.00988987 
train_loss: 0.00955953 
test_loss: 0.0096078 
train_loss: 0.00945123 
test_loss: 0.00942732 
train_loss: 0.00927725 
test_loss: 0.00925783 
train_loss: 0.00882868 
test_loss: 0.00907064 
train_loss: 0.00923751 
test_loss: 0.00910635 
train_loss: 0.00867682 
test_loss: 0.00924913 
train_loss: 0.00888983 
test_loss: 0.00883852 
train_loss: 0.00865956 
test_loss: 0.00902598 
train_loss: 0.00848641 
test_loss: 0.00830674 
train_loss: 0.00829368 
test_loss: 0.00786229 
train_loss: 0.00751848 
test_loss: 0.00727075 
train_loss: 0.00739035 
test_loss: 0.00700891 
train_loss: 0.00640354 
test_loss: 0.00602767 
train_loss: 0.00615179 
test_loss: 0.0055971 
train_loss: 0.00543029 
test_loss: 0.00570596 
train_loss: 0.00462592 
test_loss: 0.00481143 
train_loss: 0.00488534 
test_loss: 0.00497501 
train_loss: 0.00488004 
test_loss: 0.00527939 
train_loss: 0.00424272 
test_loss: 0.00461078 
train_loss: 0.00443697 
test_loss: 0.00496701 
train_loss: 0.00414621 
test_loss: 0.00437405 
train_loss: 0.00434659 
test_loss: 0.00449558 
train_loss: 0.00440187 
test_loss: 0.00435944 
train_loss: 0.00413418 
test_loss: 0.00413088 
train_loss: 0.00394005 
test_loss: 0.00387566 
train_loss: 0.00416317 
test_loss: 0.00473167 
train_loss: 0.00405514 
test_loss: 0.00404258 
train_loss: 0.00393678 
test_loss: 0.00397757 
train_loss: 0.00426815 
test_loss: 0.00436635 
train_loss: 0.00374527 
test_loss: 0.00390108 
train_loss: 0.00369485 
test_loss: 0.00356599 
train_loss: 0.00411778 
test_loss: 0.0039605 
train_loss: 0.00345835 
test_loss: 0.00355382 
train_loss: 0.00382423 
test_loss: 0.00387962 
train_loss: 0.00402651 
test_loss: 0.00356225 
train_loss: 0.00378393 
test_loss: 0.00357189 
train_loss: 0.00338734 
test_loss: 0.00382245 
train_loss: 0.00330076 
test_loss: 0.00360912 
train_loss: 0.00358872 
test_loss: 0.00363475 
train_loss: 0.00339852 
test_loss: 0.00348085 
train_loss: 0.00327041 
test_loss: 0.00339208 
train_loss: 0.00316884 
test_loss: 0.0034733 
train_loss: 0.00337502 
test_loss: 0.00332556 
train_loss: 0.00321734 
test_loss: 0.00340368 
train_loss: 0.00300681 
test_loss: 0.00344501 
train_loss: 0.00336552 
test_loss: 0.00312262 
train_loss: 0.00338161 
test_loss: 0.00326246 
train_loss: 0.00315136 
test_loss: 0.00307307 
train_loss: 0.00305112 
test_loss: 0.00321583 
train_loss: 0.00303408 
test_loss: 0.00319633 
train_loss: 0.00301706 
test_loss: 0.00282369 
train_loss: 0.00329839 
test_loss: 0.0031372 
train_loss: 0.00335806 
test_loss: 0.00298831 
train_loss: 0.00290299 
test_loss: 0.00297344 
train_loss: 0.00287683 
test_loss: 0.0032905 
train_loss: 0.00300064 
test_loss: 0.00296791 
train_loss: 0.00307147 
test_loss: 0.0030447 
train_loss: 0.00281293 
test_loss: 0.00308837 
train_loss: 0.00291762 
test_loss: 0.00287486 
train_loss: 0.0030113 
test_loss: 0.0029123 
train_loss: 0.00324092 
test_loss: 0.00314147 
train_loss: 0.00287354 
test_loss: 0.00283496 
train_loss: 0.00295905 
test_loss: 0.00290278 
train_loss: 0.00282659 
test_loss: 0.00280425 
train_loss: 0.00284453 
test_loss: 0.00283923 
train_loss: 0.00283555 
test_loss: 0.00293492 
train_loss: 0.00276862 
test_loss: 0.00304048 
train_loss: 0.00278788 
test_loss: 0.0028463 
train_loss: 0.00252869 
test_loss: 0.00252696 
train_loss: 0.00270011 
test_loss: 0.00274715 
train_loss: 0.00281335 
test_loss: 0.00268859 
train_loss: 0.00252262 
test_loss: 0.00274097 
train_loss: 0.0026607 
test_loss: 0.0029115 
train_loss: 0.00263645 
test_loss: 0.00279647 
train_loss: 0.00250544 
test_loss: 0.00289916 
train_loss: 0.00264434 
test_loss: 0.0028593 
train_loss: 0.00273497 
test_loss: 0.00271083 
train_loss: 0.00256974 
test_loss: 0.00246286 
train_loss: 0.00235996 
test_loss: 0.00249565 
train_loss: 0.00272573 
test_loss: 0.00249557 
train_loss: 0.00233032 
test_loss: 0.00282519 
train_loss: 0.00261594 
test_loss: 0.00261519 
train_loss: 0.00251174 
test_loss: 0.00260138 
train_loss: 0.00288184 
test_loss: 0.00285533 
train_loss: 0.00234773 
test_loss: 0.00242745 
train_loss: 0.00270793 
test_loss: 0.0024971 
train_loss: 0.00252363 
test_loss: 0.00255763 
train_loss: 0.00218611 
test_loss: 0.00233977 
train_loss: 0.00250819 
test_loss: 0.00251181 
train_loss: 0.00251311 
test_loss: 0.00236457 
train_loss: 0.00228764 
test_loss: 0.00241301 
train_loss: 0.00243113 
test_loss: 0.00249049 
train_loss: 0.00283879 
test_loss: 0.00256063 
train_loss: 0.00250002 
test_loss: 0.00239417 
train_loss: 0.00227042 
test_loss: 0.0022949 
train_loss: 0.00248513 
test_loss: 0.00246138 
train_loss: 0.00247655 
test_loss: 0.00244498 
train_loss: 0.00249572 
test_loss: 0.00262192 
train_loss: 0.00226138 
test_loss: 0.00221664 
train_loss: 0.00243916 
test_loss: 0.00231143 
train_loss: 0.00226623 
test_loss: 0.00219769 
train_loss: 0.0025643 
test_loss: 0.00270136 
