train_loss: 0.304547 
test_loss: 0.315021 
train_loss: 0.107737 
test_loss: 0.112638 
train_loss: 0.0574066 
test_loss: 0.0577399 
train_loss: 0.0553935 
test_loss: 0.0539299 
train_loss: 0.0545169 
test_loss: 0.0523702 
train_loss: 0.0505225 
test_loss: 0.0503686 
train_loss: 0.0483946 
test_loss: 0.0480576 
train_loss: 0.0428004 
test_loss: 0.0452836 
train_loss: 0.0406988 
test_loss: 0.0412672 
train_loss: 0.0360078 
test_loss: 0.0360153 
train_loss: 0.0304326 
test_loss: 0.030152 
train_loss: 0.0232132 
test_loss: 0.02373 
train_loss: 0.0188868 
test_loss: 0.0182934 
train_loss: 0.0154687 
test_loss: 0.0149877 
train_loss: 0.0130684 
test_loss: 0.0130583 
train_loss: 0.0117876 
test_loss: 0.0116524 
train_loss: 0.0110135 
test_loss: 0.0109588 
train_loss: 0.0108086 
test_loss: 0.0108112 
train_loss: 0.0110365 
test_loss: 0.010771 
train_loss: 0.00983017 
test_loss: 0.010382 
train_loss: 0.00999512 
test_loss: 0.0100502 
train_loss: 0.0110216 
test_loss: 0.00991656 
train_loss: 0.00980382 
test_loss: 0.0104844 
train_loss: 0.00964673 
test_loss: 0.00967709 
train_loss: 0.0101272 
test_loss: 0.00986049 
train_loss: 0.0105025 
test_loss: 0.00982371 
train_loss: 0.0104331 
test_loss: 0.00979227 
train_loss: 0.00855232 
test_loss: 0.00957452 
train_loss: 0.0101902 
test_loss: 0.00971085 
train_loss: 0.00932422 
test_loss: 0.0095465 
train_loss: 0.00892003 
test_loss: 0.00968456 
train_loss: 0.0100002 
test_loss: 0.00959049 
train_loss: 0.00973378 
test_loss: 0.00993891 
train_loss: 0.00993974 
test_loss: 0.00930065 
train_loss: 0.00956721 
test_loss: 0.00951693 
train_loss: 0.00890226 
test_loss: 0.00925005 
train_loss: 0.00975739 
test_loss: 0.00910625 
train_loss: 0.00883429 
test_loss: 0.00920855 
train_loss: 0.00892471 
test_loss: 0.0090234 
train_loss: 0.00879858 
test_loss: 0.00921012 
train_loss: 0.0082672 
test_loss: 0.00853577 
train_loss: 0.0084309 
test_loss: 0.00838062 
train_loss: 0.00719077 
test_loss: 0.00794155 
train_loss: 0.00713703 
test_loss: 0.00794413 
train_loss: 0.00668602 
test_loss: 0.0064786 
train_loss: 0.00594844 
test_loss: 0.0057591 
train_loss: 0.0053659 
test_loss: 0.0058825 
train_loss: 0.00487198 
test_loss: 0.00474415 
train_loss: 0.00522553 
test_loss: 0.00448121 
train_loss: 0.00449594 
test_loss: 0.0043394 
train_loss: 0.00413696 
test_loss: 0.00394039 
train_loss: 0.00449944 
test_loss: 0.00418884 
train_loss: 0.00439571 
test_loss: 0.00396322 
train_loss: 0.00364256 
test_loss: 0.00366726 
train_loss: 0.00359264 
test_loss: 0.00373512 
train_loss: 0.0036334 
test_loss: 0.00379878 
train_loss: 0.00355455 
test_loss: 0.00394461 
train_loss: 0.00362277 
test_loss: 0.00365191 
train_loss: 0.00391708 
test_loss: 0.00333317 
train_loss: 0.00315719 
test_loss: 0.00334825 
train_loss: 0.00324771 
test_loss: 0.00305332 
train_loss: 0.00301819 
test_loss: 0.00304813 
train_loss: 0.00319323 
test_loss: 0.00339085 
train_loss: 0.00313478 
test_loss: 0.00328503 
train_loss: 0.00353074 
test_loss: 0.00346501 
train_loss: 0.00332551 
test_loss: 0.00315202 
train_loss: 0.00323106 
test_loss: 0.00275574 
train_loss: 0.00321104 
test_loss: 0.00316675 
train_loss: 0.00309253 
test_loss: 0.00309399 
train_loss: 0.00299171 
test_loss: 0.00285414 
train_loss: 0.00295339 
test_loss: 0.0029983 
train_loss: 0.00282489 
test_loss: 0.00316903 
train_loss: 0.00279448 
test_loss: 0.00317536 
train_loss: 0.00303791 
test_loss: 0.00297766 
train_loss: 0.00278166 
test_loss: 0.00273325 
train_loss: 0.00285133 
test_loss: 0.00291346 
train_loss: 0.00275756 
test_loss: 0.00280642 
train_loss: 0.00282562 
test_loss: 0.00269693 
train_loss: 0.00283546 
test_loss: 0.00295991 
train_loss: 0.00262799 
test_loss: 0.00251188 
train_loss: 0.0024961 
test_loss: 0.0025758 
train_loss: 0.00298217 
test_loss: 0.00254458 
train_loss: 0.00270393 
test_loss: 0.00263787 
train_loss: 0.00316926 
test_loss: 0.00279688 
train_loss: 0.00238362 
test_loss: 0.00257322 
train_loss: 0.00265907 
test_loss: 0.00260622 
train_loss: 0.0027254 
test_loss: 0.00247874 
train_loss: 0.00310986 
test_loss: 0.00270066 
train_loss: 0.00247675 
test_loss: 0.00246692 
train_loss: 0.00270847 
test_loss: 0.00265224 
train_loss: 0.00255295 
test_loss: 0.002571 
train_loss: 0.0026183 
test_loss: 0.00256617 
train_loss: 0.00272691 
test_loss: 0.00253808 
train_loss: 0.00227202 
test_loss: 0.00246506 
train_loss: 0.00275047 
test_loss: 0.00271747 
train_loss: 0.00233663 
test_loss: 0.00233466 
train_loss: 0.0026742 
test_loss: 0.00274139 
train_loss: 0.00233928 
test_loss: 0.00223326 
train_loss: 0.00227157 
test_loss: 0.00223141 
train_loss: 0.00244059 
test_loss: 0.00244062 
train_loss: 0.00246011 
test_loss: 0.00252992 
train_loss: 0.00255474 
test_loss: 0.00257023 
train_loss: 0.00251913 
test_loss: 0.00248854 
train_loss: 0.00264623 
test_loss: 0.00233906 
train_loss: 0.00233055 
test_loss: 0.00222794 
train_loss: 0.00232626 
test_loss: 0.00227767 
train_loss: 0.00243164 
test_loss: 0.0022677 
train_loss: 0.00207491 
test_loss: 0.00237674 
train_loss: 0.00246639 
test_loss: 0.00229563 
train_loss: 0.00222014 
test_loss: 0.00241659 
train_loss: 0.00257091 
test_loss: 0.00256312 
