train_loss: 0.509472 
test_loss: 0.521993 
train_loss: 0.509218 
test_loss: 0.499665 
train_loss: 0.461655 
test_loss: 0.468071 
train_loss: 0.413615 
test_loss: 0.426035 
train_loss: 0.371809 
test_loss: 0.369909 
train_loss: 0.308214 
test_loss: 0.300861 
train_loss: 0.225075 
test_loss: 0.230358 
train_loss: 0.159938 
test_loss: 0.161613 
train_loss: 0.108479 
test_loss: 0.109328 
train_loss: 0.075409 
test_loss: 0.0748504 
train_loss: 0.060421 
test_loss: 0.0600853 
train_loss: 0.0538779 
test_loss: 0.0553026 
train_loss: 0.055567 
test_loss: 0.0532351 
train_loss: 0.0499949 
test_loss: 0.0516856 
train_loss: 0.0502095 
test_loss: 0.0500904 
train_loss: 0.0482661 
test_loss: 0.0483058 
train_loss: 0.0448098 
test_loss: 0.0459534 
train_loss: 0.0436774 
test_loss: 0.0426597 
train_loss: 0.0368413 
test_loss: 0.0382625 
train_loss: 0.0338357 
test_loss: 0.0330737 
train_loss: 0.0237134 
test_loss: 0.0257183 
train_loss: 0.0177906 
test_loss: 0.017662 
train_loss: 0.0129956 
test_loss: 0.0133091 
train_loss: 0.0118805 
test_loss: 0.0117945 
train_loss: 0.0106298 
test_loss: 0.0115335 
train_loss: 0.0111705 
test_loss: 0.0107978 
train_loss: 0.0106189 
test_loss: 0.0101453 
train_loss: 0.00948253 
test_loss: 0.00973238 
train_loss: 0.0090474 
test_loss: 0.0102238 
train_loss: 0.00978965 
test_loss: 0.0099869 
train_loss: 0.00951917 
test_loss: 0.00990597 
train_loss: 0.00980669 
test_loss: 0.00949618 
train_loss: 0.00958177 
test_loss: 0.00971843 
train_loss: 0.0104659 
test_loss: 0.00992151 
train_loss: 0.010014 
test_loss: 0.0100467 
train_loss: 0.00978997 
test_loss: 0.00963524 
train_loss: 0.00955739 
test_loss: 0.00965433 
train_loss: 0.00961404 
test_loss: 0.00934136 
train_loss: 0.00965458 
test_loss: 0.0096683 
train_loss: 0.00975927 
test_loss: 0.0093968 
train_loss: 0.00871929 
test_loss: 0.00921879 
train_loss: 0.00883399 
test_loss: 0.00835888 
train_loss: 0.00776628 
test_loss: 0.00839021 
train_loss: 0.00822801 
test_loss: 0.00730011 
train_loss: 0.00736059 
test_loss: 0.00688264 
train_loss: 0.00699971 
test_loss: 0.00628854 
train_loss: 0.00583369 
test_loss: 0.00632122 
train_loss: 0.0062091 
test_loss: 0.00645956 
train_loss: 0.00486798 
test_loss: 0.00518916 
train_loss: 0.00499689 
test_loss: 0.00534118 
train_loss: 0.0054439 
test_loss: 0.00518211 
train_loss: 0.00448424 
test_loss: 0.00461056 
train_loss: 0.00503407 
test_loss: 0.00461878 
train_loss: 0.00443192 
test_loss: 0.00458385 
train_loss: 0.00417972 
test_loss: 0.00414938 
train_loss: 0.00476291 
test_loss: 0.00448939 
train_loss: 0.00435938 
test_loss: 0.00418999 
train_loss: 0.00419771 
test_loss: 0.0041164 
train_loss: 0.00461614 
test_loss: 0.00434989 
train_loss: 0.00383101 
test_loss: 0.00394307 
train_loss: 0.0035899 
test_loss: 0.0036882 
train_loss: 0.0040392 
test_loss: 0.0040241 
train_loss: 0.00416925 
test_loss: 0.00429267 
train_loss: 0.00434028 
test_loss: 0.00402146 
train_loss: 0.00448654 
test_loss: 0.0038528 
train_loss: 0.00398463 
test_loss: 0.00420592 
train_loss: 0.0040847 
test_loss: 0.00398518 
train_loss: 0.00356209 
test_loss: 0.00375385 
train_loss: 0.00364617 
test_loss: 0.00392768 
train_loss: 0.00327319 
test_loss: 0.00334203 
train_loss: 0.0035662 
test_loss: 0.00331329 
train_loss: 0.00381907 
test_loss: 0.00396157 
train_loss: 0.00355789 
test_loss: 0.00360967 
train_loss: 0.00314795 
test_loss: 0.00343804 
train_loss: 0.00336236 
test_loss: 0.00350093 
train_loss: 0.00300256 
test_loss: 0.00333927 
train_loss: 0.00370345 
test_loss: 0.00354136 
train_loss: 0.00323064 
test_loss: 0.00309271 
train_loss: 0.00315937 
test_loss: 0.00352812 
train_loss: 0.00281016 
test_loss: 0.00304058 
train_loss: 0.00335251 
test_loss: 0.00357549 
