train_loss: 0.221884 
test_loss: 0.221132 
train_loss: 0.220128 
test_loss: 0.221117 
train_loss: 0.216978 
test_loss: 0.22109 
train_loss: 0.227238 
test_loss: 0.221071 
train_loss: 0.220168 
test_loss: 0.221045 
train_loss: 0.22265 
test_loss: 0.221005 
train_loss: 0.218911 
test_loss: 0.220929 
train_loss: 0.225654 
test_loss: 0.220858 
train_loss: 0.219781 
test_loss: 0.220688 
train_loss: 0.219957 
test_loss: 0.220356 
train_loss: 0.217756 
test_loss: 0.219423 
train_loss: 0.215832 
test_loss: 0.21571 
train_loss: 0.203848 
test_loss: 0.20539 
train_loss: 0.202237 
test_loss: 0.202475 
train_loss: 0.202173 
test_loss: 0.202421 
train_loss: 0.205637 
test_loss: 0.202372 
train_loss: 0.202019 
test_loss: 0.202322 
train_loss: 0.203488 
test_loss: 0.202277 
train_loss: 0.20234 
test_loss: 0.202223 
train_loss: 0.203578 
test_loss: 0.202169 
train_loss: 0.199908 
test_loss: 0.20212 
train_loss: 0.203016 
test_loss: 0.202036 
train_loss: 0.199042 
test_loss: 0.201986 
train_loss: 0.203117 
test_loss: 0.201917 
train_loss: 0.201599 
test_loss: 0.201835 
train_loss: 0.200553 
test_loss: 0.201759 
train_loss: 0.205149 
test_loss: 0.201679 
train_loss: 0.201925 
test_loss: 0.201591 
train_loss: 0.199496 
test_loss: 0.201501 
train_loss: 0.202944 
test_loss: 0.201403 
train_loss: 0.203441 
test_loss: 0.201298 
train_loss: 0.201812 
test_loss: 0.201199 
train_loss: 0.198425 
test_loss: 0.201073 
train_loss: 0.201899 
test_loss: 0.200962 
train_loss: 0.198603 
test_loss: 0.200832 
train_loss: 0.197974 
test_loss: 0.200702 
train_loss: 0.197802 
test_loss: 0.200554 
train_loss: 0.202005 
test_loss: 0.200404 
train_loss: 0.200838 
test_loss: 0.200245 
train_loss: 0.201263 
test_loss: 0.200079 
train_loss: 0.200355 
test_loss: 0.199892 
train_loss: 0.200885 
test_loss: 0.199701 
train_loss: 0.197929 
test_loss: 0.199485 
train_loss: 0.197057 
test_loss: 0.199256 
train_loss: 0.192042 
test_loss: 0.199006 
train_loss: 0.198972 
test_loss: 0.198724 
train_loss: 0.195972 
test_loss: 0.198387 
train_loss: 0.200896 
test_loss: 0.197972 
train_loss: 0.19731 
test_loss: 0.197361 
train_loss: 0.199543 
test_loss: 0.196215 
train_loss: 0.1926 
test_loss: 0.192795 
train_loss: 0.183368 
test_loss: 0.182941 
train_loss: 0.181862 
test_loss: 0.179334 
train_loss: 0.17672 
test_loss: 0.178667 
train_loss: 0.177582 
test_loss: 0.177908 
train_loss: 0.176904 
test_loss: 0.17702 
train_loss: 0.175383 
test_loss: 0.176061 
train_loss: 0.176775 
test_loss: 0.174958 
train_loss: 0.17309 
test_loss: 0.173678 
train_loss: 0.173799 
test_loss: 0.172173 
train_loss: 0.168648 
test_loss: 0.170486 
train_loss: 0.170515 
test_loss: 0.168746 
train_loss: 0.165061 
test_loss: 0.167063 
train_loss: 0.167958 
test_loss: 0.16545 
train_loss: 0.165822 
test_loss: 0.163894 
train_loss: 0.161395 
test_loss: 0.16236 
train_loss: 0.162055 
test_loss: 0.160853 
train_loss: 0.160779 
test_loss: 0.159354 
train_loss: 0.15945 
test_loss: 0.157847 
train_loss: 0.157254 
test_loss: 0.156335 
train_loss: 0.155365 
test_loss: 0.154827 
train_loss: 0.156189 
test_loss: 0.15326 
train_loss: 0.151193 
test_loss: 0.15164 
train_loss: 0.153444 
test_loss: 0.149904 
train_loss: 0.148354 
test_loss: 0.147953 
train_loss: 0.146229 
test_loss: 0.145238 
train_loss: 0.140505 
test_loss: 0.139312 
train_loss: 0.126404 
test_loss: 0.12603 
train_loss: 0.109097 
test_loss: 0.109538 
train_loss: 0.0957322 
test_loss: 0.0948092 
train_loss: 0.0819627 
test_loss: 0.0825445 
train_loss: 0.0747116 
test_loss: 0.0729767 
train_loss: 0.0666861 
test_loss: 0.0661682 
train_loss: 0.0616435 
test_loss: 0.0615134 
train_loss: 0.0578016 
test_loss: 0.0582468 
train_loss: 0.0566915 
test_loss: 0.0558043 
train_loss: 0.0537842 
test_loss: 0.0538739 
train_loss: 0.0515816 
test_loss: 0.0522545 
train_loss: 0.0518847 
test_loss: 0.0508566 
train_loss: 0.0497673 
test_loss: 0.0495964 
train_loss: 0.0490557 
test_loss: 0.0484119 
train_loss: 0.0469791 
test_loss: 0.0472481 
train_loss: 0.0462875 
test_loss: 0.0460655 
train_loss: 0.0457136 
test_loss: 0.0448202 
train_loss: 0.0432416 
test_loss: 0.04342 
train_loss: 0.0408822 
test_loss: 0.041806 
train_loss: 0.0395039 
test_loss: 0.0399077 
train_loss: 0.0370029 
test_loss: 0.0376403 
train_loss: 0.0344412 
test_loss: 0.0350825 
train_loss: 0.0325733 
test_loss: 0.0323045 
train_loss: 0.0287808 
test_loss: 0.0294877 
train_loss: 0.0269458 
test_loss: 0.0268235 
train_loss: 0.0247405 
test_loss: 0.0245031 
train_loss: 0.0226224 
test_loss: 0.0225924 
train_loss: 0.0212963 
test_loss: 0.0211304 
train_loss: 0.0200331 
test_loss: 0.0200526 
train_loss: 0.0187794 
test_loss: 0.0190711 
train_loss: 0.0180941 
test_loss: 0.0182897 
train_loss: 0.0177586 
test_loss: 0.0176345 
train_loss: 0.0169458 
test_loss: 0.0170462 
train_loss: 0.0165869 
test_loss: 0.0165245 
train_loss: 0.0159275 
test_loss: 0.016082 
train_loss: 0.015635 
test_loss: 0.015679 
train_loss: 0.0152284 
test_loss: 0.0153084 
train_loss: 0.0151991 
test_loss: 0.0149797 
train_loss: 0.0147169 
test_loss: 0.0146393 
train_loss: 0.0141856 
test_loss: 0.0144181 
train_loss: 0.0142618 
test_loss: 0.0141288 
train_loss: 0.0140369 
test_loss: 0.0139042 
train_loss: 0.0133898 
test_loss: 0.0136826 
train_loss: 0.0134415 
test_loss: 0.0134786 
train_loss: 0.0135073 
test_loss: 0.0132946 
train_loss: 0.0130103 
test_loss: 0.0131197 
train_loss: 0.0128383 
test_loss: 0.0129758 
train_loss: 0.0127128 
test_loss: 0.0128274 
train_loss: 0.0125942 
test_loss: 0.0126724 
train_loss: 0.0124887 
test_loss: 0.0125469 
train_loss: 0.0123492 
test_loss: 0.0125241 
train_loss: 0.0121764 
test_loss: 0.0123061 
train_loss: 0.0121127 
test_loss: 0.0122242 
train_loss: 0.012248 
test_loss: 0.0121826 
train_loss: 0.0119709 
test_loss: 0.0120063 
train_loss: 0.0119236 
test_loss: 0.0119364 
train_loss: 0.0118341 
test_loss: 0.0118295 
train_loss: 0.0116885 
test_loss: 0.0117901 
train_loss: 0.0115786 
test_loss: 0.0116877 
train_loss: 0.0118204 
test_loss: 0.0115566 
train_loss: 0.011301 
test_loss: 0.0114983 
train_loss: 0.0111257 
test_loss: 0.0115374 
train_loss: 0.0113878 
test_loss: 0.0113899 
train_loss: 0.0111831 
test_loss: 0.0112994 
train_loss: 0.0111304 
test_loss: 0.0112021 
train_loss: 0.0110184 
test_loss: 0.0111839 
train_loss: 0.0110329 
test_loss: 0.0110764 
train_loss: 0.0108338 
test_loss: 0.0110502 
train_loss: 0.0110733 
test_loss: 0.0109683 
train_loss: 0.0109176 
test_loss: 0.0109307 
train_loss: 0.0106198 
test_loss: 0.0108517 
train_loss: 0.0103935 
test_loss: 0.0107639 
train_loss: 0.0105753 
test_loss: 0.010787 
train_loss: 0.0102787 
test_loss: 0.0106733 
train_loss: 0.0104641 
test_loss: 0.0105804 
train_loss: 0.0102344 
test_loss: 0.0106222 
train_loss: 0.0104846 
test_loss: 0.0105339 
train_loss: 0.0102133 
test_loss: 0.0104788 
train_loss: 0.0105912 
test_loss: 0.010407 
train_loss: 0.0101859 
test_loss: 0.0103555 
train_loss: 0.0103833 
test_loss: 0.0103175 
train_loss: 0.0104474 
test_loss: 0.0102397 
train_loss: 0.0100695 
test_loss: 0.0102169 
train_loss: 0.00988185 
test_loss: 0.0101105 
train_loss: 0.01016 
test_loss: 0.0100481 
train_loss: 0.00978667 
test_loss: 0.00998474 
train_loss: 0.00983736 
test_loss: 0.0101336 
train_loss: 0.00990192 
test_loss: 0.0099004 
train_loss: 0.00960731 
test_loss: 0.00987921 
train_loss: 0.00945831 
test_loss: 0.00973243 
train_loss: 0.0097172 
test_loss: 0.00971164 
train_loss: 0.00964549 
test_loss: 0.00955918 
train_loss: 0.00957559 
test_loss: 0.00950174 
train_loss: 0.00930264 
test_loss: 0.00936044 
train_loss: 0.00943537 
test_loss: 0.00934897 
train_loss: 0.00889123 
test_loss: 0.00920234 
train_loss: 0.00888803 
test_loss: 0.00890821 
train_loss: 0.00904806 
test_loss: 0.00889807 
train_loss: 0.00849942 
test_loss: 0.00869693 
train_loss: 0.00818438 
test_loss: 0.00903501 
train_loss: 0.00836643 
test_loss: 0.00841805 
train_loss: 0.00821369 
test_loss: 0.00848476 
train_loss: 0.00805264 
test_loss: 0.00805046 
train_loss: 0.00776691 
test_loss: 0.00765564 
train_loss: 0.00747672 
test_loss: 0.00751095 
train_loss: 0.00780206 
test_loss: 0.00792247 
train_loss: 0.007345 
test_loss: 0.00732552 
train_loss: 0.00703726 
test_loss: 0.00705232 
train_loss: 0.00713422 
test_loss: 0.00707407 
train_loss: 0.00689585 
test_loss: 0.00748479 
train_loss: 0.00720833 
test_loss: 0.00719156 
train_loss: 0.00705548 
test_loss: 0.00696027 
train_loss: 0.0070999 
test_loss: 0.00715541 
train_loss: 0.00688358 
test_loss: 0.00711838 
train_loss: 0.00679524 
test_loss: 0.00689403 
train_loss: 0.00671573 
test_loss: 0.00671548 
train_loss: 0.00631738 
test_loss: 0.00653483 
train_loss: 0.00657481 
test_loss: 0.00649637 
train_loss: 0.00703193 
test_loss: 0.00694765 
train_loss: 0.0062692 
test_loss: 0.00628059 
train_loss: 0.00607769 
test_loss: 0.0061361 
train_loss: 0.00581866 
test_loss: 0.0057635 
train_loss: 0.00557314 
test_loss: 0.00572307 
train_loss: 0.00498858 
test_loss: 0.00477668 
train_loss: 0.00457084 
test_loss: 0.0045252 
train_loss: 0.00463343 
test_loss: 0.00425369 
train_loss: 0.00495283 
test_loss: 0.00466834 
train_loss: 0.00438406 
test_loss: 0.0045122 
train_loss: 0.00418728 
test_loss: 0.00411553 
train_loss: 0.00369738 
test_loss: 0.00395153 
train_loss: 0.00402049 
test_loss: 0.00378065 
train_loss: 0.00350084 
test_loss: 0.0042948 
train_loss: 0.00333101 
test_loss: 0.00410271 
train_loss: 0.00346678 
test_loss: 0.00326728 
train_loss: 0.00420805 
test_loss: 0.00378009 
train_loss: 0.00347222 
test_loss: 0.00358314 
train_loss: 0.00314958 
test_loss: 0.00318761 
train_loss: 0.00301278 
test_loss: 0.00357942 
train_loss: 0.0034318 
test_loss: 0.00312632 
train_loss: 0.00322679 
test_loss: 0.00362239 
train_loss: 0.00381991 
test_loss: 0.00375766 
train_loss: 0.00378932 
test_loss: 0.00296886 
train_loss: 0.00293118 
test_loss: 0.00307686 
train_loss: 0.00310367 
test_loss: 0.00320458 
train_loss: 0.00311559 
test_loss: 0.0031537 
train_loss: 0.00331635 
test_loss: 0.00296036 
train_loss: 0.00293732 
test_loss: 0.00328647 
train_loss: 0.002729 
test_loss: 0.00371964 
train_loss: 0.00284152 
test_loss: 0.00371857 
train_loss: 0.00351294 
test_loss: 0.00324495 
train_loss: 0.00272438 
test_loss: 0.00288767 
train_loss: 0.00301954 
test_loss: 0.00282991 
train_loss: 0.00317063 
test_loss: 0.00273238 
train_loss: 0.00289943 
test_loss: 0.00255195 
train_loss: 0.00310432 
test_loss: 0.00291317 
train_loss: 0.00283996 
test_loss: 0.00250956 
train_loss: 0.00276144 
test_loss: 0.00269954 
train_loss: 0.00269892 
test_loss: 0.00279106 
train_loss: 0.00299271 
test_loss: 0.00266406 
train_loss: 0.00283265 
test_loss: 0.00274298 
train_loss: 0.00297145 
test_loss: 0.0026395 
train_loss: 0.00295093 
test_loss: 0.00332977 
train_loss: 0.00269424 
test_loss: 0.00303942 
