train_loss: 0.0440299 
test_loss: 0.0433276 
train_loss: 0.0106219 
test_loss: 0.0105919 
train_loss: 0.00914869 
test_loss: 0.00891725 
train_loss: 0.00835741 
test_loss: 0.00826713 
train_loss: 0.00739807 
test_loss: 0.00774508 
train_loss: 0.00612965 
test_loss: 0.00592337 
train_loss: 0.00611591 
test_loss: 0.00566209 
train_loss: 0.00540841 
test_loss: 0.00459668 
train_loss: 0.00449783 
test_loss: 0.00547313 
train_loss: 0.00460685 
test_loss: 0.00547973 
train_loss: 0.0043671 
test_loss: 0.00519382 
train_loss: 0.00435833 
test_loss: 0.0038793 
train_loss: 0.00449136 
test_loss: 0.00406876 
train_loss: 0.00384875 
test_loss: 0.00430269 
train_loss: 0.00367557 
test_loss: 0.00362188 
train_loss: 0.00434596 
test_loss: 0.00382485 
train_loss: 0.00433236 
test_loss: 0.00508355 
train_loss: 0.00444355 
test_loss: 0.00404907 
train_loss: 0.00436525 
test_loss: 0.00383248 
train_loss: 0.00471614 
test_loss: 0.00389683 
train_loss: 0.00397434 
test_loss: 0.00452557 
train_loss: 0.00414803 
test_loss: 0.00393705 
train_loss: 0.00410961 
test_loss: 0.00428441 
train_loss: 0.00415809 
test_loss: 0.00364683 
train_loss: 0.00358849 
test_loss: 0.00394066 
train_loss: 0.00403971 
test_loss: 0.00484965 
train_loss: 0.00494297 
test_loss: 0.00474269 
train_loss: 0.00446144 
test_loss: 0.00443776 
train_loss: 0.00391727 
test_loss: 0.0043012 
train_loss: 0.00389752 
test_loss: 0.00414234 
train_loss: 0.00375433 
test_loss: 0.00422563 
train_loss: 0.00407076 
test_loss: 0.0037516 
train_loss: 0.00378976 
test_loss: 0.00423191 
train_loss: 0.00441296 
test_loss: 0.00485338 
train_loss: 0.00407912 
test_loss: 0.00430114 
train_loss: 0.00502601 
test_loss: 0.00438234 
train_loss: 0.00405819 
test_loss: 0.00420024 
train_loss: 0.00410715 
test_loss: 0.00430629 
train_loss: 0.00405604 
test_loss: 0.00404877 
train_loss: 0.00434487 
test_loss: 0.00381423 
train_loss: 0.00437984 
test_loss: 0.00410311 
train_loss: 0.00392616 
test_loss: 0.00409193 
train_loss: 0.00420785 
test_loss: 0.00382584 
train_loss: 0.00337065 
test_loss: 0.00363479 
train_loss: 0.00408541 
test_loss: 0.00446532 
train_loss: 0.00395611 
test_loss: 0.00495484 
train_loss: 0.00448229 
test_loss: 0.00432494 
train_loss: 0.00353709 
test_loss: 0.00381757 
train_loss: 0.0037438 
test_loss: 0.00416338 
train_loss: 0.00416349 
test_loss: 0.00399555 
train_loss: 0.00342136 
test_loss: 0.00422292 
train_loss: 0.00421083 
test_loss: 0.00447034 
train_loss: 0.00444213 
test_loss: 0.00374797 
train_loss: 0.00357896 
test_loss: 0.003924 
train_loss: 0.00428808 
test_loss: 0.00457286 
train_loss: 0.00438055 
test_loss: 0.00436037 
train_loss: 0.00348734 
test_loss: 0.00327808 
train_loss: 0.00385493 
test_loss: 0.00393351 
train_loss: 0.00436944 
test_loss: 0.00390761 
train_loss: 0.00444948 
test_loss: 0.00426726 
train_loss: 0.00393565 
test_loss: 0.00404156 
train_loss: 0.00436219 
test_loss: 0.00430278 
train_loss: 0.00449008 
test_loss: 0.00374329 
train_loss: 0.00397632 
test_loss: 0.00354818 
train_loss: 0.00402247 
test_loss: 0.0055325 
train_loss: 0.00445482 
test_loss: 0.00434282 
train_loss: 0.00455846 
test_loss: 0.00364061 
train_loss: 0.00470162 
test_loss: 0.00402342 
train_loss: 0.0040368 
test_loss: 0.00360917 
train_loss: 0.00421652 
test_loss: 0.00392044 
train_loss: 0.00361988 
test_loss: 0.00380048 
train_loss: 0.00411557 
test_loss: 0.0048069 
train_loss: 0.00435183 
test_loss: 0.0038548 
train_loss: 0.00389732 
test_loss: 0.00419477 
train_loss: 0.0044878 
test_loss: 0.0039655 
train_loss: 0.0036515 
test_loss: 0.00362868 
train_loss: 0.00374829 
test_loss: 0.00387835 
train_loss: 0.00387882 
test_loss: 0.00431956 
train_loss: 0.00414723 
test_loss: 0.00355032 
train_loss: 0.00405271 
test_loss: 0.00445272 
train_loss: 0.00317931 
test_loss: 0.00371246 
train_loss: 0.00452771 
test_loss: 0.00458327 
train_loss: 0.00401694 
test_loss: 0.00403704 
train_loss: 0.00482398 
test_loss: 0.00416972 
train_loss: 0.00349634 
test_loss: 0.00405622 
train_loss: 0.00382244 
test_loss: 0.00349492 
train_loss: 0.00435793 
test_loss: 0.00427275 
train_loss: 0.00437986 
test_loss: 0.00362899 
train_loss: 0.00428472 
test_loss: 0.00443887 
train_loss: 0.00381746 
test_loss: 0.00297398 
train_loss: 0.00359032 
test_loss: 0.00410259 
train_loss: 0.00393094 
test_loss: 0.00406434 
train_loss: 0.00339242 
test_loss: 0.00372165 
train_loss: 0.00361499 
test_loss: 0.00445118 
train_loss: 0.00357534 
test_loss: 0.00405856 
train_loss: 0.00410248 
test_loss: 0.00376661 
train_loss: 0.00424188 
test_loss: 0.00370434 
train_loss: 0.00418442 
test_loss: 0.00350635 
train_loss: 0.00396597 
test_loss: 0.00400194 
train_loss: 0.00364931 
test_loss: 0.00336525 
train_loss: 0.00342511 
test_loss: 0.00411075 
train_loss: 0.00400494 
test_loss: 0.00401095 
train_loss: 0.00346951 
test_loss: 0.00362948 
train_loss: 0.0039501 
test_loss: 0.00340519 
train_loss: 0.003791 
test_loss: 0.00408547 
train_loss: 0.00318158 
test_loss: 0.00302255 
train_loss: 0.003566 
test_loss: 0.00298855 
train_loss: 0.0032912 
test_loss: 0.00369541 
train_loss: 0.00399829 
test_loss: 0.00320259 
train_loss: 0.00313887 
test_loss: 0.00326293 
train_loss: 0.00333385 
test_loss: 0.00384014 
train_loss: 0.00276222 
test_loss: 0.00301213 
train_loss: 0.00305209 
test_loss: 0.00304835 
train_loss: 0.00342102 
test_loss: 0.00368064 
train_loss: 0.00318476 
test_loss: 0.00306609 
train_loss: 0.00375762 
test_loss: 0.00357586 
train_loss: 0.00270154 
test_loss: 0.00318853 
train_loss: 0.00404131 
test_loss: 0.00312921 
train_loss: 0.00397629 
test_loss: 0.00334839 
train_loss: 0.00304959 
test_loss: 0.00354635 
