train_loss: 0.32192 
test_loss: 0.333429 
train_loss: 0.324883 
test_loss: 0.318872 
train_loss: 0.289942 
test_loss: 0.298166 
train_loss: 0.269544 
test_loss: 0.271304 
train_loss: 0.234565 
test_loss: 0.237725 
train_loss: 0.195251 
test_loss: 0.196151 
train_loss: 0.143219 
test_loss: 0.145337 
train_loss: 0.0971266 
test_loss: 0.0975775 
train_loss: 0.0715645 
test_loss: 0.0701954 
train_loss: 0.0609275 
test_loss: 0.0590491 
train_loss: 0.0560537 
test_loss: 0.0551344 
train_loss: 0.0527651 
test_loss: 0.0539857 
train_loss: 0.0545831 
test_loss: 0.0531944 
train_loss: 0.0516838 
test_loss: 0.0523101 
train_loss: 0.0514616 
test_loss: 0.0507802 
train_loss: 0.0454916 
test_loss: 0.0480987 
train_loss: 0.0407621 
test_loss: 0.0417247 
train_loss: 0.0297529 
test_loss: 0.029624 
train_loss: 0.0175288 
test_loss: 0.0171434 
train_loss: 0.0142179 
test_loss: 0.0139598 
train_loss: 0.0126222 
test_loss: 0.0126576 
train_loss: 0.0116777 
test_loss: 0.0117206 
train_loss: 0.0112361 
test_loss: 0.010739 
train_loss: 0.0111007 
test_loss: 0.0110188 
train_loss: 0.0107539 
test_loss: 0.0106537 
train_loss: 0.00996277 
test_loss: 0.0102203 
train_loss: 0.0107703 
test_loss: 0.0108402 
train_loss: 0.0100196 
test_loss: 0.0100798 
train_loss: 0.0100814 
test_loss: 0.0100845 
train_loss: 0.00956065 
test_loss: 0.0101611 
train_loss: 0.0109737 
test_loss: 0.0106164 
train_loss: 0.0101759 
test_loss: 0.00987766 
train_loss: 0.0106481 
test_loss: 0.0100365 
train_loss: 0.00915374 
test_loss: 0.0100511 
train_loss: 0.00959357 
test_loss: 0.00953807 
train_loss: 0.00891011 
test_loss: 0.00891462 
train_loss: 0.00807624 
test_loss: 0.00786375 
train_loss: 0.00740804 
test_loss: 0.00745502 
train_loss: 0.00633036 
test_loss: 0.00614528 
train_loss: 0.00588583 
test_loss: 0.00588384 
train_loss: 0.0063992 
test_loss: 0.00601867 
train_loss: 0.00557762 
test_loss: 0.00581127 
train_loss: 0.00469729 
test_loss: 0.00503357 
train_loss: 0.00435529 
test_loss: 0.00512177 
train_loss: 0.00570732 
test_loss: 0.00519066 
train_loss: 0.00491671 
test_loss: 0.00506429 
train_loss: 0.00499664 
test_loss: 0.00472894 
train_loss: 0.00483388 
test_loss: 0.00459992 
train_loss: 0.00412323 
test_loss: 0.00403055 
train_loss: 0.00448958 
test_loss: 0.00476614 
train_loss: 0.0045299 
test_loss: 0.00450318 
train_loss: 0.00394839 
test_loss: 0.00442239 
train_loss: 0.00444275 
test_loss: 0.00398835 
train_loss: 0.00403897 
test_loss: 0.00434817 
train_loss: 0.00447314 
test_loss: 0.00458486 
train_loss: 0.00403031 
test_loss: 0.00370858 
train_loss: 0.00415654 
test_loss: 0.00425324 
train_loss: 0.00407301 
test_loss: 0.00409111 
train_loss: 0.00419693 
test_loss: 0.00378935 
train_loss: 0.00370216 
test_loss: 0.00365811 
train_loss: 0.00378518 
test_loss: 0.00357569 
train_loss: 0.00357324 
test_loss: 0.00374324 
train_loss: 0.00373292 
test_loss: 0.00367632 
train_loss: 0.00365663 
test_loss: 0.00376812 
train_loss: 0.00342191 
test_loss: 0.0037699 
train_loss: 0.00354721 
test_loss: 0.00372095 
train_loss: 0.00335068 
test_loss: 0.00318848 
train_loss: 0.00347675 
test_loss: 0.00332081 
train_loss: 0.00351979 
test_loss: 0.00358664 
train_loss: 0.00400062 
test_loss: 0.00362474 
train_loss: 0.00356406 
test_loss: 0.00331194 
train_loss: 0.003488 
test_loss: 0.00357238 
train_loss: 0.00341845 
test_loss: 0.00340541 
train_loss: 0.00320413 
test_loss: 0.00319197 
train_loss: 0.00365431 
test_loss: 0.00370416 
train_loss: 0.00373295 
test_loss: 0.00326062 
train_loss: 0.00310012 
test_loss: 0.003463 
train_loss: 0.00285665 
test_loss: 0.00313077 
train_loss: 0.00334948 
test_loss: 0.00330553 
train_loss: 0.00339907 
test_loss: 0.00302413 
train_loss: 0.00316371 
test_loss: 0.00315908 
train_loss: 0.00278717 
test_loss: 0.00325449 
train_loss: 0.00300042 
test_loss: 0.00296838 
train_loss: 0.00299336 
test_loss: 0.0031754 
train_loss: 0.00297022 
test_loss: 0.00299381 
train_loss: 0.00297378 
test_loss: 0.00287374 
train_loss: 0.00325034 
test_loss: 0.00326148 
train_loss: 0.00275278 
test_loss: 0.00298091 
train_loss: 0.00280568 
test_loss: 0.00277359 
train_loss: 0.00265045 
test_loss: 0.00255264 
train_loss: 0.00270335 
test_loss: 0.00290879 
train_loss: 0.00254842 
test_loss: 0.00273446 
train_loss: 0.00311666 
test_loss: 0.00291642 
train_loss: 0.00271936 
test_loss: 0.00272265 
train_loss: 0.00272906 
test_loss: 0.00249954 
train_loss: 0.00251431 
test_loss: 0.00262387 
train_loss: 0.00262874 
test_loss: 0.00273882 
train_loss: 0.0027122 
test_loss: 0.00259295 
train_loss: 0.00257285 
test_loss: 0.00264761 
train_loss: 0.00257283 
test_loss: 0.00278694 
train_loss: 0.00239354 
test_loss: 0.00259717 
train_loss: 0.00278097 
test_loss: 0.00273164 
train_loss: 0.00220616 
test_loss: 0.00252247 
train_loss: 0.00239429 
test_loss: 0.00237188 
train_loss: 0.00242573 
test_loss: 0.00212767 
train_loss: 0.00214132 
test_loss: 0.0023495 
train_loss: 0.00223413 
test_loss: 0.00223588 
train_loss: 0.00247607 
test_loss: 0.0023721 
train_loss: 0.00216518 
test_loss: 0.00220557 
train_loss: 0.00215475 
test_loss: 0.00214266 
train_loss: 0.00224386 
test_loss: 0.00212288 
train_loss: 0.00242136 
test_loss: 0.00222439 
train_loss: 0.00236782 
test_loss: 0.00219202 
train_loss: 0.0020907 
test_loss: 0.00249715 
train_loss: 0.00217192 
test_loss: 0.00232374 
train_loss: 0.00223955 
test_loss: 0.0023333 
train_loss: 0.00211667 
test_loss: 0.00233782 
train_loss: 0.00226543 
test_loss: 0.00245319 
train_loss: 0.00212225 
test_loss: 0.00218557 
train_loss: 0.00204929 
test_loss: 0.00233194 
train_loss: 0.00210339 
test_loss: 0.00211213 
train_loss: 0.00197664 
test_loss: 0.00212538 
train_loss: 0.00260661 
test_loss: 0.00242663 
train_loss: 0.00210555 
test_loss: 0.00209233 
train_loss: 0.0022084 
test_loss: 0.00244214 
train_loss: 0.00225137 
test_loss: 0.0023252 
train_loss: 0.00186429 
test_loss: 0.00214619 
train_loss: 0.0018193 
test_loss: 0.00212212 
train_loss: 0.00216913 
test_loss: 0.00212552 
train_loss: 0.00199883 
test_loss: 0.00190379 
train_loss: 0.00195351 
test_loss: 0.00209966 
train_loss: 0.00187758 
test_loss: 0.00206341 
train_loss: 0.00232845 
test_loss: 0.00219949 
train_loss: 0.00209318 
test_loss: 0.00224273 
train_loss: 0.00215417 
test_loss: 0.00205222 
train_loss: 0.00218304 
test_loss: 0.00224044 
train_loss: 0.00193173 
test_loss: 0.00195824 
train_loss: 0.00198449 
test_loss: 0.0020373 
train_loss: 0.00192646 
test_loss: 0.00199965 
train_loss: 0.0020775 
test_loss: 0.00219558 
train_loss: 0.00209781 
test_loss: 0.00209082 
train_loss: 0.00200816 
test_loss: 0.00180176 
train_loss: 0.00204753 
test_loss: 0.00201586 
train_loss: 0.00220021 
test_loss: 0.00187293 
train_loss: 0.00205744 
test_loss: 0.0022024 
train_loss: 0.00187528 
test_loss: 0.0020345 
train_loss: 0.00198926 
test_loss: 0.00206207 
train_loss: 0.00207857 
test_loss: 0.00187431 
train_loss: 0.0019881 
test_loss: 0.00191858 
train_loss: 0.00196617 
test_loss: 0.00188977 
train_loss: 0.0017561 
test_loss: 0.00194692 
train_loss: 0.00193874 
test_loss: 0.00206605 
train_loss: 0.0020286 
test_loss: 0.00184336 
train_loss: 0.00198999 
test_loss: 0.00198441 
train_loss: 0.00205018 
test_loss: 0.00185311 
train_loss: 0.00183376 
test_loss: 0.00193974 
train_loss: 0.00181074 
test_loss: 0.00208484 
train_loss: 0.00196952 
test_loss: 0.00173179 
train_loss: 0.0019925 
test_loss: 0.00192817 
train_loss: 0.00183366 
test_loss: 0.0017521 
train_loss: 0.0015723 
test_loss: 0.00185036 
train_loss: 0.00185177 
test_loss: 0.00190861 
train_loss: 0.00179972 
test_loss: 0.00187541 
train_loss: 0.00174778 
test_loss: 0.00173487 
train_loss: 0.00171317 
test_loss: 0.00184252 
train_loss: 0.00178242 
test_loss: 0.00206987 
train_loss: 0.00174331 
test_loss: 0.00175359 
train_loss: 0.00194712 
test_loss: 0.00176229 
train_loss: 0.00173645 
test_loss: 0.0018725 
train_loss: 0.00188593 
test_loss: 0.0017663 
train_loss: 0.00171673 
test_loss: 0.001847 
train_loss: 0.00167448 
test_loss: 0.00183326 
train_loss: 0.0019264 
test_loss: 0.00181302 
train_loss: 0.0018902 
test_loss: 0.00222791 
train_loss: 0.00188528 
test_loss: 0.00192805 
train_loss: 0.00203204 
test_loss: 0.00199469 
train_loss: 0.00180892 
test_loss: 0.00185666 
train_loss: 0.00165619 
test_loss: 0.00172305 
train_loss: 0.00180996 
test_loss: 0.00172767 
train_loss: 0.00181677 
test_loss: 0.00185126 
train_loss: 0.0014955 
test_loss: 0.00169334 
train_loss: 0.0017973 
test_loss: 0.00164568 
train_loss: 0.00189416 
test_loss: 0.00177419 
train_loss: 0.00197786 
test_loss: 0.00183403 
train_loss: 0.0017045 
test_loss: 0.00154803 
train_loss: 0.00170032 
test_loss: 0.00185364 
train_loss: 0.00191861 
test_loss: 0.00167314 
train_loss: 0.00158374 
test_loss: 0.00179593 
train_loss: 0.00168402 
test_loss: 0.0017595 
train_loss: 0.00185939 
test_loss: 0.00168961 
train_loss: 0.00149512 
test_loss: 0.00170497 
train_loss: 0.00158321 
test_loss: 0.00161669 
train_loss: 0.00165625 
test_loss: 0.00172513 
train_loss: 0.00191573 
test_loss: 0.00177814 
train_loss: 0.00186653 
test_loss: 0.00179981 
train_loss: 0.00176081 
test_loss: 0.00184655 
train_loss: 0.00185279 
test_loss: 0.00185098 
train_loss: 0.00169495 
test_loss: 0.00169988 
train_loss: 0.00166864 
test_loss: 0.00179313 
train_loss: 0.00160879 
test_loss: 0.00176752 
