train_loss: 0.0599679 
test_loss: 0.0616983 
train_loss: 0.030194 
test_loss: 0.0294253 
train_loss: 0.0135061 
test_loss: 0.01422 
train_loss: 0.0118132 
test_loss: 0.0113971 
train_loss: 0.0102339 
test_loss: 0.0107425 
train_loss: 0.0104239 
test_loss: 0.0100271 
train_loss: 0.00972397 
test_loss: 0.010146 
train_loss: 0.0097576 
test_loss: 0.00938577 
train_loss: 0.00881263 
test_loss: 0.0089252 
train_loss: 0.00957488 
test_loss: 0.00914855 
train_loss: 0.00860761 
test_loss: 0.00876715 
train_loss: 0.00897766 
test_loss: 0.00855733 
train_loss: 0.00827103 
test_loss: 0.00762171 
train_loss: 0.00719224 
test_loss: 0.00703214 
train_loss: 0.00627815 
test_loss: 0.00666178 
train_loss: 0.00587547 
test_loss: 0.00646064 
train_loss: 0.00649396 
test_loss: 0.00649527 
train_loss: 0.0070714 
test_loss: 0.0066762 
train_loss: 0.00624006 
test_loss: 0.00608009 
train_loss: 0.00598333 
test_loss: 0.00654425 
train_loss: 0.00594089 
test_loss: 0.00664545 
train_loss: 0.00578609 
test_loss: 0.00640064 
train_loss: 0.0058676 
test_loss: 0.00580439 
train_loss: 0.00591673 
test_loss: 0.00594825 
train_loss: 0.00597041 
test_loss: 0.00614709 
train_loss: 0.00585344 
test_loss: 0.00577624 
train_loss: 0.00557677 
test_loss: 0.00598492 
train_loss: 0.00582596 
test_loss: 0.00596579 
train_loss: 0.00504446 
test_loss: 0.00518222 
train_loss: 0.00648998 
test_loss: 0.00579913 
train_loss: 0.00508864 
test_loss: 0.00458331 
train_loss: 0.00599647 
test_loss: 0.0055891 
train_loss: 0.00475901 
test_loss: 0.00476046 
train_loss: 0.00486554 
test_loss: 0.00459274 
train_loss: 0.0048605 
test_loss: 0.00480884 
train_loss: 0.00472963 
test_loss: 0.00467723 
train_loss: 0.00422004 
test_loss: 0.00409206 
train_loss: 0.00499839 
test_loss: 0.0047001 
train_loss: 0.00414753 
test_loss: 0.00418027 
train_loss: 0.00426072 
test_loss: 0.00409458 
train_loss: 0.00429313 
test_loss: 0.0041825 
train_loss: 0.00370189 
test_loss: 0.0042224 
train_loss: 0.00353423 
test_loss: 0.0037916 
train_loss: 0.00422543 
test_loss: 0.00389616 
train_loss: 0.00369661 
test_loss: 0.00400412 
train_loss: 0.00373281 
test_loss: 0.00376292 
train_loss: 0.00423881 
test_loss: 0.00396233 
train_loss: 0.00393447 
test_loss: 0.00373822 
train_loss: 0.00357608 
test_loss: 0.00363998 
train_loss: 0.00371035 
test_loss: 0.00399595 
train_loss: 0.00373697 
test_loss: 0.00363571 
train_loss: 0.00349576 
test_loss: 0.00425494 
train_loss: 0.00324983 
test_loss: 0.00336415 
train_loss: 0.00333563 
test_loss: 0.00348188 
train_loss: 0.00329738 
test_loss: 0.00366717 
train_loss: 0.00380459 
test_loss: 0.00349208 
train_loss: 0.00324444 
test_loss: 0.00337336 
train_loss: 0.00345391 
test_loss: 0.0035033 
train_loss: 0.00323718 
test_loss: 0.00342036 
train_loss: 0.00340828 
test_loss: 0.00385672 
train_loss: 0.00301954 
test_loss: 0.00358743 
train_loss: 0.00324183 
test_loss: 0.00309154 
train_loss: 0.0037643 
test_loss: 0.00324209 
train_loss: 0.00340566 
test_loss: 0.00315 
train_loss: 0.00273961 
test_loss: 0.00319753 
train_loss: 0.00312586 
test_loss: 0.00308715 
train_loss: 0.00339591 
test_loss: 0.00308715 
train_loss: 0.00338985 
test_loss: 0.00295164 
train_loss: 0.00277501 
test_loss: 0.00287938 
train_loss: 0.00305234 
test_loss: 0.0032116 
train_loss: 0.00302783 
test_loss: 0.00281434 
train_loss: 0.00296675 
test_loss: 0.00308533 
train_loss: 0.00265218 
test_loss: 0.00256446 
train_loss: 0.00290982 
test_loss: 0.00291909 
train_loss: 0.00265974 
test_loss: 0.00282259 
train_loss: 0.00285907 
test_loss: 0.00278731 
train_loss: 0.00270381 
test_loss: 0.00260594 
train_loss: 0.00284354 
test_loss: 0.00274447 
train_loss: 0.00286052 
test_loss: 0.00274711 
train_loss: 0.00236009 
test_loss: 0.00251777 
train_loss: 0.00266698 
test_loss: 0.00285791 
train_loss: 0.00261071 
test_loss: 0.00258147 
train_loss: 0.00238317 
test_loss: 0.00247853 
train_loss: 0.00255909 
test_loss: 0.00255572 
train_loss: 0.00248814 
test_loss: 0.0023107 
train_loss: 0.0023197 
test_loss: 0.002304 
train_loss: 0.00273927 
test_loss: 0.0024516 
train_loss: 0.00249741 
test_loss: 0.00244897 
train_loss: 0.00246615 
test_loss: 0.00257223 
train_loss: 0.00254343 
test_loss: 0.00249587 
train_loss: 0.00236435 
test_loss: 0.00234376 
train_loss: 0.00259501 
test_loss: 0.0024558 
train_loss: 0.00247643 
test_loss: 0.00240345 
train_loss: 0.00237553 
test_loss: 0.00227244 
train_loss: 0.00248335 
test_loss: 0.00258352 
train_loss: 0.00256683 
test_loss: 0.00270466 
train_loss: 0.00214855 
test_loss: 0.00218607 
train_loss: 0.00223235 
test_loss: 0.00219965 
train_loss: 0.00221697 
test_loss: 0.00245147 
train_loss: 0.00234339 
test_loss: 0.00224096 
train_loss: 0.00221721 
test_loss: 0.0021528 
train_loss: 0.00250483 
test_loss: 0.0026979 
train_loss: 0.0021824 
test_loss: 0.00216487 
train_loss: 0.00200181 
test_loss: 0.00221957 
train_loss: 0.00213939 
test_loss: 0.00208865 
train_loss: 0.0021043 
test_loss: 0.00204488 
train_loss: 0.00218213 
test_loss: 0.00219212 
train_loss: 0.00248552 
test_loss: 0.00251555 
train_loss: 0.0025654 
test_loss: 0.00248079 
train_loss: 0.00233309 
test_loss: 0.002079 
train_loss: 0.0027049 
test_loss: 0.00238303 
train_loss: 0.00201229 
test_loss: 0.0021161 
train_loss: 0.00205031 
test_loss: 0.00217092 
train_loss: 0.00193644 
test_loss: 0.00194727 
train_loss: 0.00217024 
test_loss: 0.00225245 
train_loss: 0.00221545 
test_loss: 0.00221623 
train_loss: 0.00206243 
test_loss: 0.00202831 
train_loss: 0.0019672 
test_loss: 0.00185971 
train_loss: 0.00215385 
test_loss: 0.00177081 
train_loss: 0.00187468 
test_loss: 0.0019874 
train_loss: 0.00213114 
test_loss: 0.0018771 
train_loss: 0.00190346 
test_loss: 0.0018047 
train_loss: 0.00205106 
test_loss: 0.00194791 
train_loss: 0.00207511 
test_loss: 0.00231742 
train_loss: 0.00243662 
test_loss: 0.00222978 
train_loss: 0.00184433 
test_loss: 0.00185098 
train_loss: 0.00183738 
test_loss: 0.00204535 
train_loss: 0.00217027 
test_loss: 0.002014 
train_loss: 0.00183781 
test_loss: 0.00185315 
train_loss: 0.0021003 
test_loss: 0.00203034 
train_loss: 0.00192509 
test_loss: 0.00196538 
train_loss: 0.00197505 
test_loss: 0.00194287 
train_loss: 0.00173666 
test_loss: 0.00187263 
train_loss: 0.00219356 
test_loss: 0.00211947 
train_loss: 0.00221248 
test_loss: 0.00262586 
train_loss: 0.00203716 
test_loss: 0.00198607 
train_loss: 0.00181171 
test_loss: 0.00179378 
train_loss: 0.00200318 
test_loss: 0.00208491 
train_loss: 0.00178982 
test_loss: 0.00182945 
train_loss: 0.00210965 
test_loss: 0.00184286 
train_loss: 0.00226879 
test_loss: 0.00212349 
train_loss: 0.00191442 
test_loss: 0.0018666 
train_loss: 0.00190106 
test_loss: 0.00192641 
train_loss: 0.00162661 
test_loss: 0.00184481 
train_loss: 0.00191084 
test_loss: 0.0018061 
train_loss: 0.00199619 
test_loss: 0.00200836 
train_loss: 0.00169187 
test_loss: 0.00176158 
train_loss: 0.0017353 
test_loss: 0.00177367 
train_loss: 0.00179089 
test_loss: 0.0019225 
train_loss: 0.0018277 
test_loss: 0.00193703 
train_loss: 0.00188582 
test_loss: 0.00178815 
train_loss: 0.00181711 
test_loss: 0.00205798 
train_loss: 0.00179149 
test_loss: 0.00181694 
train_loss: 0.00174764 
test_loss: 0.00173356 
train_loss: 0.00181156 
test_loss: 0.00191714 
train_loss: 0.00188654 
test_loss: 0.00187021 
train_loss: 0.00185543 
test_loss: 0.00190018 
train_loss: 0.00179655 
test_loss: 0.00170147 
train_loss: 0.00170562 
test_loss: 0.00183106 
train_loss: 0.00197034 
test_loss: 0.00223919 
train_loss: 0.00144638 
test_loss: 0.00156415 
train_loss: 0.00186822 
test_loss: 0.00187117 
train_loss: 0.00185454 
test_loss: 0.00193971 
train_loss: 0.00194078 
test_loss: 0.00191223 
train_loss: 0.00167364 
test_loss: 0.00174174 
train_loss: 0.00222579 
test_loss: 0.00188928 
train_loss: 0.00165686 
test_loss: 0.00183419 
train_loss: 0.00188847 
test_loss: 0.00208641 
train_loss: 0.00164479 
test_loss: 0.00176846 
train_loss: 0.00172036 
test_loss: 0.00169475 
train_loss: 0.0018964 
test_loss: 0.00174171 
train_loss: 0.00179239 
test_loss: 0.00185863 
train_loss: 0.00162565 
test_loss: 0.00170471 
train_loss: 0.00152654 
test_loss: 0.00171953 
train_loss: 0.0016909 
test_loss: 0.0015506 
train_loss: 0.00160854 
test_loss: 0.00184886 
train_loss: 0.00161278 
test_loss: 0.00163927 
train_loss: 0.00175543 
test_loss: 0.00169959 
train_loss: 0.00159423 
test_loss: 0.00176387 
train_loss: 0.00184055 
test_loss: 0.00163487 
train_loss: 0.00182364 
test_loss: 0.00165119 
train_loss: 0.00171012 
test_loss: 0.00174217 
train_loss: 0.00172074 
test_loss: 0.0016271 
train_loss: 0.00168401 
test_loss: 0.00175872 
train_loss: 0.00200808 
test_loss: 0.00177805 
train_loss: 0.00187587 
test_loss: 0.0018104 
train_loss: 0.00171057 
test_loss: 0.0016439 
train_loss: 0.00167876 
test_loss: 0.00178192 
train_loss: 0.00201913 
test_loss: 0.00181575 
train_loss: 0.00165767 
test_loss: 0.00161316 
train_loss: 0.00182585 
test_loss: 0.00179068 
train_loss: 0.00169887 
test_loss: 0.00181539 
train_loss: 0.00159563 
test_loss: 0.00171164 
train_loss: 0.00153201 
test_loss: 0.00159963 
train_loss: 0.00161268 
test_loss: 0.00161936 
train_loss: 0.00169872 
test_loss: 0.00179009 
train_loss: 0.00176526 
test_loss: 0.00173543 
train_loss: 0.00172736 
test_loss: 0.00171579 
train_loss: 0.00190014 
test_loss: 0.00154106 
train_loss: 0.00165776 
test_loss: 0.00155371 
