train_loss: 0.274564 
test_loss: 0.281689 
train_loss: 0.181742 
test_loss: 0.178719 
train_loss: 0.0823276 
test_loss: 0.0826984 
train_loss: 0.0605473 
test_loss: 0.0595888 
train_loss: 0.0547597 
test_loss: 0.0543694 
train_loss: 0.0530532 
test_loss: 0.0527 
train_loss: 0.049668 
test_loss: 0.0493121 
train_loss: 0.0391987 
test_loss: 0.0387776 
train_loss: 0.0203233 
test_loss: 0.0194097 
train_loss: 0.0139256 
test_loss: 0.0136062 
train_loss: 0.0121711 
test_loss: 0.0124292 
train_loss: 0.0120596 
test_loss: 0.0114153 
train_loss: 0.011008 
test_loss: 0.0111737 
train_loss: 0.0106242 
test_loss: 0.010617 
train_loss: 0.0102854 
test_loss: 0.0101802 
train_loss: 0.00966819 
test_loss: 0.010234 
train_loss: 0.00953287 
test_loss: 0.0097984 
train_loss: 0.00971041 
test_loss: 0.00978593 
train_loss: 0.00999015 
test_loss: 0.00949002 
train_loss: 0.00951869 
test_loss: 0.00983884 
train_loss: 0.00922342 
test_loss: 0.00959293 
train_loss: 0.00895891 
test_loss: 0.00944018 
train_loss: 0.00811119 
test_loss: 0.00913341 
train_loss: 0.00820767 
test_loss: 0.00869788 
train_loss: 0.00718949 
test_loss: 0.00704646 
train_loss: 0.00684185 
test_loss: 0.00678664 
train_loss: 0.00669814 
test_loss: 0.00626278 
train_loss: 0.0057148 
test_loss: 0.00599651 
train_loss: 0.00586138 
test_loss: 0.00581624 
train_loss: 0.00609055 
test_loss: 0.00631102 
train_loss: 0.00544424 
test_loss: 0.00555102 
train_loss: 0.0054237 
test_loss: 0.00555374 
train_loss: 0.00574682 
test_loss: 0.0052868 
train_loss: 0.00518737 
test_loss: 0.00540435 
train_loss: 0.00560269 
test_loss: 0.00533454 
train_loss: 0.00519475 
test_loss: 0.00490111 
train_loss: 0.00446454 
test_loss: 0.00460488 
train_loss: 0.0042361 
test_loss: 0.00444215 
train_loss: 0.00440847 
test_loss: 0.00448779 
train_loss: 0.00506307 
test_loss: 0.00448322 
train_loss: 0.00473851 
test_loss: 0.00480816 
train_loss: 0.00464507 
test_loss: 0.00444387 
train_loss: 0.00431722 
test_loss: 0.00450947 
train_loss: 0.00426651 
test_loss: 0.00423373 
train_loss: 0.00422053 
test_loss: 0.00429792 
train_loss: 0.00410937 
test_loss: 0.00426108 
train_loss: 0.00419919 
test_loss: 0.00406261 
train_loss: 0.00355017 
test_loss: 0.00372777 
train_loss: 0.00397491 
test_loss: 0.00414282 
train_loss: 0.00421689 
test_loss: 0.00383822 
train_loss: 0.00392912 
test_loss: 0.00376592 
train_loss: 0.00379856 
test_loss: 0.00376649 
train_loss: 0.00402431 
test_loss: 0.00418015 
train_loss: 0.00361168 
test_loss: 0.0040304 
train_loss: 0.00372787 
test_loss: 0.00395522 
train_loss: 0.00370608 
test_loss: 0.00354068 
train_loss: 0.00414955 
test_loss: 0.00378174 
train_loss: 0.00314976 
test_loss: 0.00345812 
train_loss: 0.00324467 
test_loss: 0.00348056 
train_loss: 0.00344705 
test_loss: 0.00338069 
train_loss: 0.00296734 
test_loss: 0.00319096 
train_loss: 0.00311662 
test_loss: 0.00323755 
train_loss: 0.00285278 
test_loss: 0.00337788 
train_loss: 0.00352037 
test_loss: 0.00391196 
train_loss: 0.00301559 
test_loss: 0.00328334 
train_loss: 0.00335908 
test_loss: 0.00355931 
train_loss: 0.00294531 
test_loss: 0.00333691 
train_loss: 0.00325245 
test_loss: 0.00327151 
train_loss: 0.00298668 
test_loss: 0.00310551 
train_loss: 0.00340836 
test_loss: 0.00321442 
train_loss: 0.00345619 
test_loss: 0.00300025 
train_loss: 0.00272726 
test_loss: 0.00303723 
train_loss: 0.00301883 
test_loss: 0.00306564 
train_loss: 0.00331846 
test_loss: 0.00340057 
train_loss: 0.00294205 
test_loss: 0.00294927 
train_loss: 0.00318781 
test_loss: 0.00327401 
train_loss: 0.00313345 
test_loss: 0.00296398 
train_loss: 0.00308633 
test_loss: 0.0030002 
train_loss: 0.0028223 
test_loss: 0.00275237 
train_loss: 0.00291568 
test_loss: 0.00284299 
train_loss: 0.00274216 
test_loss: 0.00298014 
train_loss: 0.00264164 
test_loss: 0.00289034 
train_loss: 0.00306337 
test_loss: 0.00289442 
train_loss: 0.00250279 
test_loss: 0.00294822 
train_loss: 0.0028754 
test_loss: 0.00280043 
train_loss: 0.00268719 
test_loss: 0.00256778 
train_loss: 0.00256052 
test_loss: 0.00245196 
train_loss: 0.00271067 
test_loss: 0.00263196 
train_loss: 0.00247264 
test_loss: 0.00248795 
train_loss: 0.00272431 
test_loss: 0.00280278 
train_loss: 0.00222054 
test_loss: 0.0028319 
train_loss: 0.00246303 
test_loss: 0.00241615 
train_loss: 0.00260978 
test_loss: 0.00259014 
train_loss: 0.00259573 
test_loss: 0.00263635 
train_loss: 0.00277322 
test_loss: 0.00253722 
train_loss: 0.00255528 
test_loss: 0.0026941 
train_loss: 0.00229248 
test_loss: 0.00226723 
train_loss: 0.0025748 
test_loss: 0.00257122 
train_loss: 0.00242855 
test_loss: 0.00224618 
train_loss: 0.00263501 
test_loss: 0.00245145 
train_loss: 0.00210827 
test_loss: 0.00196464 
train_loss: 0.00224099 
test_loss: 0.00217292 
train_loss: 0.00238313 
test_loss: 0.00254101 
train_loss: 0.00216686 
test_loss: 0.00239867 
train_loss: 0.00257797 
test_loss: 0.00221343 
train_loss: 0.00234307 
test_loss: 0.00223631 
train_loss: 0.00253816 
test_loss: 0.00228131 
train_loss: 0.00227202 
test_loss: 0.00199012 
train_loss: 0.00228715 
test_loss: 0.00232744 
train_loss: 0.00231887 
test_loss: 0.00242507 
train_loss: 0.00219038 
test_loss: 0.00238037 
train_loss: 0.00205146 
test_loss: 0.00202113 
train_loss: 0.00222668 
test_loss: 0.00225315 
train_loss: 0.00203324 
test_loss: 0.00227305 
train_loss: 0.00196362 
test_loss: 0.00220969 
train_loss: 0.002056 
test_loss: 0.00198388 
train_loss: 0.0018986 
test_loss: 0.00223192 
train_loss: 0.00214438 
test_loss: 0.00208272 
train_loss: 0.00217195 
test_loss: 0.00230358 
train_loss: 0.00185007 
test_loss: 0.00202579 
train_loss: 0.00200043 
test_loss: 0.00230114 
train_loss: 0.00192535 
test_loss: 0.00183547 
train_loss: 0.00194406 
test_loss: 0.00219958 
train_loss: 0.00202757 
test_loss: 0.00186095 
train_loss: 0.002025 
test_loss: 0.00195317 
train_loss: 0.00191184 
test_loss: 0.0018983 
train_loss: 0.00190453 
test_loss: 0.00195485 
train_loss: 0.00206691 
test_loss: 0.00208519 
train_loss: 0.00180077 
test_loss: 0.00193005 
train_loss: 0.00170654 
test_loss: 0.00187887 
train_loss: 0.00197588 
test_loss: 0.00224247 
train_loss: 0.00185142 
test_loss: 0.00197982 
train_loss: 0.00207255 
test_loss: 0.00189535 
train_loss: 0.001951 
test_loss: 0.00188677 
train_loss: 0.00193314 
test_loss: 0.00196495 
train_loss: 0.00190528 
test_loss: 0.00204641 
train_loss: 0.00197086 
test_loss: 0.00182746 
train_loss: 0.00203306 
test_loss: 0.00192573 
train_loss: 0.00192048 
test_loss: 0.00179678 
train_loss: 0.00168023 
test_loss: 0.00192314 
train_loss: 0.00208004 
test_loss: 0.00206641 
train_loss: 0.00199765 
test_loss: 0.00195352 
train_loss: 0.00206232 
test_loss: 0.00193154 
train_loss: 0.00180141 
test_loss: 0.00180406 
train_loss: 0.00159667 
test_loss: 0.00178052 
train_loss: 0.0017504 
test_loss: 0.00188139 
train_loss: 0.00183313 
test_loss: 0.00208285 
train_loss: 0.00209422 
test_loss: 0.00209381 
train_loss: 0.00188114 
test_loss: 0.00204768 
train_loss: 0.00199675 
test_loss: 0.00195005 
train_loss: 0.00200694 
test_loss: 0.00194992 
train_loss: 0.00218861 
test_loss: 0.00202931 
train_loss: 0.00204156 
test_loss: 0.00177302 
train_loss: 0.0018137 
test_loss: 0.00165279 
train_loss: 0.00211196 
test_loss: 0.00191756 
train_loss: 0.00172559 
test_loss: 0.00183581 
train_loss: 0.00161482 
test_loss: 0.00173515 
train_loss: 0.00196908 
test_loss: 0.00200062 
train_loss: 0.00190342 
test_loss: 0.00176777 
train_loss: 0.00182646 
test_loss: 0.00186136 
train_loss: 0.00173121 
test_loss: 0.00197109 
train_loss: 0.00186097 
test_loss: 0.00175527 
train_loss: 0.0019261 
test_loss: 0.00199073 
train_loss: 0.00155496 
test_loss: 0.00164538 
train_loss: 0.00201626 
test_loss: 0.00189049 
train_loss: 0.00175402 
test_loss: 0.00173083 
train_loss: 0.00210023 
test_loss: 0.00179393 
train_loss: 0.00209837 
test_loss: 0.00169968 
train_loss: 0.00171686 
test_loss: 0.00197682 
train_loss: 0.00173031 
test_loss: 0.00166151 
train_loss: 0.00183765 
test_loss: 0.0018292 
train_loss: 0.00177468 
test_loss: 0.00174305 
train_loss: 0.00168469 
test_loss: 0.00176894 
train_loss: 0.00180026 
test_loss: 0.00186754 
train_loss: 0.00188018 
test_loss: 0.00199495 
train_loss: 0.00172712 
test_loss: 0.00175747 
train_loss: 0.00175441 
test_loss: 0.001827 
train_loss: 0.00150765 
test_loss: 0.00157483 
train_loss: 0.00155935 
test_loss: 0.00177151 
train_loss: 0.00178544 
test_loss: 0.00185842 
train_loss: 0.00207394 
test_loss: 0.00199252 
train_loss: 0.00177954 
test_loss: 0.00173367 
train_loss: 0.0016944 
test_loss: 0.00189061 
train_loss: 0.00182087 
test_loss: 0.0019488 
train_loss: 0.00152102 
test_loss: 0.00152621 
train_loss: 0.00159476 
test_loss: 0.00173763 
train_loss: 0.00166839 
test_loss: 0.00160331 
train_loss: 0.00166539 
test_loss: 0.00178472 
train_loss: 0.0017598 
test_loss: 0.00179167 
train_loss: 0.00160592 
test_loss: 0.00165138 
train_loss: 0.00159703 
test_loss: 0.00153221 
train_loss: 0.00169063 
test_loss: 0.00168037 
train_loss: 0.00167307 
test_loss: 0.00163521 
train_loss: 0.00195458 
test_loss: 0.00168538 
train_loss: 0.00180689 
test_loss: 0.00183943 
train_loss: 0.00151812 
test_loss: 0.00157608 
train_loss: 0.00172256 
test_loss: 0.00171654 
train_loss: 0.00156783 
test_loss: 0.00156981 
train_loss: 0.00185581 
test_loss: 0.00164761 
train_loss: 0.00190104 
test_loss: 0.00175428 
