train_loss: 0.0497313 
test_loss: 0.0498025 
train_loss: 0.0172039 
test_loss: 0.0175417 
train_loss: 0.0120601 
test_loss: 0.0124341 
train_loss: 0.0112242 
test_loss: 0.0110197 
train_loss: 0.0118129 
test_loss: 0.0108755 
train_loss: 0.0112772 
test_loss: 0.0108383 
train_loss: 0.0102196 
test_loss: 0.0107686 
train_loss: 0.00978045 
test_loss: 0.0102316 
train_loss: 0.0101658 
test_loss: 0.0104885 
train_loss: 0.0100354 
test_loss: 0.00970418 
train_loss: 0.00920846 
test_loss: 0.00941518 
train_loss: 0.00971064 
test_loss: 0.0104866 
train_loss: 0.00865262 
test_loss: 0.00908556 
train_loss: 0.00859682 
test_loss: 0.00789636 
train_loss: 0.00740453 
test_loss: 0.0073866 
train_loss: 0.00731031 
test_loss: 0.00681471 
train_loss: 0.00560569 
test_loss: 0.00635778 
train_loss: 0.00581745 
test_loss: 0.00650093 
train_loss: 0.00579717 
test_loss: 0.0055592 
train_loss: 0.00589875 
test_loss: 0.00563309 
train_loss: 0.00549364 
test_loss: 0.00471269 
train_loss: 0.00573926 
test_loss: 0.00578383 
train_loss: 0.00535594 
test_loss: 0.00548153 
train_loss: 0.00534872 
test_loss: 0.00446019 
train_loss: 0.00419814 
test_loss: 0.00480521 
train_loss: 0.00450693 
test_loss: 0.00471069 
train_loss: 0.00469856 
test_loss: 0.00493189 
train_loss: 0.00417345 
test_loss: 0.00440009 
train_loss: 0.00469936 
test_loss: 0.00450155 
train_loss: 0.00430525 
test_loss: 0.00430183 
train_loss: 0.00439934 
test_loss: 0.00419652 
train_loss: 0.00424148 
test_loss: 0.00441469 
train_loss: 0.00400651 
test_loss: 0.00412203 
train_loss: 0.00493071 
test_loss: 0.00455786 
train_loss: 0.00399544 
test_loss: 0.00385793 
train_loss: 0.00390565 
test_loss: 0.00424276 
train_loss: 0.0041329 
test_loss: 0.0045482 
train_loss: 0.0042936 
test_loss: 0.00463238 
train_loss: 0.00380904 
test_loss: 0.00410788 
train_loss: 0.0035523 
test_loss: 0.00368352 
train_loss: 0.00393629 
test_loss: 0.00396661 
train_loss: 0.00355391 
test_loss: 0.0040228 
train_loss: 0.00368668 
test_loss: 0.00359118 
train_loss: 0.00381564 
test_loss: 0.00383094 
train_loss: 0.00347345 
test_loss: 0.00333688 
train_loss: 0.00350113 
test_loss: 0.00379226 
train_loss: 0.00325226 
test_loss: 0.00325653 
train_loss: 0.00370347 
test_loss: 0.00416735 
train_loss: 0.00362273 
test_loss: 0.00338207 
train_loss: 0.00328045 
test_loss: 0.00340759 
train_loss: 0.00374318 
test_loss: 0.00334753 
train_loss: 0.00335707 
test_loss: 0.00335734 
train_loss: 0.00303599 
test_loss: 0.00299454 
train_loss: 0.00313724 
test_loss: 0.00329149 
train_loss: 0.00338005 
test_loss: 0.00326567 
train_loss: 0.00350809 
test_loss: 0.00340271 
train_loss: 0.00308531 
test_loss: 0.00305344 
train_loss: 0.00303197 
test_loss: 0.0029769 
train_loss: 0.00315824 
test_loss: 0.00287626 
train_loss: 0.00294917 
test_loss: 0.00284967 
train_loss: 0.00335009 
test_loss: 0.00299701 
train_loss: 0.00346057 
test_loss: 0.00348617 
train_loss: 0.00291429 
test_loss: 0.00299365 
train_loss: 0.00302133 
test_loss: 0.00310029 
train_loss: 0.00305249 
test_loss: 0.00279572 
train_loss: 0.00269605 
test_loss: 0.00295121 
train_loss: 0.00335992 
test_loss: 0.00334478 
train_loss: 0.00264395 
test_loss: 0.00283544 
train_loss: 0.00288097 
test_loss: 0.00312378 
train_loss: 0.00318933 
test_loss: 0.00282043 
train_loss: 0.00301686 
test_loss: 0.0035002 
train_loss: 0.00259614 
test_loss: 0.00288297 
train_loss: 0.00298868 
test_loss: 0.00293316 
train_loss: 0.00277218 
test_loss: 0.00260034 
train_loss: 0.00272647 
test_loss: 0.00281602 
train_loss: 0.00272696 
test_loss: 0.00252745 
train_loss: 0.00256758 
test_loss: 0.00284448 
train_loss: 0.00265801 
test_loss: 0.00262508 
train_loss: 0.00275689 
test_loss: 0.00281905 
train_loss: 0.00292338 
test_loss: 0.0025496 
train_loss: 0.00278343 
test_loss: 0.00268751 
train_loss: 0.00247633 
test_loss: 0.00256283 
train_loss: 0.00246809 
test_loss: 0.00237524 
train_loss: 0.00265356 
test_loss: 0.00265977 
train_loss: 0.00254493 
test_loss: 0.00249961 
train_loss: 0.00248575 
test_loss: 0.00273834 
train_loss: 0.00252394 
test_loss: 0.00251676 
train_loss: 0.00235131 
test_loss: 0.00244059 
train_loss: 0.00266404 
test_loss: 0.00238083 
train_loss: 0.00242711 
test_loss: 0.00262965 
train_loss: 0.00240047 
test_loss: 0.00245016 
train_loss: 0.0023303 
test_loss: 0.00241854 
train_loss: 0.00252411 
test_loss: 0.00267843 
train_loss: 0.00235741 
test_loss: 0.00225098 
train_loss: 0.0027798 
test_loss: 0.00234169 
train_loss: 0.00250722 
test_loss: 0.00237772 
train_loss: 0.00228812 
test_loss: 0.00236388 
train_loss: 0.00196898 
test_loss: 0.00201294 
train_loss: 0.00222929 
test_loss: 0.00250056 
train_loss: 0.00228011 
test_loss: 0.00215125 
train_loss: 0.00227257 
test_loss: 0.00207967 
train_loss: 0.00212638 
test_loss: 0.00224192 
train_loss: 0.00192954 
test_loss: 0.00218348 
train_loss: 0.00212158 
test_loss: 0.00201572 
train_loss: 0.00240546 
test_loss: 0.00220363 
train_loss: 0.00218321 
test_loss: 0.00217331 
train_loss: 0.00206269 
test_loss: 0.00240236 
train_loss: 0.0021027 
test_loss: 0.0020529 
train_loss: 0.00242238 
test_loss: 0.00232467 
train_loss: 0.00220317 
test_loss: 0.00238866 
train_loss: 0.00207103 
test_loss: 0.00223734 
train_loss: 0.00201209 
test_loss: 0.0019143 
train_loss: 0.00206909 
test_loss: 0.00215884 
train_loss: 0.00209611 
test_loss: 0.00199383 
train_loss: 0.00206496 
test_loss: 0.0020506 
train_loss: 0.0020977 
test_loss: 0.00217879 
train_loss: 0.00195963 
test_loss: 0.00209074 
train_loss: 0.0022204 
test_loss: 0.00197379 
train_loss: 0.00184481 
test_loss: 0.00196251 
train_loss: 0.0020317 
test_loss: 0.00208767 
train_loss: 0.00214337 
test_loss: 0.00216957 
train_loss: 0.00227331 
test_loss: 0.00229778 
train_loss: 0.00188187 
test_loss: 0.00193797 
train_loss: 0.00219173 
test_loss: 0.00229705 
train_loss: 0.00196495 
test_loss: 0.0021674 
train_loss: 0.00179791 
test_loss: 0.00185768 
train_loss: 0.00209908 
test_loss: 0.00214466 
train_loss: 0.00199434 
test_loss: 0.00190273 
train_loss: 0.00185508 
test_loss: 0.00179238 
train_loss: 0.00214759 
test_loss: 0.00192595 
train_loss: 0.00213322 
test_loss: 0.002061 
train_loss: 0.00167083 
test_loss: 0.00175464 
train_loss: 0.00190806 
test_loss: 0.00183823 
train_loss: 0.00178918 
test_loss: 0.00204547 
train_loss: 0.00189236 
test_loss: 0.00181345 
train_loss: 0.00181095 
test_loss: 0.00176006 
train_loss: 0.00188079 
test_loss: 0.00181349 
train_loss: 0.00186743 
test_loss: 0.00184394 
train_loss: 0.00223276 
test_loss: 0.00196537 
train_loss: 0.0020714 
test_loss: 0.0018946 
train_loss: 0.00201558 
test_loss: 0.00185931 
train_loss: 0.00157132 
test_loss: 0.00172932 
train_loss: 0.00189001 
test_loss: 0.0019626 
train_loss: 0.00190649 
test_loss: 0.00196814 
train_loss: 0.00193457 
test_loss: 0.0021244 
train_loss: 0.00176107 
test_loss: 0.0019338 
train_loss: 0.00182546 
test_loss: 0.00182596 
train_loss: 0.00180376 
test_loss: 0.001723 
train_loss: 0.00187123 
test_loss: 0.00183739 
train_loss: 0.00201563 
test_loss: 0.00177713 
train_loss: 0.00181484 
test_loss: 0.00180949 
train_loss: 0.00206404 
test_loss: 0.001828 
train_loss: 0.00186882 
test_loss: 0.00197117 
train_loss: 0.00189033 
test_loss: 0.00162884 
train_loss: 0.00194415 
test_loss: 0.00197643 
train_loss: 0.00194083 
test_loss: 0.00186264 
train_loss: 0.0017416 
test_loss: 0.0018334 
train_loss: 0.00203824 
test_loss: 0.00176612 
train_loss: 0.00194999 
test_loss: 0.00186221 
train_loss: 0.00205031 
test_loss: 0.00182788 
train_loss: 0.00183028 
test_loss: 0.00167227 
train_loss: 0.00161732 
test_loss: 0.00160421 
train_loss: 0.00157409 
test_loss: 0.00169152 
train_loss: 0.00194561 
test_loss: 0.00185659 
train_loss: 0.00186313 
test_loss: 0.00188539 
train_loss: 0.00175938 
test_loss: 0.00155852 
train_loss: 0.00174236 
test_loss: 0.00188773 
train_loss: 0.00169569 
test_loss: 0.00180331 
train_loss: 0.00159139 
test_loss: 0.00169307 
train_loss: 0.00144948 
test_loss: 0.00159839 
train_loss: 0.00162745 
test_loss: 0.00165614 
train_loss: 0.00171154 
test_loss: 0.00170492 
train_loss: 0.00171652 
test_loss: 0.00170577 
train_loss: 0.00169039 
test_loss: 0.00169313 
train_loss: 0.00178775 
test_loss: 0.00172534 
train_loss: 0.00161093 
test_loss: 0.00181656 
train_loss: 0.00171368 
test_loss: 0.00173678 
train_loss: 0.00169613 
test_loss: 0.00180035 
train_loss: 0.00159695 
test_loss: 0.0015857 
train_loss: 0.00154536 
test_loss: 0.00158918 
train_loss: 0.00179843 
test_loss: 0.00181901 
train_loss: 0.00178869 
test_loss: 0.00166527 
train_loss: 0.00159954 
test_loss: 0.00161258 
train_loss: 0.00173693 
test_loss: 0.00173843 
train_loss: 0.00174502 
test_loss: 0.00168988 
train_loss: 0.00163287 
test_loss: 0.00154857 
train_loss: 0.00171759 
test_loss: 0.0017536 
train_loss: 0.00185197 
test_loss: 0.00194308 
train_loss: 0.00165912 
test_loss: 0.00167521 
train_loss: 0.00191096 
test_loss: 0.00184951 
train_loss: 0.00152031 
test_loss: 0.00175979 
train_loss: 0.00163443 
test_loss: 0.00181222 
train_loss: 0.00175078 
test_loss: 0.00173733 
train_loss: 0.00156294 
test_loss: 0.00169977 
train_loss: 0.00178318 
test_loss: 0.00196462 
train_loss: 0.00185143 
test_loss: 0.00164177 
train_loss: 0.00150921 
test_loss: 0.00147716 
train_loss: 0.00151766 
test_loss: 0.00167192 
train_loss: 0.00166811 
test_loss: 0.00154674 
train_loss: 0.00162755 
test_loss: 0.00169972 
