train_loss: 0.314454 
test_loss: 0.321333 
train_loss: 0.319456 
test_loss: 0.316504 
train_loss: 0.309581 
test_loss: 0.309327 
train_loss: 0.300978 
test_loss: 0.299571 
train_loss: 0.284697 
test_loss: 0.286781 
train_loss: 0.271377 
test_loss: 0.270379 
train_loss: 0.240368 
test_loss: 0.249569 
train_loss: 0.219116 
test_loss: 0.22347 
train_loss: 0.195151 
test_loss: 0.191105 
train_loss: 0.152081 
test_loss: 0.152713 
train_loss: 0.120125 
test_loss: 0.113237 
train_loss: 0.0843757 
test_loss: 0.0846759 
train_loss: 0.0725557 
test_loss: 0.0710372 
train_loss: 0.0612624 
test_loss: 0.0648755 
train_loss: 0.0644693 
test_loss: 0.0611011 
train_loss: 0.0575024 
test_loss: 0.0580921 
train_loss: 0.0561165 
test_loss: 0.0554438 
train_loss: 0.0513162 
test_loss: 0.0528244 
train_loss: 0.0499189 
test_loss: 0.0499195 
train_loss: 0.0470558 
test_loss: 0.0461931 
train_loss: 0.0412753 
test_loss: 0.0416777 
train_loss: 0.0355277 
test_loss: 0.0363262 
train_loss: 0.0317245 
test_loss: 0.0308658 
train_loss: 0.0268421 
test_loss: 0.0261119 
train_loss: 0.020806 
test_loss: 0.0199504 
train_loss: 0.0125668 
test_loss: 0.0128259 
train_loss: 0.010943 
test_loss: 0.0109755 
train_loss: 0.00999298 
test_loss: 0.00985724 
train_loss: 0.00985918 
test_loss: 0.00966175 
train_loss: 0.00949498 
test_loss: 0.00955272 
train_loss: 0.00980704 
test_loss: 0.00961632 
train_loss: 0.00977682 
test_loss: 0.00976726 
train_loss: 0.0100486 
test_loss: 0.00966326 
train_loss: 0.010093 
test_loss: 0.00968456 
train_loss: 0.00994357 
test_loss: 0.00946498 
train_loss: 0.00994262 
test_loss: 0.0100541 
train_loss: 0.00958889 
test_loss: 0.0101557 
train_loss: 0.0104691 
test_loss: 0.00997468 
train_loss: 0.0100698 
test_loss: 0.0101785 
train_loss: 0.0105064 
test_loss: 0.0106015 
train_loss: 0.00949656 
test_loss: 0.00954677 
train_loss: 0.00930206 
test_loss: 0.0103129 
train_loss: 0.00960595 
test_loss: 0.00969158 
train_loss: 0.00968579 
test_loss: 0.0093893 
train_loss: 0.00769695 
test_loss: 0.00786468 
train_loss: 0.00662524 
test_loss: 0.00735394 
train_loss: 0.00602926 
test_loss: 0.00644911 
train_loss: 0.00465783 
test_loss: 0.00538119 
train_loss: 0.00543964 
test_loss: 0.00508026 
train_loss: 0.00485441 
test_loss: 0.00522693 
train_loss: 0.00466647 
test_loss: 0.00499883 
train_loss: 0.00457379 
test_loss: 0.0047688 
train_loss: 0.00446627 
test_loss: 0.00465793 
train_loss: 0.00445498 
test_loss: 0.00465795 
train_loss: 0.00481761 
test_loss: 0.00444577 
train_loss: 0.00448557 
test_loss: 0.00416088 
train_loss: 0.00426325 
test_loss: 0.00435593 
train_loss: 0.00393069 
test_loss: 0.00391683 
train_loss: 0.0037991 
test_loss: 0.00400708 
train_loss: 0.00359155 
test_loss: 0.00366256 
train_loss: 0.00369426 
test_loss: 0.00391267 
train_loss: 0.00372733 
test_loss: 0.00355543 
train_loss: 0.00429823 
test_loss: 0.00436147 
train_loss: 0.00404345 
test_loss: 0.00358077 
train_loss: 0.00334972 
test_loss: 0.00307915 
train_loss: 0.00368557 
test_loss: 0.00373365 
train_loss: 0.00312545 
test_loss: 0.00363969 
train_loss: 0.0035218 
test_loss: 0.00341584 
train_loss: 0.00311884 
test_loss: 0.00317069 
train_loss: 0.00309724 
test_loss: 0.00360011 
train_loss: 0.00284087 
test_loss: 0.00333789 
train_loss: 0.00313926 
test_loss: 0.00291838 
train_loss: 0.00279222 
test_loss: 0.00294636 
train_loss: 0.00352326 
test_loss: 0.00338057 
train_loss: 0.00287196 
test_loss: 0.00289439 
train_loss: 0.00326803 
test_loss: 0.00286629 
train_loss: 0.00304825 
test_loss: 0.00301908 
train_loss: 0.00256546 
test_loss: 0.00261703 
train_loss: 0.00304966 
test_loss: 0.00292624 
train_loss: 0.00282212 
test_loss: 0.00313555 
train_loss: 0.0026366 
test_loss: 0.00291088 
train_loss: 0.00261213 
test_loss: 0.00245422 
train_loss: 0.00260918 
test_loss: 0.00318096 
train_loss: 0.00259646 
test_loss: 0.00285578 
train_loss: 0.00250419 
test_loss: 0.00276683 
train_loss: 0.00261475 
test_loss: 0.00267851 
train_loss: 0.00294356 
test_loss: 0.00267414 
train_loss: 0.00277268 
test_loss: 0.00252715 
train_loss: 0.00242609 
test_loss: 0.00260938 
train_loss: 0.00232595 
test_loss: 0.00262077 
train_loss: 0.00231404 
test_loss: 0.00279945 
train_loss: 0.00249912 
test_loss: 0.00281177 
train_loss: 0.00260545 
test_loss: 0.00258953 
train_loss: 0.00283269 
test_loss: 0.0032119 
train_loss: 0.00244658 
test_loss: 0.00239296 
train_loss: 0.00249195 
test_loss: 0.0024724 
train_loss: 0.00231413 
test_loss: 0.00226175 
train_loss: 0.00267468 
test_loss: 0.00323316 
train_loss: 0.0025135 
test_loss: 0.00261313 
train_loss: 0.00237805 
test_loss: 0.00231388 
train_loss: 0.00260717 
test_loss: 0.00239739 
train_loss: 0.00253661 
test_loss: 0.00229056 
train_loss: 0.00223469 
test_loss: 0.00238933 
train_loss: 0.00258418 
test_loss: 0.00219032 
train_loss: 0.00269413 
test_loss: 0.00230903 
train_loss: 0.0024426 
test_loss: 0.00219835 
train_loss: 0.00235429 
test_loss: 0.00205554 
train_loss: 0.00256603 
test_loss: 0.00258733 
train_loss: 0.00232145 
test_loss: 0.00220007 
train_loss: 0.00248316 
test_loss: 0.00270625 
train_loss: 0.0020917 
test_loss: 0.00254763 
train_loss: 0.00267294 
test_loss: 0.00239935 
train_loss: 0.00206279 
test_loss: 0.00232811 
train_loss: 0.00230361 
test_loss: 0.0022309 
train_loss: 0.00215557 
test_loss: 0.00205087 
train_loss: 0.00181152 
test_loss: 0.00212336 
train_loss: 0.002332 
test_loss: 0.00200479 
train_loss: 0.00207055 
test_loss: 0.0019301 
train_loss: 0.00196555 
test_loss: 0.00196896 
train_loss: 0.0026871 
test_loss: 0.00243141 
train_loss: 0.00251937 
test_loss: 0.00233886 
train_loss: 0.00230134 
test_loss: 0.00214453 
train_loss: 0.00206336 
test_loss: 0.0020578 
train_loss: 0.00215946 
test_loss: 0.00220573 
train_loss: 0.00183264 
test_loss: 0.00193256 
train_loss: 0.00194926 
test_loss: 0.00190652 
train_loss: 0.0017595 
test_loss: 0.00196515 
train_loss: 0.00203505 
test_loss: 0.00233024 
train_loss: 0.00244459 
test_loss: 0.00215294 
train_loss: 0.00196941 
test_loss: 0.00197781 
train_loss: 0.00211558 
test_loss: 0.00188397 
train_loss: 0.00208661 
test_loss: 0.00234565 
train_loss: 0.00208632 
test_loss: 0.00241898 
train_loss: 0.00219485 
test_loss: 0.00184213 
train_loss: 0.00178589 
test_loss: 0.00177516 
train_loss: 0.00177651 
test_loss: 0.00186203 
train_loss: 0.00177252 
test_loss: 0.00179637 
train_loss: 0.00214514 
test_loss: 0.00219484 
train_loss: 0.00220224 
test_loss: 0.00212527 
train_loss: 0.00214367 
test_loss: 0.00189227 
train_loss: 0.00196305 
test_loss: 0.00197707 
train_loss: 0.00191376 
test_loss: 0.0018593 
train_loss: 0.00183297 
test_loss: 0.00175141 
train_loss: 0.0016391 
test_loss: 0.0017679 
train_loss: 0.00197941 
test_loss: 0.00192501 
train_loss: 0.00179187 
test_loss: 0.00195189 
train_loss: 0.0019441 
test_loss: 0.00180579 
train_loss: 0.00189215 
test_loss: 0.0020917 
train_loss: 0.00158709 
test_loss: 0.00190409 
train_loss: 0.00180334 
test_loss: 0.00185364 
train_loss: 0.00196185 
test_loss: 0.00186789 
train_loss: 0.00158551 
test_loss: 0.00175681 
train_loss: 0.00162704 
test_loss: 0.00172823 
train_loss: 0.00189387 
test_loss: 0.00196586 
train_loss: 0.00163975 
test_loss: 0.00157965 
train_loss: 0.00214182 
test_loss: 0.00204236 
train_loss: 0.00191931 
test_loss: 0.00203069 
train_loss: 0.00172654 
test_loss: 0.00153582 
train_loss: 0.00176958 
test_loss: 0.00211058 
train_loss: 0.0018376 
test_loss: 0.00178298 
train_loss: 0.00187043 
test_loss: 0.00189115 
train_loss: 0.00207347 
test_loss: 0.00188055 
train_loss: 0.00167141 
test_loss: 0.00150422 
train_loss: 0.0021407 
test_loss: 0.00240695 
train_loss: 0.00196781 
test_loss: 0.00190592 
train_loss: 0.00177958 
test_loss: 0.00161465 
train_loss: 0.00161748 
test_loss: 0.0017934 
train_loss: 0.00172794 
test_loss: 0.00175461 
train_loss: 0.00190647 
test_loss: 0.0019055 
train_loss: 0.00165708 
test_loss: 0.00161562 
train_loss: 0.00156461 
test_loss: 0.00161961 
train_loss: 0.00175426 
test_loss: 0.00167159 
train_loss: 0.00174911 
test_loss: 0.00178108 
train_loss: 0.00163566 
test_loss: 0.00170763 
train_loss: 0.00186414 
test_loss: 0.00167393 
train_loss: 0.00169084 
test_loss: 0.00223809 
train_loss: 0.00167571 
test_loss: 0.00171666 
train_loss: 0.00139688 
test_loss: 0.00151744 
train_loss: 0.00179263 
test_loss: 0.00168414 
train_loss: 0.00172336 
test_loss: 0.00184392 
train_loss: 0.00222296 
test_loss: 0.00169313 
train_loss: 0.00149885 
test_loss: 0.00155288 
train_loss: 0.00170462 
test_loss: 0.00171595 
train_loss: 0.00151064 
test_loss: 0.0015687 
train_loss: 0.00168258 
test_loss: 0.00168408 
train_loss: 0.0016286 
test_loss: 0.00156178 
train_loss: 0.00175001 
test_loss: 0.00166708 
train_loss: 0.00146994 
test_loss: 0.00146485 
train_loss: 0.00173287 
test_loss: 0.00184004 
train_loss: 0.00148228 
test_loss: 0.00161672 
train_loss: 0.00168638 
test_loss: 0.0016106 
train_loss: 0.00167318 
test_loss: 0.0020772 
train_loss: 0.00171682 
test_loss: 0.00158645 
train_loss: 0.00180288 
test_loss: 0.00169757 
train_loss: 0.00202328 
test_loss: 0.00180646 
train_loss: 0.00165893 
test_loss: 0.00154174 
train_loss: 0.00180331 
test_loss: 0.00202474 
train_loss: 0.00152044 
test_loss: 0.00149662 
train_loss: 0.00161165 
test_loss: 0.00152435 
train_loss: 0.0018498 
test_loss: 0.00171651 
