train_loss: 0.01849 
test_loss: 0.0176827 
train_loss: 0.011366 
test_loss: 0.0113999 
train_loss: 0.0109929 
test_loss: 0.0104479 
train_loss: 0.0104428 
test_loss: 0.0105428 
train_loss: 0.00851728 
test_loss: 0.00919302 
train_loss: 0.00818023 
test_loss: 0.00871103 
train_loss: 0.00864413 
test_loss: 0.00872612 
train_loss: 0.00867741 
test_loss: 0.00730759 
train_loss: 0.00733685 
test_loss: 0.0074974 
train_loss: 0.00719307 
test_loss: 0.00787367 
train_loss: 0.00760638 
test_loss: 0.00821082 
train_loss: 0.00731301 
test_loss: 0.00792807 
train_loss: 0.00670666 
test_loss: 0.00681429 
train_loss: 0.00755836 
test_loss: 0.0073685 
train_loss: 0.00651844 
test_loss: 0.00656273 
train_loss: 0.0069448 
test_loss: 0.00711763 
train_loss: 0.00634645 
test_loss: 0.00610969 
train_loss: 0.00643384 
test_loss: 0.00680397 
train_loss: 0.00614796 
test_loss: 0.00568976 
train_loss: 0.00606983 
test_loss: 0.00575953 
train_loss: 0.00518376 
test_loss: 0.00524975 
train_loss: 0.00510835 
test_loss: 0.00476867 
train_loss: 0.00572695 
test_loss: 0.00538562 
train_loss: 0.00487445 
test_loss: 0.00521323 
train_loss: 0.00503582 
test_loss: 0.00488122 
train_loss: 0.00436564 
test_loss: 0.00463878 
train_loss: 0.00451841 
test_loss: 0.0048991 
train_loss: 0.00431316 
test_loss: 0.00458864 
train_loss: 0.00475893 
test_loss: 0.00462908 
train_loss: 0.00452224 
test_loss: 0.00450345 
train_loss: 0.00452472 
test_loss: 0.00440555 
train_loss: 0.00424856 
test_loss: 0.00433607 
train_loss: 0.00383826 
test_loss: 0.00481243 
train_loss: 0.00380629 
test_loss: 0.00486795 
train_loss: 0.004355 
test_loss: 0.00409886 
train_loss: 0.00446975 
test_loss: 0.00418104 
train_loss: 0.00397988 
test_loss: 0.00391025 
train_loss: 0.00426193 
test_loss: 0.00418254 
train_loss: 0.00396622 
test_loss: 0.0041855 
train_loss: 0.00355882 
test_loss: 0.00378826 
train_loss: 0.00386321 
test_loss: 0.00409899 
train_loss: 0.00381706 
test_loss: 0.00366362 
train_loss: 0.00387138 
test_loss: 0.00362265 
train_loss: 0.00366107 
test_loss: 0.00407645 
train_loss: 0.0035798 
test_loss: 0.00370099 
train_loss: 0.00329473 
test_loss: 0.0032392 
train_loss: 0.0031176 
test_loss: 0.00328489 
train_loss: 0.00328045 
test_loss: 0.00355603 
train_loss: 0.00307695 
test_loss: 0.00341803 
train_loss: 0.00329466 
test_loss: 0.00314668 
train_loss: 0.00417558 
test_loss: 0.00339558 
train_loss: 0.00309892 
test_loss: 0.00330908 
train_loss: 0.00276827 
test_loss: 0.00326657 
train_loss: 0.0032934 
test_loss: 0.00292679 
train_loss: 0.00346765 
test_loss: 0.00330225 
train_loss: 0.00341982 
test_loss: 0.00309102 
train_loss: 0.00273172 
test_loss: 0.0029974 
train_loss: 0.00264976 
test_loss: 0.00316096 
train_loss: 0.0026771 
test_loss: 0.00279119 
train_loss: 0.00295906 
test_loss: 0.00289408 
train_loss: 0.00303969 
test_loss: 0.00318484 
train_loss: 0.00287276 
test_loss: 0.00290212 
train_loss: 0.00247823 
test_loss: 0.0029207 
train_loss: 0.00291204 
test_loss: 0.0027883 
train_loss: 0.00275641 
test_loss: 0.00284656 
train_loss: 0.00294865 
test_loss: 0.00304084 
train_loss: 0.00269036 
test_loss: 0.00244623 
train_loss: 0.00262606 
test_loss: 0.00295304 
train_loss: 0.00257639 
test_loss: 0.00244618 
train_loss: 0.00276227 
test_loss: 0.00238205 
train_loss: 0.00260195 
test_loss: 0.00297126 
train_loss: 0.00218105 
test_loss: 0.0025137 
train_loss: 0.00285481 
test_loss: 0.00283077 
train_loss: 0.00247091 
test_loss: 0.0025375 
train_loss: 0.00259396 
test_loss: 0.00255499 
train_loss: 0.0027474 
test_loss: 0.00266881 
train_loss: 0.00263053 
test_loss: 0.00280917 
train_loss: 0.00241009 
test_loss: 0.00250248 
train_loss: 0.00244898 
test_loss: 0.00230074 
train_loss: 0.0023754 
test_loss: 0.0023443 
train_loss: 0.00235283 
test_loss: 0.00261734 
train_loss: 0.00226509 
test_loss: 0.00233316 
train_loss: 0.00219732 
test_loss: 0.00236846 
train_loss: 0.002139 
test_loss: 0.00207482 
train_loss: 0.00221302 
test_loss: 0.00218565 
train_loss: 0.00237039 
test_loss: 0.00231401 
train_loss: 0.00215095 
test_loss: 0.00226574 
train_loss: 0.0024152 
test_loss: 0.00251554 
train_loss: 0.00253517 
test_loss: 0.00222824 
train_loss: 0.0024872 
test_loss: 0.00228718 
train_loss: 0.00211016 
test_loss: 0.00227045 
train_loss: 0.00236943 
test_loss: 0.00218979 
train_loss: 0.0023506 
test_loss: 0.00220993 
train_loss: 0.00199543 
test_loss: 0.00207642 
train_loss: 0.00252614 
test_loss: 0.00243505 
train_loss: 0.00235908 
test_loss: 0.00205973 
train_loss: 0.00244885 
test_loss: 0.00213463 
train_loss: 0.00192587 
test_loss: 0.00222929 
train_loss: 0.00225784 
test_loss: 0.00201923 
train_loss: 0.00222984 
test_loss: 0.00224059 
train_loss: 0.00203864 
test_loss: 0.00203338 
train_loss: 0.00193812 
test_loss: 0.00214487 
train_loss: 0.00231666 
test_loss: 0.00227376 
train_loss: 0.00191427 
test_loss: 0.00206773 
train_loss: 0.00238982 
test_loss: 0.00245133 
train_loss: 0.00220805 
test_loss: 0.00203438 
train_loss: 0.00212998 
test_loss: 0.00205822 
train_loss: 0.00228519 
test_loss: 0.0023032 
train_loss: 0.00189785 
test_loss: 0.00195802 
train_loss: 0.00214326 
test_loss: 0.00210857 
train_loss: 0.00201386 
test_loss: 0.00205493 
train_loss: 0.00228287 
test_loss: 0.00198447 
train_loss: 0.00217366 
test_loss: 0.00223955 
train_loss: 0.00204041 
test_loss: 0.00182326 
train_loss: 0.00229029 
test_loss: 0.0021084 
train_loss: 0.00248255 
test_loss: 0.00228632 
train_loss: 0.00219422 
test_loss: 0.00207809 
train_loss: 0.00211857 
test_loss: 0.00193327 
train_loss: 0.00197324 
test_loss: 0.00196663 
train_loss: 0.00189816 
test_loss: 0.00214985 
