train_loss: 0.0697076 
test_loss: 0.0667476 
train_loss: 0.0429594 
test_loss: 0.0442719 
train_loss: 0.0315052 
test_loss: 0.0307802 
train_loss: 0.0180999 
test_loss: 0.0182084 
train_loss: 0.0116437 
test_loss: 0.0119253 
train_loss: 0.00997881 
test_loss: 0.010467 
train_loss: 0.00985233 
test_loss: 0.00964234 
train_loss: 0.00968898 
test_loss: 0.00943502 
train_loss: 0.0087956 
test_loss: 0.00891913 
train_loss: 0.00785297 
test_loss: 0.00890399 
train_loss: 0.00852622 
test_loss: 0.00887266 
train_loss: 0.0070293 
test_loss: 0.00730979 
train_loss: 0.00700269 
test_loss: 0.00638858 
train_loss: 0.00732918 
test_loss: 0.00695112 
train_loss: 0.00679457 
test_loss: 0.00609697 
train_loss: 0.00648717 
test_loss: 0.00622892 
train_loss: 0.00589045 
test_loss: 0.00622288 
train_loss: 0.00615392 
test_loss: 0.00630547 
train_loss: 0.0064951 
test_loss: 0.00622993 
train_loss: 0.00663246 
test_loss: 0.00630754 
train_loss: 0.00605086 
test_loss: 0.00562948 
train_loss: 0.00626155 
test_loss: 0.0062354 
train_loss: 0.00598302 
test_loss: 0.00602099 
train_loss: 0.00621955 
test_loss: 0.00616248 
train_loss: 0.00613256 
test_loss: 0.00591971 
train_loss: 0.00612036 
test_loss: 0.00677326 
train_loss: 0.00570331 
test_loss: 0.00612282 
train_loss: 0.00593738 
test_loss: 0.00599921 
train_loss: 0.00513959 
test_loss: 0.0051302 
train_loss: 0.0063195 
test_loss: 0.00609302 
train_loss: 0.00569536 
test_loss: 0.00530352 
train_loss: 0.0054171 
test_loss: 0.00551359 
train_loss: 0.00494556 
test_loss: 0.00549272 
train_loss: 0.00521118 
test_loss: 0.00545105 
train_loss: 0.00489869 
test_loss: 0.0047091 
train_loss: 0.00511455 
test_loss: 0.00485455 
train_loss: 0.00473627 
test_loss: 0.00472247 
train_loss: 0.0044417 
test_loss: 0.00495087 
train_loss: 0.00514832 
test_loss: 0.00467446 
train_loss: 0.00478555 
test_loss: 0.00465149 
train_loss: 0.00406266 
test_loss: 0.00416564 
train_loss: 0.00435886 
test_loss: 0.00484541 
train_loss: 0.00449718 
test_loss: 0.00462146 
train_loss: 0.00417583 
test_loss: 0.00392038 
train_loss: 0.00422717 
test_loss: 0.00419854 
train_loss: 0.00371473 
test_loss: 0.00370371 
train_loss: 0.00481799 
test_loss: 0.00438326 
train_loss: 0.00424107 
test_loss: 0.00442939 
train_loss: 0.0040806 
test_loss: 0.00360295 
train_loss: 0.00384294 
test_loss: 0.00419525 
train_loss: 0.00377408 
test_loss: 0.00397199 
train_loss: 0.00366156 
test_loss: 0.00364128 
train_loss: 0.00380594 
test_loss: 0.00362221 
train_loss: 0.00392989 
test_loss: 0.00374399 
train_loss: 0.00347086 
test_loss: 0.00360348 
train_loss: 0.00362767 
test_loss: 0.00370688 
train_loss: 0.00407891 
test_loss: 0.00386017 
train_loss: 0.00351872 
test_loss: 0.00364363 
train_loss: 0.00320878 
test_loss: 0.0031466 
train_loss: 0.0033923 
test_loss: 0.00348558 
train_loss: 0.00334302 
test_loss: 0.00354237 
train_loss: 0.00351861 
test_loss: 0.00366986 
train_loss: 0.00340446 
test_loss: 0.003419 
train_loss: 0.00364907 
test_loss: 0.00357555 
train_loss: 0.00339923 
test_loss: 0.00311049 
train_loss: 0.00312454 
test_loss: 0.00290833 
train_loss: 0.00354041 
test_loss: 0.00298204 
train_loss: 0.0029515 
test_loss: 0.00304838 
train_loss: 0.00301818 
test_loss: 0.00311823 
train_loss: 0.0030521 
test_loss: 0.0030462 
train_loss: 0.00316919 
test_loss: 0.00299502 
train_loss: 0.00273218 
test_loss: 0.00281618 
train_loss: 0.00317123 
test_loss: 0.00336256 
train_loss: 0.00301783 
test_loss: 0.00292 
train_loss: 0.00416924 
test_loss: 0.00366098 
train_loss: 0.00307636 
test_loss: 0.00322658 
train_loss: 0.00299668 
test_loss: 0.00300226 
train_loss: 0.0023427 
test_loss: 0.00265428 
train_loss: 0.00268996 
test_loss: 0.00269765 
train_loss: 0.00296135 
test_loss: 0.00325544 
train_loss: 0.00253474 
test_loss: 0.00274541 
train_loss: 0.0025443 
test_loss: 0.00287476 
train_loss: 0.00276633 
test_loss: 0.00269634 
train_loss: 0.00235441 
test_loss: 0.0025604 
train_loss: 0.00249935 
test_loss: 0.00238753 
train_loss: 0.00221934 
test_loss: 0.00272415 
train_loss: 0.00265649 
test_loss: 0.00251444 
train_loss: 0.00247054 
test_loss: 0.00236461 
train_loss: 0.00244197 
test_loss: 0.00246239 
train_loss: 0.00242973 
test_loss: 0.00232855 
train_loss: 0.0025848 
test_loss: 0.00286739 
train_loss: 0.0023063 
test_loss: 0.002356 
train_loss: 0.00222034 
test_loss: 0.00240571 
train_loss: 0.00241443 
test_loss: 0.00238099 
train_loss: 0.00218343 
test_loss: 0.00229199 
train_loss: 0.00231611 
test_loss: 0.00262537 
train_loss: 0.00253519 
test_loss: 0.00225708 
train_loss: 0.00249028 
test_loss: 0.0027168 
train_loss: 0.00245478 
test_loss: 0.00223235 
train_loss: 0.00250018 
test_loss: 0.00240337 
train_loss: 0.00220485 
test_loss: 0.0022629 
train_loss: 0.00189566 
test_loss: 0.00225867 
train_loss: 0.00209545 
test_loss: 0.00234346 
train_loss: 0.00253217 
test_loss: 0.00230741 
train_loss: 0.00235904 
test_loss: 0.00224567 
train_loss: 0.00219757 
test_loss: 0.00213168 
train_loss: 0.00251095 
test_loss: 0.00257475 
train_loss: 0.00188619 
test_loss: 0.00192851 
train_loss: 0.00220397 
test_loss: 0.00247035 
train_loss: 0.00229988 
test_loss: 0.00216333 
train_loss: 0.00210838 
test_loss: 0.00227878 
train_loss: 0.00220186 
test_loss: 0.00251107 
train_loss: 0.00209048 
test_loss: 0.00213552 
train_loss: 0.00245655 
test_loss: 0.00207465 
train_loss: 0.00228069 
test_loss: 0.00221249 
train_loss: 0.00212375 
test_loss: 0.0020012 
train_loss: 0.00213674 
test_loss: 0.00210327 
train_loss: 0.00198207 
test_loss: 0.00198273 
train_loss: 0.00192644 
test_loss: 0.00196614 
train_loss: 0.00221899 
test_loss: 0.00223311 
