train_loss: 0.287595 
test_loss: 0.290089 
train_loss: 0.292662 
test_loss: 0.281642 
train_loss: 0.275011 
test_loss: 0.268978 
train_loss: 0.257679 
test_loss: 0.250667 
train_loss: 0.223677 
test_loss: 0.221119 
train_loss: 0.174672 
test_loss: 0.174723 
train_loss: 0.114676 
test_loss: 0.111429 
train_loss: 0.0630777 
test_loss: 0.0631253 
train_loss: 0.0526881 
test_loss: 0.0546534 
train_loss: 0.0541202 
test_loss: 0.053021 
train_loss: 0.0508087 
test_loss: 0.0521758 
train_loss: 0.0510423 
test_loss: 0.0512465 
train_loss: 0.0493436 
test_loss: 0.0501942 
train_loss: 0.0471727 
test_loss: 0.0487115 
train_loss: 0.0463922 
test_loss: 0.0465912 
train_loss: 0.0426013 
test_loss: 0.0423467 
train_loss: 0.0306644 
test_loss: 0.0306295 
train_loss: 0.0197113 
test_loss: 0.018932 
train_loss: 0.0135523 
test_loss: 0.0139975 
train_loss: 0.0126896 
test_loss: 0.0125284 
train_loss: 0.0126313 
test_loss: 0.0121058 
train_loss: 0.0113437 
test_loss: 0.0116568 
train_loss: 0.0112924 
test_loss: 0.01103 
train_loss: 0.0110708 
test_loss: 0.0110867 
train_loss: 0.0116024 
test_loss: 0.0106539 
train_loss: 0.00977714 
test_loss: 0.00994721 
train_loss: 0.00959644 
test_loss: 0.010324 
train_loss: 0.00956791 
test_loss: 0.00989817 
train_loss: 0.0104796 
test_loss: 0.0100943 
train_loss: 0.00967222 
test_loss: 0.00955888 
train_loss: 0.00935433 
test_loss: 0.00970791 
train_loss: 0.00940608 
test_loss: 0.00918365 
train_loss: 0.00831212 
test_loss: 0.00906464 
train_loss: 0.00826519 
test_loss: 0.00846418 
train_loss: 0.00805716 
test_loss: 0.0080633 
train_loss: 0.00680403 
test_loss: 0.00700125 
train_loss: 0.00606319 
test_loss: 0.00601426 
train_loss: 0.00600208 
test_loss: 0.00633144 
train_loss: 0.00602641 
test_loss: 0.00611592 
train_loss: 0.00599484 
test_loss: 0.0059439 
train_loss: 0.00615384 
test_loss: 0.00605641 
train_loss: 0.00596932 
test_loss: 0.00561459 
train_loss: 0.0057025 
test_loss: 0.00533949 
train_loss: 0.0055098 
test_loss: 0.00573852 
train_loss: 0.00512847 
test_loss: 0.00522386 
train_loss: 0.00599421 
test_loss: 0.0054475 
train_loss: 0.00505408 
test_loss: 0.00478952 
train_loss: 0.00523218 
test_loss: 0.00512513 
train_loss: 0.00454722 
test_loss: 0.00527394 
train_loss: 0.00519452 
test_loss: 0.00492714 
train_loss: 0.00472407 
test_loss: 0.00461612 
train_loss: 0.00527691 
test_loss: 0.00503737 
train_loss: 0.00474286 
test_loss: 0.00486357 
train_loss: 0.00456745 
test_loss: 0.0045553 
train_loss: 0.00414465 
test_loss: 0.00476093 
train_loss: 0.00394976 
test_loss: 0.00436459 
train_loss: 0.0040879 
test_loss: 0.00429625 
train_loss: 0.00423698 
test_loss: 0.00493436 
train_loss: 0.00403955 
test_loss: 0.00436378 
train_loss: 0.00410432 
test_loss: 0.00421051 
train_loss: 0.00435373 
test_loss: 0.00430857 
train_loss: 0.00433317 
test_loss: 0.00408735 
train_loss: 0.00362751 
test_loss: 0.00343914 
train_loss: 0.00374092 
test_loss: 0.00367136 
train_loss: 0.00331561 
test_loss: 0.0037903 
train_loss: 0.00392295 
test_loss: 0.00376216 
train_loss: 0.00330581 
test_loss: 0.00344181 
train_loss: 0.00390536 
test_loss: 0.00347925 
train_loss: 0.00326812 
test_loss: 0.0034451 
train_loss: 0.00318911 
test_loss: 0.00318309 
train_loss: 0.00354879 
test_loss: 0.00340655 
train_loss: 0.00347253 
test_loss: 0.00335443 
train_loss: 0.00312097 
test_loss: 0.0033104 
train_loss: 0.00309983 
test_loss: 0.00344359 
train_loss: 0.00329493 
test_loss: 0.00397359 
train_loss: 0.00356058 
test_loss: 0.00377226 
train_loss: 0.00348376 
test_loss: 0.00330017 
train_loss: 0.00293915 
test_loss: 0.00330791 
train_loss: 0.00315393 
test_loss: 0.00318274 
train_loss: 0.00344736 
test_loss: 0.00321778 
train_loss: 0.00324753 
test_loss: 0.0030256 
train_loss: 0.00302502 
test_loss: 0.0029016 
train_loss: 0.00314975 
test_loss: 0.00324386 
train_loss: 0.00304453 
test_loss: 0.00291156 
train_loss: 0.00296753 
test_loss: 0.00306417 
train_loss: 0.00304816 
test_loss: 0.00292993 
train_loss: 0.00322492 
test_loss: 0.0031513 
train_loss: 0.00263778 
test_loss: 0.00259114 
train_loss: 0.00273325 
test_loss: 0.00270139 
train_loss: 0.00296487 
test_loss: 0.00275854 
train_loss: 0.00268721 
test_loss: 0.00299082 
train_loss: 0.00248112 
test_loss: 0.00267751 
train_loss: 0.00315269 
test_loss: 0.00287822 
train_loss: 0.00252981 
test_loss: 0.00278047 
train_loss: 0.0029597 
test_loss: 0.00250607 
train_loss: 0.00285519 
test_loss: 0.00288775 
train_loss: 0.00265815 
test_loss: 0.00298311 
train_loss: 0.00229355 
test_loss: 0.00238991 
train_loss: 0.00256478 
test_loss: 0.00259759 
train_loss: 0.00292677 
test_loss: 0.00267128 
train_loss: 0.00274068 
test_loss: 0.00259795 
train_loss: 0.00243877 
test_loss: 0.00248719 
train_loss: 0.00262531 
test_loss: 0.00281731 
train_loss: 0.00237773 
test_loss: 0.00245994 
train_loss: 0.00274357 
test_loss: 0.00246159 
train_loss: 0.00260871 
test_loss: 0.00245596 
train_loss: 0.00276279 
test_loss: 0.00265971 
train_loss: 0.00269498 
test_loss: 0.00244248 
train_loss: 0.00259856 
test_loss: 0.0025662 
train_loss: 0.00229327 
test_loss: 0.0025748 
train_loss: 0.00248647 
test_loss: 0.00229667 
train_loss: 0.00247538 
test_loss: 0.00228244 
train_loss: 0.00259692 
test_loss: 0.00252719 
train_loss: 0.0021168 
test_loss: 0.00245634 
train_loss: 0.00221381 
test_loss: 0.00220051 
train_loss: 0.00209622 
test_loss: 0.00244916 
train_loss: 0.00217851 
test_loss: 0.00218176 
train_loss: 0.00225731 
test_loss: 0.00237282 
train_loss: 0.00229344 
test_loss: 0.00225788 
train_loss: 0.00233171 
test_loss: 0.00220455 
train_loss: 0.00251582 
test_loss: 0.00229357 
train_loss: 0.00246237 
test_loss: 0.00219893 
train_loss: 0.00218447 
test_loss: 0.00207871 
train_loss: 0.00228082 
test_loss: 0.00217136 
train_loss: 0.00217593 
test_loss: 0.00220305 
train_loss: 0.00220338 
test_loss: 0.00226678 
train_loss: 0.00240511 
test_loss: 0.00222319 
train_loss: 0.00216817 
test_loss: 0.0023222 
train_loss: 0.0022623 
test_loss: 0.0019585 
train_loss: 0.00232742 
test_loss: 0.00216558 
train_loss: 0.00196163 
test_loss: 0.00185429 
train_loss: 0.00217126 
test_loss: 0.00202837 
train_loss: 0.00196046 
test_loss: 0.00198031 
train_loss: 0.00203329 
test_loss: 0.00221779 
train_loss: 0.00189569 
test_loss: 0.00195535 
train_loss: 0.00197013 
test_loss: 0.00196326 
train_loss: 0.0024271 
test_loss: 0.00228728 
train_loss: 0.00212989 
test_loss: 0.00227644 
train_loss: 0.0019446 
test_loss: 0.00205859 
train_loss: 0.00183097 
test_loss: 0.00192263 
train_loss: 0.00197711 
test_loss: 0.00204761 
train_loss: 0.00194068 
test_loss: 0.00217907 
train_loss: 0.00205605 
test_loss: 0.00214365 
train_loss: 0.00189696 
test_loss: 0.00190741 
train_loss: 0.00207565 
test_loss: 0.00207 
train_loss: 0.00198361 
test_loss: 0.0021476 
train_loss: 0.00201678 
test_loss: 0.00187253 
train_loss: 0.00175728 
test_loss: 0.00192114 
train_loss: 0.00184934 
test_loss: 0.00194662 
train_loss: 0.00192561 
test_loss: 0.00195336 
