train_loss: 0.0564255 
test_loss: 0.0568955 
train_loss: 0.0544846 
test_loss: 0.0539371 
train_loss: 0.0369789 
test_loss: 0.0371556 
train_loss: 0.0132735 
test_loss: 0.0127491 
train_loss: 0.0108162 
test_loss: 0.0107177 
train_loss: 0.010013 
test_loss: 0.0101725 
train_loss: 0.00968145 
test_loss: 0.00952499 
train_loss: 0.00992316 
test_loss: 0.00936277 
train_loss: 0.00902649 
test_loss: 0.00941454 
train_loss: 0.00953738 
test_loss: 0.00927539 
train_loss: 0.00960148 
test_loss: 0.0088542 
train_loss: 0.00775897 
test_loss: 0.00801208 
train_loss: 0.00725427 
test_loss: 0.00712655 
train_loss: 0.00700879 
test_loss: 0.00701718 
train_loss: 0.00589915 
test_loss: 0.00566364 
train_loss: 0.00666681 
test_loss: 0.00619919 
train_loss: 0.0057927 
test_loss: 0.00572978 
train_loss: 0.00552707 
test_loss: 0.00588885 
train_loss: 0.00569542 
test_loss: 0.00603484 
train_loss: 0.005966 
test_loss: 0.00628017 
train_loss: 0.00634047 
test_loss: 0.0059668 
train_loss: 0.00586661 
test_loss: 0.00646463 
train_loss: 0.00571108 
test_loss: 0.00582807 
train_loss: 0.00632849 
test_loss: 0.00591589 
train_loss: 0.00598579 
test_loss: 0.00587134 
train_loss: 0.00595332 
test_loss: 0.00587619 
train_loss: 0.00644082 
test_loss: 0.00616426 
train_loss: 0.00570163 
test_loss: 0.00549913 
train_loss: 0.00488929 
test_loss: 0.00530157 
train_loss: 0.00552456 
test_loss: 0.00554703 
train_loss: 0.00540074 
test_loss: 0.00528766 
train_loss: 0.0046731 
test_loss: 0.00497281 
train_loss: 0.00557835 
test_loss: 0.0054874 
train_loss: 0.00480207 
test_loss: 0.00491833 
train_loss: 0.00496752 
test_loss: 0.00475273 
train_loss: 0.00553074 
test_loss: 0.00542265 
train_loss: 0.00391771 
test_loss: 0.0042055 
train_loss: 0.00449439 
test_loss: 0.00466299 
train_loss: 0.0042869 
test_loss: 0.00466972 
train_loss: 0.00463722 
test_loss: 0.00478884 
train_loss: 0.00425013 
test_loss: 0.00419077 
train_loss: 0.00358643 
test_loss: 0.00408033 
train_loss: 0.0043279 
test_loss: 0.00421514 
train_loss: 0.00432087 
test_loss: 0.00413885 
train_loss: 0.00401688 
test_loss: 0.00392441 
train_loss: 0.00438677 
test_loss: 0.00429506 
train_loss: 0.00411441 
test_loss: 0.00396319 
train_loss: 0.00408015 
test_loss: 0.00388589 
train_loss: 0.00363493 
test_loss: 0.00373888 
train_loss: 0.00367826 
test_loss: 0.00363993 
train_loss: 0.00387559 
test_loss: 0.00380456 
train_loss: 0.00386926 
test_loss: 0.00377267 
train_loss: 0.00385915 
test_loss: 0.00399605 
train_loss: 0.00379402 
test_loss: 0.00380738 
train_loss: 0.00292308 
test_loss: 0.00342116 
train_loss: 0.00317076 
test_loss: 0.00334167 
train_loss: 0.00378101 
test_loss: 0.00380259 
train_loss: 0.00334748 
test_loss: 0.00376643 
train_loss: 0.00390821 
test_loss: 0.00353611 
train_loss: 0.00349813 
test_loss: 0.00316811 
train_loss: 0.00366031 
test_loss: 0.00367212 
train_loss: 0.00339701 
test_loss: 0.00320199 
train_loss: 0.00361375 
test_loss: 0.0032283 
train_loss: 0.00306957 
test_loss: 0.00313078 
train_loss: 0.00387449 
test_loss: 0.0038184 
train_loss: 0.00299349 
test_loss: 0.00323155 
train_loss: 0.00324692 
test_loss: 0.00320556 
train_loss: 0.0035895 
test_loss: 0.00325377 
train_loss: 0.00355006 
test_loss: 0.00327468 
train_loss: 0.00310056 
test_loss: 0.00311872 
train_loss: 0.00303386 
test_loss: 0.00359336 
train_loss: 0.00276641 
test_loss: 0.00296238 
train_loss: 0.00294485 
test_loss: 0.00304548 
train_loss: 0.0028729 
test_loss: 0.00283677 
train_loss: 0.00294647 
test_loss: 0.00306703 
train_loss: 0.00251185 
test_loss: 0.00261015 
train_loss: 0.00275327 
test_loss: 0.00282356 
train_loss: 0.00284344 
test_loss: 0.00273223 
train_loss: 0.00249202 
test_loss: 0.00279717 
train_loss: 0.00255807 
test_loss: 0.00254283 
train_loss: 0.00256735 
test_loss: 0.00268284 
train_loss: 0.00289596 
test_loss: 0.00268233 
train_loss: 0.00262874 
test_loss: 0.00251044 
train_loss: 0.0018831 
test_loss: 0.00215817 
train_loss: 0.00273785 
test_loss: 0.00270366 
train_loss: 0.00264678 
test_loss: 0.00250757 
train_loss: 0.00260682 
test_loss: 0.00251552 
train_loss: 0.0022875 
test_loss: 0.00252099 
train_loss: 0.0025497 
test_loss: 0.00255415 
train_loss: 0.00202334 
test_loss: 0.00209215 
train_loss: 0.00269001 
test_loss: 0.00261098 
train_loss: 0.00214774 
test_loss: 0.00232242 
train_loss: 0.00220914 
test_loss: 0.0023794 
train_loss: 0.00220869 
test_loss: 0.00214815 
train_loss: 0.00213393 
test_loss: 0.00212431 
train_loss: 0.00222888 
test_loss: 0.00251838 
train_loss: 0.00229531 
test_loss: 0.00250317 
train_loss: 0.00231247 
test_loss: 0.00223369 
train_loss: 0.00208584 
test_loss: 0.00206146 
train_loss: 0.00213799 
test_loss: 0.00206002 
train_loss: 0.00252392 
test_loss: 0.00248938 
train_loss: 0.00224089 
test_loss: 0.00210906 
train_loss: 0.00183084 
test_loss: 0.00199689 
train_loss: 0.00249432 
test_loss: 0.00210364 
train_loss: 0.00204908 
test_loss: 0.00205127 
train_loss: 0.00214751 
test_loss: 0.00193146 
train_loss: 0.00212428 
test_loss: 0.00237835 
train_loss: 0.00226576 
test_loss: 0.00231481 
train_loss: 0.00232755 
test_loss: 0.00217202 
train_loss: 0.00194857 
test_loss: 0.00201972 
train_loss: 0.00200089 
test_loss: 0.00220815 
train_loss: 0.00239764 
test_loss: 0.00223682 
train_loss: 0.00192065 
test_loss: 0.00196991 
train_loss: 0.00208406 
test_loss: 0.00227082 
train_loss: 0.00193838 
test_loss: 0.00206349 
train_loss: 0.00200135 
test_loss: 0.00199182 
train_loss: 0.00206272 
test_loss: 0.00205383 
train_loss: 0.00210013 
test_loss: 0.00188248 
train_loss: 0.00210855 
test_loss: 0.0023081 
train_loss: 0.00196692 
test_loss: 0.00203889 
