train_loss: 0.0761155 
test_loss: 0.0767078 
train_loss: 0.0558383 
test_loss: 0.0553729 
train_loss: 0.0554492 
test_loss: 0.054467 
train_loss: 0.0536213 
test_loss: 0.052767 
train_loss: 0.0405733 
test_loss: 0.0411485 
train_loss: 0.0160154 
test_loss: 0.0169123 
train_loss: 0.0112434 
test_loss: 0.0117359 
train_loss: 0.0108228 
test_loss: 0.0102802 
train_loss: 0.0101436 
test_loss: 0.0100732 
train_loss: 0.0102116 
test_loss: 0.00959485 
train_loss: 0.00901834 
test_loss: 0.00915958 
train_loss: 0.0088256 
test_loss: 0.00906124 
train_loss: 0.00905599 
test_loss: 0.00924893 
train_loss: 0.00884561 
test_loss: 0.00822442 
train_loss: 0.0079042 
test_loss: 0.00787318 
train_loss: 0.00698038 
test_loss: 0.00688778 
train_loss: 0.00707666 
test_loss: 0.00671828 
train_loss: 0.00690088 
test_loss: 0.00653544 
train_loss: 0.00676044 
test_loss: 0.00655871 
train_loss: 0.00645809 
test_loss: 0.00635577 
train_loss: 0.00610917 
test_loss: 0.00594636 
train_loss: 0.00749541 
test_loss: 0.00830761 
train_loss: 0.00673919 
test_loss: 0.00653073 
train_loss: 0.00663634 
test_loss: 0.00662439 
train_loss: 0.00657742 
test_loss: 0.0067507 
train_loss: 0.00632425 
test_loss: 0.00702372 
train_loss: 0.00603878 
test_loss: 0.00558386 
train_loss: 0.00588932 
test_loss: 0.00682566 
train_loss: 0.00551647 
test_loss: 0.00554595 
train_loss: 0.00607114 
test_loss: 0.00581888 
train_loss: 0.00517616 
test_loss: 0.00473866 
train_loss: 0.00508847 
test_loss: 0.00557682 
train_loss: 0.00541987 
test_loss: 0.00546569 
train_loss: 0.00537807 
test_loss: 0.00471384 
train_loss: 0.00553521 
test_loss: 0.00528338 
train_loss: 0.0045561 
test_loss: 0.00456413 
train_loss: 0.00465039 
test_loss: 0.00463378 
train_loss: 0.00497878 
test_loss: 0.00512794 
train_loss: 0.00462342 
test_loss: 0.00437155 
train_loss: 0.0047333 
test_loss: 0.00431461 
train_loss: 0.00424258 
test_loss: 0.0042337 
train_loss: 0.00548833 
test_loss: 0.00472264 
train_loss: 0.00392251 
test_loss: 0.0040547 
train_loss: 0.00449677 
test_loss: 0.00450187 
train_loss: 0.00463781 
test_loss: 0.0044086 
train_loss: 0.0044064 
test_loss: 0.00448441 
train_loss: 0.00373442 
test_loss: 0.00358033 
train_loss: 0.00358477 
test_loss: 0.00381804 
train_loss: 0.00357969 
test_loss: 0.00401435 
train_loss: 0.00409391 
test_loss: 0.00367834 
train_loss: 0.00353163 
test_loss: 0.00355913 
train_loss: 0.00385512 
test_loss: 0.00349598 
train_loss: 0.00422441 
test_loss: 0.00391394 
train_loss: 0.00379652 
test_loss: 0.00373514 
train_loss: 0.00334053 
test_loss: 0.00329093 
train_loss: 0.00338023 
test_loss: 0.00355308 
train_loss: 0.00354899 
test_loss: 0.00373285 
train_loss: 0.00342665 
test_loss: 0.00333631 
train_loss: 0.00347937 
test_loss: 0.00326627 
train_loss: 0.00303265 
test_loss: 0.00310486 
train_loss: 0.00289 
test_loss: 0.00305368 
train_loss: 0.00348517 
test_loss: 0.00359575 
train_loss: 0.00344623 
test_loss: 0.0031258 
train_loss: 0.00286969 
test_loss: 0.00312669 
train_loss: 0.00294707 
test_loss: 0.00306078 
train_loss: 0.00292956 
test_loss: 0.0031262 
train_loss: 0.00326026 
test_loss: 0.00288168 
train_loss: 0.00307734 
test_loss: 0.00302718 
train_loss: 0.00275551 
test_loss: 0.00317506 
train_loss: 0.00334914 
test_loss: 0.00348763 
train_loss: 0.0030117 
test_loss: 0.00333168 
train_loss: 0.00298236 
test_loss: 0.00307181 
train_loss: 0.00317629 
test_loss: 0.00312021 
train_loss: 0.00245453 
test_loss: 0.00264283 
train_loss: 0.002749 
test_loss: 0.00286575 
train_loss: 0.00322473 
test_loss: 0.00320577 
train_loss: 0.00312596 
test_loss: 0.00289669 
train_loss: 0.00275293 
test_loss: 0.00275356 
train_loss: 0.00276452 
test_loss: 0.00292316 
train_loss: 0.00291402 
test_loss: 0.00325293 
train_loss: 0.00278661 
test_loss: 0.00283418 
train_loss: 0.00257442 
test_loss: 0.00270421 
train_loss: 0.00259887 
test_loss: 0.00266113 
train_loss: 0.00258633 
test_loss: 0.00255694 
train_loss: 0.00278401 
test_loss: 0.0026269 
train_loss: 0.00273552 
test_loss: 0.00275801 
train_loss: 0.0027547 
test_loss: 0.00284481 
train_loss: 0.0026021 
test_loss: 0.00262505 
train_loss: 0.00248312 
test_loss: 0.00242671 
train_loss: 0.00271593 
test_loss: 0.00246938 
train_loss: 0.00267883 
test_loss: 0.00241616 
train_loss: 0.0024947 
test_loss: 0.0023982 
train_loss: 0.00259415 
test_loss: 0.00242896 
train_loss: 0.0025371 
test_loss: 0.00244864 
train_loss: 0.00244426 
test_loss: 0.00230262 
train_loss: 0.00226695 
test_loss: 0.00253231 
train_loss: 0.00218753 
test_loss: 0.00241294 
train_loss: 0.00215916 
test_loss: 0.00247532 
train_loss: 0.00275017 
test_loss: 0.0024884 
train_loss: 0.00232499 
test_loss: 0.00219965 
train_loss: 0.00282038 
test_loss: 0.00243277 
train_loss: 0.002259 
test_loss: 0.0022994 
train_loss: 0.00194991 
test_loss: 0.00211738 
train_loss: 0.00232891 
test_loss: 0.00242653 
train_loss: 0.00206555 
test_loss: 0.00199676 
train_loss: 0.00212949 
test_loss: 0.0022421 
train_loss: 0.00223842 
test_loss: 0.00226888 
train_loss: 0.00236524 
test_loss: 0.00244034 
train_loss: 0.00249598 
test_loss: 0.00239162 
train_loss: 0.00210349 
test_loss: 0.00209816 
train_loss: 0.00265071 
test_loss: 0.00261107 
train_loss: 0.00201466 
test_loss: 0.00224167 
train_loss: 0.00230596 
test_loss: 0.00240218 
train_loss: 0.00226701 
test_loss: 0.00229698 
train_loss: 0.00204807 
test_loss: 0.00201257 
train_loss: 0.00221528 
test_loss: 0.00234623 
train_loss: 0.00200884 
test_loss: 0.00214461 
train_loss: 0.00231123 
test_loss: 0.00216576 
train_loss: 0.0021337 
test_loss: 0.00188751 
train_loss: 0.00214365 
test_loss: 0.00200566 
train_loss: 0.0020919 
test_loss: 0.00208762 
train_loss: 0.00219642 
test_loss: 0.00215698 
train_loss: 0.00210303 
test_loss: 0.0020474 
train_loss: 0.00187402 
test_loss: 0.00200136 
train_loss: 0.00203867 
test_loss: 0.00199203 
train_loss: 0.00193569 
test_loss: 0.00199598 
train_loss: 0.00213899 
test_loss: 0.00211016 
train_loss: 0.00209932 
test_loss: 0.00190089 
train_loss: 0.00200146 
test_loss: 0.00197612 
train_loss: 0.00172176 
test_loss: 0.00197236 
train_loss: 0.00190908 
test_loss: 0.00186661 
train_loss: 0.00208722 
test_loss: 0.00214689 
train_loss: 0.00220772 
test_loss: 0.00226127 
train_loss: 0.00204796 
test_loss: 0.00195549 
train_loss: 0.0017677 
test_loss: 0.00191459 
train_loss: 0.00186011 
test_loss: 0.00196702 
train_loss: 0.00199693 
test_loss: 0.00208403 
train_loss: 0.00170953 
test_loss: 0.0019013 
train_loss: 0.00175612 
test_loss: 0.0019958 
train_loss: 0.00163782 
test_loss: 0.00191744 
train_loss: 0.00197818 
test_loss: 0.00191379 
train_loss: 0.00178986 
test_loss: 0.00206094 
train_loss: 0.00187343 
test_loss: 0.00196471 
train_loss: 0.00200301 
test_loss: 0.00201089 
train_loss: 0.00185378 
test_loss: 0.00161321 
train_loss: 0.00174449 
test_loss: 0.00214191 
train_loss: 0.00177353 
test_loss: 0.00181081 
train_loss: 0.00162475 
test_loss: 0.00164161 
train_loss: 0.00226229 
test_loss: 0.00194198 
train_loss: 0.00185994 
test_loss: 0.00176993 
train_loss: 0.00219175 
test_loss: 0.00188323 
train_loss: 0.00208234 
test_loss: 0.00197187 
train_loss: 0.00171047 
test_loss: 0.00166872 
train_loss: 0.00170609 
test_loss: 0.00162052 
train_loss: 0.0021245 
test_loss: 0.00193614 
train_loss: 0.00182997 
test_loss: 0.00186516 
train_loss: 0.00181209 
test_loss: 0.00175503 
train_loss: 0.00171793 
test_loss: 0.00164083 
train_loss: 0.00185663 
test_loss: 0.00186386 
train_loss: 0.00169337 
test_loss: 0.00178149 
