train_loss: 0.273958 
test_loss: 0.281441 
train_loss: 0.288556 
test_loss: 0.281343 
train_loss: 0.290393 
test_loss: 0.28118 
train_loss: 0.291644 
test_loss: 0.280933 
train_loss: 0.274376 
test_loss: 0.280643 
train_loss: 0.283554 
test_loss: 0.280181 
train_loss: 0.278179 
test_loss: 0.279673 
train_loss: 0.28007 
test_loss: 0.278948 
train_loss: 0.277042 
test_loss: 0.278047 
train_loss: 0.282431 
test_loss: 0.27688 
train_loss: 0.274822 
test_loss: 0.275394 
train_loss: 0.26574 
test_loss: 0.273468 
train_loss: 0.261056 
test_loss: 0.270994 
train_loss: 0.263275 
test_loss: 0.267835 
train_loss: 0.258718 
test_loss: 0.263775 
train_loss: 0.250899 
test_loss: 0.258566 
train_loss: 0.250048 
test_loss: 0.25193 
train_loss: 0.236166 
test_loss: 0.243507 
train_loss: 0.228875 
test_loss: 0.232719 
train_loss: 0.222463 
test_loss: 0.219053 
train_loss: 0.20886 
test_loss: 0.201677 
train_loss: 0.182078 
test_loss: 0.179727 
train_loss: 0.14541 
test_loss: 0.152488 
train_loss: 0.124836 
test_loss: 0.120812 
train_loss: 0.0958907 
test_loss: 0.0912148 
train_loss: 0.0716878 
test_loss: 0.0729523 
train_loss: 0.0626873 
test_loss: 0.0631463 
train_loss: 0.0553569 
test_loss: 0.0567727 
train_loss: 0.0563765 
test_loss: 0.0546161 
train_loss: 0.0552533 
test_loss: 0.0542263 
train_loss: 0.0522205 
test_loss: 0.054063 
train_loss: 0.0549957 
test_loss: 0.0537236 
train_loss: 0.0514936 
test_loss: 0.0530542 
train_loss: 0.0508997 
test_loss: 0.0514398 
train_loss: 0.0445924 
test_loss: 0.0459075 
train_loss: 0.0270649 
test_loss: 0.0269194 
train_loss: 0.0142892 
test_loss: 0.0140384 
train_loss: 0.0125203 
test_loss: 0.0118542 
train_loss: 0.0106013 
test_loss: 0.0106896 
train_loss: 0.010108 
test_loss: 0.0101235 
train_loss: 0.0095105 
test_loss: 0.0107162 
train_loss: 0.0102536 
test_loss: 0.00944971 
train_loss: 0.00953846 
test_loss: 0.0100109 
train_loss: 0.00898619 
test_loss: 0.00970459 
train_loss: 0.0093131 
test_loss: 0.00901226 
train_loss: 0.00886001 
test_loss: 0.00991622 
train_loss: 0.00846878 
test_loss: 0.00841709 
train_loss: 0.00833845 
test_loss: 0.0087865 
train_loss: 0.00800921 
test_loss: 0.00719819 
train_loss: 0.00823836 
test_loss: 0.00751093 
train_loss: 0.00671589 
test_loss: 0.0069319 
train_loss: 0.00668811 
test_loss: 0.00657913 
train_loss: 0.00681476 
test_loss: 0.00642782 
train_loss: 0.00601757 
test_loss: 0.00605748 
train_loss: 0.0060151 
test_loss: 0.00624084 
train_loss: 0.00630027 
test_loss: 0.00698591 
train_loss: 0.00770863 
test_loss: 0.00768009 
train_loss: 0.00618058 
test_loss: 0.0066946 
train_loss: 0.00599803 
test_loss: 0.00621608 
train_loss: 0.00592165 
test_loss: 0.00538134 
train_loss: 0.00579488 
test_loss: 0.00621226 
train_loss: 0.00548168 
test_loss: 0.00518626 
train_loss: 0.00594759 
test_loss: 0.00528205 
train_loss: 0.00563362 
test_loss: 0.00577229 
train_loss: 0.00580086 
test_loss: 0.00506418 
train_loss: 0.00527197 
test_loss: 0.00547348 
train_loss: 0.00522916 
test_loss: 0.00468065 
train_loss: 0.00504066 
test_loss: 0.00492627 
train_loss: 0.00564754 
test_loss: 0.00539936 
train_loss: 0.00422347 
test_loss: 0.00430649 
train_loss: 0.00433431 
test_loss: 0.00419228 
train_loss: 0.00458299 
test_loss: 0.00470467 
train_loss: 0.00529501 
test_loss: 0.00479161 
train_loss: 0.00439611 
test_loss: 0.00477914 
train_loss: 0.00482407 
test_loss: 0.00474214 
train_loss: 0.00459173 
test_loss: 0.00449459 
train_loss: 0.00400962 
test_loss: 0.00381666 
train_loss: 0.00438143 
test_loss: 0.00396892 
train_loss: 0.00358481 
test_loss: 0.00356448 
train_loss: 0.00415247 
test_loss: 0.00388146 
train_loss: 0.00365429 
test_loss: 0.00431228 
train_loss: 0.00359714 
test_loss: 0.00387104 
train_loss: 0.00375671 
test_loss: 0.00412435 
train_loss: 0.00382629 
test_loss: 0.00358468 
train_loss: 0.00340795 
test_loss: 0.00365277 
train_loss: 0.00370982 
test_loss: 0.00374096 
train_loss: 0.00359276 
test_loss: 0.0037371 
train_loss: 0.00338579 
test_loss: 0.00354014 
train_loss: 0.00376529 
test_loss: 0.00368856 
train_loss: 0.00327515 
test_loss: 0.00364694 
train_loss: 0.00313098 
test_loss: 0.00322586 
train_loss: 0.00339552 
test_loss: 0.00356941 
train_loss: 0.00326979 
test_loss: 0.00323694 
train_loss: 0.00301942 
test_loss: 0.00322608 
train_loss: 0.0031275 
test_loss: 0.00314369 
train_loss: 0.00305027 
test_loss: 0.00356884 
train_loss: 0.0031214 
test_loss: 0.00308727 
train_loss: 0.00344946 
test_loss: 0.00316628 
train_loss: 0.00315557 
test_loss: 0.00318431 
train_loss: 0.00252079 
test_loss: 0.00298616 
train_loss: 0.00291698 
test_loss: 0.00325289 
train_loss: 0.00343899 
test_loss: 0.00306954 
train_loss: 0.00283566 
test_loss: 0.00301906 
train_loss: 0.0029448 
test_loss: 0.00283059 
train_loss: 0.00308238 
test_loss: 0.00313265 
train_loss: 0.00260604 
test_loss: 0.0031139 
train_loss: 0.00300761 
test_loss: 0.00292412 
train_loss: 0.00271824 
test_loss: 0.0030862 
train_loss: 0.00309681 
test_loss: 0.00297627 
train_loss: 0.00328973 
test_loss: 0.00302056 
train_loss: 0.0027335 
test_loss: 0.00292467 
train_loss: 0.00268526 
test_loss: 0.00285639 
train_loss: 0.0027027 
test_loss: 0.00260143 
train_loss: 0.00270065 
test_loss: 0.00260277 
train_loss: 0.00281166 
test_loss: 0.00266001 
train_loss: 0.00237992 
test_loss: 0.00259575 
train_loss: 0.0027319 
test_loss: 0.00264523 
train_loss: 0.0022647 
test_loss: 0.00238224 
train_loss: 0.00263613 
test_loss: 0.00265259 
train_loss: 0.00240493 
test_loss: 0.00235246 
train_loss: 0.00241651 
test_loss: 0.00237694 
train_loss: 0.00262021 
test_loss: 0.00283693 
train_loss: 0.00252597 
test_loss: 0.00260643 
train_loss: 0.00247199 
test_loss: 0.00226673 
train_loss: 0.00232848 
test_loss: 0.00255024 
train_loss: 0.00252637 
test_loss: 0.00244715 
train_loss: 0.0027588 
test_loss: 0.00270391 
train_loss: 0.00221065 
test_loss: 0.00223716 
train_loss: 0.00226344 
test_loss: 0.00214738 
train_loss: 0.00214308 
test_loss: 0.00246454 
