train_loss: 0.0237955 
test_loss: 0.024554 
train_loss: 0.0120513 
test_loss: 0.0126123 
train_loss: 0.0113799 
test_loss: 0.0118056 
train_loss: 0.0110824 
test_loss: 0.0107838 
train_loss: 0.011303 
test_loss: 0.0105163 
train_loss: 0.0105454 
test_loss: 0.0102789 
train_loss: 0.00898525 
test_loss: 0.0095402 
train_loss: 0.00842243 
test_loss: 0.00894261 
train_loss: 0.0081964 
test_loss: 0.00765695 
train_loss: 0.00659474 
test_loss: 0.0067558 
train_loss: 0.00678428 
test_loss: 0.00668302 
train_loss: 0.00693275 
test_loss: 0.00624176 
train_loss: 0.00592713 
test_loss: 0.00584799 
train_loss: 0.00528092 
test_loss: 0.00551284 
train_loss: 0.00606878 
test_loss: 0.00623871 
train_loss: 0.00639751 
test_loss: 0.00648376 
train_loss: 0.00657017 
test_loss: 0.00671773 
train_loss: 0.0063869 
test_loss: 0.0055128 
train_loss: 0.00685014 
test_loss: 0.00684149 
train_loss: 0.00557696 
test_loss: 0.00615591 
train_loss: 0.00604494 
test_loss: 0.00640902 
train_loss: 0.00511574 
test_loss: 0.00549236 
train_loss: 0.00595549 
test_loss: 0.00549284 
train_loss: 0.00542396 
test_loss: 0.00583385 
train_loss: 0.00660127 
test_loss: 0.00535217 
train_loss: 0.00528466 
test_loss: 0.00512613 
train_loss: 0.00543357 
test_loss: 0.00536625 
train_loss: 0.00530074 
test_loss: 0.00553744 
train_loss: 0.00483189 
test_loss: 0.00467084 
train_loss: 0.00497623 
test_loss: 0.00449506 
train_loss: 0.00443923 
test_loss: 0.00474872 
train_loss: 0.00484072 
test_loss: 0.00487797 
train_loss: 0.00443263 
test_loss: 0.0045394 
train_loss: 0.00434127 
test_loss: 0.00451151 
train_loss: 0.00420459 
test_loss: 0.00436909 
train_loss: 0.00430142 
test_loss: 0.00469213 
train_loss: 0.00386561 
test_loss: 0.00377963 
train_loss: 0.00428942 
test_loss: 0.00397913 
train_loss: 0.00370141 
test_loss: 0.0041037 
train_loss: 0.00444029 
test_loss: 0.00438284 
train_loss: 0.00353057 
test_loss: 0.0039453 
train_loss: 0.00356433 
test_loss: 0.00358185 
train_loss: 0.00372224 
test_loss: 0.00354083 
train_loss: 0.0037024 
test_loss: 0.00341225 
train_loss: 0.00368158 
test_loss: 0.00354267 
train_loss: 0.00359152 
test_loss: 0.00375174 
train_loss: 0.00345795 
test_loss: 0.00363049 
train_loss: 0.0036496 
test_loss: 0.003438 
train_loss: 0.00360499 
test_loss: 0.00321489 
train_loss: 0.00326742 
test_loss: 0.00350523 
train_loss: 0.00388397 
test_loss: 0.00346616 
train_loss: 0.00390261 
test_loss: 0.00379683 
train_loss: 0.00324395 
test_loss: 0.00317349 
train_loss: 0.00343893 
test_loss: 0.00352168 
train_loss: 0.00289709 
test_loss: 0.00293877 
train_loss: 0.00328909 
test_loss: 0.00345461 
train_loss: 0.00326703 
test_loss: 0.00344005 
train_loss: 0.00310367 
test_loss: 0.0029725 
train_loss: 0.00357666 
test_loss: 0.00288824 
train_loss: 0.00288787 
test_loss: 0.00312731 
train_loss: 0.00302956 
test_loss: 0.00296819 
train_loss: 0.00349404 
test_loss: 0.00331756 
train_loss: 0.00280998 
test_loss: 0.00284119 
train_loss: 0.00275499 
test_loss: 0.00270522 
train_loss: 0.00364703 
test_loss: 0.00339762 
train_loss: 0.00280102 
test_loss: 0.00293327 
train_loss: 0.00308106 
test_loss: 0.00265064 
train_loss: 0.00297119 
test_loss: 0.00293325 
train_loss: 0.00264874 
test_loss: 0.00255354 
train_loss: 0.00315033 
test_loss: 0.00285837 
train_loss: 0.00292284 
test_loss: 0.00331314 
train_loss: 0.00254024 
test_loss: 0.00250677 
train_loss: 0.00283787 
test_loss: 0.00275713 
train_loss: 0.00267961 
test_loss: 0.00249078 
train_loss: 0.00236679 
test_loss: 0.00283735 
train_loss: 0.00246159 
test_loss: 0.00284223 
train_loss: 0.00244796 
test_loss: 0.00246853 
train_loss: 0.00278561 
test_loss: 0.00233859 
train_loss: 0.00260441 
test_loss: 0.00262212 
train_loss: 0.00260218 
test_loss: 0.00270624 
train_loss: 0.00221697 
test_loss: 0.00230621 
train_loss: 0.00259018 
test_loss: 0.00258453 
train_loss: 0.00253117 
test_loss: 0.00250303 
train_loss: 0.00253641 
test_loss: 0.00245029 
train_loss: 0.0021028 
test_loss: 0.00239364 
train_loss: 0.0022702 
test_loss: 0.0024325 
train_loss: 0.00262148 
test_loss: 0.00253054 
train_loss: 0.00222609 
test_loss: 0.00234752 
train_loss: 0.00209068 
test_loss: 0.00222533 
train_loss: 0.00228568 
test_loss: 0.00224643 
train_loss: 0.00218952 
test_loss: 0.00218616 
train_loss: 0.00209531 
test_loss: 0.00222805 
train_loss: 0.00229568 
test_loss: 0.00200785 
train_loss: 0.00219035 
test_loss: 0.00227219 
train_loss: 0.00247502 
test_loss: 0.00258395 
train_loss: 0.00221646 
test_loss: 0.00213509 
train_loss: 0.00211612 
test_loss: 0.00212209 
train_loss: 0.00208199 
test_loss: 0.00220974 
train_loss: 0.00198573 
test_loss: 0.00191176 
train_loss: 0.0025169 
test_loss: 0.00237236 
train_loss: 0.00214529 
test_loss: 0.00223672 
train_loss: 0.00183074 
test_loss: 0.0020788 
train_loss: 0.00194421 
test_loss: 0.00229406 
train_loss: 0.00206966 
test_loss: 0.00230719 
train_loss: 0.00246506 
test_loss: 0.00221263 
train_loss: 0.00202925 
test_loss: 0.00207589 
train_loss: 0.00203593 
test_loss: 0.00199046 
train_loss: 0.0020251 
test_loss: 0.00205401 
train_loss: 0.00196493 
test_loss: 0.0022711 
train_loss: 0.0021582 
test_loss: 0.00204045 
train_loss: 0.00202389 
test_loss: 0.00222282 
train_loss: 0.002279 
test_loss: 0.00193115 
train_loss: 0.00205359 
test_loss: 0.0021704 
train_loss: 0.002005 
test_loss: 0.00205098 
train_loss: 0.00195205 
test_loss: 0.00186026 
train_loss: 0.00214461 
test_loss: 0.00218541 
train_loss: 0.00185083 
test_loss: 0.00167358 
train_loss: 0.00185172 
test_loss: 0.00179313 
train_loss: 0.0018815 
test_loss: 0.00194728 
train_loss: 0.00221656 
test_loss: 0.00196774 
train_loss: 0.00202608 
test_loss: 0.00193333 
train_loss: 0.00206714 
test_loss: 0.00204229 
train_loss: 0.00185193 
test_loss: 0.00195333 
train_loss: 0.00207984 
test_loss: 0.00209628 
train_loss: 0.0022339 
test_loss: 0.00197675 
train_loss: 0.00182936 
test_loss: 0.00183056 
train_loss: 0.00201127 
test_loss: 0.00192903 
train_loss: 0.00175315 
test_loss: 0.00165016 
train_loss: 0.00184671 
test_loss: 0.00199467 
train_loss: 0.00188716 
test_loss: 0.00218709 
train_loss: 0.00192016 
test_loss: 0.00185731 
train_loss: 0.00199784 
test_loss: 0.00189179 
train_loss: 0.00178529 
test_loss: 0.00167182 
train_loss: 0.00187681 
test_loss: 0.00217894 
train_loss: 0.00188549 
test_loss: 0.001691 
train_loss: 0.00183211 
test_loss: 0.00197677 
train_loss: 0.00202537 
test_loss: 0.00188521 
train_loss: 0.00191198 
test_loss: 0.00189717 
train_loss: 0.00177908 
test_loss: 0.00160959 
train_loss: 0.00169658 
test_loss: 0.00198341 
train_loss: 0.00190745 
test_loss: 0.00192341 
train_loss: 0.0014867 
test_loss: 0.0015611 
train_loss: 0.00191829 
test_loss: 0.0017786 
train_loss: 0.00182864 
test_loss: 0.00177118 
train_loss: 0.00203553 
test_loss: 0.00187405 
train_loss: 0.00179429 
test_loss: 0.00188606 
train_loss: 0.00194136 
test_loss: 0.00184824 
train_loss: 0.00164391 
test_loss: 0.00166416 
train_loss: 0.00159184 
test_loss: 0.00165108 
train_loss: 0.00174993 
test_loss: 0.00167865 
train_loss: 0.00186406 
test_loss: 0.0017572 
train_loss: 0.00181337 
test_loss: 0.00209691 
train_loss: 0.00187934 
test_loss: 0.00197107 
train_loss: 0.00180289 
test_loss: 0.00172528 
train_loss: 0.0018943 
test_loss: 0.00186951 
train_loss: 0.00176758 
test_loss: 0.00188923 
train_loss: 0.00162964 
test_loss: 0.00169293 
train_loss: 0.00175603 
test_loss: 0.00173925 
train_loss: 0.00172041 
test_loss: 0.0018232 
train_loss: 0.00179808 
test_loss: 0.00195738 
train_loss: 0.00188275 
test_loss: 0.00189301 
train_loss: 0.00195372 
test_loss: 0.001781 
train_loss: 0.00179419 
test_loss: 0.00171818 
train_loss: 0.00200832 
test_loss: 0.00196423 
train_loss: 0.00175403 
test_loss: 0.00167373 
train_loss: 0.00168034 
test_loss: 0.00177115 
train_loss: 0.00173522 
test_loss: 0.00183508 
train_loss: 0.00187496 
test_loss: 0.00182228 
train_loss: 0.00157807 
test_loss: 0.00149336 
train_loss: 0.00176253 
test_loss: 0.0017898 
train_loss: 0.00170358 
test_loss: 0.0015726 
train_loss: 0.00183968 
test_loss: 0.00170106 
train_loss: 0.0016819 
test_loss: 0.00176941 
train_loss: 0.00157472 
test_loss: 0.00174189 
train_loss: 0.0019597 
test_loss: 0.00177487 
train_loss: 0.00164706 
test_loss: 0.0017694 
train_loss: 0.0015947 
test_loss: 0.00158368 
train_loss: 0.00168254 
test_loss: 0.00153502 
train_loss: 0.00170804 
test_loss: 0.00187609 
train_loss: 0.00151201 
test_loss: 0.00156531 
train_loss: 0.00183636 
test_loss: 0.00176635 
train_loss: 0.0014842 
test_loss: 0.00168914 
train_loss: 0.00198711 
test_loss: 0.00180787 
train_loss: 0.00177127 
test_loss: 0.00168357 
train_loss: 0.00160296 
test_loss: 0.00155463 
train_loss: 0.00162789 
test_loss: 0.00179043 
train_loss: 0.00149813 
test_loss: 0.00154087 
train_loss: 0.00178263 
test_loss: 0.00179822 
train_loss: 0.00154373 
test_loss: 0.00155052 
train_loss: 0.00165927 
test_loss: 0.0015711 
train_loss: 0.0018273 
test_loss: 0.00178616 
train_loss: 0.00158207 
test_loss: 0.00171325 
train_loss: 0.00167167 
test_loss: 0.0016099 
train_loss: 0.00169783 
test_loss: 0.00179022 
train_loss: 0.00162892 
test_loss: 0.00150928 
train_loss: 0.00158032 
test_loss: 0.0016304 
train_loss: 0.00173511 
test_loss: 0.00188064 
train_loss: 0.00183033 
test_loss: 0.00175454 
train_loss: 0.00156536 
test_loss: 0.00180487 
train_loss: 0.00157263 
test_loss: 0.00168435 
