train_loss: 0.405526 
test_loss: 0.420722 
train_loss: 0.304115 
test_loss: 0.31152 
train_loss: 0.259616 
test_loss: 0.292945 
train_loss: 0.203778 
test_loss: 0.234746 
train_loss: 0.184483 
test_loss: 0.197475 
train_loss: 0.219909 
test_loss: 0.259832 
train_loss: 0.182247 
test_loss: 0.162731 
train_loss: 0.388554 
test_loss: 0.406205 
train_loss: 0.158479 
test_loss: 0.175731 
train_loss: 0.834006 
test_loss: 0.819892 
train_loss: 0.852812 
test_loss: 0.815308 
train_loss: 0.821014 
test_loss: 0.810667 
train_loss: 0.810986 
test_loss: 0.805646 
train_loss: 0.707764 
test_loss: 0.799567 
train_loss: 0.771817 
test_loss: 0.788946 
train_loss: 0.773632 
test_loss: 0.762425 
train_loss: 0.662978 
test_loss: 0.604764 
train_loss: 0.562275 
test_loss: 0.57085 
train_loss: 0.443182 
test_loss: 0.494693 
train_loss: 0.558409 
test_loss: 0.55753 
train_loss: 0.473557 
test_loss: 0.440523 
train_loss: 0.358294 
test_loss: 0.374342 
train_loss: 0.339505 
test_loss: 0.311447 
train_loss: 0.312613 
test_loss: 0.278832 
train_loss: 0.217005 
test_loss: 0.245656 
train_loss: 0.299606 
test_loss: 0.243527 
train_loss: 2.12399 
test_loss: 19.4421 
train_loss: 2.37282 
test_loss: 10.0095 
train_loss: 5.6373 
test_loss: 4.16775 
train_loss: 3.04054 
test_loss: 3.47965 
train_loss: 3.30905 
test_loss: 5.27566 
train_loss: 6.68151 
test_loss: 6.25419 
train_loss: 2.34457 
test_loss: 5.86495 
train_loss: 2.00642 
test_loss: 3.88967 
train_loss: 1.9994 
test_loss: 2.78712 
train_loss: 1.97688 
test_loss: 2.97937 
train_loss: 1.99353 
test_loss: 3.07169 
train_loss: 1.98911 
test_loss: 2.86405 
train_loss: 1.97567 
test_loss: 2.43833 
train_loss: 1.98579 
test_loss: 2.26126 
train_loss: 2.09456 
test_loss: 3.05299 
train_loss: 29.8039 
test_loss: 25.4114 
train_loss: 1.61405 
test_loss: 1.57313 
train_loss: 1.78829 
test_loss: 1.57085 
train_loss: 1.46671 
test_loss: 1.56914 
train_loss: 1.455 
test_loss: 1.56703 
train_loss: 1.65964 
test_loss: 1.56583 
train_loss: 1.5755 
test_loss: 1.56664 
train_loss: 1.54284 
test_loss: 1.56114 
train_loss: 1.86318 
test_loss: 1.56302 
train_loss: 1.50842 
test_loss: 1.56046 
train_loss: 1.56886 
test_loss: 1.55993 
train_loss: 1.62804 
test_loss: 1.55488 
train_loss: 1.46092 
test_loss: 1.55072 
train_loss: 1.55725 
test_loss: 1.54824 
train_loss: 1.69284 
test_loss: 1.54517 
train_loss: 1.59197 
test_loss: 1.54052 
train_loss: 1.42035 
test_loss: 1.53098 
train_loss: 1.58586 
test_loss: 1.52713 
train_loss: 1.53224 
test_loss: 1.51669 
train_loss: 1.51418 
test_loss: 1.50485 
train_loss: 1.57403 
test_loss: 1.49318 
train_loss: 1.49976 
test_loss: 1.47844 
train_loss: 1.44286 
test_loss: 1.46015 
train_loss: 1.58475 
test_loss: 1.43917 
train_loss: 1.27006 
test_loss: 1.41568 
train_loss: 1.46488 
test_loss: 1.39179 
train_loss: 1.35891 
test_loss: 1.36371 
train_loss: 1.30168 
test_loss: 1.33402 
train_loss: 1.40044 
test_loss: 1.30312 
train_loss: 1.31391 
test_loss: 1.27205 
train_loss: 1.28166 
test_loss: 1.24107 
train_loss: 1.23413 
test_loss: 1.21154 
train_loss: 1.2633 
test_loss: 1.18386 
train_loss: 1.20248 
test_loss: 1.15807 
train_loss: 1.16052 
test_loss: 1.13518 
train_loss: 1.08477 
test_loss: 1.115 
train_loss: 1.06336 
test_loss: 1.0966 
train_loss: 1.17361 
test_loss: 1.07973 
train_loss: 1.05615 
test_loss: 1.06295 
train_loss: 1.01394 
test_loss: 1.04701 
train_loss: 1.05863 
test_loss: 1.03218 
train_loss: 0.998165 
test_loss: 1.02022 
train_loss: 0.961431 
test_loss: 1.01 
train_loss: 0.994737 
test_loss: 1.00025 
train_loss: 0.998251 
test_loss: 0.988971 
train_loss: 0.985643 
test_loss: 0.974271 
train_loss: 0.963242 
test_loss: 0.968411 
train_loss: 0.940064 
test_loss: 0.962831 
train_loss: 0.947128 
test_loss: 0.955194 
train_loss: 0.93709 
test_loss: 0.945346 
train_loss: 0.849943 
test_loss: 0.931496 
train_loss: 0.842033 
test_loss: 0.900941 
train_loss: 0.757298 
test_loss: 0.748575 
train_loss: 0.785225 
test_loss: 0.756726 
train_loss: 0.675507 
test_loss: 0.719785 
train_loss: 0.663748 
test_loss: 0.686573 
train_loss: 0.690372 
test_loss: 0.684656 
train_loss: 0.561867 
test_loss: 0.607461 
train_loss: 0.666547 
test_loss: 0.602844 
train_loss: 0.658959 
test_loss: 0.523206 
train_loss: 0.60761 
test_loss: 0.576822 
train_loss: 0.522872 
test_loss: 0.52395 
train_loss: 0.528504 
test_loss: 0.543387 
train_loss: 1.01793 
test_loss: 0.974811 
train_loss: 0.869553 
test_loss: 0.951521 
train_loss: 0.881123 
test_loss: 0.811595 
train_loss: 0.79016 
test_loss: 0.785955 
train_loss: 0.724748 
test_loss: 0.774334 
train_loss: 0.703833 
test_loss: 0.748732 
train_loss: 0.707811 
test_loss: 0.698287 
train_loss: 0.714452 
test_loss: 0.706822 
train_loss: 0.680126 
test_loss: 0.688892 
train_loss: 0.768461 
test_loss: 0.66486 
train_loss: 0.671191 
test_loss: 0.649913 
train_loss: 0.57574 
test_loss: 0.62079 
train_loss: 0.593778 
test_loss: 0.547324 
train_loss: 0.642864 
test_loss: 0.61173 
train_loss: 0.482895 
test_loss: 0.520361 
train_loss: 0.893602 
test_loss: 0.854088 
train_loss: 0.706712 
test_loss: 0.684238 
train_loss: 0.55483 
test_loss: 0.662194 
train_loss: 0.496433 
test_loss: 0.576591 
train_loss: 0.570239 
test_loss: 0.640625 
train_loss: 0.570617 
test_loss: 0.543295 
train_loss: 1.09929 
test_loss: 1.12918 
train_loss: 1.0279 
test_loss: 1.08544 
train_loss: 1.01106 
test_loss: 1.04252 
train_loss: 0.934362 
test_loss: 0.961904 
train_loss: 0.943173 
test_loss: 0.847177 
train_loss: 0.636512 
test_loss: 0.671892 
train_loss: 0.530827 
test_loss: 0.615736 
train_loss: 1.24686 
test_loss: 1.22969 
train_loss: 1.22195 
test_loss: 1.22899 
train_loss: 1.25894 
test_loss: 1.22826 
train_loss: 1.2033 
test_loss: 1.22698 
train_loss: 1.28949 
test_loss: 1.2256 
train_loss: 1.23202 
test_loss: 1.22382 
train_loss: 1.17467 
test_loss: 1.22138 
train_loss: 1.25861 
test_loss: 1.21867 
train_loss: 1.24849 
test_loss: 1.21476 
train_loss: 1.19306 
test_loss: 1.21009 
train_loss: 1.20397 
test_loss: 1.20345 
train_loss: 1.21349 
test_loss: 1.19498 
train_loss: 1.22215 
test_loss: 1.18406 
train_loss: 1.12378 
test_loss: 1.16873 
train_loss: 1.08859 
test_loss: 1.13843 
train_loss: 0.981602 
test_loss: 0.945778 
train_loss: 0.877992 
test_loss: 0.905725 
train_loss: 0.869198 
test_loss: 0.881548 
train_loss: 0.865118 
test_loss: 0.845197 
train_loss: 1.2609 
test_loss: 1.30671 
train_loss: 1.30052 
test_loss: 1.30681 
train_loss: 1.35846 
test_loss: 1.30688 
train_loss: 1.24656 
test_loss: 1.30665 
train_loss: 1.34563 
test_loss: 1.30689 
train_loss: 1.28428 
test_loss: 1.30696 
train_loss: 1.3122 
test_loss: 1.30677 
train_loss: 1.33709 
test_loss: 1.30697 
train_loss: 1.27479 
test_loss: 1.30675 
train_loss: 1.29577 
test_loss: 1.3067 
train_loss: 1.31265 
test_loss: 1.30678 
train_loss: 1.28684 
test_loss: 1.30698 
train_loss: 1.29043 
test_loss: 1.30738 
train_loss: 1.30932 
test_loss: 1.30772 
train_loss: 1.32883 
test_loss: 1.30763 
train_loss: 1.293 
test_loss: 1.30817 
train_loss: 1.35193 
test_loss: 1.3084 
train_loss: 1.2624 
test_loss: 1.30865 
train_loss: 1.21757 
test_loss: 1.30896 
train_loss: 1.28028 
test_loss: 1.30896 
train_loss: 1.36041 
test_loss: 1.30863 
train_loss: 1.25814 
test_loss: 1.30752 
train_loss: 1.30631 
test_loss: 1.30574 
train_loss: 1.32074 
test_loss: 1.30202 
train_loss: 1.26639 
test_loss: 1.29312 
train_loss: 1.23192 
test_loss: 1.24887 
train_loss: 1.10773 
test_loss: 1.18745 
train_loss: 1.13895 
test_loss: 1.1245 
train_loss: 0.903732 
test_loss: 0.971887 
train_loss: 2.00635 
test_loss: 2.97861 
train_loss: 2.0532 
test_loss: 3.01089 
train_loss: 2.00623 
test_loss: 2.28374 
train_loss: 2.42084 
test_loss: 5.60352 
train_loss: 2.08219 
test_loss: 3.16975 
train_loss: 1.99908 
test_loss: 2.67699 
train_loss: 2.01693 
test_loss: 2.79935 
train_loss: 2.01242 
test_loss: 2.41245 
train_loss: 2.05688 
test_loss: 2.37956 
train_loss: 1.99669 
test_loss: 2.3372 
train_loss: 2.27974 
test_loss: 2.25571 
train_loss: 2.4672 
test_loss: 2.24099 
train_loss: 1.99607 
test_loss: 4.25519 
train_loss: 10.6581 
test_loss: 2.37877 
train_loss: 1.9934 
test_loss: 2.24734 
train_loss: 2.00528 
test_loss: 2.66809 
train_loss: 2.72256 
test_loss: 2.21478 
train_loss: 2.00017 
test_loss: 3.01321 
train_loss: 1.99737 
test_loss: 2.26841 
train_loss: 2.01123 
test_loss: 2.44374 
