train_loss: 0.046097 
test_loss: 0.045660 
train_loss: 0.024952 
test_loss: 0.024709 
train_loss: 0.012719 
test_loss: 0.012149 
train_loss: 0.009083 
test_loss: 0.010486 
train_loss: 0.008008 
test_loss: 0.008233 
train_loss: 0.006976 
test_loss: 0.007197 
train_loss: 0.006326 
test_loss: 0.006117 
train_loss: 0.005924 
test_loss: 0.006446 
train_loss: 0.006839 
test_loss: 0.005597 
train_loss: 0.005100 
test_loss: 0.005472 
train_loss: 0.004589 
test_loss: 0.005455 
train_loss: 0.004781 
test_loss: 0.004664 
train_loss: 0.004444 
test_loss: 0.005249 
train_loss: 0.004132 
test_loss: 0.004906 
train_loss: 0.004572 
test_loss: 0.005229 
train_loss: 0.004059 
test_loss: 0.004440 
train_loss: 0.003921 
test_loss: 0.004417 
train_loss: 0.006011 
test_loss: 0.004563 
train_loss: 0.003634 
test_loss: 0.005119 
train_loss: 0.003283 
test_loss: 0.004194 
train_loss: 0.006000 
test_loss: 0.004130 
train_loss: 0.005444 
test_loss: 0.006829 
train_loss: 0.005512 
test_loss: 0.005505 
train_loss: 0.004864 
test_loss: 0.005109 
train_loss: 0.003808 
test_loss: 0.004516 
train_loss: 0.002964 
test_loss: 0.003696 
train_loss: 0.005269 
test_loss: 0.003524 
train_loss: 0.003829 
test_loss: 0.004215 
train_loss: 0.003174 
test_loss: 0.004357 
train_loss: 0.004732 
test_loss: 0.003943 
train_loss: 0.004195 
test_loss: 0.003699 
train_loss: 0.004294 
test_loss: 0.003783 
train_loss: 0.003329 
test_loss: 0.004047 
train_loss: 0.004035 
test_loss: 0.003392 
train_loss: 0.004659 
test_loss: 0.003581 
train_loss: 0.003628 
test_loss: 0.003698 
train_loss: 0.002884 
test_loss: 0.003277 
train_loss: 0.003751 
test_loss: 0.003298 
train_loss: 0.005219 
test_loss: 0.003570 
train_loss: 0.003526 
test_loss: 0.003571 
train_loss: 0.002648 
test_loss: 0.002805 
train_loss: 0.003274 
test_loss: 0.003159 
train_loss: 0.004585 
test_loss: 0.003604 
train_loss: 0.004625 
test_loss: 0.003259 
train_loss: 0.005039 
test_loss: 0.004436 
train_loss: 0.003992 
test_loss: 0.003206 
train_loss: 0.003345 
test_loss: 0.003676 
train_loss: 0.003155 
test_loss: 0.002927 
train_loss: 0.002928 
test_loss: 0.003683 
train_loss: 0.003209 
test_loss: 0.002908 
train_loss: 0.003651 
test_loss: 0.003204 
