train_loss: 1.99917 
test_loss: 2.16929 
train_loss: 1.99988 
test_loss: 2.92933 
train_loss: 2.00274 
test_loss: 1.99793 
train_loss: 0.477788 
test_loss: 0.478458 
train_loss: 0.480521 
test_loss: 0.47846 
train_loss: 0.485069 
test_loss: 0.478456 
train_loss: 0.477253 
test_loss: 0.478457 
train_loss: 0.481933 
test_loss: 0.47845 
train_loss: 0.482585 
test_loss: 0.478455 
train_loss: 0.474734 
test_loss: 0.478459 
train_loss: 0.4717 
test_loss: 0.478463 
train_loss: 0.473257 
test_loss: 0.478462 
train_loss: 0.476219 
test_loss: 0.478463 
train_loss: 0.484616 
test_loss: 0.47845 
train_loss: 0.475176 
test_loss: 0.47846 
train_loss: 0.471307 
test_loss: 0.47845 
train_loss: 0.480134 
test_loss: 0.478469 
train_loss: 0.480016 
test_loss: 0.478449 
train_loss: 0.478521 
test_loss: 0.478451 
train_loss: 0.47795 
test_loss: 0.478462 
train_loss: 0.473673 
test_loss: 0.478455 
train_loss: 0.469685 
test_loss: 0.478457 
train_loss: 0.479204 
test_loss: 0.478453 
train_loss: 0.475702 
test_loss: 0.478455 
train_loss: 0.482373 
test_loss: 0.478466 
train_loss: 0.476417 
test_loss: 0.478452 
train_loss: 0.479725 
test_loss: 0.478457 
train_loss: 0.480543 
test_loss: 0.478461 
train_loss: 0.481555 
test_loss: 0.478452 
train_loss: 0.491441 
test_loss: 0.478457 
train_loss: 0.475895 
test_loss: 0.478464 
