train_loss: 0.066673 
test_loss: 0.071357 
train_loss: 0.060200 
test_loss: 0.062660 
train_loss: 0.054772 
test_loss: 0.061737 
train_loss: 0.058176 
test_loss: 0.060846 
train_loss: 0.074061 
test_loss: 0.061344 
train_loss: 0.053780 
test_loss: 0.061950 
train_loss: 0.060023 
test_loss: 0.060467 
train_loss: 0.060056 
test_loss: 0.060039 
train_loss: 0.051504 
test_loss: 0.060075 
train_loss: 0.067940 
test_loss: 0.060626 
train_loss: 0.054055 
test_loss: 0.059963 
train_loss: 0.057134 
test_loss: 0.059283 
train_loss: 0.051850 
test_loss: 0.059102 
train_loss: 0.049780 
test_loss: 0.058719 
train_loss: 0.057028 
test_loss: 0.058751 
train_loss: 0.054724 
test_loss: 0.057914 
train_loss: 0.050928 
test_loss: 0.056709 
train_loss: 0.051495 
test_loss: 0.055654 
train_loss: 0.052862 
test_loss: 0.054554 
train_loss: 0.050274 
test_loss: 0.054773 
train_loss: 0.057490 
test_loss: 0.054241 
train_loss: 0.058972 
test_loss: 0.054251 
train_loss: 0.054333 
test_loss: 0.052859 
train_loss: 0.047056 
test_loss: 0.052368 
train_loss: 0.066113 
test_loss: 0.052311 
train_loss: 0.044962 
test_loss: 0.051662 
train_loss: 0.048813 
test_loss: 0.051682 
train_loss: 0.045903 
test_loss: 0.052128 
train_loss: 0.055095 
test_loss: 0.050965 
train_loss: 0.048909 
test_loss: 0.051581 
train_loss: 0.047774 
test_loss: 0.051513 
train_loss: 0.042434 
test_loss: 0.050779 
train_loss: 0.050217 
test_loss: 0.050953 
train_loss: 0.050133 
test_loss: 0.050810 
train_loss: 0.052905 
test_loss: 0.051009 
train_loss: 0.046616 
test_loss: 0.050860 
train_loss: 0.054261 
test_loss: 0.050790 
train_loss: 0.052265 
test_loss: 0.050556 
train_loss: 0.046463 
test_loss: 0.050250 
train_loss: 0.053704 
test_loss: 0.050480 
train_loss: 0.049994 
test_loss: 0.050538 
train_loss: 0.052374 
test_loss: 0.050934 
train_loss: 0.047854 
test_loss: 0.050290 
train_loss: 0.050898 
test_loss: 0.050219 
train_loss: 0.048231 
test_loss: 0.050183 
train_loss: 0.043786 
test_loss: 0.050000 
train_loss: 0.044739 
test_loss: 0.049518 
train_loss: 0.052689 
test_loss: 0.049081 
train_loss: 0.055216 
test_loss: 0.047733 
train_loss: 0.048256 
test_loss: 0.046980 
train_loss: 0.042742 
test_loss: 0.046997 
train_loss: 0.047179 
test_loss: 0.046397 
train_loss: 0.049135 
test_loss: 0.046316 
train_loss: 0.037299 
test_loss: 0.045893 
train_loss: 0.040814 
test_loss: 0.045697 
train_loss: 0.041219 
test_loss: 0.045726 
train_loss: 0.048692 
test_loss: 0.044669 
train_loss: 0.055518 
test_loss: 0.044265 
train_loss: 0.041620 
test_loss: 0.044289 
train_loss: 0.046400 
test_loss: 0.044250 
train_loss: 0.045376 
test_loss: 0.043847 
train_loss: 0.047525 
test_loss: 0.043809 
train_loss: 0.036874 
test_loss: 0.043306 
train_loss: 0.051325 
test_loss: 0.042926 
train_loss: 0.044199 
test_loss: 0.043020 
train_loss: 0.038850 
test_loss: 0.042200 
train_loss: 0.040458 
test_loss: 0.041995 
train_loss: 0.039369 
test_loss: 0.040994 
train_loss: 0.036435 
test_loss: 0.040890 
train_loss: 0.041653 
test_loss: 0.040502 
train_loss: 0.039585 
test_loss: 0.039921 
train_loss: 0.035109 
test_loss: 0.039138 
train_loss: 0.037800 
test_loss: 0.039453 
train_loss: 0.036829 
test_loss: 0.038284 
train_loss: 0.034715 
test_loss: 0.038010 
train_loss: 0.032921 
test_loss: 0.038056 
train_loss: 0.040017 
test_loss: 0.037001 
train_loss: 0.036566 
test_loss: 0.036838 
train_loss: 0.032956 
test_loss: 0.036362 
train_loss: 0.031018 
test_loss: 0.036052 
train_loss: 0.041310 
test_loss: 0.035969 
train_loss: 0.037162 
test_loss: 0.035024 
train_loss: 0.029817 
test_loss: 0.034424 
train_loss: 0.033349 
test_loss: 0.034344 
train_loss: 0.039478 
test_loss: 0.034235 
train_loss: 0.029685 
test_loss: 0.033994 
train_loss: 0.031713 
test_loss: 0.033927 
train_loss: 0.034705 
test_loss: 0.033476 
train_loss: 0.033792 
test_loss: 0.033577 
train_loss: 0.028112 
test_loss: 0.033827 
train_loss: 0.031071 
test_loss: 0.032885 
train_loss: 0.034447 
test_loss: 0.032484 
train_loss: 0.029530 
test_loss: 0.032309 
train_loss: 0.029640 
test_loss: 0.032411 
train_loss: 0.031881 
test_loss: 0.032310 
train_loss: 0.027047 
test_loss: 0.031947 
train_loss: 0.026853 
test_loss: 0.031625 
train_loss: 0.028389 
test_loss: 0.031709 
train_loss: 0.027139 
test_loss: 0.031437 
train_loss: 0.028138 
test_loss: 0.031247 
train_loss: 0.030137 
test_loss: 0.031342 
train_loss: 0.033908 
test_loss: 0.030971 
train_loss: 0.029441 
test_loss: 0.031055 
train_loss: 0.027782 
test_loss: 0.030782 
train_loss: 0.031301 
test_loss: 0.030284 
train_loss: 0.031876 
test_loss: 0.030410 
train_loss: 0.029984 
test_loss: 0.029893 
train_loss: 0.030952 
test_loss: 0.030022 
train_loss: 0.028758 
test_loss: 0.029750 
train_loss: 0.029540 
test_loss: 0.029753 
train_loss: 0.029065 
test_loss: 0.029215 
train_loss: 0.030851 
test_loss: 0.029033 
train_loss: 0.030348 
test_loss: 0.028782 
train_loss: 0.032315 
test_loss: 0.028685 
train_loss: 0.026926 
test_loss: 0.027967 
train_loss: 0.025150 
test_loss: 0.028005 
train_loss: 0.029016 
test_loss: 0.027605 
train_loss: 0.026564 
test_loss: 0.027662 
train_loss: 0.024991 
test_loss: 0.027488 
train_loss: 0.028346 
test_loss: 0.027579 
train_loss: 0.026651 
test_loss: 0.027494 
train_loss: 0.025036 
test_loss: 0.027144 
train_loss: 0.026048 
test_loss: 0.027108 
train_loss: 0.025515 
test_loss: 0.026875 
train_loss: 0.027097 
test_loss: 0.026724 
train_loss: 0.024946 
test_loss: 0.026713 
train_loss: 0.028335 
test_loss: 0.026404 
train_loss: 0.026590 
test_loss: 0.026744 
train_loss: 0.025514 
test_loss: 0.026749 
train_loss: 0.025018 
test_loss: 0.026013 
train_loss: 0.027108 
test_loss: 0.026271 
train_loss: 0.026404 
test_loss: 0.026044 
train_loss: 0.025331 
test_loss: 0.025630 
train_loss: 0.025542 
test_loss: 0.025404 
train_loss: 0.027025 
test_loss: 0.025424 
train_loss: 0.024707 
test_loss: 0.025043 
train_loss: 0.023108 
test_loss: 0.025364 
train_loss: 0.028875 
test_loss: 0.024997 
train_loss: 0.020897 
test_loss: 0.024658 
train_loss: 0.026192 
test_loss: 0.024557 
train_loss: 0.023529 
test_loss: 0.024754 
train_loss: 0.020438 
test_loss: 0.024261 
train_loss: 0.021503 
test_loss: 0.024030 
train_loss: 0.024019 
test_loss: 0.023844 
train_loss: 0.018791 
test_loss: 0.023927 
train_loss: 0.021348 
test_loss: 0.023791 
train_loss: 0.022595 
test_loss: 0.023744 
train_loss: 0.021229 
test_loss: 0.024000 
train_loss: 0.024800 
test_loss: 0.023805 
train_loss: 0.019962 
test_loss: 0.023597 
train_loss: 0.021598 
test_loss: 0.023512 
train_loss: 0.018974 
test_loss: 0.024058 
train_loss: 0.021313 
test_loss: 0.023425 
train_loss: 0.024455 
test_loss: 0.023397 
train_loss: 0.023991 
test_loss: 0.023570 
train_loss: 0.021065 
test_loss: 0.023515 
train_loss: 0.022531 
test_loss: 0.023522 
train_loss: 0.020535 
test_loss: 0.023140 
train_loss: 0.019970 
test_loss: 0.022898 
train_loss: 0.020740 
test_loss: 0.023421 
train_loss: 0.022400 
test_loss: 0.023078 
train_loss: 0.021157 
test_loss: 0.022835 
train_loss: 0.021724 
test_loss: 0.023137 
train_loss: 0.027608 
test_loss: 0.023075 
train_loss: 0.023174 
test_loss: 0.022776 
train_loss: 0.023456 
test_loss: 0.022851 
train_loss: 0.020034 
test_loss: 0.022905 
train_loss: 0.019472 
test_loss: 0.022771 
train_loss: 0.022794 
test_loss: 0.022669 
train_loss: 0.022368 
test_loss: 0.022610 
train_loss: 0.020961 
test_loss: 0.022543 
train_loss: 0.021260 
test_loss: 0.023075 
train_loss: 0.021221 
test_loss: 0.022425 
train_loss: 0.020242 
test_loss: 0.022240 
train_loss: 0.025949 
test_loss: 0.022381 
train_loss: 0.021692 
test_loss: 0.022553 
train_loss: 0.024084 
test_loss: 0.022305 
train_loss: 0.020526 
test_loss: 0.022385 
train_loss: 0.022257 
test_loss: 0.022365 
train_loss: 0.021668 
test_loss: 0.022270 
train_loss: 0.022604 
test_loss: 0.022777 
