train_loss: 1.99983 
test_loss: 1.99803 
train_loss: 0.429409 
test_loss: 0.424916 
train_loss: 0.426506 
test_loss: 0.421184 
train_loss: 0.419614 
test_loss: 0.419932 
train_loss: 0.414138 
test_loss: 0.418491 
train_loss: 0.42002 
test_loss: 0.416915 
train_loss: 0.414495 
test_loss: 0.415168 
train_loss: 0.40794 
test_loss: 0.413272 
train_loss: 0.406614 
test_loss: 0.411245 
train_loss: 0.406704 
test_loss: 0.409071 
train_loss: 0.40886 
test_loss: 0.406776 
train_loss: 0.403414 
test_loss: 0.404346 
train_loss: 0.398953 
test_loss: 0.401794 
train_loss: 0.399824 
test_loss: 0.399111 
train_loss: 0.392797 
test_loss: 0.39633 
train_loss: 0.392789 
test_loss: 0.393402 
train_loss: 0.389404 
test_loss: 0.390363 
train_loss: 0.388569 
test_loss: 0.387188 
train_loss: 0.388062 
test_loss: 0.38391 
train_loss: 0.383171 
test_loss: 0.380508 
train_loss: 0.375246 
test_loss: 0.376978 
train_loss: 0.373119 
test_loss: 0.37332 
train_loss: 0.365068 
test_loss: 0.369562 
train_loss: 0.369619 
test_loss: 0.365667 
train_loss: 0.36269 
test_loss: 0.361656 
train_loss: 0.361336 
test_loss: 0.357513 
train_loss: 0.353171 
test_loss: 0.353242 
train_loss: 0.346158 
test_loss: 0.34887 
train_loss: 0.347894 
test_loss: 0.344353 
train_loss: 0.337278 
test_loss: 0.339724 
train_loss: 0.337384 
test_loss: 0.334995 
train_loss: 0.330064 
test_loss: 0.330138 
train_loss: 0.322677 
test_loss: 0.325202 
train_loss: 0.32207 
test_loss: 0.320178 
train_loss: 0.308823 
test_loss: 0.315084 
train_loss: 0.309322 
test_loss: 0.309922 
train_loss: 0.301975 
test_loss: 0.304719 
train_loss: 0.299121 
test_loss: 0.299443 
train_loss: 0.294255 
test_loss: 0.294099 
train_loss: 0.289102 
test_loss: 0.288702 
train_loss: 0.280977 
test_loss: 0.283224 
train_loss: 0.280112 
test_loss: 0.277658 
train_loss: 0.275152 
test_loss: 0.271996 
train_loss: 0.269106 
test_loss: 0.26618 
train_loss: 0.256463 
test_loss: 0.260211 
train_loss: 0.253992 
test_loss: 0.254037 
train_loss: 0.250833 
test_loss: 0.247606 
train_loss: 0.242546 
test_loss: 0.24088 
train_loss: 0.233818 
test_loss: 0.233843 
train_loss: 0.22952 
test_loss: 0.226474 
train_loss: 0.219334 
test_loss: 0.218799 
train_loss: 0.210948 
test_loss: 0.210938 
train_loss: 0.203442 
test_loss: 0.20304 
train_loss: 0.193211 
test_loss: 0.195256 
train_loss: 0.187596 
test_loss: 0.187732 
train_loss: 0.180062 
test_loss: 0.180517 
train_loss: 0.173174 
test_loss: 0.173668 
train_loss: 0.168988 
test_loss: 0.167241 
train_loss: 0.162276 
test_loss: 0.161284 
train_loss: 0.154983 
test_loss: 0.155777 
train_loss: 0.150042 
test_loss: 0.150775 
train_loss: 0.144582 
test_loss: 0.14625 
train_loss: 0.138841 
test_loss: 0.142201 
train_loss: 0.13837 
test_loss: 0.138601 
train_loss: 0.133561 
test_loss: 0.135434 
train_loss: 0.133332 
test_loss: 0.132656 
train_loss: 0.131107 
test_loss: 0.130233 
train_loss: 0.127333 
test_loss: 0.128105 
train_loss: 0.125977 
test_loss: 0.126221 
train_loss: 0.12527 
test_loss: 0.124567 
train_loss: 0.123753 
test_loss: 0.12308 
train_loss: 0.121821 
test_loss: 0.121737 
train_loss: 0.122346 
test_loss: 0.120504 
train_loss: 0.118992 
test_loss: 0.119361 
train_loss: 0.117841 
test_loss: 0.118316 
train_loss: 0.117702 
test_loss: 0.117307 
train_loss: 0.116142 
test_loss: 0.116356 
train_loss: 0.113216 
test_loss: 0.115445 
train_loss: 0.113892 
test_loss: 0.11456 
train_loss: 0.114472 
test_loss: 0.113709 
train_loss: 0.113 
test_loss: 0.112877 
train_loss: 0.111865 
test_loss: 0.112068 
train_loss: 0.110739 
test_loss: 0.111276 
train_loss: 0.110953 
test_loss: 0.110497 
train_loss: 0.109598 
test_loss: 0.109732 
train_loss: 0.10894 
test_loss: 0.10899 
train_loss: 0.108464 
test_loss: 0.108243 
train_loss: 0.107011 
test_loss: 0.10754 
train_loss: 0.10619 
test_loss: 0.106836 
train_loss: 0.106023 
test_loss: 0.106139 
train_loss: 0.105796 
test_loss: 0.105479 
train_loss: 0.104682 
test_loss: 0.104809 
train_loss: 0.103823 
test_loss: 0.104169 
train_loss: 0.103587 
test_loss: 0.103529 
train_loss: 0.103492 
test_loss: 0.10292 
train_loss: 0.102187 
test_loss: 0.102319 
train_loss: 0.101544 
test_loss: 0.101769 
train_loss: 0.101614 
test_loss: 0.101192 
train_loss: 0.0996885 
test_loss: 0.100633 
train_loss: 0.0995392 
test_loss: 0.100095 
train_loss: 0.0977563 
test_loss: 0.0995542 
train_loss: 0.0987675 
test_loss: 0.0990426 
train_loss: 0.100424 
test_loss: 0.0985102 
train_loss: 0.0969635 
test_loss: 0.0979796 
train_loss: 0.0982322 
test_loss: 0.097466 
train_loss: 0.0976611 
test_loss: 0.096947 
train_loss: 0.0964641 
test_loss: 0.0964341 
train_loss: 0.0954818 
test_loss: 0.0958923 
train_loss: 0.0943277 
test_loss: 0.0953709 
train_loss: 0.0945201 
test_loss: 0.0948512 
train_loss: 0.0954779 
test_loss: 0.094344 
train_loss: 0.093883 
test_loss: 0.093814 
train_loss: 0.0950324 
test_loss: 0.0932931 
train_loss: 0.0924075 
test_loss: 0.0928185 
train_loss: 0.0921852 
test_loss: 0.0923322 
train_loss: 0.0898345 
test_loss: 0.0918461 
train_loss: 0.0908297 
test_loss: 0.0913585 
train_loss: 0.0906418 
test_loss: 0.0909161 
train_loss: 0.0909884 
test_loss: 0.0904221 
train_loss: 0.0885932 
test_loss: 0.0899496 
train_loss: 0.0888403 
test_loss: 0.0894877 
train_loss: 0.0882436 
test_loss: 0.0890111 
train_loss: 0.0892217 
test_loss: 0.0885239 
train_loss: 0.0882975 
test_loss: 0.0880397 
train_loss: 0.0881798 
test_loss: 0.0875515 
train_loss: 0.0861846 
test_loss: 0.0870735 
train_loss: 0.0866755 
test_loss: 0.0865685 
train_loss: 0.0856293 
test_loss: 0.0860219 
train_loss: 0.0849903 
test_loss: 0.0855402 
train_loss: 0.0856304 
test_loss: 0.0850424 
train_loss: 0.0844563 
test_loss: 0.0845099 
train_loss: 0.0835632 
test_loss: 0.0839777 
train_loss: 0.0830612 
test_loss: 0.083436 
train_loss: 0.0828984 
test_loss: 0.0829138 
train_loss: 0.0817693 
test_loss: 0.082397 
train_loss: 0.0815003 
test_loss: 0.0818459 
train_loss: 0.0808757 
test_loss: 0.0813326 
train_loss: 0.080208 
test_loss: 0.0807667 
train_loss: 0.0800031 
test_loss: 0.080241 
train_loss: 0.0802797 
test_loss: 0.0797031 
train_loss: 0.0786567 
test_loss: 0.0791588 
train_loss: 0.0784924 
test_loss: 0.0785976 
train_loss: 0.0772339 
test_loss: 0.0781222 
train_loss: 0.0770407 
test_loss: 0.0775856 
train_loss: 0.0770647 
test_loss: 0.0770875 
train_loss: 0.0766218 
test_loss: 0.0765567 
train_loss: 0.0751928 
test_loss: 0.0760438 
train_loss: 0.0754787 
test_loss: 0.0755429 
train_loss: 0.07488 
test_loss: 0.0750618 
train_loss: 0.0743904 
test_loss: 0.074582 
train_loss: 0.0743668 
test_loss: 0.0741242 
train_loss: 0.0733753 
test_loss: 0.0736616 
train_loss: 0.0732792 
test_loss: 0.073155 
train_loss: 0.0731232 
test_loss: 0.0727957 
train_loss: 0.0717068 
test_loss: 0.0723314 
train_loss: 0.0726101 
test_loss: 0.0719014 
train_loss: 0.0713123 
test_loss: 0.0715484 
train_loss: 0.0703336 
test_loss: 0.0710998 
train_loss: 0.0699136 
test_loss: 0.0707548 
train_loss: 0.0700442 
test_loss: 0.0702902 
train_loss: 0.0700037 
test_loss: 0.0699842 
train_loss: 0.0692457 
test_loss: 0.0696313 
train_loss: 0.069791 
test_loss: 0.0692615 
train_loss: 0.0685757 
test_loss: 0.0689903 
train_loss: 0.0691899 
test_loss: 0.0686298 
train_loss: 0.0672961 
test_loss: 0.0684116 
train_loss: 0.0687103 
test_loss: 0.0680929 
train_loss: 0.0679433 
test_loss: 0.0677709 
train_loss: 0.0675349 
test_loss: 0.067594 
train_loss: 0.0663109 
test_loss: 0.0672279 
train_loss: 0.0668712 
test_loss: 0.0670315 
train_loss: 0.0660805 
test_loss: 0.0667894 
train_loss: 0.0655601 
test_loss: 0.0666365 
train_loss: 0.0659648 
test_loss: 0.0663763 
train_loss: 0.0656371 
test_loss: 0.0661555 
train_loss: 0.066114 
test_loss: 0.0660436 
train_loss: 0.0661007 
test_loss: 0.0657962 
train_loss: 0.0656276 
test_loss: 0.0655949 
train_loss: 0.0656346 
test_loss: 0.0654452 
train_loss: 0.065046 
test_loss: 0.0653004 
train_loss: 0.0644166 
test_loss: 0.0651706 
train_loss: 0.0646404 
test_loss: 0.0650149 
train_loss: 0.0647057 
test_loss: 0.0647941 
train_loss: 0.0640798 
test_loss: 0.0647997 
train_loss: 0.0634083 
test_loss: 0.0644908 
train_loss: 0.0643504 
test_loss: 0.0643839 
train_loss: 0.0647065 
test_loss: 0.0644019 
train_loss: 0.0632243 
test_loss: 0.0641572 
train_loss: 0.0638365 
test_loss: 0.0640935 
train_loss: 0.062161 
test_loss: 0.0639383 
train_loss: 0.0626345 
test_loss: 0.0638546 
train_loss: 0.0635482 
test_loss: 0.0637445 
train_loss: 0.0636945 
test_loss: 0.0636609 
train_loss: 0.0622316 
test_loss: 0.0634484 
train_loss: 0.063004 
test_loss: 0.0633982 
train_loss: 0.0614753 
test_loss: 0.0633662 
train_loss: 0.0629029 
test_loss: 0.0631748 
train_loss: 0.0627599 
test_loss: 0.0630004 
train_loss: 0.0628974 
test_loss: 0.0629176 
train_loss: 0.0626039 
test_loss: 0.062813 
train_loss: 0.0626998 
test_loss: 0.062823 
train_loss: 0.0620728 
test_loss: 0.0626308 
train_loss: 0.0615874 
test_loss: 0.0625132 
train_loss: 0.0623089 
test_loss: 0.0623515 
train_loss: 0.0619278 
test_loss: 0.0622311 
train_loss: 0.0623667 
test_loss: 0.0620471 
train_loss: 0.0617571 
test_loss: 0.0619372 
train_loss: 0.0613594 
test_loss: 0.0617764 
train_loss: 0.0617525 
test_loss: 0.0617169 
train_loss: 0.061318 
test_loss: 0.0614887 
train_loss: 0.0613632 
test_loss: 0.0613647 
train_loss: 0.0601524 
test_loss: 0.0611387 
train_loss: 0.0613554 
test_loss: 0.0610779 
train_loss: 0.0594197 
test_loss: 0.0607829 
train_loss: 0.0599921 
test_loss: 0.0605814 
train_loss: 0.0597984 
test_loss: 0.0605195 
train_loss: 0.0599317 
test_loss: 0.0602333 
train_loss: 0.0606686 
test_loss: 0.0600819 
train_loss: 0.0593356 
test_loss: 0.0597412 
train_loss: 0.0587231 
test_loss: 0.0594179 
train_loss: 0.0593347 
test_loss: 0.0591658 
train_loss: 0.0589293 
test_loss: 0.0589093 
train_loss: 0.0581161 
test_loss: 0.0586396 
train_loss: 0.0575561 
test_loss: 0.058332 
train_loss: 0.0575303 
test_loss: 0.0578776 
train_loss: 0.0579954 
test_loss: 0.0575642 
train_loss: 0.0570551 
test_loss: 0.0572469 
train_loss: 0.0560959 
test_loss: 0.0565729 
train_loss: 0.0558896 
test_loss: 0.0563068 
train_loss: 0.0555268 
test_loss: 0.0556478 
train_loss: 0.0546207 
test_loss: 0.0549047 
train_loss: 0.0549256 
test_loss: 0.0543873 
train_loss: 0.0529538 
test_loss: 0.0536875 
train_loss: 0.0524749 
test_loss: 0.052884 
train_loss: 0.0520355 
test_loss: 0.0520673 
train_loss: 0.0504754 
test_loss: 0.0508691 
train_loss: 0.0498123 
test_loss: 0.0500317 
train_loss: 0.0483039 
test_loss: 0.0488724 
train_loss: 0.0479535 
test_loss: 0.0473391 
train_loss: 0.0454139 
test_loss: 0.0461901 
train_loss: 0.0447047 
test_loss: 0.0448797 
train_loss: 0.0433105 
test_loss: 0.0431203 
train_loss: 0.0405187 
test_loss: 0.0408954 
train_loss: 0.0396308 
test_loss: 0.0395887 
train_loss: 0.0374617 
test_loss: 0.0373834 
train_loss: 0.0355235 
test_loss: 0.0357949 
train_loss: 0.0334324 
test_loss: 0.0334753 
train_loss: 0.0317899 
test_loss: 0.0323478 
train_loss: 0.0298216 
test_loss: 0.0299715 
train_loss: 0.0287829 
test_loss: 0.0289053 
train_loss: 0.0261415 
test_loss: 0.0265456 
train_loss: 0.0244174 
test_loss: 0.0251697 
train_loss: 0.0236183 
test_loss: 0.0230795 
train_loss: 0.0221946 
test_loss: 0.0220339 
train_loss: 0.0213188 
test_loss: 0.0199213 
train_loss: 0.018504 
test_loss: 0.0188251 
train_loss: 0.0179181 
test_loss: 0.0179207 
train_loss: 0.0158158 
test_loss: 0.0164978 
train_loss: 0.0158516 
test_loss: 0.016018 
train_loss: 0.0146061 
test_loss: 0.0146462 
train_loss: 0.0149429 
test_loss: 0.0134966 
train_loss: 0.0132008 
test_loss: 0.0131894 
train_loss: 0.0120599 
test_loss: 0.0123821 
train_loss: 0.0113184 
test_loss: 0.0118342 
train_loss: 0.0109298 
test_loss: 0.0108219 
train_loss: 0.0110594 
test_loss: 0.0111553 
train_loss: 0.00983681 
test_loss: 0.0105374 
train_loss: 0.0101336 
test_loss: 0.00997328 
train_loss: 0.00940931 
test_loss: 0.0101807 
train_loss: 0.00925034 
test_loss: 0.00957897 
train_loss: 0.00974695 
test_loss: 0.00912071 
train_loss: 0.00902702 
test_loss: 0.00949593 
train_loss: 0.00866184 
test_loss: 0.00855789 
train_loss: 0.00836413 
test_loss: 0.0086353 
train_loss: 0.00856478 
test_loss: 0.00850586 
train_loss: 0.00804153 
test_loss: 0.00804238 
train_loss: 0.00832884 
test_loss: 0.00821934 
train_loss: 0.00767247 
test_loss: 0.00800952 
train_loss: 0.00788227 
test_loss: 0.00775225 
train_loss: 0.00783113 
test_loss: 0.00791332 
train_loss: 0.00738516 
test_loss: 0.00737151 
train_loss: 0.00754151 
test_loss: 0.00755985 
train_loss: 0.00779664 
test_loss: 0.00755421 
train_loss: 0.00791612 
test_loss: 0.00794868 
train_loss: 0.00754056 
test_loss: 0.0072729 
train_loss: 0.00712134 
test_loss: 0.0072701 
train_loss: 0.00722146 
test_loss: 0.0069954 
train_loss: 0.00751204 
test_loss: 0.00727165 
train_loss: 0.00697796 
test_loss: 0.00703936 
train_loss: 0.00700321 
test_loss: 0.00708763 
train_loss: 0.00690315 
test_loss: 0.00703851 
train_loss: 0.00709885 
test_loss: 0.0067869 
train_loss: 0.00670794 
test_loss: 0.00706942 
train_loss: 0.00683475 
test_loss: 0.00686811 
train_loss: 0.00677825 
test_loss: 0.00651127 
train_loss: 0.00691378 
test_loss: 0.00709703 
train_loss: 0.00694807 
test_loss: 0.00677911 
train_loss: 0.00687039 
test_loss: 0.00701433 
train_loss: 0.00659982 
test_loss: 0.00705708 
train_loss: 0.00664525 
test_loss: 0.00648728 
train_loss: 0.00646617 
test_loss: 0.00667018 
train_loss: 0.00661635 
test_loss: 0.00682172 
train_loss: 0.00646254 
test_loss: 0.00642472 
train_loss: 0.00669159 
test_loss: 0.0064254 
train_loss: 0.00656437 
test_loss: 0.0067004 
train_loss: 0.0066623 
test_loss: 0.00650114 
train_loss: 0.00646054 
test_loss: 0.00632072 
train_loss: 0.00677701 
test_loss: 0.00663856 
train_loss: 0.00652663 
test_loss: 0.00656072 
train_loss: 0.00632156 
test_loss: 0.00654308 
train_loss: 0.00654505 
test_loss: 0.00663548 
train_loss: 0.00674723 
test_loss: 0.0065922 
train_loss: 0.00642452 
test_loss: 0.00653696 
train_loss: 0.00664211 
test_loss: 0.00640986 
train_loss: 0.00645811 
test_loss: 0.0064314 
train_loss: 0.0061572 
test_loss: 0.00627225 
train_loss: 0.00620696 
test_loss: 0.00628511 
train_loss: 0.00673941 
test_loss: 0.00645682 
train_loss: 0.00652846 
test_loss: 0.00637598 
train_loss: 0.00618317 
test_loss: 0.00625804 
train_loss: 0.00665705 
test_loss: 0.0064338 
train_loss: 0.00629735 
test_loss: 0.00617867 
train_loss: 0.00620875 
test_loss: 0.00625477 
train_loss: 0.00629488 
test_loss: 0.00637934 
train_loss: 0.00621301 
test_loss: 0.00618716 
train_loss: 0.00634316 
test_loss: 0.00651874 
train_loss: 0.00630044 
test_loss: 0.00664655 
train_loss: 0.00626739 
test_loss: 0.0060918 
train_loss: 0.00643396 
test_loss: 0.00627523 
train_loss: 0.00643629 
test_loss: 0.00641343 
train_loss: 0.00592162 
test_loss: 0.0061088 
train_loss: 0.00605255 
test_loss: 0.00596563 
train_loss: 0.00631264 
test_loss: 0.00605822 
train_loss: 0.00619125 
test_loss: 0.00592552 
train_loss: 0.00615906 
test_loss: 0.00612035 
train_loss: 0.006018 
test_loss: 0.00606626 
train_loss: 0.00641386 
test_loss: 0.00640706 
train_loss: 0.00590819 
test_loss: 0.00620275 
train_loss: 0.00640617 
test_loss: 0.00639915 
train_loss: 0.00607028 
test_loss: 0.00613688 
train_loss: 0.00614937 
test_loss: 0.00627376 
