train_loss: 0.540354 
test_loss: 0.542476 
train_loss: 0.536462 
test_loss: 0.541719 
train_loss: 0.541031 
test_loss: 0.541604 
train_loss: 0.543855 
test_loss: 0.541512 
train_loss: 0.540013 
test_loss: 0.54137 
train_loss: 0.543819 
test_loss: 0.541234 
train_loss: 0.536219 
test_loss: 0.541083 
train_loss: 0.539505 
test_loss: 0.540912 
train_loss: 0.537078 
test_loss: 0.540739 
train_loss: 0.541128 
test_loss: 0.540534 
train_loss: 0.54213 
test_loss: 0.540327 
train_loss: 0.536106 
test_loss: 0.540118 
train_loss: 0.551807 
test_loss: 0.539886 
train_loss: 0.537612 
test_loss: 0.539636 
train_loss: 0.539539 
test_loss: 0.539395 
train_loss: 0.543619 
test_loss: 0.539123 
train_loss: 0.539101 
test_loss: 0.538821 
train_loss: 0.544094 
test_loss: 0.538517 
train_loss: 0.536046 
test_loss: 0.538222 
train_loss: 0.541882 
test_loss: 0.537886 
train_loss: 0.52966 
test_loss: 0.537563 
train_loss: 0.536069 
test_loss: 0.537208 
train_loss: 0.53934 
test_loss: 0.536842 
train_loss: 0.533864 
test_loss: 0.536462 
train_loss: 0.53518 
test_loss: 0.536053 
train_loss: 0.535932 
test_loss: 0.535665 
train_loss: 0.534794 
test_loss: 0.535241 
train_loss: 0.524523 
test_loss: 0.5348 
train_loss: 0.540192 
test_loss: 0.53434 
train_loss: 0.534297 
test_loss: 0.533871 
train_loss: 0.529999 
test_loss: 0.533386 
train_loss: 0.534212 
test_loss: 0.532873 
train_loss: 0.535602 
test_loss: 0.532359 
train_loss: 0.533307 
test_loss: 0.531808 
train_loss: 0.523847 
test_loss: 0.531262 
train_loss: 0.537774 
test_loss: 0.530672 
train_loss: 0.525865 
test_loss: 0.530064 
train_loss: 0.530121 
test_loss: 0.529441 
train_loss: 0.529135 
test_loss: 0.528799 
train_loss: 0.529668 
test_loss: 0.528149 
train_loss: 0.527877 
test_loss: 0.527458 
train_loss: 0.525352 
test_loss: 0.52673 
train_loss: 0.524882 
test_loss: 0.526024 
train_loss: 0.528639 
test_loss: 0.525253 
train_loss: 0.526324 
test_loss: 0.524458 
train_loss: 0.526134 
test_loss: 0.52364 
train_loss: 0.52016 
test_loss: 0.522785 
train_loss: 0.520295 
test_loss: 0.521918 
train_loss: 0.511768 
test_loss: 0.521028 
train_loss: 0.515733 
test_loss: 0.52009 
train_loss: 0.521703 
test_loss: 0.519103 
train_loss: 0.518978 
test_loss: 0.518091 
train_loss: 0.51757 
test_loss: 0.517052 
train_loss: 0.517966 
test_loss: 0.51597 
train_loss: 0.509496 
test_loss: 0.514849 
train_loss: 0.515493 
test_loss: 0.513654 
train_loss: 0.507653 
test_loss: 0.512434 
train_loss: 0.514564 
test_loss: 0.511152 
train_loss: 0.514874 
test_loss: 0.509857 
train_loss: 0.508906 
test_loss: 0.508472 
train_loss: 0.511794 
test_loss: 0.507035 
train_loss: 0.509797 
test_loss: 0.505539 
train_loss: 0.499974 
test_loss: 0.50397 
train_loss: 0.499026 
test_loss: 0.502348 
train_loss: 0.499332 
test_loss: 0.500654 
train_loss: 0.497377 
test_loss: 0.498906 
train_loss: 0.500008 
test_loss: 0.497063 
train_loss: 0.497133 
test_loss: 0.495157 
train_loss: 0.488069 
test_loss: 0.493206 
train_loss: 0.494375 
test_loss: 0.491185 
train_loss: 0.494168 
test_loss: 0.48911 
train_loss: 0.486324 
test_loss: 0.486981 
train_loss: 0.487827 
test_loss: 0.484803 
train_loss: 0.482084 
test_loss: 0.482602 
train_loss: 0.479847 
test_loss: 0.48035 
train_loss: 0.471053 
test_loss: 0.478057 
train_loss: 0.47688 
test_loss: 0.475702 
train_loss: 0.467559 
test_loss: 0.473274 
train_loss: 0.470776 
test_loss: 0.47084 
train_loss: 0.474992 
test_loss: 0.468282 
train_loss: 0.470322 
test_loss: 0.465681 
train_loss: 0.460854 
test_loss: 0.462986 
train_loss: 0.456822 
test_loss: 0.460191 
train_loss: 0.45769 
test_loss: 0.457295 
train_loss: 0.454372 
test_loss: 0.454286 
train_loss: 0.455842 
test_loss: 0.451167 
train_loss: 0.44824 
test_loss: 0.447913 
train_loss: 0.446426 
test_loss: 0.444545 
train_loss: 0.435321 
test_loss: 0.441061 
train_loss: 0.436705 
test_loss: 0.43752 
train_loss: 0.435855 
test_loss: 0.433873 
train_loss: 0.434993 
test_loss: 0.430133 
train_loss: 0.431791 
test_loss: 0.426376 
train_loss: 0.416799 
test_loss: 0.422544 
train_loss: 0.416778 
test_loss: 0.4187 
train_loss: 0.410583 
test_loss: 0.414848 
train_loss: 0.410013 
test_loss: 0.410894 
train_loss: 0.400174 
test_loss: 0.40695 
train_loss: 0.401605 
test_loss: 0.402928 
train_loss: 0.395385 
test_loss: 0.398856 
train_loss: 0.386313 
test_loss: 0.394751 
train_loss: 0.391366 
test_loss: 0.390591 
train_loss: 0.390769 
test_loss: 0.386375 
train_loss: 0.378821 
test_loss: 0.382122 
train_loss: 0.379792 
test_loss: 0.377837 
train_loss: 0.374902 
test_loss: 0.373481 
train_loss: 0.374399 
test_loss: 0.369095 
train_loss: 0.35831 
test_loss: 0.364682 
train_loss: 0.358447 
test_loss: 0.360227 
train_loss: 0.354922 
test_loss: 0.355744 
train_loss: 0.35106 
test_loss: 0.351231 
train_loss: 0.349029 
test_loss: 0.346695 
train_loss: 0.33601 
test_loss: 0.34215 
train_loss: 0.337878 
test_loss: 0.337601 
train_loss: 0.335824 
test_loss: 0.333033 
train_loss: 0.32763 
test_loss: 0.328486 
train_loss: 0.318229 
test_loss: 0.323954 
train_loss: 0.319611 
test_loss: 0.319424 
train_loss: 0.315127 
test_loss: 0.314924 
train_loss: 0.306132 
test_loss: 0.310418 
train_loss: 0.306242 
test_loss: 0.305973 
train_loss: 0.300639 
test_loss: 0.301548 
train_loss: 0.29629 
test_loss: 0.297147 
train_loss: 0.288605 
test_loss: 0.292783 
train_loss: 0.291726 
test_loss: 0.288471 
train_loss: 0.288451 
test_loss: 0.28421 
train_loss: 0.275639 
test_loss: 0.279983 
train_loss: 0.275661 
test_loss: 0.27582 
train_loss: 0.271362 
test_loss: 0.271724 
train_loss: 0.266125 
test_loss: 0.267675 
train_loss: 0.262867 
test_loss: 0.263678 
train_loss: 0.26041 
test_loss: 0.259762 
train_loss: 0.25823 
test_loss: 0.255923 
train_loss: 0.2545 
test_loss: 0.252144 
train_loss: 0.248353 
test_loss: 0.248462 
train_loss: 0.244631 
test_loss: 0.244842 
train_loss: 0.237674 
test_loss: 0.241307 
train_loss: 0.238102 
test_loss: 0.237861 
train_loss: 0.236173 
test_loss: 0.234479 
train_loss: 0.229109 
test_loss: 0.231172 
train_loss: 0.232307 
test_loss: 0.227955 
train_loss: 0.223429 
test_loss: 0.224825 
train_loss: 0.218928 
test_loss: 0.221733 
train_loss: 0.218037 
test_loss: 0.218732 
train_loss: 0.216831 
test_loss: 0.215795 
train_loss: 0.212023 
test_loss: 0.212901 
train_loss: 0.211961 
test_loss: 0.210069 
train_loss: 0.208129 
test_loss: 0.20728 
train_loss: 0.204215 
test_loss: 0.204563 
train_loss: 0.20544 
test_loss: 0.201865 
train_loss: 0.192334 
test_loss: 0.199214 
train_loss: 0.194224 
test_loss: 0.196595 
train_loss: 0.19152 
test_loss: 0.194009 
train_loss: 0.193688 
test_loss: 0.191451 
train_loss: 0.187302 
test_loss: 0.188927 
train_loss: 0.186901 
test_loss: 0.18644 
train_loss: 0.183142 
test_loss: 0.183937 
train_loss: 0.1826 
test_loss: 0.181478 
train_loss: 0.179185 
test_loss: 0.179037 
train_loss: 0.177451 
test_loss: 0.176615 
train_loss: 0.177938 
test_loss: 0.174198 
train_loss: 0.170575 
test_loss: 0.171822 
train_loss: 0.168664 
test_loss: 0.169448 
train_loss: 0.163772 
test_loss: 0.167107 
train_loss: 0.162183 
test_loss: 0.164784 
train_loss: 0.163714 
test_loss: 0.162494 
train_loss: 0.161065 
test_loss: 0.160224 
train_loss: 0.157821 
test_loss: 0.157996 
train_loss: 0.156332 
test_loss: 0.155824 
train_loss: 0.151855 
test_loss: 0.15366 
train_loss: 0.152522 
test_loss: 0.151536 
train_loss: 0.151344 
test_loss: 0.149452 
train_loss: 0.145938 
test_loss: 0.147455 
train_loss: 0.143512 
test_loss: 0.145472 
train_loss: 0.144378 
test_loss: 0.143575 
train_loss: 0.14415 
test_loss: 0.141692 
train_loss: 0.135867 
test_loss: 0.139877 
train_loss: 0.13738 
test_loss: 0.138131 
train_loss: 0.137581 
test_loss: 0.136456 
train_loss: 0.132455 
test_loss: 0.13482 
train_loss: 0.132759 
test_loss: 0.133253 
train_loss: 0.1286 
test_loss: 0.131722 
train_loss: 0.133393 
test_loss: 0.130273 
train_loss: 0.12849 
test_loss: 0.128837 
train_loss: 0.124732 
test_loss: 0.127483 
train_loss: 0.124406 
test_loss: 0.126171 
train_loss: 0.121499 
test_loss: 0.124887 
train_loss: 0.12202 
test_loss: 0.12367 
train_loss: 0.119565 
test_loss: 0.122523 
train_loss: 0.12135 
test_loss: 0.121365 
train_loss: 0.118701 
test_loss: 0.120282 
train_loss: 0.119285 
test_loss: 0.119262 
train_loss: 0.119705 
test_loss: 0.118257 
train_loss: 0.118375 
test_loss: 0.117295 
train_loss: 0.116626 
test_loss: 0.116379 
train_loss: 0.115483 
test_loss: 0.11553 
train_loss: 0.111919 
test_loss: 0.114666 
train_loss: 0.114686 
test_loss: 0.113889 
train_loss: 0.113263 
test_loss: 0.113096 
train_loss: 0.113208 
test_loss: 0.112382 
train_loss: 0.110698 
test_loss: 0.1117 
train_loss: 0.113281 
test_loss: 0.111038 
train_loss: 0.107437 
test_loss: 0.110412 
train_loss: 0.107902 
test_loss: 0.109818 
train_loss: 0.107507 
test_loss: 0.109269 
train_loss: 0.108675 
test_loss: 0.10875 
train_loss: 0.109631 
test_loss: 0.108246 
train_loss: 0.109182 
test_loss: 0.107797 
train_loss: 0.106312 
test_loss: 0.107361 
train_loss: 0.106553 
test_loss: 0.106934 
train_loss: 0.103754 
test_loss: 0.106559 
train_loss: 0.10511 
test_loss: 0.106175 
train_loss: 0.107556 
test_loss: 0.105853 
train_loss: 0.106909 
test_loss: 0.105515 
train_loss: 0.101627 
test_loss: 0.105224 
train_loss: 0.102191 
test_loss: 0.104948 
train_loss: 0.103231 
test_loss: 0.104672 
train_loss: 0.104526 
test_loss: 0.104433 
train_loss: 0.102247 
test_loss: 0.104195 
train_loss: 0.104324 
test_loss: 0.104013 
train_loss: 0.103735 
test_loss: 0.103829 
train_loss: 0.0993902 
test_loss: 0.103593 
train_loss: 0.103708 
test_loss: 0.103423 
train_loss: 0.104979 
test_loss: 0.103263 
train_loss: 0.105667 
test_loss: 0.1031 
train_loss: 0.100685 
test_loss: 0.102942 
train_loss: 0.104911 
test_loss: 0.102794 
train_loss: 0.101681 
test_loss: 0.102641 
train_loss: 0.103608 
test_loss: 0.102515 
train_loss: 0.102809 
test_loss: 0.102409 
train_loss: 0.10036 
test_loss: 0.102331 
train_loss: 0.0971179 
test_loss: 0.1022 
train_loss: 0.101337 
test_loss: 0.102085 
train_loss: 0.100873 
test_loss: 0.101968 
train_loss: 0.100607 
test_loss: 0.101916 
train_loss: 0.100145 
test_loss: 0.101801 
train_loss: 0.0966267 
test_loss: 0.101704 
train_loss: 0.101913 
test_loss: 0.101615 
train_loss: 0.0968967 
test_loss: 0.101527 
train_loss: 0.098367 
test_loss: 0.101445 
train_loss: 0.0996449 
test_loss: 0.101365 
train_loss: 0.101301 
test_loss: 0.101265 
train_loss: 0.101324 
test_loss: 0.10119 
train_loss: 0.100564 
test_loss: 0.101108 
train_loss: 0.100791 
test_loss: 0.101029 
train_loss: 0.0971404 
test_loss: 0.100998 
train_loss: 0.0979964 
test_loss: 0.100848 
train_loss: 0.102704 
test_loss: 0.100787 
train_loss: 0.0974804 
test_loss: 0.100715 
train_loss: 0.101543 
test_loss: 0.100652 
train_loss: 0.0990503 
test_loss: 0.100623 
train_loss: 0.0982298 
test_loss: 0.100467 
train_loss: 0.098672 
test_loss: 0.100381 
train_loss: 0.0964186 
test_loss: 0.100298 
train_loss: 0.0981983 
test_loss: 0.100194 
train_loss: 0.0983792 
test_loss: 0.100071 
train_loss: 0.100667 
test_loss: 0.100024 
train_loss: 0.0967206 
test_loss: 0.099902 
train_loss: 0.101922 
test_loss: 0.099792 
train_loss: 0.0963371 
test_loss: 0.0997133 
train_loss: 0.101969 
test_loss: 0.0995704 
train_loss: 0.102604 
test_loss: 0.0995644 
train_loss: 0.100209 
test_loss: 0.0993774 
train_loss: 0.0991105 
test_loss: 0.099238 
train_loss: 0.0964333 
test_loss: 0.0991524 
train_loss: 0.0971549 
test_loss: 0.0990358 
train_loss: 0.097221 
test_loss: 0.0988417 
train_loss: 0.100178 
test_loss: 0.0988119 
train_loss: 0.0964407 
test_loss: 0.0986646 
train_loss: 0.0960287 
test_loss: 0.0984565 
train_loss: 0.0956407 
test_loss: 0.098332 
train_loss: 0.0966617 
test_loss: 0.0981993 
train_loss: 0.0967837 
test_loss: 0.0980249 
train_loss: 0.100155 
test_loss: 0.0978161 
train_loss: 0.100538 
test_loss: 0.0976575 
train_loss: 0.0953902 
test_loss: 0.0974662 
train_loss: 0.0974947 
test_loss: 0.0972924 
train_loss: 0.0966853 
test_loss: 0.0970212 
train_loss: 0.0952192 
test_loss: 0.0968082 
train_loss: 0.0969175 
test_loss: 0.0966779 
train_loss: 0.0957582 
test_loss: 0.0963807 
train_loss: 0.0948349 
test_loss: 0.0961521 
train_loss: 0.0962165 
test_loss: 0.0959125 
train_loss: 0.0951583 
test_loss: 0.0956592 
train_loss: 0.0929457 
test_loss: 0.0953804 
train_loss: 0.0943988 
test_loss: 0.0950808 
train_loss: 0.092406 
test_loss: 0.0948344 
train_loss: 0.095483 
test_loss: 0.094494 
train_loss: 0.0937763 
test_loss: 0.0941477 
train_loss: 0.0921385 
test_loss: 0.0938229 
train_loss: 0.0891897 
test_loss: 0.0935076 
train_loss: 0.0921924 
test_loss: 0.0931276 
train_loss: 0.0883974 
test_loss: 0.0927301 
train_loss: 0.0909594 
test_loss: 0.0925434 
train_loss: 0.0896186 
test_loss: 0.0919063 
train_loss: 0.0869137 
test_loss: 0.0915043 
train_loss: 0.0907542 
test_loss: 0.0911582 
train_loss: 0.0900283 
test_loss: 0.0907573 
train_loss: 0.0883359 
test_loss: 0.0902183 
train_loss: 0.0887475 
test_loss: 0.0897307 
train_loss: 0.0857271 
test_loss: 0.0892878 
train_loss: 0.0864187 
test_loss: 0.0888063 
train_loss: 0.0884565 
test_loss: 0.0884358 
train_loss: 0.0879547 
test_loss: 0.0879531 
train_loss: 0.0869147 
test_loss: 0.0874741 
train_loss: 0.0842799 
test_loss: 0.0871989 
train_loss: 0.0893969 
test_loss: 0.086559 
train_loss: 0.0852619 
test_loss: 0.0862283 
train_loss: 0.0849757 
test_loss: 0.0858505 
train_loss: 0.0824828 
test_loss: 0.0853879 
train_loss: 0.0856247 
test_loss: 0.0848977 
train_loss: 0.0845586 
test_loss: 0.0844004 
train_loss: 0.0865417 
test_loss: 0.0840182 
train_loss: 0.0797707 
test_loss: 0.0835808 
train_loss: 0.0843728 
test_loss: 0.0830805 
train_loss: 0.0833186 
test_loss: 0.0828125 
train_loss: 0.0819397 
test_loss: 0.0823167 
train_loss: 0.0810313 
test_loss: 0.081865 
train_loss: 0.0795733 
test_loss: 0.081422 
train_loss: 0.0780809 
test_loss: 0.0808804 
train_loss: 0.0826657 
test_loss: 0.0805762 
train_loss: 0.0838676 
test_loss: 0.0800862 
train_loss: 0.0793458 
test_loss: 0.0796026 
train_loss: 0.0770874 
test_loss: 0.0791832 
train_loss: 0.0785013 
test_loss: 0.0786169 
train_loss: 0.078856 
test_loss: 0.0782285 
train_loss: 0.0777074 
test_loss: 0.0778299 
train_loss: 0.0758193 
test_loss: 0.0773093 
train_loss: 0.0776173 
test_loss: 0.0768029 
train_loss: 0.0753364 
test_loss: 0.076432 
train_loss: 0.0747676 
test_loss: 0.0758911 
train_loss: 0.0740618 
test_loss: 0.0755069 
train_loss: 0.0733651 
test_loss: 0.0751994 
train_loss: 0.0717194 
test_loss: 0.0745894 
train_loss: 0.0736589 
test_loss: 0.0742565 
train_loss: 0.0732395 
test_loss: 0.0736117 
train_loss: 0.06784 
test_loss: 0.0731144 
train_loss: 0.0709618 
test_loss: 0.0728641 
train_loss: 0.0704959 
test_loss: 0.0724863 
train_loss: 0.0705793 
test_loss: 0.0717253 
train_loss: 0.0763565 
test_loss: 0.0713477 
train_loss: 0.0702074 
test_loss: 0.0708335 
train_loss: 0.0726827 
test_loss: 0.070689 
train_loss: 0.0681221 
test_loss: 0.0699353 
train_loss: 0.0669245 
test_loss: 0.0694087 
train_loss: 0.0666618 
test_loss: 0.069353 
train_loss: 0.0662594 
test_loss: 0.0686061 
train_loss: 0.0663826 
test_loss: 0.0686843 
train_loss: 0.067146 
test_loss: 0.0680722 
train_loss: 0.0669101 
test_loss: 0.0674571 
train_loss: 0.0614567 
test_loss: 0.0673108 
train_loss: 0.0651634 
test_loss: 0.0664387 
train_loss: 0.0662384 
test_loss: 0.0663624 
train_loss: 0.0627707 
test_loss: 0.0658489 
train_loss: 0.0674827 
test_loss: 0.0656341 
train_loss: 0.0669098 
test_loss: 0.0650619 
train_loss: 0.0629741 
test_loss: 0.0647995 
train_loss: 0.0648134 
test_loss: 0.064432 
train_loss: 0.0654595 
test_loss: 0.0643375 
train_loss: 0.0642202 
test_loss: 0.064308 
train_loss: 0.0613523 
test_loss: 0.0638403 
train_loss: 0.062815 
test_loss: 0.0631222 
train_loss: 0.0602794 
test_loss: 0.0627438 
train_loss: 0.0637132 
test_loss: 0.0626861 
train_loss: 0.0637247 
test_loss: 0.0623895 
train_loss: 0.0595792 
test_loss: 0.0620503 
train_loss: 0.0612419 
test_loss: 0.0620696 
train_loss: 0.0611733 
test_loss: 0.061612 
train_loss: 0.0579249 
test_loss: 0.0615094 
train_loss: 0.0565506 
test_loss: 0.0616279 
train_loss: 0.0594106 
test_loss: 0.0608176 
train_loss: 0.0602174 
test_loss: 0.0607631 
train_loss: 0.0583667 
test_loss: 0.0605088 
train_loss: 0.056859 
test_loss: 0.0599657 
train_loss: 0.05852 
test_loss: 0.0600682 
train_loss: 0.0593623 
test_loss: 0.0594984 
train_loss: 0.0599891 
test_loss: 0.0595447 
train_loss: 0.0563207 
test_loss: 0.0598979 
train_loss: 0.0568295 
test_loss: 0.0590773 
train_loss: 0.0572628 
test_loss: 0.0588716 
train_loss: 0.0555194 
test_loss: 0.0586429 
train_loss: 0.0587512 
test_loss: 0.0587266 
train_loss: 0.0558368 
test_loss: 0.0589621 
train_loss: 0.0550875 
test_loss: 0.058 
train_loss: 0.0566214 
test_loss: 0.0580305 
train_loss: 0.0561235 
test_loss: 0.0579585 
train_loss: 0.0576983 
test_loss: 0.0576617 
train_loss: 0.058668 
test_loss: 0.0572411 
train_loss: 0.0557595 
test_loss: 0.0574821 
train_loss: 0.0543404 
test_loss: 0.0574885 
train_loss: 0.0537541 
test_loss: 0.057876 
train_loss: 0.0575322 
test_loss: 0.0567037 
train_loss: 0.0574375 
test_loss: 0.0566417 
train_loss: 0.0572783 
test_loss: 0.0564285 
train_loss: 0.0566248 
test_loss: 0.056155 
train_loss: 0.0540568 
test_loss: 0.0562298 
train_loss: 0.0530785 
test_loss: 0.0567834 
train_loss: 0.0577203 
test_loss: 0.0557025 
train_loss: 0.0533224 
test_loss: 0.0555802 
train_loss: 0.0521036 
test_loss: 0.0557199 
train_loss: 0.0547997 
test_loss: 0.0554762 
train_loss: 0.052826 
test_loss: 0.0551217 
train_loss: 0.0535571 
test_loss: 0.0548626 
train_loss: 0.0514727 
test_loss: 0.0546152 
train_loss: 0.0510707 
test_loss: 0.0544775 
train_loss: 0.0525971 
test_loss: 0.0545399 
train_loss: 0.0524039 
test_loss: 0.0542088 
train_loss: 0.0522795 
test_loss: 0.0540109 
train_loss: 0.0503551 
test_loss: 0.0546375 
train_loss: 0.0524004 
test_loss: 0.0534552 
train_loss: 0.0523623 
test_loss: 0.0532028 
train_loss: 0.0531494 
test_loss: 0.0525285 
train_loss: 0.0506192 
test_loss: 0.0522542 
train_loss: 0.0505019 
test_loss: 0.0524269 
train_loss: 0.0498924 
test_loss: 0.0515528 
train_loss: 0.0523073 
test_loss: 0.0515512 
train_loss: 0.0504838 
test_loss: 0.0512387 
train_loss: 0.0531727 
test_loss: 0.0522177 
train_loss: 0.0495393 
test_loss: 0.0497477 
train_loss: 0.0497521 
test_loss: 0.0500812 
train_loss: 0.0483886 
test_loss: 0.049096 
train_loss: 0.0498251 
test_loss: 0.0495423 
train_loss: 0.0458575 
test_loss: 0.0487341 
train_loss: 0.0479151 
test_loss: 0.0476127 
train_loss: 0.0453178 
test_loss: 0.0474675 
train_loss: 0.0430224 
test_loss: 0.0480686 
train_loss: 0.0468558 
test_loss: 0.0460784 
train_loss: 0.0455438 
test_loss: 0.0456646 
train_loss: 0.0468342 
test_loss: 0.0444333 
train_loss: 0.0427325 
test_loss: 0.0438811 
train_loss: 0.046378 
test_loss: 0.0437913 
train_loss: 0.0401615 
test_loss: 0.0423104 
train_loss: 0.0430753 
test_loss: 0.0421613 
train_loss: 0.0392681 
test_loss: 0.0407404 
train_loss: 0.0444853 
test_loss: 0.0433668 
train_loss: 0.0389251 
test_loss: 0.0390651 
train_loss: 0.0376554 
test_loss: 0.0393213 
train_loss: 0.0369528 
test_loss: 0.0377734 
train_loss: 0.0364018 
test_loss: 0.0368611 
train_loss: 0.0362398 
test_loss: 0.0365648 
train_loss: 0.0342163 
test_loss: 0.0372468 
train_loss: 0.0348802 
test_loss: 0.0355465 
train_loss: 0.0333227 
test_loss: 0.034091 
train_loss: 0.0334323 
test_loss: 0.0344058 
train_loss: 0.0316571 
test_loss: 0.0332124 
train_loss: 0.031987 
test_loss: 0.0319505 
train_loss: 0.0309478 
test_loss: 0.031224 
train_loss: 0.0294763 
test_loss: 0.0305881 
train_loss: 0.0301411 
test_loss: 0.0305746 
train_loss: 0.0271969 
test_loss: 0.0292092 
train_loss: 0.0310632 
test_loss: 0.0290498 
train_loss: 0.0285431 
test_loss: 0.0282479 
train_loss: 0.0256944 
test_loss: 0.0280733 
train_loss: 0.0265442 
test_loss: 0.0282485 
train_loss: 0.0263291 
test_loss: 0.026505 
train_loss: 0.0258227 
test_loss: 0.0262868 
train_loss: 0.026934 
test_loss: 0.0307689 
train_loss: 0.0255756 
test_loss: 0.0258236 
train_loss: 0.0267815 
test_loss: 0.0252171 
train_loss: 0.0255802 
test_loss: 0.0253598 
train_loss: 0.0246996 
test_loss: 0.0250424 
train_loss: 0.0240795 
test_loss: 0.0255023 
train_loss: 0.0237664 
test_loss: 0.0242575 
train_loss: 0.0234811 
test_loss: 0.0235852 
train_loss: 0.0240205 
test_loss: 0.0243306 
train_loss: 0.024243 
test_loss: 0.0233561 
train_loss: 0.0240977 
test_loss: 0.0233275 
train_loss: 0.0230309 
test_loss: 0.0227062 
train_loss: 0.0232381 
test_loss: 0.0223819 
train_loss: 0.0224184 
test_loss: 0.022114 
train_loss: 0.0216533 
test_loss: 0.0225382 
train_loss: 0.0243269 
test_loss: 0.0231121 
train_loss: 0.0206108 
test_loss: 0.0219973 
train_loss: 0.0215313 
test_loss: 0.0215766 
train_loss: 0.0213046 
test_loss: 0.0209069 
train_loss: 0.0221195 
test_loss: 0.0215937 
train_loss: 0.021157 
test_loss: 0.0214882 
train_loss: 0.0229715 
test_loss: 0.0215604 
train_loss: 0.0217105 
test_loss: 0.0216117 
train_loss: 0.0203317 
test_loss: 0.0223564 
train_loss: 0.0207179 
test_loss: 0.0205487 
train_loss: 0.0194426 
test_loss: 0.0213028 
train_loss: 0.0214879 
test_loss: 0.0205058 
train_loss: 0.0192244 
test_loss: 0.0201274 
train_loss: 0.0188957 
test_loss: 0.0206949 
train_loss: 0.0219643 
test_loss: 0.0207957 
train_loss: 0.0216413 
test_loss: 0.0207292 
train_loss: 0.0190171 
test_loss: 0.0205538 
train_loss: 0.0181577 
test_loss: 0.019878 
train_loss: 0.0192846 
test_loss: 0.019557 
train_loss: 0.0191189 
test_loss: 0.0193533 
train_loss: 0.0195095 
test_loss: 0.0194578 
train_loss: 0.0198182 
test_loss: 0.0198221 
train_loss: 0.0194281 
test_loss: 0.023071 
train_loss: 0.017993 
test_loss: 0.0198203 
train_loss: 0.018658 
test_loss: 0.0194205 
train_loss: 0.0191573 
test_loss: 0.0211185 
train_loss: 0.0189338 
test_loss: 0.019153 
train_loss: 0.019252 
test_loss: 0.0215639 
train_loss: 0.0204234 
test_loss: 0.0190921 
train_loss: 0.0188645 
test_loss: 0.0190757 
train_loss: 0.0189522 
test_loss: 0.0191062 
train_loss: 0.0176437 
test_loss: 0.019374 
train_loss: 0.0184647 
test_loss: 0.0187753 
train_loss: 0.017425 
test_loss: 0.0184834 
train_loss: 0.0193899 
test_loss: 0.0184666 
train_loss: 0.0184271 
test_loss: 0.0185999 
train_loss: 0.0171707 
test_loss: 0.0186212 
train_loss: 0.0171784 
test_loss: 0.0198119 
train_loss: 0.0167667 
test_loss: 0.018253 
train_loss: 0.0173258 
test_loss: 0.0185376 
train_loss: 0.0187931 
test_loss: 0.0206673 
train_loss: 0.0184024 
test_loss: 0.0195789 
train_loss: 0.0166309 
test_loss: 0.0177618 
train_loss: 0.0171088 
test_loss: 0.0180086 
train_loss: 0.019028 
test_loss: 0.018604 
train_loss: 0.0173286 
test_loss: 0.0177932 
train_loss: 0.0184237 
test_loss: 0.0178481 
train_loss: 0.0166188 
test_loss: 0.017627 
train_loss: 0.0175769 
test_loss: 0.0176562 
train_loss: 0.0172173 
test_loss: 0.0181144 
train_loss: 0.0171607 
test_loss: 0.0188085 
train_loss: 0.0174174 
test_loss: 0.0175911 
train_loss: 0.0178128 
test_loss: 0.0184141 
train_loss: 0.0174084 
test_loss: 0.018022 
train_loss: 0.0168603 
test_loss: 0.0175476 
train_loss: 0.0185326 
test_loss: 0.0176767 
train_loss: 0.0166301 
test_loss: 0.0177301 
train_loss: 0.0157331 
test_loss: 0.0181777 
train_loss: 0.0159943 
test_loss: 0.0172379 
train_loss: 0.0175817 
test_loss: 0.0169786 
train_loss: 0.0172397 
test_loss: 0.0173487 
train_loss: 0.0169036 
test_loss: 0.0174082 
train_loss: 0.0167785 
test_loss: 0.0170808 
train_loss: 0.0163197 
test_loss: 0.017383 
train_loss: 0.0162527 
test_loss: 0.0172801 
train_loss: 0.0160664 
test_loss: 0.018295 
train_loss: 0.0154356 
test_loss: 0.0171953 
train_loss: 0.0183811 
test_loss: 0.0172896 
train_loss: 0.0159407 
test_loss: 0.0166033 
train_loss: 0.0198305 
test_loss: 0.0171384 
