train_loss: 0.038107 
test_loss: 0.037934 
train_loss: 0.034104 
test_loss: 0.033927 
train_loss: 0.033705 
test_loss: 0.032188 
train_loss: 0.032536 
test_loss: 0.032112 
train_loss: 0.033644 
test_loss: 0.031990 
train_loss: 0.029399 
test_loss: 0.031252 
train_loss: 0.031140 
test_loss: 0.032649 
train_loss: 0.032683 
test_loss: 0.031833 
train_loss: 0.033517 
test_loss: 0.030858 
train_loss: 0.033272 
test_loss: 0.031204 
train_loss: 0.031565 
test_loss: 0.031279 
train_loss: 0.030049 
test_loss: 0.030865 
train_loss: 0.030315 
test_loss: 0.030203 
train_loss: 0.029190 
test_loss: 0.030232 
train_loss: 0.031114 
test_loss: 0.030695 
train_loss: 0.030954 
test_loss: 0.030666 
train_loss: 0.029738 
test_loss: 0.030363 
train_loss: 0.028479 
test_loss: 0.030928 
train_loss: 0.030934 
test_loss: 0.029991 
train_loss: 0.031082 
test_loss: 0.030580 
train_loss: 0.027948 
test_loss: 0.030710 
train_loss: 0.029222 
test_loss: 0.030034 
train_loss: 0.028944 
test_loss: 0.029808 
train_loss: 0.029557 
test_loss: 0.030061 
train_loss: 0.030293 
test_loss: 0.029982 
train_loss: 0.030457 
test_loss: 0.029904 
train_loss: 0.031314 
test_loss: 0.029581 
train_loss: 0.031120 
test_loss: 0.030760 
train_loss: 0.029523 
test_loss: 0.029732 
train_loss: 0.026303 
test_loss: 0.029904 
train_loss: 0.031976 
test_loss: 0.029472 
train_loss: 0.030027 
test_loss: 0.030209 
train_loss: 0.030043 
test_loss: 0.029847 
train_loss: 0.028240 
test_loss: 0.030219 
train_loss: 0.030101 
test_loss: 0.029839 
train_loss: 0.028632 
test_loss: 0.030013 
train_loss: 0.029262 
test_loss: 0.030363 
train_loss: 0.030807 
test_loss: 0.029593 
train_loss: 0.028125 
test_loss: 0.029812 
train_loss: 0.027990 
test_loss: 0.029301 
train_loss: 0.029401 
test_loss: 0.029579 
