train_loss: 0.498863 
test_loss: 0.48095 
train_loss: 0.477532 
test_loss: 0.479805 
train_loss: 0.480443 
test_loss: 0.477985 
train_loss: 0.484795 
test_loss: 0.475373 
train_loss: 0.476513 
test_loss: 0.472057 
train_loss: 0.476235 
test_loss: 0.467558 
train_loss: 0.448847 
test_loss: 0.461857 
train_loss: 0.437854 
test_loss: 0.454242 
train_loss: 0.428708 
test_loss: 0.44442 
train_loss: 0.445683 
test_loss: 0.431443 
train_loss: 0.413031 
test_loss: 0.413688 
train_loss: 0.390949 
test_loss: 0.385652 
train_loss: 0.290119 
test_loss: 0.295956 
train_loss: 0.191945 
test_loss: 0.199726 
train_loss: 0.180329 
test_loss: 0.176711 
train_loss: 0.175321 
test_loss: 0.173784 
train_loss: 0.169529 
test_loss: 0.173103 
train_loss: 0.17527 
test_loss: 0.172761 
train_loss: 0.17135 
test_loss: 0.172605 
train_loss: 0.170147 
test_loss: 0.172142 
train_loss: 0.16844 
test_loss: 0.170554 
train_loss: 0.163625 
test_loss: 0.165006 
train_loss: 0.147882 
test_loss: 0.15283 
train_loss: 0.129739 
test_loss: 0.120387 
train_loss: 0.0866974 
test_loss: 0.0886162 
train_loss: 0.0707473 
test_loss: 0.070807 
train_loss: 0.461907 
test_loss: 0.45648 
train_loss: 0.481236 
test_loss: 0.434222 
train_loss: 0.298624 
test_loss: 0.267721 
train_loss: 0.203528 
test_loss: 0.202468 
train_loss: 0.168472 
test_loss: 0.177963 
