train_loss: 1.13422 
test_loss: 1.14382 
train_loss: 0.957386 
test_loss: 0.988675 
train_loss: 0.844151 
test_loss: 0.901482 
train_loss: 0.823735 
test_loss: 0.847511 
train_loss: 0.821425 
test_loss: 0.793823 
train_loss: 0.770982 
test_loss: 0.756456 
train_loss: 0.766218 
test_loss: 0.723328 
train_loss: 0.699373 
test_loss: 0.721979 
train_loss: 0.68133 
test_loss: 0.693224 
train_loss: 0.688901 
test_loss: 0.706856 
train_loss: 0.65001 
test_loss: 0.68445 
train_loss: 0.639299 
test_loss: 0.660014 
train_loss: 0.634933 
test_loss: 0.654845 
train_loss: 0.613788 
test_loss: 0.636858 
train_loss: 0.612707 
test_loss: 0.629318 
train_loss: 0.58975 
test_loss: 0.628733 
train_loss: 0.599336 
test_loss: 0.607577 
train_loss: 0.575329 
test_loss: 0.591704 
train_loss: 0.564224 
test_loss: 0.573874 
train_loss: 0.519581 
test_loss: 0.543741 
train_loss: 0.485237 
test_loss: 0.491509 
train_loss: 0.374077 
test_loss: 0.417357 
train_loss: 0.347065 
test_loss: 0.364243 
train_loss: 0.288095 
test_loss: 0.334309 
train_loss: 0.289065 
test_loss: 0.325994 
train_loss: 0.314191 
test_loss: 0.351512 
train_loss: 0.345844 
test_loss: 0.37258 
train_loss: 0.307666 
test_loss: 0.326199 
train_loss: 0.282558 
test_loss: 0.313203 
train_loss: 0.293436 
test_loss: 0.296064 
train_loss: 0.292767 
test_loss: 0.313663 
train_loss: 0.27194 
test_loss: 0.250119 
train_loss: 0.168059 
test_loss: 0.209964 
train_loss: 0.215605 
test_loss: 0.230695 
train_loss: 0.1837 
test_loss: 0.199085 
train_loss: 0.181391 
test_loss: 0.194501 
train_loss: 0.20636 
test_loss: 0.212791 
train_loss: 0.193228 
test_loss: 0.201319 
train_loss: 0.215015 
test_loss: 0.198277 
train_loss: 0.187877 
test_loss: 0.204531 
train_loss: 0.171421 
test_loss: 0.198263 
train_loss: 0.214891 
test_loss: 0.210929 
train_loss: 0.187334 
test_loss: 0.199264 
train_loss: 0.257351 
test_loss: 0.240305 
train_loss: 0.21023 
test_loss: 0.239631 
train_loss: 0.199085 
test_loss: 0.207399 
train_loss: 0.184042 
test_loss: 0.196778 
train_loss: 0.206728 
test_loss: 0.202153 
train_loss: 0.202353 
test_loss: 0.224241 
train_loss: 0.404615 
test_loss: 0.42393 
train_loss: 0.227796 
test_loss: 0.24266 
train_loss: 0.167179 
test_loss: 0.192603 
train_loss: 0.196914 
test_loss: 0.170536 
train_loss: 0.197669 
test_loss: 0.182164 
train_loss: 0.186752 
test_loss: 0.181701 
train_loss: 0.16597 
test_loss: 0.175644 
train_loss: 0.16775 
test_loss: 0.183225 
train_loss: 0.21188 
test_loss: 0.203189 
train_loss: 0.175864 
test_loss: 0.213089 
train_loss: 0.195792 
test_loss: 0.204315 
train_loss: 0.179991 
test_loss: 0.195843 
train_loss: 0.173328 
test_loss: 0.195669 
train_loss: 0.160161 
test_loss: 0.175929 
train_loss: 0.184551 
test_loss: 0.185557 
train_loss: 0.17449 
test_loss: 0.191075 
train_loss: 0.187776 
test_loss: 0.201011 
train_loss: 0.152056 
test_loss: 0.177503 
train_loss: 0.181854 
test_loss: 0.177091 
train_loss: 0.180495 
test_loss: 0.186909 
train_loss: 0.156823 
test_loss: 0.180998 
train_loss: 0.164234 
test_loss: 0.174825 
train_loss: 0.180746 
test_loss: 0.200781 
train_loss: 0.179158 
test_loss: 0.186788 
train_loss: 0.14491 
test_loss: 0.180733 
train_loss: 0.16077 
test_loss: 0.168594 
train_loss: 0.19389 
test_loss: 0.186555 
train_loss: 0.178948 
test_loss: 0.176171 
train_loss: 0.198526 
test_loss: 0.196657 
train_loss: 0.194497 
test_loss: 0.20358 
train_loss: 0.202823 
test_loss: 0.197544 
train_loss: 0.159574 
test_loss: 0.174683 
train_loss: 0.131342 
test_loss: 0.156028 
train_loss: 0.165782 
test_loss: 0.157379 
train_loss: 0.157186 
test_loss: 0.165539 
train_loss: 0.162845 
test_loss: 0.176158 
train_loss: 0.204151 
test_loss: 0.183856 
train_loss: 0.167075 
test_loss: 0.173558 
train_loss: 0.217922 
test_loss: 0.190725 
train_loss: 0.220066 
test_loss: 0.187951 
train_loss: 0.13609 
test_loss: 0.183129 
train_loss: 0.201358 
test_loss: 0.1631 
train_loss: 0.222133 
test_loss: 0.20029 
train_loss: 0.339363 
test_loss: 0.342797 
train_loss: 0.331719 
test_loss: 0.349708 
train_loss: 0.269379 
test_loss: 0.294525 
train_loss: 0.174181 
test_loss: 0.15573 
train_loss: 0.148497 
test_loss: 0.150547 
train_loss: 0.161071 
test_loss: 0.166937 
train_loss: 0.150492 
test_loss: 0.152962 
train_loss: 0.219771 
test_loss: 0.162988 
train_loss: 0.174711 
test_loss: 0.167315 
train_loss: 0.152013 
test_loss: 0.162545 
train_loss: 0.161301 
test_loss: 0.175588 
train_loss: 0.165639 
test_loss: 0.162366 
train_loss: 0.148031 
test_loss: 0.169914 
train_loss: 0.183696 
test_loss: 0.169458 
train_loss: 0.142335 
test_loss: 0.16128 
train_loss: 0.198359 
test_loss: 0.194997 
train_loss: 0.167875 
test_loss: 0.168986 
train_loss: 0.152354 
test_loss: 0.171715 
train_loss: 0.168179 
test_loss: 0.187591 
train_loss: 0.127282 
test_loss: 0.150042 
train_loss: 0.161882 
test_loss: 0.14683 
train_loss: 0.120088 
test_loss: 0.147965 
train_loss: 0.142581 
test_loss: 0.17322 
train_loss: 0.153595 
test_loss: 0.15974 
train_loss: 0.167387 
test_loss: 0.163096 
train_loss: 0.150693 
test_loss: 0.147706 
train_loss: 0.163384 
test_loss: 0.195058 
train_loss: 0.131174 
test_loss: 0.167062 
train_loss: 0.140699 
test_loss: 0.148139 
train_loss: 0.176181 
test_loss: 0.158675 
train_loss: 0.142408 
test_loss: 0.159153 
train_loss: 0.134115 
test_loss: 0.148874 
train_loss: 0.183822 
test_loss: 0.147851 
train_loss: 0.126787 
test_loss: 0.1609 
train_loss: 0.167497 
test_loss: 0.133123 
train_loss: 0.204423 
test_loss: 0.180256 
train_loss: 0.145028 
test_loss: 0.141397 
train_loss: 0.168848 
test_loss: 0.190329 
train_loss: 0.170044 
test_loss: 0.197768 
train_loss: 0.164428 
test_loss: 0.159499 
train_loss: 0.168018 
test_loss: 0.179409 
train_loss: 0.167848 
test_loss: 0.160128 
train_loss: 0.154515 
test_loss: 0.182284 
train_loss: 0.124975 
test_loss: 0.146552 
train_loss: 0.0967367 
test_loss: 0.124797 
train_loss: 0.143373 
test_loss: 0.141237 
train_loss: 0.124966 
test_loss: 0.149487 
train_loss: 0.177291 
test_loss: 0.169766 
train_loss: 0.135483 
test_loss: 0.149768 
train_loss: 0.152926 
test_loss: 0.166723 
train_loss: 0.164629 
test_loss: 0.189919 
train_loss: 0.181845 
test_loss: 0.207718 
train_loss: 0.121272 
test_loss: 0.134079 
train_loss: 0.119276 
test_loss: 0.143351 
train_loss: 0.156482 
test_loss: 0.1537 
train_loss: 0.173403 
test_loss: 0.172187 
train_loss: 0.105369 
test_loss: 0.127509 
train_loss: 0.196643 
test_loss: 0.167886 
