train_loss: 1.10165 
test_loss: 1.11077 
train_loss: 0.968683 
test_loss: 0.967307 
train_loss: 0.941232 
test_loss: 0.88671 
train_loss: 0.787306 
test_loss: 0.830196 
train_loss: 0.84406 
test_loss: 0.780812 
train_loss: 0.682237 
test_loss: 0.745955 
train_loss: 0.795486 
test_loss: 0.730276 
train_loss: 0.738668 
test_loss: 0.708561 
train_loss: 0.645031 
test_loss: 0.690625 
train_loss: 0.611433 
test_loss: 0.670277 
train_loss: 0.660804 
test_loss: 0.663242 
train_loss: 0.636448 
test_loss: 0.658588 
train_loss: 0.642891 
test_loss: 0.644219 
train_loss: 0.613136 
test_loss: 0.643164 
train_loss: 0.575446 
test_loss: 0.609389 
train_loss: 0.6319 
test_loss: 0.614048 
train_loss: 0.551214 
test_loss: 0.575621 
train_loss: 0.588071 
test_loss: 0.56287 
train_loss: 0.541935 
test_loss: 0.536463 
train_loss: 0.450464 
test_loss: 0.462093 
train_loss: 0.486783 
test_loss: 0.406439 
train_loss: 0.335356 
test_loss: 0.359335 
train_loss: 0.332423 
test_loss: 0.328719 
train_loss: 0.322835 
test_loss: 0.337261 
train_loss: 0.270908 
test_loss: 0.296672 
train_loss: 0.331436 
test_loss: 0.268277 
train_loss: 0.395955 
test_loss: 0.372156 
train_loss: 0.298816 
test_loss: 0.298257 
train_loss: 0.344255 
test_loss: 0.33115 
train_loss: 0.222729 
test_loss: 0.245409 
train_loss: 0.189228 
test_loss: 0.218066 
train_loss: 0.187381 
test_loss: 0.187562 
train_loss: 0.202875 
test_loss: 0.21839 
train_loss: 0.223535 
test_loss: 0.226647 
train_loss: 0.259205 
test_loss: 0.23525 
train_loss: 0.270619 
test_loss: 0.248355 
train_loss: 0.188962 
test_loss: 0.193388 
train_loss: 0.170077 
test_loss: 0.17803 
train_loss: 0.195144 
test_loss: 0.210066 
train_loss: 0.204201 
test_loss: 0.218898 
train_loss: 0.239256 
test_loss: 0.257907 
train_loss: 0.162552 
test_loss: 0.191266 
train_loss: 0.220356 
test_loss: 0.239129 
train_loss: 0.198119 
test_loss: 0.223888 
train_loss: 0.19285 
test_loss: 0.198359 
train_loss: 0.185652 
test_loss: 0.200836 
train_loss: 0.233491 
test_loss: 0.226852 
train_loss: 0.225289 
test_loss: 0.234879 
train_loss: 0.178941 
test_loss: 0.199179 
train_loss: 0.211926 
test_loss: 0.184523 
train_loss: 0.139577 
test_loss: 0.18544 
train_loss: 0.212541 
test_loss: 0.203562 
train_loss: 0.199368 
test_loss: 0.18937 
train_loss: 0.264618 
test_loss: 0.241654 
train_loss: 0.217102 
test_loss: 0.202675 
train_loss: 0.287065 
test_loss: 0.260047 
train_loss: 0.193987 
test_loss: 0.201449 
train_loss: 0.161601 
test_loss: 0.17121 
train_loss: 0.17446 
test_loss: 0.162261 
train_loss: 0.220677 
test_loss: 0.207125 
train_loss: 0.302458 
test_loss: 0.252343 
train_loss: 0.139858 
test_loss: 0.16476 
train_loss: 0.197867 
test_loss: 0.226515 
train_loss: 0.285797 
test_loss: 0.27973 
train_loss: 0.679677 
test_loss: 0.676669 
train_loss: 0.602907 
test_loss: 0.594541 
train_loss: 0.577938 
test_loss: 0.576411 
train_loss: 0.562017 
test_loss: 0.565939 
train_loss: 0.527077 
test_loss: 0.553585 
train_loss: 0.514074 
test_loss: 0.533948 
train_loss: 0.508465 
test_loss: 0.515452 
train_loss: 0.462645 
test_loss: 0.472257 
train_loss: 0.37375 
test_loss: 0.419227 
train_loss: 0.388902 
test_loss: 0.387205 
train_loss: 0.353022 
test_loss: 0.363011 
train_loss: 0.353705 
test_loss: 0.332756 
train_loss: 0.276546 
test_loss: 0.311744 
train_loss: 0.291719 
test_loss: 0.317207 
train_loss: 0.281604 
test_loss: 0.256266 
train_loss: 0.249798 
test_loss: 0.263296 
train_loss: 0.259434 
test_loss: 0.238394 
train_loss: 0.213206 
test_loss: 0.213206 
train_loss: 0.227026 
test_loss: 0.22754 
train_loss: 0.251752 
test_loss: 0.212742 
train_loss: 0.243367 
test_loss: 0.22774 
train_loss: 0.205126 
test_loss: 0.198381 
train_loss: 0.234943 
test_loss: 0.217142 
train_loss: 0.154794 
test_loss: 3.26665 
train_loss: 0.24467 
test_loss: 0.236784 
train_loss: 0.268958 
test_loss: 0.246326 
train_loss: 0.188922 
test_loss: 0.191112 
train_loss: 0.183369 
test_loss: 0.194111 
train_loss: 0.667607 
test_loss: 0.63943 
train_loss: 0.560327 
test_loss: 0.524228 
train_loss: 0.39064 
test_loss: 0.420447 
train_loss: 0.325525 
test_loss: 0.359101 
train_loss: 0.301255 
test_loss: 0.316942 
train_loss: 0.274068 
test_loss: 0.275043 
train_loss: 0.294827 
test_loss: 0.304098 
train_loss: 0.259918 
test_loss: 0.270115 
train_loss: 0.301116 
test_loss: 0.270541 
train_loss: 0.256595 
test_loss: 0.258616 
train_loss: 0.261303 
test_loss: 0.256771 
train_loss: 0.254043 
test_loss: 0.265502 
train_loss: 0.283343 
test_loss: 0.270204 
train_loss: 0.276915 
test_loss: 0.295624 
train_loss: 0.244436 
test_loss: 0.265028 
train_loss: 0.230378 
test_loss: 0.249389 
train_loss: 0.258008 
test_loss: 0.247941 
train_loss: 0.253252 
test_loss: 0.251097 
train_loss: 0.283062 
test_loss: 0.263654 
train_loss: 0.299764 
test_loss: 0.268449 
train_loss: 4.70658 
test_loss: 1.23596 
train_loss: 0.677256 
test_loss: 0.642842 
train_loss: 0.432982 
test_loss: 0.456751 
train_loss: 0.294868 
test_loss: 0.333328 
train_loss: 0.293338 
test_loss: 0.311787 
train_loss: 0.265962 
test_loss: 0.270829 
train_loss: 0.258569 
test_loss: 0.266677 
train_loss: 0.269215 
test_loss: 0.273841 
train_loss: 0.249145 
test_loss: 0.266013 
train_loss: 0.33141 
test_loss: 0.236456 
train_loss: 0.199742 
test_loss: 0.21685 
train_loss: 0.216332 
test_loss: 0.238098 
train_loss: 0.193039 
test_loss: 0.225592 
train_loss: 0.23975 
test_loss: 0.196004 
train_loss: 0.142599 
test_loss: 0.165183 
train_loss: 0.226667 
test_loss: 0.238292 
train_loss: 0.161075 
test_loss: 0.179604 
train_loss: 0.199489 
test_loss: 0.180003 
train_loss: 0.146048 
test_loss: 0.168699 
train_loss: 0.123791 
test_loss: 0.160279 
train_loss: 0.160229 
test_loss: 0.164342 
train_loss: 0.142709 
test_loss: 0.173458 
train_loss: 0.137111 
test_loss: 0.165834 
train_loss: 0.184071 
test_loss: 0.199591 
train_loss: 0.146421 
test_loss: 0.151515 
train_loss: 0.141352 
test_loss: 0.158155 
train_loss: 0.178294 
test_loss: 0.179232 
train_loss: 0.1738 
test_loss: 0.188858 
train_loss: 0.154177 
test_loss: 0.168796 
train_loss: 0.162306 
test_loss: 0.176792 
train_loss: 0.133081 
test_loss: 0.163296 
train_loss: 0.200211 
test_loss: 0.166962 
train_loss: 0.236572 
test_loss: 0.180081 
train_loss: 0.136759 
test_loss: 0.164938 
train_loss: 0.190565 
test_loss: 0.179758 
train_loss: 0.130565 
test_loss: 0.165456 
train_loss: 0.134905 
test_loss: 0.162819 
train_loss: 0.161292 
test_loss: 0.151483 
