train_loss: 0.084651 
test_loss: 0.084186 
train_loss: 0.068784 
test_loss: 0.070412 
train_loss: 0.060066 
test_loss: 0.060528 
train_loss: 0.047047 
test_loss: 0.047278 
train_loss: 0.038930 
test_loss: 0.038758 
train_loss: 0.033280 
test_loss: 0.033302 
train_loss: 0.029095 
test_loss: 0.028873 
train_loss: 0.025496 
test_loss: 0.025495 
train_loss: 0.022911 
test_loss: 0.023016 
train_loss: 0.020355 
test_loss: 0.020982 
train_loss: 0.018797 
test_loss: 0.018850 
train_loss: 0.017312 
test_loss: 0.018003 
train_loss: 0.016377 
test_loss: 0.016610 
train_loss: 0.015513 
test_loss: 0.015925 
train_loss: 0.014582 
test_loss: 0.015038 
train_loss: 0.014900 
test_loss: 0.014681 
train_loss: 0.014613 
test_loss: 0.014367 
train_loss: 0.014173 
test_loss: 0.013875 
train_loss: 0.013387 
test_loss: 0.013823 
train_loss: 0.013209 
test_loss: 0.013072 
train_loss: 0.012508 
test_loss: 0.013143 
train_loss: 0.012427 
test_loss: 0.012543 
train_loss: 0.012562 
test_loss: 0.012385 
train_loss: 0.011425 
test_loss: 0.011728 
train_loss: 0.011707 
test_loss: 0.011715 
train_loss: 0.010919 
test_loss: 0.011366 
train_loss: 0.011019 
test_loss: 0.011189 
train_loss: 0.010891 
test_loss: 0.011278 
train_loss: 0.010765 
test_loss: 0.010801 
train_loss: 0.010869 
test_loss: 0.011023 
train_loss: 0.010259 
test_loss: 0.010700 
train_loss: 0.010384 
test_loss: 0.010974 
train_loss: 0.010279 
test_loss: 0.010493 
train_loss: 0.010024 
test_loss: 0.010439 
train_loss: 0.010191 
test_loss: 0.010089 
train_loss: 0.010151 
test_loss: 0.010271 
train_loss: 0.009779 
test_loss: 0.009804 
train_loss: 0.009249 
test_loss: 0.010041 
train_loss: 0.010154 
test_loss: 0.010114 
train_loss: 0.009487 
test_loss: 0.009478 
train_loss: 0.009571 
test_loss: 0.009803 
train_loss: 0.009173 
test_loss: 0.009371 
train_loss: 0.009221 
test_loss: 0.009940 
train_loss: 0.009237 
test_loss: 0.009262 
train_loss: 0.008973 
test_loss: 0.009087 
train_loss: 0.009578 
test_loss: 0.009747 
train_loss: 0.009158 
test_loss: 0.009524 
train_loss: 0.008331 
test_loss: 0.008931 
train_loss: 0.008534 
test_loss: 0.008902 
train_loss: 0.008714 
test_loss: 0.008600 
train_loss: 0.008484 
test_loss: 0.009098 
train_loss: 0.009042 
test_loss: 0.008976 
train_loss: 0.008278 
test_loss: 0.008713 
train_loss: 0.007964 
test_loss: 0.008408 
train_loss: 0.008340 
test_loss: 0.008889 
train_loss: 0.008175 
test_loss: 0.008290 
train_loss: 0.008061 
test_loss: 0.008690 
train_loss: 0.008213 
test_loss: 0.008314 
train_loss: 0.008026 
test_loss: 0.008278 
train_loss: 0.008008 
test_loss: 0.008583 
train_loss: 0.007891 
test_loss: 0.008141 
train_loss: 0.008087 
test_loss: 0.008132 
train_loss: 0.008018 
test_loss: 0.008124 
train_loss: 0.007955 
test_loss: 0.008169 
train_loss: 0.008290 
test_loss: 0.008334 
train_loss: 0.007941 
test_loss: 0.008191 
train_loss: 0.008170 
test_loss: 0.008964 
train_loss: 0.008145 
test_loss: 0.008710 
train_loss: 0.007198 
test_loss: 0.007725 
train_loss: 0.007221 
test_loss: 0.007689 
train_loss: 0.007823 
test_loss: 0.008300 
