train_loss: 0.089806 
test_loss: 0.089204 
train_loss: 0.075669 
test_loss: 0.076098 
train_loss: 0.067829 
test_loss: 0.068613 
train_loss: 0.061413 
test_loss: 0.062459 
train_loss: 0.053358 
test_loss: 0.053716 
train_loss: 0.044353 
test_loss: 0.045272 
train_loss: 0.039147 
test_loss: 0.040114 
train_loss: 0.035928 
test_loss: 0.036037 
train_loss: 0.033031 
test_loss: 0.032986 
train_loss: 0.030912 
test_loss: 0.030688 
train_loss: 0.027724 
test_loss: 0.028482 
train_loss: 0.025973 
test_loss: 0.026629 
train_loss: 0.024470 
test_loss: 0.025108 
train_loss: 0.022994 
test_loss: 0.023498 
train_loss: 0.021889 
test_loss: 0.022424 
train_loss: 0.021432 
test_loss: 0.021656 
train_loss: 0.020463 
test_loss: 0.020543 
train_loss: 0.019761 
test_loss: 0.020253 
train_loss: 0.018794 
test_loss: 0.019321 
train_loss: 0.018261 
test_loss: 0.018462 
train_loss: 0.018401 
test_loss: 0.018241 
train_loss: 0.017940 
test_loss: 0.018117 
train_loss: 0.017283 
test_loss: 0.017633 
train_loss: 0.016586 
test_loss: 0.017049 
train_loss: 0.016088 
test_loss: 0.016524 
train_loss: 0.016320 
test_loss: 0.016765 
train_loss: 0.015918 
test_loss: 0.016248 
train_loss: 0.015740 
test_loss: 0.016276 
train_loss: 0.015289 
test_loss: 0.015618 
train_loss: 0.015054 
test_loss: 0.015496 
train_loss: 0.014700 
test_loss: 0.015809 
train_loss: 0.014559 
test_loss: 0.015300 
train_loss: 0.014375 
test_loss: 0.014850 
train_loss: 0.014639 
test_loss: 0.014981 
train_loss: 0.014237 
test_loss: 0.014531 
train_loss: 0.014793 
test_loss: 0.014658 
train_loss: 0.013760 
test_loss: 0.014145 
train_loss: 0.013724 
test_loss: 0.014238 
train_loss: 0.013556 
test_loss: 0.014447 
train_loss: 0.013861 
test_loss: 0.014374 
train_loss: 0.013364 
test_loss: 0.013949 
train_loss: 0.013085 
test_loss: 0.013313 
train_loss: 0.012756 
test_loss: 0.012995 
train_loss: 0.013342 
test_loss: 0.013598 
train_loss: 0.013117 
test_loss: 0.013357 
train_loss: 0.012694 
test_loss: 0.012928 
train_loss: 0.012785 
test_loss: 0.013565 
train_loss: 0.012754 
test_loss: 0.013279 
train_loss: 0.012301 
test_loss: 0.013170 
train_loss: 0.012634 
test_loss: 0.012776 
train_loss: 0.012491 
test_loss: 0.012475 
train_loss: 0.012283 
test_loss: 0.012890 
train_loss: 0.012150 
test_loss: 0.012300 
train_loss: 0.012222 
test_loss: 0.012258 
train_loss: 0.012164 
test_loss: 0.012244 
train_loss: 0.012031 
test_loss: 0.012241 
train_loss: 0.012296 
test_loss: 0.012509 
train_loss: 0.011834 
test_loss: 0.011931 
train_loss: 0.011885 
test_loss: 0.011798 
train_loss: 0.011607 
test_loss: 0.011983 
train_loss: 0.011566 
test_loss: 0.012221 
train_loss: 0.011573 
test_loss: 0.012451 
train_loss: 0.011720 
test_loss: 0.012200 
train_loss: 0.011732 
test_loss: 0.012088 
train_loss: 0.011667 
test_loss: 0.011884 
train_loss: 0.011575 
test_loss: 0.011788 
train_loss: 0.011479 
test_loss: 0.011752 
train_loss: 0.011075 
test_loss: 0.011605 
train_loss: 0.012028 
test_loss: 0.012235 
train_loss: 0.011415 
test_loss: 0.011533 
train_loss: 0.011249 
test_loss: 0.011341 
train_loss: 0.011475 
test_loss: 0.011057 
train_loss: 0.011168 
test_loss: 0.011091 
train_loss: 0.011793 
test_loss: 0.011072 
train_loss: 0.011412 
test_loss: 0.011242 
train_loss: 0.011265 
test_loss: 0.011129 
train_loss: 0.011026 
test_loss: 0.011263 
train_loss: 0.011032 
test_loss: 0.011480 
train_loss: 0.010731 
test_loss: 0.011073 
train_loss: 0.011283 
test_loss: 0.011177 
train_loss: 0.010588 
test_loss: 0.010978 
train_loss: 0.010598 
test_loss: 0.011102 
train_loss: 0.010451 
test_loss: 0.010823 
train_loss: 0.010723 
test_loss: 0.010831 
train_loss: 0.010792 
test_loss: 0.010904 
train_loss: 0.010700 
test_loss: 0.010730 
train_loss: 0.010563 
test_loss: 0.011143 
train_loss: 0.010657 
test_loss: 0.010853 
train_loss: 0.010251 
test_loss: 0.010747 
train_loss: 0.010236 
test_loss: 0.010710 
train_loss: 0.010355 
test_loss: 0.010410 
train_loss: 0.010583 
test_loss: 0.010825 
train_loss: 0.010311 
test_loss: 0.010806 
train_loss: 0.010295 
test_loss: 0.010372 
train_loss: 0.010230 
test_loss: 0.010791 
train_loss: 0.010481 
test_loss: 0.010296 
train_loss: 0.010054 
test_loss: 0.010473 
train_loss: 0.010278 
test_loss: 0.010480 
train_loss: 0.010310 
test_loss: 0.010265 
train_loss: 0.010219 
test_loss: 0.010606 
train_loss: 0.010718 
test_loss: 0.010256 
train_loss: 0.010381 
test_loss: 0.010107 
train_loss: 0.009508 
test_loss: 0.010224 
train_loss: 0.010423 
test_loss: 0.009947 
train_loss: 0.009609 
test_loss: 0.009960 
train_loss: 0.010061 
test_loss: 0.009933 
train_loss: 0.009767 
test_loss: 0.010116 
train_loss: 0.010497 
test_loss: 0.010678 
train_loss: 0.009955 
test_loss: 0.010306 
train_loss: 0.009873 
test_loss: 0.010071 
train_loss: 0.010335 
test_loss: 0.010667 
