train_loss: 0.477821 
test_loss: 0.489725 
train_loss: 0.456283 
test_loss: 0.458466 
train_loss: 0.389616 
test_loss: 0.417474 
train_loss: 0.360068 
test_loss: 0.369488 
train_loss: 0.321687 
test_loss: 0.316573 
train_loss: 0.262693 
test_loss: 0.259992 
train_loss: 0.205293 
test_loss: 0.200568 
train_loss: 0.144226 
test_loss: 0.146233 
train_loss: 0.104497 
test_loss: 0.107819 
train_loss: 0.0914115 
test_loss: 0.0897865 
train_loss: 0.0819651 
test_loss: 0.0845522 
train_loss: 0.0806146 
test_loss: 0.0828784 
train_loss: 0.0865131 
test_loss: 0.082222 
train_loss: 0.0806977 
test_loss: 0.0817262 
train_loss: 0.0838179 
test_loss: 0.0811641 
train_loss: 0.0809745 
test_loss: 0.0799178 
train_loss: 0.074048 
test_loss: 0.0772116 
train_loss: 0.0657636 
test_loss: 0.072162 
train_loss: 0.0617946 
test_loss: 0.0640888 
train_loss: 0.0574187 
test_loss: 0.0565632 
train_loss: 0.0519369 
test_loss: 0.0517506 
train_loss: 0.0463471 
test_loss: 0.0505752 
train_loss: 0.047726 
test_loss: 0.0485951 
train_loss: 0.0476339 
test_loss: 0.04725 
train_loss: 0.0431383 
test_loss: 0.0458264 
train_loss: 0.0431128 
test_loss: 0.0456307 
train_loss: 0.0435499 
test_loss: 0.0441714 
train_loss: 0.0464759 
test_loss: 0.0445635 
train_loss: 0.0423502 
test_loss: 0.043797 
train_loss: 0.0422521 
test_loss: 0.0432392 
train_loss: 0.045088 
test_loss: 0.0435177 
train_loss: 0.0443302 
test_loss: 0.0438121 
train_loss: 0.0445664 
test_loss: 0.0423165 
train_loss: 0.0393656 
test_loss: 0.0410958 
train_loss: 0.0359964 
test_loss: 0.0373555 
train_loss: 0.030752 
test_loss: 0.033492 
train_loss: 0.0284349 
test_loss: 0.0274224 
train_loss: 0.0248597 
test_loss: 0.0240463 
train_loss: 0.0204289 
test_loss: 0.0207329 
train_loss: 0.0200972 
test_loss: 0.0193472 
train_loss: 0.0180775 
test_loss: 0.0170766 
train_loss: 0.0169132 
test_loss: 0.0166795 
train_loss: 0.0149546 
test_loss: 0.0155864 
train_loss: 0.0133412 
test_loss: 0.0145776 
train_loss: 0.0139077 
test_loss: 0.0144186 
train_loss: 0.0153652 
test_loss: 0.0132596 
train_loss: 0.0131092 
test_loss: 0.0128722 
train_loss: 0.0123635 
test_loss: 0.0133235 
train_loss: 0.0121986 
test_loss: 0.0124513 
train_loss: 0.0128414 
test_loss: 0.0118904 
train_loss: 0.0123147 
test_loss: 0.0121794 
train_loss: 0.0107478 
test_loss: 0.0111176 
train_loss: 0.0118915 
test_loss: 0.0121816 
train_loss: 0.0109511 
test_loss: 0.0110413 
train_loss: 0.0111058 
test_loss: 0.0112824 
train_loss: 0.0104327 
test_loss: 0.0103996 
train_loss: 0.0107484 
test_loss: 0.010552 
train_loss: 0.0103165 
test_loss: 0.0104977 
train_loss: 0.00979069 
test_loss: 0.00992736 
train_loss: 0.0093598 
test_loss: 0.00957251 
train_loss: 0.00990073 
test_loss: 0.00973251 
train_loss: 0.00914425 
test_loss: 0.00962857 
train_loss: 0.00930292 
test_loss: 0.009774 
train_loss: 0.00931013 
test_loss: 0.00905715 
train_loss: 0.00949913 
test_loss: 0.0102044 
train_loss: 0.00908623 
test_loss: 0.00937458 
train_loss: 0.00830581 
test_loss: 0.00898222 
train_loss: 0.0080622 
test_loss: 0.00872909 
train_loss: 0.00810274 
test_loss: 0.00868893 
train_loss: 0.0083423 
test_loss: 0.00873497 
train_loss: 0.00833546 
test_loss: 0.00880557 
train_loss: 0.0087196 
test_loss: 0.00905911 
train_loss: 0.00884455 
test_loss: 0.00864743 
train_loss: 0.00825049 
test_loss: 0.00869633 
train_loss: 0.00816787 
test_loss: 0.00828777 
train_loss: 0.00815825 
test_loss: 0.00843492 
train_loss: 0.00803731 
test_loss: 0.00838142 
train_loss: 0.00800751 
test_loss: 0.00803068 
train_loss: 0.00755629 
test_loss: 0.0077147 
train_loss: 0.00797058 
test_loss: 0.0081338 
train_loss: 0.00803436 
test_loss: 0.00775126 
train_loss: 0.00732998 
test_loss: 0.00798533 
train_loss: 0.00717738 
test_loss: 0.00744134 
train_loss: 0.00690379 
test_loss: 0.00743208 
train_loss: 0.00791189 
test_loss: 0.00782135 
train_loss: 0.00771174 
test_loss: 0.00764576 
train_loss: 0.00754055 
test_loss: 0.00742546 
train_loss: 0.00796396 
test_loss: 0.00778339 
train_loss: 0.00731584 
test_loss: 0.00792096 
train_loss: 0.00762136 
test_loss: 0.00726657 
train_loss: 0.00706237 
test_loss: 0.00717548 
train_loss: 0.00672222 
test_loss: 0.006896 
train_loss: 0.00756074 
test_loss: 0.00740185 
train_loss: 0.00677104 
test_loss: 0.00719316 
train_loss: 0.00720051 
test_loss: 0.00720448 
train_loss: 0.00711443 
test_loss: 0.00709708 
train_loss: 0.00678455 
test_loss: 0.00704217 
train_loss: 0.00708986 
test_loss: 0.00730349 
train_loss: 0.00673558 
test_loss: 0.00720143 
train_loss: 0.00684504 
test_loss: 0.00692794 
train_loss: 0.00644403 
test_loss: 0.00708067 
train_loss: 0.00712678 
test_loss: 0.00700576 
train_loss: 0.00691238 
test_loss: 0.00688777 
train_loss: 0.00621582 
test_loss: 0.00665572 
train_loss: 0.00624636 
test_loss: 0.00659778 
train_loss: 0.00702402 
test_loss: 0.00681304 
train_loss: 0.0066895 
test_loss: 0.00663307 
train_loss: 0.00643273 
test_loss: 0.00674799 
train_loss: 0.006363 
test_loss: 0.00677591 
train_loss: 0.0069598 
test_loss: 0.00693408 
train_loss: 0.00621324 
test_loss: 0.006597 
train_loss: 0.00650631 
test_loss: 0.00624861 
train_loss: 0.00690037 
test_loss: 0.00697541 
train_loss: 0.00645528 
test_loss: 0.00645551 
train_loss: 0.00631298 
test_loss: 0.00615254 
train_loss: 0.00614903 
test_loss: 0.00628878 
train_loss: 0.00602503 
test_loss: 0.00666809 
train_loss: 0.00607474 
test_loss: 0.00649172 
train_loss: 0.00625878 
test_loss: 0.00632664 
train_loss: 0.00587594 
test_loss: 0.00631943 
train_loss: 0.00552537 
test_loss: 0.00605161 
train_loss: 0.00599792 
test_loss: 0.00613795 
train_loss: 0.0055457 
test_loss: 0.00596607 
train_loss: 0.00633099 
test_loss: 0.00628743 
train_loss: 0.00633959 
test_loss: 0.00604018 
train_loss: 0.00606486 
test_loss: 0.00609222 
train_loss: 0.00619562 
test_loss: 0.00640379 
train_loss: 0.00615229 
test_loss: 0.00634691 
train_loss: 0.00607494 
test_loss: 0.00604449 
train_loss: 0.0058663 
test_loss: 0.00613271 
train_loss: 0.00587431 
test_loss: 0.00594905 
train_loss: 0.0066091 
test_loss: 0.00602422 
train_loss: 0.00591353 
test_loss: 0.00610696 
train_loss: 0.00517627 
test_loss: 0.00580577 
train_loss: 0.00548572 
test_loss: 0.00593827 
train_loss: 0.00535784 
test_loss: 0.00581005 
train_loss: 0.00584705 
test_loss: 0.00579292 
train_loss: 0.00588321 
test_loss: 0.0058189 
train_loss: 0.00562576 
test_loss: 0.00615153 
train_loss: 0.00561173 
test_loss: 0.00567192 
train_loss: 0.00578596 
test_loss: 0.00571655 
train_loss: 0.00615328 
test_loss: 0.00598604 
train_loss: 0.00608432 
test_loss: 0.00594603 
train_loss: 0.00612271 
test_loss: 0.00565003 
train_loss: 0.0065392 
test_loss: 0.00607775 
train_loss: 0.00521539 
test_loss: 0.00555075 
train_loss: 0.00510689 
test_loss: 0.00565115 
train_loss: 0.00538577 
test_loss: 0.00568632 
train_loss: 0.00585708 
test_loss: 0.00561778 
train_loss: 0.00509978 
test_loss: 0.00535851 
train_loss: 0.00526728 
test_loss: 0.00537382 
train_loss: 0.0051114 
test_loss: 0.00554562 
train_loss: 0.00510439 
test_loss: 0.00549283 
train_loss: 0.005742 
test_loss: 0.00581815 
train_loss: 0.00594526 
test_loss: 0.00568892 
train_loss: 0.00546481 
test_loss: 0.00547294 
train_loss: 0.00519382 
test_loss: 0.00564067 
train_loss: 0.00542215 
test_loss: 0.00545963 
train_loss: 0.00525755 
test_loss: 0.00550651 
train_loss: 0.00525632 
test_loss: 0.00547934 
train_loss: 0.00534789 
test_loss: 0.00598727 
