train_loss: 0.271666 
test_loss: 0.26266 
train_loss: 0.0734838 
test_loss: 0.0727455 
train_loss: 0.0542201 
test_loss: 0.0545888 
train_loss: 0.0501534 
test_loss: 0.049157 
train_loss: 0.0374444 
test_loss: 0.0372562 
train_loss: 0.0297492 
test_loss: 0.0304537 
train_loss: 0.0243762 
test_loss: 0.0249555 
train_loss: 0.0220232 
test_loss: 0.0222877 
train_loss: 0.0206697 
test_loss: 0.0205037 
train_loss: 0.0194346 
test_loss: 0.0192603 
train_loss: 0.0181457 
test_loss: 0.018832 
train_loss: 0.0165157 
test_loss: 0.0165075 
train_loss: 0.0169805 
test_loss: 0.0166927 
train_loss: 0.016181 
test_loss: 0.0160962 
train_loss: 0.0138496 
test_loss: 0.0148372 
train_loss: 0.0133679 
test_loss: 0.0134365 
train_loss: 0.0127769 
test_loss: 0.0131791 
train_loss: 0.0142901 
test_loss: 0.0141268 
train_loss: 0.0125857 
test_loss: 0.0128254 
train_loss: 0.0121351 
test_loss: 0.0117751 
train_loss: 0.0137795 
test_loss: 0.0123094 
train_loss: 0.0111551 
test_loss: 0.0108739 
train_loss: 0.0105605 
test_loss: 0.0105854 
train_loss: 0.0102868 
test_loss: 0.0105993 
train_loss: 0.0104635 
test_loss: 0.0114203 
train_loss: 0.0100688 
test_loss: 0.0100376 
train_loss: 0.0116179 
test_loss: 0.0104231 
train_loss: 0.0106989 
test_loss: 0.0104883 
train_loss: 0.0106317 
test_loss: 0.0106029 
train_loss: 0.00935825 
test_loss: 0.00966531 
train_loss: 0.00979755 
test_loss: 0.00962858 
train_loss: 0.0102523 
test_loss: 0.0102408 
train_loss: 0.00933489 
test_loss: 0.00916295 
train_loss: 0.00951041 
test_loss: 0.00937929 
train_loss: 0.00880062 
test_loss: 0.00847263 
train_loss: 0.00971573 
test_loss: 0.00915836 
train_loss: 0.00967829 
test_loss: 0.0102437 
train_loss: 0.0087076 
test_loss: 0.00878958 
train_loss: 0.00887875 
test_loss: 0.00913223 
train_loss: 0.00983749 
test_loss: 0.00962705 
train_loss: 0.00788215 
test_loss: 0.00799945 
train_loss: 0.00865118 
test_loss: 0.00914651 
train_loss: 0.00863485 
test_loss: 0.00902575 
train_loss: 0.00829519 
test_loss: 0.00953454 
train_loss: 0.00846399 
test_loss: 0.00919537 
train_loss: 0.00798365 
test_loss: 0.00801268 
train_loss: 0.00819852 
test_loss: 0.00846982 
train_loss: 0.0083115 
test_loss: 0.00818119 
train_loss: 0.00827 
test_loss: 0.00862754 
train_loss: 0.00826716 
test_loss: 0.00777928 
train_loss: 0.00819764 
test_loss: 0.00774356 
train_loss: 0.00807087 
test_loss: 0.00777609 
train_loss: 0.00861849 
test_loss: 0.00856651 
train_loss: 0.00751913 
test_loss: 0.00787458 
train_loss: 0.00769343 
test_loss: 0.00750319 
train_loss: 0.00752035 
test_loss: 0.00788605 
train_loss: 0.00887401 
test_loss: 0.00818523 
train_loss: 0.00871744 
test_loss: 0.00824968 
train_loss: 0.00819463 
test_loss: 0.00929936 
train_loss: 0.00803059 
test_loss: 0.00893158 
train_loss: 0.00734792 
test_loss: 0.00733956 
train_loss: 0.0085154 
test_loss: 0.00783467 
train_loss: 0.00770147 
test_loss: 0.00779657 
train_loss: 0.00832554 
test_loss: 0.00791257 
train_loss: 0.00829837 
test_loss: 0.00995863 
train_loss: 0.00963182 
test_loss: 0.00756289 
train_loss: 0.00720507 
test_loss: 0.00743485 
train_loss: 0.00707034 
test_loss: 0.00825382 
train_loss: 0.0076918 
test_loss: 0.00714313 
train_loss: 0.00751885 
test_loss: 0.00821803 
train_loss: 0.00765486 
test_loss: 0.00722741 
train_loss: 0.0080233 
test_loss: 0.00822404 
train_loss: 0.00769981 
test_loss: 0.00870877 
train_loss: 0.00748013 
test_loss: 0.00763312 
train_loss: 0.00720362 
test_loss: 0.00786515 
train_loss: 0.00694276 
test_loss: 0.00812212 
train_loss: 0.00731269 
test_loss: 0.00736729 
train_loss: 0.00820361 
test_loss: 0.00779489 
train_loss: 0.00804619 
test_loss: 0.00717304 
train_loss: 0.00804545 
test_loss: 0.00804878 
train_loss: 0.007189 
test_loss: 0.00718694 
train_loss: 0.00794907 
test_loss: 0.00728462 
train_loss: 0.00766249 
test_loss: 0.00822106 
train_loss: 0.00801344 
test_loss: 0.0073927 
train_loss: 0.00724804 
test_loss: 0.00764935 
train_loss: 0.00719889 
test_loss: 0.00703021 
train_loss: 0.00789088 
test_loss: 0.00701898 
train_loss: 0.00806332 
test_loss: 0.00898206 
train_loss: 0.00688884 
test_loss: 0.00749028 
train_loss: 0.00722645 
test_loss: 0.00710495 
train_loss: 0.0076465 
test_loss: 0.00758198 
