train_loss: 1464.38 
test_loss: 2.13579e+06 
train_loss: 0.534127 
test_loss: 0.527109 
train_loss: 0.536725 
test_loss: 0.526563 
train_loss: 0.525134 
test_loss: 0.526557 
train_loss: 0.537938 
test_loss: 0.526505 
train_loss: 0.543533 
test_loss: 0.526524 
train_loss: 0.533567 
test_loss: 0.526476 
train_loss: 0.513578 
test_loss: 0.526455 
train_loss: 0.54249 
test_loss: 0.526532 
train_loss: 0.53484 
test_loss: 0.526555 
train_loss: 0.534627 
test_loss: 0.526499 
train_loss: 0.531015 
test_loss: 0.526471 
train_loss: 0.551983 
test_loss: 0.526502 
train_loss: 0.497832 
test_loss: 0.52655 
train_loss: 0.524303 
test_loss: 0.526465 
train_loss: 0.519785 
test_loss: 0.526494 
train_loss: 0.536138 
test_loss: 0.526562 
train_loss: 0.542586 
test_loss: 0.526544 
train_loss: 0.535589 
test_loss: 0.526579 
train_loss: 0.528723 
test_loss: 0.52652 
train_loss: 0.53161 
test_loss: 0.5265 
train_loss: 0.529104 
test_loss: 0.526462 
train_loss: 0.521494 
test_loss: 0.52657 
train_loss: 0.539707 
test_loss: 0.52657 
train_loss: 0.55441 
test_loss: 0.526525 
train_loss: 0.52867 
test_loss: 0.52654 
train_loss: 0.514756 
test_loss: 0.526547 
train_loss: 0.541632 
test_loss: 0.52654 
train_loss: 0.515358 
test_loss: 0.5265 
train_loss: 0.54195 
test_loss: 0.526494 
train_loss: 0.535633 
test_loss: 0.526555 
