train_loss: 0.487205 
test_loss: 0.485663 
train_loss: 0.483449 
test_loss: 0.485131 
train_loss: 0.481571 
test_loss: 0.485062 
train_loss: 0.483573 
test_loss: 0.484986 
train_loss: 0.488827 
test_loss: 0.48488 
train_loss: 0.483781 
test_loss: 0.484785 
train_loss: 0.490507 
test_loss: 0.484673 
train_loss: 0.475154 
test_loss: 0.484541 
train_loss: 0.487116 
test_loss: 0.484406 
train_loss: 0.477593 
test_loss: 0.48425 
train_loss: 0.490081 
test_loss: 0.484095 
train_loss: 0.487552 
test_loss: 0.483927 
train_loss: 0.485092 
test_loss: 0.483762 
train_loss: 0.487164 
test_loss: 0.483582 
train_loss: 0.485194 
test_loss: 0.483387 
train_loss: 0.480283 
test_loss: 0.483186 
train_loss: 0.487597 
test_loss: 0.482968 
train_loss: 0.485544 
test_loss: 0.482737 
train_loss: 0.478219 
test_loss: 0.482492 
train_loss: 0.484001 
test_loss: 0.48225 
train_loss: 0.478025 
test_loss: 0.482009 
train_loss: 0.482125 
test_loss: 0.481749 
train_loss: 0.482781 
test_loss: 0.481459 
train_loss: 0.479361 
test_loss: 0.481203 
train_loss: 0.477759 
test_loss: 0.480915 
train_loss: 0.476482 
test_loss: 0.480608 
train_loss: 0.481814 
test_loss: 0.480293 
train_loss: 0.477527 
test_loss: 0.479983 
train_loss: 0.479508 
test_loss: 0.479651 
train_loss: 0.479921 
test_loss: 0.479302 
train_loss: 0.481668 
test_loss: 0.478949 
train_loss: 0.477981 
test_loss: 0.478581 
train_loss: 0.477785 
test_loss: 0.478208 
train_loss: 0.476109 
test_loss: 0.477805 
train_loss: 0.47879 
test_loss: 0.477405 
train_loss: 0.47525 
test_loss: 0.476994 
train_loss: 0.475613 
test_loss: 0.476584 
train_loss: 0.47833 
test_loss: 0.476138 
train_loss: 0.47783 
test_loss: 0.475696 
train_loss: 0.476836 
test_loss: 0.475226 
train_loss: 0.470333 
test_loss: 0.474749 
train_loss: 0.479271 
test_loss: 0.474266 
train_loss: 0.471024 
test_loss: 0.47376 
train_loss: 0.474639 
test_loss: 0.473253 
train_loss: 0.474228 
test_loss: 0.472711 
train_loss: 0.476794 
test_loss: 0.472146 
train_loss: 0.470419 
test_loss: 0.471601 
train_loss: 0.476894 
test_loss: 0.471031 
train_loss: 0.46986 
test_loss: 0.470434 
train_loss: 0.466324 
test_loss: 0.469837 
train_loss: 0.471191 
test_loss: 0.469211 
train_loss: 0.465491 
test_loss: 0.468582 
train_loss: 0.466493 
test_loss: 0.467935 
train_loss: 0.461812 
test_loss: 0.467258 
train_loss: 0.469447 
test_loss: 0.466577 
train_loss: 0.463876 
test_loss: 0.465869 
train_loss: 0.475375 
test_loss: 0.46515 
train_loss: 0.459532 
test_loss: 0.464396 
train_loss: 0.468159 
test_loss: 0.463614 
train_loss: 0.462171 
test_loss: 0.462857 
train_loss: 0.462177 
test_loss: 0.462068 
train_loss: 0.458692 
test_loss: 0.461263 
train_loss: 0.459152 
test_loss: 0.460413 
train_loss: 0.462568 
test_loss: 0.459563 
train_loss: 0.458298 
test_loss: 0.458683 
train_loss: 0.456817 
test_loss: 0.457784 
train_loss: 0.45416 
test_loss: 0.456862 
train_loss: 0.452084 
test_loss: 0.45591 
train_loss: 0.448537 
test_loss: 0.454956 
train_loss: 0.457346 
test_loss: 0.453968 
train_loss: 0.451636 
test_loss: 0.452943 
train_loss: 0.451258 
test_loss: 0.451905 
train_loss: 0.448979 
test_loss: 0.45085 
train_loss: 0.448611 
test_loss: 0.449771 
train_loss: 0.454232 
test_loss: 0.448628 
train_loss: 0.442192 
test_loss: 0.44753 
train_loss: 0.446499 
test_loss: 0.446357 
train_loss: 0.443611 
test_loss: 0.445175 
train_loss: 0.449703 
test_loss: 0.443948 
train_loss: 0.450902 
test_loss: 0.442723 
train_loss: 0.434294 
test_loss: 0.441454 
train_loss: 0.43952 
test_loss: 0.44016 
train_loss: 0.433612 
test_loss: 0.438828 
train_loss: 0.437329 
test_loss: 0.437486 
train_loss: 0.440886 
test_loss: 0.436101 
train_loss: 0.433784 
test_loss: 0.434683 
train_loss: 0.433809 
test_loss: 0.433256 
train_loss: 0.433338 
test_loss: 0.431759 
train_loss: 0.431824 
test_loss: 0.430276 
train_loss: 0.430784 
test_loss: 0.428747 
train_loss: 0.42236 
test_loss: 0.427176 
train_loss: 0.426208 
test_loss: 0.42558 
train_loss: 0.422327 
test_loss: 0.423963 
train_loss: 0.414608 
test_loss: 0.422307 
train_loss: 0.419719 
test_loss: 0.420629 
train_loss: 0.41738 
test_loss: 0.418891 
train_loss: 0.418617 
test_loss: 0.417133 
train_loss: 0.41331 
test_loss: 0.415339 
train_loss: 0.411756 
test_loss: 0.413523 
train_loss: 0.404335 
test_loss: 0.411663 
train_loss: 0.40121 
test_loss: 0.409739 
train_loss: 0.406018 
test_loss: 0.407816 
train_loss: 0.403719 
test_loss: 0.405863 
train_loss: 0.401901 
test_loss: 0.403826 
train_loss: 0.399226 
test_loss: 0.401789 
train_loss: 0.401555 
test_loss: 0.399668 
train_loss: 0.397487 
test_loss: 0.397523 
train_loss: 0.394709 
test_loss: 0.395317 
train_loss: 0.389914 
test_loss: 0.393047 
train_loss: 0.395778 
test_loss: 0.390736 
train_loss: 0.386943 
test_loss: 0.388318 
train_loss: 0.385907 
test_loss: 0.385855 
train_loss: 0.3766 
test_loss: 0.383281 
train_loss: 0.376208 
test_loss: 0.38061 
train_loss: 0.37185 
test_loss: 0.377807 
train_loss: 0.374358 
test_loss: 0.374855 
train_loss: 0.371113 
test_loss: 0.371727 
train_loss: 0.365225 
test_loss: 0.368417 
train_loss: 0.363306 
test_loss: 0.364889 
train_loss: 0.367352 
test_loss: 0.361207 
train_loss: 0.35428 
test_loss: 0.357347 
train_loss: 0.35516 
test_loss: 0.35342 
train_loss: 0.349184 
test_loss: 0.349476 
train_loss: 0.344055 
test_loss: 0.345491 
train_loss: 0.338753 
test_loss: 0.341447 
train_loss: 0.336449 
test_loss: 0.337273 
train_loss: 0.330462 
test_loss: 0.332928 
train_loss: 0.332804 
test_loss: 0.328398 
train_loss: 0.32155 
test_loss: 0.323655 
train_loss: 0.316075 
test_loss: 0.318698 
train_loss: 0.311883 
test_loss: 0.313545 
train_loss: 0.30751 
test_loss: 0.308203 
train_loss: 0.305708 
test_loss: 0.302658 
train_loss: 0.300735 
test_loss: 0.296962 
train_loss: 0.290166 
test_loss: 0.291089 
train_loss: 0.287353 
test_loss: 0.285061 
train_loss: 0.281926 
test_loss: 0.278917 
train_loss: 0.267897 
test_loss: 0.272642 
train_loss: 0.265585 
test_loss: 0.266311 
train_loss: 0.261427 
test_loss: 0.259945 
train_loss: 0.250899 
test_loss: 0.253575 
train_loss: 0.244495 
test_loss: 0.247273 
train_loss: 0.236351 
test_loss: 0.241033 
train_loss: 0.236195 
test_loss: 0.234892 
train_loss: 0.224451 
test_loss: 0.228853 
train_loss: 0.221741 
test_loss: 0.222961 
train_loss: 0.211399 
test_loss: 0.217221 
train_loss: 0.209429 
test_loss: 0.211642 
train_loss: 0.207044 
test_loss: 0.206215 
train_loss: 0.196523 
test_loss: 0.20093 
train_loss: 0.196579 
test_loss: 0.195804 
train_loss: 0.196236 
test_loss: 0.190811 
train_loss: 0.183141 
test_loss: 0.185969 
train_loss: 0.178633 
test_loss: 0.18123 
train_loss: 0.174238 
test_loss: 0.176635 
train_loss: 0.17153 
test_loss: 0.172173 
train_loss: 0.165161 
test_loss: 0.167846 
train_loss: 0.163235 
test_loss: 0.163639 
train_loss: 0.158253 
test_loss: 0.159575 
train_loss: 0.159831 
test_loss: 0.155641 
train_loss: 0.150916 
test_loss: 0.151828 
train_loss: 0.148434 
test_loss: 0.14818 
train_loss: 0.143206 
test_loss: 0.144684 
train_loss: 0.141944 
test_loss: 0.141342 
train_loss: 0.141138 
test_loss: 0.138162 
train_loss: 0.133462 
test_loss: 0.135156 
train_loss: 0.132686 
test_loss: 0.132334 
train_loss: 0.129874 
test_loss: 0.129701 
train_loss: 0.124707 
test_loss: 0.127248 
train_loss: 0.130392 
test_loss: 0.124986 
train_loss: 0.119854 
test_loss: 0.122896 
train_loss: 0.11999 
test_loss: 0.120991 
train_loss: 0.116615 
test_loss: 0.119244 
train_loss: 0.11491 
test_loss: 0.117683 
train_loss: 0.112277 
test_loss: 0.116261 
train_loss: 0.115811 
test_loss: 0.11496 
train_loss: 0.114633 
test_loss: 0.113815 
train_loss: 0.11275 
test_loss: 0.112792 
train_loss: 0.107989 
test_loss: 0.111879 
train_loss: 0.109821 
test_loss: 0.111075 
train_loss: 0.11174 
test_loss: 0.110362 
train_loss: 0.107498 
test_loss: 0.109734 
train_loss: 0.10457 
test_loss: 0.10919 
train_loss: 0.10795 
test_loss: 0.108724 
train_loss: 0.108484 
test_loss: 0.108294 
train_loss: 0.105919 
test_loss: 0.107925 
train_loss: 0.107789 
test_loss: 0.10762 
train_loss: 0.107169 
test_loss: 0.107327 
train_loss: 0.108816 
test_loss: 0.107092 
train_loss: 0.108464 
test_loss: 0.106883 
train_loss: 0.104061 
test_loss: 0.106708 
train_loss: 0.10511 
test_loss: 0.106536 
train_loss: 0.106505 
test_loss: 0.106421 
train_loss: 0.105633 
test_loss: 0.106288 
train_loss: 0.104103 
test_loss: 0.106183 
train_loss: 0.107744 
test_loss: 0.106085 
train_loss: 0.105863 
test_loss: 0.106001 
train_loss: 0.103306 
test_loss: 0.105925 
train_loss: 0.102261 
test_loss: 0.10587 
train_loss: 0.106024 
test_loss: 0.105808 
train_loss: 0.104368 
test_loss: 0.105756 
train_loss: 0.0996599 
test_loss: 0.105713 
train_loss: 0.105221 
test_loss: 0.105659 
train_loss: 0.105156 
test_loss: 0.10562 
train_loss: 0.108396 
test_loss: 0.105582 
train_loss: 0.10335 
test_loss: 0.105546 
train_loss: 0.101835 
test_loss: 0.105502 
train_loss: 0.106084 
test_loss: 0.105457 
train_loss: 0.0985915 
test_loss: 0.105436 
train_loss: 0.101501 
test_loss: 0.105393 
train_loss: 0.103522 
test_loss: 0.105361 
train_loss: 0.103288 
test_loss: 0.105331 
train_loss: 0.103165 
test_loss: 0.105298 
train_loss: 0.105498 
test_loss: 0.105283 
train_loss: 0.104527 
test_loss: 0.105231 
train_loss: 0.106106 
test_loss: 0.105202 
train_loss: 0.10341 
test_loss: 0.105167 
train_loss: 0.104491 
test_loss: 0.105132 
train_loss: 0.108503 
test_loss: 0.105094 
train_loss: 0.101541 
test_loss: 0.105045 
train_loss: 0.10436 
test_loss: 0.105057 
train_loss: 0.10284 
test_loss: 0.104985 
train_loss: 0.10414 
test_loss: 0.104969 
train_loss: 0.105258 
test_loss: 0.104932 
train_loss: 0.107349 
test_loss: 0.104887 
train_loss: 0.102367 
test_loss: 0.104841 
train_loss: 0.101805 
test_loss: 0.104813 
train_loss: 0.10117 
test_loss: 0.104762 
train_loss: 0.0996362 
test_loss: 0.104722 
train_loss: 0.10398 
test_loss: 0.104671 
train_loss: 0.100372 
test_loss: 0.104644 
train_loss: 0.105352 
test_loss: 0.104608 
train_loss: 0.0999086 
test_loss: 0.10455 
train_loss: 0.101241 
test_loss: 0.104522 
train_loss: 0.102087 
test_loss: 0.104465 
train_loss: 0.0990687 
test_loss: 0.104419 
train_loss: 0.10079 
test_loss: 0.104365 
train_loss: 0.101336 
test_loss: 0.10432 
train_loss: 0.103033 
test_loss: 0.104256 
train_loss: 0.102889 
test_loss: 0.104229 
train_loss: 0.104507 
test_loss: 0.104166 
train_loss: 0.108574 
test_loss: 0.104131 
train_loss: 0.105657 
test_loss: 0.104064 
train_loss: 0.103225 
test_loss: 0.104012 
train_loss: 0.104146 
test_loss: 0.103958 
train_loss: 0.0977717 
test_loss: 0.103907 
train_loss: 0.105994 
test_loss: 0.103899 
train_loss: 0.0981441 
test_loss: 0.103784 
train_loss: 0.098966 
test_loss: 0.103719 
train_loss: 0.0990415 
test_loss: 0.103672 
train_loss: 0.10166 
test_loss: 0.103623 
train_loss: 0.10323 
test_loss: 0.103557 
train_loss: 0.100895 
test_loss: 0.10348 
train_loss: 0.102351 
test_loss: 0.103443 
train_loss: 0.0983584 
test_loss: 0.103352 
train_loss: 0.100651 
test_loss: 0.103263 
train_loss: 0.103588 
test_loss: 0.103212 
train_loss: 0.0998394 
test_loss: 0.103154 
train_loss: 0.0985434 
test_loss: 0.103078 
train_loss: 0.0999236 
test_loss: 0.103008 
train_loss: 0.0997721 
test_loss: 0.102918 
train_loss: 0.0992741 
test_loss: 0.102878 
train_loss: 0.100497 
test_loss: 0.102731 
train_loss: 0.0991521 
test_loss: 0.102692 
train_loss: 0.102764 
test_loss: 0.102569 
train_loss: 0.104457 
test_loss: 0.102511 
train_loss: 0.1042 
test_loss: 0.102399 
train_loss: 0.101985 
test_loss: 0.102298 
train_loss: 0.0985608 
test_loss: 0.102224 
train_loss: 0.101731 
test_loss: 0.102091 
train_loss: 0.100613 
test_loss: 0.102008 
train_loss: 0.0984415 
test_loss: 0.101897 
train_loss: 0.102661 
test_loss: 0.101769 
train_loss: 0.100691 
test_loss: 0.101651 
train_loss: 0.10105 
test_loss: 0.101517 
train_loss: 0.0967415 
test_loss: 0.101419 
train_loss: 0.10095 
test_loss: 0.101249 
train_loss: 0.101954 
test_loss: 0.101102 
train_loss: 0.100475 
test_loss: 0.100932 
train_loss: 0.10213 
test_loss: 0.10078 
train_loss: 0.0972279 
test_loss: 0.100573 
train_loss: 0.0986884 
test_loss: 0.100376 
train_loss: 0.100366 
test_loss: 0.100149 
train_loss: 0.0989777 
test_loss: 0.099929 
train_loss: 0.100556 
test_loss: 0.099636 
train_loss: 0.0951491 
test_loss: 0.0993715 
train_loss: 0.100842 
test_loss: 0.0990301 
train_loss: 0.0999321 
test_loss: 0.0987389 
train_loss: 0.09505 
test_loss: 0.0983637 
train_loss: 0.0972732 
test_loss: 0.0979824 
train_loss: 0.094147 
test_loss: 0.097664 
train_loss: 0.0950263 
test_loss: 0.0972018 
train_loss: 0.097578 
test_loss: 0.0968233 
train_loss: 0.0986009 
test_loss: 0.0963198 
train_loss: 0.0911593 
test_loss: 0.0959044 
train_loss: 0.0964331 
test_loss: 0.0954358 
train_loss: 0.091697 
test_loss: 0.0948372 
train_loss: 0.0924356 
test_loss: 0.0942846 
train_loss: 0.0897567 
test_loss: 0.0937101 
train_loss: 0.0916606 
test_loss: 0.0930765 
train_loss: 0.0900978 
test_loss: 0.0924071 
train_loss: 0.0922422 
test_loss: 0.0917689 
train_loss: 0.090648 
test_loss: 0.0910193 
train_loss: 0.0840682 
test_loss: 0.0903248 
train_loss: 0.0886584 
test_loss: 0.0894968 
train_loss: 0.0874978 
test_loss: 0.0887297 
train_loss: 0.0878415 
test_loss: 0.0879739 
train_loss: 0.0866951 
test_loss: 0.0870845 
train_loss: 0.0843749 
test_loss: 0.0862451 
train_loss: 0.0861298 
test_loss: 0.0855093 
train_loss: 0.082887 
test_loss: 0.0847457 
train_loss: 0.0819817 
test_loss: 0.0838851 
train_loss: 0.0850233 
test_loss: 0.0831516 
train_loss: 0.0797607 
test_loss: 0.0823049 
train_loss: 0.0810303 
test_loss: 0.08145 
train_loss: 0.0832322 
test_loss: 0.0806436 
train_loss: 0.0815614 
test_loss: 0.0799796 
train_loss: 0.0763392 
test_loss: 0.0792123 
train_loss: 0.0767678 
test_loss: 0.0784104 
train_loss: 0.0766839 
test_loss: 0.0778515 
train_loss: 0.0768891 
test_loss: 0.0771235 
train_loss: 0.0757976 
test_loss: 0.0765561 
train_loss: 0.0752128 
test_loss: 0.076024 
train_loss: 0.0732827 
test_loss: 0.0754722 
train_loss: 0.0737529 
test_loss: 0.0748933 
train_loss: 0.0713726 
test_loss: 0.0743817 
train_loss: 0.0736339 
test_loss: 0.0737674 
train_loss: 0.0702342 
test_loss: 0.0731577 
train_loss: 0.0696837 
test_loss: 0.0725248 
train_loss: 0.0715195 
test_loss: 0.0720016 
train_loss: 0.0683877 
test_loss: 0.0713115 
train_loss: 0.0699822 
test_loss: 0.0707964 
train_loss: 0.0681436 
test_loss: 0.0702219 
train_loss: 0.0682757 
test_loss: 0.069728 
train_loss: 0.0673325 
test_loss: 0.0695222 
train_loss: 0.0690881 
test_loss: 0.0688222 
train_loss: 0.0653118 
test_loss: 0.0681309 
train_loss: 0.0639237 
test_loss: 0.0677376 
train_loss: 0.0675942 
test_loss: 0.0673856 
train_loss: 0.0642104 
test_loss: 0.0669946 
train_loss: 0.0659154 
test_loss: 0.0666526 
train_loss: 0.0676245 
test_loss: 0.0662477 
train_loss: 0.0637966 
test_loss: 0.0658991 
train_loss: 0.06922 
test_loss: 0.0656658 
train_loss: 0.0662374 
test_loss: 0.0654694 
train_loss: 0.0657351 
test_loss: 0.0651712 
train_loss: 0.0619038 
test_loss: 0.0649811 
train_loss: 0.0678944 
test_loss: 0.064668 
train_loss: 0.0632732 
test_loss: 0.0644765 
train_loss: 0.0621976 
test_loss: 0.064375 
train_loss: 0.0647007 
test_loss: 0.064106 
train_loss: 0.0612536 
test_loss: 0.0639654 
train_loss: 0.0650651 
test_loss: 0.0638619 
train_loss: 0.0619688 
test_loss: 0.0636884 
train_loss: 0.0614636 
test_loss: 0.0636737 
train_loss: 0.0587442 
test_loss: 0.0634208 
train_loss: 0.0589247 
test_loss: 0.0633316 
train_loss: 0.0619865 
test_loss: 0.0633151 
train_loss: 0.0612855 
test_loss: 0.0630153 
train_loss: 0.0622898 
test_loss: 0.0628683 
train_loss: 0.0641758 
test_loss: 0.0627562 
train_loss: 0.0588425 
test_loss: 0.0626807 
train_loss: 0.0613805 
test_loss: 0.0626982 
train_loss: 0.0601791 
test_loss: 0.0626748 
train_loss: 0.0611013 
test_loss: 0.0623007 
train_loss: 0.0617049 
test_loss: 0.0623773 
train_loss: 0.0577425 
test_loss: 0.0622577 
train_loss: 0.0589268 
test_loss: 0.0619819 
train_loss: 0.0637841 
test_loss: 0.0619367 
train_loss: 0.0605287 
test_loss: 0.0618088 
train_loss: 0.0578059 
test_loss: 0.0617992 
train_loss: 0.0588995 
test_loss: 0.061705 
train_loss: 0.058768 
test_loss: 0.061464 
train_loss: 0.0575099 
test_loss: 0.0612505 
train_loss: 0.0603239 
test_loss: 0.0613256 
train_loss: 0.0607504 
test_loss: 0.0611884 
train_loss: 0.0601052 
test_loss: 0.0609956 
train_loss: 0.0614122 
test_loss: 0.0609492 
train_loss: 0.0631765 
test_loss: 0.0606854 
train_loss: 0.0597187 
test_loss: 0.0605919 
train_loss: 0.0591709 
test_loss: 0.060578 
train_loss: 0.0610563 
test_loss: 0.0603146 
train_loss: 0.06067 
test_loss: 0.0603967 
train_loss: 0.0594022 
test_loss: 0.0598168 
train_loss: 0.0591926 
test_loss: 0.0597035 
train_loss: 0.0597953 
test_loss: 0.059699 
train_loss: 0.0589452 
test_loss: 0.059672 
train_loss: 0.058932 
test_loss: 0.0591789 
train_loss: 0.0581042 
test_loss: 0.0592215 
train_loss: 0.0579685 
test_loss: 0.0587263 
train_loss: 0.0563711 
test_loss: 0.058541 
train_loss: 0.0546511 
test_loss: 0.0580722 
train_loss: 0.0547281 
test_loss: 0.057265 
train_loss: 0.0559469 
test_loss: 0.0574621 
train_loss: 0.0535211 
test_loss: 0.057243 
train_loss: 0.055336 
test_loss: 0.0558331 
train_loss: 0.0540434 
test_loss: 0.0563508 
train_loss: 0.0535669 
test_loss: 0.0549962 
train_loss: 0.0523122 
test_loss: 0.0545713 
train_loss: 0.0515357 
test_loss: 0.0547897 
train_loss: 0.0532938 
test_loss: 0.0524098 
train_loss: 0.0493818 
test_loss: 0.0510253 
train_loss: 0.0490769 
test_loss: 0.0502725 
train_loss: 0.0489865 
test_loss: 0.0522472 
train_loss: 0.0444162 
test_loss: 0.0479782 
train_loss: 0.0458323 
test_loss: 0.0480213 
train_loss: 0.0431048 
test_loss: 0.0447036 
train_loss: 0.0422734 
test_loss: 0.0433472 
train_loss: 0.0449458 
test_loss: 0.0416307 
train_loss: 0.0371411 
test_loss: 0.0389095 
train_loss: 0.0348032 
test_loss: 0.0391267 
train_loss: 0.034637 
test_loss: 0.0364219 
train_loss: 0.0339945 
test_loss: 0.0359769 
train_loss: 0.0380534 
test_loss: 0.0384604 
train_loss: 0.0358711 
test_loss: 0.0329006 
train_loss: 0.0293333 
test_loss: 0.0315924 
train_loss: 0.0280181 
test_loss: 0.0305312 
train_loss: 0.028938 
test_loss: 0.0304892 
train_loss: 0.0267825 
test_loss: 0.0281176 
train_loss: 0.026477 
test_loss: 0.0277871 
train_loss: 0.0264749 
test_loss: 0.0275092 
train_loss: 0.0249012 
test_loss: 0.0268777 
train_loss: 0.0257867 
test_loss: 0.0256999 
train_loss: 0.0246119 
test_loss: 0.0255861 
train_loss: 0.0236736 
test_loss: 0.0248457 
train_loss: 0.0254221 
test_loss: 0.0246574 
train_loss: 0.0269096 
test_loss: 0.0240679 
train_loss: 0.0215239 
test_loss: 0.0239607 
train_loss: 0.0204345 
test_loss: 0.0241017 
train_loss: 0.0214432 
test_loss: 0.0234252 
train_loss: 0.0218465 
test_loss: 0.0226762 
train_loss: 0.0213903 
test_loss: 0.0226503 
train_loss: 0.0208723 
test_loss: 0.0216459 
train_loss: 0.0216834 
test_loss: 0.0218079 
train_loss: 0.0189429 
test_loss: 0.0228732 
train_loss: 0.0203665 
test_loss: 0.0221355 
train_loss: 0.0208895 
test_loss: 0.0203507 
train_loss: 0.0193069 
test_loss: 0.0201219 
train_loss: 0.0179081 
test_loss: 0.019952 
train_loss: 0.0176274 
test_loss: 0.0195855 
train_loss: 0.0188221 
test_loss: 0.0193296 
train_loss: 0.016444 
test_loss: 0.0189458 
train_loss: 0.0187536 
test_loss: 0.018779 
train_loss: 0.0206693 
test_loss: 0.0190642 
train_loss: 0.0175218 
test_loss: 0.0191008 
train_loss: 0.0166458 
test_loss: 0.0180506 
train_loss: 0.0164437 
test_loss: 0.0179514 
train_loss: 0.0173791 
test_loss: 0.020195 
train_loss: 0.0174452 
test_loss: 0.0179246 
train_loss: 0.016351 
test_loss: 0.0173552 
train_loss: 0.0167889 
test_loss: 0.0170041 
train_loss: 0.0172154 
test_loss: 0.0171522 
train_loss: 0.0158206 
test_loss: 0.0180754 
train_loss: 0.0159352 
test_loss: 0.0167125 
train_loss: 0.0181595 
test_loss: 0.0165997 
train_loss: 0.016179 
test_loss: 0.0175165 
train_loss: 0.0156472 
test_loss: 0.0159426 
train_loss: 0.0155547 
test_loss: 0.0161377 
train_loss: 0.0178763 
test_loss: 0.017093 
train_loss: 0.0176032 
test_loss: 0.0168421 
train_loss: 0.0143548 
test_loss: 0.0158323 
train_loss: 0.0163658 
test_loss: 0.0156194 
train_loss: 0.014196 
test_loss: 0.0152927 
train_loss: 0.0140999 
test_loss: 0.0152682 
train_loss: 0.0170838 
test_loss: 0.0149085 
train_loss: 0.0135752 
test_loss: 0.0148055 
train_loss: 0.0139517 
test_loss: 0.0144736 
train_loss: 0.014595 
test_loss: 0.0143307 
train_loss: 0.0129992 
test_loss: 0.0146255 
train_loss: 0.0127429 
test_loss: 0.0146201 
train_loss: 0.0141547 
test_loss: 0.0154934 
train_loss: 0.0129184 
test_loss: 0.0140074 
train_loss: 0.0130677 
test_loss: 0.0137631 
train_loss: 0.012384 
test_loss: 0.0140952 
train_loss: 0.0133477 
test_loss: 0.0145612 
train_loss: 0.0129239 
test_loss: 0.013644 
train_loss: 0.0128562 
test_loss: 0.0131369 
train_loss: 0.012763 
test_loss: 0.0141542 
train_loss: 0.0122125 
test_loss: 0.013468 
train_loss: 0.0128826 
test_loss: 0.013102 
train_loss: 0.0123173 
test_loss: 0.0134212 
train_loss: 0.012876 
test_loss: 0.0130492 
train_loss: 0.0116769 
test_loss: 0.0130186 
train_loss: 0.0118446 
test_loss: 0.0132788 
train_loss: 0.0119009 
test_loss: 0.0136181 
train_loss: 0.01332 
test_loss: 0.0128353 
train_loss: 0.0118186 
test_loss: 0.0124971 
train_loss: 0.0117882 
test_loss: 0.0124965 
train_loss: 0.0120903 
test_loss: 0.0123756 
train_loss: 0.0118048 
test_loss: 0.0120495 
train_loss: 0.0120924 
test_loss: 0.0127329 
train_loss: 0.01325 
test_loss: 0.0127841 
train_loss: 0.011255 
test_loss: 0.0123133 
train_loss: 0.0112021 
test_loss: 0.0126701 
train_loss: 0.0122072 
test_loss: 0.0123301 
train_loss: 0.0114618 
test_loss: 0.0126576 
train_loss: 0.0120143 
test_loss: 0.0120958 
train_loss: 0.0112943 
test_loss: 0.0118174 
train_loss: 0.0115513 
test_loss: 0.0121361 
train_loss: 0.0115335 
test_loss: 0.0126207 
train_loss: 0.0116553 
test_loss: 0.0121845 
train_loss: 0.0102214 
test_loss: 0.0115314 
train_loss: 0.0100399 
test_loss: 0.0120463 
train_loss: 0.0104852 
test_loss: 0.0118811 
train_loss: 0.0104424 
test_loss: 0.0122718 
train_loss: 0.0107606 
test_loss: 0.0124705 
train_loss: 0.0108197 
test_loss: 0.0114971 
train_loss: 0.0100353 
test_loss: 0.0127126 
train_loss: 0.0104915 
test_loss: 0.0114109 
train_loss: 0.0103596 
test_loss: 0.0115276 
train_loss: 0.00993431 
test_loss: 0.0112197 
train_loss: 0.00926282 
test_loss: 0.011798 
train_loss: 0.0108774 
test_loss: 0.0111444 
train_loss: 0.0108146 
test_loss: 0.0113893 
train_loss: 0.010896 
test_loss: 0.0116805 
train_loss: 0.01159 
test_loss: 0.0111963 
train_loss: 0.0101276 
test_loss: 0.010829 
train_loss: 0.0103624 
test_loss: 0.0109504 
train_loss: 0.0106908 
test_loss: 0.0114628 
train_loss: 0.0111181 
test_loss: 0.0110968 
train_loss: 0.0110164 
test_loss: 0.0115116 
