train_loss: 0.058546 
test_loss: 0.058983 
train_loss: 0.039197 
test_loss: 0.039413 
train_loss: 0.033488 
test_loss: 0.034720 
train_loss: 0.031796 
test_loss: 0.032239 
train_loss: 0.030936 
test_loss: 0.031371 
train_loss: 0.031011 
test_loss: 0.030903 
train_loss: 0.029244 
test_loss: 0.029493 
train_loss: 0.028619 
test_loss: 0.028633 
train_loss: 0.027054 
test_loss: 0.027505 
train_loss: 0.025915 
test_loss: 0.025046 
train_loss: 0.022899 
test_loss: 0.022782 
train_loss: 0.020809 
test_loss: 0.020982 
train_loss: 0.019142 
test_loss: 0.019228 
train_loss: 0.016986 
test_loss: 0.017328 
train_loss: 0.015451 
test_loss: 0.016191 
train_loss: 0.016502 
test_loss: 0.016540 
train_loss: 0.013648 
test_loss: 0.013553 
train_loss: 0.013387 
test_loss: 0.013650 
train_loss: 0.013877 
test_loss: 0.014238 
train_loss: 0.012181 
test_loss: 0.012282 
train_loss: 0.011454 
test_loss: 0.012141 
train_loss: 0.011016 
test_loss: 0.011699 
train_loss: 0.011588 
test_loss: 0.011864 
train_loss: 0.010610 
test_loss: 0.011999 
train_loss: 0.011027 
test_loss: 0.011754 
train_loss: 0.009802 
test_loss: 0.009955 
train_loss: 0.010945 
test_loss: 0.010835 
train_loss: 0.009902 
test_loss: 0.010155 
train_loss: 0.009460 
test_loss: 0.009729 
train_loss: 0.009079 
test_loss: 0.009807 
train_loss: 0.009167 
test_loss: 0.009274 
train_loss: 0.009372 
test_loss: 0.009226 
train_loss: 0.009029 
test_loss: 0.009517 
train_loss: 0.008405 
test_loss: 0.008474 
train_loss: 0.009381 
test_loss: 0.009473 
train_loss: 0.008480 
test_loss: 0.008813 
train_loss: 0.008256 
test_loss: 0.008658 
train_loss: 0.008615 
test_loss: 0.009039 
train_loss: 0.008245 
test_loss: 0.008281 
train_loss: 0.008814 
test_loss: 0.008425 
train_loss: 0.009314 
test_loss: 0.008941 
train_loss: 0.008963 
test_loss: 0.008568 
train_loss: 0.008362 
test_loss: 0.007895 
train_loss: 0.007492 
test_loss: 0.007896 
train_loss: 0.008121 
test_loss: 0.007971 
train_loss: 0.007800 
test_loss: 0.008046 
train_loss: 0.007612 
test_loss: 0.007407 
train_loss: 0.007926 
test_loss: 0.008036 
train_loss: 0.007162 
test_loss: 0.008254 
train_loss: 0.007072 
test_loss: 0.007415 
train_loss: 0.007542 
test_loss: 0.007500 
train_loss: 0.007162 
test_loss: 0.007695 
train_loss: 0.007742 
test_loss: 0.008931 
train_loss: 0.007600 
test_loss: 0.007510 
train_loss: 0.007236 
test_loss: 0.007529 
train_loss: 0.007778 
test_loss: 0.007605 
train_loss: 0.007157 
test_loss: 0.007603 
train_loss: 0.007221 
test_loss: 0.007072 
train_loss: 0.007430 
test_loss: 0.006744 
train_loss: 0.006836 
test_loss: 0.007469 
train_loss: 0.006608 
test_loss: 0.007072 
train_loss: 0.007103 
test_loss: 0.007165 
train_loss: 0.006536 
test_loss: 0.007195 
train_loss: 0.007324 
test_loss: 0.007619 
train_loss: 0.007261 
test_loss: 0.007829 
train_loss: 0.006414 
test_loss: 0.006709 
train_loss: 0.006513 
test_loss: 0.007165 
train_loss: 0.007289 
test_loss: 0.007055 
train_loss: 0.006429 
test_loss: 0.006549 
train_loss: 0.006702 
test_loss: 0.007168 
train_loss: 0.006772 
test_loss: 0.007637 
