train_loss: 0.789235 
test_loss: 0.784957 
train_loss: 0.763524 
test_loss: 0.75604 
train_loss: 0.731704 
test_loss: 0.736838 
train_loss: 0.708044 
test_loss: 0.712408 
train_loss: 0.688282 
test_loss: 0.683887 
train_loss: 0.667859 
test_loss: 0.66175 
train_loss: 0.643288 
test_loss: 0.644065 
train_loss: 0.630745 
test_loss: 0.627715 
train_loss: 0.611019 
test_loss: 0.611289 
train_loss: 0.593178 
test_loss: 0.59415 
train_loss: 0.579713 
test_loss: 0.575635 
train_loss: 0.552338 
test_loss: 0.555597 
train_loss: 0.533538 
test_loss: 0.533585 
train_loss: 0.505775 
test_loss: 0.507376 
train_loss: 0.469058 
test_loss: 0.473615 
train_loss: 0.426338 
test_loss: 0.429605 
train_loss: 0.377076 
test_loss: 0.377712 
train_loss: 0.325138 
test_loss: 0.325669 
train_loss: 0.283336 
test_loss: 0.28212 
train_loss: 0.250603 
test_loss: 0.251496 
train_loss: 0.233949 
test_loss: 0.231853 
train_loss: 0.217395 
test_loss: 0.218857 
train_loss: 0.211312 
test_loss: 0.209814 
train_loss: 0.201867 
test_loss: 0.20299 
train_loss: 0.198613 
test_loss: 0.197513 
train_loss: 0.192245 
test_loss: 0.1927 
train_loss: 0.18702 
test_loss: 0.188307 
train_loss: 0.183287 
test_loss: 0.184108 
train_loss: 0.179495 
test_loss: 0.179993 
train_loss: 0.173933 
test_loss: 0.175768 
train_loss: 0.170415 
test_loss: 0.17144 
train_loss: 0.165541 
test_loss: 0.166938 
train_loss: 0.162878 
test_loss: 0.162163 
train_loss: 0.154119 
test_loss: 0.157153 
train_loss: 0.149594 
test_loss: 0.151904 
train_loss: 0.145793 
test_loss: 0.146484 
train_loss: 0.139704 
test_loss: 0.140835 
train_loss: 0.134924 
test_loss: 0.134726 
train_loss: 0.127723 
test_loss: 0.128241 
train_loss: 0.123449 
test_loss: 0.121683 
train_loss: 0.114896 
test_loss: 0.11565 
train_loss: 0.111323 
test_loss: 0.110718 
train_loss: 0.107289 
test_loss: 0.107046 
train_loss: 0.104534 
test_loss: 0.104234 
train_loss: 0.101867 
test_loss: 0.102261 
train_loss: 0.101915 
test_loss: 0.100686 
train_loss: 0.100385 
test_loss: 0.0995108 
train_loss: 0.0985352 
test_loss: 0.0986504 
train_loss: 0.0982164 
test_loss: 0.0978605 
train_loss: 0.0968616 
test_loss: 0.0972295 
train_loss: 0.096354 
test_loss: 0.0967078 
train_loss: 0.0949107 
test_loss: 0.096248 
train_loss: 0.0962516 
test_loss: 0.095894 
train_loss: 0.0966105 
test_loss: 0.0955774 
train_loss: 0.096691 
test_loss: 0.0952752 
train_loss: 0.0937441 
test_loss: 0.0949996 
train_loss: 0.0932937 
test_loss: 0.094809 
train_loss: 0.0969229 
test_loss: 0.0945377 
train_loss: 0.0952397 
test_loss: 0.0943504 
train_loss: 0.0942891 
test_loss: 0.0941775 
train_loss: 0.0935778 
test_loss: 0.0939604 
train_loss: 0.0941208 
test_loss: 0.0937644 
train_loss: 0.0935408 
test_loss: 0.0935973 
train_loss: 0.0917668 
test_loss: 0.0934026 
train_loss: 0.0913596 
test_loss: 0.0932538 
train_loss: 0.0942374 
test_loss: 0.0930979 
train_loss: 0.0937086 
test_loss: 0.092992 
train_loss: 0.0916486 
test_loss: 0.0928546 
train_loss: 0.0935958 
test_loss: 0.0927603 
train_loss: 0.0906624 
test_loss: 0.0925748 
train_loss: 0.0938063 
test_loss: 0.0924624 
train_loss: 0.0905124 
test_loss: 0.0923385 
train_loss: 0.0919554 
test_loss: 0.0922308 
train_loss: 0.0915234 
test_loss: 0.092146 
train_loss: 0.0911341 
test_loss: 0.0920466 
train_loss: 0.0913398 
test_loss: 0.0919044 
train_loss: 0.0914364 
test_loss: 0.0918317 
train_loss: 0.091509 
test_loss: 0.0916282 
train_loss: 0.0898736 
test_loss: 0.0914868 
train_loss: 0.0902352 
test_loss: 0.0913201 
train_loss: 0.0919386 
test_loss: 0.091213 
train_loss: 0.0910187 
test_loss: 0.0909894 
train_loss: 0.0918202 
test_loss: 0.0906979 
train_loss: 0.0898254 
test_loss: 0.0903189 
train_loss: 0.0907861 
test_loss: 0.0898621 
train_loss: 0.0889217 
test_loss: 0.0898492 
train_loss: 0.0872136 
test_loss: 0.0893731 
train_loss: 0.0883356 
test_loss: 0.0890743 
train_loss: 0.0889814 
test_loss: 0.088911 
train_loss: 0.0879813 
test_loss: 0.0885504 
train_loss: 0.0902007 
test_loss: 0.0883451 
train_loss: 0.0890623 
test_loss: 0.0881339 
train_loss: 0.0846951 
test_loss: 0.0879903 
train_loss: 0.0879207 
test_loss: 0.0875903 
train_loss: 0.0886532 
test_loss: 0.0873889 
train_loss: 0.0870367 
test_loss: 0.0873804 
train_loss: 0.0862699 
test_loss: 0.0870056 
train_loss: 0.0883376 
test_loss: 0.0867274 
train_loss: 0.0873894 
test_loss: 0.0866174 
train_loss: 0.0856736 
test_loss: 0.0863654 
train_loss: 0.0848107 
test_loss: 0.0862675 
train_loss: 0.0849365 
test_loss: 0.0861556 
train_loss: 0.0852967 
test_loss: 0.0859471 
train_loss: 0.0852903 
test_loss: 0.0859939 
train_loss: 0.0847858 
test_loss: 0.0857937 
train_loss: 0.0840171 
test_loss: 0.0856411 
train_loss: 0.0841429 
test_loss: 0.0853737 
train_loss: 0.0875729 
test_loss: 0.0853313 
train_loss: 0.0866862 
test_loss: 0.0855286 
train_loss: 0.0834318 
test_loss: 0.0850039 
train_loss: 0.0843545 
test_loss: 0.0848075 
train_loss: 0.0836246 
test_loss: 0.0849535 
train_loss: 0.0836235 
test_loss: 0.0844819 
train_loss: 0.0838413 
test_loss: 0.0843411 
train_loss: 0.0860469 
test_loss: 0.0842559 
train_loss: 0.0839475 
test_loss: 0.0842815 
train_loss: 0.0850151 
test_loss: 0.0839585 
train_loss: 0.082366 
test_loss: 0.0838537 
train_loss: 0.0849614 
test_loss: 0.0835512 
train_loss: 0.083671 
test_loss: 0.0833701 
train_loss: 0.0827418 
test_loss: 0.0832815 
train_loss: 0.0821289 
test_loss: 0.0830861 
train_loss: 0.0836406 
test_loss: 0.0829631 
train_loss: 0.0822686 
test_loss: 0.0825675 
train_loss: 0.0805345 
test_loss: 0.0821874 
train_loss: 0.0825389 
test_loss: 0.0820453 
train_loss: 0.0801616 
test_loss: 0.0819335 
train_loss: 0.0817224 
test_loss: 0.0817306 
train_loss: 0.0808836 
test_loss: 0.0813126 
train_loss: 0.0778291 
test_loss: 0.0813392 
train_loss: 0.0822411 
test_loss: 0.0806433 
train_loss: 0.0807746 
test_loss: 0.0813137 
train_loss: 0.0811035 
test_loss: 0.0803252 
train_loss: 0.0800284 
test_loss: 0.0803313 
train_loss: 0.07937 
test_loss: 0.080038 
train_loss: 0.07923 
test_loss: 0.0797466 
train_loss: 0.0776377 
test_loss: 0.0794722 
train_loss: 0.079748 
test_loss: 0.0793809 
train_loss: 0.0792965 
test_loss: 0.0790633 
train_loss: 0.0799103 
test_loss: 0.0787922 
train_loss: 0.0788259 
test_loss: 0.0786014 
train_loss: 0.0784959 
test_loss: 0.0784657 
train_loss: 0.0786881 
test_loss: 0.078058 
train_loss: 0.0780266 
test_loss: 0.077752 
train_loss: 0.0758428 
test_loss: 0.0771377 
train_loss: 0.0780228 
test_loss: 0.0775888 
train_loss: 0.0758578 
test_loss: 0.0764355 
train_loss: 0.0766904 
test_loss: 0.0759533 
train_loss: 0.0750238 
test_loss: 0.0757801 
train_loss: 0.0740285 
test_loss: 0.0756835 
train_loss: 0.0763854 
test_loss: 0.0751171 
train_loss: 0.0746454 
test_loss: 0.0748816 
train_loss: 0.0737023 
test_loss: 0.074943 
train_loss: 0.0751367 
test_loss: 0.0742972 
train_loss: 0.0733864 
test_loss: 0.0743447 
train_loss: 0.0725746 
test_loss: 0.0733456 
train_loss: 0.0727964 
test_loss: 0.072844 
train_loss: 0.0719549 
test_loss: 0.0723999 
train_loss: 0.0704176 
test_loss: 0.0719002 
train_loss: 0.0698178 
test_loss: 0.0711165 
train_loss: 0.0714687 
test_loss: 0.0703416 
train_loss: 0.0679293 
test_loss: 0.0679433 
train_loss: 0.0653049 
test_loss: 0.0655988 
train_loss: 0.0627369 
test_loss: 0.0638541 
train_loss: 0.059957 
test_loss: 0.0620405 
train_loss: 0.0584129 
test_loss: 0.060916 
train_loss: 0.0585507 
test_loss: 0.0593255 
train_loss: 0.0573448 
test_loss: 0.0579279 
train_loss: 0.0568706 
test_loss: 0.0564033 
train_loss: 0.0560334 
test_loss: 0.0552109 
train_loss: 0.0533922 
test_loss: 0.0548048 
train_loss: 0.0539413 
test_loss: 0.0538877 
train_loss: 0.054035 
test_loss: 0.0535473 
train_loss: 0.0533042 
test_loss: 0.0532334 
train_loss: 0.051881 
test_loss: 0.0531783 
train_loss: 0.0513872 
test_loss: 0.0516908 
train_loss: 0.0510998 
test_loss: 0.0519235 
train_loss: 0.05089 
test_loss: 0.051146 
train_loss: 0.0507171 
test_loss: 0.0508095 
train_loss: 0.0508335 
test_loss: 0.0512272 
train_loss: 0.0493658 
test_loss: 0.0504873 
train_loss: 0.0499907 
test_loss: 0.0499746 
train_loss: 0.0492023 
test_loss: 0.0499441 
train_loss: 0.0501188 
test_loss: 0.0502028 
train_loss: 0.0489838 
test_loss: 0.0494642 
train_loss: 0.0487942 
test_loss: 0.049546 
train_loss: 0.0485145 
test_loss: 0.0493255 
train_loss: 0.0498043 
test_loss: 0.0490769 
train_loss: 0.0489337 
test_loss: 0.0491165 
train_loss: 0.0480615 
test_loss: 0.0491126 
train_loss: 0.0479124 
test_loss: 0.048712 
train_loss: 0.0482281 
test_loss: 0.0486126 
train_loss: 0.0479126 
test_loss: 0.0489877 
train_loss: 0.0486919 
test_loss: 0.0482737 
train_loss: 0.048318 
test_loss: 0.0484984 
train_loss: 0.0471008 
test_loss: 0.0482818 
train_loss: 0.0485137 
test_loss: 0.0484206 
train_loss: 0.0477532 
test_loss: 0.0480582 
train_loss: 0.0478862 
test_loss: 0.0478483 
train_loss: 0.0479163 
test_loss: 0.0478943 
train_loss: 0.0473456 
test_loss: 0.0482446 
train_loss: 0.0468338 
test_loss: 0.0478859 
train_loss: 0.0477248 
test_loss: 0.0475617 
train_loss: 0.0474684 
test_loss: 0.0478254 
train_loss: 0.0483803 
test_loss: 0.0477099 
train_loss: 0.0481727 
test_loss: 0.0477192 
train_loss: 0.0477624 
test_loss: 0.0477678 
train_loss: 0.0462697 
test_loss: 0.0476947 
train_loss: 0.0479545 
test_loss: 0.0471378 
train_loss: 0.0464606 
test_loss: 0.0472765 
train_loss: 0.0469474 
test_loss: 0.0472173 
train_loss: 0.0468539 
test_loss: 0.0472312 
train_loss: 0.0483692 
test_loss: 0.047075 
train_loss: 0.0475033 
test_loss: 0.0471188 
train_loss: 0.0469125 
test_loss: 0.047214 
train_loss: 0.046463 
test_loss: 0.0470114 
train_loss: 0.0469652 
test_loss: 0.047071 
train_loss: 0.0454352 
test_loss: 0.0469636 
train_loss: 0.04684 
test_loss: 0.0471066 
train_loss: 0.0469856 
test_loss: 0.0471274 
train_loss: 0.0469837 
test_loss: 0.0471361 
train_loss: 0.0469127 
test_loss: 0.0471676 
train_loss: 0.0459921 
test_loss: 0.0467643 
train_loss: 0.0482853 
test_loss: 0.0470346 
train_loss: 0.0478942 
test_loss: 0.0472171 
train_loss: 0.0467884 
test_loss: 0.0467227 
train_loss: 0.0473998 
test_loss: 0.0477117 
train_loss: 0.0462729 
test_loss: 0.0467685 
train_loss: 0.045725 
test_loss: 0.046785 
train_loss: 0.0459585 
test_loss: 0.0469412 
train_loss: 0.0471359 
test_loss: 0.0466571 
train_loss: 0.0456239 
test_loss: 0.0468166 
train_loss: 0.0468354 
test_loss: 0.0468453 
train_loss: 0.046487 
test_loss: 0.0469102 
train_loss: 0.0468329 
test_loss: 0.0466393 
train_loss: 0.0472169 
test_loss: 0.0465562 
train_loss: 0.0467994 
test_loss: 0.0466627 
train_loss: 0.0466594 
test_loss: 0.0465389 
train_loss: 0.0467214 
test_loss: 0.0466078 
train_loss: 0.046004 
test_loss: 0.0467614 
train_loss: 0.0462135 
test_loss: 0.0465117 
train_loss: 0.0462057 
test_loss: 0.0465128 
train_loss: 0.0458932 
test_loss: 0.0464881 
train_loss: 0.0457359 
test_loss: 0.0464899 
train_loss: 0.0446904 
test_loss: 0.046816 
train_loss: 0.0446678 
test_loss: 0.0464303 
train_loss: 0.0451911 
test_loss: 0.0469428 
train_loss: 0.0476916 
test_loss: 0.0466749 
train_loss: 0.0455037 
test_loss: 0.0462785 
train_loss: 0.0458998 
test_loss: 0.0465673 
train_loss: 0.0458761 
test_loss: 0.0464534 
train_loss: 0.0463826 
test_loss: 0.0464244 
train_loss: 0.0457452 
test_loss: 0.0463369 
train_loss: 0.0474732 
test_loss: 0.0461599 
train_loss: 0.0460057 
test_loss: 0.0463015 
train_loss: 0.0457386 
test_loss: 0.0462451 
train_loss: 0.0435914 
test_loss: 0.0461113 
train_loss: 0.0452115 
test_loss: 0.0460557 
train_loss: 0.0452029 
test_loss: 0.0462314 
train_loss: 0.0453397 
test_loss: 0.0460231 
train_loss: 0.0452325 
test_loss: 0.0463533 
train_loss: 0.0462452 
test_loss: 0.0460904 
train_loss: 0.0447267 
test_loss: 0.0459177 
train_loss: 0.0449353 
test_loss: 0.0457825 
train_loss: 0.0457085 
test_loss: 0.045795 
train_loss: 0.0459265 
test_loss: 0.0457177 
train_loss: 0.0455985 
test_loss: 0.0454903 
train_loss: 0.0454745 
test_loss: 0.0457493 
train_loss: 0.0448326 
test_loss: 0.0453708 
train_loss: 0.0445398 
test_loss: 0.0455288 
train_loss: 0.0441605 
test_loss: 0.0455501 
train_loss: 0.0456452 
test_loss: 0.0455115 
train_loss: 0.0447711 
test_loss: 0.0454202 
train_loss: 0.0450947 
test_loss: 0.0454472 
train_loss: 0.0435304 
test_loss: 0.0453989 
train_loss: 0.0438126 
test_loss: 0.0454487 
train_loss: 0.0446925 
test_loss: 0.0451124 
train_loss: 0.0451404 
test_loss: 0.0454285 
train_loss: 0.0447483 
test_loss: 0.0450765 
train_loss: 0.0447492 
test_loss: 0.0453535 
train_loss: 0.0449464 
test_loss: 0.0452492 
train_loss: 0.044382 
test_loss: 0.0450976 
train_loss: 0.0434924 
test_loss: 0.0454505 
train_loss: 0.0457697 
test_loss: 0.0450136 
train_loss: 0.0438369 
test_loss: 0.0452829 
train_loss: 0.0453735 
test_loss: 0.0451675 
train_loss: 0.0462321 
test_loss: 0.0454305 
train_loss: 0.0458144 
test_loss: 0.0449067 
train_loss: 0.0450574 
test_loss: 0.0452653 
train_loss: 0.0449696 
test_loss: 0.0449216 
train_loss: 0.0450481 
test_loss: 0.0453073 
train_loss: 0.0442542 
test_loss: 0.045028 
train_loss: 0.0446351 
test_loss: 0.04521 
train_loss: 0.0445438 
test_loss: 0.0449783 
train_loss: 0.0442065 
test_loss: 0.0450466 
train_loss: 0.0442851 
test_loss: 0.0446672 
train_loss: 0.0439843 
test_loss: 0.044949 
train_loss: 0.0455904 
test_loss: 0.0450917 
train_loss: 0.0451072 
test_loss: 0.0448807 
train_loss: 0.0440714 
test_loss: 0.0448455 
train_loss: 0.0443493 
test_loss: 0.0449526 
train_loss: 0.0447995 
test_loss: 0.0449213 
train_loss: 0.044533 
test_loss: 0.0448642 
train_loss: 0.0448775 
test_loss: 0.0449262 
train_loss: 0.0455239 
test_loss: 0.0447412 
train_loss: 0.0447756 
test_loss: 0.0452625 
train_loss: 0.0437909 
test_loss: 0.0450942 
train_loss: 0.0441502 
test_loss: 0.0452934 
train_loss: 0.0449704 
test_loss: 0.0448243 
train_loss: 0.0456456 
test_loss: 0.0449034 
train_loss: 0.044798 
test_loss: 0.0448233 
train_loss: 0.0441906 
test_loss: 0.0448652 
train_loss: 0.0454569 
test_loss: 0.0448708 
train_loss: 0.0444468 
test_loss: 0.0448119 
train_loss: 0.0446476 
test_loss: 0.0449459 
train_loss: 0.0442227 
test_loss: 0.0448756 
train_loss: 0.0435666 
test_loss: 0.0449357 
train_loss: 0.0438453 
test_loss: 0.0447692 
train_loss: 0.0458688 
test_loss: 0.045071 
train_loss: 0.0444759 
test_loss: 0.0447811 
train_loss: 0.0434767 
test_loss: 0.044921 
