train_loss: 0.077570 
test_loss: 0.076461 
train_loss: 0.065570 
test_loss: 0.064086 
train_loss: 0.051339 
test_loss: 0.050867 
train_loss: 0.046007 
test_loss: 0.046393 
train_loss: 0.043662 
test_loss: 0.043514 
train_loss: 0.040451 
test_loss: 0.040435 
train_loss: 0.036311 
test_loss: 0.036482 
train_loss: 0.033373 
test_loss: 0.034006 
train_loss: 0.027923 
test_loss: 0.029249 
train_loss: 0.025233 
test_loss: 0.026347 
train_loss: 0.022333 
test_loss: 0.023587 
train_loss: 0.020823 
test_loss: 0.022177 
train_loss: 0.020734 
test_loss: 0.020569 
train_loss: 0.019662 
test_loss: 0.020782 
train_loss: 0.018506 
test_loss: 0.019010 
train_loss: 0.017523 
test_loss: 0.017781 
train_loss: 0.017002 
test_loss: 0.017252 
train_loss: 0.016109 
test_loss: 0.016629 
train_loss: 0.016627 
test_loss: 0.017074 
train_loss: 0.016053 
test_loss: 0.016370 
train_loss: 0.014926 
test_loss: 0.015385 
train_loss: 0.015789 
test_loss: 0.015825 
train_loss: 0.016376 
test_loss: 0.015399 
train_loss: 0.014986 
test_loss: 0.014584 
train_loss: 0.014127 
test_loss: 0.013961 
train_loss: 0.014078 
test_loss: 0.013981 
train_loss: 0.013140 
test_loss: 0.013665 
train_loss: 0.013487 
test_loss: 0.013480 
train_loss: 0.013146 
test_loss: 0.013474 
train_loss: 0.013227 
test_loss: 0.013176 
train_loss: 0.011853 
test_loss: 0.013233 
train_loss: 0.014175 
test_loss: 0.014158 
train_loss: 0.011942 
test_loss: 0.012432 
train_loss: 0.011991 
test_loss: 0.012457 
train_loss: 0.013627 
test_loss: 0.012916 
train_loss: 0.012501 
test_loss: 0.013322 
train_loss: 0.011557 
test_loss: 0.011962 
train_loss: 0.011722 
test_loss: 0.011961 
train_loss: 0.011396 
test_loss: 0.011756 
train_loss: 0.011264 
test_loss: 0.011915 
train_loss: 0.011992 
test_loss: 0.011773 
train_loss: 0.011054 
test_loss: 0.012533 
train_loss: 0.011659 
test_loss: 0.011441 
train_loss: 0.011609 
test_loss: 0.011427 
train_loss: 0.011121 
test_loss: 0.011539 
train_loss: 0.010913 
test_loss: 0.011479 
train_loss: 0.010984 
test_loss: 0.010494 
train_loss: 0.010871 
test_loss: 0.010665 
train_loss: 0.010051 
test_loss: 0.010436 
train_loss: 0.010328 
test_loss: 0.010126 
train_loss: 0.010402 
test_loss: 0.010704 
train_loss: 0.009801 
test_loss: 0.011075 
train_loss: 0.010196 
test_loss: 0.010913 
train_loss: 0.009864 
test_loss: 0.010282 
train_loss: 0.009853 
test_loss: 0.010174 
train_loss: 0.010528 
test_loss: 0.010729 
train_loss: 0.010930 
test_loss: 0.011322 
train_loss: 0.009494 
test_loss: 0.010207 
train_loss: 0.010332 
test_loss: 0.010397 
train_loss: 0.009690 
test_loss: 0.010158 
train_loss: 0.009742 
test_loss: 0.010456 
train_loss: 0.009675 
test_loss: 0.009842 
train_loss: 0.009477 
test_loss: 0.010346 
train_loss: 0.009242 
test_loss: 0.009547 
train_loss: 0.009444 
test_loss: 0.010086 
train_loss: 0.009215 
test_loss: 0.009472 
train_loss: 0.009739 
test_loss: 0.009605 
train_loss: 0.010526 
test_loss: 0.010686 
train_loss: 0.009755 
test_loss: 0.009269 
train_loss: 0.009588 
test_loss: 0.009758 
train_loss: 0.009492 
test_loss: 0.009687 
train_loss: 0.008781 
test_loss: 0.009140 
train_loss: 0.009183 
test_loss: 0.009176 
train_loss: 0.008748 
test_loss: 0.009126 
train_loss: 0.008387 
test_loss: 0.008581 
train_loss: 0.008903 
test_loss: 0.008920 
train_loss: 0.008364 
test_loss: 0.008795 
train_loss: 0.010206 
test_loss: 0.009155 
train_loss: 0.009161 
test_loss: 0.008802 
train_loss: 0.009872 
test_loss: 0.010070 
train_loss: 0.008966 
test_loss: 0.009209 
train_loss: 0.009003 
test_loss: 0.008820 
train_loss: 0.008095 
test_loss: 0.008675 
train_loss: 0.009391 
test_loss: 0.009483 
train_loss: 0.008605 
test_loss: 0.008887 
train_loss: 0.008714 
test_loss: 0.008906 
train_loss: 0.008034 
test_loss: 0.008502 
train_loss: 0.008217 
test_loss: 0.008977 
train_loss: 0.008485 
test_loss: 0.008642 
train_loss: 0.008089 
test_loss: 0.008868 
train_loss: 0.008294 
test_loss: 0.008261 
train_loss: 0.008215 
test_loss: 0.008689 
train_loss: 0.008227 
test_loss: 0.008724 
train_loss: 0.007809 
test_loss: 0.008338 
train_loss: 0.008846 
test_loss: 0.008363 
train_loss: 0.008424 
test_loss: 0.008724 
train_loss: 0.007962 
test_loss: 0.007975 
train_loss: 0.008013 
test_loss: 0.008124 
train_loss: 0.007935 
test_loss: 0.008204 
train_loss: 0.008040 
test_loss: 0.008360 
train_loss: 0.008269 
test_loss: 0.008308 
