train_loss: 0.061795 
test_loss: 0.072758 
train_loss: 0.058015 
test_loss: 0.064341 
train_loss: 0.063416 
test_loss: 0.063430 
train_loss: 0.078490 
test_loss: 0.063475 
train_loss: 0.056775 
test_loss: 0.062375 
train_loss: 0.055789 
test_loss: 0.062541 
train_loss: 0.065116 
test_loss: 0.061410 
train_loss: 0.071492 
test_loss: 0.062655 
train_loss: 0.053348 
test_loss: 0.061569 
train_loss: 0.056623 
test_loss: 0.061703 
train_loss: 0.066293 
test_loss: 0.061618 
train_loss: 0.054016 
test_loss: 0.061291 
train_loss: 0.058945 
test_loss: 0.061278 
train_loss: 0.054103 
test_loss: 0.060556 
train_loss: 0.054427 
test_loss: 0.061121 
train_loss: 0.069082 
test_loss: 0.061490 
train_loss: 0.060673 
test_loss: 0.060782 
train_loss: 0.057639 
test_loss: 0.060496 
train_loss: 0.056093 
test_loss: 0.061058 
train_loss: 0.069386 
test_loss: 0.061593 
train_loss: 0.061658 
test_loss: 0.060614 
train_loss: 0.077044 
test_loss: 0.060616 
train_loss: 0.057326 
test_loss: 0.061011 
train_loss: 0.054314 
test_loss: 0.060211 
train_loss: 0.052207 
test_loss: 0.060428 
train_loss: 0.059494 
test_loss: 0.060663 
train_loss: 0.055842 
test_loss: 0.060513 
train_loss: 0.057814 
test_loss: 0.060715 
train_loss: 0.066196 
test_loss: 0.060359 
train_loss: 0.059499 
test_loss: 0.060064 
train_loss: 0.061854 
test_loss: 0.060469 
train_loss: 0.075924 
test_loss: 0.060596 
train_loss: 0.055946 
test_loss: 0.060568 
train_loss: 0.051320 
test_loss: 0.060363 
train_loss: 0.060417 
test_loss: 0.060518 
train_loss: 0.062851 
test_loss: 0.060410 
train_loss: 0.057377 
test_loss: 0.059988 
train_loss: 0.054497 
test_loss: 0.060437 
train_loss: 0.060906 
test_loss: 0.060258 
train_loss: 0.058742 
test_loss: 0.060347 
train_loss: 0.056329 
test_loss: 0.059865 
train_loss: 0.060509 
test_loss: 0.060195 
train_loss: 0.074576 
test_loss: 0.060009 
train_loss: 0.057645 
test_loss: 0.059913 
train_loss: 0.059742 
test_loss: 0.059642 
train_loss: 0.062358 
test_loss: 0.059468 
train_loss: 0.050051 
test_loss: 0.058754 
train_loss: 0.055687 
test_loss: 0.058248 
train_loss: 0.049423 
test_loss: 0.057538 
train_loss: 0.065747 
test_loss: 0.056272 
train_loss: 0.050812 
test_loss: 0.055733 
train_loss: 0.051770 
test_loss: 0.055108 
train_loss: 0.044556 
test_loss: 0.054363 
train_loss: 0.052481 
test_loss: 0.054172 
train_loss: 0.046287 
test_loss: 0.053730 
train_loss: 0.056336 
test_loss: 0.054193 
train_loss: 0.054856 
test_loss: 0.053327 
train_loss: 0.054550 
test_loss: 0.053070 
train_loss: 0.051664 
test_loss: 0.052915 
train_loss: 0.045064 
test_loss: 0.052834 
train_loss: 0.053612 
test_loss: 0.052580 
train_loss: 0.047614 
test_loss: 0.052214 
train_loss: 0.050335 
test_loss: 0.051577 
train_loss: 0.048632 
test_loss: 0.051204 
train_loss: 0.055502 
test_loss: 0.050745 
train_loss: 0.050226 
test_loss: 0.050614 
train_loss: 0.048839 
test_loss: 0.050600 
train_loss: 0.043771 
test_loss: 0.050616 
train_loss: 0.044818 
test_loss: 0.050009 
train_loss: 0.051115 
test_loss: 0.050129 
train_loss: 0.049475 
test_loss: 0.050122 
train_loss: 0.048228 
test_loss: 0.049493 
train_loss: 0.045863 
test_loss: 0.049103 
train_loss: 0.044495 
test_loss: 0.048707 
train_loss: 0.050796 
test_loss: 0.048834 
train_loss: 0.050153 
test_loss: 0.048419 
train_loss: 0.057044 
test_loss: 0.048786 
train_loss: 0.048583 
test_loss: 0.048904 
train_loss: 0.052259 
test_loss: 0.048712 
train_loss: 0.055123 
test_loss: 0.048671 
train_loss: 0.052380 
test_loss: 0.047412 
train_loss: 0.042086 
test_loss: 0.046918 
train_loss: 0.046255 
test_loss: 0.046851 
train_loss: 0.043883 
test_loss: 0.046474 
train_loss: 0.042825 
test_loss: 0.046125 
train_loss: 0.045403 
test_loss: 0.045828 
train_loss: 0.044346 
test_loss: 0.046039 
train_loss: 0.043914 
test_loss: 0.045491 
train_loss: 0.042383 
test_loss: 0.045640 
train_loss: 0.044931 
test_loss: 0.045232 
train_loss: 0.041494 
test_loss: 0.044685 
train_loss: 0.040043 
test_loss: 0.044610 
train_loss: 0.041873 
test_loss: 0.044271 
train_loss: 0.046205 
test_loss: 0.044494 
train_loss: 0.041830 
test_loss: 0.044159 
train_loss: 0.039951 
test_loss: 0.043892 
train_loss: 0.041776 
test_loss: 0.044134 
train_loss: 0.047223 
test_loss: 0.044009 
train_loss: 0.047147 
test_loss: 0.043877 
train_loss: 0.040950 
test_loss: 0.043738 
train_loss: 0.035864 
test_loss: 0.043230 
train_loss: 0.034758 
test_loss: 0.043285 
train_loss: 0.042680 
test_loss: 0.043185 
train_loss: 0.042821 
test_loss: 0.042264 
train_loss: 0.038443 
test_loss: 0.041727 
train_loss: 0.041019 
test_loss: 0.041586 
train_loss: 0.039378 
test_loss: 0.041063 
train_loss: 0.038802 
test_loss: 0.040447 
train_loss: 0.040900 
test_loss: 0.040426 
train_loss: 0.038905 
test_loss: 0.040433 
train_loss: 0.037746 
test_loss: 0.040429 
train_loss: 0.038354 
test_loss: 0.040476 
train_loss: 0.034456 
test_loss: 0.040170 
train_loss: 0.040492 
test_loss: 0.039877 
train_loss: 0.045509 
test_loss: 0.039789 
train_loss: 0.035669 
test_loss: 0.040041 
train_loss: 0.041688 
test_loss: 0.039520 
train_loss: 0.036798 
test_loss: 0.039441 
train_loss: 0.036026 
test_loss: 0.039326 
train_loss: 0.037862 
test_loss: 0.039517 
train_loss: 0.037974 
test_loss: 0.038843 
train_loss: 0.039555 
test_loss: 0.039147 
train_loss: 0.033946 
test_loss: 0.038671 
train_loss: 0.035147 
test_loss: 0.038568 
train_loss: 0.037566 
test_loss: 0.038436 
train_loss: 0.040083 
test_loss: 0.038715 
train_loss: 0.036704 
test_loss: 0.037841 
train_loss: 0.036907 
test_loss: 0.037565 
train_loss: 0.033365 
test_loss: 0.037909 
train_loss: 0.036518 
test_loss: 0.037612 
train_loss: 0.037570 
test_loss: 0.037574 
train_loss: 0.032058 
test_loss: 0.037132 
train_loss: 0.037879 
test_loss: 0.037416 
train_loss: 0.034047 
test_loss: 0.037349 
train_loss: 0.040867 
test_loss: 0.036996 
train_loss: 0.040261 
test_loss: 0.036995 
train_loss: 0.038211 
test_loss: 0.037017 
train_loss: 0.038468 
test_loss: 0.037185 
train_loss: 0.034324 
test_loss: 0.036665 
train_loss: 0.037149 
test_loss: 0.036971 
train_loss: 0.035301 
test_loss: 0.036560 
train_loss: 0.035119 
test_loss: 0.036377 
train_loss: 0.033760 
test_loss: 0.036511 
train_loss: 0.035129 
test_loss: 0.036193 
train_loss: 0.034403 
test_loss: 0.036220 
train_loss: 0.033636 
test_loss: 0.036308 
train_loss: 0.034264 
test_loss: 0.036094 
train_loss: 0.036871 
test_loss: 0.036215 
train_loss: 0.036316 
test_loss: 0.036025 
train_loss: 0.036362 
test_loss: 0.035734 
train_loss: 0.030041 
test_loss: 0.036125 
train_loss: 0.037090 
test_loss: 0.035966 
train_loss: 0.033253 
test_loss: 0.035796 
train_loss: 0.034578 
test_loss: 0.035761 
train_loss: 0.037305 
test_loss: 0.035815 
train_loss: 0.042226 
test_loss: 0.035831 
train_loss: 0.035438 
test_loss: 0.035510 
train_loss: 0.037327 
test_loss: 0.035398 
train_loss: 0.032458 
test_loss: 0.035762 
train_loss: 0.032789 
test_loss: 0.035566 
train_loss: 0.032293 
test_loss: 0.035427 
train_loss: 0.032096 
test_loss: 0.035288 
train_loss: 0.029438 
test_loss: 0.035188 
train_loss: 0.036647 
test_loss: 0.035050 
train_loss: 0.029565 
test_loss: 0.035090 
train_loss: 0.037885 
test_loss: 0.035021 
train_loss: 0.040444 
test_loss: 0.035677 
train_loss: 0.031910 
test_loss: 0.035101 
train_loss: 0.030879 
test_loss: 0.034778 
train_loss: 0.033727 
test_loss: 0.034912 
train_loss: 0.032854 
test_loss: 0.034661 
train_loss: 0.031634 
test_loss: 0.034504 
train_loss: 0.031799 
test_loss: 0.034031 
train_loss: 0.029024 
test_loss: 0.034076 
train_loss: 0.029540 
test_loss: 0.034033 
train_loss: 0.030529 
test_loss: 0.033827 
train_loss: 0.032471 
test_loss: 0.033430 
train_loss: 0.033132 
test_loss: 0.033374 
train_loss: 0.033749 
test_loss: 0.033168 
train_loss: 0.028197 
test_loss: 0.032899 
train_loss: 0.029696 
test_loss: 0.032851 
train_loss: 0.028668 
test_loss: 0.033180 
train_loss: 0.030564 
test_loss: 0.032817 
train_loss: 0.030989 
test_loss: 0.032365 
train_loss: 0.034132 
test_loss: 0.032490 
train_loss: 0.028800 
test_loss: 0.032389 
train_loss: 0.030544 
test_loss: 0.032429 
train_loss: 0.039061 
test_loss: 0.032710 
train_loss: 0.032460 
test_loss: 0.032042 
train_loss: 0.031298 
test_loss: 0.032444 
train_loss: 0.034465 
test_loss: 0.031859 
train_loss: 0.032541 
test_loss: 0.031752 
train_loss: 0.028949 
test_loss: 0.031629 
train_loss: 0.033995 
test_loss: 0.031730 
train_loss: 0.029082 
test_loss: 0.031612 
train_loss: 0.030394 
test_loss: 0.031857 
train_loss: 0.030735 
test_loss: 0.031853 
train_loss: 0.034373 
test_loss: 0.031654 
train_loss: 0.030518 
test_loss: 0.031604 
train_loss: 0.031357 
test_loss: 0.031786 
train_loss: 0.026835 
test_loss: 0.031460 
train_loss: 0.026888 
test_loss: 0.031259 
train_loss: 0.028630 
test_loss: 0.031137 
train_loss: 0.029878 
test_loss: 0.031123 
train_loss: 0.036244 
test_loss: 0.031165 
train_loss: 0.029484 
test_loss: 0.031136 
train_loss: 0.027720 
test_loss: 0.030933 
train_loss: 0.031364 
test_loss: 0.031041 
train_loss: 0.029819 
test_loss: 0.031284 
train_loss: 0.030715 
test_loss: 0.030959 
train_loss: 0.030088 
test_loss: 0.030762 
train_loss: 0.027400 
test_loss: 0.031111 
train_loss: 0.030142 
test_loss: 0.030623 
train_loss: 0.028502 
test_loss: 0.030625 
train_loss: 0.035277 
test_loss: 0.030823 
train_loss: 0.028738 
test_loss: 0.030474 
train_loss: 0.031320 
test_loss: 0.030521 
train_loss: 0.026591 
test_loss: 0.030523 
train_loss: 0.034604 
test_loss: 0.030957 
train_loss: 0.035452 
test_loss: 0.030370 
train_loss: 0.029462 
test_loss: 0.030373 
train_loss: 0.029850 
test_loss: 0.030540 
train_loss: 0.026782 
test_loss: 0.030456 
train_loss: 0.027753 
test_loss: 0.030473 
train_loss: 0.031827 
test_loss: 0.030276 
train_loss: 0.029935 
test_loss: 0.030315 
train_loss: 0.032870 
test_loss: 0.030511 
train_loss: 0.025899 
test_loss: 0.030326 
train_loss: 0.033807 
test_loss: 0.030260 
train_loss: 0.027640 
test_loss: 0.030246 
train_loss: 0.028537 
test_loss: 0.029915 
train_loss: 0.027151 
test_loss: 0.029850 
train_loss: 0.030002 
test_loss: 0.029731 
train_loss: 0.030981 
test_loss: 0.029749 
train_loss: 0.039094 
test_loss: 0.029722 
train_loss: 0.029502 
test_loss: 0.029871 
train_loss: 0.027877 
test_loss: 0.029805 
train_loss: 0.028362 
test_loss: 0.029990 
train_loss: 0.037238 
test_loss: 0.029884 
train_loss: 0.031390 
test_loss: 0.029650 
train_loss: 0.032633 
test_loss: 0.029313 
train_loss: 0.031612 
test_loss: 0.029687 
train_loss: 0.031275 
test_loss: 0.029797 
train_loss: 0.028271 
test_loss: 0.029692 
train_loss: 0.031561 
test_loss: 0.029347 
train_loss: 0.026558 
test_loss: 0.029276 
train_loss: 0.025330 
test_loss: 0.029627 
train_loss: 0.027026 
test_loss: 0.029377 
train_loss: 0.029043 
test_loss: 0.029221 
train_loss: 0.028779 
test_loss: 0.029373 
train_loss: 0.027386 
test_loss: 0.029058 
train_loss: 0.030477 
test_loss: 0.029203 
train_loss: 0.027630 
test_loss: 0.029190 
train_loss: 0.032749 
test_loss: 0.028995 
train_loss: 0.029067 
test_loss: 0.029118 
train_loss: 0.029549 
test_loss: 0.028899 
train_loss: 0.030180 
test_loss: 0.028687 
train_loss: 0.028836 
test_loss: 0.029250 
train_loss: 0.031541 
test_loss: 0.028891 
train_loss: 0.039005 
test_loss: 0.028918 
train_loss: 0.024803 
test_loss: 0.029104 
