train_loss: 0.089779 
test_loss: 0.089912 
train_loss: 0.073189 
test_loss: 0.073228 
train_loss: 0.063291 
test_loss: 0.063250 
train_loss: 0.057374 
test_loss: 0.057528 
train_loss: 0.054958 
test_loss: 0.054635 
train_loss: 0.049086 
test_loss: 0.049951 
train_loss: 0.043572 
test_loss: 0.044855 
train_loss: 0.037706 
test_loss: 0.040085 
train_loss: 0.034412 
test_loss: 0.035925 
train_loss: 0.032542 
test_loss: 0.032071 
train_loss: 0.030922 
test_loss: 0.029295 
train_loss: 0.027770 
test_loss: 0.027520 
train_loss: 0.026121 
test_loss: 0.026329 
train_loss: 0.025135 
test_loss: 0.025829 
train_loss: 0.022925 
test_loss: 0.023404 
train_loss: 0.022993 
test_loss: 0.023438 
train_loss: 0.022076 
test_loss: 0.022411 
train_loss: 0.020576 
test_loss: 0.021857 
train_loss: 0.020900 
test_loss: 0.021494 
train_loss: 0.019963 
test_loss: 0.020672 
train_loss: 0.020848 
test_loss: 0.021485 
train_loss: 0.021424 
test_loss: 0.020086 
train_loss: 0.019185 
test_loss: 0.019900 
train_loss: 0.018240 
test_loss: 0.019400 
train_loss: 0.016848 
test_loss: 0.018192 
train_loss: 0.017794 
test_loss: 0.018381 
train_loss: 0.017944 
test_loss: 0.018216 
train_loss: 0.016487 
test_loss: 0.018003 
train_loss: 0.016848 
test_loss: 0.017622 
train_loss: 0.015644 
test_loss: 0.017634 
train_loss: 0.016886 
test_loss: 0.017098 
train_loss: 0.015776 
test_loss: 0.016594 
train_loss: 0.017740 
test_loss: 0.017064 
train_loss: 0.015630 
test_loss: 0.016486 
train_loss: 0.015842 
test_loss: 0.015941 
train_loss: 0.015836 
test_loss: 0.015784 
train_loss: 0.015210 
test_loss: 0.015835 
train_loss: 0.014958 
test_loss: 0.015627 
train_loss: 0.015546 
test_loss: 0.015607 
train_loss: 0.015408 
test_loss: 0.015315 
train_loss: 0.014671 
test_loss: 0.014819 
train_loss: 0.015910 
test_loss: 0.015038 
train_loss: 0.014627 
test_loss: 0.014895 
train_loss: 0.013833 
test_loss: 0.014504 
train_loss: 0.012533 
test_loss: 0.014334 
train_loss: 0.013322 
test_loss: 0.014524 
train_loss: 0.014923 
test_loss: 0.014792 
train_loss: 0.014236 
test_loss: 0.014744 
train_loss: 0.013550 
test_loss: 0.013999 
train_loss: 0.013216 
test_loss: 0.013696 
train_loss: 0.012870 
test_loss: 0.013722 
train_loss: 0.014079 
test_loss: 0.014519 
train_loss: 0.012982 
test_loss: 0.013727 
train_loss: 0.014045 
test_loss: 0.013847 
train_loss: 0.013037 
test_loss: 0.013722 
train_loss: 0.013085 
test_loss: 0.013443 
train_loss: 0.012520 
test_loss: 0.012997 
train_loss: 0.013351 
test_loss: 0.013464 
train_loss: 0.013660 
test_loss: 0.013310 
train_loss: 0.012588 
test_loss: 0.013596 
train_loss: 0.012685 
test_loss: 0.013105 
train_loss: 0.012098 
test_loss: 0.012775 
train_loss: 0.012749 
test_loss: 0.012729 
train_loss: 0.012831 
test_loss: 0.012481 
train_loss: 0.012449 
test_loss: 0.012818 
train_loss: 0.012665 
test_loss: 0.012785 
train_loss: 0.012199 
test_loss: 0.012441 
train_loss: 0.011372 
test_loss: 0.012142 
train_loss: 0.011847 
test_loss: 0.012371 
train_loss: 0.012081 
test_loss: 0.012295 
train_loss: 0.011824 
test_loss: 0.012360 
train_loss: 0.011111 
test_loss: 0.012100 
train_loss: 0.010993 
test_loss: 0.012046 
train_loss: 0.011579 
test_loss: 0.012253 
train_loss: 0.012270 
test_loss: 0.013102 
train_loss: 0.011324 
test_loss: 0.012167 
train_loss: 0.011038 
test_loss: 0.012016 
train_loss: 0.011886 
test_loss: 0.011787 
train_loss: 0.010846 
test_loss: 0.012101 
train_loss: 0.012444 
test_loss: 0.011739 
train_loss: 0.012102 
test_loss: 0.011941 
train_loss: 0.010568 
test_loss: 0.012100 
train_loss: 0.011508 
test_loss: 0.011385 
train_loss: 0.010809 
test_loss: 0.011299 
train_loss: 0.011202 
test_loss: 0.011695 
train_loss: 0.010325 
test_loss: 0.011973 
train_loss: 0.011461 
test_loss: 0.011512 
train_loss: 0.011005 
test_loss: 0.011819 
train_loss: 0.011631 
test_loss: 0.011939 
train_loss: 0.010708 
test_loss: 0.011105 
train_loss: 0.010481 
test_loss: 0.011201 
train_loss: 0.011794 
test_loss: 0.011551 
train_loss: 0.011058 
test_loss: 0.011741 
train_loss: 0.010867 
test_loss: 0.011821 
train_loss: 0.011000 
test_loss: 0.011229 
train_loss: 0.011207 
test_loss: 0.011555 
train_loss: 0.011357 
test_loss: 0.011512 
train_loss: 0.010836 
test_loss: 0.010935 
train_loss: 0.010462 
test_loss: 0.011063 
train_loss: 0.009977 
test_loss: 0.010779 
train_loss: 0.009899 
test_loss: 0.010887 
train_loss: 0.010702 
test_loss: 0.012039 
train_loss: 0.010578 
test_loss: 0.010872 
train_loss: 0.009890 
test_loss: 0.010797 
train_loss: 0.010188 
test_loss: 0.010686 
train_loss: 0.009950 
test_loss: 0.010719 
train_loss: 0.010469 
test_loss: 0.010900 
train_loss: 0.011091 
test_loss: 0.011064 
train_loss: 0.010325 
test_loss: 0.010718 
train_loss: 0.010592 
test_loss: 0.010729 
train_loss: 0.010198 
test_loss: 0.010786 
train_loss: 0.010371 
test_loss: 0.010543 
train_loss: 0.010191 
test_loss: 0.010569 
train_loss: 0.011000 
test_loss: 0.010778 
train_loss: 0.010141 
test_loss: 0.010569 
train_loss: 0.010579 
test_loss: 0.011047 
train_loss: 0.010212 
test_loss: 0.011056 
train_loss: 0.010079 
test_loss: 0.011231 
train_loss: 0.010135 
test_loss: 0.010451 
train_loss: 0.009782 
test_loss: 0.010570 
train_loss: 0.010539 
test_loss: 0.010510 
train_loss: 0.010221 
test_loss: 0.010979 
train_loss: 0.009698 
test_loss: 0.010619 
train_loss: 0.009722 
test_loss: 0.010510 
train_loss: 0.009777 
test_loss: 0.010533 
train_loss: 0.010452 
test_loss: 0.010383 
train_loss: 0.009516 
test_loss: 0.010441 
train_loss: 0.010462 
test_loss: 0.010785 
train_loss: 0.009800 
test_loss: 0.010078 
train_loss: 0.009950 
test_loss: 0.010517 
train_loss: 0.010068 
test_loss: 0.010028 
train_loss: 0.010183 
test_loss: 0.011388 
train_loss: 0.008862 
test_loss: 0.009969 
train_loss: 0.009789 
test_loss: 0.010232 
train_loss: 0.009747 
test_loss: 0.010503 
train_loss: 0.009805 
test_loss: 0.010158 
train_loss: 0.009915 
test_loss: 0.010350 
train_loss: 0.009921 
test_loss: 0.009904 
train_loss: 0.009418 
test_loss: 0.009658 
train_loss: 0.009743 
test_loss: 0.010150 
train_loss: 0.010060 
test_loss: 0.010370 
