train_loss: 0.748917 
test_loss: 0.744826 
train_loss: 0.734106 
test_loss: 0.732637 
train_loss: 0.712786 
test_loss: 0.713803 
train_loss: 0.691163 
test_loss: 0.69256 
train_loss: 0.666121 
test_loss: 0.669727 
train_loss: 0.649417 
test_loss: 0.646078 
train_loss: 0.620081 
test_loss: 0.622403 
train_loss: 0.596939 
test_loss: 0.599879 
train_loss: 0.582721 
test_loss: 0.579316 
train_loss: 0.566375 
test_loss: 0.561218 
train_loss: 0.541366 
test_loss: 0.544661 
train_loss: 0.53707 
test_loss: 0.52869 
train_loss: 0.519589 
test_loss: 0.512793 
train_loss: 0.495401 
test_loss: 0.496695 
train_loss: 0.484077 
test_loss: 0.48017 
train_loss: 0.46443 
test_loss: 0.462996 
train_loss: 0.451097 
test_loss: 0.444851 
train_loss: 0.42704 
test_loss: 0.425435 
train_loss: 0.404095 
test_loss: 0.404293 
train_loss: 0.384933 
test_loss: 0.380945 
train_loss: 0.359521 
test_loss: 0.355277 
train_loss: 0.330665 
test_loss: 0.329778 
train_loss: 0.308052 
test_loss: 0.306992 
train_loss: 0.282691 
test_loss: 0.285834 
train_loss: 0.267284 
test_loss: 0.264782 
train_loss: 0.245079 
test_loss: 0.242255 
train_loss: 0.214236 
test_loss: 0.21616 
train_loss: 0.186665 
test_loss: 0.184329 
train_loss: 0.146641 
test_loss: 0.147756 
train_loss: 0.1147 
test_loss: 0.11317 
train_loss: 0.0980949 
test_loss: 0.0952129 
train_loss: 0.0889433 
test_loss: 0.0885846 
train_loss: 0.0848257 
test_loss: 0.0858176 
train_loss: 0.08377 
test_loss: 0.0843192 
train_loss: 0.0833121 
test_loss: 0.0833993 
train_loss: 0.0831381 
test_loss: 0.0826994 
train_loss: 0.0808708 
test_loss: 0.0821031 
train_loss: 0.0832394 
test_loss: 0.0815596 
train_loss: 0.0819517 
test_loss: 0.0809993 
train_loss: 0.0822386 
test_loss: 0.080469 
train_loss: 0.0807758 
test_loss: 0.0798885 
train_loss: 0.0788411 
test_loss: 0.0793093 
train_loss: 0.0781863 
test_loss: 0.0787138 
train_loss: 0.0764968 
test_loss: 0.0781555 
train_loss: 0.0775443 
test_loss: 0.0776274 
train_loss: 0.0775456 
test_loss: 0.0771199 
train_loss: 0.0772413 
test_loss: 0.0766435 
train_loss: 0.0743841 
test_loss: 0.076207 
train_loss: 0.0746252 
test_loss: 0.0757812 
train_loss: 0.0755553 
test_loss: 0.0753355 
train_loss: 0.075497 
test_loss: 0.0749541 
train_loss: 0.0755145 
test_loss: 0.0746036 
train_loss: 0.0752072 
test_loss: 0.0742523 
train_loss: 0.0748814 
test_loss: 0.0739725 
train_loss: 0.0760269 
test_loss: 0.0736712 
train_loss: 0.0719105 
test_loss: 0.073412 
train_loss: 0.0736713 
test_loss: 0.0732036 
train_loss: 0.0735798 
test_loss: 0.0729581 
train_loss: 0.0726243 
test_loss: 0.0727692 
train_loss: 0.0728679 
test_loss: 0.072641 
train_loss: 0.0735659 
test_loss: 0.0724863 
train_loss: 0.0713101 
test_loss: 0.0723355 
train_loss: 0.0735077 
test_loss: 0.0722047 
train_loss: 0.0710499 
test_loss: 0.0722179 
train_loss: 0.0716819 
test_loss: 0.0719828 
train_loss: 0.0743627 
test_loss: 0.0720462 
train_loss: 0.070611 
test_loss: 0.0718113 
train_loss: 0.0721036 
test_loss: 0.0717466 
train_loss: 0.0716774 
test_loss: 0.07164 
train_loss: 0.0724416 
test_loss: 0.0715843 
train_loss: 0.0714672 
test_loss: 0.0715465 
train_loss: 0.0718568 
test_loss: 0.071414 
train_loss: 0.0734742 
test_loss: 0.0713546 
train_loss: 0.0695602 
test_loss: 0.0712426 
train_loss: 0.0714122 
test_loss: 0.0712171 
train_loss: 0.0700865 
test_loss: 0.0710864 
train_loss: 0.0699888 
test_loss: 0.0709802 
train_loss: 0.0708227 
test_loss: 0.0708783 
train_loss: 0.0712041 
test_loss: 0.0707525 
train_loss: 0.0698708 
test_loss: 0.0706309 
train_loss: 0.0689788 
test_loss: 0.0704104 
train_loss: 0.0675735 
test_loss: 0.0701956 
train_loss: 0.0700314 
test_loss: 0.0698902 
train_loss: 0.0702257 
test_loss: 0.0695706 
train_loss: 0.0681982 
test_loss: 0.0692209 
train_loss: 0.0668252 
test_loss: 0.0686198 
train_loss: 0.0682311 
test_loss: 0.0679109 
train_loss: 0.0671495 
test_loss: 0.0668806 
train_loss: 0.0648044 
test_loss: 0.0652554 
train_loss: 0.0629106 
test_loss: 0.0645167 
train_loss: 0.0643924 
test_loss: 0.0641495 
train_loss: 0.0639304 
test_loss: 0.0637482 
train_loss: 0.0636914 
test_loss: 0.0632317 
train_loss: 0.0630579 
test_loss: 0.0626109 
train_loss: 0.0610024 
test_loss: 0.0617925 
train_loss: 0.0611244 
test_loss: 0.0608583 
train_loss: 0.0584846 
test_loss: 0.0598248 
train_loss: 0.0593954 
test_loss: 0.0588696 
train_loss: 0.0579273 
test_loss: 0.0580443 
train_loss: 0.0559919 
test_loss: 0.057522 
train_loss: 0.0566816 
test_loss: 0.0570267 
train_loss: 0.0559166 
test_loss: 0.0566451 
train_loss: 0.0569835 
test_loss: 0.0563341 
train_loss: 0.0534096 
test_loss: 0.0560326 
train_loss: 0.0573426 
test_loss: 0.0560697 
train_loss: 0.0557828 
test_loss: 0.0556204 
train_loss: 0.0554676 
test_loss: 0.0553948 
train_loss: 0.0550541 
test_loss: 0.0550086 
train_loss: 0.0552718 
test_loss: 0.055183 
train_loss: 0.0547678 
test_loss: 0.0547535 
train_loss: 0.0548409 
test_loss: 0.0545351 
train_loss: 0.0537488 
test_loss: 0.0544764 
train_loss: 0.0539873 
test_loss: 0.0542375 
train_loss: 0.0553721 
test_loss: 0.0545006 
train_loss: 0.0534955 
test_loss: 0.0539519 
train_loss: 0.0524754 
test_loss: 0.0539029 
train_loss: 0.0527466 
test_loss: 0.0539294 
train_loss: 0.0528486 
test_loss: 0.0534515 
train_loss: 0.0524551 
test_loss: 0.0534592 
train_loss: 0.0541966 
test_loss: 0.0530526 
train_loss: 0.0529618 
test_loss: 0.0530169 
train_loss: 0.0526583 
test_loss: 0.0527408 
train_loss: 0.0503515 
test_loss: 0.0522733 
train_loss: 0.0543163 
test_loss: 0.0521901 
train_loss: 0.0520306 
test_loss: 0.0520793 
train_loss: 0.0499566 
test_loss: 0.0522191 
train_loss: 0.0527105 
test_loss: 0.0519443 
train_loss: 0.0515483 
test_loss: 0.0513259 
train_loss: 0.0496511 
test_loss: 0.0511559 
train_loss: 0.0520107 
test_loss: 0.0509382 
train_loss: 0.0507112 
test_loss: 0.050838 
train_loss: 0.0510747 
test_loss: 0.0515613 
train_loss: 0.0505495 
test_loss: 0.0507991 
train_loss: 0.0493423 
test_loss: 0.050511 
train_loss: 0.0491251 
test_loss: 0.0505065 
train_loss: 0.0500828 
test_loss: 0.0505056 
train_loss: 0.0506219 
test_loss: 0.0503952 
train_loss: 0.0493534 
test_loss: 0.0504856 
train_loss: 0.0486352 
test_loss: 0.0503848 
train_loss: 0.0502948 
test_loss: 0.0503294 
train_loss: 0.0496308 
test_loss: 0.050099 
train_loss: 0.0482229 
test_loss: 0.0501095 
train_loss: 0.0501098 
test_loss: 0.0499121 
train_loss: 0.0495823 
test_loss: 0.0500541 
train_loss: 0.0514119 
test_loss: 0.0500391 
train_loss: 0.0483221 
test_loss: 0.0497683 
train_loss: 0.0504473 
test_loss: 0.0500175 
train_loss: 0.0493709 
test_loss: 0.0498726 
train_loss: 0.0484019 
test_loss: 0.0495564 
train_loss: 0.049696 
test_loss: 0.049742 
train_loss: 0.0493979 
test_loss: 0.0494283 
train_loss: 0.0489049 
test_loss: 0.04944 
train_loss: 0.0486746 
test_loss: 0.0493815 
train_loss: 0.048214 
test_loss: 0.0494276 
train_loss: 0.0495103 
test_loss: 0.0494021 
train_loss: 0.0470259 
test_loss: 0.0493717 
train_loss: 0.0489819 
test_loss: 0.0491799 
train_loss: 0.0486802 
test_loss: 0.0492154 
train_loss: 0.0486107 
test_loss: 0.0487496 
train_loss: 0.0479928 
test_loss: 0.0485412 
train_loss: 0.0489568 
test_loss: 0.0493603 
train_loss: 0.0462844 
test_loss: 0.0486921 
train_loss: 0.0483813 
test_loss: 0.0481542 
train_loss: 0.0484073 
test_loss: 0.0477623 
train_loss: 0.0477225 
test_loss: 0.0476632 
train_loss: 0.0476903 
test_loss: 0.0479297 
train_loss: 0.0470697 
test_loss: 0.04761 
train_loss: 0.0486775 
test_loss: 0.0472919 
train_loss: 0.0465453 
test_loss: 0.0470084 
train_loss: 0.047219 
test_loss: 0.0475001 
train_loss: 0.045112 
test_loss: 0.0468035 
train_loss: 0.0457067 
test_loss: 0.0467311 
train_loss: 0.0473125 
test_loss: 0.0468215 
train_loss: 0.0461883 
test_loss: 0.0467151 
train_loss: 0.0454664 
test_loss: 0.0465816 
train_loss: 0.0470505 
test_loss: 0.0463749 
train_loss: 0.0461398 
test_loss: 0.0466338 
train_loss: 0.0452889 
test_loss: 0.0466592 
train_loss: 0.0455871 
test_loss: 0.0463134 
train_loss: 0.046475 
test_loss: 0.0464414 
train_loss: 0.0452963 
test_loss: 0.046165 
train_loss: 0.0461107 
test_loss: 0.0460006 
train_loss: 0.0476513 
test_loss: 0.0462637 
train_loss: 0.0448149 
test_loss: 0.0463673 
train_loss: 0.0454862 
test_loss: 0.0459816 
train_loss: 0.0445381 
test_loss: 0.0459713 
train_loss: 0.045376 
test_loss: 0.0461341 
train_loss: 0.046483 
test_loss: 0.0460745 
train_loss: 0.047021 
test_loss: 0.0460236 
train_loss: 0.0455121 
test_loss: 0.0458255 
train_loss: 0.045828 
test_loss: 0.046634 
