train_loss: 0.0499829 
test_loss: 0.0514005 
train_loss: 0.0379821 
test_loss: 0.0387496 
train_loss: 0.0118064 
test_loss: 0.0117168 
train_loss: 0.0113676 
test_loss: 0.0111255 
train_loss: 0.0109049 
test_loss: 0.00993551 
train_loss: 0.0107645 
test_loss: 0.0103763 
train_loss: 0.010434 
test_loss: 0.0105499 
train_loss: 0.0106275 
test_loss: 0.00990412 
train_loss: 0.00932941 
test_loss: 0.00989293 
train_loss: 0.00899471 
test_loss: 0.00894751 
train_loss: 0.00796912 
test_loss: 0.00720948 
train_loss: 0.00850907 
test_loss: 0.00783726 
train_loss: 0.00744529 
test_loss: 0.00756037 
train_loss: 0.00705293 
test_loss: 0.00768604 
train_loss: 0.00731245 
test_loss: 0.00703668 
train_loss: 0.00657503 
test_loss: 0.00693206 
train_loss: 0.0068982 
test_loss: 0.0065415 
train_loss: 0.0061218 
test_loss: 0.00598255 
train_loss: 0.00664905 
test_loss: 0.00594744 
train_loss: 0.00531338 
test_loss: 0.00572957 
train_loss: 0.00624722 
test_loss: 0.0062952 
train_loss: 0.00547039 
test_loss: 0.00526761 
train_loss: 0.0046133 
test_loss: 0.00501087 
train_loss: 0.0049157 
test_loss: 0.00534319 
train_loss: 0.00541575 
test_loss: 0.00515449 
train_loss: 0.0043991 
test_loss: 0.00461396 
train_loss: 0.00384871 
test_loss: 0.00417043 
train_loss: 0.00386106 
test_loss: 0.00410257 
train_loss: 0.00393698 
test_loss: 0.00383877 
train_loss: 0.0033194 
test_loss: 0.00341899 
train_loss: 0.00319204 
test_loss: 0.00338798 
train_loss: 0.00345612 
test_loss: 0.0032058 
train_loss: 0.00315446 
test_loss: 0.0028589 
train_loss: 0.00313727 
test_loss: 0.00321995 
train_loss: 0.00333269 
test_loss: 0.00356072 
train_loss: 0.00303886 
test_loss: 0.00339773 
train_loss: 0.0136543 
test_loss: 0.0194608 
train_loss: 0.00891071 
test_loss: 0.00886583 
train_loss: 0.00736086 
test_loss: 0.00756845 
train_loss: 0.00698234 
test_loss: 0.0067745 
train_loss: 0.0046182 
test_loss: 0.00480842 
train_loss: 0.00459401 
test_loss: 0.004697 
train_loss: 0.00439572 
test_loss: 0.00454365 
train_loss: 0.00391258 
test_loss: 0.00416995 
train_loss: 0.00387864 
test_loss: 0.00351576 
train_loss: 0.00391574 
test_loss: 0.00442621 
train_loss: 0.0161742 
test_loss: 0.0381135 
train_loss: 0.00401798 
test_loss: 0.00473162 
train_loss: 0.0033171 
test_loss: 0.00383692 
train_loss: 0.00421767 
test_loss: 0.00431416 
train_loss: 0.0037233 
test_loss: 0.00373139 
train_loss: 0.00336796 
test_loss: 0.00346894 
train_loss: 0.00331075 
test_loss: 0.00372899 
train_loss: 0.00361034 
test_loss: 0.00336266 
train_loss: 0.0030579 
test_loss: 0.00297208 
train_loss: 0.00340854 
test_loss: 0.00328841 
train_loss: 0.00309564 
test_loss: 0.00331498 
train_loss: 0.00316887 
test_loss: 0.00289862 
train_loss: 0.00303101 
test_loss: 0.00325149 
train_loss: 0.0023226 
test_loss: 0.0026822 
train_loss: 0.00256268 
test_loss: 0.00270167 
train_loss: 0.0028806 
test_loss: 0.00264552 
train_loss: 0.0024259 
test_loss: 0.00261968 
train_loss: 0.00303624 
test_loss: 0.00373155 
train_loss: 0.00469596 
test_loss: 0.00467704 
train_loss: 0.00258239 
test_loss: 0.00268531 
train_loss: 0.00271071 
test_loss: 0.00276052 
train_loss: 0.00316882 
test_loss: 0.00271175 
train_loss: 0.0031233 
test_loss: 0.00274545 
train_loss: 0.00237638 
test_loss: 0.00271448 
train_loss: 0.0024537 
test_loss: 0.0033781 
train_loss: 0.0042127 
test_loss: 0.00365223 
train_loss: 0.00305441 
test_loss: 0.00265773 
train_loss: 0.0030048 
test_loss: 0.00279772 
train_loss: 0.00267307 
test_loss: 0.00295983 
train_loss: 0.00267513 
test_loss: 0.00297048 
train_loss: 0.00274751 
test_loss: 0.00282854 
train_loss: 0.00273297 
test_loss: 0.00263955 
train_loss: 0.00259554 
test_loss: 0.00294083 
train_loss: 0.00231191 
test_loss: 0.00226072 
train_loss: 0.00259913 
test_loss: 0.00254059 
train_loss: 0.00315117 
test_loss: 0.00247562 
train_loss: 0.002262 
test_loss: 0.00244622 
train_loss: 0.0020828 
test_loss: 0.00207159 
train_loss: 0.00227807 
test_loss: 0.00220114 
train_loss: 0.00216004 
test_loss: 0.00241113 
train_loss: 0.00198299 
test_loss: 0.00226636 
train_loss: 0.00229335 
test_loss: 0.00245088 
train_loss: 0.00240537 
test_loss: 0.00217644 
train_loss: 0.00211462 
test_loss: 0.00232161 
train_loss: 0.00233417 
test_loss: 0.0022257 
train_loss: 0.00200082 
test_loss: 0.00199167 
train_loss: 0.00217333 
test_loss: 0.00294589 
train_loss: 0.00369231 
test_loss: 0.00347838 
train_loss: 0.00230641 
test_loss: 0.00241297 
train_loss: 0.00206659 
test_loss: 0.00221163 
train_loss: 0.00202928 
test_loss: 0.00236596 
train_loss: 0.00232648 
test_loss: 0.00237151 
train_loss: 0.00258933 
test_loss: 0.00231949 
train_loss: 0.00234671 
test_loss: 0.00219961 
train_loss: 0.00213463 
test_loss: 0.00204223 
train_loss: 0.00225017 
test_loss: 0.00223966 
train_loss: 0.0021133 
test_loss: 0.00214618 
train_loss: 0.00210994 
test_loss: 0.00233571 
train_loss: 0.00184693 
test_loss: 0.00199917 
train_loss: 0.00215173 
test_loss: 0.00200215 
train_loss: 0.0021445 
test_loss: 0.00199418 
train_loss: 0.0025001 
test_loss: 0.00198981 
train_loss: 0.0020318 
test_loss: 0.00207131 
train_loss: 0.00211678 
test_loss: 0.00194762 
train_loss: 0.00199852 
test_loss: 0.00196215 
train_loss: 0.00213415 
test_loss: 0.00199251 
train_loss: 0.00185546 
test_loss: 0.00245168 
train_loss: 0.00232357 
test_loss: 0.00306745 
train_loss: 0.00215962 
test_loss: 0.00225076 
train_loss: 0.00226951 
test_loss: 0.00202879 
train_loss: 0.00218077 
test_loss: 0.00205211 
train_loss: 0.00207784 
test_loss: 0.00216347 
train_loss: 0.00274115 
test_loss: 0.00233774 
train_loss: 0.00208298 
test_loss: 0.00248857 
