train_loss: 0.0629065 
test_loss: 0.060225 
train_loss: 0.0552667 
test_loss: 0.055504 
train_loss: 0.053358 
test_loss: 0.0548412 
train_loss: 0.0523217 
test_loss: 0.0540367 
train_loss: 0.0420479 
test_loss: 0.0419617 
train_loss: 0.0136991 
test_loss: 0.0120295 
train_loss: 0.00957058 
test_loss: 0.010261 
train_loss: 0.00994445 
test_loss: 0.00908897 
train_loss: 0.00912901 
test_loss: 0.00872118 
train_loss: 0.00834427 
test_loss: 0.00907158 
train_loss: 0.00794667 
test_loss: 0.00824212 
train_loss: 0.00759542 
test_loss: 0.00773429 
train_loss: 0.00703845 
test_loss: 0.00678277 
train_loss: 0.00616954 
test_loss: 0.00584186 
train_loss: 0.00598289 
test_loss: 0.00602668 
train_loss: 0.0062036 
test_loss: 0.00648994 
train_loss: 0.00617888 
test_loss: 0.00601155 
train_loss: 0.00524609 
test_loss: 0.00568014 
train_loss: 0.0065107 
test_loss: 0.00627108 
train_loss: 0.0058972 
test_loss: 0.00659549 
train_loss: 0.00553701 
test_loss: 0.00594445 
train_loss: 0.00640749 
test_loss: 0.006753 
train_loss: 0.00607332 
test_loss: 0.00604546 
train_loss: 0.00607131 
test_loss: 0.00617421 
train_loss: 0.00555019 
test_loss: 0.00619297 
train_loss: 0.00616991 
test_loss: 0.00696309 
train_loss: 0.00673225 
test_loss: 0.00652196 
train_loss: 0.00537398 
test_loss: 0.00582098 
train_loss: 0.00567022 
test_loss: 0.00510754 
train_loss: 0.00598399 
test_loss: 0.00597508 
train_loss: 0.00516076 
test_loss: 0.00550919 
train_loss: 0.00585975 
test_loss: 0.00567433 
train_loss: 0.00601197 
test_loss: 0.00568611 
train_loss: 0.00555223 
test_loss: 0.00499082 
train_loss: 0.00522619 
test_loss: 0.00460764 
train_loss: 0.00520158 
test_loss: 0.00517205 
train_loss: 0.00545452 
test_loss: 0.00548325 
train_loss: 0.00490985 
test_loss: 0.00490291 
train_loss: 0.00450363 
test_loss: 0.00466001 
train_loss: 0.00447505 
test_loss: 0.0046855 
train_loss: 0.00450036 
test_loss: 0.00474375 
train_loss: 0.00436304 
test_loss: 0.00403923 
train_loss: 0.00415822 
test_loss: 0.00381501 
train_loss: 0.00402792 
test_loss: 0.00391454 
train_loss: 0.00383817 
test_loss: 0.00373619 
train_loss: 0.00416429 
test_loss: 0.00426785 
train_loss: 0.00388422 
test_loss: 0.00423723 
train_loss: 0.00385217 
test_loss: 0.00390506 
train_loss: 0.00408872 
test_loss: 0.00424123 
train_loss: 0.00358891 
test_loss: 0.00381181 
train_loss: 0.00363939 
test_loss: 0.00347013 
train_loss: 0.00365908 
test_loss: 0.00380084 
train_loss: 0.00384914 
test_loss: 0.00380133 
train_loss: 0.00443408 
test_loss: 0.0040683 
train_loss: 0.00353697 
test_loss: 0.00337607 
train_loss: 0.00317442 
test_loss: 0.00358756 
train_loss: 0.00387932 
test_loss: 0.00330001 
train_loss: 0.00327336 
test_loss: 0.00349098 
train_loss: 0.00333188 
test_loss: 0.00381424 
train_loss: 0.00295446 
test_loss: 0.00326445 
train_loss: 0.00290127 
test_loss: 0.00310415 
train_loss: 0.00312598 
test_loss: 0.00327519 
train_loss: 0.00341411 
test_loss: 0.00336004 
train_loss: 0.00301522 
test_loss: 0.00352388 
train_loss: 0.00322161 
test_loss: 0.00303033 
train_loss: 0.00315093 
test_loss: 0.0029629 
train_loss: 0.00307023 
test_loss: 0.00268991 
train_loss: 0.00298835 
test_loss: 0.00343004 
train_loss: 0.00333996 
test_loss: 0.00287491 
train_loss: 0.0026755 
test_loss: 0.0029558 
train_loss: 0.00282192 
test_loss: 0.0027542 
train_loss: 0.00290636 
test_loss: 0.00267917 
train_loss: 0.00289289 
test_loss: 0.00293964 
train_loss: 0.00367125 
test_loss: 0.00316955 
train_loss: 0.00264225 
test_loss: 0.00280147 
train_loss: 0.00239584 
test_loss: 0.00315217 
train_loss: 0.00273014 
test_loss: 0.00302919 
train_loss: 0.00291168 
test_loss: 0.00268363 
train_loss: 0.00294647 
test_loss: 0.00251994 
train_loss: 0.00253082 
test_loss: 0.00262668 
train_loss: 0.0024702 
test_loss: 0.00285075 
train_loss: 0.00299527 
test_loss: 0.00291588 
train_loss: 0.00265945 
test_loss: 0.00260872 
train_loss: 0.002793 
test_loss: 0.00267385 
train_loss: 0.00247056 
test_loss: 0.00267212 
train_loss: 0.00262412 
test_loss: 0.00292015 
train_loss: 0.00268483 
test_loss: 0.00253685 
train_loss: 0.00310304 
test_loss: 0.00272795 
train_loss: 0.00311738 
test_loss: 0.0027925 
train_loss: 0.00268626 
test_loss: 0.00267158 
train_loss: 0.00274868 
test_loss: 0.00261925 
train_loss: 0.00261407 
test_loss: 0.0025496 
train_loss: 0.00248975 
test_loss: 0.00245502 
train_loss: 0.00253315 
test_loss: 0.00262053 
train_loss: 0.00274525 
test_loss: 0.00245997 
train_loss: 0.00263317 
test_loss: 0.00255521 
train_loss: 0.00245646 
test_loss: 0.00218792 
train_loss: 0.00247106 
test_loss: 0.00238686 
train_loss: 0.00258724 
test_loss: 0.00250557 
train_loss: 0.00261952 
test_loss: 0.00233028 
train_loss: 0.00251397 
test_loss: 0.00241282 
train_loss: 0.00251413 
test_loss: 0.00232752 
train_loss: 0.00239473 
test_loss: 0.00239944 
train_loss: 0.00245847 
test_loss: 0.00289301 
train_loss: 0.00273503 
test_loss: 0.00269594 
train_loss: 0.00226073 
test_loss: 0.00216651 
train_loss: 0.00224527 
test_loss: 0.00228746 
train_loss: 0.00251825 
test_loss: 0.00228822 
train_loss: 0.00205501 
test_loss: 0.00243832 
train_loss: 0.00244486 
test_loss: 0.00224326 
train_loss: 0.00251049 
test_loss: 0.00262107 
train_loss: 0.00215296 
test_loss: 0.00209802 
train_loss: 0.00257713 
test_loss: 0.00269238 
train_loss: 0.00209045 
test_loss: 0.00215146 
train_loss: 0.00257368 
test_loss: 0.00239466 
train_loss: 0.00208458 
test_loss: 0.00225348 
train_loss: 0.0021458 
test_loss: 0.00200198 
train_loss: 0.00213575 
test_loss: 0.00200548 
train_loss: 0.00206274 
test_loss: 0.00217273 
train_loss: 0.0024022 
test_loss: 0.00241931 
