train_loss: 0.0890393 
test_loss: 0.0891257 
train_loss: 0.0556903 
test_loss: 0.0551304 
train_loss: 0.0473988 
test_loss: 0.0468714 
train_loss: 0.0192255 
test_loss: 0.0185521 
train_loss: 0.0127445 
test_loss: 0.0129701 
train_loss: 0.0125489 
test_loss: 0.0122539 
train_loss: 0.011608 
test_loss: 0.0113536 
train_loss: 0.0112154 
test_loss: 0.010731 
train_loss: 0.0110434 
test_loss: 0.01072 
train_loss: 0.010066 
test_loss: 0.0103635 
train_loss: 0.0106155 
test_loss: 0.0103883 
train_loss: 0.00926779 
test_loss: 0.0100433 
train_loss: 0.00929525 
test_loss: 0.00929772 
train_loss: 0.0102283 
test_loss: 0.00968318 
train_loss: 0.00883147 
test_loss: 0.00892591 
train_loss: 0.00783275 
test_loss: 0.00856765 
train_loss: 0.00689794 
test_loss: 0.00813838 
train_loss: 0.00698712 
test_loss: 0.00676617 
train_loss: 0.00764109 
test_loss: 0.00708915 
train_loss: 0.00726066 
test_loss: 0.0073819 
train_loss: 0.00721805 
test_loss: 0.00702667 
train_loss: 0.00662421 
test_loss: 0.00626579 
train_loss: 0.00668484 
test_loss: 0.0069112 
train_loss: 0.00651648 
test_loss: 0.0061559 
train_loss: 0.00660027 
test_loss: 0.00678679 
train_loss: 0.00545769 
test_loss: 0.00613777 
train_loss: 0.00645141 
test_loss: 0.0071311 
train_loss: 0.00517172 
test_loss: 0.00579348 
train_loss: 0.0058602 
test_loss: 0.00612528 
train_loss: 0.00498744 
test_loss: 0.00508948 
train_loss: 0.00573306 
test_loss: 0.00565583 
train_loss: 0.00565221 
test_loss: 0.00537541 
train_loss: 0.0056414 
test_loss: 0.00526305 
train_loss: 0.00539446 
test_loss: 0.0047571 
train_loss: 0.00454627 
test_loss: 0.00482461 
train_loss: 0.00443974 
test_loss: 0.00500106 
train_loss: 0.00465288 
test_loss: 0.00486345 
train_loss: 0.0047448 
test_loss: 0.00472624 
train_loss: 0.00424493 
test_loss: 0.00420085 
train_loss: 0.00416793 
test_loss: 0.00446717 
train_loss: 0.00479236 
test_loss: 0.00498936 
train_loss: 0.00387916 
test_loss: 0.00391436 
train_loss: 0.00382822 
test_loss: 0.00425318 
train_loss: 0.0040329 
test_loss: 0.00414748 
train_loss: 0.00378436 
test_loss: 0.00363637 
train_loss: 0.00421494 
test_loss: 0.00396069 
train_loss: 0.0041659 
test_loss: 0.00376514 
train_loss: 0.00387527 
test_loss: 0.00371542 
train_loss: 0.00388054 
test_loss: 0.00406845 
train_loss: 0.00407472 
test_loss: 0.00376844 
train_loss: 0.00320706 
test_loss: 0.0036459 
train_loss: 0.00354544 
test_loss: 0.00369021 
train_loss: 0.00443803 
test_loss: 0.0039618 
train_loss: 0.00328946 
test_loss: 0.0030991 
train_loss: 0.00317269 
test_loss: 0.00330798 
train_loss: 0.0040892 
test_loss: 0.00368648 
train_loss: 0.00324326 
test_loss: 0.00331843 
train_loss: 0.00325368 
test_loss: 0.00337844 
train_loss: 0.00291111 
test_loss: 0.00308379 
train_loss: 0.00314165 
test_loss: 0.00315878 
train_loss: 0.00306023 
test_loss: 0.00326572 
train_loss: 0.00302843 
test_loss: 0.00298708 
train_loss: 0.00297776 
test_loss: 0.00287578 
train_loss: 0.00291416 
test_loss: 0.0028961 
train_loss: 0.00261944 
test_loss: 0.00277464 
train_loss: 0.00291847 
test_loss: 0.00284549 
train_loss: 0.00317833 
test_loss: 0.0035866 
train_loss: 0.0027888 
test_loss: 0.00269362 
train_loss: 0.00255504 
test_loss: 0.00277947 
train_loss: 0.00271241 
test_loss: 0.00271117 
train_loss: 0.0024629 
test_loss: 0.00297166 
train_loss: 0.00292512 
test_loss: 0.00319694 
train_loss: 0.00277635 
test_loss: 0.00268312 
train_loss: 0.00275897 
test_loss: 0.00229477 
train_loss: 0.00265766 
test_loss: 0.0027672 
train_loss: 0.00262634 
test_loss: 0.002513 
train_loss: 0.002331 
test_loss: 0.00250578 
train_loss: 0.00251491 
test_loss: 0.00256593 
train_loss: 0.00297264 
test_loss: 0.00309789 
train_loss: 0.00269507 
test_loss: 0.00286307 
train_loss: 0.00207799 
test_loss: 0.00250708 
train_loss: 0.00268128 
test_loss: 0.002865 
train_loss: 0.00231635 
test_loss: 0.00240061 
train_loss: 0.00264604 
test_loss: 0.00239573 
train_loss: 0.00216755 
test_loss: 0.00217438 
train_loss: 0.00245805 
test_loss: 0.00251478 
train_loss: 0.00234935 
test_loss: 0.00217352 
train_loss: 0.00241989 
test_loss: 0.00235261 
train_loss: 0.00218066 
test_loss: 0.00237003 
train_loss: 0.00248348 
test_loss: 0.00261546 
train_loss: 0.00213776 
test_loss: 0.00216106 
train_loss: 0.00238723 
test_loss: 0.00230645 
train_loss: 0.00227485 
test_loss: 0.00233956 
train_loss: 0.00284079 
test_loss: 0.00237562 
train_loss: 0.00220757 
test_loss: 0.00225147 
train_loss: 0.00215305 
test_loss: 0.00253782 
train_loss: 0.00214929 
test_loss: 0.00214028 
train_loss: 0.00213276 
test_loss: 0.00228204 
train_loss: 0.00208531 
test_loss: 0.00178904 
train_loss: 0.00236002 
test_loss: 0.00213002 
train_loss: 0.00222781 
test_loss: 0.00228946 
train_loss: 0.00217154 
test_loss: 0.0024891 
train_loss: 0.00197703 
test_loss: 0.00208028 
train_loss: 0.00209206 
test_loss: 0.00207215 
train_loss: 0.00267659 
test_loss: 0.00208759 
train_loss: 0.00237399 
test_loss: 0.00218748 
train_loss: 0.00245412 
test_loss: 0.0023468 
train_loss: 0.00220247 
test_loss: 0.002011 
train_loss: 0.00194909 
test_loss: 0.00189374 
train_loss: 0.00231464 
test_loss: 0.00189893 
train_loss: 0.00199848 
test_loss: 0.00198723 
train_loss: 0.00202669 
test_loss: 0.0020349 
train_loss: 0.00195785 
test_loss: 0.00213286 
train_loss: 0.00200727 
test_loss: 0.00201919 
train_loss: 0.00216159 
test_loss: 0.00213699 
train_loss: 0.00189158 
test_loss: 0.00210496 
train_loss: 0.00201174 
test_loss: 0.00188074 
train_loss: 0.00192007 
test_loss: 0.00211505 
train_loss: 0.00178934 
test_loss: 0.00184013 
train_loss: 0.00221999 
test_loss: 0.00206231 
