train_loss: 0.463973 
test_loss: 0.473305 
train_loss: 0.46534 
test_loss: 0.473282 
train_loss: 0.469257 
test_loss: 0.473316 
train_loss: 0.470952 
test_loss: 0.473267 
train_loss: 0.490288 
test_loss: 0.473289 
train_loss: 0.474708 
test_loss: 0.473278 
train_loss: 0.477091 
test_loss: 0.473263 
train_loss: 0.475003 
test_loss: 0.473238 
train_loss: 0.468381 
test_loss: 0.473204 
train_loss: 0.473045 
test_loss: 0.473044 
train_loss: 0.47171 
test_loss: 0.473083 
train_loss: 0.481266 
test_loss: 0.472978 
train_loss: 0.467706 
test_loss: 0.472853 
train_loss: 0.469168 
test_loss: 0.472688 
train_loss: 0.472504 
test_loss: 0.472504 
train_loss: 0.467704 
test_loss: 0.472255 
train_loss: 0.48027 
test_loss: 0.471895 
train_loss: 0.498618 
test_loss: 0.47149 
train_loss: 0.467932 
test_loss: 0.470905 
train_loss: 0.473075 
test_loss: 0.470185 
train_loss: 0.469429 
test_loss: 0.469254 
train_loss: 0.487217 
test_loss: 0.46807 
train_loss: 0.452662 
test_loss: 0.466438 
train_loss: 0.47756 
test_loss: 0.464542 
train_loss: 0.482694 
test_loss: 0.461945 
train_loss: 0.443729 
test_loss: 0.45868 
train_loss: 0.451163 
test_loss: 0.454477 
train_loss: 0.429021 
test_loss: 0.448965 
train_loss: 0.44925 
test_loss: 0.441758 
train_loss: 0.43101 
test_loss: 0.432274 
train_loss: 0.417204 
test_loss: 0.419707 
train_loss: 0.404986 
test_loss: 0.402694 
train_loss: 0.385265 
test_loss: 0.379717 
train_loss: 0.351652 
test_loss: 0.348633 
train_loss: 0.313469 
test_loss: 0.307925 
train_loss: 0.249843 
test_loss: 0.255527 
train_loss: 0.176874 
test_loss: 0.18129 
train_loss: 0.123467 
test_loss: 0.128142 
train_loss: 0.0910846 
test_loss: 0.0913518 
train_loss: 0.0633625 
test_loss: 0.0661961 
train_loss: 0.0569371 
test_loss: 0.0569714 
train_loss: 0.0553682 
test_loss: 0.0547045 
train_loss: 0.0532289 
test_loss: 0.054054 
train_loss: 0.0524024 
test_loss: 0.0536135 
train_loss: 0.0522795 
test_loss: 0.0530659 
train_loss: 0.0522555 
test_loss: 0.0523739 
train_loss: 0.0489563 
test_loss: 0.0511557 
train_loss: 0.0484324 
test_loss: 0.0490971 
train_loss: 0.0477781 
test_loss: 0.045436 
train_loss: 0.0396226 
test_loss: 0.0400269 
train_loss: 0.0320595 
test_loss: 0.0335331 
train_loss: 0.0275377 
test_loss: 0.0274282 
train_loss: 0.0213694 
test_loss: 0.0213536 
train_loss: 0.0172631 
test_loss: 0.0166324 
train_loss: 0.0143538 
test_loss: 0.0144983 
train_loss: 0.013112 
test_loss: 0.0129889 
train_loss: 0.0131557 
test_loss: 0.0121411 
train_loss: 0.0112552 
test_loss: 0.0112746 
train_loss: 0.0117357 
test_loss: 0.0110398 
train_loss: 0.0101057 
test_loss: 0.010806 
train_loss: 0.0105024 
test_loss: 0.0106869 
train_loss: 0.0113195 
test_loss: 0.0105609 
train_loss: 0.00981243 
test_loss: 0.0104188 
train_loss: 0.0102361 
test_loss: 0.0102723 
train_loss: 0.0103671 
test_loss: 0.0104974 
train_loss: 0.0101144 
test_loss: 0.0103637 
train_loss: 0.0100968 
test_loss: 0.0101442 
train_loss: 0.0106371 
test_loss: 0.0101128 
train_loss: 0.00979344 
test_loss: 0.00968166 
train_loss: 0.00982868 
test_loss: 0.00979941 
train_loss: 0.00917597 
test_loss: 0.00976104 
train_loss: 0.0097449 
test_loss: 0.00947349 
train_loss: 0.00937344 
test_loss: 0.00959691 
train_loss: 0.00935111 
test_loss: 0.00993705 
train_loss: 0.00930864 
test_loss: 0.00941645 
train_loss: 0.00899872 
test_loss: 0.00939438 
train_loss: 0.00904398 
test_loss: 0.00877233 
train_loss: 0.00811527 
test_loss: 0.00836153 
train_loss: 0.00850858 
test_loss: 0.00875964 
train_loss: 0.00823367 
test_loss: 0.00802874 
train_loss: 0.00751594 
test_loss: 0.00698075 
train_loss: 0.00654702 
test_loss: 0.00650977 
train_loss: 0.00566552 
test_loss: 0.00636947 
train_loss: 0.00683427 
test_loss: 0.00603003 
train_loss: 0.00499635 
test_loss: 0.00510627 
train_loss: 0.0046293 
test_loss: 0.00466432 
train_loss: 0.00499638 
test_loss: 0.00528609 
train_loss: 0.00453608 
test_loss: 0.00442764 
train_loss: 0.0048036 
test_loss: 0.00471681 
train_loss: 0.0042912 
test_loss: 0.00462481 
train_loss: 0.00430843 
test_loss: 0.00406987 
train_loss: 0.00433407 
test_loss: 0.00441292 
train_loss: 0.00459102 
test_loss: 0.00417254 
train_loss: 0.0041103 
test_loss: 0.00423692 
train_loss: 0.00379336 
test_loss: 0.00401803 
train_loss: 0.00375845 
test_loss: 0.00383094 
train_loss: 0.00422394 
test_loss: 0.00365444 
train_loss: 0.00356436 
test_loss: 0.00344055 
train_loss: 0.00422922 
test_loss: 0.00386889 
train_loss: 0.0031952 
test_loss: 0.00359296 
train_loss: 0.0033474 
test_loss: 0.00360631 
train_loss: 0.00362607 
test_loss: 0.00397547 
train_loss: 0.00358037 
test_loss: 0.00363825 
train_loss: 0.00301321 
test_loss: 0.00327022 
train_loss: 0.00359111 
test_loss: 0.00352535 
train_loss: 0.0033634 
test_loss: 0.00361794 
train_loss: 0.00318218 
test_loss: 0.00328813 
train_loss: 0.00374557 
test_loss: 0.00340406 
train_loss: 0.00367455 
test_loss: 0.00337923 
train_loss: 0.00327795 
test_loss: 0.00344388 
train_loss: 0.00350451 
test_loss: 0.00331522 
train_loss: 0.00326554 
test_loss: 0.00326015 
train_loss: 0.00324732 
test_loss: 0.00336457 
train_loss: 0.00302666 
test_loss: 0.00295786 
train_loss: 0.00355505 
test_loss: 0.00329119 
train_loss: 0.00324284 
test_loss: 0.00326569 
train_loss: 0.00288831 
test_loss: 0.00326561 
train_loss: 0.00315866 
test_loss: 0.00326418 
train_loss: 0.00319727 
test_loss: 0.00288099 
train_loss: 0.00338286 
test_loss: 0.00317215 
train_loss: 0.00327373 
test_loss: 0.0030901 
train_loss: 0.0029085 
test_loss: 0.00314331 
train_loss: 0.00324545 
test_loss: 0.00289095 
train_loss: 0.00298698 
test_loss: 0.00294602 
train_loss: 0.00319832 
test_loss: 0.00278102 
train_loss: 0.00265522 
test_loss: 0.00288961 
train_loss: 0.00293386 
test_loss: 0.00282212 
train_loss: 0.00281038 
test_loss: 0.00288697 
train_loss: 0.00276723 
test_loss: 0.00273572 
train_loss: 0.00266473 
test_loss: 0.0029515 
train_loss: 0.00276634 
test_loss: 0.00270137 
train_loss: 0.00276319 
test_loss: 0.00295623 
train_loss: 0.00284238 
test_loss: 0.00282262 
train_loss: 0.00280495 
test_loss: 0.00282486 
train_loss: 0.00266796 
test_loss: 0.00271177 
train_loss: 0.00310565 
test_loss: 0.00314855 
train_loss: 0.00261116 
test_loss: 0.00266665 
train_loss: 0.00266574 
test_loss: 0.00291837 
train_loss: 0.00287243 
test_loss: 0.00284433 
train_loss: 0.00262745 
test_loss: 0.00268133 
train_loss: 0.00278883 
test_loss: 0.00283003 
