train_loss: 0.48757 
test_loss: 0.503115 
train_loss: 0.509956 
test_loss: 0.503007 
train_loss: 0.500868 
test_loss: 0.502787 
train_loss: 0.488759 
test_loss: 0.502467 
train_loss: 0.501025 
test_loss: 0.502139 
train_loss: 0.503333 
test_loss: 0.501679 
train_loss: 0.505011 
test_loss: 0.501003 
train_loss: 0.512326 
test_loss: 0.500256 
train_loss: 0.507528 
test_loss: 0.499139 
train_loss: 0.486472 
test_loss: 0.49778 
train_loss: 0.488305 
test_loss: 0.49605 
train_loss: 0.490101 
test_loss: 0.493875 
train_loss: 0.452813 
test_loss: 0.490985 
train_loss: 0.494457 
test_loss: 0.487446 
train_loss: 0.497777 
test_loss: 0.482937 
train_loss: 0.464353 
test_loss: 0.477145 
train_loss: 0.470648 
test_loss: 0.469911 
train_loss: 0.470591 
test_loss: 0.460828 
train_loss: 0.455982 
test_loss: 0.449357 
train_loss: 0.442234 
test_loss: 0.435324 
train_loss: 0.394527 
test_loss: 0.418039 
train_loss: 0.406413 
test_loss: 0.396994 
train_loss: 0.384927 
test_loss: 0.371656 
train_loss: 0.334899 
test_loss: 0.341283 
train_loss: 0.304007 
test_loss: 0.305589 
train_loss: 0.280641 
test_loss: 0.266082 
train_loss: 0.2263 
test_loss: 0.225609 
train_loss: 0.178415 
test_loss: 0.181669 
train_loss: 0.129002 
test_loss: 0.133913 
train_loss: 0.0885731 
test_loss: 0.0895213 
train_loss: 0.0623614 
test_loss: 0.0636828 
train_loss: 0.0555189 
test_loss: 0.0560945 
train_loss: 0.0513748 
test_loss: 0.0541645 
train_loss: 0.0519251 
test_loss: 0.0532545 
train_loss: 0.0508862 
test_loss: 0.0524756 
train_loss: 0.0514247 
test_loss: 0.0512625 
train_loss: 0.0492416 
test_loss: 0.0495393 
train_loss: 0.0473392 
test_loss: 0.0468655 
train_loss: 0.0409779 
test_loss: 0.0424077 
train_loss: 0.0339524 
test_loss: 0.0358315 
train_loss: 0.0298422 
test_loss: 0.0275446 
train_loss: 0.0193548 
test_loss: 0.0186913 
train_loss: 0.0132092 
test_loss: 0.0137465 
train_loss: 0.0119113 
test_loss: 0.0114961 
train_loss: 0.0113863 
test_loss: 0.0106749 
train_loss: 0.0101509 
test_loss: 0.0112152 
train_loss: 0.00966415 
test_loss: 0.0115445 
train_loss: 0.0101703 
test_loss: 0.00964668 
train_loss: 0.00994016 
test_loss: 0.00983058 
train_loss: 0.00969853 
test_loss: 0.00966145 
train_loss: 0.00869197 
test_loss: 0.00944942 
train_loss: 0.0095203 
test_loss: 0.00969419 
train_loss: 0.00930856 
test_loss: 0.00922081 
train_loss: 0.00956644 
test_loss: 0.00955267 
train_loss: 0.00934052 
test_loss: 0.00921306 
train_loss: 0.00915258 
test_loss: 0.00920823 
train_loss: 0.00932945 
test_loss: 0.00959646 
train_loss: 0.00894372 
test_loss: 0.00970551 
train_loss: 0.00957262 
test_loss: 0.00908786 
train_loss: 0.0092662 
test_loss: 0.00956289 
train_loss: 0.00828269 
test_loss: 0.00880794 
train_loss: 0.00889159 
test_loss: 0.00911464 
train_loss: 0.00851279 
test_loss: 0.00935225 
train_loss: 0.00797278 
test_loss: 0.00833951 
train_loss: 0.0082151 
test_loss: 0.00843389 
train_loss: 0.00736244 
test_loss: 0.00728264 
train_loss: 0.0072534 
test_loss: 0.00666683 
train_loss: 0.00598232 
test_loss: 0.0059631 
train_loss: 0.00553188 
test_loss: 0.00538237 
train_loss: 0.0051532 
test_loss: 0.00516542 
train_loss: 0.00472211 
test_loss: 0.00477915 
train_loss: 0.00492673 
test_loss: 0.0049423 
train_loss: 0.00473387 
test_loss: 0.00477981 
train_loss: 0.00458485 
test_loss: 0.00461459 
train_loss: 0.00424048 
test_loss: 0.00405592 
train_loss: 0.00402343 
test_loss: 0.00431671 
train_loss: 0.0049812 
test_loss: 0.00447946 
train_loss: 0.00432912 
test_loss: 0.0039058 
train_loss: 0.00380305 
test_loss: 0.0041661 
train_loss: 0.00359604 
test_loss: 0.00382081 
train_loss: 0.00417717 
test_loss: 0.00380449 
train_loss: 0.00423925 
test_loss: 0.00396858 
train_loss: 0.00362691 
test_loss: 0.00388744 
train_loss: 0.00414474 
test_loss: 0.0040404 
train_loss: 0.00364149 
test_loss: 0.00378502 
train_loss: 0.00329052 
test_loss: 0.00398029 
train_loss: 0.00362114 
test_loss: 0.00360996 
train_loss: 0.00384149 
test_loss: 0.00377885 
train_loss: 0.00362682 
test_loss: 0.00368086 
train_loss: 0.00346416 
test_loss: 0.00371396 
train_loss: 0.00385894 
test_loss: 0.00376144 
train_loss: 0.00325273 
test_loss: 0.0035006 
train_loss: 0.00357477 
test_loss: 0.00335297 
train_loss: 0.003655 
test_loss: 0.00348591 
train_loss: 0.00312065 
test_loss: 0.00315711 
train_loss: 0.00332806 
test_loss: 0.00319333 
train_loss: 0.00334949 
test_loss: 0.00325177 
train_loss: 0.00301166 
test_loss: 0.00305618 
train_loss: 0.0030923 
test_loss: 0.00343792 
train_loss: 0.00332244 
test_loss: 0.00359655 
train_loss: 0.00354885 
test_loss: 0.00319284 
train_loss: 0.00318184 
test_loss: 0.00294269 
train_loss: 0.00320862 
test_loss: 0.00321505 
train_loss: 0.00309322 
test_loss: 0.00319432 
train_loss: 0.00286573 
test_loss: 0.00302277 
train_loss: 0.00308051 
test_loss: 0.00273393 
train_loss: 0.00306049 
test_loss: 0.0029901 
train_loss: 0.0028914 
test_loss: 0.00298704 
train_loss: 0.00326393 
test_loss: 0.00306801 
train_loss: 0.00293264 
test_loss: 0.00302657 
train_loss: 0.0030666 
test_loss: 0.00302146 
train_loss: 0.00273217 
test_loss: 0.00271082 
train_loss: 0.00273148 
test_loss: 0.00277056 
train_loss: 0.00300153 
test_loss: 0.00303967 
train_loss: 0.00303125 
test_loss: 0.00278258 
train_loss: 0.00266304 
test_loss: 0.00281495 
train_loss: 0.00247083 
test_loss: 0.0025981 
train_loss: 0.00283188 
test_loss: 0.00288123 
train_loss: 0.00265148 
test_loss: 0.00270426 
train_loss: 0.00304639 
test_loss: 0.00275729 
train_loss: 0.00272053 
test_loss: 0.00259028 
train_loss: 0.00262895 
test_loss: 0.00271961 
train_loss: 0.00267363 
test_loss: 0.00273331 
train_loss: 0.00288807 
test_loss: 0.00295195 
train_loss: 0.00277005 
test_loss: 0.00275591 
train_loss: 0.00266153 
test_loss: 0.00272134 
train_loss: 0.00239794 
test_loss: 0.00267665 
train_loss: 0.00288826 
test_loss: 0.00312397 
train_loss: 0.00236311 
test_loss: 0.00256958 
train_loss: 0.00244462 
test_loss: 0.00246785 
train_loss: 0.0026331 
test_loss: 0.00255692 
train_loss: 0.00277316 
test_loss: 0.00289196 
train_loss: 0.00241939 
test_loss: 0.00250083 
train_loss: 0.00253579 
test_loss: 0.00251397 
train_loss: 0.00244373 
test_loss: 0.00253528 
train_loss: 0.00259338 
test_loss: 0.00268566 
train_loss: 0.00257626 
test_loss: 0.00264778 
train_loss: 0.00261372 
test_loss: 0.00250373 
train_loss: 0.00229664 
test_loss: 0.00261867 
train_loss: 0.00280112 
test_loss: 0.00242326 
train_loss: 0.00270534 
test_loss: 0.0025702 
