train_loss: 0.532291 
test_loss: 0.51383 
train_loss: 0.509655 
test_loss: 0.51345 
train_loss: 0.536856 
test_loss: 0.512735 
train_loss: 0.51983 
test_loss: 0.511912 
train_loss: 0.492385 
test_loss: 0.510755 
train_loss: 0.494707 
test_loss: 0.509237 
train_loss: 0.514986 
test_loss: 0.507224 
train_loss: 0.501441 
test_loss: 0.504772 
train_loss: 0.525474 
test_loss: 0.50151 
train_loss: 0.485172 
test_loss: 0.497327 
train_loss: 0.494803 
test_loss: 0.491923 
train_loss: 0.497281 
test_loss: 0.484865 
train_loss: 0.479921 
test_loss: 0.475337 
train_loss: 0.454822 
test_loss: 0.461795 
train_loss: 0.425607 
test_loss: 0.436893 
train_loss: 0.346288 
test_loss: 0.348555 
train_loss: 0.283743 
test_loss: 0.279648 
train_loss: 0.236761 
test_loss: 0.235944 
train_loss: 0.201527 
test_loss: 0.196895 
train_loss: 0.166434 
test_loss: 0.161739 
train_loss: 0.130069 
test_loss: 0.131317 
train_loss: 0.104931 
test_loss: 0.105629 
train_loss: 0.0854444 
test_loss: 0.0849394 
train_loss: 0.0695339 
test_loss: 0.0694548 
train_loss: 0.0557733 
test_loss: 0.0594503 
train_loss: 0.0527633 
test_loss: 0.0542002 
train_loss: 0.0507156 
test_loss: 0.0513636 
train_loss: 0.0513428 
test_loss: 0.0499319 
train_loss: 0.0499779 
test_loss: 0.0485132 
train_loss: 0.0471738 
test_loss: 0.0471121 
train_loss: 0.0467497 
test_loss: 0.0448499 
train_loss: 0.0428988 
test_loss: 0.042469 
train_loss: 0.0390231 
test_loss: 0.0389722 
train_loss: 0.0337898 
test_loss: 0.0354399 
train_loss: 0.0292501 
test_loss: 0.0305711 
train_loss: 0.0269793 
test_loss: 0.0259064 
train_loss: 0.0218791 
test_loss: 0.020685 
train_loss: 0.0170106 
test_loss: 0.0171224 
train_loss: 0.0139651 
test_loss: 0.0141539 
train_loss: 0.0129239 
test_loss: 0.0131134 
train_loss: 0.011308 
test_loss: 0.0116711 
train_loss: 0.0109443 
test_loss: 0.0118817 
train_loss: 0.0112558 
test_loss: 0.0112218 
train_loss: 0.0101695 
test_loss: 0.00990669 
train_loss: 0.0100724 
test_loss: 0.00997247 
train_loss: 0.0104036 
test_loss: 0.00992388 
train_loss: 0.010577 
test_loss: 0.0103659 
train_loss: 0.0101442 
test_loss: 0.00986827 
train_loss: 0.010361 
test_loss: 0.0101444 
train_loss: 0.00866912 
test_loss: 0.0097977 
train_loss: 0.00886206 
test_loss: 0.00839797 
train_loss: 0.00829194 
test_loss: 0.00858093 
train_loss: 0.00736377 
test_loss: 0.00830149 
train_loss: 0.00768547 
test_loss: 0.00767197 
train_loss: 0.00790252 
test_loss: 0.00732039 
train_loss: 0.00768373 
test_loss: 0.00736831 
train_loss: 0.00658062 
test_loss: 0.00656209 
train_loss: 0.00767246 
test_loss: 0.00702195 
train_loss: 0.00646324 
test_loss: 0.00662393 
train_loss: 0.00583343 
test_loss: 0.00656836 
train_loss: 0.00626065 
test_loss: 0.00639482 
train_loss: 0.00532426 
test_loss: 0.00558682 
train_loss: 0.00599038 
test_loss: 0.0059036 
train_loss: 0.00552415 
test_loss: 0.00535664 
train_loss: 0.00569748 
test_loss: 0.00554806 
train_loss: 0.00519591 
test_loss: 0.0055186 
train_loss: 0.0049873 
test_loss: 0.00483748 
train_loss: 0.00495554 
test_loss: 0.00503798 
train_loss: 0.00514068 
test_loss: 0.0046964 
train_loss: 0.00510211 
test_loss: 0.00509928 
train_loss: 0.00417109 
test_loss: 0.00408709 
train_loss: 0.00425835 
test_loss: 0.00493024 
train_loss: 0.00433674 
test_loss: 0.00497213 
train_loss: 0.00409837 
test_loss: 0.00451191 
train_loss: 0.00478961 
test_loss: 0.00518514 
train_loss: 0.00425463 
test_loss: 0.00422473 
train_loss: 0.00368733 
test_loss: 0.00374067 
train_loss: 0.00396039 
test_loss: 0.00396557 
train_loss: 0.00412719 
test_loss: 0.00442742 
train_loss: 0.00425088 
test_loss: 0.00431846 
train_loss: 0.00402437 
test_loss: 0.00385279 
train_loss: 0.00356556 
test_loss: 0.003538 
train_loss: 0.00378632 
test_loss: 0.0036862 
train_loss: 0.00398576 
test_loss: 0.0038048 
train_loss: 0.00352944 
test_loss: 0.00388708 
train_loss: 0.00405903 
test_loss: 0.00369707 
train_loss: 0.00358665 
test_loss: 0.00361781 
train_loss: 0.00338103 
test_loss: 0.00378495 
train_loss: 0.00337918 
test_loss: 0.00360648 
train_loss: 0.00363951 
test_loss: 0.00354253 
train_loss: 0.00355378 
test_loss: 0.00336729 
train_loss: 0.00354828 
test_loss: 0.00339486 
train_loss: 0.00358124 
test_loss: 0.00347773 
train_loss: 0.00365517 
test_loss: 0.00356763 
train_loss: 0.00293339 
test_loss: 0.00356604 
train_loss: 0.00361222 
test_loss: 0.00347693 
train_loss: 0.00317767 
test_loss: 0.00330486 
train_loss: 0.00343589 
test_loss: 0.00325319 
train_loss: 0.00310487 
test_loss: 0.00316049 
train_loss: 0.00319051 
test_loss: 0.00315311 
train_loss: 0.00283222 
test_loss: 0.00280266 
train_loss: 0.00315879 
test_loss: 0.0031531 
train_loss: 0.00308725 
test_loss: 0.00286264 
train_loss: 0.00290769 
test_loss: 0.00291616 
train_loss: 0.00307422 
test_loss: 0.00286309 
train_loss: 0.00312229 
test_loss: 0.00280324 
train_loss: 0.00291078 
test_loss: 0.00278719 
train_loss: 0.00276741 
test_loss: 0.00282002 
train_loss: 0.0031244 
test_loss: 0.00271541 
train_loss: 0.0029777 
test_loss: 0.00281385 
train_loss: 0.0029962 
test_loss: 0.0029652 
