train_loss: 0.530137 
test_loss: 0.539317 
train_loss: 0.539627 
test_loss: 0.534983 
train_loss: 0.519534 
test_loss: 0.528414 
train_loss: 0.528112 
test_loss: 0.519609 
train_loss: 0.502616 
test_loss: 0.508205 
train_loss: 0.468817 
test_loss: 0.49397 
train_loss: 0.487809 
test_loss: 0.476496 
train_loss: 0.44825 
test_loss: 0.4554 
train_loss: 0.416614 
test_loss: 0.430467 
train_loss: 0.409442 
test_loss: 0.401454 
train_loss: 0.395521 
test_loss: 0.368456 
train_loss: 0.325835 
test_loss: 0.331158 
train_loss: 0.297315 
test_loss: 0.289597 
train_loss: 0.250724 
test_loss: 0.243879 
train_loss: 0.200243 
test_loss: 0.195091 
train_loss: 0.144551 
test_loss: 0.147369 
train_loss: 0.106528 
test_loss: 0.108165 
train_loss: 0.080298 
test_loss: 0.0824109 
train_loss: 0.0669727 
test_loss: 0.0666623 
train_loss: 0.0567642 
test_loss: 0.0577997 
train_loss: 0.0531229 
test_loss: 0.0537342 
train_loss: 0.0509175 
test_loss: 0.0511138 
train_loss: 0.0491515 
test_loss: 0.0485336 
train_loss: 0.0464283 
test_loss: 0.0456995 
train_loss: 0.0433771 
test_loss: 0.0419007 
train_loss: 0.0383327 
test_loss: 0.0369318 
train_loss: 0.0302358 
test_loss: 0.0308029 
train_loss: 0.0235742 
test_loss: 0.0242187 
train_loss: 0.0170052 
test_loss: 0.0174988 
train_loss: 0.0134913 
test_loss: 0.0132936 
train_loss: 0.0115182 
test_loss: 0.0115325 
train_loss: 0.0107143 
test_loss: 0.0107176 
train_loss: 0.0103687 
test_loss: 0.0101311 
train_loss: 0.0102059 
test_loss: 0.00979836 
train_loss: 0.0105448 
test_loss: 0.00970362 
train_loss: 0.00988078 
test_loss: 0.00944506 
train_loss: 0.00905295 
test_loss: 0.00937019 
train_loss: 0.00982603 
test_loss: 0.00986942 
train_loss: 0.00967135 
test_loss: 0.00940117 
train_loss: 0.00955537 
test_loss: 0.00964224 
train_loss: 0.00936617 
test_loss: 0.00984932 
train_loss: 0.00938498 
test_loss: 0.0100165 
train_loss: 0.00889566 
test_loss: 0.00939756 
train_loss: 0.00956261 
test_loss: 0.00931018 
train_loss: 0.00975297 
test_loss: 0.00965857 
train_loss: 0.00936285 
test_loss: 0.00950882 
train_loss: 0.00876594 
test_loss: 0.00919343 
train_loss: 0.00949701 
test_loss: 0.00960508 
train_loss: 0.00955922 
test_loss: 0.00917598 
train_loss: 0.00851434 
test_loss: 0.00917676 
train_loss: 0.00941893 
test_loss: 0.00930683 
train_loss: 0.0089622 
test_loss: 0.00904817 
train_loss: 0.00890811 
test_loss: 0.00889006 
train_loss: 0.00896289 
test_loss: 0.00854244 
train_loss: 0.00904408 
test_loss: 0.00840953 
train_loss: 0.00778553 
test_loss: 0.00762677 
train_loss: 0.00716557 
test_loss: 0.00698448 
train_loss: 0.00650603 
test_loss: 0.00650039 
train_loss: 0.00585408 
test_loss: 0.00574976 
train_loss: 0.00505917 
test_loss: 0.00518076 
train_loss: 0.00466337 
test_loss: 0.004448 
train_loss: 0.00463884 
test_loss: 0.00454198 
train_loss: 0.00468956 
test_loss: 0.00450021 
train_loss: 0.00435028 
test_loss: 0.00418858 
train_loss: 0.00424991 
test_loss: 0.00406745 
train_loss: 0.00388118 
test_loss: 0.00402526 
train_loss: 0.00410253 
test_loss: 0.00430409 
train_loss: 0.00402079 
test_loss: 0.0038404 
train_loss: 0.00375964 
test_loss: 0.00381455 
train_loss: 0.00368653 
test_loss: 0.00364516 
train_loss: 0.00362848 
test_loss: 0.00366953 
train_loss: 0.00366098 
test_loss: 0.00363103 
train_loss: 0.00349513 
test_loss: 0.00358498 
train_loss: 0.00375132 
test_loss: 0.0034413 
train_loss: 0.00378286 
test_loss: 0.00368777 
train_loss: 0.00351596 
test_loss: 0.00342533 
train_loss: 0.0037178 
test_loss: 0.00347077 
train_loss: 0.00341085 
test_loss: 0.0033665 
train_loss: 0.00352137 
test_loss: 0.00354747 
train_loss: 0.00340845 
test_loss: 0.00343616 
train_loss: 0.0034488 
test_loss: 0.00346926 
train_loss: 0.00335193 
test_loss: 0.00336382 
train_loss: 0.003444 
test_loss: 0.00333035 
train_loss: 0.00306128 
test_loss: 0.00324436 
train_loss: 0.00322031 
test_loss: 0.00310819 
train_loss: 0.0033171 
test_loss: 0.0037933 
train_loss: 0.0032512 
test_loss: 0.00319971 
train_loss: 0.0033454 
test_loss: 0.00327862 
train_loss: 0.00290974 
test_loss: 0.00289859 
train_loss: 0.0030256 
test_loss: 0.00318394 
train_loss: 0.00320381 
test_loss: 0.00292683 
train_loss: 0.00304651 
test_loss: 0.00299204 
train_loss: 0.00278945 
test_loss: 0.00299597 
train_loss: 0.00294181 
test_loss: 0.00307521 
train_loss: 0.00324232 
test_loss: 0.00338166 
train_loss: 0.00323252 
test_loss: 0.00317593 
train_loss: 0.00254187 
test_loss: 0.00268279 
train_loss: 0.00298971 
test_loss: 0.00294443 
train_loss: 0.0033721 
test_loss: 0.00310348 
train_loss: 0.00332522 
test_loss: 0.00316609 
train_loss: 0.00317164 
test_loss: 0.00297613 
train_loss: 0.00298458 
test_loss: 0.00302076 
train_loss: 0.00299132 
test_loss: 0.00313328 
train_loss: 0.00295245 
test_loss: 0.00306813 
train_loss: 0.00296128 
test_loss: 0.00298387 
train_loss: 0.00273209 
test_loss: 0.00268954 
train_loss: 0.00290662 
test_loss: 0.00283956 
train_loss: 0.00315129 
test_loss: 0.00314809 
train_loss: 0.00285967 
test_loss: 0.00282555 
train_loss: 0.00268924 
test_loss: 0.00296124 
train_loss: 0.00274458 
test_loss: 0.00270651 
train_loss: 0.00329676 
test_loss: 0.00283624 
train_loss: 0.00248422 
test_loss: 0.00275321 
train_loss: 0.00268226 
test_loss: 0.00267466 
train_loss: 0.00265982 
test_loss: 0.00277032 
train_loss: 0.00267692 
test_loss: 0.0025989 
train_loss: 0.00269729 
test_loss: 0.00282029 
train_loss: 0.00241344 
test_loss: 0.00242668 
train_loss: 0.00249113 
test_loss: 0.00249415 
train_loss: 0.00272496 
test_loss: 0.00266316 
train_loss: 0.00279195 
test_loss: 0.00275749 
train_loss: 0.00259206 
test_loss: 0.00274614 
train_loss: 0.00246873 
test_loss: 0.00261324 
train_loss: 0.00270557 
test_loss: 0.0026309 
train_loss: 0.00241525 
test_loss: 0.0023971 
train_loss: 0.00245455 
test_loss: 0.00252872 
train_loss: 0.00225229 
test_loss: 0.00240666 
train_loss: 0.00239654 
test_loss: 0.0027074 
train_loss: 0.00258465 
test_loss: 0.00260698 
train_loss: 0.00245453 
test_loss: 0.00253861 
train_loss: 0.00221795 
test_loss: 0.00233881 
train_loss: 0.0026902 
test_loss: 0.0025569 
train_loss: 0.00226867 
test_loss: 0.00236998 
train_loss: 0.00239125 
test_loss: 0.00282914 
train_loss: 0.00222093 
test_loss: 0.00222931 
train_loss: 0.00230155 
test_loss: 0.00237406 
train_loss: 0.00233472 
test_loss: 0.00226189 
train_loss: 0.00254837 
test_loss: 0.0023302 
train_loss: 0.00235931 
test_loss: 0.00222714 
train_loss: 0.00248791 
test_loss: 0.00252482 
train_loss: 0.00259184 
test_loss: 0.0026185 
train_loss: 0.00228763 
test_loss: 0.00238175 
train_loss: 0.00204845 
test_loss: 0.00214437 
train_loss: 0.00250173 
test_loss: 0.0026372 
train_loss: 0.00240789 
test_loss: 0.00222228 
train_loss: 0.00216628 
test_loss: 0.00234303 
train_loss: 0.00221705 
test_loss: 0.0023217 
train_loss: 0.00207006 
test_loss: 0.00219047 
train_loss: 0.00229561 
test_loss: 0.0021575 
train_loss: 0.00228006 
test_loss: 0.00237298 
train_loss: 0.00241134 
test_loss: 0.00248875 
train_loss: 0.00230572 
test_loss: 0.00249467 
train_loss: 0.00203666 
test_loss: 0.0021541 
train_loss: 0.0022595 
test_loss: 0.00238468 
train_loss: 0.00238784 
test_loss: 0.00231653 
train_loss: 0.00235793 
test_loss: 0.00227372 
train_loss: 0.00244911 
test_loss: 0.00226794 
train_loss: 0.00229688 
test_loss: 0.00220149 
train_loss: 0.00239139 
test_loss: 0.00240461 
train_loss: 0.00205521 
test_loss: 0.00216522 
train_loss: 0.00223203 
test_loss: 0.00211321 
train_loss: 0.00224841 
test_loss: 0.0023197 
train_loss: 0.00219198 
test_loss: 0.00225183 
train_loss: 0.00218288 
test_loss: 0.00234238 
train_loss: 0.00234303 
test_loss: 0.00216139 
train_loss: 0.00209422 
test_loss: 0.00246523 
train_loss: 0.00213646 
test_loss: 0.00224518 
train_loss: 0.00211622 
test_loss: 0.00218516 
train_loss: 0.0021067 
test_loss: 0.00198659 
train_loss: 0.00227221 
test_loss: 0.00213188 
train_loss: 0.00233809 
test_loss: 0.00201717 
train_loss: 0.00200444 
test_loss: 0.00209921 
train_loss: 0.00182821 
test_loss: 0.00194238 
train_loss: 0.00219377 
test_loss: 0.00226264 
train_loss: 0.00228724 
test_loss: 0.00230977 
train_loss: 0.00195494 
test_loss: 0.0020919 
train_loss: 0.00189091 
test_loss: 0.00199387 
train_loss: 0.00206141 
test_loss: 0.00214836 
train_loss: 0.00216727 
test_loss: 0.00197447 
train_loss: 0.00206358 
test_loss: 0.00198608 
train_loss: 0.00212055 
test_loss: 0.00201458 
train_loss: 0.0022722 
test_loss: 0.00222048 
train_loss: 0.0019826 
test_loss: 0.0020831 
train_loss: 0.00217496 
test_loss: 0.00209032 
train_loss: 0.00212191 
test_loss: 0.0020387 
train_loss: 0.00198648 
test_loss: 0.00228064 
train_loss: 0.00218664 
test_loss: 0.00220302 
train_loss: 0.00197095 
test_loss: 0.00212914 
train_loss: 0.0020324 
test_loss: 0.00209199 
train_loss: 0.0019257 
test_loss: 0.00201429 
train_loss: 0.00212457 
test_loss: 0.00218444 
train_loss: 0.00197686 
test_loss: 0.0022555 
train_loss: 0.0018982 
test_loss: 0.00197026 
train_loss: 0.00205664 
test_loss: 0.00198618 
train_loss: 0.00202314 
test_loss: 0.00189548 
train_loss: 0.00185697 
test_loss: 0.00207374 
train_loss: 0.00183357 
test_loss: 0.00193802 
train_loss: 0.00189565 
test_loss: 0.00209751 
train_loss: 0.00202685 
test_loss: 0.0021557 
train_loss: 0.00189424 
test_loss: 0.0019729 
