train_loss: 0.337547 
test_loss: 0.342271 
train_loss: 0.333409 
test_loss: 0.332458 
train_loss: 0.301784 
test_loss: 0.318362 
train_loss: 0.300977 
test_loss: 0.299881 
train_loss: 0.274799 
test_loss: 0.276757 
train_loss: 0.249628 
test_loss: 0.248648 
train_loss: 0.20982 
test_loss: 0.214689 
train_loss: 0.172173 
test_loss: 0.173974 
train_loss: 0.139183 
test_loss: 0.131467 
train_loss: 0.0943473 
test_loss: 0.095219 
train_loss: 0.0693438 
test_loss: 0.0683288 
train_loss: 0.0572103 
test_loss: 0.0578713 
train_loss: 0.0561641 
test_loss: 0.0543617 
train_loss: 0.0502299 
test_loss: 0.0522352 
train_loss: 0.0496335 
test_loss: 0.0496916 
train_loss: 0.0450777 
test_loss: 0.0459734 
train_loss: 0.0400937 
test_loss: 0.0397239 
train_loss: 0.0298939 
test_loss: 0.0307281 
train_loss: 0.0207894 
test_loss: 0.0208956 
train_loss: 0.0145896 
test_loss: 0.0146728 
train_loss: 0.0120764 
test_loss: 0.0119161 
train_loss: 0.0112108 
test_loss: 0.0110988 
train_loss: 0.0109305 
test_loss: 0.0103415 
train_loss: 0.0104069 
test_loss: 0.0104017 
train_loss: 0.0104833 
test_loss: 0.00981615 
train_loss: 0.00981908 
test_loss: 0.00962579 
train_loss: 0.00965857 
test_loss: 0.00961236 
train_loss: 0.00961166 
test_loss: 0.00958012 
train_loss: 0.00985351 
test_loss: 0.00984226 
train_loss: 0.00903527 
test_loss: 0.00933347 
train_loss: 0.00947542 
test_loss: 0.00955347 
train_loss: 0.010026 
test_loss: 0.00950286 
train_loss: 0.00966188 
test_loss: 0.00982449 
train_loss: 0.0089804 
test_loss: 0.00947428 
train_loss: 0.0101157 
test_loss: 0.00975422 
train_loss: 0.00950495 
test_loss: 0.00936874 
train_loss: 0.0085174 
test_loss: 0.00909496 
train_loss: 0.00888258 
test_loss: 0.00885329 
train_loss: 0.00776989 
test_loss: 0.00858377 
train_loss: 0.00709813 
test_loss: 0.00689894 
train_loss: 0.00696092 
test_loss: 0.00590497 
train_loss: 0.00564388 
test_loss: 0.00665466 
train_loss: 0.00587322 
test_loss: 0.0055948 
train_loss: 0.00521454 
test_loss: 0.005565 
train_loss: 0.00502411 
test_loss: 0.005013 
train_loss: 0.00563443 
test_loss: 0.00491114 
train_loss: 0.00437519 
test_loss: 0.00458046 
train_loss: 0.00527432 
test_loss: 0.0047986 
train_loss: 0.00397878 
test_loss: 0.00420064 
train_loss: 0.00419426 
test_loss: 0.00404243 
train_loss: 0.0044777 
test_loss: 0.00443017 
train_loss: 0.00439497 
test_loss: 0.00423737 
train_loss: 0.00462553 
test_loss: 0.00417591 
train_loss: 0.00373557 
test_loss: 0.00363002 
train_loss: 0.00466991 
test_loss: 0.00473439 
train_loss: 0.00413805 
test_loss: 0.0040149 
train_loss: 0.00385347 
test_loss: 0.00428682 
train_loss: 0.00335406 
test_loss: 0.00439692 
train_loss: 0.00414627 
test_loss: 0.00404739 
train_loss: 0.00368217 
test_loss: 0.00346417 
train_loss: 0.00368385 
test_loss: 0.00409058 
train_loss: 0.00330364 
test_loss: 0.00366644 
train_loss: 0.00356156 
test_loss: 0.00355927 
train_loss: 0.00362335 
test_loss: 0.00367786 
train_loss: 0.00374258 
test_loss: 0.00388497 
train_loss: 0.00360922 
test_loss: 0.00375469 
train_loss: 0.00342869 
test_loss: 0.00362683 
train_loss: 0.00372888 
test_loss: 0.00362943 
train_loss: 0.00333638 
test_loss: 0.00336753 
train_loss: 0.00338504 
test_loss: 0.00320414 
train_loss: 0.00333962 
test_loss: 0.00354424 
train_loss: 0.00312323 
test_loss: 0.00318102 
train_loss: 0.00321776 
test_loss: 0.0031136 
train_loss: 0.00338369 
test_loss: 0.00359775 
train_loss: 0.00366149 
test_loss: 0.00356842 
train_loss: 0.0030332 
test_loss: 0.0030722 
train_loss: 0.0033105 
test_loss: 0.00319314 
train_loss: 0.00306174 
test_loss: 0.0029593 
train_loss: 0.00287578 
test_loss: 0.00307784 
train_loss: 0.00288451 
test_loss: 0.00300178 
train_loss: 0.00323585 
test_loss: 0.00326423 
train_loss: 0.00291957 
test_loss: 0.00267815 
train_loss: 0.00262398 
test_loss: 0.00265485 
train_loss: 0.00269445 
test_loss: 0.00276589 
train_loss: 0.0029708 
test_loss: 0.00311432 
train_loss: 0.00242459 
test_loss: 0.00251276 
train_loss: 0.00307067 
test_loss: 0.0028669 
train_loss: 0.00239468 
test_loss: 0.00232752 
train_loss: 0.002723 
test_loss: 0.00280074 
train_loss: 0.00304021 
test_loss: 0.00280144 
train_loss: 0.00245737 
test_loss: 0.00276926 
train_loss: 0.00226845 
test_loss: 0.00238822 
train_loss: 0.00247652 
test_loss: 0.00254238 
train_loss: 0.00229849 
test_loss: 0.00231739 
train_loss: 0.00244705 
test_loss: 0.00245392 
train_loss: 0.00244484 
test_loss: 0.00232825 
train_loss: 0.0025562 
test_loss: 0.00240782 
train_loss: 0.00252493 
test_loss: 0.0024948 
train_loss: 0.00241582 
test_loss: 0.00227059 
train_loss: 0.0023126 
test_loss: 0.00237049 
train_loss: 0.00236923 
test_loss: 0.00219089 
train_loss: 0.00234185 
test_loss: 0.0024175 
train_loss: 0.00217976 
test_loss: 0.00215836 
train_loss: 0.00222052 
test_loss: 0.00238359 
train_loss: 0.00248581 
test_loss: 0.00223764 
train_loss: 0.00234919 
test_loss: 0.00224892 
train_loss: 0.00233167 
test_loss: 0.00238213 
train_loss: 0.00234379 
test_loss: 0.00219143 
train_loss: 0.00195513 
test_loss: 0.00215993 
train_loss: 0.00221955 
test_loss: 0.00208864 
train_loss: 0.00225566 
test_loss: 0.00241551 
train_loss: 0.00226009 
test_loss: 0.00224063 
train_loss: 0.00196458 
test_loss: 0.00214996 
train_loss: 0.00208083 
test_loss: 0.00205478 
train_loss: 0.00210708 
test_loss: 0.00226624 
train_loss: 0.00237705 
test_loss: 0.0023456 
train_loss: 0.00222407 
test_loss: 0.00221347 
train_loss: 0.00221819 
test_loss: 0.0023422 
train_loss: 0.00210849 
test_loss: 0.00232429 
train_loss: 0.00211077 
test_loss: 0.00239523 
train_loss: 0.00224627 
test_loss: 0.00210884 
train_loss: 0.00226553 
test_loss: 0.00233866 
train_loss: 0.00206099 
test_loss: 0.00208916 
train_loss: 0.00236054 
test_loss: 0.00235715 
train_loss: 0.00241257 
test_loss: 0.00227722 
train_loss: 0.0021693 
test_loss: 0.00206314 
train_loss: 0.0021011 
test_loss: 0.0023049 
train_loss: 0.00223775 
test_loss: 0.00221304 
train_loss: 0.00221517 
test_loss: 0.00220609 
train_loss: 0.00200409 
test_loss: 0.00210812 
train_loss: 0.00214707 
test_loss: 0.00216117 
train_loss: 0.00211036 
test_loss: 0.00194801 
train_loss: 0.00211113 
test_loss: 0.00192176 
train_loss: 0.00235358 
test_loss: 0.00223334 
train_loss: 0.00210674 
test_loss: 0.00210151 
train_loss: 0.00240631 
test_loss: 0.00217636 
train_loss: 0.00184653 
test_loss: 0.00187961 
train_loss: 0.00224353 
test_loss: 0.00206828 
train_loss: 0.00197748 
test_loss: 0.00178505 
train_loss: 0.00204202 
test_loss: 0.00195168 
train_loss: 0.00204378 
test_loss: 0.00227667 
train_loss: 0.00212922 
test_loss: 0.0019903 
train_loss: 0.00192376 
test_loss: 0.00201362 
train_loss: 0.00206597 
test_loss: 0.00199106 
train_loss: 0.00240443 
test_loss: 0.00226489 
train_loss: 0.00198426 
test_loss: 0.00203624 
train_loss: 0.00238301 
test_loss: 0.00216924 
train_loss: 0.00215036 
test_loss: 0.00186443 
train_loss: 0.0019625 
test_loss: 0.00194139 
train_loss: 0.00190059 
test_loss: 0.00185489 
train_loss: 0.00172536 
test_loss: 0.00216157 
train_loss: 0.00180703 
test_loss: 0.00203801 
train_loss: 0.00212763 
test_loss: 0.00230319 
train_loss: 0.0019697 
test_loss: 0.00197866 
train_loss: 0.00185758 
test_loss: 0.0021206 
train_loss: 0.00199436 
test_loss: 0.00188864 
train_loss: 0.00193208 
test_loss: 0.00185368 
train_loss: 0.00194455 
test_loss: 0.00196142 
train_loss: 0.00191458 
test_loss: 0.00180646 
train_loss: 0.00192522 
test_loss: 0.00190096 
train_loss: 0.00196999 
test_loss: 0.00200818 
train_loss: 0.00198862 
test_loss: 0.00182832 
train_loss: 0.00175375 
test_loss: 0.00187487 
train_loss: 0.00203401 
test_loss: 0.00200381 
train_loss: 0.00201775 
test_loss: 0.00200819 
train_loss: 0.00182712 
test_loss: 0.00174275 
train_loss: 0.00194256 
test_loss: 0.0019794 
train_loss: 0.00173825 
test_loss: 0.00174159 
train_loss: 0.00166968 
test_loss: 0.00209379 
train_loss: 0.00183492 
test_loss: 0.00175746 
train_loss: 0.00166032 
test_loss: 0.00161634 
train_loss: 0.001797 
test_loss: 0.00169996 
train_loss: 0.0018614 
test_loss: 0.0017781 
train_loss: 0.00204397 
test_loss: 0.00210603 
train_loss: 0.00183688 
test_loss: 0.00178186 
train_loss: 0.00195431 
test_loss: 0.00166511 
train_loss: 0.00187521 
test_loss: 0.0018388 
train_loss: 0.00180135 
test_loss: 0.00178008 
train_loss: 0.00215039 
test_loss: 0.00211401 
train_loss: 0.00187807 
test_loss: 0.00191308 
train_loss: 0.00172727 
test_loss: 0.00181155 
train_loss: 0.00186479 
test_loss: 0.00176233 
train_loss: 0.00194311 
test_loss: 0.00199071 
train_loss: 0.00196484 
test_loss: 0.00193105 
train_loss: 0.00157109 
test_loss: 0.001835 
train_loss: 0.00154625 
test_loss: 0.00155538 
train_loss: 0.00182665 
test_loss: 0.00187209 
train_loss: 0.00179934 
test_loss: 0.0018962 
train_loss: 0.00164804 
test_loss: 0.00162408 
train_loss: 0.00206884 
test_loss: 0.00183128 
train_loss: 0.00173493 
test_loss: 0.00186248 
train_loss: 0.00163647 
test_loss: 0.00204841 
train_loss: 0.00179325 
test_loss: 0.00191485 
train_loss: 0.0017847 
test_loss: 0.0017139 
train_loss: 0.00169161 
test_loss: 0.00168923 
train_loss: 0.00190634 
test_loss: 0.00173881 
train_loss: 0.00195172 
test_loss: 0.00171815 
train_loss: 0.00183197 
test_loss: 0.0018683 
train_loss: 0.00209409 
test_loss: 0.00172649 
train_loss: 0.0018005 
test_loss: 0.0017824 
