train_loss: 0.215747 
test_loss: 0.216686 
train_loss: 0.0784198 
test_loss: 0.0767801 
train_loss: 0.0568525 
test_loss: 0.0585559 
train_loss: 0.0555662 
test_loss: 0.0550079 
train_loss: 0.0526145 
test_loss: 0.0534199 
train_loss: 0.0519535 
test_loss: 0.0517526 
train_loss: 0.0480783 
test_loss: 0.0483836 
train_loss: 0.0428375 
test_loss: 0.0415455 
train_loss: 0.0319042 
test_loss: 0.0310099 
train_loss: 0.0215757 
test_loss: 0.0219836 
train_loss: 0.0132782 
test_loss: 0.0135195 
train_loss: 0.011981 
test_loss: 0.0114082 
train_loss: 0.0105217 
test_loss: 0.0105592 
train_loss: 0.0107087 
test_loss: 0.0104483 
train_loss: 0.0116779 
test_loss: 0.0105472 
train_loss: 0.00974484 
test_loss: 0.0106492 
train_loss: 0.00995318 
test_loss: 0.00997077 
train_loss: 0.00988688 
test_loss: 0.0106099 
train_loss: 0.0100385 
test_loss: 0.0102506 
train_loss: 0.0109609 
test_loss: 0.0106307 
train_loss: 0.0103956 
test_loss: 0.0111764 
train_loss: 0.010704 
test_loss: 0.0104019 
train_loss: 0.0106713 
test_loss: 0.0101388 
train_loss: 0.0110178 
test_loss: 0.0102085 
train_loss: 0.0102798 
test_loss: 0.0102528 
train_loss: 0.0103212 
test_loss: 0.0100178 
train_loss: 0.0101991 
test_loss: 0.0103094 
train_loss: 0.00950247 
test_loss: 0.00978628 
train_loss: 0.00977533 
test_loss: 0.00972913 
train_loss: 0.00968208 
test_loss: 0.00964977 
train_loss: 0.00974946 
test_loss: 0.010108 
train_loss: 0.00955325 
test_loss: 0.00931105 
train_loss: 0.0096976 
test_loss: 0.00921721 
train_loss: 0.00854821 
test_loss: 0.00885091 
train_loss: 0.00778176 
test_loss: 0.00788648 
train_loss: 0.00672353 
test_loss: 0.00634942 
train_loss: 0.0056619 
test_loss: 0.00620134 
train_loss: 0.00499085 
test_loss: 0.00499165 
train_loss: 0.00478846 
test_loss: 0.00493459 
train_loss: 0.00474997 
test_loss: 0.0045894 
train_loss: 0.00455401 
test_loss: 0.00464879 
train_loss: 0.00445586 
test_loss: 0.00427151 
train_loss: 0.00411919 
test_loss: 0.00453133 
train_loss: 0.00440475 
test_loss: 0.00407705 
train_loss: 0.00394346 
test_loss: 0.0040286 
train_loss: 0.00477451 
test_loss: 0.0043325 
train_loss: 0.00417454 
test_loss: 0.00415714 
train_loss: 0.00432102 
test_loss: 0.00403063 
train_loss: 0.00418324 
test_loss: 0.00388727 
train_loss: 0.00398153 
test_loss: 0.00425263 
train_loss: 0.00406797 
test_loss: 0.0038949 
train_loss: 0.00413289 
test_loss: 0.00409793 
train_loss: 0.00392458 
test_loss: 0.00371974 
train_loss: 0.00380862 
test_loss: 0.00360223 
train_loss: 0.00430821 
test_loss: 0.00369459 
train_loss: 0.00356569 
test_loss: 0.00344195 
train_loss: 0.00360263 
test_loss: 0.00355411 
train_loss: 0.00343777 
test_loss: 0.00343415 
train_loss: 0.00415783 
test_loss: 0.00377034 
train_loss: 0.00345831 
test_loss: 0.00354236 
train_loss: 0.0034564 
test_loss: 0.00377457 
train_loss: 0.00313914 
test_loss: 0.00304263 
train_loss: 0.00321646 
test_loss: 0.00345716 
train_loss: 0.00370889 
test_loss: 0.00341703 
train_loss: 0.00324313 
test_loss: 0.00314371 
train_loss: 0.003212 
test_loss: 0.00329802 
train_loss: 0.00302272 
test_loss: 0.0033833 
train_loss: 0.00310597 
test_loss: 0.003009 
train_loss: 0.00324948 
test_loss: 0.00314222 
train_loss: 0.00315158 
test_loss: 0.00308031 
train_loss: 0.00334649 
test_loss: 0.0031665 
train_loss: 0.00308105 
test_loss: 0.00289543 
train_loss: 0.00338504 
test_loss: 0.00344226 
train_loss: 0.00284018 
test_loss: 0.00303449 
train_loss: 0.00296995 
test_loss: 0.00282519 
train_loss: 0.00307045 
test_loss: 0.00292449 
train_loss: 0.00281192 
test_loss: 0.00278113 
train_loss: 0.00262789 
test_loss: 0.00276173 
train_loss: 0.00272613 
test_loss: 0.00268933 
train_loss: 0.00264533 
test_loss: 0.00295502 
train_loss: 0.00281168 
test_loss: 0.00305311 
train_loss: 0.00276335 
test_loss: 0.00301819 
train_loss: 0.00252926 
test_loss: 0.00281328 
train_loss: 0.00304476 
test_loss: 0.00291138 
train_loss: 0.00245496 
test_loss: 0.00245859 
train_loss: 0.00215287 
test_loss: 0.00248336 
train_loss: 0.00249034 
test_loss: 0.00241692 
train_loss: 0.0024081 
test_loss: 0.0025613 
train_loss: 0.00280741 
test_loss: 0.00298717 
train_loss: 0.00275696 
test_loss: 0.00256269 
train_loss: 0.00245062 
test_loss: 0.00263056 
train_loss: 0.00256668 
test_loss: 0.00244721 
train_loss: 0.00227494 
test_loss: 0.00246999 
train_loss: 0.00248853 
test_loss: 0.00260065 
train_loss: 0.00279807 
test_loss: 0.00225678 
train_loss: 0.00223211 
test_loss: 0.00234424 
train_loss: 0.00227012 
test_loss: 0.002297 
train_loss: 0.00227281 
test_loss: 0.00247216 
train_loss: 0.0024026 
test_loss: 0.00214788 
train_loss: 0.00214042 
test_loss: 0.00244204 
train_loss: 0.00204986 
test_loss: 0.00224581 
train_loss: 0.0026742 
test_loss: 0.00247591 
train_loss: 0.00244043 
test_loss: 0.00231479 
train_loss: 0.00228542 
test_loss: 0.00265931 
train_loss: 0.00233355 
test_loss: 0.00255727 
train_loss: 0.00257234 
test_loss: 0.00262882 
train_loss: 0.00224173 
test_loss: 0.00207649 
train_loss: 0.00202183 
test_loss: 0.00222201 
train_loss: 0.00240671 
test_loss: 0.00225477 
train_loss: 0.00218651 
test_loss: 0.00235491 
train_loss: 0.00255327 
test_loss: 0.00221545 
train_loss: 0.00243242 
test_loss: 0.0022473 
train_loss: 0.0021156 
test_loss: 0.00216198 
train_loss: 0.00209195 
test_loss: 0.00222938 
train_loss: 0.00197605 
test_loss: 0.00199027 
train_loss: 0.00213494 
test_loss: 0.00211815 
train_loss: 0.0024447 
test_loss: 0.0024242 
train_loss: 0.00239417 
test_loss: 0.00240724 
train_loss: 0.0020725 
test_loss: 0.00212497 
train_loss: 0.00227584 
test_loss: 0.00207504 
train_loss: 0.00228583 
test_loss: 0.00230857 
train_loss: 0.00204857 
test_loss: 0.00216606 
train_loss: 0.00223277 
test_loss: 0.00198945 
train_loss: 0.00208088 
test_loss: 0.00205251 
train_loss: 0.00183578 
test_loss: 0.00207522 
train_loss: 0.00191754 
test_loss: 0.00246528 
train_loss: 0.00211952 
test_loss: 0.002245 
train_loss: 0.00201556 
test_loss: 0.00236648 
train_loss: 0.00201227 
test_loss: 0.00220675 
train_loss: 0.00186977 
test_loss: 0.00197531 
train_loss: 0.00195436 
test_loss: 0.00224408 
train_loss: 0.00196007 
test_loss: 0.00194 
train_loss: 0.00205676 
test_loss: 0.00208638 
train_loss: 0.00217654 
test_loss: 0.00201975 
train_loss: 0.00235205 
test_loss: 0.00222039 
train_loss: 0.00197504 
test_loss: 0.00175356 
train_loss: 0.00199257 
test_loss: 0.00205904 
train_loss: 0.00194158 
test_loss: 0.00203963 
train_loss: 0.00199763 
test_loss: 0.00209881 
train_loss: 0.00220972 
test_loss: 0.00196361 
train_loss: 0.00237366 
test_loss: 0.00229674 
train_loss: 0.00170765 
test_loss: 0.00204679 
train_loss: 0.00171492 
test_loss: 0.00183179 
train_loss: 0.00189047 
test_loss: 0.00198381 
train_loss: 0.00172646 
test_loss: 0.0023007 
train_loss: 0.00188197 
test_loss: 0.00189125 
train_loss: 0.00182463 
test_loss: 0.00186085 
train_loss: 0.00190039 
test_loss: 0.00205397 
train_loss: 0.00177826 
test_loss: 0.0020639 
train_loss: 0.00190355 
test_loss: 0.00191839 
train_loss: 0.00195151 
test_loss: 0.00187137 
train_loss: 0.00217138 
test_loss: 0.00182817 
train_loss: 0.00181901 
test_loss: 0.00165605 
train_loss: 0.00215295 
test_loss: 0.0020986 
train_loss: 0.0020294 
test_loss: 0.00221293 
train_loss: 0.00191118 
test_loss: 0.00193653 
train_loss: 0.00178389 
test_loss: 0.00183069 
train_loss: 0.00176851 
test_loss: 0.00173112 
train_loss: 0.0017099 
test_loss: 0.00165655 
train_loss: 0.00182 
test_loss: 0.00169431 
train_loss: 0.00174887 
test_loss: 0.00173588 
train_loss: 0.00160342 
test_loss: 0.00175673 
train_loss: 0.00204574 
test_loss: 0.00202635 
train_loss: 0.00194586 
test_loss: 0.00186696 
train_loss: 0.00184452 
test_loss: 0.00193545 
train_loss: 0.00187949 
test_loss: 0.00166785 
train_loss: 0.00161326 
test_loss: 0.00176846 
train_loss: 0.00185759 
test_loss: 0.0019381 
train_loss: 0.00187018 
test_loss: 0.00184371 
train_loss: 0.00169906 
test_loss: 0.00165186 
train_loss: 0.00169785 
test_loss: 0.00177015 
train_loss: 0.00155192 
test_loss: 0.00174781 
train_loss: 0.00182241 
test_loss: 0.00180383 
train_loss: 0.00156943 
test_loss: 0.00160826 
train_loss: 0.00179699 
test_loss: 0.00193172 
train_loss: 0.00172552 
test_loss: 0.00179828 
train_loss: 0.00151156 
test_loss: 0.00161397 
train_loss: 0.00176678 
test_loss: 0.00228585 
train_loss: 0.00168207 
test_loss: 0.00181096 
train_loss: 0.00192456 
test_loss: 0.00185379 
train_loss: 0.0016666 
test_loss: 0.00176735 
train_loss: 0.00180707 
test_loss: 0.00180987 
train_loss: 0.00204103 
test_loss: 0.00195528 
train_loss: 0.00178674 
test_loss: 0.00188715 
train_loss: 0.00194633 
test_loss: 0.00170601 
train_loss: 0.00171064 
test_loss: 0.00168694 
train_loss: 0.00173329 
test_loss: 0.00170764 
train_loss: 0.00167769 
test_loss: 0.00174103 
train_loss: 0.00186548 
test_loss: 0.00175914 
train_loss: 0.00162958 
test_loss: 0.00172126 
train_loss: 0.00164251 
test_loss: 0.00167962 
train_loss: 0.00190498 
test_loss: 0.00164301 
train_loss: 0.00177648 
test_loss: 0.00185061 
train_loss: 0.00181047 
test_loss: 0.00186086 
train_loss: 0.00175126 
test_loss: 0.00154597 
train_loss: 0.00172092 
test_loss: 0.00165146 
train_loss: 0.0016222 
test_loss: 0.00152608 
train_loss: 0.00164885 
test_loss: 0.00174336 
train_loss: 0.0018324 
test_loss: 0.00162204 
train_loss: 0.00162727 
test_loss: 0.00154392 
