train_loss: 0.0534393 
test_loss: 0.0516716 
train_loss: 0.0167408 
test_loss: 0.0167661 
train_loss: 0.0125397 
test_loss: 0.0125619 
train_loss: 0.0108005 
test_loss: 0.0110319 
train_loss: 0.0108978 
test_loss: 0.0105175 
train_loss: 0.00967916 
test_loss: 0.0100551 
train_loss: 0.0102487 
test_loss: 0.00969641 
train_loss: 0.00980591 
test_loss: 0.00952714 
train_loss: 0.0100198 
test_loss: 0.0097665 
train_loss: 0.0093428 
test_loss: 0.00926272 
train_loss: 0.00913638 
test_loss: 0.00911842 
train_loss: 0.00773172 
test_loss: 0.00848265 
train_loss: 0.00786552 
test_loss: 0.00782301 
train_loss: 0.0071221 
test_loss: 0.00737 
train_loss: 0.00626942 
test_loss: 0.00614926 
train_loss: 0.00624199 
test_loss: 0.00586749 
train_loss: 0.00623859 
test_loss: 0.00640802 
train_loss: 0.00612369 
test_loss: 0.00648339 
train_loss: 0.00624091 
test_loss: 0.00662247 
train_loss: 0.00544882 
test_loss: 0.00596085 
train_loss: 0.00591445 
test_loss: 0.00569693 
train_loss: 0.00626966 
test_loss: 0.0057266 
train_loss: 0.00649356 
test_loss: 0.00657523 
train_loss: 0.00606672 
test_loss: 0.00582525 
train_loss: 0.00541898 
test_loss: 0.00512355 
train_loss: 0.00584654 
test_loss: 0.00604569 
train_loss: 0.00551884 
test_loss: 0.0052781 
train_loss: 0.00521451 
test_loss: 0.00528479 
train_loss: 0.00534925 
test_loss: 0.00537464 
train_loss: 0.00561069 
test_loss: 0.00549909 
train_loss: 0.00549709 
test_loss: 0.00605472 
train_loss: 0.00550591 
test_loss: 0.00485702 
train_loss: 0.00481457 
test_loss: 0.00438976 
train_loss: 0.00468334 
test_loss: 0.00501482 
train_loss: 0.00466044 
test_loss: 0.00467669 
train_loss: 0.00495876 
test_loss: 0.00447757 
train_loss: 0.004899 
test_loss: 0.00470309 
train_loss: 0.00422805 
test_loss: 0.00468186 
train_loss: 0.00433434 
test_loss: 0.00476577 
train_loss: 0.00441642 
test_loss: 0.00454042 
train_loss: 0.00400532 
test_loss: 0.00464156 
train_loss: 0.00427194 
test_loss: 0.00454108 
train_loss: 0.00425433 
test_loss: 0.00414435 
train_loss: 0.00396541 
test_loss: 0.00408447 
train_loss: 0.00380476 
test_loss: 0.00341258 
train_loss: 0.00379717 
test_loss: 0.00419655 
train_loss: 0.00443504 
test_loss: 0.00408833 
train_loss: 0.00412113 
test_loss: 0.00395455 
train_loss: 0.00374866 
test_loss: 0.00322077 
train_loss: 0.00373177 
test_loss: 0.00376775 
train_loss: 0.00368447 
test_loss: 0.00371369 
train_loss: 0.00380668 
test_loss: 0.00395679 
train_loss: 0.00352136 
test_loss: 0.00349538 
train_loss: 0.00320789 
test_loss: 0.00394785 
train_loss: 0.00337038 
test_loss: 0.00339525 
train_loss: 0.00343687 
test_loss: 0.00335868 
train_loss: 0.00317356 
test_loss: 0.00343764 
train_loss: 0.00360886 
test_loss: 0.00375509 
train_loss: 0.00291642 
test_loss: 0.00311899 
train_loss: 0.00368604 
test_loss: 0.00352468 
train_loss: 0.00332097 
test_loss: 0.003068 
train_loss: 0.00289977 
test_loss: 0.00302006 
train_loss: 0.00314938 
test_loss: 0.00364564 
train_loss: 0.00284536 
test_loss: 0.00303927 
train_loss: 0.00277499 
test_loss: 0.00261586 
train_loss: 0.00300039 
test_loss: 0.0030231 
train_loss: 0.0027164 
test_loss: 0.00293483 
train_loss: 0.00352558 
test_loss: 0.00309327 
train_loss: 0.00274513 
test_loss: 0.0027713 
train_loss: 0.00261181 
test_loss: 0.0025463 
train_loss: 0.00296522 
test_loss: 0.00293152 
train_loss: 0.00257689 
test_loss: 0.0026416 
train_loss: 0.00275244 
test_loss: 0.00262976 
train_loss: 0.00283513 
test_loss: 0.00283869 
train_loss: 0.00234055 
test_loss: 0.00248296 
train_loss: 0.00235741 
test_loss: 0.00251913 
train_loss: 0.00252899 
test_loss: 0.0025503 
train_loss: 0.00249505 
test_loss: 0.00244862 
train_loss: 0.00234479 
test_loss: 0.00234577 
train_loss: 0.00246696 
test_loss: 0.00276112 
train_loss: 0.00237976 
test_loss: 0.0021981 
train_loss: 0.00252849 
test_loss: 0.00254797 
train_loss: 0.00250339 
test_loss: 0.00249281 
train_loss: 0.00279224 
test_loss: 0.00218957 
train_loss: 0.0022822 
test_loss: 0.00243155 
train_loss: 0.0029665 
test_loss: 0.00270747 
train_loss: 0.00223249 
test_loss: 0.0023861 
train_loss: 0.00221155 
test_loss: 0.00241404 
train_loss: 0.00250713 
test_loss: 0.00237163 
train_loss: 0.00235679 
test_loss: 0.00232281 
train_loss: 0.00214561 
test_loss: 0.00229857 
train_loss: 0.00206184 
test_loss: 0.00208246 
train_loss: 0.00209892 
test_loss: 0.00227918 
train_loss: 0.00233069 
test_loss: 0.00223611 
train_loss: 0.00229925 
test_loss: 0.00259184 
train_loss: 0.00228785 
test_loss: 0.00223908 
train_loss: 0.00223515 
test_loss: 0.00204483 
train_loss: 0.00217957 
test_loss: 0.00225819 
train_loss: 0.00203961 
test_loss: 0.00190395 
train_loss: 0.00216024 
test_loss: 0.00222726 
train_loss: 0.00228981 
test_loss: 0.00217345 
train_loss: 0.00229483 
test_loss: 0.00208033 
train_loss: 0.00219499 
test_loss: 0.00207616 
train_loss: 0.00191192 
test_loss: 0.00196141 
train_loss: 0.00196049 
test_loss: 0.00204639 
train_loss: 0.00193904 
test_loss: 0.00210394 
train_loss: 0.00197839 
test_loss: 0.00206299 
train_loss: 0.00200249 
test_loss: 0.00212466 
train_loss: 0.00189888 
test_loss: 0.00190466 
train_loss: 0.00209125 
test_loss: 0.0020553 
train_loss: 0.00234918 
test_loss: 0.00249653 
train_loss: 0.00242506 
test_loss: 0.00254443 
train_loss: 0.00196936 
test_loss: 0.0019681 
train_loss: 0.00192246 
test_loss: 0.00238314 
train_loss: 0.00196552 
test_loss: 0.00198482 
train_loss: 0.00236896 
test_loss: 0.00235505 
train_loss: 0.00202026 
test_loss: 0.00219513 
train_loss: 0.00232913 
test_loss: 0.00233401 
train_loss: 0.00180377 
test_loss: 0.00204061 
train_loss: 0.00212483 
test_loss: 0.00189509 
train_loss: 0.00226066 
test_loss: 0.00223147 
train_loss: 0.00204592 
test_loss: 0.00191019 
train_loss: 0.00232013 
test_loss: 0.00229255 
train_loss: 0.00200641 
test_loss: 0.00204817 
train_loss: 0.00220945 
test_loss: 0.00195191 
train_loss: 0.0019846 
test_loss: 0.00191153 
train_loss: 0.00186311 
test_loss: 0.00203343 
train_loss: 0.00220636 
test_loss: 0.00215116 
train_loss: 0.00190548 
test_loss: 0.00181099 
train_loss: 0.00183967 
test_loss: 0.00200191 
