train_loss: 0.148458 
test_loss: 0.152126 
train_loss: 0.0593936 
test_loss: 0.0600989 
train_loss: 0.0486367 
test_loss: 0.0499936 
train_loss: 0.0473005 
test_loss: 0.0454838 
train_loss: 0.0392456 
test_loss: 0.0387241 
train_loss: 0.0226051 
test_loss: 0.0230153 
train_loss: 0.0130182 
test_loss: 0.0129489 
train_loss: 0.0107876 
test_loss: 0.0110328 
train_loss: 0.0102514 
test_loss: 0.010161 
train_loss: 0.00979205 
test_loss: 0.0101518 
train_loss: 0.00956375 
test_loss: 0.00963769 
train_loss: 0.0105136 
test_loss: 0.00944082 
train_loss: 0.0102213 
test_loss: 0.00952556 
train_loss: 0.00994537 
test_loss: 0.00964938 
train_loss: 0.00926337 
test_loss: 0.00940666 
train_loss: 0.00914114 
test_loss: 0.00939916 
train_loss: 0.0098289 
test_loss: 0.00999559 
train_loss: 0.00922841 
test_loss: 0.00968802 
train_loss: 0.00994367 
test_loss: 0.00984808 
train_loss: 0.00958335 
test_loss: 0.00964089 
train_loss: 0.00982905 
test_loss: 0.0102314 
train_loss: 0.00982006 
test_loss: 0.00908769 
train_loss: 0.00890288 
test_loss: 0.0086498 
train_loss: 0.00823783 
test_loss: 0.00864883 
train_loss: 0.00728694 
test_loss: 0.00682376 
train_loss: 0.00631919 
test_loss: 0.00638635 
train_loss: 0.00601985 
test_loss: 0.00656266 
train_loss: 0.00628978 
test_loss: 0.00637363 
train_loss: 0.0055072 
test_loss: 0.00527163 
train_loss: 0.00570729 
test_loss: 0.00579345 
train_loss: 0.00541577 
test_loss: 0.00633688 
train_loss: 0.00537727 
test_loss: 0.00521322 
train_loss: 0.00546008 
test_loss: 0.0057496 
train_loss: 0.00484407 
test_loss: 0.00529274 
train_loss: 0.00501937 
test_loss: 0.00520458 
train_loss: 0.00436399 
test_loss: 0.00465215 
train_loss: 0.00412459 
test_loss: 0.00432754 
train_loss: 0.00468106 
test_loss: 0.00432663 
train_loss: 0.0046778 
test_loss: 0.00488405 
train_loss: 0.00395618 
test_loss: 0.00472377 
train_loss: 0.00438246 
test_loss: 0.00482496 
train_loss: 0.00447077 
test_loss: 0.00396435 
train_loss: 0.0045993 
test_loss: 0.00467756 
train_loss: 0.0039749 
test_loss: 0.00433297 
train_loss: 0.00406334 
test_loss: 0.0045382 
train_loss: 0.00456767 
test_loss: 0.00412755 
train_loss: 0.00421702 
test_loss: 0.00404751 
train_loss: 0.00381134 
test_loss: 0.00384994 
train_loss: 0.00416593 
test_loss: 0.00409001 
train_loss: 0.00393762 
test_loss: 0.00351248 
train_loss: 0.00360518 
test_loss: 0.00357384 
train_loss: 0.00334073 
test_loss: 0.00372269 
train_loss: 0.00397651 
test_loss: 0.00363396 
train_loss: 0.00367712 
test_loss: 0.00371189 
train_loss: 0.00344412 
test_loss: 0.00362018 
train_loss: 0.00386924 
test_loss: 0.0036917 
train_loss: 0.00311269 
test_loss: 0.00336442 
train_loss: 0.00366093 
test_loss: 0.00390869 
train_loss: 0.00317741 
test_loss: 0.00375549 
train_loss: 0.00354193 
test_loss: 0.00366593 
train_loss: 0.00293295 
test_loss: 0.00307289 
train_loss: 0.00297295 
test_loss: 0.00328164 
train_loss: 0.00283962 
test_loss: 0.00320096 
train_loss: 0.00319115 
test_loss: 0.00340814 
train_loss: 0.00404607 
test_loss: 0.00327639 
train_loss: 0.00265543 
test_loss: 0.00263557 
train_loss: 0.00295804 
test_loss: 0.00300713 
train_loss: 0.00290019 
test_loss: 0.00279322 
train_loss: 0.0025284 
test_loss: 0.00274769 
train_loss: 0.00248237 
test_loss: 0.00258929 
train_loss: 0.00289525 
test_loss: 0.00272732 
train_loss: 0.00308378 
test_loss: 0.00267339 
train_loss: 0.00265856 
test_loss: 0.00244361 
train_loss: 0.00292249 
test_loss: 0.00251294 
train_loss: 0.00254301 
test_loss: 0.00278955 
train_loss: 0.00254143 
test_loss: 0.00224122 
train_loss: 0.00267799 
test_loss: 0.0024809 
train_loss: 0.00239501 
test_loss: 0.00254601 
train_loss: 0.00229568 
test_loss: 0.00230904 
train_loss: 0.00239556 
test_loss: 0.00236251 
train_loss: 0.00236735 
test_loss: 0.00265636 
train_loss: 0.0027552 
test_loss: 0.00272849 
train_loss: 0.00236431 
test_loss: 0.00254849 
train_loss: 0.00271015 
test_loss: 0.00272526 
train_loss: 0.00256801 
test_loss: 0.00283256 
train_loss: 0.00267106 
test_loss: 0.0025903 
train_loss: 0.00261101 
test_loss: 0.00228109 
train_loss: 0.00231943 
test_loss: 0.00253044 
train_loss: 0.00243834 
test_loss: 0.0023426 
train_loss: 0.00239723 
test_loss: 0.00247524 
train_loss: 0.00225329 
test_loss: 0.00197744 
train_loss: 0.002312 
test_loss: 0.00227085 
train_loss: 0.00214016 
test_loss: 0.00239043 
train_loss: 0.00236573 
test_loss: 0.00221913 
train_loss: 0.00242297 
test_loss: 0.00224328 
train_loss: 0.00209747 
test_loss: 0.00273096 
train_loss: 0.00230732 
test_loss: 0.00237179 
train_loss: 0.00199684 
test_loss: 0.00216512 
train_loss: 0.00232682 
test_loss: 0.00205581 
train_loss: 0.00208298 
test_loss: 0.00234516 
train_loss: 0.00203995 
test_loss: 0.00207715 
train_loss: 0.00220518 
test_loss: 0.00237658 
train_loss: 0.00217605 
test_loss: 0.00207386 
train_loss: 0.00224861 
test_loss: 0.00207629 
train_loss: 0.00205451 
test_loss: 0.0024429 
train_loss: 0.00232509 
test_loss: 0.0024444 
train_loss: 0.00211228 
test_loss: 0.00242095 
train_loss: 0.0023036 
test_loss: 0.00200688 
train_loss: 0.00212036 
test_loss: 0.00220315 
train_loss: 0.00231379 
test_loss: 0.00216104 
train_loss: 0.00214805 
test_loss: 0.00201308 
train_loss: 0.0022542 
test_loss: 0.00207467 
train_loss: 0.00235133 
test_loss: 0.00230675 
train_loss: 0.00192925 
test_loss: 0.00225535 
train_loss: 0.00217882 
test_loss: 0.00202726 
train_loss: 0.00191944 
test_loss: 0.00188555 
train_loss: 0.00213759 
test_loss: 0.00194012 
train_loss: 0.00197954 
test_loss: 0.00194598 
train_loss: 0.00258158 
test_loss: 0.00236349 
train_loss: 0.0022321 
test_loss: 0.00191885 
train_loss: 0.00226335 
test_loss: 0.00225766 
train_loss: 0.00210587 
test_loss: 0.00197926 
train_loss: 0.00188533 
test_loss: 0.00205501 
train_loss: 0.0020582 
test_loss: 0.0019909 
train_loss: 0.00193213 
test_loss: 0.00185085 
train_loss: 0.00181304 
test_loss: 0.00194089 
train_loss: 0.00232857 
test_loss: 0.00202782 
train_loss: 0.00180269 
test_loss: 0.00189041 
train_loss: 0.00214749 
test_loss: 0.00215546 
train_loss: 0.00203157 
test_loss: 0.00223446 
train_loss: 0.0016402 
test_loss: 0.00170322 
train_loss: 0.00204453 
test_loss: 0.00202158 
train_loss: 0.00188047 
test_loss: 0.00181685 
train_loss: 0.00182388 
test_loss: 0.0017005 
train_loss: 0.00192416 
test_loss: 0.00200788 
train_loss: 0.00187899 
test_loss: 0.00195085 
train_loss: 0.00206291 
test_loss: 0.00205525 
train_loss: 0.00199994 
test_loss: 0.00187934 
train_loss: 0.0020043 
test_loss: 0.00205291 
train_loss: 0.00189112 
test_loss: 0.00200657 
train_loss: 0.00204884 
test_loss: 0.0022004 
train_loss: 0.001694 
test_loss: 0.0018346 
train_loss: 0.00206169 
test_loss: 0.0018938 
train_loss: 0.00175142 
test_loss: 0.00184116 
train_loss: 0.00181634 
test_loss: 0.0020639 
train_loss: 0.00158171 
test_loss: 0.00169584 
train_loss: 0.00177702 
test_loss: 0.00186139 
train_loss: 0.00239539 
test_loss: 0.0022798 
train_loss: 0.00194473 
test_loss: 0.00204132 
train_loss: 0.00201642 
test_loss: 0.00173636 
train_loss: 0.00173368 
test_loss: 0.00158294 
train_loss: 0.00171318 
test_loss: 0.00191672 
train_loss: 0.00167296 
test_loss: 0.00180955 
train_loss: 0.00179669 
test_loss: 0.00196113 
train_loss: 0.00178682 
test_loss: 0.00183416 
train_loss: 0.0020671 
test_loss: 0.00188627 
train_loss: 0.00187216 
test_loss: 0.00210266 
train_loss: 0.0020073 
test_loss: 0.00191138 
train_loss: 0.00211441 
test_loss: 0.00200395 
train_loss: 0.00178176 
test_loss: 0.00170093 
train_loss: 0.00182381 
test_loss: 0.00179705 
train_loss: 0.0017544 
test_loss: 0.00178113 
train_loss: 0.0016504 
test_loss: 0.00163113 
train_loss: 0.00171301 
test_loss: 0.00166333 
train_loss: 0.00174684 
test_loss: 0.0017432 
train_loss: 0.0017259 
test_loss: 0.00172297 
train_loss: 0.00213764 
test_loss: 0.00178406 
train_loss: 0.00168408 
test_loss: 0.00165239 
train_loss: 0.00182244 
test_loss: 0.0018474 
train_loss: 0.00176012 
test_loss: 0.00182745 
train_loss: 0.00181435 
test_loss: 0.0019472 
train_loss: 0.00164998 
test_loss: 0.00168587 
train_loss: 0.00176389 
test_loss: 0.00171962 
train_loss: 0.00164553 
test_loss: 0.00195978 
train_loss: 0.0016582 
test_loss: 0.00175795 
train_loss: 0.00195001 
test_loss: 0.00174818 
train_loss: 0.00180808 
test_loss: 0.00164247 
train_loss: 0.00145535 
test_loss: 0.00155679 
train_loss: 0.00164769 
test_loss: 0.00170165 
train_loss: 0.00170033 
test_loss: 0.00204049 
train_loss: 0.00166822 
test_loss: 0.00176779 
train_loss: 0.00181833 
test_loss: 0.00169825 
train_loss: 0.00178089 
test_loss: 0.00191105 
train_loss: 0.00179041 
test_loss: 0.00178682 
train_loss: 0.00161665 
test_loss: 0.00170487 
train_loss: 0.00148574 
test_loss: 0.00150537 
train_loss: 0.00171776 
test_loss: 0.00194507 
train_loss: 0.00165992 
test_loss: 0.00157756 
train_loss: 0.00199736 
test_loss: 0.00180281 
train_loss: 0.00194425 
test_loss: 0.00173311 
train_loss: 0.00163754 
test_loss: 0.00164132 
train_loss: 0.00148496 
test_loss: 0.00175865 
train_loss: 0.0015653 
test_loss: 0.00145415 
train_loss: 0.00182962 
test_loss: 0.00159973 
train_loss: 0.00155173 
test_loss: 0.00155005 
train_loss: 0.00170214 
test_loss: 0.00153756 
train_loss: 0.00171539 
test_loss: 0.00168206 
train_loss: 0.00156839 
test_loss: 0.00171157 
train_loss: 0.00166285 
test_loss: 0.00177226 
train_loss: 0.00165353 
test_loss: 0.00157874 
