train_loss: 0.282037 
test_loss: 0.281305 
train_loss: 0.281868 
test_loss: 0.275257 
train_loss: 0.269722 
test_loss: 0.266078 
train_loss: 0.247495 
test_loss: 0.253 
train_loss: 0.238529 
test_loss: 0.233268 
train_loss: 0.209533 
test_loss: 0.200994 
train_loss: 0.170362 
test_loss: 0.170725 
train_loss: 0.136098 
test_loss: 0.137696 
train_loss: 0.0950035 
test_loss: 0.0981592 
train_loss: 0.0664571 
test_loss: 0.0677931 
train_loss: 0.0566608 
test_loss: 0.0553291 
train_loss: 0.0517722 
test_loss: 0.0495574 
train_loss: 0.0425633 
test_loss: 0.0445961 
train_loss: 0.0379876 
test_loss: 0.0374367 
train_loss: 0.0257448 
test_loss: 0.0261694 
train_loss: 0.017052 
test_loss: 0.0172998 
train_loss: 0.0139099 
test_loss: 0.0140627 
train_loss: 0.0121101 
test_loss: 0.0128373 
train_loss: 0.0119406 
test_loss: 0.0119983 
train_loss: 0.0117464 
test_loss: 0.0113805 
train_loss: 0.0112509 
test_loss: 0.0108906 
train_loss: 0.0108967 
test_loss: 0.0106541 
train_loss: 0.0105644 
test_loss: 0.0106454 
train_loss: 0.0105265 
test_loss: 0.0101648 
train_loss: 0.0103489 
test_loss: 0.010426 
train_loss: 0.00972953 
test_loss: 0.0100477 
train_loss: 0.00989273 
test_loss: 0.00987794 
train_loss: 0.00988399 
test_loss: 0.0100857 
train_loss: 0.00988108 
test_loss: 0.0101655 
train_loss: 0.00969663 
test_loss: 0.00993883 
train_loss: 0.00996855 
test_loss: 0.0100381 
train_loss: 0.00975937 
test_loss: 0.00985846 
train_loss: 0.00923556 
test_loss: 0.00953884 
train_loss: 0.00887966 
test_loss: 0.00931431 
train_loss: 0.00910663 
test_loss: 0.0090443 
train_loss: 0.00858378 
test_loss: 0.00874377 
train_loss: 0.00783812 
test_loss: 0.0078478 
train_loss: 0.00682748 
test_loss: 0.00735881 
train_loss: 0.00633302 
test_loss: 0.00637583 
train_loss: 0.00585327 
test_loss: 0.00598136 
train_loss: 0.00516713 
test_loss: 0.00536389 
train_loss: 0.00565107 
test_loss: 0.00558744 
train_loss: 0.00538616 
test_loss: 0.00567709 
train_loss: 0.00481903 
test_loss: 0.00509129 
train_loss: 0.0048523 
test_loss: 0.0047886 
train_loss: 0.00464412 
test_loss: 0.00485482 
train_loss: 0.00537681 
test_loss: 0.00474049 
train_loss: 0.00483642 
test_loss: 0.00497475 
train_loss: 0.00413634 
test_loss: 0.00440405 
train_loss: 0.00505775 
test_loss: 0.00531092 
train_loss: 0.00435808 
test_loss: 0.00399535 
train_loss: 0.00482133 
test_loss: 0.00467727 
train_loss: 0.00423143 
test_loss: 0.00451769 
train_loss: 0.004483 
test_loss: 0.00404863 
train_loss: 0.00436874 
test_loss: 0.00473853 
train_loss: 0.00426255 
test_loss: 0.00395537 
train_loss: 0.00406608 
test_loss: 0.00412923 
train_loss: 0.00382575 
test_loss: 0.00368312 
train_loss: 0.00401787 
test_loss: 0.00390427 
train_loss: 0.00395633 
test_loss: 0.00343505 
train_loss: 0.00334865 
test_loss: 0.00383062 
train_loss: 0.00368245 
test_loss: 0.00447438 
train_loss: 0.0036438 
test_loss: 0.00385049 
train_loss: 0.00387641 
test_loss: 0.00371278 
train_loss: 0.00336708 
test_loss: 0.00338066 
train_loss: 0.00350359 
test_loss: 0.00346781 
train_loss: 0.0037645 
test_loss: 0.00365889 
train_loss: 0.00297439 
test_loss: 0.00379809 
train_loss: 0.00373369 
test_loss: 0.00373674 
train_loss: 0.00311818 
test_loss: 0.00345342 
train_loss: 0.00302143 
test_loss: 0.00330613 
train_loss: 0.00346237 
test_loss: 0.00324405 
train_loss: 0.0028365 
test_loss: 0.0027467 
train_loss: 0.00252171 
test_loss: 0.0025228 
train_loss: 0.00314601 
test_loss: 0.00297572 
train_loss: 0.00314857 
test_loss: 0.00362047 
train_loss: 0.00282747 
test_loss: 0.00295955 
train_loss: 0.00324642 
test_loss: 0.00302155 
train_loss: 0.00258775 
test_loss: 0.00256086 
train_loss: 0.00326549 
test_loss: 0.00349969 
train_loss: 0.00303439 
test_loss: 0.00327611 
train_loss: 0.00277639 
test_loss: 0.00273478 
train_loss: 0.00268075 
test_loss: 0.00260635 
train_loss: 0.00254032 
test_loss: 0.0027344 
train_loss: 0.00260418 
test_loss: 0.00286127 
train_loss: 0.00267727 
test_loss: 0.00256559 
train_loss: 0.00245919 
test_loss: 0.00244719 
train_loss: 0.00231974 
test_loss: 0.00220426 
train_loss: 0.00270637 
test_loss: 0.0024705 
train_loss: 0.00257612 
test_loss: 0.00263046 
train_loss: 0.00276195 
test_loss: 0.00260267 
train_loss: 0.0024827 
test_loss: 0.00225025 
train_loss: 0.00235831 
test_loss: 0.002319 
train_loss: 0.00250843 
test_loss: 0.00233532 
train_loss: 0.00236424 
test_loss: 0.00228778 
train_loss: 0.00240037 
test_loss: 0.00276407 
train_loss: 0.00215583 
test_loss: 0.00219235 
train_loss: 0.00222279 
test_loss: 0.00222509 
train_loss: 0.00225747 
test_loss: 0.00222394 
train_loss: 0.00228706 
test_loss: 0.00228993 
train_loss: 0.00227404 
test_loss: 0.00218556 
train_loss: 0.00199498 
test_loss: 0.00218042 
train_loss: 0.00233526 
test_loss: 0.00254896 
train_loss: 0.00220414 
test_loss: 0.00210086 
train_loss: 0.00219124 
test_loss: 0.00203396 
train_loss: 0.00196529 
test_loss: 0.0023465 
train_loss: 0.00216187 
test_loss: 0.00209646 
train_loss: 0.00207033 
test_loss: 0.00199569 
train_loss: 0.00197983 
test_loss: 0.00204181 
train_loss: 0.00260927 
test_loss: 0.00223141 
train_loss: 0.00212593 
test_loss: 0.00185873 
train_loss: 0.00191561 
test_loss: 0.0019668 
train_loss: 0.00197866 
test_loss: 0.00183256 
train_loss: 0.00201459 
test_loss: 0.00250708 
train_loss: 0.00210898 
test_loss: 0.00205661 
train_loss: 0.0020311 
test_loss: 0.00197794 
train_loss: 0.00196184 
test_loss: 0.00196786 
train_loss: 0.00200279 
test_loss: 0.00199084 
train_loss: 0.00233444 
test_loss: 0.00219021 
train_loss: 0.00186842 
test_loss: 0.00201922 
train_loss: 0.00223725 
test_loss: 0.00227472 
train_loss: 0.00211466 
test_loss: 0.0022111 
train_loss: 0.00201931 
test_loss: 0.00207384 
train_loss: 0.00186978 
test_loss: 0.00191082 
train_loss: 0.00181933 
test_loss: 0.00185262 
train_loss: 0.00200648 
test_loss: 0.00232587 
train_loss: 0.0021852 
test_loss: 0.00202053 
train_loss: 0.00186463 
test_loss: 0.00189294 
train_loss: 0.00198238 
test_loss: 0.00201445 
train_loss: 0.00186238 
test_loss: 0.00187996 
train_loss: 0.00172984 
test_loss: 0.00207088 
train_loss: 0.00201605 
test_loss: 0.00207349 
train_loss: 0.00178625 
test_loss: 0.00174035 
train_loss: 0.00182092 
test_loss: 0.00178761 
train_loss: 0.00170078 
test_loss: 0.00163836 
train_loss: 0.00188259 
test_loss: 0.00185071 
train_loss: 0.00196236 
test_loss: 0.001819 
train_loss: 0.00165106 
test_loss: 0.00176546 
train_loss: 0.00196272 
test_loss: 0.00166335 
train_loss: 0.00200816 
test_loss: 0.00198019 
