train_loss: 1.99797 
test_loss: 2.00115 
train_loss: 2.03252 
test_loss: 2.00216 
train_loss: 2.01314 
test_loss: 2.00067 
train_loss: 1.99579 
test_loss: 2.00034 
train_loss: 1.99899 
test_loss: 1.99886 
train_loss: 1.99839 
test_loss: 1.99807 
train_loss: 1.99332 
test_loss: 1.9973 
train_loss: 1.99891 
test_loss: 1.99847 
train_loss: 1.9991 
test_loss: 1.9973 
train_loss: 1.99975 
test_loss: 1.99737 
train_loss: 0.566759 
test_loss: 0.562829 
train_loss: 0.572434 
test_loss: 0.570896 
train_loss: 0.563681 
test_loss: 0.569976 
train_loss: 0.571485 
test_loss: 0.568921 
train_loss: 0.568385 
test_loss: 0.56781 
train_loss: 0.560932 
test_loss: 0.566666 
train_loss: 0.564043 
test_loss: 0.565472 
train_loss: 0.561653 
test_loss: 0.564217 
train_loss: 0.562219 
test_loss: 0.56292 
train_loss: 0.562624 
test_loss: 0.561571 
train_loss: 0.559084 
test_loss: 0.560179 
train_loss: 0.553995 
test_loss: 0.558733 
train_loss: 0.55741 
test_loss: 0.557255 
train_loss: 0.558421 
test_loss: 0.555713 
train_loss: 0.548101 
test_loss: 0.55411 
train_loss: 0.554326 
test_loss: 0.552502 
train_loss: 0.557321 
test_loss: 0.550799 
train_loss: 0.548639 
test_loss: 0.549093 
train_loss: 0.548278 
test_loss: 0.547298 
train_loss: 0.54412 
test_loss: 0.545454 
train_loss: 0.54111 
test_loss: 0.543592 
train_loss: 0.542522 
test_loss: 0.541657 
train_loss: 0.525798 
test_loss: 0.539656 
train_loss: 0.538495 
test_loss: 0.537637 
train_loss: 0.534168 
test_loss: 0.535558 
train_loss: 0.536221 
test_loss: 0.53343 
train_loss: 0.539519 
test_loss: 0.531245 
train_loss: 0.523068 
test_loss: 0.529017 
train_loss: 0.526466 
test_loss: 0.526726 
train_loss: 0.523556 
test_loss: 0.524388 
train_loss: 0.523023 
test_loss: 0.521998 
train_loss: 0.520382 
test_loss: 0.519566 
train_loss: 0.52111 
test_loss: 0.517069 
train_loss: 0.513945 
test_loss: 0.514531 
train_loss: 0.520527 
test_loss: 0.51194 
train_loss: 0.513749 
test_loss: 0.509303 
train_loss: 0.503033 
test_loss: 0.5066 
train_loss: 0.503024 
test_loss: 0.503855 
train_loss: 0.501568 
test_loss: 0.501049 
train_loss: 0.502145 
test_loss: 0.49821 
train_loss: 0.500275 
test_loss: 0.49529 
train_loss: 0.490266 
test_loss: 0.492346 
train_loss: 0.486737 
test_loss: 0.489327 
train_loss: 0.487776 
test_loss: 0.486271 
train_loss: 0.485243 
test_loss: 0.483154 
train_loss: 0.481229 
test_loss: 0.479999 
train_loss: 0.476979 
test_loss: 0.47678 
train_loss: 0.471381 
test_loss: 0.473496 
train_loss: 0.469392 
test_loss: 0.470193 
train_loss: 0.46499 
test_loss: 0.466813 
train_loss: 0.466302 
test_loss: 0.463417 
train_loss: 0.463956 
test_loss: 0.459951 
train_loss: 0.454059 
test_loss: 0.456428 
train_loss: 0.453345 
test_loss: 0.452891 
train_loss: 0.451203 
test_loss: 0.449283 
train_loss: 0.448098 
test_loss: 0.445616 
train_loss: 0.444875 
test_loss: 0.441929 
train_loss: 0.438193 
test_loss: 0.438191 
train_loss: 0.435848 
test_loss: 0.434405 
train_loss: 0.428538 
test_loss: 0.43058 
train_loss: 0.433703 
test_loss: 0.42671 
train_loss: 0.423765 
test_loss: 0.422802 
train_loss: 0.420343 
test_loss: 0.418857 
train_loss: 0.411927 
test_loss: 0.414861 
train_loss: 0.405182 
test_loss: 0.410831 
train_loss: 0.406304 
test_loss: 0.406777 
train_loss: 0.403086 
test_loss: 0.402705 
train_loss: 0.398184 
test_loss: 0.398588 
train_loss: 0.392925 
test_loss: 0.394433 
train_loss: 0.39095 
test_loss: 0.390267 
train_loss: 0.388952 
test_loss: 0.386061 
train_loss: 0.388076 
test_loss: 0.381834 
train_loss: 0.378766 
test_loss: 0.377581 
train_loss: 0.372952 
test_loss: 0.373312 
train_loss: 0.371972 
test_loss: 0.369023 
train_loss: 0.364604 
test_loss: 0.364722 
train_loss: 0.35981 
test_loss: 0.360402 
train_loss: 0.36041 
test_loss: 0.356062 
train_loss: 0.351589 
test_loss: 0.351719 
train_loss: 0.3461 
test_loss: 0.347339 
train_loss: 0.353654 
test_loss: 0.342978 
train_loss: 0.33717 
test_loss: 0.33858 
train_loss: 0.329995 
test_loss: 0.334181 
train_loss: 0.334764 
test_loss: 0.329785 
train_loss: 0.319172 
test_loss: 0.325375 
train_loss: 0.31966 
test_loss: 0.320961 
train_loss: 0.317566 
test_loss: 0.316534 
train_loss: 0.311352 
test_loss: 0.312104 
train_loss: 0.305521 
test_loss: 0.307676 
train_loss: 0.305945 
test_loss: 0.303248 
train_loss: 0.295739 
test_loss: 0.298804 
train_loss: 0.297213 
test_loss: 0.294367 
train_loss: 0.290699 
test_loss: 0.289927 
train_loss: 0.28309 
test_loss: 0.285495 
train_loss: 0.277796 
test_loss: 0.28105 
train_loss: 0.278601 
test_loss: 0.276632 
train_loss: 0.271717 
test_loss: 0.2722 
train_loss: 0.270559 
test_loss: 0.267794 
train_loss: 0.266263 
test_loss: 0.26339 
train_loss: 0.255657 
test_loss: 0.258995 
train_loss: 0.252555 
test_loss: 0.254606 
train_loss: 0.248387 
test_loss: 0.250239 
train_loss: 0.247052 
test_loss: 0.245883 
train_loss: 0.243685 
test_loss: 0.24154 
train_loss: 0.23936 
test_loss: 0.237221 
train_loss: 0.231148 
test_loss: 0.232919 
train_loss: 0.228543 
test_loss: 0.22863 
train_loss: 0.223322 
test_loss: 0.22438 
train_loss: 0.221476 
test_loss: 0.220157 
train_loss: 0.214667 
test_loss: 0.215955 
train_loss: 0.210521 
test_loss: 0.211791 
train_loss: 0.207656 
test_loss: 0.207674 
train_loss: 0.205023 
test_loss: 0.203588 
train_loss: 0.198461 
test_loss: 0.19955 
train_loss: 0.194712 
test_loss: 0.195565 
train_loss: 0.190424 
test_loss: 0.19162 
train_loss: 0.185564 
test_loss: 0.187741 
train_loss: 0.183222 
test_loss: 0.183905 
train_loss: 0.177596 
test_loss: 0.180135 
train_loss: 0.177379 
test_loss: 0.176423 
train_loss: 0.173587 
test_loss: 0.17278 
train_loss: 0.171057 
test_loss: 0.169204 
train_loss: 0.166104 
test_loss: 0.165703 
train_loss: 0.162509 
test_loss: 0.162273 
train_loss: 0.15992 
test_loss: 0.158926 
train_loss: 0.154683 
test_loss: 0.15567 
train_loss: 0.149812 
test_loss: 0.152495 
train_loss: 0.149886 
test_loss: 0.149409 
train_loss: 0.145104 
test_loss: 0.146421 
train_loss: 0.144148 
test_loss: 0.143531 
train_loss: 0.142787 
test_loss: 0.140743 
train_loss: 0.137624 
test_loss: 0.13805 
train_loss: 0.139007 
test_loss: 0.135467 
train_loss: 0.135625 
test_loss: 0.132992 
train_loss: 0.130485 
test_loss: 0.130635 
train_loss: 0.129474 
test_loss: 0.128393 
train_loss: 0.126026 
test_loss: 0.126265 
train_loss: 0.12399 
test_loss: 0.12426 
train_loss: 0.122929 
test_loss: 0.122374 
train_loss: 0.119521 
test_loss: 0.120607 
train_loss: 0.119682 
test_loss: 0.118953 
train_loss: 0.11805 
test_loss: 0.117419 
train_loss: 0.114064 
test_loss: 0.115992 
train_loss: 0.115424 
test_loss: 0.114667 
train_loss: 0.113388 
test_loss: 0.113446 
train_loss: 0.111758 
test_loss: 0.11232 
train_loss: 0.111518 
test_loss: 0.111283 
train_loss: 0.110275 
test_loss: 0.110333 
train_loss: 0.108748 
test_loss: 0.109456 
train_loss: 0.108261 
test_loss: 0.108653 
train_loss: 0.109838 
test_loss: 0.107915 
train_loss: 0.106718 
test_loss: 0.107233 
train_loss: 0.105781 
test_loss: 0.10661 
train_loss: 0.103388 
test_loss: 0.106026 
train_loss: 0.102459 
test_loss: 0.105487 
train_loss: 0.103386 
test_loss: 0.104998 
train_loss: 0.104459 
test_loss: 0.104529 
train_loss: 0.102615 
test_loss: 0.104102 
train_loss: 0.10401 
test_loss: 0.1037 
train_loss: 0.104996 
test_loss: 0.103325 
train_loss: 0.102258 
test_loss: 0.102974 
train_loss: 0.103888 
test_loss: 0.102641 
train_loss: 0.104354 
test_loss: 0.102329 
train_loss: 0.102451 
test_loss: 0.102038 
train_loss: 0.101038 
test_loss: 0.101759 
train_loss: 0.101241 
test_loss: 0.101492 
train_loss: 0.100053 
test_loss: 0.101239 
train_loss: 0.100863 
test_loss: 0.100998 
train_loss: 0.0990901 
test_loss: 0.100767 
train_loss: 0.102126 
test_loss: 0.100544 
train_loss: 0.099401 
test_loss: 0.10033 
train_loss: 0.1003 
test_loss: 0.100122 
train_loss: 0.0993827 
test_loss: 0.099931 
train_loss: 0.0995648 
test_loss: 0.099733 
train_loss: 0.0994483 
test_loss: 0.0995468 
train_loss: 0.0983382 
test_loss: 0.0993684 
train_loss: 0.0975934 
test_loss: 0.099192 
train_loss: 0.0995564 
test_loss: 0.0990268 
train_loss: 0.0988836 
test_loss: 0.0988557 
train_loss: 0.0982311 
test_loss: 0.0986937 
train_loss: 0.0965903 
test_loss: 0.0985379 
train_loss: 0.0981662 
test_loss: 0.098381 
train_loss: 0.0961381 
test_loss: 0.0982292 
train_loss: 0.0976005 
test_loss: 0.0980886 
train_loss: 0.0983734 
test_loss: 0.0979415 
train_loss: 0.0965321 
test_loss: 0.0977955 
train_loss: 0.097859 
test_loss: 0.097655 
train_loss: 0.0972887 
test_loss: 0.0975218 
train_loss: 0.0968169 
test_loss: 0.0973863 
train_loss: 0.0969077 
test_loss: 0.0972542 
train_loss: 0.0973227 
test_loss: 0.0971194 
train_loss: 0.0950558 
test_loss: 0.0969894 
train_loss: 0.0963875 
test_loss: 0.0968572 
train_loss: 0.0962876 
test_loss: 0.0967358 
train_loss: 0.0964929 
test_loss: 0.0966121 
train_loss: 0.0955988 
test_loss: 0.096481 
train_loss: 0.0953005 
test_loss: 0.0963596 
train_loss: 0.0954411 
test_loss: 0.0962337 
train_loss: 0.0963078 
test_loss: 0.0961152 
train_loss: 0.0962045 
test_loss: 0.0959931 
train_loss: 0.0951855 
test_loss: 0.0958697 
train_loss: 0.0952002 
test_loss: 0.0957551 
train_loss: 0.0966684 
test_loss: 0.0956298 
train_loss: 0.0956346 
test_loss: 0.0955074 
train_loss: 0.094064 
test_loss: 0.0953856 
train_loss: 0.0935304 
test_loss: 0.0952551 
train_loss: 0.0948326 
test_loss: 0.095132 
train_loss: 0.0927658 
test_loss: 0.0950062 
train_loss: 0.0946996 
test_loss: 0.0948802 
train_loss: 0.0947052 
test_loss: 0.0947504 
train_loss: 0.094757 
test_loss: 0.0946196 
train_loss: 0.0945335 
test_loss: 0.0944852 
train_loss: 0.0938204 
test_loss: 0.0943498 
train_loss: 0.0955242 
test_loss: 0.094215 
train_loss: 0.0948378 
test_loss: 0.0940731 
train_loss: 0.0932367 
test_loss: 0.0939162 
train_loss: 0.0944993 
test_loss: 0.0937661 
train_loss: 0.09253 
test_loss: 0.0936105 
train_loss: 0.0929328 
test_loss: 0.0934444 
train_loss: 0.0917409 
test_loss: 0.0932744 
train_loss: 0.0931285 
test_loss: 0.0930895 
train_loss: 0.0922193 
test_loss: 0.0929208 
train_loss: 0.0921019 
test_loss: 0.0927304 
train_loss: 0.0908465 
test_loss: 0.092527 
train_loss: 0.092448 
test_loss: 0.0923143 
train_loss: 0.0937151 
test_loss: 0.0920908 
train_loss: 0.0924734 
test_loss: 0.0918498 
train_loss: 0.0915448 
test_loss: 0.0916161 
train_loss: 0.0908532 
test_loss: 0.0913659 
train_loss: 0.0908978 
test_loss: 0.0910858 
train_loss: 0.0897307 
test_loss: 0.0907963 
train_loss: 0.0892781 
test_loss: 0.0904902 
train_loss: 0.0887625 
test_loss: 0.0901696 
train_loss: 0.0884402 
test_loss: 0.0898289 
train_loss: 0.087829 
test_loss: 0.0894848 
train_loss: 0.0871868 
test_loss: 0.0891139 
train_loss: 0.0892664 
test_loss: 0.0887437 
train_loss: 0.0904655 
test_loss: 0.0883244 
train_loss: 0.0851898 
test_loss: 0.0879354 
train_loss: 0.0854727 
test_loss: 0.0874931 
train_loss: 0.0871898 
test_loss: 0.0870752 
train_loss: 0.0864521 
test_loss: 0.0866377 
train_loss: 0.0854007 
test_loss: 0.0862095 
train_loss: 0.0873249 
test_loss: 0.0857593 
train_loss: 0.0849445 
test_loss: 0.0853185 
train_loss: 0.0841976 
test_loss: 0.0848548 
train_loss: 0.0816503 
test_loss: 0.0844017 
train_loss: 0.0834782 
test_loss: 0.0839449 
train_loss: 0.0809656 
test_loss: 0.0834783 
train_loss: 0.0820882 
test_loss: 0.0830166 
train_loss: 0.0811393 
test_loss: 0.082539 
train_loss: 0.0819385 
test_loss: 0.0820604 
train_loss: 0.0815703 
test_loss: 0.0815471 
train_loss: 0.0796344 
test_loss: 0.0810507 
train_loss: 0.0801894 
test_loss: 0.0805582 
train_loss: 0.0798206 
test_loss: 0.0800431 
train_loss: 0.0806012 
test_loss: 0.0794728 
train_loss: 0.0791633 
test_loss: 0.0788951 
train_loss: 0.0771048 
test_loss: 0.078338 
train_loss: 0.0762086 
test_loss: 0.0777559 
train_loss: 0.0757524 
test_loss: 0.077106 
train_loss: 0.0761175 
test_loss: 0.0764745 
train_loss: 0.0758368 
test_loss: 0.0758488 
train_loss: 0.074487 
test_loss: 0.0751699 
train_loss: 0.0713704 
test_loss: 0.0744689 
train_loss: 0.072046 
test_loss: 0.0737934 
train_loss: 0.0719685 
test_loss: 0.0731027 
train_loss: 0.0715089 
test_loss: 0.07239 
train_loss: 0.0719148 
test_loss: 0.0716304 
train_loss: 0.0700743 
test_loss: 0.0708859 
train_loss: 0.069584 
test_loss: 0.0701718 
train_loss: 0.0679813 
test_loss: 0.069401 
train_loss: 0.0652844 
test_loss: 0.0686107 
train_loss: 0.068033 
test_loss: 0.067854 
train_loss: 0.0647525 
test_loss: 0.067143 
train_loss: 0.0670912 
test_loss: 0.0663649 
train_loss: 0.0665475 
test_loss: 0.0655913 
train_loss: 0.0650091 
test_loss: 0.064909 
train_loss: 0.0634832 
test_loss: 0.0640891 
train_loss: 0.0621757 
test_loss: 0.0633943 
train_loss: 0.0621288 
test_loss: 0.0625297 
train_loss: 0.0599898 
test_loss: 0.0618695 
train_loss: 0.0598697 
test_loss: 0.0611126 
train_loss: 0.0607749 
test_loss: 0.0603744 
train_loss: 0.0586578 
test_loss: 0.0596623 
train_loss: 0.0582043 
test_loss: 0.0588794 
train_loss: 0.0576605 
test_loss: 0.0581985 
train_loss: 0.0573894 
test_loss: 0.0574821 
train_loss: 0.0563849 
test_loss: 0.056638 
train_loss: 0.0539483 
test_loss: 0.0558969 
train_loss: 0.0545175 
test_loss: 0.0550981 
train_loss: 0.0534819 
test_loss: 0.054216 
train_loss: 0.0521046 
test_loss: 0.053209 
train_loss: 0.0513655 
test_loss: 0.0523427 
train_loss: 0.0520993 
test_loss: 0.051384 
train_loss: 0.0499461 
test_loss: 0.050477 
train_loss: 0.0479921 
test_loss: 0.0494426 
train_loss: 0.0478605 
test_loss: 0.0486322 
train_loss: 0.0469255 
test_loss: 0.0476511 
train_loss: 0.0467714 
test_loss: 0.0466858 
train_loss: 0.0451468 
test_loss: 0.0456032 
train_loss: 0.0436559 
test_loss: 0.0443778 
train_loss: 0.0439127 
test_loss: 0.0436907 
train_loss: 0.0419323 
test_loss: 0.042469 
train_loss: 0.0406739 
test_loss: 0.041435 
train_loss: 0.039917 
test_loss: 0.0404301 
train_loss: 0.0375907 
test_loss: 0.0392462 
train_loss: 0.0376538 
test_loss: 0.0384677 
train_loss: 0.0375811 
test_loss: 0.0372766 
train_loss: 0.0357514 
test_loss: 0.0361842 
train_loss: 0.0341267 
test_loss: 0.0351785 
train_loss: 0.0338569 
test_loss: 0.0342763 
train_loss: 0.0327546 
test_loss: 0.0326634 
train_loss: 0.031394 
test_loss: 0.031775 
train_loss: 0.0308002 
test_loss: 0.0303284 
train_loss: 0.0281342 
test_loss: 0.0299116 
train_loss: 0.0279934 
test_loss: 0.0288144 
train_loss: 0.0268188 
test_loss: 0.0272387 
train_loss: 0.0256194 
test_loss: 0.026333 
train_loss: 0.0250426 
test_loss: 0.0253402 
train_loss: 0.0243098 
test_loss: 0.0248576 
train_loss: 0.0238337 
test_loss: 0.0244318 
train_loss: 0.0232924 
test_loss: 0.0231239 
train_loss: 0.0220729 
test_loss: 0.0227429 
train_loss: 0.0209797 
test_loss: 0.0216887 
train_loss: 0.0220551 
test_loss: 0.0212715 
train_loss: 0.0206121 
test_loss: 0.0217083 
train_loss: 0.0199042 
test_loss: 0.0203515 
train_loss: 0.0203476 
test_loss: 0.019459 
train_loss: 0.0199248 
test_loss: 0.0200363 
train_loss: 0.0185283 
test_loss: 0.0188184 
train_loss: 0.0185054 
test_loss: 0.0186905 
train_loss: 0.0176472 
test_loss: 0.0180295 
train_loss: 0.0179916 
test_loss: 0.018017 
train_loss: 0.0179957 
test_loss: 0.0184772 
train_loss: 0.0184941 
test_loss: 0.0183814 
train_loss: 0.0184111 
test_loss: 0.0175145 
train_loss: 0.0173241 
test_loss: 0.016892 
train_loss: 0.0170795 
test_loss: 0.0165695 
train_loss: 0.0169137 
test_loss: 0.0166837 
train_loss: 0.0164175 
test_loss: 0.0171182 
train_loss: 0.0169624 
test_loss: 0.0164495 
train_loss: 0.0164811 
test_loss: 0.0161758 
train_loss: 0.016589 
test_loss: 0.0161267 
train_loss: 0.0167019 
test_loss: 0.015785 
train_loss: 0.0154551 
test_loss: 0.0158915 
train_loss: 0.015867 
test_loss: 0.0158841 
train_loss: 0.0151041 
test_loss: 0.0160305 
train_loss: 0.0146333 
test_loss: 0.0149107 
train_loss: 0.014957 
test_loss: 0.0155511 
train_loss: 0.0153216 
test_loss: 0.0150342 
train_loss: 0.0148088 
test_loss: 0.0146446 
train_loss: 0.0146348 
test_loss: 0.0148721 
train_loss: 0.0141002 
test_loss: 0.0145197 
train_loss: 0.0144433 
test_loss: 0.0148137 
train_loss: 0.0140888 
test_loss: 0.0141644 
train_loss: 0.0146597 
test_loss: 0.0159274 
train_loss: 0.0137194 
test_loss: 0.0142201 
train_loss: 0.0143064 
test_loss: 0.0144924 
train_loss: 0.0140814 
test_loss: 0.0144641 
train_loss: 0.0135601 
test_loss: 0.0140017 
train_loss: 0.0137496 
test_loss: 0.0139782 
train_loss: 0.0135883 
test_loss: 0.0137696 
train_loss: 0.0136862 
test_loss: 0.0140085 
train_loss: 0.013856 
test_loss: 0.0140936 
train_loss: 0.0143154 
test_loss: 0.0143487 
train_loss: 0.0136265 
test_loss: 0.014047 
train_loss: 0.0137743 
test_loss: 0.014013 
train_loss: 0.0136633 
test_loss: 0.0133951 
train_loss: 0.0132589 
test_loss: 0.0137794 
train_loss: 0.0139333 
test_loss: 0.0137031 
train_loss: 0.0141178 
test_loss: 0.0137568 
train_loss: 0.0129756 
test_loss: 0.0131472 
train_loss: 0.0129838 
test_loss: 0.0130799 
train_loss: 0.0130312 
test_loss: 0.0130341 
train_loss: 0.0127939 
test_loss: 0.0135621 
train_loss: 0.0138211 
test_loss: 0.0136181 
train_loss: 0.0127918 
test_loss: 0.0131468 
train_loss: 0.0130883 
test_loss: 0.0130076 
train_loss: 0.0127114 
test_loss: 0.0126724 
train_loss: 0.0127791 
test_loss: 0.0129497 
train_loss: 0.0129295 
test_loss: 0.0130693 
train_loss: 0.0124903 
test_loss: 0.013091 
train_loss: 0.0127602 
test_loss: 0.0126859 
train_loss: 0.0129771 
test_loss: 0.0131074 
train_loss: 0.0123069 
test_loss: 0.0145762 
train_loss: 0.0121555 
test_loss: 0.0128684 
train_loss: 0.0128095 
test_loss: 0.0128749 
train_loss: 0.0127275 
test_loss: 0.0131985 
train_loss: 0.0132056 
test_loss: 0.0124154 
train_loss: 0.0118705 
test_loss: 0.0125038 
train_loss: 0.0121935 
test_loss: 0.0125997 
train_loss: 0.0122979 
test_loss: 0.0122944 
train_loss: 0.0121686 
test_loss: 0.0124153 
train_loss: 0.0124834 
test_loss: 0.0129089 
train_loss: 0.0121523 
test_loss: 0.0127651 
train_loss: 0.0119926 
test_loss: 0.0121989 
train_loss: 0.0121954 
test_loss: 0.0121269 
train_loss: 0.0120615 
test_loss: 0.0123386 
train_loss: 0.0117427 
test_loss: 0.0121145 
train_loss: 0.0120259 
test_loss: 0.0123631 
train_loss: 0.0118027 
test_loss: 0.0119158 
train_loss: 0.0118088 
test_loss: 0.0118451 
train_loss: 0.0115853 
test_loss: 0.0118449 
train_loss: 0.0116976 
test_loss: 0.0117465 
train_loss: 0.0115379 
test_loss: 0.0119912 
train_loss: 0.0116129 
test_loss: 0.0117676 
train_loss: 0.0114328 
test_loss: 0.0117732 
train_loss: 0.0114066 
test_loss: 0.0116886 
train_loss: 0.011465 
test_loss: 0.0117442 
train_loss: 0.0115351 
test_loss: 0.0115597 
train_loss: 0.01145 
test_loss: 0.0120569 
train_loss: 0.0112331 
test_loss: 0.0113798 
train_loss: 0.011588 
test_loss: 0.0116255 
train_loss: 0.0111919 
test_loss: 0.0113714 
train_loss: 0.0114715 
test_loss: 0.0113329 
train_loss: 0.0113163 
test_loss: 0.0112133 
train_loss: 0.0120236 
test_loss: 0.0122622 
train_loss: 0.0112569 
test_loss: 0.0113817 
train_loss: 0.0108871 
test_loss: 0.0113187 
train_loss: 0.011211 
test_loss: 0.0120439 
