train_loss: 0.59653 
test_loss: 0.590662 
train_loss: 0.32799 
test_loss: 0.326798 
train_loss: 0.201029 
test_loss: 0.202154 
train_loss: 0.154701 
test_loss: 0.15285 
train_loss: 0.0942905 
test_loss: 0.0949526 
train_loss: 0.0900604 
test_loss: 0.0900901 
train_loss: 0.0874259 
test_loss: 0.0883743 
train_loss: 0.0847559 
test_loss: 0.0872066 
train_loss: 0.0852478 
test_loss: 0.0863355 
train_loss: 0.0845681 
test_loss: 0.085468 
train_loss: 0.0844223 
test_loss: 0.0851106 
train_loss: 0.0857463 
test_loss: 0.0846278 
train_loss: 0.0866617 
test_loss: 0.084349 
train_loss: 0.0835472 
test_loss: 0.0839022 
train_loss: 0.0832411 
test_loss: 0.0834974 
train_loss: 0.0839156 
test_loss: 0.0832227 
train_loss: 0.0813666 
test_loss: 0.0829143 
train_loss: 0.0796743 
test_loss: 0.0825731 
train_loss: 0.0764211 
test_loss: 0.0822284 
train_loss: 0.0814972 
test_loss: 0.081872 
train_loss: 0.0832865 
test_loss: 0.0813882 
train_loss: 0.0820027 
test_loss: 0.0808626 
train_loss: 0.0837875 
test_loss: 0.0803604 
train_loss: 0.0752411 
test_loss: 0.0798421 
train_loss: 0.0785045 
test_loss: 0.079363 
train_loss: 0.0760249 
test_loss: 0.0783325 
train_loss: 0.0781138 
test_loss: 0.0776928 
train_loss: 0.0756885 
test_loss: 0.0764109 
train_loss: 0.0737312 
test_loss: 0.075309 
train_loss: 0.0752066 
test_loss: 0.0741715 
train_loss: 0.0749945 
test_loss: 0.0730635 
train_loss: 0.0720126 
test_loss: 0.0720053 
train_loss: 0.0711768 
test_loss: 0.0710885 
train_loss: 0.0681289 
test_loss: 0.0690398 
train_loss: 0.0692009 
test_loss: 0.0679633 
train_loss: 0.0668324 
test_loss: 0.06633 
train_loss: 0.0659363 
test_loss: 0.0676734 
train_loss: 0.0651463 
test_loss: 0.0655945 
train_loss: 0.0648125 
test_loss: 0.0648336 
train_loss: 0.0644636 
test_loss: 0.0644705 
train_loss: 0.0669559 
test_loss: 0.0640978 
train_loss: 0.0637017 
test_loss: 0.0638702 
train_loss: 0.0620719 
test_loss: 0.0631407 
train_loss: 0.0614252 
test_loss: 0.0629893 
train_loss: 0.0624039 
test_loss: 0.0626241 
train_loss: 0.0630616 
test_loss: 0.0626526 
train_loss: 0.0643519 
test_loss: 0.0625705 
train_loss: 0.0623879 
test_loss: 0.0619718 
train_loss: 0.0604045 
test_loss: 0.0616833 
train_loss: 0.0603744 
test_loss: 0.0614357 
train_loss: 0.0608167 
test_loss: 0.0615182 
train_loss: 0.0592221 
test_loss: 0.0610403 
train_loss: 0.0642172 
test_loss: 0.0606969 
train_loss: 0.0569218 
test_loss: 0.0611611 
train_loss: 0.0623506 
test_loss: 0.0599455 
train_loss: 0.0550915 
test_loss: 0.0602729 
train_loss: 0.0593452 
test_loss: 0.0590423 
train_loss: 0.0591534 
test_loss: 0.05897 
train_loss: 0.0554848 
test_loss: 0.058631 
train_loss: 0.0569508 
test_loss: 0.0582095 
train_loss: 0.0593423 
test_loss: 0.0578095 
train_loss: 0.0544213 
test_loss: 0.0574956 
train_loss: 0.0571682 
test_loss: 0.0579654 
train_loss: 0.0593411 
test_loss: 0.0578651 
train_loss: 0.0544348 
test_loss: 0.0570694 
train_loss: 0.0561235 
test_loss: 0.0569661 
train_loss: 0.056459 
test_loss: 0.0566499 
train_loss: 0.0553392 
test_loss: 0.0569388 
train_loss: 0.0554 
test_loss: 0.0565125 
train_loss: 0.0550338 
test_loss: 0.0564061 
train_loss: 0.0559707 
test_loss: 0.056291 
train_loss: 0.0560662 
test_loss: 0.0561073 
train_loss: 0.0621305 
test_loss: 0.0565083 
train_loss: 0.0556243 
test_loss: 0.056244 
train_loss: 0.0554668 
test_loss: 0.0558858 
train_loss: 0.0584276 
test_loss: 0.0558977 
train_loss: 0.053832 
test_loss: 0.0560821 
train_loss: 0.0542562 
test_loss: 0.0558156 
train_loss: 0.053719 
test_loss: 0.0554689 
train_loss: 0.0534677 
test_loss: 0.0553245 
train_loss: 0.0567169 
test_loss: 0.055859 
train_loss: 0.053448 
test_loss: 0.0553011 
train_loss: 0.0534448 
test_loss: 0.0553461 
train_loss: 0.0517427 
test_loss: 0.0559654 
train_loss: 0.0562227 
test_loss: 0.0558666 
train_loss: 0.0551407 
test_loss: 0.0553689 
train_loss: 0.0554302 
test_loss: 0.0550248 
train_loss: 0.0534781 
test_loss: 0.0552195 
train_loss: 0.0548049 
test_loss: 0.0550596 
train_loss: 0.0549429 
test_loss: 0.0557275 
train_loss: 0.0538108 
test_loss: 0.0551868 
train_loss: 0.0541933 
test_loss: 0.0549819 
train_loss: 0.0516884 
test_loss: 0.0551334 
train_loss: 0.0554789 
test_loss: 0.0546932 
train_loss: 0.0516507 
test_loss: 0.0550717 
train_loss: 0.0550594 
test_loss: 0.0551208 
train_loss: 0.0540347 
test_loss: 0.0546463 
train_loss: 0.0552539 
test_loss: 0.0551025 
train_loss: 0.0513371 
test_loss: 0.0547518 
train_loss: 0.0552936 
test_loss: 0.05474 
train_loss: 0.0531299 
test_loss: 0.0545588 
train_loss: 0.053344 
test_loss: 0.0545613 
train_loss: 0.054161 
test_loss: 0.0546497 
train_loss: 0.0538536 
test_loss: 0.0544006 
train_loss: 0.0556695 
test_loss: 0.0544644 
train_loss: 0.0567473 
test_loss: 0.0549275 
train_loss: 0.0528272 
test_loss: 0.0544158 
train_loss: 0.0525143 
test_loss: 0.054121 
train_loss: 0.0530941 
test_loss: 0.054611 
train_loss: 0.0533188 
test_loss: 0.054396 
train_loss: 0.0538326 
test_loss: 0.0541149 
train_loss: 0.053423 
test_loss: 0.0543721 
train_loss: 0.0540743 
test_loss: 0.0544897 
train_loss: 0.0518078 
test_loss: 0.0543095 
train_loss: 0.054392 
test_loss: 0.0542774 
train_loss: 0.0533388 
test_loss: 0.054188 
train_loss: 0.054341 
test_loss: 0.0543192 
train_loss: 0.0535735 
test_loss: 0.0543573 
train_loss: 0.0542077 
test_loss: 0.0538889 
train_loss: 0.0531902 
test_loss: 0.054179 
train_loss: 0.0527667 
test_loss: 0.0538912 
train_loss: 0.050686 
test_loss: 0.0542382 
train_loss: 0.0532706 
test_loss: 0.0540718 
train_loss: 0.055043 
test_loss: 0.0538702 
train_loss: 0.0535854 
test_loss: 0.0536577 
train_loss: 0.0527844 
test_loss: 0.0542625 
train_loss: 0.054053 
test_loss: 0.0538 
train_loss: 0.0517427 
test_loss: 0.0536545 
train_loss: 0.0543465 
test_loss: 0.0543706 
train_loss: 0.0543506 
test_loss: 0.0537722 
train_loss: 0.0529098 
test_loss: 0.0537791 
train_loss: 0.0524397 
test_loss: 0.0538011 
train_loss: 0.0515852 
test_loss: 0.0535966 
train_loss: 0.0527798 
test_loss: 0.053735 
train_loss: 0.052116 
test_loss: 0.0537504 
train_loss: 0.0537656 
test_loss: 0.0536221 
train_loss: 0.0535016 
test_loss: 0.0538119 
train_loss: 0.0532424 
test_loss: 0.0538391 
train_loss: 0.0536892 
test_loss: 0.0537403 
train_loss: 0.0524943 
test_loss: 0.0535694 
train_loss: 0.0531665 
test_loss: 0.0534261 
train_loss: 0.0544173 
test_loss: 0.0535253 
train_loss: 0.0527295 
test_loss: 0.0534192 
train_loss: 0.0525637 
test_loss: 0.05347 
train_loss: 0.0540673 
test_loss: 0.053494 
train_loss: 0.0516846 
test_loss: 0.0533506 
train_loss: 0.0520847 
test_loss: 0.0532467 
train_loss: 0.0510846 
test_loss: 0.0535388 
train_loss: 0.0534651 
test_loss: 0.0536061 
train_loss: 0.0513063 
test_loss: 0.0534424 
train_loss: 0.0510111 
test_loss: 0.0530976 
train_loss: 0.0540636 
test_loss: 0.0533547 
train_loss: 0.0517094 
test_loss: 0.0530526 
train_loss: 0.0513592 
test_loss: 0.0529542 
train_loss: 0.0542735 
test_loss: 0.0538697 
train_loss: 0.0529963 
test_loss: 0.0529075 
train_loss: 0.0530357 
test_loss: 0.0538335 
train_loss: 0.0537964 
test_loss: 0.0536891 
train_loss: 0.0522536 
test_loss: 0.0531584 
train_loss: 0.0553426 
test_loss: 0.0530299 
train_loss: 0.0515906 
test_loss: 0.0531851 
