train_loss: 1.9998 
test_loss: 3.20397 
train_loss: 3.51972 
test_loss: 2.64223 
train_loss: 2.49859 
test_loss: 3.64468 
train_loss: 1.99972 
test_loss: 1.99778 
train_loss: 1.99751 
test_loss: 1.99737 
train_loss: 1.99888 
test_loss: 1.99784 
train_loss: 1.99612 
test_loss: 1.99773 
train_loss: 1.99919 
test_loss: 1.99734 
train_loss: 1.99925 
test_loss: 1.9977 
train_loss: 1.99845 
test_loss: 1.99756 
train_loss: 1.99416 
test_loss: 1.99755 
train_loss: 1.99944 
test_loss: 1.99738 
train_loss: 1.99903 
test_loss: 1.99765 
train_loss: 1.99622 
test_loss: 1.99732 
train_loss: 1.99424 
test_loss: 1.99755 
train_loss: 1.9967 
test_loss: 1.99799 
train_loss: 1.99501 
test_loss: 1.99799 
train_loss: 1.99657 
test_loss: 1.99779 
train_loss: 1.99654 
test_loss: 1.99756 
train_loss: 1.99833 
test_loss: 1.9976 
train_loss: 1.99767 
test_loss: 1.9975 
