train_loss: 0.070441 
test_loss: 0.072972 
train_loss: 0.062063 
test_loss: 0.063106 
train_loss: 0.065148 
test_loss: 0.060673 
train_loss: 0.054607 
test_loss: 0.060091 
train_loss: 0.061597 
test_loss: 0.059852 
train_loss: 0.054073 
test_loss: 0.058863 
train_loss: 0.058547 
test_loss: 0.058594 
train_loss: 0.057769 
test_loss: 0.058864 
train_loss: 0.057618 
test_loss: 0.058648 
train_loss: 0.058058 
test_loss: 0.057610 
train_loss: 0.053033 
test_loss: 0.058313 
train_loss: 0.052042 
test_loss: 0.058358 
train_loss: 0.055665 
test_loss: 0.057512 
train_loss: 0.059283 
test_loss: 0.058039 
train_loss: 0.051282 
test_loss: 0.057263 
train_loss: 0.061939 
test_loss: 0.057651 
train_loss: 0.060235 
test_loss: 0.057840 
train_loss: 0.056833 
test_loss: 0.057016 
train_loss: 0.058226 
test_loss: 0.057516 
train_loss: 0.060559 
test_loss: 0.058026 
train_loss: 0.065431 
test_loss: 0.058491 
