train_loss: 0.442593 
test_loss: 0.443691 
train_loss: 0.439129 
test_loss: 0.43851 
train_loss: 0.437417 
test_loss: 0.434149 
train_loss: 0.429277 
test_loss: 0.429025 
train_loss: 0.432122 
test_loss: 0.423223 
train_loss: 0.416664 
test_loss: 0.416829 
train_loss: 0.407534 
test_loss: 0.40994 
train_loss: 0.399261 
test_loss: 0.402597 
train_loss: 0.394468 
test_loss: 0.394828 
train_loss: 0.386408 
test_loss: 0.386697 
train_loss: 0.381019 
test_loss: 0.378264 
train_loss: 0.369769 
test_loss: 0.369525 
train_loss: 0.362503 
test_loss: 0.36052 
train_loss: 0.346424 
test_loss: 0.351299 
train_loss: 0.345241 
test_loss: 0.341895 
train_loss: 0.329424 
test_loss: 0.332334 
train_loss: 0.324379 
test_loss: 0.322619 
train_loss: 0.31327 
test_loss: 0.31282 
train_loss: 0.305964 
test_loss: 0.30297 
train_loss: 0.296267 
test_loss: 0.293096 
train_loss: 0.28233 
test_loss: 0.283196 
train_loss: 0.276905 
test_loss: 0.273384 
train_loss: 0.267331 
test_loss: 0.263634 
train_loss: 0.255083 
test_loss: 0.254014 
train_loss: 0.24375 
test_loss: 0.244519 
train_loss: 0.236056 
test_loss: 0.235182 
train_loss: 0.226572 
test_loss: 0.226093 
train_loss: 0.217754 
test_loss: 0.217243 
train_loss: 0.210704 
test_loss: 0.208679 
train_loss: 0.198787 
test_loss: 0.200448 
train_loss: 0.190597 
test_loss: 0.19261 
train_loss: 0.183851 
test_loss: 0.185179 
train_loss: 0.178211 
test_loss: 0.178178 
train_loss: 0.173673 
test_loss: 0.171621 
train_loss: 0.166114 
test_loss: 0.165508 
train_loss: 0.160094 
test_loss: 0.159859 
train_loss: 0.156225 
test_loss: 0.154632 
train_loss: 0.15104 
test_loss: 0.149835 
train_loss: 0.146249 
test_loss: 0.145429 
train_loss: 0.143772 
test_loss: 0.141402 
train_loss: 0.137445 
test_loss: 0.137723 
train_loss: 0.135403 
test_loss: 0.134348 
train_loss: 0.132251 
test_loss: 0.131265 
train_loss: 0.128366 
test_loss: 0.128445 
train_loss: 0.127866 
test_loss: 0.125866 
train_loss: 0.126146 
test_loss: 0.123494 
train_loss: 0.121687 
test_loss: 0.121315 
train_loss: 0.118838 
test_loss: 0.11931 
train_loss: 0.11704 
test_loss: 0.117473 
train_loss: 0.115403 
test_loss: 0.115777 
train_loss: 0.115452 
test_loss: 0.114209 
train_loss: 0.112755 
test_loss: 0.112765 
train_loss: 0.111769 
test_loss: 0.111425 
train_loss: 0.109785 
test_loss: 0.11019 
train_loss: 0.10797 
test_loss: 0.109047 
train_loss: 0.10709 
test_loss: 0.107988 
train_loss: 0.107385 
test_loss: 0.107004 
train_loss: 0.105445 
test_loss: 0.106103 
train_loss: 0.104554 
test_loss: 0.105263 
train_loss: 0.104017 
test_loss: 0.10449 
train_loss: 0.10328 
test_loss: 0.103779 
train_loss: 0.103005 
test_loss: 0.103114 
train_loss: 0.101723 
test_loss: 0.102501 
train_loss: 0.101212 
test_loss: 0.101937 
train_loss: 0.10153 
test_loss: 0.101413 
train_loss: 0.0998931 
test_loss: 0.100927 
train_loss: 0.0998194 
test_loss: 0.100475 
train_loss: 0.099966 
test_loss: 0.100056 
train_loss: 0.0990925 
test_loss: 0.0996657 
train_loss: 0.0998511 
test_loss: 0.0993004 
train_loss: 0.0989041 
test_loss: 0.09896 
train_loss: 0.0989945 
test_loss: 0.0986222 
train_loss: 0.0991114 
test_loss: 0.098311 
train_loss: 0.0994794 
test_loss: 0.098011 
train_loss: 0.099146 
test_loss: 0.0977192 
train_loss: 0.0979331 
test_loss: 0.0974368 
train_loss: 0.0973171 
test_loss: 0.0971591 
train_loss: 0.0986551 
test_loss: 0.0968838 
train_loss: 0.0964617 
test_loss: 0.0966059 
train_loss: 0.0968281 
test_loss: 0.0963295 
train_loss: 0.0964632 
test_loss: 0.0960438 
train_loss: 0.0956675 
test_loss: 0.0957591 
train_loss: 0.095236 
test_loss: 0.0954516 
train_loss: 0.0953202 
test_loss: 0.0951425 
train_loss: 0.0936061 
test_loss: 0.0948174 
train_loss: 0.0953376 
test_loss: 0.0944644 
train_loss: 0.0951312 
test_loss: 0.0941084 
train_loss: 0.0937829 
test_loss: 0.0937158 
train_loss: 0.0941633 
test_loss: 0.093312 
train_loss: 0.0942649 
test_loss: 0.0928793 
train_loss: 0.0920359 
test_loss: 0.0924219 
train_loss: 0.0932219 
test_loss: 0.0919405 
train_loss: 0.092241 
test_loss: 0.091422 
train_loss: 0.0903533 
test_loss: 0.090889 
train_loss: 0.0898376 
test_loss: 0.0903304 
train_loss: 0.0903553 
test_loss: 0.0897469 
train_loss: 0.0886365 
test_loss: 0.0891354 
train_loss: 0.0896662 
test_loss: 0.0885075 
train_loss: 0.087068 
test_loss: 0.0878438 
train_loss: 0.0870996 
test_loss: 0.0871676 
train_loss: 0.0878044 
test_loss: 0.086475 
train_loss: 0.0859248 
test_loss: 0.0857303 
train_loss: 0.0845668 
test_loss: 0.0849869 
train_loss: 0.0842559 
test_loss: 0.0842382 
train_loss: 0.084514 
test_loss: 0.0834541 
train_loss: 0.0820511 
test_loss: 0.0826398 
train_loss: 0.0814073 
test_loss: 0.0818221 
train_loss: 0.0814376 
test_loss: 0.0810196 
train_loss: 0.0795711 
test_loss: 0.0802024 
train_loss: 0.0787432 
test_loss: 0.0793896 
train_loss: 0.0779547 
test_loss: 0.0785677 
train_loss: 0.0779473 
test_loss: 0.0777345 
train_loss: 0.0763115 
test_loss: 0.0769475 
train_loss: 0.0757703 
test_loss: 0.076168 
train_loss: 0.0754288 
test_loss: 0.0753954 
train_loss: 0.0744752 
test_loss: 0.0746563 
train_loss: 0.0736988 
test_loss: 0.0739565 
train_loss: 0.0728264 
test_loss: 0.0732822 
train_loss: 0.0725405 
test_loss: 0.0726497 
train_loss: 0.072698 
test_loss: 0.0720523 
train_loss: 0.0709898 
test_loss: 0.0714621 
train_loss: 0.0709325 
test_loss: 0.0709315 
train_loss: 0.0707656 
test_loss: 0.0704328 
train_loss: 0.0695024 
test_loss: 0.0699876 
train_loss: 0.0690133 
test_loss: 0.0695159 
train_loss: 0.0684823 
test_loss: 0.0691094 
train_loss: 0.0695156 
test_loss: 0.0687317 
train_loss: 0.0678862 
test_loss: 0.0683978 
train_loss: 0.0675364 
test_loss: 0.0680351 
train_loss: 0.0673533 
test_loss: 0.0677164 
train_loss: 0.0665469 
test_loss: 0.067405 
train_loss: 0.0672628 
test_loss: 0.0671101 
train_loss: 0.0672899 
test_loss: 0.0668532 
train_loss: 0.0667828 
test_loss: 0.0666328 
train_loss: 0.0657116 
test_loss: 0.0663619 
train_loss: 0.0653673 
test_loss: 0.0661311 
train_loss: 0.0654892 
test_loss: 0.0659402 
train_loss: 0.065383 
test_loss: 0.0657385 
train_loss: 0.064309 
test_loss: 0.0655246 
train_loss: 0.0657594 
test_loss: 0.065316 
train_loss: 0.0657821 
test_loss: 0.0651516 
train_loss: 0.0653626 
test_loss: 0.0649827 
train_loss: 0.0641774 
test_loss: 0.0648453 
train_loss: 0.0652038 
test_loss: 0.0646634 
train_loss: 0.0645381 
test_loss: 0.0645394 
train_loss: 0.0646227 
test_loss: 0.0643001 
train_loss: 0.0649882 
test_loss: 0.0641815 
train_loss: 0.0635601 
test_loss: 0.0640255 
train_loss: 0.0643337 
test_loss: 0.0638546 
train_loss: 0.0648277 
test_loss: 0.0636952 
train_loss: 0.0627696 
test_loss: 0.0635675 
train_loss: 0.0639956 
test_loss: 0.0634191 
train_loss: 0.0627557 
test_loss: 0.0632725 
train_loss: 0.0632074 
test_loss: 0.0631146 
train_loss: 0.0618656 
test_loss: 0.0629304 
train_loss: 0.0626705 
test_loss: 0.0627773 
train_loss: 0.061841 
test_loss: 0.0626162 
train_loss: 0.0622643 
test_loss: 0.0624727 
train_loss: 0.0623626 
test_loss: 0.0622642 
train_loss: 0.0605479 
test_loss: 0.0620959 
train_loss: 0.0622145 
test_loss: 0.0619474 
train_loss: 0.0607544 
test_loss: 0.0617472 
train_loss: 0.061297 
test_loss: 0.0614435 
train_loss: 0.0607025 
test_loss: 0.0612567 
train_loss: 0.0605819 
test_loss: 0.0610803 
train_loss: 0.060197 
test_loss: 0.0607831 
train_loss: 0.0611056 
test_loss: 0.060483 
train_loss: 0.060403 
test_loss: 0.0602944 
train_loss: 0.060533 
test_loss: 0.0598822 
train_loss: 0.0590833 
test_loss: 0.0596249 
train_loss: 0.0590474 
test_loss: 0.0592275 
train_loss: 0.0573633 
test_loss: 0.0588773 
train_loss: 0.0578744 
test_loss: 0.0583575 
train_loss: 0.0570731 
test_loss: 0.0579707 
train_loss: 0.0568062 
test_loss: 0.0574219 
train_loss: 0.0569924 
test_loss: 0.0569763 
train_loss: 0.0558615 
test_loss: 0.0563918 
train_loss: 0.055076 
test_loss: 0.055681 
train_loss: 0.0555606 
test_loss: 0.0550845 
train_loss: 0.0537808 
test_loss: 0.0542679 
train_loss: 0.0524063 
test_loss: 0.0534234 
train_loss: 0.0526067 
test_loss: 0.0527216 
train_loss: 0.0511722 
test_loss: 0.0515785 
train_loss: 0.0509188 
test_loss: 0.0506319 
train_loss: 0.048421 
test_loss: 0.0493425 
train_loss: 0.0482001 
test_loss: 0.0481943 
train_loss: 0.0467347 
test_loss: 0.0467793 
train_loss: 0.0447999 
test_loss: 0.0454392 
train_loss: 0.0443861 
test_loss: 0.043999 
train_loss: 0.0412621 
test_loss: 0.0421428 
train_loss: 0.0402417 
test_loss: 0.0404837 
train_loss: 0.0388573 
test_loss: 0.0388776 
train_loss: 0.0370033 
test_loss: 0.0371946 
train_loss: 0.0353174 
test_loss: 0.0350625 
train_loss: 0.0334578 
test_loss: 0.0336032 
train_loss: 0.0322616 
test_loss: 0.0317085 
train_loss: 0.0302846 
test_loss: 0.0301199 
train_loss: 0.0273906 
test_loss: 0.028522 
train_loss: 0.0261625 
test_loss: 0.0267339 
train_loss: 0.0255094 
test_loss: 0.0250265 
train_loss: 0.0228312 
test_loss: 0.023392 
train_loss: 0.0216807 
test_loss: 0.0214143 
train_loss: 0.0198854 
test_loss: 0.0198412 
train_loss: 0.0183672 
test_loss: 0.0189404 
train_loss: 0.0174924 
test_loss: 0.0176931 
train_loss: 0.0164905 
test_loss: 0.0162893 
train_loss: 0.015849 
test_loss: 0.0160305 
train_loss: 0.0147373 
test_loss: 0.014123 
train_loss: 0.0142462 
test_loss: 0.0140012 
train_loss: 0.0130712 
test_loss: 0.0134263 
train_loss: 0.0124922 
test_loss: 0.0124086 
train_loss: 0.0119221 
test_loss: 0.0116432 
train_loss: 0.0118219 
test_loss: 0.0112239 
train_loss: 0.0109719 
test_loss: 0.0106078 
train_loss: 0.0106337 
test_loss: 0.0107142 
train_loss: 0.0102173 
test_loss: 0.0105138 
train_loss: 0.00984569 
test_loss: 0.0101556 
train_loss: 0.0100384 
test_loss: 0.00978244 
train_loss: 0.00990049 
test_loss: 0.0100918 
train_loss: 0.00909967 
test_loss: 0.00869262 
train_loss: 0.00854192 
test_loss: 0.00852698 
train_loss: 0.00887618 
test_loss: 0.00886715 
train_loss: 0.00930147 
test_loss: 0.00852026 
train_loss: 0.00847918 
test_loss: 0.00817199 
train_loss: 0.00835134 
test_loss: 0.00830421 
train_loss: 0.00819237 
test_loss: 0.00842904 
train_loss: 0.00772498 
test_loss: 0.00829643 
train_loss: 0.00770508 
test_loss: 0.00813855 
train_loss: 0.00825138 
test_loss: 0.00789273 
train_loss: 0.0079258 
test_loss: 0.0078573 
train_loss: 0.00758021 
test_loss: 0.00780247 
train_loss: 0.00768153 
test_loss: 0.00768259 
train_loss: 0.00769454 
test_loss: 0.00757124 
train_loss: 0.00750711 
test_loss: 0.00766922 
train_loss: 0.00746887 
test_loss: 0.00759231 
train_loss: 0.00737355 
test_loss: 0.00728749 
train_loss: 0.00733394 
test_loss: 0.0074366 
train_loss: 0.00710034 
test_loss: 0.00727215 
train_loss: 0.0076887 
test_loss: 0.00744731 
train_loss: 0.00729893 
test_loss: 0.00739255 
train_loss: 0.00749667 
test_loss: 0.00737963 
train_loss: 0.00722625 
test_loss: 0.00738627 
train_loss: 0.00704886 
test_loss: 0.00738013 
train_loss: 0.00706058 
test_loss: 0.00711821 
train_loss: 0.00701479 
test_loss: 0.00702757 
train_loss: 0.00685954 
test_loss: 0.00702364 
train_loss: 0.00720067 
test_loss: 0.00703665 
train_loss: 0.00714305 
test_loss: 0.00714086 
train_loss: 0.00686132 
test_loss: 0.00666773 
train_loss: 0.00707381 
test_loss: 0.00711324 
train_loss: 0.0071487 
test_loss: 0.00723893 
train_loss: 0.00688959 
test_loss: 0.00674524 
train_loss: 0.00661164 
test_loss: 0.00670743 
train_loss: 0.00678338 
test_loss: 0.00650286 
train_loss: 0.00695001 
test_loss: 0.00695357 
train_loss: 0.00676496 
test_loss: 0.00666037 
train_loss: 0.00678351 
test_loss: 0.00705126 
train_loss: 0.00664408 
test_loss: 0.00681973 
train_loss: 0.00711898 
test_loss: 0.00702693 
train_loss: 0.00686851 
test_loss: 0.00673419 
train_loss: 0.00678604 
test_loss: 0.0068005 
train_loss: 0.00656781 
test_loss: 0.00691049 
train_loss: 0.00664552 
test_loss: 0.00667724 
train_loss: 0.0065442 
test_loss: 0.00656818 
train_loss: 0.00663734 
test_loss: 0.0068746 
train_loss: 0.00672027 
test_loss: 0.00665991 
train_loss: 0.00654485 
test_loss: 0.00655309 
train_loss: 0.00645444 
test_loss: 0.00688813 
train_loss: 0.00655854 
test_loss: 0.00654451 
train_loss: 0.00655722 
test_loss: 0.00665017 
train_loss: 0.00674384 
test_loss: 0.0067407 
train_loss: 0.00683246 
test_loss: 0.00674027 
train_loss: 0.00668195 
test_loss: 0.00668857 
train_loss: 0.00679514 
test_loss: 0.00673952 
train_loss: 0.00683251 
test_loss: 0.00658661 
train_loss: 0.00607794 
test_loss: 0.00635301 
train_loss: 0.00671991 
test_loss: 0.00635075 
train_loss: 0.0063787 
test_loss: 0.00667661 
train_loss: 0.00649906 
test_loss: 0.00625998 
train_loss: 0.00637026 
test_loss: 0.00640251 
train_loss: 0.00661882 
test_loss: 0.00641572 
train_loss: 0.00654598 
test_loss: 0.00624875 
train_loss: 0.00680201 
test_loss: 0.00679878 
train_loss: 0.00628448 
test_loss: 0.00643962 
train_loss: 0.00629012 
test_loss: 0.00631585 
train_loss: 0.00651825 
test_loss: 0.0064834 
train_loss: 0.00644022 
test_loss: 0.00617583 
train_loss: 0.00619824 
test_loss: 0.00638052 
train_loss: 0.00623825 
test_loss: 0.00631132 
train_loss: 0.00629968 
test_loss: 0.00620479 
train_loss: 0.00624454 
test_loss: 0.00633953 
train_loss: 0.0064754 
test_loss: 0.00628964 
train_loss: 0.00646539 
test_loss: 0.00624984 
train_loss: 0.00613215 
test_loss: 0.0060219 
train_loss: 0.00637183 
test_loss: 0.00635814 
train_loss: 0.00631991 
test_loss: 0.0061468 
train_loss: 0.00639515 
test_loss: 0.00640685 
train_loss: 0.00644646 
test_loss: 0.00618918 
train_loss: 0.00630934 
test_loss: 0.0064152 
train_loss: 0.00618311 
test_loss: 0.00642963 
train_loss: 0.00619876 
test_loss: 0.00657581 
