train_loss: 0.088061 
test_loss: 0.089090 
train_loss: 0.075666 
test_loss: 0.076399 
train_loss: 0.068468 
test_loss: 0.069335 
train_loss: 0.062785 
test_loss: 0.064018 
train_loss: 0.053986 
test_loss: 0.054349 
train_loss: 0.044111 
test_loss: 0.046393 
train_loss: 0.040822 
test_loss: 0.040813 
train_loss: 0.037541 
test_loss: 0.037972 
train_loss: 0.034749 
test_loss: 0.035466 
train_loss: 0.032629 
test_loss: 0.033239 
train_loss: 0.030775 
test_loss: 0.030678 
train_loss: 0.027951 
test_loss: 0.028771 
train_loss: 0.026968 
test_loss: 0.027157 
train_loss: 0.025379 
test_loss: 0.025846 
train_loss: 0.024434 
test_loss: 0.024548 
train_loss: 0.023188 
test_loss: 0.023308 
train_loss: 0.021875 
test_loss: 0.022163 
train_loss: 0.020514 
test_loss: 0.021161 
train_loss: 0.020174 
test_loss: 0.020539 
train_loss: 0.020211 
test_loss: 0.020267 
train_loss: 0.019149 
test_loss: 0.019327 
train_loss: 0.018814 
test_loss: 0.019208 
train_loss: 0.018506 
test_loss: 0.018679 
train_loss: 0.017355 
test_loss: 0.017765 
train_loss: 0.016814 
test_loss: 0.017260 
train_loss: 0.016572 
test_loss: 0.017129 
train_loss: 0.016725 
test_loss: 0.017209 
train_loss: 0.016253 
test_loss: 0.016518 
train_loss: 0.016314 
test_loss: 0.016390 
train_loss: 0.016118 
test_loss: 0.016423 
train_loss: 0.015584 
test_loss: 0.015740 
train_loss: 0.015316 
test_loss: 0.015826 
train_loss: 0.015072 
test_loss: 0.014712 
train_loss: 0.014486 
test_loss: 0.014600 
train_loss: 0.014933 
test_loss: 0.015183 
train_loss: 0.014626 
test_loss: 0.014717 
train_loss: 0.014429 
test_loss: 0.014491 
train_loss: 0.013938 
test_loss: 0.014389 
train_loss: 0.013910 
test_loss: 0.014459 
train_loss: 0.014217 
test_loss: 0.014235 
train_loss: 0.013292 
test_loss: 0.013591 
train_loss: 0.013896 
test_loss: 0.014241 
train_loss: 0.013590 
test_loss: 0.013735 
train_loss: 0.013355 
test_loss: 0.013703 
train_loss: 0.013454 
test_loss: 0.013451 
train_loss: 0.013298 
test_loss: 0.013762 
train_loss: 0.013027 
test_loss: 0.013144 
train_loss: 0.013004 
test_loss: 0.013482 
train_loss: 0.013069 
test_loss: 0.013184 
train_loss: 0.013474 
test_loss: 0.013601 
train_loss: 0.012571 
test_loss: 0.013348 
train_loss: 0.012646 
test_loss: 0.012501 
train_loss: 0.012875 
test_loss: 0.013300 
train_loss: 0.012430 
test_loss: 0.013076 
train_loss: 0.012082 
test_loss: 0.012430 
train_loss: 0.012397 
test_loss: 0.012649 
train_loss: 0.012457 
test_loss: 0.012266 
train_loss: 0.012140 
test_loss: 0.012407 
train_loss: 0.012603 
test_loss: 0.012488 
train_loss: 0.011776 
test_loss: 0.012150 
train_loss: 0.012041 
test_loss: 0.012107 
train_loss: 0.011875 
test_loss: 0.012162 
train_loss: 0.011978 
test_loss: 0.012169 
train_loss: 0.011552 
test_loss: 0.011505 
train_loss: 0.011744 
test_loss: 0.011923 
train_loss: 0.011788 
test_loss: 0.012232 
train_loss: 0.011971 
test_loss: 0.012026 
train_loss: 0.011556 
test_loss: 0.011762 
train_loss: 0.011611 
test_loss: 0.011355 
train_loss: 0.011246 
test_loss: 0.011834 
train_loss: 0.011926 
test_loss: 0.012131 
