train_loss: 0.478217 
test_loss: 0.479499 
train_loss: 0.259845 
test_loss: 0.256494 
train_loss: 0.114517 
test_loss: 0.112594 
train_loss: 0.0788138 
test_loss: 0.0789273 
train_loss: 0.0749468 
test_loss: 0.0749306 
train_loss: 0.0716962 
test_loss: 0.0722151 
train_loss: 0.0690723 
test_loss: 0.0691349 
train_loss: 0.0650976 
test_loss: 0.0652919 
train_loss: 0.0598467 
test_loss: 0.060902 
train_loss: 0.0566095 
test_loss: 0.0571045 
train_loss: 0.0529899 
test_loss: 0.0544226 
train_loss: 0.0524424 
test_loss: 0.0525499 
train_loss: 0.0526315 
test_loss: 0.0518164 
train_loss: 0.0508709 
test_loss: 0.0511173 
train_loss: 0.050359 
test_loss: 0.0506887 
train_loss: 0.0508813 
test_loss: 0.0505737 
train_loss: 0.0503163 
test_loss: 0.0504425 
train_loss: 0.0510953 
test_loss: 0.0503675 
train_loss: 0.050933 
test_loss: 0.0499217 
train_loss: 0.0496933 
test_loss: 0.0500187 
train_loss: 0.0492906 
test_loss: 0.0494955 
train_loss: 0.0505312 
test_loss: 0.0495653 
train_loss: 0.0507277 
test_loss: 0.0493728 
train_loss: 0.0487863 
test_loss: 0.0487359 
train_loss: 0.0488674 
test_loss: 0.0483049 
train_loss: 0.0467128 
test_loss: 0.048866 
train_loss: 0.0468253 
test_loss: 0.0470761 
train_loss: 0.0457119 
test_loss: 0.0479507 
train_loss: 0.0460407 
test_loss: 0.04631 
train_loss: 0.0446936 
test_loss: 0.0453353 
train_loss: 0.0440092 
test_loss: 0.04475 
train_loss: 0.0444636 
test_loss: 0.0444565 
train_loss: 0.0439976 
test_loss: 0.04488 
train_loss: 0.0440054 
test_loss: 0.0439162 
train_loss: 0.0430465 
test_loss: 0.0437722 
train_loss: 0.0438415 
test_loss: 0.0438167 
train_loss: 0.0437802 
test_loss: 0.0435225 
train_loss: 0.0433808 
test_loss: 0.043549 
train_loss: 0.0433957 
test_loss: 0.043576 
train_loss: 0.042289 
test_loss: 0.0435187 
train_loss: 0.0442441 
test_loss: 0.0439781 
train_loss: 0.0448001 
test_loss: 0.0437018 
train_loss: 0.0441419 
test_loss: 0.0436041 
train_loss: 0.0435224 
test_loss: 0.0433264 
train_loss: 0.043429 
test_loss: 0.0437626 
train_loss: 0.0431494 
test_loss: 0.0436648 
train_loss: 0.0453076 
test_loss: 0.043438 
train_loss: 0.0444201 
test_loss: 0.0433881 
train_loss: 0.0432112 
test_loss: 0.0432541 
train_loss: 0.0441466 
test_loss: 0.0433917 
train_loss: 0.0425289 
test_loss: 0.04321 
train_loss: 0.0423218 
test_loss: 0.04344 
train_loss: 0.0430423 
test_loss: 0.0431489 
train_loss: 0.0426838 
test_loss: 0.0435673 
train_loss: 0.0424925 
test_loss: 0.0432335 
train_loss: 0.0415751 
test_loss: 0.0431825 
train_loss: 0.0432211 
test_loss: 0.0435197 
train_loss: 0.044079 
test_loss: 0.043198 
train_loss: 0.0426278 
test_loss: 0.0430108 
train_loss: 0.0439449 
test_loss: 0.0431506 
train_loss: 0.0430544 
test_loss: 0.0429894 
train_loss: 0.0433076 
test_loss: 0.0431387 
train_loss: 0.0435819 
test_loss: 0.0430188 
train_loss: 0.0422223 
test_loss: 0.0429752 
train_loss: 0.0430293 
test_loss: 0.042689 
train_loss: 0.0427366 
test_loss: 0.0427425 
train_loss: 0.0420092 
test_loss: 0.042899 
train_loss: 0.0433725 
test_loss: 0.0429662 
train_loss: 0.0423175 
test_loss: 0.0427125 
train_loss: 0.0430515 
test_loss: 0.0430842 
train_loss: 0.0425183 
test_loss: 0.0429867 
train_loss: 0.0423004 
test_loss: 0.0428997 
train_loss: 0.0424591 
test_loss: 0.0427839 
train_loss: 0.0427516 
test_loss: 0.0425606 
train_loss: 0.0428631 
test_loss: 0.0429253 
train_loss: 0.0419385 
test_loss: 0.0428838 
train_loss: 0.0430956 
test_loss: 0.0426849 
train_loss: 0.0433537 
test_loss: 0.0424979 
train_loss: 0.044513 
test_loss: 0.0430152 
train_loss: 0.0420546 
test_loss: 0.0428478 
train_loss: 0.042542 
test_loss: 0.0425297 
train_loss: 0.043748 
test_loss: 0.042765 
train_loss: 0.0411475 
test_loss: 0.0426846 
train_loss: 0.0425357 
test_loss: 0.0423697 
train_loss: 0.043844 
test_loss: 0.0430034 
train_loss: 0.0416252 
test_loss: 0.0423166 
train_loss: 0.0418782 
test_loss: 0.0426753 
train_loss: 0.0433262 
test_loss: 0.0423882 
train_loss: 0.0418812 
test_loss: 0.042622 
train_loss: 0.0421955 
test_loss: 0.0422974 
train_loss: 0.0417143 
test_loss: 0.042308 
train_loss: 0.0420986 
test_loss: 0.0422056 
train_loss: 0.0412334 
test_loss: 0.0419862 
train_loss: 0.0422585 
test_loss: 0.0422452 
train_loss: 0.041291 
test_loss: 0.0424599 
train_loss: 0.0417185 
test_loss: 0.042159 
train_loss: 0.043112 
test_loss: 0.042227 
train_loss: 0.0433864 
test_loss: 0.0430158 
train_loss: 0.0429187 
test_loss: 0.0424874 
train_loss: 0.0421614 
test_loss: 0.0421137 
train_loss: 0.0417911 
test_loss: 0.0422575 
train_loss: 0.0432147 
test_loss: 0.0421717 
train_loss: 0.0421361 
test_loss: 0.0422816 
train_loss: 0.0416314 
test_loss: 0.0423505 
train_loss: 0.0416665 
test_loss: 0.0421513 
train_loss: 0.0418895 
test_loss: 0.0422428 
train_loss: 0.0433258 
test_loss: 0.0423367 
train_loss: 0.0420485 
test_loss: 0.0423535 
train_loss: 0.042937 
test_loss: 0.0430089 
train_loss: 0.0424993 
test_loss: 0.0423133 
train_loss: 0.0414192 
test_loss: 0.0422796 
train_loss: 0.0434614 
test_loss: 0.0422544 
train_loss: 0.0416385 
test_loss: 0.0422058 
train_loss: 0.0426972 
test_loss: 0.0422929 
train_loss: 0.0428946 
test_loss: 0.0421598 
train_loss: 0.0421883 
test_loss: 0.0421624 
train_loss: 0.0417692 
test_loss: 0.042065 
train_loss: 0.0422651 
test_loss: 0.0423775 
train_loss: 0.0417307 
test_loss: 0.0419915 
train_loss: 0.0419663 
test_loss: 0.042471 
train_loss: 0.0425234 
test_loss: 0.0422656 
