train_loss: 0.750543 
test_loss: 0.826765 
train_loss: 0.65027 
test_loss: 0.666512 
train_loss: 0.427387 
test_loss: 0.432551 
train_loss: 0.667592 
test_loss: 0.684005 
train_loss: 0.538324 
test_loss: 0.510819 
train_loss: 0.416941 
test_loss: 0.449749 
train_loss: 0.599808 
test_loss: 0.351605 
train_loss: 0.335817 
test_loss: 0.350449 
train_loss: 0.431553 
test_loss: 0.426256 
train_loss: 0.243342 
test_loss: 0.235008 
train_loss: 0.273894 
test_loss: 0.213879 
train_loss: 0.239931 
test_loss: 0.213416 
train_loss: 0.795009 
test_loss: 0.757809 
train_loss: 0.500735 
test_loss: 0.586071 
train_loss: 0.413899 
test_loss: 0.454827 
train_loss: 0.262284 
test_loss: 0.254768 
train_loss: 0.199091 
test_loss: 0.210945 
train_loss: 0.799092 
test_loss: 0.789432 
train_loss: 0.683776 
test_loss: 0.729469 
train_loss: 0.670458 
test_loss: 0.660755 
train_loss: 0.603971 
test_loss: 0.568186 
train_loss: 0.387144 
test_loss: 0.424195 
train_loss: 0.766091 
test_loss: 0.733768 
train_loss: 0.689787 
test_loss: 0.687242 
train_loss: 0.620778 
test_loss: 0.641648 
train_loss: 0.692335 
test_loss: 0.596744 
train_loss: 0.483995 
test_loss: 0.556559 
train_loss: 0.522818 
test_loss: 0.52464 
train_loss: 0.447321 
test_loss: 0.502492 
train_loss: 0.529202 
test_loss: 0.486028 
train_loss: 0.454684 
test_loss: 0.473667 
train_loss: 0.459846 
test_loss: 0.463348 
train_loss: 0.444997 
test_loss: 0.455473 
train_loss: 0.434314 
test_loss: 0.450393 
train_loss: 0.398657 
test_loss: 0.445607 
train_loss: 0.446368 
test_loss: 0.442403 
train_loss: 0.419943 
test_loss: 0.440823 
train_loss: 0.424153 
test_loss: 0.437379 
train_loss: 0.45965 
test_loss: 0.434428 
train_loss: 0.383423 
test_loss: 0.425682 
train_loss: 0.407359 
test_loss: 0.410333 
train_loss: 1.98574 
test_loss: 2.39364 
train_loss: 1.0272 
test_loss: 1.0195 
train_loss: 0.926979 
test_loss: 0.972945 
train_loss: 0.866426 
test_loss: 0.904693 
train_loss: 0.813097 
test_loss: 0.827696 
train_loss: 0.71361 
test_loss: 0.78011 
train_loss: 0.741268 
test_loss: 0.738955 
train_loss: 0.678661 
test_loss: 0.690098 
train_loss: 0.656088 
test_loss: 0.627184 
train_loss: 0.548779 
test_loss: 0.557891 
train_loss: 0.437231 
test_loss: 0.502159 
train_loss: 0.49058 
test_loss: 0.459813 
train_loss: 0.356924 
test_loss: 0.40175 
train_loss: 0.645344 
test_loss: 0.671301 
train_loss: 0.619372 
test_loss: 0.617212 
train_loss: 0.562372 
test_loss: 0.56096 
train_loss: 0.44946 
test_loss: 0.501609 
train_loss: 0.382074 
test_loss: 0.449162 
train_loss: 0.334899 
test_loss: 0.369816 
train_loss: 0.323463 
test_loss: 1.27551 
train_loss: 0.372491 
test_loss: 0.433735 
train_loss: 0.283025 
test_loss: 0.287187 
train_loss: 0.476071 
test_loss: 0.526168 
train_loss: 0.407996 
test_loss: 0.428486 
train_loss: 0.280003 
test_loss: 0.279883 
train_loss: 2.12579 
test_loss: 2.98694 
train_loss: 1.99436 
test_loss: 2.02814 
train_loss: 1.99905 
test_loss: 1.99666 
train_loss: 1.99755 
test_loss: 1.99668 
train_loss: 1.9952 
test_loss: 2.00139 
train_loss: 1.99391 
test_loss: 1.99858 
train_loss: 1.99659 
test_loss: 2.87396 
train_loss: 2.05653 
test_loss: 2.18597 
train_loss: 2.04549 
test_loss: 3.03093 
train_loss: 0.936701 
test_loss: 0.886837 
train_loss: 0.850458 
test_loss: 0.874337 
train_loss: 0.81679 
test_loss: 0.859328 
train_loss: 0.933648 
test_loss: 0.841803 
train_loss: 0.808881 
test_loss: 0.82109 
train_loss: 0.771685 
test_loss: 0.796361 
train_loss: 0.84717 
test_loss: 0.767119 
train_loss: 0.724656 
test_loss: 0.731647 
train_loss: 0.698936 
test_loss: 0.68831 
train_loss: 0.609875 
test_loss: 0.636317 
train_loss: 0.565544 
test_loss: 0.579609 
train_loss: 0.548181 
test_loss: 0.531205 
train_loss: 0.497046 
test_loss: 0.494309 
train_loss: 0.434887 
test_loss: 0.455589 
train_loss: 0.500791 
test_loss: 0.522765 
train_loss: 0.3353 
test_loss: 0.366994 
train_loss: 0.542926 
test_loss: 0.577752 
train_loss: 0.541511 
test_loss: 0.537767 
train_loss: 0.536982 
test_loss: 0.490454 
train_loss: 0.458722 
test_loss: 0.462836 
train_loss: 0.389438 
test_loss: 0.443596 
train_loss: 0.36899 
test_loss: 0.365746 
train_loss: 2.02366 
test_loss: 3.13279 
train_loss: 0.615192 
test_loss: 0.64827 
train_loss: 0.649846 
test_loss: 0.621117 
train_loss: 0.7296 
test_loss: 0.593586 
train_loss: 0.586174 
test_loss: 0.563743 
train_loss: 0.530616 
test_loss: 0.527636 
train_loss: 0.448307 
test_loss: 0.485206 
train_loss: 0.471341 
test_loss: 0.437671 
train_loss: 0.332963 
test_loss: 0.377743 
train_loss: 0.304863 
test_loss: 0.307093 
train_loss: 0.310146 
test_loss: 0.314687 
train_loss: 0.537097 
test_loss: 0.597932 
train_loss: 0.531724 
test_loss: 0.549341 
train_loss: 0.516204 
test_loss: 0.512202 
train_loss: 0.472111 
test_loss: 0.482875 
train_loss: 0.433621 
test_loss: 0.454821 
train_loss: 0.433871 
test_loss: 0.388404 
train_loss: 0.299067 
test_loss: 0.27303 
train_loss: 0.485483 
test_loss: 0.536385 
train_loss: 0.49044 
test_loss: 0.490393 
train_loss: 0.467145 
test_loss: 0.461283 
train_loss: 0.430634 
test_loss: 0.436693 
train_loss: 0.334441 
test_loss: 0.294875 
train_loss: 2.16171 
test_loss: 5.40467 
train_loss: 1.99702 
test_loss: 2.28576 
train_loss: 1.95264 
test_loss: 2.79954 
train_loss: 1.99956 
test_loss: 3.12074 
train_loss: 1.97195 
test_loss: 2.89431 
train_loss: 1.99615 
test_loss: 5.5526 
train_loss: 1.99718 
test_loss: 5.39806 
train_loss: 1.98286 
test_loss: 2.14591 
train_loss: 1.97653 
test_loss: 2.07169 
train_loss: 1.96083 
test_loss: 2.19926 
train_loss: 1.99703 
test_loss: 3.8964 
train_loss: 2.1416 
test_loss: 2.7874 
train_loss: 1.97568 
test_loss: 2.42823 
train_loss: 1.98626 
test_loss: 2.34417 
train_loss: 1.98881 
test_loss: 2.04917 
train_loss: 0.861531 
test_loss: 0.886953 
train_loss: 0.907605 
test_loss: 0.8738 
train_loss: 0.812801 
test_loss: 0.859466 
train_loss: 0.827061 
test_loss: 0.842899 
train_loss: 0.892261 
test_loss: 0.824067 
train_loss: 0.770206 
test_loss: 0.802959 
train_loss: 0.768501 
test_loss: 0.779346 
train_loss: 0.700366 
test_loss: 0.752293 
train_loss: 0.708197 
test_loss: 0.721242 
train_loss: 0.719293 
test_loss: 0.684321 
train_loss: 0.572922 
test_loss: 0.638861 
train_loss: 0.60238 
test_loss: 0.583834 
train_loss: 0.543457 
test_loss: 0.525212 
train_loss: 0.434693 
test_loss: 0.447153 
train_loss: 6.1707 
test_loss: 2.92519 
