train_loss: 0.045462 
test_loss: 0.045258 
train_loss: 0.025153 
test_loss: 0.024292 
train_loss: 0.012642 
test_loss: 0.011924 
train_loss: 0.009331 
test_loss: 0.008121 
train_loss: 0.007263 
test_loss: 0.007530 
train_loss: 0.007180 
test_loss: 0.006585 
train_loss: 0.007900 
test_loss: 0.006815 
train_loss: 0.005872 
test_loss: 0.006834 
train_loss: 0.005704 
test_loss: 0.005091 
train_loss: 0.005389 
test_loss: 0.005043 
train_loss: 0.004575 
test_loss: 0.004997 
train_loss: 0.005010 
test_loss: 0.005299 
train_loss: 0.005058 
test_loss: 0.005225 
train_loss: 0.004775 
test_loss: 0.004313 
train_loss: 0.004194 
test_loss: 0.003875 
train_loss: 0.006094 
test_loss: 0.004257 
train_loss: 0.004910 
test_loss: 0.004614 
train_loss: 0.003977 
test_loss: 0.005711 
train_loss: 0.005290 
test_loss: 0.004172 
train_loss: 0.003655 
test_loss: 0.003851 
train_loss: 0.004804 
test_loss: 0.004955 
train_loss: 0.005513 
test_loss: 0.004677 
train_loss: 0.004657 
test_loss: 0.004102 
train_loss: 0.003658 
test_loss: 0.005293 
train_loss: 0.004651 
test_loss: 0.004295 
train_loss: 0.004062 
test_loss: 0.004052 
train_loss: 0.004395 
test_loss: 0.003440 
train_loss: 0.003378 
test_loss: 0.004576 
train_loss: 0.003793 
test_loss: 0.003437 
train_loss: 0.003795 
test_loss: 0.003334 
train_loss: 0.004292 
test_loss: 0.003535 
train_loss: 0.003572 
test_loss: 0.003683 
train_loss: 0.004043 
test_loss: 0.004378 
train_loss: 0.006163 
test_loss: 0.004172 
train_loss: 0.005833 
test_loss: 0.005864 
train_loss: 0.004186 
test_loss: 0.004144 
train_loss: 0.005192 
test_loss: 0.003471 
train_loss: 0.005048 
test_loss: 0.003525 
train_loss: 0.005289 
test_loss: 0.004646 
train_loss: 0.004179 
test_loss: 0.004907 
train_loss: 0.003020 
test_loss: 0.003277 
train_loss: 0.003475 
test_loss: 0.003000 
train_loss: 0.003747 
test_loss: 0.003612 
train_loss: 0.003554 
test_loss: 0.004237 
train_loss: 0.003934 
test_loss: 0.004239 
train_loss: 0.003499 
test_loss: 0.003793 
train_loss: 0.004324 
test_loss: 0.004850 
train_loss: 0.004291 
test_loss: 0.006209 
train_loss: 0.004059 
test_loss: 0.005336 
train_loss: 0.003724 
test_loss: 0.005332 
train_loss: 0.003647 
test_loss: 0.004914 
