train_loss: 0.014021 
test_loss: 0.014761 
train_loss: 0.012310 
test_loss: 0.011866 
train_loss: 0.011099 
test_loss: 0.011089 
train_loss: 0.010814 
test_loss: 0.010622 
train_loss: 0.009969 
test_loss: 0.011086 
train_loss: 0.010430 
test_loss: 0.010507 
train_loss: 0.010578 
test_loss: 0.011216 
train_loss: 0.010438 
test_loss: 0.009857 
train_loss: 0.010750 
test_loss: 0.011068 
train_loss: 0.010318 
test_loss: 0.010067 
train_loss: 0.010150 
test_loss: 0.010071 
train_loss: 0.009798 
test_loss: 0.010461 
train_loss: 0.010011 
test_loss: 0.010342 
train_loss: 0.010384 
test_loss: 0.009580 
train_loss: 0.009894 
test_loss: 0.009853 
train_loss: 0.008985 
test_loss: 0.009323 
train_loss: 0.009105 
test_loss: 0.009800 
train_loss: 0.010037 
test_loss: 0.009809 
train_loss: 0.009745 
test_loss: 0.010188 
train_loss: 0.009920 
test_loss: 0.009856 
train_loss: 0.009793 
test_loss: 0.009466 
train_loss: 0.009828 
test_loss: 0.009794 
train_loss: 0.010015 
test_loss: 0.009476 
train_loss: 0.009096 
test_loss: 0.009463 
train_loss: 0.009735 
test_loss: 0.009552 
train_loss: 0.009631 
test_loss: 0.009132 
train_loss: 0.009070 
test_loss: 0.009204 
train_loss: 0.010061 
test_loss: 0.009252 
train_loss: 0.009632 
test_loss: 0.009219 
train_loss: 0.009241 
test_loss: 0.009204 
train_loss: 0.008445 
test_loss: 0.009285 
train_loss: 0.009339 
test_loss: 0.009110 
train_loss: 0.009181 
test_loss: 0.009042 
train_loss: 0.009064 
test_loss: 0.009646 
train_loss: 0.009436 
test_loss: 0.009063 
train_loss: 0.009029 
test_loss: 0.009102 
train_loss: 0.009705 
test_loss: 0.009092 
train_loss: 0.008983 
test_loss: 0.009230 
train_loss: 0.009298 
test_loss: 0.008937 
train_loss: 0.008373 
test_loss: 0.009102 
train_loss: 0.008879 
test_loss: 0.009076 
train_loss: 0.009139 
test_loss: 0.008919 
train_loss: 0.008382 
test_loss: 0.009032 
train_loss: 0.008521 
test_loss: 0.008955 
train_loss: 0.009922 
test_loss: 0.009080 
train_loss: 0.009078 
test_loss: 0.009118 
train_loss: 0.008320 
test_loss: 0.008966 
train_loss: 0.009840 
test_loss: 0.009082 
train_loss: 0.008987 
test_loss: 0.009510 
train_loss: 0.009316 
test_loss: 0.008856 
train_loss: 0.009168 
test_loss: 0.008833 
train_loss: 0.008815 
test_loss: 0.008775 
train_loss: 0.008540 
test_loss: 0.008822 
train_loss: 0.008541 
test_loss: 0.008842 
train_loss: 0.008430 
test_loss: 0.008635 
train_loss: 0.008601 
test_loss: 0.009128 
train_loss: 0.008214 
test_loss: 0.008894 
train_loss: 0.009127 
test_loss: 0.009148 
train_loss: 0.008871 
test_loss: 0.009093 
train_loss: 0.008565 
test_loss: 0.009069 
train_loss: 0.009206 
test_loss: 0.009008 
