train_loss: 0.544252 
test_loss: 0.542038 
train_loss: 0.553633 
test_loss: 0.542051 
train_loss: 0.537835 
test_loss: 0.541914 
train_loss: 0.568008 
test_loss: 0.541808 
train_loss: 0.521419 
test_loss: 0.541594 
train_loss: 0.571140 
test_loss: 0.541370 
train_loss: 0.552611 
test_loss: 0.541055 
train_loss: 0.571598 
test_loss: 0.540631 
train_loss: 0.533388 
test_loss: 0.540055 
train_loss: 0.525277 
test_loss: 0.539335 
train_loss: 0.524763 
test_loss: 0.538436 
train_loss: 0.534042 
test_loss: 0.537313 
train_loss: 0.559836 
test_loss: 0.535726 
train_loss: 0.536347 
test_loss: 0.533862 
train_loss: 0.520939 
test_loss: 0.531365 
train_loss: 0.502403 
test_loss: 0.528319 
train_loss: 0.529644 
test_loss: 0.524348 
train_loss: 0.523073 
test_loss: 0.519431 
train_loss: 0.518515 
test_loss: 0.513162 
train_loss: 0.515016 
test_loss: 0.505290 
train_loss: 0.511141 
test_loss: 0.495430 
train_loss: 0.480686 
test_loss: 0.483188 
train_loss: 0.457558 
test_loss: 0.468100 
train_loss: 0.446334 
test_loss: 0.449848 
train_loss: 0.416327 
test_loss: 0.428127 
train_loss: 0.398560 
test_loss: 0.402535 
train_loss: 0.388382 
test_loss: 0.372336 
train_loss: 0.339461 
test_loss: 0.336354 
train_loss: 0.305118 
test_loss: 0.294472 
train_loss: 0.248954 
test_loss: 0.245761 
train_loss: 0.194462 
test_loss: 0.190530 
train_loss: 0.149431 
test_loss: 0.139587 
train_loss: 0.098647 
test_loss: 0.099415 
train_loss: 0.071700 
test_loss: 0.071748 
train_loss: 0.056915 
test_loss: 0.059329 
train_loss: 0.056302 
test_loss: 0.055692 
train_loss: 0.053874 
test_loss: 0.054466 
train_loss: 0.053870 
test_loss: 0.053849 
train_loss: 0.054832 
test_loss: 0.053196 
train_loss: 0.052604 
test_loss: 0.052645 
train_loss: 0.051248 
test_loss: 0.051909 
train_loss: 0.050266 
test_loss: 0.050626 
train_loss: 0.050276 
test_loss: 0.049052 
train_loss: 0.046311 
test_loss: 0.046471 
train_loss: 0.041780 
test_loss: 0.042791 
train_loss: 0.036217 
test_loss: 0.036737 
train_loss: 0.029828 
test_loss: 0.028380 
train_loss: 0.019763 
test_loss: 0.019956 
train_loss: 0.014177 
test_loss: 0.014196 
train_loss: 0.011596 
test_loss: 0.012076 
train_loss: 0.010817 
test_loss: 0.010839 
train_loss: 0.010202 
test_loss: 0.011164 
train_loss: 0.010143 
test_loss: 0.010085 
train_loss: 0.010608 
test_loss: 0.009663 
train_loss: 0.009887 
test_loss: 0.010150 
train_loss: 0.009579 
test_loss: 0.010014 
train_loss: 0.009700 
test_loss: 0.009848 
train_loss: 0.009906 
test_loss: 0.009988 
train_loss: 0.009467 
test_loss: 0.010158 
train_loss: 0.009371 
test_loss: 0.009649 
train_loss: 0.009188 
test_loss: 0.009450 
train_loss: 0.009747 
test_loss: 0.009743 
train_loss: 0.009980 
test_loss: 0.010217 
train_loss: 0.009819 
test_loss: 0.009749 
train_loss: 0.010124 
test_loss: 0.009272 
train_loss: 0.008958 
test_loss: 0.009260 
train_loss: 0.009092 
test_loss: 0.009321 
train_loss: 0.009228 
test_loss: 0.009099 
train_loss: 0.009221 
test_loss: 0.009340 
train_loss: 0.008902 
test_loss: 0.009317 
train_loss: 0.009678 
test_loss: 0.009128 
train_loss: 0.009214 
test_loss: 0.009316 
train_loss: 0.009061 
test_loss: 0.009114 
train_loss: 0.009082 
test_loss: 0.008668 
train_loss: 0.008948 
test_loss: 0.008632 
train_loss: 0.007955 
test_loss: 0.007798 
train_loss: 0.006889 
test_loss: 0.007170 
train_loss: 0.006137 
test_loss: 0.006329 
train_loss: 0.005650 
test_loss: 0.005650 
train_loss: 0.004935 
test_loss: 0.004901 
train_loss: 0.004868 
test_loss: 0.004698 
train_loss: 0.004926 
test_loss: 0.004553 
train_loss: 0.004084 
test_loss: 0.004187 
train_loss: 0.003978 
test_loss: 0.004234 
train_loss: 0.003828 
test_loss: 0.003842 
train_loss: 0.004070 
test_loss: 0.003825 
train_loss: 0.003742 
test_loss: 0.003803 
train_loss: 0.003854 
test_loss: 0.003831 
train_loss: 0.003801 
test_loss: 0.003532 
train_loss: 0.003507 
test_loss: 0.003490 
train_loss: 0.003420 
test_loss: 0.003386 
train_loss: 0.003414 
test_loss: 0.003460 
train_loss: 0.003276 
test_loss: 0.003539 
train_loss: 0.003428 
test_loss: 0.003421 
train_loss: 0.003687 
test_loss: 0.003753 
train_loss: 0.003345 
test_loss: 0.003384 
train_loss: 0.003501 
test_loss: 0.003158 
train_loss: 0.003125 
test_loss: 0.003154 
train_loss: 0.003047 
test_loss: 0.003371 
train_loss: 0.003419 
test_loss: 0.003201 
train_loss: 0.002984 
test_loss: 0.003224 
train_loss: 0.003220 
test_loss: 0.003509 
train_loss: 0.003033 
test_loss: 0.003106 
train_loss: 0.003099 
test_loss: 0.003272 
train_loss: 0.003410 
test_loss: 0.003366 
train_loss: 0.003274 
test_loss: 0.003237 
train_loss: 0.003056 
test_loss: 0.003117 
train_loss: 0.003208 
test_loss: 0.003051 
train_loss: 0.003384 
test_loss: 0.003220 
train_loss: 0.003021 
test_loss: 0.002851 
train_loss: 0.002892 
test_loss: 0.002942 
train_loss: 0.002983 
test_loss: 0.002919 
train_loss: 0.002694 
test_loss: 0.002672 
train_loss: 0.002916 
test_loss: 0.003163 
train_loss: 0.003092 
test_loss: 0.002809 
train_loss: 0.002763 
test_loss: 0.002821 
train_loss: 0.002751 
test_loss: 0.002928 
train_loss: 0.002808 
test_loss: 0.002762 
train_loss: 0.002738 
test_loss: 0.002693 
train_loss: 0.002701 
test_loss: 0.002725 
train_loss: 0.003226 
test_loss: 0.002928 
train_loss: 0.002696 
test_loss: 0.002749 
train_loss: 0.002675 
test_loss: 0.002695 
train_loss: 0.002860 
test_loss: 0.002573 
train_loss: 0.002594 
test_loss: 0.002696 
train_loss: 0.002758 
test_loss: 0.002816 
train_loss: 0.002498 
test_loss: 0.002593 
train_loss: 0.002481 
test_loss: 0.002575 
train_loss: 0.002504 
test_loss: 0.002406 
train_loss: 0.002409 
test_loss: 0.002592 
train_loss: 0.002747 
test_loss: 0.002449 
train_loss: 0.002732 
test_loss: 0.002668 
train_loss: 0.002765 
test_loss: 0.002687 
train_loss: 0.002500 
test_loss: 0.002632 
train_loss: 0.002488 
test_loss: 0.002496 
train_loss: 0.002763 
test_loss: 0.002603 
train_loss: 0.002750 
test_loss: 0.002472 
train_loss: 0.002431 
test_loss: 0.002278 
train_loss: 0.002376 
test_loss: 0.002581 
train_loss: 0.002512 
test_loss: 0.002385 
train_loss: 0.002284 
test_loss: 0.002306 
train_loss: 0.002492 
test_loss: 0.002561 
train_loss: 0.002367 
test_loss: 0.002522 
train_loss: 0.002095 
test_loss: 0.002396 
train_loss: 0.002415 
test_loss: 0.002231 
train_loss: 0.002428 
test_loss: 0.002656 
train_loss: 0.002541 
test_loss: 0.002604 
train_loss: 0.002023 
test_loss: 0.002017 
train_loss: 0.002669 
test_loss: 0.002390 
train_loss: 0.002310 
test_loss: 0.002400 
train_loss: 0.002599 
test_loss: 0.002637 
