train_loss: 0.014965 
test_loss: 0.013872 
train_loss: 0.011653 
test_loss: 0.011581 
train_loss: 0.011595 
test_loss: 0.010901 
train_loss: 0.010517 
test_loss: 0.010214 
train_loss: 0.010504 
test_loss: 0.010331 
train_loss: 0.010644 
test_loss: 0.009857 
train_loss: 0.009268 
test_loss: 0.009962 
train_loss: 0.010175 
test_loss: 0.009768 
train_loss: 0.010376 
test_loss: 0.009881 
train_loss: 0.009380 
test_loss: 0.009654 
train_loss: 0.009484 
test_loss: 0.009814 
train_loss: 0.009204 
test_loss: 0.009812 
train_loss: 0.008910 
test_loss: 0.009414 
train_loss: 0.008748 
test_loss: 0.008317 
train_loss: 0.008550 
test_loss: 0.008423 
train_loss: 0.007893 
test_loss: 0.007538 
train_loss: 0.007027 
test_loss: 0.007471 
train_loss: 0.007549 
test_loss: 0.007405 
train_loss: 0.007579 
test_loss: 0.007599 
train_loss: 0.007197 
test_loss: 0.007216 
train_loss: 0.006876 
test_loss: 0.007270 
train_loss: 0.007102 
test_loss: 0.007010 
train_loss: 0.006877 
test_loss: 0.006681 
train_loss: 0.006713 
test_loss: 0.006650 
train_loss: 0.006541 
test_loss: 0.006449 
train_loss: 0.006420 
test_loss: 0.006187 
train_loss: 0.005868 
test_loss: 0.005762 
train_loss: 0.005463 
test_loss: 0.005566 
train_loss: 0.006070 
test_loss: 0.005274 
train_loss: 0.004928 
test_loss: 0.004790 
train_loss: 0.004463 
test_loss: 0.004288 
train_loss: 0.004263 
test_loss: 0.003654 
train_loss: 0.004222 
test_loss: 0.003865 
train_loss: 0.004325 
test_loss: 0.004379 
train_loss: 0.004191 
test_loss: 0.004182 
train_loss: 0.003359 
test_loss: 0.003510 
train_loss: 0.003544 
test_loss: 0.003607 
train_loss: 0.003292 
test_loss: 0.003495 
train_loss: 0.003346 
test_loss: 0.003912 
train_loss: 0.003848 
test_loss: 0.003699 
train_loss: 0.003842 
test_loss: 0.003582 
train_loss: 0.003553 
test_loss: 0.003331 
train_loss: 0.002951 
test_loss: 0.003177 
train_loss: 0.003483 
test_loss: 0.003219 
train_loss: 0.003162 
test_loss: 0.003402 
train_loss: 0.003154 
test_loss: 0.003879 
train_loss: 0.003195 
test_loss: 0.003096 
train_loss: 0.003226 
test_loss: 0.003340 
train_loss: 0.003076 
test_loss: 0.003573 
train_loss: 0.003254 
test_loss: 0.003564 
train_loss: 0.002661 
test_loss: 0.002791 
train_loss: 0.003121 
test_loss: 0.003379 
train_loss: 0.003594 
test_loss: 0.003408 
train_loss: 0.003310 
test_loss: 0.003449 
train_loss: 0.002908 
test_loss: 0.003006 
train_loss: 0.002864 
test_loss: 0.003121 
train_loss: 0.002795 
test_loss: 0.002983 
train_loss: 0.003045 
test_loss: 0.003608 
train_loss: 0.002767 
test_loss: 0.003051 
train_loss: 0.002745 
test_loss: 0.002660 
train_loss: 0.003289 
test_loss: 0.003220 
