train_loss: 0.014505 
test_loss: 0.013686 
train_loss: 0.012135 
test_loss: 0.012459 
train_loss: 0.011253 
test_loss: 0.011684 
train_loss: 0.010909 
test_loss: 0.010820 
train_loss: 0.011399 
test_loss: 0.011120 
train_loss: 0.011396 
test_loss: 0.011320 
train_loss: 0.010556 
test_loss: 0.010487 
train_loss: 0.010576 
test_loss: 0.010056 
train_loss: 0.009642 
test_loss: 0.009966 
train_loss: 0.010536 
test_loss: 0.010687 
train_loss: 0.009664 
test_loss: 0.009970 
train_loss: 0.009571 
test_loss: 0.009771 
train_loss: 0.008805 
test_loss: 0.009159 
train_loss: 0.008930 
test_loss: 0.009544 
train_loss: 0.008904 
test_loss: 0.008863 
train_loss: 0.008542 
test_loss: 0.008279 
train_loss: 0.007665 
test_loss: 0.008238 
train_loss: 0.008360 
test_loss: 0.007982 
train_loss: 0.007760 
test_loss: 0.007835 
train_loss: 0.007520 
test_loss: 0.007869 
train_loss: 0.006641 
test_loss: 0.007078 
train_loss: 0.007416 
test_loss: 0.007108 
train_loss: 0.007234 
test_loss: 0.007081 
train_loss: 0.007271 
test_loss: 0.007335 
train_loss: 0.006229 
test_loss: 0.006128 
train_loss: 0.007349 
test_loss: 0.006689 
train_loss: 0.006688 
test_loss: 0.006978 
train_loss: 0.006566 
test_loss: 0.006019 
train_loss: 0.006628 
test_loss: 0.006062 
train_loss: 0.005649 
test_loss: 0.006441 
train_loss: 0.005897 
test_loss: 0.005810 
train_loss: 0.005669 
test_loss: 0.005879 
train_loss: 0.005944 
test_loss: 0.005598 
train_loss: 0.005715 
test_loss: 0.005699 
train_loss: 0.006121 
test_loss: 0.005625 
train_loss: 0.005849 
test_loss: 0.005593 
train_loss: 0.005723 
test_loss: 0.005883 
train_loss: 0.005345 
test_loss: 0.005332 
train_loss: 0.005264 
test_loss: 0.005495 
train_loss: 0.005064 
test_loss: 0.005099 
train_loss: 0.005377 
test_loss: 0.005532 
train_loss: 0.005148 
test_loss: 0.004989 
train_loss: 0.004904 
test_loss: 0.005144 
train_loss: 0.005537 
test_loss: 0.005035 
train_loss: 0.005200 
test_loss: 0.004837 
train_loss: 0.005234 
test_loss: 0.005397 
train_loss: 0.005761 
test_loss: 0.005271 
train_loss: 0.004850 
test_loss: 0.005181 
train_loss: 0.004964 
test_loss: 0.005127 
train_loss: 0.004600 
test_loss: 0.005193 
train_loss: 0.004660 
test_loss: 0.004867 
train_loss: 0.004876 
test_loss: 0.005137 
train_loss: 0.004764 
test_loss: 0.004907 
train_loss: 0.005159 
test_loss: 0.005249 
train_loss: 0.004975 
test_loss: 0.005130 
train_loss: 0.004897 
test_loss: 0.004658 
train_loss: 0.004632 
test_loss: 0.004912 
train_loss: 0.005323 
test_loss: 0.004973 
train_loss: 0.004561 
test_loss: 0.004585 
train_loss: 0.004555 
test_loss: 0.004820 
train_loss: 0.004671 
test_loss: 0.004748 
train_loss: 0.004723 
test_loss: 0.005086 
train_loss: 0.004734 
test_loss: 0.004689 
train_loss: 0.004421 
test_loss: 0.005005 
train_loss: 0.004668 
test_loss: 0.004699 
train_loss: 0.004361 
test_loss: 0.004530 
train_loss: 0.004664 
test_loss: 0.004978 
train_loss: 0.004555 
test_loss: 0.004806 
train_loss: 0.004440 
test_loss: 0.004616 
train_loss: 0.004606 
test_loss: 0.004775 
train_loss: 0.004299 
test_loss: 0.004169 
train_loss: 0.004441 
test_loss: 0.003999 
train_loss: 0.004031 
test_loss: 0.004134 
train_loss: 0.004060 
test_loss: 0.004070 
train_loss: 0.004575 
test_loss: 0.003943 
train_loss: 0.003928 
test_loss: 0.003992 
train_loss: 0.003801 
test_loss: 0.003683 
train_loss: 0.003873 
test_loss: 0.003476 
train_loss: 0.003746 
test_loss: 0.003831 
train_loss: 0.003246 
test_loss: 0.003145 
train_loss: 0.003243 
test_loss: 0.003076 
train_loss: 0.003700 
test_loss: 0.003527 
train_loss: 0.003376 
test_loss: 0.003201 
train_loss: 0.003244 
test_loss: 0.003073 
train_loss: 0.003273 
test_loss: 0.003025 
train_loss: 0.002911 
test_loss: 0.002895 
train_loss: 0.002995 
test_loss: 0.002921 
train_loss: 0.003270 
test_loss: 0.003127 
train_loss: 0.003084 
test_loss: 0.003061 
train_loss: 0.003021 
test_loss: 0.003265 
train_loss: 0.002902 
test_loss: 0.002537 
train_loss: 0.002761 
test_loss: 0.002835 
train_loss: 0.002852 
test_loss: 0.003068 
train_loss: 0.002791 
test_loss: 0.002710 
train_loss: 0.003145 
test_loss: 0.002842 
train_loss: 0.002925 
test_loss: 0.002894 
train_loss: 0.002652 
test_loss: 0.002605 
train_loss: 0.003054 
test_loss: 0.002583 
train_loss: 0.002596 
test_loss: 0.002796 
train_loss: 0.002786 
test_loss: 0.002851 
train_loss: 0.002735 
test_loss: 0.002771 
