train_loss: 0.013957 
test_loss: 0.014192 
train_loss: 0.011085 
test_loss: 0.011633 
train_loss: 0.010647 
test_loss: 0.011320 
train_loss: 0.010386 
test_loss: 0.010735 
train_loss: 0.010018 
test_loss: 0.010377 
train_loss: 0.010898 
test_loss: 0.010438 
train_loss: 0.010486 
test_loss: 0.009961 
train_loss: 0.010014 
test_loss: 0.010351 
train_loss: 0.009292 
test_loss: 0.009789 
train_loss: 0.008953 
test_loss: 0.010237 
train_loss: 0.010097 
test_loss: 0.009752 
train_loss: 0.009119 
test_loss: 0.009537 
train_loss: 0.010870 
test_loss: 0.009983 
train_loss: 0.009335 
test_loss: 0.009544 
train_loss: 0.009689 
test_loss: 0.009288 
train_loss: 0.010099 
test_loss: 0.009890 
train_loss: 0.010059 
test_loss: 0.010007 
train_loss: 0.010093 
test_loss: 0.009215 
train_loss: 0.009145 
test_loss: 0.009416 
train_loss: 0.009938 
test_loss: 0.009288 
train_loss: 0.010396 
test_loss: 0.009449 
train_loss: 0.009568 
test_loss: 0.009043 
train_loss: 0.009599 
test_loss: 0.009324 
train_loss: 0.009017 
test_loss: 0.009286 
train_loss: 0.008951 
test_loss: 0.009504 
train_loss: 0.008946 
test_loss: 0.009137 
train_loss: 0.009813 
test_loss: 0.009268 
train_loss: 0.009634 
test_loss: 0.009610 
train_loss: 0.009766 
test_loss: 0.009324 
train_loss: 0.009079 
test_loss: 0.009032 
train_loss: 0.010114 
test_loss: 0.009696 
