train_loss: 1.992975 
test_loss: 2.224529 
train_loss: 0.479552 
test_loss: 0.478478 
train_loss: 0.478598 
test_loss: 0.478256 
train_loss: 0.506742 
test_loss: 0.477836 
train_loss: 0.478263 
test_loss: 0.477360 
train_loss: 0.484871 
test_loss: 0.476725 
train_loss: 0.478051 
test_loss: 0.475924 
train_loss: 0.468724 
test_loss: 0.474833 
train_loss: 0.468272 
test_loss: 0.473504 
train_loss: 0.457448 
test_loss: 0.471782 
train_loss: 0.466150 
test_loss: 0.469473 
train_loss: 0.487856 
test_loss: 0.466559 
train_loss: 0.466551 
test_loss: 0.462890 
train_loss: 0.465969 
test_loss: 0.458172 
train_loss: 0.442584 
test_loss: 0.452180 
train_loss: 0.450943 
test_loss: 0.444632 
train_loss: 0.412427 
test_loss: 0.435016 
train_loss: 0.411020 
test_loss: 0.422824 
train_loss: 0.389388 
test_loss: 0.407538 
train_loss: 0.393841 
test_loss: 0.388333 
train_loss: 0.358199 
test_loss: 0.364349 
train_loss: 0.345564 
test_loss: 0.334305 
train_loss: 0.288378 
test_loss: 0.296406 
train_loss: 0.239692 
test_loss: 0.246871 
train_loss: 0.189792 
test_loss: 0.182216 
train_loss: 0.115073 
test_loss: 0.118434 
train_loss: 0.081805 
test_loss: 0.079711 
train_loss: 0.062116 
test_loss: 0.061926 
train_loss: 0.056950 
test_loss: 0.056007 
train_loss: 0.053657 
test_loss: 0.053998 
train_loss: 0.052641 
test_loss: 0.052906 
train_loss: 0.050363 
test_loss: 0.051848 
train_loss: 0.049514 
test_loss: 0.050323 
train_loss: 0.048304 
test_loss: 0.048435 
train_loss: 0.042966 
test_loss: 0.045120 
train_loss: 0.038074 
test_loss: 0.038505 
train_loss: 0.028123 
test_loss: 0.028335 
train_loss: 0.019910 
test_loss: 0.019493 
train_loss: 0.015851 
test_loss: 0.016074 
train_loss: 0.014897 
test_loss: 0.014119 
train_loss: 0.013939 
test_loss: 0.013188 
train_loss: 0.012692 
test_loss: 0.012576 
train_loss: 0.012185 
test_loss: 0.012549 
train_loss: 0.011581 
test_loss: 0.011489 
train_loss: 0.010513 
test_loss: 0.010858 
train_loss: 0.010192 
test_loss: 0.010334 
train_loss: 0.008882 
test_loss: 0.009739 
train_loss: 0.010521 
test_loss: 0.009923 
train_loss: 0.009768 
test_loss: 0.009972 
train_loss: 0.010004 
test_loss: 0.009848 
train_loss: 0.010232 
test_loss: 0.010155 
train_loss: 0.010002 
test_loss: 0.009699 
train_loss: 0.009910 
test_loss: 0.009337 
train_loss: 0.009822 
test_loss: 0.009704 
train_loss: 0.008975 
test_loss: 0.009432 
train_loss: 0.009169 
test_loss: 0.009474 
train_loss: 0.009107 
test_loss: 0.009262 
train_loss: 0.009860 
test_loss: 0.009674 
train_loss: 0.009616 
test_loss: 0.009422 
train_loss: 0.008665 
test_loss: 0.009157 
train_loss: 0.009059 
test_loss: 0.009207 
train_loss: 0.008668 
test_loss: 0.008943 
train_loss: 0.008084 
test_loss: 0.008846 
train_loss: 0.008630 
test_loss: 0.008462 
train_loss: 0.008635 
test_loss: 0.008637 
train_loss: 0.007262 
test_loss: 0.007462 
train_loss: 0.006945 
test_loss: 0.006901 
train_loss: 0.005696 
test_loss: 0.005937 
train_loss: 0.006340 
test_loss: 0.005859 
train_loss: 0.004995 
test_loss: 0.004902 
train_loss: 0.004389 
test_loss: 0.005027 
train_loss: 0.004499 
test_loss: 0.004448 
train_loss: 0.004186 
test_loss: 0.004179 
train_loss: 0.004179 
test_loss: 0.004707 
train_loss: 0.003970 
test_loss: 0.003856 
train_loss: 0.003938 
test_loss: 0.003681 
train_loss: 0.003786 
test_loss: 0.004076 
train_loss: 0.003848 
test_loss: 0.003560 
train_loss: 0.003787 
test_loss: 0.003771 
train_loss: 0.003791 
test_loss: 0.003743 
train_loss: 0.003503 
test_loss: 0.003439 
train_loss: 0.003847 
test_loss: 0.003748 
train_loss: 0.003615 
test_loss: 0.003687 
train_loss: 0.003520 
test_loss: 0.003585 
train_loss: 0.003677 
test_loss: 0.003342 
train_loss: 0.003452 
test_loss: 0.003611 
train_loss: 0.003254 
test_loss: 0.003168 
train_loss: 0.003396 
test_loss: 0.003211 
train_loss: 0.003667 
test_loss: 0.003646 
train_loss: 0.003465 
test_loss: 0.003114 
train_loss: 0.003141 
test_loss: 0.003020 
train_loss: 0.003512 
test_loss: 0.003236 
train_loss: 0.002817 
test_loss: 0.003092 
train_loss: 0.003083 
test_loss: 0.002964 
train_loss: 0.002827 
test_loss: 0.002912 
train_loss: 0.003411 
test_loss: 0.003345 
train_loss: 0.002730 
test_loss: 0.003078 
train_loss: 0.003055 
test_loss: 0.002956 
train_loss: 0.002996 
test_loss: 0.003157 
train_loss: 0.003038 
test_loss: 0.003334 
train_loss: 0.003010 
test_loss: 0.002797 
train_loss: 0.002910 
test_loss: 0.003151 
train_loss: 0.002606 
test_loss: 0.002866 
train_loss: 0.002947 
test_loss: 0.002962 
train_loss: 0.003211 
test_loss: 0.002800 
train_loss: 0.002745 
test_loss: 0.002846 
train_loss: 0.002767 
test_loss: 0.002710 
train_loss: 0.002724 
test_loss: 0.002723 
train_loss: 0.003045 
test_loss: 0.002960 
train_loss: 0.002910 
test_loss: 0.003008 
train_loss: 0.002729 
test_loss: 0.002693 
train_loss: 0.002724 
test_loss: 0.002880 
train_loss: 0.002858 
test_loss: 0.002618 
train_loss: 0.002794 
test_loss: 0.002789 
train_loss: 0.002590 
test_loss: 0.002670 
train_loss: 0.002559 
test_loss: 0.002665 
train_loss: 0.002691 
test_loss: 0.002814 
train_loss: 0.002726 
test_loss: 0.002984 
train_loss: 0.002511 
test_loss: 0.002699 
train_loss: 0.002480 
test_loss: 0.002548 
train_loss: 0.002492 
test_loss: 0.002654 
train_loss: 0.002398 
test_loss: 0.002434 
train_loss: 0.002566 
test_loss: 0.002491 
train_loss: 0.002322 
test_loss: 0.002452 
train_loss: 0.002781 
test_loss: 0.002500 
train_loss: 0.002522 
test_loss: 0.002668 
train_loss: 0.002432 
test_loss: 0.002368 
train_loss: 0.002692 
test_loss: 0.002994 
train_loss: 0.002511 
test_loss: 0.002594 
train_loss: 0.002541 
test_loss: 0.002496 
train_loss: 0.002219 
test_loss: 0.002421 
train_loss: 0.002503 
test_loss: 0.002485 
train_loss: 0.002455 
test_loss: 0.002503 
train_loss: 0.002370 
test_loss: 0.002586 
train_loss: 0.002219 
test_loss: 0.002355 
train_loss: 0.002545 
test_loss: 0.002445 
train_loss: 0.002319 
test_loss: 0.002453 
train_loss: 0.002349 
test_loss: 0.002525 
train_loss: 0.002362 
test_loss: 0.002493 
train_loss: 0.002500 
test_loss: 0.002496 
train_loss: 0.002185 
test_loss: 0.002213 
train_loss: 0.002545 
test_loss: 0.002429 
train_loss: 0.002434 
test_loss: 0.002312 
train_loss: 0.002088 
test_loss: 0.002177 
train_loss: 0.002414 
test_loss: 0.002372 
train_loss: 0.002310 
test_loss: 0.002217 
train_loss: 0.002071 
test_loss: 0.002086 
train_loss: 0.001996 
test_loss: 0.002127 
train_loss: 0.002418 
test_loss: 0.002534 
train_loss: 0.002514 
test_loss: 0.002349 
train_loss: 0.002196 
test_loss: 0.002202 
train_loss: 0.002257 
test_loss: 0.002221 
train_loss: 0.002317 
test_loss: 0.002323 
train_loss: 0.002206 
test_loss: 0.002401 
train_loss: 0.002341 
test_loss: 0.002271 
train_loss: 0.002215 
test_loss: 0.002221 
train_loss: 0.002206 
test_loss: 0.002373 
train_loss: 0.002029 
test_loss: 0.002195 
train_loss: 0.002169 
test_loss: 0.002151 
train_loss: 0.002163 
test_loss: 0.002227 
train_loss: 0.002171 
test_loss: 0.002172 
train_loss: 0.002032 
test_loss: 0.002108 
train_loss: 0.002234 
test_loss: 0.002128 
train_loss: 0.002022 
test_loss: 0.002018 
train_loss: 0.002203 
test_loss: 0.002151 
train_loss: 0.002105 
test_loss: 0.002300 
train_loss: 0.002038 
test_loss: 0.002236 
train_loss: 0.002185 
test_loss: 0.002224 
train_loss: 0.001910 
test_loss: 0.002076 
train_loss: 0.002075 
test_loss: 0.002087 
train_loss: 0.002065 
test_loss: 0.002049 
train_loss: 0.002375 
test_loss: 0.002366 
train_loss: 0.002312 
test_loss: 0.002123 
train_loss: 0.002063 
test_loss: 0.002112 
train_loss: 0.002165 
test_loss: 0.002017 
train_loss: 0.002194 
test_loss: 0.002166 
train_loss: 0.002128 
test_loss: 0.002135 
train_loss: 0.002112 
test_loss: 0.002110 
train_loss: 0.002054 
test_loss: 0.002075 
train_loss: 0.002002 
test_loss: 0.002022 
train_loss: 0.002120 
test_loss: 0.002139 
