train_loss: 0.015537 
test_loss: 0.014405 
train_loss: 0.012363 
test_loss: 0.012209 
train_loss: 0.010676 
test_loss: 0.011079 
train_loss: 0.010087 
test_loss: 0.010796 
train_loss: 0.010568 
test_loss: 0.010325 
train_loss: 0.010873 
test_loss: 0.010650 
train_loss: 0.010706 
test_loss: 0.010666 
train_loss: 0.010440 
test_loss: 0.010571 
train_loss: 0.009573 
test_loss: 0.009827 
train_loss: 0.010543 
test_loss: 0.009921 
train_loss: 0.009291 
test_loss: 0.009423 
train_loss: 0.009533 
test_loss: 0.009197 
train_loss: 0.008799 
test_loss: 0.009370 
train_loss: 0.009468 
test_loss: 0.010040 
train_loss: 0.009370 
test_loss: 0.008814 
train_loss: 0.009124 
test_loss: 0.009050 
train_loss: 0.009462 
test_loss: 0.009211 
train_loss: 0.008496 
test_loss: 0.008332 
train_loss: 0.008406 
test_loss: 0.008069 
train_loss: 0.008362 
test_loss: 0.008230 
train_loss: 0.008116 
test_loss: 0.007832 
train_loss: 0.007084 
test_loss: 0.007708 
train_loss: 0.007119 
test_loss: 0.007246 
train_loss: 0.007534 
test_loss: 0.007893 
train_loss: 0.007141 
test_loss: 0.007644 
train_loss: 0.006912 
test_loss: 0.007527 
train_loss: 0.007648 
test_loss: 0.007228 
train_loss: 0.007292 
test_loss: 0.006963 
train_loss: 0.007129 
test_loss: 0.006387 
train_loss: 0.006648 
test_loss: 0.006567 
train_loss: 0.006466 
test_loss: 0.006535 
train_loss: 0.006424 
test_loss: 0.006881 
train_loss: 0.006072 
test_loss: 0.006170 
train_loss: 0.007066 
test_loss: 0.006730 
train_loss: 0.006425 
test_loss: 0.006501 
train_loss: 0.005724 
test_loss: 0.006989 
train_loss: 0.006899 
test_loss: 0.006456 
train_loss: 0.006066 
test_loss: 0.006459 
train_loss: 0.007049 
test_loss: 0.006586 
train_loss: 0.006090 
test_loss: 0.006238 
train_loss: 0.006504 
test_loss: 0.006074 
train_loss: 0.005652 
test_loss: 0.005925 
train_loss: 0.006145 
test_loss: 0.006042 
train_loss: 0.005627 
test_loss: 0.005894 
train_loss: 0.006324 
test_loss: 0.006008 
train_loss: 0.005952 
test_loss: 0.006293 
train_loss: 0.006428 
test_loss: 0.006442 
train_loss: 0.006396 
test_loss: 0.005987 
train_loss: 0.005854 
test_loss: 0.005893 
train_loss: 0.005767 
test_loss: 0.005607 
train_loss: 0.005808 
test_loss: 0.005699 
train_loss: 0.005555 
test_loss: 0.005920 
train_loss: 0.004867 
test_loss: 0.005168 
train_loss: 0.005518 
test_loss: 0.005495 
train_loss: 0.004993 
test_loss: 0.004994 
train_loss: 0.005372 
test_loss: 0.004952 
train_loss: 0.004883 
test_loss: 0.004956 
train_loss: 0.004651 
test_loss: 0.004665 
train_loss: 0.004744 
test_loss: 0.004832 
train_loss: 0.004890 
test_loss: 0.004476 
train_loss: 0.004336 
test_loss: 0.004352 
train_loss: 0.004226 
test_loss: 0.004419 
train_loss: 0.004712 
test_loss: 0.004511 
train_loss: 0.004468 
test_loss: 0.004650 
train_loss: 0.004440 
test_loss: 0.004622 
train_loss: 0.004233 
test_loss: 0.004604 
train_loss: 0.004550 
test_loss: 0.004578 
train_loss: 0.004405 
test_loss: 0.004269 
train_loss: 0.004138 
test_loss: 0.004338 
train_loss: 0.004058 
test_loss: 0.004145 
train_loss: 0.004669 
test_loss: 0.004406 
