train_loss: 0.015639 
test_loss: 0.016541 
train_loss: 0.011657 
test_loss: 0.011737 
train_loss: 0.012098 
test_loss: 0.011038 
train_loss: 0.010376 
test_loss: 0.010928 
train_loss: 0.010357 
test_loss: 0.010331 
train_loss: 0.009134 
test_loss: 0.010188 
train_loss: 0.010458 
test_loss: 0.011328 
train_loss: 0.010046 
test_loss: 0.009933 
train_loss: 0.011096 
test_loss: 0.010442 
train_loss: 0.009531 
test_loss: 0.009772 
train_loss: 0.009917 
test_loss: 0.009807 
train_loss: 0.009883 
test_loss: 0.010818 
train_loss: 0.009849 
test_loss: 0.009605 
train_loss: 0.009082 
test_loss: 0.009673 
train_loss: 0.010158 
test_loss: 0.010082 
train_loss: 0.009607 
test_loss: 0.009454 
train_loss: 0.010004 
test_loss: 0.009733 
train_loss: 0.009478 
test_loss: 0.009818 
train_loss: 0.010297 
test_loss: 0.009563 
train_loss: 0.009259 
test_loss: 0.009630 
train_loss: 0.009751 
test_loss: 0.009430 
train_loss: 0.010126 
test_loss: 0.009944 
train_loss: 0.009516 
test_loss: 0.009987 
train_loss: 0.008846 
test_loss: 0.009441 
train_loss: 0.009506 
test_loss: 0.009576 
train_loss: 0.009421 
test_loss: 0.009434 
train_loss: 0.008985 
test_loss: 0.009329 
train_loss: 0.009950 
test_loss: 0.009297 
train_loss: 0.009719 
test_loss: 0.009685 
train_loss: 0.010620 
test_loss: 0.009727 
train_loss: 0.009265 
test_loss: 0.009210 
train_loss: 0.008955 
test_loss: 0.008975 
train_loss: 0.009689 
test_loss: 0.009518 
train_loss: 0.009678 
test_loss: 0.009475 
train_loss: 0.008976 
test_loss: 0.008911 
train_loss: 0.008924 
test_loss: 0.008953 
train_loss: 0.009951 
test_loss: 0.009608 
train_loss: 0.009203 
test_loss: 0.009140 
train_loss: 0.008335 
test_loss: 0.008946 
train_loss: 0.009309 
test_loss: 0.009629 
train_loss: 0.009388 
test_loss: 0.008974 
train_loss: 0.008780 
test_loss: 0.008781 
train_loss: 0.009773 
test_loss: 0.009113 
train_loss: 0.009082 
test_loss: 0.008993 
train_loss: 0.009260 
test_loss: 0.009394 
train_loss: 0.009374 
test_loss: 0.009264 
train_loss: 0.009234 
test_loss: 0.009166 
train_loss: 0.009077 
test_loss: 0.008990 
train_loss: 0.008673 
test_loss: 0.008803 
train_loss: 0.009163 
test_loss: 0.009027 
train_loss: 0.009163 
test_loss: 0.009178 
