train_loss: 0.468288 
test_loss: 0.475321 
train_loss: 0.482226 
test_loss: 0.475095 
train_loss: 0.492386 
test_loss: 0.474746 
train_loss: 0.494561 
test_loss: 0.474248 
train_loss: 0.478134 
test_loss: 0.473506 
train_loss: 0.484541 
test_loss: 0.472584 
train_loss: 0.452892 
test_loss: 0.471328 
train_loss: 0.459222 
test_loss: 0.469813 
train_loss: 0.481889 
test_loss: 0.467821 
train_loss: 0.465345 
test_loss: 0.465279 
train_loss: 0.461488 
test_loss: 0.461991 
train_loss: 0.449137 
test_loss: 0.457900 
train_loss: 0.454213 
test_loss: 0.452660 
train_loss: 0.431853 
test_loss: 0.446058 
train_loss: 0.446302 
test_loss: 0.437716 
train_loss: 0.428880 
test_loss: 0.427073 
train_loss: 0.419566 
test_loss: 0.413500 
train_loss: 0.379267 
test_loss: 0.395567 
train_loss: 0.361909 
test_loss: 0.370299 
train_loss: 0.324209 
test_loss: 0.334523 
train_loss: 0.277460 
test_loss: 0.276164 
train_loss: 0.207091 
test_loss: 0.210177 
train_loss: 0.159084 
test_loss: 0.156387 
train_loss: 0.112565 
test_loss: 0.113948 
train_loss: 0.078403 
test_loss: 0.080335 
train_loss: 0.059856 
test_loss: 0.060798 
train_loss: 0.054736 
test_loss: 0.054845 
train_loss: 0.054087 
test_loss: 0.053009 
train_loss: 0.052193 
test_loss: 0.050853 
train_loss: 0.050293 
test_loss: 0.049325 
train_loss: 0.048606 
test_loss: 0.048131 
train_loss: 0.047300 
test_loss: 0.047056 
train_loss: 0.042657 
test_loss: 0.046025 
train_loss: 0.044826 
test_loss: 0.044906 
train_loss: 0.042263 
test_loss: 0.042436 
train_loss: 0.037805 
test_loss: 0.037500 
train_loss: 0.029653 
test_loss: 0.029961 
train_loss: 0.021652 
test_loss: 0.021817 
train_loss: 0.015698 
test_loss: 0.015207 
train_loss: 0.011728 
test_loss: 0.013106 
train_loss: 0.010988 
test_loss: 0.011010 
train_loss: 0.010378 
test_loss: 0.010771 
train_loss: 0.010166 
test_loss: 0.010098 
train_loss: 0.009745 
test_loss: 0.009745 
train_loss: 0.010095 
test_loss: 0.010095 
train_loss: 0.009618 
test_loss: 0.010147 
train_loss: 0.009223 
test_loss: 0.009434 
train_loss: 0.009211 
test_loss: 0.009581 
train_loss: 0.009030 
test_loss: 0.009614 
train_loss: 0.009554 
test_loss: 0.009564 
train_loss: 0.010077 
test_loss: 0.009876 
train_loss: 0.008995 
test_loss: 0.009034 
train_loss: 0.009395 
test_loss: 0.010244 
train_loss: 0.008975 
test_loss: 0.009325 
train_loss: 0.009713 
test_loss: 0.009520 
train_loss: 0.009148 
test_loss: 0.009402 
train_loss: 0.009014 
test_loss: 0.009902 
train_loss: 0.008918 
test_loss: 0.009055 
train_loss: 0.009948 
test_loss: 0.009692 
train_loss: 0.009098 
test_loss: 0.009145 
train_loss: 0.008776 
test_loss: 0.009049 
train_loss: 0.008620 
test_loss: 0.008830 
train_loss: 0.008675 
test_loss: 0.008822 
train_loss: 0.008860 
test_loss: 0.008854 
train_loss: 0.008397 
test_loss: 0.008540 
train_loss: 0.008432 
test_loss: 0.008147 
train_loss: 0.007414 
test_loss: 0.007558 
train_loss: 0.006429 
test_loss: 0.006726 
train_loss: 0.006085 
test_loss: 0.005819 
train_loss: 0.006066 
test_loss: 0.005251 
train_loss: 0.004646 
test_loss: 0.004823 
train_loss: 0.004711 
test_loss: 0.004391 
train_loss: 0.004111 
test_loss: 0.004267 
train_loss: 0.004015 
test_loss: 0.004006 
train_loss: 0.004233 
test_loss: 0.003934 
train_loss: 0.003804 
test_loss: 0.003938 
train_loss: 0.004105 
test_loss: 0.003648 
train_loss: 0.003961 
test_loss: 0.003853 
train_loss: 0.003720 
test_loss: 0.003852 
train_loss: 0.003607 
test_loss: 0.003433 
train_loss: 0.003357 
test_loss: 0.003475 
train_loss: 0.003268 
test_loss: 0.003328 
train_loss: 0.003490 
test_loss: 0.003375 
train_loss: 0.003287 
test_loss: 0.003679 
train_loss: 0.003486 
test_loss: 0.003261 
train_loss: 0.003048 
test_loss: 0.003180 
train_loss: 0.003318 
test_loss: 0.003240 
train_loss: 0.003660 
test_loss: 0.003721 
train_loss: 0.003300 
test_loss: 0.003489 
train_loss: 0.003073 
test_loss: 0.003097 
train_loss: 0.003482 
test_loss: 0.003088 
train_loss: 0.003088 
test_loss: 0.003140 
train_loss: 0.002993 
test_loss: 0.002939 
train_loss: 0.003137 
test_loss: 0.003255 
train_loss: 0.002958 
test_loss: 0.003072 
train_loss: 0.002892 
test_loss: 0.002982 
train_loss: 0.003074 
test_loss: 0.003012 
train_loss: 0.003075 
test_loss: 0.003366 
train_loss: 0.003070 
test_loss: 0.003015 
train_loss: 0.002809 
test_loss: 0.003101 
train_loss: 0.003161 
test_loss: 0.003086 
train_loss: 0.002856 
test_loss: 0.002885 
train_loss: 0.002832 
test_loss: 0.002771 
train_loss: 0.002760 
test_loss: 0.002899 
train_loss: 0.003092 
test_loss: 0.002979 
train_loss: 0.002849 
test_loss: 0.002814 
train_loss: 0.002997 
test_loss: 0.002913 
train_loss: 0.003090 
test_loss: 0.002888 
train_loss: 0.003380 
test_loss: 0.003287 
train_loss: 0.002922 
test_loss: 0.002977 
train_loss: 0.002564 
test_loss: 0.002911 
train_loss: 0.002916 
test_loss: 0.003019 
train_loss: 0.002707 
test_loss: 0.002634 
train_loss: 0.002773 
test_loss: 0.002794 
train_loss: 0.002637 
test_loss: 0.002690 
train_loss: 0.002758 
test_loss: 0.002759 
train_loss: 0.002618 
test_loss: 0.002658 
train_loss: 0.002667 
test_loss: 0.002751 
train_loss: 0.002853 
test_loss: 0.002618 
train_loss: 0.002925 
test_loss: 0.002733 
train_loss: 0.002729 
test_loss: 0.002652 
train_loss: 0.002547 
test_loss: 0.002587 
train_loss: 0.002557 
test_loss: 0.002673 
train_loss: 0.002433 
test_loss: 0.002696 
train_loss: 0.002570 
test_loss: 0.002580 
train_loss: 0.002574 
test_loss: 0.002615 
train_loss: 0.002531 
test_loss: 0.002396 
train_loss: 0.002569 
test_loss: 0.002539 
train_loss: 0.002731 
test_loss: 0.002542 
train_loss: 0.002462 
test_loss: 0.002503 
train_loss: 0.002555 
test_loss: 0.002728 
