train_loss: 0.014753 
test_loss: 0.013836 
train_loss: 0.011714 
test_loss: 0.012796 
train_loss: 0.011356 
test_loss: 0.012043 
train_loss: 0.010777 
test_loss: 0.010914 
train_loss: 0.010671 
test_loss: 0.010059 
train_loss: 0.010315 
test_loss: 0.009774 
train_loss: 0.008605 
test_loss: 0.008655 
train_loss: 0.008873 
test_loss: 0.008622 
train_loss: 0.007005 
test_loss: 0.007130 
train_loss: 0.006318 
test_loss: 0.006828 
train_loss: 0.006010 
test_loss: 0.006168 
train_loss: 0.005907 
test_loss: 0.005792 
train_loss: 0.006279 
test_loss: 0.005438 
train_loss: 0.005274 
test_loss: 0.005270 
train_loss: 0.005334 
test_loss: 0.005524 
train_loss: 0.005316 
test_loss: 0.004909 
train_loss: 0.005106 
test_loss: 0.004716 
train_loss: 0.005280 
test_loss: 0.004608 
train_loss: 0.004977 
test_loss: 0.004365 
train_loss: 0.004180 
test_loss: 0.004732 
train_loss: 0.004342 
test_loss: 0.004566 
train_loss: 0.004314 
test_loss: 0.004206 
train_loss: 0.004755 
test_loss: 0.004954 
train_loss: 0.004931 
test_loss: 0.003937 
train_loss: 0.004227 
test_loss: 0.004278 
train_loss: 0.004000 
test_loss: 0.003871 
train_loss: 0.004090 
test_loss: 0.004539 
train_loss: 0.004061 
test_loss: 0.003969 
train_loss: 0.004402 
test_loss: 0.004104 
train_loss: 0.003829 
test_loss: 0.004044 
train_loss: 0.003290 
test_loss: 0.003571 
train_loss: 0.003536 
test_loss: 0.003921 
train_loss: 0.003749 
test_loss: 0.004254 
train_loss: 0.003867 
test_loss: 0.004334 
train_loss: 0.003778 
test_loss: 0.003756 
train_loss: 0.003928 
test_loss: 0.003436 
train_loss: 0.003915 
test_loss: 0.004145 
train_loss: 0.003616 
test_loss: 0.003775 
train_loss: 0.003514 
test_loss: 0.003689 
train_loss: 0.003811 
test_loss: 0.003841 
train_loss: 0.003112 
test_loss: 0.003158 
train_loss: 0.003166 
test_loss: 0.003907 
train_loss: 0.003747 
test_loss: 0.003831 
train_loss: 0.003967 
test_loss: 0.003702 
train_loss: 0.003407 
test_loss: 0.003197 
train_loss: 0.003634 
test_loss: 0.003711 
train_loss: 0.003697 
test_loss: 0.003199 
train_loss: 0.003002 
test_loss: 0.003649 
train_loss: 0.003541 
test_loss: 0.003285 
train_loss: 0.003323 
test_loss: 0.003087 
train_loss: 0.003115 
test_loss: 0.003112 
train_loss: 0.003145 
test_loss: 0.003326 
train_loss: 0.003738 
test_loss: 0.003276 
train_loss: 0.004209 
test_loss: 0.003977 
train_loss: 0.003349 
test_loss: 0.003300 
train_loss: 0.003659 
test_loss: 0.003336 
train_loss: 0.003622 
test_loss: 0.003094 
train_loss: 0.003357 
test_loss: 0.003192 
train_loss: 0.002920 
test_loss: 0.003420 
train_loss: 0.003342 
test_loss: 0.003394 
train_loss: 0.002864 
test_loss: 0.003331 
