train_loss: 0.013665 
test_loss: 0.014327 
train_loss: 0.012213 
test_loss: 0.011979 
train_loss: 0.011776 
test_loss: 0.011710 
train_loss: 0.011074 
test_loss: 0.011094 
train_loss: 0.011037 
test_loss: 0.010845 
train_loss: 0.010205 
test_loss: 0.010580 
train_loss: 0.009370 
test_loss: 0.010377 
train_loss: 0.008889 
test_loss: 0.009367 
train_loss: 0.008451 
test_loss: 0.008543 
train_loss: 0.008121 
test_loss: 0.007986 
train_loss: 0.006620 
test_loss: 0.006304 
train_loss: 0.006096 
test_loss: 0.006604 
train_loss: 0.005253 
test_loss: 0.005935 
train_loss: 0.005494 
test_loss: 0.005658 
train_loss: 0.005578 
test_loss: 0.005562 
train_loss: 0.005039 
test_loss: 0.005405 
train_loss: 0.005181 
test_loss: 0.005014 
train_loss: 0.004837 
test_loss: 0.004939 
train_loss: 0.004640 
test_loss: 0.004921 
train_loss: 0.004142 
test_loss: 0.004311 
train_loss: 0.004312 
test_loss: 0.004138 
train_loss: 0.004536 
test_loss: 0.004677 
train_loss: 0.003942 
test_loss: 0.004831 
train_loss: 0.004487 
test_loss: 0.004489 
train_loss: 0.003898 
test_loss: 0.003939 
train_loss: 0.004240 
test_loss: 0.004168 
train_loss: 0.004349 
test_loss: 0.004612 
train_loss: 0.003748 
test_loss: 0.003735 
train_loss: 0.004767 
test_loss: 0.003986 
train_loss: 0.003715 
test_loss: 0.003874 
train_loss: 0.003787 
test_loss: 0.003838 
train_loss: 0.003496 
test_loss: 0.003758 
train_loss: 0.004247 
test_loss: 0.004545 
train_loss: 0.004358 
test_loss: 0.003800 
train_loss: 0.003921 
test_loss: 0.003835 
train_loss: 0.004627 
test_loss: 0.004691 
train_loss: 0.003577 
test_loss: 0.003406 
train_loss: 0.003477 
test_loss: 0.003367 
train_loss: 0.003344 
test_loss: 0.003461 
train_loss: 0.003757 
test_loss: 0.003395 
train_loss: 0.004139 
test_loss: 0.003874 
