train_loss: 0.015169 
test_loss: 0.014512 
train_loss: 0.011480 
test_loss: 0.011916 
train_loss: 0.011913 
test_loss: 0.011805 
train_loss: 0.010432 
test_loss: 0.010853 
train_loss: 0.010674 
test_loss: 0.009947 
train_loss: 0.011115 
test_loss: 0.011222 
train_loss: 0.009139 
test_loss: 0.009592 
train_loss: 0.008179 
test_loss: 0.009107 
train_loss: 0.007247 
test_loss: 0.007627 
train_loss: 0.007174 
test_loss: 0.006936 
train_loss: 0.006225 
test_loss: 0.005964 
train_loss: 0.005963 
test_loss: 0.005778 
train_loss: 0.005137 
test_loss: 0.004934 
train_loss: 0.005932 
test_loss: 0.005848 
train_loss: 0.005337 
test_loss: 0.004960 
train_loss: 0.005178 
test_loss: 0.005150 
train_loss: 0.005448 
test_loss: 0.004749 
train_loss: 0.005033 
test_loss: 0.004931 
train_loss: 0.004414 
test_loss: 0.004920 
train_loss: 0.004377 
test_loss: 0.004830 
train_loss: 0.004512 
test_loss: 0.004362 
train_loss: 0.004132 
test_loss: 0.004591 
train_loss: 0.004424 
test_loss: 0.004407 
train_loss: 0.004904 
test_loss: 0.004706 
train_loss: 0.004115 
test_loss: 0.004674 
train_loss: 0.004523 
test_loss: 0.004436 
train_loss: 0.004085 
test_loss: 0.004150 
train_loss: 0.004283 
test_loss: 0.004306 
train_loss: 0.003951 
test_loss: 0.004099 
train_loss: 0.003486 
test_loss: 0.003772 
train_loss: 0.004321 
test_loss: 0.004267 
train_loss: 0.004487 
test_loss: 0.003712 
train_loss: 0.003490 
test_loss: 0.003776 
train_loss: 0.004151 
test_loss: 0.004477 
train_loss: 0.003926 
test_loss: 0.004032 
train_loss: 0.003834 
test_loss: 0.004151 
train_loss: 0.003879 
test_loss: 0.003695 
train_loss: 0.003686 
test_loss: 0.003618 
train_loss: 0.003598 
test_loss: 0.003466 
train_loss: 0.003801 
test_loss: 0.003539 
train_loss: 0.004241 
test_loss: 0.003685 
train_loss: 0.004082 
test_loss: 0.003557 
train_loss: 0.003821 
test_loss: 0.003434 
train_loss: 0.003916 
test_loss: 0.003274 
train_loss: 0.003279 
test_loss: 0.003494 
train_loss: 0.003197 
test_loss: 0.003415 
train_loss: 0.003545 
test_loss: 0.003601 
train_loss: 0.003129 
test_loss: 0.003066 
train_loss: 0.003522 
test_loss: 0.003186 
train_loss: 0.003165 
test_loss: 0.003198 
train_loss: 0.003645 
test_loss: 0.003277 
train_loss: 0.003055 
test_loss: 0.003233 
train_loss: 0.003177 
test_loss: 0.003055 
train_loss: 0.003376 
test_loss: 0.003368 
train_loss: 0.003000 
test_loss: 0.002985 
train_loss: 0.002781 
test_loss: 0.002861 
train_loss: 0.003014 
test_loss: 0.003473 
train_loss: 0.003552 
test_loss: 0.003325 
train_loss: 0.002915 
test_loss: 0.003472 
train_loss: 0.002702 
test_loss: 0.002998 
train_loss: 0.002847 
test_loss: 0.003291 
