train_loss: 0.014397 
test_loss: 0.015207 
train_loss: 0.014887 
test_loss: 0.013723 
train_loss: 0.011839 
test_loss: 0.011901 
train_loss: 0.010598 
test_loss: 0.011148 
train_loss: 0.011631 
test_loss: 0.011054 
train_loss: 0.009749 
test_loss: 0.011136 
train_loss: 0.010495 
test_loss: 0.009930 
train_loss: 0.011757 
test_loss: 0.010408 
train_loss: 0.010868 
test_loss: 0.010385 
train_loss: 0.008111 
test_loss: 0.008305 
train_loss: 0.007689 
test_loss: 0.008100 
train_loss: 0.007298 
test_loss: 0.007471 
train_loss: 0.006361 
test_loss: 0.006684 
train_loss: 0.006821 
test_loss: 0.007238 
train_loss: 0.005010 
test_loss: 0.005064 
train_loss: 0.005423 
test_loss: 0.005056 
train_loss: 0.005183 
test_loss: 0.005582 
train_loss: 0.004807 
test_loss: 0.005038 
train_loss: 0.004603 
test_loss: 0.004519 
train_loss: 0.004615 
test_loss: 0.004414 
train_loss: 0.005132 
test_loss: 0.004942 
train_loss: 0.004276 
test_loss: 0.004432 
train_loss: 0.004754 
test_loss: 0.004919 
train_loss: 0.004837 
test_loss: 0.004167 
train_loss: 0.004065 
test_loss: 0.004120 
train_loss: 0.004702 
test_loss: 0.004297 
train_loss: 0.004010 
test_loss: 0.004635 
train_loss: 0.003807 
test_loss: 0.004034 
train_loss: 0.004016 
test_loss: 0.004142 
train_loss: 0.003736 
test_loss: 0.004118 
train_loss: 0.003727 
test_loss: 0.004099 
train_loss: 0.003664 
test_loss: 0.003497 
train_loss: 0.003697 
test_loss: 0.003755 
train_loss: 0.004175 
test_loss: 0.004097 
train_loss: 0.003948 
test_loss: 0.003476 
train_loss: 0.002876 
test_loss: 0.003683 
train_loss: 0.003617 
test_loss: 0.003861 
train_loss: 0.003286 
test_loss: 0.003672 
train_loss: 0.004408 
test_loss: 0.003756 
train_loss: 0.003511 
test_loss: 0.003426 
train_loss: 0.003339 
test_loss: 0.003073 
train_loss: 0.003733 
test_loss: 0.003335 
train_loss: 0.003040 
test_loss: 0.003336 
train_loss: 0.003513 
test_loss: 0.003541 
train_loss: 0.003823 
test_loss: 0.003547 
train_loss: 0.003565 
test_loss: 0.003433 
train_loss: 0.002878 
test_loss: 0.003331 
train_loss: 0.002928 
test_loss: 0.002964 
train_loss: 0.002931 
test_loss: 0.003041 
train_loss: 0.003228 
test_loss: 0.003464 
train_loss: 0.003197 
test_loss: 0.003472 
