train_loss: 0.015157 
test_loss: 0.014439 
train_loss: 0.012886 
test_loss: 0.012436 
train_loss: 0.011320 
test_loss: 0.011356 
train_loss: 0.011676 
test_loss: 0.012516 
train_loss: 0.010518 
test_loss: 0.011193 
train_loss: 0.010667 
test_loss: 0.010922 
train_loss: 0.011179 
test_loss: 0.010923 
train_loss: 0.009780 
test_loss: 0.010084 
train_loss: 0.009635 
test_loss: 0.009762 
train_loss: 0.009238 
test_loss: 0.008640 
train_loss: 0.008158 
test_loss: 0.008019 
train_loss: 0.007003 
test_loss: 0.007222 
train_loss: 0.006266 
test_loss: 0.005502 
train_loss: 0.005046 
test_loss: 0.005676 
train_loss: 0.005769 
test_loss: 0.005592 
train_loss: 0.004600 
test_loss: 0.004607 
train_loss: 0.004854 
test_loss: 0.005507 
train_loss: 0.004853 
test_loss: 0.005308 
train_loss: 0.005163 
test_loss: 0.004740 
train_loss: 0.003953 
test_loss: 0.004779 
train_loss: 0.004174 
test_loss: 0.003847 
train_loss: 0.004301 
test_loss: 0.004379 
train_loss: 0.004206 
test_loss: 0.004097 
train_loss: 0.004385 
test_loss: 0.003905 
train_loss: 0.003885 
test_loss: 0.004430 
train_loss: 0.004506 
test_loss: 0.003977 
train_loss: 0.004727 
test_loss: 0.004844 
train_loss: 0.003637 
test_loss: 0.003757 
train_loss: 0.003965 
test_loss: 0.004014 
train_loss: 0.003599 
test_loss: 0.003602 
train_loss: 0.003422 
test_loss: 0.003972 
