train_loss: 0.088203 
test_loss: 0.088076 
train_loss: 0.057590 
test_loss: 0.057918 
train_loss: 0.052101 
test_loss: 0.053577 
train_loss: 0.049171 
test_loss: 0.050705 
train_loss: 0.042733 
test_loss: 0.043490 
train_loss: 0.037938 
test_loss: 0.037705 
train_loss: 0.031902 
test_loss: 0.030147 
train_loss: 0.023693 
test_loss: 0.024796 
train_loss: 0.020391 
test_loss: 0.020159 
train_loss: 0.018220 
test_loss: 0.017989 
train_loss: 0.015304 
test_loss: 0.015993 
train_loss: 0.014159 
test_loss: 0.015256 
train_loss: 0.015942 
test_loss: 0.014310 
