train_loss: 0.014951 
test_loss: 0.014731 
train_loss: 0.011985 
test_loss: 0.011491 
train_loss: 0.010766 
test_loss: 0.010456 
train_loss: 0.010360 
test_loss: 0.011560 
train_loss: 0.010154 
test_loss: 0.010613 
train_loss: 0.010436 
test_loss: 0.012217 
train_loss: 0.009261 
test_loss: 0.010257 
train_loss: 0.009448 
test_loss: 0.009958 
train_loss: 0.009635 
test_loss: 0.010087 
train_loss: 0.009671 
test_loss: 0.009797 
train_loss: 0.009030 
test_loss: 0.009598 
train_loss: 0.010347 
test_loss: 0.009981 
train_loss: 0.009722 
test_loss: 0.010145 
train_loss: 0.008502 
test_loss: 0.009148 
train_loss: 0.009520 
test_loss: 0.009335 
train_loss: 0.009545 
test_loss: 0.009637 
train_loss: 0.009392 
test_loss: 0.009529 
train_loss: 0.009514 
test_loss: 0.009715 
train_loss: 0.009272 
test_loss: 0.009529 
train_loss: 0.009521 
test_loss: 0.009513 
train_loss: 0.009363 
test_loss: 0.009880 
