train_loss: 0.014015 
test_loss: 0.015981 
train_loss: 0.010951 
test_loss: 0.011218 
train_loss: 0.009971 
test_loss: 0.010513 
train_loss: 0.010587 
test_loss: 0.010580 
train_loss: 0.009552 
test_loss: 0.009713 
train_loss: 0.010508 
test_loss: 0.010428 
train_loss: 0.010394 
test_loss: 0.010142 
train_loss: 0.010168 
test_loss: 0.009883 
train_loss: 0.009482 
test_loss: 0.009737 
train_loss: 0.009549 
test_loss: 0.009877 
train_loss: 0.009736 
test_loss: 0.009487 
train_loss: 0.009701 
test_loss: 0.009663 
train_loss: 0.009143 
test_loss: 0.009924 
train_loss: 0.010395 
test_loss: 0.009534 
train_loss: 0.009549 
test_loss: 0.009848 
train_loss: 0.009455 
test_loss: 0.009528 
train_loss: 0.009065 
test_loss: 0.009245 
train_loss: 0.010211 
test_loss: 0.009828 
train_loss: 0.009564 
test_loss: 0.009096 
train_loss: 0.009824 
test_loss: 0.009875 
train_loss: 0.010132 
test_loss: 0.009412 
