train_loss: 0.013841 
test_loss: 0.015791 
train_loss: 0.012287 
test_loss: 0.012902 
train_loss: 0.011491 
test_loss: 0.010486 
train_loss: 0.011061 
test_loss: 0.011009 
train_loss: 0.011389 
test_loss: 0.011626 
train_loss: 0.010811 
test_loss: 0.010144 
train_loss: 0.010060 
test_loss: 0.010792 
train_loss: 0.011089 
test_loss: 0.010044 
train_loss: 0.011208 
test_loss: 0.010308 
train_loss: 0.009960 
test_loss: 0.009928 
train_loss: 0.010229 
test_loss: 0.010230 
train_loss: 0.009982 
test_loss: 0.010310 
train_loss: 0.010814 
test_loss: 0.010077 
train_loss: 0.009648 
test_loss: 0.009525 
train_loss: 0.009678 
test_loss: 0.009876 
train_loss: 0.009544 
test_loss: 0.009408 
train_loss: 0.009824 
test_loss: 0.009937 
train_loss: 0.009521 
test_loss: 0.009564 
train_loss: 0.009219 
test_loss: 0.009464 
train_loss: 0.009067 
test_loss: 0.009261 
train_loss: 0.010207 
test_loss: 0.009741 
train_loss: 0.009683 
test_loss: 0.009119 
train_loss: 0.009416 
test_loss: 0.009518 
train_loss: 0.009915 
test_loss: 0.009781 
train_loss: 0.009006 
test_loss: 0.009130 
train_loss: 0.008424 
test_loss: 0.008784 
train_loss: 0.008922 
test_loss: 0.009027 
train_loss: 0.009235 
test_loss: 0.009051 
train_loss: 0.009608 
test_loss: 0.009374 
train_loss: 0.009890 
test_loss: 0.009161 
train_loss: 0.009378 
test_loss: 0.009215 
train_loss: 0.008945 
test_loss: 0.009760 
train_loss: 0.009119 
test_loss: 0.009254 
train_loss: 0.009269 
test_loss: 0.009445 
train_loss: 0.008896 
test_loss: 0.008837 
train_loss: 0.009095 
test_loss: 0.009185 
train_loss: 0.010369 
test_loss: 0.009417 
train_loss: 0.009189 
test_loss: 0.009268 
train_loss: 0.009307 
test_loss: 0.008983 
train_loss: 0.008664 
test_loss: 0.008960 
train_loss: 0.009187 
test_loss: 0.009123 
train_loss: 0.009229 
test_loss: 0.009203 
train_loss: 0.008787 
test_loss: 0.009116 
train_loss: 0.009190 
test_loss: 0.008883 
train_loss: 0.009401 
test_loss: 0.009212 
train_loss: 0.009443 
test_loss: 0.009075 
train_loss: 0.009323 
test_loss: 0.009202 
train_loss: 0.009090 
test_loss: 0.008944 
train_loss: 0.008632 
test_loss: 0.008997 
train_loss: 0.009122 
test_loss: 0.009123 
train_loss: 0.009643 
test_loss: 0.008903 
train_loss: 0.009186 
test_loss: 0.009456 
train_loss: 0.008941 
test_loss: 0.008968 
train_loss: 0.008693 
test_loss: 0.008808 
train_loss: 0.009058 
test_loss: 0.008896 
train_loss: 0.009014 
test_loss: 0.008838 
train_loss: 0.009523 
test_loss: 0.008954 
train_loss: 0.008749 
test_loss: 0.008689 
train_loss: 0.007853 
test_loss: 0.009129 
train_loss: 0.008604 
test_loss: 0.008986 
train_loss: 0.008870 
test_loss: 0.009162 
