train_loss: 0.015560 
test_loss: 0.014290 
train_loss: 0.012184 
test_loss: 0.012019 
train_loss: 0.010648 
test_loss: 0.010807 
train_loss: 0.011147 
test_loss: 0.009956 
train_loss: 0.010323 
test_loss: 0.010405 
train_loss: 0.010827 
test_loss: 0.010981 
train_loss: 0.009653 
test_loss: 0.009669 
train_loss: 0.010003 
test_loss: 0.010338 
train_loss: 0.010738 
test_loss: 0.009640 
train_loss: 0.009717 
test_loss: 0.009794 
train_loss: 0.010079 
test_loss: 0.009550 
train_loss: 0.009963 
test_loss: 0.009296 
train_loss: 0.009485 
test_loss: 0.009790 
train_loss: 0.009402 
test_loss: 0.009908 
train_loss: 0.009832 
test_loss: 0.009394 
train_loss: 0.009333 
test_loss: 0.009078 
train_loss: 0.010009 
test_loss: 0.009375 
train_loss: 0.009453 
test_loss: 0.009400 
train_loss: 0.009237 
test_loss: 0.009465 
train_loss: 0.009190 
test_loss: 0.009565 
train_loss: 0.009438 
test_loss: 0.009285 
train_loss: 0.009866 
test_loss: 0.009564 
train_loss: 0.009925 
test_loss: 0.009453 
train_loss: 0.009819 
test_loss: 0.009329 
train_loss: 0.009213 
test_loss: 0.009816 
train_loss: 0.009493 
test_loss: 0.009209 
train_loss: 0.009811 
test_loss: 0.009665 
train_loss: 0.009562 
test_loss: 0.009139 
train_loss: 0.009658 
test_loss: 0.009480 
train_loss: 0.009524 
test_loss: 0.009202 
train_loss: 0.009127 
test_loss: 0.009546 
