train_loss: 0.426114 
test_loss: 0.420674 
train_loss: 0.411764 
test_loss: 0.420355 
train_loss: 0.356271 
test_loss: 0.420051 
train_loss: 0.429381 
test_loss: 0.419635 
train_loss: 0.434628 
test_loss: 0.419106 
train_loss: 0.476044 
test_loss: 0.418136 
train_loss: 0.391094 
test_loss: 0.417242 
train_loss: 0.436937 
test_loss: 0.416035 
train_loss: 0.391897 
test_loss: 0.414319 
train_loss: 0.408975 
test_loss: 0.411881 
train_loss: 0.430007 
test_loss: 0.409270 
train_loss: 0.410736 
test_loss: 0.405720 
train_loss: 0.360498 
test_loss: 0.401311 
train_loss: 0.361471 
test_loss: 0.395992 
train_loss: 0.427027 
test_loss: 0.389064 
train_loss: 0.345700 
test_loss: 0.380670 
train_loss: 0.390446 
test_loss: 0.370337 
train_loss: 0.373069 
test_loss: 0.357914 
train_loss: 0.351584 
test_loss: 0.343207 
train_loss: 0.347647 
test_loss: 0.325955 
train_loss: 0.320295 
test_loss: 0.305930 
train_loss: 0.278808 
test_loss: 0.283272 
train_loss: 0.272780 
test_loss: 0.258145 
train_loss: 0.233011 
test_loss: 0.230796 
train_loss: 0.222283 
test_loss: 0.201792 
train_loss: 0.154784 
test_loss: 0.171781 
train_loss: 0.149444 
test_loss: 0.142115 
train_loss: 0.107510 
test_loss: 0.114636 
train_loss: 0.087386 
test_loss: 0.090997 
train_loss: 0.072063 
test_loss: 0.071507 
train_loss: 0.055259 
test_loss: 0.055638 
train_loss: 0.046570 
test_loss: 0.042796 
train_loss: 0.036350 
test_loss: 0.032551 
train_loss: 0.023858 
test_loss: 0.024591 
train_loss: 0.018352 
test_loss: 0.018596 
train_loss: 0.014079 
test_loss: 0.014202 
train_loss: 0.010253 
test_loss: 0.011005 
train_loss: 0.008607 
test_loss: 0.008599 
train_loss: 0.006448 
test_loss: 0.006800 
train_loss: 0.005519 
test_loss: 0.005638 
train_loss: 0.005238 
test_loss: 0.004980 
train_loss: 0.004760 
test_loss: 0.004587 
train_loss: 0.004308 
test_loss: 0.004315 
train_loss: 0.004040 
test_loss: 0.004090 
train_loss: 0.003796 
test_loss: 0.003840 
train_loss: 0.003595 
test_loss: 0.003540 
train_loss: 0.003043 
test_loss: 0.003168 
train_loss: 0.002687 
test_loss: 0.002697 
train_loss: 0.002290 
test_loss: 0.002158 
train_loss: 0.001584 
test_loss: 0.001617 
train_loss: 0.001180 
test_loss: 0.001148 
train_loss: 0.000812 
test_loss: 0.000826 
train_loss: 0.000589 
test_loss: 0.000611 
train_loss: 0.000512 
test_loss: 0.000462 
train_loss: 0.000391 
test_loss: 0.000377 
train_loss: 0.000309 
test_loss: 0.000326 
train_loss: 0.000289 
test_loss: 0.000269 
train_loss: 0.000243 
test_loss: 0.000234 
train_loss: 0.000217 
test_loss: 0.000210 
train_loss: 0.000179 
test_loss: 0.000199 
train_loss: 0.000182 
test_loss: 0.000186 
train_loss: 0.000206 
test_loss: 0.000183 
train_loss: 0.000168 
test_loss: 0.000174 
train_loss: 0.000169 
test_loss: 0.000196 
train_loss: 0.000142 
test_loss: 0.000172 
train_loss: 0.000168 
test_loss: 0.000165 
train_loss: 0.000159 
test_loss: 0.000150 
train_loss: 0.000156 
test_loss: 0.000160 
train_loss: 0.000165 
test_loss: 0.000156 
train_loss: 0.000163 
test_loss: 0.000157 
train_loss: 0.000148 
test_loss: 0.000163 
train_loss: 0.000155 
test_loss: 0.000148 
train_loss: 0.000139 
test_loss: 0.000150 
train_loss: 0.000133 
test_loss: 0.000148 
train_loss: 0.000135 
test_loss: 0.000149 
train_loss: 0.000136 
test_loss: 0.000148 
train_loss: 0.000132 
test_loss: 0.000151 
train_loss: 0.000119 
test_loss: 0.000129 
train_loss: 0.000137 
test_loss: 0.000128 
train_loss: 0.000106 
test_loss: 0.000102 
train_loss: 0.000088 
test_loss: 0.000075 
train_loss: 0.000054 
test_loss: 0.000057 
train_loss: 0.000045 
test_loss: 0.000044 
train_loss: 0.000035 
test_loss: 0.000033 
train_loss: 0.000027 
test_loss: 0.000025 
train_loss: 0.000022 
test_loss: 0.000023 
train_loss: 0.000033 
test_loss: 0.000026 
train_loss: 0.000025 
test_loss: 0.000020 
train_loss: 0.000020 
test_loss: 0.000018 
train_loss: 0.000020 
test_loss: 0.000023 
train_loss: 0.000022 
test_loss: 0.000019 
train_loss: 0.000024 
test_loss: 0.000031 
train_loss: 0.000017 
test_loss: 0.000025 
train_loss: 0.000018 
test_loss: 0.000021 
train_loss: 0.000020 
test_loss: 0.000022 
train_loss: 0.000019 
test_loss: 0.000024 
train_loss: 0.000016 
test_loss: 0.000019 
train_loss: 0.000017 
test_loss: 0.000017 
train_loss: 0.000019 
test_loss: 0.000018 
train_loss: 0.000015 
test_loss: 0.000015 
train_loss: 0.000018 
test_loss: 0.000018 
train_loss: 0.000016 
test_loss: 0.000016 
train_loss: 0.000017 
test_loss: 0.000018 
train_loss: 0.000021 
test_loss: 0.000021 
train_loss: 0.000015 
test_loss: 0.000015 
train_loss: 0.000013 
test_loss: 0.000013 
train_loss: 0.000016 
test_loss: 0.000017 
train_loss: 0.000012 
test_loss: 0.000012 
train_loss: 0.000015 
test_loss: 0.000014 
train_loss: 0.000014 
test_loss: 0.000012 
train_loss: 0.000017 
test_loss: 0.000020 
