train_loss: 0.046859 
test_loss: 0.046681 
train_loss: 0.026778 
test_loss: 0.026465 
train_loss: 0.015110 
test_loss: 0.014988 
train_loss: 0.011317 
test_loss: 0.011891 
train_loss: 0.011185 
test_loss: 0.010847 
train_loss: 0.010580 
test_loss: 0.010609 
train_loss: 0.009572 
test_loss: 0.009931 
train_loss: 0.009741 
test_loss: 0.010010 
train_loss: 0.010048 
test_loss: 0.009510 
train_loss: 0.009725 
test_loss: 0.009134 
train_loss: 0.010035 
test_loss: 0.009976 
train_loss: 0.009362 
test_loss: 0.009162 
train_loss: 0.009177 
test_loss: 0.009608 
train_loss: 0.009910 
test_loss: 0.009511 
train_loss: 0.009427 
test_loss: 0.009082 
train_loss: 0.009353 
test_loss: 0.009164 
train_loss: 0.009483 
test_loss: 0.008932 
train_loss: 0.009084 
test_loss: 0.009580 
train_loss: 0.009369 
test_loss: 0.009213 
train_loss: 0.009011 
test_loss: 0.008912 
train_loss: 0.009350 
test_loss: 0.008852 
train_loss: 0.009213 
test_loss: 0.008270 
train_loss: 0.008336 
test_loss: 0.009091 
train_loss: 0.008278 
test_loss: 0.008527 
train_loss: 0.007280 
test_loss: 0.007788 
train_loss: 0.007367 
test_loss: 0.007316 
train_loss: 0.006501 
test_loss: 0.006254 
train_loss: 0.005810 
test_loss: 0.005688 
train_loss: 0.004993 
test_loss: 0.005595 
train_loss: 0.006289 
test_loss: 0.005264 
train_loss: 0.004683 
test_loss: 0.004896 
train_loss: 0.004787 
test_loss: 0.005174 
train_loss: 0.004038 
test_loss: 0.004580 
train_loss: 0.004461 
test_loss: 0.004473 
train_loss: 0.004484 
test_loss: 0.004180 
train_loss: 0.004901 
test_loss: 0.004348 
train_loss: 0.004496 
test_loss: 0.004214 
train_loss: 0.004237 
test_loss: 0.003993 
train_loss: 0.004375 
test_loss: 0.004239 
train_loss: 0.003677 
test_loss: 0.004054 
train_loss: 0.004312 
test_loss: 0.004228 
train_loss: 0.003615 
test_loss: 0.003817 
train_loss: 0.003710 
test_loss: 0.003825 
train_loss: 0.003764 
test_loss: 0.003773 
train_loss: 0.003602 
test_loss: 0.003796 
train_loss: 0.003568 
test_loss: 0.003522 
train_loss: 0.003274 
test_loss: 0.003473 
train_loss: 0.003392 
test_loss: 0.003261 
train_loss: 0.003823 
test_loss: 0.003784 
train_loss: 0.003550 
test_loss: 0.003534 
train_loss: 0.003479 
test_loss: 0.003638 
train_loss: 0.003458 
test_loss: 0.003466 
train_loss: 0.003395 
test_loss: 0.003416 
train_loss: 0.003348 
test_loss: 0.003535 
train_loss: 0.003358 
test_loss: 0.003464 
train_loss: 0.003503 
test_loss: 0.003875 
train_loss: 0.003434 
test_loss: 0.003279 
train_loss: 0.003216 
test_loss: 0.003245 
train_loss: 0.002864 
test_loss: 0.002984 
train_loss: 0.003390 
test_loss: 0.003199 
train_loss: 0.003243 
test_loss: 0.003088 
train_loss: 0.003082 
test_loss: 0.003047 
train_loss: 0.003067 
test_loss: 0.003260 
train_loss: 0.002832 
test_loss: 0.003007 
train_loss: 0.003073 
test_loss: 0.003127 
train_loss: 0.003001 
test_loss: 0.003235 
train_loss: 0.002987 
test_loss: 0.002923 
train_loss: 0.003299 
test_loss: 0.002896 
train_loss: 0.002961 
test_loss: 0.002864 
train_loss: 0.002888 
test_loss: 0.002869 
train_loss: 0.002896 
test_loss: 0.002679 
train_loss: 0.002712 
test_loss: 0.002650 
train_loss: 0.002596 
test_loss: 0.002835 
train_loss: 0.002897 
test_loss: 0.002988 
train_loss: 0.002950 
test_loss: 0.003202 
train_loss: 0.002758 
test_loss: 0.002789 
train_loss: 0.002676 
test_loss: 0.002703 
train_loss: 0.002726 
test_loss: 0.002679 
train_loss: 0.002617 
test_loss: 0.002467 
train_loss: 0.002969 
test_loss: 0.002836 
train_loss: 0.002812 
test_loss: 0.002778 
