train_loss: 0.077873 
test_loss: 0.080548 
train_loss: 0.064491 
test_loss: 0.063137 
train_loss: 0.056933 
test_loss: 0.061690 
train_loss: 0.061989 
test_loss: 0.059857 
train_loss: 0.056674 
test_loss: 0.059225 
train_loss: 0.064264 
test_loss: 0.059671 
train_loss: 0.063492 
test_loss: 0.059007 
train_loss: 0.059850 
test_loss: 0.059389 
train_loss: 0.056254 
test_loss: 0.059372 
train_loss: 0.059184 
test_loss: 0.059076 
train_loss: 0.055686 
test_loss: 0.058469 
train_loss: 0.056211 
test_loss: 0.059487 
train_loss: 0.049075 
test_loss: 0.058493 
train_loss: 0.053393 
test_loss: 0.058473 
train_loss: 0.054283 
test_loss: 0.058148 
train_loss: 0.053677 
test_loss: 0.058638 
train_loss: 0.050587 
test_loss: 0.058339 
train_loss: 0.052416 
test_loss: 0.058166 
train_loss: 0.050448 
test_loss: 0.058110 
train_loss: 0.060290 
test_loss: 0.057991 
train_loss: 0.057488 
test_loss: 0.057976 
train_loss: 0.049983 
test_loss: 0.057590 
train_loss: 0.059810 
test_loss: 0.058036 
train_loss: 0.050147 
test_loss: 0.057726 
train_loss: 0.053954 
test_loss: 0.057887 
train_loss: 0.061178 
test_loss: 0.058014 
train_loss: 0.056059 
test_loss: 0.057771 
train_loss: 0.058402 
test_loss: 0.058112 
train_loss: 0.053470 
test_loss: 0.057335 
train_loss: 0.056485 
test_loss: 0.058088 
train_loss: 0.064100 
test_loss: 0.057726 
train_loss: 0.052338 
test_loss: 0.057679 
train_loss: 0.054159 
test_loss: 0.057763 
train_loss: 0.053813 
test_loss: 0.058286 
train_loss: 0.055313 
test_loss: 0.057600 
train_loss: 0.050889 
test_loss: 0.057416 
train_loss: 0.060004 
test_loss: 0.057487 
train_loss: 0.053161 
test_loss: 0.057686 
train_loss: 0.062716 
test_loss: 0.057148 
train_loss: 0.064332 
test_loss: 0.057365 
train_loss: 0.050950 
test_loss: 0.057174 
train_loss: 0.059050 
test_loss: 0.057323 
train_loss: 0.054436 
test_loss: 0.057232 
train_loss: 0.061001 
test_loss: 0.057288 
train_loss: 0.060719 
test_loss: 0.057797 
train_loss: 0.060183 
test_loss: 0.057321 
train_loss: 0.055079 
test_loss: 0.057094 
train_loss: 0.055263 
test_loss: 0.056247 
train_loss: 0.057151 
test_loss: 0.055359 
train_loss: 0.058241 
test_loss: 0.055332 
train_loss: 0.066721 
test_loss: 0.054575 
train_loss: 0.057630 
test_loss: 0.053844 
train_loss: 0.048838 
test_loss: 0.053855 
train_loss: 0.050062 
test_loss: 0.053530 
train_loss: 0.052194 
test_loss: 0.052950 
train_loss: 0.057972 
test_loss: 0.052928 
train_loss: 0.045683 
test_loss: 0.052690 
train_loss: 0.048621 
test_loss: 0.052681 
train_loss: 0.048323 
test_loss: 0.052609 
train_loss: 0.049742 
test_loss: 0.052338 
train_loss: 0.049730 
test_loss: 0.052494 
train_loss: 0.048303 
test_loss: 0.052462 
train_loss: 0.063977 
test_loss: 0.052263 
train_loss: 0.047234 
test_loss: 0.052221 
train_loss: 0.049800 
test_loss: 0.052011 
train_loss: 0.049970 
test_loss: 0.052100 
train_loss: 0.051129 
test_loss: 0.052099 
train_loss: 0.051691 
test_loss: 0.051721 
train_loss: 0.053889 
test_loss: 0.051686 
train_loss: 0.045946 
test_loss: 0.051785 
train_loss: 0.051073 
test_loss: 0.051175 
train_loss: 0.059996 
test_loss: 0.051168 
train_loss: 0.055869 
test_loss: 0.051161 
train_loss: 0.051511 
test_loss: 0.051027 
train_loss: 0.048057 
test_loss: 0.050957 
train_loss: 0.047213 
test_loss: 0.050627 
train_loss: 0.044829 
test_loss: 0.050665 
train_loss: 0.049692 
test_loss: 0.050391 
train_loss: 0.046845 
test_loss: 0.049932 
train_loss: 0.049409 
test_loss: 0.049886 
train_loss: 0.050286 
test_loss: 0.049726 
train_loss: 0.051656 
test_loss: 0.049404 
train_loss: 0.046680 
test_loss: 0.048906 
train_loss: 0.047468 
test_loss: 0.048650 
train_loss: 0.045526 
test_loss: 0.047976 
train_loss: 0.047829 
test_loss: 0.047464 
train_loss: 0.042191 
test_loss: 0.045880 
train_loss: 0.048672 
test_loss: 0.044843 
train_loss: 0.044094 
test_loss: 0.043771 
train_loss: 0.043854 
test_loss: 0.042328 
train_loss: 0.041205 
test_loss: 0.041082 
train_loss: 0.042291 
test_loss: 0.040282 
train_loss: 0.039097 
test_loss: 0.039544 
train_loss: 0.035730 
test_loss: 0.038608 
train_loss: 0.037075 
test_loss: 0.037704 
train_loss: 0.040872 
test_loss: 0.037232 
train_loss: 0.035474 
test_loss: 0.036436 
train_loss: 0.033674 
test_loss: 0.036406 
train_loss: 0.035126 
test_loss: 0.034949 
train_loss: 0.034451 
test_loss: 0.035354 
train_loss: 0.035453 
test_loss: 0.033658 
train_loss: 0.034921 
test_loss: 0.033351 
train_loss: 0.030197 
test_loss: 0.032869 
train_loss: 0.033274 
test_loss: 0.032080 
train_loss: 0.028661 
test_loss: 0.031547 
train_loss: 0.032421 
test_loss: 0.030739 
train_loss: 0.030773 
test_loss: 0.030622 
train_loss: 0.027503 
test_loss: 0.030187 
train_loss: 0.028319 
test_loss: 0.029565 
train_loss: 0.026827 
test_loss: 0.029480 
train_loss: 0.027986 
test_loss: 0.028875 
train_loss: 0.025684 
test_loss: 0.028016 
train_loss: 0.030628 
test_loss: 0.027914 
train_loss: 0.028278 
test_loss: 0.027246 
train_loss: 0.026607 
test_loss: 0.026984 
train_loss: 0.025122 
test_loss: 0.026634 
train_loss: 0.024698 
test_loss: 0.026276 
train_loss: 0.026088 
test_loss: 0.026181 
train_loss: 0.023827 
test_loss: 0.026008 
train_loss: 0.023855 
test_loss: 0.025449 
train_loss: 0.023782 
test_loss: 0.025060 
train_loss: 0.025993 
test_loss: 0.024918 
train_loss: 0.022835 
test_loss: 0.024626 
train_loss: 0.022983 
test_loss: 0.025004 
train_loss: 0.023665 
test_loss: 0.024160 
train_loss: 0.023779 
test_loss: 0.023904 
train_loss: 0.026009 
test_loss: 0.023697 
train_loss: 0.021066 
test_loss: 0.023932 
train_loss: 0.021348 
test_loss: 0.023220 
train_loss: 0.025361 
test_loss: 0.022864 
train_loss: 0.020548 
test_loss: 0.022838 
train_loss: 0.021791 
test_loss: 0.022480 
train_loss: 0.018687 
test_loss: 0.022155 
train_loss: 0.022822 
test_loss: 0.022515 
train_loss: 0.020803 
test_loss: 0.021991 
train_loss: 0.019728 
test_loss: 0.021782 
train_loss: 0.019016 
test_loss: 0.022058 
train_loss: 0.021687 
test_loss: 0.021720 
train_loss: 0.022343 
test_loss: 0.021508 
train_loss: 0.019695 
test_loss: 0.021220 
train_loss: 0.020732 
test_loss: 0.021156 
train_loss: 0.019619 
test_loss: 0.021124 
train_loss: 0.021195 
test_loss: 0.021088 
train_loss: 0.019873 
test_loss: 0.020470 
train_loss: 0.021677 
test_loss: 0.020889 
train_loss: 0.021269 
test_loss: 0.020224 
train_loss: 0.020468 
test_loss: 0.020677 
train_loss: 0.019347 
test_loss: 0.020497 
train_loss: 0.020195 
test_loss: 0.020212 
train_loss: 0.022856 
test_loss: 0.020053 
train_loss: 0.021917 
test_loss: 0.019813 
train_loss: 0.018463 
test_loss: 0.019984 
train_loss: 0.021105 
test_loss: 0.019728 
train_loss: 0.016544 
test_loss: 0.020014 
train_loss: 0.019639 
test_loss: 0.019574 
train_loss: 0.018323 
test_loss: 0.019884 
train_loss: 0.018062 
test_loss: 0.019866 
train_loss: 0.017593 
test_loss: 0.019523 
train_loss: 0.020336 
test_loss: 0.019105 
train_loss: 0.017737 
test_loss: 0.019073 
train_loss: 0.017946 
test_loss: 0.019400 
train_loss: 0.019765 
test_loss: 0.019045 
train_loss: 0.019651 
test_loss: 0.018709 
train_loss: 0.017237 
test_loss: 0.018987 
train_loss: 0.016621 
test_loss: 0.019198 
train_loss: 0.015619 
test_loss: 0.018850 
train_loss: 0.020377 
test_loss: 0.018717 
train_loss: 0.020758 
test_loss: 0.019366 
train_loss: 0.016767 
test_loss: 0.018426 
train_loss: 0.021598 
test_loss: 0.018195 
train_loss: 0.017038 
test_loss: 0.018455 
train_loss: 0.018500 
test_loss: 0.018355 
train_loss: 0.023194 
test_loss: 0.018124 
train_loss: 0.017160 
test_loss: 0.017983 
train_loss: 0.016468 
test_loss: 0.018192 
train_loss: 0.017041 
test_loss: 0.018222 
train_loss: 0.019726 
test_loss: 0.017804 
train_loss: 0.017607 
test_loss: 0.017674 
train_loss: 0.019147 
test_loss: 0.018230 
train_loss: 0.017955 
test_loss: 0.018185 
train_loss: 0.017131 
test_loss: 0.017912 
train_loss: 0.015304 
test_loss: 0.017767 
train_loss: 0.016789 
test_loss: 0.017526 
train_loss: 0.018377 
test_loss: 0.017872 
train_loss: 0.017128 
test_loss: 0.017526 
train_loss: 0.014376 
test_loss: 0.017703 
train_loss: 0.019131 
test_loss: 0.017098 
train_loss: 0.018118 
test_loss: 0.017535 
train_loss: 0.017266 
test_loss: 0.017651 
train_loss: 0.016570 
test_loss: 0.017290 
train_loss: 0.014774 
test_loss: 0.016922 
train_loss: 0.016662 
test_loss: 0.017211 
train_loss: 0.016758 
test_loss: 0.017415 
train_loss: 0.017540 
test_loss: 0.017319 
train_loss: 0.017829 
test_loss: 0.017287 
train_loss: 0.015236 
test_loss: 0.017657 
train_loss: 0.014761 
test_loss: 0.017247 
train_loss: 0.019148 
test_loss: 0.017233 
train_loss: 0.017399 
test_loss: 0.017571 
train_loss: 0.019922 
test_loss: 0.017160 
train_loss: 0.019160 
test_loss: 0.017159 
