train_loss: 1.99864 
test_loss: 2.33094 
train_loss: 0.541319 
test_loss: 0.540522 
train_loss: 0.539159 
test_loss: 0.540362 
train_loss: 0.535265 
test_loss: 0.540349 
train_loss: 0.542663 
test_loss: 0.540358 
train_loss: 0.538136 
test_loss: 0.540355 
train_loss: 0.541467 
test_loss: 0.540342 
train_loss: 0.538688 
test_loss: 0.540356 
train_loss: 0.536582 
test_loss: 0.540349 
train_loss: 0.541164 
test_loss: 0.540342 
train_loss: 0.536397 
test_loss: 0.540325 
train_loss: 0.539258 
test_loss: 0.540341 
train_loss: 0.53992 
test_loss: 0.540346 
train_loss: 0.548477 
test_loss: 0.540313 
train_loss: 0.542406 
test_loss: 0.540335 
train_loss: 0.543105 
test_loss: 0.540315 
train_loss: 0.546234 
test_loss: 0.540324 
train_loss: 0.539971 
test_loss: 0.540327 
train_loss: 0.545623 
test_loss: 0.540321 
train_loss: 0.539942 
test_loss: 0.540315 
train_loss: 0.529682 
test_loss: 0.540306 
train_loss: 0.545099 
test_loss: 0.540273 
train_loss: 0.538839 
test_loss: 0.540289 
train_loss: 0.53942 
test_loss: 0.540286 
train_loss: 0.535917 
test_loss: 0.540269 
train_loss: 0.536759 
test_loss: 0.540274 
train_loss: 0.537578 
test_loss: 0.540281 
train_loss: 0.546324 
test_loss: 0.540264 
train_loss: 0.546297 
test_loss: 0.540241 
train_loss: 0.53909 
test_loss: 0.540261 
train_loss: 0.537604 
test_loss: 0.540231 
train_loss: 0.545954 
test_loss: 0.540253 
train_loss: 0.539958 
test_loss: 0.540233 
train_loss: 0.543027 
test_loss: 0.540224 
train_loss: 0.531916 
test_loss: 0.540217 
train_loss: 0.53461 
test_loss: 0.540218 
train_loss: 0.548502 
test_loss: 0.540188 
train_loss: 0.540482 
test_loss: 0.540189 
train_loss: 0.53235 
test_loss: 0.540179 
train_loss: 0.543302 
test_loss: 0.540169 
train_loss: 0.539402 
test_loss: 0.540163 
train_loss: 0.534978 
test_loss: 0.540162 
train_loss: 0.53993 
test_loss: 0.540144 
train_loss: 0.548515 
test_loss: 0.540137 
train_loss: 0.528796 
test_loss: 0.540132 
train_loss: 0.53529 
test_loss: 0.540099 
train_loss: 0.541011 
test_loss: 0.540095 
train_loss: 0.541269 
test_loss: 0.540093 
train_loss: 0.543288 
test_loss: 0.540085 
train_loss: 0.538646 
test_loss: 0.540064 
train_loss: 0.54057 
test_loss: 0.540041 
train_loss: 0.535261 
test_loss: 0.540029 
train_loss: 0.537286 
test_loss: 0.540013 
train_loss: 0.542597 
test_loss: 0.540006 
train_loss: 0.539105 
test_loss: 0.54 
train_loss: 0.54516 
test_loss: 0.539978 
train_loss: 0.542339 
test_loss: 0.539951 
train_loss: 0.543695 
test_loss: 0.539929 
train_loss: 0.539467 
test_loss: 0.539938 
train_loss: 0.537782 
test_loss: 0.53991 
train_loss: 0.536133 
test_loss: 0.539906 
train_loss: 0.538039 
test_loss: 0.539861 
train_loss: 0.547001 
test_loss: 0.539856 
train_loss: 0.544462 
test_loss: 0.539842 
train_loss: 0.532588 
test_loss: 0.5398 
train_loss: 0.546169 
test_loss: 0.539793 
train_loss: 0.542283 
test_loss: 0.539779 
train_loss: 0.538643 
test_loss: 0.539776 
train_loss: 0.535468 
test_loss: 0.539705 
train_loss: 0.543481 
test_loss: 0.539719 
train_loss: 0.544648 
test_loss: 0.539696 
train_loss: 0.533179 
test_loss: 0.53967 
train_loss: 0.545834 
test_loss: 0.539625 
train_loss: 0.537751 
test_loss: 0.539622 
train_loss: 0.536228 
test_loss: 0.539593 
train_loss: 0.53273 
test_loss: 0.539568 
train_loss: 0.539014 
test_loss: 0.53954 
train_loss: 0.533489 
test_loss: 0.539525 
train_loss: 0.539629 
test_loss: 0.539487 
train_loss: 0.534332 
test_loss: 0.53946 
train_loss: 0.533576 
test_loss: 0.539434 
train_loss: 0.543515 
test_loss: 0.539401 
train_loss: 0.539946 
test_loss: 0.539366 
train_loss: 0.541841 
test_loss: 0.539324 
train_loss: 0.544482 
test_loss: 0.539296 
train_loss: 0.538529 
test_loss: 0.539253 
train_loss: 0.54234 
test_loss: 0.539225 
train_loss: 0.534179 
test_loss: 0.53919 
train_loss: 0.539857 
test_loss: 0.539146 
train_loss: 0.535644 
test_loss: 0.539122 
train_loss: 0.538686 
test_loss: 0.539078 
train_loss: 0.531588 
test_loss: 0.539025 
train_loss: 0.544855 
test_loss: 0.538994 
train_loss: 0.542436 
test_loss: 0.538957 
train_loss: 0.534387 
test_loss: 0.538908 
train_loss: 0.538507 
test_loss: 0.538888 
train_loss: 0.541407 
test_loss: 0.538811 
train_loss: 0.533775 
test_loss: 0.538785 
train_loss: 0.532491 
test_loss: 0.53871 
train_loss: 0.537199 
test_loss: 0.538653 
train_loss: 0.542871 
test_loss: 0.538625 
train_loss: 0.533238 
test_loss: 0.538569 
train_loss: 0.536274 
test_loss: 0.538514 
train_loss: 0.538171 
test_loss: 0.538472 
train_loss: 0.535098 
test_loss: 0.53843 
train_loss: 0.534305 
test_loss: 0.538341 
train_loss: 0.54211 
test_loss: 0.538306 
train_loss: 0.537838 
test_loss: 0.538232 
train_loss: 0.540337 
test_loss: 0.538182 
train_loss: 0.532093 
test_loss: 0.538107 
train_loss: 0.537208 
test_loss: 0.538049 
train_loss: 0.537505 
test_loss: 0.538 
train_loss: 0.536375 
test_loss: 0.537914 
train_loss: 0.536281 
test_loss: 0.537837 
train_loss: 0.53727 
test_loss: 0.537756 
train_loss: 0.535792 
test_loss: 0.5377 
train_loss: 0.537924 
test_loss: 0.537637 
train_loss: 0.538188 
test_loss: 0.537566 
train_loss: 0.532419 
test_loss: 0.537469 
train_loss: 0.535053 
test_loss: 0.537394 
train_loss: 0.541585 
test_loss: 0.537301 
train_loss: 0.542232 
test_loss: 0.537216 
train_loss: 0.531972 
test_loss: 0.537137 
train_loss: 0.533638 
test_loss: 0.53703 
train_loss: 0.53252 
test_loss: 0.536957 
train_loss: 0.537487 
test_loss: 0.536832 
train_loss: 0.533009 
test_loss: 0.536758 
train_loss: 0.534419 
test_loss: 0.536642 
train_loss: 0.533076 
test_loss: 0.53655 
train_loss: 0.540894 
test_loss: 0.53645 
train_loss: 0.530792 
test_loss: 0.536338 
train_loss: 0.538119 
test_loss: 0.53622 
train_loss: 0.531229 
test_loss: 0.536135 
train_loss: 0.536802 
test_loss: 0.535996 
train_loss: 0.532406 
test_loss: 0.53589 
train_loss: 0.537175 
test_loss: 0.535771 
train_loss: 0.534821 
test_loss: 0.535621 
train_loss: 0.54066 
test_loss: 0.535508 
train_loss: 0.536681 
test_loss: 0.535369 
train_loss: 0.536087 
test_loss: 0.535245 
train_loss: 0.532089 
test_loss: 0.535119 
train_loss: 0.535054 
test_loss: 0.534974 
train_loss: 0.529212 
test_loss: 0.53481 
train_loss: 0.531876 
test_loss: 0.53468 
train_loss: 0.529495 
test_loss: 0.534526 
train_loss: 0.529754 
test_loss: 0.534361 
train_loss: 0.52848 
test_loss: 0.534193 
train_loss: 0.53105 
test_loss: 0.534042 
train_loss: 0.538868 
test_loss: 0.533881 
train_loss: 0.539061 
test_loss: 0.5337 
train_loss: 0.53321 
test_loss: 0.533511 
train_loss: 0.535712 
test_loss: 0.533353 
train_loss: 0.52991 
test_loss: 0.533154 
train_loss: 0.529672 
test_loss: 0.53297 
train_loss: 0.530589 
test_loss: 0.532781 
train_loss: 0.529992 
test_loss: 0.532574 
train_loss: 0.531208 
test_loss: 0.532363 
train_loss: 0.539751 
test_loss: 0.53215 
train_loss: 0.53262 
test_loss: 0.53193 
train_loss: 0.531385 
test_loss: 0.531727 
train_loss: 0.531458 
test_loss: 0.53149 
train_loss: 0.535673 
test_loss: 0.531246 
train_loss: 0.530825 
test_loss: 0.531034 
train_loss: 0.528017 
test_loss: 0.530787 
train_loss: 0.523827 
test_loss: 0.530523 
train_loss: 0.52815 
test_loss: 0.530253 
train_loss: 0.530903 
test_loss: 0.530003 
train_loss: 0.526074 
test_loss: 0.529733 
train_loss: 0.533421 
test_loss: 0.529461 
train_loss: 0.53143 
test_loss: 0.529172 
train_loss: 0.531982 
test_loss: 0.528868 
train_loss: 0.529035 
test_loss: 0.528573 
train_loss: 0.517378 
test_loss: 0.528271 
train_loss: 0.526555 
test_loss: 0.52796 
train_loss: 0.530494 
test_loss: 0.527642 
train_loss: 0.522721 
test_loss: 0.527297 
train_loss: 0.523272 
test_loss: 0.526963 
train_loss: 0.533254 
test_loss: 0.526614 
train_loss: 0.521693 
test_loss: 0.526255 
train_loss: 0.531536 
test_loss: 0.525902 
train_loss: 0.524981 
test_loss: 0.525535 
train_loss: 0.525844 
test_loss: 0.525157 
train_loss: 0.520015 
test_loss: 0.524764 
train_loss: 0.523447 
test_loss: 0.524364 
train_loss: 0.518584 
test_loss: 0.523944 
train_loss: 0.521168 
test_loss: 0.523519 
train_loss: 0.519965 
test_loss: 0.523087 
train_loss: 0.519624 
test_loss: 0.522648 
train_loss: 0.519535 
test_loss: 0.522173 
train_loss: 0.518421 
test_loss: 0.521735 
train_loss: 0.517844 
test_loss: 0.521228 
train_loss: 0.522937 
test_loss: 0.520736 
train_loss: 0.520362 
test_loss: 0.520254 
train_loss: 0.518623 
test_loss: 0.51973 
train_loss: 0.51728 
test_loss: 0.519183 
train_loss: 0.518198 
test_loss: 0.518674 
train_loss: 0.519141 
test_loss: 0.518103 
train_loss: 0.506374 
test_loss: 0.51755 
train_loss: 0.515006 
test_loss: 0.516956 
train_loss: 0.51822 
test_loss: 0.516369 
train_loss: 0.511652 
test_loss: 0.515748 
train_loss: 0.510588 
test_loss: 0.515122 
train_loss: 0.507966 
test_loss: 0.514476 
train_loss: 0.506548 
test_loss: 0.513807 
train_loss: 0.51064 
test_loss: 0.513136 
train_loss: 0.510053 
test_loss: 0.512454 
train_loss: 0.5094 
test_loss: 0.511735 
train_loss: 0.508563 
test_loss: 0.511008 
train_loss: 0.506308 
test_loss: 0.510252 
train_loss: 0.505029 
test_loss: 0.509466 
train_loss: 0.504343 
test_loss: 0.508701 
train_loss: 0.504237 
test_loss: 0.507906 
train_loss: 0.505347 
test_loss: 0.507066 
train_loss: 0.504587 
test_loss: 0.506215 
train_loss: 0.506413 
test_loss: 0.505362 
train_loss: 0.509816 
test_loss: 0.504455 
train_loss: 0.503107 
test_loss: 0.503555 
train_loss: 0.499266 
test_loss: 0.50262 
train_loss: 0.502432 
test_loss: 0.501654 
train_loss: 0.500748 
test_loss: 0.500665 
train_loss: 0.497569 
test_loss: 0.499651 
train_loss: 0.498706 
test_loss: 0.498627 
train_loss: 0.494747 
test_loss: 0.497572 
train_loss: 0.506092 
test_loss: 0.496489 
train_loss: 0.489576 
test_loss: 0.495381 
train_loss: 0.495359 
test_loss: 0.494227 
train_loss: 0.492133 
test_loss: 0.493051 
train_loss: 0.487987 
test_loss: 0.491857 
train_loss: 0.485193 
test_loss: 0.490629 
train_loss: 0.489953 
test_loss: 0.489368 
train_loss: 0.490385 
test_loss: 0.488085 
train_loss: 0.491543 
test_loss: 0.486759 
train_loss: 0.483254 
test_loss: 0.485399 
train_loss: 0.487656 
test_loss: 0.484005 
train_loss: 0.476247 
test_loss: 0.482556 
train_loss: 0.485216 
test_loss: 0.481109 
train_loss: 0.481503 
test_loss: 0.479605 
train_loss: 0.468754 
test_loss: 0.478043 
train_loss: 0.48465 
test_loss: 0.476477 
train_loss: 0.474715 
test_loss: 0.474858 
train_loss: 0.474286 
test_loss: 0.473204 
train_loss: 0.472353 
test_loss: 0.471485 
train_loss: 0.466691 
test_loss: 0.469762 
train_loss: 0.464115 
test_loss: 0.467955 
train_loss: 0.463905 
test_loss: 0.466141 
train_loss: 0.463139 
test_loss: 0.464272 
train_loss: 0.459793 
test_loss: 0.462341 
train_loss: 0.463046 
test_loss: 0.460378 
train_loss: 0.45689 
test_loss: 0.458364 
train_loss: 0.452452 
test_loss: 0.456299 
train_loss: 0.457614 
test_loss: 0.454186 
train_loss: 0.447425 
test_loss: 0.45204 
train_loss: 0.453427 
test_loss: 0.449829 
train_loss: 0.450423 
test_loss: 0.447563 
train_loss: 0.443504 
test_loss: 0.445252 
train_loss: 0.44054 
test_loss: 0.442871 
train_loss: 0.435268 
test_loss: 0.440475 
train_loss: 0.434939 
test_loss: 0.437992 
train_loss: 0.432749 
test_loss: 0.435447 
train_loss: 0.427558 
test_loss: 0.432894 
train_loss: 0.430749 
test_loss: 0.430261 
train_loss: 0.420347 
test_loss: 0.427593 
train_loss: 0.423253 
test_loss: 0.424882 
train_loss: 0.425135 
test_loss: 0.42209 
train_loss: 0.418438 
test_loss: 0.419276 
train_loss: 0.414977 
test_loss: 0.416435 
train_loss: 0.413268 
test_loss: 0.413528 
train_loss: 0.410786 
test_loss: 0.41059 
train_loss: 0.410789 
test_loss: 0.407603 
train_loss: 0.403587 
test_loss: 0.404586 
train_loss: 0.398633 
test_loss: 0.401514 
train_loss: 0.401926 
test_loss: 0.39844 
train_loss: 0.390392 
test_loss: 0.395313 
train_loss: 0.391063 
test_loss: 0.392119 
train_loss: 0.387243 
test_loss: 0.388917 
train_loss: 0.385889 
test_loss: 0.385661 
train_loss: 0.377937 
test_loss: 0.38235 
train_loss: 0.379103 
test_loss: 0.378999 
train_loss: 0.373857 
test_loss: 0.375601 
train_loss: 0.375006 
test_loss: 0.372155 
train_loss: 0.366463 
test_loss: 0.368663 
train_loss: 0.36156 
test_loss: 0.3651 
train_loss: 0.362094 
test_loss: 0.361492 
train_loss: 0.357025 
test_loss: 0.357823 
train_loss: 0.358148 
test_loss: 0.354093 
train_loss: 0.355888 
test_loss: 0.350317 
train_loss: 0.341449 
test_loss: 0.346479 
train_loss: 0.343524 
test_loss: 0.34257 
train_loss: 0.339647 
test_loss: 0.338621 
train_loss: 0.336756 
test_loss: 0.334634 
train_loss: 0.329004 
test_loss: 0.330602 
train_loss: 0.328943 
test_loss: 0.326503 
train_loss: 0.320707 
test_loss: 0.322367 
train_loss: 0.318773 
test_loss: 0.318201 
train_loss: 0.313669 
test_loss: 0.31398 
train_loss: 0.309386 
test_loss: 0.309724 
train_loss: 0.306558 
test_loss: 0.305436 
train_loss: 0.303884 
test_loss: 0.301122 
train_loss: 0.294838 
test_loss: 0.296767 
train_loss: 0.29197 
test_loss: 0.292393 
train_loss: 0.287636 
test_loss: 0.287991 
train_loss: 0.284247 
test_loss: 0.283533 
train_loss: 0.279226 
test_loss: 0.279049 
train_loss: 0.274107 
test_loss: 0.274498 
train_loss: 0.269312 
test_loss: 0.269911 
train_loss: 0.264743 
test_loss: 0.26527 
train_loss: 0.261059 
test_loss: 0.260537 
train_loss: 0.254887 
test_loss: 0.255739 
train_loss: 0.251061 
test_loss: 0.250841 
train_loss: 0.245873 
test_loss: 0.245861 
train_loss: 0.243909 
test_loss: 0.240759 
train_loss: 0.232339 
test_loss: 0.235558 
train_loss: 0.228952 
test_loss: 0.230222 
train_loss: 0.222814 
test_loss: 0.224732 
train_loss: 0.219037 
test_loss: 0.219094 
train_loss: 0.212967 
test_loss: 0.213269 
train_loss: 0.208625 
test_loss: 0.207261 
train_loss: 0.198626 
test_loss: 0.201012 
train_loss: 0.193807 
test_loss: 0.194564 
train_loss: 0.190104 
test_loss: 0.187862 
train_loss: 0.179022 
test_loss: 0.180908 
train_loss: 0.173047 
test_loss: 0.17373 
train_loss: 0.166516 
test_loss: 0.16634 
train_loss: 0.159428 
test_loss: 0.1588 
train_loss: 0.14928 
test_loss: 0.151155 
train_loss: 0.140668 
test_loss: 0.143525 
train_loss: 0.134781 
test_loss: 0.136024 
train_loss: 0.127251 
test_loss: 0.128817 
train_loss: 0.121659 
test_loss: 0.121967 
train_loss: 0.115244 
test_loss: 0.115574 
train_loss: 0.110799 
test_loss: 0.109695 
train_loss: 0.102898 
test_loss: 0.104311 
train_loss: 0.0982589 
test_loss: 0.0994142 
train_loss: 0.0952514 
test_loss: 0.0949487 
train_loss: 0.0913143 
test_loss: 0.0908792 
train_loss: 0.0878995 
test_loss: 0.0871592 
train_loss: 0.0841392 
test_loss: 0.0837708 
train_loss: 0.0806083 
test_loss: 0.0806814 
train_loss: 0.0783617 
test_loss: 0.0778814 
train_loss: 0.0746428 
test_loss: 0.0753407 
train_loss: 0.0725493 
test_loss: 0.0730434 
train_loss: 0.0704993 
test_loss: 0.0709695 
train_loss: 0.0700542 
test_loss: 0.0691043 
train_loss: 0.0671747 
test_loss: 0.067412 
train_loss: 0.0654476 
test_loss: 0.0658868 
train_loss: 0.0649577 
test_loss: 0.0644987 
train_loss: 0.063256 
test_loss: 0.0632573 
train_loss: 0.062382 
test_loss: 0.0621344 
train_loss: 0.061556 
test_loss: 0.0611175 
train_loss: 0.0607107 
test_loss: 0.0602069 
train_loss: 0.058998 
test_loss: 0.0593791 
train_loss: 0.0586179 
test_loss: 0.0586393 
train_loss: 0.05863 
test_loss: 0.0579648 
train_loss: 0.0577623 
test_loss: 0.0573753 
train_loss: 0.0570079 
test_loss: 0.0568363 
train_loss: 0.0567227 
test_loss: 0.0563641 
train_loss: 0.0554595 
test_loss: 0.0559304 
train_loss: 0.0556395 
test_loss: 0.0555416 
train_loss: 0.0547352 
test_loss: 0.0552109 
train_loss: 0.0551851 
test_loss: 0.0548927 
train_loss: 0.0552208 
test_loss: 0.0546247 
train_loss: 0.0543984 
test_loss: 0.0543754 
train_loss: 0.053746 
test_loss: 0.0541588 
train_loss: 0.0534844 
test_loss: 0.0539754 
train_loss: 0.0535743 
test_loss: 0.0538068 
train_loss: 0.0538781 
test_loss: 0.0536551 
train_loss: 0.0539345 
test_loss: 0.0535206 
train_loss: 0.0541702 
test_loss: 0.0534007 
train_loss: 0.0537024 
test_loss: 0.0533097 
train_loss: 0.0537083 
test_loss: 0.0532172 
train_loss: 0.0528535 
test_loss: 0.053124 
train_loss: 0.053533 
test_loss: 0.0530517 
train_loss: 0.0528015 
test_loss: 0.0529913 
train_loss: 0.0528609 
test_loss: 0.0529329 
train_loss: 0.0526281 
test_loss: 0.052881 
train_loss: 0.0528993 
test_loss: 0.0528349 
train_loss: 0.0534628 
test_loss: 0.0527928 
train_loss: 0.0529427 
test_loss: 0.0527465 
train_loss: 0.0529875 
test_loss: 0.0527055 
train_loss: 0.0529769 
test_loss: 0.0526652 
train_loss: 0.0527691 
test_loss: 0.0526354 
train_loss: 0.0524334 
test_loss: 0.0526053 
train_loss: 0.0530766 
test_loss: 0.0525604 
train_loss: 0.0527561 
test_loss: 0.0525423 
train_loss: 0.0527953 
test_loss: 0.0524963 
train_loss: 0.0523046 
test_loss: 0.0524649 
train_loss: 0.0524155 
test_loss: 0.0524518 
train_loss: 0.0527233 
test_loss: 0.0524019 
train_loss: 0.0527141 
test_loss: 0.0523773 
train_loss: 0.0526015 
test_loss: 0.052343 
train_loss: 0.0518287 
test_loss: 0.0523159 
train_loss: 0.0525697 
test_loss: 0.05227 
train_loss: 0.05262 
test_loss: 0.0522183 
train_loss: 0.0518791 
test_loss: 0.0521876 
train_loss: 0.0525517 
test_loss: 0.0521431 
train_loss: 0.0524619 
test_loss: 0.0520904 
train_loss: 0.0519259 
test_loss: 0.0520385 
train_loss: 0.0521566 
test_loss: 0.0519824 
train_loss: 0.0523727 
test_loss: 0.0519486 
train_loss: 0.05171 
test_loss: 0.0518839 
train_loss: 0.0516232 
test_loss: 0.0517926 
train_loss: 0.0520319 
test_loss: 0.0517285 
train_loss: 0.0516798 
test_loss: 0.0516288 
train_loss: 0.0519748 
test_loss: 0.051539 
train_loss: 0.0510183 
test_loss: 0.0514343 
train_loss: 0.0520793 
test_loss: 0.0513127 
train_loss: 0.0520744 
test_loss: 0.0511974 
train_loss: 0.0508018 
test_loss: 0.0510566 
train_loss: 0.0517358 
test_loss: 0.0508698 
train_loss: 0.050515 
test_loss: 0.0506682 
train_loss: 0.0508196 
test_loss: 0.0504975 
train_loss: 0.0501128 
test_loss: 0.0502324 
train_loss: 0.0503596 
test_loss: 0.0499818 
train_loss: 0.0506624 
test_loss: 0.0497154 
train_loss: 0.0496026 
test_loss: 0.0494168 
train_loss: 0.0498583 
test_loss: 0.0491389 
train_loss: 0.0488256 
test_loss: 0.0487954 
train_loss: 0.0482403 
test_loss: 0.0483825 
train_loss: 0.0484752 
test_loss: 0.0479855 
train_loss: 0.0472308 
test_loss: 0.0475016 
train_loss: 0.0474228 
test_loss: 0.0469957 
train_loss: 0.0462859 
test_loss: 0.0464065 
train_loss: 0.0459209 
test_loss: 0.0457839 
train_loss: 0.0454883 
test_loss: 0.0450672 
train_loss: 0.044249 
test_loss: 0.0442909 
train_loss: 0.0435204 
test_loss: 0.0433692 
train_loss: 0.0423349 
test_loss: 0.0424131 
train_loss: 0.0416067 
test_loss: 0.0412917 
train_loss: 0.0397227 
test_loss: 0.0400929 
train_loss: 0.0392552 
test_loss: 0.0388017 
train_loss: 0.0370113 
test_loss: 0.0373872 
train_loss: 0.0354254 
test_loss: 0.0359116 
train_loss: 0.0344957 
test_loss: 0.0344197 
train_loss: 0.03305 
test_loss: 0.0329452 
train_loss: 0.0310371 
test_loss: 0.0315013 
train_loss: 0.030058 
test_loss: 0.0301663 
train_loss: 0.0288307 
test_loss: 0.0288741 
train_loss: 0.0277007 
test_loss: 0.0276041 
train_loss: 0.0263522 
test_loss: 0.0263936 
train_loss: 0.0250418 
test_loss: 0.0252356 
train_loss: 0.0241341 
test_loss: 0.0241135 
train_loss: 0.0229893 
test_loss: 0.0229714 
train_loss: 0.0219641 
test_loss: 0.0218727 
train_loss: 0.0207588 
test_loss: 0.0207411 
train_loss: 0.0191455 
test_loss: 0.019681 
train_loss: 0.0186641 
test_loss: 0.0187603 
train_loss: 0.0178013 
test_loss: 0.017897 
train_loss: 0.017002 
test_loss: 0.017056 
train_loss: 0.0160715 
test_loss: 0.0162752 
train_loss: 0.0154492 
test_loss: 0.0155826 
train_loss: 0.0148075 
test_loss: 0.0148898 
train_loss: 0.0143441 
test_loss: 0.0142566 
train_loss: 0.0137344 
test_loss: 0.0137251 
train_loss: 0.0131322 
test_loss: 0.0130934 
train_loss: 0.0125401 
test_loss: 0.012745 
train_loss: 0.0124175 
test_loss: 0.012164 
train_loss: 0.0116287 
test_loss: 0.0116102 
train_loss: 0.0113379 
test_loss: 0.0112632 
train_loss: 0.0108898 
test_loss: 0.0108284 
train_loss: 0.0105543 
test_loss: 0.01047 
train_loss: 0.0102413 
test_loss: 0.0101625 
train_loss: 0.00991474 
test_loss: 0.0098536 
train_loss: 0.00946943 
test_loss: 0.00959371 
train_loss: 0.00932205 
test_loss: 0.0092593 
train_loss: 0.0090421 
test_loss: 0.00906025 
train_loss: 0.00885223 
test_loss: 0.00885167 
train_loss: 0.00855469 
test_loss: 0.00859172 
train_loss: 0.00845117 
test_loss: 0.00844635 
train_loss: 0.00820446 
test_loss: 0.00822505 
train_loss: 0.00799507 
test_loss: 0.00805419 
train_loss: 0.00786687 
test_loss: 0.00797087 
train_loss: 0.00777615 
test_loss: 0.00780513 
train_loss: 0.00764479 
test_loss: 0.00762351 
train_loss: 0.00754511 
test_loss: 0.0075593 
train_loss: 0.00741782 
test_loss: 0.00740551 
train_loss: 0.00724328 
test_loss: 0.00728798 
train_loss: 0.00723337 
test_loss: 0.00718984 
train_loss: 0.0070862 
test_loss: 0.0070806 
train_loss: 0.00685116 
test_loss: 0.00700293 
train_loss: 0.00692656 
test_loss: 0.00697904 
train_loss: 0.00682979 
test_loss: 0.00682853 
train_loss: 0.00686103 
test_loss: 0.00679951 
train_loss: 0.00674548 
test_loss: 0.00669592 
train_loss: 0.00655297 
test_loss: 0.00679829 
train_loss: 0.00654908 
test_loss: 0.00657581 
train_loss: 0.00656088 
test_loss: 0.00647918 
train_loss: 0.00652254 
test_loss: 0.00643497 
train_loss: 0.00632021 
test_loss: 0.00634275 
train_loss: 0.00635232 
test_loss: 0.00630983 
train_loss: 0.00648301 
test_loss: 0.00627898 
train_loss: 0.00625453 
test_loss: 0.00620406 
train_loss: 0.0059903 
test_loss: 0.00614849 
train_loss: 0.00603853 
test_loss: 0.00607859 
train_loss: 0.00606886 
test_loss: 0.00602608 
train_loss: 0.00588039 
test_loss: 0.00599052 
train_loss: 0.00597592 
test_loss: 0.00595211 
train_loss: 0.00579584 
test_loss: 0.0059185 
train_loss: 0.00577333 
test_loss: 0.005832 
train_loss: 0.00568716 
test_loss: 0.00573778 
train_loss: 0.00567464 
test_loss: 0.00576414 
train_loss: 0.00564719 
test_loss: 0.00577276 
train_loss: 0.00562918 
test_loss: 0.00572304 
train_loss: 0.00549971 
test_loss: 0.00549753 
train_loss: 0.00545961 
test_loss: 0.00541395 
train_loss: 0.00536926 
test_loss: 0.00539153 
train_loss: 0.00528417 
test_loss: 0.00524693 
train_loss: 0.00528956 
test_loss: 0.0052745 
train_loss: 0.00496738 
test_loss: 0.00507169 
train_loss: 0.00526925 
test_loss: 0.00523559 
train_loss: 0.00490592 
test_loss: 0.00499709 
train_loss: 0.00477461 
test_loss: 0.00480723 
train_loss: 0.00489066 
test_loss: 0.00474215 
train_loss: 0.00462378 
test_loss: 0.00460731 
train_loss: 0.00440772 
test_loss: 0.00445262 
train_loss: 0.00466928 
test_loss: 0.00491718 
train_loss: 0.00420446 
test_loss: 0.0042556 
train_loss: 0.00418053 
test_loss: 0.00428281 
train_loss: 0.00424243 
test_loss: 0.00413866 
train_loss: 0.00405196 
test_loss: 0.00416762 
train_loss: 0.00394236 
test_loss: 0.00384679 
train_loss: 0.0038589 
test_loss: 0.00380883 
train_loss: 0.00372056 
test_loss: 0.0036811 
train_loss: 0.00390178 
test_loss: 0.00374626 
train_loss: 0.00338063 
test_loss: 0.00351442 
train_loss: 0.00340943 
test_loss: 0.0034978 
train_loss: 0.00354165 
test_loss: 0.00342035 
train_loss: 0.00329102 
test_loss: 0.0033011 
train_loss: 0.00318358 
test_loss: 0.00322453 
train_loss: 0.00358412 
test_loss: 0.00390135 
train_loss: 0.00310514 
test_loss: 0.00334999 
train_loss: 0.00340313 
test_loss: 0.0033394 
train_loss: 0.00324139 
test_loss: 0.00317354 
train_loss: 0.00295136 
test_loss: 0.00300429 
train_loss: 0.00299457 
test_loss: 0.00339621 
train_loss: 0.0029113 
test_loss: 0.00295635 
train_loss: 0.00293454 
test_loss: 0.00301964 
train_loss: 0.00303303 
test_loss: 0.0029096 
train_loss: 0.00272708 
test_loss: 0.0028343 
train_loss: 0.00285813 
test_loss: 0.00281368 
train_loss: 0.00312745 
test_loss: 0.00331601 
train_loss: 0.0029751 
test_loss: 0.00283371 
train_loss: 0.0030252 
test_loss: 0.00284266 
train_loss: 0.0026692 
test_loss: 0.00274155 
train_loss: 0.00295421 
test_loss: 0.00315926 
train_loss: 0.00264279 
test_loss: 0.00265749 
train_loss: 0.00276751 
test_loss: 0.00265039 
train_loss: 0.00268496 
test_loss: 0.0028615 
train_loss: 0.00251214 
test_loss: 0.00257919 
train_loss: 0.00258393 
test_loss: 0.00261894 
train_loss: 0.00246321 
test_loss: 0.00251584 
train_loss: 0.00249444 
test_loss: 0.00271174 
train_loss: 0.00247303 
test_loss: 0.00255018 
train_loss: 0.00279027 
test_loss: 0.0025639 
train_loss: 0.00283506 
test_loss: 0.00271422 
train_loss: 0.00258107 
test_loss: 0.0025117 
train_loss: 0.00254375 
test_loss: 0.00250705 
train_loss: 0.00257577 
test_loss: 0.00285019 
train_loss: 0.0026395 
test_loss: 0.00262911 
train_loss: 0.00264978 
test_loss: 0.00264287 
train_loss: 0.00266784 
test_loss: 0.00248761 
train_loss: 0.00260212 
test_loss: 0.0027134 
