train_loss: 0.549776 
test_loss: 0.561987 
train_loss: 0.526953 
test_loss: 0.543836 
train_loss: 0.505633 
test_loss: 0.521796 
train_loss: 0.488183 
test_loss: 0.496432 
train_loss: 0.47124 
test_loss: 0.467167 
train_loss: 0.43095 
test_loss: 0.43325 
train_loss: 0.394273 
test_loss: 0.39371 
train_loss: 0.34568 
test_loss: 0.348479 
train_loss: 0.299783 
test_loss: 0.296597 
train_loss: 0.23533 
test_loss: 0.237272 
train_loss: 0.168882 
test_loss: 0.169882 
train_loss: 0.102157 
test_loss: 0.101302 
train_loss: 0.0650064 
test_loss: 0.0628463 
train_loss: 0.0541736 
test_loss: 0.0545243 
train_loss: 0.0550126 
test_loss: 0.0523874 
train_loss: 0.0513239 
test_loss: 0.0514331 
train_loss: 0.0491881 
test_loss: 0.0504237 
train_loss: 0.0490971 
test_loss: 0.0487024 
train_loss: 0.0475796 
test_loss: 0.0468291 
train_loss: 0.0427139 
test_loss: 0.0437848 
train_loss: 0.0395801 
test_loss: 0.0391752 
train_loss: 0.029729 
test_loss: 0.0310245 
train_loss: 0.0219773 
test_loss: 0.0226435 
train_loss: 0.0153794 
test_loss: 0.0157299 
train_loss: 0.0113661 
test_loss: 0.0115068 
train_loss: 0.00899248 
test_loss: 0.00885243 
train_loss: 0.00791175 
test_loss: 0.00725654 
train_loss: 0.00622967 
test_loss: 0.00613757 
train_loss: 0.0057386 
test_loss: 0.00557063 
train_loss: 0.00450575 
test_loss: 0.00448888 
train_loss: 0.0043933 
test_loss: 0.00437121 
train_loss: 0.00358657 
test_loss: 0.00398877 
train_loss: 0.00361946 
test_loss: 0.00368859 
train_loss: 0.00341586 
test_loss: 0.0035287 
train_loss: 0.00381838 
test_loss: 0.003519 
train_loss: 0.00334042 
test_loss: 0.00386166 
train_loss: 0.00362226 
test_loss: 0.00355339 
train_loss: 0.00342576 
test_loss: 0.0039661 
train_loss: 0.00413193 
test_loss: 0.00387031 
train_loss: 0.00353362 
test_loss: 0.00344808 
train_loss: 0.00376769 
test_loss: 0.00314 
train_loss: 0.00304684 
test_loss: 0.00366243 
train_loss: 0.00338138 
test_loss: 0.0031957 
train_loss: 0.0031633 
test_loss: 0.00332179 
train_loss: 0.00320952 
test_loss: 0.00345157 
train_loss: 0.00258492 
test_loss: 0.00295489 
train_loss: 0.00291756 
test_loss: 0.00266357 
train_loss: 0.00343569 
test_loss: 0.00351746 
train_loss: 0.00298571 
test_loss: 0.00281407 
train_loss: 0.00264096 
test_loss: 0.00266074 
train_loss: 0.00298877 
test_loss: 0.00267764 
train_loss: 0.00283847 
test_loss: 0.0028316 
train_loss: 0.0030738 
test_loss: 0.00286203 
train_loss: 0.00262158 
test_loss: 0.00249866 
train_loss: 0.00292887 
test_loss: 0.00262739 
train_loss: 0.00235839 
test_loss: 0.00266816 
train_loss: 0.00261729 
test_loss: 0.0024705 
train_loss: 0.00260373 
test_loss: 0.00264648 
train_loss: 0.00216262 
test_loss: 0.00226722 
train_loss: 0.00234589 
test_loss: 0.00262796 
train_loss: 0.0021447 
test_loss: 0.00217416 
train_loss: 0.00272992 
test_loss: 0.00214605 
train_loss: 0.00225748 
test_loss: 0.00222603 
train_loss: 0.00226668 
test_loss: 0.00232932 
train_loss: 0.00203622 
test_loss: 0.00225699 
train_loss: 0.00185619 
test_loss: 0.00179244 
train_loss: 0.00204064 
test_loss: 0.00226249 
train_loss: 0.00187542 
test_loss: 0.00187424 
train_loss: 0.00181317 
test_loss: 0.0019897 
train_loss: 0.00201198 
test_loss: 0.00195968 
train_loss: 0.00234167 
test_loss: 0.00200348 
train_loss: 0.00187101 
test_loss: 0.00201808 
train_loss: 0.00164903 
test_loss: 0.00191499 
train_loss: 0.00178758 
test_loss: 0.00201344 
train_loss: 0.00179819 
test_loss: 0.00202263 
train_loss: 0.00187933 
test_loss: 0.00184376 
train_loss: 0.00171316 
test_loss: 0.00181492 
train_loss: 0.00209408 
test_loss: 0.0020086 
train_loss: 0.00209354 
test_loss: 0.00221095 
train_loss: 0.0018407 
test_loss: 0.00176475 
train_loss: 0.00191157 
test_loss: 0.0018921 
train_loss: 0.0017955 
test_loss: 0.00182643 
train_loss: 0.00184127 
test_loss: 0.00185243 
train_loss: 0.00168295 
test_loss: 0.00179719 
train_loss: 0.00175117 
test_loss: 0.00171743 
train_loss: 0.00183896 
test_loss: 0.00220141 
train_loss: 0.00225293 
test_loss: 0.00226979 
train_loss: 0.00163621 
test_loss: 0.0018174 
train_loss: 0.00182239 
test_loss: 0.00198744 
train_loss: 0.00186134 
test_loss: 0.00200148 
train_loss: 0.00178795 
test_loss: 0.00180654 
train_loss: 0.0017038 
test_loss: 0.00190676 
train_loss: 0.00180353 
test_loss: 0.00201206 
train_loss: 0.00188998 
test_loss: 0.0019239 
train_loss: 0.00163519 
test_loss: 0.00160003 
train_loss: 0.00198947 
test_loss: 0.00159352 
train_loss: 0.00148535 
test_loss: 0.00171109 
train_loss: 0.00178472 
test_loss: 0.00188979 
train_loss: 0.00170213 
test_loss: 0.00189081 
train_loss: 0.00149511 
test_loss: 0.00158728 
train_loss: 0.00172386 
test_loss: 0.00177952 
train_loss: 0.0018178 
test_loss: 0.00152048 
train_loss: 0.0017259 
test_loss: 0.00180964 
train_loss: 0.00168775 
test_loss: 0.00162634 
train_loss: 0.0020502 
test_loss: 0.00160457 
train_loss: 0.00172914 
test_loss: 0.0018082 
train_loss: 0.00164489 
test_loss: 0.00152566 
train_loss: 0.00191547 
test_loss: 0.00192595 
train_loss: 0.00169693 
test_loss: 0.00176307 
train_loss: 0.00160046 
test_loss: 0.00156764 
train_loss: 0.00149535 
test_loss: 0.00168347 
train_loss: 0.00173462 
test_loss: 0.00180844 
train_loss: 0.00150281 
test_loss: 0.00158768 
train_loss: 0.00178362 
test_loss: 0.00170933 
train_loss: 0.0015359 
test_loss: 0.00170581 
train_loss: 0.00202304 
test_loss: 0.00174847 
train_loss: 0.00146067 
test_loss: 0.00145377 
train_loss: 0.00213618 
test_loss: 0.00202788 
train_loss: 0.00149844 
test_loss: 0.00161195 
train_loss: 0.00178517 
test_loss: 0.00162431 
train_loss: 0.00146613 
test_loss: 0.00165173 
train_loss: 0.00167862 
test_loss: 0.00172154 
train_loss: 0.00164759 
test_loss: 0.00171516 
train_loss: 0.00167734 
test_loss: 0.00149534 
train_loss: 0.00155312 
test_loss: 0.00161237 
train_loss: 0.00163806 
test_loss: 0.00188941 
train_loss: 0.00172674 
test_loss: 0.00199181 
train_loss: 0.00175925 
test_loss: 0.00162549 
train_loss: 0.00168892 
test_loss: 0.00165477 
train_loss: 0.00159098 
test_loss: 0.00158241 
train_loss: 0.00163515 
test_loss: 0.00161049 
train_loss: 0.00146171 
test_loss: 0.00153735 
train_loss: 0.00147336 
test_loss: 0.00136548 
train_loss: 0.00148448 
test_loss: 0.00163628 
train_loss: 0.00166654 
test_loss: 0.00179676 
train_loss: 0.0015725 
test_loss: 0.00150619 
train_loss: 0.00139396 
test_loss: 0.00137515 
train_loss: 0.00153906 
test_loss: 0.00136953 
train_loss: 0.00152574 
test_loss: 0.00145097 
train_loss: 0.00149578 
test_loss: 0.00150985 
train_loss: 0.00166122 
test_loss: 0.00152952 
train_loss: 0.00174778 
test_loss: 0.0019502 
train_loss: 0.00156943 
test_loss: 0.00155828 
train_loss: 0.00196788 
test_loss: 0.00152809 
train_loss: 0.00139758 
test_loss: 0.00127789 
train_loss: 0.00156986 
test_loss: 0.00181736 
train_loss: 0.00157217 
test_loss: 0.00157661 
train_loss: 0.00149752 
test_loss: 0.0014674 
train_loss: 0.00191799 
test_loss: 0.00150075 
train_loss: 0.00175628 
test_loss: 0.0018709 
train_loss: 0.0017595 
test_loss: 0.00165489 
