train_loss: 0.045923 
test_loss: 0.045270 
train_loss: 0.024303 
test_loss: 0.024110 
train_loss: 0.011966 
test_loss: 0.012731 
train_loss: 0.008980 
test_loss: 0.010248 
train_loss: 0.008665 
test_loss: 0.008186 
train_loss: 0.007452 
test_loss: 0.006660 
train_loss: 0.007043 
test_loss: 0.006191 
train_loss: 0.005530 
test_loss: 0.006545 
train_loss: 0.005257 
test_loss: 0.006491 
train_loss: 0.004744 
test_loss: 0.005176 
train_loss: 0.005372 
test_loss: 0.006319 
train_loss: 0.005427 
test_loss: 0.004881 
train_loss: 0.004646 
test_loss: 0.005590 
train_loss: 0.004822 
test_loss: 0.005587 
train_loss: 0.004513 
test_loss: 0.004830 
train_loss: 0.005313 
test_loss: 0.004576 
train_loss: 0.004360 
test_loss: 0.003869 
train_loss: 0.004568 
test_loss: 0.004934 
train_loss: 0.004817 
test_loss: 0.004489 
train_loss: 0.003749 
test_loss: 0.004179 
train_loss: 0.004673 
test_loss: 0.004090 
train_loss: 0.004592 
test_loss: 0.003767 
train_loss: 0.004973 
test_loss: 0.005456 
train_loss: 0.003340 
test_loss: 0.005059 
train_loss: 0.004844 
test_loss: 0.004820 
train_loss: 0.004416 
test_loss: 0.004890 
train_loss: 0.006709 
test_loss: 0.005186 
train_loss: 0.005600 
test_loss: 0.005135 
train_loss: 0.004157 
test_loss: 0.007326 
train_loss: 0.004272 
test_loss: 0.005148 
train_loss: 0.003803 
test_loss: 0.005109 
