train_loss: 985.443 
test_loss: 1036.83 
train_loss: 1761.38 
test_loss: 1000.53 
train_loss: 5.71817 
test_loss: 7.58503 
train_loss: 7.18258 
test_loss: 7.53619 
train_loss: 7.37452 
test_loss: 7.58932 
train_loss: 7.35398 
test_loss: 7.61798 
train_loss: 7.10501 
test_loss: 7.61373 
train_loss: 6.98146 
test_loss: 7.58486 
train_loss: 6.82641 
test_loss: 7.59578 
train_loss: 6.72312 
test_loss: 7.55735 
train_loss: 10.0238 
test_loss: 7.54573 
train_loss: 7.70605 
test_loss: 7.56677 
train_loss: 6.7154 
test_loss: 7.49656 
train_loss: 6.10832 
test_loss: 7.63065 
train_loss: 10.4347 
test_loss: 7.6328 
train_loss: 5.70889 
test_loss: 7.59018 
train_loss: 7.76891 
test_loss: 7.51882 
train_loss: 7.5199 
test_loss: 7.58411 
train_loss: 7.32855 
test_loss: 7.54336 
train_loss: 5.64333 
test_loss: 7.53378 
train_loss: 7.1871 
test_loss: 7.54945 
