train_loss: 6.75193 
test_loss: 5.64145 
train_loss: 6.7468 
test_loss: 5.6097 
train_loss: 3.85682 
test_loss: 5.57587 
train_loss: 4.64441 
test_loss: 5.54314 
train_loss: 6.13155 
test_loss: 5.50594 
train_loss: 6.52699 
test_loss: 5.40033 
train_loss: 4.05263 
test_loss: 5.38626 
train_loss: 5.08009 
test_loss: 5.26685 
train_loss: 6.23428 
test_loss: 5.17267 
train_loss: 5.79195 
test_loss: 5.04117 
train_loss: 5.27677 
test_loss: 4.87456 
train_loss: 3.63302 
test_loss: 4.6963 
train_loss: 4.43475 
test_loss: 4.47877 
train_loss: 4.1433 
test_loss: 4.26289 
train_loss: 4.21389 
test_loss: 4.00403 
train_loss: 3.79135 
test_loss: 3.71775 
train_loss: 3.20318 
test_loss: 3.41207 
train_loss: 2.69157 
test_loss: 3.15429 
train_loss: 2.82491 
test_loss: 2.86872 
train_loss: 2.83759 
test_loss: 2.57782 
train_loss: 2.40116 
test_loss: 2.30115 
train_loss: 2.03782 
test_loss: 2.03001 
train_loss: 1.88207 
test_loss: 1.78633 
train_loss: 1.94368 
test_loss: 1.56382 
train_loss: 1.51851 
test_loss: 1.34934 
train_loss: 1.02094 
test_loss: 1.15193 
train_loss: 0.976601 
test_loss: 0.967731 
train_loss: 0.70142 
test_loss: 0.803442 
train_loss: 0.797827 
test_loss: 0.68103 
train_loss: 0.581865 
test_loss: 0.584374 
train_loss: 0.485686 
test_loss: 0.497086 
train_loss: 0.412661 
test_loss: 0.417545 
train_loss: 0.348437 
test_loss: 0.350211 
train_loss: 0.305073 
test_loss: 0.300858 
train_loss: 0.256522 
test_loss: 0.27224 
train_loss: 0.234786 
test_loss: 0.261893 
train_loss: 0.24845 
test_loss: 0.251723 
train_loss: 0.279859 
test_loss: 0.251889 
train_loss: 0.23287 
test_loss: 0.257402 
train_loss: 0.231503 
test_loss: 0.247881 
train_loss: 0.259103 
test_loss: 0.255863 
train_loss: 0.250268 
test_loss: 0.246339 
train_loss: 0.22421 
test_loss: 0.238785 
train_loss: 0.294629 
test_loss: 0.234687 
train_loss: 0.168864 
test_loss: 0.185577 
train_loss: 0.211163 
test_loss: 0.209645 
train_loss: 0.16129 
test_loss: 0.150412 
train_loss: 0.164385 
test_loss: 0.143108 
train_loss: 0.129897 
test_loss: 0.132856 
train_loss: 0.13664 
test_loss: 0.139427 
train_loss: 0.143587 
test_loss: 0.143913 
train_loss: 0.139877 
test_loss: 0.130982 
train_loss: 0.0983639 
test_loss: 0.103081 
train_loss: 0.10389 
test_loss: 0.112212 
train_loss: 0.11005 
test_loss: 0.108428 
train_loss: 0.0982035 
test_loss: 0.0987191 
train_loss: 0.106655 
test_loss: 0.113503 
train_loss: 0.120516 
test_loss: 0.106991 
train_loss: 0.113048 
test_loss: 0.108164 
train_loss: 0.115047 
test_loss: 0.109577 
train_loss: 0.0930451 
test_loss: 0.0999511 
train_loss: 0.0909764 
test_loss: 0.0945026 
train_loss: 0.0875059 
test_loss: 0.0956431 
train_loss: 0.0900362 
test_loss: 0.0935922 
train_loss: 0.109131 
test_loss: 0.115631 
train_loss: 0.0926196 
test_loss: 0.101495 
train_loss: 0.111905 
test_loss: 0.109617 
train_loss: 0.0912828 
test_loss: 0.0917898 
train_loss: 0.0986942 
test_loss: 0.088591 
train_loss: 0.105273 
test_loss: 0.0865899 
train_loss: 0.0728809 
test_loss: 0.0812362 
train_loss: 0.0865635 
test_loss: 0.0912068 
train_loss: 0.0760231 
test_loss: 0.0773144 
train_loss: 0.0836524 
test_loss: 0.0893919 
train_loss: 0.077557 
test_loss: 0.0765764 
train_loss: 0.0910299 
test_loss: 0.0805276 
train_loss: 0.0938629 
test_loss: 0.0777871 
train_loss: 0.0679815 
test_loss: 0.0763008 
train_loss: 0.0795458 
test_loss: 0.0834154 
train_loss: 0.0908614 
test_loss: 0.068418 
train_loss: 0.0805455 
test_loss: 0.0821641 
