train_loss: 2.04048 
test_loss: 2.71187 
train_loss: 1.99852 
test_loss: 1.99994 
train_loss: 1.99858 
test_loss: 2.03102 
train_loss: 1.99978 
test_loss: 1.99844 
train_loss: 1.99951 
test_loss: 2.00892 
train_loss: 1.99622 
test_loss: 1.99961 
train_loss: 1.99888 
test_loss: 2.00362 
train_loss: 1.99808 
test_loss: 2.00028 
train_loss: 1.99599 
test_loss: 2.10081 
train_loss: 1.99867 
test_loss: 2.21359 
train_loss: 1.99958 
test_loss: 1.99913 
train_loss: 1.99884 
test_loss: 1.99861 
train_loss: 1.99974 
test_loss: 2.00011 
train_loss: 1.99952 
test_loss: 2.00458 
train_loss: 1.99955 
test_loss: 1.99891 
train_loss: 1.99971 
test_loss: 2.00422 
train_loss: 1.99689 
test_loss: 1.99834 
train_loss: 1.99947 
test_loss: 1.99972 
train_loss: 1.99654 
test_loss: 1.9989 
train_loss: 1.99839 
test_loss: 1.99866 
train_loss: 1.99847 
test_loss: 2.00032 
train_loss: 1.99695 
test_loss: 1.99828 
train_loss: 1.99673 
test_loss: 2.00259 
train_loss: 1.9987 
test_loss: 2.00236 
train_loss: 1.9971 
test_loss: 2.00093 
train_loss: 1.99787 
test_loss: 2.00027 
train_loss: 1.99985 
test_loss: 2.00307 
train_loss: 1.99826 
test_loss: 1.99845 
train_loss: 1.99828 
test_loss: 1.99977 
train_loss: 1.99906 
test_loss: 1.99989 
train_loss: 1.99626 
test_loss: 1.99883 
train_loss: 1.9991 
test_loss: 1.99931 
train_loss: 1.99887 
test_loss: 1.99826 
train_loss: 1.99924 
test_loss: 1.99868 
train_loss: 1.99836 
test_loss: 1.99934 
train_loss: 1.99625 
test_loss: 2.01106 
train_loss: 1.99703 
test_loss: 1.99836 
train_loss: 1.99748 
test_loss: 1.99874 
train_loss: 2.02488 
test_loss: 1.99841 
train_loss: 1.99814 
test_loss: 1.99854 
train_loss: 1.99525 
test_loss: 2.00802 
train_loss: 1.9984 
test_loss: 2.00711 
train_loss: 1.99798 
test_loss: 1.99841 
train_loss: 1.99782 
test_loss: 1.99867 
train_loss: 1.99841 
test_loss: 2.00907 
train_loss: 1.99789 
test_loss: 1.999 
train_loss: 1.99802 
test_loss: 1.99911 
train_loss: 1.99951 
test_loss: 1.99962 
train_loss: 1.9978 
test_loss: 2.05515 
train_loss: 1.99622 
test_loss: 1.99873 
train_loss: 1.99853 
test_loss: 1.99816 
