train_loss: 0.545657 
test_loss: 0.543712 
train_loss: 0.538966 
test_loss: 0.53789 
train_loss: 0.528625 
test_loss: 0.531313 
train_loss: 0.516513 
test_loss: 0.523732 
train_loss: 0.516668 
test_loss: 0.516271 
train_loss: 0.507752 
test_loss: 0.509475 
train_loss: 0.505346 
test_loss: 0.502497 
train_loss: 0.497422 
test_loss: 0.495164 
train_loss: 0.489324 
test_loss: 0.487427 
train_loss: 0.485263 
test_loss: 0.479317 
train_loss: 0.474714 
test_loss: 0.470792 
train_loss: 0.463252 
test_loss: 0.461838 
train_loss: 0.455093 
test_loss: 0.452432 
train_loss: 0.446106 
test_loss: 0.442611 
train_loss: 0.432069 
test_loss: 0.43243 
train_loss: 0.424902 
test_loss: 0.42191 
train_loss: 0.409992 
test_loss: 0.411257 
train_loss: 0.402542 
test_loss: 0.400411 
train_loss: 0.392508 
test_loss: 0.389294 
train_loss: 0.379336 
test_loss: 0.377846 
train_loss: 0.362421 
test_loss: 0.366217 
train_loss: 0.358252 
test_loss: 0.354614 
train_loss: 0.341257 
test_loss: 0.343066 
train_loss: 0.332758 
test_loss: 0.33156 
train_loss: 0.32248 
test_loss: 0.32001 
train_loss: 0.312734 
test_loss: 0.308479 
train_loss: 0.29489 
test_loss: 0.297085 
train_loss: 0.285515 
test_loss: 0.285891 
train_loss: 0.277722 
test_loss: 0.275034 
train_loss: 0.264413 
test_loss: 0.26455 
train_loss: 0.256216 
test_loss: 0.254538 
train_loss: 0.242404 
test_loss: 0.244983 
train_loss: 0.236038 
test_loss: 0.235892 
train_loss: 0.224213 
test_loss: 0.227295 
train_loss: 0.216144 
test_loss: 0.219138 
train_loss: 0.211367 
test_loss: 0.211409 
train_loss: 0.205229 
test_loss: 0.2041 
train_loss: 0.196249 
test_loss: 0.197187 
train_loss: 0.19017 
test_loss: 0.190641 
train_loss: 0.185639 
test_loss: 0.184486 
train_loss: 0.179871 
test_loss: 0.178681 
train_loss: 0.17248 
test_loss: 0.173191 
train_loss: 0.169652 
test_loss: 0.167999 
train_loss: 0.16468 
test_loss: 0.163079 
train_loss: 0.158489 
test_loss: 0.158422 
train_loss: 0.153883 
test_loss: 0.154006 
train_loss: 0.14989 
test_loss: 0.149855 
train_loss: 0.146458 
test_loss: 0.145927 
train_loss: 0.142454 
test_loss: 0.142231 
train_loss: 0.140265 
test_loss: 0.138772 
train_loss: 0.135747 
test_loss: 0.135545 
train_loss: 0.132369 
test_loss: 0.132542 
train_loss: 0.129539 
test_loss: 0.129747 
train_loss: 0.12426 
test_loss: 0.12716 
train_loss: 0.12544 
test_loss: 0.124774 
train_loss: 0.123204 
test_loss: 0.12258 
train_loss: 0.119764 
test_loss: 0.120556 
train_loss: 0.118584 
test_loss: 0.118705 
train_loss: 0.117011 
test_loss: 0.116999 
train_loss: 0.116709 
test_loss: 0.115448 
train_loss: 0.115414 
test_loss: 0.113996 
train_loss: 0.11361 
test_loss: 0.112675 
train_loss: 0.110794 
test_loss: 0.111479 
train_loss: 0.109394 
test_loss: 0.110372 
train_loss: 0.108853 
test_loss: 0.109357 
train_loss: 0.107784 
test_loss: 0.108441 
train_loss: 0.108292 
test_loss: 0.107582 
train_loss: 0.106026 
test_loss: 0.106797 
train_loss: 0.105101 
test_loss: 0.106067 
train_loss: 0.105541 
test_loss: 0.105427 
train_loss: 0.106062 
test_loss: 0.104808 
train_loss: 0.10354 
test_loss: 0.104247 
train_loss: 0.102727 
test_loss: 0.103762 
train_loss: 0.10353 
test_loss: 0.103287 
train_loss: 0.101927 
test_loss: 0.102857 
train_loss: 0.100859 
test_loss: 0.102458 
train_loss: 0.101193 
test_loss: 0.102103 
train_loss: 0.1011 
test_loss: 0.10177 
train_loss: 0.100437 
test_loss: 0.101476 
train_loss: 0.0999899 
test_loss: 0.101181 
train_loss: 0.0990095 
test_loss: 0.100933 
train_loss: 0.0997391 
test_loss: 0.100671 
train_loss: 0.100172 
test_loss: 0.100445 
train_loss: 0.1004 
test_loss: 0.10026 
train_loss: 0.0999141 
test_loss: 0.100042 
train_loss: 0.100254 
test_loss: 0.0998567 
train_loss: 0.100595 
test_loss: 0.0996939 
train_loss: 0.100714 
test_loss: 0.0995328 
train_loss: 0.09989 
test_loss: 0.0993868 
train_loss: 0.098434 
test_loss: 0.0992556 
train_loss: 0.0995757 
test_loss: 0.0990987 
train_loss: 0.0993279 
test_loss: 0.0989774 
train_loss: 0.0986851 
test_loss: 0.0988406 
train_loss: 0.0993869 
test_loss: 0.0987397 
train_loss: 0.0977248 
test_loss: 0.098635 
train_loss: 0.0983286 
test_loss: 0.0985397 
train_loss: 0.0984184 
test_loss: 0.0984365 
train_loss: 0.098099 
test_loss: 0.0983354 
train_loss: 0.0974976 
test_loss: 0.0982427 
train_loss: 0.0983574 
test_loss: 0.0981468 
train_loss: 0.0992398 
test_loss: 0.0980541 
train_loss: 0.0989806 
test_loss: 0.0979782 
train_loss: 0.0974995 
test_loss: 0.0978839 
train_loss: 0.098071 
test_loss: 0.0977848 
train_loss: 0.0969895 
test_loss: 0.0977092 
train_loss: 0.0968679 
test_loss: 0.0976193 
train_loss: 0.0972476 
test_loss: 0.0975265 
train_loss: 0.0967363 
test_loss: 0.0974663 
train_loss: 0.0972289 
test_loss: 0.0973568 
train_loss: 0.0970631 
test_loss: 0.0972527 
train_loss: 0.0963577 
test_loss: 0.0971358 
train_loss: 0.0973514 
test_loss: 0.0970296 
train_loss: 0.0964056 
test_loss: 0.0969199 
train_loss: 0.0980102 
test_loss: 0.096822 
train_loss: 0.0972323 
test_loss: 0.0966969 
train_loss: 0.0967699 
test_loss: 0.0965789 
train_loss: 0.0963874 
test_loss: 0.0964293 
train_loss: 0.09667 
test_loss: 0.0962866 
train_loss: 0.095567 
test_loss: 0.0961414 
train_loss: 0.0954002 
test_loss: 0.0960091 
train_loss: 0.0956241 
test_loss: 0.0958087 
train_loss: 0.0961226 
test_loss: 0.0956013 
train_loss: 0.095092 
test_loss: 0.095401 
train_loss: 0.0946308 
test_loss: 0.095191 
train_loss: 0.0954564 
test_loss: 0.0949669 
train_loss: 0.0948026 
test_loss: 0.0946437 
train_loss: 0.0933399 
test_loss: 0.0943609 
train_loss: 0.0929706 
test_loss: 0.093997 
train_loss: 0.0926235 
test_loss: 0.0935529 
train_loss: 0.0937013 
test_loss: 0.0930593 
train_loss: 0.0916345 
test_loss: 0.0924498 
train_loss: 0.0925389 
test_loss: 0.0916668 
train_loss: 0.0903871 
test_loss: 0.0906918 
train_loss: 0.08985 
test_loss: 0.0896103 
train_loss: 0.0874246 
test_loss: 0.0884781 
train_loss: 0.0891414 
test_loss: 0.0873459 
train_loss: 0.0861578 
test_loss: 0.0862386 
train_loss: 0.0865101 
test_loss: 0.0852688 
train_loss: 0.0840359 
test_loss: 0.0843439 
train_loss: 0.0837165 
test_loss: 0.0835614 
train_loss: 0.0833194 
test_loss: 0.0827582 
train_loss: 0.0817648 
test_loss: 0.0819639 
train_loss: 0.0809429 
test_loss: 0.0812463 
train_loss: 0.0806173 
test_loss: 0.0804707 
train_loss: 0.0794385 
test_loss: 0.0798141 
train_loss: 0.0793258 
test_loss: 0.0791793 
train_loss: 0.0777884 
test_loss: 0.0785178 
train_loss: 0.0780485 
test_loss: 0.0778366 
train_loss: 0.076385 
test_loss: 0.0772742 
train_loss: 0.0766498 
test_loss: 0.0766772 
train_loss: 0.075993 
test_loss: 0.0761379 
train_loss: 0.0756827 
test_loss: 0.0756134 
train_loss: 0.0752433 
test_loss: 0.0750801 
train_loss: 0.0741651 
test_loss: 0.07458 
train_loss: 0.0742849 
test_loss: 0.0741318 
train_loss: 0.0730079 
test_loss: 0.0735893 
train_loss: 0.0727925 
test_loss: 0.0731799 
train_loss: 0.0721142 
test_loss: 0.072702 
train_loss: 0.0715798 
test_loss: 0.0723331 
train_loss: 0.0719809 
test_loss: 0.0719147 
train_loss: 0.0717206 
test_loss: 0.0715099 
train_loss: 0.0709417 
test_loss: 0.0711441 
train_loss: 0.0707662 
test_loss: 0.0708455 
train_loss: 0.0708911 
test_loss: 0.0704079 
train_loss: 0.0693586 
test_loss: 0.0700882 
train_loss: 0.0697446 
test_loss: 0.069683 
train_loss: 0.0692663 
test_loss: 0.0694371 
train_loss: 0.0686709 
test_loss: 0.0691455 
train_loss: 0.0698526 
test_loss: 0.0688052 
train_loss: 0.0675652 
test_loss: 0.0685272 
train_loss: 0.0678772 
test_loss: 0.0682817 
train_loss: 0.0666281 
test_loss: 0.0679955 
train_loss: 0.0671994 
test_loss: 0.067678 
train_loss: 0.0662983 
test_loss: 0.0674706 
train_loss: 0.0672907 
test_loss: 0.0672504 
train_loss: 0.0668722 
test_loss: 0.0670113 
train_loss: 0.06657 
test_loss: 0.0668467 
train_loss: 0.0653502 
test_loss: 0.0666115 
train_loss: 0.0651819 
test_loss: 0.066366 
train_loss: 0.066699 
test_loss: 0.0661977 
train_loss: 0.0658482 
test_loss: 0.0660071 
train_loss: 0.0654239 
test_loss: 0.0658367 
train_loss: 0.0652482 
test_loss: 0.0656539 
train_loss: 0.0647454 
test_loss: 0.0655311 
train_loss: 0.0645665 
test_loss: 0.0653666 
train_loss: 0.0645123 
test_loss: 0.0651873 
train_loss: 0.0651258 
test_loss: 0.0650658 
train_loss: 0.0643116 
test_loss: 0.0648554 
train_loss: 0.0641619 
test_loss: 0.0646522 
train_loss: 0.0639251 
test_loss: 0.0645928 
train_loss: 0.0639117 
test_loss: 0.0644482 
train_loss: 0.0644647 
test_loss: 0.0642229 
train_loss: 0.0633789 
test_loss: 0.0641424 
train_loss: 0.0634649 
test_loss: 0.0640049 
train_loss: 0.0630774 
test_loss: 0.0638019 
train_loss: 0.0631349 
test_loss: 0.0636047 
train_loss: 0.0627381 
test_loss: 0.0635053 
train_loss: 0.0634367 
test_loss: 0.0634491 
train_loss: 0.0629513 
test_loss: 0.0631474 
train_loss: 0.0630358 
test_loss: 0.0630099 
train_loss: 0.0626804 
test_loss: 0.0629291 
train_loss: 0.0624801 
test_loss: 0.0626803 
train_loss: 0.0631061 
test_loss: 0.0626841 
train_loss: 0.0611666 
test_loss: 0.0624961 
train_loss: 0.0621141 
test_loss: 0.062292 
train_loss: 0.0613122 
test_loss: 0.0621289 
train_loss: 0.0611014 
test_loss: 0.0618961 
train_loss: 0.0619095 
test_loss: 0.0617742 
train_loss: 0.061032 
test_loss: 0.0615717 
train_loss: 0.0609243 
test_loss: 0.0613982 
train_loss: 0.0607584 
test_loss: 0.0612105 
train_loss: 0.0602929 
test_loss: 0.0609996 
train_loss: 0.0600731 
test_loss: 0.0607792 
train_loss: 0.0603747 
test_loss: 0.0605107 
train_loss: 0.060443 
test_loss: 0.0602673 
train_loss: 0.059479 
test_loss: 0.0600154 
train_loss: 0.0597882 
test_loss: 0.0597889 
train_loss: 0.0588222 
test_loss: 0.0594397 
train_loss: 0.0586717 
test_loss: 0.0592446 
train_loss: 0.0587121 
test_loss: 0.0587612 
train_loss: 0.0585645 
test_loss: 0.0585848 
train_loss: 0.057233 
test_loss: 0.0581937 
train_loss: 0.0572876 
test_loss: 0.0578939 
train_loss: 0.0570333 
test_loss: 0.0573594 
train_loss: 0.0572353 
test_loss: 0.0571508 
train_loss: 0.055761 
test_loss: 0.0566314 
train_loss: 0.0561216 
test_loss: 0.0562224 
train_loss: 0.0549604 
test_loss: 0.0558047 
train_loss: 0.0553351 
test_loss: 0.0553824 
train_loss: 0.0541283 
test_loss: 0.0548384 
train_loss: 0.0532135 
test_loss: 0.0541596 
train_loss: 0.0530347 
test_loss: 0.0536414 
train_loss: 0.051207 
test_loss: 0.0529546 
train_loss: 0.0510762 
test_loss: 0.0522812 
train_loss: 0.0513294 
test_loss: 0.0516442 
train_loss: 0.0499228 
test_loss: 0.0509932 
train_loss: 0.0496502 
test_loss: 0.0502479 
train_loss: 0.0480379 
test_loss: 0.0496218 
train_loss: 0.0482377 
test_loss: 0.0487742 
train_loss: 0.0472149 
test_loss: 0.0478776 
train_loss: 0.0466706 
test_loss: 0.0471917 
train_loss: 0.04631 
test_loss: 0.0462122 
train_loss: 0.0440111 
test_loss: 0.0454109 
train_loss: 0.044083 
test_loss: 0.0447115 
train_loss: 0.0427005 
test_loss: 0.0437296 
train_loss: 0.0425175 
test_loss: 0.0427683 
train_loss: 0.0413904 
test_loss: 0.0417223 
train_loss: 0.0411783 
test_loss: 0.0408146 
train_loss: 0.0394576 
test_loss: 0.0400766 
train_loss: 0.0388287 
test_loss: 0.0393682 
train_loss: 0.0382884 
test_loss: 0.0385477 
train_loss: 0.0372727 
test_loss: 0.0373602 
train_loss: 0.0354815 
test_loss: 0.0364252 
train_loss: 0.0355521 
test_loss: 0.0353953 
train_loss: 0.034059 
test_loss: 0.0345095 
train_loss: 0.0326061 
test_loss: 0.0334936 
train_loss: 0.0319469 
test_loss: 0.0334318 
train_loss: 0.0311582 
test_loss: 0.0318334 
train_loss: 0.0305919 
test_loss: 0.0311486 
train_loss: 0.0294982 
test_loss: 0.0302803 
train_loss: 0.029444 
test_loss: 0.0293222 
train_loss: 0.0280472 
test_loss: 0.0286174 
train_loss: 0.0270095 
test_loss: 0.0278317 
train_loss: 0.0265259 
test_loss: 0.0274408 
train_loss: 0.0255538 
test_loss: 0.0263666 
train_loss: 0.0257149 
test_loss: 0.0256747 
train_loss: 0.0244621 
test_loss: 0.0253098 
train_loss: 0.023908 
test_loss: 0.0243098 
train_loss: 0.023618 
test_loss: 0.0236858 
train_loss: 0.0227051 
test_loss: 0.0233143 
train_loss: 0.0227202 
test_loss: 0.0230629 
train_loss: 0.0210751 
test_loss: 0.021906 
train_loss: 0.0210373 
test_loss: 0.0209269 
train_loss: 0.0200359 
test_loss: 0.0208823 
train_loss: 0.0198108 
test_loss: 0.0205175 
train_loss: 0.0197302 
test_loss: 0.0193003 
train_loss: 0.0189804 
test_loss: 0.0194444 
train_loss: 0.0190842 
test_loss: 0.0191182 
train_loss: 0.0180645 
test_loss: 0.0179507 
train_loss: 0.0175932 
test_loss: 0.0182942 
train_loss: 0.0173628 
test_loss: 0.0174675 
train_loss: 0.0167736 
test_loss: 0.017565 
train_loss: 0.0166904 
test_loss: 0.016557 
train_loss: 0.0157319 
test_loss: 0.0162112 
train_loss: 0.016477 
test_loss: 0.0159877 
train_loss: 0.0157214 
test_loss: 0.0153624 
train_loss: 0.0152739 
test_loss: 0.0152836 
train_loss: 0.0149479 
test_loss: 0.0154527 
train_loss: 0.0145697 
test_loss: 0.0145435 
train_loss: 0.0149965 
test_loss: 0.0147554 
train_loss: 0.0137647 
test_loss: 0.0141868 
train_loss: 0.0149531 
test_loss: 0.0147566 
train_loss: 0.0137383 
test_loss: 0.0136651 
train_loss: 0.0151786 
test_loss: 0.0141507 
train_loss: 0.0129886 
test_loss: 0.0128793 
train_loss: 0.012875 
test_loss: 0.0133391 
train_loss: 0.0132871 
test_loss: 0.0138793 
train_loss: 0.0120002 
test_loss: 0.0128838 
train_loss: 0.0124875 
test_loss: 0.0120237 
train_loss: 0.0119036 
test_loss: 0.0121824 
train_loss: 0.011726 
test_loss: 0.0120384 
train_loss: 0.0119589 
test_loss: 0.0117934 
train_loss: 0.0118331 
test_loss: 0.0115665 
train_loss: 0.0118691 
test_loss: 0.011537 
train_loss: 0.0117486 
test_loss: 0.0116703 
train_loss: 0.0106028 
test_loss: 0.0113519 
train_loss: 0.0116324 
test_loss: 0.0115107 
train_loss: 0.0104796 
test_loss: 0.0106803 
train_loss: 0.0106304 
test_loss: 0.0107728 
train_loss: 0.010393 
test_loss: 0.0104501 
train_loss: 0.0105518 
test_loss: 0.0108152 
train_loss: 0.00998737 
test_loss: 0.0104784 
train_loss: 0.0106574 
test_loss: 0.0118708 
train_loss: 0.010459 
test_loss: 0.0100634 
train_loss: 0.0105504 
test_loss: 0.0110586 
train_loss: 0.00968974 
test_loss: 0.00981265 
train_loss: 0.0100227 
test_loss: 0.00973427 
train_loss: 0.0100311 
test_loss: 0.00979481 
train_loss: 0.00985903 
test_loss: 0.00984691 
train_loss: 0.00946982 
test_loss: 0.00937774 
train_loss: 0.00975185 
test_loss: 0.0098993 
train_loss: 0.00925706 
test_loss: 0.0091822 
train_loss: 0.00942504 
test_loss: 0.00920283 
train_loss: 0.00890736 
test_loss: 0.00940497 
train_loss: 0.00916388 
test_loss: 0.00951015 
train_loss: 0.00900125 
test_loss: 0.00873734 
train_loss: 0.00936796 
test_loss: 0.0092295 
train_loss: 0.00900456 
test_loss: 0.00901378 
train_loss: 0.00845832 
test_loss: 0.00906139 
train_loss: 0.00907437 
test_loss: 0.00868394 
train_loss: 0.00936173 
test_loss: 0.00898182 
train_loss: 0.00834593 
test_loss: 0.00899386 
train_loss: 0.00847515 
test_loss: 0.00867092 
train_loss: 0.00839981 
test_loss: 0.00870909 
train_loss: 0.00828308 
test_loss: 0.00815208 
train_loss: 0.00852924 
test_loss: 0.00828831 
train_loss: 0.00822948 
test_loss: 0.00851458 
train_loss: 0.00817466 
test_loss: 0.00846095 
train_loss: 0.00956762 
test_loss: 0.0091839 
train_loss: 0.00777805 
test_loss: 0.00848156 
train_loss: 0.00785113 
test_loss: 0.00770927 
train_loss: 0.00805444 
test_loss: 0.00807249 
train_loss: 0.007822 
test_loss: 0.00829578 
train_loss: 0.00857948 
test_loss: 0.00790686 
train_loss: 0.00746246 
test_loss: 0.00739698 
train_loss: 0.00750958 
test_loss: 0.00763211 
train_loss: 0.00780613 
test_loss: 0.00770478 
train_loss: 0.00824289 
test_loss: 0.00874711 
train_loss: 0.00761165 
test_loss: 0.00785108 
train_loss: 0.00723572 
test_loss: 0.00761502 
train_loss: 0.00813295 
test_loss: 0.00761907 
train_loss: 0.00865019 
test_loss: 0.00730127 
train_loss: 0.00751659 
test_loss: 0.00774973 
train_loss: 0.00737325 
test_loss: 0.00769755 
train_loss: 0.00796341 
test_loss: 0.00760825 
train_loss: 0.00710925 
test_loss: 0.00726363 
train_loss: 0.00750482 
test_loss: 0.00787661 
train_loss: 0.00759678 
test_loss: 0.00756293 
train_loss: 0.00736676 
test_loss: 0.00723762 
train_loss: 0.00762252 
test_loss: 0.007403 
train_loss: 0.00710386 
test_loss: 0.0072377 
train_loss: 0.00733249 
test_loss: 0.00756107 
train_loss: 0.00699675 
test_loss: 0.00809997 
train_loss: 0.00716861 
test_loss: 0.00719297 
train_loss: 0.00710684 
test_loss: 0.0073453 
train_loss: 0.0068545 
test_loss: 0.0072598 
train_loss: 0.00703316 
test_loss: 0.00700071 
train_loss: 0.00695148 
test_loss: 0.00740685 
train_loss: 0.00680806 
test_loss: 0.0071658 
train_loss: 0.00664407 
test_loss: 0.00689462 
train_loss: 0.00697779 
test_loss: 0.00701043 
train_loss: 0.0071392 
test_loss: 0.00720235 
train_loss: 0.00708604 
test_loss: 0.00715957 
train_loss: 0.00697023 
test_loss: 0.00689038 
train_loss: 0.0066595 
test_loss: 0.00692824 
train_loss: 0.00659959 
test_loss: 0.00693939 
train_loss: 0.00697707 
test_loss: 0.00703455 
train_loss: 0.00688864 
test_loss: 0.00665883 
train_loss: 0.00700792 
test_loss: 0.00692244 
train_loss: 0.00667503 
test_loss: 0.006566 
train_loss: 0.00691482 
test_loss: 0.00683025 
train_loss: 0.00668122 
test_loss: 0.00731931 
train_loss: 0.00675977 
test_loss: 0.00663658 
train_loss: 0.00655718 
test_loss: 0.00668956 
train_loss: 0.00660139 
test_loss: 0.0065334 
train_loss: 0.0067655 
test_loss: 0.00656749 
train_loss: 0.00653869 
test_loss: 0.00680503 
train_loss: 0.00669778 
test_loss: 0.00633448 
train_loss: 0.00633965 
test_loss: 0.00643665 
train_loss: 0.00654102 
test_loss: 0.00688198 
train_loss: 0.00627134 
test_loss: 0.00643704 
train_loss: 0.00622363 
test_loss: 0.00668147 
train_loss: 0.00639411 
test_loss: 0.0067012 
train_loss: 0.00616856 
test_loss: 0.00620565 
train_loss: 0.00708662 
test_loss: 0.00688457 
train_loss: 0.0061407 
test_loss: 0.00625771 
train_loss: 0.00614577 
test_loss: 0.00633403 
train_loss: 0.00633263 
test_loss: 0.00628438 
train_loss: 0.00654931 
test_loss: 0.0067035 
train_loss: 0.00665247 
test_loss: 0.00638162 
train_loss: 0.006104 
test_loss: 0.00615544 
train_loss: 0.00629554 
test_loss: 0.00622171 
train_loss: 0.00619018 
test_loss: 0.00624758 
train_loss: 0.00603368 
test_loss: 0.00605731 
train_loss: 0.00652532 
test_loss: 0.00633136 
train_loss: 0.00638883 
test_loss: 0.00632759 
train_loss: 0.00632885 
test_loss: 0.00682996 
train_loss: 0.00632454 
test_loss: 0.0061411 
train_loss: 0.00616973 
test_loss: 0.0062051 
train_loss: 0.00607054 
test_loss: 0.0063619 
train_loss: 0.00630847 
test_loss: 0.00631985 
