train_loss: 0.835769 
test_loss: 0.845483 
train_loss: 0.841348 
test_loss: 0.847275 
train_loss: 0.856221 
test_loss: 0.847085 
train_loss: 0.850451 
test_loss: 0.84687 
train_loss: 0.855714 
test_loss: 0.846577 
train_loss: 0.853329 
test_loss: 0.846283 
train_loss: 0.848228 
test_loss: 0.845894 
train_loss: 0.847402 
test_loss: 0.845456 
train_loss: 0.848337 
test_loss: 0.844901 
train_loss: 0.851068 
test_loss: 0.844268 
train_loss: 0.845505 
test_loss: 0.843483 
train_loss: 0.852931 
test_loss: 0.842505 
train_loss: 0.839583 
test_loss: 0.841363 
train_loss: 0.834678 
test_loss: 0.84001 
train_loss: 0.848947 
test_loss: 0.838656 
train_loss: 0.840609 
test_loss: 0.837456 
train_loss: 0.832407 
test_loss: 0.836459 
train_loss: 0.830052 
test_loss: 0.835627 
train_loss: 0.824997 
test_loss: 0.83493 
train_loss: 0.837836 
test_loss: 0.834298 
train_loss: 0.838027 
test_loss: 0.833679 
train_loss: 0.832717 
test_loss: 0.833037 
train_loss: 0.83836 
test_loss: 0.832344 
train_loss: 0.830584 
test_loss: 0.831681 
train_loss: 0.832295 
test_loss: 0.830899 
train_loss: 0.834924 
test_loss: 0.830155 
train_loss: 0.841814 
test_loss: 0.829396 
train_loss: 0.827649 
test_loss: 0.828573 
train_loss: 0.831519 
test_loss: 0.827736 
train_loss: 0.829227 
test_loss: 0.826834 
train_loss: 0.831524 
test_loss: 0.825953 
train_loss: 0.82528 
test_loss: 0.825005 
train_loss: 0.822814 
test_loss: 0.824038 
train_loss: 0.823095 
test_loss: 0.823011 
train_loss: 0.824063 
test_loss: 0.821973 
train_loss: 0.824886 
test_loss: 0.820941 
train_loss: 0.826351 
test_loss: 0.819813 
train_loss: 0.816455 
test_loss: 0.818681 
train_loss: 0.816635 
test_loss: 0.817539 
train_loss: 0.825277 
test_loss: 0.81633 
train_loss: 0.817029 
test_loss: 0.815144 
train_loss: 0.814645 
test_loss: 0.813882 
train_loss: 0.796493 
test_loss: 0.812663 
train_loss: 0.808448 
test_loss: 0.811378 
train_loss: 0.807403 
test_loss: 0.810079 
train_loss: 0.810539 
test_loss: 0.808782 
train_loss: 0.810632 
test_loss: 0.807456 
train_loss: 0.812974 
test_loss: 0.806135 
train_loss: 0.811432 
test_loss: 0.804813 
train_loss: 0.799576 
test_loss: 0.803461 
train_loss: 0.811688 
test_loss: 0.802114 
train_loss: 0.805843 
test_loss: 0.800767 
train_loss: 0.801468 
test_loss: 0.799391 
train_loss: 0.793247 
test_loss: 0.798012 
train_loss: 0.79825 
test_loss: 0.796597 
train_loss: 0.790822 
test_loss: 0.795181 
train_loss: 0.795091 
test_loss: 0.793764 
train_loss: 0.777487 
test_loss: 0.792305 
train_loss: 0.78945 
test_loss: 0.790833 
train_loss: 0.79166 
test_loss: 0.789307 
train_loss: 0.776633 
test_loss: 0.787803 
train_loss: 0.786978 
test_loss: 0.786272 
train_loss: 0.792998 
test_loss: 0.78464 
train_loss: 0.782055 
test_loss: 0.783031 
train_loss: 0.785322 
test_loss: 0.78135 
train_loss: 0.794282 
test_loss: 0.779647 
train_loss: 0.776539 
test_loss: 0.777875 
train_loss: 0.781232 
test_loss: 0.776101 
train_loss: 0.78245 
test_loss: 0.774233 
train_loss: 0.765108 
test_loss: 0.772362 
train_loss: 0.779286 
test_loss: 0.770409 
train_loss: 0.760439 
test_loss: 0.768492 
train_loss: 0.768091 
test_loss: 0.766531 
train_loss: 0.758279 
test_loss: 0.764581 
train_loss: 0.766123 
test_loss: 0.762605 
train_loss: 0.765536 
test_loss: 0.7606 
train_loss: 0.75716 
test_loss: 0.758617 
train_loss: 0.752866 
test_loss: 0.756542 
train_loss: 0.758934 
test_loss: 0.754447 
train_loss: 0.764178 
test_loss: 0.752288 
train_loss: 0.746776 
test_loss: 0.750074 
train_loss: 0.752426 
test_loss: 0.747793 
train_loss: 0.749031 
test_loss: 0.745464 
train_loss: 0.744134 
test_loss: 0.743091 
train_loss: 0.734529 
test_loss: 0.74065 
train_loss: 0.738496 
test_loss: 0.738184 
train_loss: 0.744651 
test_loss: 0.735664 
train_loss: 0.73796 
test_loss: 0.733145 
train_loss: 0.734135 
test_loss: 0.730547 
train_loss: 0.725552 
test_loss: 0.727898 
train_loss: 0.718372 
test_loss: 0.72521 
train_loss: 0.723293 
test_loss: 0.722403 
train_loss: 0.724615 
test_loss: 0.719494 
train_loss: 0.70417 
test_loss: 0.716415 
train_loss: 0.709505 
test_loss: 0.713153 
train_loss: 0.713428 
test_loss: 0.709695 
train_loss: 0.712699 
test_loss: 0.705941 
train_loss: 0.701319 
test_loss: 0.701778 
train_loss: 0.694373 
test_loss: 0.697121 
train_loss: 0.690872 
test_loss: 0.691717 
train_loss: 0.680402 
test_loss: 0.685212 
train_loss: 0.685104 
test_loss: 0.67703 
train_loss: 0.665977 
test_loss: 0.666314 
train_loss: 0.653884 
test_loss: 0.651978 
train_loss: 0.637915 
test_loss: 0.632609 
train_loss: 0.61308 
test_loss: 0.607378 
train_loss: 0.583423 
test_loss: 0.576867 
train_loss: 0.543485 
test_loss: 0.542899 
train_loss: 0.513613 
test_loss: 0.506924 
train_loss: 0.47545 
test_loss: 0.471391 
train_loss: 0.437427 
test_loss: 0.438646 
train_loss: 0.413933 
test_loss: 0.410646 
train_loss: 0.390647 
test_loss: 0.388012 
train_loss: 0.370324 
test_loss: 0.370358 
train_loss: 0.358834 
test_loss: 0.356866 
train_loss: 0.345287 
test_loss: 0.346495 
train_loss: 0.337629 
test_loss: 0.338375 
train_loss: 0.337225 
test_loss: 0.331924 
train_loss: 0.33324 
test_loss: 0.326503 
train_loss: 0.323617 
test_loss: 0.322091 
train_loss: 0.321756 
test_loss: 0.318104 
train_loss: 0.319097 
test_loss: 0.314436 
train_loss: 0.312557 
test_loss: 0.311015 
train_loss: 0.303533 
test_loss: 0.307789 
train_loss: 0.303517 
test_loss: 0.304549 
train_loss: 0.301245 
test_loss: 0.301112 
train_loss: 0.297604 
test_loss: 0.297687 
train_loss: 0.299378 
test_loss: 0.294259 
train_loss: 0.291468 
test_loss: 0.29063 
train_loss: 0.286113 
test_loss: 0.286891 
train_loss: 0.278558 
test_loss: 0.283156 
train_loss: 0.27993 
test_loss: 0.279378 
train_loss: 0.272962 
test_loss: 0.275797 
train_loss: 0.272738 
test_loss: 0.272245 
train_loss: 0.27094 
test_loss: 0.269093 
train_loss: 0.268803 
test_loss: 0.266068 
train_loss: 0.262352 
test_loss: 0.263311 
train_loss: 0.258081 
test_loss: 0.260807 
train_loss: 0.257215 
test_loss: 0.258301 
train_loss: 0.256283 
test_loss: 0.256043 
train_loss: 0.256289 
test_loss: 0.254087 
train_loss: 0.255021 
test_loss: 0.251919 
train_loss: 0.250634 
test_loss: 0.250005 
train_loss: 0.250201 
test_loss: 0.248156 
train_loss: 0.242911 
test_loss: 0.246222 
train_loss: 0.249341 
test_loss: 0.244621 
train_loss: 0.245858 
test_loss: 0.242633 
train_loss: 0.240637 
test_loss: 0.240585 
train_loss: 0.237123 
test_loss: 0.238626 
train_loss: 0.240091 
test_loss: 0.236775 
train_loss: 0.239533 
test_loss: 0.234388 
train_loss: 0.233921 
test_loss: 0.232105 
train_loss: 0.232265 
test_loss: 0.229456 
train_loss: 0.224448 
test_loss: 0.226704 
train_loss: 0.221816 
test_loss: 0.223974 
train_loss: 0.220231 
test_loss: 0.220767 
train_loss: 0.21732 
test_loss: 0.217272 
train_loss: 0.216292 
test_loss: 0.21352 
train_loss: 0.208006 
test_loss: 0.209438 
train_loss: 0.205189 
test_loss: 0.204792 
train_loss: 0.20128 
test_loss: 0.199621 
train_loss: 0.196081 
test_loss: 0.194085 
train_loss: 0.189345 
test_loss: 0.188111 
train_loss: 0.180596 
test_loss: 0.181497 
train_loss: 0.174117 
test_loss: 0.174828 
train_loss: 0.168138 
test_loss: 0.16754 
train_loss: 0.158024 
test_loss: 0.15986 
train_loss: 0.152423 
test_loss: 0.151819 
train_loss: 0.141893 
test_loss: 0.14342 
train_loss: 0.136963 
test_loss: 0.134679 
train_loss: 0.125835 
test_loss: 0.125723 
train_loss: 0.11592 
test_loss: 0.116719 
train_loss: 0.10699 
test_loss: 0.107553 
train_loss: 0.0988213 
test_loss: 0.0996255 
train_loss: 0.0943631 
test_loss: 0.0935952 
train_loss: 0.0899098 
test_loss: 0.0891795 
train_loss: 0.0858534 
test_loss: 0.0867373 
train_loss: 0.0849865 
test_loss: 0.0844548 
train_loss: 0.0806659 
test_loss: 0.0831308 
train_loss: 0.0821253 
test_loss: 0.0819217 
train_loss: 0.0812247 
test_loss: 0.081087 
train_loss: 0.0806474 
test_loss: 0.0802373 
train_loss: 0.0792444 
test_loss: 0.0794065 
train_loss: 0.0797103 
test_loss: 0.0790759 
train_loss: 0.0781491 
test_loss: 0.0783345 
train_loss: 0.0781834 
test_loss: 0.0778092 
train_loss: 0.0776293 
test_loss: 0.0773762 
train_loss: 0.0769331 
test_loss: 0.0769188 
train_loss: 0.0764158 
test_loss: 0.0766929 
train_loss: 0.0759041 
test_loss: 0.0762608 
train_loss: 0.0757587 
test_loss: 0.0758132 
train_loss: 0.0763144 
test_loss: 0.0755177 
train_loss: 0.0751686 
test_loss: 0.0752229 
train_loss: 0.0746725 
test_loss: 0.0750739 
train_loss: 0.0745584 
test_loss: 0.0746492 
train_loss: 0.074503 
test_loss: 0.0743775 
train_loss: 0.0729752 
test_loss: 0.0742439 
train_loss: 0.072996 
test_loss: 0.0742129 
train_loss: 0.0739517 
test_loss: 0.0736125 
train_loss: 0.0729194 
test_loss: 0.07357 
train_loss: 0.073883 
test_loss: 0.0730124 
train_loss: 0.0728408 
test_loss: 0.0728497 
train_loss: 0.0707799 
test_loss: 0.0725115 
train_loss: 0.0713799 
test_loss: 0.0723483 
train_loss: 0.0737687 
test_loss: 0.0719723 
train_loss: 0.0707971 
test_loss: 0.0717242 
train_loss: 0.0704105 
test_loss: 0.0717934 
train_loss: 0.0707638 
test_loss: 0.0713815 
train_loss: 0.0714209 
test_loss: 0.0713758 
train_loss: 0.0699316 
test_loss: 0.0706183 
train_loss: 0.0693814 
test_loss: 0.0706721 
train_loss: 0.0704256 
test_loss: 0.070046 
train_loss: 0.0688643 
test_loss: 0.0701866 
train_loss: 0.0700889 
test_loss: 0.0695578 
train_loss: 0.0693743 
test_loss: 0.0693036 
train_loss: 0.0681163 
test_loss: 0.0688763 
train_loss: 0.068046 
test_loss: 0.0689962 
train_loss: 0.0669216 
test_loss: 0.0684827 
train_loss: 0.0680584 
test_loss: 0.0685561 
train_loss: 0.0688095 
test_loss: 0.0681772 
train_loss: 0.0673099 
test_loss: 0.0677999 
train_loss: 0.068328 
test_loss: 0.067193 
train_loss: 0.0677418 
test_loss: 0.0670447 
train_loss: 0.0669611 
test_loss: 0.0670664 
train_loss: 0.0659745 
test_loss: 0.0663989 
train_loss: 0.0674864 
test_loss: 0.0665547 
train_loss: 0.0661533 
test_loss: 0.066097 
train_loss: 0.0657233 
test_loss: 0.0657061 
train_loss: 0.0650294 
test_loss: 0.0653582 
train_loss: 0.0656315 
test_loss: 0.0659049 
train_loss: 0.0659394 
test_loss: 0.0648847 
train_loss: 0.0647418 
test_loss: 0.06466 
train_loss: 0.0648102 
test_loss: 0.0647099 
train_loss: 0.0634373 
test_loss: 0.0641024 
train_loss: 0.0637178 
test_loss: 0.0638298 
train_loss: 0.0636511 
test_loss: 0.0637657 
train_loss: 0.0626068 
test_loss: 0.0634317 
train_loss: 0.0625377 
test_loss: 0.0634555 
train_loss: 0.0627286 
test_loss: 0.0628822 
train_loss: 0.0628717 
test_loss: 0.0626325 
train_loss: 0.061712 
test_loss: 0.0624904 
train_loss: 0.0628668 
test_loss: 0.062214 
train_loss: 0.0621661 
test_loss: 0.061959 
train_loss: 0.0621228 
test_loss: 0.0618155 
train_loss: 0.0608582 
test_loss: 0.061969 
train_loss: 0.0609043 
test_loss: 0.06178 
train_loss: 0.0611564 
test_loss: 0.0613723 
train_loss: 0.0610679 
test_loss: 0.0612575 
train_loss: 0.0607739 
test_loss: 0.0606838 
train_loss: 0.0599685 
test_loss: 0.0605827 
train_loss: 0.0607739 
test_loss: 0.0606739 
train_loss: 0.0605781 
test_loss: 0.0603217 
train_loss: 0.0605696 
test_loss: 0.06021 
train_loss: 0.0607403 
test_loss: 0.0600882 
train_loss: 0.0596986 
test_loss: 0.0601326 
train_loss: 0.0596682 
test_loss: 0.0601271 
train_loss: 0.0597296 
test_loss: 0.0601214 
train_loss: 0.060161 
test_loss: 0.059926 
train_loss: 0.0599265 
test_loss: 0.0596834 
train_loss: 0.0598691 
test_loss: 0.0595927 
train_loss: 0.059168 
test_loss: 0.059406 
train_loss: 0.0578698 
test_loss: 0.0593757 
train_loss: 0.0597859 
test_loss: 0.0591738 
train_loss: 0.0604277 
test_loss: 0.0587726 
train_loss: 0.0596178 
test_loss: 0.0588929 
train_loss: 0.0583317 
test_loss: 0.0587298 
train_loss: 0.0582963 
test_loss: 0.0583677 
train_loss: 0.0580847 
test_loss: 0.0584256 
train_loss: 0.0577723 
test_loss: 0.0587714 
train_loss: 0.0582897 
test_loss: 0.0582726 
train_loss: 0.0584683 
test_loss: 0.0584119 
train_loss: 0.0584677 
test_loss: 0.058174 
train_loss: 0.0580144 
test_loss: 0.0579695 
train_loss: 0.0569982 
test_loss: 0.0574343 
train_loss: 0.0576914 
test_loss: 0.0578127 
train_loss: 0.0581068 
test_loss: 0.0570651 
train_loss: 0.0575375 
test_loss: 0.0569558 
train_loss: 0.0565743 
test_loss: 0.0569516 
train_loss: 0.0563662 
test_loss: 0.0566235 
train_loss: 0.0560939 
test_loss: 0.0565771 
train_loss: 0.0563475 
test_loss: 0.055862 
train_loss: 0.0556889 
test_loss: 0.0559338 
train_loss: 0.0552411 
test_loss: 0.0554365 
train_loss: 0.056065 
test_loss: 0.0553342 
train_loss: 0.0546748 
test_loss: 0.0551941 
train_loss: 0.0534149 
test_loss: 0.0543709 
train_loss: 0.0538877 
test_loss: 0.0555151 
train_loss: 0.0536513 
test_loss: 0.0537656 
train_loss: 0.0537612 
test_loss: 0.0543407 
train_loss: 0.0535938 
test_loss: 0.0527065 
train_loss: 0.052868 
test_loss: 0.0523045 
train_loss: 0.0511456 
test_loss: 0.0520424 
train_loss: 0.051081 
test_loss: 0.0511601 
train_loss: 0.0508612 
test_loss: 0.0507785 
train_loss: 0.0508539 
test_loss: 0.0506578 
train_loss: 0.0498072 
test_loss: 0.0499205 
train_loss: 0.0492707 
test_loss: 0.0492988 
train_loss: 0.0480717 
test_loss: 0.0492257 
train_loss: 0.047639 
test_loss: 0.0490021 
train_loss: 0.0477572 
test_loss: 0.0477153 
train_loss: 0.0476026 
test_loss: 0.0473425 
train_loss: 0.0453433 
test_loss: 0.0466474 
train_loss: 0.0444636 
test_loss: 0.0442542 
train_loss: 0.0435723 
test_loss: 0.0430061 
train_loss: 0.041539 
test_loss: 0.0419093 
train_loss: 0.0394398 
test_loss: 0.0405151 
train_loss: 0.0390499 
test_loss: 0.0393197 
train_loss: 0.0383791 
test_loss: 0.0385661 
train_loss: 0.0372291 
test_loss: 0.0371046 
train_loss: 0.0360121 
test_loss: 0.0361714 
train_loss: 0.0339527 
test_loss: 0.0345937 
train_loss: 0.0366209 
test_loss: 0.034121 
train_loss: 0.0325547 
test_loss: 0.0338666 
train_loss: 0.033505 
test_loss: 0.0329433 
train_loss: 0.0310894 
test_loss: 0.0312788 
train_loss: 0.0315193 
test_loss: 0.0304695 
train_loss: 0.0308015 
test_loss: 0.0306504 
train_loss: 0.029382 
test_loss: 0.0297084 
train_loss: 0.0291446 
test_loss: 0.0288359 
train_loss: 0.0288796 
test_loss: 0.0283826 
train_loss: 0.0278447 
test_loss: 0.0281135 
train_loss: 0.0274611 
test_loss: 0.0281244 
train_loss: 0.0274126 
test_loss: 0.0284172 
train_loss: 0.026182 
test_loss: 0.0264588 
train_loss: 0.0264393 
test_loss: 0.02624 
train_loss: 0.0256278 
test_loss: 0.0257422 
train_loss: 0.0258644 
test_loss: 0.0257086 
train_loss: 0.0251363 
test_loss: 0.0261034 
train_loss: 0.0255287 
test_loss: 0.025913 
train_loss: 0.0244751 
test_loss: 0.0253951 
train_loss: 0.0237017 
test_loss: 0.0233572 
train_loss: 0.0235634 
test_loss: 0.0240725 
train_loss: 0.0228654 
test_loss: 0.0238644 
train_loss: 0.0232902 
test_loss: 0.0228372 
train_loss: 0.0221728 
test_loss: 0.02234 
train_loss: 0.0227236 
test_loss: 0.0225031 
train_loss: 0.0228151 
test_loss: 0.024769 
train_loss: 0.0220476 
test_loss: 0.023138 
train_loss: 0.022129 
test_loss: 0.0213242 
train_loss: 0.021761 
test_loss: 0.0217843 
train_loss: 0.0206076 
test_loss: 0.0214633 
train_loss: 0.0213187 
test_loss: 0.0218516 
train_loss: 0.0218469 
test_loss: 0.0220935 
train_loss: 0.0207405 
test_loss: 0.0209552 
train_loss: 0.0203791 
test_loss: 0.0204836 
train_loss: 0.0213818 
test_loss: 0.0205817 
train_loss: 0.0203868 
test_loss: 0.019991 
train_loss: 0.0201634 
test_loss: 0.0201767 
train_loss: 0.0201626 
test_loss: 0.0214516 
train_loss: 0.0208555 
test_loss: 0.0195669 
train_loss: 0.0192218 
test_loss: 0.0203388 
train_loss: 0.0189724 
test_loss: 0.0196609 
train_loss: 0.0195521 
test_loss: 0.0196097 
train_loss: 0.0191219 
test_loss: 0.019143 
train_loss: 0.0185201 
test_loss: 0.0224591 
train_loss: 0.0211174 
test_loss: 0.0184231 
train_loss: 0.0189128 
test_loss: 0.0195459 
train_loss: 0.0182307 
test_loss: 0.0183715 
train_loss: 0.018187 
test_loss: 0.0181918 
train_loss: 0.0179582 
test_loss: 0.0186345 
train_loss: 0.0176787 
test_loss: 0.0178269 
train_loss: 0.0192925 
test_loss: 0.0180092 
train_loss: 0.0176327 
test_loss: 0.0183264 
train_loss: 0.0181998 
test_loss: 0.0185941 
train_loss: 0.0182687 
test_loss: 0.0191038 
train_loss: 0.0177574 
test_loss: 0.0176175 
train_loss: 0.0176501 
test_loss: 0.0190836 
train_loss: 0.0170486 
test_loss: 0.0191636 
train_loss: 0.0173008 
test_loss: 0.0174814 
train_loss: 0.0169152 
test_loss: 0.0169346 
train_loss: 0.0166911 
test_loss: 0.0170288 
train_loss: 0.0195743 
test_loss: 0.0173906 
train_loss: 0.0169411 
test_loss: 0.0173888 
train_loss: 0.0161501 
test_loss: 0.0164319 
train_loss: 0.0176145 
test_loss: 0.0164417 
train_loss: 0.0173865 
test_loss: 0.0176009 
train_loss: 0.0165013 
test_loss: 0.0177861 
train_loss: 0.0178179 
test_loss: 0.0170776 
train_loss: 0.0157547 
test_loss: 0.0160863 
train_loss: 0.0158333 
test_loss: 0.0178692 
train_loss: 0.0160928 
test_loss: 0.0166977 
train_loss: 0.0157177 
test_loss: 0.0159272 
train_loss: 0.0176373 
test_loss: 0.0162923 
train_loss: 0.0153013 
test_loss: 0.0166548 
train_loss: 0.0151321 
test_loss: 0.0158748 
train_loss: 0.0156394 
test_loss: 0.0154708 
train_loss: 0.0157633 
test_loss: 0.015646 
train_loss: 0.0152722 
test_loss: 0.0165197 
train_loss: 0.0152317 
test_loss: 0.0163699 
train_loss: 0.0146043 
test_loss: 0.0152164 
train_loss: 0.0145888 
test_loss: 0.0145919 
train_loss: 0.0152646 
test_loss: 0.0154256 
train_loss: 0.0148066 
test_loss: 0.0150981 
train_loss: 0.0152805 
test_loss: 0.0149007 
train_loss: 0.0147192 
test_loss: 0.0147045 
train_loss: 0.0149463 
test_loss: 0.0151283 
train_loss: 0.0159984 
test_loss: 0.0147347 
train_loss: 0.0144616 
test_loss: 0.0141316 
train_loss: 0.0151161 
test_loss: 0.0145185 
train_loss: 0.0154637 
test_loss: 0.0171711 
train_loss: 0.0143905 
test_loss: 0.0143914 
train_loss: 0.0142977 
test_loss: 0.0143624 
train_loss: 0.014117 
test_loss: 0.0151054 
train_loss: 0.0138822 
test_loss: 0.0146222 
train_loss: 0.0151951 
test_loss: 0.0159346 
train_loss: 0.0137857 
test_loss: 0.0135488 
train_loss: 0.0133965 
test_loss: 0.0138414 
train_loss: 0.0139325 
test_loss: 0.0133774 
train_loss: 0.0143888 
test_loss: 0.0141903 
train_loss: 0.0136608 
test_loss: 0.0132605 
train_loss: 0.0131471 
test_loss: 0.0131421 
train_loss: 0.0129007 
test_loss: 0.0134985 
train_loss: 0.0128657 
test_loss: 0.0126846 
train_loss: 0.0147293 
test_loss: 0.0141634 
train_loss: 0.0128855 
test_loss: 0.01321 
train_loss: 0.0127251 
test_loss: 0.0130818 
train_loss: 0.01354 
test_loss: 0.0127501 
train_loss: 0.0128227 
test_loss: 0.0124599 
train_loss: 0.0124101 
test_loss: 0.012186 
train_loss: 0.0123332 
test_loss: 0.0131466 
train_loss: 0.0114347 
test_loss: 0.0115088 
train_loss: 0.0115614 
test_loss: 0.011641 
train_loss: 0.012779 
test_loss: 0.0133896 
train_loss: 0.0118058 
test_loss: 0.0122387 
train_loss: 0.0110812 
test_loss: 0.011211 
train_loss: 0.0130791 
test_loss: 0.012342 
train_loss: 0.0122672 
test_loss: 0.0113428 
train_loss: 0.0121052 
test_loss: 0.0111896 
train_loss: 0.0117739 
test_loss: 0.0131314 
train_loss: 0.0114113 
test_loss: 0.011703 
train_loss: 0.0116217 
test_loss: 0.012604 
