train_loss: 0.015272 
test_loss: 0.014644 
train_loss: 0.013317 
test_loss: 0.013372 
train_loss: 0.011233 
test_loss: 0.010907 
train_loss: 0.010981 
test_loss: 0.010993 
train_loss: 0.011324 
test_loss: 0.010442 
train_loss: 0.010763 
test_loss: 0.010864 
train_loss: 0.010456 
test_loss: 0.010891 
train_loss: 0.010342 
test_loss: 0.010513 
train_loss: 0.009864 
test_loss: 0.010219 
train_loss: 0.009587 
test_loss: 0.009635 
train_loss: 0.009360 
test_loss: 0.010275 
train_loss: 0.009287 
test_loss: 0.009260 
train_loss: 0.009367 
test_loss: 0.009493 
train_loss: 0.008934 
test_loss: 0.008687 
train_loss: 0.009707 
test_loss: 0.008695 
train_loss: 0.008733 
test_loss: 0.008507 
train_loss: 0.008643 
test_loss: 0.007789 
train_loss: 0.007822 
test_loss: 0.007816 
train_loss: 0.007268 
test_loss: 0.007977 
train_loss: 0.007259 
test_loss: 0.007142 
train_loss: 0.007337 
test_loss: 0.007237 
train_loss: 0.006827 
test_loss: 0.007727 
train_loss: 0.006672 
test_loss: 0.007238 
train_loss: 0.006414 
test_loss: 0.006684 
train_loss: 0.007031 
test_loss: 0.006587 
train_loss: 0.005991 
test_loss: 0.006564 
train_loss: 0.005870 
test_loss: 0.005569 
train_loss: 0.006180 
test_loss: 0.006350 
train_loss: 0.005448 
test_loss: 0.006211 
train_loss: 0.005074 
test_loss: 0.005095 
train_loss: 0.004451 
test_loss: 0.004895 
train_loss: 0.005212 
test_loss: 0.005197 
train_loss: 0.005004 
test_loss: 0.005337 
train_loss: 0.004656 
test_loss: 0.004807 
train_loss: 0.004595 
test_loss: 0.004717 
train_loss: 0.004697 
test_loss: 0.004630 
train_loss: 0.004258 
test_loss: 0.004072 
train_loss: 0.004039 
test_loss: 0.004562 
train_loss: 0.004195 
test_loss: 0.004217 
train_loss: 0.003820 
test_loss: 0.003981 
train_loss: 0.004483 
test_loss: 0.004559 
train_loss: 0.004184 
test_loss: 0.004316 
train_loss: 0.004319 
test_loss: 0.004430 
train_loss: 0.004389 
test_loss: 0.003945 
train_loss: 0.004070 
test_loss: 0.004568 
train_loss: 0.004180 
test_loss: 0.003788 
train_loss: 0.003979 
test_loss: 0.003776 
train_loss: 0.004309 
test_loss: 0.003936 
train_loss: 0.003734 
test_loss: 0.003718 
train_loss: 0.003485 
test_loss: 0.004195 
train_loss: 0.003499 
test_loss: 0.003676 
train_loss: 0.003671 
test_loss: 0.003646 
train_loss: 0.003434 
test_loss: 0.003445 
train_loss: 0.003734 
test_loss: 0.003589 
train_loss: 0.003271 
test_loss: 0.003459 
train_loss: 0.003505 
test_loss: 0.003357 
train_loss: 0.003577 
test_loss: 0.003446 
train_loss: 0.003908 
test_loss: 0.003776 
train_loss: 0.003663 
test_loss: 0.003540 
train_loss: 0.003322 
test_loss: 0.003393 
train_loss: 0.003713 
test_loss: 0.003595 
train_loss: 0.003558 
test_loss: 0.003460 
train_loss: 0.003122 
test_loss: 0.003374 
train_loss: 0.003292 
test_loss: 0.003331 
train_loss: 0.003489 
test_loss: 0.003762 
train_loss: 0.003253 
test_loss: 0.003415 
train_loss: 0.003636 
test_loss: 0.003157 
train_loss: 0.003217 
test_loss: 0.003495 
train_loss: 0.003357 
test_loss: 0.003404 
train_loss: 0.003197 
test_loss: 0.003455 
train_loss: 0.003139 
test_loss: 0.003100 
train_loss: 0.003081 
test_loss: 0.003469 
train_loss: 0.003046 
test_loss: 0.003349 
train_loss: 0.003213 
test_loss: 0.003239 
train_loss: 0.003586 
test_loss: 0.003288 
train_loss: 0.003329 
test_loss: 0.003324 
train_loss: 0.003028 
test_loss: 0.003231 
train_loss: 0.003524 
test_loss: 0.003026 
train_loss: 0.002944 
test_loss: 0.003218 
train_loss: 0.002927 
test_loss: 0.002901 
train_loss: 0.002757 
test_loss: 0.003048 
train_loss: 0.003107 
test_loss: 0.003179 
train_loss: 0.003097 
test_loss: 0.003195 
train_loss: 0.003310 
test_loss: 0.002911 
train_loss: 0.003139 
test_loss: 0.003290 
train_loss: 0.002929 
test_loss: 0.003120 
train_loss: 0.002792 
test_loss: 0.002786 
train_loss: 0.003414 
test_loss: 0.003176 
train_loss: 0.003112 
test_loss: 0.002737 
train_loss: 0.002599 
test_loss: 0.002922 
train_loss: 0.002879 
test_loss: 0.002935 
train_loss: 0.002947 
test_loss: 0.002874 
train_loss: 0.002950 
test_loss: 0.003005 
train_loss: 0.002752 
test_loss: 0.002672 
train_loss: 0.003138 
test_loss: 0.003191 
train_loss: 0.002774 
test_loss: 0.002652 
train_loss: 0.003100 
test_loss: 0.003071 
train_loss: 0.002895 
test_loss: 0.002689 
train_loss: 0.002451 
test_loss: 0.002665 
train_loss: 0.002605 
test_loss: 0.002576 
train_loss: 0.002456 
test_loss: 0.002621 
train_loss: 0.002981 
test_loss: 0.002772 
train_loss: 0.003111 
test_loss: 0.002627 
train_loss: 0.002518 
test_loss: 0.002682 
train_loss: 0.002587 
test_loss: 0.002598 
train_loss: 0.002675 
test_loss: 0.003054 
train_loss: 0.002548 
test_loss: 0.002385 
train_loss: 0.002852 
test_loss: 0.002714 
train_loss: 0.002571 
test_loss: 0.002598 
train_loss: 0.002613 
test_loss: 0.002634 
train_loss: 0.002452 
test_loss: 0.002593 
train_loss: 0.002720 
test_loss: 0.002340 
train_loss: 0.003080 
test_loss: 0.002709 
train_loss: 0.003178 
test_loss: 0.002854 
train_loss: 0.002692 
test_loss: 0.003077 
train_loss: 0.002475 
test_loss: 0.002644 
train_loss: 0.002532 
test_loss: 0.002440 
train_loss: 0.002841 
test_loss: 0.002932 
train_loss: 0.002485 
test_loss: 0.002499 
train_loss: 0.002643 
test_loss: 0.002562 
train_loss: 0.002850 
test_loss: 0.002908 
