train_loss: 0.294269 
test_loss: 0.289872 
train_loss: 0.133743 
test_loss: 0.136750 
train_loss: 0.072300 
test_loss: 0.073389 
train_loss: 0.052973 
test_loss: 0.054485 
train_loss: 0.048554 
test_loss: 0.049139 
train_loss: 0.046131 
test_loss: 0.045643 
train_loss: 0.042047 
test_loss: 0.042116 
train_loss: 0.037518 
test_loss: 0.037923 
train_loss: 0.034201 
test_loss: 0.033161 
train_loss: 0.027347 
test_loss: 0.027137 
train_loss: 0.021012 
test_loss: 0.021297 
train_loss: 0.016306 
test_loss: 0.016966 
train_loss: 0.014675 
test_loss: 0.014374 
train_loss: 0.012428 
test_loss: 0.012536 
train_loss: 0.011966 
test_loss: 0.011575 
train_loss: 0.010634 
test_loss: 0.011104 
train_loss: 0.010003 
test_loss: 0.010275 
train_loss: 0.010002 
test_loss: 0.010143 
train_loss: 0.010630 
test_loss: 0.009895 
train_loss: 0.010223 
test_loss: 0.009704 
train_loss: 0.009916 
test_loss: 0.009822 
train_loss: 0.009624 
test_loss: 0.009878 
train_loss: 0.009684 
test_loss: 0.010170 
train_loss: 0.009983 
test_loss: 0.009471 
train_loss: 0.009622 
test_loss: 0.009794 
train_loss: 0.010150 
test_loss: 0.009651 
train_loss: 0.009921 
test_loss: 0.009508 
train_loss: 0.009474 
test_loss: 0.009580 
train_loss: 0.009334 
test_loss: 0.009444 
train_loss: 0.009993 
test_loss: 0.009682 
train_loss: 0.008819 
test_loss: 0.009640 
train_loss: 0.009565 
test_loss: 0.009511 
train_loss: 0.008797 
test_loss: 0.009187 
train_loss: 0.009409 
test_loss: 0.009042 
train_loss: 0.009890 
test_loss: 0.009217 
train_loss: 0.008991 
test_loss: 0.009285 
train_loss: 0.008355 
test_loss: 0.009088 
train_loss: 0.008303 
test_loss: 0.009172 
train_loss: 0.008035 
test_loss: 0.007938 
train_loss: 0.006491 
test_loss: 0.007205 
train_loss: 0.006717 
test_loss: 0.008016 
train_loss: 0.005836 
test_loss: 0.005935 
train_loss: 0.005572 
test_loss: 0.005380 
train_loss: 0.005398 
test_loss: 0.005288 
train_loss: 0.004521 
test_loss: 0.004829 
train_loss: 0.004920 
test_loss: 0.004569 
train_loss: 0.004571 
test_loss: 0.004863 
train_loss: 0.004522 
test_loss: 0.004396 
train_loss: 0.004465 
test_loss: 0.004423 
train_loss: 0.004356 
test_loss: 0.004173 
train_loss: 0.004927 
test_loss: 0.004337 
train_loss: 0.004192 
test_loss: 0.004381 
train_loss: 0.004130 
test_loss: 0.004055 
train_loss: 0.003787 
test_loss: 0.003785 
train_loss: 0.004261 
test_loss: 0.004188 
train_loss: 0.003532 
test_loss: 0.003539 
train_loss: 0.003697 
test_loss: 0.003676 
train_loss: 0.003524 
test_loss: 0.003456 
train_loss: 0.003941 
test_loss: 0.003624 
train_loss: 0.003369 
test_loss: 0.003275 
train_loss: 0.003398 
test_loss: 0.003203 
train_loss: 0.003453 
test_loss: 0.003496 
train_loss: 0.003565 
test_loss: 0.003608 
train_loss: 0.003370 
test_loss: 0.003456 
train_loss: 0.003413 
test_loss: 0.003548 
train_loss: 0.003360 
test_loss: 0.003462 
train_loss: 0.003435 
test_loss: 0.003415 
train_loss: 0.003063 
test_loss: 0.003108 
train_loss: 0.003208 
test_loss: 0.003474 
train_loss: 0.003582 
test_loss: 0.003153 
train_loss: 0.003344 
test_loss: 0.003318 
