train_loss: 0.014109 
test_loss: 0.013940 
train_loss: 0.011755 
test_loss: 0.012405 
train_loss: 0.011857 
test_loss: 0.011658 
train_loss: 0.010910 
test_loss: 0.011463 
train_loss: 0.010922 
test_loss: 0.011639 
train_loss: 0.010402 
test_loss: 0.010059 
train_loss: 0.010530 
test_loss: 0.010210 
train_loss: 0.010635 
test_loss: 0.010239 
train_loss: 0.010034 
test_loss: 0.011145 
train_loss: 0.011082 
test_loss: 0.010425 
train_loss: 0.011131 
test_loss: 0.010108 
train_loss: 0.009963 
test_loss: 0.010368 
train_loss: 0.009727 
test_loss: 0.010051 
train_loss: 0.010012 
test_loss: 0.009566 
train_loss: 0.009513 
test_loss: 0.008668 
train_loss: 0.008461 
test_loss: 0.009057 
train_loss: 0.009239 
test_loss: 0.008564 
train_loss: 0.008537 
test_loss: 0.008859 
train_loss: 0.008603 
test_loss: 0.008429 
train_loss: 0.007619 
test_loss: 0.008147 
train_loss: 0.008070 
test_loss: 0.008033 
train_loss: 0.007390 
test_loss: 0.007830 
train_loss: 0.007498 
test_loss: 0.007586 
train_loss: 0.006644 
test_loss: 0.007065 
train_loss: 0.007881 
test_loss: 0.006997 
train_loss: 0.006942 
test_loss: 0.007435 
train_loss: 0.006925 
test_loss: 0.007166 
train_loss: 0.006782 
test_loss: 0.006951 
train_loss: 0.006617 
test_loss: 0.006497 
train_loss: 0.006394 
test_loss: 0.006511 
train_loss: 0.006562 
test_loss: 0.006856 
train_loss: 0.005666 
test_loss: 0.006097 
train_loss: 0.005274 
test_loss: 0.005806 
train_loss: 0.005591 
test_loss: 0.005761 
train_loss: 0.005458 
test_loss: 0.005767 
train_loss: 0.005865 
test_loss: 0.005544 
train_loss: 0.004930 
test_loss: 0.004752 
train_loss: 0.004735 
test_loss: 0.005054 
train_loss: 0.005105 
test_loss: 0.004996 
train_loss: 0.005050 
test_loss: 0.004874 
train_loss: 0.004656 
test_loss: 0.004833 
train_loss: 0.004835 
test_loss: 0.004613 
train_loss: 0.004475 
test_loss: 0.004769 
train_loss: 0.004534 
test_loss: 0.004537 
train_loss: 0.004835 
test_loss: 0.004994 
train_loss: 0.004774 
test_loss: 0.004672 
train_loss: 0.004174 
test_loss: 0.004462 
train_loss: 0.004368 
test_loss: 0.004289 
train_loss: 0.004222 
test_loss: 0.004405 
train_loss: 0.004596 
test_loss: 0.004421 
train_loss: 0.004137 
test_loss: 0.004359 
train_loss: 0.004485 
test_loss: 0.004489 
train_loss: 0.004236 
test_loss: 0.004625 
train_loss: 0.004061 
test_loss: 0.004245 
train_loss: 0.004849 
test_loss: 0.004572 
train_loss: 0.004509 
test_loss: 0.004760 
train_loss: 0.004248 
test_loss: 0.004320 
train_loss: 0.004085 
test_loss: 0.004112 
train_loss: 0.004421 
test_loss: 0.004184 
train_loss: 0.004041 
test_loss: 0.004159 
train_loss: 0.004193 
test_loss: 0.004063 
train_loss: 0.003088 
test_loss: 0.003242 
train_loss: 0.003348 
test_loss: 0.003487 
train_loss: 0.003624 
test_loss: 0.003513 
train_loss: 0.003041 
test_loss: 0.002901 
train_loss: 0.002805 
test_loss: 0.003309 
train_loss: 0.003062 
test_loss: 0.003223 
train_loss: 0.002628 
test_loss: 0.002647 
train_loss: 0.002703 
test_loss: 0.003035 
train_loss: 0.002953 
test_loss: 0.002997 
train_loss: 0.002866 
test_loss: 0.002931 
train_loss: 0.002546 
test_loss: 0.002543 
train_loss: 0.002808 
test_loss: 0.003086 
train_loss: 0.003207 
test_loss: 0.002927 
train_loss: 0.003021 
test_loss: 0.002745 
train_loss: 0.002776 
test_loss: 0.002675 
train_loss: 0.002584 
test_loss: 0.002973 
train_loss: 0.003569 
test_loss: 0.002963 
train_loss: 0.002598 
test_loss: 0.002928 
train_loss: 0.002604 
test_loss: 0.002838 
train_loss: 0.002597 
test_loss: 0.002961 
