train_loss: 0.014189 
test_loss: 0.015338 
train_loss: 0.012228 
test_loss: 0.011748 
train_loss: 0.011095 
test_loss: 0.011471 
train_loss: 0.011347 
test_loss: 0.011605 
train_loss: 0.010506 
test_loss: 0.010691 
train_loss: 0.010822 
test_loss: 0.011012 
train_loss: 0.010386 
test_loss: 0.010104 
train_loss: 0.009881 
test_loss: 0.010222 
train_loss: 0.009983 
test_loss: 0.010025 
train_loss: 0.009516 
test_loss: 0.009630 
train_loss: 0.009534 
test_loss: 0.009800 
train_loss: 0.010600 
test_loss: 0.009955 
train_loss: 0.010405 
test_loss: 0.009790 
train_loss: 0.009275 
test_loss: 0.009529 
train_loss: 0.009441 
test_loss: 0.009826 
train_loss: 0.009555 
test_loss: 0.009659 
train_loss: 0.010130 
test_loss: 0.009813 
train_loss: 0.008985 
test_loss: 0.009153 
train_loss: 0.010614 
test_loss: 0.009520 
train_loss: 0.009815 
test_loss: 0.009607 
train_loss: 0.009540 
test_loss: 0.009594 
train_loss: 0.009186 
test_loss: 0.009373 
train_loss: 0.009833 
test_loss: 0.009569 
train_loss: 0.009057 
test_loss: 0.009341 
train_loss: 0.009105 
test_loss: 0.009355 
train_loss: 0.009932 
test_loss: 0.010004 
train_loss: 0.009254 
test_loss: 0.009095 
train_loss: 0.010031 
test_loss: 0.009733 
train_loss: 0.009105 
test_loss: 0.008959 
train_loss: 0.008732 
test_loss: 0.009229 
train_loss: 0.009203 
test_loss: 0.008845 
train_loss: 0.008810 
test_loss: 0.009548 
train_loss: 0.008085 
test_loss: 0.008999 
train_loss: 0.009202 
test_loss: 0.009219 
train_loss: 0.008818 
test_loss: 0.009014 
train_loss: 0.008964 
test_loss: 0.009389 
train_loss: 0.009269 
test_loss: 0.009240 
train_loss: 0.009180 
test_loss: 0.009438 
train_loss: 0.009595 
test_loss: 0.009047 
train_loss: 0.009949 
test_loss: 0.009121 
train_loss: 0.008630 
test_loss: 0.009033 
