train_loss: 0.014622 
test_loss: 0.013798 
train_loss: 0.011847 
test_loss: 0.011427 
train_loss: 0.010552 
test_loss: 0.011710 
train_loss: 0.010913 
test_loss: 0.011735 
train_loss: 0.010137 
test_loss: 0.010432 
train_loss: 0.010613 
test_loss: 0.009979 
train_loss: 0.009807 
test_loss: 0.010592 
train_loss: 0.009655 
test_loss: 0.009608 
train_loss: 0.009589 
test_loss: 0.010121 
train_loss: 0.010194 
test_loss: 0.009789 
train_loss: 0.009623 
test_loss: 0.009917 
train_loss: 0.010170 
test_loss: 0.008984 
train_loss: 0.008967 
test_loss: 0.008896 
train_loss: 0.008910 
test_loss: 0.008722 
train_loss: 0.009658 
test_loss: 0.009566 
train_loss: 0.008402 
test_loss: 0.008349 
train_loss: 0.008493 
test_loss: 0.008601 
train_loss: 0.008287 
test_loss: 0.008609 
train_loss: 0.007963 
test_loss: 0.008406 
train_loss: 0.008164 
test_loss: 0.008048 
train_loss: 0.008161 
test_loss: 0.008081 
train_loss: 0.007141 
test_loss: 0.007648 
train_loss: 0.006932 
test_loss: 0.007018 
train_loss: 0.007180 
test_loss: 0.007446 
train_loss: 0.006948 
test_loss: 0.006709 
train_loss: 0.007050 
test_loss: 0.006546 
train_loss: 0.006676 
test_loss: 0.006352 
train_loss: 0.006910 
test_loss: 0.006132 
train_loss: 0.006509 
test_loss: 0.005989 
train_loss: 0.006035 
test_loss: 0.006017 
train_loss: 0.005318 
test_loss: 0.006138 
train_loss: 0.005797 
test_loss: 0.005589 
train_loss: 0.005181 
test_loss: 0.005665 
train_loss: 0.005255 
test_loss: 0.004819 
train_loss: 0.005550 
test_loss: 0.004869 
train_loss: 0.005592 
test_loss: 0.005279 
train_loss: 0.004764 
test_loss: 0.005174 
train_loss: 0.004790 
test_loss: 0.004949 
train_loss: 0.004283 
test_loss: 0.004294 
train_loss: 0.004656 
test_loss: 0.004429 
train_loss: 0.004131 
test_loss: 0.003982 
train_loss: 0.004165 
test_loss: 0.003929 
train_loss: 0.004229 
test_loss: 0.004186 
train_loss: 0.003814 
test_loss: 0.003269 
train_loss: 0.003576 
test_loss: 0.003453 
train_loss: 0.003520 
test_loss: 0.003625 
train_loss: 0.003513 
test_loss: 0.003461 
train_loss: 0.003502 
test_loss: 0.003803 
train_loss: 0.003110 
test_loss: 0.003442 
train_loss: 0.003463 
test_loss: 0.003342 
train_loss: 0.003185 
test_loss: 0.003296 
train_loss: 0.003297 
test_loss: 0.003491 
train_loss: 0.003397 
test_loss: 0.003507 
train_loss: 0.003510 
test_loss: 0.003532 
train_loss: 0.003130 
test_loss: 0.003067 
train_loss: 0.003064 
test_loss: 0.002848 
train_loss: 0.003294 
test_loss: 0.003074 
train_loss: 0.002868 
test_loss: 0.002995 
train_loss: 0.003173 
test_loss: 0.003004 
train_loss: 0.003083 
test_loss: 0.003073 
train_loss: 0.002963 
test_loss: 0.003088 
train_loss: 0.002773 
test_loss: 0.002952 
train_loss: 0.003261 
test_loss: 0.003116 
train_loss: 0.003033 
test_loss: 0.003027 
train_loss: 0.003187 
test_loss: 0.003228 
train_loss: 0.002736 
test_loss: 0.003041 
train_loss: 0.002802 
test_loss: 0.003023 
train_loss: 0.002896 
test_loss: 0.002847 
train_loss: 0.002675 
test_loss: 0.002696 
train_loss: 0.002470 
test_loss: 0.002622 
train_loss: 0.002722 
test_loss: 0.002764 
train_loss: 0.002779 
test_loss: 0.002785 
train_loss: 0.002822 
test_loss: 0.002818 
train_loss: 0.002930 
test_loss: 0.002734 
train_loss: 0.002992 
test_loss: 0.002868 
train_loss: 0.002461 
test_loss: 0.002567 
train_loss: 0.002572 
test_loss: 0.002766 
train_loss: 0.002649 
test_loss: 0.002440 
train_loss: 0.002708 
test_loss: 0.002576 
train_loss: 0.002840 
test_loss: 0.002741 
train_loss: 0.002736 
test_loss: 0.002866 
