train_loss: 0.012902 
test_loss: 0.013836 
train_loss: 0.011835 
test_loss: 0.011585 
train_loss: 0.010745 
test_loss: 0.012270 
train_loss: 0.010261 
test_loss: 0.010785 
train_loss: 0.009894 
test_loss: 0.010288 
train_loss: 0.009989 
test_loss: 0.010827 
train_loss: 0.009906 
test_loss: 0.009972 
train_loss: 0.009725 
test_loss: 0.010113 
train_loss: 0.010104 
test_loss: 0.010012 
train_loss: 0.010298 
test_loss: 0.010680 
train_loss: 0.009317 
test_loss: 0.009718 
train_loss: 0.009648 
test_loss: 0.009871 
train_loss: 0.009464 
test_loss: 0.009834 
train_loss: 0.009315 
test_loss: 0.009513 
train_loss: 0.009764 
test_loss: 0.009536 
train_loss: 0.009984 
test_loss: 0.010003 
train_loss: 0.009530 
test_loss: 0.009842 
train_loss: 0.009670 
test_loss: 0.009256 
train_loss: 0.009628 
test_loss: 0.009592 
train_loss: 0.009840 
test_loss: 0.009336 
train_loss: 0.010153 
test_loss: 0.009763 
