train_loss: 0.468999 
test_loss: 0.472358 
train_loss: 0.440381 
test_loss: 0.446748 
train_loss: 0.422458 
test_loss: 0.412396 
train_loss: 0.386701 
test_loss: 0.370786 
train_loss: 0.325255 
test_loss: 0.322867 
train_loss: 0.257161 
test_loss: 0.268979 
train_loss: 0.205357 
test_loss: 0.209809 
train_loss: 0.148977 
test_loss: 0.145080 
train_loss: 0.084176 
test_loss: 0.083485 
train_loss: 0.061065 
test_loss: 0.061905 
train_loss: 0.053795 
test_loss: 0.055053 
train_loss: 0.051582 
test_loss: 0.051414 
train_loss: 0.048875 
test_loss: 0.048214 
train_loss: 0.045238 
test_loss: 0.044333 
train_loss: 0.038234 
test_loss: 0.039205 
train_loss: 0.032290 
test_loss: 0.033120 
train_loss: 0.025916 
test_loss: 0.026810 
train_loss: 0.021835 
test_loss: 0.021201 
train_loss: 0.016343 
test_loss: 0.016976 
train_loss: 0.013606 
test_loss: 0.014454 
train_loss: 0.012678 
test_loss: 0.013037 
train_loss: 0.012818 
test_loss: 0.012828 
train_loss: 0.012030 
test_loss: 0.011836 
train_loss: 0.010483 
test_loss: 0.010774 
train_loss: 0.010900 
test_loss: 0.010982 
train_loss: 0.010900 
test_loss: 0.010720 
train_loss: 0.010147 
test_loss: 0.010417 
train_loss: 0.010104 
test_loss: 0.010551 
train_loss: 0.010319 
test_loss: 0.010859 
train_loss: 0.010368 
test_loss: 0.010669 
train_loss: 0.010305 
test_loss: 0.010073 
train_loss: 0.010416 
test_loss: 0.010493 
train_loss: 0.010517 
test_loss: 0.010485 
train_loss: 0.009919 
test_loss: 0.009751 
train_loss: 0.009409 
test_loss: 0.010148 
train_loss: 0.010268 
test_loss: 0.009624 
train_loss: 0.009555 
test_loss: 0.009658 
train_loss: 0.009895 
test_loss: 0.009782 
train_loss: 0.009363 
test_loss: 0.009215 
train_loss: 0.009541 
test_loss: 0.009343 
train_loss: 0.008698 
test_loss: 0.008782 
train_loss: 0.009057 
test_loss: 0.009111 
train_loss: 0.008484 
test_loss: 0.008626 
train_loss: 0.008777 
test_loss: 0.008826 
train_loss: 0.007979 
test_loss: 0.008391 
train_loss: 0.008003 
test_loss: 0.008194 
train_loss: 0.007078 
test_loss: 0.007265 
train_loss: 0.007725 
test_loss: 0.007314 
train_loss: 0.006130 
test_loss: 0.006295 
train_loss: 0.005739 
test_loss: 0.005678 
train_loss: 0.004974 
test_loss: 0.005105 
train_loss: 0.005074 
test_loss: 0.004970 
train_loss: 0.005050 
test_loss: 0.005074 
train_loss: 0.004765 
test_loss: 0.004498 
train_loss: 0.004554 
test_loss: 0.004451 
train_loss: 0.004681 
test_loss: 0.005026 
train_loss: 0.004388 
test_loss: 0.004298 
train_loss: 0.004440 
test_loss: 0.004225 
train_loss: 0.004198 
test_loss: 0.004184 
train_loss: 0.004535 
test_loss: 0.003791 
train_loss: 0.003571 
test_loss: 0.004100 
train_loss: 0.003606 
test_loss: 0.003725 
train_loss: 0.003615 
test_loss: 0.003872 
train_loss: 0.004442 
test_loss: 0.003837 
train_loss: 0.003608 
test_loss: 0.003523 
train_loss: 0.003581 
test_loss: 0.003754 
train_loss: 0.003527 
test_loss: 0.003604 
train_loss: 0.003496 
test_loss: 0.003680 
train_loss: 0.003706 
test_loss: 0.003807 
train_loss: 0.003353 
test_loss: 0.003642 
train_loss: 0.003549 
test_loss: 0.003864 
train_loss: 0.003507 
test_loss: 0.003463 
train_loss: 0.003729 
test_loss: 0.003584 
train_loss: 0.003678 
test_loss: 0.003535 
train_loss: 0.003388 
test_loss: 0.003307 
train_loss: 0.003502 
test_loss: 0.003478 
train_loss: 0.003214 
test_loss: 0.003644 
train_loss: 0.002982 
test_loss: 0.003290 
train_loss: 0.003517 
test_loss: 0.003077 
train_loss: 0.003319 
test_loss: 0.003164 
train_loss: 0.003456 
test_loss: 0.003659 
train_loss: 0.002984 
test_loss: 0.003078 
train_loss: 0.003460 
test_loss: 0.003447 
train_loss: 0.002907 
test_loss: 0.003098 
train_loss: 0.003036 
test_loss: 0.002991 
train_loss: 0.003060 
test_loss: 0.003132 
train_loss: 0.002946 
test_loss: 0.002865 
train_loss: 0.002702 
test_loss: 0.002857 
train_loss: 0.002913 
test_loss: 0.003145 
train_loss: 0.003917 
test_loss: 0.003408 
train_loss: 0.002857 
test_loss: 0.002994 
train_loss: 0.002819 
test_loss: 0.002963 
train_loss: 0.002714 
test_loss: 0.002786 
train_loss: 0.002814 
test_loss: 0.003134 
train_loss: 0.003141 
test_loss: 0.002910 
train_loss: 0.002791 
test_loss: 0.002871 
train_loss: 0.003389 
test_loss: 0.003331 
train_loss: 0.002544 
test_loss: 0.002672 
train_loss: 0.002936 
test_loss: 0.003209 
train_loss: 0.002807 
test_loss: 0.002704 
train_loss: 0.002804 
test_loss: 0.002923 
train_loss: 0.002783 
test_loss: 0.002829 
train_loss: 0.002809 
test_loss: 0.002729 
train_loss: 0.002735 
test_loss: 0.002796 
train_loss: 0.002977 
test_loss: 0.002791 
train_loss: 0.002551 
test_loss: 0.002591 
train_loss: 0.002792 
test_loss: 0.002796 
train_loss: 0.002572 
test_loss: 0.002723 
train_loss: 0.002869 
test_loss: 0.002869 
train_loss: 0.002682 
test_loss: 0.002623 
train_loss: 0.002489 
test_loss: 0.002575 
train_loss: 0.003028 
test_loss: 0.002714 
train_loss: 0.002452 
test_loss: 0.002559 
train_loss: 0.002538 
test_loss: 0.002429 
train_loss: 0.002721 
test_loss: 0.002727 
train_loss: 0.002634 
test_loss: 0.002664 
train_loss: 0.002818 
test_loss: 0.002945 
train_loss: 0.002504 
test_loss: 0.002643 
train_loss: 0.002358 
test_loss: 0.002606 
train_loss: 0.002681 
test_loss: 0.002405 
train_loss: 0.002364 
test_loss: 0.002531 
train_loss: 0.002572 
test_loss: 0.002614 
train_loss: 0.002641 
test_loss: 0.002672 
train_loss: 0.002469 
test_loss: 0.002518 
train_loss: 0.002737 
test_loss: 0.002698 
train_loss: 0.002638 
test_loss: 0.002449 
train_loss: 0.002832 
test_loss: 0.002464 
train_loss: 0.002518 
test_loss: 0.002370 
train_loss: 0.002367 
test_loss: 0.002482 
train_loss: 0.002298 
test_loss: 0.002301 
train_loss: 0.002313 
test_loss: 0.002362 
train_loss: 0.002454 
test_loss: 0.002673 
train_loss: 0.002617 
test_loss: 0.002322 
train_loss: 0.002286 
test_loss: 0.002502 
train_loss: 0.002363 
test_loss: 0.002558 
train_loss: 0.002310 
test_loss: 0.002505 
train_loss: 0.002264 
test_loss: 0.002434 
train_loss: 0.002561 
test_loss: 0.002472 
train_loss: 0.002470 
test_loss: 0.002718 
train_loss: 0.002383 
test_loss: 0.002176 
train_loss: 0.002239 
test_loss: 0.002236 
train_loss: 0.002234 
test_loss: 0.002187 
train_loss: 0.002384 
test_loss: 0.002350 
train_loss: 0.002154 
test_loss: 0.002210 
train_loss: 0.002460 
test_loss: 0.002353 
train_loss: 0.002262 
test_loss: 0.002322 
train_loss: 0.002162 
test_loss: 0.002397 
train_loss: 0.002175 
test_loss: 0.002280 
train_loss: 0.002213 
test_loss: 0.002257 
train_loss: 0.002324 
test_loss: 0.002345 
train_loss: 0.002560 
test_loss: 0.002408 
