train_loss: 0.015101 
test_loss: 0.015795 
train_loss: 0.012158 
test_loss: 0.011623 
train_loss: 0.012361 
test_loss: 0.011303 
train_loss: 0.011139 
test_loss: 0.010927 
train_loss: 0.010701 
test_loss: 0.011385 
train_loss: 0.009855 
test_loss: 0.010643 
train_loss: 0.011221 
test_loss: 0.010818 
train_loss: 0.011279 
test_loss: 0.010571 
train_loss: 0.009954 
test_loss: 0.009865 
train_loss: 0.009737 
test_loss: 0.010337 
train_loss: 0.009903 
test_loss: 0.009673 
train_loss: 0.009043 
test_loss: 0.008876 
train_loss: 0.009865 
test_loss: 0.009454 
train_loss: 0.008093 
test_loss: 0.008976 
train_loss: 0.008674 
test_loss: 0.009183 
train_loss: 0.008457 
test_loss: 0.008177 
train_loss: 0.007885 
test_loss: 0.008004 
train_loss: 0.008007 
test_loss: 0.008392 
train_loss: 0.007570 
test_loss: 0.008476 
train_loss: 0.007345 
test_loss: 0.007184 
train_loss: 0.007962 
test_loss: 0.007225 
train_loss: 0.006447 
test_loss: 0.007296 
train_loss: 0.006808 
test_loss: 0.006856 
train_loss: 0.006301 
test_loss: 0.006764 
train_loss: 0.006647 
test_loss: 0.006023 
train_loss: 0.006141 
test_loss: 0.005893 
train_loss: 0.006086 
test_loss: 0.005695 
train_loss: 0.005818 
test_loss: 0.005946 
train_loss: 0.005235 
test_loss: 0.004920 
train_loss: 0.004878 
test_loss: 0.004849 
train_loss: 0.004725 
test_loss: 0.004202 
train_loss: 0.004385 
test_loss: 0.004215 
train_loss: 0.004280 
test_loss: 0.004159 
train_loss: 0.004235 
test_loss: 0.003878 
train_loss: 0.003888 
test_loss: 0.003812 
train_loss: 0.003482 
test_loss: 0.003721 
train_loss: 0.003773 
test_loss: 0.003888 
train_loss: 0.003693 
test_loss: 0.003849 
train_loss: 0.003801 
test_loss: 0.003745 
train_loss: 0.002972 
test_loss: 0.003239 
train_loss: 0.003847 
test_loss: 0.003514 
train_loss: 0.003362 
test_loss: 0.003273 
train_loss: 0.003328 
test_loss: 0.003479 
train_loss: 0.003067 
test_loss: 0.003838 
train_loss: 0.002959 
test_loss: 0.003180 
train_loss: 0.003521 
test_loss: 0.003622 
train_loss: 0.003265 
test_loss: 0.003503 
train_loss: 0.003302 
test_loss: 0.003259 
train_loss: 0.003083 
test_loss: 0.003291 
train_loss: 0.003394 
test_loss: 0.003152 
train_loss: 0.003097 
test_loss: 0.003160 
train_loss: 0.002936 
test_loss: 0.003229 
train_loss: 0.003446 
test_loss: 0.003185 
train_loss: 0.003071 
test_loss: 0.003042 
train_loss: 0.003352 
test_loss: 0.003398 
train_loss: 0.003447 
test_loss: 0.002997 
train_loss: 0.003237 
test_loss: 0.003306 
train_loss: 0.002845 
test_loss: 0.003195 
train_loss: 0.003357 
test_loss: 0.002981 
train_loss: 0.002962 
test_loss: 0.002932 
train_loss: 0.002960 
test_loss: 0.003023 
train_loss: 0.003514 
test_loss: 0.003002 
train_loss: 0.003417 
test_loss: 0.002916 
train_loss: 0.002508 
test_loss: 0.002629 
train_loss: 0.002970 
test_loss: 0.003142 
train_loss: 0.002866 
test_loss: 0.002800 
train_loss: 0.003041 
test_loss: 0.003260 
train_loss: 0.003278 
test_loss: 0.003141 
train_loss: 0.002692 
test_loss: 0.002644 
train_loss: 0.002619 
test_loss: 0.002511 
train_loss: 0.002602 
test_loss: 0.002473 
train_loss: 0.003148 
test_loss: 0.002977 
train_loss: 0.002928 
test_loss: 0.003146 
train_loss: 0.002998 
test_loss: 0.002960 
train_loss: 0.002722 
test_loss: 0.002648 
train_loss: 0.003065 
test_loss: 0.002969 
train_loss: 0.002938 
test_loss: 0.002798 
train_loss: 0.002572 
test_loss: 0.002847 
train_loss: 0.002680 
test_loss: 0.002760 
train_loss: 0.002797 
test_loss: 0.002655 
train_loss: 0.002999 
test_loss: 0.002777 
