train_loss: 0.014576 
test_loss: 0.014961 
train_loss: 0.012579 
test_loss: 0.012443 
train_loss: 0.011037 
test_loss: 0.010853 
train_loss: 0.011200 
test_loss: 0.011081 
train_loss: 0.011318 
test_loss: 0.011472 
train_loss: 0.010322 
test_loss: 0.010202 
train_loss: 0.010222 
test_loss: 0.010807 
train_loss: 0.011692 
test_loss: 0.010350 
train_loss: 0.009960 
test_loss: 0.009938 
train_loss: 0.009573 
test_loss: 0.009907 
train_loss: 0.009901 
test_loss: 0.010046 
train_loss: 0.010282 
test_loss: 0.009896 
train_loss: 0.010329 
test_loss: 0.010804 
train_loss: 0.009108 
test_loss: 0.009756 
train_loss: 0.010090 
test_loss: 0.009755 
train_loss: 0.009333 
test_loss: 0.009762 
train_loss: 0.009601 
test_loss: 0.009545 
train_loss: 0.009091 
test_loss: 0.009437 
train_loss: 0.009765 
test_loss: 0.009312 
train_loss: 0.009796 
test_loss: 0.009724 
train_loss: 0.009666 
test_loss: 0.009589 
train_loss: 0.009127 
test_loss: 0.009612 
train_loss: 0.009928 
test_loss: 0.009509 
train_loss: 0.009446 
test_loss: 0.009339 
train_loss: 0.009398 
test_loss: 0.009412 
train_loss: 0.009320 
test_loss: 0.008993 
train_loss: 0.009840 
test_loss: 0.009515 
train_loss: 0.008763 
test_loss: 0.009205 
train_loss: 0.009209 
test_loss: 0.010028 
train_loss: 0.009621 
test_loss: 0.009398 
train_loss: 0.009097 
test_loss: 0.009246 
train_loss: 0.009811 
test_loss: 0.009602 
train_loss: 0.009375 
test_loss: 0.009114 
train_loss: 0.009754 
test_loss: 0.008903 
train_loss: 0.009707 
test_loss: 0.009273 
train_loss: 0.009102 
test_loss: 0.009346 
train_loss: 0.009618 
test_loss: 0.009263 
train_loss: 0.010058 
test_loss: 0.008903 
train_loss: 0.009361 
test_loss: 0.009483 
train_loss: 0.009168 
test_loss: 0.008749 
train_loss: 0.008568 
test_loss: 0.008927 
train_loss: 0.009421 
test_loss: 0.008963 
train_loss: 0.009327 
test_loss: 0.008829 
train_loss: 0.009611 
test_loss: 0.009139 
train_loss: 0.009744 
test_loss: 0.009271 
train_loss: 0.008958 
test_loss: 0.009005 
train_loss: 0.008806 
test_loss: 0.009503 
train_loss: 0.008958 
test_loss: 0.009139 
train_loss: 0.008381 
test_loss: 0.008865 
train_loss: 0.009037 
test_loss: 0.008967 
train_loss: 0.009113 
test_loss: 0.009115 
