train_loss: 0.253270 
test_loss: 0.260750 
train_loss: 0.055908 
test_loss: 0.057454 
train_loss: 0.051439 
test_loss: 0.053149 
train_loss: 0.052396 
test_loss: 0.050769 
train_loss: 0.045021 
test_loss: 0.045967 
train_loss: 0.035784 
test_loss: 0.036939 
train_loss: 0.026064 
test_loss: 0.025802 
train_loss: 0.018017 
test_loss: 0.017640 
train_loss: 0.014361 
test_loss: 0.014183 
train_loss: 0.013380 
test_loss: 0.012910 
train_loss: 0.011523 
test_loss: 0.011829 
train_loss: 0.010480 
test_loss: 0.011498 
train_loss: 0.010731 
test_loss: 0.011109 
train_loss: 0.011504 
test_loss: 0.010410 
train_loss: 0.010420 
test_loss: 0.010402 
train_loss: 0.010188 
test_loss: 0.010075 
train_loss: 0.010011 
test_loss: 0.009888 
train_loss: 0.010066 
test_loss: 0.009944 
train_loss: 0.009794 
test_loss: 0.009520 
train_loss: 0.009365 
test_loss: 0.009674 
train_loss: 0.009314 
test_loss: 0.009570 
train_loss: 0.010012 
test_loss: 0.009330 
train_loss: 0.010473 
test_loss: 0.009610 
train_loss: 0.010281 
test_loss: 0.010568 
train_loss: 0.010342 
test_loss: 0.009674 
train_loss: 0.009717 
test_loss: 0.009755 
train_loss: 0.009440 
test_loss: 0.009483 
train_loss: 0.009473 
test_loss: 0.009196 
train_loss: 0.009260 
test_loss: 0.009455 
train_loss: 0.008800 
test_loss: 0.008991 
train_loss: 0.009243 
test_loss: 0.008682 
train_loss: 0.008075 
test_loss: 0.008219 
train_loss: 0.007676 
test_loss: 0.007725 
train_loss: 0.007257 
test_loss: 0.007416 
train_loss: 0.007241 
test_loss: 0.007612 
train_loss: 0.006380 
test_loss: 0.006795 
train_loss: 0.005728 
test_loss: 0.005634 
train_loss: 0.005514 
test_loss: 0.005517 
train_loss: 0.004845 
test_loss: 0.005474 
train_loss: 0.004687 
test_loss: 0.004913 
train_loss: 0.004528 
test_loss: 0.005088 
train_loss: 0.004902 
test_loss: 0.004696 
train_loss: 0.004442 
test_loss: 0.004278 
train_loss: 0.004348 
test_loss: 0.004369 
train_loss: 0.004520 
test_loss: 0.004554 
train_loss: 0.004631 
test_loss: 0.004942 
train_loss: 0.004353 
test_loss: 0.004182 
train_loss: 0.003776 
test_loss: 0.003730 
train_loss: 0.004357 
test_loss: 0.003932 
train_loss: 0.003913 
test_loss: 0.003982 
train_loss: 0.003698 
test_loss: 0.003942 
train_loss: 0.004142 
test_loss: 0.004117 
train_loss: 0.003844 
test_loss: 0.003660 
train_loss: 0.003956 
test_loss: 0.003747 
train_loss: 0.003765 
test_loss: 0.003727 
train_loss: 0.003694 
test_loss: 0.003515 
train_loss: 0.003666 
test_loss: 0.003626 
train_loss: 0.003772 
test_loss: 0.003699 
train_loss: 0.004000 
test_loss: 0.003667 
train_loss: 0.003747 
test_loss: 0.003528 
train_loss: 0.003578 
test_loss: 0.003476 
train_loss: 0.003207 
test_loss: 0.003386 
train_loss: 0.003510 
test_loss: 0.003479 
train_loss: 0.003208 
test_loss: 0.003175 
train_loss: 0.003203 
test_loss: 0.003677 
train_loss: 0.003370 
test_loss: 0.003332 
train_loss: 0.003556 
test_loss: 0.003231 
train_loss: 0.003037 
test_loss: 0.003189 
train_loss: 0.003361 
test_loss: 0.003339 
train_loss: 0.002934 
test_loss: 0.003053 
train_loss: 0.003184 
test_loss: 0.003074 
train_loss: 0.003339 
test_loss: 0.003286 
train_loss: 0.003197 
test_loss: 0.003126 
train_loss: 0.003025 
test_loss: 0.002879 
train_loss: 0.003088 
test_loss: 0.003001 
train_loss: 0.003469 
test_loss: 0.003209 
train_loss: 0.003243 
test_loss: 0.003104 
train_loss: 0.003200 
test_loss: 0.003207 
train_loss: 0.002974 
test_loss: 0.003293 
train_loss: 0.003194 
test_loss: 0.003062 
train_loss: 0.003361 
test_loss: 0.003206 
