train_loss: 0.014593 
test_loss: 0.014017 
train_loss: 0.013727 
test_loss: 0.012804 
train_loss: 0.012084 
test_loss: 0.011565 
train_loss: 0.010850 
test_loss: 0.011749 
train_loss: 0.011158 
test_loss: 0.010269 
train_loss: 0.010501 
test_loss: 0.010055 
train_loss: 0.011252 
test_loss: 0.011173 
train_loss: 0.010372 
test_loss: 0.010663 
train_loss: 0.009064 
test_loss: 0.010410 
train_loss: 0.009290 
test_loss: 0.010136 
train_loss: 0.009118 
test_loss: 0.009525 
train_loss: 0.010360 
test_loss: 0.010036 
train_loss: 0.009796 
test_loss: 0.010039 
train_loss: 0.010810 
test_loss: 0.009510 
train_loss: 0.009996 
test_loss: 0.009852 
train_loss: 0.010034 
test_loss: 0.009733 
train_loss: 0.009448 
test_loss: 0.009404 
train_loss: 0.009352 
test_loss: 0.009135 
train_loss: 0.008746 
test_loss: 0.009380 
train_loss: 0.009766 
test_loss: 0.009576 
train_loss: 0.010042 
test_loss: 0.009235 
train_loss: 0.009397 
test_loss: 0.009282 
train_loss: 0.009240 
test_loss: 0.008957 
train_loss: 0.010058 
test_loss: 0.009628 
train_loss: 0.009872 
test_loss: 0.009312 
train_loss: 0.009324 
test_loss: 0.009708 
train_loss: 0.009044 
test_loss: 0.009177 
train_loss: 0.009206 
test_loss: 0.009593 
train_loss: 0.009000 
test_loss: 0.009333 
train_loss: 0.009738 
test_loss: 0.009284 
train_loss: 0.008307 
test_loss: 0.009331 
