train_loss: 0.013572 
test_loss: 0.013705 
train_loss: 0.012492 
test_loss: 0.011986 
train_loss: 0.012138 
test_loss: 0.011833 
train_loss: 0.010878 
test_loss: 0.012387 
train_loss: 0.010380 
test_loss: 0.011035 
train_loss: 0.010876 
test_loss: 0.010148 
train_loss: 0.010241 
test_loss: 0.010304 
train_loss: 0.010915 
test_loss: 0.010706 
train_loss: 0.009927 
test_loss: 0.010147 
train_loss: 0.009828 
test_loss: 0.009586 
train_loss: 0.009066 
test_loss: 0.009825 
train_loss: 0.009502 
test_loss: 0.009928 
train_loss: 0.009651 
test_loss: 0.009464 
train_loss: 0.009598 
test_loss: 0.009071 
train_loss: 0.008553 
test_loss: 0.008475 
train_loss: 0.009449 
test_loss: 0.008854 
train_loss: 0.008271 
test_loss: 0.008154 
train_loss: 0.008986 
test_loss: 0.008548 
train_loss: 0.007670 
test_loss: 0.008167 
train_loss: 0.008004 
test_loss: 0.007688 
train_loss: 0.008218 
test_loss: 0.008013 
train_loss: 0.007827 
test_loss: 0.008159 
train_loss: 0.007404 
test_loss: 0.007239 
train_loss: 0.007365 
test_loss: 0.007447 
train_loss: 0.007936 
test_loss: 0.007555 
train_loss: 0.007314 
test_loss: 0.007095 
train_loss: 0.006978 
test_loss: 0.007189 
train_loss: 0.007530 
test_loss: 0.006841 
train_loss: 0.006874 
test_loss: 0.006552 
train_loss: 0.006699 
test_loss: 0.006655 
train_loss: 0.006955 
test_loss: 0.006585 
train_loss: 0.006272 
test_loss: 0.007042 
train_loss: 0.007233 
test_loss: 0.006539 
train_loss: 0.006530 
test_loss: 0.006453 
train_loss: 0.006757 
test_loss: 0.007037 
train_loss: 0.006565 
test_loss: 0.006731 
train_loss: 0.006116 
test_loss: 0.006572 
train_loss: 0.006149 
test_loss: 0.005816 
train_loss: 0.006255 
test_loss: 0.006247 
train_loss: 0.006327 
test_loss: 0.006166 
train_loss: 0.006129 
test_loss: 0.005987 
train_loss: 0.006461 
test_loss: 0.005901 
train_loss: 0.006237 
test_loss: 0.006197 
train_loss: 0.005802 
test_loss: 0.006582 
train_loss: 0.006293 
test_loss: 0.006316 
train_loss: 0.005979 
test_loss: 0.005659 
train_loss: 0.006034 
test_loss: 0.006056 
train_loss: 0.006206 
test_loss: 0.005944 
train_loss: 0.005555 
test_loss: 0.006284 
train_loss: 0.006453 
test_loss: 0.006686 
train_loss: 0.005874 
test_loss: 0.006145 
