train_loss: 0.015232 
test_loss: 0.014646 
train_loss: 0.011632 
test_loss: 0.011410 
train_loss: 0.011751 
test_loss: 0.010754 
train_loss: 0.011327 
test_loss: 0.010454 
train_loss: 0.010527 
test_loss: 0.011274 
train_loss: 0.010034 
test_loss: 0.009900 
train_loss: 0.009152 
test_loss: 0.010512 
train_loss: 0.010746 
test_loss: 0.010478 
train_loss: 0.009465 
test_loss: 0.009646 
train_loss: 0.009623 
test_loss: 0.010763 
train_loss: 0.009342 
test_loss: 0.010176 
train_loss: 0.010090 
test_loss: 0.009896 
train_loss: 0.009950 
test_loss: 0.009974 
train_loss: 0.009884 
test_loss: 0.009738 
train_loss: 0.009662 
test_loss: 0.009880 
train_loss: 0.009254 
test_loss: 0.010153 
train_loss: 0.010000 
test_loss: 0.009408 
train_loss: 0.009629 
test_loss: 0.009784 
train_loss: 0.008998 
test_loss: 0.009661 
train_loss: 0.008709 
test_loss: 0.009564 
train_loss: 0.009096 
test_loss: 0.008843 
train_loss: 0.009480 
test_loss: 0.008814 
train_loss: 0.008811 
test_loss: 0.008859 
train_loss: 0.009109 
test_loss: 0.008796 
train_loss: 0.008965 
test_loss: 0.008376 
train_loss: 0.008831 
test_loss: 0.008696 
train_loss: 0.007606 
test_loss: 0.008186 
train_loss: 0.008482 
test_loss: 0.008452 
train_loss: 0.008867 
test_loss: 0.008576 
train_loss: 0.007873 
test_loss: 0.008239 
train_loss: 0.008699 
test_loss: 0.008281 
train_loss: 0.007870 
test_loss: 0.007907 
train_loss: 0.007997 
test_loss: 0.008300 
train_loss: 0.008228 
test_loss: 0.008153 
train_loss: 0.007755 
test_loss: 0.008064 
train_loss: 0.007494 
test_loss: 0.007965 
train_loss: 0.008017 
test_loss: 0.008357 
train_loss: 0.008790 
test_loss: 0.008531 
train_loss: 0.008361 
test_loss: 0.008326 
train_loss: 0.008311 
test_loss: 0.007970 
train_loss: 0.007953 
test_loss: 0.008081 
train_loss: 0.008199 
test_loss: 0.008325 
train_loss: 0.008340 
test_loss: 0.008234 
train_loss: 0.007550 
test_loss: 0.008140 
train_loss: 0.008335 
test_loss: 0.007955 
train_loss: 0.008072 
test_loss: 0.008082 
train_loss: 0.007457 
test_loss: 0.008377 
train_loss: 0.008098 
test_loss: 0.008188 
train_loss: 0.008058 
test_loss: 0.008067 
train_loss: 0.007971 
test_loss: 0.008092 
train_loss: 0.008038 
test_loss: 0.008571 
