train_loss: 0.015029 
test_loss: 0.015278 
train_loss: 0.011272 
test_loss: 0.011640 
train_loss: 0.011702 
test_loss: 0.012448 
train_loss: 0.010911 
test_loss: 0.012337 
train_loss: 0.011164 
test_loss: 0.010798 
train_loss: 0.010046 
test_loss: 0.010329 
train_loss: 0.010634 
test_loss: 0.010143 
train_loss: 0.010669 
test_loss: 0.011143 
train_loss: 0.010738 
test_loss: 0.010472 
train_loss: 0.010451 
test_loss: 0.010089 
train_loss: 0.008652 
test_loss: 0.009578 
train_loss: 0.009576 
test_loss: 0.009280 
train_loss: 0.009998 
test_loss: 0.009890 
train_loss: 0.009728 
test_loss: 0.009416 
train_loss: 0.010371 
test_loss: 0.009776 
train_loss: 0.009147 
test_loss: 0.009529 
train_loss: 0.009946 
test_loss: 0.010307 
train_loss: 0.010366 
test_loss: 0.009690 
train_loss: 0.008970 
test_loss: 0.009291 
train_loss: 0.009705 
test_loss: 0.009852 
train_loss: 0.010233 
test_loss: 0.009808 
