train_loss: 0.013645 
test_loss: 0.014183 
train_loss: 0.011626 
test_loss: 0.011850 
train_loss: 0.011115 
test_loss: 0.011449 
train_loss: 0.010365 
test_loss: 0.010297 
train_loss: 0.011218 
test_loss: 0.010985 
train_loss: 0.012067 
test_loss: 0.010653 
train_loss: 0.010064 
test_loss: 0.010268 
train_loss: 0.009483 
test_loss: 0.010058 
train_loss: 0.009809 
test_loss: 0.009618 
train_loss: 0.010288 
test_loss: 0.009640 
train_loss: 0.009290 
test_loss: 0.009658 
train_loss: 0.009768 
test_loss: 0.009551 
train_loss: 0.009975 
test_loss: 0.009676 
train_loss: 0.009441 
test_loss: 0.009705 
train_loss: 0.009900 
test_loss: 0.010030 
train_loss: 0.009813 
test_loss: 0.009480 
train_loss: 0.009043 
test_loss: 0.009261 
train_loss: 0.009767 
test_loss: 0.009471 
train_loss: 0.008882 
test_loss: 0.009054 
train_loss: 0.009005 
test_loss: 0.009459 
train_loss: 0.010472 
test_loss: 0.009147 
train_loss: 0.008751 
test_loss: 0.008865 
train_loss: 0.008551 
test_loss: 0.009027 
train_loss: 0.009171 
test_loss: 0.008677 
train_loss: 0.008491 
test_loss: 0.008051 
train_loss: 0.008283 
test_loss: 0.008559 
train_loss: 0.008071 
test_loss: 0.008530 
train_loss: 0.008034 
test_loss: 0.008486 
train_loss: 0.007720 
test_loss: 0.008321 
train_loss: 0.008130 
test_loss: 0.008144 
train_loss: 0.008164 
test_loss: 0.008275 
train_loss: 0.008337 
test_loss: 0.009197 
train_loss: 0.007909 
test_loss: 0.008449 
train_loss: 0.007656 
test_loss: 0.007898 
train_loss: 0.007585 
test_loss: 0.008098 
train_loss: 0.008811 
test_loss: 0.008321 
train_loss: 0.007895 
test_loss: 0.007867 
train_loss: 0.008106 
test_loss: 0.007893 
train_loss: 0.007553 
test_loss: 0.008106 
train_loss: 0.008103 
test_loss: 0.008227 
train_loss: 0.007713 
test_loss: 0.007971 
train_loss: 0.007973 
test_loss: 0.008038 
train_loss: 0.008607 
test_loss: 0.008217 
train_loss: 0.008002 
test_loss: 0.008166 
train_loss: 0.008381 
test_loss: 0.008362 
train_loss: 0.007814 
test_loss: 0.007844 
train_loss: 0.007641 
test_loss: 0.007749 
train_loss: 0.007513 
test_loss: 0.007813 
train_loss: 0.008075 
test_loss: 0.008133 
train_loss: 0.007656 
test_loss: 0.007897 
train_loss: 0.007830 
test_loss: 0.007986 
