train_loss: 0.015908 
test_loss: 0.015668 
train_loss: 0.012935 
test_loss: 0.014162 
train_loss: 0.011898 
test_loss: 0.012089 
train_loss: 0.011859 
test_loss: 0.011956 
train_loss: 0.011887 
test_loss: 0.011147 
train_loss: 0.010746 
test_loss: 0.011197 
train_loss: 0.010268 
test_loss: 0.010410 
train_loss: 0.009723 
test_loss: 0.009614 
train_loss: 0.009978 
test_loss: 0.009619 
train_loss: 0.008672 
test_loss: 0.008256 
train_loss: 0.006709 
test_loss: 0.007063 
train_loss: 0.006090 
test_loss: 0.006655 
train_loss: 0.005751 
test_loss: 0.006220 
train_loss: 0.006056 
test_loss: 0.005455 
train_loss: 0.005235 
test_loss: 0.005536 
train_loss: 0.004785 
test_loss: 0.004746 
train_loss: 0.004893 
test_loss: 0.004573 
train_loss: 0.004639 
test_loss: 0.004326 
train_loss: 0.004670 
test_loss: 0.004912 
train_loss: 0.005388 
test_loss: 0.004551 
train_loss: 0.006147 
test_loss: 0.005618 
train_loss: 0.004330 
test_loss: 0.004871 
train_loss: 0.003977 
test_loss: 0.004175 
train_loss: 0.005005 
test_loss: 0.005229 
train_loss: 0.005206 
test_loss: 0.004655 
train_loss: 0.004154 
test_loss: 0.004003 
train_loss: 0.005508 
test_loss: 0.005142 
train_loss: 0.004067 
test_loss: 0.004752 
train_loss: 0.003750 
test_loss: 0.003607 
train_loss: 0.004212 
test_loss: 0.004304 
train_loss: 0.003682 
test_loss: 0.003964 
train_loss: 0.003660 
test_loss: 0.003804 
train_loss: 0.003328 
test_loss: 0.003678 
train_loss: 0.004099 
test_loss: 0.003992 
train_loss: 0.003139 
test_loss: 0.003698 
train_loss: 0.004178 
test_loss: 0.003737 
train_loss: 0.003537 
test_loss: 0.003777 
train_loss: 0.003174 
test_loss: 0.003329 
train_loss: 0.003229 
test_loss: 0.003216 
train_loss: 0.003221 
test_loss: 0.003709 
train_loss: 0.003793 
test_loss: 0.004014 
