train_loss: 0.014835 
test_loss: 0.014209 
train_loss: 0.011875 
test_loss: 0.012064 
train_loss: 0.011688 
test_loss: 0.011597 
train_loss: 0.011803 
test_loss: 0.011393 
train_loss: 0.009893 
test_loss: 0.009782 
train_loss: 0.006978 
test_loss: 0.007196 
train_loss: 0.007870 
test_loss: 0.007585 
train_loss: 0.005987 
test_loss: 0.006096 
train_loss: 0.005947 
test_loss: 0.006149 
train_loss: 0.006195 
test_loss: 0.006430 
train_loss: 0.006945 
test_loss: 0.006540 
train_loss: 0.005863 
test_loss: 0.005182 
train_loss: 0.006521 
test_loss: 0.006283 
train_loss: 0.004499 
test_loss: 0.004302 
train_loss: 0.005321 
test_loss: 0.004729 
train_loss: 0.004597 
test_loss: 0.004716 
train_loss: 0.004907 
test_loss: 0.005043 
train_loss: 0.004162 
test_loss: 0.004135 
train_loss: 0.004696 
test_loss: 0.005057 
train_loss: 0.004482 
test_loss: 0.004322 
train_loss: 0.004421 
test_loss: 0.004533 
train_loss: 0.004603 
test_loss: 0.004487 
train_loss: 0.004351 
test_loss: 0.004010 
train_loss: 0.004207 
test_loss: 0.004657 
train_loss: 0.004419 
test_loss: 0.004337 
train_loss: 0.004179 
test_loss: 0.004565 
train_loss: 0.003716 
test_loss: 0.003884 
train_loss: 0.004375 
test_loss: 0.004300 
train_loss: 0.003848 
test_loss: 0.003771 
train_loss: 0.003838 
test_loss: 0.003947 
train_loss: 0.003713 
test_loss: 0.003796 
train_loss: 0.003912 
test_loss: 0.004217 
train_loss: 0.003796 
test_loss: 0.003517 
train_loss: 0.003498 
test_loss: 0.003335 
train_loss: 0.003509 
test_loss: 0.003624 
train_loss: 0.003256 
test_loss: 0.003878 
train_loss: 0.003833 
test_loss: 0.003240 
train_loss: 0.003631 
test_loss: 0.003616 
train_loss: 0.004317 
test_loss: 0.003681 
train_loss: 0.003333 
test_loss: 0.003674 
train_loss: 0.003577 
test_loss: 0.003742 
train_loss: 0.003423 
test_loss: 0.003119 
train_loss: 0.003641 
test_loss: 0.003138 
train_loss: 0.003169 
test_loss: 0.003168 
train_loss: 0.003343 
test_loss: 0.003339 
train_loss: 0.003158 
test_loss: 0.003172 
train_loss: 0.003183 
test_loss: 0.003421 
train_loss: 0.003233 
test_loss: 0.003540 
train_loss: 0.003130 
test_loss: 0.003011 
train_loss: 0.003013 
test_loss: 0.003199 
train_loss: 0.002757 
test_loss: 0.003240 
train_loss: 0.003190 
test_loss: 0.003010 
train_loss: 0.003135 
test_loss: 0.002960 
train_loss: 0.003514 
test_loss: 0.003356 
train_loss: 0.003327 
test_loss: 0.003531 
train_loss: 0.003224 
test_loss: 0.003446 
train_loss: 0.003007 
test_loss: 0.002970 
train_loss: 0.003273 
test_loss: 0.002869 
train_loss: 0.003475 
test_loss: 0.003279 
train_loss: 0.002983 
test_loss: 0.003012 
train_loss: 0.002964 
test_loss: 0.002740 
train_loss: 0.002992 
test_loss: 0.003579 
train_loss: 0.003114 
test_loss: 0.003159 
train_loss: 0.003106 
test_loss: 0.002789 
train_loss: 0.002622 
test_loss: 0.002621 
train_loss: 0.003136 
test_loss: 0.002816 
train_loss: 0.003240 
test_loss: 0.002962 
train_loss: 0.002737 
test_loss: 0.002810 
train_loss: 0.002982 
test_loss: 0.002748 
train_loss: 0.002740 
test_loss: 0.002856 
train_loss: 0.002663 
test_loss: 0.002801 
