train_loss: 0.014024 
test_loss: 0.014081 
train_loss: 0.013108 
test_loss: 0.012248 
train_loss: 0.012704 
test_loss: 0.011743 
train_loss: 0.010932 
test_loss: 0.010962 
train_loss: 0.008443 
test_loss: 0.009437 
train_loss: 0.007965 
test_loss: 0.009101 
train_loss: 0.006913 
test_loss: 0.006955 
train_loss: 0.006378 
test_loss: 0.006660 
train_loss: 0.007299 
test_loss: 0.006373 
train_loss: 0.005352 
test_loss: 0.005470 
train_loss: 0.006308 
test_loss: 0.006304 
train_loss: 0.004987 
test_loss: 0.005408 
train_loss: 0.005686 
test_loss: 0.005843 
train_loss: 0.004898 
test_loss: 0.004672 
train_loss: 0.005128 
test_loss: 0.005438 
train_loss: 0.004572 
test_loss: 0.004389 
train_loss: 0.004834 
test_loss: 0.004709 
train_loss: 0.004717 
test_loss: 0.004539 
train_loss: 0.004827 
test_loss: 0.004382 
train_loss: 0.004444 
test_loss: 0.004938 
train_loss: 0.004981 
test_loss: 0.005149 
train_loss: 0.004136 
test_loss: 0.004350 
train_loss: 0.004591 
test_loss: 0.004462 
train_loss: 0.004089 
test_loss: 0.004443 
train_loss: 0.004406 
test_loss: 0.004154 
train_loss: 0.004567 
test_loss: 0.005287 
train_loss: 0.004032 
test_loss: 0.003577 
train_loss: 0.003674 
test_loss: 0.003710 
train_loss: 0.004221 
test_loss: 0.004086 
train_loss: 0.004263 
test_loss: 0.003744 
train_loss: 0.003637 
test_loss: 0.003710 
train_loss: 0.003637 
test_loss: 0.004501 
train_loss: 0.004098 
test_loss: 0.004325 
train_loss: 0.003562 
test_loss: 0.004287 
train_loss: 0.003603 
test_loss: 0.003636 
train_loss: 0.003606 
test_loss: 0.003425 
train_loss: 0.003795 
test_loss: 0.004130 
train_loss: 0.003580 
test_loss: 0.003670 
train_loss: 0.003612 
test_loss: 0.003762 
train_loss: 0.004044 
test_loss: 0.003907 
train_loss: 0.003538 
test_loss: 0.003934 
