train_loss: 0.015400 
test_loss: 0.014568 
train_loss: 0.014016 
test_loss: 0.014014 
train_loss: 0.011309 
test_loss: 0.011753 
train_loss: 0.010810 
test_loss: 0.011026 
train_loss: 0.008658 
test_loss: 0.008996 
train_loss: 0.007679 
test_loss: 0.008428 
train_loss: 0.007902 
test_loss: 0.006503 
train_loss: 0.006968 
test_loss: 0.006132 
train_loss: 0.005720 
test_loss: 0.005680 
train_loss: 0.006239 
test_loss: 0.005799 
train_loss: 0.006059 
test_loss: 0.005593 
train_loss: 0.004984 
test_loss: 0.004909 
train_loss: 0.005949 
test_loss: 0.005424 
train_loss: 0.005449 
test_loss: 0.005237 
train_loss: 0.004892 
test_loss: 0.004820 
train_loss: 0.004945 
test_loss: 0.004830 
train_loss: 0.004758 
test_loss: 0.004335 
train_loss: 0.004074 
test_loss: 0.004250 
train_loss: 0.004834 
test_loss: 0.004616 
train_loss: 0.004605 
test_loss: 0.005242 
train_loss: 0.004714 
test_loss: 0.004574 
train_loss: 0.004692 
test_loss: 0.004522 
train_loss: 0.004154 
test_loss: 0.004235 
train_loss: 0.004995 
test_loss: 0.004850 
train_loss: 0.004490 
test_loss: 0.004439 
train_loss: 0.003985 
test_loss: 0.003859 
train_loss: 0.004288 
test_loss: 0.003900 
train_loss: 0.004047 
test_loss: 0.004394 
train_loss: 0.004469 
test_loss: 0.003918 
train_loss: 0.004255 
test_loss: 0.004362 
train_loss: 0.003450 
test_loss: 0.003750 
train_loss: 0.003671 
test_loss: 0.004212 
train_loss: 0.003477 
test_loss: 0.003671 
train_loss: 0.003589 
test_loss: 0.003815 
train_loss: 0.003859 
test_loss: 0.003454 
train_loss: 0.003512 
test_loss: 0.003547 
train_loss: 0.003269 
test_loss: 0.003766 
train_loss: 0.003760 
test_loss: 0.003607 
train_loss: 0.003241 
test_loss: 0.003380 
train_loss: 0.003661 
test_loss: 0.003627 
train_loss: 0.003653 
test_loss: 0.003618 
train_loss: 0.003510 
test_loss: 0.003834 
train_loss: 0.003438 
test_loss: 0.003595 
train_loss: 0.003439 
test_loss: 0.003399 
train_loss: 0.003645 
test_loss: 0.003572 
train_loss: 0.003757 
test_loss: 0.003405 
train_loss: 0.003222 
test_loss: 0.003223 
train_loss: 0.003151 
test_loss: 0.003335 
train_loss: 0.003506 
test_loss: 0.003287 
train_loss: 0.003276 
test_loss: 0.004016 
train_loss: 0.003159 
test_loss: 0.003185 
train_loss: 0.004252 
test_loss: 0.003506 
train_loss: 0.003176 
test_loss: 0.003328 
train_loss: 0.003482 
test_loss: 0.003940 
train_loss: 0.002931 
test_loss: 0.002678 
train_loss: 0.003080 
test_loss: 0.003280 
train_loss: 0.003072 
test_loss: 0.003019 
train_loss: 0.003171 
test_loss: 0.003261 
train_loss: 0.003079 
test_loss: 0.003324 
train_loss: 0.003165 
test_loss: 0.003052 
train_loss: 0.003274 
test_loss: 0.003385 
