train_loss: 0.014793 
test_loss: 0.014747 
train_loss: 0.011824 
test_loss: 0.012137 
train_loss: 0.011713 
test_loss: 0.011761 
train_loss: 0.010042 
test_loss: 0.011636 
train_loss: 0.009971 
test_loss: 0.010290 
train_loss: 0.008076 
test_loss: 0.008022 
train_loss: 0.006389 
test_loss: 0.007036 
train_loss: 0.006604 
test_loss: 0.006223 
train_loss: 0.006435 
test_loss: 0.006071 
train_loss: 0.006180 
test_loss: 0.005433 
train_loss: 0.005922 
test_loss: 0.005467 
train_loss: 0.005368 
test_loss: 0.005315 
train_loss: 0.006161 
test_loss: 0.005608 
train_loss: 0.004644 
test_loss: 0.005289 
train_loss: 0.005447 
test_loss: 0.005005 
train_loss: 0.004147 
test_loss: 0.004545 
train_loss: 0.005071 
test_loss: 0.004511 
train_loss: 0.004319 
test_loss: 0.004482 
train_loss: 0.004581 
test_loss: 0.004709 
train_loss: 0.004344 
test_loss: 0.005411 
train_loss: 0.004325 
test_loss: 0.004356 
train_loss: 0.004037 
test_loss: 0.004093 
train_loss: 0.004625 
test_loss: 0.004457 
train_loss: 0.004843 
test_loss: 0.004215 
train_loss: 0.004622 
test_loss: 0.004549 
train_loss: 0.003817 
test_loss: 0.004512 
train_loss: 0.003994 
test_loss: 0.003939 
train_loss: 0.003705 
test_loss: 0.003367 
train_loss: 0.004316 
test_loss: 0.003852 
train_loss: 0.003816 
test_loss: 0.003825 
train_loss: 0.004036 
test_loss: 0.003476 
train_loss: 0.004452 
test_loss: 0.004234 
train_loss: 0.003739 
test_loss: 0.003513 
train_loss: 0.003708 
test_loss: 0.003551 
train_loss: 0.003529 
test_loss: 0.003686 
train_loss: 0.003773 
test_loss: 0.003848 
train_loss: 0.003092 
test_loss: 0.003355 
train_loss: 0.003700 
test_loss: 0.003855 
train_loss: 0.003605 
test_loss: 0.003432 
train_loss: 0.003404 
test_loss: 0.003362 
train_loss: 0.003597 
test_loss: 0.003192 
train_loss: 0.003351 
test_loss: 0.004250 
train_loss: 0.003273 
test_loss: 0.003519 
train_loss: 0.003394 
test_loss: 0.003485 
train_loss: 0.003033 
test_loss: 0.003375 
train_loss: 0.003413 
test_loss: 0.003316 
train_loss: 0.003128 
test_loss: 0.003126 
train_loss: 0.003152 
test_loss: 0.003272 
train_loss: 0.003338 
test_loss: 0.003294 
train_loss: 0.003386 
test_loss: 0.003218 
train_loss: 0.002897 
test_loss: 0.002792 
train_loss: 0.003108 
test_loss: 0.002981 
train_loss: 0.003112 
test_loss: 0.003486 
train_loss: 0.003175 
test_loss: 0.003256 
train_loss: 0.003360 
test_loss: 0.003447 
train_loss: 0.002876 
test_loss: 0.002749 
train_loss: 0.002931 
test_loss: 0.003264 
train_loss: 0.002757 
test_loss: 0.003182 
train_loss: 0.002527 
test_loss: 0.003146 
train_loss: 0.002980 
test_loss: 0.003077 
train_loss: 0.003295 
test_loss: 0.002856 
