train_loss: 0.014764 
test_loss: 0.014658 
train_loss: 0.013451 
test_loss: 0.012581 
train_loss: 0.011019 
test_loss: 0.011300 
train_loss: 0.010083 
test_loss: 0.010391 
train_loss: 0.008243 
test_loss: 0.009394 
train_loss: 0.008926 
test_loss: 0.007955 
train_loss: 0.006495 
test_loss: 0.007193 
train_loss: 0.006397 
test_loss: 0.007017 
train_loss: 0.005931 
test_loss: 0.006410 
train_loss: 0.005908 
test_loss: 0.005290 
train_loss: 0.006041 
test_loss: 0.005497 
train_loss: 0.005244 
test_loss: 0.005586 
train_loss: 0.005223 
test_loss: 0.005475 
train_loss: 0.005600 
test_loss: 0.004804 
train_loss: 0.004850 
test_loss: 0.004862 
train_loss: 0.005108 
test_loss: 0.004950 
train_loss: 0.004784 
test_loss: 0.004617 
train_loss: 0.004487 
test_loss: 0.004119 
train_loss: 0.005126 
test_loss: 0.004536 
train_loss: 0.004445 
test_loss: 0.004727 
train_loss: 0.004626 
test_loss: 0.004502 
train_loss: 0.004215 
test_loss: 0.004976 
train_loss: 0.004258 
test_loss: 0.004235 
train_loss: 0.004704 
test_loss: 0.004476 
train_loss: 0.003709 
test_loss: 0.004051 
train_loss: 0.003647 
test_loss: 0.004217 
train_loss: 0.003716 
test_loss: 0.004066 
train_loss: 0.003976 
test_loss: 0.004199 
train_loss: 0.003840 
test_loss: 0.003645 
train_loss: 0.004294 
test_loss: 0.004649 
train_loss: 0.004134 
test_loss: 0.003843 
train_loss: 0.004024 
test_loss: 0.004150 
train_loss: 0.004315 
test_loss: 0.004066 
train_loss: 0.003508 
test_loss: 0.003716 
train_loss: 0.003330 
test_loss: 0.003328 
train_loss: 0.003901 
test_loss: 0.003580 
train_loss: 0.003607 
test_loss: 0.003662 
train_loss: 0.003661 
test_loss: 0.003955 
train_loss: 0.003508 
test_loss: 0.003486 
train_loss: 0.003461 
test_loss: 0.003539 
train_loss: 0.003697 
test_loss: 0.003541 
train_loss: 0.003541 
test_loss: 0.003684 
train_loss: 0.003759 
test_loss: 0.003507 
train_loss: 0.003185 
test_loss: 0.003221 
train_loss: 0.003683 
test_loss: 0.003458 
train_loss: 0.003465 
test_loss: 0.003511 
train_loss: 0.003175 
test_loss: 0.003257 
train_loss: 0.003205 
test_loss: 0.003366 
train_loss: 0.003195 
test_loss: 0.003205 
train_loss: 0.002997 
test_loss: 0.003180 
train_loss: 0.002915 
test_loss: 0.002883 
train_loss: 0.003337 
test_loss: 0.003216 
train_loss: 0.003431 
test_loss: 0.003106 
train_loss: 0.003508 
test_loss: 0.002959 
train_loss: 0.003122 
test_loss: 0.003294 
train_loss: 0.003290 
test_loss: 0.003153 
train_loss: 0.003175 
test_loss: 0.003651 
train_loss: 0.003001 
test_loss: 0.002984 
train_loss: 0.002927 
test_loss: 0.002966 
train_loss: 0.003098 
test_loss: 0.003179 
train_loss: 0.003253 
test_loss: 0.003019 
