train_loss: 0.014622 
test_loss: 0.014527 
train_loss: 0.012773 
test_loss: 0.013488 
train_loss: 0.011785 
test_loss: 0.011352 
train_loss: 0.010879 
test_loss: 0.011256 
train_loss: 0.009333 
test_loss: 0.009320 
train_loss: 0.008654 
test_loss: 0.008011 
train_loss: 0.007939 
test_loss: 0.007037 
train_loss: 0.006070 
test_loss: 0.005899 
train_loss: 0.005830 
test_loss: 0.005791 
train_loss: 0.005933 
test_loss: 0.005903 
train_loss: 0.005849 
test_loss: 0.006272 
train_loss: 0.006440 
test_loss: 0.006438 
train_loss: 0.005138 
test_loss: 0.005405 
train_loss: 0.005080 
test_loss: 0.005437 
train_loss: 0.004701 
test_loss: 0.004686 
train_loss: 0.004657 
test_loss: 0.005414 
train_loss: 0.004790 
test_loss: 0.004774 
train_loss: 0.004698 
test_loss: 0.004638 
train_loss: 0.004646 
test_loss: 0.004179 
train_loss: 0.004735 
test_loss: 0.004215 
train_loss: 0.005089 
test_loss: 0.004694 
train_loss: 0.004101 
test_loss: 0.003858 
train_loss: 0.004861 
test_loss: 0.005134 
train_loss: 0.004343 
test_loss: 0.004159 
train_loss: 0.004018 
test_loss: 0.003988 
train_loss: 0.003693 
test_loss: 0.004142 
train_loss: 0.003897 
test_loss: 0.003852 
train_loss: 0.004729 
test_loss: 0.004171 
train_loss: 0.003584 
test_loss: 0.003589 
train_loss: 0.003697 
test_loss: 0.004132 
train_loss: 0.003761 
test_loss: 0.003659 
train_loss: 0.003756 
test_loss: 0.003441 
train_loss: 0.003139 
test_loss: 0.003343 
train_loss: 0.003895 
test_loss: 0.003331 
train_loss: 0.003566 
test_loss: 0.003629 
train_loss: 0.003458 
test_loss: 0.004146 
train_loss: 0.003546 
test_loss: 0.003577 
train_loss: 0.003536 
test_loss: 0.003604 
train_loss: 0.003089 
test_loss: 0.003083 
train_loss: 0.003255 
test_loss: 0.003463 
train_loss: 0.004128 
test_loss: 0.003268 
train_loss: 0.003600 
test_loss: 0.003875 
train_loss: 0.003586 
test_loss: 0.003730 
train_loss: 0.003671 
test_loss: 0.003297 
train_loss: 0.003616 
test_loss: 0.003139 
train_loss: 0.003952 
test_loss: 0.003611 
train_loss: 0.003508 
test_loss: 0.003105 
train_loss: 0.003481 
test_loss: 0.003116 
train_loss: 0.003522 
test_loss: 0.003185 
train_loss: 0.003224 
test_loss: 0.002981 
train_loss: 0.003035 
test_loss: 0.003025 
train_loss: 0.003605 
test_loss: 0.003663 
train_loss: 0.003176 
test_loss: 0.003439 
train_loss: 0.003088 
test_loss: 0.003740 
train_loss: 0.003035 
test_loss: 0.002732 
train_loss: 0.003042 
test_loss: 0.002946 
train_loss: 0.003222 
test_loss: 0.003355 
train_loss: 0.003375 
test_loss: 0.002832 
train_loss: 0.002640 
test_loss: 0.002771 
train_loss: 0.002734 
test_loss: 0.002669 
train_loss: 0.002916 
test_loss: 0.002650 
train_loss: 0.002988 
test_loss: 0.003206 
train_loss: 0.002864 
test_loss: 0.002635 
train_loss: 0.002699 
test_loss: 0.002759 
train_loss: 0.002999 
test_loss: 0.003168 
train_loss: 0.002882 
test_loss: 0.002883 
train_loss: 0.002930 
test_loss: 0.003020 
train_loss: 0.003219 
test_loss: 0.003045 
train_loss: 0.003219 
test_loss: 0.002992 
train_loss: 0.002997 
test_loss: 0.002999 
train_loss: 0.002684 
test_loss: 0.003109 
