train_loss: 0.015679 
test_loss: 0.015395 
train_loss: 0.011505 
test_loss: 0.011689 
train_loss: 0.011310 
test_loss: 0.011110 
train_loss: 0.009966 
test_loss: 0.010362 
train_loss: 0.010259 
test_loss: 0.010112 
train_loss: 0.010151 
test_loss: 0.009802 
train_loss: 0.009860 
test_loss: 0.009550 
train_loss: 0.009711 
test_loss: 0.010516 
train_loss: 0.010284 
test_loss: 0.009983 
train_loss: 0.009837 
test_loss: 0.009853 
train_loss: 0.010195 
test_loss: 0.009959 
train_loss: 0.011212 
test_loss: 0.009922 
train_loss: 0.009344 
test_loss: 0.009517 
train_loss: 0.009753 
test_loss: 0.010027 
train_loss: 0.010213 
test_loss: 0.009937 
train_loss: 0.009004 
test_loss: 0.009639 
train_loss: 0.009474 
test_loss: 0.009600 
train_loss: 0.009459 
test_loss: 0.009311 
train_loss: 0.009551 
test_loss: 0.009264 
train_loss: 0.008775 
test_loss: 0.009211 
train_loss: 0.009119 
test_loss: 0.009601 
train_loss: 0.009036 
test_loss: 0.009368 
train_loss: 0.010665 
test_loss: 0.009686 
train_loss: 0.009599 
test_loss: 0.009394 
train_loss: 0.009775 
test_loss: 0.009046 
train_loss: 0.007972 
test_loss: 0.009068 
train_loss: 0.009000 
test_loss: 0.010042 
train_loss: 0.008797 
test_loss: 0.008893 
train_loss: 0.009942 
test_loss: 0.009425 
train_loss: 0.009596 
test_loss: 0.009518 
train_loss: 0.008882 
test_loss: 0.009003 
train_loss: 0.009623 
test_loss: 0.009229 
train_loss: 0.009571 
test_loss: 0.008983 
train_loss: 0.009748 
test_loss: 0.009134 
train_loss: 0.008305 
test_loss: 0.009000 
train_loss: 0.009283 
test_loss: 0.009218 
train_loss: 0.009538 
test_loss: 0.009087 
train_loss: 0.008840 
test_loss: 0.009146 
train_loss: 0.008824 
test_loss: 0.009331 
train_loss: 0.008805 
test_loss: 0.008990 
train_loss: 0.008675 
test_loss: 0.008915 
train_loss: 0.008985 
test_loss: 0.009209 
train_loss: 0.008901 
test_loss: 0.008837 
train_loss: 0.009059 
test_loss: 0.008808 
train_loss: 0.008170 
test_loss: 0.008954 
train_loss: 0.008965 
test_loss: 0.009016 
train_loss: 0.009250 
test_loss: 0.009161 
train_loss: 0.008894 
test_loss: 0.009012 
train_loss: 0.009923 
test_loss: 0.009045 
train_loss: 0.009402 
test_loss: 0.009291 
train_loss: 0.009278 
test_loss: 0.008960 
