train_loss: 0.014967 
test_loss: 0.015995 
train_loss: 0.010338 
test_loss: 0.010682 
train_loss: 0.011205 
test_loss: 0.011625 
train_loss: 0.011095 
test_loss: 0.010794 
train_loss: 0.010011 
test_loss: 0.010897 
train_loss: 0.010930 
test_loss: 0.010765 
train_loss: 0.010607 
test_loss: 0.010423 
train_loss: 0.009521 
test_loss: 0.010749 
train_loss: 0.010821 
test_loss: 0.010295 
train_loss: 0.011055 
test_loss: 0.010130 
train_loss: 0.009732 
test_loss: 0.009738 
train_loss: 0.009712 
test_loss: 0.009879 
train_loss: 0.009807 
test_loss: 0.010148 
train_loss: 0.009830 
test_loss: 0.009866 
train_loss: 0.009163 
test_loss: 0.009385 
train_loss: 0.009497 
test_loss: 0.009236 
train_loss: 0.009651 
test_loss: 0.009439 
train_loss: 0.009951 
test_loss: 0.009091 
train_loss: 0.009217 
test_loss: 0.010382 
train_loss: 0.009678 
test_loss: 0.009997 
train_loss: 0.009918 
test_loss: 0.009632 
