train_loss: 0.018387 
test_loss: 0.018212 
train_loss: 0.012779 
test_loss: 0.011981 
train_loss: 0.011331 
test_loss: 0.011158 
train_loss: 0.010859 
test_loss: 0.010549 
train_loss: 0.010248 
test_loss: 0.010504 
train_loss: 0.010268 
test_loss: 0.009897 
train_loss: 0.009705 
test_loss: 0.009847 
train_loss: 0.010442 
test_loss: 0.009409 
train_loss: 0.009157 
test_loss: 0.009807 
train_loss: 0.010380 
test_loss: 0.009790 
train_loss: 0.009479 
test_loss: 0.009529 
train_loss: 0.009308 
test_loss: 0.009409 
train_loss: 0.009564 
test_loss: 0.009263 
train_loss: 0.009824 
test_loss: 0.009840 
train_loss: 0.009080 
test_loss: 0.009524 
train_loss: 0.009602 
test_loss: 0.009203 
train_loss: 0.009747 
test_loss: 0.009389 
train_loss: 0.010107 
test_loss: 0.009768 
train_loss: 0.009311 
test_loss: 0.009165 
train_loss: 0.009545 
test_loss: 0.009221 
train_loss: 0.009588 
test_loss: 0.009356 
train_loss: 0.009744 
test_loss: 0.009421 
train_loss: 0.009991 
test_loss: 0.009431 
train_loss: 0.010284 
test_loss: 0.010151 
train_loss: 0.009099 
test_loss: 0.009721 
train_loss: 0.009501 
test_loss: 0.009239 
train_loss: 0.009602 
test_loss: 0.009322 
train_loss: 0.009549 
test_loss: 0.009803 
train_loss: 0.009093 
test_loss: 0.009346 
train_loss: 0.009065 
test_loss: 0.009594 
train_loss: 0.009684 
test_loss: 0.009493 
train_loss: 0.009599 
test_loss: 0.009260 
train_loss: 0.008981 
test_loss: 0.008914 
train_loss: 0.009736 
test_loss: 0.008955 
train_loss: 0.008628 
test_loss: 0.009028 
train_loss: 0.009854 
test_loss: 0.008964 
train_loss: 0.008312 
test_loss: 0.008851 
train_loss: 0.009845 
test_loss: 0.009097 
train_loss: 0.009517 
test_loss: 0.009216 
train_loss: 0.009043 
test_loss: 0.009417 
train_loss: 0.008724 
test_loss: 0.009132 
train_loss: 0.009269 
test_loss: 0.009275 
train_loss: 0.009134 
test_loss: 0.009106 
train_loss: 0.008420 
test_loss: 0.008915 
train_loss: 0.008838 
test_loss: 0.008954 
train_loss: 0.009337 
test_loss: 0.009163 
train_loss: 0.009444 
test_loss: 0.009205 
train_loss: 0.008929 
test_loss: 0.009030 
train_loss: 0.009091 
test_loss: 0.009298 
train_loss: 0.008993 
test_loss: 0.009149 
train_loss: 0.009343 
test_loss: 0.008969 
train_loss: 0.009137 
test_loss: 0.008665 
train_loss: 0.008717 
test_loss: 0.009062 
train_loss: 0.009507 
test_loss: 0.009100 
train_loss: 0.008486 
test_loss: 0.009120 
train_loss: 0.009229 
test_loss: 0.008762 
train_loss: 0.008915 
test_loss: 0.008977 
train_loss: 0.009457 
test_loss: 0.009021 
train_loss: 0.009236 
test_loss: 0.009103 
train_loss: 0.009311 
test_loss: 0.008617 
train_loss: 0.008705 
test_loss: 0.008807 
train_loss: 0.008555 
test_loss: 0.008870 
train_loss: 0.009626 
test_loss: 0.008931 
train_loss: 0.008820 
test_loss: 0.008822 
train_loss: 0.009175 
test_loss: 0.008860 
train_loss: 0.008634 
test_loss: 0.008725 
train_loss: 0.009111 
test_loss: 0.009019 
train_loss: 0.008551 
test_loss: 0.008867 
train_loss: 0.008641 
test_loss: 0.008868 
train_loss: 0.008649 
test_loss: 0.008798 
train_loss: 0.008776 
test_loss: 0.008850 
train_loss: 0.008846 
test_loss: 0.009324 
train_loss: 0.008895 
test_loss: 0.008656 
train_loss: 0.009472 
test_loss: 0.008828 
train_loss: 0.009775 
test_loss: 0.009032 
train_loss: 0.008803 
test_loss: 0.008780 
train_loss: 0.008742 
test_loss: 0.008766 
train_loss: 0.008967 
test_loss: 0.009007 
train_loss: 0.009018 
test_loss: 0.009099 
train_loss: 0.008993 
test_loss: 0.008827 
train_loss: 0.008546 
test_loss: 0.008600 
train_loss: 0.008983 
test_loss: 0.008672 
train_loss: 0.008455 
test_loss: 0.008497 
train_loss: 0.008625 
test_loss: 0.008526 
train_loss: 0.008672 
test_loss: 0.008413 
train_loss: 0.008617 
test_loss: 0.008649 
train_loss: 0.008948 
test_loss: 0.008671 
train_loss: 0.008405 
test_loss: 0.008950 
train_loss: 0.008635 
test_loss: 0.008734 
train_loss: 0.008691 
test_loss: 0.009240 
train_loss: 0.008590 
test_loss: 0.008487 
train_loss: 0.008600 
test_loss: 0.008501 
train_loss: 0.008636 
test_loss: 0.008658 
train_loss: 0.009127 
test_loss: 0.008975 
train_loss: 0.008549 
test_loss: 0.008737 
train_loss: 0.009143 
test_loss: 0.008780 
train_loss: 0.008293 
test_loss: 0.008422 
train_loss: 0.009495 
test_loss: 0.008876 
train_loss: 0.008184 
test_loss: 0.008617 
train_loss: 0.008786 
test_loss: 0.008913 
train_loss: 0.008719 
test_loss: 0.008613 
