train_loss: 0.016899 
test_loss: 0.017016 
train_loss: 0.012019 
test_loss: 0.012510 
train_loss: 0.010852 
test_loss: 0.011219 
train_loss: 0.010759 
test_loss: 0.010854 
train_loss: 0.010087 
test_loss: 0.010415 
train_loss: 0.010872 
test_loss: 0.010252 
train_loss: 0.010693 
test_loss: 0.009849 
train_loss: 0.010150 
test_loss: 0.010624 
train_loss: 0.010294 
test_loss: 0.010419 
train_loss: 0.010004 
test_loss: 0.009635 
train_loss: 0.010166 
test_loss: 0.009656 
train_loss: 0.010555 
test_loss: 0.010729 
train_loss: 0.009510 
test_loss: 0.010036 
train_loss: 0.009533 
test_loss: 0.009335 
train_loss: 0.009656 
test_loss: 0.010009 
train_loss: 0.010347 
test_loss: 0.009699 
train_loss: 0.009862 
test_loss: 0.010454 
train_loss: 0.009300 
test_loss: 0.009065 
train_loss: 0.009050 
test_loss: 0.009760 
train_loss: 0.008947 
test_loss: 0.009540 
train_loss: 0.009745 
test_loss: 0.009553 
train_loss: 0.009070 
test_loss: 0.009346 
train_loss: 0.009334 
test_loss: 0.009622 
train_loss: 0.009006 
test_loss: 0.009375 
train_loss: 0.009417 
test_loss: 0.009122 
train_loss: 0.009419 
test_loss: 0.009649 
train_loss: 0.008855 
test_loss: 0.008873 
train_loss: 0.009360 
test_loss: 0.008697 
train_loss: 0.009157 
test_loss: 0.008919 
train_loss: 0.009097 
test_loss: 0.008963 
train_loss: 0.008814 
test_loss: 0.008980 
train_loss: 0.010111 
test_loss: 0.009317 
train_loss: 0.009055 
test_loss: 0.009190 
train_loss: 0.008959 
test_loss: 0.008878 
train_loss: 0.008415 
test_loss: 0.009527 
train_loss: 0.008662 
test_loss: 0.009271 
train_loss: 0.009577 
test_loss: 0.009974 
train_loss: 0.009033 
test_loss: 0.008902 
train_loss: 0.009157 
test_loss: 0.009244 
train_loss: 0.008942 
test_loss: 0.009088 
train_loss: 0.008910 
test_loss: 0.009217 
