train_loss: 0.015073 
test_loss: 0.015833 
train_loss: 0.011777 
test_loss: 0.011083 
train_loss: 0.010987 
test_loss: 0.010661 
train_loss: 0.010346 
test_loss: 0.009913 
train_loss: 0.009659 
test_loss: 0.009644 
train_loss: 0.010020 
test_loss: 0.010713 
train_loss: 0.010522 
test_loss: 0.009959 
train_loss: 0.009562 
test_loss: 0.009778 
train_loss: 0.009393 
test_loss: 0.009788 
train_loss: 0.009544 
test_loss: 0.009602 
train_loss: 0.009032 
test_loss: 0.010216 
train_loss: 0.009078 
test_loss: 0.009740 
train_loss: 0.010342 
test_loss: 0.010019 
train_loss: 0.009207 
test_loss: 0.009242 
train_loss: 0.009760 
test_loss: 0.009560 
train_loss: 0.010443 
test_loss: 0.009242 
train_loss: 0.008854 
test_loss: 0.009539 
train_loss: 0.010086 
test_loss: 0.009336 
train_loss: 0.010139 
test_loss: 0.009124 
train_loss: 0.009797 
test_loss: 0.009431 
train_loss: 0.009331 
test_loss: 0.009226 
