train_loss: 0.015473 
test_loss: 0.015022 
train_loss: 0.012056 
test_loss: 0.011384 
train_loss: 0.011287 
test_loss: 0.011203 
train_loss: 0.010380 
test_loss: 0.010294 
train_loss: 0.009658 
test_loss: 0.011436 
train_loss: 0.010602 
test_loss: 0.011056 
train_loss: 0.010575 
test_loss: 0.009794 
train_loss: 0.009815 
test_loss: 0.009734 
train_loss: 0.009401 
test_loss: 0.009704 
train_loss: 0.009271 
test_loss: 0.009600 
train_loss: 0.010536 
test_loss: 0.010157 
train_loss: 0.009636 
test_loss: 0.009580 
train_loss: 0.009936 
test_loss: 0.009620 
train_loss: 0.010091 
test_loss: 0.009572 
train_loss: 0.009127 
test_loss: 0.009566 
train_loss: 0.009551 
test_loss: 0.009233 
train_loss: 0.009715 
test_loss: 0.009715 
train_loss: 0.010972 
test_loss: 0.010065 
train_loss: 0.009540 
test_loss: 0.009554 
train_loss: 0.009267 
test_loss: 0.009109 
train_loss: 0.009505 
test_loss: 0.009681 
train_loss: 0.009411 
test_loss: 0.009071 
train_loss: 0.009750 
test_loss: 0.009031 
train_loss: 0.009814 
test_loss: 0.009288 
train_loss: 0.008901 
test_loss: 0.008939 
train_loss: 0.009622 
test_loss: 0.009435 
train_loss: 0.009023 
test_loss: 0.009127 
train_loss: 0.008880 
test_loss: 0.008625 
train_loss: 0.007419 
test_loss: 0.008323 
train_loss: 0.008723 
test_loss: 0.008583 
train_loss: 0.008089 
test_loss: 0.008187 
train_loss: 0.008381 
test_loss: 0.008188 
train_loss: 0.007934 
test_loss: 0.007864 
train_loss: 0.008186 
test_loss: 0.008641 
train_loss: 0.008342 
test_loss: 0.007887 
train_loss: 0.007837 
test_loss: 0.008590 
train_loss: 0.008244 
test_loss: 0.008244 
train_loss: 0.007983 
test_loss: 0.007843 
train_loss: 0.008048 
test_loss: 0.008196 
train_loss: 0.008289 
test_loss: 0.007773 
train_loss: 0.007622 
test_loss: 0.008338 
