train_loss: 0.579682 
test_loss: 0.579855 
train_loss: 0.570428 
test_loss: 0.579814 
train_loss: 0.564078 
test_loss: 0.579664 
train_loss: 0.579479 
test_loss: 0.579702 
train_loss: 0.622281 
test_loss: 0.579622 
train_loss: 0.629496 
test_loss: 0.579409 
train_loss: 0.537570 
test_loss: 0.579126 
train_loss: 0.552139 
test_loss: 0.578859 
train_loss: 0.563195 
test_loss: 0.578448 
train_loss: 0.614064 
test_loss: 0.578157 
train_loss: 0.615088 
test_loss: 0.577605 
train_loss: 0.604490 
test_loss: 0.576952 
train_loss: 0.517552 
test_loss: 0.576141 
train_loss: 0.518440 
test_loss: 0.574958 
train_loss: 0.531471 
test_loss: 0.573471 
train_loss: 0.538519 
test_loss: 0.571661 
train_loss: 0.582378 
test_loss: 0.569240 
train_loss: 0.593635 
test_loss: 0.566326 
train_loss: 0.554019 
test_loss: 0.562450 
train_loss: 0.557266 
test_loss: 0.557475 
train_loss: 0.567153 
test_loss: 0.551599 
train_loss: 0.584729 
test_loss: 0.544103 
train_loss: 0.479879 
test_loss: 0.534693 
train_loss: 0.583053 
test_loss: 0.523329 
train_loss: 0.459927 
test_loss: 0.509282 
train_loss: 0.509891 
test_loss: 0.492533 
train_loss: 0.477467 
test_loss: 0.472829 
train_loss: 0.438115 
test_loss: 0.449969 
train_loss: 0.390552 
test_loss: 0.423939 
train_loss: 0.428650 
test_loss: 0.394888 
train_loss: 0.373438 
test_loss: 0.363188 
train_loss: 0.309283 
test_loss: 0.329650 
train_loss: 0.325671 
test_loss: 0.294605 
train_loss: 0.262050 
test_loss: 0.258928 
train_loss: 0.222157 
test_loss: 0.223300 
train_loss: 0.188282 
test_loss: 0.188188 
train_loss: 0.168491 
test_loss: 0.154047 
train_loss: 0.121315 
test_loss: 0.121229 
train_loss: 0.092157 
test_loss: 0.090499 
train_loss: 0.062398 
test_loss: 0.063020 
train_loss: 0.040711 
test_loss: 0.040583 
train_loss: 0.024184 
test_loss: 0.024754 
train_loss: 0.015617 
test_loss: 0.015444 
train_loss: 0.010602 
test_loss: 0.010706 
train_loss: 0.009070 
test_loss: 0.008362 
train_loss: 0.007308 
test_loss: 0.007113 
train_loss: 0.006275 
test_loss: 0.006360 
train_loss: 0.005523 
test_loss: 0.005849 
train_loss: 0.005510 
test_loss: 0.005475 
train_loss: 0.004957 
test_loss: 0.005186 
train_loss: 0.005145 
test_loss: 0.004955 
train_loss: 0.004886 
test_loss: 0.004766 
train_loss: 0.004176 
test_loss: 0.004607 
train_loss: 0.004473 
test_loss: 0.004461 
train_loss: 0.004089 
test_loss: 0.004302 
train_loss: 0.004090 
test_loss: 0.004106 
train_loss: 0.003781 
test_loss: 0.003848 
train_loss: 0.003387 
test_loss: 0.003512 
train_loss: 0.002948 
test_loss: 0.002950 
train_loss: 0.002233 
test_loss: 0.002169 
train_loss: 0.001447 
test_loss: 0.001400 
train_loss: 0.000839 
test_loss: 0.000844 
train_loss: 0.000558 
test_loss: 0.000519 
train_loss: 0.000353 
test_loss: 0.000365 
train_loss: 0.000301 
test_loss: 0.000281 
train_loss: 0.000269 
test_loss: 0.000240 
train_loss: 0.000201 
test_loss: 0.000214 
train_loss: 0.000197 
test_loss: 0.000200 
train_loss: 0.000238 
test_loss: 0.000193 
train_loss: 0.000188 
test_loss: 0.000177 
train_loss: 0.000155 
test_loss: 0.000191 
train_loss: 0.000145 
test_loss: 0.000177 
train_loss: 0.000193 
test_loss: 0.000175 
train_loss: 0.000162 
test_loss: 0.000174 
train_loss: 0.000161 
test_loss: 0.000188 
train_loss: 0.000166 
test_loss: 0.000162 
train_loss: 0.000164 
test_loss: 0.000165 
train_loss: 0.000183 
test_loss: 0.000170 
train_loss: 0.000204 
test_loss: 0.000181 
train_loss: 0.000164 
test_loss: 0.000166 
train_loss: 0.000154 
test_loss: 0.000170 
train_loss: 0.000185 
test_loss: 0.000170 
train_loss: 0.000171 
test_loss: 0.000157 
train_loss: 0.000174 
test_loss: 0.000161 
train_loss: 0.000157 
test_loss: 0.000153 
train_loss: 0.000129 
test_loss: 0.000160 
train_loss: 0.000141 
test_loss: 0.000154 
train_loss: 0.000124 
test_loss: 0.000117 
train_loss: 0.000081 
test_loss: 0.000104 
train_loss: 0.000078 
test_loss: 0.000069 
train_loss: 0.000049 
test_loss: 0.000057 
train_loss: 0.000037 
test_loss: 0.000047 
train_loss: 0.000028 
test_loss: 0.000028 
train_loss: 0.000037 
test_loss: 0.000034 
train_loss: 0.000029 
test_loss: 0.000028 
train_loss: 0.000025 
test_loss: 0.000033 
train_loss: 0.000026 
test_loss: 0.000025 
train_loss: 0.000030 
test_loss: 0.000036 
train_loss: 0.000032 
test_loss: 0.000028 
train_loss: 0.000020 
test_loss: 0.000021 
train_loss: 0.000024 
test_loss: 0.000024 
train_loss: 0.000021 
test_loss: 0.000021 
train_loss: 0.000020 
test_loss: 0.000020 
train_loss: 0.000027 
test_loss: 0.000029 
train_loss: 0.000020 
test_loss: 0.000017 
train_loss: 0.000019 
test_loss: 0.000019 
train_loss: 0.000016 
test_loss: 0.000016 
train_loss: 0.000019 
test_loss: 0.000021 
train_loss: 0.000015 
test_loss: 0.000017 
train_loss: 0.000018 
test_loss: 0.000017 
train_loss: 0.000024 
test_loss: 0.000024 
