train_loss: 0.728241 
test_loss: 0.728908 
train_loss: 0.719147 
test_loss: 0.727243 
train_loss: 0.725219 
test_loss: 0.727096 
train_loss: 0.725267 
test_loss: 0.726977 
train_loss: 0.731169 
test_loss: 0.726778 
train_loss: 0.734186 
test_loss: 0.726636 
train_loss: 0.736155 
test_loss: 0.726406 
train_loss: 0.728359 
test_loss: 0.726172 
train_loss: 0.727584 
test_loss: 0.725936 
train_loss: 0.718511 
test_loss: 0.725692 
train_loss: 0.723065 
test_loss: 0.725425 
train_loss: 0.735636 
test_loss: 0.725137 
train_loss: 0.72255 
test_loss: 0.724832 
train_loss: 0.729565 
test_loss: 0.724512 
train_loss: 0.730782 
test_loss: 0.72418 
train_loss: 0.724921 
test_loss: 0.723844 
train_loss: 0.715758 
test_loss: 0.723472 
train_loss: 0.715206 
test_loss: 0.723084 
train_loss: 0.730107 
test_loss: 0.722689 
train_loss: 0.711784 
test_loss: 0.722311 
train_loss: 0.72594 
test_loss: 0.721905 
train_loss: 0.721025 
test_loss: 0.721444 
train_loss: 0.725701 
test_loss: 0.720984 
train_loss: 0.728919 
test_loss: 0.720524 
train_loss: 0.718256 
test_loss: 0.720037 
train_loss: 0.720577 
test_loss: 0.719572 
train_loss: 0.727296 
test_loss: 0.719064 
train_loss: 0.71553 
test_loss: 0.718539 
train_loss: 0.713421 
test_loss: 0.717976 
train_loss: 0.710417 
test_loss: 0.717455 
train_loss: 0.718745 
test_loss: 0.71685 
train_loss: 0.714073 
test_loss: 0.716319 
train_loss: 0.719015 
test_loss: 0.715722 
train_loss: 0.71884 
test_loss: 0.715117 
train_loss: 0.713096 
test_loss: 0.714472 
train_loss: 0.705128 
test_loss: 0.713865 
train_loss: 0.720935 
test_loss: 0.713187 
train_loss: 0.714511 
test_loss: 0.712498 
train_loss: 0.70562 
test_loss: 0.711806 
train_loss: 0.699779 
test_loss: 0.711138 
train_loss: 0.710594 
test_loss: 0.710386 
train_loss: 0.705591 
test_loss: 0.70967 
train_loss: 0.705448 
test_loss: 0.708901 
train_loss: 0.701947 
test_loss: 0.708122 
train_loss: 0.710009 
test_loss: 0.707336 
train_loss: 0.705164 
test_loss: 0.706533 
train_loss: 0.711577 
test_loss: 0.705723 
train_loss: 0.709459 
test_loss: 0.704855 
train_loss: 0.707034 
test_loss: 0.703997 
train_loss: 0.703027 
test_loss: 0.703131 
train_loss: 0.705609 
test_loss: 0.702194 
train_loss: 0.701055 
test_loss: 0.701288 
train_loss: 0.696104 
test_loss: 0.700369 
train_loss: 0.696496 
test_loss: 0.699409 
train_loss: 0.701319 
test_loss: 0.69843 
train_loss: 0.702108 
test_loss: 0.697422 
train_loss: 0.702358 
test_loss: 0.696374 
train_loss: 0.69472 
test_loss: 0.695331 
train_loss: 0.68903 
test_loss: 0.694248 
train_loss: 0.686401 
test_loss: 0.693159 
train_loss: 0.694791 
test_loss: 0.692056 
train_loss: 0.689357 
test_loss: 0.690907 
train_loss: 0.686844 
test_loss: 0.689725 
train_loss: 0.689035 
test_loss: 0.688546 
train_loss: 0.682116 
test_loss: 0.687296 
train_loss: 0.691482 
test_loss: 0.686057 
train_loss: 0.684629 
test_loss: 0.68479 
train_loss: 0.681841 
test_loss: 0.683461 
train_loss: 0.689861 
test_loss: 0.682128 
train_loss: 0.675289 
test_loss: 0.680746 
train_loss: 0.675956 
test_loss: 0.679318 
train_loss: 0.680929 
test_loss: 0.677898 
train_loss: 0.677707 
test_loss: 0.676423 
train_loss: 0.659992 
test_loss: 0.674885 
train_loss: 0.673997 
test_loss: 0.673316 
train_loss: 0.662469 
test_loss: 0.67173 
train_loss: 0.66193 
test_loss: 0.670103 
train_loss: 0.663214 
test_loss: 0.668412 
train_loss: 0.667982 
test_loss: 0.666691 
train_loss: 0.673578 
test_loss: 0.664887 
train_loss: 0.664633 
test_loss: 0.66305 
train_loss: 0.663903 
test_loss: 0.661168 
train_loss: 0.66174 
test_loss: 0.659215 
train_loss: 0.663536 
test_loss: 0.657222 
train_loss: 0.649836 
test_loss: 0.655165 
train_loss: 0.653253 
test_loss: 0.653036 
train_loss: 0.659465 
test_loss: 0.650859 
train_loss: 0.64613 
test_loss: 0.648605 
train_loss: 0.650442 
test_loss: 0.646281 
train_loss: 0.64235 
test_loss: 0.643898 
train_loss: 0.646147 
test_loss: 0.641411 
train_loss: 0.63612 
test_loss: 0.638861 
train_loss: 0.638582 
test_loss: 0.636234 
train_loss: 0.618397 
test_loss: 0.633505 
train_loss: 0.633072 
test_loss: 0.630689 
train_loss: 0.624579 
test_loss: 0.627748 
train_loss: 0.627348 
test_loss: 0.624689 
train_loss: 0.620428 
test_loss: 0.621479 
train_loss: 0.616456 
test_loss: 0.618101 
train_loss: 0.612352 
test_loss: 0.614528 
train_loss: 0.600338 
test_loss: 0.61078 
train_loss: 0.602463 
test_loss: 0.606841 
train_loss: 0.599734 
test_loss: 0.602742 
train_loss: 0.593241 
test_loss: 0.59851 
train_loss: 0.602587 
test_loss: 0.594208 
train_loss: 0.593707 
test_loss: 0.589833 
train_loss: 0.583106 
test_loss: 0.585502 
train_loss: 0.582013 
test_loss: 0.581197 
train_loss: 0.572383 
test_loss: 0.576913 
train_loss: 0.567879 
test_loss: 0.57275 
train_loss: 0.568908 
test_loss: 0.568664 
train_loss: 0.568863 
test_loss: 0.564606 
train_loss: 0.560649 
test_loss: 0.560529 
train_loss: 0.548648 
test_loss: 0.55642 
train_loss: 0.557941 
test_loss: 0.552229 
train_loss: 0.540372 
test_loss: 0.547915 
train_loss: 0.539457 
test_loss: 0.543489 
train_loss: 0.539864 
test_loss: 0.538937 
train_loss: 0.536747 
test_loss: 0.534297 
train_loss: 0.525413 
test_loss: 0.529532 
train_loss: 0.530968 
test_loss: 0.524689 
train_loss: 0.519996 
test_loss: 0.519751 
train_loss: 0.509282 
test_loss: 0.514689 
train_loss: 0.505107 
test_loss: 0.509618 
train_loss: 0.504895 
test_loss: 0.50445 
train_loss: 0.499523 
test_loss: 0.499203 
train_loss: 0.491553 
test_loss: 0.493889 
train_loss: 0.49246 
test_loss: 0.488456 
train_loss: 0.485039 
test_loss: 0.482934 
train_loss: 0.477034 
test_loss: 0.477279 
train_loss: 0.471556 
test_loss: 0.471526 
train_loss: 0.464317 
test_loss: 0.46562 
train_loss: 0.459633 
test_loss: 0.459622 
train_loss: 0.450475 
test_loss: 0.453504 
train_loss: 0.448862 
test_loss: 0.447287 
train_loss: 0.445815 
test_loss: 0.440961 
train_loss: 0.428567 
test_loss: 0.434538 
train_loss: 0.42338 
test_loss: 0.428037 
train_loss: 0.427685 
test_loss: 0.421419 
train_loss: 0.414194 
test_loss: 0.41471 
train_loss: 0.407271 
test_loss: 0.40791 
train_loss: 0.402463 
test_loss: 0.401042 
train_loss: 0.396435 
test_loss: 0.394038 
train_loss: 0.383482 
test_loss: 0.386933 
train_loss: 0.376747 
test_loss: 0.379753 
train_loss: 0.374012 
test_loss: 0.37249 
train_loss: 0.369681 
test_loss: 0.365107 
train_loss: 0.363513 
test_loss: 0.357632 
train_loss: 0.348783 
test_loss: 0.350005 
train_loss: 0.342845 
test_loss: 0.342307 
train_loss: 0.340348 
test_loss: 0.334404 
train_loss: 0.330231 
test_loss: 0.326364 
train_loss: 0.314534 
test_loss: 0.318194 
train_loss: 0.306258 
test_loss: 0.309848 
train_loss: 0.301705 
test_loss: 0.301385 
train_loss: 0.293109 
test_loss: 0.292731 
train_loss: 0.287186 
test_loss: 0.283928 
train_loss: 0.274726 
test_loss: 0.275025 
train_loss: 0.261801 
test_loss: 0.266009 
train_loss: 0.254257 
test_loss: 0.256918 
train_loss: 0.251972 
test_loss: 0.247828 
train_loss: 0.242516 
test_loss: 0.238772 
train_loss: 0.232595 
test_loss: 0.229856 
train_loss: 0.220638 
test_loss: 0.221111 
train_loss: 0.216067 
test_loss: 0.212596 
train_loss: 0.208473 
test_loss: 0.204398 
train_loss: 0.195627 
test_loss: 0.196487 
train_loss: 0.190966 
test_loss: 0.188917 
train_loss: 0.182563 
test_loss: 0.181732 
train_loss: 0.173891 
test_loss: 0.174842 
train_loss: 0.169251 
test_loss: 0.168268 
train_loss: 0.160477 
test_loss: 0.162059 
train_loss: 0.154813 
test_loss: 0.156166 
train_loss: 0.15144 
test_loss: 0.150608 
train_loss: 0.144485 
test_loss: 0.14536 
train_loss: 0.139578 
test_loss: 0.140437 
train_loss: 0.136635 
test_loss: 0.135836 
train_loss: 0.130449 
test_loss: 0.131466 
train_loss: 0.125782 
test_loss: 0.127347 
train_loss: 0.125386 
test_loss: 0.123489 
train_loss: 0.120943 
test_loss: 0.119854 
train_loss: 0.117909 
test_loss: 0.116431 
train_loss: 0.113438 
test_loss: 0.113177 
train_loss: 0.112451 
test_loss: 0.110107 
train_loss: 0.105941 
test_loss: 0.107201 
train_loss: 0.105091 
test_loss: 0.104453 
train_loss: 0.10041 
test_loss: 0.101884 
train_loss: 0.0989591 
test_loss: 0.0994224 
train_loss: 0.0980104 
test_loss: 0.0970892 
train_loss: 0.0941781 
test_loss: 0.0948294 
train_loss: 0.0947453 
test_loss: 0.0927756 
train_loss: 0.0901293 
test_loss: 0.0907145 
train_loss: 0.0885559 
test_loss: 0.0887867 
train_loss: 0.0872784 
test_loss: 0.0869597 
train_loss: 0.0850774 
test_loss: 0.0853083 
train_loss: 0.0832692 
test_loss: 0.0835893 
train_loss: 0.0822325 
test_loss: 0.0820142 
train_loss: 0.0802426 
test_loss: 0.0805893 
train_loss: 0.0794258 
test_loss: 0.0791242 
train_loss: 0.078411 
test_loss: 0.0777478 
train_loss: 0.0774737 
test_loss: 0.0764636 
train_loss: 0.0759327 
test_loss: 0.0752856 
train_loss: 0.0749985 
test_loss: 0.0741485 
train_loss: 0.0722097 
test_loss: 0.073005 
train_loss: 0.0726074 
test_loss: 0.0719628 
train_loss: 0.0712195 
test_loss: 0.071024 
train_loss: 0.0711019 
test_loss: 0.0700552 
train_loss: 0.0695911 
test_loss: 0.0691634 
train_loss: 0.0679477 
test_loss: 0.0683774 
train_loss: 0.0668378 
test_loss: 0.0675266 
train_loss: 0.0664499 
test_loss: 0.0668744 
train_loss: 0.0659558 
test_loss: 0.0661721 
train_loss: 0.0644987 
test_loss: 0.0655062 
train_loss: 0.0648996 
test_loss: 0.0649281 
train_loss: 0.0654439 
test_loss: 0.0643476 
train_loss: 0.0633474 
test_loss: 0.0637835 
train_loss: 0.0624168 
test_loss: 0.0633191 
train_loss: 0.0630927 
test_loss: 0.0628528 
train_loss: 0.0628381 
test_loss: 0.0623645 
train_loss: 0.0624941 
test_loss: 0.0619536 
train_loss: 0.0608138 
test_loss: 0.0615437 
train_loss: 0.0610053 
test_loss: 0.0611161 
train_loss: 0.0608609 
test_loss: 0.0607185 
train_loss: 0.059946 
test_loss: 0.0603014 
train_loss: 0.0592325 
test_loss: 0.0599911 
train_loss: 0.0605844 
test_loss: 0.0596058 
train_loss: 0.058647 
test_loss: 0.059274 
train_loss: 0.0582919 
test_loss: 0.058953 
train_loss: 0.0591453 
test_loss: 0.0586287 
train_loss: 0.0587304 
test_loss: 0.0582317 
train_loss: 0.058138 
test_loss: 0.0579393 
train_loss: 0.0576947 
test_loss: 0.0576073 
train_loss: 0.0571887 
test_loss: 0.0573687 
train_loss: 0.0565656 
test_loss: 0.0568871 
train_loss: 0.0566971 
test_loss: 0.0567015 
train_loss: 0.0557863 
test_loss: 0.0561872 
train_loss: 0.054976 
test_loss: 0.0559171 
train_loss: 0.054325 
test_loss: 0.0555464 
train_loss: 0.0549299 
test_loss: 0.0552514 
train_loss: 0.0554348 
test_loss: 0.0548707 
train_loss: 0.053959 
test_loss: 0.0544794 
train_loss: 0.0545712 
test_loss: 0.0542114 
train_loss: 0.0537133 
test_loss: 0.0538742 
train_loss: 0.0528364 
test_loss: 0.0535599 
train_loss: 0.0522247 
test_loss: 0.0532443 
train_loss: 0.0530508 
test_loss: 0.052947 
train_loss: 0.0517475 
test_loss: 0.0523539 
train_loss: 0.0524021 
test_loss: 0.0520993 
train_loss: 0.0512562 
test_loss: 0.051766 
train_loss: 0.0515011 
test_loss: 0.0514161 
train_loss: 0.0502827 
test_loss: 0.0508847 
train_loss: 0.0494353 
test_loss: 0.050592 
train_loss: 0.050562 
test_loss: 0.0501832 
train_loss: 0.0500811 
test_loss: 0.0498235 
train_loss: 0.0491276 
test_loss: 0.0495212 
train_loss: 0.0484986 
test_loss: 0.0491197 
train_loss: 0.0492888 
test_loss: 0.0490498 
train_loss: 0.0484732 
test_loss: 0.04835 
train_loss: 0.0478581 
test_loss: 0.0479895 
train_loss: 0.0472177 
test_loss: 0.0477702 
train_loss: 0.0470493 
test_loss: 0.0471853 
train_loss: 0.0464374 
test_loss: 0.0468744 
train_loss: 0.0459904 
test_loss: 0.0467153 
train_loss: 0.0466438 
test_loss: 0.0460843 
train_loss: 0.0455248 
test_loss: 0.0456508 
train_loss: 0.0449342 
test_loss: 0.0452367 
train_loss: 0.0441679 
test_loss: 0.0449677 
train_loss: 0.043746 
test_loss: 0.044468 
train_loss: 0.0437014 
test_loss: 0.0442895 
train_loss: 0.0435185 
test_loss: 0.0438457 
train_loss: 0.0421987 
test_loss: 0.0433593 
train_loss: 0.0430192 
test_loss: 0.0427982 
train_loss: 0.0420486 
test_loss: 0.0424782 
train_loss: 0.0417647 
test_loss: 0.0420638 
train_loss: 0.0413586 
test_loss: 0.0415559 
train_loss: 0.0410927 
test_loss: 0.0412125 
train_loss: 0.0407463 
test_loss: 0.0408197 
train_loss: 0.0400671 
test_loss: 0.0404085 
train_loss: 0.039175 
test_loss: 0.0399402 
train_loss: 0.0396078 
test_loss: 0.0396523 
train_loss: 0.0386726 
test_loss: 0.0390822 
train_loss: 0.0384593 
test_loss: 0.0388494 
train_loss: 0.0385237 
test_loss: 0.0383571 
train_loss: 0.0372045 
test_loss: 0.0378265 
train_loss: 0.0373536 
test_loss: 0.03756 
train_loss: 0.0368672 
test_loss: 0.0371552 
train_loss: 0.0364414 
test_loss: 0.0366481 
train_loss: 0.0361901 
test_loss: 0.0361892 
train_loss: 0.0362114 
test_loss: 0.0361532 
train_loss: 0.0356506 
test_loss: 0.0356545 
train_loss: 0.035555 
test_loss: 0.035204 
train_loss: 0.0350678 
test_loss: 0.0347952 
train_loss: 0.0346137 
test_loss: 0.0344612 
train_loss: 0.0338899 
test_loss: 0.0340097 
train_loss: 0.0340996 
test_loss: 0.033606 
train_loss: 0.0331137 
test_loss: 0.0338901 
train_loss: 0.0330653 
test_loss: 0.0329791 
train_loss: 0.0325725 
test_loss: 0.0326877 
train_loss: 0.0323474 
test_loss: 0.0320704 
train_loss: 0.0316495 
test_loss: 0.031887 
train_loss: 0.0316931 
test_loss: 0.0315368 
train_loss: 0.0309928 
test_loss: 0.0311738 
train_loss: 0.0307675 
test_loss: 0.0309187 
train_loss: 0.0308141 
test_loss: 0.0303831 
train_loss: 0.0302359 
test_loss: 0.0303138 
train_loss: 0.0297655 
test_loss: 0.0297453 
train_loss: 0.0286144 
test_loss: 0.0294113 
train_loss: 0.0283143 
test_loss: 0.0289649 
train_loss: 0.0289884 
test_loss: 0.028502 
train_loss: 0.0280054 
test_loss: 0.0288596 
train_loss: 0.0276701 
test_loss: 0.0279916 
train_loss: 0.0277808 
test_loss: 0.0274885 
train_loss: 0.0271718 
test_loss: 0.0272227 
train_loss: 0.0268634 
test_loss: 0.0269916 
train_loss: 0.026244 
test_loss: 0.0263886 
train_loss: 0.0266468 
test_loss: 0.0259052 
train_loss: 0.0257319 
test_loss: 0.0256333 
train_loss: 0.0250617 
test_loss: 0.0251661 
train_loss: 0.0251663 
test_loss: 0.0247068 
train_loss: 0.0246619 
test_loss: 0.0247147 
train_loss: 0.024225 
test_loss: 0.0240907 
train_loss: 0.0237475 
test_loss: 0.0236651 
train_loss: 0.0230895 
test_loss: 0.0232453 
train_loss: 0.0229016 
test_loss: 0.0228878 
train_loss: 0.0226016 
test_loss: 0.0224264 
train_loss: 0.0222116 
test_loss: 0.0221413 
train_loss: 0.0213408 
test_loss: 0.0214276 
train_loss: 0.0209721 
test_loss: 0.0208882 
train_loss: 0.0204823 
test_loss: 0.020487 
train_loss: 0.0202979 
test_loss: 0.0198125 
train_loss: 0.0196917 
test_loss: 0.019596 
train_loss: 0.0189165 
test_loss: 0.0190898 
train_loss: 0.0185876 
test_loss: 0.0186122 
train_loss: 0.018267 
test_loss: 0.0180596 
train_loss: 0.0175956 
test_loss: 0.0176312 
train_loss: 0.0172541 
test_loss: 0.0171497 
train_loss: 0.0166511 
test_loss: 0.0170205 
train_loss: 0.016334 
test_loss: 0.0167655 
train_loss: 0.0159684 
test_loss: 0.0162196 
train_loss: 0.0158059 
test_loss: 0.0158922 
train_loss: 0.0158306 
test_loss: 0.0156182 
train_loss: 0.0153979 
test_loss: 0.0156927 
train_loss: 0.0148913 
test_loss: 0.0153242 
train_loss: 0.0149285 
test_loss: 0.0146004 
train_loss: 0.0142046 
test_loss: 0.0143655 
train_loss: 0.01404 
test_loss: 0.0141061 
train_loss: 0.0139684 
test_loss: 0.0141511 
train_loss: 0.0136913 
test_loss: 0.0136029 
train_loss: 0.0130908 
test_loss: 0.0132845 
train_loss: 0.0130766 
test_loss: 0.0132378 
train_loss: 0.0128893 
test_loss: 0.0129869 
train_loss: 0.0130895 
test_loss: 0.0129768 
train_loss: 0.0123703 
test_loss: 0.0126225 
train_loss: 0.0121259 
test_loss: 0.0122752 
train_loss: 0.012015 
test_loss: 0.0121872 
train_loss: 0.0117629 
test_loss: 0.0119675 
train_loss: 0.0121975 
test_loss: 0.0120507 
train_loss: 0.0116945 
test_loss: 0.0116035 
train_loss: 0.0116353 
test_loss: 0.0114895 
train_loss: 0.0111216 
test_loss: 0.0115366 
train_loss: 0.0110221 
test_loss: 0.0112273 
train_loss: 0.0110366 
test_loss: 0.0110565 
train_loss: 0.0116365 
test_loss: 0.0111671 
train_loss: 0.0107474 
test_loss: 0.0108674 
train_loss: 0.0109612 
test_loss: 0.0107648 
train_loss: 0.0102512 
test_loss: 0.0105468 
train_loss: 0.010539 
test_loss: 0.0103918 
train_loss: 0.00999437 
test_loss: 0.0102514 
train_loss: 0.0101546 
test_loss: 0.0104329 
train_loss: 0.0105796 
test_loss: 0.0100148 
train_loss: 0.0100884 
test_loss: 0.0100719 
train_loss: 0.0102498 
test_loss: 0.00990628 
train_loss: 0.00955229 
test_loss: 0.00985546 
train_loss: 0.00954051 
test_loss: 0.00944511 
train_loss: 0.00952744 
test_loss: 0.00963024 
train_loss: 0.00922626 
test_loss: 0.00974164 
train_loss: 0.00978134 
test_loss: 0.0095087 
train_loss: 0.00929868 
test_loss: 0.00923436 
train_loss: 0.00894793 
test_loss: 0.0091735 
train_loss: 0.00896298 
test_loss: 0.00909572 
train_loss: 0.00900485 
test_loss: 0.0090787 
train_loss: 0.00900669 
test_loss: 0.00896283 
train_loss: 0.00872274 
test_loss: 0.00874291 
train_loss: 0.00869179 
test_loss: 0.00870515 
train_loss: 0.00857829 
test_loss: 0.00874711 
train_loss: 0.00851964 
test_loss: 0.00856993 
train_loss: 0.00865829 
test_loss: 0.00886881 
train_loss: 0.00851298 
test_loss: 0.0089 
train_loss: 0.00797117 
test_loss: 0.0082469 
train_loss: 0.00847633 
test_loss: 0.00847083 
train_loss: 0.0082673 
test_loss: 0.00791574 
train_loss: 0.00791963 
test_loss: 0.00795142 
train_loss: 0.00847014 
test_loss: 0.00851234 
train_loss: 0.00817956 
test_loss: 0.00806572 
train_loss: 0.00811621 
test_loss: 0.00820576 
train_loss: 0.00784822 
test_loss: 0.00779288 
train_loss: 0.0081817 
test_loss: 0.00823305 
train_loss: 0.00788439 
test_loss: 0.00776093 
train_loss: 0.00776446 
test_loss: 0.00832838 
train_loss: 0.00774342 
test_loss: 0.00760216 
train_loss: 0.00800387 
test_loss: 0.00784388 
train_loss: 0.00771023 
test_loss: 0.00742009 
train_loss: 0.00764151 
test_loss: 0.00759364 
train_loss: 0.00758407 
test_loss: 0.0076407 
train_loss: 0.00796716 
test_loss: 0.00805464 
train_loss: 0.0070304 
test_loss: 0.00716825 
train_loss: 0.00739588 
test_loss: 0.00730301 
train_loss: 0.00713217 
test_loss: 0.00744697 
train_loss: 0.00749716 
test_loss: 0.00718143 
train_loss: 0.00690163 
test_loss: 0.00721662 
train_loss: 0.00708476 
test_loss: 0.00705189 
train_loss: 0.00711818 
test_loss: 0.00721395 
train_loss: 0.00691192 
test_loss: 0.00690324 
train_loss: 0.00700489 
test_loss: 0.0071257 
train_loss: 0.00701513 
test_loss: 0.00670568 
train_loss: 0.00679175 
test_loss: 0.00675375 
train_loss: 0.00700219 
test_loss: 0.00693983 
train_loss: 0.00706058 
test_loss: 0.00666689 
train_loss: 0.00678678 
test_loss: 0.00680648 
train_loss: 0.00682145 
test_loss: 0.00684669 
train_loss: 0.00650918 
test_loss: 0.00637883 
train_loss: 0.00658255 
test_loss: 0.0068073 
train_loss: 0.00635202 
test_loss: 0.00666292 
train_loss: 0.00646763 
test_loss: 0.00629538 
train_loss: 0.00718764 
test_loss: 0.00694937 
train_loss: 0.0068977 
test_loss: 0.00671488 
train_loss: 0.00606422 
test_loss: 0.00621335 
train_loss: 0.00652069 
test_loss: 0.00649768 
train_loss: 0.00619266 
test_loss: 0.00620215 
train_loss: 0.00610377 
test_loss: 0.00606681 
train_loss: 0.00657617 
test_loss: 0.00671392 
