train_loss: 0.157076 
test_loss: 0.165668 
train_loss: 0.0835132 
test_loss: 0.0837649 
train_loss: 0.0505705 
test_loss: 0.0525823 
train_loss: 0.0411336 
test_loss: 0.0390291 
train_loss: 0.0370111 
test_loss: 0.0340143 
train_loss: 0.0280524 
test_loss: 0.0308501 
train_loss: 0.0287464 
test_loss: 0.0282775 
train_loss: 0.0269739 
test_loss: 0.026944 
train_loss: 0.0250362 
test_loss: 0.0262989 
train_loss: 0.0252392 
test_loss: 0.0265936 
train_loss: 0.024285 
test_loss: 0.0251486 
train_loss: 0.0252895 
test_loss: 0.0254362 
train_loss: 0.0257563 
test_loss: 0.0257585 
train_loss: 0.0278297 
test_loss: 0.026379 
train_loss: 0.0246366 
test_loss: 0.0244011 
train_loss: 0.0267547 
test_loss: 0.02586 
train_loss: 0.0272977 
test_loss: 0.0255122 
train_loss: 0.0252684 
test_loss: 0.0250035 
train_loss: 0.0220589 
test_loss: 0.0240488 
train_loss: 0.0222029 
test_loss: 0.023172 
train_loss: 0.0235864 
test_loss: 0.0232781 
train_loss: 0.021094 
test_loss: 0.0219433 
train_loss: 0.0236667 
test_loss: 0.021548 
train_loss: 0.0202123 
test_loss: 0.0206622 
train_loss: 0.0222239 
test_loss: 0.0206412 
train_loss: 0.0193703 
test_loss: 0.0197459 
train_loss: 0.0209671 
test_loss: 0.019999 
train_loss: 0.0196458 
test_loss: 0.0209698 
train_loss: 0.0180703 
test_loss: 0.0186739 
train_loss: 0.0170022 
test_loss: 0.0189403 
train_loss: 0.016793 
test_loss: 0.0191265 
train_loss: 0.0159352 
test_loss: 0.0182292 
train_loss: 0.0178682 
test_loss: 0.0186456 
train_loss: 0.0175798 
test_loss: 0.0169448 
train_loss: 0.0173785 
test_loss: 0.0167917 
train_loss: 0.0141123 
test_loss: 0.018181 
train_loss: 0.0152828 
test_loss: 0.0167347 
train_loss: 0.0162937 
test_loss: 0.0157552 
train_loss: 0.0157252 
test_loss: 0.0159185 
train_loss: 0.0147896 
test_loss: 0.0150371 
train_loss: 0.0155835 
test_loss: 0.0156524 
train_loss: 0.0137587 
test_loss: 0.014365 
train_loss: 0.0138858 
test_loss: 0.015127 
train_loss: 0.013313 
test_loss: 0.0155209 
train_loss: 0.0151908 
test_loss: 0.0152429 
train_loss: 0.0136474 
test_loss: 0.0139322 
train_loss: 0.0150111 
test_loss: 0.0146775 
train_loss: 0.0136079 
test_loss: 0.0137229 
train_loss: 0.0140907 
test_loss: 0.0143638 
train_loss: 0.013266 
test_loss: 0.013963 
train_loss: 0.012539 
test_loss: 0.0132415 
train_loss: 0.0127412 
test_loss: 0.0137659 
train_loss: 0.013219 
test_loss: 0.0139068 
train_loss: 0.0129674 
test_loss: 0.0137127 
train_loss: 0.0126605 
test_loss: 0.0132616 
train_loss: 0.0122252 
test_loss: 0.0123265 
train_loss: 0.0123733 
test_loss: 0.0121069 
train_loss: 0.0127073 
test_loss: 0.012763 
train_loss: 0.0125312 
test_loss: 0.0126386 
train_loss: 0.0121255 
test_loss: 0.0125666 
train_loss: 0.0135101 
test_loss: 0.0124065 
train_loss: 0.0102453 
test_loss: 0.0117141 
train_loss: 0.0107296 
test_loss: 0.0118939 
train_loss: 0.0117986 
test_loss: 0.0117558 
train_loss: 0.0117062 
test_loss: 0.0122837 
train_loss: 0.0108976 
test_loss: 0.0116627 
train_loss: 0.0118018 
test_loss: 0.0112533 
train_loss: 0.0115932 
test_loss: 0.0118667 
train_loss: 0.0123449 
test_loss: 0.0111792 
train_loss: 0.0141279 
test_loss: 0.0111032 
train_loss: 0.00991784 
test_loss: 0.0112489 
train_loss: 0.0102873 
test_loss: 0.0110839 
train_loss: 0.0100748 
test_loss: 0.0115489 
train_loss: 0.0106101 
test_loss: 0.0110221 
train_loss: 0.0102475 
test_loss: 0.0110735 
train_loss: 0.010453 
test_loss: 0.0110491 
train_loss: 0.0103145 
test_loss: 0.0113247 
train_loss: 0.0102622 
test_loss: 0.0109247 
train_loss: 0.0114024 
test_loss: 0.0108859 
train_loss: 0.00990248 
test_loss: 0.0102157 
train_loss: 0.00995373 
test_loss: 0.0106529 
train_loss: 0.0104307 
test_loss: 0.0112967 
train_loss: 0.0101451 
test_loss: 0.0106023 
train_loss: 0.00952126 
test_loss: 0.0101636 
train_loss: 0.00975783 
test_loss: 0.0104619 
train_loss: 0.00959436 
test_loss: 0.010394 
train_loss: 0.0125451 
test_loss: 0.0109927 
train_loss: 0.00956973 
test_loss: 0.00997601 
train_loss: 0.00873672 
test_loss: 0.0101996 
train_loss: 0.0103363 
test_loss: 0.010886 
train_loss: 0.00969952 
test_loss: 0.0100093 
train_loss: 0.0101502 
test_loss: 0.0101842 
train_loss: 0.00936468 
test_loss: 0.0101519 
train_loss: 0.0096642 
test_loss: 0.00949041 
train_loss: 0.00901057 
test_loss: 0.00987741 
train_loss: 0.00982859 
test_loss: 0.00948748 
train_loss: 0.010009 
test_loss: 0.0102415 
train_loss: 0.00857262 
test_loss: 0.00964878 
train_loss: 0.00919553 
test_loss: 0.00960143 
train_loss: 0.00882399 
test_loss: 0.00938857 
train_loss: 0.00900922 
test_loss: 0.00966885 
train_loss: 0.00918106 
test_loss: 0.00973067 
train_loss: 0.00932218 
test_loss: 0.00971655 
train_loss: 0.00896583 
test_loss: 0.00916157 
train_loss: 0.00912996 
test_loss: 0.010123 
train_loss: 0.00848929 
test_loss: 0.0093063 
train_loss: 0.00934696 
test_loss: 0.0090301 
train_loss: 0.0114196 
test_loss: 0.00924615 
train_loss: 0.00916376 
test_loss: 0.00915911 
train_loss: 0.00875828 
test_loss: 0.00909711 
train_loss: 0.00811745 
test_loss: 0.00904794 
train_loss: 0.00783909 
test_loss: 0.00918571 
train_loss: 0.00894094 
test_loss: 0.00881104 
train_loss: 0.00762385 
test_loss: 0.00905884 
train_loss: 0.00887005 
test_loss: 0.00881472 
train_loss: 0.00804869 
test_loss: 0.00896047 
train_loss: 0.0079272 
test_loss: 0.00870023 
train_loss: 0.00899121 
test_loss: 0.00854069 
train_loss: 0.0101808 
test_loss: 0.00864692 
train_loss: 0.00772234 
test_loss: 0.00847062 
train_loss: 0.00939488 
test_loss: 0.0088563 
train_loss: 0.00860334 
test_loss: 0.00861588 
train_loss: 0.00913833 
test_loss: 0.00890733 
train_loss: 0.00790654 
test_loss: 0.0085486 
train_loss: 0.00778334 
test_loss: 0.00855244 
train_loss: 0.00776038 
test_loss: 0.00825968 
train_loss: 0.00915243 
test_loss: 0.00837526 
train_loss: 0.00857656 
test_loss: 0.00909563 
train_loss: 0.0080935 
test_loss: 0.00887443 
train_loss: 0.0081425 
test_loss: 0.00837915 
train_loss: 0.00838399 
test_loss: 0.00863305 
train_loss: 0.00787556 
test_loss: 0.00839782 
train_loss: 0.00783779 
test_loss: 0.0083792 
train_loss: 0.00795972 
test_loss: 0.00871765 
train_loss: 0.00922406 
test_loss: 0.00851331 
train_loss: 0.00769204 
test_loss: 0.00870084 
train_loss: 0.00717401 
test_loss: 0.00834596 
train_loss: 0.00725427 
test_loss: 0.00829508 
train_loss: 0.00770116 
test_loss: 0.00840431 
train_loss: 0.0072506 
test_loss: 0.00817817 
train_loss: 0.00690427 
test_loss: 0.0078699 
train_loss: 0.00777214 
test_loss: 0.0077453 
train_loss: 0.00774248 
test_loss: 0.00803783 
train_loss: 0.00882653 
test_loss: 0.00850153 
train_loss: 0.00829556 
test_loss: 0.00801193 
train_loss: 0.00892778 
test_loss: 0.0084117 
train_loss: 0.00795134 
test_loss: 0.008222 
train_loss: 0.00686047 
test_loss: 0.0079837 
train_loss: 0.00693458 
test_loss: 0.00788271 
train_loss: 0.00757532 
test_loss: 0.00818639 
train_loss: 0.00733457 
test_loss: 0.00808738 
