train_loss: 0.516229 
test_loss: 0.515787 
train_loss: 0.520288 
test_loss: 0.514467 
train_loss: 0.509649 
test_loss: 0.513521 
train_loss: 0.520377 
test_loss: 0.512412 
train_loss: 0.515257 
test_loss: 0.511131 
train_loss: 0.515232 
test_loss: 0.509695 
train_loss: 0.509821 
test_loss: 0.508136 
train_loss: 0.511897 
test_loss: 0.506455 
train_loss: 0.504695 
test_loss: 0.504599 
train_loss: 0.49993 
test_loss: 0.502675 
train_loss: 0.49767 
test_loss: 0.500589 
train_loss: 0.503853 
test_loss: 0.498414 
train_loss: 0.497807 
test_loss: 0.496109 
train_loss: 0.498451 
test_loss: 0.493683 
train_loss: 0.487734 
test_loss: 0.491181 
train_loss: 0.484668 
test_loss: 0.488525 
train_loss: 0.489062 
test_loss: 0.485788 
train_loss: 0.474627 
test_loss: 0.482922 
train_loss: 0.477579 
test_loss: 0.47996 
train_loss: 0.47698 
test_loss: 0.476868 
train_loss: 0.476665 
test_loss: 0.473675 
train_loss: 0.469587 
test_loss: 0.470377 
train_loss: 0.464467 
test_loss: 0.466955 
train_loss: 0.461561 
test_loss: 0.463414 
train_loss: 0.456842 
test_loss: 0.459777 
train_loss: 0.45464 
test_loss: 0.456008 
train_loss: 0.441455 
test_loss: 0.452138 
train_loss: 0.446181 
test_loss: 0.448107 
train_loss: 0.439906 
test_loss: 0.444005 
train_loss: 0.437215 
test_loss: 0.43976 
train_loss: 0.439171 
test_loss: 0.435391 
train_loss: 0.428248 
test_loss: 0.430892 
train_loss: 0.425062 
test_loss: 0.426273 
train_loss: 0.418157 
test_loss: 0.421514 
train_loss: 0.419216 
test_loss: 0.416638 
train_loss: 0.415109 
test_loss: 0.411636 
train_loss: 0.407361 
test_loss: 0.406478 
train_loss: 0.402538 
test_loss: 0.401188 
train_loss: 0.394068 
test_loss: 0.395748 
train_loss: 0.395231 
test_loss: 0.390143 
train_loss: 0.380973 
test_loss: 0.384349 
train_loss: 0.37438 
test_loss: 0.378408 
train_loss: 0.3743 
test_loss: 0.372298 
train_loss: 0.367106 
test_loss: 0.366147 
train_loss: 0.355559 
test_loss: 0.359968 
train_loss: 0.352896 
test_loss: 0.353816 
train_loss: 0.352978 
test_loss: 0.347555 
train_loss: 0.34181 
test_loss: 0.341083 
train_loss: 0.331062 
test_loss: 0.334323 
train_loss: 0.3243 
test_loss: 0.327119 
train_loss: 0.322286 
test_loss: 0.319384 
train_loss: 0.309554 
test_loss: 0.310998 
train_loss: 0.301518 
test_loss: 0.301995 
train_loss: 0.293701 
test_loss: 0.292514 
train_loss: 0.285645 
test_loss: 0.282807 
train_loss: 0.273469 
test_loss: 0.27298 
train_loss: 0.262829 
test_loss: 0.263131 
train_loss: 0.253583 
test_loss: 0.253391 
train_loss: 0.248205 
test_loss: 0.243826 
train_loss: 0.236547 
test_loss: 0.234563 
train_loss: 0.226292 
test_loss: 0.225593 
train_loss: 0.220066 
test_loss: 0.216915 
train_loss: 0.208292 
test_loss: 0.208514 
train_loss: 0.200528 
test_loss: 0.200358 
train_loss: 0.194336 
test_loss: 0.192422 
train_loss: 0.186615 
test_loss: 0.184674 
train_loss: 0.177256 
test_loss: 0.177066 
train_loss: 0.169211 
test_loss: 0.16959 
train_loss: 0.162093 
test_loss: 0.162221 
train_loss: 0.15509 
test_loss: 0.154913 
train_loss: 0.147563 
test_loss: 0.14771 
train_loss: 0.140877 
test_loss: 0.140605 
train_loss: 0.134056 
test_loss: 0.133603 
train_loss: 0.127156 
test_loss: 0.126725 
train_loss: 0.120763 
test_loss: 0.120005 
train_loss: 0.114308 
test_loss: 0.113477 
train_loss: 0.106333 
test_loss: 0.107153 
train_loss: 0.102146 
test_loss: 0.101107 
train_loss: 0.0956791 
test_loss: 0.0953549 
train_loss: 0.0899447 
test_loss: 0.0899523 
train_loss: 0.085165 
test_loss: 0.0849465 
train_loss: 0.0793944 
test_loss: 0.0803567 
train_loss: 0.075495 
test_loss: 0.0762 
train_loss: 0.0725686 
test_loss: 0.0725019 
train_loss: 0.0704679 
test_loss: 0.0692622 
train_loss: 0.0663451 
test_loss: 0.0664664 
train_loss: 0.0636675 
test_loss: 0.0641004 
train_loss: 0.0614876 
test_loss: 0.0620968 
train_loss: 0.060175 
test_loss: 0.0604409 
train_loss: 0.0597171 
test_loss: 0.059061 
train_loss: 0.0585495 
test_loss: 0.0579313 
train_loss: 0.0575448 
test_loss: 0.0570384 
train_loss: 0.056719 
test_loss: 0.0563036 
train_loss: 0.0562972 
test_loss: 0.0556916 
train_loss: 0.0545743 
test_loss: 0.0551974 
train_loss: 0.0535783 
test_loss: 0.0547917 
train_loss: 0.0544573 
test_loss: 0.0544917 
train_loss: 0.0538352 
test_loss: 0.0542057 
train_loss: 0.0540793 
test_loss: 0.0539948 
train_loss: 0.0535878 
test_loss: 0.0538133 
train_loss: 0.0537742 
test_loss: 0.0536634 
train_loss: 0.0541141 
test_loss: 0.0535452 
train_loss: 0.0532439 
test_loss: 0.0534273 
train_loss: 0.0523909 
test_loss: 0.0533275 
train_loss: 0.0533362 
test_loss: 0.0532484 
train_loss: 0.0527893 
test_loss: 0.0531906 
train_loss: 0.0531548 
test_loss: 0.0531236 
train_loss: 0.0522422 
test_loss: 0.0530539 
train_loss: 0.0528021 
test_loss: 0.0530144 
train_loss: 0.0530036 
test_loss: 0.052974 
train_loss: 0.0528829 
test_loss: 0.0529228 
train_loss: 0.0524956 
test_loss: 0.0528807 
train_loss: 0.0524463 
test_loss: 0.052838 
train_loss: 0.0526849 
test_loss: 0.0527956 
train_loss: 0.0529683 
test_loss: 0.0527676 
train_loss: 0.0522535 
test_loss: 0.0527401 
train_loss: 0.0524291 
test_loss: 0.0527073 
train_loss: 0.051574 
test_loss: 0.0526713 
train_loss: 0.0527705 
test_loss: 0.0526824 
train_loss: 0.0524423 
test_loss: 0.0526295 
train_loss: 0.052368 
test_loss: 0.0525989 
train_loss: 0.0528953 
test_loss: 0.0525397 
train_loss: 0.052368 
test_loss: 0.0525262 
train_loss: 0.0520836 
test_loss: 0.0525036 
train_loss: 0.052411 
test_loss: 0.0524663 
train_loss: 0.0530256 
test_loss: 0.0524401 
train_loss: 0.0529279 
test_loss: 0.0524428 
train_loss: 0.0523312 
test_loss: 0.0523784 
train_loss: 0.0524846 
test_loss: 0.052358 
train_loss: 0.0523427 
test_loss: 0.0523253 
train_loss: 0.0517373 
test_loss: 0.0522897 
train_loss: 0.0520798 
test_loss: 0.0522716 
train_loss: 0.052058 
test_loss: 0.0522298 
train_loss: 0.0518266 
test_loss: 0.0522179 
train_loss: 0.0518607 
test_loss: 0.0521859 
train_loss: 0.0515243 
test_loss: 0.0521545 
train_loss: 0.0518497 
test_loss: 0.0521092 
train_loss: 0.0517772 
test_loss: 0.0520938 
train_loss: 0.0521034 
test_loss: 0.0520729 
train_loss: 0.0522171 
test_loss: 0.0520262 
train_loss: 0.0516383 
test_loss: 0.0519995 
train_loss: 0.05191 
test_loss: 0.0519766 
train_loss: 0.052027 
test_loss: 0.051917 
train_loss: 0.0515875 
test_loss: 0.0518775 
train_loss: 0.0513982 
test_loss: 0.0518439 
train_loss: 0.0520998 
test_loss: 0.0518081 
train_loss: 0.0516885 
test_loss: 0.051793 
train_loss: 0.0519608 
test_loss: 0.0517599 
train_loss: 0.0519869 
test_loss: 0.0516994 
train_loss: 0.0508514 
test_loss: 0.0516467 
train_loss: 0.0521799 
test_loss: 0.0515959 
train_loss: 0.051414 
test_loss: 0.0515707 
train_loss: 0.0512074 
test_loss: 0.0515297 
train_loss: 0.0514685 
test_loss: 0.0514588 
train_loss: 0.0506704 
test_loss: 0.051394 
train_loss: 0.0509564 
test_loss: 0.0513252 
train_loss: 0.0506741 
test_loss: 0.0512707 
train_loss: 0.0513415 
test_loss: 0.0512355 
train_loss: 0.0511399 
test_loss: 0.0511403 
train_loss: 0.0506003 
test_loss: 0.0510644 
train_loss: 0.050932 
test_loss: 0.0509977 
train_loss: 0.0505734 
test_loss: 0.0509487 
train_loss: 0.0505702 
test_loss: 0.0508663 
train_loss: 0.0508653 
test_loss: 0.0507641 
train_loss: 0.0504659 
test_loss: 0.0506948 
train_loss: 0.0506885 
test_loss: 0.0505943 
train_loss: 0.0506953 
test_loss: 0.050471 
train_loss: 0.0510004 
test_loss: 0.0503963 
train_loss: 0.0512912 
test_loss: 0.0502968 
train_loss: 0.0498434 
test_loss: 0.0501539 
train_loss: 0.050079 
test_loss: 0.0500346 
train_loss: 0.0501816 
test_loss: 0.0499342 
train_loss: 0.0489115 
test_loss: 0.0497892 
train_loss: 0.0492585 
test_loss: 0.049699 
train_loss: 0.0487477 
test_loss: 0.0495107 
train_loss: 0.0482628 
test_loss: 0.0493682 
train_loss: 0.0493279 
test_loss: 0.0492457 
train_loss: 0.0488321 
test_loss: 0.0490672 
train_loss: 0.048629 
test_loss: 0.0489319 
train_loss: 0.0487826 
test_loss: 0.0487552 
train_loss: 0.0480992 
test_loss: 0.0486548 
train_loss: 0.0483131 
test_loss: 0.0484824 
train_loss: 0.0486627 
test_loss: 0.0482274 
train_loss: 0.0483956 
test_loss: 0.0480628 
train_loss: 0.0476217 
test_loss: 0.0479101 
train_loss: 0.0482711 
test_loss: 0.0477057 
train_loss: 0.0475133 
test_loss: 0.0474464 
train_loss: 0.0469821 
test_loss: 0.0472092 
train_loss: 0.0470991 
test_loss: 0.0468754 
train_loss: 0.0463332 
test_loss: 0.046491 
train_loss: 0.0465071 
test_loss: 0.0461543 
train_loss: 0.0454011 
test_loss: 0.0458619 
train_loss: 0.04577 
test_loss: 0.0457142 
train_loss: 0.0453123 
test_loss: 0.0454994 
train_loss: 0.0446936 
test_loss: 0.0452595 
train_loss: 0.0452976 
test_loss: 0.0450748 
train_loss: 0.0451452 
test_loss: 0.0449195 
train_loss: 0.0448358 
test_loss: 0.0447271 
train_loss: 0.0444067 
test_loss: 0.0445181 
train_loss: 0.0438721 
test_loss: 0.0444046 
train_loss: 0.0440036 
test_loss: 0.0441558 
train_loss: 0.0439259 
test_loss: 0.0439447 
train_loss: 0.0433321 
test_loss: 0.0436981 
train_loss: 0.0434093 
test_loss: 0.0435094 
train_loss: 0.0431953 
test_loss: 0.0431626 
train_loss: 0.0430481 
test_loss: 0.0429029 
train_loss: 0.0424447 
test_loss: 0.0426526 
train_loss: 0.0426537 
test_loss: 0.0422282 
train_loss: 0.0418504 
test_loss: 0.0417738 
train_loss: 0.0414868 
test_loss: 0.0412979 
train_loss: 0.0408438 
test_loss: 0.0407515 
train_loss: 0.0407524 
test_loss: 0.0401267 
train_loss: 0.0390928 
test_loss: 0.0394492 
train_loss: 0.0386346 
test_loss: 0.0387073 
train_loss: 0.0377893 
test_loss: 0.0378037 
train_loss: 0.0367659 
test_loss: 0.0369191 
train_loss: 0.0350947 
test_loss: 0.0357357 
train_loss: 0.0339527 
test_loss: 0.0345459 
train_loss: 0.0330809 
test_loss: 0.0333211 
train_loss: 0.0315866 
test_loss: 0.0318142 
train_loss: 0.0299206 
test_loss: 0.0303704 
train_loss: 0.0288084 
test_loss: 0.0285977 
train_loss: 0.0268844 
test_loss: 0.0269277 
train_loss: 0.0255881 
test_loss: 0.0252659 
train_loss: 0.0235658 
test_loss: 0.0234998 
train_loss: 0.0217115 
test_loss: 0.0217377 
train_loss: 0.0198542 
test_loss: 0.0200732 
train_loss: 0.0184374 
test_loss: 0.018163 
train_loss: 0.0166055 
test_loss: 0.016657 
train_loss: 0.0149164 
test_loss: 0.0149696 
train_loss: 0.0138541 
test_loss: 0.0136367 
train_loss: 0.0122934 
test_loss: 0.0125607 
train_loss: 0.011675 
test_loss: 0.0116547 
train_loss: 0.0109889 
test_loss: 0.0109207 
train_loss: 0.010198 
test_loss: 0.0101887 
train_loss: 0.00963453 
test_loss: 0.00966304 
train_loss: 0.00904819 
test_loss: 0.00915249 
train_loss: 0.00862977 
test_loss: 0.00868993 
train_loss: 0.00839269 
test_loss: 0.00833371 
train_loss: 0.0081164 
test_loss: 0.00800922 
train_loss: 0.00764132 
test_loss: 0.00760983 
train_loss: 0.00741582 
test_loss: 0.00748059 
train_loss: 0.00706831 
test_loss: 0.00701519 
train_loss: 0.00668963 
test_loss: 0.0067904 
train_loss: 0.00662737 
test_loss: 0.00656508 
train_loss: 0.00624054 
test_loss: 0.00626439 
train_loss: 0.00605917 
test_loss: 0.00605105 
train_loss: 0.00590507 
test_loss: 0.00582733 
train_loss: 0.00583275 
test_loss: 0.00579553 
train_loss: 0.00553038 
test_loss: 0.00554443 
train_loss: 0.00526245 
test_loss: 0.00529838 
train_loss: 0.00505778 
test_loss: 0.00502747 
train_loss: 0.00478904 
test_loss: 0.00508539 
train_loss: 0.00472207 
test_loss: 0.00495001 
train_loss: 0.00491634 
test_loss: 0.00483135 
train_loss: 0.0045211 
test_loss: 0.00460287 
train_loss: 0.00442161 
test_loss: 0.00446592 
train_loss: 0.00422373 
test_loss: 0.00436655 
train_loss: 0.00411769 
test_loss: 0.0042664 
train_loss: 0.00408876 
test_loss: 0.00405365 
train_loss: 0.00395144 
test_loss: 0.00394644 
train_loss: 0.0039488 
test_loss: 0.00395542 
train_loss: 0.00389265 
test_loss: 0.00383946 
train_loss: 0.00371784 
test_loss: 0.00367405 
train_loss: 0.00376348 
test_loss: 0.00382061 
train_loss: 0.00356023 
test_loss: 0.00360477 
train_loss: 0.0035226 
test_loss: 0.0036151 
train_loss: 0.00349818 
test_loss: 0.00370644 
train_loss: 0.00356604 
test_loss: 0.00353625 
train_loss: 0.00346491 
test_loss: 0.00368359 
train_loss: 0.00341873 
test_loss: 0.00371716 
train_loss: 0.00340719 
test_loss: 0.00390643 
train_loss: 0.00322157 
test_loss: 0.0031703 
train_loss: 0.00334966 
test_loss: 0.00335247 
train_loss: 0.00328478 
test_loss: 0.00315655 
train_loss: 0.0032886 
test_loss: 0.00352163 
train_loss: 0.0032212 
test_loss: 0.00313733 
train_loss: 0.00300027 
test_loss: 0.0030546 
train_loss: 0.00339987 
test_loss: 0.00337906 
train_loss: 0.00303306 
test_loss: 0.00299958 
train_loss: 0.00300291 
test_loss: 0.00310638 
train_loss: 0.00304829 
test_loss: 0.00292276 
train_loss: 0.00297227 
test_loss: 0.00314373 
train_loss: 0.0032731 
test_loss: 0.00338673 
train_loss: 0.00303442 
test_loss: 0.00303783 
train_loss: 0.00296008 
test_loss: 0.00301339 
train_loss: 0.00297606 
test_loss: 0.00276681 
train_loss: 0.00298668 
test_loss: 0.00297897 
train_loss: 0.00271239 
test_loss: 0.00272846 
train_loss: 0.00276723 
test_loss: 0.0027566 
train_loss: 0.0027078 
test_loss: 0.00297424 
train_loss: 0.00309611 
test_loss: 0.00300071 
train_loss: 0.00278944 
test_loss: 0.0028912 
train_loss: 0.0027701 
test_loss: 0.00275891 
train_loss: 0.00271847 
test_loss: 0.00261793 
train_loss: 0.0028548 
test_loss: 0.00257826 
train_loss: 0.00264343 
test_loss: 0.00259488 
train_loss: 0.00268313 
test_loss: 0.00251144 
train_loss: 0.00261225 
test_loss: 0.00288566 
train_loss: 0.00257077 
test_loss: 0.0037037 
train_loss: 0.00274951 
test_loss: 0.00267392 
train_loss: 0.0025182 
test_loss: 0.0027672 
train_loss: 0.00259246 
test_loss: 0.00258795 
train_loss: 0.00240485 
test_loss: 0.00252754 
train_loss: 0.00255529 
test_loss: 0.00259089 
train_loss: 0.00239357 
test_loss: 0.00249201 
train_loss: 0.00240968 
test_loss: 0.00237645 
train_loss: 0.00242289 
test_loss: 0.00253123 
train_loss: 0.00260554 
test_loss: 0.00281323 
train_loss: 0.00256391 
test_loss: 0.00250972 
train_loss: 0.00221023 
test_loss: 0.00237989 
train_loss: 0.00268643 
test_loss: 0.00302308 
train_loss: 0.00241214 
test_loss: 0.0022859 
train_loss: 0.00240307 
test_loss: 0.00231835 
train_loss: 0.00220724 
test_loss: 0.00266309 
train_loss: 0.00310583 
test_loss: 0.00241892 
train_loss: 0.00226169 
test_loss: 0.00231112 
train_loss: 0.00218609 
test_loss: 0.0026017 
train_loss: 0.00242405 
test_loss: 0.00229593 
train_loss: 0.00247556 
test_loss: 0.00273399 
train_loss: 0.00242029 
test_loss: 0.00235301 
train_loss: 0.00219993 
test_loss: 0.00243185 
train_loss: 0.00276017 
test_loss: 0.00246726 
train_loss: 0.00277437 
test_loss: 0.00262659 
train_loss: 0.00231647 
test_loss: 0.00225128 
train_loss: 0.00226337 
test_loss: 0.0022755 
train_loss: 0.00257942 
test_loss: 0.00270265 
train_loss: 0.00238197 
test_loss: 0.00206517 
train_loss: 0.0020841 
test_loss: 0.00216179 
train_loss: 0.00230765 
test_loss: 0.00234884 
train_loss: 0.00231992 
test_loss: 0.00265007 
