train_loss: 1.99971 
test_loss: 1.99819 
train_loss: 1.99752 
test_loss: 1.99745 
train_loss: 1.99963 
test_loss: 1.99771 
train_loss: 1.99658 
test_loss: 1.99771 
train_loss: 2.03346 
test_loss: 1.99796 
train_loss: 1.99989 
test_loss: 2.00099 
train_loss: 1.9976 
test_loss: 1.99884 
train_loss: 0.497881 
test_loss: 0.503674 
train_loss: 0.496461 
test_loss: 0.504404 
train_loss: 0.503618 
test_loss: 0.504197 
train_loss: 0.503443 
test_loss: 0.503962 
train_loss: 0.503723 
test_loss: 0.503676 
train_loss: 0.501614 
test_loss: 0.503412 
train_loss: 0.498182 
test_loss: 0.503143 
train_loss: 0.496687 
test_loss: 0.502844 
train_loss: 0.500944 
test_loss: 0.502526 
train_loss: 0.498419 
test_loss: 0.502196 
train_loss: 0.503957 
test_loss: 0.501862 
train_loss: 0.500381 
test_loss: 0.501511 
train_loss: 0.501387 
test_loss: 0.501124 
train_loss: 0.498876 
test_loss: 0.500742 
train_loss: 0.500156 
test_loss: 0.500327 
train_loss: 0.498821 
test_loss: 0.499911 
train_loss: 0.496936 
test_loss: 0.499507 
train_loss: 0.499542 
test_loss: 0.499025 
train_loss: 0.501511 
test_loss: 0.498579 
train_loss: 0.497944 
test_loss: 0.498101 
train_loss: 0.490367 
test_loss: 0.497593 
train_loss: 0.493316 
test_loss: 0.497075 
train_loss: 0.492202 
test_loss: 0.496555 
train_loss: 0.493698 
test_loss: 0.496017 
train_loss: 0.491451 
test_loss: 0.495437 
train_loss: 0.495504 
test_loss: 0.49486 
train_loss: 0.487911 
test_loss: 0.494256 
train_loss: 0.493904 
test_loss: 0.493624 
train_loss: 0.487995 
test_loss: 0.49299 
train_loss: 0.488542 
test_loss: 0.492325 
train_loss: 0.48319 
test_loss: 0.491639 
train_loss: 0.491538 
test_loss: 0.49097 
train_loss: 0.495391 
test_loss: 0.490243 
train_loss: 0.484898 
test_loss: 0.489497 
train_loss: 0.488575 
test_loss: 0.488741 
train_loss: 0.48415 
test_loss: 0.487947 
train_loss: 0.486657 
test_loss: 0.487146 
train_loss: 0.479173 
test_loss: 0.486324 
train_loss: 0.486275 
test_loss: 0.485463 
train_loss: 0.481976 
test_loss: 0.484578 
train_loss: 0.477401 
test_loss: 0.483675 
train_loss: 0.476414 
test_loss: 0.482733 
train_loss: 0.482785 
test_loss: 0.481788 
train_loss: 0.483084 
test_loss: 0.480793 
train_loss: 0.484832 
test_loss: 0.4798 
train_loss: 0.476641 
test_loss: 0.478757 
train_loss: 0.479158 
test_loss: 0.477674 
train_loss: 0.473956 
test_loss: 0.47659 
train_loss: 0.472907 
test_loss: 0.475466 
train_loss: 0.46802 
test_loss: 0.474302 
train_loss: 0.473236 
test_loss: 0.473109 
train_loss: 0.471754 
test_loss: 0.471876 
train_loss: 0.476012 
test_loss: 0.470613 
train_loss: 0.467157 
test_loss: 0.469316 
train_loss: 0.474338 
test_loss: 0.468003 
train_loss: 0.475575 
test_loss: 0.466596 
train_loss: 0.464481 
test_loss: 0.465195 
train_loss: 0.465565 
test_loss: 0.463753 
train_loss: 0.464192 
test_loss: 0.462265 
train_loss: 0.464909 
test_loss: 0.460734 
train_loss: 0.459108 
test_loss: 0.459168 
train_loss: 0.460056 
test_loss: 0.457543 
train_loss: 0.455649 
test_loss: 0.455881 
train_loss: 0.459924 
test_loss: 0.454165 
train_loss: 0.456372 
test_loss: 0.452426 
train_loss: 0.451842 
test_loss: 0.450611 
train_loss: 0.451407 
test_loss: 0.448747 
train_loss: 0.447595 
test_loss: 0.446841 
train_loss: 0.449541 
test_loss: 0.444878 
train_loss: 0.444918 
test_loss: 0.442869 
train_loss: 0.432916 
test_loss: 0.440809 
train_loss: 0.437557 
test_loss: 0.438682 
train_loss: 0.435855 
test_loss: 0.436512 
train_loss: 0.436806 
test_loss: 0.434273 
train_loss: 0.425136 
test_loss: 0.431995 
train_loss: 0.42683 
test_loss: 0.429661 
train_loss: 0.427512 
test_loss: 0.427264 
train_loss: 0.42346 
test_loss: 0.424813 
train_loss: 0.424329 
test_loss: 0.422326 
train_loss: 0.419344 
test_loss: 0.419767 
train_loss: 0.415769 
test_loss: 0.417183 
train_loss: 0.41681 
test_loss: 0.414549 
train_loss: 0.407712 
test_loss: 0.411877 
train_loss: 0.411744 
test_loss: 0.409162 
train_loss: 0.407101 
test_loss: 0.40642 
train_loss: 0.401398 
test_loss: 0.403646 
train_loss: 0.402304 
test_loss: 0.400832 
train_loss: 0.393617 
test_loss: 0.397997 
train_loss: 0.39331 
test_loss: 0.395134 
train_loss: 0.388609 
test_loss: 0.392254 
train_loss: 0.384855 
test_loss: 0.389342 
train_loss: 0.383229 
test_loss: 0.386398 
train_loss: 0.382155 
test_loss: 0.383448 
train_loss: 0.376929 
test_loss: 0.380454 
train_loss: 0.379358 
test_loss: 0.377432 
train_loss: 0.381511 
test_loss: 0.374377 
train_loss: 0.371083 
test_loss: 0.37131 
train_loss: 0.364304 
test_loss: 0.368204 
train_loss: 0.368579 
test_loss: 0.365076 
train_loss: 0.3585 
test_loss: 0.361913 
train_loss: 0.356085 
test_loss: 0.358731 
train_loss: 0.358424 
test_loss: 0.355502 
train_loss: 0.352967 
test_loss: 0.352276 
train_loss: 0.342622 
test_loss: 0.349018 
train_loss: 0.343694 
test_loss: 0.345725 
train_loss: 0.339859 
test_loss: 0.342413 
train_loss: 0.339313 
test_loss: 0.339092 
train_loss: 0.334883 
test_loss: 0.335726 
train_loss: 0.329891 
test_loss: 0.332344 
train_loss: 0.33012 
test_loss: 0.328941 
train_loss: 0.324705 
test_loss: 0.325497 
train_loss: 0.321944 
test_loss: 0.32203 
train_loss: 0.321256 
test_loss: 0.31851 
train_loss: 0.315513 
test_loss: 0.314944 
train_loss: 0.309965 
test_loss: 0.311329 
train_loss: 0.312418 
test_loss: 0.307639 
train_loss: 0.304698 
test_loss: 0.303858 
train_loss: 0.294393 
test_loss: 0.300004 
train_loss: 0.29232 
test_loss: 0.296065 
train_loss: 0.288253 
test_loss: 0.291997 
train_loss: 0.283157 
test_loss: 0.287842 
train_loss: 0.280743 
test_loss: 0.283592 
train_loss: 0.277491 
test_loss: 0.279225 
train_loss: 0.277058 
test_loss: 0.274792 
train_loss: 0.272835 
test_loss: 0.270273 
train_loss: 0.271827 
test_loss: 0.265635 
train_loss: 0.263296 
test_loss: 0.260828 
train_loss: 0.25777 
test_loss: 0.255802 
train_loss: 0.253537 
test_loss: 0.250538 
train_loss: 0.244138 
test_loss: 0.244991 
train_loss: 0.238115 
test_loss: 0.239177 
train_loss: 0.233416 
test_loss: 0.233082 
train_loss: 0.22933 
test_loss: 0.226732 
train_loss: 0.222616 
test_loss: 0.220195 
train_loss: 0.210537 
test_loss: 0.213568 
train_loss: 0.209088 
test_loss: 0.206934 
train_loss: 0.20219 
test_loss: 0.200372 
train_loss: 0.196078 
test_loss: 0.193941 
train_loss: 0.190758 
test_loss: 0.187678 
train_loss: 0.183568 
test_loss: 0.181636 
train_loss: 0.177614 
test_loss: 0.175799 
train_loss: 0.166499 
test_loss: 0.170245 
train_loss: 0.162773 
test_loss: 0.165017 
train_loss: 0.157781 
test_loss: 0.160153 
train_loss: 0.152638 
test_loss: 0.15563 
train_loss: 0.151568 
test_loss: 0.151467 
train_loss: 0.14741 
test_loss: 0.147645 
train_loss: 0.146931 
test_loss: 0.144115 
train_loss: 0.138769 
test_loss: 0.140875 
train_loss: 0.136685 
test_loss: 0.137885 
train_loss: 0.13779 
test_loss: 0.135134 
train_loss: 0.125904 
test_loss: 0.132582 
train_loss: 0.131011 
test_loss: 0.130232 
train_loss: 0.128147 
test_loss: 0.128041 
train_loss: 0.128923 
test_loss: 0.126 
train_loss: 0.123685 
test_loss: 0.124109 
train_loss: 0.124246 
test_loss: 0.122353 
train_loss: 0.119691 
test_loss: 0.120726 
train_loss: 0.114745 
test_loss: 0.119206 
train_loss: 0.116462 
test_loss: 0.117807 
train_loss: 0.11736 
test_loss: 0.116502 
train_loss: 0.112843 
test_loss: 0.115308 
train_loss: 0.111627 
test_loss: 0.114206 
train_loss: 0.113096 
test_loss: 0.113196 
train_loss: 0.108115 
test_loss: 0.112286 
train_loss: 0.108955 
test_loss: 0.111446 
train_loss: 0.110947 
test_loss: 0.110689 
train_loss: 0.108462 
test_loss: 0.110007 
train_loss: 0.113707 
test_loss: 0.109387 
train_loss: 0.106409 
test_loss: 0.108832 
train_loss: 0.107063 
test_loss: 0.108342 
train_loss: 0.104184 
test_loss: 0.107896 
train_loss: 0.109083 
test_loss: 0.107504 
train_loss: 0.105012 
test_loss: 0.107131 
train_loss: 0.105363 
test_loss: 0.1068 
train_loss: 0.106192 
test_loss: 0.106505 
train_loss: 0.107451 
test_loss: 0.106253 
train_loss: 0.104362 
test_loss: 0.106018 
train_loss: 0.103926 
test_loss: 0.105819 
train_loss: 0.106035 
test_loss: 0.105614 
train_loss: 0.104669 
test_loss: 0.105436 
train_loss: 0.103341 
test_loss: 0.105282 
train_loss: 0.107982 
test_loss: 0.105145 
train_loss: 0.107726 
test_loss: 0.105025 
train_loss: 0.102147 
test_loss: 0.104892 
train_loss: 0.102558 
test_loss: 0.104773 
train_loss: 0.102092 
test_loss: 0.104678 
train_loss: 0.103584 
test_loss: 0.104577 
train_loss: 0.107026 
test_loss: 0.104502 
train_loss: 0.102924 
test_loss: 0.104429 
train_loss: 0.101187 
test_loss: 0.104341 
train_loss: 0.100889 
test_loss: 0.104266 
train_loss: 0.102353 
test_loss: 0.104201 
train_loss: 0.101218 
test_loss: 0.104129 
train_loss: 0.103194 
test_loss: 0.104066 
train_loss: 0.102704 
test_loss: 0.104001 
train_loss: 0.102859 
test_loss: 0.103929 
train_loss: 0.102642 
test_loss: 0.103875 
train_loss: 0.104287 
test_loss: 0.103811 
train_loss: 0.104262 
test_loss: 0.103755 
train_loss: 0.102901 
test_loss: 0.103685 
train_loss: 0.100105 
test_loss: 0.103616 
train_loss: 0.102975 
test_loss: 0.10357 
train_loss: 0.103865 
test_loss: 0.103493 
train_loss: 0.102333 
test_loss: 0.103438 
train_loss: 0.0988039 
test_loss: 0.103336 
train_loss: 0.102081 
test_loss: 0.103302 
train_loss: 0.0997483 
test_loss: 0.103215 
train_loss: 0.101781 
test_loss: 0.103119 
train_loss: 0.0979758 
test_loss: 0.103021 
train_loss: 0.103147 
test_loss: 0.102956 
train_loss: 0.099407 
test_loss: 0.102855 
train_loss: 0.101568 
test_loss: 0.102788 
train_loss: 0.100836 
test_loss: 0.102716 
train_loss: 0.105794 
test_loss: 0.102656 
train_loss: 0.100068 
test_loss: 0.102591 
train_loss: 0.0997367 
test_loss: 0.102517 
train_loss: 0.102423 
test_loss: 0.102482 
train_loss: 0.0990042 
test_loss: 0.102409 
train_loss: 0.101573 
test_loss: 0.102346 
train_loss: 0.107382 
test_loss: 0.10229 
train_loss: 0.101005 
test_loss: 0.102237 
train_loss: 0.0990311 
test_loss: 0.102165 
train_loss: 0.10065 
test_loss: 0.102109 
train_loss: 0.0995843 
test_loss: 0.102075 
train_loss: 0.101531 
test_loss: 0.101987 
train_loss: 0.100162 
test_loss: 0.101985 
train_loss: 0.100122 
test_loss: 0.101888 
train_loss: 0.0980702 
test_loss: 0.101811 
train_loss: 0.102373 
test_loss: 0.101759 
train_loss: 0.102664 
test_loss: 0.101695 
train_loss: 0.098299 
test_loss: 0.101644 
train_loss: 0.0994959 
test_loss: 0.101567 
train_loss: 0.103405 
test_loss: 0.101504 
train_loss: 0.0986118 
test_loss: 0.101446 
train_loss: 0.103123 
test_loss: 0.101346 
train_loss: 0.102449 
test_loss: 0.101254 
train_loss: 0.101917 
test_loss: 0.10116 
train_loss: 0.0995602 
test_loss: 0.10111 
train_loss: 0.102442 
test_loss: 0.101011 
train_loss: 0.100008 
test_loss: 0.100945 
train_loss: 0.0959601 
test_loss: 0.100837 
train_loss: 0.0990277 
test_loss: 0.100722 
train_loss: 0.0991923 
test_loss: 0.100612 
train_loss: 0.0953393 
test_loss: 0.100526 
train_loss: 0.100799 
test_loss: 0.100428 
train_loss: 0.0972059 
test_loss: 0.100324 
train_loss: 0.0954862 
test_loss: 0.100191 
train_loss: 0.100311 
test_loss: 0.10006 
train_loss: 0.0992955 
test_loss: 0.0999458 
train_loss: 0.0993537 
test_loss: 0.0998078 
train_loss: 0.101326 
test_loss: 0.0996507 
train_loss: 0.0964735 
test_loss: 0.0995659 
train_loss: 0.0959049 
test_loss: 0.0994066 
train_loss: 0.0992533 
test_loss: 0.099292 
train_loss: 0.0986067 
test_loss: 0.0991752 
train_loss: 0.0993782 
test_loss: 0.09902 
train_loss: 0.0955651 
test_loss: 0.0987715 
train_loss: 0.100038 
test_loss: 0.0986473 
train_loss: 0.0950987 
test_loss: 0.0984985 
train_loss: 0.0969021 
test_loss: 0.0982781 
train_loss: 0.0936244 
test_loss: 0.0981436 
train_loss: 0.0914034 
test_loss: 0.0979077 
train_loss: 0.098024 
test_loss: 0.0977679 
train_loss: 0.0969518 
test_loss: 0.0976357 
train_loss: 0.0965378 
test_loss: 0.0974452 
train_loss: 0.0914072 
test_loss: 0.0972698 
train_loss: 0.095224 
test_loss: 0.0971188 
train_loss: 0.0952558 
test_loss: 0.0969306 
train_loss: 0.0957986 
test_loss: 0.0968061 
train_loss: 0.0948212 
test_loss: 0.0966683 
train_loss: 0.0987528 
test_loss: 0.0965337 
train_loss: 0.0999772 
test_loss: 0.0963473 
train_loss: 0.0965179 
test_loss: 0.0961788 
train_loss: 0.098897 
test_loss: 0.096057 
train_loss: 0.093637 
test_loss: 0.0959321 
train_loss: 0.0983618 
test_loss: 0.0957641 
train_loss: 0.0922383 
test_loss: 0.0956409 
train_loss: 0.0937202 
test_loss: 0.0954824 
train_loss: 0.0938168 
test_loss: 0.0954217 
train_loss: 0.101751 
test_loss: 0.0952793 
train_loss: 0.0976833 
test_loss: 0.0950901 
train_loss: 0.0948467 
test_loss: 0.094925 
train_loss: 0.0887144 
test_loss: 0.0948137 
train_loss: 0.0926022 
test_loss: 0.0948143 
train_loss: 0.0931713 
test_loss: 0.0945889 
train_loss: 0.0926187 
test_loss: 0.094465 
train_loss: 0.0903098 
test_loss: 0.0943265 
train_loss: 0.0917588 
test_loss: 0.0942254 
train_loss: 0.0932902 
test_loss: 0.0940645 
train_loss: 0.0906296 
test_loss: 0.0939798 
train_loss: 0.0915149 
test_loss: 0.0937463 
train_loss: 0.091912 
test_loss: 0.0936669 
train_loss: 0.0934085 
test_loss: 0.0934015 
train_loss: 0.0965345 
test_loss: 0.0932235 
train_loss: 0.0947243 
test_loss: 0.0930548 
train_loss: 0.0900187 
test_loss: 0.092859 
train_loss: 0.0909641 
test_loss: 0.092601 
train_loss: 0.0932176 
test_loss: 0.0922926 
train_loss: 0.0940427 
test_loss: 0.0919205 
train_loss: 0.088989 
test_loss: 0.091483 
train_loss: 0.0877346 
test_loss: 0.090981 
train_loss: 0.0856768 
test_loss: 0.0901522 
train_loss: 0.0893732 
test_loss: 0.0893275 
train_loss: 0.086844 
test_loss: 0.088441 
train_loss: 0.0860092 
test_loss: 0.0877311 
train_loss: 0.0861889 
test_loss: 0.0870105 
train_loss: 0.0830328 
test_loss: 0.0863849 
train_loss: 0.084483 
test_loss: 0.0855796 
train_loss: 0.0822951 
test_loss: 0.0849213 
train_loss: 0.0822299 
test_loss: 0.084145 
train_loss: 0.0842096 
test_loss: 0.0834641 
train_loss: 0.081647 
test_loss: 0.0828139 
train_loss: 0.0819992 
test_loss: 0.0822386 
train_loss: 0.077699 
test_loss: 0.0816643 
train_loss: 0.0787404 
test_loss: 0.0812034 
train_loss: 0.079664 
test_loss: 0.0807747 
train_loss: 0.0774304 
test_loss: 0.0803763 
train_loss: 0.0811553 
test_loss: 0.0799463 
train_loss: 0.0742483 
test_loss: 0.0795723 
train_loss: 0.0768996 
test_loss: 0.0792639 
train_loss: 0.0753753 
test_loss: 0.0790796 
train_loss: 0.0780317 
test_loss: 0.0786841 
train_loss: 0.0740621 
test_loss: 0.0782717 
train_loss: 0.0786709 
test_loss: 0.0780928 
train_loss: 0.0772572 
test_loss: 0.0777989 
train_loss: 0.0766673 
test_loss: 0.0774078 
train_loss: 0.0795594 
test_loss: 0.0770253 
train_loss: 0.0748931 
test_loss: 0.0767896 
train_loss: 0.0774946 
test_loss: 0.0763316 
train_loss: 0.074962 
test_loss: 0.0759486 
train_loss: 0.0739655 
test_loss: 0.0757396 
train_loss: 0.0727033 
test_loss: 0.0751009 
train_loss: 0.0752997 
test_loss: 0.0747152 
train_loss: 0.0728293 
test_loss: 0.0741865 
train_loss: 0.069499 
test_loss: 0.0736582 
train_loss: 0.0714822 
test_loss: 0.0731296 
train_loss: 0.0704684 
test_loss: 0.0727218 
train_loss: 0.0730576 
test_loss: 0.0719982 
train_loss: 0.0676188 
test_loss: 0.0714228 
train_loss: 0.0677162 
test_loss: 0.0706828 
train_loss: 0.0692804 
test_loss: 0.0701166 
train_loss: 0.0679892 
test_loss: 0.0693583 
train_loss: 0.0681959 
test_loss: 0.0686451 
train_loss: 0.0678824 
test_loss: 0.0678407 
train_loss: 0.0656806 
test_loss: 0.0670852 
train_loss: 0.0683519 
test_loss: 0.0663448 
train_loss: 0.0662063 
test_loss: 0.0657179 
train_loss: 0.065702 
test_loss: 0.0648299 
train_loss: 0.0628089 
test_loss: 0.0641006 
train_loss: 0.0645122 
test_loss: 0.063722 
train_loss: 0.0641522 
test_loss: 0.0631603 
train_loss: 0.0618252 
test_loss: 0.0628099 
train_loss: 0.0568564 
test_loss: 0.0625659 
train_loss: 0.0599736 
test_loss: 0.0621594 
train_loss: 0.0586293 
test_loss: 0.0618436 
train_loss: 0.0607417 
test_loss: 0.0617172 
train_loss: 0.0623629 
test_loss: 0.0614583 
train_loss: 0.0591505 
test_loss: 0.0611784 
train_loss: 0.0603483 
test_loss: 0.0610772 
train_loss: 0.0578101 
test_loss: 0.0608376 
train_loss: 0.0579244 
test_loss: 0.0606553 
train_loss: 0.0601409 
test_loss: 0.0606071 
train_loss: 0.0598426 
test_loss: 0.0605167 
train_loss: 0.0567841 
test_loss: 0.0603339 
train_loss: 0.0612956 
test_loss: 0.0602193 
train_loss: 0.0620134 
test_loss: 0.0603679 
train_loss: 0.0587308 
test_loss: 0.0600493 
train_loss: 0.0591629 
test_loss: 0.0598123 
train_loss: 0.0612647 
test_loss: 0.0598113 
train_loss: 0.0577722 
test_loss: 0.0597459 
train_loss: 0.0579301 
test_loss: 0.0600479 
train_loss: 0.0573129 
test_loss: 0.0595447 
train_loss: 0.0569268 
test_loss: 0.0596703 
train_loss: 0.0584541 
test_loss: 0.059506 
train_loss: 0.0574717 
test_loss: 0.059491 
train_loss: 0.059783 
test_loss: 0.0593223 
train_loss: 0.058193 
test_loss: 0.0591481 
train_loss: 0.0567444 
test_loss: 0.0590479 
train_loss: 0.0593856 
test_loss: 0.0592482 
train_loss: 0.0581578 
test_loss: 0.0587879 
train_loss: 0.056834 
test_loss: 0.0587572 
train_loss: 0.0583069 
test_loss: 0.0587165 
train_loss: 0.0579482 
test_loss: 0.0587193 
train_loss: 0.0572405 
test_loss: 0.0587925 
train_loss: 0.0535408 
test_loss: 0.0585624 
train_loss: 0.0553046 
test_loss: 0.0583803 
train_loss: 0.0568347 
test_loss: 0.058171 
train_loss: 0.0571527 
test_loss: 0.0581689 
train_loss: 0.0549252 
test_loss: 0.0581512 
train_loss: 0.0523029 
test_loss: 0.0579617 
train_loss: 0.0562287 
test_loss: 0.0579922 
train_loss: 0.0573918 
test_loss: 0.0578312 
train_loss: 0.0565975 
test_loss: 0.057427 
train_loss: 0.0591935 
test_loss: 0.0575648 
train_loss: 0.0541997 
test_loss: 0.0573304 
train_loss: 0.0589288 
test_loss: 0.0574434 
train_loss: 0.0560182 
test_loss: 0.0569934 
train_loss: 0.0541768 
test_loss: 0.0570841 
train_loss: 0.0543376 
test_loss: 0.0567899 
train_loss: 0.0540082 
test_loss: 0.0566935 
train_loss: 0.0566059 
test_loss: 0.0567589 
train_loss: 0.0552548 
test_loss: 0.0564863 
train_loss: 0.0550058 
test_loss: 0.0561206 
train_loss: 0.0538054 
test_loss: 0.0561727 
train_loss: 0.0537552 
test_loss: 0.0559997 
train_loss: 0.0554739 
test_loss: 0.0555044 
train_loss: 0.0543769 
test_loss: 0.0556081 
train_loss: 0.0532997 
test_loss: 0.0551821 
train_loss: 0.0531764 
test_loss: 0.0550651 
train_loss: 0.0550131 
test_loss: 0.0549184 
train_loss: 0.0540165 
test_loss: 0.0545598 
train_loss: 0.0515413 
test_loss: 0.0543605 
train_loss: 0.0507427 
test_loss: 0.054611 
train_loss: 0.0538674 
test_loss: 0.0539657 
train_loss: 0.0549416 
test_loss: 0.0537556 
train_loss: 0.0528242 
test_loss: 0.0538212 
train_loss: 0.0503647 
test_loss: 0.0530881 
train_loss: 0.0525697 
test_loss: 0.0529453 
train_loss: 0.0515043 
test_loss: 0.0523951 
train_loss: 0.0487252 
test_loss: 0.0523459 
train_loss: 0.0499998 
test_loss: 0.0520919 
train_loss: 0.0536138 
test_loss: 0.0516587 
train_loss: 0.0523343 
test_loss: 0.0512071 
train_loss: 0.0505454 
test_loss: 0.0509893 
train_loss: 0.0514085 
test_loss: 0.0507222 
train_loss: 0.0511275 
test_loss: 0.0501874 
train_loss: 0.0450647 
test_loss: 0.0496407 
train_loss: 0.0489041 
test_loss: 0.0493727 
train_loss: 0.0470276 
test_loss: 0.0486155 
train_loss: 0.0453771 
test_loss: 0.0482039 
train_loss: 0.0470698 
test_loss: 0.047124 
train_loss: 0.0462902 
test_loss: 0.0475922 
train_loss: 0.0453849 
test_loss: 0.0455206 
train_loss: 0.0426801 
test_loss: 0.0440917 
train_loss: 0.040455 
test_loss: 0.0428411 
train_loss: 0.0416817 
test_loss: 0.0416243 
train_loss: 0.0384647 
test_loss: 0.0396645 
train_loss: 0.038989 
test_loss: 0.0387163 
train_loss: 0.0347948 
test_loss: 0.0371155 
train_loss: 0.0348174 
test_loss: 0.0353566 
train_loss: 0.0341713 
test_loss: 0.0337707 
train_loss: 0.0314091 
test_loss: 0.0321761 
train_loss: 0.0303578 
test_loss: 0.0304898 
train_loss: 0.0293141 
test_loss: 0.0296527 
train_loss: 0.0298398 
test_loss: 0.0282792 
train_loss: 0.0252349 
test_loss: 0.0273486 
train_loss: 0.0239863 
test_loss: 0.0265284 
train_loss: 0.0244874 
test_loss: 0.0252867 
train_loss: 0.0233699 
test_loss: 0.0248918 
train_loss: 0.0245975 
test_loss: 0.0249715 
train_loss: 0.0229141 
test_loss: 0.0231072 
train_loss: 0.0216335 
test_loss: 0.0223856 
train_loss: 0.0218533 
test_loss: 0.0217078 
train_loss: 0.0208833 
test_loss: 0.0210696 
train_loss: 0.0212179 
test_loss: 0.0210931 
train_loss: 0.021533 
test_loss: 0.0211502 
train_loss: 0.0201346 
test_loss: 0.0206612 
train_loss: 0.02053 
test_loss: 0.0204735 
train_loss: 0.0200788 
test_loss: 0.0205712 
train_loss: 0.0198609 
test_loss: 0.019418 
train_loss: 0.0197262 
test_loss: 0.0200959 
train_loss: 0.018451 
test_loss: 0.019571 
train_loss: 0.0192381 
test_loss: 0.0188925 
train_loss: 0.0173623 
test_loss: 0.019096 
train_loss: 0.0175526 
test_loss: 0.0184556 
train_loss: 0.0182365 
test_loss: 0.0189795 
train_loss: 0.0184601 
test_loss: 0.0185761 
train_loss: 0.0176457 
test_loss: 0.0177385 
train_loss: 0.016791 
test_loss: 0.0178713 
train_loss: 0.0179697 
test_loss: 0.0191836 
train_loss: 0.0180961 
test_loss: 0.0178443 
train_loss: 0.0182357 
test_loss: 0.0176682 
train_loss: 0.0167671 
test_loss: 0.0174258 
train_loss: 0.0168552 
test_loss: 0.0175371 
train_loss: 0.0166253 
test_loss: 0.0173038 
train_loss: 0.0174225 
test_loss: 0.017832 
train_loss: 0.016523 
test_loss: 0.0171062 
train_loss: 0.0163706 
test_loss: 0.017064 
train_loss: 0.0163848 
test_loss: 0.0170005 
train_loss: 0.0156141 
test_loss: 0.0172443 
train_loss: 0.0156576 
test_loss: 0.0171234 
train_loss: 0.0162005 
test_loss: 0.0176284 
train_loss: 0.0161194 
test_loss: 0.016988 
train_loss: 0.0171106 
test_loss: 0.0163939 
train_loss: 0.0170971 
test_loss: 0.0166152 
train_loss: 0.0159761 
test_loss: 0.0165812 
train_loss: 0.0167712 
test_loss: 0.0170876 
train_loss: 0.0157222 
test_loss: 0.0163596 
train_loss: 0.0147027 
test_loss: 0.0163192 
train_loss: 0.0158333 
test_loss: 0.0163398 
train_loss: 0.0158252 
test_loss: 0.0166193 
train_loss: 0.0160469 
test_loss: 0.0162663 
train_loss: 0.015738 
test_loss: 0.0162839 
train_loss: 0.0164461 
test_loss: 0.0171266 
train_loss: 0.0153101 
test_loss: 0.0160347 
train_loss: 0.0151915 
test_loss: 0.0159473 
train_loss: 0.0155385 
test_loss: 0.0158549 
train_loss: 0.0158441 
test_loss: 0.0166641 
train_loss: 0.015195 
test_loss: 0.0154318 
train_loss: 0.0153944 
test_loss: 0.0155528 
train_loss: 0.0154244 
test_loss: 0.0157483 
train_loss: 0.0157979 
test_loss: 0.0157166 
train_loss: 0.0146368 
test_loss: 0.0157842 
train_loss: 0.0151708 
test_loss: 0.015967 
train_loss: 0.0144004 
test_loss: 0.015387 
train_loss: 0.0156296 
test_loss: 0.0152899 
train_loss: 0.0155632 
test_loss: 0.0153716 
train_loss: 0.0146958 
test_loss: 0.0154623 
train_loss: 0.0148811 
test_loss: 0.0151153 
train_loss: 0.0145974 
test_loss: 0.0150799 
train_loss: 0.0141017 
test_loss: 0.0151857 
train_loss: 0.0141825 
test_loss: 0.0153917 
train_loss: 0.0143939 
test_loss: 0.0149016 
train_loss: 0.0149546 
test_loss: 0.015145 
train_loss: 0.0154069 
test_loss: 0.0150761 
train_loss: 0.0139767 
test_loss: 0.0146466 
train_loss: 0.013859 
test_loss: 0.014442 
train_loss: 0.013801 
test_loss: 0.0148371 
train_loss: 0.014375 
test_loss: 0.0142918 
train_loss: 0.0139235 
test_loss: 0.0146261 
train_loss: 0.0140121 
test_loss: 0.0142728 
train_loss: 0.0132465 
test_loss: 0.0144945 
train_loss: 0.0139363 
test_loss: 0.014347 
train_loss: 0.0142133 
test_loss: 0.0141639 
train_loss: 0.0139891 
test_loss: 0.0141544 
train_loss: 0.0130499 
test_loss: 0.0139429 
train_loss: 0.0132724 
test_loss: 0.0138912 
train_loss: 0.0133148 
test_loss: 0.0137081 
train_loss: 0.0129865 
test_loss: 0.0136177 
train_loss: 0.0129064 
test_loss: 0.0136771 
train_loss: 0.0133768 
test_loss: 0.0134519 
train_loss: 0.0126416 
test_loss: 0.013394 
train_loss: 0.0123044 
test_loss: 0.0132016 
train_loss: 0.0128426 
test_loss: 0.01296 
train_loss: 0.0124854 
test_loss: 0.0132552 
train_loss: 0.0119422 
test_loss: 0.0127007 
train_loss: 0.0123392 
test_loss: 0.0129275 
train_loss: 0.0119162 
test_loss: 0.0128348 
train_loss: 0.011709 
test_loss: 0.0125499 
train_loss: 0.0122449 
test_loss: 0.0125201 
train_loss: 0.0115288 
test_loss: 0.0124017 
train_loss: 0.0121166 
test_loss: 0.0123055 
train_loss: 0.0116365 
test_loss: 0.0123268 
train_loss: 0.0117878 
test_loss: 0.0121653 
train_loss: 0.0115564 
test_loss: 0.0121053 
train_loss: 0.0123945 
test_loss: 0.0119861 
train_loss: 0.0106577 
test_loss: 0.0118418 
train_loss: 0.0116746 
test_loss: 0.011855 
train_loss: 0.0109683 
test_loss: 0.0117383 
train_loss: 0.0106637 
test_loss: 0.0116735 
train_loss: 0.010887 
test_loss: 0.0114187 
train_loss: 0.0107344 
test_loss: 0.0113258 
train_loss: 0.0108135 
test_loss: 0.0112224 
train_loss: 0.0108533 
test_loss: 0.0112244 
train_loss: 0.0102275 
test_loss: 0.0111683 
train_loss: 0.01054 
test_loss: 0.0110791 
train_loss: 0.0104157 
test_loss: 0.0111279 
train_loss: 0.00997843 
test_loss: 0.0106777 
train_loss: 0.0104626 
test_loss: 0.0108511 
train_loss: 0.00978706 
test_loss: 0.0105603 
train_loss: 0.0100063 
test_loss: 0.0105274 
train_loss: 0.010232 
test_loss: 0.0103651 
train_loss: 0.0103442 
test_loss: 0.0102666 
train_loss: 0.0100339 
test_loss: 0.0101375 
train_loss: 0.00999496 
test_loss: 0.0104304 
train_loss: 0.0096966 
test_loss: 0.0100782 
train_loss: 0.00932924 
test_loss: 0.0105308 
train_loss: 0.00914621 
test_loss: 0.00986056 
train_loss: 0.00940855 
test_loss: 0.00997123 
train_loss: 0.00929584 
test_loss: 0.00972824 
train_loss: 0.00916202 
test_loss: 0.0101927 
train_loss: 0.00910296 
test_loss: 0.00988416 
train_loss: 0.00946202 
test_loss: 0.00948474 
train_loss: 0.00911525 
test_loss: 0.0100637 
train_loss: 0.00876889 
test_loss: 0.00976456 
train_loss: 0.0090354 
test_loss: 0.00956266 
train_loss: 0.00921219 
test_loss: 0.00933133 
train_loss: 0.00887712 
test_loss: 0.00919084 
train_loss: 0.00902719 
test_loss: 0.00910148 
train_loss: 0.00882807 
test_loss: 0.00924422 
train_loss: 0.00857138 
test_loss: 0.00922269 
train_loss: 0.00872682 
test_loss: 0.00904165 
train_loss: 0.00874184 
test_loss: 0.00896083 
train_loss: 0.00876815 
test_loss: 0.00882547 
train_loss: 0.00841588 
test_loss: 0.00889222 
train_loss: 0.00851941 
test_loss: 0.00864891 
train_loss: 0.00807443 
test_loss: 0.00862816 
train_loss: 0.007984 
test_loss: 0.00864915 
train_loss: 0.00818975 
test_loss: 0.00869909 
train_loss: 0.00796516 
test_loss: 0.00846775 
train_loss: 0.00816269 
test_loss: 0.00851488 
train_loss: 0.00830347 
test_loss: 0.00853284 
train_loss: 0.00793244 
test_loss: 0.00867116 
train_loss: 0.00814087 
test_loss: 0.00868743 
train_loss: 0.00832234 
test_loss: 0.00846646 
train_loss: 0.00762369 
test_loss: 0.00834332 
train_loss: 0.00806871 
test_loss: 0.00840726 
train_loss: 0.00811961 
test_loss: 0.00846668 
train_loss: 0.00748662 
test_loss: 0.00804467 
train_loss: 0.0079157 
test_loss: 0.00863388 
train_loss: 0.00776474 
test_loss: 0.00824058 
train_loss: 0.00751167 
test_loss: 0.00800218 
train_loss: 0.00765974 
test_loss: 0.00795744 
train_loss: 0.00729941 
test_loss: 0.00797428 
train_loss: 0.00728821 
test_loss: 0.00808123 
train_loss: 0.00745988 
test_loss: 0.00821766 
train_loss: 0.00736618 
test_loss: 0.00815105 
train_loss: 0.00768951 
test_loss: 0.00816663 
train_loss: 0.00707949 
test_loss: 0.00785495 
train_loss: 0.00729076 
test_loss: 0.00782595 
train_loss: 0.00727441 
test_loss: 0.00779839 
train_loss: 0.00744448 
test_loss: 0.00781353 
train_loss: 0.00726466 
test_loss: 0.00788507 
train_loss: 0.00720771 
test_loss: 0.0080875 
train_loss: 0.00767088 
test_loss: 0.00791268 
train_loss: 0.00733327 
test_loss: 0.00750986 
train_loss: 0.00700767 
test_loss: 0.00759856 
train_loss: 0.00701389 
test_loss: 0.00748554 
train_loss: 0.00716877 
test_loss: 0.00753308 
train_loss: 0.00698035 
test_loss: 0.00775617 
train_loss: 0.00684307 
test_loss: 0.00734075 
train_loss: 0.00717819 
test_loss: 0.00751392 
train_loss: 0.00691606 
test_loss: 0.00729748 
train_loss: 0.00706922 
test_loss: 0.00739976 
train_loss: 0.00729471 
test_loss: 0.00741412 
train_loss: 0.00661186 
test_loss: 0.00740617 
train_loss: 0.00678968 
test_loss: 0.00742219 
train_loss: 0.00754397 
test_loss: 0.00729348 
train_loss: 0.00654632 
test_loss: 0.00713479 
train_loss: 0.00681803 
test_loss: 0.00716528 
train_loss: 0.00701116 
test_loss: 0.00723662 
train_loss: 0.00630426 
test_loss: 0.00713048 
train_loss: 0.00688282 
test_loss: 0.00731032 
train_loss: 0.00662492 
test_loss: 0.00716405 
train_loss: 0.00719876 
test_loss: 0.00731995 
train_loss: 0.00686209 
test_loss: 0.0074689 
train_loss: 0.00644799 
test_loss: 0.00715259 
train_loss: 0.00669942 
test_loss: 0.00699643 
train_loss: 0.00658633 
test_loss: 0.00691386 
train_loss: 0.00669636 
test_loss: 0.00702064 
train_loss: 0.00656504 
test_loss: 0.00697932 
train_loss: 0.00688603 
test_loss: 0.00737538 
train_loss: 0.00707084 
test_loss: 0.00719063 
train_loss: 0.00654824 
test_loss: 0.00701102 
train_loss: 0.00674591 
test_loss: 0.00702983 
train_loss: 0.00702756 
test_loss: 0.00716959 
train_loss: 0.0067728 
test_loss: 0.00698594 
train_loss: 0.00616691 
test_loss: 0.0069118 
train_loss: 0.00662172 
test_loss: 0.00708878 
train_loss: 0.00668092 
test_loss: 0.00694215 
train_loss: 0.00636429 
test_loss: 0.00674113 
train_loss: 0.00654357 
test_loss: 0.00678384 
train_loss: 0.0065737 
test_loss: 0.00681356 
train_loss: 0.00617664 
test_loss: 0.00688976 
train_loss: 0.00622589 
test_loss: 0.00712963 
train_loss: 0.00619326 
test_loss: 0.00674052 
train_loss: 0.00659941 
test_loss: 0.00693881 
train_loss: 0.00639806 
test_loss: 0.00690239 
train_loss: 0.00643924 
test_loss: 0.00697846 
train_loss: 0.0061538 
test_loss: 0.00691246 
train_loss: 0.00617016 
test_loss: 0.0068091 
train_loss: 0.00675142 
test_loss: 0.00699012 
train_loss: 0.00619442 
test_loss: 0.00671505 
train_loss: 0.0057918 
test_loss: 0.00657705 
train_loss: 0.00665963 
test_loss: 0.00673541 
train_loss: 0.00597666 
test_loss: 0.00658821 
train_loss: 0.00622085 
test_loss: 0.00676273 
train_loss: 0.00641639 
test_loss: 0.0066875 
train_loss: 0.00657677 
test_loss: 0.00675939 
train_loss: 0.00615986 
test_loss: 0.00657123 
train_loss: 0.00617762 
test_loss: 0.00664274 
train_loss: 0.00616957 
test_loss: 0.00673528 
train_loss: 0.00648413 
test_loss: 0.00671519 
