train_loss: 0.010563 
test_loss: 0.011239 
train_loss: 0.006379 
test_loss: 0.006620 
train_loss: 0.005984 
test_loss: 0.005019 
train_loss: 0.004759 
test_loss: 0.004945 
train_loss: 0.004042 
test_loss: 0.004189 
train_loss: 0.003995 
test_loss: 0.004100 
train_loss: 0.003651 
test_loss: 0.003986 
train_loss: 0.004034 
test_loss: 0.003787 
train_loss: 0.004378 
test_loss: 0.003993 
train_loss: 0.002827 
test_loss: 0.003194 
train_loss: 0.004226 
test_loss: 0.003539 
train_loss: 0.003834 
test_loss: 0.003380 
train_loss: 0.003132 
test_loss: 0.003080 
train_loss: 0.003245 
test_loss: 0.003358 
train_loss: 0.003132 
test_loss: 0.002969 
train_loss: 0.003975 
test_loss: 0.003224 
train_loss: 0.004615 
test_loss: 0.004165 
train_loss: 0.003567 
test_loss: 0.005077 
train_loss: 0.002949 
test_loss: 0.002993 
train_loss: 0.002945 
test_loss: 0.002852 
train_loss: 0.002846 
test_loss: 0.002890 
train_loss: 0.003044 
test_loss: 0.003460 
train_loss: 0.002858 
test_loss: 0.002675 
train_loss: 0.003169 
test_loss: 0.003541 
train_loss: 0.003122 
test_loss: 0.002725 
train_loss: 0.002931 
test_loss: 0.003586 
train_loss: 0.002986 
test_loss: 0.002842 
train_loss: 0.002765 
test_loss: 0.002961 
train_loss: 0.002752 
test_loss: 0.002721 
train_loss: 0.003405 
test_loss: 0.002780 
train_loss: 0.003183 
test_loss: 0.003784 
