train_loss: 0.070359 
test_loss: 0.071989 
train_loss: 0.080376 
test_loss: 0.065774 
train_loss: 0.062799 
test_loss: 0.065305 
train_loss: 0.055494 
test_loss: 0.063510 
train_loss: 0.055683 
test_loss: 0.063468 
train_loss: 0.060337 
test_loss: 0.062839 
train_loss: 0.059573 
test_loss: 0.063184 
train_loss: 0.067241 
test_loss: 0.062838 
train_loss: 0.060673 
test_loss: 0.062800 
train_loss: 0.058773 
test_loss: 0.062418 
train_loss: 0.069657 
test_loss: 0.062730 
train_loss: 0.068085 
test_loss: 0.062413 
train_loss: 0.073676 
test_loss: 0.062273 
train_loss: 0.059115 
test_loss: 0.061704 
train_loss: 0.062762 
test_loss: 0.062002 
train_loss: 0.076990 
test_loss: 0.062469 
train_loss: 0.054414 
test_loss: 0.062526 
train_loss: 0.057629 
test_loss: 0.061867 
train_loss: 0.063801 
test_loss: 0.062320 
train_loss: 0.061082 
test_loss: 0.061714 
train_loss: 0.058062 
test_loss: 0.061662 
train_loss: 0.061334 
test_loss: 0.062065 
train_loss: 0.063967 
test_loss: 0.061870 
train_loss: 0.065818 
test_loss: 0.062179 
train_loss: 0.064158 
test_loss: 0.061398 
train_loss: 0.061523 
test_loss: 0.061774 
train_loss: 0.053216 
test_loss: 0.061116 
train_loss: 0.063958 
test_loss: 0.061555 
train_loss: 0.058764 
test_loss: 0.061472 
train_loss: 0.066454 
test_loss: 0.062324 
train_loss: 0.072520 
test_loss: 0.061864 
