train_loss: 0.690974 
test_loss: 0.680223 
train_loss: 0.617473 
test_loss: 0.621322 
train_loss: 0.55798 
test_loss: 0.552836 
train_loss: 0.48475 
test_loss: 0.483606 
train_loss: 0.411816 
test_loss: 0.409247 
train_loss: 0.339318 
test_loss: 0.342302 
train_loss: 0.301082 
test_loss: 0.30081 
train_loss: 0.267299 
test_loss: 0.269436 
train_loss: 0.241448 
test_loss: 0.240247 
train_loss: 0.215054 
test_loss: 0.207959 
train_loss: 0.187555 
test_loss: 0.191495 
train_loss: 0.177539 
test_loss: 0.178213 
train_loss: 0.152977 
test_loss: 0.152381 
train_loss: 0.115449 
test_loss: 0.116585 
train_loss: 0.108577 
test_loss: 0.107007 
train_loss: 0.101683 
test_loss: 0.104078 
train_loss: 0.104363 
test_loss: 0.102515 
train_loss: 0.104047 
test_loss: 0.101618 
train_loss: 0.103134 
test_loss: 0.100985 
train_loss: 0.101482 
test_loss: 0.100401 
train_loss: 0.0995958 
test_loss: 0.0998728 
train_loss: 0.10218 
test_loss: 0.0994705 
train_loss: 0.0996488 
test_loss: 0.0990032 
train_loss: 0.1017 
test_loss: 0.098642 
train_loss: 0.0961299 
test_loss: 0.0982432 
train_loss: 0.100183 
test_loss: 0.0979448 
train_loss: 0.0947878 
test_loss: 0.0976155 
train_loss: 0.100797 
test_loss: 0.097216 
train_loss: 0.0994005 
test_loss: 0.096986 
train_loss: 0.095254 
test_loss: 0.0966468 
train_loss: 0.0948114 
test_loss: 0.0963577 
train_loss: 0.0959212 
test_loss: 0.0960978 
train_loss: 0.0938262 
test_loss: 0.0958912 
train_loss: 0.0967822 
test_loss: 0.0956297 
train_loss: 0.0935118 
test_loss: 0.0954669 
train_loss: 0.0930357 
test_loss: 0.0951961 
train_loss: 0.0940192 
test_loss: 0.0950542 
train_loss: 0.0947777 
test_loss: 0.0948854 
train_loss: 0.0998557 
test_loss: 0.0947741 
train_loss: 0.0967422 
test_loss: 0.0946239 
train_loss: 0.0957492 
test_loss: 0.0945778 
train_loss: 0.0944405 
test_loss: 0.0943808 
train_loss: 0.0897271 
test_loss: 0.0942749 
train_loss: 0.0951191 
test_loss: 0.0942065 
train_loss: 0.0961071 
test_loss: 0.094146 
train_loss: 0.0932982 
test_loss: 0.0939525 
train_loss: 0.097583 
test_loss: 0.0937926 
train_loss: 0.0882204 
test_loss: 0.0937843 
train_loss: 0.0898155 
test_loss: 0.0936416 
train_loss: 0.0898595 
test_loss: 0.0934467 
train_loss: 0.0975194 
test_loss: 0.093445 
train_loss: 0.0971665 
test_loss: 0.0932376 
train_loss: 0.0985464 
test_loss: 0.0930718 
train_loss: 0.0865813 
test_loss: 0.0928893 
train_loss: 0.0839298 
test_loss: 0.0926847 
train_loss: 0.093908 
test_loss: 0.0925223 
train_loss: 0.0927318 
test_loss: 0.0924384 
train_loss: 0.0885618 
test_loss: 0.0919366 
train_loss: 0.0950892 
test_loss: 0.0917009 
train_loss: 0.0910649 
test_loss: 0.0912741 
train_loss: 0.0910953 
test_loss: 0.090663 
train_loss: 0.0844253 
test_loss: 0.0900725 
train_loss: 0.0906872 
test_loss: 0.0892467 
train_loss: 0.0896391 
test_loss: 0.0879671 
train_loss: 0.0882479 
test_loss: 0.0865173 
train_loss: 0.0872449 
test_loss: 0.0848578 
train_loss: 0.0841267 
test_loss: 0.0832879 
train_loss: 0.0804997 
test_loss: 0.082517 
train_loss: 0.0796388 
test_loss: 0.0809053 
train_loss: 0.0783913 
test_loss: 0.0801354 
train_loss: 0.0773042 
test_loss: 0.0793239 
train_loss: 0.0746287 
test_loss: 0.0788657 
train_loss: 0.0769842 
test_loss: 0.0788596 
train_loss: 0.0740063 
test_loss: 0.0777924 
train_loss: 0.0799299 
test_loss: 0.0781868 
train_loss: 0.0771465 
test_loss: 0.0774216 
train_loss: 0.0769337 
test_loss: 0.0772232 
train_loss: 0.0762852 
test_loss: 0.0765021 
train_loss: 0.0768633 
test_loss: 0.0770809 
train_loss: 0.0733743 
test_loss: 0.0762707 
train_loss: 0.076933 
test_loss: 0.0762744 
train_loss: 0.074103 
test_loss: 0.0761907 
train_loss: 0.077147 
test_loss: 0.0758344 
train_loss: 0.0778463 
test_loss: 0.0765596 
train_loss: 0.0738917 
test_loss: 0.0756779 
train_loss: 0.07334 
test_loss: 0.0755032 
train_loss: 0.0722474 
test_loss: 0.0754665 
train_loss: 0.0752975 
test_loss: 0.0752918 
train_loss: 0.0729378 
test_loss: 0.0751366 
train_loss: 0.0756655 
test_loss: 0.0750503 
train_loss: 0.0792425 
test_loss: 0.0745368 
train_loss: 0.0736018 
test_loss: 0.0745653 
train_loss: 0.0763159 
test_loss: 0.0744347 
train_loss: 0.0731007 
test_loss: 0.0744963 
train_loss: 0.0751663 
test_loss: 0.0744015 
train_loss: 0.071553 
test_loss: 0.0741921 
train_loss: 0.0754449 
test_loss: 0.0743208 
train_loss: 0.0733475 
test_loss: 0.0744526 
train_loss: 0.0707765 
test_loss: 0.0736265 
train_loss: 0.0700723 
test_loss: 0.0730461 
train_loss: 0.0726252 
test_loss: 0.0738292 
train_loss: 0.0685183 
test_loss: 0.0728407 
train_loss: 0.0714136 
test_loss: 0.0727824 
train_loss: 0.0737704 
test_loss: 0.0726461 
train_loss: 0.0729052 
test_loss: 0.0716715 
train_loss: 0.0700718 
test_loss: 0.0715909 
train_loss: 0.0706025 
test_loss: 0.0712676 
train_loss: 0.0700292 
test_loss: 0.0709812 
train_loss: 0.0684063 
test_loss: 0.0707917 
train_loss: 0.0735041 
test_loss: 0.0703155 
train_loss: 0.0671891 
test_loss: 0.0695774 
train_loss: 0.0711788 
test_loss: 0.0697864 
train_loss: 0.065884 
test_loss: 0.0687953 
train_loss: 0.0681293 
test_loss: 0.0681176 
train_loss: 0.0651067 
test_loss: 0.0677967 
train_loss: 0.0665585 
test_loss: 0.067383 
train_loss: 0.0686009 
test_loss: 0.0681034 
train_loss: 0.0678786 
test_loss: 0.0667347 
train_loss: 0.0660824 
test_loss: 0.066125 
train_loss: 0.0663089 
test_loss: 0.066238 
train_loss: 0.0635701 
test_loss: 0.0652961 
train_loss: 0.0632296 
test_loss: 0.0652995 
train_loss: 0.0657081 
test_loss: 0.0647382 
train_loss: 0.0664297 
test_loss: 0.0642367 
train_loss: 0.0609922 
test_loss: 0.064224 
train_loss: 0.064316 
test_loss: 0.0637635 
train_loss: 0.0615173 
test_loss: 0.0631511 
train_loss: 0.0646251 
test_loss: 0.063842 
train_loss: 0.0618743 
test_loss: 0.0635644 
train_loss: 0.0614963 
test_loss: 0.06306 
train_loss: 0.0633787 
test_loss: 0.0631863 
train_loss: 0.0629172 
test_loss: 0.0630611 
train_loss: 0.0632947 
test_loss: 0.0627654 
train_loss: 0.0602768 
test_loss: 0.0625477 
train_loss: 0.062447 
test_loss: 0.0625107 
train_loss: 0.0619217 
test_loss: 0.0623833 
train_loss: 0.0589705 
test_loss: 0.0622167 
train_loss: 0.0619441 
test_loss: 0.062226 
train_loss: 0.0630705 
test_loss: 0.0626092 
train_loss: 0.061675 
test_loss: 0.0620371 
train_loss: 0.0624349 
test_loss: 0.0622468 
train_loss: 0.0632469 
test_loss: 0.0617009 
train_loss: 0.0608228 
test_loss: 0.061737 
train_loss: 0.0603439 
test_loss: 0.0615657 
train_loss: 0.0625341 
test_loss: 0.0614849 
train_loss: 0.0605145 
test_loss: 0.0613807 
train_loss: 0.0622606 
test_loss: 0.0612964 
train_loss: 0.0632765 
test_loss: 0.0614261 
train_loss: 0.0601572 
test_loss: 0.0616132 
train_loss: 0.0582833 
test_loss: 0.0610032 
train_loss: 0.0608018 
test_loss: 0.0612846 
train_loss: 0.0608077 
test_loss: 0.0615179 
train_loss: 0.0634326 
test_loss: 0.0610503 
train_loss: 0.0597245 
test_loss: 0.0609834 
train_loss: 0.0613956 
test_loss: 0.0608062 
train_loss: 0.0603598 
test_loss: 0.0610617 
train_loss: 0.0585619 
test_loss: 0.0610503 
train_loss: 0.0600425 
test_loss: 0.0608765 
train_loss: 0.0609669 
test_loss: 0.0613769 
train_loss: 0.0592805 
test_loss: 0.0609032 
train_loss: 0.0625576 
test_loss: 0.0613809 
