train_loss: 0.098302 
test_loss: 0.101503 
train_loss: 0.091217 
test_loss: 0.087155 
train_loss: 0.066101 
test_loss: 0.071138 
train_loss: 0.062228 
test_loss: 0.064057 
train_loss: 0.056883 
test_loss: 0.059474 
train_loss: 0.052871 
test_loss: 0.053886 
train_loss: 0.049473 
test_loss: 0.048668 
train_loss: 0.040180 
test_loss: 0.043655 
train_loss: 0.036646 
test_loss: 0.039316 
train_loss: 0.036269 
test_loss: 0.036655 
train_loss: 0.031405 
test_loss: 0.033485 
train_loss: 0.030597 
test_loss: 0.032788 
train_loss: 0.031174 
test_loss: 0.030531 
train_loss: 0.028629 
test_loss: 0.030518 
train_loss: 0.028148 
test_loss: 0.029737 
train_loss: 0.027971 
test_loss: 0.027953 
train_loss: 0.026424 
test_loss: 0.027280 
train_loss: 0.024927 
test_loss: 0.025931 
train_loss: 0.024728 
test_loss: 0.026224 
train_loss: 0.024774 
test_loss: 0.025491 
train_loss: 0.023936 
test_loss: 0.025283 
train_loss: 0.021822 
test_loss: 0.023994 
train_loss: 0.022244 
test_loss: 0.023228 
train_loss: 0.023128 
test_loss: 0.024101 
train_loss: 0.021972 
test_loss: 0.022706 
train_loss: 0.020706 
test_loss: 0.022547 
train_loss: 0.021746 
test_loss: 0.022101 
train_loss: 0.021337 
test_loss: 0.021896 
train_loss: 0.020700 
test_loss: 0.022513 
train_loss: 0.020499 
test_loss: 0.021619 
train_loss: 0.020705 
test_loss: 0.021455 
train_loss: 0.019840 
test_loss: 0.020987 
train_loss: 0.019317 
test_loss: 0.020499 
train_loss: 0.019039 
test_loss: 0.020259 
train_loss: 0.027897 
test_loss: 0.020503 
train_loss: 0.019283 
test_loss: 0.019600 
train_loss: 0.016849 
test_loss: 0.019555 
train_loss: 0.017470 
test_loss: 0.019049 
train_loss: 0.019024 
test_loss: 0.020328 
train_loss: 0.029176 
test_loss: 0.019501 
train_loss: 0.016239 
test_loss: 0.018803 
train_loss: 0.016053 
test_loss: 0.018704 
train_loss: 0.018826 
test_loss: 0.018759 
train_loss: 0.018501 
test_loss: 0.018387 
train_loss: 0.018472 
test_loss: 0.018584 
train_loss: 0.015772 
test_loss: 0.017952 
train_loss: 0.015853 
test_loss: 0.018363 
train_loss: 0.015000 
test_loss: 0.018060 
train_loss: 0.017736 
test_loss: 0.017664 
train_loss: 0.015747 
test_loss: 0.018169 
train_loss: 0.016356 
test_loss: 0.017104 
train_loss: 0.014462 
test_loss: 0.017448 
train_loss: 0.014513 
test_loss: 0.017418 
train_loss: 0.018037 
test_loss: 0.018027 
train_loss: 0.015449 
test_loss: 0.017070 
train_loss: 0.016383 
test_loss: 0.017373 
train_loss: 0.017969 
test_loss: 0.016774 
train_loss: 0.019078 
test_loss: 0.016977 
train_loss: 0.015121 
test_loss: 0.016258 
train_loss: 0.016309 
test_loss: 0.016492 
train_loss: 0.015641 
test_loss: 0.017385 
