train_loss: 0.056168 
test_loss: 0.055095 
train_loss: 0.039061 
test_loss: 0.038350 
train_loss: 0.023210 
test_loss: 0.023332 
train_loss: 0.020573 
test_loss: 0.019922 
train_loss: 0.018366 
test_loss: 0.018569 
train_loss: 0.018721 
test_loss: 0.018435 
train_loss: 0.017495 
test_loss: 0.017778 
train_loss: 0.017213 
test_loss: 0.017565 
train_loss: 0.016727 
test_loss: 0.016978 
train_loss: 0.016829 
test_loss: 0.016860 
train_loss: 0.016827 
test_loss: 0.017057 
train_loss: 0.016287 
test_loss: 0.016561 
train_loss: 0.016401 
test_loss: 0.016633 
train_loss: 0.016265 
test_loss: 0.016865 
train_loss: 0.016686 
test_loss: 0.016638 
train_loss: 0.016451 
test_loss: 0.016488 
train_loss: 0.016622 
test_loss: 0.016274 
train_loss: 0.015622 
test_loss: 0.016209 
train_loss: 0.016556 
test_loss: 0.016286 
train_loss: 0.016352 
test_loss: 0.016037 
train_loss: 0.015812 
test_loss: 0.016838 
train_loss: 0.015877 
test_loss: 0.015827 
train_loss: 0.015881 
test_loss: 0.015861 
train_loss: 0.016292 
test_loss: 0.016195 
train_loss: 0.015215 
test_loss: 0.016340 
train_loss: 0.015205 
test_loss: 0.016305 
train_loss: 0.015427 
test_loss: 0.015385 
train_loss: 0.015376 
test_loss: 0.015244 
train_loss: 0.015551 
test_loss: 0.015523 
train_loss: 0.014999 
test_loss: 0.014972 
train_loss: 0.014401 
test_loss: 0.015172 
train_loss: 0.014810 
test_loss: 0.014638 
train_loss: 0.013860 
test_loss: 0.014107 
train_loss: 0.014106 
test_loss: 0.014553 
train_loss: 0.013218 
test_loss: 0.013857 
train_loss: 0.013396 
test_loss: 0.015252 
train_loss: 0.012727 
test_loss: 0.013281 
train_loss: 0.012886 
test_loss: 0.012848 
train_loss: 0.012175 
test_loss: 0.012234 
train_loss: 0.012243 
test_loss: 0.012759 
train_loss: 0.011834 
test_loss: 0.011784 
train_loss: 0.011639 
test_loss: 0.011519 
train_loss: 0.010569 
test_loss: 0.010860 
train_loss: 0.010671 
test_loss: 0.010927 
train_loss: 0.010260 
test_loss: 0.010829 
train_loss: 0.010430 
test_loss: 0.011064 
train_loss: 0.009592 
test_loss: 0.009861 
train_loss: 0.009776 
test_loss: 0.009571 
train_loss: 0.009738 
test_loss: 0.009571 
train_loss: 0.008842 
test_loss: 0.009223 
train_loss: 0.009150 
test_loss: 0.009763 
train_loss: 0.009159 
test_loss: 0.009057 
train_loss: 0.009524 
test_loss: 0.009140 
train_loss: 0.008632 
test_loss: 0.009573 
train_loss: 0.008547 
test_loss: 0.008143 
train_loss: 0.008206 
test_loss: 0.009071 
train_loss: 0.008161 
test_loss: 0.008813 
train_loss: 0.008719 
test_loss: 0.007791 
train_loss: 0.007886 
test_loss: 0.008097 
train_loss: 0.007330 
test_loss: 0.008053 
train_loss: 0.007638 
test_loss: 0.007497 
train_loss: 0.007117 
test_loss: 0.007752 
train_loss: 0.007763 
test_loss: 0.008128 
train_loss: 0.007271 
test_loss: 0.007218 
train_loss: 0.007298 
test_loss: 0.007182 
train_loss: 0.007222 
test_loss: 0.008053 
train_loss: 0.006733 
test_loss: 0.006802 
train_loss: 0.007670 
test_loss: 0.007759 
train_loss: 0.007538 
test_loss: 0.006616 
train_loss: 0.006640 
test_loss: 0.007195 
train_loss: 0.008079 
test_loss: 0.007523 
