train_loss: 0.100879 
test_loss: 0.099087 
train_loss: 0.089647 
test_loss: 0.087045 
train_loss: 0.074685 
test_loss: 0.072898 
train_loss: 0.066634 
test_loss: 0.066055 
train_loss: 0.063837 
test_loss: 0.063267 
train_loss: 0.065619 
test_loss: 0.062057 
train_loss: 0.061634 
test_loss: 0.060934 
train_loss: 0.060403 
test_loss: 0.060576 
train_loss: 0.060660 
test_loss: 0.059137 
train_loss: 0.053705 
test_loss: 0.058494 
train_loss: 0.056280 
test_loss: 0.056881 
train_loss: 0.053191 
test_loss: 0.054752 
train_loss: 0.052601 
test_loss: 0.052833 
train_loss: 0.053971 
test_loss: 0.050109 
train_loss: 0.048219 
test_loss: 0.047267 
train_loss: 0.045269 
test_loss: 0.044723 
train_loss: 0.041402 
test_loss: 0.042093 
train_loss: 0.040522 
test_loss: 0.040281 
train_loss: 0.038552 
test_loss: 0.038969 
train_loss: 0.036422 
test_loss: 0.036733 
train_loss: 0.035648 
test_loss: 0.035363 
train_loss: 0.033157 
test_loss: 0.034352 
train_loss: 0.032402 
test_loss: 0.034080 
train_loss: 0.030530 
test_loss: 0.032317 
train_loss: 0.033105 
test_loss: 0.032072 
train_loss: 0.028835 
test_loss: 0.031381 
train_loss: 0.029571 
test_loss: 0.029986 
train_loss: 0.027705 
test_loss: 0.029541 
train_loss: 0.027222 
test_loss: 0.029929 
train_loss: 0.026145 
test_loss: 0.028679 
train_loss: 0.028732 
test_loss: 0.028596 
train_loss: 0.027002 
test_loss: 0.027973 
train_loss: 0.026712 
test_loss: 0.027385 
train_loss: 0.024718 
test_loss: 0.026820 
train_loss: 0.025533 
test_loss: 0.026403 
train_loss: 0.025293 
test_loss: 0.026869 
train_loss: 0.025255 
test_loss: 0.025851 
train_loss: 0.024249 
test_loss: 0.025812 
train_loss: 0.026704 
test_loss: 0.026041 
train_loss: 0.023754 
test_loss: 0.024944 
train_loss: 0.022829 
test_loss: 0.024717 
train_loss: 0.023200 
test_loss: 0.024822 
train_loss: 0.024505 
test_loss: 0.024698 
train_loss: 0.022468 
test_loss: 0.024237 
train_loss: 0.024670 
test_loss: 0.024938 
train_loss: 0.024924 
test_loss: 0.023552 
train_loss: 0.023490 
test_loss: 0.024357 
train_loss: 0.022924 
test_loss: 0.023476 
train_loss: 0.022970 
test_loss: 0.023937 
train_loss: 0.023242 
test_loss: 0.023715 
train_loss: 0.024280 
test_loss: 0.023616 
train_loss: 0.021252 
test_loss: 0.023168 
train_loss: 0.022576 
test_loss: 0.022590 
train_loss: 0.022456 
test_loss: 0.022793 
train_loss: 0.022544 
test_loss: 0.022918 
train_loss: 0.021515 
test_loss: 0.022701 
train_loss: 0.022470 
test_loss: 0.022479 
train_loss: 0.022871 
test_loss: 0.022716 
train_loss: 0.021915 
test_loss: 0.022312 
train_loss: 0.023345 
test_loss: 0.022482 
train_loss: 0.020829 
test_loss: 0.022602 
train_loss: 0.021722 
test_loss: 0.022175 
train_loss: 0.022238 
test_loss: 0.021509 
train_loss: 0.020707 
test_loss: 0.021750 
train_loss: 0.020545 
test_loss: 0.021324 
train_loss: 0.019541 
test_loss: 0.021430 
train_loss: 0.021287 
test_loss: 0.022063 
train_loss: 0.021242 
test_loss: 0.021476 
train_loss: 0.020212 
test_loss: 0.021271 
train_loss: 0.019788 
test_loss: 0.021581 
train_loss: 0.021429 
test_loss: 0.021041 
train_loss: 0.022753 
test_loss: 0.020838 
train_loss: 0.020285 
test_loss: 0.021170 
train_loss: 0.020753 
test_loss: 0.020720 
train_loss: 0.019667 
test_loss: 0.021338 
train_loss: 0.019566 
test_loss: 0.020898 
train_loss: 0.019204 
test_loss: 0.020235 
train_loss: 0.022895 
test_loss: 0.021423 
train_loss: 0.018838 
test_loss: 0.020403 
train_loss: 0.019524 
test_loss: 0.021277 
train_loss: 0.019658 
test_loss: 0.021149 
