train_loss: 0.784496 
test_loss: 0.781638 
train_loss: 0.770522 
test_loss: 0.772833 
train_loss: 0.755539 
test_loss: 0.757798 
train_loss: 0.746393 
test_loss: 0.738543 
train_loss: 0.719423 
test_loss: 0.714324 
train_loss: 0.691838 
test_loss: 0.684151 
train_loss: 0.644841 
test_loss: 0.647043 
train_loss: 0.616609 
test_loss: 0.604747 
train_loss: 0.558487 
test_loss: 0.556651 
train_loss: 0.490106 
test_loss: 0.699144 
train_loss: 0.484859 
test_loss: 0.494041 
train_loss: 0.47444 
test_loss: 0.477983 
train_loss: 0.445656 
test_loss: 0.454326 
train_loss: 0.42999 
test_loss: 0.427699 
train_loss: 0.398394 
test_loss: 0.395197 
train_loss: 0.404336 
test_loss: 0.407084 
train_loss: 0.393512 
test_loss: 0.388475 
train_loss: 0.366956 
test_loss: 0.37198 
train_loss: 0.359566 
test_loss: 0.355771 
train_loss: 0.337134 
test_loss: 0.339681 
train_loss: 0.326559 
test_loss: 0.323555 
train_loss: 0.306447 
test_loss: 0.307078 
train_loss: 0.284882 
test_loss: 0.290072 
train_loss: 0.274187 
test_loss: 0.272743 
train_loss: 0.253473 
test_loss: 0.256159 
train_loss: 0.239784 
test_loss: 0.241727 
train_loss: 0.231205 
test_loss: 0.229571 
train_loss: 0.21906 
test_loss: 0.218792 
train_loss: 0.208346 
test_loss: 0.208917 
train_loss: 0.19898 
test_loss: 0.199657 
train_loss: 0.190286 
test_loss: 0.19069 
train_loss: 0.181668 
test_loss: 0.18166 
train_loss: 0.175412 
test_loss: 0.172228 
train_loss: 0.161238 
test_loss: 0.162138 
train_loss: 0.150183 
test_loss: 0.15122 
train_loss: 0.138861 
test_loss: 0.139542 
train_loss: 0.127135 
test_loss: 0.127292 
train_loss: 0.114461 
test_loss: 0.114914 
train_loss: 0.102487 
test_loss: 0.102979 
train_loss: 0.0930607 
test_loss: 0.092249 
train_loss: 0.0827296 
test_loss: 0.083358 
train_loss: 0.0765697 
test_loss: 0.0764317 
train_loss: 0.0709974 
test_loss: 0.0712477 
train_loss: 0.0668598 
test_loss: 0.0673784 
train_loss: 0.0631209 
test_loss: 0.0644485 
train_loss: 0.0619469 
test_loss: 0.0622103 
train_loss: 0.0605822 
test_loss: 0.060439 
train_loss: 0.0583234 
test_loss: 0.0590477 
train_loss: 0.057906 
test_loss: 0.0579032 
train_loss: 0.056876 
test_loss: 0.0569879 
train_loss: 0.0561523 
test_loss: 0.0562438 
train_loss: 0.0557436 
test_loss: 0.0555987 
train_loss: 0.0548591 
test_loss: 0.0550488 
train_loss: 0.0552105 
test_loss: 0.0546093 
train_loss: 0.0545119 
test_loss: 0.0542277 
train_loss: 0.0543007 
test_loss: 0.0539028 
train_loss: 0.0531575 
test_loss: 0.0535992 
train_loss: 0.0532324 
test_loss: 0.0533496 
train_loss: 0.0532529 
test_loss: 0.0531121 
train_loss: 0.0536206 
test_loss: 0.0528872 
train_loss: 0.0528593 
test_loss: 0.0526907 
train_loss: 0.052462 
test_loss: 0.0524847 
train_loss: 0.0522652 
test_loss: 0.0522944 
train_loss: 0.052737 
test_loss: 0.052113 
train_loss: 0.051483 
test_loss: 0.0519207 
train_loss: 0.052823 
test_loss: 0.0517249 
train_loss: 0.0508114 
test_loss: 0.0515135 
train_loss: 0.0517081 
test_loss: 0.0512945 
train_loss: 0.050593 
test_loss: 0.0510473 
train_loss: 0.0512166 
test_loss: 0.0507948 
train_loss: 0.0505559 
test_loss: 0.0505138 
train_loss: 0.0500511 
test_loss: 0.050229 
train_loss: 0.0503474 
test_loss: 0.0499488 
train_loss: 0.0496015 
test_loss: 0.0496711 
train_loss: 0.0500236 
test_loss: 0.0493692 
train_loss: 0.0497245 
test_loss: 0.0491209 
train_loss: 0.0489743 
test_loss: 0.0488497 
train_loss: 0.0485082 
test_loss: 0.0486037 
train_loss: 0.0486059 
test_loss: 0.048277 
train_loss: 0.0479435 
test_loss: 0.0478985 
train_loss: 0.0481454 
test_loss: 0.0474786 
train_loss: 0.0474388 
test_loss: 0.0470541 
train_loss: 0.046756 
test_loss: 0.0466881 
train_loss: 0.0463941 
test_loss: 0.0463923 
train_loss: 0.0465205 
test_loss: 0.0461035 
train_loss: 0.0462473 
test_loss: 0.0457626 
train_loss: 0.0454576 
test_loss: 0.0453044 
train_loss: 0.0449997 
test_loss: 0.0446162 
train_loss: 0.0438573 
test_loss: 0.0436542 
train_loss: 0.0429217 
test_loss: 0.0425089 
train_loss: 0.0419931 
test_loss: 0.041502 
train_loss: 0.0409539 
test_loss: 0.0405076 
train_loss: 0.0396355 
test_loss: 0.0391248 
train_loss: 0.037256 
test_loss: 0.0374968 
train_loss: 0.035861 
test_loss: 0.0359844 
train_loss: 0.0343496 
test_loss: 0.0344673 
train_loss: 0.0326795 
test_loss: 0.0329188 
train_loss: 0.031643 
test_loss: 0.0316582 
train_loss: 0.0307499 
test_loss: 0.0308373 
train_loss: 0.0296618 
test_loss: 0.0298825 
train_loss: 0.0292734 
test_loss: 0.0290952 
train_loss: 0.0281569 
test_loss: 0.0282442 
train_loss: 0.0270131 
test_loss: 0.0273617 
train_loss: 0.0264343 
test_loss: 0.026405 
train_loss: 0.0256605 
test_loss: 0.0253527 
train_loss: 0.0243009 
test_loss: 0.0242353 
train_loss: 0.0231206 
test_loss: 0.0231802 
train_loss: 0.0215641 
test_loss: 0.0216767 
train_loss: 0.0205353 
test_loss: 0.0205371 
train_loss: 0.0194983 
test_loss: 0.0195087 
train_loss: 0.0186342 
test_loss: 0.0185109 
train_loss: 0.0179666 
test_loss: 0.0179008 
train_loss: 0.0169287 
test_loss: 0.0169703 
train_loss: 0.0164326 
test_loss: 0.0161985 
train_loss: 0.0156113 
test_loss: 0.0155022 
train_loss: 0.0148602 
test_loss: 0.0149105 
train_loss: 0.0143048 
test_loss: 0.0143522 
train_loss: 0.0136066 
test_loss: 0.013778 
train_loss: 0.0131829 
test_loss: 0.0134978 
train_loss: 0.0128879 
test_loss: 0.0128285 
train_loss: 0.0124577 
test_loss: 0.0124548 
train_loss: 0.0119498 
test_loss: 0.012098 
train_loss: 0.0117537 
test_loss: 0.0116654 
train_loss: 0.0114649 
test_loss: 0.0113713 
train_loss: 0.0111087 
test_loss: 0.011012 
train_loss: 0.0108525 
test_loss: 0.0107495 
train_loss: 0.0104644 
test_loss: 0.010459 
train_loss: 0.0101731 
test_loss: 0.0102538 
train_loss: 0.0101902 
test_loss: 0.00995506 
train_loss: 0.0097441 
test_loss: 0.00971269 
train_loss: 0.00933702 
test_loss: 0.00951277 
train_loss: 0.00937634 
test_loss: 0.00979148 
train_loss: 0.0093011 
test_loss: 0.00921173 
train_loss: 0.00898209 
test_loss: 0.00886733 
train_loss: 0.00873969 
test_loss: 0.00892333 
train_loss: 0.00854472 
test_loss: 0.00858165 
train_loss: 0.00834059 
test_loss: 0.00834709 
train_loss: 0.00839488 
test_loss: 0.00831867 
train_loss: 0.00809539 
test_loss: 0.00803736 
train_loss: 0.00788212 
test_loss: 0.00789825 
train_loss: 0.00777054 
test_loss: 0.00781636 
train_loss: 0.0077275 
test_loss: 0.00755548 
train_loss: 0.00747878 
test_loss: 0.00743194 
train_loss: 0.00742379 
test_loss: 0.00732316 
train_loss: 0.00731584 
test_loss: 0.00739338 
train_loss: 0.00690473 
test_loss: 0.0069974 
train_loss: 0.00705984 
test_loss: 0.00689078 
train_loss: 0.00675651 
test_loss: 0.00672829 
train_loss: 0.00657549 
test_loss: 0.00660414 
train_loss: 0.00653025 
test_loss: 0.00648546 
train_loss: 0.00652796 
test_loss: 0.0064565 
train_loss: 0.00615074 
test_loss: 0.00618378 
train_loss: 0.00618016 
test_loss: 0.00608592 
train_loss: 0.00614669 
test_loss: 0.00615395 
train_loss: 0.00590144 
test_loss: 0.00626375 
train_loss: 0.00584284 
test_loss: 0.00597665 
train_loss: 0.00587751 
test_loss: 0.00593225 
train_loss: 0.00535645 
test_loss: 0.00547246 
train_loss: 0.00547197 
test_loss: 0.00551303 
train_loss: 0.00543797 
test_loss: 0.005363 
train_loss: 0.00551244 
test_loss: 0.00537409 
train_loss: 0.00519672 
test_loss: 0.00511152 
train_loss: 0.00547797 
test_loss: 0.00542865 
train_loss: 0.00516454 
test_loss: 0.0054391 
train_loss: 0.00499202 
test_loss: 0.00513747 
train_loss: 0.00498078 
test_loss: 0.00511669 
train_loss: 0.00466469 
test_loss: 0.00464961 
train_loss: 0.00448141 
test_loss: 0.00450875 
train_loss: 0.00543545 
test_loss: 0.00515989 
train_loss: 0.00438004 
test_loss: 0.0046871 
train_loss: 0.00433188 
test_loss: 0.00423985 
train_loss: 0.00433488 
test_loss: 0.00457465 
train_loss: 0.00414131 
test_loss: 0.00407927 
train_loss: 0.00407279 
test_loss: 0.0044122 
train_loss: 0.00406887 
test_loss: 0.00420188 
train_loss: 0.00402685 
test_loss: 0.00416255 
train_loss: 0.00438109 
test_loss: 0.00411232 
train_loss: 0.00419977 
test_loss: 0.00415693 
train_loss: 0.00435786 
test_loss: 0.00374418 
train_loss: 0.0040479 
test_loss: 0.00392369 
train_loss: 0.00501078 
test_loss: 0.00448607 
