train_loss: 0.522358 
test_loss: 0.516898 
train_loss: 0.51854 
test_loss: 0.516805 
train_loss: 0.504457 
test_loss: 0.516598 
train_loss: 0.515165 
test_loss: 0.5163 
train_loss: 0.553275 
test_loss: 0.515893 
train_loss: 0.520488 
test_loss: 0.515417 
train_loss: 0.52788 
test_loss: 0.514687 
train_loss: 0.523328 
test_loss: 0.513728 
train_loss: 0.524419 
test_loss: 0.512675 
train_loss: 0.507515 
test_loss: 0.511203 
train_loss: 0.511677 
test_loss: 0.5094 
train_loss: 0.511458 
test_loss: 0.50698 
train_loss: 0.490783 
test_loss: 0.503974 
train_loss: 0.496963 
test_loss: 0.500117 
train_loss: 0.513456 
test_loss: 0.495264 
train_loss: 0.491172 
test_loss: 0.48918 
train_loss: 0.48249 
test_loss: 0.481513 
train_loss: 0.488473 
test_loss: 0.471865 
train_loss: 0.457129 
test_loss: 0.46008 
train_loss: 0.429123 
test_loss: 0.445537 
train_loss: 0.418228 
test_loss: 0.428093 
train_loss: 0.406558 
test_loss: 0.407229 
train_loss: 0.406402 
test_loss: 0.382788 
train_loss: 0.342446 
test_loss: 0.354926 
train_loss: 0.325388 
test_loss: 0.323962 
train_loss: 0.282962 
test_loss: 0.289598 
train_loss: 0.259021 
test_loss: 0.251414 
train_loss: 0.209546 
test_loss: 0.211017 
train_loss: 0.168727 
test_loss: 0.172871 
train_loss: 0.139641 
test_loss: 0.141612 
train_loss: 0.117616 
test_loss: 0.120628 
train_loss: 0.105692 
test_loss: 0.110382 
train_loss: 0.106073 
test_loss: 0.107188 
train_loss: 0.102868 
test_loss: 0.106309 
train_loss: 0.106986 
test_loss: 0.105896 
train_loss: 0.104495 
test_loss: 0.105532 
train_loss: 0.097341 
test_loss: 0.105161 
train_loss: 0.105822 
test_loss: 0.104688 
train_loss: 0.0998633 
test_loss: 0.103914 
train_loss: 0.108387 
test_loss: 0.102772 
train_loss: 0.110717 
test_loss: 0.100988 
train_loss: 0.0925718 
test_loss: 0.0971899 
train_loss: 0.0876377 
test_loss: 0.0899991 
train_loss: 0.0748961 
test_loss: 0.081495 
train_loss: 0.0712795 
test_loss: 0.0757297 
train_loss: 0.0762773 
test_loss: 0.0709499 
train_loss: 0.0785235 
test_loss: 0.0679567 
train_loss: 0.0789921 
test_loss: 0.066432 
train_loss: 0.0722187 
test_loss: 0.0658216 
train_loss: 0.057649 
test_loss: 0.0650072 
train_loss: 0.0577931 
test_loss: 0.0642839 
train_loss: 0.0550395 
test_loss: 0.0630406 
train_loss: 0.0575351 
test_loss: 0.0614747 
train_loss: 0.0604462 
test_loss: 0.0580969 
train_loss: 0.0514053 
test_loss: 0.0550054 
train_loss: 0.0404838 
test_loss: 0.0496164 
train_loss: 0.0519264 
test_loss: 0.0441345 
train_loss: 0.0359232 
test_loss: 0.0394623 
train_loss: 0.0322243 
test_loss: 0.0346543 
train_loss: 0.0295093 
test_loss: 0.030593 
train_loss: 0.0284788 
test_loss: 0.0282087 
train_loss: 0.0232451 
test_loss: 0.024871 
train_loss: 0.0258598 
test_loss: 0.0256907 
train_loss: 0.0223374 
test_loss: 0.0240537 
train_loss: 0.025488 
test_loss: 0.0247811 
train_loss: 0.01981 
test_loss: 0.0212859 
train_loss: 0.0200936 
test_loss: 0.0216095 
train_loss: 0.0202166 
test_loss: 0.020591 
train_loss: 0.018427 
test_loss: 0.0208159 
train_loss: 0.0187014 
test_loss: 0.0197782 
train_loss: 0.0174819 
test_loss: 0.0191744 
train_loss: 0.0171052 
test_loss: 0.0192659 
train_loss: 0.0185856 
test_loss: 0.0182011 
train_loss: 0.0166698 
test_loss: 0.0193296 
train_loss: 0.0174828 
test_loss: 0.0182951 
train_loss: 0.0181561 
test_loss: 0.0196853 
train_loss: 0.0164208 
test_loss: 0.0174339 
train_loss: 0.0155539 
test_loss: 0.0170523 
train_loss: 0.0171026 
test_loss: 0.0177013 
train_loss: 0.0158901 
test_loss: 0.017597 
train_loss: 0.0168741 
test_loss: 0.0163328 
train_loss: 0.0190294 
test_loss: 0.016453 
train_loss: 0.0156214 
test_loss: 0.0160958 
train_loss: 0.0138883 
test_loss: 0.0162895 
train_loss: 0.0144644 
test_loss: 0.015911 
train_loss: 0.0147917 
test_loss: 0.0153259 
train_loss: 0.014659 
test_loss: 0.0156178 
train_loss: 0.013694 
test_loss: 0.0154573 
train_loss: 0.0148521 
test_loss: 0.0161204 
train_loss: 0.0158849 
test_loss: 0.0149128 
train_loss: 0.0145831 
test_loss: 0.0148501 
train_loss: 0.0146358 
test_loss: 0.0158013 
train_loss: 0.0148269 
test_loss: 0.0154318 
train_loss: 0.0132056 
test_loss: 0.0137703 
train_loss: 0.0138284 
test_loss: 0.0146075 
train_loss: 0.0279912 
test_loss: 0.0147287 
train_loss: 0.0144872 
test_loss: 0.0147008 
train_loss: 0.0123664 
test_loss: 0.0137012 
train_loss: 0.0132147 
test_loss: 0.01394 
train_loss: 0.0137716 
test_loss: 0.0135793 
train_loss: 0.0122669 
test_loss: 0.0136334 
train_loss: 0.0142103 
test_loss: 0.013753 
train_loss: 0.0134139 
test_loss: 0.0135927 
train_loss: 0.0112282 
test_loss: 0.0135536 
train_loss: 0.0132893 
test_loss: 0.0147259 
train_loss: 0.0136781 
test_loss: 0.0129517 
train_loss: 0.0127041 
test_loss: 0.0127688 
train_loss: 0.0123457 
test_loss: 0.0133008 
train_loss: 0.0107649 
test_loss: 0.0133357 
train_loss: 0.0162737 
test_loss: 0.0136533 
train_loss: 0.0114087 
test_loss: 0.0126456 
train_loss: 0.0129765 
test_loss: 0.0124778 
train_loss: 0.0118591 
test_loss: 0.0124768 
train_loss: 0.0117624 
test_loss: 0.0123152 
train_loss: 0.0111052 
test_loss: 0.0128051 
train_loss: 0.0117363 
test_loss: 0.0130305 
train_loss: 0.0107847 
test_loss: 0.0118763 
train_loss: 0.0112365 
test_loss: 0.0122915 
train_loss: 0.0120525 
test_loss: 0.012481 
train_loss: 0.0128948 
test_loss: 0.013148 
train_loss: 0.00969922 
test_loss: 0.0117642 
train_loss: 0.00962355 
test_loss: 0.0122041 
train_loss: 0.0116667 
test_loss: 0.012674 
train_loss: 0.00949406 
test_loss: 0.0118745 
train_loss: 0.00980582 
test_loss: 0.0122261 
train_loss: 0.0117956 
test_loss: 0.0118028 
train_loss: 0.010639 
test_loss: 0.0119071 
train_loss: 0.0116911 
test_loss: 0.0120578 
train_loss: 0.0115406 
test_loss: 0.0121395 
train_loss: 0.0108216 
test_loss: 0.0115795 
train_loss: 0.012038 
test_loss: 0.0115469 
train_loss: 0.0102966 
test_loss: 0.012084 
train_loss: 0.0122892 
test_loss: 0.0124433 
train_loss: 0.0101608 
test_loss: 0.0119727 
train_loss: 0.010276 
test_loss: 0.0111455 
train_loss: 0.0116712 
test_loss: 0.0115519 
train_loss: 0.011383 
test_loss: 0.0123096 
train_loss: 0.0112242 
test_loss: 0.0118031 
train_loss: 0.0103707 
test_loss: 0.0112736 
train_loss: 0.0129214 
test_loss: 0.0115635 
train_loss: 0.00975664 
test_loss: 0.0110195 
train_loss: 0.00916483 
test_loss: 0.0112303 
train_loss: 0.0110723 
test_loss: 0.0107632 
train_loss: 0.00947479 
test_loss: 0.0108867 
train_loss: 0.0106754 
test_loss: 0.0106087 
train_loss: 0.00928383 
test_loss: 0.0110446 
train_loss: 0.0115667 
test_loss: 0.011129 
train_loss: 0.0140843 
test_loss: 0.0109372 
train_loss: 0.0121008 
test_loss: 0.0110035 
train_loss: 0.00844929 
test_loss: 0.0108468 
train_loss: 0.0138189 
test_loss: 0.0109064 
train_loss: 0.0102114 
test_loss: 0.0115906 
train_loss: 0.0100607 
test_loss: 0.0104406 
train_loss: 0.00947877 
test_loss: 0.0112799 
train_loss: 0.00896987 
test_loss: 0.0101667 
train_loss: 0.00865861 
test_loss: 0.0106112 
train_loss: 0.00934569 
test_loss: 0.0110077 
train_loss: 0.00982515 
test_loss: 0.0106089 
train_loss: 0.00907344 
test_loss: 0.0106356 
train_loss: 0.0113259 
test_loss: 0.0110142 
train_loss: 0.00827458 
test_loss: 0.0106212 
train_loss: 0.00986016 
test_loss: 0.0108667 
train_loss: 0.00846491 
test_loss: 0.0104474 
train_loss: 0.00855863 
test_loss: 0.0108448 
train_loss: 0.011247 
test_loss: 0.0106346 
train_loss: 0.0106427 
test_loss: 0.0109777 
train_loss: 0.00931825 
test_loss: 0.0104792 
train_loss: 0.00932605 
test_loss: 0.0103172 
train_loss: 0.00882077 
test_loss: 0.0102619 
train_loss: 0.00918481 
test_loss: 0.0109245 
train_loss: 0.00943096 
test_loss: 0.0100241 
train_loss: 0.00860123 
test_loss: 0.0102236 
train_loss: 0.00835176 
test_loss: 0.010304 
train_loss: 0.00818184 
test_loss: 0.0100449 
train_loss: 0.0130446 
test_loss: 0.0101301 
train_loss: 0.0121269 
test_loss: 0.0100148 
train_loss: 0.0104544 
test_loss: 0.0103111 
train_loss: 0.00875193 
test_loss: 0.0104207 
train_loss: 0.00800485 
test_loss: 0.010008 
train_loss: 0.00889967 
test_loss: 0.0105884 
train_loss: 0.00919351 
test_loss: 0.0101806 
