train_loss: 0.499524 
test_loss: 0.499907 
train_loss: 0.488028 
test_loss: 0.481585 
train_loss: 0.466747 
test_loss: 0.461492 
train_loss: 0.442979 
test_loss: 0.440184 
train_loss: 0.423314 
test_loss: 0.417867 
train_loss: 0.393453 
test_loss: 0.39446 
train_loss: 0.369166 
test_loss: 0.369713 
train_loss: 0.342956 
test_loss: 0.342857 
train_loss: 0.314248 
test_loss: 0.314388 
train_loss: 0.285578 
test_loss: 0.286149 
train_loss: 0.262313 
test_loss: 0.259351 
train_loss: 0.235721 
test_loss: 0.234363 
train_loss: 0.209108 
test_loss: 0.210805 
train_loss: 0.189326 
test_loss: 0.189228 
train_loss: 0.168796 
test_loss: 0.1701 
train_loss: 0.153718 
test_loss: 0.153365 
train_loss: 0.136578 
test_loss: 0.138753 
train_loss: 0.127356 
test_loss: 0.126046 
train_loss: 0.114644 
test_loss: 0.115012 
train_loss: 0.105825 
test_loss: 0.105485 
train_loss: 0.0969529 
test_loss: 0.09728 
train_loss: 0.0894554 
test_loss: 0.0902896 
train_loss: 0.0846854 
test_loss: 0.0842582 
train_loss: 0.0791744 
test_loss: 0.0791397 
train_loss: 0.0745459 
test_loss: 0.0747854 
train_loss: 0.0705716 
test_loss: 0.0710601 
train_loss: 0.0679004 
test_loss: 0.0678667 
train_loss: 0.0646697 
test_loss: 0.0651709 
train_loss: 0.0616537 
test_loss: 0.0628496 
train_loss: 0.0605275 
test_loss: 0.0608611 
train_loss: 0.0597128 
test_loss: 0.0591055 
train_loss: 0.0576791 
test_loss: 0.0575629 
train_loss: 0.0552896 
test_loss: 0.0562113 
train_loss: 0.0548905 
test_loss: 0.0550163 
train_loss: 0.0542229 
test_loss: 0.053959 
train_loss: 0.0524801 
test_loss: 0.0529713 
train_loss: 0.0517121 
test_loss: 0.0520858 
train_loss: 0.0514495 
test_loss: 0.0512882 
train_loss: 0.049934 
test_loss: 0.050523 
train_loss: 0.0492991 
test_loss: 0.0497754 
train_loss: 0.0493874 
test_loss: 0.0490125 
train_loss: 0.048192 
test_loss: 0.0483031 
train_loss: 0.048437 
test_loss: 0.0476753 
train_loss: 0.0467453 
test_loss: 0.047126 
train_loss: 0.047389 
test_loss: 0.0464842 
train_loss: 0.0460778 
test_loss: 0.0459344 
train_loss: 0.0455112 
test_loss: 0.0454134 
train_loss: 0.0447052 
test_loss: 0.04486 
train_loss: 0.0437769 
test_loss: 0.0443137 
train_loss: 0.0434599 
test_loss: 0.0438262 
train_loss: 0.0430702 
test_loss: 0.0433256 
train_loss: 0.0429974 
test_loss: 0.0428067 
train_loss: 0.0419276 
test_loss: 0.0423016 
train_loss: 0.0416869 
test_loss: 0.0418288 
train_loss: 0.0416237 
test_loss: 0.0413159 
train_loss: 0.0404242 
test_loss: 0.0409124 
train_loss: 0.0411193 
test_loss: 0.0403737 
train_loss: 0.0403174 
test_loss: 0.0399092 
train_loss: 0.0392738 
test_loss: 0.0395226 
train_loss: 0.0392925 
test_loss: 0.0389647 
train_loss: 0.0385105 
test_loss: 0.0385061 
train_loss: 0.0382242 
test_loss: 0.0380792 
train_loss: 0.0371554 
test_loss: 0.0376272 
train_loss: 0.0365047 
test_loss: 0.0371643 
train_loss: 0.0362468 
test_loss: 0.0367034 
train_loss: 0.0367456 
test_loss: 0.0363078 
train_loss: 0.0354559 
test_loss: 0.0357891 
train_loss: 0.0354462 
test_loss: 0.0353302 
train_loss: 0.034928 
test_loss: 0.0349113 
train_loss: 0.0341343 
test_loss: 0.0344587 
train_loss: 0.0342649 
test_loss: 0.0340221 
train_loss: 0.0333279 
test_loss: 0.0335576 
train_loss: 0.0337379 
test_loss: 0.0331158 
train_loss: 0.0326064 
test_loss: 0.032692 
train_loss: 0.0322598 
test_loss: 0.0322878 
train_loss: 0.031808 
test_loss: 0.0317603 
train_loss: 0.0308251 
test_loss: 0.0313412 
train_loss: 0.0312335 
test_loss: 0.0309499 
train_loss: 0.0299994 
test_loss: 0.0305118 
train_loss: 0.0298365 
test_loss: 0.0301455 
train_loss: 0.0296733 
test_loss: 0.0296226 
train_loss: 0.0287346 
test_loss: 0.0292401 
train_loss: 0.0286695 
test_loss: 0.0289451 
train_loss: 0.0285785 
test_loss: 0.0284296 
train_loss: 0.0275429 
test_loss: 0.0279987 
train_loss: 0.0277912 
test_loss: 0.0276295 
train_loss: 0.0270633 
test_loss: 0.0272485 
train_loss: 0.0265714 
test_loss: 0.0268687 
train_loss: 0.0263826 
test_loss: 0.0264885 
train_loss: 0.0258763 
test_loss: 0.0261205 
train_loss: 0.0261003 
test_loss: 0.0257337 
train_loss: 0.0253658 
test_loss: 0.0255064 
train_loss: 0.0248065 
test_loss: 0.0251504 
train_loss: 0.0246633 
test_loss: 0.0247839 
train_loss: 0.0242963 
test_loss: 0.0243979 
train_loss: 0.0246837 
test_loss: 0.0241021 
train_loss: 0.0240808 
test_loss: 0.0239094 
train_loss: 0.0235034 
test_loss: 0.0234891 
train_loss: 0.0230379 
test_loss: 0.023182 
train_loss: 0.0231244 
test_loss: 0.0229604 
train_loss: 0.022775 
test_loss: 0.0227109 
train_loss: 0.0221921 
test_loss: 0.0223399 
train_loss: 0.0219474 
test_loss: 0.0221499 
train_loss: 0.0219141 
test_loss: 0.0217831 
train_loss: 0.0221246 
test_loss: 0.0215597 
train_loss: 0.0213032 
test_loss: 0.0213903 
train_loss: 0.0207024 
test_loss: 0.0211286 
train_loss: 0.0212211 
test_loss: 0.0209203 
train_loss: 0.0206527 
test_loss: 0.0206414 
train_loss: 0.0205986 
test_loss: 0.0204691 
train_loss: 0.0199298 
test_loss: 0.0203005 
train_loss: 0.0202009 
test_loss: 0.0201616 
train_loss: 0.0199499 
test_loss: 0.0199542 
train_loss: 0.0191491 
test_loss: 0.0197579 
train_loss: 0.0193893 
test_loss: 0.0195637 
train_loss: 0.0194612 
test_loss: 0.0195798 
train_loss: 0.0196589 
test_loss: 0.0192417 
train_loss: 0.0189939 
test_loss: 0.019105 
train_loss: 0.0193585 
test_loss: 0.0189035 
train_loss: 0.0185173 
test_loss: 0.0187996 
train_loss: 0.0186142 
test_loss: 0.0186494 
train_loss: 0.0185501 
test_loss: 0.0185364 
train_loss: 0.0183956 
test_loss: 0.0184128 
train_loss: 0.0185316 
test_loss: 0.0182927 
train_loss: 0.0180432 
test_loss: 0.0182587 
train_loss: 0.0180874 
test_loss: 0.0181929 
train_loss: 0.0181092 
test_loss: 0.0180137 
train_loss: 0.0178619 
test_loss: 0.0178913 
train_loss: 0.0177027 
test_loss: 0.0178527 
train_loss: 0.0178107 
test_loss: 0.01777 
train_loss: 0.0178317 
test_loss: 0.0176303 
train_loss: 0.0176371 
test_loss: 0.017571 
train_loss: 0.0175578 
test_loss: 0.0174657 
train_loss: 0.0176139 
test_loss: 0.0174695 
train_loss: 0.0169502 
test_loss: 0.0173363 
train_loss: 0.017277 
test_loss: 0.0173304 
train_loss: 0.0171082 
test_loss: 0.0171843 
train_loss: 0.0174446 
test_loss: 0.0171813 
train_loss: 0.0169975 
test_loss: 0.0171 
train_loss: 0.0167662 
test_loss: 0.0170868 
train_loss: 0.0170821 
test_loss: 0.0170266 
train_loss: 0.0172341 
test_loss: 0.0169129 
train_loss: 0.0166484 
test_loss: 0.0169518 
train_loss: 0.0166072 
test_loss: 0.0168386 
train_loss: 0.0167239 
test_loss: 0.016901 
train_loss: 0.0163119 
test_loss: 0.01672 
train_loss: 0.0164411 
test_loss: 0.0166505 
train_loss: 0.0168591 
test_loss: 0.0167273 
train_loss: 0.016517 
test_loss: 0.0165499 
train_loss: 0.0165 
test_loss: 0.016564 
train_loss: 0.0165615 
test_loss: 0.0165093 
train_loss: 0.016431 
test_loss: 0.0165999 
train_loss: 0.0165303 
test_loss: 0.0165244 
train_loss: 0.0165725 
test_loss: 0.0164773 
train_loss: 0.0164695 
test_loss: 0.0164453 
train_loss: 0.0161017 
test_loss: 0.0166039 
train_loss: 0.0159121 
test_loss: 0.0162971 
train_loss: 0.0160376 
test_loss: 0.0163601 
train_loss: 0.0164033 
test_loss: 0.016199 
train_loss: 0.0159375 
test_loss: 0.0162002 
train_loss: 0.0163233 
test_loss: 0.0161821 
train_loss: 0.0163532 
test_loss: 0.016191 
train_loss: 0.0159324 
test_loss: 0.0161406 
train_loss: 0.0159591 
test_loss: 0.0160658 
train_loss: 0.0160622 
test_loss: 0.0160975 
train_loss: 0.0161461 
test_loss: 0.0159691 
train_loss: 0.0162269 
test_loss: 0.0161064 
train_loss: 0.0156913 
test_loss: 0.0160341 
train_loss: 0.0162053 
test_loss: 0.0159835 
train_loss: 0.0158624 
test_loss: 0.0159684 
train_loss: 0.0157971 
test_loss: 0.0159001 
train_loss: 0.0162257 
test_loss: 0.0158365 
train_loss: 0.0158063 
test_loss: 0.0160758 
train_loss: 0.0153603 
test_loss: 0.015816 
train_loss: 0.0157925 
test_loss: 0.0159106 
train_loss: 0.0156147 
test_loss: 0.0157566 
train_loss: 0.0156807 
test_loss: 0.0158347 
train_loss: 0.0159013 
test_loss: 0.0158743 
train_loss: 0.0159256 
test_loss: 0.0157407 
train_loss: 0.0161287 
test_loss: 0.0158148 
train_loss: 0.015892 
test_loss: 0.0156145 
train_loss: 0.0156958 
test_loss: 0.0155929 
train_loss: 0.0155446 
test_loss: 0.0156567 
train_loss: 0.0158471 
test_loss: 0.0156714 
train_loss: 0.0152975 
test_loss: 0.0156445 
train_loss: 0.0156191 
test_loss: 0.0156217 
train_loss: 0.0155319 
test_loss: 0.0155924 
train_loss: 0.0158397 
test_loss: 0.015672 
train_loss: 0.0150545 
test_loss: 0.0154541 
train_loss: 0.0154687 
test_loss: 0.0155522 
train_loss: 0.0154523 
test_loss: 0.0154154 
train_loss: 0.0153367 
test_loss: 0.01569 
train_loss: 0.0156242 
test_loss: 0.0153896 
train_loss: 0.0156849 
test_loss: 0.0154824 
train_loss: 0.0153474 
test_loss: 0.0155001 
train_loss: 0.0151542 
test_loss: 0.0153522 
train_loss: 0.0147881 
test_loss: 0.0152918 
train_loss: 0.0154477 
test_loss: 0.0154292 
train_loss: 0.0152248 
test_loss: 0.0151961 
train_loss: 0.0154037 
test_loss: 0.0154033 
train_loss: 0.0154444 
test_loss: 0.0152859 
train_loss: 0.0149328 
test_loss: 0.0152366 
train_loss: 0.0150937 
test_loss: 0.0157964 
train_loss: 0.0152773 
test_loss: 0.0153243 
train_loss: 0.0153375 
test_loss: 0.0150762 
train_loss: 0.0148707 
test_loss: 0.0152441 
train_loss: 0.01481 
test_loss: 0.0152184 
train_loss: 0.0149254 
test_loss: 0.0150246 
train_loss: 0.0154506 
test_loss: 0.0151848 
train_loss: 0.0148809 
test_loss: 0.0149533 
train_loss: 0.0149039 
test_loss: 0.015128 
train_loss: 0.0148303 
test_loss: 0.0150521 
train_loss: 0.0149106 
test_loss: 0.0151235 
train_loss: 0.0147098 
test_loss: 0.0147379 
train_loss: 0.0147307 
test_loss: 0.0148165 
train_loss: 0.0144336 
test_loss: 0.0149053 
train_loss: 0.0151379 
test_loss: 0.0146454 
train_loss: 0.0145178 
test_loss: 0.0147658 
train_loss: 0.014686 
test_loss: 0.0151048 
train_loss: 0.0140671 
test_loss: 0.0146281 
train_loss: 0.0143944 
test_loss: 0.014521 
train_loss: 0.0144913 
test_loss: 0.0144778 
train_loss: 0.0144179 
test_loss: 0.0145536 
train_loss: 0.0148722 
test_loss: 0.014816 
train_loss: 0.0140358 
test_loss: 0.0144272 
train_loss: 0.0140967 
test_loss: 0.0141936 
train_loss: 0.0140559 
test_loss: 0.014325 
train_loss: 0.0139099 
test_loss: 0.0142445 
train_loss: 0.0143533 
test_loss: 0.0139931 
train_loss: 0.0139381 
test_loss: 0.0139087 
train_loss: 0.0134571 
test_loss: 0.0139471 
train_loss: 0.0135214 
test_loss: 0.0137023 
train_loss: 0.0136087 
test_loss: 0.0138581 
train_loss: 0.0138079 
test_loss: 0.0136314 
train_loss: 0.0132532 
test_loss: 0.0135701 
train_loss: 0.0134189 
test_loss: 0.0134252 
train_loss: 0.0134122 
test_loss: 0.0133574 
train_loss: 0.0131142 
test_loss: 0.0129375 
train_loss: 0.0128746 
test_loss: 0.0126602 
train_loss: 0.0124368 
test_loss: 0.0124958 
train_loss: 0.0123484 
test_loss: 0.0128809 
train_loss: 0.0117691 
test_loss: 0.0122853 
train_loss: 0.0114927 
test_loss: 0.0118683 
train_loss: 0.0113822 
test_loss: 0.0117838 
train_loss: 0.0110254 
test_loss: 0.0111468 
train_loss: 0.0108148 
test_loss: 0.0110963 
train_loss: 0.0110325 
test_loss: 0.0112937 
train_loss: 0.0107365 
test_loss: 0.0109673 
train_loss: 0.0103058 
test_loss: 0.0106985 
train_loss: 0.010019 
test_loss: 0.0100632 
train_loss: 0.0098672 
test_loss: 0.0102922 
train_loss: 0.00893843 
test_loss: 0.00928105 
train_loss: 0.00955565 
test_loss: 0.0100144 
train_loss: 0.00871786 
test_loss: 0.0086993 
train_loss: 0.00838446 
test_loss: 0.00924105 
train_loss: 0.00825594 
test_loss: 0.00857302 
train_loss: 0.00845872 
test_loss: 0.00851033 
train_loss: 0.00789004 
test_loss: 0.00786694 
train_loss: 0.00818171 
test_loss: 0.00775787 
train_loss: 0.00714129 
test_loss: 0.00725222 
train_loss: 0.00698209 
test_loss: 0.00725896 
train_loss: 0.00717752 
test_loss: 0.00706227 
train_loss: 0.0075199 
test_loss: 0.00673108 
train_loss: 0.0067964 
test_loss: 0.00638452 
train_loss: 0.00722032 
test_loss: 0.00671236 
train_loss: 0.00631023 
test_loss: 0.00650682 
train_loss: 0.00604207 
test_loss: 0.00626433 
train_loss: 0.00654316 
test_loss: 0.00643059 
train_loss: 0.00647244 
test_loss: 0.00643784 
train_loss: 0.00589029 
test_loss: 0.00607695 
train_loss: 0.00634205 
test_loss: 0.00555586 
train_loss: 0.00541568 
test_loss: 0.00561778 
train_loss: 0.00650782 
test_loss: 0.00609425 
train_loss: 0.00547871 
test_loss: 0.00569914 
train_loss: 0.00584369 
test_loss: 0.00603645 
train_loss: 0.00507172 
test_loss: 0.00516863 
train_loss: 0.00504404 
test_loss: 0.00517547 
train_loss: 0.00503739 
test_loss: 0.0054558 
train_loss: 0.00562237 
test_loss: 0.0059662 
train_loss: 0.00485819 
test_loss: 0.00507514 
train_loss: 0.00525478 
test_loss: 0.00533508 
train_loss: 0.00569421 
test_loss: 0.00561133 
train_loss: 0.00468765 
test_loss: 0.00486412 
train_loss: 0.00512171 
test_loss: 0.00475053 
train_loss: 0.00527039 
test_loss: 0.00524721 
train_loss: 0.00537039 
test_loss: 0.00573061 
train_loss: 0.00448032 
test_loss: 0.00448414 
train_loss: 0.0043496 
test_loss: 0.00449378 
train_loss: 0.004714 
test_loss: 0.00443656 
train_loss: 0.00468419 
test_loss: 0.00460718 
train_loss: 0.00477644 
test_loss: 0.00466596 
train_loss: 0.00462636 
test_loss: 0.00444214 
train_loss: 0.00428268 
test_loss: 0.0043053 
train_loss: 0.00457517 
test_loss: 0.00470367 
train_loss: 0.00438397 
test_loss: 0.00470278 
train_loss: 0.00438743 
test_loss: 0.00442499 
train_loss: 0.00449495 
test_loss: 0.00461097 
train_loss: 0.00423337 
test_loss: 0.00448819 
train_loss: 0.00429248 
test_loss: 0.00454574 
train_loss: 0.00483372 
test_loss: 0.0051157 
train_loss: 0.00405222 
test_loss: 0.0041501 
train_loss: 0.00426125 
test_loss: 0.00435305 
train_loss: 0.00401919 
test_loss: 0.00452069 
train_loss: 0.004532 
test_loss: 0.00409338 
train_loss: 0.00426525 
test_loss: 0.00447144 
train_loss: 0.00380253 
test_loss: 0.00408864 
train_loss: 0.00400831 
test_loss: 0.00421389 
train_loss: 0.00361201 
test_loss: 0.00398118 
train_loss: 0.00410947 
test_loss: 0.00452327 
train_loss: 0.0042438 
test_loss: 0.00379025 
train_loss: 0.00415621 
test_loss: 0.00411483 
train_loss: 0.00424604 
test_loss: 0.00433325 
train_loss: 0.00377327 
test_loss: 0.00365175 
train_loss: 0.00452171 
test_loss: 0.00423199 
train_loss: 0.0039804 
test_loss: 0.00464659 
train_loss: 0.0040954 
test_loss: 0.0044593 
train_loss: 0.0042698 
test_loss: 0.00419829 
train_loss: 0.0039556 
test_loss: 0.00475025 
train_loss: 0.00410542 
test_loss: 0.00407031 
train_loss: 0.00354802 
test_loss: 0.00364339 
train_loss: 0.00400788 
test_loss: 0.00405591 
train_loss: 0.00365288 
test_loss: 0.00370256 
train_loss: 0.00376477 
test_loss: 0.00393256 
train_loss: 0.00426045 
test_loss: 0.00422007 
train_loss: 0.00424818 
test_loss: 0.00403523 
train_loss: 0.00396297 
test_loss: 0.00352681 
train_loss: 0.00350416 
test_loss: 0.00356119 
train_loss: 0.00378086 
test_loss: 0.00388828 
train_loss: 0.00386157 
test_loss: 0.00425288 
train_loss: 0.00321696 
test_loss: 0.00340945 
train_loss: 0.00342131 
test_loss: 0.00328168 
train_loss: 0.00378788 
test_loss: 0.00384546 
train_loss: 0.0038293 
test_loss: 0.00406981 
train_loss: 0.00391109 
test_loss: 0.00362422 
train_loss: 0.00397793 
test_loss: 0.00420553 
train_loss: 0.0035493 
test_loss: 0.00359404 
train_loss: 0.00422804 
test_loss: 0.00455138 
train_loss: 0.00382351 
test_loss: 0.00388158 
train_loss: 0.00374856 
test_loss: 0.00364257 
train_loss: 0.00347643 
test_loss: 0.00365993 
train_loss: 0.00366241 
test_loss: 0.00362189 
