train_loss: 0.495698 
test_loss: 0.484019 
train_loss: 0.370651 
test_loss: 0.341578 
train_loss: 0.262571 
test_loss: 0.267906 
train_loss: 0.211605 
test_loss: 0.221408 
train_loss: 0.17879 
test_loss: 0.171492 
train_loss: 0.124479 
test_loss: 0.132379 
train_loss: 0.124486 
test_loss: 0.114492 
train_loss: 0.109747 
test_loss: 0.108679 
train_loss: 0.105275 
test_loss: 0.107072 
train_loss: 0.105433 
test_loss: 0.106553 
train_loss: 0.106544 
test_loss: 0.106593 
train_loss: 0.115532 
test_loss: 0.106483 
train_loss: 0.0982209 
test_loss: 0.106199 
train_loss: 0.10745 
test_loss: 0.106393 
train_loss: 0.111779 
test_loss: 0.106071 
train_loss: 0.0950673 
test_loss: 0.105481 
train_loss: 0.105591 
test_loss: 0.104879 
train_loss: 0.0910619 
test_loss: 0.103918 
train_loss: 0.132191 
test_loss: 0.101987 
train_loss: 0.0938302 
test_loss: 0.0989518 
train_loss: 0.0905065 
test_loss: 0.0936158 
train_loss: 0.0844806 
test_loss: 0.0866951 
train_loss: 0.0802545 
test_loss: 0.0816635 
train_loss: 0.0871269 
test_loss: 0.0767767 
train_loss: 0.0662503 
test_loss: 0.0729039 
train_loss: 0.0846685 
test_loss: 0.0710864 
train_loss: 0.0727606 
test_loss: 0.0690261 
train_loss: 0.0791095 
test_loss: 0.0664816 
train_loss: 0.0658608 
test_loss: 0.0651872 
train_loss: 0.0685914 
test_loss: 0.0647874 
train_loss: 0.0594498 
test_loss: 0.063918 
train_loss: 0.0592858 
test_loss: 0.0634754 
train_loss: 0.0616851 
test_loss: 0.0627503 
train_loss: 0.0666343 
test_loss: 0.0628066 
train_loss: 0.0611901 
test_loss: 0.0624177 
train_loss: 0.0749701 
test_loss: 0.0622902 
train_loss: 0.0579841 
test_loss: 0.062123 
train_loss: 0.0531605 
test_loss: 0.0615962 
train_loss: 0.0587402 
test_loss: 0.0619871 
train_loss: 0.0549806 
test_loss: 0.0612865 
train_loss: 0.0608157 
test_loss: 0.0609438 
train_loss: 0.0586999 
test_loss: 0.0608982 
train_loss: 0.0640378 
test_loss: 0.060618 
train_loss: 0.0534524 
test_loss: 0.0601056 
train_loss: 0.0652086 
test_loss: 0.0586573 
train_loss: 0.0593018 
test_loss: 0.0585827 
train_loss: 0.0551509 
test_loss: 0.0561925 
train_loss: 0.0584766 
test_loss: 0.05402 
train_loss: 0.0485554 
test_loss: 0.0509273 
train_loss: 0.0478877 
test_loss: 0.0451172 
train_loss: 0.0349034 
test_loss: 0.0394032 
train_loss: 0.0349738 
test_loss: 0.0343742 
train_loss: 0.028613 
test_loss: 0.0314516 
train_loss: 0.0266017 
test_loss: 0.0268043 
train_loss: 0.0230023 
test_loss: 0.0251387 
train_loss: 0.0208029 
test_loss: 0.0231337 
train_loss: 0.0445535 
test_loss: 0.0445055 
train_loss: 0.0249171 
test_loss: 0.0233401 
train_loss: 0.0188044 
test_loss: 0.0202797 
train_loss: 0.0187717 
test_loss: 0.0201799 
train_loss: 0.0280877 
test_loss: 0.019135 
train_loss: 0.0196208 
test_loss: 0.0194087 
train_loss: 0.0148632 
test_loss: 0.0181814 
train_loss: 0.0147879 
test_loss: 0.0179827 
train_loss: 0.0163686 
test_loss: 0.0174283 
train_loss: 0.0166541 
test_loss: 0.0174042 
train_loss: 0.0162834 
test_loss: 0.0163569 
train_loss: 0.0148971 
test_loss: 0.0164243 
train_loss: 0.0141541 
test_loss: 0.0167284 
train_loss: 0.0141168 
test_loss: 0.0161399 
train_loss: 0.0171929 
test_loss: 0.0168322 
train_loss: 0.0143544 
test_loss: 0.0161141 
train_loss: 0.015304 
test_loss: 0.0178355 
train_loss: 0.012983 
test_loss: 0.0160657 
train_loss: 0.0152402 
test_loss: 0.0155974 
train_loss: 0.0130072 
test_loss: 0.0150727 
train_loss: 0.0173159 
test_loss: 0.01539 
train_loss: 0.0124481 
test_loss: 0.0149457 
train_loss: 0.0135868 
test_loss: 0.0146777 
train_loss: 0.0176083 
test_loss: 0.0153828 
train_loss: 0.0116966 
test_loss: 0.0143599 
train_loss: 0.0131544 
test_loss: 0.0153204 
train_loss: 0.0125539 
test_loss: 0.0142353 
train_loss: 0.011175 
test_loss: 0.0148039 
train_loss: 0.0126822 
test_loss: 0.0140581 
train_loss: 0.017367 
test_loss: 0.0138193 
train_loss: 0.0130543 
test_loss: 0.0140219 
train_loss: 0.0113861 
test_loss: 0.0141337 
train_loss: 0.0125682 
test_loss: 0.0134584 
train_loss: 0.0108857 
test_loss: 0.0137754 
train_loss: 0.0129867 
test_loss: 0.0142549 
train_loss: 0.0140575 
test_loss: 0.0144875 
train_loss: 0.0148196 
test_loss: 0.0138413 
train_loss: 0.0108347 
test_loss: 0.0131297 
train_loss: 0.0120114 
test_loss: 0.0135532 
train_loss: 0.0117718 
test_loss: 0.013377 
train_loss: 0.0110504 
test_loss: 0.0139635 
train_loss: 0.0118162 
test_loss: 0.0129909 
train_loss: 0.012418 
test_loss: 0.0130198 
train_loss: 0.0132633 
test_loss: 0.0134817 
train_loss: 0.0141649 
test_loss: 0.0129617 
train_loss: 0.0101216 
test_loss: 0.0132895 
train_loss: 0.0125717 
test_loss: 0.0141568 
train_loss: 0.0114622 
test_loss: 0.0128712 
train_loss: 0.013349 
test_loss: 0.013937 
train_loss: 0.0112905 
test_loss: 0.0132888 
train_loss: 0.0134996 
test_loss: 0.0164067 
train_loss: 0.0111725 
test_loss: 0.0130981 
train_loss: 0.0104735 
test_loss: 0.0124864 
train_loss: 0.0114326 
test_loss: 0.0129819 
train_loss: 0.0176634 
test_loss: 0.0127054 
train_loss: 0.0116307 
test_loss: 0.0132764 
train_loss: 0.0129265 
test_loss: 0.0126913 
train_loss: 0.0105713 
test_loss: 0.0130317 
train_loss: 0.00997126 
test_loss: 0.0127277 
train_loss: 0.0152027 
test_loss: 0.0127201 
train_loss: 0.0104115 
test_loss: 0.0124521 
train_loss: 0.0114924 
test_loss: 0.0127154 
train_loss: 0.0092602 
test_loss: 0.0120973 
train_loss: 0.00891026 
test_loss: 0.0119319 
train_loss: 0.0105117 
test_loss: 0.012608 
train_loss: 0.0104916 
test_loss: 0.0125518 
train_loss: 0.0097365 
test_loss: 0.0124108 
train_loss: 0.0156962 
test_loss: 0.011924 
train_loss: 0.0102367 
test_loss: 0.0128991 
train_loss: 0.00896859 
test_loss: 0.0122944 
train_loss: 0.00977446 
test_loss: 0.0121084 
train_loss: 0.0109703 
test_loss: 0.0124381 
train_loss: 0.00854339 
test_loss: 0.0116116 
train_loss: 0.0117476 
test_loss: 0.0136973 
train_loss: 0.0125736 
test_loss: 0.0123411 
train_loss: 0.0109408 
test_loss: 0.0124435 
train_loss: 0.0138873 
test_loss: 0.0127342 
train_loss: 0.00942986 
test_loss: 0.0121744 
train_loss: 0.0103986 
test_loss: 0.0121206 
train_loss: 0.00967722 
test_loss: 0.0120481 
train_loss: 0.00917013 
test_loss: 0.0119058 
train_loss: 0.00936207 
test_loss: 0.011751 
train_loss: 0.0109269 
test_loss: 0.0123255 
train_loss: 0.0124132 
test_loss: 0.0119054 
train_loss: 0.0159269 
test_loss: 0.0116341 
train_loss: 0.00893198 
test_loss: 0.0118377 
train_loss: 0.00978791 
test_loss: 0.0122442 
train_loss: 0.00937301 
test_loss: 0.011379 
train_loss: 0.00885924 
test_loss: 0.0116371 
train_loss: 0.0127401 
test_loss: 0.0120845 
train_loss: 0.0101867 
test_loss: 0.0111887 
train_loss: 0.00858943 
test_loss: 0.0114684 
train_loss: 0.00968689 
test_loss: 0.0118362 
train_loss: 0.00929936 
test_loss: 0.0115375 
train_loss: 0.00951693 
test_loss: 0.0121354 
