train_loss: 0.073837 
test_loss: 0.073006 
train_loss: 0.044265 
test_loss: 0.045046 
train_loss: 0.039180 
test_loss: 0.040661 
train_loss: 0.041097 
test_loss: 0.040207 
train_loss: 0.039597 
test_loss: 0.039549 
train_loss: 0.040331 
test_loss: 0.038898 
train_loss: 0.040980 
test_loss: 0.040701 
train_loss: 0.036824 
test_loss: 0.038520 
train_loss: 0.038035 
test_loss: 0.038458 
train_loss: 0.041128 
test_loss: 0.038576 
train_loss: 0.037708 
test_loss: 0.038121 
train_loss: 0.038343 
test_loss: 0.038585 
train_loss: 0.038569 
test_loss: 0.038598 
train_loss: 0.038412 
test_loss: 0.038349 
train_loss: 0.039541 
test_loss: 0.038043 
train_loss: 0.039212 
test_loss: 0.038091 
train_loss: 0.039157 
test_loss: 0.038126 
train_loss: 0.039984 
test_loss: 0.037740 
train_loss: 0.035164 
test_loss: 0.037613 
train_loss: 0.037773 
test_loss: 0.038439 
train_loss: 0.037858 
test_loss: 0.038247 
