train_loss: 0.045828 
test_loss: 0.045265 
train_loss: 0.022108 
test_loss: 0.021726 
train_loss: 0.012622 
test_loss: 0.012681 
train_loss: 0.009490 
test_loss: 0.009134 
train_loss: 0.007916 
test_loss: 0.007198 
train_loss: 0.007184 
test_loss: 0.006628 
train_loss: 0.005912 
test_loss: 0.008087 
train_loss: 0.005376 
test_loss: 0.006881 
train_loss: 0.006096 
test_loss: 0.004907 
train_loss: 0.006016 
test_loss: 0.005729 
train_loss: 0.004383 
test_loss: 0.005529 
train_loss: 0.004666 
test_loss: 0.005450 
train_loss: 0.004494 
test_loss: 0.004772 
train_loss: 0.005130 
test_loss: 0.005954 
train_loss: 0.004208 
test_loss: 0.005227 
train_loss: 0.004273 
test_loss: 0.004651 
train_loss: 0.004268 
test_loss: 0.003501 
train_loss: 0.004054 
test_loss: 0.003717 
train_loss: 0.004296 
test_loss: 0.004162 
train_loss: 0.004389 
test_loss: 0.004689 
train_loss: 0.003993 
test_loss: 0.004017 
train_loss: 0.004790 
test_loss: 0.005655 
train_loss: 0.004029 
test_loss: 0.003891 
train_loss: 0.004162 
test_loss: 0.004497 
train_loss: 0.004463 
test_loss: 0.004040 
train_loss: 0.003794 
test_loss: 0.004903 
train_loss: 0.003555 
test_loss: 0.004540 
train_loss: 0.008110 
test_loss: 0.007299 
train_loss: 0.006393 
test_loss: 0.005704 
train_loss: 0.005565 
test_loss: 0.005078 
train_loss: 0.005075 
test_loss: 0.004115 
