train_loss: 2.01275 
test_loss: 2.05175 
train_loss: 2.1952 
test_loss: 2.18732 
train_loss: 2.00154 
test_loss: 2.14479 
train_loss: 1.99918 
test_loss: 2.16201 
train_loss: 2.00807 
test_loss: 2.38269 
train_loss: 2.00014 
test_loss: 2.06162 
train_loss: 2.02176 
test_loss: 2.04651 
train_loss: 1.99935 
test_loss: 2.02117 
train_loss: 1.9989 
test_loss: 2.0748 
train_loss: 1.99878 
test_loss: 2.01113 
train_loss: 2.00075 
test_loss: 2.18925 
train_loss: 1.99985 
test_loss: 2.02425 
train_loss: 1.9995 
test_loss: 2.03824 
train_loss: 1.99971 
test_loss: 2.03778 
train_loss: 2.15579 
test_loss: 125.747 
train_loss: 1.9991 
test_loss: 2.02942 
train_loss: 1.99966 
test_loss: 2.04442 
train_loss: 2.02721 
test_loss: 2.01931 
train_loss: 1.99963 
test_loss: 2.06742 
train_loss: 0.515513 
test_loss: 0.519892 
train_loss: 0.514583 
test_loss: 0.519779 
train_loss: 0.519986 
test_loss: 0.519772 
train_loss: 0.523972 
test_loss: 0.51975 
train_loss: 0.51255 
test_loss: 0.519772 
train_loss: 0.517712 
test_loss: 0.519746 
train_loss: 0.522657 
test_loss: 0.519753 
train_loss: 0.523071 
test_loss: 0.519754 
train_loss: 0.524507 
test_loss: 0.519735 
train_loss: 0.515814 
test_loss: 0.519731 
train_loss: 0.522539 
test_loss: 0.519732 
train_loss: 0.521024 
test_loss: 0.519722 
train_loss: 0.516991 
test_loss: 0.519729 
train_loss: 0.519588 
test_loss: 0.519727 
train_loss: 0.522277 
test_loss: 0.519716 
train_loss: 0.516876 
test_loss: 0.51971 
train_loss: 0.526823 
test_loss: 0.519684 
train_loss: 0.519105 
test_loss: 0.519683 
train_loss: 0.518653 
test_loss: 0.519661 
train_loss: 0.522122 
test_loss: 0.519685 
train_loss: 0.51865 
test_loss: 0.51968 
train_loss: 0.518961 
test_loss: 0.51967 
train_loss: 0.517853 
test_loss: 0.519659 
train_loss: 0.526021 
test_loss: 0.519632 
train_loss: 0.51939 
test_loss: 0.519643 
train_loss: 0.523001 
test_loss: 0.51964 
train_loss: 0.51285 
test_loss: 0.519615 
train_loss: 0.524327 
test_loss: 0.519606 
train_loss: 0.520114 
test_loss: 0.519597 
train_loss: 0.517302 
test_loss: 0.519577 
train_loss: 0.517157 
test_loss: 0.519585 
train_loss: 0.51085 
test_loss: 0.519568 
train_loss: 0.521946 
test_loss: 0.519542 
train_loss: 0.52038 
test_loss: 0.519537 
train_loss: 0.518149 
test_loss: 0.519529 
train_loss: 0.519728 
test_loss: 0.519524 
train_loss: 0.524561 
test_loss: 0.519503 
train_loss: 0.518646 
test_loss: 0.51949 
train_loss: 0.527652 
test_loss: 0.519487 
train_loss: 0.522284 
test_loss: 0.519458 
train_loss: 0.517841 
test_loss: 0.519435 
train_loss: 0.516944 
test_loss: 0.519422 
train_loss: 0.523824 
test_loss: 0.519418 
train_loss: 0.512338 
test_loss: 0.519408 
train_loss: 0.516013 
test_loss: 0.519371 
train_loss: 0.514731 
test_loss: 0.519365 
train_loss: 0.517597 
test_loss: 0.519352 
train_loss: 0.511571 
test_loss: 0.519335 
train_loss: 0.522927 
test_loss: 0.519326 
train_loss: 0.518395 
test_loss: 0.519305 
train_loss: 0.521738 
test_loss: 0.519276 
train_loss: 0.517535 
test_loss: 0.519249 
train_loss: 0.513262 
test_loss: 0.519239 
train_loss: 0.515176 
test_loss: 0.519201 
train_loss: 0.519547 
test_loss: 0.519201 
train_loss: 0.526261 
test_loss: 0.519188 
train_loss: 0.519654 
test_loss: 0.51915 
train_loss: 0.518723 
test_loss: 0.519112 
train_loss: 0.522711 
test_loss: 0.519098 
train_loss: 0.519627 
test_loss: 0.519073 
train_loss: 0.521219 
test_loss: 0.519045 
train_loss: 0.522357 
test_loss: 0.519026 
train_loss: 0.512872 
test_loss: 0.519005 
train_loss: 0.519464 
test_loss: 0.518982 
train_loss: 0.516584 
test_loss: 0.518952 
train_loss: 0.514853 
test_loss: 0.518928 
train_loss: 0.522725 
test_loss: 0.518899 
train_loss: 0.516003 
test_loss: 0.518871 
train_loss: 0.521289 
test_loss: 0.518825 
train_loss: 0.512794 
test_loss: 0.518786 
train_loss: 0.521056 
test_loss: 0.51877 
train_loss: 0.515731 
test_loss: 0.518734 
train_loss: 0.520403 
test_loss: 0.518713 
train_loss: 0.518891 
test_loss: 0.51866 
train_loss: 0.513671 
test_loss: 0.518626 
train_loss: 0.515781 
test_loss: 0.518593 
train_loss: 0.51393 
test_loss: 0.51855 
train_loss: 0.520713 
test_loss: 0.518521 
train_loss: 0.518746 
test_loss: 0.518467 
train_loss: 0.517604 
test_loss: 0.51842 
train_loss: 0.515498 
test_loss: 0.518389 
train_loss: 0.519111 
test_loss: 0.518364 
train_loss: 0.515882 
test_loss: 0.518313 
train_loss: 0.518432 
test_loss: 0.51826 
train_loss: 0.517276 
test_loss: 0.518211 
train_loss: 0.514259 
test_loss: 0.518164 
train_loss: 0.523428 
test_loss: 0.518113 
train_loss: 0.519391 
test_loss: 0.518068 
train_loss: 0.520567 
test_loss: 0.518012 
train_loss: 0.513973 
test_loss: 0.517933 
train_loss: 0.51318 
test_loss: 0.517903 
train_loss: 0.516776 
test_loss: 0.517852 
train_loss: 0.519635 
test_loss: 0.51779 
train_loss: 0.51524 
test_loss: 0.517731 
train_loss: 0.516797 
test_loss: 0.51767 
train_loss: 0.520875 
test_loss: 0.517604 
train_loss: 0.515629 
test_loss: 0.517541 
train_loss: 0.5186 
test_loss: 0.517481 
train_loss: 0.524577 
test_loss: 0.517398 
train_loss: 0.515153 
test_loss: 0.517343 
train_loss: 0.512204 
test_loss: 0.517268 
train_loss: 0.52447 
test_loss: 0.517201 
train_loss: 0.514631 
test_loss: 0.517131 
train_loss: 0.514155 
test_loss: 0.517033 
train_loss: 0.508821 
test_loss: 0.516958 
train_loss: 0.518525 
test_loss: 0.516897 
train_loss: 0.518246 
test_loss: 0.516804 
train_loss: 0.515995 
test_loss: 0.516701 
train_loss: 0.514477 
test_loss: 0.516645 
train_loss: 0.515876 
test_loss: 0.516551 
train_loss: 0.511144 
test_loss: 0.516447 
train_loss: 0.522173 
test_loss: 0.516331 
train_loss: 0.521362 
test_loss: 0.516284 
train_loss: 0.511445 
test_loss: 0.516177 
train_loss: 0.512206 
test_loss: 0.516086 
train_loss: 0.521993 
test_loss: 0.515967 
train_loss: 0.513595 
test_loss: 0.515851 
train_loss: 0.513686 
test_loss: 0.515745 
train_loss: 0.517008 
test_loss: 0.515648 
train_loss: 0.521138 
test_loss: 0.515537 
train_loss: 0.517836 
test_loss: 0.515392 
train_loss: 0.520211 
test_loss: 0.51528 
train_loss: 0.511998 
test_loss: 0.515175 
train_loss: 0.510732 
test_loss: 0.515046 
train_loss: 0.513133 
test_loss: 0.514902 
train_loss: 0.511951 
test_loss: 0.514762 
train_loss: 0.511911 
test_loss: 0.514634 
train_loss: 0.520286 
test_loss: 0.514509 
train_loss: 0.517538 
test_loss: 0.514345 
train_loss: 0.514911 
test_loss: 0.514217 
train_loss: 0.509459 
test_loss: 0.514062 
train_loss: 0.509706 
test_loss: 0.513918 
train_loss: 0.509677 
test_loss: 0.513745 
train_loss: 0.513859 
test_loss: 0.513598 
train_loss: 0.515636 
test_loss: 0.513423 
train_loss: 0.506498 
test_loss: 0.513255 
train_loss: 0.507695 
test_loss: 0.513095 
train_loss: 0.509146 
test_loss: 0.512904 
train_loss: 0.512973 
test_loss: 0.512727 
train_loss: 0.515373 
test_loss: 0.512527 
train_loss: 0.514114 
test_loss: 0.512353 
train_loss: 0.5114 
test_loss: 0.512157 
train_loss: 0.508082 
test_loss: 0.511949 
train_loss: 0.511371 
test_loss: 0.511753 
train_loss: 0.513118 
test_loss: 0.51153 
train_loss: 0.514267 
test_loss: 0.511321 
train_loss: 0.50649 
test_loss: 0.511099 
train_loss: 0.502553 
test_loss: 0.510872 
train_loss: 0.514919 
test_loss: 0.510637 
train_loss: 0.513522 
test_loss: 0.510404 
train_loss: 0.516824 
test_loss: 0.510167 
train_loss: 0.513572 
test_loss: 0.509924 
train_loss: 0.508269 
test_loss: 0.509661 
train_loss: 0.50476 
test_loss: 0.509391 
train_loss: 0.512488 
test_loss: 0.509125 
train_loss: 0.503168 
test_loss: 0.50886 
train_loss: 0.50858 
test_loss: 0.508574 
train_loss: 0.509113 
test_loss: 0.50827 
train_loss: 0.508482 
test_loss: 0.507972 
train_loss: 0.499769 
test_loss: 0.507687 
train_loss: 0.5106 
test_loss: 0.50737 
train_loss: 0.509043 
test_loss: 0.507063 
train_loss: 0.510429 
test_loss: 0.506735 
train_loss: 0.494206 
test_loss: 0.506386 
train_loss: 0.513168 
test_loss: 0.506076 
train_loss: 0.505593 
test_loss: 0.505716 
train_loss: 0.501869 
test_loss: 0.505357 
train_loss: 0.503182 
test_loss: 0.505004 
train_loss: 0.506953 
test_loss: 0.504611 
train_loss: 0.503962 
test_loss: 0.504235 
train_loss: 0.506007 
test_loss: 0.503851 
train_loss: 0.502605 
test_loss: 0.50345 
train_loss: 0.49909 
test_loss: 0.503041 
train_loss: 0.500364 
test_loss: 0.50261 
train_loss: 0.503672 
test_loss: 0.502192 
train_loss: 0.50095 
test_loss: 0.501754 
train_loss: 0.503158 
test_loss: 0.501314 
train_loss: 0.501982 
test_loss: 0.500849 
train_loss: 0.505627 
test_loss: 0.500387 
train_loss: 0.494839 
test_loss: 0.499882 
train_loss: 0.498571 
test_loss: 0.499408 
train_loss: 0.494316 
test_loss: 0.49892 
train_loss: 0.495067 
test_loss: 0.498394 
train_loss: 0.495607 
test_loss: 0.497868 
train_loss: 0.499635 
test_loss: 0.497308 
train_loss: 0.49457 
test_loss: 0.496788 
train_loss: 0.496737 
test_loss: 0.496231 
train_loss: 0.491081 
test_loss: 0.495653 
train_loss: 0.502185 
test_loss: 0.495068 
train_loss: 0.496564 
test_loss: 0.494451 
train_loss: 0.491504 
test_loss: 0.493868 
train_loss: 0.493987 
test_loss: 0.493219 
train_loss: 0.496838 
test_loss: 0.492595 
train_loss: 0.493263 
test_loss: 0.491946 
train_loss: 0.495265 
test_loss: 0.491273 
train_loss: 0.490017 
test_loss: 0.490576 
train_loss: 0.491389 
test_loss: 0.489878 
train_loss: 0.494951 
test_loss: 0.489179 
train_loss: 0.48923 
test_loss: 0.488441 
train_loss: 0.485204 
test_loss: 0.487683 
train_loss: 0.484521 
test_loss: 0.486933 
train_loss: 0.484945 
test_loss: 0.486155 
train_loss: 0.480763 
test_loss: 0.48535 
train_loss: 0.477985 
test_loss: 0.484552 
train_loss: 0.480284 
test_loss: 0.483721 
train_loss: 0.482747 
test_loss: 0.482871 
train_loss: 0.481354 
test_loss: 0.481986 
train_loss: 0.474456 
test_loss: 0.481117 
train_loss: 0.474166 
test_loss: 0.480223 
train_loss: 0.47852 
test_loss: 0.479274 
train_loss: 0.479672 
test_loss: 0.478328 
train_loss: 0.479536 
test_loss: 0.477372 
train_loss: 0.47586 
test_loss: 0.476358 
train_loss: 0.471473 
test_loss: 0.475363 
train_loss: 0.478212 
test_loss: 0.474317 
train_loss: 0.472706 
test_loss: 0.473253 
train_loss: 0.473835 
test_loss: 0.472177 
train_loss: 0.471607 
test_loss: 0.471074 
train_loss: 0.468126 
test_loss: 0.469943 
train_loss: 0.468582 
test_loss: 0.468778 
train_loss: 0.465747 
test_loss: 0.467598 
train_loss: 0.470803 
test_loss: 0.466395 
train_loss: 0.468173 
test_loss: 0.46515 
train_loss: 0.465882 
test_loss: 0.46389 
train_loss: 0.45964 
test_loss: 0.462573 
train_loss: 0.461329 
test_loss: 0.461259 
train_loss: 0.454776 
test_loss: 0.459907 
train_loss: 0.454408 
test_loss: 0.458497 
train_loss: 0.452341 
test_loss: 0.457091 
train_loss: 0.455076 
test_loss: 0.45564 
train_loss: 0.458201 
test_loss: 0.454141 
train_loss: 0.453384 
test_loss: 0.452624 
train_loss: 0.450171 
test_loss: 0.451074 
train_loss: 0.450244 
test_loss: 0.449467 
train_loss: 0.448773 
test_loss: 0.447843 
train_loss: 0.446375 
test_loss: 0.44617 
train_loss: 0.444785 
test_loss: 0.444471 
train_loss: 0.443225 
test_loss: 0.442725 
train_loss: 0.448206 
test_loss: 0.440945 
train_loss: 0.44094 
test_loss: 0.439125 
train_loss: 0.435985 
test_loss: 0.437258 
train_loss: 0.431392 
test_loss: 0.435349 
train_loss: 0.434684 
test_loss: 0.433387 
train_loss: 0.430782 
test_loss: 0.431398 
train_loss: 0.425477 
test_loss: 0.42936 
train_loss: 0.426097 
test_loss: 0.427274 
train_loss: 0.425154 
test_loss: 0.425152 
train_loss: 0.423764 
test_loss: 0.422963 
train_loss: 0.423905 
test_loss: 0.420753 
train_loss: 0.421676 
test_loss: 0.41846 
train_loss: 0.414821 
test_loss: 0.416159 
train_loss: 0.416476 
test_loss: 0.413771 
train_loss: 0.412444 
test_loss: 0.411374 
train_loss: 0.406621 
test_loss: 0.408911 
train_loss: 0.4048 
test_loss: 0.406379 
train_loss: 0.409786 
test_loss: 0.40382 
train_loss: 0.405379 
test_loss: 0.401182 
train_loss: 0.397531 
test_loss: 0.398513 
train_loss: 0.401638 
test_loss: 0.395797 
train_loss: 0.389396 
test_loss: 0.393002 
train_loss: 0.389665 
test_loss: 0.39017 
train_loss: 0.388003 
test_loss: 0.387308 
train_loss: 0.385042 
test_loss: 0.384354 
train_loss: 0.376432 
test_loss: 0.381399 
train_loss: 0.382771 
test_loss: 0.378369 
train_loss: 0.370909 
test_loss: 0.375298 
train_loss: 0.374686 
test_loss: 0.372171 
train_loss: 0.367616 
test_loss: 0.36899 
train_loss: 0.364332 
test_loss: 0.365769 
train_loss: 0.360534 
test_loss: 0.362506 
train_loss: 0.358003 
test_loss: 0.359182 
train_loss: 0.354315 
test_loss: 0.355799 
train_loss: 0.356435 
test_loss: 0.352358 
train_loss: 0.347275 
test_loss: 0.348831 
train_loss: 0.34794 
test_loss: 0.345253 
train_loss: 0.34109 
test_loss: 0.341587 
train_loss: 0.334768 
test_loss: 0.337824 
train_loss: 0.332753 
test_loss: 0.33398 
train_loss: 0.327407 
test_loss: 0.330015 
train_loss: 0.326636 
test_loss: 0.325937 
train_loss: 0.3193 
test_loss: 0.321754 
train_loss: 0.315401 
test_loss: 0.317457 
train_loss: 0.312919 
test_loss: 0.313055 
train_loss: 0.306603 
test_loss: 0.308538 
train_loss: 0.304012 
test_loss: 0.303937 
train_loss: 0.29986 
test_loss: 0.299231 
train_loss: 0.295352 
test_loss: 0.294472 
train_loss: 0.284976 
test_loss: 0.289656 
train_loss: 0.282735 
test_loss: 0.284819 
train_loss: 0.281361 
test_loss: 0.279985 
train_loss: 0.271845 
test_loss: 0.275165 
train_loss: 0.271461 
test_loss: 0.270357 
train_loss: 0.264019 
test_loss: 0.265583 
train_loss: 0.264162 
test_loss: 0.260835 
train_loss: 0.251574 
test_loss: 0.256143 
train_loss: 0.250044 
test_loss: 0.251462 
train_loss: 0.243539 
test_loss: 0.246822 
train_loss: 0.239099 
test_loss: 0.242231 
train_loss: 0.239438 
test_loss: 0.237645 
train_loss: 0.234577 
test_loss: 0.233115 
train_loss: 0.225138 
test_loss: 0.22861 
train_loss: 0.223015 
test_loss: 0.224148 
train_loss: 0.217422 
test_loss: 0.219742 
train_loss: 0.21435 
test_loss: 0.2154 
train_loss: 0.207434 
test_loss: 0.211126 
train_loss: 0.207806 
test_loss: 0.206937 
train_loss: 0.203485 
test_loss: 0.202819 
train_loss: 0.19517 
test_loss: 0.198796 
train_loss: 0.197226 
test_loss: 0.194869 
train_loss: 0.187962 
test_loss: 0.191052 
train_loss: 0.187598 
test_loss: 0.187318 
train_loss: 0.188395 
test_loss: 0.18369 
train_loss: 0.179593 
test_loss: 0.180162 
train_loss: 0.17629 
test_loss: 0.176718 
train_loss: 0.172771 
test_loss: 0.17338 
train_loss: 0.169439 
test_loss: 0.170132 
train_loss: 0.166829 
test_loss: 0.166964 
train_loss: 0.1627 
test_loss: 0.163894 
train_loss: 0.159692 
test_loss: 0.1609 
train_loss: 0.156865 
test_loss: 0.157994 
train_loss: 0.15616 
test_loss: 0.155144 
train_loss: 0.155143 
test_loss: 0.152377 
train_loss: 0.151644 
test_loss: 0.149675 
train_loss: 0.146724 
test_loss: 0.147046 
train_loss: 0.145324 
test_loss: 0.144487 
train_loss: 0.143134 
test_loss: 0.142 
train_loss: 0.139758 
test_loss: 0.139585 
train_loss: 0.137641 
test_loss: 0.137243 
train_loss: 0.134626 
test_loss: 0.134968 
train_loss: 0.132256 
test_loss: 0.132767 
train_loss: 0.130722 
test_loss: 0.130639 
train_loss: 0.128074 
test_loss: 0.128587 
train_loss: 0.125556 
test_loss: 0.126603 
train_loss: 0.125439 
test_loss: 0.124696 
train_loss: 0.122458 
test_loss: 0.122863 
train_loss: 0.120992 
test_loss: 0.121106 
train_loss: 0.118879 
test_loss: 0.119411 
train_loss: 0.117759 
test_loss: 0.117797 
train_loss: 0.117282 
test_loss: 0.116248 
train_loss: 0.11483 
test_loss: 0.114775 
train_loss: 0.114132 
test_loss: 0.113359 
train_loss: 0.111545 
test_loss: 0.112023 
train_loss: 0.110723 
test_loss: 0.110726 
train_loss: 0.109384 
test_loss: 0.109496 
train_loss: 0.107131 
test_loss: 0.108337 
train_loss: 0.107318 
test_loss: 0.107221 
train_loss: 0.106313 
test_loss: 0.106169 
train_loss: 0.106034 
test_loss: 0.105163 
train_loss: 0.10342 
test_loss: 0.104208 
train_loss: 0.105314 
test_loss: 0.103302 
train_loss: 0.101845 
test_loss: 0.102442 
train_loss: 0.101003 
test_loss: 0.101626 
train_loss: 0.101069 
test_loss: 0.100844 
train_loss: 0.100646 
test_loss: 0.100115 
train_loss: 0.0994147 
test_loss: 0.0994142 
train_loss: 0.097926 
test_loss: 0.098737 
train_loss: 0.0998213 
test_loss: 0.098103 
train_loss: 0.0971672 
test_loss: 0.0974998 
train_loss: 0.096163 
test_loss: 0.0969194 
train_loss: 0.0971524 
test_loss: 0.0963688 
train_loss: 0.0957997 
test_loss: 0.0958409 
train_loss: 0.0946957 
test_loss: 0.0953309 
train_loss: 0.0961885 
test_loss: 0.0948495 
train_loss: 0.0944105 
test_loss: 0.0943822 
train_loss: 0.0928516 
test_loss: 0.093939 
train_loss: 0.0948238 
test_loss: 0.0935245 
train_loss: 0.0944354 
test_loss: 0.0931097 
train_loss: 0.0918612 
test_loss: 0.092712 
train_loss: 0.0910813 
test_loss: 0.0923332 
train_loss: 0.0918729 
test_loss: 0.0919732 
train_loss: 0.0914381 
test_loss: 0.091611 
train_loss: 0.0899089 
test_loss: 0.0912803 
train_loss: 0.090298 
test_loss: 0.0909462 
train_loss: 0.0911585 
test_loss: 0.0906247 
train_loss: 0.0899739 
test_loss: 0.0903284 
train_loss: 0.0900664 
test_loss: 0.0900351 
train_loss: 0.0889813 
test_loss: 0.0897565 
train_loss: 0.089023 
test_loss: 0.0894595 
train_loss: 0.0888279 
test_loss: 0.0891937 
train_loss: 0.0895396 
test_loss: 0.0889316 
train_loss: 0.0909087 
test_loss: 0.0886701 
train_loss: 0.088622 
test_loss: 0.0884298 
train_loss: 0.0905946 
test_loss: 0.0881721 
train_loss: 0.0891518 
test_loss: 0.0879464 
train_loss: 0.0890665 
test_loss: 0.0876966 
train_loss: 0.0867134 
test_loss: 0.0874638 
train_loss: 0.087042 
test_loss: 0.0872392 
train_loss: 0.0868032 
test_loss: 0.0870073 
train_loss: 0.0867414 
test_loss: 0.0868058 
train_loss: 0.086181 
test_loss: 0.0865582 
train_loss: 0.0846946 
test_loss: 0.0863656 
train_loss: 0.086303 
test_loss: 0.0861606 
train_loss: 0.0855605 
test_loss: 0.0859194 
train_loss: 0.0844314 
test_loss: 0.0857201 
train_loss: 0.0845713 
test_loss: 0.0855023 
train_loss: 0.0851085 
test_loss: 0.0852801 
train_loss: 0.0843925 
test_loss: 0.0850719 
train_loss: 0.0836161 
test_loss: 0.084898 
train_loss: 0.0858275 
test_loss: 0.0847534 
train_loss: 0.0830418 
test_loss: 0.0844717 
train_loss: 0.0836887 
test_loss: 0.0842771 
train_loss: 0.0840405 
test_loss: 0.0840496 
train_loss: 0.0835569 
test_loss: 0.0838508 
train_loss: 0.0824439 
test_loss: 0.0836398 
train_loss: 0.0831251 
test_loss: 0.0834624 
train_loss: 0.082516 
test_loss: 0.0832206 
train_loss: 0.0823847 
test_loss: 0.0830199 
train_loss: 0.0809743 
test_loss: 0.0827996 
train_loss: 0.0822441 
test_loss: 0.0826243 
train_loss: 0.0803598 
test_loss: 0.0824267 
train_loss: 0.082371 
test_loss: 0.0822273 
train_loss: 0.0827887 
test_loss: 0.0819987 
train_loss: 0.0816358 
test_loss: 0.0817849 
train_loss: 0.0809973 
test_loss: 0.0815461 
train_loss: 0.0800635 
test_loss: 0.0813168 
train_loss: 0.079612 
test_loss: 0.0811092 
train_loss: 0.0792491 
test_loss: 0.080956 
train_loss: 0.0813725 
test_loss: 0.0806842 
train_loss: 0.0793447 
test_loss: 0.0804709 
train_loss: 0.0800371 
test_loss: 0.0802394 
train_loss: 0.079633 
test_loss: 0.0799984 
train_loss: 0.0794853 
test_loss: 0.0797821 
train_loss: 0.0792182 
test_loss: 0.0795843 
train_loss: 0.0779637 
test_loss: 0.0793422 
train_loss: 0.0798372 
test_loss: 0.0791326 
train_loss: 0.0783533 
test_loss: 0.078912 
train_loss: 0.0781361 
test_loss: 0.0787449 
train_loss: 0.0780911 
test_loss: 0.078445 
train_loss: 0.078555 
test_loss: 0.0782625 
train_loss: 0.0771636 
test_loss: 0.0779971 
train_loss: 0.0756254 
test_loss: 0.0777754 
train_loss: 0.0767799 
test_loss: 0.0775624 
train_loss: 0.0764082 
test_loss: 0.0773247 
train_loss: 0.0767367 
test_loss: 0.0771007 
train_loss: 0.0760632 
test_loss: 0.0768746 
train_loss: 0.0765096 
test_loss: 0.0766098 
train_loss: 0.0767859 
test_loss: 0.0764253 
train_loss: 0.074783 
test_loss: 0.0762061 
train_loss: 0.0755286 
test_loss: 0.0759587 
train_loss: 0.074037 
test_loss: 0.0757218 
train_loss: 0.0755214 
test_loss: 0.0755021 
train_loss: 0.0743921 
test_loss: 0.0752395 
train_loss: 0.0740253 
test_loss: 0.0750936 
train_loss: 0.0747312 
test_loss: 0.0748016 
train_loss: 0.0752683 
test_loss: 0.0745746 
train_loss: 0.0746861 
test_loss: 0.0743544 
train_loss: 0.0743749 
test_loss: 0.0741124 
train_loss: 0.0725986 
test_loss: 0.0738853 
train_loss: 0.0735752 
test_loss: 0.0736658 
train_loss: 0.0737309 
test_loss: 0.0734005 
train_loss: 0.0723345 
test_loss: 0.0731969 
train_loss: 0.0715254 
test_loss: 0.0729268 
train_loss: 0.0728584 
test_loss: 0.0728183 
train_loss: 0.0726553 
test_loss: 0.072542 
train_loss: 0.0707547 
test_loss: 0.0723315 
train_loss: 0.0702967 
test_loss: 0.0719889 
train_loss: 0.0713423 
test_loss: 0.0718478 
train_loss: 0.0718676 
test_loss: 0.0715213 
train_loss: 0.0723628 
test_loss: 0.0712559 
train_loss: 0.0714899 
test_loss: 0.0710383 
train_loss: 0.0704507 
test_loss: 0.0708212 
train_loss: 0.0707942 
test_loss: 0.0707726 
train_loss: 0.0689588 
test_loss: 0.0703326 
train_loss: 0.0702791 
test_loss: 0.070101 
train_loss: 0.0694261 
test_loss: 0.06982 
train_loss: 0.0686235 
test_loss: 0.0695862 
train_loss: 0.0690894 
test_loss: 0.0692981 
train_loss: 0.0686644 
test_loss: 0.0690951 
train_loss: 0.0696242 
test_loss: 0.0690048 
train_loss: 0.0688776 
test_loss: 0.0687393 
train_loss: 0.0683744 
test_loss: 0.0683512 
train_loss: 0.0670608 
test_loss: 0.0680282 
train_loss: 0.0675079 
test_loss: 0.0678402 
train_loss: 0.0675837 
test_loss: 0.067545 
train_loss: 0.0669081 
test_loss: 0.0672528 
train_loss: 0.0670375 
test_loss: 0.0670619 
train_loss: 0.0667002 
test_loss: 0.0667615 
train_loss: 0.0659567 
test_loss: 0.0664596 
train_loss: 0.065122 
test_loss: 0.0661741 
train_loss: 0.0659157 
test_loss: 0.0658156 
train_loss: 0.0653778 
test_loss: 0.0656271 
train_loss: 0.0635384 
test_loss: 0.0652755 
train_loss: 0.0641411 
test_loss: 0.0649842 
train_loss: 0.06416 
test_loss: 0.0644858 
train_loss: 0.0640556 
test_loss: 0.0644314 
train_loss: 0.0639597 
test_loss: 0.0638047 
train_loss: 0.0632912 
test_loss: 0.0633826 
train_loss: 0.0620473 
test_loss: 0.0630566 
train_loss: 0.0621209 
test_loss: 0.0626589 
train_loss: 0.0611685 
test_loss: 0.0623165 
train_loss: 0.0614921 
test_loss: 0.0616097 
train_loss: 0.0610743 
test_loss: 0.0613368 
train_loss: 0.0598086 
test_loss: 0.0608039 
train_loss: 0.0599543 
test_loss: 0.0604013 
train_loss: 0.0598035 
test_loss: 0.0595821 
train_loss: 0.0590788 
test_loss: 0.0591546 
train_loss: 0.0578161 
test_loss: 0.0585515 
train_loss: 0.0589138 
test_loss: 0.0580302 
train_loss: 0.0566769 
test_loss: 0.057433 
train_loss: 0.0552319 
test_loss: 0.0566874 
train_loss: 0.0564051 
test_loss: 0.0560909 
train_loss: 0.0551931 
test_loss: 0.0555644 
train_loss: 0.0533586 
test_loss: 0.0548132 
train_loss: 0.0544695 
test_loss: 0.0541921 
train_loss: 0.0534583 
test_loss: 0.0540084 
train_loss: 0.0526887 
test_loss: 0.0527232 
train_loss: 0.0520692 
test_loss: 0.0522463 
train_loss: 0.050498 
test_loss: 0.0513016 
train_loss: 0.0496452 
test_loss: 0.050716 
train_loss: 0.0507296 
test_loss: 0.0497759 
train_loss: 0.0492259 
test_loss: 0.0491745 
train_loss: 0.0478397 
test_loss: 0.0485533 
train_loss: 0.0481849 
test_loss: 0.0478033 
train_loss: 0.0475664 
test_loss: 0.0472004 
train_loss: 0.0456598 
test_loss: 0.0466171 
train_loss: 0.0462501 
test_loss: 0.0458042 
train_loss: 0.0454069 
test_loss: 0.0454852 
train_loss: 0.0443792 
test_loss: 0.0444335 
train_loss: 0.0441051 
test_loss: 0.0443215 
train_loss: 0.0428827 
test_loss: 0.0433586 
train_loss: 0.0424803 
test_loss: 0.0428955 
train_loss: 0.0421779 
test_loss: 0.0422404 
train_loss: 0.0416171 
test_loss: 0.0418294 
train_loss: 0.0407541 
test_loss: 0.0413527 
train_loss: 0.0406818 
test_loss: 0.0411973 
train_loss: 0.0403859 
test_loss: 0.0406337 
train_loss: 0.0397324 
test_loss: 0.0403067 
train_loss: 0.0403922 
test_loss: 0.0393448 
train_loss: 0.0383655 
test_loss: 0.0387878 
train_loss: 0.0385058 
test_loss: 0.0384744 
train_loss: 0.037308 
test_loss: 0.0380127 
train_loss: 0.0381264 
test_loss: 0.0381573 
train_loss: 0.036886 
test_loss: 0.0376816 
train_loss: 0.0366381 
test_loss: 0.0369197 
train_loss: 0.0355312 
test_loss: 0.0365245 
train_loss: 0.035115 
test_loss: 0.0359902 
train_loss: 0.0355054 
test_loss: 0.0357329 
train_loss: 0.0348148 
test_loss: 0.0353818 
train_loss: 0.0346246 
test_loss: 0.0352346 
train_loss: 0.0339169 
test_loss: 0.0346444 
train_loss: 0.0337762 
test_loss: 0.0343438 
train_loss: 0.0330047 
test_loss: 0.0338134 
train_loss: 0.0327467 
test_loss: 0.0335723 
train_loss: 0.032605 
test_loss: 0.0333964 
train_loss: 0.0318197 
test_loss: 0.032649 
train_loss: 0.0315207 
test_loss: 0.0323812 
train_loss: 0.0318894 
test_loss: 0.0319433 
train_loss: 0.0312241 
test_loss: 0.0318454 
train_loss: 0.030898 
test_loss: 0.0315043 
train_loss: 0.0297684 
test_loss: 0.0310393 
train_loss: 0.0301077 
test_loss: 0.0310121 
train_loss: 0.0304695 
test_loss: 0.0300887 
train_loss: 0.0287966 
test_loss: 0.0293312 
train_loss: 0.0290586 
test_loss: 0.0295618 
train_loss: 0.0288932 
test_loss: 0.0287268 
train_loss: 0.0279373 
test_loss: 0.0279235 
train_loss: 0.0271383 
test_loss: 0.0274956 
train_loss: 0.0274682 
test_loss: 0.0270671 
train_loss: 0.0257253 
test_loss: 0.0268099 
train_loss: 0.026512 
test_loss: 0.026788 
train_loss: 0.0249157 
test_loss: 0.0256428 
train_loss: 0.0245434 
test_loss: 0.0258022 
train_loss: 0.0243388 
test_loss: 0.0246898 
train_loss: 0.0242771 
test_loss: 0.0243444 
train_loss: 0.0242023 
test_loss: 0.0239784 
train_loss: 0.0227979 
test_loss: 0.024368 
train_loss: 0.0230998 
test_loss: 0.0232281 
train_loss: 0.0221263 
test_loss: 0.0229874 
train_loss: 0.0224168 
test_loss: 0.0223118 
train_loss: 0.0207404 
test_loss: 0.021398 
train_loss: 0.0214627 
test_loss: 0.0214618 
train_loss: 0.02036 
test_loss: 0.0206817 
train_loss: 0.0199188 
test_loss: 0.0206926 
train_loss: 0.0198223 
test_loss: 0.0203801 
train_loss: 0.019607 
test_loss: 0.0197224 
train_loss: 0.0195451 
test_loss: 0.0196302 
train_loss: 0.019264 
test_loss: 0.0190543 
train_loss: 0.018671 
test_loss: 0.0194994 
train_loss: 0.0190822 
test_loss: 0.0181724 
train_loss: 0.0177201 
test_loss: 0.0176109 
train_loss: 0.0176016 
test_loss: 0.0183659 
train_loss: 0.0179949 
test_loss: 0.0173687 
train_loss: 0.0170277 
test_loss: 0.0170745 
train_loss: 0.0169902 
test_loss: 0.0167544 
train_loss: 0.0173209 
test_loss: 0.0161764 
train_loss: 0.0162149 
test_loss: 0.0162632 
train_loss: 0.0157458 
test_loss: 0.016535 
train_loss: 0.0152961 
test_loss: 0.0156783 
train_loss: 0.0145517 
test_loss: 0.0152951 
train_loss: 0.015234 
test_loss: 0.0152218 
train_loss: 0.0162775 
test_loss: 0.0151732 
train_loss: 0.015267 
test_loss: 0.0153249 
train_loss: 0.0144138 
test_loss: 0.0158088 
train_loss: 0.0151756 
test_loss: 0.0148287 
train_loss: 0.0144934 
test_loss: 0.0146655 
train_loss: 0.0137946 
test_loss: 0.013812 
train_loss: 0.0138916 
test_loss: 0.0146789 
train_loss: 0.0137021 
test_loss: 0.0145833 
train_loss: 0.0128122 
test_loss: 0.0139647 
train_loss: 0.0136189 
test_loss: 0.0137143 
train_loss: 0.013066 
test_loss: 0.013176 
train_loss: 0.0130538 
test_loss: 0.013344 
train_loss: 0.0127568 
test_loss: 0.013761 
train_loss: 0.0127062 
test_loss: 0.0128075 
train_loss: 0.0131141 
test_loss: 0.0129829 
train_loss: 0.0126058 
test_loss: 0.012172 
train_loss: 0.0126817 
test_loss: 0.0124587 
train_loss: 0.0120934 
test_loss: 0.012117 
train_loss: 0.012341 
test_loss: 0.0117819 
train_loss: 0.0126262 
test_loss: 0.0124921 
train_loss: 0.0125838 
test_loss: 0.0124182 
train_loss: 0.0117358 
test_loss: 0.0125191 
train_loss: 0.0125998 
test_loss: 0.0120373 
train_loss: 0.0121938 
test_loss: 0.0124644 
train_loss: 0.0113708 
test_loss: 0.0116167 
train_loss: 0.011974 
test_loss: 0.0115426 
train_loss: 0.011441 
test_loss: 0.0112134 
train_loss: 0.0108137 
test_loss: 0.0113579 
train_loss: 0.0110848 
test_loss: 0.0115916 
train_loss: 0.0108951 
test_loss: 0.011007 
train_loss: 0.0110537 
test_loss: 0.0114446 
train_loss: 0.011354 
test_loss: 0.0111931 
train_loss: 0.010981 
test_loss: 0.0112925 
train_loss: 0.0104837 
test_loss: 0.0112157 
train_loss: 0.0109635 
test_loss: 0.0112946 
train_loss: 0.010607 
test_loss: 0.0108677 
train_loss: 0.0102351 
test_loss: 0.0112237 
train_loss: 0.0103105 
test_loss: 0.0104656 
train_loss: 0.0103366 
test_loss: 0.0108217 
train_loss: 0.0105594 
test_loss: 0.011064 
train_loss: 0.0105344 
test_loss: 0.0109823 
train_loss: 0.010561 
test_loss: 0.0106625 
train_loss: 0.0104882 
test_loss: 0.0103947 
train_loss: 0.0104576 
test_loss: 0.0104905 
train_loss: 0.0107377 
test_loss: 0.0100749 
train_loss: 0.00990836 
test_loss: 0.010253 
train_loss: 0.00970038 
test_loss: 0.00979905 
train_loss: 0.00994311 
test_loss: 0.0106197 
train_loss: 0.00960248 
test_loss: 0.00976409 
train_loss: 0.00980326 
test_loss: 0.0103025 
train_loss: 0.00974027 
test_loss: 0.00982095 
train_loss: 0.010136 
test_loss: 0.0100716 
train_loss: 0.0094851 
test_loss: 0.00988241 
train_loss: 0.00955792 
test_loss: 0.00965845 
train_loss: 0.0095066 
test_loss: 0.00957015 
train_loss: 0.00986052 
test_loss: 0.01037 
train_loss: 0.00942313 
test_loss: 0.00978253 
train_loss: 0.00949008 
test_loss: 0.00988624 
train_loss: 0.00985257 
test_loss: 0.00965048 
train_loss: 0.00979517 
test_loss: 0.00993939 
train_loss: 0.00957306 
test_loss: 0.00961742 
train_loss: 0.00934863 
test_loss: 0.0101196 
