train_loss: 0.102846 
test_loss: 0.102165 
train_loss: 0.088774 
test_loss: 0.088782 
train_loss: 0.076024 
test_loss: 0.072147 
train_loss: 0.061377 
test_loss: 0.064922 
train_loss: 0.056711 
test_loss: 0.060779 
train_loss: 0.050911 
test_loss: 0.055582 
train_loss: 0.050759 
test_loss: 0.048937 
train_loss: 0.045878 
test_loss: 0.044434 
train_loss: 0.037569 
test_loss: 0.040401 
train_loss: 0.034468 
test_loss: 0.036939 
train_loss: 0.032273 
test_loss: 0.035051 
train_loss: 0.032879 
test_loss: 0.033097 
train_loss: 0.031165 
test_loss: 0.032039 
train_loss: 0.029143 
test_loss: 0.030239 
train_loss: 0.029158 
test_loss: 0.029550 
train_loss: 0.027726 
test_loss: 0.027850 
train_loss: 0.026125 
test_loss: 0.027134 
train_loss: 0.024980 
test_loss: 0.026438 
train_loss: 0.023624 
test_loss: 0.026020 
train_loss: 0.023159 
test_loss: 0.025203 
train_loss: 0.025203 
test_loss: 0.025071 
train_loss: 0.022563 
test_loss: 0.025097 
train_loss: 0.024648 
test_loss: 0.023861 
train_loss: 0.023016 
test_loss: 0.024030 
train_loss: 0.022456 
test_loss: 0.023691 
train_loss: 0.020514 
test_loss: 0.023547 
train_loss: 0.021366 
test_loss: 0.023405 
train_loss: 0.020920 
test_loss: 0.022133 
train_loss: 0.020632 
test_loss: 0.021971 
train_loss: 0.022275 
test_loss: 0.021655 
train_loss: 0.019715 
test_loss: 0.022088 
train_loss: 0.018062 
test_loss: 0.020643 
train_loss: 0.019646 
test_loss: 0.020968 
train_loss: 0.022033 
test_loss: 0.020578 
train_loss: 0.021803 
test_loss: 0.021515 
train_loss: 0.018811 
test_loss: 0.020046 
train_loss: 0.019658 
test_loss: 0.020684 
train_loss: 0.017640 
test_loss: 0.019274 
train_loss: 0.019758 
test_loss: 0.021044 
train_loss: 0.016935 
test_loss: 0.019163 
train_loss: 0.017400 
test_loss: 0.019160 
train_loss: 0.018252 
test_loss: 0.019513 
train_loss: 0.019191 
test_loss: 0.018852 
train_loss: 0.015908 
test_loss: 0.018661 
train_loss: 0.016697 
test_loss: 0.018490 
train_loss: 0.017122 
test_loss: 0.018079 
train_loss: 0.016440 
test_loss: 0.018468 
train_loss: 0.017701 
test_loss: 0.018676 
train_loss: 0.015894 
test_loss: 0.018593 
train_loss: 0.020754 
test_loss: 0.017940 
train_loss: 0.015838 
test_loss: 0.017671 
train_loss: 0.015700 
test_loss: 0.017993 
train_loss: 0.018527 
test_loss: 0.017817 
train_loss: 0.016845 
test_loss: 0.017617 
train_loss: 0.016719 
test_loss: 0.017821 
train_loss: 0.018191 
test_loss: 0.017271 
train_loss: 0.015660 
test_loss: 0.017608 
train_loss: 0.019112 
test_loss: 0.017234 
train_loss: 0.015476 
test_loss: 0.017893 
train_loss: 0.014182 
test_loss: 0.017863 
train_loss: 0.016815 
test_loss: 0.016953 
train_loss: 0.018000 
test_loss: 0.016893 
train_loss: 0.015082 
test_loss: 0.016929 
train_loss: 0.015011 
test_loss: 0.017140 
train_loss: 0.015153 
test_loss: 0.017024 
train_loss: 0.014322 
test_loss: 0.016704 
train_loss: 0.015636 
test_loss: 0.016744 
train_loss: 0.013647 
test_loss: 0.016704 
train_loss: 0.013793 
test_loss: 0.016834 
train_loss: 0.015186 
test_loss: 0.016794 
train_loss: 0.013972 
test_loss: 0.016623 
train_loss: 0.013779 
test_loss: 0.016888 
train_loss: 0.016009 
test_loss: 0.016065 
train_loss: 0.015567 
test_loss: 0.016070 
train_loss: 0.013934 
test_loss: 0.016062 
train_loss: 0.014064 
test_loss: 0.015654 
train_loss: 0.012587 
test_loss: 0.016318 
train_loss: 0.014576 
test_loss: 0.016344 
train_loss: 0.013588 
test_loss: 0.015553 
train_loss: 0.013369 
test_loss: 0.016124 
train_loss: 0.015283 
test_loss: 0.016240 
train_loss: 0.014704 
test_loss: 0.015606 
train_loss: 0.015397 
test_loss: 0.015801 
train_loss: 0.014595 
test_loss: 0.015220 
train_loss: 0.014198 
test_loss: 0.015308 
train_loss: 0.013707 
test_loss: 0.015447 
train_loss: 0.013718 
test_loss: 0.015404 
train_loss: 0.012420 
test_loss: 0.015326 
train_loss: 0.013171 
test_loss: 0.015617 
train_loss: 0.017925 
test_loss: 0.015230 
train_loss: 0.013846 
test_loss: 0.015713 
train_loss: 0.013270 
test_loss: 0.014866 
train_loss: 0.012826 
test_loss: 0.015773 
train_loss: 0.013722 
test_loss: 0.015502 
train_loss: 0.016370 
test_loss: 0.015323 
train_loss: 0.016211 
test_loss: 0.015213 
train_loss: 0.013052 
test_loss: 0.015097 
train_loss: 0.012891 
test_loss: 0.016169 
train_loss: 0.014455 
test_loss: 0.014842 
train_loss: 0.013727 
test_loss: 0.015158 
train_loss: 0.015109 
test_loss: 0.014752 
train_loss: 0.013858 
test_loss: 0.014693 
train_loss: 0.013112 
test_loss: 0.014574 
train_loss: 0.013763 
test_loss: 0.015118 
train_loss: 0.013016 
test_loss: 0.014595 
train_loss: 0.013333 
test_loss: 0.014634 
train_loss: 0.013950 
test_loss: 0.015054 
train_loss: 0.011816 
test_loss: 0.014659 
train_loss: 0.014574 
test_loss: 0.014900 
train_loss: 0.011934 
test_loss: 0.014615 
train_loss: 0.013166 
test_loss: 0.014659 
train_loss: 0.012012 
test_loss: 0.014738 
train_loss: 0.013620 
test_loss: 0.014604 
train_loss: 0.013099 
test_loss: 0.014513 
train_loss: 0.014526 
test_loss: 0.014678 
train_loss: 0.012704 
test_loss: 0.014593 
train_loss: 0.013203 
test_loss: 0.014671 
train_loss: 0.012045 
test_loss: 0.013985 
train_loss: 0.013938 
test_loss: 0.014691 
train_loss: 0.012654 
test_loss: 0.014030 
train_loss: 0.011857 
test_loss: 0.014260 
train_loss: 0.015897 
test_loss: 0.014935 
train_loss: 0.013258 
test_loss: 0.014259 
train_loss: 0.012194 
test_loss: 0.014283 
train_loss: 0.012615 
test_loss: 0.014176 
train_loss: 0.011898 
test_loss: 0.014323 
train_loss: 0.012166 
test_loss: 0.014097 
train_loss: 0.012815 
test_loss: 0.013957 
train_loss: 0.012981 
test_loss: 0.014160 
train_loss: 0.014983 
test_loss: 0.014770 
train_loss: 0.014950 
test_loss: 0.013945 
train_loss: 0.012505 
test_loss: 0.013941 
train_loss: 0.015421 
test_loss: 0.014371 
train_loss: 0.012388 
test_loss: 0.014207 
train_loss: 0.013999 
test_loss: 0.014413 
train_loss: 0.012621 
test_loss: 0.014078 
train_loss: 0.015727 
test_loss: 0.014227 
train_loss: 0.012521 
test_loss: 0.013863 
train_loss: 0.013590 
test_loss: 0.013720 
train_loss: 0.013304 
test_loss: 0.014148 
train_loss: 0.013972 
test_loss: 0.014390 
