train_loss: 0.650083 
test_loss: 0.649956 
train_loss: 0.587179 
test_loss: 0.597143 
train_loss: 0.539822 
test_loss: 0.536468 
train_loss: 0.473684 
test_loss: 0.470014 
train_loss: 0.404234 
test_loss: 0.396886 
train_loss: 0.321497 
test_loss: 0.317559 
train_loss: 0.246736 
test_loss: 0.24608 
train_loss: 0.187765 
test_loss: 0.189755 
train_loss: 0.148851 
test_loss: 0.146081 
train_loss: 0.112305 
test_loss: 0.112828 
train_loss: 0.0887141 
test_loss: 0.0892351 
train_loss: 0.0755258 
test_loss: 0.0754223 
train_loss: 0.0705938 
test_loss: 0.0699121 
train_loss: 0.0689657 
test_loss: 0.067842 
train_loss: 0.0666877 
test_loss: 0.0667478 
train_loss: 0.0664988 
test_loss: 0.0661019 
train_loss: 0.0660002 
test_loss: 0.0654905 
train_loss: 0.0651794 
test_loss: 0.0649809 
train_loss: 0.0637878 
test_loss: 0.0644589 
train_loss: 0.0636849 
test_loss: 0.0640141 
train_loss: 0.0639059 
test_loss: 0.0633652 
train_loss: 0.062268 
test_loss: 0.0626587 
train_loss: 0.0622751 
test_loss: 0.0618595 
train_loss: 0.0598648 
test_loss: 0.0610683 
train_loss: 0.0602807 
test_loss: 0.0600143 
train_loss: 0.0582981 
test_loss: 0.0588373 
train_loss: 0.0584002 
test_loss: 0.0575627 
train_loss: 0.0564618 
test_loss: 0.0561335 
train_loss: 0.0539821 
test_loss: 0.0544801 
train_loss: 0.0516389 
test_loss: 0.0528032 
train_loss: 0.0506722 
test_loss: 0.0509495 
train_loss: 0.0491051 
test_loss: 0.048978 
train_loss: 0.0467125 
test_loss: 0.0470787 
train_loss: 0.0450745 
test_loss: 0.045202 
train_loss: 0.0431431 
test_loss: 0.0433938 
train_loss: 0.041219 
test_loss: 0.0415482 
train_loss: 0.0398848 
test_loss: 0.0400674 
train_loss: 0.0378958 
test_loss: 0.0384308 
train_loss: 0.0362437 
test_loss: 0.0369628 
train_loss: 0.0358471 
test_loss: 0.0355859 
train_loss: 0.0344802 
test_loss: 0.0343648 
train_loss: 0.0331527 
test_loss: 0.0330531 
train_loss: 0.0318748 
test_loss: 0.032032 
train_loss: 0.0307174 
test_loss: 0.0309006 
train_loss: 0.0298196 
test_loss: 0.0297639 
train_loss: 0.0284125 
test_loss: 0.028801 
train_loss: 0.0280745 
test_loss: 0.0278452 
train_loss: 0.0262433 
test_loss: 0.0269731 
train_loss: 0.0264955 
test_loss: 0.0262549 
train_loss: 0.0253018 
test_loss: 0.0254664 
train_loss: 0.0249789 
test_loss: 0.0247286 
train_loss: 0.0237392 
test_loss: 0.023956 
train_loss: 0.023649 
test_loss: 0.023515 
train_loss: 0.0227113 
test_loss: 0.022791 
train_loss: 0.0219454 
test_loss: 0.0220712 
train_loss: 0.0217368 
test_loss: 0.0217241 
train_loss: 0.0209604 
test_loss: 0.0210322 
train_loss: 0.0200236 
test_loss: 0.0204711 
train_loss: 0.0202218 
test_loss: 0.0200145 
train_loss: 0.0192247 
test_loss: 0.0194936 
train_loss: 0.0191384 
test_loss: 0.0190876 
train_loss: 0.0185836 
test_loss: 0.0186276 
train_loss: 0.0182683 
test_loss: 0.0182874 
train_loss: 0.0175744 
test_loss: 0.0178252 
train_loss: 0.0174004 
test_loss: 0.0174049 
train_loss: 0.0166411 
test_loss: 0.0170162 
train_loss: 0.0167063 
test_loss: 0.0166598 
train_loss: 0.0159574 
test_loss: 0.0161459 
train_loss: 0.0156734 
test_loss: 0.0157616 
train_loss: 0.0150479 
test_loss: 0.0151869 
train_loss: 0.0145944 
test_loss: 0.014708 
train_loss: 0.0142416 
test_loss: 0.0141678 
train_loss: 0.0137817 
test_loss: 0.0136656 
train_loss: 0.0130981 
test_loss: 0.0132086 
train_loss: 0.0124271 
test_loss: 0.0126666 
train_loss: 0.0122301 
test_loss: 0.0124506 
train_loss: 0.011983 
test_loss: 0.0118885 
train_loss: 0.0113061 
test_loss: 0.0114952 
train_loss: 0.0110007 
test_loss: 0.0113001 
train_loss: 0.010685 
test_loss: 0.0109365 
train_loss: 0.0107965 
test_loss: 0.0107402 
train_loss: 0.0103234 
test_loss: 0.0105953 
train_loss: 0.0101547 
test_loss: 0.0102129 
train_loss: 0.0099346 
test_loss: 0.0101199 
train_loss: 0.00973396 
test_loss: 0.00985169 
train_loss: 0.00942966 
test_loss: 0.00963693 
train_loss: 0.00939256 
test_loss: 0.00940457 
train_loss: 0.00926041 
test_loss: 0.00982333 
train_loss: 0.00941893 
test_loss: 0.00943573 
train_loss: 0.00892724 
test_loss: 0.00894137 
train_loss: 0.00879643 
test_loss: 0.00890513 
train_loss: 0.00858607 
test_loss: 0.00868778 
train_loss: 0.00914898 
test_loss: 0.0085519 
train_loss: 0.00841755 
test_loss: 0.00899658 
train_loss: 0.00833384 
test_loss: 0.00829978 
train_loss: 0.00843873 
test_loss: 0.00817799 
train_loss: 0.00809165 
test_loss: 0.00804255 
train_loss: 0.00801097 
test_loss: 0.0081405 
train_loss: 0.0080736 
test_loss: 0.00820498 
train_loss: 0.00810018 
test_loss: 0.00797692 
train_loss: 0.00791212 
test_loss: 0.00806798 
train_loss: 0.00761162 
test_loss: 0.00803878 
train_loss: 0.00765765 
test_loss: 0.00777031 
train_loss: 0.00912593 
test_loss: 0.00823375 
train_loss: 0.00739287 
test_loss: 0.0079194 
train_loss: 0.00740929 
test_loss: 0.00747356 
train_loss: 0.00744101 
test_loss: 0.00746239 
train_loss: 0.00766469 
test_loss: 0.0074958 
train_loss: 0.00709692 
test_loss: 0.00740843 
train_loss: 0.00751098 
test_loss: 0.00773762 
train_loss: 0.00737254 
test_loss: 0.00759624 
train_loss: 0.00759338 
test_loss: 0.00725331 
train_loss: 0.00707896 
test_loss: 0.00712845 
train_loss: 0.00684596 
test_loss: 0.00713273 
train_loss: 0.00724202 
test_loss: 0.00710732 
train_loss: 0.00737336 
test_loss: 0.00817263 
train_loss: 0.00700813 
test_loss: 0.00691866 
train_loss: 0.00706072 
test_loss: 0.00687444 
train_loss: 0.00699331 
test_loss: 0.00678729 
train_loss: 0.00751144 
test_loss: 0.00709973 
train_loss: 0.00649181 
test_loss: 0.00679827 
train_loss: 0.00675991 
test_loss: 0.00687164 
train_loss: 0.00730577 
test_loss: 0.0070927 
train_loss: 0.00723667 
test_loss: 0.00669328 
train_loss: 0.00712214 
test_loss: 0.00677137 
train_loss: 0.00647513 
test_loss: 0.00657264 
train_loss: 0.00652238 
test_loss: 0.00643995 
train_loss: 0.00631395 
test_loss: 0.00627661 
train_loss: 0.00655188 
test_loss: 0.00630445 
train_loss: 0.00630268 
test_loss: 0.00627083 
train_loss: 0.00682824 
test_loss: 0.00670038 
train_loss: 0.00586262 
test_loss: 0.00619733 
train_loss: 0.00589194 
test_loss: 0.00612593 
train_loss: 0.00617438 
test_loss: 0.00642855 
train_loss: 0.00683319 
test_loss: 0.00631351 
train_loss: 0.00649803 
test_loss: 0.00624244 
train_loss: 0.00674749 
test_loss: 0.00601045 
train_loss: 0.00612243 
test_loss: 0.00675496 
train_loss: 0.00626367 
test_loss: 0.00656068 
train_loss: 0.0056941 
test_loss: 0.00568562 
train_loss: 0.00573659 
test_loss: 0.00558002 
train_loss: 0.00582515 
test_loss: 0.00577969 
train_loss: 0.00538324 
test_loss: 0.00578485 
train_loss: 0.00621439 
test_loss: 0.00618769 
train_loss: 0.00582977 
test_loss: 0.00635931 
train_loss: 0.00552646 
test_loss: 0.00554224 
train_loss: 0.00560284 
test_loss: 0.00545838 
train_loss: 0.00558369 
test_loss: 0.00569532 
train_loss: 0.00657698 
test_loss: 0.0061261 
train_loss: 0.00568804 
test_loss: 0.00628005 
train_loss: 0.00602478 
test_loss: 0.00604841 
