train_loss: 13675.4 
test_loss: 9626.5 
train_loss: 0.462869 
test_loss: 0.474057 
train_loss: 0.469483 
test_loss: 0.468384 
train_loss: 0.454855 
test_loss: 0.468339 
train_loss: 0.446462 
test_loss: 0.468349 
train_loss: 0.444736 
test_loss: 0.468421 
train_loss: 0.473419 
test_loss: 0.468399 
train_loss: 0.493665 
test_loss: 0.46839 
train_loss: 0.451418 
test_loss: 0.468441 
train_loss: 0.460831 
test_loss: 0.468449 
train_loss: 0.458053 
test_loss: 0.468417 
train_loss: 0.486398 
test_loss: 0.468464 
train_loss: 0.461158 
test_loss: 0.468316 
train_loss: 0.465617 
test_loss: 0.468415 
train_loss: 0.461688 
test_loss: 0.468446 
train_loss: 0.464555 
test_loss: 0.468408 
train_loss: 0.469038 
test_loss: 0.468384 
train_loss: 0.50006 
test_loss: 0.468413 
train_loss: 0.473376 
test_loss: 0.468408 
train_loss: 0.48614 
test_loss: 0.468409 
train_loss: 0.482085 
test_loss: 0.468434 
train_loss: 0.480059 
test_loss: 0.468435 
train_loss: 0.472824 
test_loss: 0.468421 
train_loss: 0.469097 
test_loss: 0.468411 
train_loss: 0.469723 
test_loss: 0.46845 
train_loss: 0.508458 
test_loss: 0.468429 
train_loss: 0.466543 
test_loss: 0.468435 
train_loss: 0.468123 
test_loss: 0.468383 
train_loss: 0.476917 
test_loss: 0.468391 
train_loss: 0.455757 
test_loss: 0.468424 
train_loss: 0.473724 
test_loss: 0.468425 
train_loss: 0.462118 
test_loss: 0.468373 
train_loss: 0.453704 
test_loss: 0.46843 
train_loss: 0.457353 
test_loss: 0.468411 
train_loss: 0.473899 
test_loss: 0.468428 
train_loss: 0.459459 
test_loss: 0.468453 
train_loss: 0.465176 
test_loss: 0.468419 
train_loss: 0.472481 
test_loss: 0.46845 
train_loss: 0.460479 
test_loss: 0.46842 
train_loss: 0.454144 
test_loss: 0.468423 
train_loss: 0.459255 
test_loss: 0.468361 
