train_loss: 0.101338 
test_loss: 0.10258 
train_loss: 0.0962525 
test_loss: 0.0961465 
train_loss: 0.0938068 
test_loss: 0.0933829 
train_loss: 0.087336 
test_loss: 0.0870721 
train_loss: 0.0808608 
test_loss: 0.081103 
train_loss: 0.0772385 
test_loss: 0.076099 
train_loss: 0.0667952 
test_loss: 0.0702929 
train_loss: 0.0638544 
test_loss: 0.0644903 
train_loss: 0.0621625 
test_loss: 0.0619384 
train_loss: 0.0596077 
test_loss: 0.0588005 
train_loss: 0.0540987 
test_loss: 0.0537625 
train_loss: 0.0529974 
test_loss: 0.0516017 
train_loss: 0.0507878 
test_loss: 0.0507086 
train_loss: 0.050274 
test_loss: 0.0495989 
train_loss: 0.0476441 
test_loss: 0.0496711 
train_loss: 0.0486849 
test_loss: 0.0492477 
train_loss: 0.0475237 
test_loss: 0.0487478 
train_loss: 0.0489477 
test_loss: 0.0485774 
train_loss: 0.0497358 
test_loss: 0.0485389 
train_loss: 0.0482982 
test_loss: 0.0488459 
train_loss: 0.0485161 
test_loss: 0.0484085 
train_loss: 0.0495998 
test_loss: 0.0483858 
train_loss: 0.0473664 
test_loss: 0.0484744 
train_loss: 0.0486356 
test_loss: 0.0484075 
train_loss: 0.0481923 
test_loss: 0.0481211 
train_loss: 0.0494898 
test_loss: 0.0481448 
train_loss: 0.0474262 
test_loss: 0.048337 
train_loss: 0.0480176 
test_loss: 0.0484314 
train_loss: 0.0470449 
test_loss: 0.0482555 
train_loss: 0.0475422 
test_loss: 0.0481303 
train_loss: 0.0476951 
test_loss: 0.0480921 
train_loss: 0.0484737 
test_loss: 0.0479126 
train_loss: 0.0468527 
test_loss: 0.0480918 
train_loss: 0.0484814 
test_loss: 0.0481573 
train_loss: 0.0490308 
test_loss: 0.0479089 
train_loss: 0.047895 
test_loss: 0.0477418 
train_loss: 0.0478294 
test_loss: 0.0479648 
train_loss: 0.0456843 
test_loss: 0.047546 
train_loss: 0.0468262 
test_loss: 0.0475232 
train_loss: 0.0471215 
test_loss: 0.0473182 
train_loss: 0.0490609 
test_loss: 0.0476729 
train_loss: 0.0493747 
test_loss: 0.0474059 
train_loss: 0.0470349 
test_loss: 0.0476104 
train_loss: 0.0465244 
test_loss: 0.0469379 
train_loss: 0.0467166 
test_loss: 0.0472092 
train_loss: 0.0478321 
test_loss: 0.0473087 
train_loss: 0.0472236 
test_loss: 0.046922 
train_loss: 0.0470851 
test_loss: 0.0469616 
train_loss: 0.0463105 
test_loss: 0.0466867 
train_loss: 0.046125 
test_loss: 0.0464345 
train_loss: 0.046185 
test_loss: 0.0468095 
train_loss: 0.0457653 
test_loss: 0.0475019 
train_loss: 0.0456907 
test_loss: 0.0460671 
train_loss: 0.0462124 
test_loss: 0.0460793 
train_loss: 0.0443184 
test_loss: 0.04558 
train_loss: 0.0456995 
test_loss: 0.0456509 
train_loss: 0.0465317 
test_loss: 0.0455549 
train_loss: 0.0469077 
test_loss: 0.045774 
train_loss: 0.0460174 
test_loss: 0.0456849 
train_loss: 0.0468284 
test_loss: 0.0457054 
train_loss: 0.045051 
test_loss: 0.0455617 
train_loss: 0.0459397 
test_loss: 0.0456053 
train_loss: 0.0462177 
test_loss: 0.0456759 
train_loss: 0.0447566 
test_loss: 0.0457008 
train_loss: 0.0451647 
test_loss: 0.0457481 
train_loss: 0.0455072 
test_loss: 0.0455769 
train_loss: 0.0453576 
test_loss: 0.0453454 
train_loss: 0.0450064 
test_loss: 0.045413 
train_loss: 0.0442629 
test_loss: 0.0453216 
train_loss: 0.0452282 
test_loss: 0.0453495 
train_loss: 0.0451796 
test_loss: 0.0457279 
