train_loss: 0.494606 
test_loss: 0.493023 
train_loss: 0.493521 
test_loss: 0.491949 
train_loss: 0.492841 
test_loss: 0.491491 
train_loss: 0.485255 
test_loss: 0.490964 
train_loss: 0.48759 
test_loss: 0.490367 
train_loss: 0.489781 
test_loss: 0.489673 
train_loss: 0.490876 
test_loss: 0.488951 
train_loss: 0.486424 
test_loss: 0.488119 
train_loss: 0.492613 
test_loss: 0.487243 
train_loss: 0.482732 
test_loss: 0.486309 
train_loss: 0.483858 
test_loss: 0.485342 
train_loss: 0.487635 
test_loss: 0.484288 
train_loss: 0.481391 
test_loss: 0.483191 
train_loss: 0.478623 
test_loss: 0.482022 
train_loss: 0.476709 
test_loss: 0.480817 
train_loss: 0.483244 
test_loss: 0.479567 
train_loss: 0.481611 
test_loss: 0.478239 
train_loss: 0.474843 
test_loss: 0.476894 
train_loss: 0.472116 
test_loss: 0.475484 
train_loss: 0.471081 
test_loss: 0.47402 
train_loss: 0.466175 
test_loss: 0.472506 
train_loss: 0.467829 
test_loss: 0.470941 
train_loss: 0.470894 
test_loss: 0.469324 
train_loss: 0.474022 
test_loss: 0.467671 
train_loss: 0.463337 
test_loss: 0.46597 
train_loss: 0.46282 
test_loss: 0.464201 
train_loss: 0.461596 
test_loss: 0.462402 
train_loss: 0.459021 
test_loss: 0.460559 
train_loss: 0.459825 
test_loss: 0.458633 
train_loss: 0.460746 
test_loss: 0.456687 
train_loss: 0.457099 
test_loss: 0.454677 
train_loss: 0.448089 
test_loss: 0.452632 
train_loss: 0.448884 
test_loss: 0.450542 
train_loss: 0.452295 
test_loss: 0.448399 
train_loss: 0.450724 
test_loss: 0.446203 
train_loss: 0.441287 
test_loss: 0.443963 
train_loss: 0.440703 
test_loss: 0.441688 
train_loss: 0.442457 
test_loss: 0.439344 
train_loss: 0.442868 
test_loss: 0.436972 
train_loss: 0.432631 
test_loss: 0.434537 
train_loss: 0.435807 
test_loss: 0.432053 
train_loss: 0.426569 
test_loss: 0.429529 
train_loss: 0.427073 
test_loss: 0.42697 
train_loss: 0.42449 
test_loss: 0.424348 
train_loss: 0.423031 
test_loss: 0.421679 
train_loss: 0.417951 
test_loss: 0.418973 
train_loss: 0.423086 
test_loss: 0.416225 
train_loss: 0.413565 
test_loss: 0.413427 
train_loss: 0.413267 
test_loss: 0.410567 
train_loss: 0.40746 
test_loss: 0.407684 
train_loss: 0.408029 
test_loss: 0.404744 
train_loss: 0.406016 
test_loss: 0.401751 
train_loss: 0.394944 
test_loss: 0.398726 
train_loss: 0.395415 
test_loss: 0.395641 
train_loss: 0.39096 
test_loss: 0.392519 
train_loss: 0.390022 
test_loss: 0.389364 
train_loss: 0.390288 
test_loss: 0.386149 
train_loss: 0.380149 
test_loss: 0.382923 
train_loss: 0.37503 
test_loss: 0.379633 
train_loss: 0.380276 
test_loss: 0.376298 
train_loss: 0.372579 
test_loss: 0.372928 
train_loss: 0.373089 
test_loss: 0.369514 
train_loss: 0.365401 
test_loss: 0.366072 
train_loss: 0.363795 
test_loss: 0.362575 
train_loss: 0.365723 
test_loss: 0.359043 
train_loss: 0.355078 
test_loss: 0.355469 
train_loss: 0.34786 
test_loss: 0.35187 
train_loss: 0.350693 
test_loss: 0.348228 
train_loss: 0.348574 
test_loss: 0.344535 
train_loss: 0.34087 
test_loss: 0.340814 
train_loss: 0.340923 
test_loss: 0.337066 
train_loss: 0.333674 
test_loss: 0.333272 
train_loss: 0.329579 
test_loss: 0.329446 
train_loss: 0.326507 
test_loss: 0.325581 
train_loss: 0.324229 
test_loss: 0.321688 
train_loss: 0.313505 
test_loss: 0.317778 
train_loss: 0.3092 
test_loss: 0.313807 
train_loss: 0.306684 
test_loss: 0.309808 
train_loss: 0.302395 
test_loss: 0.305774 
train_loss: 0.302511 
test_loss: 0.301692 
train_loss: 0.300454 
test_loss: 0.297588 
train_loss: 0.296854 
test_loss: 0.293444 
train_loss: 0.29153 
test_loss: 0.289237 
train_loss: 0.281906 
test_loss: 0.284985 
train_loss: 0.286216 
test_loss: 0.280691 
train_loss: 0.280684 
test_loss: 0.27635 
train_loss: 0.271309 
test_loss: 0.271966 
train_loss: 0.267875 
test_loss: 0.267514 
train_loss: 0.266245 
test_loss: 0.263005 
train_loss: 0.256428 
test_loss: 0.258444 
train_loss: 0.252843 
test_loss: 0.253825 
train_loss: 0.247764 
test_loss: 0.249147 
train_loss: 0.244224 
test_loss: 0.244416 
train_loss: 0.237743 
test_loss: 0.239617 
train_loss: 0.235965 
test_loss: 0.234774 
train_loss: 0.231521 
test_loss: 0.229892 
train_loss: 0.22376 
test_loss: 0.22497 
train_loss: 0.221824 
test_loss: 0.220008 
train_loss: 0.216079 
test_loss: 0.215018 
train_loss: 0.211046 
test_loss: 0.210041 
train_loss: 0.205156 
test_loss: 0.205037 
train_loss: 0.197531 
test_loss: 0.200054 
train_loss: 0.196778 
test_loss: 0.19511 
train_loss: 0.1882 
test_loss: 0.190194 
train_loss: 0.184576 
test_loss: 0.185343 
train_loss: 0.181025 
test_loss: 0.180548 
train_loss: 0.173382 
test_loss: 0.175834 
train_loss: 0.169716 
test_loss: 0.171224 
train_loss: 0.165209 
test_loss: 0.166717 
train_loss: 0.160215 
test_loss: 0.162316 
train_loss: 0.155832 
test_loss: 0.158043 
train_loss: 0.157435 
test_loss: 0.153889 
train_loss: 0.149608 
test_loss: 0.149847 
train_loss: 0.147322 
test_loss: 0.14593 
train_loss: 0.141574 
test_loss: 0.142145 
train_loss: 0.138677 
test_loss: 0.13849 
train_loss: 0.1325 
test_loss: 0.134965 
train_loss: 0.130135 
test_loss: 0.131574 
train_loss: 0.126965 
test_loss: 0.128319 
train_loss: 0.122556 
test_loss: 0.125211 
train_loss: 0.119005 
test_loss: 0.122237 
train_loss: 0.121224 
test_loss: 0.119407 
train_loss: 0.116925 
test_loss: 0.116712 
train_loss: 0.114656 
test_loss: 0.114147 
train_loss: 0.111097 
test_loss: 0.111732 
train_loss: 0.109231 
test_loss: 0.109442 
train_loss: 0.107576 
test_loss: 0.107292 
train_loss: 0.102673 
test_loss: 0.105274 
train_loss: 0.102967 
test_loss: 0.103386 
train_loss: 0.101932 
test_loss: 0.101622 
train_loss: 0.101653 
test_loss: 0.0999773 
train_loss: 0.0967776 
test_loss: 0.0984491 
train_loss: 0.0979053 
test_loss: 0.0970261 
train_loss: 0.0944289 
test_loss: 0.0957139 
train_loss: 0.0937104 
test_loss: 0.0944947 
train_loss: 0.0936754 
test_loss: 0.0933758 
train_loss: 0.094965 
test_loss: 0.0923393 
train_loss: 0.0926696 
test_loss: 0.0913956 
train_loss: 0.0876015 
test_loss: 0.0905235 
train_loss: 0.0890124 
test_loss: 0.0897271 
train_loss: 0.0877744 
test_loss: 0.0889921 
train_loss: 0.0877571 
test_loss: 0.088322 
train_loss: 0.0885219 
test_loss: 0.0877117 
train_loss: 0.0874563 
test_loss: 0.0871419 
train_loss: 0.085873 
test_loss: 0.0866216 
train_loss: 0.0848147 
test_loss: 0.0861434 
train_loss: 0.0864187 
test_loss: 0.0856965 
train_loss: 0.0859557 
test_loss: 0.0852845 
train_loss: 0.0852324 
test_loss: 0.0849061 
train_loss: 0.0845268 
test_loss: 0.0845482 
train_loss: 0.0846535 
test_loss: 0.0842106 
train_loss: 0.0843931 
test_loss: 0.0839018 
train_loss: 0.0834827 
test_loss: 0.0836001 
train_loss: 0.0827492 
test_loss: 0.0833243 
train_loss: 0.0849123 
test_loss: 0.0830621 
train_loss: 0.0812318 
test_loss: 0.0828061 
train_loss: 0.0805617 
test_loss: 0.0825689 
train_loss: 0.0810343 
test_loss: 0.0823346 
train_loss: 0.0847611 
test_loss: 0.0821099 
train_loss: 0.080998 
test_loss: 0.081896 
train_loss: 0.0815242 
test_loss: 0.0816887 
train_loss: 0.0830376 
test_loss: 0.0814921 
train_loss: 0.0797236 
test_loss: 0.0812948 
train_loss: 0.0810148 
test_loss: 0.0810974 
train_loss: 0.0780324 
test_loss: 0.0809165 
train_loss: 0.0799003 
test_loss: 0.0807305 
train_loss: 0.0801149 
test_loss: 0.0805537 
train_loss: 0.0793798 
test_loss: 0.0803517 
train_loss: 0.081543 
test_loss: 0.0801731 
train_loss: 0.0802122 
test_loss: 0.0800009 
train_loss: 0.0809275 
test_loss: 0.0798149 
train_loss: 0.0782332 
test_loss: 0.0796359 
train_loss: 0.0786628 
test_loss: 0.0794438 
train_loss: 0.0776268 
test_loss: 0.0792533 
train_loss: 0.0787889 
test_loss: 0.0790637 
train_loss: 0.0792679 
test_loss: 0.0788728 
train_loss: 0.0787951 
test_loss: 0.0786752 
train_loss: 0.0782003 
test_loss: 0.0784717 
train_loss: 0.079222 
test_loss: 0.0782679 
train_loss: 0.0797995 
test_loss: 0.0780612 
train_loss: 0.0771867 
test_loss: 0.0778318 
train_loss: 0.0780344 
test_loss: 0.0776113 
train_loss: 0.0751847 
test_loss: 0.0773738 
train_loss: 0.0774738 
test_loss: 0.0771368 
train_loss: 0.0776458 
test_loss: 0.0768894 
train_loss: 0.0747005 
test_loss: 0.0766223 
train_loss: 0.0759542 
test_loss: 0.0763556 
train_loss: 0.07622 
test_loss: 0.0760792 
train_loss: 0.0772929 
test_loss: 0.0757938 
train_loss: 0.0737563 
test_loss: 0.0754908 
train_loss: 0.073114 
test_loss: 0.0751778 
train_loss: 0.0737971 
test_loss: 0.0748525 
train_loss: 0.0718198 
test_loss: 0.074522 
train_loss: 0.0751031 
test_loss: 0.0741456 
train_loss: 0.0740478 
test_loss: 0.0737792 
train_loss: 0.0726781 
test_loss: 0.0733775 
train_loss: 0.0736245 
test_loss: 0.0729782 
train_loss: 0.0710873 
test_loss: 0.0725489 
train_loss: 0.072132 
test_loss: 0.0720968 
train_loss: 0.0716389 
test_loss: 0.0716239 
train_loss: 0.0706767 
test_loss: 0.0711318 
train_loss: 0.071449 
test_loss: 0.0706172 
train_loss: 0.0702426 
test_loss: 0.0700913 
train_loss: 0.0707054 
test_loss: 0.069537 
train_loss: 0.0689216 
test_loss: 0.0689877 
train_loss: 0.0674669 
test_loss: 0.0683851 
train_loss: 0.067404 
test_loss: 0.0677871 
train_loss: 0.066253 
test_loss: 0.0671836 
train_loss: 0.0646094 
test_loss: 0.0665307 
train_loss: 0.06592 
test_loss: 0.0658796 
train_loss: 0.064725 
test_loss: 0.0652235 
train_loss: 0.0633488 
test_loss: 0.0645555 
train_loss: 0.0646133 
test_loss: 0.0638606 
train_loss: 0.0647112 
test_loss: 0.0631728 
train_loss: 0.0619113 
test_loss: 0.0624903 
train_loss: 0.0617938 
test_loss: 0.0617925 
train_loss: 0.0584829 
test_loss: 0.0610879 
train_loss: 0.0597052 
test_loss: 0.0603803 
train_loss: 0.0583001 
test_loss: 0.0597317 
train_loss: 0.058264 
test_loss: 0.059055 
train_loss: 0.0590683 
test_loss: 0.0584213 
train_loss: 0.0566131 
test_loss: 0.0578081 
train_loss: 0.0565584 
test_loss: 0.0572144 
train_loss: 0.0565247 
test_loss: 0.0566817 
train_loss: 0.0560397 
test_loss: 0.0561078 
train_loss: 0.05666 
test_loss: 0.0556422 
train_loss: 0.0565422 
test_loss: 0.0551034 
train_loss: 0.0552644 
test_loss: 0.0546667 
train_loss: 0.054786 
test_loss: 0.0542535 
train_loss: 0.0540771 
test_loss: 0.0538724 
train_loss: 0.0528091 
test_loss: 0.0534175 
train_loss: 0.0524809 
test_loss: 0.0530588 
train_loss: 0.0530614 
test_loss: 0.0526787 
train_loss: 0.0524303 
test_loss: 0.0523642 
train_loss: 0.0534529 
test_loss: 0.0520181 
train_loss: 0.0516868 
test_loss: 0.0517736 
train_loss: 0.0499261 
test_loss: 0.0514762 
train_loss: 0.0526725 
test_loss: 0.0511641 
train_loss: 0.0507342 
test_loss: 0.0509201 
train_loss: 0.0510998 
test_loss: 0.0506352 
train_loss: 0.048569 
test_loss: 0.0503757 
train_loss: 0.0501515 
test_loss: 0.0501022 
train_loss: 0.049716 
test_loss: 0.0498561 
train_loss: 0.0497973 
test_loss: 0.0496276 
train_loss: 0.0474975 
test_loss: 0.0493087 
train_loss: 0.0468309 
test_loss: 0.0490856 
train_loss: 0.0497665 
test_loss: 0.0488052 
train_loss: 0.0490812 
test_loss: 0.0485819 
train_loss: 0.0496984 
test_loss: 0.0483631 
train_loss: 0.0467935 
test_loss: 0.0481416 
train_loss: 0.0464609 
test_loss: 0.0479706 
train_loss: 0.0471793 
test_loss: 0.0477137 
train_loss: 0.0474521 
test_loss: 0.0475403 
train_loss: 0.047728 
test_loss: 0.0472945 
train_loss: 0.0462399 
test_loss: 0.0472187 
train_loss: 0.0454071 
test_loss: 0.0468984 
train_loss: 0.0474389 
test_loss: 0.0467778 
train_loss: 0.0470913 
test_loss: 0.0465992 
train_loss: 0.0441202 
test_loss: 0.0464186 
train_loss: 0.0457195 
test_loss: 0.0462332 
train_loss: 0.0464712 
test_loss: 0.0460702 
train_loss: 0.0466725 
test_loss: 0.0459034 
train_loss: 0.0465295 
test_loss: 0.0458633 
train_loss: 0.0453093 
test_loss: 0.0457231 
train_loss: 0.0458745 
test_loss: 0.0456471 
train_loss: 0.0453155 
test_loss: 0.045398 
train_loss: 0.0453799 
test_loss: 0.0452889 
train_loss: 0.0460113 
test_loss: 0.0451303 
train_loss: 0.0449016 
test_loss: 0.0450559 
train_loss: 0.0449361 
test_loss: 0.0449887 
train_loss: 0.0440536 
test_loss: 0.0447757 
train_loss: 0.0448251 
test_loss: 0.0448312 
train_loss: 0.0449016 
test_loss: 0.0446071 
train_loss: 0.0455452 
test_loss: 0.0445018 
train_loss: 0.0447673 
test_loss: 0.0444755 
train_loss: 0.0458796 
test_loss: 0.0445018 
train_loss: 0.0441748 
test_loss: 0.0441418 
train_loss: 0.0449147 
test_loss: 0.0441781 
train_loss: 0.0452575 
test_loss: 0.0440565 
train_loss: 0.0451487 
test_loss: 0.0438855 
train_loss: 0.0438344 
test_loss: 0.0438238 
train_loss: 0.0445639 
test_loss: 0.0437337 
train_loss: 0.0437839 
test_loss: 0.0437064 
train_loss: 0.044789 
test_loss: 0.0435851 
train_loss: 0.0438875 
test_loss: 0.0434577 
train_loss: 0.0432678 
test_loss: 0.043552 
train_loss: 0.0422897 
test_loss: 0.0432727 
train_loss: 0.0442661 
test_loss: 0.0437053 
train_loss: 0.0434363 
test_loss: 0.0431048 
train_loss: 0.0435794 
test_loss: 0.0431183 
train_loss: 0.0428735 
test_loss: 0.0431255 
train_loss: 0.0418473 
test_loss: 0.0429524 
train_loss: 0.0432887 
test_loss: 0.0426999 
train_loss: 0.0432511 
test_loss: 0.0427606 
train_loss: 0.040881 
test_loss: 0.0427626 
train_loss: 0.0440023 
test_loss: 0.042734 
train_loss: 0.0423289 
test_loss: 0.0424491 
train_loss: 0.042348 
test_loss: 0.0425135 
train_loss: 0.0413831 
test_loss: 0.0424787 
train_loss: 0.0411472 
test_loss: 0.0421438 
train_loss: 0.0417547 
test_loss: 0.0421375 
train_loss: 0.0407386 
test_loss: 0.0419681 
train_loss: 0.0414359 
test_loss: 0.0420383 
train_loss: 0.0407129 
test_loss: 0.0418103 
train_loss: 0.0420766 
test_loss: 0.04177 
train_loss: 0.0417323 
test_loss: 0.0423498 
train_loss: 0.0414004 
test_loss: 0.0415271 
train_loss: 0.0406365 
test_loss: 0.0413402 
train_loss: 0.0419224 
test_loss: 0.0412541 
train_loss: 0.0402839 
test_loss: 0.0413037 
train_loss: 0.0396916 
test_loss: 0.0410685 
train_loss: 0.0407221 
test_loss: 0.0409914 
train_loss: 0.0412671 
test_loss: 0.0410263 
train_loss: 0.0414739 
test_loss: 0.0406774 
train_loss: 0.0409785 
test_loss: 0.0405431 
train_loss: 0.0391284 
test_loss: 0.0405369 
train_loss: 0.0391254 
test_loss: 0.0402406 
train_loss: 0.0385193 
test_loss: 0.0401251 
train_loss: 0.0400016 
test_loss: 0.0398305 
train_loss: 0.0385205 
test_loss: 0.0394219 
train_loss: 0.0385917 
test_loss: 0.0403327 
train_loss: 0.0382943 
test_loss: 0.0389734 
train_loss: 0.0382598 
test_loss: 0.0390117 
train_loss: 0.0364639 
test_loss: 0.038483 
train_loss: 0.0388836 
test_loss: 0.0382298 
train_loss: 0.0381655 
test_loss: 0.0375409 
train_loss: 0.0362373 
test_loss: 0.0369186 
train_loss: 0.0364821 
test_loss: 0.0364694 
train_loss: 0.0347416 
test_loss: 0.035788 
train_loss: 0.0349097 
test_loss: 0.0361075 
train_loss: 0.0329037 
test_loss: 0.034262 
train_loss: 0.0323125 
test_loss: 0.0330105 
train_loss: 0.0320101 
test_loss: 0.0330503 
train_loss: 0.0310911 
test_loss: 0.0318292 
train_loss: 0.0292841 
test_loss: 0.0312021 
train_loss: 0.0278827 
test_loss: 0.0286066 
train_loss: 0.0272945 
test_loss: 0.0277388 
train_loss: 0.0271887 
test_loss: 0.0267583 
train_loss: 0.0250155 
test_loss: 0.0257336 
train_loss: 0.0239362 
test_loss: 0.0239942 
train_loss: 0.0225154 
test_loss: 0.0229133 
train_loss: 0.0217947 
test_loss: 0.0272515 
train_loss: 0.0202661 
test_loss: 0.020839 
train_loss: 0.0206587 
test_loss: 0.0208226 
train_loss: 0.019064 
test_loss: 0.0200299 
train_loss: 0.0195789 
test_loss: 0.0187098 
train_loss: 0.0178257 
test_loss: 0.0179451 
train_loss: 0.0180776 
test_loss: 0.0173993 
train_loss: 0.017155 
test_loss: 0.0168257 
train_loss: 0.0171901 
test_loss: 0.0207659 
train_loss: 0.0172604 
test_loss: 0.0179571 
train_loss: 0.01527 
test_loss: 0.0153525 
train_loss: 0.0152155 
test_loss: 0.0150701 
train_loss: 0.0152534 
test_loss: 0.0152273 
train_loss: 0.015008 
test_loss: 0.0151607 
train_loss: 0.0139313 
test_loss: 0.0144146 
train_loss: 0.0149049 
test_loss: 0.0162666 
train_loss: 0.0138507 
test_loss: 0.0156829 
train_loss: 0.0144838 
test_loss: 0.0144553 
train_loss: 0.013273 
test_loss: 0.0133279 
train_loss: 0.0138002 
test_loss: 0.0138035 
train_loss: 0.017633 
test_loss: 0.0136449 
train_loss: 0.0128393 
test_loss: 0.0129433 
train_loss: 0.0127764 
test_loss: 0.0126019 
train_loss: 0.013306 
test_loss: 0.0129064 
train_loss: 0.0124383 
test_loss: 0.0127854 
train_loss: 0.0125122 
test_loss: 0.0122275 
train_loss: 0.0116323 
test_loss: 0.0123579 
train_loss: 0.0122346 
test_loss: 0.0120692 
train_loss: 0.0116152 
test_loss: 0.0121801 
train_loss: 0.0123104 
test_loss: 0.0119491 
train_loss: 0.0116385 
test_loss: 0.0119174 
train_loss: 0.0126631 
test_loss: 0.0117537 
train_loss: 0.0116154 
test_loss: 0.0112916 
train_loss: 0.0111406 
test_loss: 0.0117145 
train_loss: 0.0116768 
test_loss: 0.0116888 
train_loss: 0.0116927 
test_loss: 0.0116501 
train_loss: 0.0115586 
test_loss: 0.0116097 
train_loss: 0.010896 
test_loss: 0.0106438 
train_loss: 0.0109076 
test_loss: 0.010933 
train_loss: 0.0108907 
test_loss: 0.0108236 
train_loss: 0.0119536 
test_loss: 0.011345 
train_loss: 0.0106611 
test_loss: 0.0107094 
train_loss: 0.0109137 
test_loss: 0.0113923 
train_loss: 0.0100451 
test_loss: 0.010543 
train_loss: 0.0111754 
test_loss: 0.0105162 
train_loss: 0.0112082 
test_loss: 0.0108035 
train_loss: 0.0104694 
test_loss: 0.0106364 
train_loss: 0.0104216 
test_loss: 0.0105468 
train_loss: 0.0100841 
test_loss: 0.0108865 
train_loss: 0.00985264 
test_loss: 0.0101982 
train_loss: 0.00978437 
test_loss: 0.010335 
train_loss: 0.0103208 
test_loss: 0.0105396 
train_loss: 0.00957987 
test_loss: 0.0104899 
train_loss: 0.00996127 
test_loss: 0.0101375 
train_loss: 0.0103956 
test_loss: 0.0105594 
train_loss: 0.011805 
test_loss: 0.0121316 
train_loss: 0.00940275 
test_loss: 0.0100798 
train_loss: 0.0096031 
test_loss: 0.0110984 
train_loss: 0.00957525 
test_loss: 0.00989343 
train_loss: 0.00928675 
test_loss: 0.00961482 
train_loss: 0.00887569 
test_loss: 0.00939611 
train_loss: 0.0094155 
test_loss: 0.0101187 
train_loss: 0.00938881 
test_loss: 0.0101553 
train_loss: 0.0100426 
test_loss: 0.00993858 
train_loss: 0.00868356 
test_loss: 0.00895683 
train_loss: 0.00907339 
test_loss: 0.00912564 
train_loss: 0.0116328 
test_loss: 0.0103174 
train_loss: 0.00868675 
test_loss: 0.00930225 
train_loss: 0.00852138 
test_loss: 0.00873443 
train_loss: 0.00897167 
test_loss: 0.00886985 
train_loss: 0.00843871 
test_loss: 0.00896444 
train_loss: 0.00857548 
test_loss: 0.00874195 
train_loss: 0.00913502 
test_loss: 0.00928945 
train_loss: 0.00862638 
test_loss: 0.00867266 
train_loss: 0.0084674 
test_loss: 0.00943875 
train_loss: 0.00834775 
test_loss: 0.00860271 
train_loss: 0.00840996 
test_loss: 0.00866343 
train_loss: 0.00823875 
test_loss: 0.0088092 
train_loss: 0.00786902 
test_loss: 0.00842324 
train_loss: 0.00811176 
test_loss: 0.00859164 
train_loss: 0.00882405 
test_loss: 0.00881369 
train_loss: 0.00798746 
test_loss: 0.00825299 
train_loss: 0.00774459 
test_loss: 0.00849109 
train_loss: 0.00802739 
test_loss: 0.00892857 
train_loss: 0.0083237 
test_loss: 0.00826433 
train_loss: 0.00784291 
test_loss: 0.00794021 
train_loss: 0.00796104 
test_loss: 0.00800857 
train_loss: 0.00760436 
test_loss: 0.00761631 
train_loss: 0.00794603 
test_loss: 0.00803026 
train_loss: 0.00747527 
test_loss: 0.00802042 
train_loss: 0.00806559 
test_loss: 0.00794419 
train_loss: 0.00727108 
test_loss: 0.00786247 
train_loss: 0.00859083 
test_loss: 0.00844803 
train_loss: 0.00731905 
test_loss: 0.00780964 
train_loss: 0.00758944 
test_loss: 0.00768496 
train_loss: 0.0077314 
test_loss: 0.00749802 
train_loss: 0.00737661 
test_loss: 0.00764243 
train_loss: 0.00755818 
test_loss: 0.00749652 
train_loss: 0.00726788 
test_loss: 0.00760209 
train_loss: 0.00719157 
test_loss: 0.00755941 
train_loss: 0.0080602 
test_loss: 0.00780294 
train_loss: 0.00712138 
test_loss: 0.00739101 
train_loss: 0.00697398 
test_loss: 0.0072141 
train_loss: 0.007524 
test_loss: 0.0074135 
train_loss: 0.00703228 
test_loss: 0.00727012 
train_loss: 0.00696797 
test_loss: 0.00765991 
train_loss: 0.00728484 
test_loss: 0.00736913 
train_loss: 0.00675267 
test_loss: 0.00721588 
train_loss: 0.00704499 
test_loss: 0.00694024 
train_loss: 0.00689092 
test_loss: 0.00684753 
train_loss: 0.00783698 
test_loss: 0.00713164 
train_loss: 0.00683125 
test_loss: 0.00706071 
train_loss: 0.00714542 
test_loss: 0.00757604 
train_loss: 0.00694134 
test_loss: 0.00713023 
train_loss: 0.00733006 
test_loss: 0.00740941 
train_loss: 0.00736566 
test_loss: 0.00697896 
train_loss: 0.00649956 
test_loss: 0.00680687 
train_loss: 0.00641934 
test_loss: 0.00674918 
train_loss: 0.00630425 
test_loss: 0.00662078 
train_loss: 0.00662645 
test_loss: 0.00723403 
