train_loss: 1.30094 
test_loss: 1.2352 
train_loss: 1.1603 
test_loss: 1.23407 
train_loss: 1.22537 
test_loss: 1.23414 
train_loss: 1.13361 
test_loss: 1.23291 
train_loss: 1.19643 
test_loss: 1.23354 
train_loss: 1.23722 
test_loss: 1.23242 
train_loss: 1.25892 
test_loss: 1.23227 
train_loss: 1.27575 
test_loss: 1.23171 
train_loss: 1.26885 
test_loss: 1.23152 
train_loss: 1.20359 
test_loss: 1.23149 
train_loss: 1.26414 
test_loss: 1.22958 
train_loss: 1.22634 
test_loss: 1.22955 
train_loss: 1.22127 
test_loss: 1.22825 
train_loss: 1.19662 
test_loss: 1.22808 
train_loss: 1.53602 
test_loss: 1.22745 
train_loss: 1.26157 
test_loss: 1.22666 
train_loss: 1.2153 
test_loss: 1.22606 
train_loss: 1.12921 
test_loss: 1.22547 
train_loss: 1.21529 
test_loss: 1.2244 
train_loss: 1.51452 
test_loss: 1.22315 
train_loss: 1.24249 
test_loss: 1.22316 
train_loss: 1.11531 
test_loss: 1.22163 
train_loss: 1.31017 
test_loss: 1.22093 
train_loss: 1.27136 
test_loss: 1.21996 
train_loss: 1.27116 
test_loss: 1.21886 
train_loss: 1.20077 
test_loss: 1.21749 
train_loss: 1.15975 
test_loss: 1.21617 
train_loss: 1.21331 
test_loss: 1.21525 
train_loss: 1.20203 
test_loss: 1.21495 
train_loss: 1.12873 
test_loss: 1.21339 
train_loss: 1.25497 
test_loss: 1.21236 
train_loss: 1.35206 
test_loss: 1.21157 
train_loss: 1.16712 
test_loss: 1.21054 
train_loss: 1.20137 
test_loss: 1.20849 
train_loss: 1.21037 
test_loss: 1.20695 
train_loss: 1.10509 
test_loss: 1.20606 
train_loss: 1.24085 
test_loss: 1.20471 
train_loss: 1.23159 
test_loss: 1.20303 
train_loss: 1.14037 
test_loss: 1.20139 
train_loss: 1.42579 
test_loss: 1.20031 
train_loss: 1.21181 
test_loss: 1.19928 
train_loss: 1.19923 
test_loss: 1.198 
train_loss: 1.23898 
test_loss: 1.19591 
train_loss: 1.13105 
test_loss: 1.19455 
train_loss: 1.20937 
test_loss: 1.19296 
train_loss: 1.5233 
test_loss: 1.19075 
train_loss: 1.488 
test_loss: 1.18912 
train_loss: 1.1608 
test_loss: 1.18608 
train_loss: 1.39123 
test_loss: 1.18479 
train_loss: 1.49304 
test_loss: 1.1827 
train_loss: 1.12647 
test_loss: 1.18038 
train_loss: 1.1279 
test_loss: 1.17874 
train_loss: 1.13351 
test_loss: 1.17772 
train_loss: 1.19193 
test_loss: 1.17505 
train_loss: 1.46077 
test_loss: 1.1722 
train_loss: 1.114 
test_loss: 1.16952 
train_loss: 1.17045 
test_loss: 1.16715 
train_loss: 1.16455 
test_loss: 1.16415 
train_loss: 1.20086 
test_loss: 1.16052 
train_loss: 1.11294 
test_loss: 1.15691 
train_loss: 1.21557 
test_loss: 1.1529 
train_loss: 1.48184 
test_loss: 1.15064 
train_loss: 1.25104 
test_loss: 1.1499 
train_loss: 1.09996 
test_loss: 1.1426 
train_loss: 1.37393 
test_loss: 1.14339 
train_loss: 1.18938 
test_loss: 1.13903 
train_loss: 1.14784 
test_loss: 1.13591 
train_loss: 0.942444 
test_loss: 1.13073 
train_loss: 1.04668 
test_loss: 1.13238 
train_loss: 1.07957 
test_loss: 1.1267 
train_loss: 1.25834 
test_loss: 1.12279 
train_loss: 1.18884 
test_loss: 1.11555 
train_loss: 1.17336 
test_loss: 1.17337 
train_loss: 1.22547 
test_loss: 1.16936 
train_loss: 1.27014 
test_loss: 1.16722 
train_loss: 1.3795 
test_loss: 1.16418 
train_loss: 1.25854 
test_loss: 1.16043 
train_loss: 1.07947 
test_loss: 1.15892 
train_loss: 1.50337 
test_loss: 1.15472 
train_loss: 1.51217 
test_loss: 1.15178 
train_loss: 1.11751 
test_loss: 1.14858 
