train_loss: 0.068505 
test_loss: 0.070988 
train_loss: 0.040852 
test_loss: 0.042338 
train_loss: 0.038039 
test_loss: 0.040964 
train_loss: 0.039188 
test_loss: 0.040063 
train_loss: 0.040623 
test_loss: 0.039883 
train_loss: 0.038418 
test_loss: 0.039143 
train_loss: 0.037937 
test_loss: 0.039713 
train_loss: 0.039988 
test_loss: 0.038925 
train_loss: 0.039844 
test_loss: 0.038488 
train_loss: 0.038232 
test_loss: 0.038663 
train_loss: 0.040389 
test_loss: 0.038212 
train_loss: 0.036546 
test_loss: 0.038189 
train_loss: 0.038876 
test_loss: 0.038132 
train_loss: 0.036681 
test_loss: 0.038366 
train_loss: 0.038047 
test_loss: 0.038116 
train_loss: 0.036945 
test_loss: 0.038709 
train_loss: 0.036233 
test_loss: 0.038026 
train_loss: 0.037061 
test_loss: 0.037709 
train_loss: 0.037419 
test_loss: 0.037953 
train_loss: 0.036952 
test_loss: 0.038162 
train_loss: 0.041770 
test_loss: 0.038630 
