train_loss: 1.99264 
test_loss: 1.99874 
train_loss: 1.99619 
test_loss: 2.27173 
train_loss: 1.99692 
test_loss: 1.99807 
train_loss: 1.99921 
test_loss: 1.9977 
train_loss: 1.99929 
test_loss: 1.99791 
train_loss: 1.99737 
test_loss: 1.99781 
train_loss: 1.99783 
test_loss: 1.99776 
train_loss: 1.99601 
test_loss: 1.99755 
train_loss: 1.9998 
test_loss: 1.99764 
train_loss: 1.99703 
test_loss: 1.99775 
train_loss: 1.99516 
test_loss: 1.99782 
train_loss: 1.99865 
test_loss: 1.99816 
train_loss: 1.99508 
test_loss: 1.99804 
train_loss: 1.99588 
test_loss: 1.99785 
train_loss: 1.99704 
test_loss: 1.99785 
train_loss: 1.99692 
test_loss: 1.99777 
train_loss: 1.99494 
test_loss: 1.99809 
train_loss: 1.99521 
test_loss: 1.99761 
train_loss: 1.99709 
test_loss: 1.99784 
train_loss: 1.99711 
test_loss: 1.99825 
train_loss: 1.99612 
test_loss: 1.99784 
