train_loss: 0.567535 
test_loss: 0.567934 
train_loss: 0.568428 
test_loss: 0.56477 
train_loss: 0.567524 
test_loss: 0.564568 
train_loss: 0.55598 
test_loss: 0.564351 
train_loss: 0.561163 
test_loss: 0.564111 
train_loss: 0.564446 
test_loss: 0.563842 
train_loss: 0.562574 
test_loss: 0.563548 
train_loss: 0.569561 
test_loss: 0.563204 
train_loss: 0.560016 
test_loss: 0.562858 
train_loss: 0.559688 
test_loss: 0.562502 
train_loss: 0.566574 
test_loss: 0.562082 
train_loss: 0.556775 
test_loss: 0.561651 
train_loss: 0.567602 
test_loss: 0.561207 
train_loss: 0.556896 
test_loss: 0.560735 
train_loss: 0.564421 
test_loss: 0.560238 
train_loss: 0.554645 
test_loss: 0.559724 
train_loss: 0.56153 
test_loss: 0.559188 
train_loss: 0.559879 
test_loss: 0.558599 
train_loss: 0.557232 
test_loss: 0.558026 
train_loss: 0.55459 
test_loss: 0.557413 
train_loss: 0.559402 
test_loss: 0.556801 
train_loss: 0.542791 
test_loss: 0.556125 
train_loss: 0.556155 
test_loss: 0.55543 
train_loss: 0.552825 
test_loss: 0.554731 
train_loss: 0.553381 
test_loss: 0.554015 
train_loss: 0.555097 
test_loss: 0.553247 
train_loss: 0.551584 
test_loss: 0.552472 
train_loss: 0.555244 
test_loss: 0.551664 
train_loss: 0.550663 
test_loss: 0.550828 
train_loss: 0.548676 
test_loss: 0.550015 
train_loss: 0.55151 
test_loss: 0.549108 
train_loss: 0.545335 
test_loss: 0.548201 
train_loss: 0.546225 
test_loss: 0.547272 
train_loss: 0.541893 
test_loss: 0.546308 
train_loss: 0.55013 
test_loss: 0.545357 
train_loss: 0.536987 
test_loss: 0.544327 
train_loss: 0.538328 
test_loss: 0.54331 
train_loss: 0.544916 
test_loss: 0.542229 
train_loss: 0.541729 
test_loss: 0.541152 
train_loss: 0.540182 
test_loss: 0.540029 
train_loss: 0.542145 
test_loss: 0.538882 
train_loss: 0.536836 
test_loss: 0.537722 
train_loss: 0.538326 
test_loss: 0.536517 
train_loss: 0.535829 
test_loss: 0.535272 
train_loss: 0.537059 
test_loss: 0.534003 
train_loss: 0.536777 
test_loss: 0.532713 
train_loss: 0.533266 
test_loss: 0.531387 
train_loss: 0.525937 
test_loss: 0.530048 
train_loss: 0.519332 
test_loss: 0.528652 
train_loss: 0.527875 
test_loss: 0.527231 
train_loss: 0.527617 
test_loss: 0.525782 
train_loss: 0.524372 
test_loss: 0.524313 
train_loss: 0.525513 
test_loss: 0.522795 
train_loss: 0.521741 
test_loss: 0.521247 
train_loss: 0.524507 
test_loss: 0.519646 
train_loss: 0.516595 
test_loss: 0.518032 
train_loss: 0.512233 
test_loss: 0.516378 
train_loss: 0.515545 
test_loss: 0.514695 
train_loss: 0.504358 
test_loss: 0.512969 
train_loss: 0.514165 
test_loss: 0.511223 
train_loss: 0.508902 
test_loss: 0.509416 
train_loss: 0.509231 
test_loss: 0.507592 
train_loss: 0.514636 
test_loss: 0.505705 
train_loss: 0.499462 
test_loss: 0.503794 
train_loss: 0.500497 
test_loss: 0.501837 
train_loss: 0.498552 
test_loss: 0.499872 
train_loss: 0.491625 
test_loss: 0.497843 
train_loss: 0.494649 
test_loss: 0.495773 
train_loss: 0.497262 
test_loss: 0.493674 
train_loss: 0.492934 
test_loss: 0.491529 
train_loss: 0.48924 
test_loss: 0.48934 
train_loss: 0.48234 
test_loss: 0.487091 
train_loss: 0.488061 
test_loss: 0.484837 
train_loss: 0.480179 
test_loss: 0.482532 
train_loss: 0.476255 
test_loss: 0.480155 
train_loss: 0.479015 
test_loss: 0.477782 
train_loss: 0.474439 
test_loss: 0.475344 
train_loss: 0.473471 
test_loss: 0.472871 
train_loss: 0.473408 
test_loss: 0.470334 
train_loss: 0.46923 
test_loss: 0.467756 
train_loss: 0.463515 
test_loss: 0.465144 
train_loss: 0.465296 
test_loss: 0.462486 
train_loss: 0.459655 
test_loss: 0.459786 
train_loss: 0.460599 
test_loss: 0.457021 
train_loss: 0.447443 
test_loss: 0.454215 
train_loss: 0.451782 
test_loss: 0.451347 
train_loss: 0.452256 
test_loss: 0.448465 
train_loss: 0.443292 
test_loss: 0.445507 
train_loss: 0.43774 
test_loss: 0.442516 
train_loss: 0.443472 
test_loss: 0.439465 
train_loss: 0.436176 
test_loss: 0.436356 
train_loss: 0.431694 
test_loss: 0.433226 
train_loss: 0.436001 
test_loss: 0.430029 
train_loss: 0.42546 
test_loss: 0.426773 
train_loss: 0.423879 
test_loss: 0.423489 
train_loss: 0.418547 
test_loss: 0.420145 
train_loss: 0.415798 
test_loss: 0.416736 
train_loss: 0.417218 
test_loss: 0.413265 
train_loss: 0.411105 
test_loss: 0.409775 
train_loss: 0.407966 
test_loss: 0.406233 
train_loss: 0.404707 
test_loss: 0.402617 
train_loss: 0.400635 
test_loss: 0.398964 
train_loss: 0.399489 
test_loss: 0.395259 
train_loss: 0.387669 
test_loss: 0.391486 
train_loss: 0.388802 
test_loss: 0.387679 
train_loss: 0.387611 
test_loss: 0.383801 
train_loss: 0.380258 
test_loss: 0.379887 
train_loss: 0.375298 
test_loss: 0.375902 
train_loss: 0.372523 
test_loss: 0.371873 
train_loss: 0.371725 
test_loss: 0.367783 
train_loss: 0.364322 
test_loss: 0.363646 
train_loss: 0.357841 
test_loss: 0.359441 
train_loss: 0.353441 
test_loss: 0.355183 
train_loss: 0.345384 
test_loss: 0.350881 
train_loss: 0.344582 
test_loss: 0.346518 
train_loss: 0.340626 
test_loss: 0.342107 
train_loss: 0.335976 
test_loss: 0.337622 
train_loss: 0.334239 
test_loss: 0.333106 
train_loss: 0.326395 
test_loss: 0.328545 
train_loss: 0.326551 
test_loss: 0.32392 
train_loss: 0.317828 
test_loss: 0.319239 
train_loss: 0.313299 
test_loss: 0.314512 
train_loss: 0.309558 
test_loss: 0.309727 
train_loss: 0.307804 
test_loss: 0.304901 
train_loss: 0.298063 
test_loss: 0.300031 
train_loss: 0.292923 
test_loss: 0.295113 
train_loss: 0.28912 
test_loss: 0.290152 
train_loss: 0.283865 
test_loss: 0.285159 
train_loss: 0.280524 
test_loss: 0.280129 
train_loss: 0.282845 
test_loss: 0.275064 
train_loss: 0.272016 
test_loss: 0.269962 
train_loss: 0.266443 
test_loss: 0.264838 
train_loss: 0.25677 
test_loss: 0.259711 
train_loss: 0.25633 
test_loss: 0.254557 
train_loss: 0.24727 
test_loss: 0.249395 
train_loss: 0.244033 
test_loss: 0.244201 
train_loss: 0.240153 
test_loss: 0.239023 
train_loss: 0.235212 
test_loss: 0.233825 
train_loss: 0.227623 
test_loss: 0.228616 
train_loss: 0.222754 
test_loss: 0.223424 
train_loss: 0.220276 
test_loss: 0.218214 
train_loss: 0.216236 
test_loss: 0.213028 
train_loss: 0.208885 
test_loss: 0.207814 
train_loss: 0.20456 
test_loss: 0.202606 
train_loss: 0.198263 
test_loss: 0.197414 
train_loss: 0.19268 
test_loss: 0.192233 
train_loss: 0.185987 
test_loss: 0.187055 
train_loss: 0.182354 
test_loss: 0.181905 
train_loss: 0.179776 
test_loss: 0.176741 
train_loss: 0.173994 
test_loss: 0.171605 
train_loss: 0.165139 
test_loss: 0.166488 
train_loss: 0.162616 
test_loss: 0.1614 
train_loss: 0.157276 
test_loss: 0.156335 
train_loss: 0.152663 
test_loss: 0.151285 
train_loss: 0.146065 
test_loss: 0.146274 
train_loss: 0.141776 
test_loss: 0.141312 
train_loss: 0.137399 
test_loss: 0.136392 
train_loss: 0.132057 
test_loss: 0.131518 
train_loss: 0.127737 
test_loss: 0.126715 
train_loss: 0.121011 
test_loss: 0.121987 
train_loss: 0.116221 
test_loss: 0.117353 
train_loss: 0.113155 
test_loss: 0.112829 
train_loss: 0.109221 
test_loss: 0.108437 
train_loss: 0.104052 
test_loss: 0.104184 
train_loss: 0.0998195 
test_loss: 0.1001 
train_loss: 0.0949012 
test_loss: 0.0962185 
train_loss: 0.0922409 
test_loss: 0.0925425 
train_loss: 0.089656 
test_loss: 0.0890801 
train_loss: 0.0854944 
test_loss: 0.0858629 
train_loss: 0.0815999 
test_loss: 0.0828855 
train_loss: 0.0808022 
test_loss: 0.0801636 
train_loss: 0.0772718 
test_loss: 0.0776699 
train_loss: 0.0763319 
test_loss: 0.0754195 
train_loss: 0.0728333 
test_loss: 0.0733815 
train_loss: 0.0717635 
test_loss: 0.0715649 
train_loss: 0.0706647 
test_loss: 0.0699342 
train_loss: 0.0682153 
test_loss: 0.0684966 
train_loss: 0.0679238 
test_loss: 0.0672157 
train_loss: 0.0658502 
test_loss: 0.0660973 
train_loss: 0.0647894 
test_loss: 0.065118 
train_loss: 0.0638204 
test_loss: 0.0642634 
train_loss: 0.0638185 
test_loss: 0.0635246 
train_loss: 0.0626637 
test_loss: 0.062871 
train_loss: 0.0629515 
test_loss: 0.062315 
train_loss: 0.0619125 
test_loss: 0.0618155 
train_loss: 0.0620703 
test_loss: 0.0613873 
train_loss: 0.0614354 
test_loss: 0.061013 
train_loss: 0.0608984 
test_loss: 0.0606803 
train_loss: 0.0605549 
test_loss: 0.0603793 
train_loss: 0.0609365 
test_loss: 0.0601162 
train_loss: 0.0607337 
test_loss: 0.0598801 
train_loss: 0.0598083 
test_loss: 0.0596649 
train_loss: 0.0592406 
test_loss: 0.0594651 
train_loss: 0.0592029 
test_loss: 0.0592772 
train_loss: 0.0593628 
test_loss: 0.0591085 
train_loss: 0.058417 
test_loss: 0.0589477 
train_loss: 0.0577695 
test_loss: 0.0587913 
train_loss: 0.0587214 
test_loss: 0.0586424 
train_loss: 0.0586957 
test_loss: 0.0585075 
train_loss: 0.0586629 
test_loss: 0.0583703 
train_loss: 0.0584751 
test_loss: 0.058232 
train_loss: 0.0576597 
test_loss: 0.0580998 
train_loss: 0.0579814 
test_loss: 0.0579651 
train_loss: 0.0579139 
test_loss: 0.0578395 
train_loss: 0.0584425 
test_loss: 0.0577173 
train_loss: 0.0577754 
test_loss: 0.0576001 
train_loss: 0.0575267 
test_loss: 0.0574419 
train_loss: 0.0576716 
test_loss: 0.057313 
train_loss: 0.0574042 
test_loss: 0.0571718 
train_loss: 0.0570746 
test_loss: 0.0570344 
train_loss: 0.0577443 
test_loss: 0.0568864 
train_loss: 0.0570301 
test_loss: 0.0567457 
train_loss: 0.0566416 
test_loss: 0.0565932 
train_loss: 0.056541 
test_loss: 0.0564467 
train_loss: 0.0564254 
test_loss: 0.0562825 
train_loss: 0.0557 
test_loss: 0.0561145 
train_loss: 0.0562913 
test_loss: 0.0559497 
train_loss: 0.0559078 
test_loss: 0.0557743 
train_loss: 0.0562147 
test_loss: 0.0555967 
train_loss: 0.0548741 
test_loss: 0.0554148 
train_loss: 0.0555508 
test_loss: 0.0552194 
train_loss: 0.0556016 
test_loss: 0.0550188 
train_loss: 0.0544247 
test_loss: 0.0547899 
train_loss: 0.055164 
test_loss: 0.0545826 
train_loss: 0.0543992 
test_loss: 0.0543475 
train_loss: 0.0539632 
test_loss: 0.0541238 
train_loss: 0.0540074 
test_loss: 0.0538836 
train_loss: 0.0535069 
test_loss: 0.0536296 
train_loss: 0.0536163 
test_loss: 0.0533867 
train_loss: 0.052686 
test_loss: 0.0531259 
train_loss: 0.0529858 
test_loss: 0.0528329 
train_loss: 0.0526032 
test_loss: 0.0525429 
train_loss: 0.0522134 
test_loss: 0.0522644 
train_loss: 0.0524465 
test_loss: 0.0519305 
train_loss: 0.0512202 
test_loss: 0.0516419 
train_loss: 0.0515145 
test_loss: 0.0512994 
train_loss: 0.051605 
test_loss: 0.0509518 
train_loss: 0.0503687 
test_loss: 0.0505871 
train_loss: 0.0504908 
test_loss: 0.0502114 
train_loss: 0.0495438 
test_loss: 0.0498354 
train_loss: 0.0492466 
test_loss: 0.0494564 
train_loss: 0.0492629 
test_loss: 0.0490271 
train_loss: 0.0484733 
test_loss: 0.048613 
train_loss: 0.0479 
test_loss: 0.0481566 
train_loss: 0.0475556 
test_loss: 0.0476783 
train_loss: 0.0477331 
test_loss: 0.0472461 
train_loss: 0.0469545 
test_loss: 0.0467351 
train_loss: 0.0460081 
test_loss: 0.0462367 
train_loss: 0.0448869 
test_loss: 0.0457187 
train_loss: 0.0450051 
test_loss: 0.0451639 
train_loss: 0.0441976 
test_loss: 0.0446551 
train_loss: 0.0439886 
test_loss: 0.0440911 
train_loss: 0.0426266 
test_loss: 0.0435396 
train_loss: 0.0436511 
test_loss: 0.0429267 
train_loss: 0.0425733 
test_loss: 0.0423777 
train_loss: 0.041355 
test_loss: 0.0417354 
train_loss: 0.0405166 
test_loss: 0.0411332 
train_loss: 0.0405189 
test_loss: 0.0405072 
train_loss: 0.0393718 
test_loss: 0.0398848 
train_loss: 0.0390188 
test_loss: 0.0392236 
train_loss: 0.0386504 
test_loss: 0.0386151 
train_loss: 0.0376814 
test_loss: 0.0379389 
train_loss: 0.0373398 
test_loss: 0.0372466 
train_loss: 0.0360834 
test_loss: 0.0365872 
train_loss: 0.0350702 
test_loss: 0.0359468 
train_loss: 0.0346964 
test_loss: 0.0352254 
train_loss: 0.0338523 
test_loss: 0.0345008 
train_loss: 0.033346 
test_loss: 0.0337737 
train_loss: 0.0322601 
test_loss: 0.0330757 
train_loss: 0.0319397 
test_loss: 0.0323984 
train_loss: 0.0314881 
test_loss: 0.0316174 
train_loss: 0.0305225 
test_loss: 0.0308574 
train_loss: 0.0298093 
test_loss: 0.0301341 
train_loss: 0.0295033 
test_loss: 0.0293709 
train_loss: 0.0286935 
test_loss: 0.0285997 
train_loss: 0.0277389 
test_loss: 0.0278831 
train_loss: 0.0272524 
test_loss: 0.0271289 
train_loss: 0.0259819 
test_loss: 0.0263838 
train_loss: 0.0254279 
test_loss: 0.0256645 
train_loss: 0.024295 
test_loss: 0.0249574 
train_loss: 0.0245461 
test_loss: 0.0242842 
train_loss: 0.0234866 
test_loss: 0.023748 
train_loss: 0.0229361 
test_loss: 0.0229671 
train_loss: 0.022286 
test_loss: 0.0223446 
train_loss: 0.0219703 
test_loss: 0.0217212 
train_loss: 0.0207693 
test_loss: 0.0210923 
train_loss: 0.0203589 
test_loss: 0.020593 
train_loss: 0.0196628 
test_loss: 0.0199614 
train_loss: 0.0194028 
test_loss: 0.019459 
train_loss: 0.0187647 
test_loss: 0.0189714 
train_loss: 0.0184681 
test_loss: 0.018448 
train_loss: 0.0179348 
test_loss: 0.0180171 
train_loss: 0.0174363 
test_loss: 0.017539 
train_loss: 0.0168291 
test_loss: 0.0171223 
train_loss: 0.0167253 
test_loss: 0.0167687 
train_loss: 0.0160266 
test_loss: 0.0162376 
train_loss: 0.0159755 
test_loss: 0.0159587 
train_loss: 0.0155292 
test_loss: 0.0155905 
train_loss: 0.0150657 
test_loss: 0.0151615 
train_loss: 0.0149073 
test_loss: 0.0148305 
train_loss: 0.01438 
test_loss: 0.0145274 
train_loss: 0.0142294 
test_loss: 0.0142267 
train_loss: 0.0137322 
test_loss: 0.0139693 
train_loss: 0.0136407 
test_loss: 0.0136387 
train_loss: 0.0132733 
test_loss: 0.0133414 
train_loss: 0.0130731 
test_loss: 0.0131315 
train_loss: 0.0126864 
test_loss: 0.0129157 
train_loss: 0.0125005 
test_loss: 0.0127355 
train_loss: 0.012338 
test_loss: 0.0124026 
train_loss: 0.0121908 
test_loss: 0.0122257 
train_loss: 0.0119853 
test_loss: 0.0120508 
train_loss: 0.0119111 
test_loss: 0.0118541 
train_loss: 0.0115507 
test_loss: 0.0116581 
train_loss: 0.0117603 
test_loss: 0.0115449 
train_loss: 0.0113454 
test_loss: 0.0113589 
train_loss: 0.0111069 
test_loss: 0.0111312 
train_loss: 0.010941 
test_loss: 0.0109684 
train_loss: 0.0108194 
test_loss: 0.0109266 
train_loss: 0.010665 
test_loss: 0.0107136 
train_loss: 0.0106116 
test_loss: 0.0106653 
train_loss: 0.010188 
test_loss: 0.0105516 
train_loss: 0.0103527 
test_loss: 0.0103301 
train_loss: 0.0103869 
test_loss: 0.0103731 
train_loss: 0.0104028 
test_loss: 0.0103157 
train_loss: 0.0098801 
test_loss: 0.0101248 
train_loss: 0.00985272 
test_loss: 0.00998493 
train_loss: 0.00965894 
test_loss: 0.00988537 
train_loss: 0.00978081 
test_loss: 0.00969422 
train_loss: 0.00952141 
test_loss: 0.0097681 
train_loss: 0.009733 
test_loss: 0.00956678 
train_loss: 0.00960536 
test_loss: 0.00965483 
train_loss: 0.00957966 
test_loss: 0.00965758 
train_loss: 0.00920244 
test_loss: 0.00947231 
train_loss: 0.00931903 
test_loss: 0.00924809 
train_loss: 0.0094433 
test_loss: 0.00921954 
train_loss: 0.009452 
test_loss: 0.00923031 
train_loss: 0.00907375 
test_loss: 0.00907716 
train_loss: 0.00903202 
test_loss: 0.00942669 
train_loss: 0.0090776 
test_loss: 0.00909743 
train_loss: 0.00883721 
test_loss: 0.00906872 
train_loss: 0.00873403 
test_loss: 0.00910991 
train_loss: 0.00873037 
test_loss: 0.00880695 
train_loss: 0.0087441 
test_loss: 0.00888859 
train_loss: 0.00878444 
test_loss: 0.00878671 
train_loss: 0.00849578 
test_loss: 0.00867108 
train_loss: 0.0085962 
test_loss: 0.00859126 
train_loss: 0.00831848 
test_loss: 0.00862693 
train_loss: 0.0085117 
test_loss: 0.00844447 
train_loss: 0.00826314 
test_loss: 0.00862808 
train_loss: 0.00873206 
test_loss: 0.00882564 
train_loss: 0.00853932 
test_loss: 0.00841972 
train_loss: 0.00849715 
test_loss: 0.00836064 
train_loss: 0.00850555 
test_loss: 0.00853416 
train_loss: 0.00817965 
test_loss: 0.00828391 
train_loss: 0.00820039 
test_loss: 0.00827031 
train_loss: 0.00801512 
test_loss: 0.00821449 
train_loss: 0.00783603 
test_loss: 0.00814789 
train_loss: 0.00791762 
test_loss: 0.00808895 
train_loss: 0.00784427 
test_loss: 0.00812894 
train_loss: 0.00840117 
test_loss: 0.00812564 
train_loss: 0.00795702 
test_loss: 0.00826531 
train_loss: 0.00781337 
test_loss: 0.00786112 
train_loss: 0.00788968 
test_loss: 0.00779622 
train_loss: 0.00820745 
test_loss: 0.00816731 
train_loss: 0.00800942 
test_loss: 0.00816256 
train_loss: 0.00754123 
test_loss: 0.0079082 
train_loss: 0.00768689 
test_loss: 0.00762165 
train_loss: 0.00762425 
test_loss: 0.00779326 
train_loss: 0.00760781 
test_loss: 0.00787861 
train_loss: 0.00748092 
test_loss: 0.00795941 
train_loss: 0.00776158 
test_loss: 0.00791896 
train_loss: 0.00725071 
test_loss: 0.00722386 
train_loss: 0.007424 
test_loss: 0.00742969 
train_loss: 0.00718798 
test_loss: 0.00756884 
train_loss: 0.0076838 
test_loss: 0.00809147 
train_loss: 0.00733824 
test_loss: 0.00730065 
train_loss: 0.00741646 
test_loss: 0.00755529 
train_loss: 0.00709171 
test_loss: 0.00734314 
train_loss: 0.00706607 
test_loss: 0.00700605 
train_loss: 0.00667354 
test_loss: 0.00681716 
train_loss: 0.00642975 
test_loss: 0.00665258 
train_loss: 0.00708006 
test_loss: 0.00776305 
train_loss: 0.00668367 
test_loss: 0.00703547 
train_loss: 0.00701393 
test_loss: 0.00717879 
train_loss: 0.00631152 
test_loss: 0.00646588 
train_loss: 0.00651262 
test_loss: 0.00666987 
train_loss: 0.00676947 
test_loss: 0.0065948 
train_loss: 0.00627847 
test_loss: 0.0064364 
train_loss: 0.00620497 
test_loss: 0.00663839 
train_loss: 0.00599053 
test_loss: 0.00642365 
train_loss: 0.00625425 
test_loss: 0.00608942 
train_loss: 0.00628208 
test_loss: 0.00651929 
train_loss: 0.00597671 
test_loss: 0.00588446 
train_loss: 0.00602941 
test_loss: 0.00634185 
train_loss: 0.00565909 
test_loss: 0.00568868 
train_loss: 0.00610947 
test_loss: 0.00600247 
train_loss: 0.00599964 
test_loss: 0.0060163 
train_loss: 0.0052795 
test_loss: 0.00539239 
train_loss: 0.00608318 
test_loss: 0.005882 
train_loss: 0.0052014 
test_loss: 0.00540984 
train_loss: 0.00542929 
test_loss: 0.00533522 
train_loss: 0.00510119 
test_loss: 0.00508194 
train_loss: 0.00552012 
test_loss: 0.00590902 
train_loss: 0.00505384 
test_loss: 0.00513766 
train_loss: 0.00555531 
test_loss: 0.00504248 
train_loss: 0.00567784 
test_loss: 0.00559623 
train_loss: 0.00604699 
test_loss: 0.00590725 
train_loss: 0.0051501 
test_loss: 0.00508205 
train_loss: 0.00500701 
test_loss: 0.00554089 
train_loss: 0.004891 
test_loss: 0.00517854 
train_loss: 0.00494659 
test_loss: 0.00495643 
train_loss: 0.0052585 
test_loss: 0.00544898 
train_loss: 0.00542159 
test_loss: 0.00498129 
train_loss: 0.00546368 
test_loss: 0.00519819 
train_loss: 0.00516605 
test_loss: 0.00574668 
train_loss: 0.00501862 
test_loss: 0.00502224 
train_loss: 0.00488581 
test_loss: 0.00445657 
train_loss: 0.00500157 
test_loss: 0.00515422 
train_loss: 0.00492217 
test_loss: 0.00495897 
train_loss: 0.005725 
test_loss: 0.0048749 
train_loss: 0.00438886 
test_loss: 0.00435601 
train_loss: 0.00479399 
test_loss: 0.00472034 
train_loss: 0.00442852 
test_loss: 0.00499115 
train_loss: 0.00459383 
test_loss: 0.00490525 
train_loss: 0.00442999 
test_loss: 0.00452497 
train_loss: 0.00441972 
test_loss: 0.00426175 
train_loss: 0.00466457 
test_loss: 0.00462449 
train_loss: 0.00457869 
test_loss: 0.00432195 
train_loss: 0.00417432 
test_loss: 0.00417507 
train_loss: 0.00400954 
test_loss: 0.00416123 
train_loss: 0.00381228 
test_loss: 0.00406986 
train_loss: 0.00430802 
test_loss: 0.00401054 
train_loss: 0.00376461 
test_loss: 0.00392921 
train_loss: 0.00400112 
test_loss: 0.00397588 
train_loss: 0.00413526 
test_loss: 0.00388086 
train_loss: 0.00431747 
test_loss: 0.00404259 
train_loss: 0.00418598 
test_loss: 0.00388806 
train_loss: 0.00416023 
test_loss: 0.00398272 
train_loss: 0.00409133 
test_loss: 0.00408901 
train_loss: 0.00405279 
test_loss: 0.00428375 
train_loss: 0.00397792 
test_loss: 0.00393956 
train_loss: 0.00376506 
test_loss: 0.00439138 
train_loss: 0.00375249 
test_loss: 0.00380815 
train_loss: 0.00460192 
test_loss: 0.00428589 
train_loss: 0.004227 
test_loss: 0.00416423 
train_loss: 0.0037069 
test_loss: 0.00419384 
train_loss: 0.00406538 
test_loss: 0.00376981 
train_loss: 0.00397452 
test_loss: 0.00414947 
train_loss: 0.00435914 
test_loss: 0.00362079 
train_loss: 0.00402096 
test_loss: 0.00438087 
train_loss: 0.00387553 
test_loss: 0.00382847 
train_loss: 0.00388943 
test_loss: 0.00409146 
train_loss: 0.00416041 
test_loss: 0.0046499 
train_loss: 0.00409225 
test_loss: 0.004491 
train_loss: 0.00365273 
test_loss: 0.00355638 
train_loss: 0.00370127 
test_loss: 0.00448646 
train_loss: 0.00372256 
test_loss: 0.0035009 
train_loss: 0.00346553 
test_loss: 0.00353857 
train_loss: 0.00422184 
test_loss: 0.00357834 
train_loss: 0.00352304 
test_loss: 0.00423078 
train_loss: 0.00376436 
test_loss: 0.00378124 
train_loss: 0.00395357 
test_loss: 0.00398901 
train_loss: 0.00351871 
test_loss: 0.00386125 
train_loss: 0.00384404 
test_loss: 0.0040181 
train_loss: 0.00393084 
test_loss: 0.00376577 
train_loss: 0.00377302 
test_loss: 0.00370867 
train_loss: 0.00355548 
test_loss: 0.00413302 
train_loss: 0.00373855 
test_loss: 0.00350781 
train_loss: 0.00414302 
test_loss: 0.00406075 
train_loss: 0.00345748 
test_loss: 0.00341212 
train_loss: 0.00382768 
test_loss: 0.003338 
train_loss: 0.00355968 
test_loss: 0.00396913 
train_loss: 0.00347659 
test_loss: 0.003929 
train_loss: 0.00348134 
test_loss: 0.00366963 
train_loss: 0.00458604 
test_loss: 0.00410707 
train_loss: 0.00348397 
test_loss: 0.00335813 
train_loss: 0.00362038 
test_loss: 0.00450361 
train_loss: 0.00403455 
test_loss: 0.00364361 
train_loss: 0.00352706 
test_loss: 0.00402512 
train_loss: 0.00368972 
test_loss: 0.00339189 
train_loss: 0.00365276 
test_loss: 0.00385215 
