train_loss: 0.034649 
test_loss: 0.037380 
train_loss: 0.033421 
test_loss: 0.032898 
train_loss: 0.031022 
test_loss: 0.032533 
train_loss: 0.034093 
test_loss: 0.033180 
train_loss: 0.031283 
test_loss: 0.032089 
train_loss: 0.034738 
test_loss: 0.031382 
train_loss: 0.031509 
test_loss: 0.031484 
train_loss: 0.032693 
test_loss: 0.031787 
train_loss: 0.029400 
test_loss: 0.030807 
train_loss: 0.028115 
test_loss: 0.030464 
train_loss: 0.032216 
test_loss: 0.030206 
train_loss: 0.028919 
test_loss: 0.030028 
train_loss: 0.029568 
test_loss: 0.030836 
train_loss: 0.032698 
test_loss: 0.030018 
train_loss: 0.029081 
test_loss: 0.029874 
train_loss: 0.030830 
test_loss: 0.029245 
train_loss: 0.030387 
test_loss: 0.029171 
train_loss: 0.028514 
test_loss: 0.029102 
train_loss: 0.032695 
test_loss: 0.029866 
train_loss: 0.030143 
test_loss: 0.028933 
train_loss: 0.030583 
test_loss: 0.028422 
train_loss: 0.026694 
test_loss: 0.028613 
train_loss: 0.027233 
test_loss: 0.028064 
train_loss: 0.026278 
test_loss: 0.027671 
train_loss: 0.028031 
test_loss: 0.027993 
train_loss: 0.026371 
test_loss: 0.027393 
train_loss: 0.027245 
test_loss: 0.027639 
train_loss: 0.026256 
test_loss: 0.027529 
train_loss: 0.027951 
test_loss: 0.027940 
train_loss: 0.028910 
test_loss: 0.027639 
train_loss: 0.026794 
test_loss: 0.027338 
train_loss: 0.028351 
test_loss: 0.027695 
train_loss: 0.027389 
test_loss: 0.027685 
train_loss: 0.024186 
test_loss: 0.027428 
train_loss: 0.025953 
test_loss: 0.027725 
train_loss: 0.027446 
test_loss: 0.027270 
train_loss: 0.028954 
test_loss: 0.027878 
train_loss: 0.026198 
test_loss: 0.027660 
train_loss: 0.030144 
test_loss: 0.027486 
train_loss: 0.027830 
test_loss: 0.027300 
train_loss: 0.029626 
test_loss: 0.027504 
