train_loss: 3.06291 
test_loss: 3.06921 
train_loss: 3.12652 
test_loss: 3.08519 
train_loss: 3.07551 
test_loss: 3.08268 
train_loss: 3.07027 
test_loss: 3.07894 
train_loss: 3.06628 
test_loss: 3.07572 
train_loss: 2.99861 
test_loss: 3.0712 
train_loss: 3.05689 
test_loss: 3.06649 
train_loss: 3.06084 
test_loss: 3.06108 
train_loss: 3.00263 
test_loss: 3.05492 
train_loss: 3.10314 
test_loss: 3.04774 
train_loss: 3.07817 
test_loss: 3.03981 
train_loss: 3.14317 
test_loss: 3.03142 
train_loss: 3.11313 
test_loss: 3.02181 
train_loss: 3.01575 
test_loss: 3.00995 
train_loss: 3.07505 
test_loss: 2.99881 
train_loss: 3.11767 
test_loss: 2.98413 
train_loss: 2.82672 
test_loss: 2.96911 
train_loss: 2.94642 
test_loss: 2.95203 
train_loss: 2.97532 
test_loss: 2.93412 
train_loss: 2.94714 
test_loss: 2.91603 
train_loss: 2.95571 
test_loss: 2.89915 
train_loss: 2.9434 
test_loss: 2.88482 
train_loss: 2.91633 
test_loss: 2.87233 
train_loss: 2.72429 
test_loss: 2.86253 
train_loss: 2.71548 
test_loss: 2.85417 
train_loss: 2.9409 
test_loss: 2.84684 
train_loss: 2.89904 
test_loss: 2.83933 
train_loss: 2.92804 
test_loss: 2.83253 
train_loss: 2.76314 
test_loss: 2.82527 
train_loss: 2.90948 
test_loss: 2.81774 
train_loss: 2.76125 
test_loss: 2.81004 
train_loss: 2.8152 
test_loss: 2.80266 
train_loss: 2.76181 
test_loss: 2.79467 
train_loss: 2.73808 
test_loss: 2.78636 
train_loss: 2.7554 
test_loss: 2.77896 
train_loss: 2.74114 
test_loss: 2.77025 
train_loss: 2.77694 
test_loss: 2.76171 
train_loss: 2.77825 
test_loss: 2.75248 
train_loss: 2.71297 
test_loss: 2.74391 
train_loss: 2.79447 
test_loss: 2.73435 
train_loss: 2.68882 
test_loss: 2.72523 
train_loss: 2.74134 
test_loss: 2.71603 
train_loss: 2.77956 
test_loss: 2.70626 
train_loss: 2.80036 
test_loss: 2.69625 
train_loss: 2.70334 
test_loss: 2.68683 
train_loss: 2.78129 
test_loss: 2.67679 
train_loss: 2.61009 
test_loss: 2.66642 
train_loss: 2.70549 
test_loss: 2.65577 
train_loss: 2.6727 
test_loss: 2.64603 
train_loss: 2.6653 
test_loss: 2.63557 
train_loss: 2.67585 
test_loss: 2.62455 
train_loss: 2.62159 
test_loss: 2.61344 
train_loss: 2.44824 
test_loss: 2.60311 
train_loss: 2.55773 
test_loss: 2.59226 
train_loss: 2.52389 
test_loss: 2.58162 
train_loss: 2.58303 
test_loss: 2.57063 
train_loss: 2.53534 
test_loss: 2.55975 
train_loss: 2.47324 
test_loss: 2.54925 
train_loss: 2.63241 
test_loss: 2.53842 
train_loss: 2.57491 
test_loss: 2.52692 
train_loss: 2.59544 
test_loss: 2.51671 
train_loss: 2.48235 
test_loss: 2.50525 
train_loss: 2.4868 
test_loss: 2.49376 
train_loss: 2.39114 
test_loss: 2.48317 
train_loss: 2.53757 
test_loss: 2.47191 
train_loss: 2.38894 
test_loss: 2.46061 
train_loss: 2.40168 
test_loss: 2.44918 
train_loss: 2.47453 
test_loss: 2.43792 
train_loss: 2.4644 
test_loss: 2.4261 
train_loss: 2.43924 
test_loss: 2.41472 
train_loss: 2.31018 
test_loss: 2.40288 
train_loss: 2.41013 
test_loss: 2.39064 
train_loss: 2.40076 
test_loss: 2.37798 
train_loss: 2.32189 
test_loss: 2.36528 
train_loss: 2.43326 
test_loss: 2.35227 
train_loss: 2.37464 
test_loss: 2.33904 
train_loss: 2.31243 
test_loss: 2.32538 
train_loss: 2.30698 
test_loss: 2.31085 
train_loss: 2.34029 
test_loss: 2.29623 
train_loss: 2.22765 
test_loss: 2.281 
train_loss: 2.22681 
test_loss: 2.26547 
train_loss: 2.09931 
test_loss: 2.2492 
train_loss: 2.23382 
test_loss: 2.23269 
train_loss: 2.15291 
test_loss: 2.21578 
train_loss: 2.2094 
test_loss: 2.19821 
train_loss: 2.24975 
test_loss: 2.18098 
train_loss: 2.12876 
test_loss: 2.16311 
train_loss: 2.09749 
test_loss: 2.1447 
train_loss: 2.13674 
test_loss: 2.12652 
train_loss: 2.07165 
test_loss: 2.10778 
train_loss: 2.18336 
test_loss: 2.08821 
train_loss: 2.07976 
test_loss: 2.06848 
train_loss: 2.04756 
test_loss: 2.04762 
train_loss: 2.08423 
test_loss: 2.02719 
train_loss: 2.02797 
test_loss: 2.0058 
train_loss: 1.87069 
test_loss: 1.98311 
train_loss: 1.96566 
test_loss: 1.96022 
train_loss: 1.9147 
test_loss: 1.9361 
train_loss: 1.84957 
test_loss: 1.91166 
train_loss: 1.89753 
test_loss: 1.88596 
train_loss: 1.90275 
test_loss: 1.85965 
train_loss: 1.82167 
test_loss: 1.83208 
train_loss: 1.82418 
test_loss: 1.8036 
train_loss: 1.70064 
test_loss: 1.77373 
train_loss: 1.80607 
test_loss: 1.74293 
train_loss: 1.6953 
test_loss: 1.71105 
train_loss: 1.65567 
test_loss: 1.67792 
train_loss: 1.66251 
test_loss: 1.64309 
train_loss: 1.55927 
test_loss: 1.60686 
train_loss: 1.57033 
test_loss: 1.56857 
train_loss: 1.53821 
test_loss: 1.52817 
train_loss: 1.4507 
test_loss: 1.48578 
train_loss: 1.44664 
test_loss: 1.4399 
train_loss: 1.38076 
test_loss: 1.3909 
train_loss: 1.34839 
test_loss: 1.33686 
train_loss: 1.23763 
test_loss: 1.27761 
train_loss: 1.19934 
test_loss: 1.21185 
train_loss: 1.11002 
test_loss: 1.13916 
train_loss: 1.04653 
test_loss: 1.06074 
train_loss: 1.00982 
test_loss: 0.978606 
train_loss: 0.911267 
test_loss: 0.897759 
train_loss: 0.810998 
test_loss: 0.821503 
train_loss: 0.757094 
test_loss: 0.753497 
train_loss: 0.684296 
test_loss: 0.69383 
train_loss: 0.641613 
test_loss: 0.641909 
train_loss: 0.616276 
test_loss: 0.5964 
train_loss: 0.557042 
test_loss: 0.555949 
train_loss: 0.519786 
test_loss: 0.519743 
train_loss: 0.479594 
test_loss: 0.486892 
train_loss: 0.460369 
test_loss: 0.457052 
train_loss: 0.424634 
test_loss: 0.429659 
train_loss: 0.40385 
test_loss: 0.404363 
train_loss: 0.390622 
test_loss: 0.381255 
train_loss: 0.361639 
test_loss: 0.360023 
train_loss: 0.329615 
test_loss: 0.340542 
train_loss: 0.316895 
test_loss: 0.322808 
train_loss: 0.302264 
test_loss: 0.306652 
train_loss: 0.282259 
test_loss: 0.292062 
train_loss: 0.279214 
test_loss: 0.278828 
train_loss: 0.266833 
test_loss: 0.266904 
train_loss: 0.253657 
test_loss: 0.256164 
train_loss: 0.246849 
test_loss: 0.2465 
train_loss: 0.245062 
test_loss: 0.237778 
train_loss: 0.225904 
test_loss: 0.229961 
train_loss: 0.214803 
test_loss: 0.222888 
train_loss: 0.221122 
test_loss: 0.216527 
train_loss: 0.220297 
test_loss: 0.21082 
train_loss: 0.201316 
test_loss: 0.205654 
train_loss: 0.195798 
test_loss: 0.200932 
train_loss: 0.187427 
test_loss: 0.196685 
train_loss: 0.1867 
test_loss: 0.192811 
train_loss: 0.186392 
test_loss: 0.189258 
train_loss: 0.183976 
test_loss: 0.186022 
train_loss: 0.185214 
test_loss: 0.18308 
train_loss: 0.186671 
test_loss: 0.180366 
train_loss: 0.178659 
test_loss: 0.17786 
train_loss: 0.17583 
test_loss: 0.175535 
train_loss: 0.174503 
test_loss: 0.173379 
train_loss: 0.168757 
test_loss: 0.171417 
train_loss: 0.163967 
test_loss: 0.169535 
train_loss: 0.164855 
test_loss: 0.167796 
train_loss: 0.169187 
test_loss: 0.166134 
train_loss: 0.169816 
test_loss: 0.164587 
train_loss: 0.170062 
test_loss: 0.163145 
train_loss: 0.162709 
test_loss: 0.161748 
train_loss: 0.156173 
test_loss: 0.160443 
train_loss: 0.163219 
test_loss: 0.159183 
train_loss: 0.160915 
test_loss: 0.157986 
train_loss: 0.154334 
test_loss: 0.156829 
train_loss: 0.154369 
test_loss: 0.15574 
train_loss: 0.155888 
test_loss: 0.15468 
train_loss: 0.147466 
test_loss: 0.15362 
train_loss: 0.155628 
test_loss: 0.152617 
train_loss: 0.149725 
test_loss: 0.151639 
train_loss: 0.154093 
test_loss: 0.150659 
train_loss: 0.155972 
test_loss: 0.1497 
train_loss: 0.140969 
test_loss: 0.148763 
train_loss: 0.147778 
test_loss: 0.14784 
train_loss: 0.146394 
test_loss: 0.146893 
train_loss: 0.140454 
test_loss: 0.145954 
train_loss: 0.145769 
test_loss: 0.145003 
train_loss: 0.143874 
test_loss: 0.144063 
train_loss: 0.140788 
test_loss: 0.143135 
train_loss: 0.143315 
test_loss: 0.14213 
train_loss: 0.139445 
test_loss: 0.141158 
train_loss: 0.141547 
test_loss: 0.140139 
train_loss: 0.13881 
test_loss: 0.139115 
train_loss: 0.144274 
test_loss: 0.138045 
train_loss: 0.139177 
test_loss: 0.13694 
train_loss: 0.136279 
test_loss: 0.135827 
train_loss: 0.133212 
test_loss: 0.134684 
train_loss: 0.132932 
test_loss: 0.133523 
train_loss: 0.127105 
test_loss: 0.132288 
train_loss: 0.128231 
test_loss: 0.131054 
train_loss: 0.135453 
test_loss: 0.129811 
train_loss: 0.125994 
test_loss: 0.128517 
train_loss: 0.122567 
test_loss: 0.127201 
train_loss: 0.124073 
test_loss: 0.125935 
train_loss: 0.124893 
test_loss: 0.124544 
train_loss: 0.122456 
test_loss: 0.12323 
train_loss: 0.118593 
test_loss: 0.121919 
train_loss: 0.122494 
test_loss: 0.120558 
train_loss: 0.116019 
test_loss: 0.119246 
train_loss: 0.117232 
test_loss: 0.117928 
train_loss: 0.121011 
test_loss: 0.116614 
train_loss: 0.113688 
test_loss: 0.115349 
train_loss: 0.120564 
test_loss: 0.114072 
train_loss: 0.112514 
test_loss: 0.112836 
train_loss: 0.114022 
test_loss: 0.111615 
train_loss: 0.111378 
test_loss: 0.11041 
train_loss: 0.10961 
test_loss: 0.109224 
train_loss: 0.109517 
test_loss: 0.108039 
train_loss: 0.108773 
test_loss: 0.106891 
train_loss: 0.106486 
test_loss: 0.105762 
train_loss: 0.106077 
test_loss: 0.104618 
train_loss: 0.105771 
test_loss: 0.103511 
train_loss: 0.101815 
test_loss: 0.102423 
train_loss: 0.102012 
test_loss: 0.101304 
train_loss: 0.102202 
test_loss: 0.100232 
train_loss: 0.1006 
test_loss: 0.0991364 
train_loss: 0.0962545 
test_loss: 0.0979768 
train_loss: 0.0970175 
test_loss: 0.0968429 
train_loss: 0.0957722 
test_loss: 0.0957008 
train_loss: 0.0934173 
test_loss: 0.0945449 
train_loss: 0.0937095 
test_loss: 0.0933464 
train_loss: 0.0924831 
test_loss: 0.0921044 
train_loss: 0.0916808 
test_loss: 0.090851 
train_loss: 0.0901381 
test_loss: 0.0895762 
train_loss: 0.0886911 
test_loss: 0.0882999 
train_loss: 0.0868389 
test_loss: 0.0869058 
train_loss: 0.088686 
test_loss: 0.0855258 
train_loss: 0.0837071 
test_loss: 0.0841314 
train_loss: 0.0843431 
test_loss: 0.0826335 
train_loss: 0.0834048 
test_loss: 0.0811766 
train_loss: 0.083249 
test_loss: 0.0796383 
train_loss: 0.0799619 
test_loss: 0.0781538 
train_loss: 0.0781433 
test_loss: 0.0765472 
train_loss: 0.0767918 
test_loss: 0.0750098 
train_loss: 0.0725389 
test_loss: 0.0734387 
train_loss: 0.0734067 
test_loss: 0.0719296 
train_loss: 0.0718687 
test_loss: 0.0704048 
train_loss: 0.0679422 
test_loss: 0.0689664 
train_loss: 0.0691497 
test_loss: 0.0675184 
train_loss: 0.0674687 
test_loss: 0.0661829 
train_loss: 0.0652507 
test_loss: 0.064883 
train_loss: 0.0649689 
test_loss: 0.0636639 
train_loss: 0.0624501 
test_loss: 0.0625014 
train_loss: 0.060467 
test_loss: 0.0614499 
train_loss: 0.0608015 
test_loss: 0.0604011 
train_loss: 0.0601323 
test_loss: 0.0594468 
train_loss: 0.0606142 
test_loss: 0.0585625 
train_loss: 0.0584164 
test_loss: 0.0577428 
train_loss: 0.0585322 
test_loss: 0.0569667 
train_loss: 0.0549635 
test_loss: 0.0562153 
train_loss: 0.0553453 
test_loss: 0.0555487 
train_loss: 0.0545993 
test_loss: 0.0549037 
train_loss: 0.0557792 
test_loss: 0.0543004 
train_loss: 0.0523917 
test_loss: 0.0538162 
train_loss: 0.0534263 
test_loss: 0.0531756 
train_loss: 0.0529673 
test_loss: 0.0526812 
train_loss: 0.0522636 
test_loss: 0.0521807 
train_loss: 0.0517994 
test_loss: 0.0517076 
train_loss: 0.0510723 
test_loss: 0.0512736 
train_loss: 0.0498328 
test_loss: 0.0508358 
train_loss: 0.0493304 
test_loss: 0.0504684 
train_loss: 0.0503249 
test_loss: 0.0500405 
train_loss: 0.0502579 
test_loss: 0.0496671 
train_loss: 0.0483539 
test_loss: 0.0493305 
train_loss: 0.0482882 
test_loss: 0.0489481 
train_loss: 0.0479458 
test_loss: 0.0486023 
train_loss: 0.0483589 
test_loss: 0.0482951 
train_loss: 0.0477337 
test_loss: 0.0479861 
train_loss: 0.0472929 
test_loss: 0.0476599 
train_loss: 0.0470043 
test_loss: 0.0473765 
train_loss: 0.0463625 
test_loss: 0.0470819 
train_loss: 0.0466453 
test_loss: 0.0468585 
train_loss: 0.0465047 
test_loss: 0.0465693 
train_loss: 0.0448077 
test_loss: 0.046302 
train_loss: 0.0463072 
test_loss: 0.046031 
train_loss: 0.0444663 
test_loss: 0.04579 
train_loss: 0.0449651 
test_loss: 0.0455359 
train_loss: 0.0451929 
test_loss: 0.0453962 
train_loss: 0.0468559 
test_loss: 0.0450904 
train_loss: 0.0446496 
test_loss: 0.0448531 
train_loss: 0.0435625 
test_loss: 0.0447111 
train_loss: 0.0437133 
test_loss: 0.044492 
train_loss: 0.0449176 
test_loss: 0.0442111 
train_loss: 0.0434259 
test_loss: 0.0439872 
train_loss: 0.0438394 
test_loss: 0.04376 
train_loss: 0.0441186 
test_loss: 0.0435632 
train_loss: 0.0443876 
test_loss: 0.0434248 
train_loss: 0.0434018 
test_loss: 0.0432095 
train_loss: 0.0447089 
test_loss: 0.0430487 
train_loss: 0.0422905 
test_loss: 0.0429193 
train_loss: 0.0436197 
test_loss: 0.042598 
train_loss: 0.0426303 
test_loss: 0.0424241 
train_loss: 0.0416478 
test_loss: 0.0421961 
train_loss: 0.0420094 
test_loss: 0.0420172 
train_loss: 0.0419308 
test_loss: 0.041906 
train_loss: 0.0405454 
test_loss: 0.0416297 
train_loss: 0.0421486 
test_loss: 0.0414402 
train_loss: 0.040738 
test_loss: 0.0412217 
train_loss: 0.0419036 
test_loss: 0.041024 
train_loss: 0.0408052 
test_loss: 0.0408029 
train_loss: 0.0395257 
test_loss: 0.0406475 
train_loss: 0.0392841 
test_loss: 0.0403725 
train_loss: 0.0403837 
test_loss: 0.0401519 
train_loss: 0.0401432 
test_loss: 0.0399663 
train_loss: 0.0393452 
test_loss: 0.0397067 
train_loss: 0.0387085 
test_loss: 0.0394568 
train_loss: 0.0388523 
test_loss: 0.0391104 
train_loss: 0.0393666 
test_loss: 0.0388621 
train_loss: 0.0390156 
test_loss: 0.0386353 
train_loss: 0.0375477 
test_loss: 0.0382345 
train_loss: 0.038525 
test_loss: 0.0378662 
train_loss: 0.0365269 
test_loss: 0.0375181 
train_loss: 0.0366145 
test_loss: 0.0371362 
train_loss: 0.0364955 
test_loss: 0.0367948 
train_loss: 0.0359153 
test_loss: 0.0363212 
train_loss: 0.0350613 
test_loss: 0.0358642 
train_loss: 0.035728 
test_loss: 0.0353521 
train_loss: 0.0354948 
test_loss: 0.0349453 
train_loss: 0.0347269 
test_loss: 0.034288 
train_loss: 0.0340442 
test_loss: 0.0337547 
train_loss: 0.0339207 
test_loss: 0.03301 
train_loss: 0.0316984 
test_loss: 0.0322966 
train_loss: 0.0309087 
test_loss: 0.031682 
train_loss: 0.0319234 
test_loss: 0.0308067 
train_loss: 0.0297997 
test_loss: 0.0298666 
train_loss: 0.0287382 
test_loss: 0.0289329 
train_loss: 0.0279385 
test_loss: 0.0279534 
train_loss: 0.0260376 
test_loss: 0.0268021 
train_loss: 0.0256681 
test_loss: 0.0256248 
train_loss: 0.0245152 
test_loss: 0.0243436 
train_loss: 0.022562 
test_loss: 0.0229891 
train_loss: 0.0210632 
test_loss: 0.0216884 
train_loss: 0.0195362 
test_loss: 0.0200503 
train_loss: 0.0183573 
test_loss: 0.0184565 
train_loss: 0.0173748 
test_loss: 0.0168368 
train_loss: 0.0150647 
test_loss: 0.0151461 
train_loss: 0.0132082 
test_loss: 0.0135075 
train_loss: 0.0120264 
test_loss: 0.011922 
train_loss: 0.0103731 
test_loss: 0.0105088 
train_loss: 0.00949324 
test_loss: 0.00925289 
train_loss: 0.00782937 
test_loss: 0.00825186 
train_loss: 0.00756204 
test_loss: 0.00748853 
train_loss: 0.00651987 
test_loss: 0.00688285 
train_loss: 0.00611197 
test_loss: 0.00633002 
train_loss: 0.00598076 
test_loss: 0.00595118 
train_loss: 0.00573322 
test_loss: 0.00566714 
train_loss: 0.00543241 
test_loss: 0.00544623 
train_loss: 0.00526059 
test_loss: 0.00527094 
train_loss: 0.00502418 
test_loss: 0.0051489 
train_loss: 0.00463804 
test_loss: 0.00502294 
train_loss: 0.00525024 
test_loss: 0.00493008 
train_loss: 0.00504123 
test_loss: 0.00482688 
train_loss: 0.00470445 
test_loss: 0.00480061 
train_loss: 0.00471366 
test_loss: 0.00466849 
train_loss: 0.00471226 
test_loss: 0.00463278 
train_loss: 0.0044625 
test_loss: 0.00456303 
train_loss: 0.00436143 
test_loss: 0.00450929 
train_loss: 0.00442109 
test_loss: 0.00445703 
train_loss: 0.00458887 
test_loss: 0.0044039 
train_loss: 0.00442679 
test_loss: 0.00439873 
train_loss: 0.00416206 
test_loss: 0.0043454 
train_loss: 0.00446075 
test_loss: 0.00433372 
train_loss: 0.00429926 
test_loss: 0.00427989 
train_loss: 0.00416054 
test_loss: 0.00422122 
train_loss: 0.00401508 
test_loss: 0.00422314 
train_loss: 0.00440364 
test_loss: 0.00417089 
train_loss: 0.0040517 
test_loss: 0.00417304 
train_loss: 0.00423077 
test_loss: 0.00412781 
train_loss: 0.0040045 
test_loss: 0.0040692 
train_loss: 0.00408955 
test_loss: 0.00405797 
train_loss: 0.0039261 
test_loss: 0.00404085 
train_loss: 0.00395351 
test_loss: 0.0040339 
train_loss: 0.00434586 
test_loss: 0.00398828 
train_loss: 0.0040203 
test_loss: 0.00399105 
train_loss: 0.00383389 
test_loss: 0.0039575 
train_loss: 0.00376981 
test_loss: 0.00392484 
train_loss: 0.00378731 
test_loss: 0.00389125 
train_loss: 0.00398136 
test_loss: 0.00386097 
train_loss: 0.00401923 
test_loss: 0.00383008 
train_loss: 0.00383268 
test_loss: 0.00381316 
train_loss: 0.00373197 
test_loss: 0.00377507 
train_loss: 0.00372309 
test_loss: 0.0037754 
train_loss: 0.00381804 
test_loss: 0.00372968 
train_loss: 0.00378988 
test_loss: 0.00370089 
train_loss: 0.00378324 
test_loss: 0.00371777 
train_loss: 0.00358812 
test_loss: 0.00367127 
train_loss: 0.00360532 
test_loss: 0.00362679 
train_loss: 0.00375868 
test_loss: 0.00364495 
train_loss: 0.00376751 
test_loss: 0.00362826 
train_loss: 0.00355493 
test_loss: 0.00359664 
train_loss: 0.00357058 
test_loss: 0.00357224 
train_loss: 0.00367219 
test_loss: 0.00352189 
train_loss: 0.00344173 
test_loss: 0.00351189 
train_loss: 0.00366032 
test_loss: 0.00352035 
train_loss: 0.00359265 
test_loss: 0.00346099 
train_loss: 0.00350025 
test_loss: 0.00346558 
train_loss: 0.00342384 
test_loss: 0.00343581 
train_loss: 0.00332623 
test_loss: 0.0033734 
train_loss: 0.00350794 
test_loss: 0.00337271 
train_loss: 0.00324064 
test_loss: 0.00330408 
train_loss: 0.00318145 
test_loss: 0.0032985 
train_loss: 0.00323761 
test_loss: 0.00316113 
train_loss: 0.00288895 
test_loss: 0.00298707 
train_loss: 0.00310214 
test_loss: 0.00296565 
train_loss: 0.00284139 
test_loss: 0.00290632 
train_loss: 0.00290888 
test_loss: 0.00286335 
train_loss: 0.00266321 
test_loss: 0.00281666 
train_loss: 0.00264451 
test_loss: 0.00276774 
train_loss: 0.00277603 
test_loss: 0.00275256 
train_loss: 0.00266372 
test_loss: 0.00271954 
train_loss: 0.00276204 
test_loss: 0.00270204 
train_loss: 0.00267768 
test_loss: 0.00264579 
train_loss: 0.00248909 
test_loss: 0.00270904 
train_loss: 0.00245193 
test_loss: 0.00254306 
train_loss: 0.00244056 
test_loss: 0.00250668 
train_loss: 0.0024002 
test_loss: 0.00247255 
train_loss: 0.00243076 
test_loss: 0.00241073 
train_loss: 0.00237632 
test_loss: 0.0023773 
train_loss: 0.00217406 
test_loss: 0.00232315 
train_loss: 0.00235066 
test_loss: 0.00226705 
train_loss: 0.00224808 
test_loss: 0.0022344 
train_loss: 0.00232389 
test_loss: 0.00219932 
train_loss: 0.00209459 
test_loss: 0.00218284 
train_loss: 0.00226585 
test_loss: 0.0021572 
train_loss: 0.00204582 
test_loss: 0.00210758 
train_loss: 0.00204342 
test_loss: 0.00204613 
train_loss: 0.0021311 
test_loss: 0.0020296 
train_loss: 0.00191498 
test_loss: 0.0019754 
train_loss: 0.00193158 
test_loss: 0.0019378 
train_loss: 0.00188422 
test_loss: 0.00195889 
train_loss: 0.00192929 
test_loss: 0.00192247 
train_loss: 0.00199186 
test_loss: 0.00184486 
train_loss: 0.00183999 
test_loss: 0.00181497 
train_loss: 0.00180287 
test_loss: 0.00179169 
train_loss: 0.00177244 
test_loss: 0.00177282 
train_loss: 0.00177405 
test_loss: 0.00173826 
train_loss: 0.00163246 
test_loss: 0.00173169 
train_loss: 0.001789 
test_loss: 0.00173472 
train_loss: 0.00158704 
test_loss: 0.00170002 
train_loss: 0.00174502 
test_loss: 0.00164964 
train_loss: 0.00175251 
test_loss: 0.00171922 
train_loss: 0.00169005 
test_loss: 0.00162338 
train_loss: 0.00161607 
test_loss: 0.00164621 
train_loss: 0.00160744 
test_loss: 0.00160358 
train_loss: 0.00154113 
test_loss: 0.00161873 
train_loss: 0.00153027 
test_loss: 0.00163196 
train_loss: 0.00151255 
test_loss: 0.00165944 
train_loss: 0.00158603 
test_loss: 0.00156211 
train_loss: 0.00146581 
test_loss: 0.00155546 
train_loss: 0.00159579 
test_loss: 0.00151968 
train_loss: 0.00147971 
test_loss: 0.00151609 
train_loss: 0.00144413 
test_loss: 0.00155958 
train_loss: 0.00146635 
test_loss: 0.00149768 
train_loss: 0.0015159 
test_loss: 0.00146226 
train_loss: 0.0014586 
test_loss: 0.0014862 
train_loss: 0.0013948 
test_loss: 0.00146143 
train_loss: 0.00143877 
test_loss: 0.00146771 
train_loss: 0.00152926 
test_loss: 0.001446 
train_loss: 0.00152463 
test_loss: 0.00148722 
train_loss: 0.00149682 
test_loss: 0.00149086 
train_loss: 0.00140729 
test_loss: 0.00141029 
train_loss: 0.0014128 
test_loss: 0.00137733 
train_loss: 0.00132578 
test_loss: 0.00138083 
train_loss: 0.00148749 
test_loss: 0.00138206 
train_loss: 0.00139846 
test_loss: 0.00137373 
train_loss: 0.00137105 
test_loss: 0.0013381 
train_loss: 0.00124419 
test_loss: 0.00133811 
train_loss: 0.00135683 
test_loss: 0.00141121 
train_loss: 0.00135812 
test_loss: 0.00137868 
train_loss: 0.00140863 
test_loss: 0.0013247 
train_loss: 0.00125555 
test_loss: 0.00131517 
train_loss: 0.00131097 
test_loss: 0.00133118 
train_loss: 0.00136731 
test_loss: 0.00129225 
train_loss: 0.00124213 
test_loss: 0.0012923 
train_loss: 0.00139203 
test_loss: 0.00129661 
train_loss: 0.00120657 
test_loss: 0.00124972 
train_loss: 0.00124048 
test_loss: 0.0012546 
train_loss: 0.00129857 
test_loss: 0.00130658 
train_loss: 0.00129109 
test_loss: 0.00122851 
train_loss: 0.00115366 
test_loss: 0.00128535 
train_loss: 0.00120604 
test_loss: 0.00125609 
train_loss: 0.00119496 
test_loss: 0.00124548 
train_loss: 0.00133675 
test_loss: 0.00131067 
train_loss: 0.00124009 
test_loss: 0.00132639 
train_loss: 0.00129213 
test_loss: 0.00126224 
train_loss: 0.00115557 
test_loss: 0.00122006 
train_loss: 0.00127243 
test_loss: 0.00124964 
train_loss: 0.00120256 
test_loss: 0.00117946 
train_loss: 0.0012399 
test_loss: 0.00117739 
train_loss: 0.00118998 
test_loss: 0.00120448 
train_loss: 0.00119918 
test_loss: 0.00115054 
train_loss: 0.00117899 
test_loss: 0.00112596 
train_loss: 0.00113531 
test_loss: 0.0011516 
train_loss: 0.00110308 
test_loss: 0.0011324 
train_loss: 0.00107715 
test_loss: 0.00111371 
train_loss: 0.00110509 
test_loss: 0.00113004 
train_loss: 0.0011248 
test_loss: 0.00110155 
train_loss: 0.0011335 
test_loss: 0.00110443 
train_loss: 0.0011056 
test_loss: 0.00111247 
train_loss: 0.00110224 
test_loss: 0.0010588 
train_loss: 0.00108272 
test_loss: 0.00107908 
train_loss: 0.00101202 
test_loss: 0.00115416 
train_loss: 0.000986629 
test_loss: 0.00107368 
train_loss: 0.001072 
test_loss: 0.0010515 
train_loss: 0.00112513 
test_loss: 0.00107584 
train_loss: 0.00111908 
test_loss: 0.00106441 
train_loss: 0.00107636 
test_loss: 0.000994874 
train_loss: 0.00102762 
test_loss: 0.0010085 
train_loss: 0.00105466 
test_loss: 0.00101221 
train_loss: 0.000936019 
test_loss: 0.000994397 
train_loss: 0.00107055 
test_loss: 0.000985542 
train_loss: 0.00103684 
test_loss: 0.00101721 
train_loss: 0.00108682 
test_loss: 0.000962471 
train_loss: 0.000989711 
test_loss: 0.00104936 
train_loss: 0.000954047 
test_loss: 0.000951174 
train_loss: 0.00096112 
test_loss: 0.00104117 
train_loss: 0.00100503 
test_loss: 0.00104698 
