train_loss: 0.532361 
test_loss: 0.53078 
train_loss: 0.529864 
test_loss: 0.529444 
train_loss: 0.52644 
test_loss: 0.528478 
train_loss: 0.528837 
test_loss: 0.527328 
train_loss: 0.523554 
test_loss: 0.526023 
train_loss: 0.522762 
test_loss: 0.524599 
train_loss: 0.521329 
test_loss: 0.523038 
train_loss: 0.525391 
test_loss: 0.521378 
train_loss: 0.518116 
test_loss: 0.519594 
train_loss: 0.525096 
test_loss: 0.517736 
train_loss: 0.521788 
test_loss: 0.515769 
train_loss: 0.513063 
test_loss: 0.51375 
train_loss: 0.505071 
test_loss: 0.511616 
train_loss: 0.507983 
test_loss: 0.509396 
train_loss: 0.500216 
test_loss: 0.507144 
train_loss: 0.506592 
test_loss: 0.504801 
train_loss: 0.496397 
test_loss: 0.502388 
train_loss: 0.499324 
test_loss: 0.499921 
train_loss: 0.492514 
test_loss: 0.497349 
train_loss: 0.494874 
test_loss: 0.494781 
train_loss: 0.495794 
test_loss: 0.492117 
train_loss: 0.48312 
test_loss: 0.489373 
train_loss: 0.481264 
test_loss: 0.486599 
train_loss: 0.480616 
test_loss: 0.483753 
train_loss: 0.47636 
test_loss: 0.480847 
train_loss: 0.477511 
test_loss: 0.477879 
train_loss: 0.47181 
test_loss: 0.474881 
train_loss: 0.473944 
test_loss: 0.471828 
train_loss: 0.468076 
test_loss: 0.468733 
train_loss: 0.46458 
test_loss: 0.465575 
train_loss: 0.462901 
test_loss: 0.462392 
train_loss: 0.461012 
test_loss: 0.459134 
train_loss: 0.457091 
test_loss: 0.455835 
train_loss: 0.447581 
test_loss: 0.452501 
train_loss: 0.45575 
test_loss: 0.449131 
train_loss: 0.450287 
test_loss: 0.445702 
train_loss: 0.445856 
test_loss: 0.44224 
train_loss: 0.436145 
test_loss: 0.438743 
train_loss: 0.435821 
test_loss: 0.435233 
train_loss: 0.432126 
test_loss: 0.431711 
train_loss: 0.420038 
test_loss: 0.428148 
train_loss: 0.424645 
test_loss: 0.424583 
train_loss: 0.421844 
test_loss: 0.421007 
train_loss: 0.41101 
test_loss: 0.417399 
train_loss: 0.413215 
test_loss: 0.41376 
train_loss: 0.413047 
test_loss: 0.410084 
train_loss: 0.41028 
test_loss: 0.406371 
train_loss: 0.397281 
test_loss: 0.402622 
train_loss: 0.392775 
test_loss: 0.398862 
train_loss: 0.390344 
test_loss: 0.395072 
train_loss: 0.393767 
test_loss: 0.391249 
train_loss: 0.39199 
test_loss: 0.387418 
train_loss: 0.386446 
test_loss: 0.383563 
train_loss: 0.383769 
test_loss: 0.379703 
train_loss: 0.374125 
test_loss: 0.37584 
train_loss: 0.370921 
test_loss: 0.371965 
train_loss: 0.368748 
test_loss: 0.36809 
train_loss: 0.36579 
test_loss: 0.364211 
train_loss: 0.359028 
test_loss: 0.360323 
train_loss: 0.356785 
test_loss: 0.356413 
train_loss: 0.356212 
test_loss: 0.352491 
train_loss: 0.3488 
test_loss: 0.348527 
train_loss: 0.343627 
test_loss: 0.344553 
train_loss: 0.33898 
test_loss: 0.340518 
train_loss: 0.33413 
test_loss: 0.336464 
train_loss: 0.33157 
test_loss: 0.332344 
train_loss: 0.320809 
test_loss: 0.328158 
train_loss: 0.326888 
test_loss: 0.323896 
train_loss: 0.317316 
test_loss: 0.319537 
train_loss: 0.312074 
test_loss: 0.315096 
train_loss: 0.309809 
test_loss: 0.310545 
train_loss: 0.309275 
test_loss: 0.305901 
train_loss: 0.303048 
test_loss: 0.301128 
train_loss: 0.296431 
test_loss: 0.296262 
train_loss: 0.293868 
test_loss: 0.291304 
train_loss: 0.283881 
test_loss: 0.286226 
train_loss: 0.278797 
test_loss: 0.281064 
train_loss: 0.274 
test_loss: 0.2758 
train_loss: 0.27077 
test_loss: 0.270442 
train_loss: 0.261162 
test_loss: 0.264994 
train_loss: 0.259208 
test_loss: 0.25943 
train_loss: 0.253524 
test_loss: 0.253776 
train_loss: 0.245952 
test_loss: 0.247997 
train_loss: 0.241292 
test_loss: 0.2421 
train_loss: 0.233837 
test_loss: 0.236084 
train_loss: 0.229347 
test_loss: 0.229955 
train_loss: 0.22043 
test_loss: 0.22371 
train_loss: 0.215708 
test_loss: 0.217371 
train_loss: 0.209868 
test_loss: 0.210943 
train_loss: 0.202938 
test_loss: 0.204429 
train_loss: 0.197599 
test_loss: 0.197884 
train_loss: 0.192916 
test_loss: 0.191331 
train_loss: 0.185414 
test_loss: 0.18478 
train_loss: 0.179062 
test_loss: 0.178263 
train_loss: 0.17005 
test_loss: 0.1718 
train_loss: 0.166151 
test_loss: 0.165405 
train_loss: 0.158882 
test_loss: 0.159082 
train_loss: 0.152456 
test_loss: 0.152851 
train_loss: 0.146366 
test_loss: 0.14672 
train_loss: 0.142163 
test_loss: 0.140715 
train_loss: 0.136106 
test_loss: 0.134814 
train_loss: 0.128466 
test_loss: 0.129052 
train_loss: 0.126286 
test_loss: 0.12345 
train_loss: 0.119017 
test_loss: 0.117991 
train_loss: 0.113599 
test_loss: 0.112719 
train_loss: 0.106942 
test_loss: 0.107596 
train_loss: 0.10169 
test_loss: 0.102688 
train_loss: 0.0982777 
test_loss: 0.097996 
train_loss: 0.093119 
test_loss: 0.0935219 
train_loss: 0.0894191 
test_loss: 0.0892901 
train_loss: 0.085318 
test_loss: 0.0853188 
train_loss: 0.0810616 
test_loss: 0.0816145 
train_loss: 0.0782159 
test_loss: 0.0782097 
train_loss: 0.0747369 
test_loss: 0.0750809 
train_loss: 0.0729107 
test_loss: 0.0722575 
train_loss: 0.0693608 
test_loss: 0.0696997 
train_loss: 0.0670879 
test_loss: 0.0674098 
train_loss: 0.0646981 
test_loss: 0.0653626 
train_loss: 0.0631325 
test_loss: 0.0635366 
train_loss: 0.0625723 
test_loss: 0.0619374 
train_loss: 0.0604037 
test_loss: 0.0605102 
train_loss: 0.0590339 
test_loss: 0.0592713 
train_loss: 0.0585313 
test_loss: 0.0581675 
train_loss: 0.0570647 
test_loss: 0.0572052 
train_loss: 0.0564425 
test_loss: 0.0563658 
train_loss: 0.0559326 
test_loss: 0.0556238 
train_loss: 0.0551897 
test_loss: 0.0549713 
train_loss: 0.0544389 
test_loss: 0.0543772 
train_loss: 0.0534489 
test_loss: 0.0538561 
train_loss: 0.053693 
test_loss: 0.0533916 
train_loss: 0.0519065 
test_loss: 0.0529786 
train_loss: 0.0525857 
test_loss: 0.0526011 
train_loss: 0.0521519 
test_loss: 0.0522661 
train_loss: 0.0525035 
test_loss: 0.0519497 
train_loss: 0.051431 
test_loss: 0.0516418 
train_loss: 0.0515708 
test_loss: 0.0513876 
train_loss: 0.0518046 
test_loss: 0.051134 
train_loss: 0.0516084 
test_loss: 0.0508921 
train_loss: 0.0510449 
test_loss: 0.0506524 
train_loss: 0.050434 
test_loss: 0.0504406 
train_loss: 0.0497715 
test_loss: 0.0502376 
train_loss: 0.0500199 
test_loss: 0.0500304 
train_loss: 0.050323 
test_loss: 0.0498381 
train_loss: 0.0505475 
test_loss: 0.0496374 
train_loss: 0.0488404 
test_loss: 0.0494574 
train_loss: 0.0490815 
test_loss: 0.0492534 
train_loss: 0.0492514 
test_loss: 0.0490657 
train_loss: 0.0485443 
test_loss: 0.0488871 
train_loss: 0.0483317 
test_loss: 0.0487114 
train_loss: 0.0486869 
test_loss: 0.048516 
train_loss: 0.0475752 
test_loss: 0.048323 
train_loss: 0.0477211 
test_loss: 0.0480978 
train_loss: 0.0483507 
test_loss: 0.0479253 
train_loss: 0.0479934 
test_loss: 0.0477312 
train_loss: 0.0468469 
test_loss: 0.0475038 
train_loss: 0.0473955 
test_loss: 0.0472884 
train_loss: 0.0476403 
test_loss: 0.0470681 
train_loss: 0.0469558 
test_loss: 0.0468663 
train_loss: 0.0469826 
test_loss: 0.0466208 
train_loss: 0.0462318 
test_loss: 0.0463604 
train_loss: 0.0462933 
test_loss: 0.0461273 
train_loss: 0.0462716 
test_loss: 0.0458652 
train_loss: 0.045154 
test_loss: 0.0455844 
train_loss: 0.0453358 
test_loss: 0.0453043 
train_loss: 0.0448352 
test_loss: 0.0450051 
train_loss: 0.0445954 
test_loss: 0.0447154 
train_loss: 0.0440362 
test_loss: 0.0443917 
train_loss: 0.0435737 
test_loss: 0.0440294 
train_loss: 0.0434577 
test_loss: 0.0436747 
train_loss: 0.0434622 
test_loss: 0.0433094 
train_loss: 0.0424014 
test_loss: 0.0428745 
train_loss: 0.0418117 
test_loss: 0.0424418 
train_loss: 0.0422497 
test_loss: 0.0420346 
train_loss: 0.0419976 
test_loss: 0.0416073 
train_loss: 0.0406466 
test_loss: 0.0411586 
train_loss: 0.0406245 
test_loss: 0.0407315 
train_loss: 0.0398534 
test_loss: 0.0402658 
train_loss: 0.0397215 
test_loss: 0.039826 
train_loss: 0.0394566 
test_loss: 0.0393315 
train_loss: 0.0388763 
test_loss: 0.0388327 
train_loss: 0.0384523 
test_loss: 0.0383702 
train_loss: 0.0382289 
test_loss: 0.0378357 
train_loss: 0.0376917 
test_loss: 0.0373053 
train_loss: 0.0364264 
test_loss: 0.0367292 
train_loss: 0.0362897 
test_loss: 0.0361794 
train_loss: 0.0359544 
test_loss: 0.0356043 
train_loss: 0.0353345 
test_loss: 0.0350021 
train_loss: 0.033811 
test_loss: 0.0344169 
train_loss: 0.0333643 
test_loss: 0.0338289 
train_loss: 0.0327134 
test_loss: 0.0331942 
train_loss: 0.0328219 
test_loss: 0.0326028 
train_loss: 0.0320698 
test_loss: 0.0319491 
train_loss: 0.0312684 
test_loss: 0.0313293 
train_loss: 0.0305752 
test_loss: 0.0307088 
train_loss: 0.0302054 
test_loss: 0.0301511 
train_loss: 0.0301919 
test_loss: 0.0295087 
train_loss: 0.029371 
test_loss: 0.0289867 
train_loss: 0.0284213 
test_loss: 0.0283458 
train_loss: 0.0282288 
test_loss: 0.0277996 
train_loss: 0.0274014 
test_loss: 0.0272432 
train_loss: 0.0267279 
test_loss: 0.0267068 
train_loss: 0.0263672 
test_loss: 0.0261384 
train_loss: 0.025868 
test_loss: 0.0255908 
train_loss: 0.0250878 
test_loss: 0.0250461 
train_loss: 0.024561 
test_loss: 0.0245375 
train_loss: 0.023988 
test_loss: 0.024031 
train_loss: 0.0232512 
test_loss: 0.0234911 
train_loss: 0.0233065 
test_loss: 0.0229582 
train_loss: 0.0227068 
test_loss: 0.0224317 
train_loss: 0.0220319 
test_loss: 0.0219127 
train_loss: 0.0216213 
test_loss: 0.0214099 
train_loss: 0.0204907 
test_loss: 0.0208609 
train_loss: 0.0206189 
test_loss: 0.0203425 
train_loss: 0.0195983 
test_loss: 0.0198247 
train_loss: 0.0193445 
test_loss: 0.0192793 
train_loss: 0.0187606 
test_loss: 0.0187514 
train_loss: 0.0183617 
test_loss: 0.0181478 
train_loss: 0.0174954 
test_loss: 0.017573 
train_loss: 0.0167429 
test_loss: 0.0169115 
train_loss: 0.0161934 
test_loss: 0.0162786 
train_loss: 0.0155767 
test_loss: 0.0154795 
train_loss: 0.0144881 
test_loss: 0.0147581 
train_loss: 0.0138416 
test_loss: 0.0140237 
train_loss: 0.0132704 
test_loss: 0.0134576 
train_loss: 0.0126967 
test_loss: 0.012907 
train_loss: 0.0124607 
test_loss: 0.0123385 
train_loss: 0.0117129 
test_loss: 0.0118132 
train_loss: 0.0112499 
test_loss: 0.0113482 
train_loss: 0.0108358 
test_loss: 0.010883 
train_loss: 0.0102868 
test_loss: 0.0105662 
train_loss: 0.0101701 
test_loss: 0.0101291 
train_loss: 0.00976194 
test_loss: 0.00987762 
train_loss: 0.00927262 
test_loss: 0.0094726 
train_loss: 0.00913355 
test_loss: 0.00919618 
train_loss: 0.00894153 
test_loss: 0.00894705 
train_loss: 0.00858179 
test_loss: 0.00862881 
train_loss: 0.0083424 
test_loss: 0.00835525 
train_loss: 0.0081304 
test_loss: 0.00816067 
train_loss: 0.0078337 
test_loss: 0.00791465 
train_loss: 0.00761732 
test_loss: 0.00768742 
train_loss: 0.00760827 
test_loss: 0.00750614 
train_loss: 0.00731904 
test_loss: 0.00734176 
train_loss: 0.00723339 
test_loss: 0.00707549 
train_loss: 0.00683055 
test_loss: 0.00693171 
train_loss: 0.0067726 
test_loss: 0.00682907 
train_loss: 0.00662644 
test_loss: 0.00657105 
train_loss: 0.00637978 
test_loss: 0.00651823 
train_loss: 0.00628374 
test_loss: 0.00633206 
train_loss: 0.00615918 
test_loss: 0.00618913 
train_loss: 0.00609687 
test_loss: 0.00602449 
train_loss: 0.00583005 
test_loss: 0.00596332 
train_loss: 0.00575726 
test_loss: 0.00569055 
train_loss: 0.00552651 
test_loss: 0.00556873 
train_loss: 0.00550595 
test_loss: 0.00553072 
train_loss: 0.00529405 
test_loss: 0.0054432 
train_loss: 0.00525418 
test_loss: 0.00521609 
train_loss: 0.00501312 
test_loss: 0.00507588 
train_loss: 0.00494254 
test_loss: 0.00494859 
train_loss: 0.00483146 
test_loss: 0.00497392 
train_loss: 0.00474514 
test_loss: 0.00475224 
train_loss: 0.00470675 
test_loss: 0.00472221 
train_loss: 0.00453827 
test_loss: 0.00453511 
train_loss: 0.00447692 
test_loss: 0.00458256 
train_loss: 0.00468186 
test_loss: 0.00455248 
train_loss: 0.00439062 
test_loss: 0.00433043 
train_loss: 0.00416401 
test_loss: 0.00429654 
train_loss: 0.00408615 
test_loss: 0.00417227 
train_loss: 0.00397908 
test_loss: 0.00405236 
train_loss: 0.00394602 
test_loss: 0.00392961 
train_loss: 0.00385029 
test_loss: 0.00382491 
train_loss: 0.00386429 
test_loss: 0.00381164 
train_loss: 0.00367537 
test_loss: 0.00367223 
train_loss: 0.00356457 
test_loss: 0.00361832 
train_loss: 0.00364301 
test_loss: 0.00369702 
train_loss: 0.00353659 
test_loss: 0.00364723 
train_loss: 0.00346146 
test_loss: 0.0033833 
train_loss: 0.00349965 
test_loss: 0.00355661 
train_loss: 0.00363535 
test_loss: 0.0036953 
train_loss: 0.0033061 
test_loss: 0.0033007 
train_loss: 0.00318013 
test_loss: 0.00315922 
train_loss: 0.00312891 
test_loss: 0.00325511 
train_loss: 0.00311815 
test_loss: 0.00310348 
train_loss: 0.00305812 
test_loss: 0.00304476 
train_loss: 0.00299173 
test_loss: 0.00309595 
train_loss: 0.00301082 
test_loss: 0.00304872 
train_loss: 0.00295532 
test_loss: 0.00290281 
train_loss: 0.00283913 
test_loss: 0.00281042 
train_loss: 0.00315767 
test_loss: 0.00301847 
train_loss: 0.00283018 
test_loss: 0.00285158 
train_loss: 0.00269705 
test_loss: 0.00273431 
train_loss: 0.00291609 
test_loss: 0.00290225 
train_loss: 0.00298833 
test_loss: 0.00292359 
train_loss: 0.00262184 
test_loss: 0.00259839 
train_loss: 0.00263808 
test_loss: 0.00265225 
train_loss: 0.00273451 
test_loss: 0.00285724 
train_loss: 0.0026557 
test_loss: 0.00260474 
train_loss: 0.00281279 
test_loss: 0.00272575 
train_loss: 0.00241294 
test_loss: 0.00249349 
train_loss: 0.00266308 
test_loss: 0.00268748 
train_loss: 0.00250668 
test_loss: 0.00256247 
train_loss: 0.00260258 
test_loss: 0.0025412 
train_loss: 0.0025813 
test_loss: 0.00241203 
train_loss: 0.00247982 
test_loss: 0.00258897 
train_loss: 0.00236845 
test_loss: 0.00242566 
train_loss: 0.00257074 
test_loss: 0.00253653 
train_loss: 0.00239868 
test_loss: 0.00242759 
train_loss: 0.00218001 
test_loss: 0.00221228 
train_loss: 0.00228014 
test_loss: 0.00222972 
train_loss: 0.00236875 
test_loss: 0.00242319 
train_loss: 0.00229689 
test_loss: 0.0023271 
train_loss: 0.00239136 
test_loss: 0.00223371 
train_loss: 0.00223054 
test_loss: 0.00225004 
train_loss: 0.00214325 
test_loss: 0.00222438 
train_loss: 0.00227161 
test_loss: 0.00221302 
train_loss: 0.00223555 
test_loss: 0.00218764 
train_loss: 0.00224676 
test_loss: 0.00215574 
train_loss: 0.00227034 
test_loss: 0.00229401 
train_loss: 0.00207976 
test_loss: 0.00214825 
train_loss: 0.00209771 
test_loss: 0.00216061 
train_loss: 0.00203358 
test_loss: 0.00208833 
train_loss: 0.00205561 
test_loss: 0.00202831 
train_loss: 0.00215636 
test_loss: 0.00213516 
train_loss: 0.00199619 
test_loss: 0.00197615 
train_loss: 0.0022658 
test_loss: 0.00223904 
train_loss: 0.00208461 
test_loss: 0.0021222 
train_loss: 0.00197304 
test_loss: 0.00203334 
train_loss: 0.00220187 
test_loss: 0.00227914 
train_loss: 0.00213053 
test_loss: 0.00224582 
train_loss: 0.00197648 
test_loss: 0.00205577 
train_loss: 0.00193753 
test_loss: 0.00184834 
train_loss: 0.001975 
test_loss: 0.00208274 
