train_loss: 0.099339 
test_loss: 0.102207 
train_loss: 0.094775 
test_loss: 0.094251 
train_loss: 0.080292 
test_loss: 0.081361 
train_loss: 0.069363 
test_loss: 0.069722 
train_loss: 0.061435 
test_loss: 0.063202 
train_loss: 0.059564 
test_loss: 0.060583 
train_loss: 0.058082 
test_loss: 0.058263 
train_loss: 0.056778 
test_loss: 0.057121 
train_loss: 0.054203 
test_loss: 0.055327 
train_loss: 0.053034 
test_loss: 0.052680 
train_loss: 0.047402 
test_loss: 0.050788 
train_loss: 0.048117 
test_loss: 0.048277 
train_loss: 0.045084 
test_loss: 0.045497 
train_loss: 0.041253 
test_loss: 0.042616 
train_loss: 0.039741 
test_loss: 0.041212 
train_loss: 0.038691 
test_loss: 0.038863 
train_loss: 0.037125 
test_loss: 0.037181 
train_loss: 0.035732 
test_loss: 0.035756 
train_loss: 0.034551 
test_loss: 0.035113 
train_loss: 0.034036 
test_loss: 0.034052 
train_loss: 0.031457 
test_loss: 0.032859 
train_loss: 0.032155 
test_loss: 0.032141 
train_loss: 0.029989 
test_loss: 0.030612 
train_loss: 0.029914 
test_loss: 0.030100 
train_loss: 0.027727 
test_loss: 0.029043 
train_loss: 0.026782 
test_loss: 0.029090 
train_loss: 0.029453 
test_loss: 0.028447 
train_loss: 0.026593 
test_loss: 0.027715 
train_loss: 0.027675 
test_loss: 0.027399 
train_loss: 0.026604 
test_loss: 0.027403 
train_loss: 0.026133 
test_loss: 0.026344 
train_loss: 0.026810 
test_loss: 0.025956 
train_loss: 0.026107 
test_loss: 0.026366 
train_loss: 0.025439 
test_loss: 0.025725 
train_loss: 0.026499 
test_loss: 0.025519 
train_loss: 0.025123 
test_loss: 0.024802 
train_loss: 0.025127 
test_loss: 0.024594 
train_loss: 0.024050 
test_loss: 0.024717 
train_loss: 0.024217 
test_loss: 0.024427 
train_loss: 0.024182 
test_loss: 0.024092 
train_loss: 0.024478 
test_loss: 0.024199 
train_loss: 0.024005 
test_loss: 0.023384 
train_loss: 0.022975 
test_loss: 0.023550 
train_loss: 0.022431 
test_loss: 0.023386 
train_loss: 0.020914 
test_loss: 0.022982 
train_loss: 0.022195 
test_loss: 0.023118 
train_loss: 0.024586 
test_loss: 0.022728 
train_loss: 0.022014 
test_loss: 0.022338 
train_loss: 0.022579 
test_loss: 0.022137 
train_loss: 0.022589 
test_loss: 0.022898 
train_loss: 0.021061 
test_loss: 0.022305 
train_loss: 0.021434 
test_loss: 0.021633 
train_loss: 0.020945 
test_loss: 0.021730 
train_loss: 0.022290 
test_loss: 0.021986 
train_loss: 0.020732 
test_loss: 0.021715 
train_loss: 0.021487 
test_loss: 0.021274 
train_loss: 0.021241 
test_loss: 0.020987 
train_loss: 0.021832 
test_loss: 0.021046 
train_loss: 0.021767 
test_loss: 0.021022 
train_loss: 0.020708 
test_loss: 0.021104 
train_loss: 0.021343 
test_loss: 0.021069 
train_loss: 0.020366 
test_loss: 0.021037 
train_loss: 0.019365 
test_loss: 0.020814 
train_loss: 0.018975 
test_loss: 0.020427 
train_loss: 0.019444 
test_loss: 0.020766 
train_loss: 0.019988 
test_loss: 0.020857 
train_loss: 0.020133 
test_loss: 0.020209 
train_loss: 0.019089 
test_loss: 0.019915 
train_loss: 0.020551 
test_loss: 0.020324 
train_loss: 0.021420 
test_loss: 0.020116 
train_loss: 0.020030 
test_loss: 0.020627 
train_loss: 0.020131 
test_loss: 0.019793 
train_loss: 0.019390 
test_loss: 0.019877 
train_loss: 0.019267 
test_loss: 0.020022 
train_loss: 0.017942 
test_loss: 0.019511 
train_loss: 0.020354 
test_loss: 0.019816 
train_loss: 0.020906 
test_loss: 0.020106 
train_loss: 0.019702 
test_loss: 0.019258 
train_loss: 0.018532 
test_loss: 0.019392 
train_loss: 0.018371 
test_loss: 0.019452 
train_loss: 0.018072 
test_loss: 0.019020 
train_loss: 0.019027 
test_loss: 0.019242 
train_loss: 0.018295 
test_loss: 0.018923 
train_loss: 0.018878 
test_loss: 0.019284 
train_loss: 0.019170 
test_loss: 0.018710 
train_loss: 0.021113 
test_loss: 0.019214 
train_loss: 0.017630 
test_loss: 0.018840 
train_loss: 0.017624 
test_loss: 0.018726 
train_loss: 0.018159 
test_loss: 0.018393 
train_loss: 0.017780 
test_loss: 0.018930 
train_loss: 0.019112 
test_loss: 0.018925 
train_loss: 0.018821 
test_loss: 0.018331 
train_loss: 0.017488 
test_loss: 0.018624 
train_loss: 0.019036 
test_loss: 0.019299 
train_loss: 0.018261 
test_loss: 0.018452 
train_loss: 0.018104 
test_loss: 0.018686 
train_loss: 0.017950 
test_loss: 0.018354 
train_loss: 0.017701 
test_loss: 0.018283 
train_loss: 0.018347 
test_loss: 0.017684 
train_loss: 0.019558 
test_loss: 0.018117 
train_loss: 0.017386 
test_loss: 0.018315 
train_loss: 0.017157 
test_loss: 0.018063 
train_loss: 0.017028 
test_loss: 0.017674 
train_loss: 0.017704 
test_loss: 0.017960 
train_loss: 0.017098 
test_loss: 0.017541 
train_loss: 0.016916 
test_loss: 0.017903 
train_loss: 0.017903 
test_loss: 0.017910 
train_loss: 0.018478 
test_loss: 0.018542 
train_loss: 0.018326 
test_loss: 0.018362 
train_loss: 0.017576 
test_loss: 0.017538 
train_loss: 0.016575 
test_loss: 0.017825 
train_loss: 0.015755 
test_loss: 0.017536 
train_loss: 0.016660 
test_loss: 0.018078 
train_loss: 0.016845 
test_loss: 0.017608 
train_loss: 0.017719 
test_loss: 0.017485 
train_loss: 0.016569 
test_loss: 0.017728 
train_loss: 0.017269 
test_loss: 0.017208 
train_loss: 0.016715 
test_loss: 0.017256 
train_loss: 0.016736 
test_loss: 0.017367 
train_loss: 0.016347 
test_loss: 0.017096 
train_loss: 0.016590 
test_loss: 0.017629 
train_loss: 0.017434 
test_loss: 0.017215 
train_loss: 0.016089 
test_loss: 0.016967 
train_loss: 0.016803 
test_loss: 0.017158 
train_loss: 0.016681 
test_loss: 0.017243 
train_loss: 0.015938 
test_loss: 0.017196 
train_loss: 0.015883 
test_loss: 0.016390 
train_loss: 0.016274 
test_loss: 0.016676 
train_loss: 0.016278 
test_loss: 0.016950 
train_loss: 0.016779 
test_loss: 0.017428 
train_loss: 0.016964 
test_loss: 0.016528 
train_loss: 0.015968 
test_loss: 0.017200 
train_loss: 0.015878 
test_loss: 0.016527 
train_loss: 0.017086 
test_loss: 0.016591 
train_loss: 0.016313 
test_loss: 0.016502 
train_loss: 0.014911 
test_loss: 0.016245 
train_loss: 0.016621 
test_loss: 0.017015 
train_loss: 0.016377 
test_loss: 0.016676 
train_loss: 0.015792 
test_loss: 0.016402 
train_loss: 0.015249 
test_loss: 0.016605 
train_loss: 0.015652 
test_loss: 0.016164 
train_loss: 0.016363 
test_loss: 0.017009 
train_loss: 0.016528 
test_loss: 0.016345 
train_loss: 0.015833 
test_loss: 0.016079 
train_loss: 0.015801 
test_loss: 0.016479 
train_loss: 0.016000 
test_loss: 0.016155 
train_loss: 0.015959 
test_loss: 0.016128 
train_loss: 0.015164 
test_loss: 0.016284 
train_loss: 0.015288 
test_loss: 0.016217 
train_loss: 0.015778 
test_loss: 0.016147 
train_loss: 0.015863 
test_loss: 0.016571 
