train_loss: 0.768855 
test_loss: 0.762554 
train_loss: 0.762699 
test_loss: 0.762876 
train_loss: 0.751734 
test_loss: 0.752197 
train_loss: 0.732926 
test_loss: 0.729041 
train_loss: 0.736175 
test_loss: 0.726593 
train_loss: 0.71952 
test_loss: 0.724519 
train_loss: 0.71873 
test_loss: 0.72214 
train_loss: 0.716765 
test_loss: 0.71944 
train_loss: 0.728541 
test_loss: 0.716394 
train_loss: 0.715226 
test_loss: 0.712981 
train_loss: 0.703311 
test_loss: 0.709191 
train_loss: 0.709087 
test_loss: 0.704958 
train_loss: 0.700157 
test_loss: 0.700267 
train_loss: 0.701021 
test_loss: 0.695082 
train_loss: 0.686217 
test_loss: 0.689374 
train_loss: 0.685165 
test_loss: 0.683169 
train_loss: 0.676051 
test_loss: 0.676496 
train_loss: 0.662431 
test_loss: 0.669372 
train_loss: 0.656918 
test_loss: 0.661863 
train_loss: 0.64674 
test_loss: 0.654007 
train_loss: 0.638366 
test_loss: 0.645865 
train_loss: 0.636937 
test_loss: 0.637414 
train_loss: 0.629407 
test_loss: 0.628533 
train_loss: 0.61994 
test_loss: 0.618773 
train_loss: 0.608164 
test_loss: 0.608044 
train_loss: 0.608708 
test_loss: 0.599675 
train_loss: 0.587119 
test_loss: 0.594081 
train_loss: 0.5934 
test_loss: 0.588957 
train_loss: 0.583237 
test_loss: 0.58385 
train_loss: 0.579141 
test_loss: 0.578713 
train_loss: 0.57926 
test_loss: 0.573539 
train_loss: 0.566502 
test_loss: 0.568218 
train_loss: 0.56551 
test_loss: 0.56282 
train_loss: 0.563492 
test_loss: 0.557308 
train_loss: 0.551679 
test_loss: 0.551645 
train_loss: 0.545995 
test_loss: 0.545894 
train_loss: 0.544852 
test_loss: 0.540034 
train_loss: 0.536797 
test_loss: 0.534005 
train_loss: 0.535003 
test_loss: 0.527757 
train_loss: 0.527683 
test_loss: 0.521218 
train_loss: 0.510515 
test_loss: 0.51424 
train_loss: 0.509683 
test_loss: 0.506538 
train_loss: 0.5014 
test_loss: 0.498063 
train_loss: 0.493895 
test_loss: 0.489298 
train_loss: 0.48111 
test_loss: 0.480031 
train_loss: 0.464472 
test_loss: 0.469466 
train_loss: 0.463336 
test_loss: 0.456574 
train_loss: 0.442576 
test_loss: 0.440788 
train_loss: 0.422361 
test_loss: 0.422251 
train_loss: 0.400834 
test_loss: 0.401424 
train_loss: 0.383651 
test_loss: 0.379269 
train_loss: 0.356141 
test_loss: 0.356504 
train_loss: 0.330464 
test_loss: 0.333965 
train_loss: 0.30919 
test_loss: 0.312548 
train_loss: 0.292241 
test_loss: 0.292742 
train_loss: 0.276956 
test_loss: 0.275048 
train_loss: 0.261279 
test_loss: 0.259472 
train_loss: 0.247157 
test_loss: 0.245985 
train_loss: 0.233829 
test_loss: 0.234317 
train_loss: 0.224824 
test_loss: 0.224166 
train_loss: 0.213393 
test_loss: 0.215297 
train_loss: 0.204623 
test_loss: 0.207421 
train_loss: 0.198765 
test_loss: 0.200368 
train_loss: 0.194317 
test_loss: 0.193953 
train_loss: 0.186401 
test_loss: 0.188108 
train_loss: 0.18552 
test_loss: 0.182693 
train_loss: 0.179493 
test_loss: 0.177674 
train_loss: 0.17337 
test_loss: 0.17297 
train_loss: 0.170113 
test_loss: 0.168531 
train_loss: 0.164234 
test_loss: 0.164351 
train_loss: 0.159173 
test_loss: 0.160398 
train_loss: 0.160034 
test_loss: 0.156628 
train_loss: 0.153064 
test_loss: 0.153041 
train_loss: 0.149656 
test_loss: 0.14964 
train_loss: 0.145677 
test_loss: 0.146384 
train_loss: 0.140124 
test_loss: 0.143304 
train_loss: 0.139886 
test_loss: 0.140333 
train_loss: 0.137644 
test_loss: 0.137534 
train_loss: 0.136583 
test_loss: 0.134863 
train_loss: 0.132214 
test_loss: 0.132326 
train_loss: 0.130941 
test_loss: 0.129916 
train_loss: 0.1279 
test_loss: 0.127669 
train_loss: 0.126708 
test_loss: 0.125495 
train_loss: 0.12467 
test_loss: 0.123434 
train_loss: 0.123353 
test_loss: 0.121508 
train_loss: 0.120129 
test_loss: 0.11968 
train_loss: 0.118217 
test_loss: 0.117968 
train_loss: 0.117612 
test_loss: 0.116344 
train_loss: 0.115295 
test_loss: 0.114821 
train_loss: 0.113562 
test_loss: 0.11341 
train_loss: 0.113489 
test_loss: 0.11206 
train_loss: 0.109648 
test_loss: 0.110811 
train_loss: 0.109341 
test_loss: 0.109629 
train_loss: 0.106112 
test_loss: 0.108533 
train_loss: 0.107448 
test_loss: 0.107488 
train_loss: 0.105483 
test_loss: 0.106512 
train_loss: 0.106089 
test_loss: 0.10561 
train_loss: 0.10569 
test_loss: 0.104762 
train_loss: 0.103128 
test_loss: 0.10399 
train_loss: 0.104404 
test_loss: 0.103237 
train_loss: 0.102003 
test_loss: 0.102524 
train_loss: 0.101569 
test_loss: 0.101843 
train_loss: 0.100467 
test_loss: 0.101231 
train_loss: 0.0997089 
test_loss: 0.100624 
train_loss: 0.101578 
test_loss: 0.100069 
train_loss: 0.100393 
test_loss: 0.0995455 
train_loss: 0.0986793 
test_loss: 0.099078 
train_loss: 0.098384 
test_loss: 0.0985787 
train_loss: 0.0983733 
test_loss: 0.0981298 
train_loss: 0.0984404 
test_loss: 0.0977273 
train_loss: 0.0977644 
test_loss: 0.0973305 
train_loss: 0.0961904 
test_loss: 0.0969118 
train_loss: 0.0942943 
test_loss: 0.0965686 
train_loss: 0.0957118 
test_loss: 0.0962149 
train_loss: 0.0960301 
test_loss: 0.0958657 
train_loss: 0.0959805 
test_loss: 0.095592 
train_loss: 0.0948484 
test_loss: 0.0952836 
train_loss: 0.0952912 
test_loss: 0.0949729 
train_loss: 0.0942325 
test_loss: 0.0947581 
train_loss: 0.0942197 
test_loss: 0.0944216 
train_loss: 0.0936977 
test_loss: 0.0941905 
train_loss: 0.0933654 
test_loss: 0.0939772 
train_loss: 0.0931452 
test_loss: 0.0937145 
train_loss: 0.0936847 
test_loss: 0.0935487 
train_loss: 0.0935985 
test_loss: 0.0933028 
train_loss: 0.0929677 
test_loss: 0.093073 
train_loss: 0.0929855 
test_loss: 0.0928819 
train_loss: 0.0930109 
test_loss: 0.092743 
train_loss: 0.0923729 
test_loss: 0.0925029 
train_loss: 0.0924341 
test_loss: 0.0923367 
train_loss: 0.0931527 
test_loss: 0.0921828 
train_loss: 0.0923275 
test_loss: 0.0920211 
train_loss: 0.0914555 
test_loss: 0.0918949 
train_loss: 0.091607 
test_loss: 0.0917405 
train_loss: 0.0921326 
test_loss: 0.091652 
train_loss: 0.0911272 
test_loss: 0.0914288 
train_loss: 0.0916129 
test_loss: 0.0913104 
train_loss: 0.0923061 
test_loss: 0.0911922 
train_loss: 0.0914266 
test_loss: 0.0910512 
train_loss: 0.0895589 
test_loss: 0.0909994 
train_loss: 0.0911616 
test_loss: 0.0908512 
train_loss: 0.0896696 
test_loss: 0.0907345 
train_loss: 0.0923611 
test_loss: 0.0906312 
train_loss: 0.0910421 
test_loss: 0.0905212 
train_loss: 0.0912461 
test_loss: 0.0904341 
train_loss: 0.0902287 
test_loss: 0.0903514 
train_loss: 0.0896105 
test_loss: 0.090215 
train_loss: 0.0915992 
test_loss: 0.0901343 
train_loss: 0.0913216 
test_loss: 0.0901118 
train_loss: 0.090253 
test_loss: 0.0900295 
train_loss: 0.0905523 
test_loss: 0.0898946 
train_loss: 0.0894738 
test_loss: 0.0898119 
train_loss: 0.0891182 
test_loss: 0.0896945 
train_loss: 0.0889311 
test_loss: 0.0895989 
train_loss: 0.0899 
test_loss: 0.0894937 
train_loss: 0.0886911 
test_loss: 0.0893913 
train_loss: 0.0893593 
test_loss: 0.0892567 
train_loss: 0.088516 
test_loss: 0.0892423 
train_loss: 0.0891982 
test_loss: 0.0889169 
train_loss: 0.0879837 
test_loss: 0.0886256 
train_loss: 0.0880597 
test_loss: 0.0881593 
train_loss: 0.0880301 
test_loss: 0.0877288 
train_loss: 0.0885332 
test_loss: 0.0871512 
train_loss: 0.0874123 
test_loss: 0.0869481 
train_loss: 0.0868694 
test_loss: 0.086832 
train_loss: 0.0870299 
test_loss: 0.0865908 
train_loss: 0.0862051 
test_loss: 0.0864756 
train_loss: 0.0854038 
test_loss: 0.0863234 
train_loss: 0.0852515 
test_loss: 0.0862402 
train_loss: 0.0870356 
test_loss: 0.0860977 
train_loss: 0.0856919 
test_loss: 0.0859689 
train_loss: 0.0838877 
test_loss: 0.0857926 
train_loss: 0.0851544 
test_loss: 0.0857302 
train_loss: 0.0858434 
test_loss: 0.0855904 
train_loss: 0.0846847 
test_loss: 0.0854432 
train_loss: 0.0846572 
test_loss: 0.0853561 
train_loss: 0.0844577 
test_loss: 0.0851754 
train_loss: 0.085733 
test_loss: 0.085074 
train_loss: 0.0857599 
test_loss: 0.0849601 
train_loss: 0.0846855 
test_loss: 0.0847325 
train_loss: 0.0860163 
test_loss: 0.0845502 
train_loss: 0.0848988 
test_loss: 0.084332 
train_loss: 0.0841225 
test_loss: 0.0841392 
train_loss: 0.0844717 
test_loss: 0.0839797 
train_loss: 0.0818893 
test_loss: 0.0835849 
train_loss: 0.0835967 
test_loss: 0.0832798 
train_loss: 0.0830463 
test_loss: 0.0830459 
train_loss: 0.0833569 
test_loss: 0.0829099 
train_loss: 0.0817652 
test_loss: 0.0827419 
train_loss: 0.0831129 
test_loss: 0.082582 
train_loss: 0.0824369 
test_loss: 0.0825049 
train_loss: 0.0819285 
test_loss: 0.0823149 
train_loss: 0.0850572 
test_loss: 0.0821946 
train_loss: 0.0820518 
test_loss: 0.0821669 
train_loss: 0.0815853 
test_loss: 0.0820764 
train_loss: 0.0816839 
test_loss: 0.081866 
train_loss: 0.0808684 
test_loss: 0.0817481 
train_loss: 0.0819115 
test_loss: 0.0816828 
train_loss: 0.0826748 
test_loss: 0.0816498 
train_loss: 0.0812895 
test_loss: 0.0814371 
train_loss: 0.0816986 
test_loss: 0.0813792 
train_loss: 0.0829396 
test_loss: 0.0812582 
train_loss: 0.0797657 
test_loss: 0.0811718 
train_loss: 0.0806361 
test_loss: 0.0810264 
train_loss: 0.0809771 
test_loss: 0.0808869 
train_loss: 0.079731 
test_loss: 0.0808707 
train_loss: 0.0807753 
test_loss: 0.0806222 
train_loss: 0.0794638 
test_loss: 0.080396 
train_loss: 0.0809273 
test_loss: 0.0800828 
train_loss: 0.0808034 
test_loss: 0.0794932 
train_loss: 0.0786041 
test_loss: 0.0789088 
train_loss: 0.0770262 
test_loss: 0.0781063 
train_loss: 0.076386 
test_loss: 0.0774912 
train_loss: 0.0767833 
test_loss: 0.0771742 
train_loss: 0.0754595 
test_loss: 0.0771127 
train_loss: 0.0759178 
test_loss: 0.0767072 
train_loss: 0.0750872 
test_loss: 0.0765893 
train_loss: 0.0781571 
test_loss: 0.0767098 
train_loss: 0.0751605 
test_loss: 0.0762748 
train_loss: 0.0754445 
test_loss: 0.0762491 
train_loss: 0.0751165 
test_loss: 0.0761978 
train_loss: 0.07718 
test_loss: 0.0760345 
train_loss: 0.0742609 
test_loss: 0.0760787 
train_loss: 0.076358 
test_loss: 0.0759486 
train_loss: 0.0766397 
test_loss: 0.0758204 
train_loss: 0.0743526 
test_loss: 0.0758801 
train_loss: 0.076242 
test_loss: 0.0756299 
train_loss: 0.0751706 
test_loss: 0.075638 
train_loss: 0.0743287 
test_loss: 0.0754882 
train_loss: 0.076155 
test_loss: 0.0758038 
train_loss: 0.0742636 
test_loss: 0.0754488 
train_loss: 0.0746181 
test_loss: 0.0753912 
train_loss: 0.0745592 
test_loss: 0.0752872 
train_loss: 0.0755774 
test_loss: 0.075341 
train_loss: 0.0753889 
test_loss: 0.0753547 
train_loss: 0.0749588 
test_loss: 0.0750742 
train_loss: 0.0743595 
test_loss: 0.0750331 
train_loss: 0.0740069 
test_loss: 0.074909 
train_loss: 0.0739257 
test_loss: 0.0748243 
train_loss: 0.0748928 
test_loss: 0.0748053 
train_loss: 0.0751098 
test_loss: 0.0747748 
train_loss: 0.0737165 
test_loss: 0.0746431 
train_loss: 0.0748553 
test_loss: 0.0744782 
train_loss: 0.0741225 
test_loss: 0.0745764 
train_loss: 0.0732394 
test_loss: 0.0742747 
train_loss: 0.0744531 
test_loss: 0.0740884 
train_loss: 0.0730784 
test_loss: 0.0739323 
train_loss: 0.073919 
test_loss: 0.073503 
train_loss: 0.0731324 
test_loss: 0.0736373 
train_loss: 0.073447 
test_loss: 0.0730819 
train_loss: 0.0719416 
test_loss: 0.0728815 
train_loss: 0.0724731 
test_loss: 0.0726283 
train_loss: 0.0714855 
test_loss: 0.0721039 
train_loss: 0.0707557 
test_loss: 0.0719461 
train_loss: 0.0716332 
test_loss: 0.071459 
train_loss: 0.0706961 
test_loss: 0.0712244 
train_loss: 0.0698321 
test_loss: 0.0711144 
train_loss: 0.0696144 
test_loss: 0.0709587 
train_loss: 0.0702218 
test_loss: 0.0706668 
train_loss: 0.0708153 
test_loss: 0.0707029 
train_loss: 0.0707805 
test_loss: 0.0704141 
train_loss: 0.0700554 
test_loss: 0.0701825 
train_loss: 0.0690827 
test_loss: 0.070143 
train_loss: 0.0682754 
test_loss: 0.0700323 
train_loss: 0.0693288 
test_loss: 0.0698177 
train_loss: 0.0687342 
test_loss: 0.0700184 
train_loss: 0.069349 
test_loss: 0.069745 
train_loss: 0.0705443 
test_loss: 0.0698318 
train_loss: 0.0692671 
test_loss: 0.0696771 
train_loss: 0.0687642 
test_loss: 0.0696127 
train_loss: 0.06856 
test_loss: 0.0696767 
train_loss: 0.0696958 
test_loss: 0.0695055 
train_loss: 0.0695552 
test_loss: 0.0696622 
train_loss: 0.0704889 
test_loss: 0.0692572 
train_loss: 0.0689116 
test_loss: 0.069318 
train_loss: 0.0701766 
test_loss: 0.0691848 
train_loss: 0.0690117 
test_loss: 0.0692164 
train_loss: 0.0678752 
test_loss: 0.0695059 
train_loss: 0.0684666 
test_loss: 0.0693281 
train_loss: 0.0681086 
test_loss: 0.0691287 
train_loss: 0.0690829 
test_loss: 0.0695213 
train_loss: 0.0689762 
test_loss: 0.0690214 
train_loss: 0.0685804 
test_loss: 0.0690983 
train_loss: 0.0695694 
test_loss: 0.0690425 
train_loss: 0.0670957 
test_loss: 0.0690347 
train_loss: 0.0688095 
test_loss: 0.0690118 
train_loss: 0.0694576 
test_loss: 0.0690383 
train_loss: 0.0680942 
test_loss: 0.0687772 
train_loss: 0.0690067 
test_loss: 0.069093 
train_loss: 0.0691784 
test_loss: 0.068996 
train_loss: 0.06998 
test_loss: 0.069097 
train_loss: 0.0672417 
test_loss: 0.0690107 
train_loss: 0.0692241 
test_loss: 0.0687266 
train_loss: 0.0674042 
test_loss: 0.0687896 
train_loss: 0.068448 
test_loss: 0.0688471 
train_loss: 0.0676923 
test_loss: 0.068748 
train_loss: 0.0690925 
test_loss: 0.0690004 
train_loss: 0.0686228 
test_loss: 0.0690569 
train_loss: 0.0696469 
test_loss: 0.06858 
train_loss: 0.0682104 
test_loss: 0.0687197 
train_loss: 0.0692795 
test_loss: 0.0687234 
train_loss: 0.0681349 
test_loss: 0.0686202 
train_loss: 0.0690886 
test_loss: 0.0686774 
train_loss: 0.0687025 
test_loss: 0.0685856 
train_loss: 0.0687314 
test_loss: 0.0686197 
train_loss: 0.068038 
test_loss: 0.0685626 
train_loss: 0.0679098 
test_loss: 0.0685508 
train_loss: 0.0680717 
test_loss: 0.0683573 
train_loss: 0.0680488 
test_loss: 0.0685237 
train_loss: 0.0677033 
test_loss: 0.0686454 
train_loss: 0.0661795 
test_loss: 0.0685713 
train_loss: 0.0688019 
test_loss: 0.0682133 
train_loss: 0.0676222 
test_loss: 0.0681671 
train_loss: 0.067184 
test_loss: 0.0682191 
train_loss: 0.0671518 
test_loss: 0.0681165 
train_loss: 0.0669695 
test_loss: 0.068185 
train_loss: 0.0681116 
test_loss: 0.0680506 
train_loss: 0.0678163 
test_loss: 0.0679489 
train_loss: 0.0680649 
test_loss: 0.0684451 
train_loss: 0.0671148 
test_loss: 0.0679588 
train_loss: 0.0681505 
test_loss: 0.0680655 
train_loss: 0.0666829 
test_loss: 0.0676707 
train_loss: 0.0693294 
test_loss: 0.0675914 
train_loss: 0.066879 
test_loss: 0.0677219 
train_loss: 0.0669321 
test_loss: 0.0675981 
train_loss: 0.0677042 
test_loss: 0.0674424 
train_loss: 0.0669458 
test_loss: 0.0672702 
train_loss: 0.0666072 
test_loss: 0.0670379 
train_loss: 0.0663609 
test_loss: 0.0669673 
train_loss: 0.0660403 
test_loss: 0.066836 
train_loss: 0.0653709 
test_loss: 0.0665544 
train_loss: 0.0662502 
test_loss: 0.0661639 
train_loss: 0.0646126 
test_loss: 0.0659659 
train_loss: 0.0647827 
test_loss: 0.0658516 
train_loss: 0.066029 
test_loss: 0.065466 
train_loss: 0.0647221 
test_loss: 0.0653271 
train_loss: 0.0637098 
test_loss: 0.0650721 
train_loss: 0.0653987 
test_loss: 0.0650836 
train_loss: 0.0621657 
test_loss: 0.0645244 
train_loss: 0.0643659 
test_loss: 0.0642248 
train_loss: 0.0646701 
test_loss: 0.0637307 
train_loss: 0.062168 
test_loss: 0.0632921 
train_loss: 0.0609978 
test_loss: 0.0630085 
train_loss: 0.0621806 
test_loss: 0.0626577 
train_loss: 0.0619101 
test_loss: 0.0620772 
train_loss: 0.0609634 
test_loss: 0.0608286 
train_loss: 0.0606586 
test_loss: 0.0604328 
train_loss: 0.0588335 
test_loss: 0.0577382 
train_loss: 0.0569509 
test_loss: 0.0558474 
train_loss: 0.0519097 
test_loss: 0.0543523 
train_loss: 0.0522854 
test_loss: 0.0514105 
train_loss: 0.0514877 
test_loss: 0.050947 
train_loss: 0.0489031 
test_loss: 0.0496141 
train_loss: 0.0470257 
test_loss: 0.0475885 
train_loss: 0.0458838 
test_loss: 0.0471339 
train_loss: 0.0466521 
test_loss: 0.0471156 
train_loss: 0.0460927 
test_loss: 0.0457412 
train_loss: 0.0455849 
test_loss: 0.0457702 
train_loss: 0.0469347 
test_loss: 0.044459 
train_loss: 0.0448019 
test_loss: 0.0447878 
train_loss: 0.0444032 
test_loss: 0.0435576 
train_loss: 0.0433335 
test_loss: 0.0438364 
train_loss: 0.0435603 
test_loss: 0.0431775 
train_loss: 0.043948 
test_loss: 0.0428388 
train_loss: 0.0415328 
test_loss: 0.0418763 
train_loss: 0.0416013 
test_loss: 0.0419275 
train_loss: 0.0430435 
test_loss: 0.0421143 
train_loss: 0.0411692 
test_loss: 0.0415252 
train_loss: 0.0402246 
test_loss: 0.0416311 
train_loss: 0.039997 
test_loss: 0.0406428 
train_loss: 0.0413551 
test_loss: 0.0420727 
train_loss: 0.0399825 
test_loss: 0.0409868 
train_loss: 0.0407455 
test_loss: 0.0406221 
train_loss: 0.0396882 
test_loss: 0.0404784 
train_loss: 0.0404092 
test_loss: 0.0406908 
train_loss: 0.0396052 
test_loss: 0.0402717 
train_loss: 0.0405175 
test_loss: 0.0406149 
train_loss: 0.0393058 
test_loss: 0.0409437 
train_loss: 0.0415464 
test_loss: 0.0414879 
train_loss: 0.0401513 
test_loss: 0.0399895 
train_loss: 0.0397288 
test_loss: 0.0404962 
train_loss: 0.0401395 
test_loss: 0.0414557 
train_loss: 0.0391998 
test_loss: 0.040202 
train_loss: 0.0401622 
test_loss: 0.0410326 
train_loss: 0.0394388 
test_loss: 0.0407142 
train_loss: 0.0399006 
test_loss: 0.0403051 
train_loss: 0.0397337 
test_loss: 0.040073 
train_loss: 0.0400855 
test_loss: 0.0399022 
train_loss: 0.0383466 
test_loss: 0.039511 
train_loss: 0.0404708 
test_loss: 0.0399762 
train_loss: 0.0393727 
test_loss: 0.0401449 
train_loss: 0.0396047 
test_loss: 0.0395821 
train_loss: 0.0388687 
test_loss: 0.0395457 
train_loss: 0.0394116 
test_loss: 0.0395312 
train_loss: 0.039336 
test_loss: 0.0392571 
train_loss: 0.0387232 
test_loss: 0.0390943 
train_loss: 0.038169 
test_loss: 0.0389228 
train_loss: 0.0394386 
test_loss: 0.0392659 
train_loss: 0.0385695 
test_loss: 0.0395626 
train_loss: 0.0391584 
test_loss: 0.0407969 
train_loss: 0.038297 
test_loss: 0.0400143 
train_loss: 0.0387592 
test_loss: 0.0392548 
train_loss: 0.0394492 
test_loss: 0.0394528 
train_loss: 0.038945 
test_loss: 0.0390683 
train_loss: 0.0391013 
test_loss: 0.0391869 
train_loss: 0.0383707 
test_loss: 0.0396906 
train_loss: 0.0384057 
test_loss: 0.0389919 
train_loss: 0.0390046 
test_loss: 0.0388562 
train_loss: 0.0386693 
test_loss: 0.0393102 
train_loss: 0.0393654 
test_loss: 0.0388604 
train_loss: 0.0385751 
test_loss: 0.0392401 
train_loss: 0.0394008 
test_loss: 0.0393435 
train_loss: 0.0396452 
test_loss: 0.0389751 
train_loss: 0.0388744 
test_loss: 0.038815 
train_loss: 0.038024 
test_loss: 0.0387922 
train_loss: 0.0385075 
test_loss: 0.0393685 
train_loss: 0.0397135 
test_loss: 0.0386341 
train_loss: 0.0386686 
test_loss: 0.0391536 
train_loss: 0.03843 
test_loss: 0.039086 
train_loss: 0.038569 
test_loss: 0.0389453 
train_loss: 0.0381951 
test_loss: 0.0390761 
train_loss: 0.0385844 
test_loss: 0.0389072 
train_loss: 0.0388981 
test_loss: 0.0387904 
train_loss: 0.0381251 
test_loss: 0.0386136 
train_loss: 0.0388808 
test_loss: 0.0386835 
train_loss: 0.0379866 
test_loss: 0.0385967 
train_loss: 0.0400163 
test_loss: 0.039731 
train_loss: 0.038389 
test_loss: 0.0386069 
train_loss: 0.0389172 
test_loss: 0.0390519 
train_loss: 0.0379423 
test_loss: 0.0387577 
train_loss: 0.039136 
test_loss: 0.0385061 
train_loss: 0.0385397 
test_loss: 0.0387295 
train_loss: 0.0377093 
test_loss: 0.0390461 
train_loss: 0.0380018 
test_loss: 0.038593 
train_loss: 0.0388546 
test_loss: 0.0390161 
train_loss: 0.0391698 
test_loss: 0.0386079 
train_loss: 0.0382057 
test_loss: 0.0386724 
train_loss: 0.0379024 
test_loss: 0.0389759 
train_loss: 0.0382791 
test_loss: 0.0390854 
train_loss: 0.03735 
test_loss: 0.0385118 
train_loss: 0.0386632 
test_loss: 0.0387417 
