train_loss: 0.094201 
test_loss: 0.099412 
train_loss: 0.070385 
test_loss: 0.0814719 
train_loss: 0.0691035 
test_loss: 0.0679026 
train_loss: 0.0578157 
test_loss: 0.0652489 
train_loss: 0.0582708 
test_loss: 0.0641106 
train_loss: 0.0631228 
test_loss: 0.0627522 
train_loss: 0.0526735 
test_loss: 0.062083 
train_loss: 0.0513833 
test_loss: 0.0597834 
train_loss: 0.0558518 
test_loss: 0.0584906 
train_loss: 0.0597705 
test_loss: 0.0587316 
train_loss: 0.0642305 
test_loss: 0.0587437 
train_loss: 0.053391 
test_loss: 0.0577109 
train_loss: 0.0494853 
test_loss: 0.0520497 
train_loss: 0.0399499 
test_loss: 0.0463706 
train_loss: 0.0438896 
test_loss: 0.0395815 
train_loss: 0.0299603 
test_loss: 0.0319097 
train_loss: 0.0277718 
test_loss: 0.0279061 
train_loss: 0.0261232 
test_loss: 0.0263557 
train_loss: 0.0211039 
test_loss: 0.0233449 
train_loss: 0.0236534 
test_loss: 0.0221115 
train_loss: 0.0204302 
test_loss: 0.0222614 
train_loss: 0.0197461 
test_loss: 0.0205063 
train_loss: 0.022364 
test_loss: 0.0196577 
train_loss: 0.0201852 
test_loss: 0.0188568 
train_loss: 0.0177696 
test_loss: 0.0189367 
train_loss: 0.0177889 
test_loss: 0.0194038 
train_loss: 0.0167312 
test_loss: 0.018099 
train_loss: 0.015281 
test_loss: 0.0179971 
train_loss: 0.0191128 
test_loss: 0.0179097 
train_loss: 0.0163612 
test_loss: 0.0177227 
train_loss: 0.018329 
test_loss: 0.0172411 
train_loss: 0.0132604 
test_loss: 0.016462 
train_loss: 0.0152279 
test_loss: 0.0158984 
train_loss: 0.0192034 
test_loss: 0.0167239 
train_loss: 0.0150229 
test_loss: 0.0158074 
train_loss: 0.0164314 
test_loss: 0.0163601 
train_loss: 0.0138033 
test_loss: 0.0145555 
train_loss: 0.0171461 
test_loss: 0.0151611 
train_loss: 0.0146151 
test_loss: 0.0160257 
train_loss: 0.0135885 
test_loss: 0.0150836 
train_loss: 0.0131066 
test_loss: 0.0143667 
train_loss: 0.013927 
test_loss: 0.0144861 
train_loss: 0.0155269 
test_loss: 0.0144865 
train_loss: 0.0143626 
test_loss: 0.0145478 
train_loss: 0.0128976 
test_loss: 0.0143554 
train_loss: 0.0110821 
test_loss: 0.0131014 
train_loss: 0.0126053 
test_loss: 0.0140455 
train_loss: 0.0119765 
test_loss: 0.0137589 
train_loss: 0.0126522 
test_loss: 0.0140396 
train_loss: 0.0147111 
test_loss: 0.0146132 
train_loss: 0.0180592 
test_loss: 0.0134599 
train_loss: 0.0164241 
test_loss: 0.0141507 
train_loss: 0.0116754 
test_loss: 0.0130876 
train_loss: 0.0129367 
test_loss: 0.0144052 
train_loss: 0.0124982 
test_loss: 0.0138411 
train_loss: 0.0123528 
test_loss: 0.012694 
train_loss: 0.010989 
test_loss: 0.012439 
train_loss: 0.0112531 
test_loss: 0.0128497 
train_loss: 0.010973 
test_loss: 0.0136627 
train_loss: 0.0128765 
test_loss: 0.0131443 
train_loss: 0.014567 
test_loss: 0.0132515 
train_loss: 0.0110714 
test_loss: 0.0123208 
train_loss: 0.0105496 
test_loss: 0.0121421 
train_loss: 0.0127667 
test_loss: 0.0124114 
train_loss: 0.0124539 
test_loss: 0.0123551 
train_loss: 0.0158086 
test_loss: 0.0121404 
train_loss: 0.0114727 
test_loss: 0.0125308 
train_loss: 0.0107728 
test_loss: 0.0123916 
train_loss: 0.0153089 
test_loss: 0.0130075 
train_loss: 0.0127527 
test_loss: 0.0116055 
train_loss: 0.0098716 
test_loss: 0.0117156 
train_loss: 0.0136371 
test_loss: 0.0123822 
train_loss: 0.0087829 
test_loss: 0.012142 
train_loss: 0.0128127 
test_loss: 0.0124144 
train_loss: 0.0118958 
test_loss: 0.0126118 
train_loss: 0.00944367 
test_loss: 0.0120427 
train_loss: 0.0105047 
test_loss: 0.0125771 
train_loss: 0.0104915 
test_loss: 0.011449 
train_loss: 0.0111954 
test_loss: 0.0121172 
train_loss: 0.0101272 
test_loss: 0.0117692 
train_loss: 0.00889771 
test_loss: 0.0111746 
train_loss: 0.00879047 
test_loss: 0.0119298 
train_loss: 0.0142144 
test_loss: 0.0117114 
train_loss: 0.0118095 
test_loss: 0.0116507 
train_loss: 0.0107542 
test_loss: 0.0114176 
train_loss: 0.0107166 
test_loss: 0.0110595 
train_loss: 0.0104843 
test_loss: 0.0110255 
train_loss: 0.0175244 
test_loss: 0.0110036 
train_loss: 0.00970256 
test_loss: 0.0114432 
train_loss: 0.0101669 
test_loss: 0.0110692 
train_loss: 0.00907375 
test_loss: 0.0112369 
