train_loss: 0.472016 
test_loss: 0.472185 
train_loss: 0.469197 
test_loss: 0.469694 
train_loss: 0.467024 
test_loss: 0.468079 
train_loss: 0.467681 
test_loss: 0.466162 
train_loss: 0.466054 
test_loss: 0.463964 
train_loss: 0.468358 
test_loss: 0.461542 
train_loss: 0.461222 
test_loss: 0.458909 
train_loss: 0.456472 
test_loss: 0.456056 
train_loss: 0.451578 
test_loss: 0.453011 
train_loss: 0.455923 
test_loss: 0.449785 
train_loss: 0.440395 
test_loss: 0.446376 
train_loss: 0.437582 
test_loss: 0.442806 
train_loss: 0.434403 
test_loss: 0.439065 
train_loss: 0.440024 
test_loss: 0.435178 
train_loss: 0.431318 
test_loss: 0.43116 
train_loss: 0.424627 
test_loss: 0.42698 
train_loss: 0.422738 
test_loss: 0.422677 
train_loss: 0.420914 
test_loss: 0.418242 
train_loss: 0.409712 
test_loss: 0.413663 
train_loss: 0.412396 
test_loss: 0.40897 
train_loss: 0.401012 
test_loss: 0.404157 
train_loss: 0.398592 
test_loss: 0.399217 
train_loss: 0.395745 
test_loss: 0.394159 
train_loss: 0.391496 
test_loss: 0.389007 
train_loss: 0.383978 
test_loss: 0.383705 
train_loss: 0.379759 
test_loss: 0.378294 
train_loss: 0.374493 
test_loss: 0.372797 
train_loss: 0.36784 
test_loss: 0.367133 
train_loss: 0.361703 
test_loss: 0.361356 
train_loss: 0.359599 
test_loss: 0.355413 
train_loss: 0.347821 
test_loss: 0.349323 
train_loss: 0.339696 
test_loss: 0.34305 
train_loss: 0.339888 
test_loss: 0.336559 
train_loss: 0.331003 
test_loss: 0.329809 
train_loss: 0.318909 
test_loss: 0.322745 
train_loss: 0.319375 
test_loss: 0.315288 
train_loss: 0.306596 
test_loss: 0.307383 
train_loss: 0.298795 
test_loss: 0.298965 
train_loss: 0.289229 
test_loss: 0.290059 
train_loss: 0.283673 
test_loss: 0.280829 
train_loss: 0.272328 
test_loss: 0.271442 
train_loss: 0.260458 
test_loss: 0.262198 
train_loss: 0.255784 
test_loss: 0.253187 
train_loss: 0.247293 
test_loss: 0.244426 
train_loss: 0.233032 
test_loss: 0.235816 
train_loss: 0.226733 
test_loss: 0.227335 
train_loss: 0.216319 
test_loss: 0.218876 
train_loss: 0.212705 
test_loss: 0.210459 
train_loss: 0.206274 
test_loss: 0.202105 
train_loss: 0.19346 
test_loss: 0.193881 
train_loss: 0.184543 
test_loss: 0.185841 
train_loss: 0.178123 
test_loss: 0.178063 
train_loss: 0.168958 
test_loss: 0.170609 
train_loss: 0.163344 
test_loss: 0.163568 
train_loss: 0.157318 
test_loss: 0.15694 
train_loss: 0.149003 
test_loss: 0.150749 
train_loss: 0.142389 
test_loss: 0.144995 
train_loss: 0.140374 
test_loss: 0.139658 
train_loss: 0.133085 
test_loss: 0.134701 
train_loss: 0.13114 
test_loss: 0.130139 
train_loss: 0.12444 
test_loss: 0.125926 
train_loss: 0.121337 
test_loss: 0.122066 
train_loss: 0.11817 
test_loss: 0.118549 
train_loss: 0.112775 
test_loss: 0.115395 
train_loss: 0.112667 
test_loss: 0.112564 
train_loss: 0.108076 
test_loss: 0.110082 
train_loss: 0.106956 
test_loss: 0.107932 
train_loss: 0.105386 
test_loss: 0.106066 
train_loss: 0.105223 
test_loss: 0.104489 
train_loss: 0.104706 
test_loss: 0.103151 
train_loss: 0.102674 
test_loss: 0.102004 
train_loss: 0.0985522 
test_loss: 0.101037 
train_loss: 0.0970377 
test_loss: 0.100217 
train_loss: 0.100214 
test_loss: 0.0995281 
train_loss: 0.0990146 
test_loss: 0.0989351 
train_loss: 0.0977467 
test_loss: 0.0984443 
train_loss: 0.0986029 
test_loss: 0.0979993 
train_loss: 0.0960903 
test_loss: 0.0976397 
train_loss: 0.0987595 
test_loss: 0.097313 
train_loss: 0.0969122 
test_loss: 0.0970276 
train_loss: 0.096207 
test_loss: 0.0967772 
train_loss: 0.0954223 
test_loss: 0.0965684 
train_loss: 0.094694 
test_loss: 0.0963562 
train_loss: 0.0959535 
test_loss: 0.0961909 
train_loss: 0.0971621 
test_loss: 0.0960293 
train_loss: 0.09429 
test_loss: 0.09588 
train_loss: 0.095301 
test_loss: 0.0957438 
train_loss: 0.0949547 
test_loss: 0.0956233 
train_loss: 0.0952587 
test_loss: 0.0955107 
train_loss: 0.0932706 
test_loss: 0.095398 
train_loss: 0.0956408 
test_loss: 0.0952801 
train_loss: 0.0929594 
test_loss: 0.0951992 
train_loss: 0.091931 
test_loss: 0.095105 
train_loss: 0.0978057 
test_loss: 0.0950231 
train_loss: 0.0928853 
test_loss: 0.0949164 
train_loss: 0.0944052 
test_loss: 0.0948235 
train_loss: 0.0946046 
test_loss: 0.0947384 
train_loss: 0.0947757 
test_loss: 0.0946551 
train_loss: 0.0965418 
test_loss: 0.0945797 
train_loss: 0.093594 
test_loss: 0.0944807 
train_loss: 0.0941502 
test_loss: 0.0943881 
train_loss: 0.093896 
test_loss: 0.0943187 
train_loss: 0.0943243 
test_loss: 0.0942246 
train_loss: 0.0925235 
test_loss: 0.0941451 
train_loss: 0.0924365 
test_loss: 0.0940385 
train_loss: 0.0925797 
test_loss: 0.0939429 
train_loss: 0.0912363 
test_loss: 0.0938627 
train_loss: 0.0904696 
test_loss: 0.093752 
train_loss: 0.0941834 
test_loss: 0.0936588 
train_loss: 0.0917817 
test_loss: 0.0935411 
train_loss: 0.0931455 
test_loss: 0.0934357 
train_loss: 0.0941554 
test_loss: 0.0933554 
train_loss: 0.090122 
test_loss: 0.0932322 
train_loss: 0.0949008 
test_loss: 0.0930892 
train_loss: 0.0924375 
test_loss: 0.0929598 
train_loss: 0.0918359 
test_loss: 0.092837 
train_loss: 0.0928152 
test_loss: 0.0927017 
train_loss: 0.0903496 
test_loss: 0.092562 
train_loss: 0.0923789 
test_loss: 0.0924259 
train_loss: 0.0928872 
test_loss: 0.0922678 
train_loss: 0.0923365 
test_loss: 0.0921047 
train_loss: 0.0902625 
test_loss: 0.0919682 
train_loss: 0.0909401 
test_loss: 0.0917682 
train_loss: 0.0916028 
test_loss: 0.0916003 
train_loss: 0.092208 
test_loss: 0.0914196 
train_loss: 0.0910314 
test_loss: 0.0912185 
train_loss: 0.0916048 
test_loss: 0.0910045 
train_loss: 0.0906189 
test_loss: 0.0907947 
train_loss: 0.0890062 
test_loss: 0.0905759 
train_loss: 0.0908075 
test_loss: 0.0903347 
train_loss: 0.0894792 
test_loss: 0.0900976 
train_loss: 0.0897977 
test_loss: 0.0898631 
train_loss: 0.0883897 
test_loss: 0.0896182 
train_loss: 0.0882935 
test_loss: 0.089341 
train_loss: 0.0891485 
test_loss: 0.089036 
train_loss: 0.0881712 
test_loss: 0.0887431 
train_loss: 0.0874384 
test_loss: 0.088458 
train_loss: 0.0858627 
test_loss: 0.0881438 
train_loss: 0.0875558 
test_loss: 0.0878039 
train_loss: 0.0849258 
test_loss: 0.0874723 
train_loss: 0.0875806 
test_loss: 0.0871242 
train_loss: 0.0861348 
test_loss: 0.0867289 
train_loss: 0.0853576 
test_loss: 0.0863794 
train_loss: 0.0860229 
test_loss: 0.0859953 
train_loss: 0.0852454 
test_loss: 0.0855699 
train_loss: 0.0817578 
test_loss: 0.0851359 
train_loss: 0.0838861 
test_loss: 0.084737 
train_loss: 0.0843841 
test_loss: 0.0842598 
train_loss: 0.0834544 
test_loss: 0.0838102 
train_loss: 0.0843256 
test_loss: 0.0833079 
train_loss: 0.0831568 
test_loss: 0.0828271 
train_loss: 0.0835133 
test_loss: 0.0823698 
train_loss: 0.0812601 
test_loss: 0.0818054 
train_loss: 0.0788246 
test_loss: 0.0813159 
train_loss: 0.079364 
test_loss: 0.08074 
train_loss: 0.0805084 
test_loss: 0.0802108 
train_loss: 0.0790793 
test_loss: 0.0795691 
train_loss: 0.0770511 
test_loss: 0.0790268 
train_loss: 0.0769165 
test_loss: 0.0784006 
train_loss: 0.0756305 
test_loss: 0.0778155 
train_loss: 0.0752858 
test_loss: 0.0772129 
train_loss: 0.0751402 
test_loss: 0.0765575 
train_loss: 0.0743093 
test_loss: 0.0759088 
train_loss: 0.0748243 
test_loss: 0.0752636 
train_loss: 0.0736819 
test_loss: 0.0746625 
train_loss: 0.073478 
test_loss: 0.0739986 
train_loss: 0.0721739 
test_loss: 0.0733691 
train_loss: 0.071497 
test_loss: 0.0727037 
train_loss: 0.0714613 
test_loss: 0.072027 
train_loss: 0.0705542 
test_loss: 0.0714136 
train_loss: 0.0699463 
test_loss: 0.0707302 
train_loss: 0.0706467 
test_loss: 0.0700156 
train_loss: 0.069014 
test_loss: 0.0694384 
train_loss: 0.0690277 
test_loss: 0.0687353 
train_loss: 0.067481 
test_loss: 0.0680004 
train_loss: 0.0663409 
test_loss: 0.0674123 
train_loss: 0.065986 
test_loss: 0.0666569 
train_loss: 0.0660337 
test_loss: 0.0659906 
train_loss: 0.0658156 
test_loss: 0.0653442 
train_loss: 0.0631326 
test_loss: 0.0646333 
train_loss: 0.0621984 
test_loss: 0.0638726 
train_loss: 0.0600745 
test_loss: 0.0631324 
train_loss: 0.062012 
test_loss: 0.062373 
train_loss: 0.0611637 
test_loss: 0.0617437 
train_loss: 0.0595779 
test_loss: 0.0608882 
train_loss: 0.0591509 
test_loss: 0.0602368 
train_loss: 0.0592512 
test_loss: 0.0593767 
train_loss: 0.0583968 
test_loss: 0.0585741 
train_loss: 0.0554606 
test_loss: 0.0575372 
train_loss: 0.0567968 
test_loss: 0.0568004 
train_loss: 0.0561541 
test_loss: 0.0559704 
train_loss: 0.0548476 
test_loss: 0.0550847 
train_loss: 0.0534868 
test_loss: 0.0543259 
train_loss: 0.0526245 
test_loss: 0.0534579 
train_loss: 0.0517852 
test_loss: 0.0525013 
train_loss: 0.0500156 
test_loss: 0.0515669 
train_loss: 0.049874 
test_loss: 0.0507704 
train_loss: 0.0485727 
test_loss: 0.049609 
train_loss: 0.0483832 
test_loss: 0.0488606 
train_loss: 0.0470821 
test_loss: 0.0476139 
train_loss: 0.0454711 
test_loss: 0.0467233 
train_loss: 0.0451358 
test_loss: 0.04582 
train_loss: 0.0442002 
test_loss: 0.0449405 
train_loss: 0.0425416 
test_loss: 0.0436268 
train_loss: 0.0415626 
test_loss: 0.0424662 
train_loss: 0.0402967 
test_loss: 0.0413812 
train_loss: 0.0396924 
test_loss: 0.0403298 
train_loss: 0.0401296 
test_loss: 0.0393921 
train_loss: 0.0375566 
test_loss: 0.0382454 
train_loss: 0.0363815 
test_loss: 0.0370136 
train_loss: 0.0362004 
test_loss: 0.0360017 
train_loss: 0.0344531 
test_loss: 0.0352195 
train_loss: 0.0342178 
test_loss: 0.0341313 
train_loss: 0.0334259 
test_loss: 0.0328722 
train_loss: 0.0317959 
test_loss: 0.0313857 
train_loss: 0.0306425 
test_loss: 0.030484 
train_loss: 0.0287046 
test_loss: 0.0296218 
train_loss: 0.027977 
test_loss: 0.0287154 
train_loss: 0.0268828 
test_loss: 0.0280513 
train_loss: 0.0265042 
test_loss: 0.0265359 
train_loss: 0.0256913 
test_loss: 0.0258489 
train_loss: 0.0251598 
test_loss: 0.0250439 
train_loss: 0.0238799 
test_loss: 0.0241855 
train_loss: 0.023727 
test_loss: 0.0238788 
train_loss: 0.0221779 
test_loss: 0.023198 
train_loss: 0.0214946 
test_loss: 0.0220799 
train_loss: 0.0220262 
test_loss: 0.0218135 
train_loss: 0.0211099 
test_loss: 0.0212237 
train_loss: 0.0203634 
test_loss: 0.0213243 
train_loss: 0.0198397 
test_loss: 0.020065 
train_loss: 0.0195539 
test_loss: 0.0207345 
train_loss: 0.0195279 
test_loss: 0.0198005 
train_loss: 0.0183712 
test_loss: 0.0196542 
train_loss: 0.0184357 
test_loss: 0.0192308 
train_loss: 0.0184977 
test_loss: 0.0187808 
train_loss: 0.0189723 
test_loss: 0.0192945 
train_loss: 0.0181419 
test_loss: 0.0182607 
train_loss: 0.0180113 
test_loss: 0.0185047 
train_loss: 0.0173803 
test_loss: 0.0180207 
train_loss: 0.0180466 
test_loss: 0.0187543 
train_loss: 0.0178204 
test_loss: 0.0181732 
train_loss: 0.0173267 
test_loss: 0.0178691 
train_loss: 0.0183088 
test_loss: 0.0173985 
train_loss: 0.0177529 
test_loss: 0.0176213 
train_loss: 0.0164835 
test_loss: 0.0175227 
train_loss: 0.0171668 
test_loss: 0.0174255 
train_loss: 0.016872 
test_loss: 0.0172873 
train_loss: 0.0172131 
test_loss: 0.0171683 
train_loss: 0.0167025 
test_loss: 0.0169674 
train_loss: 0.0175279 
test_loss: 0.0172448 
train_loss: 0.0168103 
test_loss: 0.0171784 
train_loss: 0.0159583 
test_loss: 0.0168885 
train_loss: 0.0166417 
test_loss: 0.0169079 
train_loss: 0.0171312 
test_loss: 0.0173109 
train_loss: 0.0165382 
test_loss: 0.0169085 
train_loss: 0.016811 
test_loss: 0.0171879 
train_loss: 0.0156866 
test_loss: 0.0166012 
train_loss: 0.0162128 
test_loss: 0.0160462 
train_loss: 0.0165676 
test_loss: 0.0168123 
train_loss: 0.0158115 
test_loss: 0.0165522 
train_loss: 0.0168781 
test_loss: 0.0166656 
train_loss: 0.0165012 
test_loss: 0.0164075 
train_loss: 0.0160128 
test_loss: 0.0162714 
train_loss: 0.0162171 
test_loss: 0.0164391 
train_loss: 0.0153623 
test_loss: 0.0162811 
train_loss: 0.0155581 
test_loss: 0.0159449 
train_loss: 0.0161844 
test_loss: 0.0160873 
train_loss: 0.0158373 
test_loss: 0.0163602 
train_loss: 0.0154861 
test_loss: 0.0161637 
train_loss: 0.0162248 
test_loss: 0.0158471 
train_loss: 0.0163123 
test_loss: 0.0160664 
train_loss: 0.0156769 
test_loss: 0.0158772 
train_loss: 0.0160336 
test_loss: 0.0162433 
train_loss: 0.0159558 
test_loss: 0.015789 
train_loss: 0.0151878 
test_loss: 0.0158392 
train_loss: 0.0158147 
test_loss: 0.0161488 
train_loss: 0.0157535 
test_loss: 0.0163418 
train_loss: 0.0159504 
test_loss: 0.0159704 
train_loss: 0.0160686 
test_loss: 0.0160184 
train_loss: 0.0153039 
test_loss: 0.0154578 
train_loss: 0.0166514 
test_loss: 0.0158459 
train_loss: 0.015835 
test_loss: 0.0160087 
train_loss: 0.0162523 
test_loss: 0.0158524 
train_loss: 0.0155736 
test_loss: 0.0156617 
train_loss: 0.0153848 
test_loss: 0.015745 
train_loss: 0.0158433 
test_loss: 0.0158163 
train_loss: 0.0152245 
test_loss: 0.0157692 
train_loss: 0.0156762 
test_loss: 0.0158479 
train_loss: 0.0153948 
test_loss: 0.0156682 
train_loss: 0.0156346 
test_loss: 0.0158733 
train_loss: 0.0159531 
test_loss: 0.0153979 
train_loss: 0.0156257 
test_loss: 0.0159484 
train_loss: 0.0159444 
test_loss: 0.0157388 
train_loss: 0.0155995 
test_loss: 0.0155858 
train_loss: 0.0153605 
test_loss: 0.015525 
train_loss: 0.0152613 
test_loss: 0.0154228 
train_loss: 0.0149327 
test_loss: 0.0163788 
train_loss: 0.0155268 
test_loss: 0.0157781 
train_loss: 0.0159185 
test_loss: 0.0160918 
train_loss: 0.0155523 
test_loss: 0.0155787 
train_loss: 0.0155886 
test_loss: 0.015408 
train_loss: 0.0152723 
test_loss: 0.0158292 
train_loss: 0.015561 
test_loss: 0.0152906 
train_loss: 0.0147491 
test_loss: 0.0154282 
train_loss: 0.0156354 
test_loss: 0.0151458 
train_loss: 0.015953 
test_loss: 0.0153414 
train_loss: 0.0158014 
test_loss: 0.0155846 
train_loss: 0.0148259 
test_loss: 0.0154196 
train_loss: 0.0153212 
test_loss: 0.0151381 
train_loss: 0.0148814 
test_loss: 0.0150787 
train_loss: 0.0147144 
test_loss: 0.0149274 
train_loss: 0.015562 
test_loss: 0.015259 
train_loss: 0.015829 
test_loss: 0.0153392 
train_loss: 0.0155586 
test_loss: 0.0153356 
train_loss: 0.0144719 
test_loss: 0.0152544 
train_loss: 0.0159681 
test_loss: 0.0155502 
train_loss: 0.0151084 
test_loss: 0.0148718 
train_loss: 0.0155502 
test_loss: 0.0152414 
train_loss: 0.0149343 
test_loss: 0.0149467 
train_loss: 0.015019 
test_loss: 0.0150905 
train_loss: 0.0152633 
test_loss: 0.0153263 
