train_loss: 0.052894 
test_loss: 0.053311 
train_loss: 0.048110 
test_loss: 0.047360 
train_loss: 0.050842 
test_loss: 0.046149 
train_loss: 0.042886 
test_loss: 0.045511 
train_loss: 0.045866 
test_loss: 0.044519 
train_loss: 0.047087 
test_loss: 0.044140 
train_loss: 0.045565 
test_loss: 0.043972 
train_loss: 0.040508 
test_loss: 0.044509 
train_loss: 0.040676 
test_loss: 0.043851 
train_loss: 0.042555 
test_loss: 0.043590 
train_loss: 0.039311 
test_loss: 0.043885 
train_loss: 0.045671 
test_loss: 0.043748 
train_loss: 0.043336 
test_loss: 0.043843 
train_loss: 0.048100 
test_loss: 0.043351 
train_loss: 0.044165 
test_loss: 0.043277 
train_loss: 0.046410 
test_loss: 0.043586 
train_loss: 0.045440 
test_loss: 0.043085 
train_loss: 0.042248 
test_loss: 0.043715 
train_loss: 0.044491 
test_loss: 0.043056 
train_loss: 0.042135 
test_loss: 0.043265 
train_loss: 0.042515 
test_loss: 0.043139 
train_loss: 0.040156 
test_loss: 0.043237 
train_loss: 0.044746 
test_loss: 0.043160 
train_loss: 0.041766 
test_loss: 0.042992 
train_loss: 0.038492 
test_loss: 0.043198 
train_loss: 0.045958 
test_loss: 0.042797 
train_loss: 0.046188 
test_loss: 0.043008 
train_loss: 0.045484 
test_loss: 0.042776 
train_loss: 0.041250 
test_loss: 0.042977 
train_loss: 0.038450 
test_loss: 0.042943 
train_loss: 0.050013 
test_loss: 0.043273 
