train_loss: 0.77707 
test_loss: 0.778169 
train_loss: 0.621164 
test_loss: 0.611167 
train_loss: 0.452947 
test_loss: 0.448757 
train_loss: 0.292013 
test_loss: 0.292855 
train_loss: 0.21144 
test_loss: 0.209718 
train_loss: 0.181822 
test_loss: 0.180527 
train_loss: 0.161532 
test_loss: 0.164411 
train_loss: 0.147655 
test_loss: 0.145862 
train_loss: 0.105302 
test_loss: 0.104506 
train_loss: 0.0681287 
test_loss: 0.0683521 
train_loss: 0.055932 
test_loss: 0.056212 
train_loss: 0.0503029 
test_loss: 0.0503767 
train_loss: 0.0464121 
test_loss: 0.0469795 
train_loss: 0.0447246 
test_loss: 0.0447552 
train_loss: 0.0423104 
test_loss: 0.0431863 
train_loss: 0.0423018 
test_loss: 0.0419627 
train_loss: 0.0406127 
test_loss: 0.0409614 
train_loss: 0.0400073 
test_loss: 0.0401334 
train_loss: 0.0389166 
test_loss: 0.0393876 
train_loss: 0.0383847 
test_loss: 0.0387475 
train_loss: 0.0378662 
test_loss: 0.038182 
train_loss: 0.0373998 
test_loss: 0.0376865 
train_loss: 0.0370575 
test_loss: 0.0372526 
train_loss: 0.0366862 
test_loss: 0.036738 
train_loss: 0.0363129 
test_loss: 0.0363394 
train_loss: 0.0358694 
test_loss: 0.0359221 
train_loss: 0.0356682 
test_loss: 0.0354796 
train_loss: 0.0357588 
test_loss: 0.0351206 
train_loss: 0.0346823 
test_loss: 0.0346719 
train_loss: 0.0342642 
test_loss: 0.0341526 
train_loss: 0.0337633 
test_loss: 0.0336021 
train_loss: 0.0323021 
test_loss: 0.0328731 
train_loss: 0.0308181 
test_loss: 0.0309058 
train_loss: 0.0296772 
test_loss: 0.0299223 
train_loss: 0.0295254 
test_loss: 0.0297382 
train_loss: 0.0296101 
test_loss: 0.0294209 
train_loss: 0.0293206 
test_loss: 0.0291998 
train_loss: 0.0289513 
test_loss: 0.0288881 
train_loss: 0.0288615 
test_loss: 0.0285512 
train_loss: 0.0287414 
test_loss: 0.0282991 
train_loss: 0.0280768 
test_loss: 0.0278888 
train_loss: 0.0273636 
test_loss: 0.0272356 
train_loss: 0.0251349 
test_loss: 0.025339 
train_loss: 0.0234168 
test_loss: 0.0235193 
train_loss: 0.0226943 
test_loss: 0.0228218 
train_loss: 0.0227085 
test_loss: 0.0224129 
train_loss: 0.0214478 
test_loss: 0.0215905 
train_loss: 0.0209978 
test_loss: 0.0208215 
train_loss: 0.0200642 
test_loss: 0.020199 
train_loss: 0.0199522 
test_loss: 0.0195951 
train_loss: 0.0188168 
test_loss: 0.0190224 
train_loss: 0.018421 
test_loss: 0.0184819 
train_loss: 0.0180332 
test_loss: 0.0179342 
train_loss: 0.0173028 
test_loss: 0.0175417 
train_loss: 0.0168289 
test_loss: 0.0172808 
train_loss: 0.0164268 
test_loss: 0.0164587 
train_loss: 0.0156105 
test_loss: 0.015588 
train_loss: 0.0152997 
test_loss: 0.0154549 
train_loss: 0.0143912 
test_loss: 0.014522 
train_loss: 0.0138281 
test_loss: 0.0137366 
train_loss: 0.0124647 
test_loss: 0.0125214 
train_loss: 0.0122268 
test_loss: 0.0128776 
train_loss: 0.0122468 
test_loss: 0.0127192 
train_loss: 0.0118874 
test_loss: 0.0120674 
train_loss: 0.0106227 
test_loss: 0.01106 
train_loss: 0.0113294 
test_loss: 0.0109795 
train_loss: 0.0107118 
test_loss: 0.0111008 
train_loss: 0.0112878 
test_loss: 0.010939 
train_loss: 0.0109799 
test_loss: 0.0112264 
train_loss: 0.0108236 
test_loss: 0.0107217 
train_loss: 0.0101911 
test_loss: 0.0103241 
train_loss: 0.0102952 
test_loss: 0.0106281 
train_loss: 0.0101572 
test_loss: 0.010033 
train_loss: 0.0110801 
test_loss: 0.0104244 
train_loss: 0.00997895 
test_loss: 0.0101559 
train_loss: 0.0101789 
test_loss: 0.00995147 
train_loss: 0.0106138 
test_loss: 0.010322 
train_loss: 0.0101587 
test_loss: 0.00973977 
train_loss: 0.0108077 
test_loss: 0.0103726 
train_loss: 0.0101316 
test_loss: 0.00991632 
train_loss: 0.00978742 
test_loss: 0.00976147 
train_loss: 0.00988002 
test_loss: 0.00982984 
train_loss: 0.00968051 
test_loss: 0.0100572 
train_loss: 0.00973729 
test_loss: 0.0100566 
train_loss: 0.00992427 
test_loss: 0.0102265 
train_loss: 0.0096855 
test_loss: 0.00961548 
train_loss: 0.00948852 
test_loss: 0.00965886 
train_loss: 0.00959271 
test_loss: 0.00996642 
train_loss: 0.0104249 
test_loss: 0.00983892 
train_loss: 0.00971907 
test_loss: 0.00996998 
train_loss: 0.00957964 
test_loss: 0.00979029 
