train_loss: 0.0942569 
test_loss: 0.0942353 
train_loss: 0.0735736 
test_loss: 0.0815139 
train_loss: 0.0736874 
test_loss: 0.0675636 
train_loss: 0.060891 
test_loss: 0.0605045 
train_loss: 0.0652075 
test_loss: 0.0575875 
train_loss: 0.0572864 
test_loss: 0.0564041 
train_loss: 0.0594445 
test_loss: 0.0558693 
train_loss: 0.0553503 
test_loss: 0.0552917 
train_loss: 0.0566925 
test_loss: 0.0553528 
train_loss: 0.0498006 
test_loss: 0.0541173 
train_loss: 0.0452565 
test_loss: 0.0538773 
train_loss: 0.0514831 
test_loss: 0.0526374 
train_loss: 0.0417818 
test_loss: 0.0495858 
train_loss: 0.0452292 
test_loss: 0.0446322 
train_loss: 0.0383812 
test_loss: 0.0361441 
train_loss: 0.0326091 
test_loss: 0.0308677 
train_loss: 0.0277202 
test_loss: 0.027449 
train_loss: 0.0226171 
test_loss: 0.0256116 
train_loss: 0.0244635 
test_loss: 0.0233109 
train_loss: 0.0217749 
test_loss: 0.0219328 
train_loss: 0.0229281 
test_loss: 0.0222664 
train_loss: 0.0190871 
test_loss: 0.0197067 
train_loss: 0.0214556 
test_loss: 0.0189119 
train_loss: 0.0237106 
test_loss: 0.0186828 
train_loss: 0.0175084 
test_loss: 0.017452 
train_loss: 0.0166511 
test_loss: 0.0181508 
train_loss: 0.0200536 
test_loss: 0.0179462 
train_loss: 0.0171822 
test_loss: 0.0171014 
train_loss: 0.0148297 
test_loss: 0.017149 
train_loss: 0.0156352 
test_loss: 0.0167076 
train_loss: 0.0151806 
test_loss: 0.0162565 
train_loss: 0.0141548 
test_loss: 0.0164239 
train_loss: 0.0147844 
test_loss: 0.0152255 
train_loss: 0.0155631 
test_loss: 0.0169175 
train_loss: 0.0146516 
test_loss: 0.0150642 
train_loss: 0.0146723 
test_loss: 0.0148965 
train_loss: 0.0159453 
test_loss: 0.0144673 
train_loss: 0.0141668 
test_loss: 0.0144774 
train_loss: 0.0142579 
test_loss: 0.0146625 
train_loss: 0.0135147 
test_loss: 0.0138509 
train_loss: 0.0138735 
test_loss: 0.0145867 
train_loss: 0.0150039 
test_loss: 0.0139029 
train_loss: 0.013789 
test_loss: 0.0131748 
train_loss: 0.0115831 
test_loss: 0.0132681 
train_loss: 0.0140222 
test_loss: 0.0133572 
train_loss: 0.0109505 
test_loss: 0.0128253 
train_loss: 0.0109619 
test_loss: 0.0123241 
train_loss: 0.0122379 
test_loss: 0.0127101 
train_loss: 0.0129098 
test_loss: 0.0134997 
train_loss: 0.0141593 
test_loss: 0.0119636 
train_loss: 0.0124473 
test_loss: 0.0129024 
train_loss: 0.0117351 
test_loss: 0.0120974 
train_loss: 0.0129929 
test_loss: 0.0129462 
train_loss: 0.0114402 
test_loss: 0.0120484 
train_loss: 0.0142608 
test_loss: 0.0120153 
train_loss: 0.0101712 
test_loss: 0.0119017 
train_loss: 0.012532 
test_loss: 0.0127008 
train_loss: 0.0127322 
test_loss: 0.0117298 
train_loss: 0.0117643 
test_loss: 0.011903 
train_loss: 0.0112462 
test_loss: 0.0122093 
train_loss: 0.0129083 
test_loss: 0.0119358 
train_loss: 0.0102467 
test_loss: 0.0110869 
train_loss: 0.01205 
test_loss: 0.0110928 
train_loss: 0.0102368 
test_loss: 0.0112104 
train_loss: 0.0105603 
test_loss: 0.011113 
train_loss: 0.00982393 
test_loss: 0.0108884 
train_loss: 0.00947934 
test_loss: 0.0108596 
train_loss: 0.00983948 
test_loss: 0.0107913 
train_loss: 0.0101848 
test_loss: 0.0112867 
train_loss: 0.0110451 
test_loss: 0.0117155 
train_loss: 0.0147558 
test_loss: 0.0110445 
train_loss: 0.0120405 
test_loss: 0.0108012 
train_loss: 0.0108076 
test_loss: 0.010565 
train_loss: 0.0151164 
test_loss: 0.0109894 
train_loss: 0.0100665 
test_loss: 0.010677 
train_loss: 0.00988097 
test_loss: 0.0107845 
train_loss: 0.0110522 
test_loss: 0.0105851 
train_loss: 0.00993868 
test_loss: 0.0104561 
train_loss: 0.00948398 
test_loss: 0.0107481 
train_loss: 0.0101494 
test_loss: 0.0101581 
train_loss: 0.0090118 
test_loss: 0.0102156 
train_loss: 0.00943399 
test_loss: 0.0108955 
train_loss: 0.0105981 
test_loss: 0.0102589 
train_loss: 0.0110155 
test_loss: 0.00991759 
train_loss: 0.00999574 
test_loss: 0.0114255 
train_loss: 0.00915781 
test_loss: 0.0101714 
train_loss: 0.00953174 
test_loss: 0.0100839 
train_loss: 0.0102354 
test_loss: 0.0104201 
train_loss: 0.00854412 
test_loss: 0.00972205 
train_loss: 0.00919768 
test_loss: 0.00937561 
train_loss: 0.00864508 
test_loss: 0.00976078 
train_loss: 0.0118181 
test_loss: 0.0102543 
train_loss: 0.0103759 
test_loss: 0.0103348 
train_loss: 0.00973169 
test_loss: 0.00975481 
train_loss: 0.0110726 
test_loss: 0.0099534 
train_loss: 0.00915937 
test_loss: 0.00995675 
train_loss: 0.00926927 
test_loss: 0.00994345 
train_loss: 0.00980417 
test_loss: 0.00974068 
train_loss: 0.00906637 
test_loss: 0.00936479 
train_loss: 0.00954425 
test_loss: 0.00947059 
train_loss: 0.00957254 
test_loss: 0.00947685 
train_loss: 0.00852725 
test_loss: 0.00976297 
train_loss: 0.00895611 
test_loss: 0.009615 
train_loss: 0.00944653 
test_loss: 0.00957306 
train_loss: 0.00862907 
test_loss: 0.0090071 
train_loss: 0.00876598 
test_loss: 0.00953893 
train_loss: 0.00943754 
test_loss: 0.00914773 
train_loss: 0.00924105 
test_loss: 0.00954465 
train_loss: 0.00811378 
test_loss: 0.00902484 
train_loss: 0.00926471 
test_loss: 0.00955252 
train_loss: 0.00883492 
test_loss: 0.00959468 
