train_loss: 0.023038 
test_loss: 0.022939 
train_loss: 0.019680 
test_loss: 0.018981 
train_loss: 0.019214 
test_loss: 0.018652 
train_loss: 0.017868 
test_loss: 0.018340 
train_loss: 0.016423 
test_loss: 0.017857 
train_loss: 0.017652 
test_loss: 0.017866 
train_loss: 0.017517 
test_loss: 0.017704 
train_loss: 0.018517 
test_loss: 0.017536 
train_loss: 0.017697 
test_loss: 0.017739 
train_loss: 0.017016 
test_loss: 0.017208 
train_loss: 0.017161 
test_loss: 0.016838 
train_loss: 0.016604 
test_loss: 0.017090 
train_loss: 0.017040 
test_loss: 0.016814 
train_loss: 0.017293 
test_loss: 0.016389 
train_loss: 0.017832 
test_loss: 0.017584 
train_loss: 0.017512 
test_loss: 0.017103 
train_loss: 0.015704 
test_loss: 0.016883 
train_loss: 0.016992 
test_loss: 0.016837 
train_loss: 0.017132 
test_loss: 0.016557 
train_loss: 0.015587 
test_loss: 0.016345 
train_loss: 0.015927 
test_loss: 0.016477 
train_loss: 0.015733 
test_loss: 0.016614 
train_loss: 0.016961 
test_loss: 0.016503 
train_loss: 0.016610 
test_loss: 0.016565 
train_loss: 0.016612 
test_loss: 0.016271 
train_loss: 0.017861 
test_loss: 0.016443 
train_loss: 0.015864 
test_loss: 0.016244 
train_loss: 0.015160 
test_loss: 0.016772 
train_loss: 0.016880 
test_loss: 0.017014 
train_loss: 0.016335 
test_loss: 0.016236 
train_loss: 0.016445 
test_loss: 0.016129 
train_loss: 0.015204 
test_loss: 0.016383 
train_loss: 0.015981 
test_loss: 0.016164 
train_loss: 0.016725 
test_loss: 0.016144 
train_loss: 0.016190 
test_loss: 0.016003 
train_loss: 0.016387 
test_loss: 0.016167 
train_loss: 0.015569 
test_loss: 0.016076 
train_loss: 0.016727 
test_loss: 0.016165 
train_loss: 0.017134 
test_loss: 0.016399 
train_loss: 0.016138 
test_loss: 0.015964 
train_loss: 0.016497 
test_loss: 0.016088 
train_loss: 0.014684 
test_loss: 0.015979 
train_loss: 0.016086 
test_loss: 0.016123 
train_loss: 0.015941 
test_loss: 0.016076 
train_loss: 0.015393 
test_loss: 0.016016 
train_loss: 0.017053 
test_loss: 0.016015 
train_loss: 0.016662 
test_loss: 0.016531 
train_loss: 0.016866 
test_loss: 0.016294 
train_loss: 0.016259 
test_loss: 0.015967 
train_loss: 0.015655 
test_loss: 0.015928 
train_loss: 0.015577 
test_loss: 0.015965 
train_loss: 0.015467 
test_loss: 0.016035 
train_loss: 0.015583 
test_loss: 0.015813 
train_loss: 0.015787 
test_loss: 0.015936 
train_loss: 0.016258 
test_loss: 0.016287 
train_loss: 0.015293 
test_loss: 0.015969 
train_loss: 0.015823 
test_loss: 0.015927 
train_loss: 0.015718 
test_loss: 0.015851 
train_loss: 0.015696 
test_loss: 0.015875 
train_loss: 0.015983 
test_loss: 0.016164 
train_loss: 0.015587 
test_loss: 0.016291 
