train_loss: 0.237313 
test_loss: 0.232582 
train_loss: 0.120616 
test_loss: 0.120812 
train_loss: 0.0959451 
test_loss: 0.0948597 
train_loss: 0.0897131 
test_loss: 0.0898389 
train_loss: 0.0852174 
test_loss: 0.0864268 
train_loss: 0.0836487 
test_loss: 0.0829666 
train_loss: 0.077818 
test_loss: 0.07945 
train_loss: 0.076388 
test_loss: 0.0763483 
train_loss: 0.0734546 
test_loss: 0.0736302 
train_loss: 0.070843 
test_loss: 0.0712828 
train_loss: 0.0694589 
test_loss: 0.0692077 
train_loss: 0.0666229 
test_loss: 0.0673104 
train_loss: 0.0666658 
test_loss: 0.0656361 
train_loss: 0.0628728 
test_loss: 0.0638991 
train_loss: 0.0618063 
test_loss: 0.0620114 
train_loss: 0.0586007 
test_loss: 0.0600526 
train_loss: 0.0570038 
test_loss: 0.0580425 
train_loss: 0.0553311 
test_loss: 0.0555842 
train_loss: 0.0521353 
test_loss: 0.0528965 
train_loss: 0.049424 
test_loss: 0.0503558 
train_loss: 0.0477408 
test_loss: 0.0475841 
train_loss: 0.0446054 
test_loss: 0.0449224 
train_loss: 0.041851 
test_loss: 0.0419358 
train_loss: 0.0394838 
test_loss: 0.0398815 
train_loss: 0.0368709 
test_loss: 0.0374682 
train_loss: 0.0341721 
test_loss: 0.0350521 
train_loss: 0.0328801 
test_loss: 0.0330008 
train_loss: 0.0304058 
test_loss: 0.0311698 
train_loss: 0.0294506 
test_loss: 0.0295469 
train_loss: 0.0272586 
test_loss: 0.0282579 
train_loss: 0.0265241 
test_loss: 0.0269325 
train_loss: 0.0257502 
test_loss: 0.0255735 
train_loss: 0.0242886 
test_loss: 0.024663 
train_loss: 0.0234728 
test_loss: 0.0233354 
train_loss: 0.0225689 
test_loss: 0.0224023 
train_loss: 0.020752 
test_loss: 0.021484 
train_loss: 0.0202684 
test_loss: 0.0206582 
train_loss: 0.0196991 
test_loss: 0.0199786 
train_loss: 0.0195649 
test_loss: 0.0195728 
train_loss: 0.0177998 
test_loss: 0.0182951 
train_loss: 0.0179695 
test_loss: 0.0185335 
train_loss: 0.017795 
test_loss: 0.0174911 
train_loss: 0.0169989 
test_loss: 0.0173867 
train_loss: 0.0167917 
test_loss: 0.016884 
train_loss: 0.0163365 
test_loss: 0.0167179 
train_loss: 0.0157047 
test_loss: 0.016494 
train_loss: 0.0150419 
test_loss: 0.0157199 
train_loss: 0.0144924 
test_loss: 0.0150559 
train_loss: 0.0146114 
test_loss: 0.0150614 
train_loss: 0.0144208 
test_loss: 0.0154931 
train_loss: 0.0146587 
test_loss: 0.0144271 
train_loss: 0.0141323 
test_loss: 0.0143672 
train_loss: 0.0142685 
test_loss: 0.0139584 
train_loss: 0.01307 
test_loss: 0.0140647 
train_loss: 0.0138906 
test_loss: 0.0139215 
train_loss: 0.013367 
test_loss: 0.0137665 
train_loss: 0.0125797 
test_loss: 0.0129249 
train_loss: 0.0121505 
test_loss: 0.0126471 
train_loss: 0.0124963 
test_loss: 0.0126561 
train_loss: 0.0119082 
test_loss: 0.0128339 
train_loss: 0.0124263 
test_loss: 0.0125484 
train_loss: 0.0116552 
test_loss: 0.0119512 
train_loss: 0.01167 
test_loss: 0.0119255 
train_loss: 0.0113898 
test_loss: 0.0123033 
train_loss: 0.0116825 
test_loss: 0.0117382 
train_loss: 0.0119432 
test_loss: 0.0124303 
train_loss: 0.0112016 
test_loss: 0.0116714 
train_loss: 0.0113103 
test_loss: 0.0117197 
train_loss: 0.0110137 
test_loss: 0.0115294 
train_loss: 0.0111389 
test_loss: 0.0115291 
train_loss: 0.0108272 
test_loss: 0.0108242 
train_loss: 0.0107477 
test_loss: 0.011118 
train_loss: 0.0107338 
test_loss: 0.0111566 
train_loss: 0.0105908 
test_loss: 0.011272 
train_loss: 0.0106511 
test_loss: 0.0111459 
train_loss: 0.0101289 
test_loss: 0.0108163 
train_loss: 0.0103387 
test_loss: 0.0107194 
train_loss: 0.0101167 
test_loss: 0.0102479 
train_loss: 0.0101635 
test_loss: 0.0104861 
train_loss: 0.0105665 
test_loss: 0.0106962 
train_loss: 0.0100736 
test_loss: 0.0102383 
train_loss: 0.0105038 
test_loss: 0.0102066 
train_loss: 0.00975912 
test_loss: 0.0103212 
train_loss: 0.00952246 
test_loss: 0.0102977 
train_loss: 0.00959664 
test_loss: 0.0103624 
train_loss: 0.00989891 
test_loss: 0.0101855 
train_loss: 0.0094732 
test_loss: 0.00968602 
train_loss: 0.0100881 
test_loss: 0.0101706 
train_loss: 0.00934047 
test_loss: 0.00981624 
train_loss: 0.00909406 
test_loss: 0.00951575 
train_loss: 0.00933126 
test_loss: 0.00975537 
train_loss: 0.00948959 
test_loss: 0.0100283 
train_loss: 0.00963712 
test_loss: 0.00968627 
train_loss: 0.0092404 
test_loss: 0.010132 
train_loss: 0.00880794 
test_loss: 0.0094517 
train_loss: 0.00919223 
test_loss: 0.0095278 
train_loss: 0.00957571 
test_loss: 0.00952221 
train_loss: 0.00889886 
test_loss: 0.00971053 
train_loss: 0.00905125 
test_loss: 0.00947605 
train_loss: 0.00911029 
test_loss: 0.00924985 
train_loss: 0.00884414 
test_loss: 0.00904404 
train_loss: 0.0083068 
test_loss: 0.00874223 
train_loss: 0.0091506 
test_loss: 0.00919654 
train_loss: 0.00876497 
test_loss: 0.00911329 
train_loss: 0.00898577 
test_loss: 0.00927548 
train_loss: 0.00842368 
test_loss: 0.00855363 
train_loss: 0.00832001 
test_loss: 0.00876761 
train_loss: 0.0087127 
test_loss: 0.00881087 
train_loss: 0.00832707 
test_loss: 0.00826727 
train_loss: 0.00843292 
test_loss: 0.00921171 
train_loss: 0.00909455 
test_loss: 0.0086841 
train_loss: 0.00846109 
test_loss: 0.00845694 
train_loss: 0.00851119 
test_loss: 0.00835159 
train_loss: 0.00828048 
test_loss: 0.00855154 
train_loss: 0.00805205 
test_loss: 0.00827725 
train_loss: 0.00837455 
test_loss: 0.00821302 
train_loss: 0.00820606 
test_loss: 0.00860979 
train_loss: 0.00826866 
test_loss: 0.00884967 
train_loss: 0.00790271 
test_loss: 0.00814189 
train_loss: 0.0077664 
test_loss: 0.00795697 
train_loss: 0.00788912 
test_loss: 0.0080313 
train_loss: 0.00807533 
test_loss: 0.00875995 
train_loss: 0.00789068 
test_loss: 0.00787904 
train_loss: 0.00825821 
test_loss: 0.00792032 
train_loss: 0.00836921 
test_loss: 0.00790543 
train_loss: 0.00773472 
test_loss: 0.00815322 
train_loss: 0.0075857 
test_loss: 0.00778793 
train_loss: 0.00763338 
test_loss: 0.00782182 
train_loss: 0.00794084 
test_loss: 0.00818343 
train_loss: 0.00741439 
test_loss: 0.00793299 
train_loss: 0.00781022 
test_loss: 0.00746995 
train_loss: 0.00804971 
test_loss: 0.00756827 
train_loss: 0.0074634 
test_loss: 0.00784379 
train_loss: 0.00721171 
test_loss: 0.00768141 
train_loss: 0.00731678 
test_loss: 0.00750782 
train_loss: 0.00726087 
test_loss: 0.00743256 
train_loss: 0.00738017 
test_loss: 0.00755251 
train_loss: 0.00711638 
test_loss: 0.00755764 
train_loss: 0.00717877 
test_loss: 0.00743867 
train_loss: 0.00696734 
test_loss: 0.00734194 
train_loss: 0.00728406 
test_loss: 0.0074837 
