train_loss: 0.084794 
test_loss: 0.083333 
train_loss: 0.065214 
test_loss: 0.064649 
train_loss: 0.055092 
test_loss: 0.055776 
train_loss: 0.041013 
test_loss: 0.040435 
train_loss: 0.029152 
test_loss: 0.029113 
train_loss: 0.022720 
test_loss: 0.023353 
train_loss: 0.019188 
test_loss: 0.018900 
train_loss: 0.017434 
test_loss: 0.018266 
train_loss: 0.015796 
test_loss: 0.016258 
train_loss: 0.014513 
test_loss: 0.014161 
train_loss: 0.013320 
test_loss: 0.013284 
train_loss: 0.012793 
test_loss: 0.013331 
train_loss: 0.011985 
test_loss: 0.012136 
train_loss: 0.012296 
test_loss: 0.012545 
train_loss: 0.010742 
test_loss: 0.011246 
train_loss: 0.011974 
test_loss: 0.010788 
train_loss: 0.010921 
test_loss: 0.011279 
train_loss: 0.010197 
test_loss: 0.010107 
train_loss: 0.010234 
test_loss: 0.010862 
train_loss: 0.009272 
test_loss: 0.009488 
train_loss: 0.009753 
test_loss: 0.009525 
train_loss: 0.009318 
test_loss: 0.010025 
train_loss: 0.009199 
test_loss: 0.009084 
train_loss: 0.009333 
test_loss: 0.009502 
train_loss: 0.008663 
test_loss: 0.008863 
train_loss: 0.009084 
test_loss: 0.009327 
train_loss: 0.008695 
test_loss: 0.008480 
train_loss: 0.008675 
test_loss: 0.008662 
train_loss: 0.008521 
test_loss: 0.009015 
train_loss: 0.008290 
test_loss: 0.008552 
train_loss: 0.008691 
test_loss: 0.009338 
train_loss: 0.007946 
test_loss: 0.008792 
train_loss: 0.008008 
test_loss: 0.008281 
train_loss: 0.007634 
test_loss: 0.008188 
train_loss: 0.007739 
test_loss: 0.007974 
train_loss: 0.007962 
test_loss: 0.007706 
train_loss: 0.007244 
test_loss: 0.007629 
train_loss: 0.007751 
test_loss: 0.007900 
train_loss: 0.007096 
test_loss: 0.007432 
train_loss: 0.007698 
test_loss: 0.007964 
train_loss: 0.007769 
test_loss: 0.007910 
train_loss: 0.007755 
test_loss: 0.007824 
train_loss: 0.007340 
test_loss: 0.007206 
train_loss: 0.007250 
test_loss: 0.007656 
train_loss: 0.007972 
test_loss: 0.008325 
train_loss: 0.007850 
test_loss: 0.007780 
train_loss: 0.007211 
test_loss: 0.007184 
train_loss: 0.006819 
test_loss: 0.007251 
train_loss: 0.007731 
test_loss: 0.007443 
train_loss: 0.007533 
test_loss: 0.007173 
train_loss: 0.007013 
test_loss: 0.007752 
train_loss: 0.006861 
test_loss: 0.007032 
train_loss: 0.007338 
test_loss: 0.007168 
train_loss: 0.006842 
test_loss: 0.007177 
train_loss: 0.006933 
test_loss: 0.007185 
train_loss: 0.006953 
test_loss: 0.006708 
train_loss: 0.007361 
test_loss: 0.007548 
train_loss: 0.007140 
test_loss: 0.007167 
train_loss: 0.006542 
test_loss: 0.006995 
train_loss: 0.007004 
test_loss: 0.006723 
train_loss: 0.006780 
test_loss: 0.006885 
train_loss: 0.006796 
test_loss: 0.006959 
train_loss: 0.006574 
test_loss: 0.006583 
train_loss: 0.007149 
test_loss: 0.007498 
train_loss: 0.006671 
test_loss: 0.006814 
train_loss: 0.006169 
test_loss: 0.006064 
train_loss: 0.006618 
test_loss: 0.007017 
train_loss: 0.006739 
test_loss: 0.006456 
train_loss: 0.006486 
test_loss: 0.006742 
train_loss: 0.006400 
test_loss: 0.006591 
train_loss: 0.006284 
test_loss: 0.006775 
train_loss: 0.006432 
test_loss: 0.006337 
train_loss: 0.006259 
test_loss: 0.006786 
train_loss: 0.006133 
test_loss: 0.006502 
train_loss: 0.006538 
test_loss: 0.006714 
train_loss: 0.006152 
test_loss: 0.005995 
train_loss: 0.006379 
test_loss: 0.006386 
train_loss: 0.006273 
test_loss: 0.006485 
train_loss: 0.006599 
test_loss: 0.006254 
train_loss: 0.006062 
test_loss: 0.006291 
train_loss: 0.006205 
test_loss: 0.006130 
train_loss: 0.006226 
test_loss: 0.006409 
train_loss: 0.006291 
test_loss: 0.006150 
train_loss: 0.006283 
test_loss: 0.006491 
train_loss: 0.006234 
test_loss: 0.006326 
train_loss: 0.006490 
test_loss: 0.006393 
train_loss: 0.006054 
test_loss: 0.006044 
train_loss: 0.006101 
test_loss: 0.006525 
train_loss: 0.006128 
test_loss: 0.006127 
train_loss: 0.006242 
test_loss: 0.006267 
train_loss: 0.005924 
test_loss: 0.006261 
