train_loss: 0.547273 
test_loss: 0.545425 
train_loss: 0.541989 
test_loss: 0.541192 
train_loss: 0.534114 
test_loss: 0.536508 
train_loss: 0.524349 
test_loss: 0.53093 
train_loss: 0.526135 
test_loss: 0.524521 
train_loss: 0.515102 
test_loss: 0.517245 
train_loss: 0.515886 
test_loss: 0.509149 
train_loss: 0.500377 
test_loss: 0.500258 
train_loss: 0.492386 
test_loss: 0.49076 
train_loss: 0.487586 
test_loss: 0.481139 
train_loss: 0.475263 
test_loss: 0.471376 
train_loss: 0.464713 
test_loss: 0.461516 
train_loss: 0.453291 
test_loss: 0.451713 
train_loss: 0.446551 
test_loss: 0.442282 
train_loss: 0.434237 
test_loss: 0.43308 
train_loss: 0.430687 
test_loss: 0.423942 
train_loss: 0.413206 
test_loss: 0.414825 
train_loss: 0.407833 
test_loss: 0.405572 
train_loss: 0.399037 
test_loss: 0.396093 
train_loss: 0.387093 
test_loss: 0.386243 
train_loss: 0.371008 
test_loss: 0.376027 
train_loss: 0.368558 
test_loss: 0.365576 
train_loss: 0.353521 
test_loss: 0.354961 
train_loss: 0.345655 
test_loss: 0.34442 
train_loss: 0.335682 
test_loss: 0.334117 
train_loss: 0.329073 
test_loss: 0.324071 
train_loss: 0.312821 
test_loss: 0.314196 
train_loss: 0.303424 
test_loss: 0.304395 
train_loss: 0.296901 
test_loss: 0.294664 
train_loss: 0.285014 
test_loss: 0.284968 
train_loss: 0.275893 
test_loss: 0.275364 
train_loss: 0.263159 
test_loss: 0.265876 
train_loss: 0.255289 
test_loss: 0.256563 
train_loss: 0.244717 
test_loss: 0.247459 
train_loss: 0.234678 
test_loss: 0.238604 
train_loss: 0.230696 
test_loss: 0.229998 
train_loss: 0.22374 
test_loss: 0.221689 
train_loss: 0.211885 
test_loss: 0.213692 
train_loss: 0.205152 
test_loss: 0.205986 
train_loss: 0.199799 
test_loss: 0.198646 
train_loss: 0.193113 
test_loss: 0.191659 
train_loss: 0.183656 
test_loss: 0.18505 
train_loss: 0.180675 
test_loss: 0.178854 
train_loss: 0.175201 
test_loss: 0.173062 
train_loss: 0.16772 
test_loss: 0.167661 
train_loss: 0.163224 
test_loss: 0.162631 
train_loss: 0.156789 
test_loss: 0.157948 
train_loss: 0.155034 
test_loss: 0.15357 
train_loss: 0.149384 
test_loss: 0.149481 
train_loss: 0.146631 
test_loss: 0.145667 
train_loss: 0.142427 
test_loss: 0.142118 
train_loss: 0.13931 
test_loss: 0.138812 
train_loss: 0.136437 
test_loss: 0.135734 
train_loss: 0.129803 
test_loss: 0.132887 
train_loss: 0.130897 
test_loss: 0.130246 
train_loss: 0.128191 
test_loss: 0.127819 
train_loss: 0.124935 
test_loss: 0.125571 
train_loss: 0.123252 
test_loss: 0.123506 
train_loss: 0.122143 
test_loss: 0.121581 
train_loss: 0.12126 
test_loss: 0.119837 
train_loss: 0.119585 
test_loss: 0.118197 
train_loss: 0.118168 
test_loss: 0.116703 
train_loss: 0.114609 
test_loss: 0.115319 
train_loss: 0.112892 
test_loss: 0.114041 
train_loss: 0.112507 
test_loss: 0.112857 
train_loss: 0.11125 
test_loss: 0.111779 
train_loss: 0.111639 
test_loss: 0.110749 
train_loss: 0.109069 
test_loss: 0.109802 
train_loss: 0.108395 
test_loss: 0.108932 
train_loss: 0.108166 
test_loss: 0.108123 
train_loss: 0.108753 
test_loss: 0.107359 
train_loss: 0.105805 
test_loss: 0.106644 
train_loss: 0.104533 
test_loss: 0.105996 
train_loss: 0.105909 
test_loss: 0.105351 
train_loss: 0.103945 
test_loss: 0.104775 
train_loss: 0.102538 
test_loss: 0.104202 
train_loss: 0.102847 
test_loss: 0.103677 
train_loss: 0.102437 
test_loss: 0.103172 
train_loss: 0.101837 
test_loss: 0.102695 
train_loss: 0.101239 
test_loss: 0.102212 
train_loss: 0.0995636 
test_loss: 0.101755 
train_loss: 0.100496 
test_loss: 0.101293 
train_loss: 0.100368 
test_loss: 0.100845 
train_loss: 0.101077 
test_loss: 0.100409 
train_loss: 0.0994077 
test_loss: 0.0999241 
train_loss: 0.0998731 
test_loss: 0.099448 
train_loss: 0.100154 
test_loss: 0.0989829 
train_loss: 0.0994625 
test_loss: 0.0985293 
train_loss: 0.0983421 
test_loss: 0.0980647 
train_loss: 0.0969176 
test_loss: 0.0976178 
train_loss: 0.0981461 
test_loss: 0.0971587 
train_loss: 0.096539 
test_loss: 0.0967054 
train_loss: 0.0963195 
test_loss: 0.0962227 
train_loss: 0.0960688 
test_loss: 0.0957497 
train_loss: 0.0946034 
test_loss: 0.0952421 
train_loss: 0.0950457 
test_loss: 0.0947522 
train_loss: 0.0940072 
test_loss: 0.0942858 
train_loss: 0.0934885 
test_loss: 0.0938174 
train_loss: 0.0923861 
test_loss: 0.0933565 
train_loss: 0.0932302 
test_loss: 0.0929428 
train_loss: 0.0935205 
test_loss: 0.0924857 
train_loss: 0.0929954 
test_loss: 0.0920386 
train_loss: 0.0916311 
test_loss: 0.0916428 
train_loss: 0.0912272 
test_loss: 0.0912075 
train_loss: 0.0904537 
test_loss: 0.0907997 
train_loss: 0.0895894 
test_loss: 0.0904243 
train_loss: 0.0903969 
test_loss: 0.0900973 
train_loss: 0.0890962 
test_loss: 0.089664 
train_loss: 0.0895687 
test_loss: 0.089367 
train_loss: 0.0886422 
test_loss: 0.0889273 
train_loss: 0.0880407 
test_loss: 0.0885415 
train_loss: 0.0881672 
test_loss: 0.0882367 
train_loss: 0.0877087 
test_loss: 0.0878579 
train_loss: 0.088804 
test_loss: 0.0874623 
train_loss: 0.087775 
test_loss: 0.0871127 
train_loss: 0.0867278 
test_loss: 0.0867667 
train_loss: 0.085426 
test_loss: 0.0863564 
train_loss: 0.0861416 
test_loss: 0.0859683 
train_loss: 0.0854467 
test_loss: 0.0856203 
train_loss: 0.0840977 
test_loss: 0.0853313 
train_loss: 0.0852697 
test_loss: 0.0848645 
train_loss: 0.0845944 
test_loss: 0.0845176 
train_loss: 0.0845312 
test_loss: 0.0841753 
train_loss: 0.0829853 
test_loss: 0.0837548 
train_loss: 0.0837461 
test_loss: 0.0833606 
train_loss: 0.0830642 
test_loss: 0.0829313 
train_loss: 0.0817057 
test_loss: 0.0825534 
train_loss: 0.0806687 
test_loss: 0.0821265 
train_loss: 0.0808111 
test_loss: 0.0817468 
train_loss: 0.0818422 
test_loss: 0.0813119 
train_loss: 0.0803771 
test_loss: 0.0808858 
train_loss: 0.0811102 
test_loss: 0.0804684 
train_loss: 0.0798937 
test_loss: 0.0799966 
train_loss: 0.0793284 
test_loss: 0.0795752 
train_loss: 0.0785623 
test_loss: 0.07933 
train_loss: 0.0803925 
test_loss: 0.0787368 
train_loss: 0.0781907 
test_loss: 0.0783057 
train_loss: 0.0785408 
test_loss: 0.0778712 
train_loss: 0.0770859 
test_loss: 0.0774775 
train_loss: 0.0774617 
test_loss: 0.077133 
train_loss: 0.0767547 
test_loss: 0.0767073 
train_loss: 0.0764634 
test_loss: 0.0763116 
train_loss: 0.0753054 
test_loss: 0.0758846 
train_loss: 0.076177 
test_loss: 0.0755027 
train_loss: 0.0751643 
test_loss: 0.075227 
train_loss: 0.0747848 
test_loss: 0.0748032 
train_loss: 0.0737218 
test_loss: 0.0744241 
train_loss: 0.0741309 
test_loss: 0.0740541 
train_loss: 0.0732047 
test_loss: 0.0736975 
train_loss: 0.0731129 
test_loss: 0.0733506 
train_loss: 0.0725604 
test_loss: 0.0730894 
train_loss: 0.0726175 
test_loss: 0.0726895 
train_loss: 0.073037 
test_loss: 0.0722935 
train_loss: 0.0714968 
test_loss: 0.0719846 
train_loss: 0.0717285 
test_loss: 0.0716067 
train_loss: 0.0709283 
test_loss: 0.071368 
train_loss: 0.0711742 
test_loss: 0.0710768 
train_loss: 0.0702212 
test_loss: 0.0706942 
train_loss: 0.0700677 
test_loss: 0.0703715 
train_loss: 0.0702666 
test_loss: 0.0701708 
train_loss: 0.0698742 
test_loss: 0.0698254 
train_loss: 0.0700283 
test_loss: 0.0697041 
train_loss: 0.0694125 
test_loss: 0.0694013 
train_loss: 0.0696435 
test_loss: 0.0691141 
train_loss: 0.0684706 
test_loss: 0.0688674 
train_loss: 0.0684554 
test_loss: 0.0686394 
train_loss: 0.0681928 
test_loss: 0.0683751 
train_loss: 0.068014 
test_loss: 0.0682138 
train_loss: 0.0688607 
test_loss: 0.0679795 
train_loss: 0.0671355 
test_loss: 0.0677426 
train_loss: 0.0675653 
test_loss: 0.0676468 
train_loss: 0.0656471 
test_loss: 0.067418 
train_loss: 0.0668892 
test_loss: 0.0673063 
train_loss: 0.0662722 
test_loss: 0.0670948 
train_loss: 0.0669449 
test_loss: 0.0668867 
train_loss: 0.066643 
test_loss: 0.0667014 
train_loss: 0.0660667 
test_loss: 0.066586 
train_loss: 0.0650758 
test_loss: 0.0663828 
train_loss: 0.0651868 
test_loss: 0.0662399 
train_loss: 0.0664077 
test_loss: 0.0660602 
train_loss: 0.0656507 
test_loss: 0.0659713 
train_loss: 0.0658956 
test_loss: 0.0658457 
train_loss: 0.0652292 
test_loss: 0.0656893 
train_loss: 0.0647194 
test_loss: 0.065616 
train_loss: 0.0647458 
test_loss: 0.0654344 
train_loss: 0.0646288 
test_loss: 0.0654107 
train_loss: 0.0653948 
test_loss: 0.0652437 
train_loss: 0.0648243 
test_loss: 0.0650604 
train_loss: 0.0641767 
test_loss: 0.0649587 
train_loss: 0.0644384 
test_loss: 0.0650256 
train_loss: 0.0641985 
test_loss: 0.0647643 
train_loss: 0.0651144 
test_loss: 0.064574 
train_loss: 0.0640562 
test_loss: 0.064579 
train_loss: 0.0636583 
test_loss: 0.0644772 
train_loss: 0.0637624 
test_loss: 0.0642605 
train_loss: 0.0635948 
test_loss: 0.0642317 
train_loss: 0.0629972 
test_loss: 0.0641063 
train_loss: 0.0638035 
test_loss: 0.0642501 
train_loss: 0.0638107 
test_loss: 0.0638964 
train_loss: 0.0637378 
test_loss: 0.0638106 
train_loss: 0.0632921 
test_loss: 0.0637373 
train_loss: 0.063424 
test_loss: 0.0635735 
train_loss: 0.0639033 
test_loss: 0.0634723 
train_loss: 0.0619134 
test_loss: 0.0633729 
train_loss: 0.0630119 
test_loss: 0.0632461 
train_loss: 0.0626072 
test_loss: 0.0631293 
train_loss: 0.0624695 
test_loss: 0.0629501 
train_loss: 0.0632483 
test_loss: 0.0629024 
train_loss: 0.0625208 
test_loss: 0.0628249 
train_loss: 0.0624989 
test_loss: 0.0626428 
train_loss: 0.0620759 
test_loss: 0.0625833 
train_loss: 0.0619576 
test_loss: 0.0625182 
train_loss: 0.0620695 
test_loss: 0.0623062 
train_loss: 0.0620532 
test_loss: 0.0621585 
train_loss: 0.0621627 
test_loss: 0.0620636 
train_loss: 0.0616416 
test_loss: 0.0619139 
train_loss: 0.0621562 
test_loss: 0.0618553 
train_loss: 0.0604596 
test_loss: 0.0617953 
train_loss: 0.0610937 
test_loss: 0.0616257 
train_loss: 0.0617785 
test_loss: 0.0613666 
train_loss: 0.0615506 
test_loss: 0.0612823 
train_loss: 0.0604439 
test_loss: 0.0611053 
train_loss: 0.0604935 
test_loss: 0.0607728 
train_loss: 0.0607371 
test_loss: 0.0606327 
train_loss: 0.0613791 
test_loss: 0.0605726 
train_loss: 0.0591384 
test_loss: 0.0601756 
train_loss: 0.0598815 
test_loss: 0.0600255 
train_loss: 0.0593009 
test_loss: 0.0598344 
train_loss: 0.0600731 
test_loss: 0.0595434 
train_loss: 0.0592795 
test_loss: 0.0592461 
train_loss: 0.0585873 
test_loss: 0.0590003 
train_loss: 0.058431 
test_loss: 0.0587293 
train_loss: 0.0573902 
test_loss: 0.0584628 
train_loss: 0.0572269 
test_loss: 0.0581111 
train_loss: 0.0579436 
test_loss: 0.0575937 
train_loss: 0.0563531 
test_loss: 0.0573637 
train_loss: 0.0563998 
test_loss: 0.056893 
train_loss: 0.0557644 
test_loss: 0.0562919 
train_loss: 0.055457 
test_loss: 0.0560013 
train_loss: 0.0553881 
test_loss: 0.0556699 
train_loss: 0.0546281 
test_loss: 0.0551509 
train_loss: 0.053817 
test_loss: 0.054419 
train_loss: 0.0527167 
test_loss: 0.0541243 
train_loss: 0.0539401 
test_loss: 0.0531182 
train_loss: 0.0512892 
test_loss: 0.0526505 
train_loss: 0.0519923 
test_loss: 0.0521186 
train_loss: 0.0513413 
test_loss: 0.0513917 
train_loss: 0.0509356 
test_loss: 0.0507773 
train_loss: 0.0494084 
test_loss: 0.0503317 
train_loss: 0.0485373 
test_loss: 0.0500098 
train_loss: 0.0487209 
test_loss: 0.0485762 
train_loss: 0.047396 
test_loss: 0.0477187 
train_loss: 0.0459322 
test_loss: 0.047033 
train_loss: 0.0457062 
test_loss: 0.0459864 
train_loss: 0.0447424 
test_loss: 0.0451689 
train_loss: 0.0440688 
test_loss: 0.0445095 
train_loss: 0.0428164 
test_loss: 0.0435389 
train_loss: 0.0421752 
test_loss: 0.0430101 
train_loss: 0.0417516 
test_loss: 0.0424562 
train_loss: 0.0402347 
test_loss: 0.040987 
train_loss: 0.0391409 
test_loss: 0.0398799 
train_loss: 0.0398313 
test_loss: 0.039373 
train_loss: 0.0375265 
test_loss: 0.0380515 
train_loss: 0.0366472 
test_loss: 0.0369109 
train_loss: 0.035377 
test_loss: 0.0367821 
train_loss: 0.034886 
test_loss: 0.0355651 
train_loss: 0.0340563 
test_loss: 0.0345239 
train_loss: 0.0330871 
test_loss: 0.0335341 
train_loss: 0.0321696 
test_loss: 0.0328196 
train_loss: 0.0312776 
test_loss: 0.0318397 
train_loss: 0.030147 
test_loss: 0.031115 
train_loss: 0.0295082 
test_loss: 0.0300336 
train_loss: 0.029416 
test_loss: 0.0292361 
train_loss: 0.0278129 
test_loss: 0.0284415 
train_loss: 0.0268938 
test_loss: 0.0272681 
train_loss: 0.0274661 
test_loss: 0.0275543 
train_loss: 0.0259983 
test_loss: 0.0264209 
train_loss: 0.0250722 
test_loss: 0.0250075 
train_loss: 0.0245034 
test_loss: 0.0257269 
train_loss: 0.0236404 
test_loss: 0.0242872 
train_loss: 0.0229655 
test_loss: 0.0231161 
train_loss: 0.0231269 
test_loss: 0.0228746 
train_loss: 0.0222818 
test_loss: 0.0218689 
train_loss: 0.0216168 
test_loss: 0.0215405 
train_loss: 0.0201167 
test_loss: 0.0209481 
train_loss: 0.0203864 
test_loss: 0.0207194 
train_loss: 0.0195303 
test_loss: 0.0200402 
train_loss: 0.0193043 
test_loss: 0.0191105 
train_loss: 0.0186479 
test_loss: 0.0188243 
train_loss: 0.0181755 
test_loss: 0.0188669 
train_loss: 0.0186186 
test_loss: 0.0180215 
train_loss: 0.0171311 
test_loss: 0.0172286 
train_loss: 0.0174478 
test_loss: 0.0186856 
train_loss: 0.0172041 
test_loss: 0.0182751 
train_loss: 0.0167896 
test_loss: 0.0163675 
train_loss: 0.0153339 
test_loss: 0.0159471 
train_loss: 0.0157573 
test_loss: 0.0172707 
train_loss: 0.0155637 
test_loss: 0.0152737 
train_loss: 0.0148326 
test_loss: 0.0147487 
train_loss: 0.0142813 
test_loss: 0.0150381 
train_loss: 0.013841 
test_loss: 0.0145327 
train_loss: 0.0144459 
test_loss: 0.0148325 
train_loss: 0.0133104 
test_loss: 0.0136006 
train_loss: 0.0137785 
test_loss: 0.0137672 
train_loss: 0.0126552 
test_loss: 0.0131573 
train_loss: 0.0124508 
test_loss: 0.0126645 
train_loss: 0.0131788 
test_loss: 0.012479 
train_loss: 0.011908 
test_loss: 0.0126456 
train_loss: 0.0121941 
test_loss: 0.012465 
train_loss: 0.01278 
test_loss: 0.0126774 
train_loss: 0.0116099 
test_loss: 0.0119276 
train_loss: 0.0119806 
test_loss: 0.0118896 
train_loss: 0.0116201 
test_loss: 0.0118503 
train_loss: 0.0118232 
test_loss: 0.0115431 
train_loss: 0.0124955 
test_loss: 0.0116195 
train_loss: 0.0105615 
test_loss: 0.011375 
train_loss: 0.0113526 
test_loss: 0.0110244 
train_loss: 0.0101863 
test_loss: 0.0102432 
train_loss: 0.0110009 
test_loss: 0.0109666 
train_loss: 0.0102698 
test_loss: 0.0104224 
train_loss: 0.0104974 
test_loss: 0.011317 
train_loss: 0.0110911 
test_loss: 0.0102235 
train_loss: 0.0113361 
test_loss: 0.0105263 
train_loss: 0.0099802 
test_loss: 0.00998536 
train_loss: 0.00975372 
test_loss: 0.00962171 
train_loss: 0.0101192 
test_loss: 0.0101374 
train_loss: 0.00983807 
test_loss: 0.00996149 
train_loss: 0.0096126 
test_loss: 0.0100057 
train_loss: 0.00939694 
test_loss: 0.00959912 
train_loss: 0.0093895 
test_loss: 0.0100172 
train_loss: 0.00960459 
test_loss: 0.0100816 
train_loss: 0.0090853 
test_loss: 0.00927108 
train_loss: 0.00913513 
test_loss: 0.00875676 
train_loss: 0.00921467 
test_loss: 0.00876328 
train_loss: 0.0088866 
test_loss: 0.00867351 
train_loss: 0.00889057 
test_loss: 0.00881229 
train_loss: 0.00861294 
test_loss: 0.00828075 
train_loss: 0.00827621 
test_loss: 0.0086687 
train_loss: 0.00844672 
test_loss: 0.00844517 
train_loss: 0.00880979 
test_loss: 0.00841185 
train_loss: 0.0084489 
test_loss: 0.00843062 
train_loss: 0.00838054 
test_loss: 0.00857849 
train_loss: 0.00826251 
test_loss: 0.00857314 
train_loss: 0.00841806 
test_loss: 0.00797256 
train_loss: 0.00792839 
test_loss: 0.00787669 
train_loss: 0.00838084 
test_loss: 0.0079616 
train_loss: 0.00849567 
test_loss: 0.0080455 
train_loss: 0.00813389 
test_loss: 0.00777927 
train_loss: 0.00750871 
test_loss: 0.00826698 
train_loss: 0.00752848 
test_loss: 0.00792875 
train_loss: 0.00763816 
test_loss: 0.00760859 
train_loss: 0.00790329 
test_loss: 0.00848404 
train_loss: 0.00732369 
test_loss: 0.0075729 
train_loss: 0.00813146 
test_loss: 0.00784462 
train_loss: 0.00730197 
test_loss: 0.00764794 
train_loss: 0.00767295 
test_loss: 0.00797999 
train_loss: 0.0073058 
test_loss: 0.00734227 
train_loss: 0.00721509 
test_loss: 0.00768958 
train_loss: 0.00725615 
test_loss: 0.00729513 
train_loss: 0.00756742 
test_loss: 0.00805588 
train_loss: 0.00727309 
test_loss: 0.00720682 
train_loss: 0.00728209 
test_loss: 0.0071545 
train_loss: 0.00728193 
test_loss: 0.00774265 
train_loss: 0.00713028 
test_loss: 0.00699202 
train_loss: 0.00733867 
test_loss: 0.00745774 
train_loss: 0.00670206 
test_loss: 0.00722239 
train_loss: 0.0070473 
test_loss: 0.0069911 
train_loss: 0.00700852 
test_loss: 0.00715663 
train_loss: 0.00683462 
test_loss: 0.00708517 
train_loss: 0.0071911 
test_loss: 0.00695099 
train_loss: 0.00661989 
test_loss: 0.00680054 
train_loss: 0.00745583 
test_loss: 0.00728891 
train_loss: 0.00670772 
test_loss: 0.00701503 
train_loss: 0.00671654 
test_loss: 0.00664194 
train_loss: 0.00713882 
test_loss: 0.00670063 
train_loss: 0.00645971 
test_loss: 0.00674033 
train_loss: 0.00649921 
test_loss: 0.00678375 
train_loss: 0.0070361 
test_loss: 0.00703131 
train_loss: 0.00717738 
test_loss: 0.00690171 
train_loss: 0.00699202 
test_loss: 0.00694558 
train_loss: 0.00660364 
test_loss: 0.00648324 
train_loss: 0.00664113 
test_loss: 0.00654309 
train_loss: 0.00701754 
test_loss: 0.00642161 
train_loss: 0.00657931 
test_loss: 0.00684952 
train_loss: 0.00625001 
test_loss: 0.00636968 
train_loss: 0.00636203 
test_loss: 0.00663483 
train_loss: 0.00634519 
test_loss: 0.00659527 
train_loss: 0.00659489 
test_loss: 0.00660895 
train_loss: 0.00632491 
test_loss: 0.00645142 
train_loss: 0.00658187 
test_loss: 0.00646486 
train_loss: 0.00612707 
test_loss: 0.0062908 
train_loss: 0.00651477 
test_loss: 0.00652037 
train_loss: 0.00644966 
test_loss: 0.00651759 
train_loss: 0.00610495 
test_loss: 0.00624304 
train_loss: 0.0063931 
test_loss: 0.00623984 
train_loss: 0.00643771 
test_loss: 0.00672862 
train_loss: 0.00618982 
test_loss: 0.00645702 
train_loss: 0.00630925 
test_loss: 0.00643403 
train_loss: 0.00637303 
test_loss: 0.00634255 
train_loss: 0.00653761 
test_loss: 0.00655502 
train_loss: 0.00611754 
test_loss: 0.00631061 
