train_loss: 0.056263 
test_loss: 0.055998 
train_loss: 0.039544 
test_loss: 0.038927 
train_loss: 0.023790 
test_loss: 0.024078 
train_loss: 0.019877 
test_loss: 0.020441 
train_loss: 0.019190 
test_loss: 0.019952 
train_loss: 0.019089 
test_loss: 0.018622 
train_loss: 0.018762 
test_loss: 0.018145 
train_loss: 0.017806 
test_loss: 0.017992 
train_loss: 0.017251 
test_loss: 0.017932 
train_loss: 0.016651 
test_loss: 0.016997 
train_loss: 0.017331 
test_loss: 0.017151 
train_loss: 0.016617 
test_loss: 0.016434 
train_loss: 0.016275 
test_loss: 0.016618 
train_loss: 0.016241 
test_loss: 0.016678 
train_loss: 0.017074 
test_loss: 0.016787 
train_loss: 0.016280 
test_loss: 0.016337 
train_loss: 0.015959 
test_loss: 0.016125 
train_loss: 0.015991 
test_loss: 0.016884 
train_loss: 0.015903 
test_loss: 0.015672 
train_loss: 0.015842 
test_loss: 0.015906 
train_loss: 0.016128 
test_loss: 0.016024 
train_loss: 0.015631 
test_loss: 0.015781 
train_loss: 0.015367 
test_loss: 0.015421 
train_loss: 0.015214 
test_loss: 0.015333 
train_loss: 0.014987 
test_loss: 0.015272 
train_loss: 0.014883 
test_loss: 0.015418 
train_loss: 0.014649 
test_loss: 0.014573 
train_loss: 0.014781 
test_loss: 0.014507 
train_loss: 0.014103 
test_loss: 0.014342 
train_loss: 0.013485 
test_loss: 0.014073 
train_loss: 0.013351 
test_loss: 0.013816 
train_loss: 0.013239 
test_loss: 0.013014 
train_loss: 0.012514 
test_loss: 0.012510 
train_loss: 0.013078 
test_loss: 0.012925 
train_loss: 0.011965 
test_loss: 0.012243 
train_loss: 0.011305 
test_loss: 0.011973 
train_loss: 0.011089 
test_loss: 0.011358 
train_loss: 0.010679 
test_loss: 0.011971 
train_loss: 0.010415 
test_loss: 0.010629 
train_loss: 0.010510 
test_loss: 0.010744 
train_loss: 0.010551 
test_loss: 0.009804 
train_loss: 0.010310 
test_loss: 0.009931 
train_loss: 0.009795 
test_loss: 0.010001 
train_loss: 0.009202 
test_loss: 0.009182 
train_loss: 0.008659 
test_loss: 0.009219 
train_loss: 0.009015 
test_loss: 0.008632 
train_loss: 0.008802 
test_loss: 0.008840 
train_loss: 0.008326 
test_loss: 0.008660 
train_loss: 0.008169 
test_loss: 0.008913 
train_loss: 0.008047 
test_loss: 0.008001 
train_loss: 0.008061 
test_loss: 0.008169 
train_loss: 0.007795 
test_loss: 0.008111 
train_loss: 0.007476 
test_loss: 0.009478 
train_loss: 0.008872 
test_loss: 0.007727 
train_loss: 0.007447 
test_loss: 0.007182 
train_loss: 0.007143 
test_loss: 0.007586 
train_loss: 0.006687 
test_loss: 0.006922 
train_loss: 0.007379 
test_loss: 0.007353 
train_loss: 0.007583 
test_loss: 0.007350 
train_loss: 0.007337 
test_loss: 0.007107 
train_loss: 0.006727 
test_loss: 0.007217 
train_loss: 0.007414 
test_loss: 0.007255 
train_loss: 0.007422 
test_loss: 0.007248 
train_loss: 0.007381 
test_loss: 0.007753 
train_loss: 0.006773 
test_loss: 0.006875 
train_loss: 0.006177 
test_loss: 0.006478 
train_loss: 0.006277 
test_loss: 0.007112 
train_loss: 0.006794 
test_loss: 0.006248 
train_loss: 0.006408 
test_loss: 0.006465 
train_loss: 0.006381 
test_loss: 0.006445 
train_loss: 0.006682 
test_loss: 0.006392 
train_loss: 0.006384 
test_loss: 0.006432 
train_loss: 0.006853 
test_loss: 0.007450 
train_loss: 0.006799 
test_loss: 0.006638 
train_loss: 0.006312 
test_loss: 0.006209 
train_loss: 0.005663 
test_loss: 0.005927 
train_loss: 0.006360 
test_loss: 0.006373 
train_loss: 0.006542 
test_loss: 0.005959 
train_loss: 0.005753 
test_loss: 0.005930 
train_loss: 0.005599 
test_loss: 0.006326 
train_loss: 0.005680 
test_loss: 0.005706 
train_loss: 0.005953 
test_loss: 0.006460 
train_loss: 0.006092 
test_loss: 0.006335 
train_loss: 0.005732 
test_loss: 0.006159 
train_loss: 0.005303 
test_loss: 0.005836 
train_loss: 0.006326 
test_loss: 0.005809 
train_loss: 0.005932 
test_loss: 0.006109 
train_loss: 0.005429 
test_loss: 0.005712 
train_loss: 0.005571 
test_loss: 0.006121 
train_loss: 0.006094 
test_loss: 0.005260 
train_loss: 0.006302 
test_loss: 0.005640 
train_loss: 0.005296 
test_loss: 0.006009 
train_loss: 0.005048 
test_loss: 0.005765 
train_loss: 0.005646 
test_loss: 0.006183 
train_loss: 0.005442 
test_loss: 0.005602 
train_loss: 0.005663 
test_loss: 0.005566 
train_loss: 0.005795 
test_loss: 0.005316 
train_loss: 0.005617 
test_loss: 0.005501 
train_loss: 0.006275 
test_loss: 0.005921 
train_loss: 0.005496 
test_loss: 0.005617 
train_loss: 0.005409 
test_loss: 0.005493 
train_loss: 0.005406 
test_loss: 0.005478 
train_loss: 0.005357 
test_loss: 0.006304 
train_loss: 0.005562 
test_loss: 0.006012 
train_loss: 0.006101 
test_loss: 0.006187 
train_loss: 0.004924 
test_loss: 0.005423 
train_loss: 0.005173 
test_loss: 0.005072 
train_loss: 0.005472 
test_loss: 0.005323 
train_loss: 0.005241 
test_loss: 0.005042 
train_loss: 0.005468 
test_loss: 0.006126 
train_loss: 0.005686 
test_loss: 0.005718 
