train_loss: 0.103128 
test_loss: 0.104950 
train_loss: 0.089128 
test_loss: 0.095735 
train_loss: 0.078955 
test_loss: 0.080920 
train_loss: 0.071315 
test_loss: 0.071192 
train_loss: 0.063992 
test_loss: 0.066916 
train_loss: 0.068381 
test_loss: 0.065676 
train_loss: 0.061834 
test_loss: 0.064027 
train_loss: 0.062641 
test_loss: 0.062887 
train_loss: 0.057763 
test_loss: 0.061702 
train_loss: 0.061576 
test_loss: 0.060382 
train_loss: 0.056496 
test_loss: 0.057906 
train_loss: 0.056781 
test_loss: 0.056104 
train_loss: 0.051766 
test_loss: 0.053327 
train_loss: 0.048092 
test_loss: 0.050084 
train_loss: 0.047025 
test_loss: 0.047658 
train_loss: 0.042538 
test_loss: 0.045621 
train_loss: 0.041614 
test_loss: 0.043530 
train_loss: 0.040621 
test_loss: 0.040827 
train_loss: 0.037033 
test_loss: 0.039606 
train_loss: 0.036735 
test_loss: 0.038020 
train_loss: 0.035356 
test_loss: 0.036955 
train_loss: 0.035965 
test_loss: 0.035935 
train_loss: 0.035803 
test_loss: 0.034514 
train_loss: 0.032519 
test_loss: 0.034383 
train_loss: 0.033064 
test_loss: 0.033413 
train_loss: 0.032432 
test_loss: 0.032583 
train_loss: 0.030305 
test_loss: 0.032032 
train_loss: 0.030530 
test_loss: 0.031340 
train_loss: 0.031338 
test_loss: 0.031575 
train_loss: 0.028475 
test_loss: 0.030467 
train_loss: 0.027454 
test_loss: 0.029822 
train_loss: 0.028214 
test_loss: 0.030172 
train_loss: 0.027449 
test_loss: 0.029358 
train_loss: 0.031809 
test_loss: 0.029637 
train_loss: 0.026269 
test_loss: 0.028556 
train_loss: 0.026216 
test_loss: 0.028351 
train_loss: 0.027741 
test_loss: 0.028172 
train_loss: 0.028282 
test_loss: 0.028059 
train_loss: 0.031041 
test_loss: 0.027501 
train_loss: 0.025852 
test_loss: 0.027150 
train_loss: 0.026530 
test_loss: 0.026955 
train_loss: 0.025609 
test_loss: 0.026770 
train_loss: 0.025308 
test_loss: 0.026549 
train_loss: 0.026521 
test_loss: 0.026283 
train_loss: 0.024547 
test_loss: 0.025998 
train_loss: 0.025476 
test_loss: 0.025984 
train_loss: 0.021803 
test_loss: 0.025486 
train_loss: 0.025954 
test_loss: 0.025473 
train_loss: 0.033671 
test_loss: 0.025823 
train_loss: 0.021950 
test_loss: 0.025215 
train_loss: 0.029894 
test_loss: 0.025415 
train_loss: 0.023033 
test_loss: 0.024755 
train_loss: 0.029164 
test_loss: 0.025360 
train_loss: 0.023182 
test_loss: 0.024539 
train_loss: 0.023088 
test_loss: 0.024751 
train_loss: 0.022981 
test_loss: 0.024486 
train_loss: 0.023658 
test_loss: 0.024745 
train_loss: 0.022535 
test_loss: 0.024131 
train_loss: 0.022820 
test_loss: 0.024652 
train_loss: 0.021154 
test_loss: 0.023961 
train_loss: 0.020363 
test_loss: 0.023424 
train_loss: 0.025554 
test_loss: 0.024407 
train_loss: 0.020727 
test_loss: 0.023551 
train_loss: 0.022919 
test_loss: 0.023311 
train_loss: 0.022196 
test_loss: 0.023298 
train_loss: 0.022137 
test_loss: 0.023261 
train_loss: 0.024395 
test_loss: 0.023452 
train_loss: 0.022357 
test_loss: 0.023322 
train_loss: 0.023252 
test_loss: 0.023255 
train_loss: 0.025566 
test_loss: 0.022852 
train_loss: 0.022011 
test_loss: 0.022472 
train_loss: 0.022797 
test_loss: 0.022949 
train_loss: 0.020558 
test_loss: 0.022295 
train_loss: 0.023273 
test_loss: 0.022618 
train_loss: 0.022081 
test_loss: 0.022524 
train_loss: 0.018713 
test_loss: 0.022410 
train_loss: 0.021542 
test_loss: 0.022171 
train_loss: 0.021594 
test_loss: 0.022815 
train_loss: 0.020175 
test_loss: 0.022066 
train_loss: 0.020882 
test_loss: 0.022185 
train_loss: 0.019158 
test_loss: 0.021339 
train_loss: 0.019834 
test_loss: 0.021778 
train_loss: 0.019839 
test_loss: 0.021587 
train_loss: 0.019381 
test_loss: 0.021638 
train_loss: 0.020581 
test_loss: 0.021555 
train_loss: 0.021665 
test_loss: 0.021433 
train_loss: 0.020930 
test_loss: 0.021380 
train_loss: 0.021841 
test_loss: 0.021131 
train_loss: 0.020049 
test_loss: 0.021523 
train_loss: 0.018226 
test_loss: 0.021176 
train_loss: 0.020650 
test_loss: 0.021372 
