train_loss: 5.847573 
test_loss: 3.720368 
train_loss: 3.007257 
test_loss: 3.546230 
train_loss: 2.554769 
test_loss: 3.268482 
train_loss: 5.188959 
test_loss: 3.214961 
train_loss: 2.537246 
test_loss: 3.371509 
train_loss: 4.844101 
test_loss: 3.805572 
train_loss: 2.753983 
test_loss: 3.445146 
train_loss: 3.597844 
test_loss: 3.747221 
train_loss: 3.280849 
test_loss: 3.381195 
train_loss: 3.114508 
test_loss: 3.521085 
train_loss: 4.301426 
test_loss: 3.404121 
train_loss: 3.024902 
test_loss: 3.319037 
train_loss: 3.420543 
test_loss: 3.260357 
train_loss: 3.163673 
test_loss: 3.190615 
train_loss: 2.493701 
test_loss: 3.134604 
train_loss: 2.777792 
test_loss: 3.126089 
train_loss: 2.708795 
test_loss: 3.099730 
train_loss: 4.552604 
test_loss: 3.073019 
train_loss: 2.858473 
test_loss: 3.118353 
train_loss: 2.725322 
test_loss: 3.066765 
train_loss: 4.216447 
test_loss: 3.321620 
train_loss: 2.570462 
test_loss: 3.214759 
train_loss: 8.380882 
test_loss: 3.894530 
train_loss: 3.626509 
test_loss: 4.738729 
train_loss: 4.651008 
test_loss: 4.726074 
train_loss: 4.799931 
test_loss: 6.847865 
train_loss: 58.322304 
test_loss: 24.906214 
train_loss: 4.896945 
test_loss: 29.445795 
train_loss: 3.980031 
test_loss: 13.278561 
train_loss: 3.930861 
test_loss: 20.766069 
train_loss: 15.026483 
test_loss: 15.465372 
