train_loss: 0.0594094 
test_loss: 0.0565303 
train_loss: 0.0405138 
test_loss: 0.0406684 
train_loss: 0.0359566 
test_loss: 0.0328182 
train_loss: 0.03153 
test_loss: 0.0331219 
train_loss: 0.0288725 
test_loss: 0.0300317 
train_loss: 0.0266752 
test_loss: 0.026517 
train_loss: 0.0251236 
test_loss: 0.0261433 
train_loss: 0.0241304 
test_loss: 0.0249682 
train_loss: 0.0236331 
test_loss: 0.0249421 
train_loss: 0.0239615 
test_loss: 0.0233444 
train_loss: 0.0219521 
test_loss: 0.0234684 
train_loss: 0.0228955 
test_loss: 0.0230494 
train_loss: 0.0209758 
test_loss: 0.021492 
train_loss: 0.0189336 
test_loss: 0.0206106 
train_loss: 0.0207466 
test_loss: 0.0202403 
train_loss: 0.0218348 
test_loss: 0.0201883 
train_loss: 0.0214409 
test_loss: 0.020698 
train_loss: 0.0159143 
test_loss: 0.0192545 
train_loss: 0.0179084 
test_loss: 0.0184989 
train_loss: 0.018835 
test_loss: 0.0177938 
train_loss: 0.0190949 
test_loss: 0.0181236 
train_loss: 0.0178502 
test_loss: 0.0179679 
train_loss: 0.0166098 
test_loss: 0.0169029 
train_loss: 0.0170745 
test_loss: 0.0168011 
train_loss: 0.0163453 
test_loss: 0.0167217 
train_loss: 0.0166606 
test_loss: 0.0162933 
train_loss: 0.0173318 
test_loss: 0.0154785 
train_loss: 0.0148423 
test_loss: 0.0156267 
train_loss: 0.0167931 
test_loss: 0.0157069 
train_loss: 0.0146035 
test_loss: 0.0158756 
train_loss: 0.0142106 
test_loss: 0.0149768 
train_loss: 0.0141265 
test_loss: 0.0154807 
train_loss: 0.0162134 
test_loss: 0.014708 
train_loss: 0.0170802 
test_loss: 0.0148273 
train_loss: 0.0136662 
test_loss: 0.014488 
train_loss: 0.0126833 
test_loss: 0.013639 
train_loss: 0.0126041 
test_loss: 0.0142104 
train_loss: 0.0139928 
test_loss: 0.0137725 
train_loss: 0.0144922 
test_loss: 0.0137636 
train_loss: 0.0129181 
test_loss: 0.0134466 
train_loss: 0.0118044 
test_loss: 0.0128016 
train_loss: 0.0135387 
test_loss: 0.0137371 
train_loss: 0.0107059 
test_loss: 0.0124148 
train_loss: 0.0107045 
test_loss: 0.0128019 
train_loss: 0.013252 
test_loss: 0.0132349 
train_loss: 0.012756 
test_loss: 0.0131 
train_loss: 0.0118632 
test_loss: 0.0126638 
train_loss: 0.0131369 
test_loss: 0.0129862 
train_loss: 0.0119943 
test_loss: 0.0121089 
train_loss: 0.0117693 
test_loss: 0.0133902 
train_loss: 0.0111124 
test_loss: 0.012003 
train_loss: 0.0112222 
test_loss: 0.0119203 
train_loss: 0.0114863 
test_loss: 0.0117502 
train_loss: 0.0119296 
test_loss: 0.0124901 
train_loss: 0.01114 
test_loss: 0.011351 
train_loss: 0.0107191 
test_loss: 0.0117048 
train_loss: 0.0112802 
test_loss: 0.0116537 
train_loss: 0.0115284 
test_loss: 0.0118248 
train_loss: 0.00997864 
test_loss: 0.0110743 
train_loss: 0.010932 
test_loss: 0.0113566 
train_loss: 0.0104992 
test_loss: 0.0115903 
train_loss: 0.0106137 
test_loss: 0.0109919 
train_loss: 0.0113816 
test_loss: 0.0112513 
train_loss: 0.0113982 
test_loss: 0.0109986 
train_loss: 0.0104954 
test_loss: 0.0112352 
train_loss: 0.0101529 
test_loss: 0.0110378 
train_loss: 0.0100101 
test_loss: 0.0105009 
train_loss: 0.0103468 
test_loss: 0.0107983 
train_loss: 0.0114653 
test_loss: 0.0118533 
train_loss: 0.00932126 
test_loss: 0.009958 
train_loss: 0.0103659 
test_loss: 0.0106146 
train_loss: 0.00988427 
test_loss: 0.0105262 
train_loss: 0.0099074 
test_loss: 0.0108524 
train_loss: 0.0117526 
test_loss: 0.0106681 
train_loss: 0.00886882 
test_loss: 0.00969753 
train_loss: 0.00979085 
test_loss: 0.010172 
train_loss: 0.0102191 
test_loss: 0.0100084 
train_loss: 0.010157 
test_loss: 0.00980792 
train_loss: 0.00930751 
test_loss: 0.0100406 
train_loss: 0.00944944 
test_loss: 0.0102244 
train_loss: 0.00966417 
test_loss: 0.0101489 
train_loss: 0.00936478 
test_loss: 0.00969019 
train_loss: 0.00928719 
test_loss: 0.00970408 
train_loss: 0.00949808 
test_loss: 0.00989759 
train_loss: 0.00926639 
test_loss: 0.0100303 
train_loss: 0.0094581 
test_loss: 0.0098159 
train_loss: 0.00936056 
test_loss: 0.0098571 
train_loss: 0.00957218 
test_loss: 0.00972508 
train_loss: 0.00994698 
test_loss: 0.00973942 
train_loss: 0.00900681 
test_loss: 0.00963162 
train_loss: 0.00884698 
test_loss: 0.00911621 
train_loss: 0.00913456 
test_loss: 0.00931411 
train_loss: 0.00858749 
test_loss: 0.00940131 
train_loss: 0.00926097 
test_loss: 0.00958844 
train_loss: 0.00915684 
test_loss: 0.00991739 
train_loss: 0.0092411 
test_loss: 0.0092044 
train_loss: 0.008453 
test_loss: 0.00902806 
train_loss: 0.0105552 
test_loss: 0.00916503 
train_loss: 0.00915589 
test_loss: 0.00893766 
train_loss: 0.0106105 
test_loss: 0.00988924 
train_loss: 0.00893329 
test_loss: 0.00890653 
train_loss: 0.00791075 
test_loss: 0.00898528 
train_loss: 0.00792695 
test_loss: 0.00909831 
train_loss: 0.0091497 
test_loss: 0.00901759 
train_loss: 0.0079167 
test_loss: 0.00895209 
train_loss: 0.00843132 
test_loss: 0.0087109 
train_loss: 0.00874813 
test_loss: 0.00901407 
train_loss: 0.00868344 
test_loss: 0.00857697 
train_loss: 0.00854592 
test_loss: 0.00898828 
train_loss: 0.00850174 
test_loss: 0.00867095 
train_loss: 0.0081984 
test_loss: 0.00874359 
train_loss: 0.00882457 
test_loss: 0.00943275 
train_loss: 0.00751121 
test_loss: 0.00849451 
train_loss: 0.00778893 
test_loss: 0.00889646 
train_loss: 0.00804292 
test_loss: 0.00866066 
train_loss: 0.00739023 
test_loss: 0.00866929 
train_loss: 0.00750084 
test_loss: 0.00862983 
train_loss: 0.00772156 
test_loss: 0.00826018 
train_loss: 0.0080743 
test_loss: 0.00846499 
train_loss: 0.00789394 
test_loss: 0.00862005 
train_loss: 0.00858391 
test_loss: 0.00840692 
train_loss: 0.00807991 
test_loss: 0.00823599 
train_loss: 0.00803787 
test_loss: 0.00854494 
train_loss: 0.00843952 
test_loss: 0.00859747 
train_loss: 0.00725107 
test_loss: 0.00811251 
train_loss: 0.00753732 
test_loss: 0.00829564 
train_loss: 0.00827334 
test_loss: 0.00837683 
train_loss: 0.00718899 
test_loss: 0.00805238 
train_loss: 0.0075226 
test_loss: 0.00830921 
train_loss: 0.00899864 
test_loss: 0.00874538 
train_loss: 0.00820181 
test_loss: 0.00858974 
