train_loss: 0.088792 
test_loss: 0.088946 
train_loss: 0.076817 
test_loss: 0.076059 
train_loss: 0.070073 
test_loss: 0.068780 
train_loss: 0.062859 
test_loss: 0.062969 
train_loss: 0.053545 
test_loss: 0.054114 
train_loss: 0.045191 
test_loss: 0.045658 
train_loss: 0.042339 
test_loss: 0.041702 
train_loss: 0.038758 
test_loss: 0.039308 
train_loss: 0.037300 
test_loss: 0.037960 
train_loss: 0.035965 
test_loss: 0.036117 
train_loss: 0.033665 
test_loss: 0.034445 
train_loss: 0.032199 
test_loss: 0.032631 
train_loss: 0.030894 
test_loss: 0.030964 
train_loss: 0.028533 
test_loss: 0.029051 
train_loss: 0.027541 
test_loss: 0.027738 
train_loss: 0.025578 
test_loss: 0.026010 
train_loss: 0.024496 
test_loss: 0.024582 
train_loss: 0.022591 
test_loss: 0.023365 
train_loss: 0.023266 
test_loss: 0.022445 
train_loss: 0.021498 
test_loss: 0.021928 
train_loss: 0.020389 
test_loss: 0.020974 
train_loss: 0.019481 
test_loss: 0.019930 
train_loss: 0.019444 
test_loss: 0.019241 
train_loss: 0.018431 
test_loss: 0.018854 
train_loss: 0.018102 
test_loss: 0.018438 
train_loss: 0.017391 
test_loss: 0.018430 
train_loss: 0.017160 
test_loss: 0.017495 
train_loss: 0.017098 
test_loss: 0.017162 
train_loss: 0.016452 
test_loss: 0.016791 
train_loss: 0.016522 
test_loss: 0.016569 
train_loss: 0.016667 
test_loss: 0.016361 
train_loss: 0.015291 
test_loss: 0.016089 
train_loss: 0.015285 
test_loss: 0.015502 
train_loss: 0.015212 
test_loss: 0.016167 
train_loss: 0.014588 
test_loss: 0.015238 
train_loss: 0.015343 
test_loss: 0.015869 
train_loss: 0.015134 
test_loss: 0.015025 
train_loss: 0.014103 
test_loss: 0.014790 
train_loss: 0.014126 
test_loss: 0.014683 
train_loss: 0.013937 
test_loss: 0.014214 
train_loss: 0.013863 
test_loss: 0.014177 
train_loss: 0.013325 
test_loss: 0.014034 
train_loss: 0.013334 
test_loss: 0.013707 
train_loss: 0.013853 
test_loss: 0.014072 
train_loss: 0.014290 
test_loss: 0.013395 
train_loss: 0.013123 
test_loss: 0.013846 
train_loss: 0.013020 
test_loss: 0.013447 
train_loss: 0.013024 
test_loss: 0.013152 
train_loss: 0.013661 
test_loss: 0.013365 
train_loss: 0.012542 
test_loss: 0.013247 
train_loss: 0.012845 
test_loss: 0.012850 
train_loss: 0.012410 
test_loss: 0.012885 
train_loss: 0.012666 
test_loss: 0.013131 
train_loss: 0.012636 
test_loss: 0.012618 
train_loss: 0.012515 
test_loss: 0.012432 
train_loss: 0.012447 
test_loss: 0.012736 
train_loss: 0.011681 
test_loss: 0.012561 
train_loss: 0.011839 
test_loss: 0.012392 
train_loss: 0.012587 
test_loss: 0.012563 
train_loss: 0.011970 
test_loss: 0.011998 
train_loss: 0.012427 
test_loss: 0.012590 
train_loss: 0.011876 
test_loss: 0.012680 
train_loss: 0.011703 
test_loss: 0.012148 
train_loss: 0.011638 
test_loss: 0.011896 
train_loss: 0.011588 
test_loss: 0.011641 
train_loss: 0.011447 
test_loss: 0.011466 
train_loss: 0.011625 
test_loss: 0.011506 
train_loss: 0.011058 
test_loss: 0.011631 
train_loss: 0.011157 
test_loss: 0.011478 
train_loss: 0.012198 
test_loss: 0.011795 
train_loss: 0.011084 
test_loss: 0.011676 
train_loss: 0.011186 
test_loss: 0.011324 
train_loss: 0.011066 
test_loss: 0.011704 
train_loss: 0.011218 
test_loss: 0.011406 
train_loss: 0.010879 
test_loss: 0.011185 
train_loss: 0.011169 
test_loss: 0.011199 
train_loss: 0.011344 
test_loss: 0.011404 
train_loss: 0.011118 
test_loss: 0.011703 
train_loss: 0.010633 
test_loss: 0.010933 
train_loss: 0.010845 
test_loss: 0.011380 
train_loss: 0.010831 
test_loss: 0.010886 
train_loss: 0.010708 
test_loss: 0.011260 
train_loss: 0.010905 
test_loss: 0.011560 
train_loss: 0.010670 
test_loss: 0.011052 
train_loss: 0.010606 
test_loss: 0.010678 
train_loss: 0.010657 
test_loss: 0.010901 
train_loss: 0.010631 
test_loss: 0.010837 
train_loss: 0.010721 
test_loss: 0.011304 
train_loss: 0.010610 
test_loss: 0.010736 
train_loss: 0.010679 
test_loss: 0.010968 
train_loss: 0.010539 
test_loss: 0.010857 
