train_loss: 0.118277 
test_loss: 0.117679 
train_loss: 0.0628223 
test_loss: 0.061552 
train_loss: 0.0442772 
test_loss: 0.04207 
train_loss: 0.0354777 
test_loss: 0.0353043 
train_loss: 0.0299855 
test_loss: 0.0322522 
train_loss: 0.0299326 
test_loss: 0.0287766 
train_loss: 0.0308525 
test_loss: 0.0294434 
train_loss: 0.0272305 
test_loss: 0.0281845 
train_loss: 0.0287683 
test_loss: 0.0282752 
train_loss: 0.0245995 
test_loss: 0.0271122 
train_loss: 0.0243361 
test_loss: 0.02623 
train_loss: 0.0270287 
test_loss: 0.0265634 
train_loss: 0.024494 
test_loss: 0.0254031 
train_loss: 0.0258243 
test_loss: 0.0249159 
train_loss: 0.0279763 
test_loss: 0.0256334 
train_loss: 0.0241612 
test_loss: 0.0251816 
train_loss: 0.0248837 
test_loss: 0.023855 
train_loss: 0.0257549 
test_loss: 0.0238722 
train_loss: 0.0214121 
test_loss: 0.0233566 
train_loss: 0.0218374 
test_loss: 0.0225067 
train_loss: 0.0216826 
test_loss: 0.0231041 
train_loss: 0.0219957 
test_loss: 0.0224918 
train_loss: 0.0215771 
test_loss: 0.0218184 
train_loss: 0.02084 
test_loss: 0.0214775 
train_loss: 0.0206655 
test_loss: 0.0199374 
train_loss: 0.019472 
test_loss: 0.020031 
train_loss: 0.0200092 
test_loss: 0.0196684 
train_loss: 0.0193006 
test_loss: 0.0181346 
train_loss: 0.0181032 
test_loss: 0.018904 
train_loss: 0.0184647 
test_loss: 0.018081 
train_loss: 0.0171222 
test_loss: 0.0178077 
train_loss: 0.0207361 
test_loss: 0.0188842 
train_loss: 0.0162867 
test_loss: 0.0170297 
train_loss: 0.0147554 
test_loss: 0.0167113 
train_loss: 0.0159253 
test_loss: 0.0168764 
train_loss: 0.0164701 
test_loss: 0.0170656 
train_loss: 0.0169256 
test_loss: 0.018051 
train_loss: 0.0167661 
test_loss: 0.0158595 
train_loss: 0.0139177 
test_loss: 0.0157781 
train_loss: 0.0138911 
test_loss: 0.0153889 
train_loss: 0.0163337 
test_loss: 0.0154806 
train_loss: 0.0149418 
test_loss: 0.0150888 
train_loss: 0.0147694 
test_loss: 0.0153099 
train_loss: 0.013286 
test_loss: 0.0144982 
train_loss: 0.014174 
test_loss: 0.0147469 
train_loss: 0.012686 
test_loss: 0.0138284 
train_loss: 0.0154247 
test_loss: 0.0147117 
train_loss: 0.0134045 
test_loss: 0.0140508 
train_loss: 0.0136193 
test_loss: 0.0141711 
train_loss: 0.0142107 
test_loss: 0.0141642 
train_loss: 0.0131734 
test_loss: 0.0135798 
train_loss: 0.0119491 
test_loss: 0.0133549 
train_loss: 0.0141554 
test_loss: 0.0130117 
train_loss: 0.0125803 
test_loss: 0.0128032 
train_loss: 0.0140627 
test_loss: 0.0130706 
train_loss: 0.0121345 
test_loss: 0.0125481 
train_loss: 0.0138804 
test_loss: 0.0135223 
train_loss: 0.0125879 
test_loss: 0.012723 
train_loss: 0.0140004 
test_loss: 0.0125867 
train_loss: 0.0167514 
test_loss: 0.0136884 
train_loss: 0.0127104 
test_loss: 0.0125799 
train_loss: 0.0126948 
test_loss: 0.011827 
train_loss: 0.0123915 
test_loss: 0.0125845 
train_loss: 0.0120201 
test_loss: 0.0121764 
train_loss: 0.0133567 
test_loss: 0.0124121 
train_loss: 0.0111921 
test_loss: 0.0124868 
train_loss: 0.0111683 
test_loss: 0.0115685 
train_loss: 0.0107621 
test_loss: 0.0116975 
train_loss: 0.0123521 
test_loss: 0.0117853 
train_loss: 0.0119222 
test_loss: 0.0117322 
train_loss: 0.0129467 
test_loss: 0.0125707 
