train_loss: 0.048056 
test_loss: 0.052866 
train_loss: 0.047228 
test_loss: 0.046445 
train_loss: 0.043426 
test_loss: 0.045645 
train_loss: 0.048333 
test_loss: 0.045106 
train_loss: 0.045397 
test_loss: 0.044912 
train_loss: 0.042306 
test_loss: 0.044945 
train_loss: 0.047274 
test_loss: 0.043975 
train_loss: 0.041678 
test_loss: 0.043798 
train_loss: 0.046228 
test_loss: 0.044454 
train_loss: 0.046718 
test_loss: 0.044287 
train_loss: 0.046147 
test_loss: 0.043997 
train_loss: 0.042493 
test_loss: 0.043345 
train_loss: 0.045850 
test_loss: 0.043386 
train_loss: 0.047249 
test_loss: 0.043570 
train_loss: 0.044185 
test_loss: 0.043663 
train_loss: 0.040453 
test_loss: 0.043109 
train_loss: 0.040291 
test_loss: 0.043146 
train_loss: 0.050097 
test_loss: 0.043275 
train_loss: 0.044818 
test_loss: 0.043283 
train_loss: 0.047193 
test_loss: 0.043028 
train_loss: 0.044928 
test_loss: 0.043201 
train_loss: 0.041938 
test_loss: 0.042648 
train_loss: 0.041273 
test_loss: 0.042938 
train_loss: 0.041031 
test_loss: 0.042763 
train_loss: 0.044445 
test_loss: 0.042759 
train_loss: 0.041284 
test_loss: 0.042375 
train_loss: 0.042990 
test_loss: 0.042514 
train_loss: 0.040943 
test_loss: 0.042769 
train_loss: 0.051348 
test_loss: 0.042967 
train_loss: 0.042300 
test_loss: 0.042513 
train_loss: 0.043709 
test_loss: 0.042890 
train_loss: 0.042746 
test_loss: 0.042544 
train_loss: 0.045039 
test_loss: 0.042603 
train_loss: 0.041970 
test_loss: 0.042783 
train_loss: 0.043605 
test_loss: 0.042753 
train_loss: 0.038817 
test_loss: 0.042597 
train_loss: 0.038331 
test_loss: 0.042387 
train_loss: 0.040123 
test_loss: 0.042339 
train_loss: 0.040774 
test_loss: 0.043028 
train_loss: 0.040107 
test_loss: 0.042508 
train_loss: 0.045764 
test_loss: 0.042387 
train_loss: 0.042908 
test_loss: 0.042795 
train_loss: 0.039892 
test_loss: 0.042474 
train_loss: 0.041329 
test_loss: 0.042519 
train_loss: 0.045773 
test_loss: 0.042416 
train_loss: 0.043596 
test_loss: 0.042340 
train_loss: 0.043208 
test_loss: 0.042605 
train_loss: 0.040976 
test_loss: 0.042300 
train_loss: 0.043609 
test_loss: 0.042292 
train_loss: 0.041449 
test_loss: 0.042432 
train_loss: 0.044933 
test_loss: 0.042235 
train_loss: 0.037810 
test_loss: 0.042267 
train_loss: 0.038570 
test_loss: 0.042113 
train_loss: 0.040100 
test_loss: 0.041696 
train_loss: 0.038669 
test_loss: 0.040540 
train_loss: 0.038126 
test_loss: 0.039465 
train_loss: 0.039023 
test_loss: 0.039001 
train_loss: 0.036237 
test_loss: 0.038430 
train_loss: 0.037343 
test_loss: 0.038078 
train_loss: 0.037990 
test_loss: 0.038176 
train_loss: 0.033814 
test_loss: 0.038096 
train_loss: 0.040343 
test_loss: 0.037905 
train_loss: 0.035427 
test_loss: 0.037850 
train_loss: 0.038444 
test_loss: 0.037674 
train_loss: 0.035367 
test_loss: 0.037408 
train_loss: 0.033043 
test_loss: 0.037162 
train_loss: 0.036074 
test_loss: 0.037490 
train_loss: 0.034503 
test_loss: 0.037019 
train_loss: 0.038651 
test_loss: 0.036927 
train_loss: 0.037687 
test_loss: 0.037085 
train_loss: 0.039448 
test_loss: 0.037080 
train_loss: 0.036870 
test_loss: 0.036960 
train_loss: 0.037278 
test_loss: 0.036417 
train_loss: 0.033424 
test_loss: 0.034604 
train_loss: 0.032200 
test_loss: 0.033951 
train_loss: 0.032545 
test_loss: 0.033235 
train_loss: 0.033836 
test_loss: 0.033297 
train_loss: 0.031391 
test_loss: 0.032973 
train_loss: 0.031407 
test_loss: 0.032361 
train_loss: 0.032902 
test_loss: 0.031959 
train_loss: 0.030429 
test_loss: 0.032215 
train_loss: 0.032220 
test_loss: 0.032039 
train_loss: 0.032142 
test_loss: 0.032092 
train_loss: 0.030129 
test_loss: 0.031712 
train_loss: 0.031620 
test_loss: 0.031231 
train_loss: 0.032683 
test_loss: 0.031363 
train_loss: 0.031496 
test_loss: 0.031399 
train_loss: 0.030359 
test_loss: 0.031089 
train_loss: 0.031241 
test_loss: 0.030532 
train_loss: 0.028673 
test_loss: 0.029264 
train_loss: 0.027481 
test_loss: 0.028323 
train_loss: 0.027482 
test_loss: 0.027360 
train_loss: 0.027592 
test_loss: 0.027028 
train_loss: 0.028102 
test_loss: 0.026175 
train_loss: 0.025323 
test_loss: 0.025804 
train_loss: 0.025224 
test_loss: 0.025797 
train_loss: 0.025801 
test_loss: 0.025768 
train_loss: 0.025603 
test_loss: 0.025323 
train_loss: 0.026305 
test_loss: 0.025338 
train_loss: 0.025136 
test_loss: 0.024975 
train_loss: 0.026550 
test_loss: 0.024877 
train_loss: 0.025929 
test_loss: 0.025144 
train_loss: 0.024299 
test_loss: 0.024940 
train_loss: 0.025636 
test_loss: 0.024429 
train_loss: 0.025833 
test_loss: 0.024008 
train_loss: 0.025637 
test_loss: 0.024306 
train_loss: 0.026322 
test_loss: 0.024344 
train_loss: 0.024639 
test_loss: 0.024042 
train_loss: 0.022352 
test_loss: 0.023851 
train_loss: 0.025631 
test_loss: 0.024431 
train_loss: 0.022227 
test_loss: 0.024348 
train_loss: 0.023526 
test_loss: 0.023492 
train_loss: 0.024751 
test_loss: 0.023906 
train_loss: 0.024388 
test_loss: 0.023416 
train_loss: 0.023482 
test_loss: 0.023318 
train_loss: 0.022589 
test_loss: 0.023411 
train_loss: 0.021222 
test_loss: 0.023158 
train_loss: 0.024037 
test_loss: 0.023630 
train_loss: 0.022790 
test_loss: 0.022897 
train_loss: 0.022274 
test_loss: 0.022836 
train_loss: 0.025602 
test_loss: 0.022893 
train_loss: 0.022223 
test_loss: 0.023001 
train_loss: 0.023104 
test_loss: 0.022683 
train_loss: 0.022701 
test_loss: 0.022606 
train_loss: 0.021804 
test_loss: 0.022181 
train_loss: 0.023462 
test_loss: 0.021991 
train_loss: 0.020882 
test_loss: 0.022056 
train_loss: 0.021642 
test_loss: 0.021972 
train_loss: 0.022931 
test_loss: 0.021945 
train_loss: 0.022364 
test_loss: 0.021744 
train_loss: 0.025215 
test_loss: 0.021977 
train_loss: 0.024458 
test_loss: 0.021586 
train_loss: 0.020961 
test_loss: 0.021532 
train_loss: 0.021791 
test_loss: 0.021605 
train_loss: 0.021694 
test_loss: 0.021233 
train_loss: 0.021457 
test_loss: 0.021344 
train_loss: 0.020233 
test_loss: 0.021099 
train_loss: 0.019641 
test_loss: 0.021399 
train_loss: 0.020913 
test_loss: 0.021513 
train_loss: 0.020948 
test_loss: 0.021157 
train_loss: 0.022278 
test_loss: 0.021280 
train_loss: 0.020017 
test_loss: 0.021092 
train_loss: 0.021463 
test_loss: 0.021105 
train_loss: 0.021141 
test_loss: 0.021002 
train_loss: 0.021082 
test_loss: 0.020994 
train_loss: 0.020319 
test_loss: 0.021309 
train_loss: 0.019305 
test_loss: 0.020930 
train_loss: 0.022238 
test_loss: 0.020929 
train_loss: 0.021185 
test_loss: 0.021096 
train_loss: 0.020411 
test_loss: 0.020716 
train_loss: 0.020811 
test_loss: 0.020867 
train_loss: 0.022148 
test_loss: 0.020671 
train_loss: 0.019882 
test_loss: 0.020758 
train_loss: 0.020153 
test_loss: 0.020715 
train_loss: 0.019981 
test_loss: 0.020845 
train_loss: 0.019681 
test_loss: 0.020661 
train_loss: 0.020223 
test_loss: 0.021015 
train_loss: 0.021124 
test_loss: 0.020508 
train_loss: 0.021928 
test_loss: 0.020666 
train_loss: 0.018504 
test_loss: 0.020853 
train_loss: 0.021487 
test_loss: 0.020424 
train_loss: 0.021559 
test_loss: 0.020571 
train_loss: 0.021219 
test_loss: 0.020434 
train_loss: 0.021128 
test_loss: 0.020759 
train_loss: 0.018790 
test_loss: 0.020345 
train_loss: 0.020555 
test_loss: 0.020557 
train_loss: 0.019712 
test_loss: 0.020801 
train_loss: 0.018440 
test_loss: 0.021136 
train_loss: 0.020438 
test_loss: 0.020546 
train_loss: 0.019189 
test_loss: 0.020720 
train_loss: 0.019197 
test_loss: 0.020467 
