train_loss: 6.40392 
test_loss: 326.8 
train_loss: 1.48311 
test_loss: 1.92939 
train_loss: 2.22341 
test_loss: 1.93101 
train_loss: 2.01349 
test_loss: 1.95429 
train_loss: 1.55068 
test_loss: 1.94335 
train_loss: 1.63228 
test_loss: 1.94523 
train_loss: 1.63107 
test_loss: 1.90266 
train_loss: 2.0282 
test_loss: 1.9218 
train_loss: 2.01607 
test_loss: 1.94869 
train_loss: 2.642 
test_loss: 1.90927 
train_loss: 1.71091 
test_loss: 1.93675 
train_loss: 1.94047 
test_loss: 1.94054 
train_loss: 1.84195 
test_loss: 1.9165 
train_loss: 1.62548 
test_loss: 1.94212 
train_loss: 1.69331 
test_loss: 1.94451 
train_loss: 1.84984 
test_loss: 1.94172 
train_loss: 1.62547 
test_loss: 1.94916 
train_loss: 2.25562 
test_loss: 1.92062 
train_loss: 1.84933 
test_loss: 1.92156 
train_loss: 1.79827 
test_loss: 1.94339 
train_loss: 1.90362 
test_loss: 1.92817 
train_loss: 1.94284 
test_loss: 1.91745 
train_loss: 2.10962 
test_loss: 1.92619 
train_loss: 1.99354 
test_loss: 1.94534 
train_loss: 2.00561 
test_loss: 1.92919 
train_loss: 1.90529 
test_loss: 1.93799 
train_loss: 1.93217 
test_loss: 1.92634 
train_loss: 2.3023 
test_loss: 1.95085 
train_loss: 1.69361 
test_loss: 1.91744 
train_loss: 1.66737 
test_loss: 1.92611 
train_loss: 2.03396 
test_loss: 1.94053 
train_loss: 1.87519 
test_loss: 1.92436 
train_loss: 1.70526 
test_loss: 1.91942 
train_loss: 1.88777 
test_loss: 1.92396 
train_loss: 1.78414 
test_loss: 1.93823 
train_loss: 1.64686 
test_loss: 1.94006 
train_loss: 1.72759 
test_loss: 1.92923 
train_loss: 2.45189 
test_loss: 1.93032 
train_loss: 1.97043 
test_loss: 1.93059 
train_loss: 2.2321 
test_loss: 1.95545 
train_loss: 2.02585 
test_loss: 1.95235 
train_loss: 1.8371 
test_loss: 1.94642 
train_loss: 1.63705 
test_loss: 1.93574 
train_loss: 2.27504 
test_loss: 1.95052 
train_loss: 2.87522 
test_loss: 1.95148 
train_loss: 1.69061 
test_loss: 1.92634 
train_loss: 1.92771 
test_loss: 1.93377 
train_loss: 1.79769 
test_loss: 1.94449 
train_loss: 1.89355 
test_loss: 1.95233 
train_loss: 1.96456 
test_loss: 1.9184 
train_loss: 2.04098 
test_loss: 1.94576 
train_loss: 1.46973 
test_loss: 1.93435 
train_loss: 1.72913 
test_loss: 1.93334 
train_loss: 1.7372 
test_loss: 1.93301 
train_loss: 2.03585 
test_loss: 1.95145 
train_loss: 1.64297 
test_loss: 1.94731 
train_loss: 2.25754 
test_loss: 1.94398 
train_loss: 1.70879 
test_loss: 1.93414 
train_loss: 1.67415 
test_loss: 1.9424 
train_loss: 1.8223 
test_loss: 1.9087 
train_loss: 1.76112 
test_loss: 1.92943 
train_loss: 1.86498 
test_loss: 1.90568 
train_loss: 2.22619 
test_loss: 1.92438 
train_loss: 2.00972 
test_loss: 1.9522 
train_loss: 2.4782 
test_loss: 1.92034 
train_loss: 1.83982 
test_loss: 1.95073 
train_loss: 1.99113 
test_loss: 1.93794 
train_loss: 2.99284 
test_loss: 1.93711 
train_loss: 2.14724 
test_loss: 1.93269 
train_loss: 2.34274 
test_loss: 1.95374 
train_loss: 1.856 
test_loss: 1.94213 
train_loss: 1.91123 
test_loss: 1.93877 
train_loss: 1.93154 
test_loss: 1.92595 
train_loss: 3.21322 
test_loss: 1.95984 
train_loss: 1.80084 
test_loss: 1.95809 
train_loss: 2.51292 
test_loss: 1.93369 
train_loss: 2.58668 
test_loss: 1.93163 
train_loss: 1.70181 
test_loss: 1.90833 
train_loss: 1.75826 
test_loss: 1.93838 
train_loss: 3.1836 
test_loss: 1.95312 
train_loss: 1.60932 
test_loss: 1.93866 
train_loss: 1.57011 
test_loss: 1.94846 
train_loss: 1.85579 
test_loss: 1.91325 
train_loss: 2.18387 
test_loss: 1.94743 
train_loss: 2.17277 
test_loss: 1.94583 
train_loss: 1.98189 
test_loss: 1.95577 
train_loss: 1.85569 
test_loss: 1.93473 
train_loss: 1.8434 
test_loss: 1.95262 
train_loss: 1.7358 
test_loss: 1.92258 
train_loss: 3.26394 
test_loss: 1.93469 
train_loss: 1.47573 
test_loss: 1.95336 
train_loss: 1.78607 
test_loss: 1.93642 
train_loss: 1.7332 
test_loss: 1.94124 
train_loss: 2.23905 
test_loss: 1.92511 
train_loss: 1.61556 
test_loss: 1.92654 
train_loss: 1.81605 
test_loss: 1.92822 
train_loss: 1.63381 
test_loss: 1.94446 
train_loss: 1.99949 
test_loss: 1.9568 
train_loss: 1.99364 
test_loss: 1.93499 
train_loss: 2.61503 
test_loss: 1.9457 
train_loss: 1.47251 
test_loss: 1.93505 
train_loss: 2.05733 
test_loss: 1.95612 
train_loss: 1.68993 
test_loss: 1.9243 
train_loss: 1.82693 
test_loss: 1.92509 
train_loss: 1.75069 
test_loss: 1.90156 
train_loss: 1.82757 
test_loss: 1.92204 
train_loss: 1.74145 
test_loss: 1.94816 
train_loss: 1.86412 
test_loss: 1.9428 
train_loss: 1.92104 
test_loss: 1.91645 
train_loss: 1.6164 
test_loss: 1.93194 
train_loss: 1.8724 
test_loss: 1.93998 
train_loss: 2.51448 
test_loss: 1.93823 
train_loss: 1.49587 
test_loss: 1.95756 
train_loss: 2.03536 
test_loss: 1.9373 
train_loss: 1.33361 
test_loss: 1.96368 
train_loss: 1.70504 
test_loss: 1.93532 
train_loss: 1.97378 
test_loss: 1.9492 
train_loss: 1.40221 
test_loss: 1.91917 
train_loss: 1.79603 
test_loss: 1.92065 
train_loss: 1.86069 
test_loss: 1.95274 
train_loss: 1.70541 
test_loss: 1.90947 
train_loss: 2.00598 
test_loss: 1.91859 
train_loss: 1.95208 
test_loss: 1.94235 
train_loss: 1.70469 
test_loss: 1.96768 
train_loss: 1.86979 
test_loss: 1.91178 
train_loss: 2.24974 
test_loss: 1.92869 
train_loss: 2.82675 
test_loss: 1.93334 
train_loss: 3.28189 
test_loss: 1.94826 
train_loss: 3.26369 
test_loss: 1.95486 
train_loss: 1.81472 
test_loss: 1.94775 
train_loss: 2.15739 
test_loss: 1.94625 
train_loss: 1.6838 
test_loss: 1.93741 
train_loss: 2.12119 
test_loss: 1.91686 
train_loss: 1.76998 
test_loss: 1.93663 
train_loss: 1.65163 
test_loss: 1.92743 
train_loss: 1.73065 
test_loss: 1.9557 
train_loss: 1.80945 
test_loss: 1.93476 
train_loss: 1.55318 
test_loss: 1.92183 
train_loss: 1.87451 
test_loss: 1.92734 
train_loss: 1.47982 
test_loss: 1.9314 
train_loss: 1.55252 
test_loss: 1.91576 
train_loss: 1.63393 
test_loss: 1.96078 
train_loss: 1.92903 
test_loss: 1.89014 
train_loss: 1.77238 
test_loss: 1.94545 
train_loss: 3.16481 
test_loss: 1.94267 
train_loss: 1.63868 
test_loss: 1.91385 
train_loss: 1.65634 
test_loss: 1.94817 
train_loss: 1.51501 
test_loss: 1.92936 
train_loss: 1.68491 
test_loss: 1.92083 
train_loss: 1.81394 
test_loss: 1.92458 
train_loss: 1.78067 
test_loss: 1.92703 
train_loss: 2.43148 
test_loss: 1.95127 
train_loss: 1.67083 
test_loss: 1.92491 
train_loss: 2.00032 
test_loss: 1.91156 
train_loss: 1.90966 
test_loss: 1.90827 
train_loss: 1.67829 
test_loss: 1.93441 
train_loss: 1.99252 
test_loss: 1.92834 
train_loss: 2.26335 
test_loss: 1.92538 
train_loss: 2.14021 
test_loss: 1.95339 
train_loss: 1.64554 
test_loss: 1.93698 
train_loss: 1.59257 
test_loss: 1.92367 
train_loss: 1.72906 
test_loss: 1.93169 
train_loss: 1.8785 
test_loss: 1.93172 
train_loss: 2.30981 
test_loss: 1.93378 
train_loss: 1.71516 
test_loss: 1.9222 
train_loss: 1.39948 
test_loss: 1.92323 
train_loss: 1.907 
test_loss: 1.95358 
train_loss: 1.74228 
test_loss: 1.91251 
train_loss: 2.21983 
test_loss: 1.94551 
train_loss: 1.89937 
test_loss: 1.92696 
train_loss: 1.65794 
test_loss: 1.91957 
train_loss: 1.75971 
test_loss: 1.92687 
train_loss: 1.55717 
test_loss: 1.93336 
train_loss: 1.87849 
test_loss: 1.92194 
train_loss: 1.77873 
test_loss: 1.94523 
train_loss: 1.59844 
test_loss: 1.91996 
train_loss: 1.7922 
test_loss: 1.93523 
train_loss: 3.02948 
test_loss: 1.91872 
train_loss: 1.91405 
test_loss: 1.90253 
train_loss: 1.83719 
test_loss: 1.90814 
train_loss: 1.74429 
test_loss: 1.90586 
train_loss: 1.52261 
test_loss: 1.90748 
train_loss: 1.73664 
test_loss: 1.90423 
train_loss: 1.84441 
test_loss: 1.91233 
train_loss: 1.4303 
test_loss: 1.92049 
train_loss: 1.68138 
test_loss: 1.906 
train_loss: 1.89605 
test_loss: 1.93059 
train_loss: 1.90193 
test_loss: 1.9226 
train_loss: 1.80533 
test_loss: 1.88696 
train_loss: 1.33697 
test_loss: 1.91917 
train_loss: 2.12514 
test_loss: 1.92302 
train_loss: 1.99175 
test_loss: 1.88046 
train_loss: 2.97283 
test_loss: 1.89817 
train_loss: 1.99476 
test_loss: 1.91262 
train_loss: 1.64316 
test_loss: 1.89765 
train_loss: 2.00655 
test_loss: 1.89536 
train_loss: 1.60065 
test_loss: 1.90427 
train_loss: 1.89854 
test_loss: 1.889 
train_loss: 1.67058 
test_loss: 1.91094 
train_loss: 1.43399 
test_loss: 1.89277 
train_loss: 1.86868 
test_loss: 1.8863 
train_loss: 1.96688 
test_loss: 1.89391 
train_loss: 1.9439 
test_loss: 1.89833 
train_loss: 2.1262 
test_loss: 1.87352 
train_loss: 2.04923 
test_loss: 1.90031 
train_loss: 1.75716 
test_loss: 1.87016 
train_loss: 2.0807 
test_loss: 1.86581 
train_loss: 2.16631 
test_loss: 1.88203 
train_loss: 1.78187 
test_loss: 1.88176 
train_loss: 1.77552 
test_loss: 1.86527 
train_loss: 1.81774 
test_loss: 1.855 
train_loss: 2.12416 
test_loss: 1.87183 
train_loss: 1.82337 
test_loss: 1.85781 
train_loss: 1.92669 
test_loss: 1.8537 
train_loss: 1.89153 
test_loss: 1.84181 
train_loss: 1.56068 
test_loss: 1.82866 
train_loss: 1.43936 
test_loss: 1.83549 
train_loss: 1.64975 
test_loss: 1.80589 
train_loss: 1.55237 
test_loss: 1.82056 
train_loss: 2.10887 
test_loss: 1.83221 
train_loss: 1.89939 
test_loss: 1.83294 
train_loss: 1.81986 
test_loss: 1.82184 
train_loss: 3.00816 
test_loss: 1.82316 
train_loss: 1.58543 
test_loss: 1.79892 
train_loss: 1.64312 
test_loss: 1.80844 
train_loss: 1.68183 
test_loss: 1.80763 
train_loss: 1.58215 
test_loss: 1.79922 
train_loss: 1.58858 
test_loss: 1.79087 
train_loss: 2.40713 
test_loss: 1.80169 
train_loss: 1.47512 
test_loss: 1.78201 
train_loss: 1.63921 
test_loss: 1.78139 
train_loss: 1.79315 
test_loss: 1.78133 
train_loss: 1.67932 
test_loss: 1.77563 
train_loss: 1.46114 
test_loss: 1.78074 
train_loss: 1.55761 
test_loss: 1.75052 
train_loss: 1.74673 
test_loss: 1.7447 
train_loss: 1.75561 
test_loss: 1.75932 
train_loss: 1.85195 
test_loss: 1.74402 
train_loss: 1.7307 
test_loss: 1.74656 
train_loss: 1.42496 
test_loss: 1.75237 
train_loss: 1.71565 
test_loss: 1.73201 
train_loss: 1.50018 
test_loss: 1.72937 
train_loss: 1.66985 
test_loss: 1.72192 
train_loss: 2.15347 
test_loss: 1.70975 
train_loss: 1.87584 
test_loss: 1.696 
train_loss: 1.54625 
test_loss: 1.68817 
train_loss: 1.39155 
test_loss: 1.68246 
train_loss: 2.23678 
test_loss: 1.68604 
train_loss: 2.0216 
test_loss: 1.6743 
train_loss: 1.71506 
test_loss: 1.67535 
train_loss: 1.75337 
test_loss: 1.66358 
train_loss: 1.65105 
test_loss: 1.64613 
train_loss: 1.52516 
test_loss: 1.65614 
train_loss: 1.39988 
test_loss: 1.64193 
train_loss: 1.78739 
test_loss: 1.65051 
train_loss: 1.54241 
test_loss: 1.62306 
train_loss: 1.6206 
test_loss: 1.62309 
train_loss: 1.59784 
test_loss: 1.62662 
train_loss: 1.5357 
test_loss: 1.61859 
train_loss: 1.75675 
test_loss: 1.62123 
train_loss: 1.46993 
test_loss: 1.58613 
train_loss: 1.40119 
test_loss: 1.59034 
train_loss: 1.60468 
test_loss: 1.57218 
train_loss: 1.96607 
test_loss: 1.58385 
train_loss: 1.30052 
test_loss: 1.58034 
train_loss: 1.69058 
test_loss: 1.55894 
train_loss: 1.46061 
test_loss: 1.56828 
train_loss: 1.38928 
test_loss: 1.55357 
train_loss: 1.80486 
test_loss: 1.5366 
train_loss: 1.8132 
test_loss: 1.5408 
train_loss: 1.63287 
test_loss: 1.5339 
train_loss: 1.67501 
test_loss: 1.51779 
train_loss: 1.34408 
test_loss: 1.5186 
train_loss: 1.26768 
test_loss: 1.50759 
train_loss: 1.584 
test_loss: 1.50438 
train_loss: 1.31581 
test_loss: 1.48841 
train_loss: 1.54136 
test_loss: 1.48845 
train_loss: 1.43056 
test_loss: 1.47948 
train_loss: 1.36313 
test_loss: 1.47891 
train_loss: 1.33661 
test_loss: 1.45438 
train_loss: 1.59771 
test_loss: 1.44847 
train_loss: 1.33095 
test_loss: 1.44423 
train_loss: 1.33678 
test_loss: 1.44061 
train_loss: 1.36019 
test_loss: 1.42282 
train_loss: 1.19756 
test_loss: 1.41294 
train_loss: 1.30896 
test_loss: 1.40424 
train_loss: 1.40873 
test_loss: 1.39015 
train_loss: 1.7896 
test_loss: 1.39644 
train_loss: 1.20034 
test_loss: 1.37129 
train_loss: 1.40605 
test_loss: 1.36323 
train_loss: 1.33299 
test_loss: 1.35222 
train_loss: 1.29866 
test_loss: 1.34655 
train_loss: 1.24443 
test_loss: 1.33447 
train_loss: 1.16949 
test_loss: 1.32833 
train_loss: 1.31264 
test_loss: 1.31582 
train_loss: 1.2927 
test_loss: 1.30223 
train_loss: 1.30352 
test_loss: 1.29457 
train_loss: 1.40267 
test_loss: 1.278 
train_loss: 1.21607 
test_loss: 1.27372 
train_loss: 1.19744 
test_loss: 1.26881 
train_loss: 1.15266 
test_loss: 1.25981 
train_loss: 1.17101 
test_loss: 1.2462 
train_loss: 1.13102 
test_loss: 1.23926 
train_loss: 1.10674 
test_loss: 1.22802 
train_loss: 1.15612 
test_loss: 1.22372 
train_loss: 1.28369 
test_loss: 1.21343 
train_loss: 1.11191 
test_loss: 1.2018 
train_loss: 1.26958 
test_loss: 1.18818 
train_loss: 1.0979 
test_loss: 1.17846 
train_loss: 1.08011 
test_loss: 1.17157 
train_loss: 1.1312 
test_loss: 1.16701 
train_loss: 1.06539 
test_loss: 1.15014 
train_loss: 1.16333 
test_loss: 1.13914 
train_loss: 1.16967 
test_loss: 1.13871 
train_loss: 1.11094 
test_loss: 1.12435 
train_loss: 1.05662 
test_loss: 1.11033 
train_loss: 1.00508 
test_loss: 1.10517 
train_loss: 1.02355 
test_loss: 1.08954 
train_loss: 1.05747 
test_loss: 1.08666 
train_loss: 0.998738 
test_loss: 1.06812 
train_loss: 1.00185 
test_loss: 1.05912 
train_loss: 1.12598 
test_loss: 1.0431 
train_loss: 1.0297 
test_loss: 1.03605 
train_loss: 0.944251 
test_loss: 1.02346 
train_loss: 1.07285 
test_loss: 1.00802 
train_loss: 1.02083 
test_loss: 0.993242 
train_loss: 0.968912 
test_loss: 0.980826 
train_loss: 0.915595 
test_loss: 0.974343 
train_loss: 0.897582 
test_loss: 0.956568 
train_loss: 0.947086 
test_loss: 0.943193 
train_loss: 0.940193 
test_loss: 0.93232 
train_loss: 0.9249 
test_loss: 0.92228 
train_loss: 0.934747 
test_loss: 0.906931 
train_loss: 0.931139 
test_loss: 0.896382 
train_loss: 0.865937 
test_loss: 0.882215 
train_loss: 0.874057 
test_loss: 0.872227 
train_loss: 0.873737 
test_loss: 0.859066 
train_loss: 0.855596 
test_loss: 0.84484 
train_loss: 0.801414 
test_loss: 0.832816 
train_loss: 0.809438 
test_loss: 0.818682 
train_loss: 0.815456 
test_loss: 0.807236 
train_loss: 0.787846 
test_loss: 0.795515 
train_loss: 0.781819 
test_loss: 0.783005 
train_loss: 0.720601 
test_loss: 0.767681 
train_loss: 0.749514 
test_loss: 0.757074 
train_loss: 0.724919 
test_loss: 0.738532 
train_loss: 0.704075 
test_loss: 0.726828 
train_loss: 0.697407 
test_loss: 0.714943 
train_loss: 0.682132 
test_loss: 0.699848 
train_loss: 0.671832 
test_loss: 0.688763 
train_loss: 0.670094 
test_loss: 0.673621 
train_loss: 0.640905 
test_loss: 0.661727 
train_loss: 0.647616 
test_loss: 0.648839 
train_loss: 0.624843 
test_loss: 0.635991 
train_loss: 0.626641 
test_loss: 0.623719 
train_loss: 0.597158 
test_loss: 0.609823 
train_loss: 0.573945 
test_loss: 0.597883 
train_loss: 0.586938 
test_loss: 0.587411 
train_loss: 0.57284 
test_loss: 0.573359 
train_loss: 0.571079 
test_loss: 0.562959 
train_loss: 0.532431 
test_loss: 0.549846 
train_loss: 0.532082 
test_loss: 0.53914 
train_loss: 0.537693 
test_loss: 0.527596 
train_loss: 0.507373 
test_loss: 0.516585 
train_loss: 0.490342 
test_loss: 0.506163 
train_loss: 0.472808 
test_loss: 0.494894 
train_loss: 0.473141 
test_loss: 0.484535 
train_loss: 0.473115 
test_loss: 0.473427 
train_loss: 0.464232 
test_loss: 0.461656 
train_loss: 0.436182 
test_loss: 0.450338 
train_loss: 0.429875 
test_loss: 0.438857 
train_loss: 0.416633 
test_loss: 0.427767 
train_loss: 0.39973 
test_loss: 0.416241 
train_loss: 0.414322 
test_loss: 0.404067 
train_loss: 0.388004 
test_loss: 0.391614 
train_loss: 0.375482 
test_loss: 0.379732 
train_loss: 0.37026 
test_loss: 0.367352 
train_loss: 0.350562 
test_loss: 0.353969 
train_loss: 0.345607 
test_loss: 0.34131 
train_loss: 0.331275 
test_loss: 0.328957 
train_loss: 0.318854 
test_loss: 0.315427 
train_loss: 0.292153 
test_loss: 0.301518 
train_loss: 0.284849 
test_loss: 0.2881 
train_loss: 0.269326 
test_loss: 0.274312 
train_loss: 0.259897 
test_loss: 0.261109 
train_loss: 0.257448 
test_loss: 0.248504 
train_loss: 0.244804 
test_loss: 0.236494 
train_loss: 0.218203 
test_loss: 0.223134 
train_loss: 0.210372 
test_loss: 0.211368 
train_loss: 0.196493 
test_loss: 0.200073 
train_loss: 0.181814 
test_loss: 0.189896 
train_loss: 0.182787 
test_loss: 0.17928 
train_loss: 0.168378 
test_loss: 0.170022 
train_loss: 0.162962 
test_loss: 0.161044 
train_loss: 0.148922 
test_loss: 0.152701 
train_loss: 0.147663 
test_loss: 0.144636 
train_loss: 0.138281 
test_loss: 0.138383 
train_loss: 0.134274 
test_loss: 0.131349 
train_loss: 0.125265 
test_loss: 0.125507 
train_loss: 0.116621 
test_loss: 0.12012 
train_loss: 0.113032 
test_loss: 0.116054 
train_loss: 0.116049 
test_loss: 0.112347 
train_loss: 0.113518 
test_loss: 0.109181 
train_loss: 0.104201 
test_loss: 0.106212 
train_loss: 0.106907 
test_loss: 0.103995 
train_loss: 0.0986364 
test_loss: 0.101692 
train_loss: 0.101502 
test_loss: 0.100182 
train_loss: 0.102415 
test_loss: 0.0987348 
train_loss: 0.0954104 
test_loss: 0.0981573 
train_loss: 0.0942043 
test_loss: 0.0967445 
train_loss: 0.092936 
test_loss: 0.0959453 
train_loss: 0.0995064 
test_loss: 0.0956099 
train_loss: 0.0927703 
test_loss: 0.0950667 
train_loss: 0.0966813 
test_loss: 0.0946894 
train_loss: 0.0934342 
test_loss: 0.0941063 
train_loss: 0.0959766 
test_loss: 0.0940012 
train_loss: 0.0932653 
test_loss: 0.0941336 
train_loss: 0.10018 
test_loss: 0.0936642 
train_loss: 0.0861229 
test_loss: 0.0933442 
train_loss: 0.090744 
test_loss: 0.0928864 
train_loss: 0.0925948 
test_loss: 0.0927714 
train_loss: 0.0908092 
test_loss: 0.0929683 
train_loss: 0.0920454 
test_loss: 0.092689 
train_loss: 0.0928389 
test_loss: 0.0930674 
train_loss: 0.0893722 
test_loss: 0.0925234 
train_loss: 0.0998152 
test_loss: 0.092085 
train_loss: 0.0975038 
test_loss: 0.0920544 
train_loss: 0.0948038 
test_loss: 0.0918992 
train_loss: 0.0970688 
test_loss: 0.0918836 
train_loss: 0.0950401 
test_loss: 0.0923787 
train_loss: 0.0883656 
test_loss: 0.0923442 
train_loss: 0.0879897 
test_loss: 0.0917257 
train_loss: 0.089855 
test_loss: 0.0925676 
train_loss: 0.0903829 
test_loss: 0.0910426 
train_loss: 0.0973977 
test_loss: 0.0914269 
train_loss: 0.0896751 
test_loss: 0.0910338 
train_loss: 0.0900447 
test_loss: 0.0912986 
train_loss: 0.0873172 
test_loss: 0.0910372 
train_loss: 0.0933804 
test_loss: 0.0920051 
train_loss: 0.0896854 
test_loss: 0.0912567 
train_loss: 0.0912292 
test_loss: 0.0922241 
train_loss: 0.0886413 
test_loss: 0.0908832 
train_loss: 0.0936627 
test_loss: 0.09094 
train_loss: 0.0927309 
test_loss: 0.0907798 
train_loss: 0.0896322 
test_loss: 0.0904672 
train_loss: 0.085639 
test_loss: 0.0905003 
train_loss: 0.0929685 
test_loss: 0.0907538 
train_loss: 0.09362 
test_loss: 0.0903839 
train_loss: 0.0883651 
test_loss: 0.090519 
train_loss: 0.0910182 
test_loss: 0.0910616 
