train_loss: 714.16 
test_loss: 683.199 
train_loss: 365.421 
test_loss: 707.886 
train_loss: 512.711 
test_loss: 677.763 
train_loss: 266.905 
test_loss: 679.633 
train_loss: 615.764 
test_loss: 830.261 
train_loss: 465.08 
test_loss: 547.555 
train_loss: 574.913 
test_loss: 741.887 
train_loss: 403.947 
test_loss: 672.699 
train_loss: 394.116 
test_loss: 828.037 
train_loss: 264.053 
test_loss: 734.42 
train_loss: 316.812 
test_loss: 740.956 
train_loss: 703.214 
test_loss: 576.566 
train_loss: 364.13 
test_loss: 827.043 
train_loss: 490.678 
test_loss: 577.5 
train_loss: 768.921 
test_loss: 608.135 
train_loss: 1125.37 
test_loss: 761.434 
train_loss: 691.348 
test_loss: 558.034 
train_loss: 197.271 
test_loss: 539.225 
train_loss: 352.208 
test_loss: 656.898 
train_loss: 508.75 
test_loss: 694.156 
train_loss: 568.056 
test_loss: 594.154 
train_loss: 629.224 
test_loss: 748.517 
train_loss: 227.379 
test_loss: 569.053 
train_loss: 2438.28 
test_loss: 590.498 
train_loss: 593.933 
test_loss: 710.767 
train_loss: 1321.11 
test_loss: 671.486 
train_loss: 527.076 
test_loss: 634.438 
train_loss: 299.547 
test_loss: 551.02 
train_loss: 383.105 
test_loss: 622.757 
train_loss: 373.476 
test_loss: 765.528 
train_loss: 248.373 
test_loss: 711.003 
train_loss: 284.314 
test_loss: 662.305 
train_loss: 221.735 
test_loss: 710.685 
train_loss: 279.17 
test_loss: 629.237 
train_loss: 2392.56 
test_loss: 696.014 
train_loss: 364.06 
test_loss: 4619.28 
train_loss: 544.072 
test_loss: 656.877 
train_loss: 697.041 
test_loss: 745.997 
train_loss: 388.089 
test_loss: 644.039 
train_loss: 702.162 
test_loss: 595.065 
train_loss: 278.851 
test_loss: 606.885 
train_loss: 243.386 
test_loss: 725.879 
train_loss: 308.178 
test_loss: 687.73 
train_loss: 632.052 
test_loss: 658.914 
train_loss: 232.038 
test_loss: 1109.79 
train_loss: 348.531 
test_loss: 684.726 
train_loss: 786.12 
test_loss: 772.298 
train_loss: 539.201 
test_loss: 642.503 
train_loss: 1036.42 
test_loss: 592.247 
train_loss: 663.835 
test_loss: 628.824 
train_loss: 1012.5 
test_loss: 939.297 
train_loss: 157.475 
test_loss: 685.583 
train_loss: 217.865 
test_loss: 784.983 
train_loss: 291.967 
test_loss: 603.614 
train_loss: 1769.68 
test_loss: 768.935 
train_loss: 407.464 
test_loss: 576.983 
train_loss: 233.123 
test_loss: 601.724 
train_loss: 1960.54 
test_loss: 7566.7 
train_loss: 593.145 
test_loss: 1469.15 
train_loss: 381.137 
test_loss: 662.069 
train_loss: 1027.99 
test_loss: 665.603 
train_loss: 478.335 
test_loss: 674.636 
train_loss: 2582.13 
test_loss: 613.113 
train_loss: 195.845 
test_loss: 624.226 
train_loss: 522.615 
test_loss: 802.342 
train_loss: 866.932 
test_loss: 718.402 
train_loss: 930.995 
test_loss: 6092.87 
train_loss: 6775.26 
test_loss: 825.678 
train_loss: 169.311 
test_loss: 589.762 
train_loss: 1158.27 
test_loss: 665.339 
train_loss: 201.661 
test_loss: 673.135 
train_loss: 789.083 
test_loss: 579.419 
train_loss: 599.272 
test_loss: 614.056 
train_loss: 2.35777 
test_loss: 2.7815 
train_loss: 2.33953 
test_loss: 2.59648 
train_loss: 2.45031 
test_loss: 2.57711 
train_loss: 2.49548 
test_loss: 2.62483 
train_loss: 2.3839 
test_loss: 2.61589 
train_loss: 3.24934 
test_loss: 2.62468 
train_loss: 2.10236 
test_loss: 2.63582 
train_loss: 2.49143 
test_loss: 2.58957 
train_loss: 2.83241 
test_loss: 2.58209 
train_loss: 2.41693 
test_loss: 2.61899 
train_loss: 2.564 
test_loss: 2.60234 
train_loss: 2.52999 
test_loss: 2.60825 
train_loss: 2.60446 
test_loss: 2.6119 
train_loss: 2.91227 
test_loss: 2.62253 
train_loss: 2.78019 
test_loss: 2.59788 
train_loss: 2.1311 
test_loss: 2.60781 
train_loss: 2.35921 
test_loss: 2.61067 
train_loss: 2.68084 
test_loss: 2.57118 
train_loss: 2.70586 
test_loss: 2.57761 
train_loss: 2.72962 
test_loss: 2.60746 
train_loss: 3.32346 
test_loss: 2.60798 
train_loss: 2.48606 
test_loss: 2.62558 
train_loss: 2.70893 
test_loss: 2.61113 
train_loss: 3.22839 
test_loss: 2.60528 
train_loss: 2.45946 
test_loss: 2.58135 
train_loss: 2.58366 
test_loss: 2.60675 
train_loss: 2.56379 
test_loss: 2.59292 
train_loss: 2.05281 
test_loss: 2.59549 
train_loss: 2.65211 
test_loss: 2.61563 
train_loss: 2.35314 
test_loss: 2.6049 
train_loss: 2.24495 
test_loss: 2.61182 
train_loss: 2.21172 
test_loss: 2.59842 
train_loss: 3.22479 
test_loss: 2.61029 
train_loss: 3.83671 
test_loss: 2.60722 
train_loss: 2.37601 
test_loss: 2.63248 
train_loss: 3.02325 
test_loss: 2.60122 
train_loss: 2.7284 
test_loss: 2.59703 
train_loss: 2.87032 
test_loss: 2.56133 
train_loss: 3.31511 
test_loss: 2.58219 
train_loss: 2.14686 
test_loss: 2.64116 
train_loss: 2.12801 
test_loss: 2.61136 
train_loss: 2.32572 
test_loss: 2.60319 
train_loss: 2.38668 
test_loss: 2.62798 
train_loss: 3.34475 
test_loss: 2.60398 
train_loss: 2.5631 
test_loss: 2.60229 
train_loss: 2.24004 
test_loss: 2.60413 
train_loss: 2.16755 
test_loss: 2.59547 
train_loss: 1.88921 
test_loss: 2.6205 
train_loss: 3.04137 
test_loss: 2.6103 
train_loss: 2.06826 
test_loss: 2.59877 
train_loss: 1.9844 
test_loss: 2.61416 
train_loss: 2.63506 
test_loss: 2.59445 
train_loss: 2.58824 
test_loss: 2.59023 
train_loss: 3.17821 
test_loss: 2.59138 
train_loss: 3.06375 
test_loss: 2.58844 
train_loss: 2.52891 
test_loss: 2.59892 
train_loss: 2.13535 
test_loss: 2.57358 
train_loss: 2.58084 
test_loss: 2.59019 
train_loss: 3.35654 
test_loss: 2.58565 
train_loss: 2.23527 
test_loss: 2.60846 
train_loss: 2.52172 
test_loss: 2.60903 
train_loss: 2.17756 
test_loss: 2.57321 
train_loss: 2.51531 
test_loss: 2.59876 
train_loss: 2.21645 
test_loss: 2.58799 
train_loss: 2.83893 
test_loss: 2.58852 
train_loss: 2.48059 
test_loss: 2.60765 
train_loss: 3.36418 
test_loss: 2.58197 
train_loss: 2.83067 
test_loss: 2.58379 
train_loss: 2.92848 
test_loss: 2.61258 
train_loss: 2.21575 
test_loss: 2.62508 
train_loss: 2.78992 
test_loss: 2.59994 
train_loss: 2.2739 
test_loss: 2.60077 
train_loss: 2.27537 
test_loss: 2.6269 
train_loss: 2.34814 
test_loss: 2.58979 
train_loss: 2.28734 
test_loss: 2.62127 
train_loss: 2.13951 
test_loss: 2.6238 
train_loss: 3.85257 
test_loss: 2.58101 
train_loss: 2.50619 
test_loss: 2.62461 
train_loss: 3.25154 
test_loss: 2.594 
train_loss: 2.23925 
test_loss: 2.59117 
train_loss: 2.29485 
test_loss: 2.57417 
train_loss: 2.37579 
test_loss: 2.60548 
train_loss: 3.26741 
test_loss: 2.57833 
train_loss: 2.27156 
test_loss: 2.59213 
train_loss: 2.45496 
test_loss: 2.60495 
train_loss: 2.54822 
test_loss: 2.59698 
train_loss: 3.28303 
test_loss: 2.64167 
train_loss: 2.18691 
test_loss: 2.60986 
train_loss: 1.86386 
test_loss: 2.57885 
train_loss: 2.17639 
test_loss: 2.58029 
train_loss: 2.74137 
test_loss: 2.61888 
train_loss: 3.18005 
test_loss: 2.60128 
train_loss: 2.45336 
test_loss: 2.61201 
train_loss: 2.549 
test_loss: 2.64516 
train_loss: 2.69611 
test_loss: 2.60813 
train_loss: 3.91607 
test_loss: 2.60424 
train_loss: 2.58496 
test_loss: 2.60754 
train_loss: 2.85966 
test_loss: 2.59018 
train_loss: 3.2144 
test_loss: 2.57732 
train_loss: 2.34457 
test_loss: 2.62435 
train_loss: 2.80797 
test_loss: 2.60929 
train_loss: 2.33236 
test_loss: 2.60262 
train_loss: 2.61666 
test_loss: 2.5859 
train_loss: 2.32228 
test_loss: 2.61861 
train_loss: 2.52088 
test_loss: 2.58114 
train_loss: 2.37847 
test_loss: 2.60602 
train_loss: 2.91388 
test_loss: 2.60697 
train_loss: 2.52552 
test_loss: 2.59922 
train_loss: 2.22987 
test_loss: 2.60642 
train_loss: 2.53702 
test_loss: 2.58934 
train_loss: 3.16845 
test_loss: 2.59307 
train_loss: 2.35554 
test_loss: 2.62522 
train_loss: 2.37829 
test_loss: 2.64546 
train_loss: 2.67798 
test_loss: 2.57716 
train_loss: 2.25005 
test_loss: 2.59671 
train_loss: 3.49711 
test_loss: 2.59867 
train_loss: 2.29263 
test_loss: 2.60519 
train_loss: 2.1477 
test_loss: 2.61381 
train_loss: 2.09848 
test_loss: 2.62071 
train_loss: 3.35856 
test_loss: 2.62628 
train_loss: 2.1239 
test_loss: 2.64036 
train_loss: 2.847 
test_loss: 2.607 
train_loss: 2.44437 
test_loss: 2.60136 
train_loss: 3.36207 
test_loss: 2.59247 
train_loss: 2.40246 
test_loss: 2.58073 
train_loss: 2.4124 
test_loss: 2.62806 
train_loss: 2.65533 
test_loss: 2.57874 
train_loss: 2.18583 
test_loss: 2.61463 
train_loss: 3.09488 
test_loss: 2.58501 
train_loss: 2.21768 
test_loss: 2.59832 
train_loss: 2.77526 
test_loss: 2.60072 
train_loss: 1.95915 
test_loss: 2.62058 
train_loss: 2.55116 
test_loss: 2.61147 
train_loss: 2.3875 
test_loss: 2.58843 
train_loss: 3.4862 
test_loss: 2.5953 
train_loss: 2.30992 
test_loss: 2.61027 
train_loss: 2.40909 
test_loss: 2.57023 
