train_loss: 1.63456 
test_loss: 2.38647 
train_loss: 2.08549 
test_loss: 2.29416 
train_loss: 1.23837 
test_loss: 2.29032 
train_loss: 1.21941 
test_loss: 2.33724 
train_loss: 1.93002 
test_loss: 2.2771 
train_loss: 1.71703 
test_loss: 2.25561 
train_loss: 1.59714 
test_loss: 2.32371 
train_loss: 1.93313 
test_loss: 2.25487 
train_loss: 2.12926 
test_loss: 2.34178 
train_loss: 1.36689 
test_loss: 2.25943 
train_loss: 1.08175 
test_loss: 2.30818 
train_loss: 1.64821 
test_loss: 2.32453 
train_loss: 3.70727 
test_loss: 2.28228 
train_loss: 1.60824 
test_loss: 2.31479 
train_loss: 1.43382 
test_loss: 2.31292 
train_loss: 1.25713 
test_loss: 2.2962 
train_loss: 3.15674 
test_loss: 2.32378 
train_loss: 1.21973 
test_loss: 2.26425 
train_loss: 1.6095 
test_loss: 2.26807 
train_loss: 1.31597 
test_loss: 2.28886 
train_loss: 1.99738 
test_loss: 2.25507 
train_loss: 3.40419 
test_loss: 2.25686 
train_loss: 2.39502 
test_loss: 2.22811 
train_loss: 1.89827 
test_loss: 2.22167 
train_loss: 1.19789 
test_loss: 2.24805 
train_loss: 1.71191 
test_loss: 2.15112 
train_loss: 1.90114 
test_loss: 2.18897 
train_loss: 2.0933 
test_loss: 2.22809 
train_loss: 3.46312 
test_loss: 2.22884 
train_loss: 3.10725 
test_loss: 2.195 
train_loss: 1.85982 
test_loss: 2.23193 
train_loss: 1.30355 
test_loss: 2.18684 
train_loss: 8.05706 
test_loss: 2.24148 
train_loss: 1.11309 
test_loss: 2.21002 
train_loss: 4.30755 
test_loss: 2.19486 
train_loss: 1.19237 
test_loss: 2.17044 
train_loss: 2.12647 
test_loss: 2.15641 
train_loss: 1.81817 
test_loss: 2.1766 
train_loss: 1.46089 
test_loss: 2.08481 
train_loss: 1.4821 
test_loss: 2.11293 
train_loss: 1.15544 
test_loss: 2.0852 
train_loss: 1.40074 
test_loss: 2.0982 
train_loss: 1.61906 
test_loss: 2.11615 
train_loss: 3.09934 
test_loss: 2.10437 
train_loss: 1.81615 
test_loss: 2.11506 
train_loss: 1.58235 
test_loss: 2.0742 
train_loss: 1.73497 
test_loss: 2.00306 
train_loss: 1.04057 
test_loss: 2.05894 
train_loss: 1.56363 
test_loss: 2.02131 
train_loss: 2.80219 
test_loss: 2.02538 
train_loss: 1.09694 
test_loss: 2.02365 
train_loss: 1.00364 
test_loss: 1.97395 
train_loss: 1.42482 
test_loss: 1.93881 
train_loss: 1.24493 
test_loss: 1.93148 
train_loss: 2.59895 
test_loss: 1.92563 
train_loss: 3.04176 
test_loss: 1.86502 
train_loss: 2.73606 
test_loss: 1.88595 
train_loss: 1.43631 
test_loss: 1.89173 
train_loss: 1.35383 
test_loss: 1.87419 
train_loss: 2.14535 
test_loss: 1.80622 
train_loss: 1.20352 
test_loss: 1.83191 
train_loss: 1.4722 
test_loss: 1.76431 
train_loss: 1.24591 
test_loss: 1.80297 
train_loss: 1.44253 
test_loss: 1.73273 
train_loss: 1.09856 
test_loss: 1.79949 
train_loss: 1.51357 
test_loss: 1.75046 
train_loss: 1.28653 
test_loss: 1.71356 
train_loss: 1.44745 
test_loss: 1.71749 
train_loss: 1.27055 
test_loss: 1.70053 
train_loss: 1.4671 
test_loss: 1.65804 
train_loss: 1.55073 
test_loss: 1.64511 
train_loss: 1.17959 
test_loss: 1.66257 
train_loss: 1.29388 
test_loss: 1.61321 
train_loss: 1.20303 
test_loss: 1.58772 
train_loss: 1.31 
test_loss: 1.56982 
train_loss: 1.32605 
test_loss: 1.55925 
train_loss: 1.41103 
test_loss: 1.53772 
train_loss: 1.16057 
test_loss: 1.51196 
train_loss: 3.59291 
test_loss: 1.52283 
train_loss: 1.60614 
test_loss: 1.49702 
train_loss: 1.52507 
test_loss: 1.44368 
train_loss: 1.76448 
test_loss: 1.46069 
train_loss: 1.14293 
test_loss: 1.44167 
train_loss: 1.85817 
test_loss: 1.42734 
train_loss: 1.54932 
test_loss: 1.42991 
train_loss: 1.43433 
test_loss: 1.38375 
train_loss: 1.36969 
test_loss: 1.36424 
train_loss: 3.17884 
test_loss: 1.3459 
train_loss: 1.67972 
test_loss: 1.35221 
train_loss: 1.91995 
test_loss: 1.30797 
train_loss: 1.20737 
test_loss: 1.30949 
train_loss: 1.38621 
test_loss: 1.29827 
train_loss: 1.46251 
test_loss: 1.29223 
train_loss: 1.21413 
test_loss: 1.27592 
train_loss: 1.42103 
test_loss: 1.24791 
train_loss: 1.07507 
test_loss: 1.23561 
train_loss: 1.38476 
test_loss: 1.22368 
train_loss: 1.08163 
test_loss: 1.2054 
train_loss: 1.04636 
test_loss: 1.19127 
train_loss: 1.14771 
test_loss: 1.1666 
train_loss: 0.97332 
test_loss: 1.15863 
train_loss: 1.2747 
test_loss: 1.15617 
train_loss: 1.07801 
test_loss: 1.14616 
train_loss: 1.25985 
test_loss: 1.12871 
train_loss: 1.00314 
test_loss: 1.1045 
train_loss: 1.15417 
test_loss: 1.08905 
train_loss: 0.818851 
test_loss: 1.07702 
train_loss: 0.833826 
test_loss: 1.06757 
train_loss: 1.35599 
test_loss: 1.05546 
train_loss: 1.05982 
test_loss: 1.04888 
train_loss: 1.1247 
test_loss: 1.03275 
train_loss: 1.34238 
test_loss: 1.01942 
train_loss: 1.01652 
test_loss: 1.01525 
train_loss: 0.873123 
test_loss: 0.997168 
train_loss: 0.907985 
test_loss: 0.980617 
train_loss: 0.880711 
test_loss: 0.973165 
train_loss: 1.02989 
test_loss: 0.958905 
train_loss: 0.908997 
test_loss: 0.949837 
train_loss: 0.863842 
test_loss: 0.943973 
train_loss: 1.10306 
test_loss: 0.931603 
train_loss: 0.806825 
test_loss: 0.914948 
train_loss: 0.959152 
test_loss: 0.901759 
train_loss: 0.849704 
test_loss: 0.89452 
train_loss: 1.17682 
test_loss: 0.879178 
train_loss: 1.22737 
test_loss: 0.869422 
train_loss: 0.839805 
test_loss: 0.852396 
train_loss: 0.797427 
test_loss: 0.847948 
train_loss: 0.802598 
test_loss: 0.832715 
train_loss: 0.871069 
test_loss: 0.820966 
train_loss: 0.804724 
test_loss: 0.811894 
train_loss: 0.784791 
test_loss: 0.799569 
train_loss: 0.743108 
test_loss: 0.786143 
train_loss: 0.742664 
test_loss: 0.77361 
train_loss: 0.727392 
test_loss: 0.764246 
train_loss: 0.77081 
test_loss: 0.746969 
train_loss: 0.752766 
test_loss: 0.738969 
train_loss: 0.703931 
test_loss: 0.723875 
train_loss: 0.687557 
test_loss: 0.715986 
train_loss: 0.705748 
test_loss: 0.7022 
train_loss: 0.693149 
test_loss: 0.687902 
train_loss: 0.65594 
test_loss: 0.677047 
train_loss: 0.678761 
test_loss: 0.66625 
train_loss: 0.649665 
test_loss: 0.655025 
train_loss: 0.638943 
test_loss: 0.644529 
train_loss: 0.628457 
test_loss: 0.633506 
train_loss: 0.609797 
test_loss: 0.62138 
train_loss: 0.617965 
test_loss: 0.61135 
train_loss: 0.587449 
test_loss: 0.603034 
train_loss: 0.57351 
test_loss: 0.590746 
train_loss: 0.57508 
test_loss: 0.580549 
train_loss: 0.541297 
test_loss: 0.570569 
train_loss: 0.553193 
test_loss: 0.561152 
train_loss: 0.532797 
test_loss: 0.549987 
train_loss: 0.541108 
test_loss: 0.540958 
train_loss: 0.532007 
test_loss: 0.530705 
train_loss: 0.529439 
test_loss: 0.520189 
train_loss: 0.518148 
test_loss: 0.509407 
train_loss: 0.495245 
test_loss: 0.500484 
train_loss: 0.501306 
test_loss: 0.489541 
train_loss: 0.474253 
test_loss: 0.479648 
train_loss: 0.455532 
test_loss: 0.470097 
train_loss: 0.437358 
test_loss: 0.459145 
train_loss: 0.440848 
test_loss: 0.44849 
train_loss: 0.426375 
test_loss: 0.437574 
train_loss: 0.434007 
test_loss: 0.426825 
train_loss: 0.416718 
test_loss: 0.414498 
train_loss: 0.411752 
test_loss: 0.402039 
train_loss: 0.382407 
test_loss: 0.389885 
train_loss: 0.372808 
test_loss: 0.377142 
train_loss: 0.370968 
test_loss: 0.365412 
train_loss: 0.336714 
test_loss: 0.353141 
train_loss: 0.329917 
test_loss: 0.340833 
train_loss: 0.328557 
test_loss: 0.328761 
train_loss: 0.320778 
test_loss: 0.316815 
train_loss: 0.314144 
test_loss: 0.30546 
train_loss: 0.302809 
test_loss: 0.293945 
train_loss: 0.282581 
test_loss: 0.283629 
train_loss: 0.267347 
test_loss: 0.273249 
train_loss: 0.259638 
test_loss: 0.263618 
train_loss: 0.261639 
test_loss: 0.253773 
train_loss: 0.24181 
test_loss: 0.244528 
train_loss: 0.235564 
test_loss: 0.235078 
train_loss: 0.229398 
test_loss: 0.225781 
train_loss: 0.215667 
test_loss: 0.216374 
train_loss: 0.212508 
test_loss: 0.207522 
train_loss: 0.196087 
test_loss: 0.198093 
train_loss: 0.192009 
test_loss: 0.188772 
train_loss: 0.179969 
test_loss: 0.180261 
train_loss: 0.174715 
test_loss: 0.171984 
train_loss: 0.168382 
test_loss: 0.163855 
train_loss: 0.156192 
test_loss: 0.15591 
train_loss: 0.150347 
test_loss: 0.148739 
train_loss: 0.143351 
test_loss: 0.141952 
train_loss: 0.139572 
test_loss: 0.136317 
train_loss: 0.130421 
test_loss: 0.131026 
train_loss: 0.126725 
test_loss: 0.126039 
train_loss: 0.117787 
test_loss: 0.121414 
train_loss: 0.119723 
test_loss: 0.118152 
train_loss: 0.11553 
test_loss: 0.115083 
train_loss: 0.109357 
test_loss: 0.112495 
train_loss: 0.110286 
test_loss: 0.109805 
train_loss: 0.107199 
test_loss: 0.107749 
train_loss: 0.106993 
test_loss: 0.106089 
train_loss: 0.109199 
test_loss: 0.104702 
train_loss: 0.10346 
test_loss: 0.103308 
train_loss: 0.103263 
test_loss: 0.10229 
train_loss: 0.10645 
test_loss: 0.10112 
train_loss: 0.102513 
test_loss: 0.100261 
train_loss: 0.105221 
test_loss: 0.0999574 
train_loss: 0.100528 
test_loss: 0.0991136 
train_loss: 0.0998102 
test_loss: 0.0985722 
train_loss: 0.0972501 
test_loss: 0.0980406 
train_loss: 0.0991476 
test_loss: 0.0976314 
train_loss: 0.0984879 
test_loss: 0.09688 
train_loss: 0.100432 
test_loss: 0.0970685 
train_loss: 0.104962 
test_loss: 0.0966072 
train_loss: 0.0957704 
test_loss: 0.0963653 
train_loss: 0.0948128 
test_loss: 0.09621 
train_loss: 0.0952521 
test_loss: 0.0957778 
train_loss: 0.0949584 
test_loss: 0.0955905 
train_loss: 0.0976123 
test_loss: 0.0955097 
train_loss: 0.0958461 
test_loss: 0.0951153 
train_loss: 0.0944496 
test_loss: 0.0949458 
train_loss: 0.100255 
test_loss: 0.0949268 
train_loss: 0.100303 
test_loss: 0.0943588 
train_loss: 0.088981 
test_loss: 0.0945199 
train_loss: 0.0961605 
test_loss: 0.094581 
train_loss: 0.0894396 
test_loss: 0.0942229 
train_loss: 0.0938694 
test_loss: 0.0940569 
train_loss: 0.10037 
test_loss: 0.093797 
train_loss: 0.0922862 
test_loss: 0.0937432 
train_loss: 0.0916367 
test_loss: 0.0937944 
train_loss: 0.0930165 
test_loss: 0.0935264 
train_loss: 0.0922423 
test_loss: 0.0934251 
train_loss: 0.0917852 
test_loss: 0.0933202 
train_loss: 0.0925592 
test_loss: 0.0931118 
train_loss: 0.0928849 
test_loss: 0.0930137 
train_loss: 0.0961128 
test_loss: 0.0928026 
train_loss: 0.0967874 
test_loss: 0.092701 
train_loss: 0.094258 
test_loss: 0.0923503 
train_loss: 0.0937846 
test_loss: 0.0929036 
train_loss: 0.0934443 
test_loss: 0.0927176 
train_loss: 0.0932472 
test_loss: 0.0927452 
train_loss: 0.093809 
test_loss: 0.0926181 
train_loss: 0.0943279 
test_loss: 0.0926104 
train_loss: 0.0995482 
test_loss: 0.0928943 
train_loss: 0.0996675 
test_loss: 0.0923559 
train_loss: 0.0947286 
test_loss: 0.0922475 
train_loss: 0.0919267 
test_loss: 0.0920018 
train_loss: 0.0904374 
test_loss: 0.0920097 
train_loss: 0.0886701 
test_loss: 0.0916457 
train_loss: 0.0951512 
test_loss: 0.0919027 
train_loss: 0.090266 
test_loss: 0.0919408 
train_loss: 0.088301 
test_loss: 0.091591 
train_loss: 0.0963221 
test_loss: 0.0918604 
train_loss: 0.0889904 
test_loss: 0.0918043 
train_loss: 0.0970279 
test_loss: 0.0916128 
train_loss: 0.0901373 
test_loss: 0.0913908 
train_loss: 0.0907283 
test_loss: 0.0914783 
train_loss: 0.0880201 
test_loss: 0.0912842 
train_loss: 0.0932573 
test_loss: 0.0910162 
train_loss: 0.0912268 
test_loss: 0.0912366 
train_loss: 0.0892504 
test_loss: 0.0908873 
train_loss: 0.0893589 
test_loss: 0.0913674 
train_loss: 0.0910257 
test_loss: 0.0905017 
train_loss: 0.0921235 
test_loss: 0.0906271 
train_loss: 0.0932964 
test_loss: 0.0904048 
train_loss: 0.0941693 
test_loss: 0.0903295 
train_loss: 0.0924658 
test_loss: 0.0900162 
train_loss: 0.0895788 
test_loss: 0.0899578 
train_loss: 0.0884814 
test_loss: 0.0900049 
train_loss: 0.0897197 
test_loss: 0.0893876 
train_loss: 0.0892331 
test_loss: 0.0891495 
train_loss: 0.087629 
test_loss: 0.0891112 
train_loss: 0.0864187 
test_loss: 0.0880941 
train_loss: 0.0850751 
test_loss: 0.0878774 
train_loss: 0.0877568 
test_loss: 0.0870462 
train_loss: 0.0889799 
test_loss: 0.0863609 
train_loss: 0.0837529 
test_loss: 0.0857751 
train_loss: 0.0834411 
test_loss: 0.0846627 
train_loss: 0.0853382 
test_loss: 0.0847666 
train_loss: 0.0844989 
test_loss: 0.0817965 
train_loss: 0.0838379 
test_loss: 0.0809495 
train_loss: 0.075677 
test_loss: 0.0790665 
train_loss: 0.0767897 
test_loss: 0.0774953 
train_loss: 0.0749286 
test_loss: 0.0740936 
train_loss: 0.0723007 
test_loss: 0.0719054 
train_loss: 0.069566 
test_loss: 0.0694237 
train_loss: 0.0669583 
test_loss: 0.0667555 
train_loss: 0.061072 
test_loss: 0.0651202 
train_loss: 0.0588282 
test_loss: 0.060916 
train_loss: 0.054697 
test_loss: 0.0564844 
train_loss: 0.0483875 
test_loss: 0.0514881 
train_loss: 0.0478793 
test_loss: 0.0469851 
train_loss: 0.0433822 
test_loss: 0.0443627 
train_loss: 0.0446806 
test_loss: 0.0410777 
train_loss: 0.0412259 
test_loss: 0.0390855 
train_loss: 0.037527 
test_loss: 0.0363504 
train_loss: 0.0329596 
test_loss: 0.0333112 
train_loss: 0.0301601 
test_loss: 0.0306924 
train_loss: 0.0289481 
test_loss: 0.0311433 
train_loss: 0.0294523 
test_loss: 0.028288 
train_loss: 0.0277767 
test_loss: 0.029528 
train_loss: 0.0278714 
test_loss: 0.0288933 
train_loss: 0.0272386 
test_loss: 0.0273405 
train_loss: 0.0262676 
test_loss: 0.0272048 
train_loss: 0.0276159 
test_loss: 0.027193 
train_loss: 0.0266192 
test_loss: 0.0261815 
train_loss: 0.0247457 
test_loss: 0.0264379 
train_loss: 0.0303085 
test_loss: 0.0275169 
