train_loss: 0.660999 
test_loss: 0.661206 
train_loss: 0.667851 
test_loss: 0.661297 
train_loss: 0.656025 
test_loss: 0.660809 
train_loss: 0.611769 
test_loss: 0.660897 
train_loss: 0.676924 
test_loss: 0.65951 
train_loss: 0.74952 
test_loss: 0.656373 
train_loss: 0.632667 
test_loss: 0.664527 
train_loss: 0.661993 
test_loss: 0.657889 
train_loss: 0.667227 
test_loss: 0.661785 
train_loss: 0.647659 
test_loss: 0.662223 
train_loss: 0.709984 
test_loss: 0.663173 
train_loss: 0.692271 
test_loss: 0.663247 
train_loss: 0.644749 
test_loss: 0.6624 
train_loss: 0.750626 
test_loss: 0.668617 
train_loss: 0.611104 
test_loss: 0.658817 
train_loss: 0.623727 
test_loss: 0.659635 
train_loss: 0.638267 
test_loss: 0.663132 
train_loss: 0.648791 
test_loss: 0.663083 
train_loss: 0.67658 
test_loss: 0.659174 
train_loss: 0.688972 
test_loss: 0.659793 
train_loss: 0.611555 
test_loss: 0.662933 
train_loss: 0.699208 
test_loss: 0.66493 
train_loss: 0.673629 
test_loss: 0.657984 
train_loss: 0.66599 
test_loss: 0.665282 
train_loss: 0.67156 
test_loss: 0.662376 
train_loss: 0.67803 
test_loss: 0.659458 
train_loss: 0.5703 
test_loss: 0.659964 
train_loss: 0.604953 
test_loss: 0.659064 
train_loss: 0.650845 
test_loss: 0.663771 
train_loss: 0.652173 
test_loss: 0.663438 
train_loss: 0.637177 
test_loss: 0.664641 
train_loss: 0.590019 
test_loss: 0.663466 
train_loss: 0.623831 
test_loss: 0.661474 
train_loss: 0.671756 
test_loss: 0.662562 
train_loss: 0.659905 
test_loss: 0.657749 
train_loss: 0.700898 
test_loss: 0.667115 
train_loss: 0.642565 
test_loss: 0.66444 
train_loss: 0.726889 
test_loss: 0.658578 
train_loss: 0.629627 
test_loss: 0.660962 
train_loss: 0.675953 
test_loss: 0.662311 
train_loss: 0.653482 
test_loss: 0.660751 
train_loss: 0.636591 
test_loss: 0.661076 
train_loss: 0.684996 
test_loss: 0.665342 
train_loss: 0.648683 
test_loss: 0.660548 
train_loss: 0.706727 
test_loss: 0.660021 
train_loss: 0.653394 
test_loss: 0.663224 
train_loss: 0.612736 
test_loss: 0.663104 
train_loss: 0.648548 
test_loss: 0.660932 
train_loss: 0.590319 
test_loss: 0.66573 
train_loss: 0.666767 
test_loss: 0.660403 
train_loss: 0.719291 
test_loss: 0.663509 
train_loss: 0.714197 
test_loss: 0.665675 
train_loss: 0.67133 
test_loss: 0.662848 
train_loss: 0.664701 
test_loss: 0.664021 
train_loss: 0.664474 
test_loss: 0.660834 
train_loss: 0.700988 
test_loss: 0.661311 
train_loss: 0.640323 
test_loss: 0.663679 
train_loss: 0.646097 
test_loss: 0.661957 
train_loss: 0.611837 
test_loss: 0.657409 
train_loss: 0.671776 
test_loss: 0.662991 
train_loss: 0.691265 
test_loss: 0.661991 
train_loss: 0.56351 
test_loss: 0.664629 
train_loss: 0.629128 
test_loss: 0.660137 
train_loss: 0.594725 
test_loss: 0.660598 
train_loss: 0.66627 
test_loss: 0.663987 
train_loss: 0.601943 
test_loss: 0.662828 
train_loss: 0.658775 
test_loss: 0.661057 
train_loss: 0.649053 
test_loss: 0.666861 
train_loss: 0.684277 
test_loss: 0.659809 
train_loss: 0.674634 
test_loss: 0.659142 
train_loss: 0.668349 
test_loss: 0.657796 
train_loss: 0.659965 
test_loss: 0.663858 
train_loss: 0.649528 
test_loss: 0.661449 
train_loss: 0.669107 
test_loss: 0.663782 
train_loss: 0.674017 
test_loss: 0.665149 
train_loss: 0.676991 
test_loss: 0.662505 
train_loss: 0.75286 
test_loss: 0.662862 
train_loss: 0.671084 
test_loss: 0.663216 
train_loss: 0.657873 
test_loss: 0.662062 
train_loss: 0.663027 
test_loss: 0.662855 
train_loss: 0.670176 
test_loss: 0.663522 
train_loss: 0.708176 
test_loss: 0.667939 
train_loss: 0.747996 
test_loss: 0.663698 
train_loss: 0.614234 
test_loss: 0.658799 
train_loss: 0.681035 
test_loss: 0.661723 
train_loss: 0.622806 
test_loss: 0.658629 
train_loss: 0.654733 
test_loss: 0.661026 
train_loss: 0.595579 
test_loss: 0.661135 
train_loss: 0.705504 
test_loss: 0.659792 
train_loss: 0.678982 
test_loss: 0.660841 
train_loss: 0.646085 
test_loss: 0.662269 
train_loss: 0.64351 
test_loss: 0.664465 
train_loss: 0.641282 
test_loss: 0.662255 
train_loss: 0.666437 
test_loss: 0.660816 
train_loss: 0.713111 
test_loss: 0.664137 
train_loss: 0.611594 
test_loss: 0.662066 
train_loss: 0.656381 
test_loss: 0.657884 
train_loss: 0.673232 
test_loss: 0.657198 
train_loss: 0.667269 
test_loss: 0.66435 
train_loss: 0.652632 
test_loss: 0.658328 
train_loss: 0.564128 
test_loss: 0.660424 
train_loss: 0.596546 
test_loss: 0.665367 
train_loss: 0.676096 
test_loss: 0.662613 
train_loss: 0.704972 
test_loss: 0.658299 
train_loss: 0.656988 
test_loss: 0.660097 
train_loss: 0.722741 
test_loss: 0.66302 
train_loss: 0.675901 
test_loss: 0.660015 
train_loss: 0.683815 
test_loss: 0.657987 
train_loss: 0.613963 
test_loss: 0.660228 
train_loss: 0.798899 
test_loss: 0.659548 
train_loss: 0.661502 
test_loss: 0.657872 
train_loss: 0.599589 
test_loss: 0.658434 
train_loss: 0.709738 
test_loss: 0.659436 
train_loss: 0.707764 
test_loss: 0.659495 
train_loss: 0.763765 
test_loss: 0.660266 
train_loss: 0.599474 
test_loss: 0.663852 
train_loss: 0.640326 
test_loss: 0.661265 
train_loss: 0.610102 
test_loss: 0.655104 
train_loss: 0.657697 
test_loss: 0.65714 
train_loss: 0.594699 
test_loss: 0.656989 
train_loss: 0.621924 
test_loss: 0.661672 
train_loss: 0.627354 
test_loss: 0.659936 
train_loss: 0.638149 
test_loss: 0.658017 
train_loss: 0.700887 
test_loss: 0.654385 
train_loss: 0.621289 
test_loss: 0.654488 
train_loss: 0.675549 
test_loss: 0.658568 
train_loss: 0.66127 
test_loss: 0.65349 
train_loss: 0.630889 
test_loss: 0.655975 
train_loss: 0.672755 
test_loss: 0.652916 
train_loss: 0.59542 
test_loss: 0.654699 
train_loss: 0.675714 
test_loss: 0.653316 
train_loss: 0.651213 
test_loss: 0.653618 
train_loss: 0.691208 
test_loss: 0.653889 
train_loss: 0.646016 
test_loss: 0.65398 
train_loss: 0.635098 
test_loss: 0.656013 
train_loss: 0.602366 
test_loss: 0.655994 
train_loss: 0.602834 
test_loss: 0.65123 
train_loss: 0.673486 
test_loss: 0.653234 
train_loss: 0.636154 
test_loss: 0.653842 
train_loss: 0.579427 
test_loss: 0.651868 
train_loss: 0.627987 
test_loss: 0.652174 
train_loss: 0.643636 
test_loss: 0.653479 
train_loss: 0.588215 
test_loss: 0.651378 
train_loss: 0.669764 
test_loss: 0.650921 
train_loss: 0.580232 
test_loss: 0.648044 
train_loss: 0.591528 
test_loss: 0.650137 
train_loss: 0.660723 
test_loss: 0.648361 
train_loss: 0.628379 
test_loss: 0.645131 
train_loss: 0.579741 
test_loss: 0.645296 
train_loss: 0.633058 
test_loss: 0.643356 
train_loss: 0.67695 
test_loss: 0.644533 
train_loss: 0.642279 
test_loss: 0.644487 
train_loss: 0.621699 
test_loss: 0.642985 
train_loss: 0.664411 
test_loss: 0.640111 
train_loss: 0.689806 
test_loss: 0.638032 
train_loss: 0.630534 
test_loss: 0.637671 
train_loss: 0.64326 
test_loss: 0.637726 
train_loss: 0.638416 
test_loss: 0.637929 
train_loss: 0.621354 
test_loss: 0.632603 
train_loss: 0.575367 
test_loss: 0.635799 
train_loss: 0.61016 
test_loss: 0.630939 
train_loss: 0.617785 
test_loss: 0.632162 
train_loss: 0.592028 
test_loss: 0.628313 
train_loss: 0.6028 
test_loss: 0.628568 
train_loss: 0.688132 
test_loss: 0.628728 
train_loss: 0.623366 
test_loss: 0.624556 
train_loss: 0.615317 
test_loss: 0.624186 
train_loss: 0.645362 
test_loss: 0.621733 
train_loss: 0.623732 
test_loss: 0.618291 
train_loss: 0.665937 
test_loss: 0.618966 
train_loss: 0.640433 
test_loss: 0.614277 
train_loss: 0.556526 
test_loss: 0.612051 
train_loss: 0.671271 
test_loss: 0.611871 
train_loss: 0.651744 
test_loss: 0.609015 
train_loss: 0.603237 
test_loss: 0.607167 
train_loss: 0.634822 
test_loss: 0.607536 
train_loss: 0.63779 
test_loss: 0.605009 
train_loss: 0.599161 
test_loss: 0.60171 
train_loss: 0.621881 
test_loss: 0.599669 
train_loss: 0.578881 
test_loss: 0.599455 
train_loss: 0.561193 
test_loss: 0.59692 
train_loss: 0.616899 
test_loss: 0.595074 
train_loss: 0.542818 
test_loss: 0.595252 
train_loss: 0.558432 
test_loss: 0.592117 
train_loss: 0.613813 
test_loss: 0.589936 
train_loss: 0.587402 
test_loss: 0.589619 
train_loss: 0.598458 
test_loss: 0.588786 
train_loss: 0.578334 
test_loss: 0.588231 
train_loss: 0.560096 
test_loss: 0.586118 
train_loss: 0.624834 
test_loss: 0.583643 
train_loss: 0.554729 
test_loss: 0.584647 
train_loss: 0.596373 
test_loss: 0.582976 
train_loss: 0.618392 
test_loss: 0.583203 
train_loss: 0.590416 
test_loss: 0.582148 
train_loss: 0.59238 
test_loss: 0.582093 
train_loss: 0.562852 
test_loss: 0.580154 
train_loss: 0.609793 
test_loss: 0.582419 
train_loss: 0.586009 
test_loss: 0.580951 
train_loss: 0.609327 
test_loss: 0.578609 
train_loss: 0.511234 
test_loss: 0.578246 
train_loss: 0.580889 
test_loss: 0.576567 
train_loss: 0.558978 
test_loss: 0.576219 
train_loss: 0.584002 
test_loss: 0.576642 
train_loss: 0.549149 
test_loss: 0.576516 
train_loss: 0.574499 
test_loss: 0.577027 
train_loss: 0.533174 
test_loss: 0.57266 
train_loss: 0.576078 
test_loss: 0.570504 
train_loss: 0.579579 
test_loss: 0.571423 
train_loss: 0.574959 
test_loss: 0.570239 
train_loss: 0.540916 
test_loss: 0.571337 
train_loss: 0.561853 
test_loss: 0.567952 
train_loss: 0.567056 
test_loss: 0.567876 
train_loss: 0.544247 
test_loss: 0.563261 
train_loss: 0.508744 
test_loss: 0.56186 
train_loss: 0.552939 
test_loss: 0.561274 
train_loss: 0.535289 
test_loss: 0.559292 
train_loss: 0.527412 
test_loss: 0.556301 
train_loss: 0.523345 
test_loss: 0.554719 
train_loss: 0.593453 
test_loss: 0.549498 
train_loss: 0.530783 
test_loss: 0.548386 
train_loss: 0.528597 
test_loss: 0.54237 
train_loss: 0.550971 
test_loss: 0.541193 
train_loss: 0.532406 
test_loss: 0.534244 
train_loss: 0.560826 
test_loss: 0.529733 
train_loss: 0.522335 
test_loss: 0.524796 
train_loss: 0.518758 
test_loss: 0.516882 
train_loss: 0.537589 
test_loss: 0.510982 
train_loss: 0.506093 
test_loss: 0.501842 
train_loss: 0.481094 
test_loss: 0.493097 
train_loss: 0.476931 
test_loss: 0.483141 
train_loss: 0.465428 
test_loss: 0.471972 
train_loss: 0.444062 
test_loss: 0.458774 
train_loss: 0.451138 
test_loss: 0.44674 
train_loss: 0.457832 
test_loss: 0.433635 
train_loss: 0.421528 
test_loss: 0.420932 
train_loss: 0.424554 
test_loss: 0.407032 
train_loss: 0.405897 
test_loss: 0.39604 
train_loss: 0.370588 
test_loss: 0.383972 
train_loss: 0.379588 
test_loss: 0.371985 
train_loss: 0.347491 
test_loss: 0.359133 
train_loss: 0.353934 
test_loss: 0.348529 
train_loss: 0.3302 
test_loss: 0.338258 
train_loss: 0.322414 
test_loss: 0.327154 
train_loss: 0.303951 
test_loss: 0.31727 
train_loss: 0.297534 
test_loss: 0.307835 
train_loss: 0.296704 
test_loss: 0.298716 
train_loss: 0.295257 
test_loss: 0.289594 
train_loss: 0.283362 
test_loss: 0.281204 
train_loss: 0.276966 
test_loss: 0.273043 
train_loss: 0.263455 
test_loss: 0.265106 
train_loss: 0.266172 
test_loss: 0.257754 
train_loss: 0.255116 
test_loss: 0.251162 
train_loss: 0.242352 
test_loss: 0.243661 
train_loss: 0.237506 
test_loss: 0.236864 
train_loss: 0.233177 
test_loss: 0.229422 
train_loss: 0.215053 
test_loss: 0.222825 
train_loss: 0.213364 
test_loss: 0.21547 
train_loss: 0.206152 
test_loss: 0.209055 
train_loss: 0.202121 
test_loss: 0.202465 
train_loss: 0.193456 
test_loss: 0.195579 
train_loss: 0.183002 
test_loss: 0.189695 
train_loss: 0.179938 
test_loss: 0.183519 
train_loss: 0.172564 
test_loss: 0.17788 
train_loss: 0.171943 
test_loss: 0.171935 
train_loss: 0.163084 
test_loss: 0.16653 
train_loss: 0.161823 
test_loss: 0.161239 
train_loss: 0.155443 
test_loss: 0.15647 
train_loss: 0.151436 
test_loss: 0.151599 
train_loss: 0.150056 
test_loss: 0.146963 
train_loss: 0.147604 
test_loss: 0.142435 
train_loss: 0.135234 
test_loss: 0.137826 
train_loss: 0.131356 
test_loss: 0.134188 
train_loss: 0.128135 
test_loss: 0.130408 
train_loss: 0.124837 
test_loss: 0.126989 
train_loss: 0.120022 
test_loss: 0.123809 
train_loss: 0.119455 
test_loss: 0.120919 
train_loss: 0.118262 
test_loss: 0.118394 
train_loss: 0.114433 
test_loss: 0.116012 
train_loss: 0.108418 
test_loss: 0.113779 
train_loss: 0.114136 
test_loss: 0.111632 
train_loss: 0.11011 
test_loss: 0.109827 
train_loss: 0.105152 
test_loss: 0.108502 
train_loss: 0.102517 
test_loss: 0.106891 
train_loss: 0.101594 
test_loss: 0.10557 
train_loss: 0.102734 
test_loss: 0.104984 
train_loss: 0.104554 
test_loss: 0.103476 
train_loss: 0.104927 
test_loss: 0.102744 
train_loss: 0.100359 
test_loss: 0.101979 
train_loss: 0.0989065 
test_loss: 0.10094 
train_loss: 0.100173 
test_loss: 0.0999949 
train_loss: 0.0989064 
test_loss: 0.0997699 
train_loss: 0.0965977 
test_loss: 0.0992507 
train_loss: 0.0918435 
test_loss: 0.0986248 
train_loss: 0.09245 
test_loss: 0.0977494 
train_loss: 0.0966297 
test_loss: 0.0973762 
train_loss: 0.0947611 
test_loss: 0.0969156 
train_loss: 0.0939494 
test_loss: 0.096608 
train_loss: 0.097616 
test_loss: 0.0963833 
train_loss: 0.0954173 
test_loss: 0.0958935 
train_loss: 0.0964358 
test_loss: 0.095424 
train_loss: 0.0932466 
test_loss: 0.0951398 
train_loss: 0.0965016 
test_loss: 0.0948683 
train_loss: 0.0920946 
test_loss: 0.094313 
train_loss: 0.0966897 
test_loss: 0.0940225 
train_loss: 0.0902841 
test_loss: 0.093702 
train_loss: 0.0908485 
test_loss: 0.0931549 
train_loss: 0.0914232 
test_loss: 0.0925242 
train_loss: 0.0911378 
test_loss: 0.0921115 
train_loss: 0.0957748 
test_loss: 0.0910914 
train_loss: 0.0886848 
test_loss: 0.0899179 
train_loss: 0.0883124 
test_loss: 0.0884927 
train_loss: 0.0862556 
test_loss: 0.0866486 
train_loss: 0.0839214 
test_loss: 0.0850281 
train_loss: 0.081121 
test_loss: 0.0826251 
train_loss: 0.0800266 
test_loss: 0.0802121 
train_loss: 0.0752865 
test_loss: 0.0776087 
train_loss: 0.0741855 
test_loss: 0.0754154 
train_loss: 0.0736126 
test_loss: 0.0726274 
train_loss: 0.0702086 
test_loss: 0.0702752 
train_loss: 0.0668683 
test_loss: 0.0677017 
train_loss: 0.0664388 
test_loss: 0.0657889 
train_loss: 0.064627 
test_loss: 0.0641012 
train_loss: 0.0637912 
test_loss: 0.0627948 
train_loss: 0.0622513 
test_loss: 0.0612137 
train_loss: 0.0600523 
test_loss: 0.0590552 
train_loss: 0.057994 
test_loss: 0.0570856 
train_loss: 0.0555662 
test_loss: 0.0556341 
train_loss: 0.055289 
test_loss: 0.0543243 
train_loss: 0.0533292 
test_loss: 0.0528606 
train_loss: 0.0505074 
test_loss: 0.0518409 
train_loss: 0.0510034 
test_loss: 0.0509565 
train_loss: 0.0493539 
test_loss: 0.0502265 
train_loss: 0.0505162 
test_loss: 0.0491196 
train_loss: 0.0477584 
test_loss: 0.0481703 
train_loss: 0.0478516 
test_loss: 0.0474541 
train_loss: 0.0466934 
test_loss: 0.0466852 
train_loss: 0.0463356 
test_loss: 0.0459947 
train_loss: 0.0461086 
test_loss: 0.0453927 
train_loss: 0.0464653 
test_loss: 0.0450127 
train_loss: 0.0451139 
test_loss: 0.0442582 
train_loss: 0.0459895 
test_loss: 0.0440508 
train_loss: 0.0425994 
test_loss: 0.0435388 
train_loss: 0.0407426 
test_loss: 0.0429539 
train_loss: 0.0412636 
test_loss: 0.0417551 
train_loss: 0.0430349 
test_loss: 0.0410701 
train_loss: 0.0392034 
test_loss: 0.0401037 
train_loss: 0.0401716 
test_loss: 0.0397595 
train_loss: 0.0387769 
test_loss: 0.0381852 
train_loss: 0.0368155 
test_loss: 0.0373754 
train_loss: 0.0362827 
test_loss: 0.0366012 
train_loss: 0.0355163 
test_loss: 0.0358924 
train_loss: 0.0341575 
test_loss: 0.0349997 
train_loss: 0.0348008 
test_loss: 0.0340388 
train_loss: 0.0326142 
test_loss: 0.0332081 
train_loss: 0.0320556 
test_loss: 0.0323602 
train_loss: 0.0329316 
test_loss: 0.0319393 
train_loss: 0.0305927 
test_loss: 0.0317785 
train_loss: 0.0307103 
test_loss: 0.0299538 
train_loss: 0.0297958 
test_loss: 0.0299399 
train_loss: 0.0301991 
test_loss: 0.0291527 
train_loss: 0.0285826 
test_loss: 0.0289829 
train_loss: 0.0287972 
test_loss: 0.0287204 
train_loss: 0.0278199 
test_loss: 0.0278624 
train_loss: 0.0293437 
test_loss: 0.0299108 
train_loss: 0.0271495 
test_loss: 0.0276517 
train_loss: 0.0270521 
test_loss: 0.0274772 
train_loss: 0.0286516 
test_loss: 0.0272557 
train_loss: 0.0262518 
test_loss: 0.026963 
train_loss: 0.0271501 
test_loss: 0.0270475 
train_loss: 0.0275686 
test_loss: 0.0260108 
train_loss: 0.0296295 
test_loss: 0.0264856 
train_loss: 0.0264823 
test_loss: 0.0267393 
train_loss: 0.0252203 
test_loss: 0.0260901 
train_loss: 0.024238 
test_loss: 0.0262482 
train_loss: 0.0245369 
test_loss: 0.0255697 
train_loss: 0.0240453 
test_loss: 0.0249934 
train_loss: 0.0251353 
test_loss: 0.0255049 
train_loss: 0.0249941 
test_loss: 0.026074 
train_loss: 0.025312 
test_loss: 0.0261538 
train_loss: 0.0249465 
test_loss: 0.0251207 
train_loss: 0.0257876 
test_loss: 0.0254742 
train_loss: 0.0252293 
test_loss: 0.0248596 
train_loss: 0.024317 
test_loss: 0.0245526 
train_loss: 0.0233367 
test_loss: 0.0240539 
train_loss: 0.0245356 
test_loss: 0.0244362 
train_loss: 0.0234541 
test_loss: 0.0243559 
train_loss: 0.0248754 
test_loss: 0.0256105 
train_loss: 0.022523 
test_loss: 0.0241784 
train_loss: 0.0246874 
test_loss: 0.0244019 
train_loss: 0.0253521 
test_loss: 0.0244501 
train_loss: 0.0231229 
test_loss: 0.0236619 
train_loss: 0.0225802 
test_loss: 0.0242513 
train_loss: 0.024476 
test_loss: 0.0248786 
train_loss: 0.0225116 
test_loss: 0.0234981 
train_loss: 0.0247196 
test_loss: 0.0247262 
