train_loss: 0.051067 
test_loss: 0.049843 
train_loss: 0.030163 
test_loss: 0.030090 
train_loss: 0.021202 
test_loss: 0.021116 
train_loss: 0.019172 
test_loss: 0.018889 
train_loss: 0.017371 
test_loss: 0.017341 
train_loss: 0.017195 
test_loss: 0.017236 
train_loss: 0.016540 
test_loss: 0.016291 
train_loss: 0.016206 
test_loss: 0.015990 
train_loss: 0.015926 
test_loss: 0.015632 
train_loss: 0.015165 
test_loss: 0.015449 
train_loss: 0.015212 
test_loss: 0.014602 
train_loss: 0.013748 
test_loss: 0.013862 
train_loss: 0.014215 
test_loss: 0.013678 
train_loss: 0.013595 
test_loss: 0.014070 
train_loss: 0.012244 
test_loss: 0.012327 
train_loss: 0.012473 
test_loss: 0.011792 
train_loss: 0.012035 
test_loss: 0.011816 
train_loss: 0.010104 
test_loss: 0.009948 
train_loss: 0.010529 
test_loss: 0.009885 
train_loss: 0.009497 
test_loss: 0.009427 
train_loss: 0.009362 
test_loss: 0.009959 
train_loss: 0.008445 
test_loss: 0.008534 
train_loss: 0.008645 
test_loss: 0.009055 
train_loss: 0.008648 
test_loss: 0.009303 
train_loss: 0.007303 
test_loss: 0.008160 
train_loss: 0.007881 
test_loss: 0.007963 
train_loss: 0.007306 
test_loss: 0.007571 
train_loss: 0.006989 
test_loss: 0.008239 
train_loss: 0.007422 
test_loss: 0.007605 
train_loss: 0.006772 
test_loss: 0.007425 
train_loss: 0.007203 
test_loss: 0.006535 
train_loss: 0.007415 
test_loss: 0.007752 
train_loss: 0.006276 
test_loss: 0.006556 
train_loss: 0.005978 
test_loss: 0.006099 
train_loss: 0.007529 
test_loss: 0.007495 
train_loss: 0.007606 
test_loss: 0.006775 
train_loss: 0.006479 
test_loss: 0.006828 
train_loss: 0.006063 
test_loss: 0.005812 
train_loss: 0.005938 
test_loss: 0.006591 
train_loss: 0.006974 
test_loss: 0.006697 
train_loss: 0.006467 
test_loss: 0.006490 
