train_loss: 0.558178 
test_loss: 0.521421 
train_loss: 0.529557 
test_loss: 0.518717 
train_loss: 0.525086 
test_loss: 0.518782 
train_loss: 0.516282 
test_loss: 0.51874 
train_loss: 0.516974 
test_loss: 0.518678 
train_loss: 0.53908 
test_loss: 0.518735 
train_loss: 0.51258 
test_loss: 0.51873 
train_loss: 0.524363 
test_loss: 0.518691 
train_loss: 0.513432 
test_loss: 0.518788 
train_loss: 0.521372 
test_loss: 0.518751 
train_loss: 0.519404 
test_loss: 0.518687 
train_loss: 0.513411 
test_loss: 0.518689 
train_loss: 0.540741 
test_loss: 0.518716 
train_loss: 0.520063 
test_loss: 0.518724 
train_loss: 0.544643 
test_loss: 0.518713 
train_loss: 0.531214 
test_loss: 0.518704 
train_loss: 0.516926 
test_loss: 0.518792 
train_loss: 0.519345 
test_loss: 0.518754 
train_loss: 0.517621 
test_loss: 0.518704 
train_loss: 0.519217 
test_loss: 0.518615 
train_loss: 0.543312 
test_loss: 0.51874 
