train_loss: 0.054128 
test_loss: 0.053237 
train_loss: 0.035478 
test_loss: 0.035173 
train_loss: 0.023727 
test_loss: 0.023235 
train_loss: 0.019213 
test_loss: 0.019193 
train_loss: 0.018640 
test_loss: 0.018265 
train_loss: 0.017936 
test_loss: 0.018277 
train_loss: 0.017420 
test_loss: 0.017126 
train_loss: 0.017136 
test_loss: 0.017476 
train_loss: 0.016917 
test_loss: 0.016934 
train_loss: 0.016683 
test_loss: 0.017261 
train_loss: 0.016316 
test_loss: 0.017019 
train_loss: 0.016279 
test_loss: 0.016458 
train_loss: 0.017785 
test_loss: 0.017221 
train_loss: 0.016290 
test_loss: 0.016128 
train_loss: 0.016046 
test_loss: 0.016082 
train_loss: 0.016257 
test_loss: 0.016806 
train_loss: 0.015804 
test_loss: 0.016374 
train_loss: 0.015555 
test_loss: 0.015784 
train_loss: 0.015520 
test_loss: 0.016032 
train_loss: 0.016249 
test_loss: 0.016031 
train_loss: 0.015154 
test_loss: 0.015671 
train_loss: 0.015071 
test_loss: 0.015541 
train_loss: 0.015521 
test_loss: 0.015094 
train_loss: 0.014975 
test_loss: 0.015721 
train_loss: 0.014337 
test_loss: 0.014660 
train_loss: 0.013965 
test_loss: 0.014494 
train_loss: 0.014517 
test_loss: 0.014424 
train_loss: 0.013713 
test_loss: 0.013930 
train_loss: 0.013902 
test_loss: 0.014142 
train_loss: 0.013021 
test_loss: 0.013179 
train_loss: 0.012427 
test_loss: 0.013189 
train_loss: 0.012264 
test_loss: 0.012469 
train_loss: 0.011449 
test_loss: 0.011588 
train_loss: 0.011320 
test_loss: 0.012290 
train_loss: 0.011255 
test_loss: 0.011820 
train_loss: 0.011426 
test_loss: 0.010953 
train_loss: 0.011320 
test_loss: 0.010862 
train_loss: 0.010608 
test_loss: 0.013013 
train_loss: 0.010721 
test_loss: 0.010158 
train_loss: 0.009472 
test_loss: 0.009948 
train_loss: 0.009810 
test_loss: 0.009774 
train_loss: 0.009960 
test_loss: 0.009595 
train_loss: 0.009529 
test_loss: 0.009710 
train_loss: 0.008365 
test_loss: 0.008303 
train_loss: 0.008450 
test_loss: 0.009209 
train_loss: 0.008780 
test_loss: 0.008801 
train_loss: 0.008334 
test_loss: 0.008037 
train_loss: 0.008650 
test_loss: 0.008765 
train_loss: 0.008185 
test_loss: 0.008465 
train_loss: 0.007691 
test_loss: 0.008364 
train_loss: 0.007627 
test_loss: 0.008181 
train_loss: 0.008804 
test_loss: 0.008138 
train_loss: 0.008452 
test_loss: 0.008319 
train_loss: 0.007255 
test_loss: 0.007340 
train_loss: 0.007170 
test_loss: 0.007231 
train_loss: 0.007331 
test_loss: 0.007692 
train_loss: 0.007580 
test_loss: 0.007755 
train_loss: 0.007105 
test_loss: 0.006743 
train_loss: 0.006977 
test_loss: 0.006735 
train_loss: 0.006757 
test_loss: 0.007766 
train_loss: 0.007349 
test_loss: 0.007016 
train_loss: 0.006926 
test_loss: 0.006602 
train_loss: 0.007314 
test_loss: 0.007003 
train_loss: 0.006263 
test_loss: 0.006187 
train_loss: 0.007140 
test_loss: 0.007416 
train_loss: 0.006717 
test_loss: 0.006668 
train_loss: 0.006127 
test_loss: 0.006267 
train_loss: 0.006131 
test_loss: 0.006829 
train_loss: 0.006218 
test_loss: 0.006181 
train_loss: 0.006368 
test_loss: 0.006423 
train_loss: 0.006099 
test_loss: 0.006181 
train_loss: 0.006329 
test_loss: 0.006625 
train_loss: 0.005961 
test_loss: 0.006024 
train_loss: 0.006864 
test_loss: 0.007000 
train_loss: 0.006849 
test_loss: 0.006193 
train_loss: 0.006833 
test_loss: 0.006403 
train_loss: 0.005795 
test_loss: 0.006204 
train_loss: 0.006322 
test_loss: 0.006759 
train_loss: 0.006173 
test_loss: 0.006067 
train_loss: 0.006716 
test_loss: 0.006699 
train_loss: 0.006020 
test_loss: 0.005476 
train_loss: 0.005917 
test_loss: 0.005694 
train_loss: 0.005368 
test_loss: 0.005484 
train_loss: 0.006110 
test_loss: 0.005935 
train_loss: 0.007084 
test_loss: 0.006962 
train_loss: 0.006150 
test_loss: 0.005740 
train_loss: 0.005942 
test_loss: 0.006045 
train_loss: 0.006060 
test_loss: 0.006136 
train_loss: 0.005700 
test_loss: 0.006181 
train_loss: 0.006117 
test_loss: 0.006101 
train_loss: 0.005741 
test_loss: 0.006128 
