train_loss: 0.075450 
test_loss: 0.075619 
train_loss: 0.063910 
test_loss: 0.061568 
train_loss: 0.049988 
test_loss: 0.050718 
train_loss: 0.046132 
test_loss: 0.047004 
train_loss: 0.044843 
test_loss: 0.045434 
train_loss: 0.042038 
test_loss: 0.043405 
train_loss: 0.042400 
test_loss: 0.042120 
train_loss: 0.038725 
test_loss: 0.039077 
train_loss: 0.034513 
test_loss: 0.035165 
train_loss: 0.032488 
test_loss: 0.032098 
train_loss: 0.028305 
test_loss: 0.028337 
train_loss: 0.025261 
test_loss: 0.025329 
train_loss: 0.023361 
test_loss: 0.023161 
train_loss: 0.020872 
test_loss: 0.021252 
train_loss: 0.020322 
test_loss: 0.021084 
train_loss: 0.019058 
test_loss: 0.019579 
train_loss: 0.017863 
test_loss: 0.018327 
train_loss: 0.017551 
test_loss: 0.017649 
train_loss: 0.017588 
test_loss: 0.016489 
train_loss: 0.017198 
test_loss: 0.016466 
train_loss: 0.014751 
test_loss: 0.016090 
train_loss: 0.016467 
test_loss: 0.016302 
train_loss: 0.014895 
test_loss: 0.016047 
train_loss: 0.014524 
test_loss: 0.015221 
train_loss: 0.014461 
test_loss: 0.014741 
train_loss: 0.014018 
test_loss: 0.014283 
train_loss: 0.014752 
test_loss: 0.013979 
train_loss: 0.013382 
test_loss: 0.013844 
train_loss: 0.013517 
test_loss: 0.014939 
train_loss: 0.013351 
test_loss: 0.014216 
train_loss: 0.013128 
test_loss: 0.012893 
train_loss: 0.012911 
test_loss: 0.013511 
train_loss: 0.012506 
test_loss: 0.013006 
train_loss: 0.012319 
test_loss: 0.012496 
train_loss: 0.012901 
test_loss: 0.012845 
train_loss: 0.011597 
test_loss: 0.012694 
train_loss: 0.011747 
test_loss: 0.011782 
train_loss: 0.011488 
test_loss: 0.011936 
train_loss: 0.013830 
test_loss: 0.012818 
train_loss: 0.011150 
test_loss: 0.011672 
train_loss: 0.011218 
test_loss: 0.011861 
train_loss: 0.010743 
test_loss: 0.011097 
train_loss: 0.010781 
test_loss: 0.011782 
train_loss: 0.010856 
test_loss: 0.011041 
train_loss: 0.010500 
test_loss: 0.011138 
train_loss: 0.011346 
test_loss: 0.011267 
train_loss: 0.010095 
test_loss: 0.010618 
train_loss: 0.011000 
test_loss: 0.010414 
train_loss: 0.011334 
test_loss: 0.010774 
train_loss: 0.010140 
test_loss: 0.010736 
train_loss: 0.010393 
test_loss: 0.010604 
train_loss: 0.010301 
test_loss: 0.012005 
train_loss: 0.009987 
test_loss: 0.011410 
train_loss: 0.009957 
test_loss: 0.010143 
train_loss: 0.009952 
test_loss: 0.010133 
train_loss: 0.010402 
test_loss: 0.010714 
train_loss: 0.009541 
test_loss: 0.011454 
train_loss: 0.009196 
test_loss: 0.009655 
train_loss: 0.009678 
test_loss: 0.009780 
train_loss: 0.009318 
test_loss: 0.010488 
train_loss: 0.009140 
test_loss: 0.010034 
train_loss: 0.010021 
test_loss: 0.009817 
train_loss: 0.009368 
test_loss: 0.009870 
train_loss: 0.009193 
test_loss: 0.009656 
train_loss: 0.008864 
test_loss: 0.009425 
train_loss: 0.009847 
test_loss: 0.009909 
train_loss: 0.009549 
test_loss: 0.009598 
train_loss: 0.009301 
test_loss: 0.010071 
train_loss: 0.008943 
test_loss: 0.009319 
train_loss: 0.010096 
test_loss: 0.009620 
train_loss: 0.009135 
test_loss: 0.009011 
train_loss: 0.009026 
test_loss: 0.009348 
train_loss: 0.008666 
test_loss: 0.008894 
train_loss: 0.009770 
test_loss: 0.009668 
train_loss: 0.008686 
test_loss: 0.008816 
train_loss: 0.008857 
test_loss: 0.008955 
train_loss: 0.009420 
test_loss: 0.008702 
train_loss: 0.008452 
test_loss: 0.008602 
train_loss: 0.009193 
test_loss: 0.009012 
train_loss: 0.008601 
test_loss: 0.008529 
train_loss: 0.009240 
test_loss: 0.009631 
