train_loss: 1.99934 
test_loss: 4.53962 
train_loss: 0.837926 
test_loss: 0.882259 
train_loss: 0.82955 
test_loss: 0.838105 
train_loss: 0.843783 
test_loss: 0.838 
train_loss: 0.844653 
test_loss: 0.837926 
train_loss: 0.832793 
test_loss: 0.837827 
train_loss: 0.832575 
test_loss: 0.837713 
train_loss: 0.844856 
test_loss: 0.837635 
train_loss: 0.838551 
test_loss: 0.83747 
train_loss: 0.837861 
test_loss: 0.837329 
train_loss: 0.848655 
test_loss: 0.837234 
train_loss: 0.849047 
test_loss: 0.837098 
train_loss: 0.848143 
test_loss: 0.836922 
train_loss: 0.829067 
test_loss: 0.836749 
train_loss: 0.835398 
test_loss: 0.836573 
train_loss: 0.846127 
test_loss: 0.836395 
train_loss: 0.824608 
test_loss: 0.836171 
train_loss: 0.838825 
test_loss: 0.836018 
train_loss: 0.831802 
test_loss: 0.835782 
train_loss: 0.844751 
test_loss: 0.835576 
train_loss: 0.833732 
test_loss: 0.835363 
train_loss: 0.834965 
test_loss: 0.835104 
train_loss: 0.847489 
test_loss: 0.834876 
train_loss: 0.829233 
test_loss: 0.834614 
train_loss: 0.836223 
test_loss: 0.834363 
train_loss: 0.828313 
test_loss: 0.834107 
train_loss: 0.82997 
test_loss: 0.833819 
train_loss: 0.838835 
test_loss: 0.833498 
train_loss: 0.840907 
test_loss: 0.833216 
train_loss: 0.830248 
test_loss: 0.832912 
train_loss: 0.8227 
test_loss: 0.832611 
train_loss: 0.835734 
test_loss: 0.832281 
train_loss: 0.834358 
test_loss: 0.83196 
train_loss: 0.83392 
test_loss: 0.831587 
train_loss: 0.838122 
test_loss: 0.831219 
train_loss: 0.839018 
test_loss: 0.830852 
train_loss: 0.823737 
test_loss: 0.8305 
train_loss: 0.835622 
test_loss: 0.830066 
train_loss: 0.839581 
test_loss: 0.829666 
train_loss: 0.834742 
test_loss: 0.829279 
train_loss: 0.829386 
test_loss: 0.828823 
train_loss: 0.827425 
test_loss: 0.82842 
train_loss: 0.825402 
test_loss: 0.827978 
train_loss: 0.841831 
test_loss: 0.827462 
train_loss: 0.829153 
test_loss: 0.827009 
train_loss: 0.833092 
test_loss: 0.826523 
train_loss: 0.818424 
test_loss: 0.825995 
train_loss: 0.82895 
test_loss: 0.825516 
train_loss: 0.826975 
test_loss: 0.824963 
train_loss: 0.820624 
test_loss: 0.824406 
train_loss: 0.826325 
test_loss: 0.823863 
train_loss: 0.820623 
test_loss: 0.82328 
train_loss: 0.822009 
test_loss: 0.822702 
train_loss: 0.818755 
test_loss: 0.8221 
train_loss: 0.830176 
test_loss: 0.821478 
train_loss: 0.822905 
test_loss: 0.820857 
train_loss: 0.819483 
test_loss: 0.820168 
train_loss: 0.812385 
test_loss: 0.819524 
train_loss: 0.82246 
test_loss: 0.818804 
train_loss: 0.811353 
test_loss: 0.818084 
train_loss: 0.828251 
test_loss: 0.817393 
train_loss: 0.818134 
test_loss: 0.816657 
train_loss: 0.81828 
test_loss: 0.815893 
train_loss: 0.816153 
test_loss: 0.815121 
train_loss: 0.831231 
test_loss: 0.814273 
train_loss: 0.805654 
test_loss: 0.813491 
train_loss: 0.811935 
test_loss: 0.812659 
train_loss: 0.817299 
test_loss: 0.811783 
train_loss: 0.821136 
test_loss: 0.810914 
train_loss: 0.81417 
test_loss: 0.809984 
train_loss: 0.799299 
test_loss: 0.809068 
train_loss: 0.813708 
test_loss: 0.808123 
train_loss: 0.802601 
test_loss: 0.807133 
train_loss: 0.800026 
test_loss: 0.806151 
train_loss: 0.812357 
test_loss: 0.80513 
train_loss: 0.805971 
test_loss: 0.804088 
train_loss: 0.806373 
test_loss: 0.803004 
train_loss: 0.791908 
test_loss: 0.801893 
train_loss: 0.794179 
test_loss: 0.800788 
train_loss: 0.783319 
test_loss: 0.799616 
train_loss: 0.79673 
test_loss: 0.798488 
train_loss: 0.787941 
test_loss: 0.797256 
train_loss: 0.8002 
test_loss: 0.796008 
train_loss: 0.795243 
test_loss: 0.79479 
train_loss: 0.808157 
test_loss: 0.793503 
train_loss: 0.79806 
test_loss: 0.792176 
train_loss: 0.78736 
test_loss: 0.790831 
train_loss: 0.791656 
test_loss: 0.789428 
train_loss: 0.794236 
test_loss: 0.788061 
train_loss: 0.785554 
test_loss: 0.786612 
train_loss: 0.787904 
test_loss: 0.78513 
train_loss: 0.780646 
test_loss: 0.783633 
train_loss: 0.778768 
test_loss: 0.782082 
train_loss: 0.786255 
test_loss: 0.780508 
train_loss: 0.776607 
test_loss: 0.778906 
train_loss: 0.773662 
test_loss: 0.777256 
train_loss: 0.768681 
test_loss: 0.775546 
train_loss: 0.763741 
test_loss: 0.773841 
train_loss: 0.768234 
test_loss: 0.772078 
train_loss: 0.776385 
test_loss: 0.770275 
train_loss: 0.774024 
test_loss: 0.768418 
train_loss: 0.770556 
test_loss: 0.766527 
train_loss: 0.768124 
test_loss: 0.764584 
train_loss: 0.754232 
test_loss: 0.762622 
train_loss: 0.76835 
test_loss: 0.760609 
train_loss: 0.752918 
test_loss: 0.758568 
train_loss: 0.762746 
test_loss: 0.756456 
train_loss: 0.764794 
test_loss: 0.754301 
train_loss: 0.744537 
test_loss: 0.752081 
train_loss: 0.740483 
test_loss: 0.749842 
train_loss: 0.746997 
test_loss: 0.74756 
train_loss: 0.730405 
test_loss: 0.745188 
train_loss: 0.732857 
test_loss: 0.742772 
train_loss: 0.733932 
test_loss: 0.740318 
train_loss: 0.739946 
test_loss: 0.737759 
train_loss: 0.742558 
test_loss: 0.735172 
train_loss: 0.734678 
test_loss: 0.732558 
train_loss: 0.73761 
test_loss: 0.729837 
train_loss: 0.726797 
test_loss: 0.727071 
train_loss: 0.724277 
test_loss: 0.724246 
train_loss: 0.716014 
test_loss: 0.721365 
train_loss: 0.722102 
test_loss: 0.718384 
train_loss: 0.724008 
test_loss: 0.715363 
train_loss: 0.704872 
test_loss: 0.712217 
train_loss: 0.710353 
test_loss: 0.709062 
train_loss: 0.715982 
test_loss: 0.705825 
train_loss: 0.690867 
test_loss: 0.702499 
train_loss: 0.701721 
test_loss: 0.699035 
train_loss: 0.691595 
test_loss: 0.695565 
train_loss: 0.690539 
test_loss: 0.692003 
train_loss: 0.680246 
test_loss: 0.688325 
train_loss: 0.686716 
test_loss: 0.684546 
train_loss: 0.689961 
test_loss: 0.680704 
train_loss: 0.679638 
test_loss: 0.67674 
train_loss: 0.671499 
test_loss: 0.67268 
train_loss: 0.677467 
test_loss: 0.668512 
train_loss: 0.666805 
test_loss: 0.66427 
train_loss: 0.663811 
test_loss: 0.659867 
train_loss: 0.664159 
test_loss: 0.655376 
train_loss: 0.657562 
test_loss: 0.650767 
train_loss: 0.642816 
test_loss: 0.646031 
train_loss: 0.644604 
test_loss: 0.641171 
train_loss: 0.63553 
test_loss: 0.636166 
train_loss: 0.643298 
test_loss: 0.63103 
train_loss: 0.623327 
test_loss: 0.625777 
train_loss: 0.619761 
test_loss: 0.620347 
train_loss: 0.623626 
test_loss: 0.61476 
train_loss: 0.608987 
test_loss: 0.609043 
train_loss: 0.598506 
test_loss: 0.603092 
train_loss: 0.604329 
test_loss: 0.597065 
train_loss: 0.581762 
test_loss: 0.590772 
train_loss: 0.579931 
test_loss: 0.584318 
train_loss: 0.579677 
test_loss: 0.577705 
train_loss: 0.579153 
test_loss: 0.570837 
train_loss: 0.565973 
test_loss: 0.56379 
train_loss: 0.560362 
test_loss: 0.556537 
train_loss: 0.545512 
test_loss: 0.549033 
train_loss: 0.546197 
test_loss: 0.541308 
train_loss: 0.539791 
test_loss: 0.533339 
train_loss: 0.526248 
test_loss: 0.525092 
train_loss: 0.50915 
test_loss: 0.516628 
train_loss: 0.507213 
test_loss: 0.507857 
train_loss: 0.491521 
test_loss: 0.498831 
train_loss: 0.496357 
test_loss: 0.489524 
train_loss: 0.478962 
test_loss: 0.479908 
train_loss: 0.461652 
test_loss: 0.470013 
train_loss: 0.458597 
test_loss: 0.459776 
train_loss: 0.445549 
test_loss: 0.449266 
train_loss: 0.434285 
test_loss: 0.438354 
train_loss: 0.418438 
test_loss: 0.427133 
train_loss: 0.40707 
test_loss: 0.415534 
train_loss: 0.404911 
test_loss: 0.403596 
train_loss: 0.395026 
test_loss: 0.391289 
train_loss: 0.378261 
test_loss: 0.378553 
train_loss: 0.373006 
test_loss: 0.365459 
train_loss: 0.354619 
test_loss: 0.351985 
train_loss: 0.328814 
test_loss: 0.338198 
train_loss: 0.32219 
test_loss: 0.324103 
train_loss: 0.305523 
test_loss: 0.309856 
train_loss: 0.297274 
test_loss: 0.295589 
train_loss: 0.282037 
test_loss: 0.281361 
train_loss: 0.269503 
test_loss: 0.267355 
train_loss: 0.253363 
test_loss: 0.25383 
train_loss: 0.240196 
test_loss: 0.240888 
train_loss: 0.230242 
test_loss: 0.2286 
train_loss: 0.214323 
test_loss: 0.217061 
train_loss: 0.205156 
test_loss: 0.20626 
train_loss: 0.19473 
test_loss: 0.196218 
train_loss: 0.187709 
test_loss: 0.186838 
train_loss: 0.178943 
test_loss: 0.178069 
train_loss: 0.170634 
test_loss: 0.169809 
train_loss: 0.16171 
test_loss: 0.161995 
train_loss: 0.158714 
test_loss: 0.154604 
train_loss: 0.146796 
test_loss: 0.147562 
train_loss: 0.140193 
test_loss: 0.140821 
train_loss: 0.133337 
test_loss: 0.134418 
train_loss: 0.128753 
test_loss: 0.128271 
train_loss: 0.122816 
test_loss: 0.122359 
train_loss: 0.116677 
test_loss: 0.116772 
train_loss: 0.109907 
test_loss: 0.111402 
train_loss: 0.105623 
test_loss: 0.106317 
train_loss: 0.100517 
test_loss: 0.101512 
train_loss: 0.0966721 
test_loss: 0.0970089 
train_loss: 0.0922976 
test_loss: 0.0927272 
train_loss: 0.086791 
test_loss: 0.0887563 
train_loss: 0.0848226 
test_loss: 0.0850998 
train_loss: 0.0822851 
test_loss: 0.0817193 
train_loss: 0.0785314 
test_loss: 0.0786655 
train_loss: 0.0743208 
test_loss: 0.0759187 
train_loss: 0.0738937 
test_loss: 0.0734555 
train_loss: 0.0713339 
test_loss: 0.0713077 
train_loss: 0.0685771 
test_loss: 0.0694328 
train_loss: 0.0671003 
test_loss: 0.0677942 
train_loss: 0.0671387 
test_loss: 0.066401 
train_loss: 0.0662715 
test_loss: 0.0651995 
train_loss: 0.0638313 
test_loss: 0.0641979 
train_loss: 0.0649376 
test_loss: 0.0633536 
train_loss: 0.0632982 
test_loss: 0.0626021 
train_loss: 0.0626654 
test_loss: 0.061973 
train_loss: 0.0621479 
test_loss: 0.0614618 
train_loss: 0.0618676 
test_loss: 0.0609858 
train_loss: 0.0598688 
test_loss: 0.0605729 
train_loss: 0.0601566 
test_loss: 0.0602565 
train_loss: 0.0593729 
test_loss: 0.059903 
train_loss: 0.0600574 
test_loss: 0.0596793 
train_loss: 0.0593304 
test_loss: 0.0594392 
train_loss: 0.0600363 
test_loss: 0.059227 
train_loss: 0.0593139 
test_loss: 0.0590521 
train_loss: 0.0592009 
test_loss: 0.0588983 
train_loss: 0.0574665 
test_loss: 0.0587933 
train_loss: 0.0587469 
test_loss: 0.0586206 
train_loss: 0.0591161 
test_loss: 0.0584919 
train_loss: 0.0586439 
test_loss: 0.0583591 
train_loss: 0.0575684 
test_loss: 0.0582585 
train_loss: 0.0578222 
test_loss: 0.0581822 
train_loss: 0.0591418 
test_loss: 0.0580646 
train_loss: 0.0595853 
test_loss: 0.057997 
train_loss: 0.0590089 
test_loss: 0.0579182 
train_loss: 0.0576248 
test_loss: 0.057868 
train_loss: 0.0579012 
test_loss: 0.057769 
train_loss: 0.057716 
test_loss: 0.0576955 
train_loss: 0.0570962 
test_loss: 0.0576269 
train_loss: 0.0573088 
test_loss: 0.0575338 
train_loss: 0.0575263 
test_loss: 0.0575119 
train_loss: 0.057659 
test_loss: 0.0573885 
train_loss: 0.0560407 
test_loss: 0.0573266 
train_loss: 0.0585118 
test_loss: 0.0572269 
train_loss: 0.0570807 
test_loss: 0.05718 
train_loss: 0.0576916 
test_loss: 0.0571659 
train_loss: 0.0559718 
test_loss: 0.0570634 
train_loss: 0.0575066 
test_loss: 0.0569304 
train_loss: 0.056426 
test_loss: 0.0569056 
train_loss: 0.0576959 
test_loss: 0.0568263 
train_loss: 0.054883 
test_loss: 0.0567268 
train_loss: 0.0557223 
test_loss: 0.0566523 
train_loss: 0.056862 
test_loss: 0.0566245 
train_loss: 0.0567359 
test_loss: 0.0564959 
train_loss: 0.0581882 
test_loss: 0.056411 
train_loss: 0.0564242 
test_loss: 0.056373 
train_loss: 0.058837 
test_loss: 0.0562203 
train_loss: 0.057263 
test_loss: 0.0561439 
train_loss: 0.057962 
test_loss: 0.0560423 
train_loss: 0.0556306 
test_loss: 0.0559156 
train_loss: 0.0553878 
test_loss: 0.0557895 
train_loss: 0.055548 
test_loss: 0.0557047 
train_loss: 0.055209 
test_loss: 0.0556362 
train_loss: 0.0560206 
test_loss: 0.0556202 
train_loss: 0.0553117 
test_loss: 0.0553195 
train_loss: 0.0543041 
test_loss: 0.0551694 
train_loss: 0.0558361 
test_loss: 0.0550682 
train_loss: 0.05601 
test_loss: 0.0549935 
train_loss: 0.0552823 
test_loss: 0.054844 
train_loss: 0.0545483 
test_loss: 0.0546476 
train_loss: 0.0552894 
test_loss: 0.0544429 
train_loss: 0.0540393 
test_loss: 0.0543653 
train_loss: 0.0543521 
test_loss: 0.0540691 
train_loss: 0.055553 
test_loss: 0.0539539 
train_loss: 0.0537462 
test_loss: 0.0537747 
train_loss: 0.0538022 
test_loss: 0.0534898 
train_loss: 0.0526782 
test_loss: 0.0533014 
train_loss: 0.05346 
test_loss: 0.0530538 
train_loss: 0.0540636 
test_loss: 0.0528614 
train_loss: 0.054817 
test_loss: 0.0526561 
train_loss: 0.0532285 
test_loss: 0.0523006 
train_loss: 0.0524966 
test_loss: 0.0521463 
train_loss: 0.0512771 
test_loss: 0.0517686 
train_loss: 0.0512481 
test_loss: 0.0513955 
train_loss: 0.0499324 
test_loss: 0.0511532 
train_loss: 0.0503708 
test_loss: 0.0507562 
train_loss: 0.0502214 
test_loss: 0.0505729 
train_loss: 0.0496647 
test_loss: 0.0500038 
train_loss: 0.0484533 
test_loss: 0.049605 
train_loss: 0.0500987 
test_loss: 0.0493707 
train_loss: 0.0489141 
test_loss: 0.048966 
train_loss: 0.0480416 
test_loss: 0.0482776 
train_loss: 0.0475654 
test_loss: 0.0477103 
train_loss: 0.0470776 
test_loss: 0.0472702 
train_loss: 0.0464626 
test_loss: 0.0467243 
train_loss: 0.0453327 
test_loss: 0.0460986 
train_loss: 0.0454764 
test_loss: 0.045411 
train_loss: 0.0456997 
test_loss: 0.0448204 
train_loss: 0.044278 
test_loss: 0.0439835 
train_loss: 0.043273 
test_loss: 0.0432459 
train_loss: 0.0421678 
test_loss: 0.0424671 
train_loss: 0.0407663 
test_loss: 0.0415451 
train_loss: 0.04004 
test_loss: 0.0406301 
train_loss: 0.0394848 
test_loss: 0.0396744 
train_loss: 0.038877 
test_loss: 0.0387136 
train_loss: 0.0367073 
test_loss: 0.0376819 
train_loss: 0.0371376 
test_loss: 0.0367415 
train_loss: 0.0349082 
test_loss: 0.0353522 
train_loss: 0.0334498 
test_loss: 0.0341581 
train_loss: 0.0327583 
test_loss: 0.0328061 
train_loss: 0.031906 
test_loss: 0.0319284 
train_loss: 0.0305992 
test_loss: 0.0304818 
train_loss: 0.0292749 
test_loss: 0.029202 
train_loss: 0.0277172 
test_loss: 0.0283367 
train_loss: 0.0270416 
test_loss: 0.0274917 
train_loss: 0.0263799 
test_loss: 0.0261624 
train_loss: 0.0245536 
test_loss: 0.0249842 
train_loss: 0.0239236 
test_loss: 0.0242296 
train_loss: 0.0233589 
test_loss: 0.0235507 
train_loss: 0.0229905 
test_loss: 0.023223 
train_loss: 0.0224545 
test_loss: 0.0228362 
train_loss: 0.0210335 
test_loss: 0.0218321 
train_loss: 0.0208379 
test_loss: 0.0220496 
train_loss: 0.0206262 
test_loss: 0.0212777 
train_loss: 0.0208938 
test_loss: 0.0213225 
train_loss: 0.0193645 
test_loss: 0.0200975 
train_loss: 0.0199609 
test_loss: 0.0196856 
train_loss: 0.0190401 
test_loss: 0.0194604 
train_loss: 0.0185509 
test_loss: 0.0190777 
train_loss: 0.0200331 
test_loss: 0.0193009 
train_loss: 0.0187826 
test_loss: 0.018702 
train_loss: 0.0194041 
test_loss: 0.0193204 
train_loss: 0.0179975 
test_loss: 0.0184144 
train_loss: 0.0175216 
test_loss: 0.0190817 
train_loss: 0.0176891 
test_loss: 0.01788 
train_loss: 0.0176522 
test_loss: 0.0187367 
train_loss: 0.0171959 
test_loss: 0.0175828 
train_loss: 0.0175406 
test_loss: 0.0174979 
train_loss: 0.0169752 
test_loss: 0.01714 
train_loss: 0.0175507 
test_loss: 0.0171711 
train_loss: 0.0165002 
test_loss: 0.0167377 
train_loss: 0.0166436 
test_loss: 0.0169004 
train_loss: 0.0163572 
test_loss: 0.0171662 
train_loss: 0.0161587 
test_loss: 0.0170927 
train_loss: 0.0164071 
test_loss: 0.0168757 
train_loss: 0.0156103 
test_loss: 0.0164982 
train_loss: 0.0159297 
test_loss: 0.0165065 
train_loss: 0.0160744 
test_loss: 0.0162953 
train_loss: 0.0159459 
test_loss: 0.0165909 
train_loss: 0.0163268 
test_loss: 0.0160605 
train_loss: 0.0160055 
test_loss: 0.0162292 
train_loss: 0.0157279 
test_loss: 0.0171166 
train_loss: 0.0179617 
test_loss: 0.0158944 
train_loss: 0.0152446 
test_loss: 0.015742 
train_loss: 0.0163504 
test_loss: 0.0157048 
train_loss: 0.0158212 
test_loss: 0.0157152 
train_loss: 0.0149437 
test_loss: 0.0154609 
train_loss: 0.0155207 
test_loss: 0.0159312 
train_loss: 0.0147604 
test_loss: 0.0157322 
train_loss: 0.0154418 
test_loss: 0.0153009 
train_loss: 0.014514 
test_loss: 0.0149808 
train_loss: 0.0143344 
test_loss: 0.0150157 
train_loss: 0.0156059 
test_loss: 0.0149395 
train_loss: 0.0145497 
test_loss: 0.0157112 
train_loss: 0.0145683 
test_loss: 0.0146936 
train_loss: 0.0146488 
test_loss: 0.0152335 
train_loss: 0.0154015 
test_loss: 0.0162314 
train_loss: 0.0144149 
test_loss: 0.0147957 
train_loss: 0.0147666 
test_loss: 0.0146337 
train_loss: 0.0145204 
test_loss: 0.014786 
train_loss: 0.0144732 
test_loss: 0.0144702 
train_loss: 0.0145171 
test_loss: 0.0164409 
train_loss: 0.0144195 
test_loss: 0.014666 
train_loss: 0.0151337 
test_loss: 0.0143405 
train_loss: 0.0161721 
test_loss: 0.0146452 
train_loss: 0.0135868 
test_loss: 0.0141161 
train_loss: 0.0143025 
test_loss: 0.0142634 
train_loss: 0.0138277 
test_loss: 0.0141387 
train_loss: 0.0138461 
test_loss: 0.0140802 
train_loss: 0.0139107 
test_loss: 0.0156961 
train_loss: 0.0133589 
test_loss: 0.0140675 
train_loss: 0.0135801 
test_loss: 0.0143602 
train_loss: 0.0137166 
test_loss: 0.0138109 
train_loss: 0.0133997 
test_loss: 0.0136085 
train_loss: 0.014044 
test_loss: 0.0150988 
train_loss: 0.0133566 
test_loss: 0.0134946 
train_loss: 0.014338 
test_loss: 0.0139006 
train_loss: 0.0133331 
test_loss: 0.0138482 
train_loss: 0.0128532 
test_loss: 0.0139149 
train_loss: 0.0134303 
test_loss: 0.0134276 
train_loss: 0.0134085 
test_loss: 0.0133781 
train_loss: 0.0127608 
test_loss: 0.013156 
train_loss: 0.0134309 
test_loss: 0.0141944 
train_loss: 0.012812 
test_loss: 0.0154194 
train_loss: 0.0128337 
test_loss: 0.0134354 
train_loss: 0.0128643 
test_loss: 0.0132038 
train_loss: 0.0129592 
test_loss: 0.0127284 
train_loss: 0.0121693 
test_loss: 0.0127105 
train_loss: 0.0130552 
test_loss: 0.0128061 
train_loss: 0.013072 
test_loss: 0.0125794 
train_loss: 0.0129295 
test_loss: 0.0128235 
train_loss: 0.0116918 
test_loss: 0.0122818 
train_loss: 0.0124178 
test_loss: 0.0123975 
train_loss: 0.0116278 
test_loss: 0.013144 
train_loss: 0.0133865 
test_loss: 0.0125704 
train_loss: 0.0116417 
test_loss: 0.0124397 
train_loss: 0.0120279 
test_loss: 0.011977 
train_loss: 0.0116428 
test_loss: 0.0119911 
train_loss: 0.0123365 
test_loss: 0.0126023 
train_loss: 0.0127899 
test_loss: 0.0120771 
train_loss: 0.0116542 
test_loss: 0.0111471 
train_loss: 0.0119179 
test_loss: 0.0117055 
train_loss: 0.012049 
test_loss: 0.0115975 
train_loss: 0.0115679 
test_loss: 0.0114596 
train_loss: 0.0112438 
test_loss: 0.011185 
train_loss: 0.0112558 
test_loss: 0.0112072 
train_loss: 0.0111358 
test_loss: 0.0116701 
train_loss: 0.0101671 
test_loss: 0.0106204 
train_loss: 0.0112218 
test_loss: 0.0106391 
train_loss: 0.0106069 
test_loss: 0.0111927 
train_loss: 0.0100983 
test_loss: 0.0105563 
train_loss: 0.0109058 
test_loss: 0.0112553 
train_loss: 0.0102908 
test_loss: 0.010104 
train_loss: 0.0131148 
test_loss: 0.011293 
train_loss: 0.0105365 
test_loss: 0.0111738 
train_loss: 0.0107509 
test_loss: 0.00998702 
train_loss: 0.0105807 
test_loss: 0.0102319 
train_loss: 0.00991256 
test_loss: 0.00985621 
train_loss: 0.00947518 
test_loss: 0.00984933 
train_loss: 0.00948862 
test_loss: 0.0101529 
train_loss: 0.00981103 
test_loss: 0.00978198 
train_loss: 0.0103348 
test_loss: 0.00978512 
train_loss: 0.00985818 
test_loss: 0.00960382 
train_loss: 0.0092105 
test_loss: 0.0093295 
train_loss: 0.0102854 
test_loss: 0.00966722 
train_loss: 0.00955807 
test_loss: 0.00949709 
train_loss: 0.00885321 
test_loss: 0.00897881 
train_loss: 0.00880854 
test_loss: 0.00897986 
train_loss: 0.00914323 
test_loss: 0.00903142 
train_loss: 0.00885064 
test_loss: 0.00958365 
train_loss: 0.00884394 
test_loss: 0.00863689 
train_loss: 0.00879686 
test_loss: 0.00931103 
train_loss: 0.00871408 
test_loss: 0.00860676 
train_loss: 0.00838249 
test_loss: 0.0090175 
train_loss: 0.00812454 
test_loss: 0.00806479 
train_loss: 0.00894108 
test_loss: 0.00843805 
train_loss: 0.00792622 
test_loss: 0.00835936 
train_loss: 0.00857767 
test_loss: 0.00839249 
train_loss: 0.00748348 
test_loss: 0.00787847 
train_loss: 0.00768215 
test_loss: 0.00807439 
train_loss: 0.00789274 
test_loss: 0.00770684 
train_loss: 0.00755617 
test_loss: 0.00795229 
train_loss: 0.007531 
test_loss: 0.00848537 
train_loss: 0.00821818 
test_loss: 0.00870543 
train_loss: 0.00772784 
test_loss: 0.0075672 
train_loss: 0.00795384 
test_loss: 0.00761447 
train_loss: 0.00741285 
test_loss: 0.007972 
train_loss: 0.00724443 
test_loss: 0.00731414 
train_loss: 0.00758957 
test_loss: 0.00743429 
train_loss: 0.00723806 
test_loss: 0.00733719 
train_loss: 0.00733242 
test_loss: 0.00729059 
train_loss: 0.00716457 
test_loss: 0.00774099 
train_loss: 0.00760519 
test_loss: 0.00688956 
train_loss: 0.00714255 
test_loss: 0.00710858 
train_loss: 0.00686211 
test_loss: 0.00728655 
train_loss: 0.0068216 
test_loss: 0.00739772 
train_loss: 0.00686767 
test_loss: 0.00699765 
train_loss: 0.00717337 
test_loss: 0.00727933 
train_loss: 0.00686176 
test_loss: 0.00693075 
train_loss: 0.00787665 
test_loss: 0.0076006 
train_loss: 0.00723907 
test_loss: 0.00688946 
train_loss: 0.00624382 
test_loss: 0.00664015 
train_loss: 0.0072769 
test_loss: 0.00737643 
train_loss: 0.00645187 
test_loss: 0.00624115 
train_loss: 0.00679454 
test_loss: 0.00728572 
train_loss: 0.00698747 
test_loss: 0.00713057 
train_loss: 0.00686644 
test_loss: 0.00675898 
train_loss: 0.00675768 
test_loss: 0.00696509 
train_loss: 0.0061235 
test_loss: 0.0062677 
train_loss: 0.00642444 
test_loss: 0.00657019 
train_loss: 0.0062629 
test_loss: 0.00647922 
train_loss: 0.00609216 
test_loss: 0.00695412 
train_loss: 0.00686896 
test_loss: 0.00660735 
train_loss: 0.00626853 
test_loss: 0.00599153 
train_loss: 0.00639733 
test_loss: 0.00617959 
train_loss: 0.00607202 
test_loss: 0.00644491 
train_loss: 0.00612802 
test_loss: 0.00586488 
train_loss: 0.00647346 
test_loss: 0.00677033 
train_loss: 0.0058927 
test_loss: 0.0060642 
train_loss: 0.00571921 
test_loss: 0.00566636 
train_loss: 0.00609223 
test_loss: 0.00592212 
train_loss: 0.0067072 
test_loss: 0.00630573 
train_loss: 0.00538388 
test_loss: 0.00554347 
train_loss: 0.00567041 
test_loss: 0.00568662 
train_loss: 0.00618792 
test_loss: 0.00567453 
train_loss: 0.00593488 
test_loss: 0.00599995 
train_loss: 0.00640808 
test_loss: 0.00551905 
train_loss: 0.00543335 
test_loss: 0.00531398 
train_loss: 0.00527033 
test_loss: 0.00542061 
train_loss: 0.00575833 
test_loss: 0.00562714 
train_loss: 0.00548979 
test_loss: 0.00559825 
train_loss: 0.00543342 
test_loss: 0.00572523 
train_loss: 0.00497128 
test_loss: 0.00511316 
train_loss: 0.00574683 
test_loss: 0.00610473 
train_loss: 0.00527135 
test_loss: 0.00543182 
train_loss: 0.00555898 
test_loss: 0.00525429 
train_loss: 0.00548548 
test_loss: 0.00549476 
train_loss: 0.00482245 
test_loss: 0.005119 
train_loss: 0.00534004 
test_loss: 0.00515233 
train_loss: 0.00507264 
test_loss: 0.00487566 
train_loss: 0.00484048 
test_loss: 0.00526091 
train_loss: 0.00529456 
test_loss: 0.00518788 
train_loss: 0.00485509 
test_loss: 0.00489134 
train_loss: 0.00493469 
test_loss: 0.00491318 
train_loss: 0.00487511 
test_loss: 0.00524009 
train_loss: 0.00471593 
test_loss: 0.00502922 
train_loss: 0.00541901 
test_loss: 0.00527849 
train_loss: 0.00474395 
test_loss: 0.00538638 
