train_loss: 0.527985 
test_loss: 0.524015 
train_loss: 0.527365 
test_loss: 0.521788 
train_loss: 0.526673 
test_loss: 0.520952 
train_loss: 0.524302 
test_loss: 0.519946 
train_loss: 0.51639 
test_loss: 0.518796 
train_loss: 0.518092 
test_loss: 0.517528 
train_loss: 0.520379 
test_loss: 0.516125 
train_loss: 0.518348 
test_loss: 0.514613 
train_loss: 0.513396 
test_loss: 0.512992 
train_loss: 0.516661 
test_loss: 0.511276 
train_loss: 0.507723 
test_loss: 0.509474 
train_loss: 0.51297 
test_loss: 0.507555 
train_loss: 0.511563 
test_loss: 0.505544 
train_loss: 0.500437 
test_loss: 0.503459 
train_loss: 0.504214 
test_loss: 0.50127 
train_loss: 0.494631 
test_loss: 0.499018 
train_loss: 0.498984 
test_loss: 0.496676 
train_loss: 0.500157 
test_loss: 0.49425 
train_loss: 0.491456 
test_loss: 0.491767 
train_loss: 0.491606 
test_loss: 0.489172 
train_loss: 0.490548 
test_loss: 0.486543 
train_loss: 0.486449 
test_loss: 0.483829 
train_loss: 0.481345 
test_loss: 0.481037 
train_loss: 0.481919 
test_loss: 0.478187 
train_loss: 0.47608 
test_loss: 0.475254 
train_loss: 0.472654 
test_loss: 0.472265 
train_loss: 0.47177 
test_loss: 0.469221 
train_loss: 0.471752 
test_loss: 0.466098 
train_loss: 0.463418 
test_loss: 0.462904 
train_loss: 0.456138 
test_loss: 0.459663 
train_loss: 0.455015 
test_loss: 0.456372 
train_loss: 0.452301 
test_loss: 0.453013 
train_loss: 0.44955 
test_loss: 0.449599 
train_loss: 0.446574 
test_loss: 0.446117 
train_loss: 0.445764 
test_loss: 0.442591 
train_loss: 0.439453 
test_loss: 0.43902 
train_loss: 0.430107 
test_loss: 0.435372 
train_loss: 0.433772 
test_loss: 0.431685 
train_loss: 0.428327 
test_loss: 0.427936 
train_loss: 0.410985 
test_loss: 0.424136 
train_loss: 0.427323 
test_loss: 0.420291 
train_loss: 0.421044 
test_loss: 0.416392 
train_loss: 0.414485 
test_loss: 0.412457 
train_loss: 0.409763 
test_loss: 0.408469 
train_loss: 0.406841 
test_loss: 0.404437 
train_loss: 0.400779 
test_loss: 0.400357 
train_loss: 0.399826 
test_loss: 0.396231 
train_loss: 0.400836 
test_loss: 0.39208 
train_loss: 0.387195 
test_loss: 0.387855 
train_loss: 0.387414 
test_loss: 0.383597 
train_loss: 0.375812 
test_loss: 0.379325 
train_loss: 0.376079 
test_loss: 0.374976 
train_loss: 0.372925 
test_loss: 0.370612 
train_loss: 0.369412 
test_loss: 0.366202 
train_loss: 0.363211 
test_loss: 0.361744 
train_loss: 0.355858 
test_loss: 0.357263 
train_loss: 0.351718 
test_loss: 0.352719 
train_loss: 0.352042 
test_loss: 0.348156 
train_loss: 0.340431 
test_loss: 0.343556 
train_loss: 0.343457 
test_loss: 0.338909 
train_loss: 0.334158 
test_loss: 0.334232 
train_loss: 0.328622 
test_loss: 0.32952 
train_loss: 0.326001 
test_loss: 0.32477 
train_loss: 0.320682 
test_loss: 0.319976 
train_loss: 0.315414 
test_loss: 0.31515 
train_loss: 0.310326 
test_loss: 0.310299 
train_loss: 0.302075 
test_loss: 0.305422 
train_loss: 0.299755 
test_loss: 0.300491 
train_loss: 0.294032 
test_loss: 0.295527 
train_loss: 0.288517 
test_loss: 0.290529 
train_loss: 0.28453 
test_loss: 0.285485 
train_loss: 0.277354 
test_loss: 0.280416 
train_loss: 0.274998 
test_loss: 0.275307 
train_loss: 0.269085 
test_loss: 0.27015 
train_loss: 0.261561 
test_loss: 0.264962 
train_loss: 0.257001 
test_loss: 0.259724 
train_loss: 0.252953 
test_loss: 0.254455 
train_loss: 0.250352 
test_loss: 0.249155 
train_loss: 0.242072 
test_loss: 0.243811 
train_loss: 0.23769 
test_loss: 0.238436 
train_loss: 0.232068 
test_loss: 0.233031 
train_loss: 0.231822 
test_loss: 0.227606 
train_loss: 0.216618 
test_loss: 0.222143 
train_loss: 0.214681 
test_loss: 0.216676 
train_loss: 0.212074 
test_loss: 0.211187 
train_loss: 0.204209 
test_loss: 0.205702 
train_loss: 0.198528 
test_loss: 0.200203 
train_loss: 0.195067 
test_loss: 0.194711 
train_loss: 0.187758 
test_loss: 0.189237 
train_loss: 0.182219 
test_loss: 0.183784 
train_loss: 0.176217 
test_loss: 0.17836 
train_loss: 0.172917 
test_loss: 0.172983 
train_loss: 0.167404 
test_loss: 0.167638 
train_loss: 0.163241 
test_loss: 0.162365 
train_loss: 0.157745 
test_loss: 0.157168 
train_loss: 0.150994 
test_loss: 0.152029 
train_loss: 0.146786 
test_loss: 0.146982 
train_loss: 0.144187 
test_loss: 0.142052 
train_loss: 0.137987 
test_loss: 0.13724 
train_loss: 0.130865 
test_loss: 0.132569 
train_loss: 0.12863 
test_loss: 0.128069 
train_loss: 0.124697 
test_loss: 0.123745 
train_loss: 0.118893 
test_loss: 0.119636 
train_loss: 0.11553 
test_loss: 0.11576 
train_loss: 0.112831 
test_loss: 0.112127 
train_loss: 0.107816 
test_loss: 0.10877 
train_loss: 0.106054 
test_loss: 0.10567 
train_loss: 0.103071 
test_loss: 0.102853 
train_loss: 0.098998 
test_loss: 0.10031 
train_loss: 0.0994198 
test_loss: 0.0980467 
train_loss: 0.0966822 
test_loss: 0.0960461 
train_loss: 0.0944598 
test_loss: 0.0942778 
train_loss: 0.0908112 
test_loss: 0.0927336 
train_loss: 0.0919689 
test_loss: 0.0913863 
train_loss: 0.0906369 
test_loss: 0.0902064 
train_loss: 0.090074 
test_loss: 0.089188 
train_loss: 0.08693 
test_loss: 0.0882932 
train_loss: 0.0869248 
test_loss: 0.0875165 
train_loss: 0.085637 
test_loss: 0.0868445 
train_loss: 0.0861924 
test_loss: 0.0862383 
train_loss: 0.0848002 
test_loss: 0.085716 
train_loss: 0.0854173 
test_loss: 0.0852533 
train_loss: 0.0872066 
test_loss: 0.0848495 
train_loss: 0.0849174 
test_loss: 0.084484 
train_loss: 0.0814347 
test_loss: 0.0841637 
train_loss: 0.0826452 
test_loss: 0.0838793 
train_loss: 0.0840808 
test_loss: 0.0836195 
train_loss: 0.0846969 
test_loss: 0.0833919 
train_loss: 0.0826833 
test_loss: 0.0831796 
train_loss: 0.0836465 
test_loss: 0.0830015 
train_loss: 0.0831463 
test_loss: 0.0828237 
train_loss: 0.082788 
test_loss: 0.0826779 
train_loss: 0.0824163 
test_loss: 0.0825379 
train_loss: 0.0801586 
test_loss: 0.0824004 
train_loss: 0.0811105 
test_loss: 0.0822818 
train_loss: 0.0806764 
test_loss: 0.0821781 
train_loss: 0.0806236 
test_loss: 0.0820719 
train_loss: 0.0821442 
test_loss: 0.0819739 
train_loss: 0.0819677 
test_loss: 0.0818878 
train_loss: 0.0804123 
test_loss: 0.0818022 
train_loss: 0.0799403 
test_loss: 0.0817239 
train_loss: 0.083547 
test_loss: 0.0816485 
train_loss: 0.0817854 
test_loss: 0.0815711 
train_loss: 0.0830308 
test_loss: 0.0815076 
train_loss: 0.0826244 
test_loss: 0.0814422 
train_loss: 0.0794767 
test_loss: 0.0813797 
train_loss: 0.0799391 
test_loss: 0.0813119 
train_loss: 0.080591 
test_loss: 0.0812562 
train_loss: 0.0807106 
test_loss: 0.0811921 
train_loss: 0.0794574 
test_loss: 0.0811267 
train_loss: 0.0810609 
test_loss: 0.0810678 
train_loss: 0.0796936 
test_loss: 0.081032 
train_loss: 0.0813078 
test_loss: 0.0809574 
train_loss: 0.0786911 
test_loss: 0.0809028 
train_loss: 0.0814453 
test_loss: 0.080867 
train_loss: 0.0789191 
test_loss: 0.0807996 
train_loss: 0.0803894 
test_loss: 0.0807379 
train_loss: 0.0822121 
test_loss: 0.0806866 
train_loss: 0.0790855 
test_loss: 0.0806473 
train_loss: 0.0811335 
test_loss: 0.0805537 
train_loss: 0.0810017 
test_loss: 0.080517 
train_loss: 0.0803036 
test_loss: 0.080449 
train_loss: 0.0823893 
test_loss: 0.0803934 
train_loss: 0.079927 
test_loss: 0.08032 
train_loss: 0.0797487 
test_loss: 0.0802732 
train_loss: 0.0779929 
test_loss: 0.0802061 
train_loss: 0.0804608 
test_loss: 0.0801188 
train_loss: 0.0806044 
test_loss: 0.0800596 
train_loss: 0.0811907 
test_loss: 0.0799943 
train_loss: 0.0795785 
test_loss: 0.0799201 
train_loss: 0.0828567 
test_loss: 0.0798377 
train_loss: 0.0789242 
test_loss: 0.0797688 
train_loss: 0.0807986 
test_loss: 0.0796939 
train_loss: 0.0807129 
test_loss: 0.079588 
train_loss: 0.0790992 
test_loss: 0.0795009 
train_loss: 0.0795769 
test_loss: 0.0794025 
train_loss: 0.0793395 
test_loss: 0.0793208 
train_loss: 0.0787547 
test_loss: 0.0792104 
train_loss: 0.0795784 
test_loss: 0.0791193 
train_loss: 0.0796554 
test_loss: 0.0789761 
train_loss: 0.0800548 
test_loss: 0.0788778 
train_loss: 0.0800952 
test_loss: 0.0787394 
train_loss: 0.0777743 
test_loss: 0.0786075 
train_loss: 0.0766141 
test_loss: 0.0785036 
train_loss: 0.079453 
test_loss: 0.0783328 
train_loss: 0.0785278 
test_loss: 0.0781915 
train_loss: 0.0765264 
test_loss: 0.0780375 
train_loss: 0.0786842 
test_loss: 0.0778925 
train_loss: 0.0767975 
test_loss: 0.0776755 
train_loss: 0.0768611 
test_loss: 0.0775096 
train_loss: 0.0756981 
test_loss: 0.0773062 
train_loss: 0.0768018 
test_loss: 0.0771092 
train_loss: 0.0772495 
test_loss: 0.0768517 
train_loss: 0.0787529 
test_loss: 0.0766224 
train_loss: 0.0756163 
test_loss: 0.0763606 
train_loss: 0.0771292 
test_loss: 0.0760971 
train_loss: 0.0768545 
test_loss: 0.0757394 
train_loss: 0.0770915 
test_loss: 0.0754367 
train_loss: 0.0741259 
test_loss: 0.0751111 
train_loss: 0.0754383 
test_loss: 0.0747392 
train_loss: 0.0754958 
test_loss: 0.0743363 
train_loss: 0.0724971 
test_loss: 0.0738505 
train_loss: 0.0718534 
test_loss: 0.0733649 
train_loss: 0.0727465 
test_loss: 0.0728507 
train_loss: 0.0733527 
test_loss: 0.0723017 
train_loss: 0.071336 
test_loss: 0.071729 
train_loss: 0.0701166 
test_loss: 0.0710685 
train_loss: 0.0698236 
test_loss: 0.0704252 
train_loss: 0.0693634 
test_loss: 0.0696622 
train_loss: 0.0679843 
test_loss: 0.068903 
train_loss: 0.0662935 
test_loss: 0.0680577 
train_loss: 0.0677297 
test_loss: 0.0672018 
train_loss: 0.0668097 
test_loss: 0.0663027 
train_loss: 0.0651704 
test_loss: 0.0653571 
train_loss: 0.064206 
test_loss: 0.0644503 
train_loss: 0.0623963 
test_loss: 0.0635343 
train_loss: 0.0622366 
test_loss: 0.0626133 
train_loss: 0.0619548 
test_loss: 0.0616032 
train_loss: 0.0612922 
test_loss: 0.0607111 
train_loss: 0.056949 
test_loss: 0.0597706 
train_loss: 0.0573491 
test_loss: 0.0589317 
train_loss: 0.0574459 
test_loss: 0.0580648 
train_loss: 0.0589405 
test_loss: 0.0572473 
train_loss: 0.0563205 
test_loss: 0.0564585 
train_loss: 0.0559066 
test_loss: 0.0557528 
train_loss: 0.0536474 
test_loss: 0.0551264 
train_loss: 0.052173 
test_loss: 0.0544537 
train_loss: 0.0533321 
test_loss: 0.053938 
train_loss: 0.0537615 
test_loss: 0.0533521 
train_loss: 0.0524752 
test_loss: 0.0528561 
train_loss: 0.0519874 
test_loss: 0.0524558 
train_loss: 0.0513236 
test_loss: 0.0519216 
train_loss: 0.0509658 
test_loss: 0.0515551 
train_loss: 0.0508449 
test_loss: 0.0513095 
train_loss: 0.050335 
test_loss: 0.0509086 
train_loss: 0.0496824 
test_loss: 0.0506546 
train_loss: 0.0504857 
test_loss: 0.0502066 
train_loss: 0.0483957 
test_loss: 0.0500937 
train_loss: 0.0496818 
test_loss: 0.0496999 
train_loss: 0.0480077 
test_loss: 0.0493808 
train_loss: 0.0484053 
test_loss: 0.0491746 
train_loss: 0.0489162 
test_loss: 0.0494473 
train_loss: 0.0483376 
test_loss: 0.0487986 
train_loss: 0.0482411 
test_loss: 0.0484749 
train_loss: 0.0486536 
test_loss: 0.0482772 
train_loss: 0.0480183 
test_loss: 0.048276 
train_loss: 0.0459064 
test_loss: 0.0483532 
train_loss: 0.046164 
test_loss: 0.0477164 
train_loss: 0.0473631 
test_loss: 0.0475672 
train_loss: 0.0477222 
test_loss: 0.0473173 
train_loss: 0.0467105 
test_loss: 0.0472871 
train_loss: 0.0455035 
test_loss: 0.0472156 
train_loss: 0.046367 
test_loss: 0.0468345 
train_loss: 0.0464824 
test_loss: 0.0466785 
train_loss: 0.0460352 
test_loss: 0.0467934 
train_loss: 0.0458601 
test_loss: 0.0462442 
train_loss: 0.0452124 
test_loss: 0.0460009 
train_loss: 0.0441827 
test_loss: 0.0457987 
train_loss: 0.0449637 
test_loss: 0.0462985 
train_loss: 0.0439226 
test_loss: 0.0455726 
train_loss: 0.0452687 
test_loss: 0.0453249 
train_loss: 0.0440134 
test_loss: 0.0450893 
train_loss: 0.0460938 
test_loss: 0.0449093 
train_loss: 0.0442935 
test_loss: 0.0446803 
train_loss: 0.0431906 
test_loss: 0.0443307 
train_loss: 0.044046 
test_loss: 0.0445004 
train_loss: 0.044221 
test_loss: 0.0440041 
train_loss: 0.0432915 
test_loss: 0.0436771 
train_loss: 0.0433438 
test_loss: 0.0433646 
train_loss: 0.0430148 
test_loss: 0.0432489 
train_loss: 0.0416745 
test_loss: 0.0429678 
train_loss: 0.0413032 
test_loss: 0.0428611 
train_loss: 0.0408962 
test_loss: 0.0424993 
train_loss: 0.0421099 
test_loss: 0.0420674 
train_loss: 0.0401629 
test_loss: 0.0418626 
train_loss: 0.0407187 
test_loss: 0.0417713 
train_loss: 0.0404103 
test_loss: 0.0412965 
train_loss: 0.0403877 
test_loss: 0.0410817 
train_loss: 0.0403312 
test_loss: 0.040784 
train_loss: 0.039798 
test_loss: 0.0406813 
train_loss: 0.040033 
test_loss: 0.0400369 
train_loss: 0.0392842 
test_loss: 0.0400122 
train_loss: 0.0388866 
test_loss: 0.039373 
train_loss: 0.0380909 
test_loss: 0.0390439 
train_loss: 0.0377933 
test_loss: 0.0386708 
train_loss: 0.0373608 
test_loss: 0.0380198 
train_loss: 0.0364157 
test_loss: 0.0381165 
train_loss: 0.037097 
test_loss: 0.0371686 
train_loss: 0.0357094 
test_loss: 0.0365143 
train_loss: 0.035584 
test_loss: 0.0365484 
train_loss: 0.0357041 
test_loss: 0.0354653 
train_loss: 0.0346312 
test_loss: 0.0348314 
train_loss: 0.0334712 
test_loss: 0.033704 
train_loss: 0.034961 
test_loss: 0.0334123 
train_loss: 0.0315792 
test_loss: 0.0319665 
train_loss: 0.030905 
test_loss: 0.0312051 
train_loss: 0.0306886 
test_loss: 0.0309196 
train_loss: 0.0291102 
test_loss: 0.0295779 
train_loss: 0.027527 
test_loss: 0.0304618 
train_loss: 0.0278222 
test_loss: 0.0280454 
train_loss: 0.0261241 
test_loss: 0.03056 
train_loss: 0.0252719 
test_loss: 0.0260146 
train_loss: 0.0243042 
test_loss: 0.0245966 
train_loss: 0.0255989 
test_loss: 0.0247372 
train_loss: 0.0229381 
test_loss: 0.0234806 
train_loss: 0.0254523 
test_loss: 0.0238588 
train_loss: 0.0219058 
test_loss: 0.021575 
train_loss: 0.0214369 
test_loss: 0.0217854 
train_loss: 0.0201636 
test_loss: 0.0206789 
train_loss: 0.0200202 
test_loss: 0.0222487 
train_loss: 0.0195742 
test_loss: 0.0199088 
train_loss: 0.0188077 
test_loss: 0.0190929 
train_loss: 0.0178957 
test_loss: 0.019578 
train_loss: 0.0176416 
test_loss: 0.0179271 
train_loss: 0.0179811 
test_loss: 0.0180243 
train_loss: 0.016873 
test_loss: 0.0169698 
train_loss: 0.0192467 
test_loss: 0.0174405 
train_loss: 0.0164677 
test_loss: 0.0173755 
train_loss: 0.0159001 
test_loss: 0.0164097 
train_loss: 0.0158862 
test_loss: 0.0170251 
train_loss: 0.0154563 
test_loss: 0.0153802 
train_loss: 0.0148502 
test_loss: 0.0154677 
train_loss: 0.0147632 
test_loss: 0.0151412 
train_loss: 0.0147759 
test_loss: 0.0145723 
train_loss: 0.013925 
test_loss: 0.0148141 
train_loss: 0.0147432 
test_loss: 0.0163598 
train_loss: 0.0141383 
test_loss: 0.0141174 
train_loss: 0.0137827 
test_loss: 0.0148331 
train_loss: 0.0132852 
test_loss: 0.0136433 
train_loss: 0.0134986 
test_loss: 0.0138933 
train_loss: 0.0138148 
test_loss: 0.0139096 
train_loss: 0.0147654 
test_loss: 0.0137504 
train_loss: 0.0129339 
test_loss: 0.0134317 
train_loss: 0.0124114 
test_loss: 0.0134321 
train_loss: 0.0127109 
test_loss: 0.0128709 
train_loss: 0.01325 
test_loss: 0.0136276 
train_loss: 0.0124501 
test_loss: 0.0132545 
train_loss: 0.0133341 
test_loss: 0.012948 
train_loss: 0.0120229 
test_loss: 0.0121042 
train_loss: 0.0129984 
test_loss: 0.0128199 
train_loss: 0.0117177 
test_loss: 0.0119932 
train_loss: 0.0114659 
test_loss: 0.0118656 
train_loss: 0.0116026 
test_loss: 0.0127022 
train_loss: 0.011625 
test_loss: 0.011842 
train_loss: 0.0113429 
test_loss: 0.0119213 
train_loss: 0.0110742 
test_loss: 0.0116578 
train_loss: 0.0117037 
test_loss: 0.0125321 
train_loss: 0.0115625 
test_loss: 0.0135984 
train_loss: 0.0107229 
test_loss: 0.0114416 
train_loss: 0.0118339 
test_loss: 0.0114858 
train_loss: 0.0117165 
test_loss: 0.012395 
