train_loss: 0.550658 
test_loss: 0.554858 
train_loss: 0.550328 
test_loss: 0.553388 
train_loss: 0.554902 
test_loss: 0.552931 
train_loss: 0.546702 
test_loss: 0.552399 
train_loss: 0.545807 
test_loss: 0.551764 
train_loss: 0.555633 
test_loss: 0.551083 
train_loss: 0.555187 
test_loss: 0.550303 
train_loss: 0.553403 
test_loss: 0.549469 
train_loss: 0.544648 
test_loss: 0.548581 
train_loss: 0.540061 
test_loss: 0.547641 
train_loss: 0.549362 
test_loss: 0.546619 
train_loss: 0.553501 
test_loss: 0.54555 
train_loss: 0.542153 
test_loss: 0.544447 
train_loss: 0.542916 
test_loss: 0.543277 
train_loss: 0.543458 
test_loss: 0.542046 
train_loss: 0.53994 
test_loss: 0.540765 
train_loss: 0.537949 
test_loss: 0.539462 
train_loss: 0.530137 
test_loss: 0.538088 
train_loss: 0.538293 
test_loss: 0.536661 
train_loss: 0.532308 
test_loss: 0.5352 
train_loss: 0.53167 
test_loss: 0.533673 
train_loss: 0.531869 
test_loss: 0.5321 
train_loss: 0.540509 
test_loss: 0.530478 
train_loss: 0.527863 
test_loss: 0.528821 
train_loss: 0.529211 
test_loss: 0.52712 
train_loss: 0.525924 
test_loss: 0.525375 
train_loss: 0.522875 
test_loss: 0.523552 
train_loss: 0.522895 
test_loss: 0.521709 
train_loss: 0.5193 
test_loss: 0.519826 
train_loss: 0.515275 
test_loss: 0.517884 
train_loss: 0.522034 
test_loss: 0.515912 
train_loss: 0.51515 
test_loss: 0.513853 
train_loss: 0.507102 
test_loss: 0.511805 
train_loss: 0.515343 
test_loss: 0.509687 
train_loss: 0.508172 
test_loss: 0.507507 
train_loss: 0.506687 
test_loss: 0.505291 
train_loss: 0.497222 
test_loss: 0.503077 
train_loss: 0.500679 
test_loss: 0.500766 
train_loss: 0.501214 
test_loss: 0.498428 
train_loss: 0.502568 
test_loss: 0.496039 
train_loss: 0.495137 
test_loss: 0.493609 
train_loss: 0.494328 
test_loss: 0.491148 
train_loss: 0.486649 
test_loss: 0.488627 
train_loss: 0.489073 
test_loss: 0.486074 
train_loss: 0.488445 
test_loss: 0.483481 
train_loss: 0.478281 
test_loss: 0.480849 
train_loss: 0.47624 
test_loss: 0.478162 
train_loss: 0.475283 
test_loss: 0.475441 
train_loss: 0.470835 
test_loss: 0.472694 
train_loss: 0.476112 
test_loss: 0.469881 
train_loss: 0.468759 
test_loss: 0.467069 
train_loss: 0.459268 
test_loss: 0.464168 
train_loss: 0.456453 
test_loss: 0.461267 
train_loss: 0.460365 
test_loss: 0.458286 
train_loss: 0.456743 
test_loss: 0.455319 
train_loss: 0.45232 
test_loss: 0.45229 
train_loss: 0.444416 
test_loss: 0.44923 
train_loss: 0.44431 
test_loss: 0.44611 
train_loss: 0.443833 
test_loss: 0.442979 
train_loss: 0.435993 
test_loss: 0.439788 
train_loss: 0.439802 
test_loss: 0.436589 
train_loss: 0.433039 
test_loss: 0.433347 
train_loss: 0.431311 
test_loss: 0.430067 
train_loss: 0.431927 
test_loss: 0.426746 
train_loss: 0.421567 
test_loss: 0.423398 
train_loss: 0.421981 
test_loss: 0.420038 
train_loss: 0.413489 
test_loss: 0.416611 
train_loss: 0.417861 
test_loss: 0.413212 
train_loss: 0.407667 
test_loss: 0.409728 
train_loss: 0.403612 
test_loss: 0.40624 
train_loss: 0.402862 
test_loss: 0.402726 
train_loss: 0.399123 
test_loss: 0.399182 
train_loss: 0.39688 
test_loss: 0.395599 
train_loss: 0.398044 
test_loss: 0.392008 
train_loss: 0.398863 
test_loss: 0.388376 
train_loss: 0.385388 
test_loss: 0.384748 
train_loss: 0.380476 
test_loss: 0.381065 
train_loss: 0.37795 
test_loss: 0.377377 
train_loss: 0.36987 
test_loss: 0.37366 
train_loss: 0.370956 
test_loss: 0.369929 
train_loss: 0.35621 
test_loss: 0.366181 
train_loss: 0.360601 
test_loss: 0.362408 
train_loss: 0.353313 
test_loss: 0.35862 
train_loss: 0.355453 
test_loss: 0.354814 
train_loss: 0.346021 
test_loss: 0.350989 
train_loss: 0.341857 
test_loss: 0.347149 
train_loss: 0.347068 
test_loss: 0.343288 
train_loss: 0.336624 
test_loss: 0.339401 
train_loss: 0.33263 
test_loss: 0.335533 
train_loss: 0.331675 
test_loss: 0.331605 
train_loss: 0.325596 
test_loss: 0.327679 
train_loss: 0.321696 
test_loss: 0.32374 
train_loss: 0.314909 
test_loss: 0.319772 
train_loss: 0.310937 
test_loss: 0.315788 
train_loss: 0.315027 
test_loss: 0.311799 
train_loss: 0.303932 
test_loss: 0.307793 
train_loss: 0.306763 
test_loss: 0.303747 
train_loss: 0.29764 
test_loss: 0.299703 
train_loss: 0.294642 
test_loss: 0.29562 
train_loss: 0.287604 
test_loss: 0.291528 
train_loss: 0.292081 
test_loss: 0.287417 
train_loss: 0.280972 
test_loss: 0.283274 
train_loss: 0.280437 
test_loss: 0.279113 
train_loss: 0.276179 
test_loss: 0.274932 
train_loss: 0.267435 
test_loss: 0.270725 
train_loss: 0.265065 
test_loss: 0.266502 
train_loss: 0.261981 
test_loss: 0.262277 
train_loss: 0.25748 
test_loss: 0.258001 
train_loss: 0.254419 
test_loss: 0.253728 
train_loss: 0.252027 
test_loss: 0.249428 
train_loss: 0.243416 
test_loss: 0.24511 
train_loss: 0.241194 
test_loss: 0.24079 
train_loss: 0.232312 
test_loss: 0.23645 
train_loss: 0.231219 
test_loss: 0.232121 
train_loss: 0.225531 
test_loss: 0.227792 
train_loss: 0.221149 
test_loss: 0.223467 
train_loss: 0.220217 
test_loss: 0.219169 
train_loss: 0.211674 
test_loss: 0.214888 
train_loss: 0.209951 
test_loss: 0.21064 
train_loss: 0.205229 
test_loss: 0.206431 
train_loss: 0.198802 
test_loss: 0.202268 
train_loss: 0.196995 
test_loss: 0.198165 
train_loss: 0.193053 
test_loss: 0.194118 
train_loss: 0.190431 
test_loss: 0.190158 
train_loss: 0.182992 
test_loss: 0.186268 
train_loss: 0.176324 
test_loss: 0.182467 
train_loss: 0.18256 
test_loss: 0.178763 
train_loss: 0.174799 
test_loss: 0.17515 
train_loss: 0.165489 
test_loss: 0.171652 
train_loss: 0.164432 
test_loss: 0.168252 
train_loss: 0.162938 
test_loss: 0.164961 
train_loss: 0.157139 
test_loss: 0.161791 
train_loss: 0.160447 
test_loss: 0.158736 
train_loss: 0.155776 
test_loss: 0.155781 
train_loss: 0.150307 
test_loss: 0.152959 
train_loss: 0.150478 
test_loss: 0.150238 
train_loss: 0.146333 
test_loss: 0.14763 
train_loss: 0.145698 
test_loss: 0.145137 
train_loss: 0.137054 
test_loss: 0.142761 
train_loss: 0.140564 
test_loss: 0.140489 
train_loss: 0.13628 
test_loss: 0.138331 
train_loss: 0.13661 
test_loss: 0.136266 
train_loss: 0.135511 
test_loss: 0.134313 
train_loss: 0.129187 
test_loss: 0.132445 
train_loss: 0.132977 
test_loss: 0.130687 
train_loss: 0.127835 
test_loss: 0.12902 
train_loss: 0.125995 
test_loss: 0.127441 
train_loss: 0.123755 
test_loss: 0.125956 
train_loss: 0.122698 
test_loss: 0.124546 
train_loss: 0.119084 
test_loss: 0.123214 
train_loss: 0.119353 
test_loss: 0.121959 
train_loss: 0.118532 
test_loss: 0.120766 
train_loss: 0.119116 
test_loss: 0.119661 
train_loss: 0.118175 
test_loss: 0.118602 
train_loss: 0.11525 
test_loss: 0.117614 
train_loss: 0.115182 
test_loss: 0.116683 
train_loss: 0.114721 
test_loss: 0.115802 
train_loss: 0.114449 
test_loss: 0.114982 
train_loss: 0.11721 
test_loss: 0.114201 
train_loss: 0.108674 
test_loss: 0.11348 
train_loss: 0.109154 
test_loss: 0.112795 
train_loss: 0.111828 
test_loss: 0.112165 
train_loss: 0.10887 
test_loss: 0.111557 
train_loss: 0.110099 
test_loss: 0.111 
train_loss: 0.111007 
test_loss: 0.110469 
train_loss: 0.10884 
test_loss: 0.109981 
train_loss: 0.108675 
test_loss: 0.109518 
train_loss: 0.107655 
test_loss: 0.109084 
train_loss: 0.107147 
test_loss: 0.108667 
train_loss: 0.103714 
test_loss: 0.108298 
train_loss: 0.104427 
test_loss: 0.107941 
train_loss: 0.109345 
test_loss: 0.107612 
train_loss: 0.103115 
test_loss: 0.107297 
train_loss: 0.10408 
test_loss: 0.107012 
train_loss: 0.103097 
test_loss: 0.106734 
train_loss: 0.106662 
test_loss: 0.106482 
train_loss: 0.108142 
test_loss: 0.106237 
train_loss: 0.106078 
test_loss: 0.106014 
train_loss: 0.100897 
test_loss: 0.105804 
train_loss: 0.105911 
test_loss: 0.105606 
train_loss: 0.104143 
test_loss: 0.105422 
train_loss: 0.104819 
test_loss: 0.105248 
train_loss: 0.104154 
test_loss: 0.105079 
train_loss: 0.103354 
test_loss: 0.104921 
train_loss: 0.103347 
test_loss: 0.10477 
train_loss: 0.10327 
test_loss: 0.104636 
train_loss: 0.101389 
test_loss: 0.104495 
train_loss: 0.100302 
test_loss: 0.104374 
train_loss: 0.100373 
test_loss: 0.104239 
train_loss: 0.105305 
test_loss: 0.104118 
train_loss: 0.0999593 
test_loss: 0.104005 
train_loss: 0.100367 
test_loss: 0.10388 
