train_loss: 0.875008 
test_loss: 0.87772 
train_loss: 0.877085 
test_loss: 0.875683 
train_loss: 0.869471 
test_loss: 0.869363 
train_loss: 0.865494 
test_loss: 0.86174 
train_loss: 0.853679 
test_loss: 0.852894 
train_loss: 0.853239 
test_loss: 0.842855 
train_loss: 0.821051 
test_loss: 0.831694 
train_loss: 0.824762 
test_loss: 0.819395 
train_loss: 0.801685 
test_loss: 0.806065 
train_loss: 0.792122 
test_loss: 0.79159 
train_loss: 0.776892 
test_loss: 0.775782 
train_loss: 0.747111 
test_loss: 0.758173 
train_loss: 0.740978 
test_loss: 0.738261 
train_loss: 0.712632 
test_loss: 0.715335 
train_loss: 0.69468 
test_loss: 0.688779 
train_loss: 0.668897 
test_loss: 0.657999 
train_loss: 0.61852 
test_loss: 0.622665 
train_loss: 0.575532 
test_loss: 0.582552 
train_loss: 0.53749 
test_loss: 0.538281 
train_loss: 0.490071 
test_loss: 0.492298 
train_loss: 0.452347 
test_loss: 0.452113 
train_loss: 0.4265 
test_loss: 0.423412 
train_loss: 0.406062 
test_loss: 0.402992 
train_loss: 0.388581 
test_loss: 0.38725 
train_loss: 0.379304 
test_loss: 0.374501 
train_loss: 0.368635 
test_loss: 0.363829 
train_loss: 0.352511 
test_loss: 0.35431 
train_loss: 0.343371 
test_loss: 0.345074 
train_loss: 0.33739 
test_loss: 0.335462 
train_loss: 0.32477 
test_loss: 0.325015 
train_loss: 0.312737 
test_loss: 0.313505 
train_loss: 0.302527 
test_loss: 0.301028 
train_loss: 0.286237 
test_loss: 0.288042 
train_loss: 0.278818 
test_loss: 0.275008 
train_loss: 0.261062 
test_loss: 0.262311 
train_loss: 0.251063 
test_loss: 0.250251 
train_loss: 0.237661 
test_loss: 0.239006 
train_loss: 0.226487 
test_loss: 0.228629 
train_loss: 0.21978 
test_loss: 0.218999 
train_loss: 0.213384 
test_loss: 0.210026 
train_loss: 0.201007 
test_loss: 0.201558 
train_loss: 0.196293 
test_loss: 0.193547 
train_loss: 0.19003 
test_loss: 0.185914 
train_loss: 0.178185 
test_loss: 0.178629 
train_loss: 0.174211 
test_loss: 0.17171 
train_loss: 0.16266 
test_loss: 0.165074 
train_loss: 0.15968 
test_loss: 0.158811 
train_loss: 0.154015 
test_loss: 0.152793 
train_loss: 0.148345 
test_loss: 0.147224 
train_loss: 0.141608 
test_loss: 0.14209 
train_loss: 0.136875 
test_loss: 0.137386 
train_loss: 0.132928 
test_loss: 0.133095 
train_loss: 0.127866 
test_loss: 0.129199 
train_loss: 0.127658 
test_loss: 0.125663 
train_loss: 0.122699 
test_loss: 0.122322 
train_loss: 0.120465 
test_loss: 0.119176 
train_loss: 0.11735 
test_loss: 0.116176 
train_loss: 0.113486 
test_loss: 0.11333 
train_loss: 0.111165 
test_loss: 0.110521 
train_loss: 0.109884 
test_loss: 0.107793 
train_loss: 0.10481 
test_loss: 0.105142 
train_loss: 0.104024 
test_loss: 0.102521 
train_loss: 0.101009 
test_loss: 0.0999497 
train_loss: 0.0975251 
test_loss: 0.0974499 
train_loss: 0.0939412 
test_loss: 0.0949257 
train_loss: 0.0943279 
test_loss: 0.0924024 
train_loss: 0.0904823 
test_loss: 0.0898716 
train_loss: 0.0888795 
test_loss: 0.0872976 
train_loss: 0.0856759 
test_loss: 0.0846927 
train_loss: 0.083286 
test_loss: 0.0821629 
train_loss: 0.0812014 
test_loss: 0.0797958 
train_loss: 0.0771541 
test_loss: 0.0776457 
train_loss: 0.0767008 
test_loss: 0.0756322 
train_loss: 0.0743355 
test_loss: 0.0738986 
train_loss: 0.0722426 
test_loss: 0.072295 
train_loss: 0.0700456 
test_loss: 0.0708532 
train_loss: 0.0706082 
test_loss: 0.0694737 
train_loss: 0.0672112 
test_loss: 0.0682289 
train_loss: 0.0673771 
test_loss: 0.067067 
train_loss: 0.0651686 
test_loss: 0.066009 
train_loss: 0.0647559 
test_loss: 0.065176 
train_loss: 0.0649774 
test_loss: 0.0644125 
train_loss: 0.0636372 
test_loss: 0.0638958 
train_loss: 0.0627033 
test_loss: 0.0633107 
train_loss: 0.0624659 
test_loss: 0.0629277 
train_loss: 0.0623083 
test_loss: 0.0624306 
train_loss: 0.0619798 
test_loss: 0.0620949 
train_loss: 0.0619527 
test_loss: 0.0617746 
train_loss: 0.0613987 
test_loss: 0.0614096 
train_loss: 0.0605692 
test_loss: 0.0609615 
train_loss: 0.0608455 
test_loss: 0.0606022 
train_loss: 0.0600038 
test_loss: 0.0599788 
train_loss: 0.059348 
test_loss: 0.0596523 
train_loss: 0.0591622 
test_loss: 0.0592742 
train_loss: 0.0588538 
test_loss: 0.0590187 
train_loss: 0.0585219 
test_loss: 0.0586496 
train_loss: 0.0583829 
test_loss: 0.0583894 
train_loss: 0.0585689 
test_loss: 0.0581615 
train_loss: 0.0579063 
test_loss: 0.0578582 
train_loss: 0.0567331 
test_loss: 0.0576939 
train_loss: 0.057466 
test_loss: 0.0573514 
train_loss: 0.0575426 
test_loss: 0.0571075 
train_loss: 0.0562503 
test_loss: 0.0568604 
train_loss: 0.057225 
test_loss: 0.0567423 
train_loss: 0.056249 
test_loss: 0.0563716 
train_loss: 0.0558311 
test_loss: 0.0560513 
train_loss: 0.055928 
test_loss: 0.0558406 
train_loss: 0.0553021 
test_loss: 0.0554762 
train_loss: 0.0539747 
test_loss: 0.0551942 
train_loss: 0.056383 
test_loss: 0.0548548 
train_loss: 0.0536898 
test_loss: 0.0544523 
train_loss: 0.0544807 
test_loss: 0.0540886 
train_loss: 0.0537961 
test_loss: 0.0534168 
train_loss: 0.0524694 
test_loss: 0.0526789 
train_loss: 0.0515844 
test_loss: 0.0517706 
train_loss: 0.0504809 
test_loss: 0.0507761 
train_loss: 0.0491724 
test_loss: 0.0500896 
train_loss: 0.0485777 
test_loss: 0.049304 
train_loss: 0.0485221 
test_loss: 0.0485639 
train_loss: 0.0475751 
test_loss: 0.047855 
train_loss: 0.0470245 
test_loss: 0.0469738 
train_loss: 0.0460204 
test_loss: 0.046295 
train_loss: 0.0452792 
test_loss: 0.045573 
train_loss: 0.0453923 
test_loss: 0.0448708 
train_loss: 0.0436786 
test_loss: 0.0442981 
train_loss: 0.0437691 
test_loss: 0.0435158 
train_loss: 0.0429495 
test_loss: 0.0427706 
train_loss: 0.0426853 
test_loss: 0.0422149 
train_loss: 0.0408367 
test_loss: 0.0415307 
train_loss: 0.0410939 
test_loss: 0.0410077 
train_loss: 0.0405942 
test_loss: 0.0402775 
train_loss: 0.0395735 
test_loss: 0.0395937 
train_loss: 0.0389472 
test_loss: 0.038926 
train_loss: 0.0384246 
test_loss: 0.0383461 
train_loss: 0.0378857 
test_loss: 0.0377692 
train_loss: 0.037527 
test_loss: 0.0373987 
train_loss: 0.0359945 
test_loss: 0.0365669 
train_loss: 0.03507 
test_loss: 0.0359973 
train_loss: 0.0355791 
test_loss: 0.0354878 
train_loss: 0.0349478 
test_loss: 0.0350747 
train_loss: 0.0343171 
test_loss: 0.0341428 
train_loss: 0.0335014 
test_loss: 0.0336664 
train_loss: 0.0327 
test_loss: 0.0331112 
train_loss: 0.0326662 
test_loss: 0.0324361 
train_loss: 0.0309198 
test_loss: 0.0317277 
train_loss: 0.0310765 
test_loss: 0.0303445 
train_loss: 0.0291051 
test_loss: 0.0294234 
train_loss: 0.0280709 
test_loss: 0.028348 
train_loss: 0.0271306 
test_loss: 0.027475 
train_loss: 0.0263165 
test_loss: 0.0266092 
train_loss: 0.0258112 
test_loss: 0.0257985 
train_loss: 0.0250313 
test_loss: 0.0249438 
train_loss: 0.0239163 
test_loss: 0.0240948 
train_loss: 0.022929 
test_loss: 0.0230759 
train_loss: 0.0218427 
test_loss: 0.0219955 
train_loss: 0.0209386 
test_loss: 0.0211568 
train_loss: 0.0206782 
test_loss: 0.0205937 
train_loss: 0.0198375 
test_loss: 0.0196536 
train_loss: 0.0192947 
test_loss: 0.0198595 
train_loss: 0.0195576 
test_loss: 0.0193554 
train_loss: 0.017768 
test_loss: 0.0174919 
train_loss: 0.017802 
test_loss: 0.0177958 
train_loss: 0.0160626 
test_loss: 0.0171346 
train_loss: 0.0165637 
test_loss: 0.0158441 
train_loss: 0.0160164 
test_loss: 0.0154697 
train_loss: 0.0152316 
test_loss: 0.0155503 
train_loss: 0.015285 
test_loss: 0.0149887 
train_loss: 0.0160117 
test_loss: 0.0161929 
train_loss: 0.0143931 
test_loss: 0.0147607 
train_loss: 0.014676 
test_loss: 0.0144648 
train_loss: 0.0140455 
test_loss: 0.0141547 
train_loss: 0.0143665 
test_loss: 0.0140018 
train_loss: 0.0139607 
test_loss: 0.0138367 
train_loss: 0.0153533 
test_loss: 0.0150172 
train_loss: 0.0136315 
test_loss: 0.0141191 
train_loss: 0.0136588 
test_loss: 0.0134213 
train_loss: 0.013669 
test_loss: 0.0141849 
train_loss: 0.0139271 
test_loss: 0.0137409 
train_loss: 0.0135323 
test_loss: 0.0131506 
train_loss: 0.0136569 
test_loss: 0.0134658 
train_loss: 0.0128061 
test_loss: 0.0129856 
train_loss: 0.0132163 
test_loss: 0.0131549 
train_loss: 0.0135891 
test_loss: 0.0129335 
train_loss: 0.0128032 
test_loss: 0.0133708 
train_loss: 0.0128533 
test_loss: 0.0127335 
train_loss: 0.0128352 
test_loss: 0.0134276 
train_loss: 0.0144394 
test_loss: 0.0130024 
train_loss: 0.0135107 
test_loss: 0.0131135 
train_loss: 0.0138415 
test_loss: 0.0131855 
train_loss: 0.0124977 
test_loss: 0.012742 
train_loss: 0.0126286 
test_loss: 0.0124875 
train_loss: 0.0125638 
test_loss: 0.0126649 
train_loss: 0.0126241 
test_loss: 0.0130838 
train_loss: 0.0128288 
test_loss: 0.0122469 
train_loss: 0.0141097 
test_loss: 0.0126786 
train_loss: 0.0121946 
test_loss: 0.0123285 
train_loss: 0.0121907 
test_loss: 0.0123451 
train_loss: 0.0123336 
test_loss: 0.0122917 
train_loss: 0.0130609 
test_loss: 0.0124151 
train_loss: 0.0124395 
test_loss: 0.0127709 
train_loss: 0.0121529 
test_loss: 0.0122597 
train_loss: 0.0122359 
test_loss: 0.0124128 
train_loss: 0.0125536 
test_loss: 0.0135694 
train_loss: 0.0123213 
test_loss: 0.0121649 
train_loss: 0.0123198 
test_loss: 0.0123458 
train_loss: 0.0117264 
test_loss: 0.0122642 
train_loss: 0.012223 
test_loss: 0.0119029 
train_loss: 0.0116052 
test_loss: 0.0117554 
train_loss: 0.0120063 
test_loss: 0.012692 
train_loss: 0.0129039 
test_loss: 0.0122247 
train_loss: 0.0118772 
test_loss: 0.0122038 
train_loss: 0.0119171 
test_loss: 0.0119574 
train_loss: 0.0120442 
test_loss: 0.011745 
train_loss: 0.0124313 
test_loss: 0.0125371 
train_loss: 0.0126916 
test_loss: 0.012992 
train_loss: 0.0117287 
test_loss: 0.0123532 
train_loss: 0.0130755 
test_loss: 0.0128833 
train_loss: 0.0121129 
test_loss: 0.0123176 
train_loss: 0.0120711 
test_loss: 0.0122329 
train_loss: 0.0120787 
test_loss: 0.0120137 
train_loss: 0.012397 
test_loss: 0.0118925 
train_loss: 0.0114507 
test_loss: 0.011795 
train_loss: 0.0121064 
test_loss: 0.011786 
train_loss: 0.0118103 
test_loss: 0.0117086 
train_loss: 0.0112482 
test_loss: 0.0124649 
train_loss: 0.0121332 
test_loss: 0.012456 
train_loss: 0.0128822 
test_loss: 0.0127941 
train_loss: 0.0116457 
test_loss: 0.011623 
train_loss: 0.0118513 
test_loss: 0.0119622 
train_loss: 0.0123789 
test_loss: 0.0125803 
train_loss: 0.0125169 
test_loss: 0.0121235 
