train_loss: 0.519208 
test_loss: 0.516638 
train_loss: 0.512504 
test_loss: 0.514051 
train_loss: 0.516474 
test_loss: 0.514003 
train_loss: 0.515674 
test_loss: 0.513954 
train_loss: 0.516246 
test_loss: 0.513896 
train_loss: 0.512726 
test_loss: 0.51384 
train_loss: 0.517096 
test_loss: 0.513768 
train_loss: 0.511371 
test_loss: 0.513724 
train_loss: 0.516755 
test_loss: 0.51363 
train_loss: 0.520036 
test_loss: 0.513544 
train_loss: 0.511318 
test_loss: 0.513473 
train_loss: 0.51018 
test_loss: 0.513377 
train_loss: 0.511304 
test_loss: 0.513274 
train_loss: 0.514442 
test_loss: 0.513207 
train_loss: 0.512919 
test_loss: 0.513051 
train_loss: 0.510191 
test_loss: 0.512968 
train_loss: 0.517217 
test_loss: 0.512848 
train_loss: 0.512427 
test_loss: 0.512729 
train_loss: 0.511127 
test_loss: 0.512609 
train_loss: 0.510004 
test_loss: 0.512479 
train_loss: 0.514585 
test_loss: 0.512324 
train_loss: 0.505288 
test_loss: 0.51217 
train_loss: 0.510824 
test_loss: 0.51203 
train_loss: 0.513062 
test_loss: 0.511889 
train_loss: 0.511475 
test_loss: 0.511721 
train_loss: 0.506763 
test_loss: 0.511574 
train_loss: 0.51069 
test_loss: 0.511388 
train_loss: 0.512506 
test_loss: 0.511226 
train_loss: 0.507623 
test_loss: 0.511024 
train_loss: 0.515422 
test_loss: 0.510853 
train_loss: 0.513381 
test_loss: 0.510661 
train_loss: 0.512511 
test_loss: 0.510444 
train_loss: 0.507708 
test_loss: 0.510256 
train_loss: 0.508105 
test_loss: 0.510039 
train_loss: 0.509558 
test_loss: 0.509825 
train_loss: 0.508376 
test_loss: 0.509609 
train_loss: 0.5035 
test_loss: 0.509377 
train_loss: 0.503377 
test_loss: 0.50914 
train_loss: 0.499543 
test_loss: 0.508881 
train_loss: 0.508788 
test_loss: 0.508631 
train_loss: 0.502787 
test_loss: 0.508371 
train_loss: 0.517953 
test_loss: 0.508079 
train_loss: 0.509745 
test_loss: 0.507823 
train_loss: 0.506321 
test_loss: 0.507551 
train_loss: 0.507266 
test_loss: 0.507256 
train_loss: 0.508084 
test_loss: 0.506958 
train_loss: 0.513457 
test_loss: 0.506655 
train_loss: 0.507251 
test_loss: 0.506324 
train_loss: 0.508692 
test_loss: 0.506002 
train_loss: 0.500385 
test_loss: 0.505679 
train_loss: 0.51236 
test_loss: 0.505337 
train_loss: 0.502254 
test_loss: 0.504985 
train_loss: 0.512473 
test_loss: 0.504625 
train_loss: 0.503687 
test_loss: 0.504237 
train_loss: 0.502071 
test_loss: 0.503869 
train_loss: 0.499996 
test_loss: 0.503492 
train_loss: 0.493663 
test_loss: 0.503103 
train_loss: 0.505276 
test_loss: 0.502686 
train_loss: 0.503534 
test_loss: 0.502264 
train_loss: 0.498216 
test_loss: 0.501826 
train_loss: 0.503212 
test_loss: 0.50138 
train_loss: 0.500118 
test_loss: 0.50094 
train_loss: 0.495746 
test_loss: 0.500493 
train_loss: 0.497537 
test_loss: 0.500013 
train_loss: 0.497859 
test_loss: 0.499536 
train_loss: 0.501738 
test_loss: 0.499031 
train_loss: 0.509693 
test_loss: 0.498521 
train_loss: 0.500901 
test_loss: 0.497992 
train_loss: 0.50685 
test_loss: 0.497475 
train_loss: 0.498274 
test_loss: 0.496902 
train_loss: 0.502148 
test_loss: 0.496343 
train_loss: 0.486843 
test_loss: 0.495773 
train_loss: 0.497933 
test_loss: 0.49518 
train_loss: 0.494528 
test_loss: 0.494575 
train_loss: 0.485807 
test_loss: 0.493961 
train_loss: 0.497282 
test_loss: 0.493315 
train_loss: 0.492162 
test_loss: 0.492675 
train_loss: 0.488494 
test_loss: 0.492006 
train_loss: 0.48525 
test_loss: 0.491325 
train_loss: 0.499235 
test_loss: 0.490623 
train_loss: 0.487925 
test_loss: 0.489916 
train_loss: 0.479039 
test_loss: 0.489189 
train_loss: 0.482262 
test_loss: 0.48844 
train_loss: 0.490032 
test_loss: 0.48768 
train_loss: 0.488643 
test_loss: 0.486889 
train_loss: 0.488082 
test_loss: 0.486108 
train_loss: 0.481524 
test_loss: 0.485267 
train_loss: 0.479885 
test_loss: 0.484429 
train_loss: 0.48377 
test_loss: 0.483587 
train_loss: 0.473433 
test_loss: 0.482696 
train_loss: 0.484045 
test_loss: 0.4818 
train_loss: 0.477168 
test_loss: 0.48088 
train_loss: 0.472546 
test_loss: 0.479942 
train_loss: 0.475232 
test_loss: 0.478984 
train_loss: 0.478735 
test_loss: 0.478009 
train_loss: 0.470946 
test_loss: 0.476999 
train_loss: 0.479598 
test_loss: 0.475958 
train_loss: 0.470293 
test_loss: 0.474921 
train_loss: 0.471758 
test_loss: 0.473842 
train_loss: 0.479087 
test_loss: 0.472732 
train_loss: 0.467304 
test_loss: 0.471635 
train_loss: 0.469374 
test_loss: 0.470491 
train_loss: 0.471627 
test_loss: 0.469286 
train_loss: 0.464661 
test_loss: 0.468102 
train_loss: 0.472446 
test_loss: 0.466889 
train_loss: 0.463536 
test_loss: 0.465633 
train_loss: 0.459108 
test_loss: 0.464353 
train_loss: 0.461732 
test_loss: 0.463043 
train_loss: 0.464286 
test_loss: 0.461721 
train_loss: 0.459769 
test_loss: 0.460348 
train_loss: 0.466034 
test_loss: 0.458966 
train_loss: 0.457085 
test_loss: 0.457521 
train_loss: 0.455571 
test_loss: 0.456092 
train_loss: 0.454801 
test_loss: 0.454591 
train_loss: 0.452416 
test_loss: 0.453099 
train_loss: 0.460404 
test_loss: 0.451555 
train_loss: 0.444669 
test_loss: 0.449963 
train_loss: 0.452055 
test_loss: 0.448383 
train_loss: 0.440802 
test_loss: 0.446741 
train_loss: 0.449286 
test_loss: 0.445067 
train_loss: 0.444119 
test_loss: 0.443354 
train_loss: 0.437822 
test_loss: 0.441621 
train_loss: 0.444311 
test_loss: 0.439854 
train_loss: 0.437244 
test_loss: 0.438022 
train_loss: 0.434021 
test_loss: 0.436178 
train_loss: 0.437398 
test_loss: 0.434309 
train_loss: 0.439043 
test_loss: 0.432374 
train_loss: 0.42912 
test_loss: 0.43042 
train_loss: 0.420376 
test_loss: 0.428425 
train_loss: 0.425097 
test_loss: 0.426392 
train_loss: 0.423713 
test_loss: 0.424302 
train_loss: 0.426372 
test_loss: 0.422206 
train_loss: 0.420772 
test_loss: 0.420052 
train_loss: 0.41478 
test_loss: 0.417857 
train_loss: 0.413248 
test_loss: 0.415631 
train_loss: 0.41376 
test_loss: 0.413356 
train_loss: 0.417867 
test_loss: 0.411028 
train_loss: 0.404502 
test_loss: 0.408666 
train_loss: 0.401662 
test_loss: 0.406294 
train_loss: 0.404171 
test_loss: 0.403839 
train_loss: 0.401108 
test_loss: 0.40136 
train_loss: 0.400399 
test_loss: 0.398826 
train_loss: 0.39312 
test_loss: 0.396264 
train_loss: 0.391642 
test_loss: 0.393651 
train_loss: 0.392217 
test_loss: 0.390999 
train_loss: 0.389568 
test_loss: 0.388282 
train_loss: 0.389395 
test_loss: 0.385549 
train_loss: 0.382093 
test_loss: 0.382763 
train_loss: 0.379822 
test_loss: 0.379908 
train_loss: 0.383754 
test_loss: 0.377044 
train_loss: 0.377275 
test_loss: 0.37411 
train_loss: 0.370181 
test_loss: 0.371164 
train_loss: 0.370686 
test_loss: 0.368134 
train_loss: 0.363217 
test_loss: 0.365073 
train_loss: 0.364861 
test_loss: 0.361959 
train_loss: 0.356564 
test_loss: 0.35883 
train_loss: 0.360423 
test_loss: 0.355614 
train_loss: 0.347343 
test_loss: 0.352381 
train_loss: 0.350815 
test_loss: 0.349078 
train_loss: 0.34547 
test_loss: 0.345724 
train_loss: 0.341155 
test_loss: 0.342338 
train_loss: 0.33999 
test_loss: 0.338886 
train_loss: 0.329581 
test_loss: 0.335397 
train_loss: 0.333567 
test_loss: 0.331854 
train_loss: 0.331104 
test_loss: 0.328246 
train_loss: 0.325905 
test_loss: 0.32459 
train_loss: 0.318452 
test_loss: 0.320879 
train_loss: 0.312619 
test_loss: 0.317133 
train_loss: 0.319895 
test_loss: 0.313306 
train_loss: 0.30942 
test_loss: 0.309443 
train_loss: 0.312368 
test_loss: 0.305513 
train_loss: 0.297714 
test_loss: 0.301518 
train_loss: 0.294879 
test_loss: 0.297468 
train_loss: 0.295961 
test_loss: 0.293362 
train_loss: 0.288789 
test_loss: 0.289197 
train_loss: 0.286958 
test_loss: 0.284988 
train_loss: 0.278553 
test_loss: 0.280742 
train_loss: 0.278022 
test_loss: 0.276437 
train_loss: 0.268823 
test_loss: 0.272086 
train_loss: 0.267875 
test_loss: 0.267693 
train_loss: 0.264657 
test_loss: 0.263259 
train_loss: 0.258111 
test_loss: 0.258782 
train_loss: 0.253394 
test_loss: 0.254273 
train_loss: 0.248376 
test_loss: 0.249705 
train_loss: 0.249449 
test_loss: 0.245083 
train_loss: 0.241779 
test_loss: 0.240424 
train_loss: 0.235359 
test_loss: 0.235705 
train_loss: 0.227993 
test_loss: 0.23093 
train_loss: 0.225832 
test_loss: 0.226061 
train_loss: 0.221655 
test_loss: 0.221141 
train_loss: 0.216705 
test_loss: 0.216138 
train_loss: 0.214882 
test_loss: 0.211044 
train_loss: 0.202194 
test_loss: 0.205905 
train_loss: 0.198106 
test_loss: 0.200656 
train_loss: 0.197687 
test_loss: 0.195351 
train_loss: 0.189233 
test_loss: 0.189972 
train_loss: 0.185707 
test_loss: 0.184513 
train_loss: 0.18075 
test_loss: 0.178989 
train_loss: 0.167664 
test_loss: 0.173389 
train_loss: 0.16787 
test_loss: 0.167714 
train_loss: 0.160483 
test_loss: 0.161968 
train_loss: 0.159199 
test_loss: 0.15617 
train_loss: 0.153292 
test_loss: 0.150396 
train_loss: 0.145341 
test_loss: 0.144705 
train_loss: 0.141084 
test_loss: 0.139201 
train_loss: 0.133352 
test_loss: 0.134002 
train_loss: 0.128805 
test_loss: 0.129241 
train_loss: 0.12652 
test_loss: 0.124957 
train_loss: 0.120866 
test_loss: 0.121205 
train_loss: 0.114738 
test_loss: 0.117975 
train_loss: 0.11419 
test_loss: 0.115218 
train_loss: 0.113972 
test_loss: 0.112913 
train_loss: 0.113517 
test_loss: 0.110983 
train_loss: 0.108959 
test_loss: 0.109364 
train_loss: 0.107385 
test_loss: 0.108019 
train_loss: 0.105227 
test_loss: 0.106909 
train_loss: 0.106132 
test_loss: 0.105979 
train_loss: 0.103546 
test_loss: 0.105201 
train_loss: 0.101485 
test_loss: 0.104558 
train_loss: 0.110004 
test_loss: 0.103998 
train_loss: 0.102242 
test_loss: 0.103553 
train_loss: 0.10347 
test_loss: 0.103164 
train_loss: 0.101854 
test_loss: 0.102818 
train_loss: 0.0998935 
test_loss: 0.102536 
train_loss: 0.105458 
test_loss: 0.102285 
train_loss: 0.102412 
test_loss: 0.102079 
train_loss: 0.0992713 
test_loss: 0.101894 
train_loss: 0.103049 
test_loss: 0.101739 
train_loss: 0.100918 
test_loss: 0.101582 
train_loss: 0.104959 
test_loss: 0.101463 
train_loss: 0.0993039 
test_loss: 0.101332 
train_loss: 0.103959 
test_loss: 0.101235 
train_loss: 0.103523 
test_loss: 0.101138 
train_loss: 0.0985342 
test_loss: 0.101064 
train_loss: 0.0981412 
test_loss: 0.100969 
train_loss: 0.102076 
test_loss: 0.100874 
train_loss: 0.101617 
test_loss: 0.100812 
train_loss: 0.101661 
test_loss: 0.100737 
train_loss: 0.101981 
test_loss: 0.100666 
train_loss: 0.096688 
test_loss: 0.100607 
train_loss: 0.0991446 
test_loss: 0.100516 
train_loss: 0.0982913 
test_loss: 0.100456 
train_loss: 0.0962433 
test_loss: 0.100394 
train_loss: 0.0986486 
test_loss: 0.10033 
train_loss: 0.0988582 
test_loss: 0.100254 
train_loss: 0.09673 
test_loss: 0.100184 
train_loss: 0.0986746 
test_loss: 0.10012 
train_loss: 0.10018 
test_loss: 0.100051 
train_loss: 0.0952621 
test_loss: 0.0999807 
train_loss: 0.101152 
test_loss: 0.0998779 
train_loss: 0.0966283 
test_loss: 0.0998137 
train_loss: 0.0987187 
test_loss: 0.0997268 
train_loss: 0.0981406 
test_loss: 0.0996445 
train_loss: 0.0994694 
test_loss: 0.0995525 
train_loss: 0.101891 
test_loss: 0.0994452 
train_loss: 0.0955329 
test_loss: 0.0993733 
train_loss: 0.0986537 
test_loss: 0.0992644 
train_loss: 0.0999451 
test_loss: 0.0991621 
train_loss: 0.100802 
test_loss: 0.0990242 
train_loss: 0.0966422 
test_loss: 0.0989096 
train_loss: 0.100571 
test_loss: 0.0988051 
train_loss: 0.0996547 
test_loss: 0.0986706 
train_loss: 0.101941 
test_loss: 0.0985354 
train_loss: 0.0977914 
test_loss: 0.0983605 
train_loss: 0.0984524 
test_loss: 0.0982165 
train_loss: 0.0994221 
test_loss: 0.0980577 
train_loss: 0.0984809 
test_loss: 0.0978804 
train_loss: 0.0983052 
test_loss: 0.0976772 
train_loss: 0.0946996 
test_loss: 0.0974703 
train_loss: 0.0997277 
test_loss: 0.0972725 
train_loss: 0.0939709 
test_loss: 0.0970732 
train_loss: 0.0993778 
test_loss: 0.0968167 
train_loss: 0.0936514 
test_loss: 0.0965507 
train_loss: 0.0937177 
test_loss: 0.0962753 
train_loss: 0.0960489 
test_loss: 0.0960346 
train_loss: 0.0935954 
test_loss: 0.0957293 
train_loss: 0.0950786 
test_loss: 0.0954157 
train_loss: 0.0954797 
test_loss: 0.095042 
train_loss: 0.0969689 
test_loss: 0.0947142 
train_loss: 0.0879092 
test_loss: 0.0943412 
train_loss: 0.0967645 
test_loss: 0.0939369 
train_loss: 0.0944579 
test_loss: 0.0935416 
train_loss: 0.0928116 
test_loss: 0.0931117 
train_loss: 0.0908258 
test_loss: 0.092667 
train_loss: 0.0911483 
test_loss: 0.0922063 
train_loss: 0.0924976 
test_loss: 0.0917058 
train_loss: 0.0864429 
test_loss: 0.0912133 
train_loss: 0.0890316 
test_loss: 0.0906733 
train_loss: 0.0878319 
test_loss: 0.0901312 
train_loss: 0.0940906 
test_loss: 0.0896278 
train_loss: 0.0917917 
test_loss: 0.0890712 
train_loss: 0.0896296 
test_loss: 0.0884972 
train_loss: 0.0907933 
test_loss: 0.0879117 
train_loss: 0.0818161 
test_loss: 0.0873145 
train_loss: 0.0820456 
test_loss: 0.0867675 
train_loss: 0.0875654 
test_loss: 0.086087 
train_loss: 0.0845328 
test_loss: 0.0854961 
train_loss: 0.0788575 
test_loss: 0.0849166 
train_loss: 0.0822119 
test_loss: 0.0843019 
train_loss: 0.0847431 
test_loss: 0.0836936 
train_loss: 0.0825264 
test_loss: 0.0830753 
train_loss: 0.080976 
test_loss: 0.0824549 
train_loss: 0.0828311 
test_loss: 0.0818545 
train_loss: 0.0806595 
test_loss: 0.0812623 
train_loss: 0.0774392 
test_loss: 0.0806248 
train_loss: 0.0766143 
test_loss: 0.0800073 
train_loss: 0.0812784 
test_loss: 0.0793912 
train_loss: 0.0797777 
test_loss: 0.0788095 
train_loss: 0.0747338 
test_loss: 0.0782392 
train_loss: 0.0827322 
test_loss: 0.0776625 
train_loss: 0.0798019 
test_loss: 0.0770826 
train_loss: 0.0733198 
test_loss: 0.0765453 
train_loss: 0.077618 
test_loss: 0.0760768 
train_loss: 0.076017 
test_loss: 0.0755464 
train_loss: 0.0744805 
test_loss: 0.0750685 
train_loss: 0.0721168 
test_loss: 0.0745722 
train_loss: 0.0755339 
test_loss: 0.0741519 
train_loss: 0.0747145 
test_loss: 0.073751 
train_loss: 0.0721484 
test_loss: 0.073337 
train_loss: 0.0722416 
test_loss: 0.0729499 
train_loss: 0.0726864 
test_loss: 0.0726014 
train_loss: 0.0721162 
test_loss: 0.0721754 
train_loss: 0.0705184 
test_loss: 0.0717852 
train_loss: 0.0689564 
test_loss: 0.0714597 
train_loss: 0.069111 
test_loss: 0.0710922 
train_loss: 0.0711144 
test_loss: 0.0707126 
train_loss: 0.0708215 
test_loss: 0.0703592 
train_loss: 0.070629 
test_loss: 0.069991 
train_loss: 0.0654458 
test_loss: 0.0696323 
train_loss: 0.0690102 
test_loss: 0.0692748 
train_loss: 0.0662274 
test_loss: 0.068866 
train_loss: 0.0648564 
test_loss: 0.0685045 
train_loss: 0.068959 
test_loss: 0.0681222 
train_loss: 0.0666281 
test_loss: 0.0678105 
train_loss: 0.0627114 
test_loss: 0.0673696 
train_loss: 0.0652405 
test_loss: 0.0669638 
train_loss: 0.0638974 
test_loss: 0.0665769 
train_loss: 0.0634435 
test_loss: 0.0661798 
train_loss: 0.0627082 
test_loss: 0.0657621 
train_loss: 0.0647332 
test_loss: 0.0653723 
train_loss: 0.0650066 
test_loss: 0.0650217 
train_loss: 0.0675485 
test_loss: 0.064412 
train_loss: 0.0606634 
test_loss: 0.0639055 
train_loss: 0.0624646 
test_loss: 0.0635281 
train_loss: 0.063343 
test_loss: 0.0631448 
train_loss: 0.0623652 
test_loss: 0.0628117 
train_loss: 0.0634798 
test_loss: 0.0623052 
train_loss: 0.0596057 
test_loss: 0.0618373 
train_loss: 0.0590901 
test_loss: 0.0615155 
train_loss: 0.0603045 
test_loss: 0.0610844 
train_loss: 0.0634837 
test_loss: 0.0606855 
train_loss: 0.062919 
test_loss: 0.0605381 
train_loss: 0.0605655 
test_loss: 0.0599151 
train_loss: 0.0591245 
test_loss: 0.0596223 
train_loss: 0.0552817 
test_loss: 0.0592362 
train_loss: 0.0606465 
test_loss: 0.0588123 
train_loss: 0.062666 
test_loss: 0.0582446 
train_loss: 0.0597407 
test_loss: 0.0577987 
train_loss: 0.0560468 
test_loss: 0.0577128 
train_loss: 0.0564144 
test_loss: 0.0570205 
train_loss: 0.0588857 
test_loss: 0.0565051 
train_loss: 0.054667 
test_loss: 0.0561514 
train_loss: 0.0526948 
test_loss: 0.0560065 
train_loss: 0.0544639 
test_loss: 0.0553271 
train_loss: 0.0548226 
test_loss: 0.0545514 
train_loss: 0.0549119 
test_loss: 0.0540758 
train_loss: 0.0542839 
test_loss: 0.0534972 
train_loss: 0.0541992 
test_loss: 0.0526347 
train_loss: 0.0527207 
test_loss: 0.0523783 
train_loss: 0.0523157 
test_loss: 0.0513413 
train_loss: 0.0476626 
test_loss: 0.0520751 
train_loss: 0.047417 
test_loss: 0.0504812 
train_loss: 0.0475291 
test_loss: 0.0491162 
train_loss: 0.04643 
test_loss: 0.048205 
train_loss: 0.0453996 
test_loss: 0.0471742 
train_loss: 0.0468763 
test_loss: 0.0465729 
train_loss: 0.0432971 
test_loss: 0.0465443 
train_loss: 0.0439595 
test_loss: 0.0450798 
train_loss: 0.0421526 
test_loss: 0.0440288 
train_loss: 0.0387306 
test_loss: 0.0422901 
train_loss: 0.0382675 
test_loss: 0.0406869 
train_loss: 0.0414111 
test_loss: 0.0399168 
train_loss: 0.0408507 
test_loss: 0.0392203 
train_loss: 0.0380245 
test_loss: 0.0395048 
train_loss: 0.0363088 
test_loss: 0.0362185 
train_loss: 0.0342811 
test_loss: 0.0351044 
train_loss: 0.0334503 
test_loss: 0.0344048 
train_loss: 0.0325301 
test_loss: 0.0332023 
train_loss: 0.0322129 
test_loss: 0.0321494 
train_loss: 0.0341363 
test_loss: 0.0334758 
train_loss: 0.0292049 
test_loss: 0.0311884 
train_loss: 0.0309652 
test_loss: 0.0306511 
train_loss: 0.0279411 
test_loss: 0.0294211 
train_loss: 0.0271007 
test_loss: 0.0282953 
train_loss: 0.0271213 
test_loss: 0.0277181 
train_loss: 0.0250439 
test_loss: 0.0273002 
train_loss: 0.0279288 
test_loss: 0.0270358 
train_loss: 0.0248369 
test_loss: 0.0259851 
train_loss: 0.0281157 
test_loss: 0.0276812 
train_loss: 0.0258727 
test_loss: 0.0249457 
train_loss: 0.0255377 
test_loss: 0.0255115 
train_loss: 0.0242361 
test_loss: 0.025948 
train_loss: 0.0239058 
test_loss: 0.0250643 
train_loss: 0.0223601 
test_loss: 0.0238832 
train_loss: 0.0266563 
test_loss: 0.0243165 
train_loss: 0.0241279 
test_loss: 0.0242389 
train_loss: 0.0247116 
test_loss: 0.0246821 
train_loss: 0.0248772 
test_loss: 0.0230622 
train_loss: 0.0222256 
test_loss: 0.0224855 
train_loss: 0.022463 
test_loss: 0.0256732 
train_loss: 0.021908 
test_loss: 0.0220996 
train_loss: 0.0218784 
test_loss: 0.0247029 
train_loss: 0.0221347 
test_loss: 0.0228549 
train_loss: 0.0204586 
test_loss: 0.0225955 
train_loss: 0.0209491 
test_loss: 0.022073 
train_loss: 0.021944 
test_loss: 0.0215582 
train_loss: 0.0227298 
test_loss: 0.0229945 
train_loss: 0.0207418 
test_loss: 0.0210272 
train_loss: 0.0226174 
test_loss: 0.0210177 
train_loss: 0.0201303 
test_loss: 0.0216109 
train_loss: 0.0203172 
test_loss: 0.0213282 
train_loss: 0.0216496 
test_loss: 0.0227054 
train_loss: 0.020172 
test_loss: 0.0209214 
train_loss: 0.0204474 
test_loss: 0.0206256 
train_loss: 0.0192994 
test_loss: 0.020393 
train_loss: 0.0215557 
test_loss: 0.0224416 
train_loss: 0.0189996 
test_loss: 0.0208391 
train_loss: 0.0204645 
test_loss: 0.0209076 
train_loss: 0.0185824 
test_loss: 0.019621 
train_loss: 0.0198782 
test_loss: 0.0203117 
train_loss: 0.0190899 
test_loss: 0.0200591 
train_loss: 0.0197939 
test_loss: 0.0198857 
train_loss: 0.0221925 
test_loss: 0.0198641 
train_loss: 0.0199107 
test_loss: 0.0218528 
train_loss: 0.0189581 
test_loss: 0.0199345 
train_loss: 0.0197897 
test_loss: 0.0196556 
train_loss: 0.0172925 
test_loss: 0.0194882 
train_loss: 0.0168693 
test_loss: 0.0191415 
train_loss: 0.0188585 
test_loss: 0.0199754 
train_loss: 0.0180191 
test_loss: 0.0193725 
train_loss: 0.0185786 
test_loss: 0.018946 
train_loss: 0.0197691 
test_loss: 0.0196138 
train_loss: 0.0170761 
test_loss: 0.0193385 
train_loss: 0.0200538 
test_loss: 0.019808 
train_loss: 0.0182485 
test_loss: 0.0187604 
train_loss: 0.0189402 
test_loss: 0.0192932 
train_loss: 0.0197904 
test_loss: 0.019369 
train_loss: 0.0181458 
test_loss: 0.0190525 
train_loss: 0.0181604 
test_loss: 0.0188193 
train_loss: 0.0175507 
test_loss: 0.0186757 
train_loss: 0.0173361 
test_loss: 0.018806 
train_loss: 0.0183661 
test_loss: 0.0195916 
train_loss: 0.0185305 
test_loss: 0.0180856 
train_loss: 0.0175266 
test_loss: 0.0181442 
train_loss: 0.0161965 
test_loss: 0.0189352 
train_loss: 0.0167982 
test_loss: 0.0182277 
train_loss: 0.0169171 
test_loss: 0.0176219 
train_loss: 0.0165896 
test_loss: 0.0175803 
train_loss: 0.0170152 
test_loss: 0.0178546 
train_loss: 0.0162508 
test_loss: 0.0172846 
train_loss: 0.0179748 
test_loss: 0.0174576 
train_loss: 0.0168067 
test_loss: 0.0174321 
train_loss: 0.0160479 
test_loss: 0.0173045 
train_loss: 0.0186562 
test_loss: 0.0173225 
train_loss: 0.0159281 
test_loss: 0.017463 
train_loss: 0.0156743 
test_loss: 0.0167609 
train_loss: 0.0165242 
test_loss: 0.0167747 
train_loss: 0.0160864 
test_loss: 0.0166379 
train_loss: 0.0169011 
test_loss: 0.016922 
train_loss: 0.0156121 
test_loss: 0.0169062 
train_loss: 0.0152158 
test_loss: 0.0177796 
