train_loss: 0.090989 
test_loss: 0.091239 
train_loss: 0.079417 
test_loss: 0.078169 
train_loss: 0.064475 
test_loss: 0.063561 
train_loss: 0.052139 
test_loss: 0.051343 
train_loss: 0.043762 
test_loss: 0.044328 
train_loss: 0.039186 
test_loss: 0.038590 
train_loss: 0.034254 
test_loss: 0.033769 
train_loss: 0.030706 
test_loss: 0.030287 
train_loss: 0.026462 
test_loss: 0.026976 
train_loss: 0.025236 
test_loss: 0.024439 
train_loss: 0.022123 
test_loss: 0.022632 
train_loss: 0.020286 
test_loss: 0.021130 
train_loss: 0.020069 
test_loss: 0.020220 
train_loss: 0.019076 
test_loss: 0.019413 
train_loss: 0.019120 
test_loss: 0.019109 
train_loss: 0.017397 
test_loss: 0.017979 
train_loss: 0.016988 
test_loss: 0.017881 
train_loss: 0.016441 
test_loss: 0.016753 
train_loss: 0.016665 
test_loss: 0.016788 
train_loss: 0.015712 
test_loss: 0.015941 
train_loss: 0.015184 
test_loss: 0.015292 
train_loss: 0.015112 
test_loss: 0.015821 
train_loss: 0.014282 
test_loss: 0.015036 
train_loss: 0.014499 
test_loss: 0.014535 
train_loss: 0.014200 
test_loss: 0.014836 
train_loss: 0.014210 
test_loss: 0.013863 
train_loss: 0.013564 
test_loss: 0.013518 
train_loss: 0.013738 
test_loss: 0.013650 
train_loss: 0.013237 
test_loss: 0.013594 
train_loss: 0.012671 
test_loss: 0.012752 
train_loss: 0.012783 
test_loss: 0.013109 
train_loss: 0.012395 
test_loss: 0.012667 
train_loss: 0.012577 
test_loss: 0.012684 
train_loss: 0.012107 
test_loss: 0.012582 
train_loss: 0.011829 
test_loss: 0.012562 
train_loss: 0.012171 
test_loss: 0.012753 
train_loss: 0.011633 
test_loss: 0.012012 
train_loss: 0.011588 
test_loss: 0.011947 
train_loss: 0.011350 
test_loss: 0.011696 
train_loss: 0.011853 
test_loss: 0.011986 
train_loss: 0.011153 
test_loss: 0.011875 
train_loss: 0.011127 
test_loss: 0.011603 
train_loss: 0.010918 
test_loss: 0.011311 
train_loss: 0.011284 
test_loss: 0.010916 
train_loss: 0.010522 
test_loss: 0.011422 
train_loss: 0.010744 
test_loss: 0.011268 
train_loss: 0.010770 
test_loss: 0.010921 
train_loss: 0.010836 
test_loss: 0.010436 
train_loss: 0.010291 
test_loss: 0.010480 
train_loss: 0.009945 
test_loss: 0.011186 
train_loss: 0.010147 
test_loss: 0.010473 
train_loss: 0.010149 
test_loss: 0.010799 
train_loss: 0.010171 
test_loss: 0.010518 
train_loss: 0.009597 
test_loss: 0.010102 
train_loss: 0.009970 
test_loss: 0.010116 
train_loss: 0.010354 
test_loss: 0.010285 
train_loss: 0.009508 
test_loss: 0.010218 
train_loss: 0.009491 
test_loss: 0.009874 
train_loss: 0.009482 
test_loss: 0.009702 
train_loss: 0.009701 
test_loss: 0.009669 
train_loss: 0.009762 
test_loss: 0.009801 
train_loss: 0.009136 
test_loss: 0.009396 
train_loss: 0.009230 
test_loss: 0.009642 
train_loss: 0.009224 
test_loss: 0.009541 
train_loss: 0.009207 
test_loss: 0.009530 
train_loss: 0.009150 
test_loss: 0.009305 
train_loss: 0.009723 
test_loss: 0.009909 
train_loss: 0.009021 
test_loss: 0.009472 
train_loss: 0.009115 
test_loss: 0.009201 
train_loss: 0.008978 
test_loss: 0.009724 
train_loss: 0.009009 
test_loss: 0.009114 
train_loss: 0.009138 
test_loss: 0.009391 
train_loss: 0.009151 
test_loss: 0.008885 
train_loss: 0.008758 
test_loss: 0.008993 
train_loss: 0.008872 
test_loss: 0.009321 
train_loss: 0.008928 
test_loss: 0.008958 
train_loss: 0.008695 
test_loss: 0.008914 
train_loss: 0.008981 
test_loss: 0.009140 
train_loss: 0.008247 
test_loss: 0.008540 
train_loss: 0.009225 
test_loss: 0.008870 
train_loss: 0.008705 
test_loss: 0.008969 
train_loss: 0.008381 
test_loss: 0.009145 
train_loss: 0.008477 
test_loss: 0.008318 
train_loss: 0.008703 
test_loss: 0.008830 
train_loss: 0.008463 
test_loss: 0.008432 
train_loss: 0.008028 
test_loss: 0.008662 
train_loss: 0.007816 
test_loss: 0.008257 
train_loss: 0.008188 
test_loss: 0.008644 
train_loss: 0.008572 
test_loss: 0.008557 
train_loss: 0.008257 
test_loss: 0.008390 
train_loss: 0.008264 
test_loss: 0.008702 
train_loss: 0.008067 
test_loss: 0.008242 
train_loss: 0.008243 
test_loss: 0.008717 
train_loss: 0.008165 
test_loss: 0.008547 
train_loss: 0.008332 
test_loss: 0.008425 
train_loss: 0.007916 
test_loss: 0.008180 
train_loss: 0.008641 
test_loss: 0.008530 
train_loss: 0.008247 
test_loss: 0.008468 
train_loss: 0.008191 
test_loss: 0.008789 
train_loss: 0.007839 
test_loss: 0.008193 
train_loss: 0.007666 
test_loss: 0.008181 
train_loss: 0.007868 
test_loss: 0.007752 
train_loss: 0.007772 
test_loss: 0.008155 
train_loss: 0.007683 
test_loss: 0.007964 
train_loss: 0.007766 
test_loss: 0.008103 
train_loss: 0.007353 
test_loss: 0.007935 
train_loss: 0.007627 
test_loss: 0.007669 
train_loss: 0.007523 
test_loss: 0.007796 
train_loss: 0.008269 
test_loss: 0.008279 
train_loss: 0.007749 
test_loss: 0.007862 
train_loss: 0.007491 
test_loss: 0.007726 
train_loss: 0.007823 
test_loss: 0.007895 
train_loss: 0.007495 
test_loss: 0.007457 
train_loss: 0.007547 
test_loss: 0.007563 
train_loss: 0.007294 
test_loss: 0.007439 
train_loss: 0.007251 
test_loss: 0.007646 
train_loss: 0.007826 
test_loss: 0.008047 
train_loss: 0.007436 
test_loss: 0.007896 
train_loss: 0.007615 
test_loss: 0.007984 
train_loss: 0.007376 
test_loss: 0.007625 
train_loss: 0.007671 
test_loss: 0.007776 
