train_loss: 0.103395 
test_loss: 0.103253 
train_loss: 0.094902 
test_loss: 0.095500 
train_loss: 0.080345 
test_loss: 0.081685 
train_loss: 0.069916 
test_loss: 0.070434 
train_loss: 0.062891 
test_loss: 0.064229 
train_loss: 0.062987 
test_loss: 0.061319 
train_loss: 0.056541 
test_loss: 0.059912 
train_loss: 0.055578 
test_loss: 0.058452 
train_loss: 0.054216 
test_loss: 0.057462 
train_loss: 0.055197 
test_loss: 0.055659 
train_loss: 0.049563 
test_loss: 0.053348 
train_loss: 0.050486 
test_loss: 0.050173 
train_loss: 0.045177 
test_loss: 0.047776 
train_loss: 0.043510 
test_loss: 0.045538 
train_loss: 0.042045 
test_loss: 0.042772 
train_loss: 0.040966 
test_loss: 0.040664 
train_loss: 0.037082 
test_loss: 0.038080 
train_loss: 0.034260 
test_loss: 0.036850 
train_loss: 0.034765 
test_loss: 0.036165 
train_loss: 0.034034 
test_loss: 0.034217 
train_loss: 0.032982 
test_loss: 0.033366 
train_loss: 0.031087 
test_loss: 0.032209 
train_loss: 0.030504 
test_loss: 0.031205 
train_loss: 0.031090 
test_loss: 0.031064 
train_loss: 0.027308 
test_loss: 0.029813 
train_loss: 0.029068 
test_loss: 0.029009 
train_loss: 0.028153 
test_loss: 0.028727 
train_loss: 0.027782 
test_loss: 0.028132 
train_loss: 0.027849 
test_loss: 0.027933 
train_loss: 0.026041 
test_loss: 0.027435 
train_loss: 0.026150 
test_loss: 0.026805 
train_loss: 0.025804 
test_loss: 0.026647 
train_loss: 0.025720 
test_loss: 0.026358 
train_loss: 0.024486 
test_loss: 0.026725 
train_loss: 0.025175 
test_loss: 0.025739 
train_loss: 0.024240 
test_loss: 0.025633 
train_loss: 0.024432 
test_loss: 0.025280 
train_loss: 0.025019 
test_loss: 0.025239 
train_loss: 0.025003 
test_loss: 0.024997 
train_loss: 0.023058 
test_loss: 0.024783 
train_loss: 0.023814 
test_loss: 0.025629 
train_loss: 0.022790 
test_loss: 0.024353 
train_loss: 0.024406 
test_loss: 0.024004 
train_loss: 0.024601 
test_loss: 0.023931 
train_loss: 0.022971 
test_loss: 0.023754 
train_loss: 0.021781 
test_loss: 0.023343 
train_loss: 0.022916 
test_loss: 0.023102 
train_loss: 0.022874 
test_loss: 0.022748 
train_loss: 0.021515 
test_loss: 0.022824 
train_loss: 0.021284 
test_loss: 0.023791 
train_loss: 0.023229 
test_loss: 0.022556 
train_loss: 0.022055 
test_loss: 0.022247 
train_loss: 0.020787 
test_loss: 0.021965 
train_loss: 0.021476 
test_loss: 0.021833 
train_loss: 0.019949 
test_loss: 0.021727 
train_loss: 0.020820 
test_loss: 0.021734 
train_loss: 0.021239 
test_loss: 0.022255 
train_loss: 0.021115 
test_loss: 0.021484 
train_loss: 0.020518 
test_loss: 0.021401 
train_loss: 0.021899 
test_loss: 0.021895 
train_loss: 0.019567 
test_loss: 0.021145 
train_loss: 0.019325 
test_loss: 0.021500 
train_loss: 0.021494 
test_loss: 0.021323 
train_loss: 0.021656 
test_loss: 0.021545 
train_loss: 0.020590 
test_loss: 0.020728 
train_loss: 0.020799 
test_loss: 0.020606 
train_loss: 0.020348 
test_loss: 0.020564 
train_loss: 0.019994 
test_loss: 0.020972 
train_loss: 0.018665 
test_loss: 0.021087 
train_loss: 0.019410 
test_loss: 0.020345 
train_loss: 0.020087 
test_loss: 0.020077 
train_loss: 0.019036 
test_loss: 0.019884 
train_loss: 0.018794 
test_loss: 0.020216 
train_loss: 0.019702 
test_loss: 0.020420 
train_loss: 0.018962 
test_loss: 0.020084 
train_loss: 0.020376 
test_loss: 0.020877 
train_loss: 0.018334 
test_loss: 0.019930 
train_loss: 0.018983 
test_loss: 0.019815 
train_loss: 0.019201 
test_loss: 0.019911 
train_loss: 0.018352 
test_loss: 0.019867 
train_loss: 0.018998 
test_loss: 0.019763 
train_loss: 0.018603 
test_loss: 0.019660 
train_loss: 0.018279 
test_loss: 0.019492 
train_loss: 0.018675 
test_loss: 0.018878 
train_loss: 0.018416 
test_loss: 0.019322 
train_loss: 0.019728 
test_loss: 0.019972 
train_loss: 0.019886 
test_loss: 0.019321 
train_loss: 0.017819 
test_loss: 0.019387 
train_loss: 0.017749 
test_loss: 0.019647 
train_loss: 0.018616 
test_loss: 0.018920 
train_loss: 0.018097 
test_loss: 0.018784 
train_loss: 0.017622 
test_loss: 0.018740 
train_loss: 0.017940 
test_loss: 0.018967 
train_loss: 0.017650 
test_loss: 0.018910 
train_loss: 0.017643 
test_loss: 0.018254 
train_loss: 0.018011 
test_loss: 0.018359 
train_loss: 0.017623 
test_loss: 0.019106 
train_loss: 0.018509 
test_loss: 0.018897 
train_loss: 0.017809 
test_loss: 0.018719 
train_loss: 0.018169 
test_loss: 0.018634 
train_loss: 0.017806 
test_loss: 0.018071 
train_loss: 0.016939 
test_loss: 0.017947 
train_loss: 0.016582 
test_loss: 0.018302 
train_loss: 0.018596 
test_loss: 0.018728 
train_loss: 0.017950 
test_loss: 0.018899 
train_loss: 0.017057 
test_loss: 0.018456 
train_loss: 0.016772 
test_loss: 0.018154 
train_loss: 0.016511 
test_loss: 0.017942 
train_loss: 0.017730 
test_loss: 0.018778 
train_loss: 0.016214 
test_loss: 0.017780 
train_loss: 0.017050 
test_loss: 0.018550 
