train_loss: 0.088181 
test_loss: 0.088460 
train_loss: 0.075430 
test_loss: 0.074756 
train_loss: 0.061110 
test_loss: 0.061227 
train_loss: 0.047055 
test_loss: 0.047105 
train_loss: 0.037567 
test_loss: 0.037560 
train_loss: 0.032232 
test_loss: 0.032295 
train_loss: 0.027457 
test_loss: 0.027545 
train_loss: 0.024117 
test_loss: 0.024403 
train_loss: 0.021494 
test_loss: 0.022524 
train_loss: 0.019890 
test_loss: 0.020283 
train_loss: 0.018683 
test_loss: 0.019047 
train_loss: 0.017275 
test_loss: 0.017288 
train_loss: 0.016603 
test_loss: 0.016662 
train_loss: 0.016174 
test_loss: 0.016468 
train_loss: 0.015386 
test_loss: 0.015868 
train_loss: 0.014629 
test_loss: 0.015154 
train_loss: 0.013932 
test_loss: 0.014309 
train_loss: 0.013761 
test_loss: 0.013830 
train_loss: 0.013282 
test_loss: 0.013728 
train_loss: 0.013181 
test_loss: 0.013431 
train_loss: 0.012886 
test_loss: 0.013168 
train_loss: 0.012770 
test_loss: 0.012788 
train_loss: 0.012080 
test_loss: 0.013045 
train_loss: 0.011916 
test_loss: 0.012292 
train_loss: 0.011370 
test_loss: 0.012064 
train_loss: 0.011813 
test_loss: 0.012383 
train_loss: 0.010951 
test_loss: 0.011610 
train_loss: 0.011264 
test_loss: 0.011603 
train_loss: 0.011244 
test_loss: 0.011597 
train_loss: 0.011332 
test_loss: 0.011694 
train_loss: 0.011201 
test_loss: 0.010783 
train_loss: 0.010907 
test_loss: 0.010680 
train_loss: 0.010248 
test_loss: 0.011234 
train_loss: 0.010888 
test_loss: 0.010950 
train_loss: 0.010085 
test_loss: 0.010620 
train_loss: 0.010077 
test_loss: 0.010325 
train_loss: 0.010665 
test_loss: 0.010451 
train_loss: 0.010172 
test_loss: 0.010318 
train_loss: 0.010377 
test_loss: 0.010188 
train_loss: 0.009644 
test_loss: 0.010055 
train_loss: 0.009788 
test_loss: 0.009691 
train_loss: 0.009216 
test_loss: 0.010064 
train_loss: 0.009473 
test_loss: 0.010245 
train_loss: 0.009045 
test_loss: 0.009596 
train_loss: 0.008981 
test_loss: 0.009434 
train_loss: 0.008779 
test_loss: 0.009296 
train_loss: 0.009272 
test_loss: 0.009757 
train_loss: 0.009387 
test_loss: 0.009244 
train_loss: 0.009910 
test_loss: 0.009406 
train_loss: 0.008786 
test_loss: 0.008970 
train_loss: 0.008978 
test_loss: 0.009391 
train_loss: 0.008720 
test_loss: 0.009093 
train_loss: 0.008625 
test_loss: 0.008860 
train_loss: 0.009500 
test_loss: 0.008968 
train_loss: 0.008511 
test_loss: 0.009049 
train_loss: 0.008629 
test_loss: 0.008903 
train_loss: 0.008715 
test_loss: 0.008607 
train_loss: 0.009396 
test_loss: 0.008997 
train_loss: 0.008877 
test_loss: 0.008927 
train_loss: 0.008805 
test_loss: 0.008675 
train_loss: 0.008693 
test_loss: 0.009223 
train_loss: 0.008437 
test_loss: 0.008678 
train_loss: 0.008035 
test_loss: 0.008480 
train_loss: 0.008384 
test_loss: 0.008697 
train_loss: 0.008421 
test_loss: 0.008341 
train_loss: 0.008495 
test_loss: 0.009034 
train_loss: 0.007964 
test_loss: 0.008196 
train_loss: 0.008314 
test_loss: 0.008521 
train_loss: 0.008642 
test_loss: 0.008920 
train_loss: 0.007700 
test_loss: 0.008116 
train_loss: 0.007754 
test_loss: 0.007975 
train_loss: 0.007785 
test_loss: 0.008876 
train_loss: 0.008166 
test_loss: 0.008542 
train_loss: 0.007667 
test_loss: 0.007817 
train_loss: 0.007486 
test_loss: 0.008025 
train_loss: 0.007548 
test_loss: 0.008293 
train_loss: 0.007600 
test_loss: 0.008212 
train_loss: 0.007933 
test_loss: 0.008012 
train_loss: 0.007925 
test_loss: 0.008356 
train_loss: 0.007264 
test_loss: 0.007973 
train_loss: 0.007332 
test_loss: 0.008077 
