train_loss: 2.23892 
test_loss: 2.47039 
train_loss: 1.99936 
test_loss: 2.67248 
train_loss: 1.99904 
test_loss: 2.01084 
train_loss: 2.01827 
test_loss: 2.00255 
train_loss: 1.99954 
test_loss: 2.01704 
train_loss: 1.9981 
test_loss: 2.05341 
train_loss: 2.12886 
test_loss: 2.0076 
train_loss: 1.99897 
test_loss: 2.00355 
train_loss: 1.99888 
test_loss: 2.00743 
train_loss: 1.99873 
test_loss: 2.012 
train_loss: 2.85279 
test_loss: 2.00814 
train_loss: 1.99929 
test_loss: 2.02115 
train_loss: 1.99991 
test_loss: 2.02884 
train_loss: 2.06161 
test_loss: 2.01527 
train_loss: 2.00656 
test_loss: 2.01041 
train_loss: 2.18306 
test_loss: 2.01 
train_loss: 1.99985 
test_loss: 2.04661 
train_loss: 1.99812 
test_loss: 2.00964 
train_loss: 1.99868 
test_loss: 2.00643 
train_loss: 1.99959 
test_loss: 2.01569 
train_loss: 1.99807 
test_loss: 2.01663 
train_loss: 1.99963 
test_loss: 2.01145 
train_loss: 3.14777 
test_loss: 2.02079 
train_loss: 0.566535 
test_loss: 0.563663 
train_loss: 0.560849 
test_loss: 0.565876 
train_loss: 0.567509 
test_loss: 0.565901 
train_loss: 0.563647 
test_loss: 0.565899 
train_loss: 0.566429 
test_loss: 0.565902 
train_loss: 0.561241 
test_loss: 0.565903 
train_loss: 0.570428 
test_loss: 0.565894 
train_loss: 0.575202 
test_loss: 0.565907 
train_loss: 0.57072 
test_loss: 0.565884 
train_loss: 0.565854 
test_loss: 0.565905 
train_loss: 0.562308 
test_loss: 0.565887 
train_loss: 0.561283 
test_loss: 0.565912 
train_loss: 0.566688 
test_loss: 0.565896 
train_loss: 0.554692 
test_loss: 0.565915 
train_loss: 0.566132 
test_loss: 0.565899 
train_loss: 0.557466 
test_loss: 0.565905 
train_loss: 0.561069 
test_loss: 0.565902 
train_loss: 0.56188 
test_loss: 0.5659 
train_loss: 0.570374 
test_loss: 0.565903 
train_loss: 0.569609 
test_loss: 0.5659 
train_loss: 0.566214 
test_loss: 0.565907 
train_loss: 0.567163 
test_loss: 0.565905 
train_loss: 0.561849 
test_loss: 0.565921 
train_loss: 0.562139 
test_loss: 0.565904 
train_loss: 0.566612 
test_loss: 0.565913 
train_loss: 0.569667 
test_loss: 0.565902 
train_loss: 0.565769 
test_loss: 0.565906 
train_loss: 0.558209 
test_loss: 0.565898 
