train_loss: 0.483628 
test_loss: 0.490114 
train_loss: 0.481807 
test_loss: 0.485534 
train_loss: 0.482657 
test_loss: 0.480522 
train_loss: 0.473062 
test_loss: 0.474777 
train_loss: 0.468247 
test_loss: 0.468438 
train_loss: 0.455428 
test_loss: 0.461572 
train_loss: 0.453266 
test_loss: 0.454236 
train_loss: 0.450564 
test_loss: 0.446428 
train_loss: 0.437834 
test_loss: 0.438202 
train_loss: 0.427321 
test_loss: 0.429579 
train_loss: 0.416438 
test_loss: 0.420652 
train_loss: 0.41038 
test_loss: 0.41147 
train_loss: 0.402958 
test_loss: 0.401803 
train_loss: 0.397104 
test_loss: 0.391316 
train_loss: 0.379595 
test_loss: 0.379147 
train_loss: 0.361517 
test_loss: 0.364317 
train_loss: 0.351886 
test_loss: 0.346374 
train_loss: 0.326059 
test_loss: 0.32639 
train_loss: 0.309831 
test_loss: 0.306456 
train_loss: 0.287376 
test_loss: 0.286894 
train_loss: 0.267818 
test_loss: 0.268183 
train_loss: 0.253593 
test_loss: 0.250349 
train_loss: 0.232633 
test_loss: 0.233366 
train_loss: 0.215776 
test_loss: 0.217153 
train_loss: 0.204674 
test_loss: 0.201801 
train_loss: 0.184963 
test_loss: 0.187301 
train_loss: 0.17074 
test_loss: 0.173635 
train_loss: 0.160474 
test_loss: 0.160972 
train_loss: 0.152111 
test_loss: 0.149503 
train_loss: 0.138888 
test_loss: 0.13921 
train_loss: 0.129883 
test_loss: 0.130047 
train_loss: 0.12176 
test_loss: 0.121757 
train_loss: 0.113805 
test_loss: 0.11433 
train_loss: 0.106965 
test_loss: 0.107556 
train_loss: 0.102384 
test_loss: 0.101356 
train_loss: 0.0956443 
test_loss: 0.0956602 
train_loss: 0.0902345 
test_loss: 0.0904237 
train_loss: 0.085064 
test_loss: 0.0855989 
train_loss: 0.0798811 
test_loss: 0.0812148 
train_loss: 0.0772856 
test_loss: 0.0771978 
train_loss: 0.073035 
test_loss: 0.0735418 
train_loss: 0.0707407 
test_loss: 0.0702901 
train_loss: 0.0674179 
test_loss: 0.0673781 
train_loss: 0.0638978 
test_loss: 0.0647483 
train_loss: 0.0620423 
test_loss: 0.0624489 
train_loss: 0.0597987 
test_loss: 0.0603696 
train_loss: 0.0579042 
test_loss: 0.0585413 
train_loss: 0.0559704 
test_loss: 0.0569684 
train_loss: 0.0549952 
test_loss: 0.0554964 
train_loss: 0.0530106 
test_loss: 0.0542233 
train_loss: 0.0526272 
test_loss: 0.0531266 
train_loss: 0.0510297 
test_loss: 0.0521297 
train_loss: 0.0508288 
test_loss: 0.0512301 
train_loss: 0.0513255 
test_loss: 0.0503919 
train_loss: 0.0494253 
test_loss: 0.0496251 
train_loss: 0.0481386 
test_loss: 0.0490004 
train_loss: 0.0480528 
test_loss: 0.0483373 
train_loss: 0.0476506 
test_loss: 0.0477299 
train_loss: 0.0461917 
test_loss: 0.0472175 
train_loss: 0.0466735 
test_loss: 0.0466327 
train_loss: 0.0464138 
test_loss: 0.046136 
train_loss: 0.0450148 
test_loss: 0.0456266 
train_loss: 0.0453772 
test_loss: 0.0451575 
train_loss: 0.044252 
test_loss: 0.0446999 
train_loss: 0.0438507 
test_loss: 0.0441911 
train_loss: 0.0437079 
test_loss: 0.0437539 
train_loss: 0.0428803 
test_loss: 0.0432776 
train_loss: 0.0426892 
test_loss: 0.0428442 
train_loss: 0.0422249 
test_loss: 0.0423887 
train_loss: 0.0420071 
test_loss: 0.0419504 
train_loss: 0.0415898 
test_loss: 0.0414909 
train_loss: 0.0402411 
test_loss: 0.0410377 
train_loss: 0.0405483 
test_loss: 0.0406114 
train_loss: 0.0402682 
test_loss: 0.0401795 
train_loss: 0.0398892 
test_loss: 0.0397778 
train_loss: 0.0389078 
test_loss: 0.0393619 
train_loss: 0.0390402 
test_loss: 0.0389396 
train_loss: 0.0386295 
test_loss: 0.0384825 
train_loss: 0.0377638 
test_loss: 0.0379988 
train_loss: 0.0371913 
test_loss: 0.0375876 
train_loss: 0.0370861 
test_loss: 0.0371002 
train_loss: 0.0366082 
test_loss: 0.0366868 
train_loss: 0.0360053 
test_loss: 0.0362526 
train_loss: 0.035531 
test_loss: 0.0357441 
train_loss: 0.0352074 
test_loss: 0.0352508 
train_loss: 0.034716 
test_loss: 0.0347829 
train_loss: 0.0345784 
test_loss: 0.0342614 
train_loss: 0.0334502 
test_loss: 0.0337556 
train_loss: 0.0332415 
test_loss: 0.0332235 
train_loss: 0.0322144 
test_loss: 0.0327143 
train_loss: 0.0321006 
test_loss: 0.03217 
train_loss: 0.0316712 
test_loss: 0.031666 
train_loss: 0.0308866 
test_loss: 0.0310593 
train_loss: 0.0305312 
test_loss: 0.0305444 
train_loss: 0.0298431 
test_loss: 0.0299931 
train_loss: 0.0295257 
test_loss: 0.0294508 
train_loss: 0.0288462 
test_loss: 0.0288411 
train_loss: 0.0282463 
test_loss: 0.028337 
train_loss: 0.0281753 
test_loss: 0.0278117 
train_loss: 0.0273516 
test_loss: 0.0272719 
train_loss: 0.0265431 
test_loss: 0.0267541 
train_loss: 0.0262566 
test_loss: 0.0262094 
train_loss: 0.0255217 
test_loss: 0.0256921 
train_loss: 0.0248593 
test_loss: 0.0251686 
train_loss: 0.0246992 
test_loss: 0.0246713 
train_loss: 0.0236826 
test_loss: 0.0241659 
train_loss: 0.0234883 
test_loss: 0.0236309 
train_loss: 0.0230126 
test_loss: 0.0231396 
train_loss: 0.0227396 
test_loss: 0.0227526 
train_loss: 0.0222223 
test_loss: 0.0221944 
train_loss: 0.0214064 
test_loss: 0.0217076 
train_loss: 0.0210749 
test_loss: 0.0213407 
train_loss: 0.0206884 
test_loss: 0.0207935 
train_loss: 0.0207372 
test_loss: 0.020438 
train_loss: 0.0197272 
test_loss: 0.0199055 
train_loss: 0.0195327 
test_loss: 0.0194805 
train_loss: 0.0191894 
test_loss: 0.0190585 
train_loss: 0.0184486 
test_loss: 0.0185978 
train_loss: 0.0180057 
test_loss: 0.0181767 
train_loss: 0.0174439 
test_loss: 0.017693 
train_loss: 0.0168116 
test_loss: 0.017251 
train_loss: 0.0168507 
test_loss: 0.0168318 
train_loss: 0.0161259 
test_loss: 0.016443 
train_loss: 0.0158145 
test_loss: 0.0159453 
train_loss: 0.015318 
test_loss: 0.0155722 
train_loss: 0.0151268 
test_loss: 0.0151009 
train_loss: 0.0146278 
test_loss: 0.0147105 
train_loss: 0.0142313 
test_loss: 0.0143477 
train_loss: 0.0138764 
test_loss: 0.0138557 
train_loss: 0.0132747 
test_loss: 0.0134231 
train_loss: 0.0129049 
test_loss: 0.0131085 
train_loss: 0.0125233 
test_loss: 0.0126581 
train_loss: 0.0121754 
test_loss: 0.0122899 
train_loss: 0.0117767 
test_loss: 0.0119568 
train_loss: 0.0118402 
test_loss: 0.011648 
train_loss: 0.0112983 
test_loss: 0.0112923 
train_loss: 0.010691 
test_loss: 0.0109439 
train_loss: 0.0105712 
test_loss: 0.0106081 
train_loss: 0.0101713 
test_loss: 0.0102463 
train_loss: 0.00969709 
test_loss: 0.00994662 
train_loss: 0.00954593 
test_loss: 0.00968295 
train_loss: 0.00942476 
test_loss: 0.00948528 
train_loss: 0.00912055 
test_loss: 0.00921761 
train_loss: 0.00896565 
test_loss: 0.00893409 
train_loss: 0.00850747 
test_loss: 0.00871276 
train_loss: 0.00840778 
test_loss: 0.00848973 
train_loss: 0.00825049 
test_loss: 0.00828317 
train_loss: 0.00796327 
test_loss: 0.00807545 
train_loss: 0.0078955 
test_loss: 0.00790098 
train_loss: 0.00760877 
test_loss: 0.00764844 
train_loss: 0.00745943 
test_loss: 0.00754945 
train_loss: 0.00713428 
test_loss: 0.00732134 
train_loss: 0.00720703 
test_loss: 0.00731012 
train_loss: 0.00694343 
test_loss: 0.00697002 
train_loss: 0.00685381 
test_loss: 0.00676347 
train_loss: 0.00663727 
test_loss: 0.00676933 
train_loss: 0.00644641 
test_loss: 0.00653182 
train_loss: 0.00639509 
test_loss: 0.00653616 
train_loss: 0.00624347 
test_loss: 0.00628279 
train_loss: 0.00620001 
test_loss: 0.00631515 
train_loss: 0.00615096 
test_loss: 0.00622532 
train_loss: 0.00600009 
test_loss: 0.00616598 
train_loss: 0.00581849 
test_loss: 0.00586234 
train_loss: 0.00573233 
test_loss: 0.00587251 
train_loss: 0.00562769 
test_loss: 0.00571616 
train_loss: 0.00544477 
test_loss: 0.0055235 
train_loss: 0.00540634 
test_loss: 0.00552886 
train_loss: 0.0053307 
test_loss: 0.00547053 
train_loss: 0.00521302 
test_loss: 0.00528419 
train_loss: 0.00509693 
test_loss: 0.00516952 
train_loss: 0.00497818 
test_loss: 0.00514107 
train_loss: 0.00535857 
test_loss: 0.00523114 
train_loss: 0.00499105 
test_loss: 0.00512444 
train_loss: 0.00485843 
test_loss: 0.00487743 
train_loss: 0.00491885 
test_loss: 0.00476449 
train_loss: 0.00478531 
test_loss: 0.0046871 
train_loss: 0.00464697 
test_loss: 0.00466909 
train_loss: 0.00471582 
test_loss: 0.00459109 
train_loss: 0.00451041 
test_loss: 0.00480762 
train_loss: 0.00435279 
test_loss: 0.00443901 
train_loss: 0.00444932 
test_loss: 0.00440741 
train_loss: 0.00476656 
test_loss: 0.00448658 
train_loss: 0.00440066 
test_loss: 0.00460619 
train_loss: 0.00431601 
test_loss: 0.004264 
train_loss: 0.00418394 
test_loss: 0.00419293 
train_loss: 0.00427868 
test_loss: 0.00416019 
train_loss: 0.00399996 
test_loss: 0.00398971 
train_loss: 0.00392343 
test_loss: 0.00393785 
train_loss: 0.00398457 
test_loss: 0.00392187 
train_loss: 0.00389027 
test_loss: 0.00398232 
train_loss: 0.00393902 
test_loss: 0.0039771 
train_loss: 0.00386873 
test_loss: 0.00373097 
train_loss: 0.00364498 
test_loss: 0.00378555 
train_loss: 0.00376289 
test_loss: 0.0036801 
train_loss: 0.00383673 
test_loss: 0.00363625 
train_loss: 0.00351611 
test_loss: 0.00354413 
train_loss: 0.00360837 
test_loss: 0.00357986 
train_loss: 0.00347055 
test_loss: 0.00360133 
train_loss: 0.00362322 
test_loss: 0.00341787 
train_loss: 0.00354028 
test_loss: 0.00349844 
train_loss: 0.00342595 
test_loss: 0.00344367 
train_loss: 0.00326199 
test_loss: 0.00337985 
train_loss: 0.00357582 
test_loss: 0.0036196 
train_loss: 0.0034761 
test_loss: 0.0035629 
train_loss: 0.00322667 
test_loss: 0.00322581 
train_loss: 0.00344744 
test_loss: 0.0034191 
train_loss: 0.00332846 
test_loss: 0.00333117 
train_loss: 0.00314144 
test_loss: 0.0030173 
train_loss: 0.00305919 
test_loss: 0.00310301 
train_loss: 0.00322965 
test_loss: 0.00337506 
train_loss: 0.00314284 
test_loss: 0.00308563 
train_loss: 0.00354822 
test_loss: 0.00332956 
train_loss: 0.00295218 
test_loss: 0.00314699 
train_loss: 0.0029905 
test_loss: 0.00294237 
train_loss: 0.00294262 
test_loss: 0.00311703 
train_loss: 0.00299056 
test_loss: 0.00311242 
train_loss: 0.00296201 
test_loss: 0.00277876 
train_loss: 0.002827 
test_loss: 0.00271719 
train_loss: 0.0029198 
test_loss: 0.00322471 
train_loss: 0.00287486 
test_loss: 0.0029362 
train_loss: 0.00286452 
test_loss: 0.00308786 
