train_loss: 0.0534641 
test_loss: 0.0535832 
train_loss: 0.0382898 
test_loss: 0.0385436 
train_loss: 0.0174106 
test_loss: 0.0170336 
train_loss: 0.0128853 
test_loss: 0.0129934 
train_loss: 0.0121817 
test_loss: 0.0125182 
train_loss: 0.0121422 
test_loss: 0.0117731 
train_loss: 0.0116009 
test_loss: 0.0116698 
train_loss: 0.011614 
test_loss: 0.0115847 
train_loss: 0.01146 
test_loss: 0.0114986 
train_loss: 0.011379 
test_loss: 0.0115096 
train_loss: 0.0113294 
test_loss: 0.0115172 
train_loss: 0.0113981 
test_loss: 0.0113669 
train_loss: 0.0111699 
test_loss: 0.0114395 
train_loss: 0.0110762 
test_loss: 0.0113673 
train_loss: 0.0111806 
test_loss: 0.0114013 
train_loss: 0.011383 
test_loss: 0.0111856 
train_loss: 0.0112107 
test_loss: 0.011394 
train_loss: 0.0111909 
test_loss: 0.0113725 
train_loss: 0.0112777 
test_loss: 0.0113071 
train_loss: 0.0112651 
test_loss: 0.011383 
train_loss: 0.0109985 
test_loss: 0.0111475 
train_loss: 0.0107876 
test_loss: 0.0112702 
train_loss: 0.011138 
test_loss: 0.0110928 
train_loss: 0.0111446 
test_loss: 0.0110543 
train_loss: 0.0109754 
test_loss: 0.0112283 
train_loss: 0.0110759 
test_loss: 0.0110514 
train_loss: 0.0110528 
test_loss: 0.0116187 
train_loss: 0.0110999 
test_loss: 0.0111906 
train_loss: 0.0109322 
test_loss: 0.0111889 
train_loss: 0.0107774 
test_loss: 0.0112342 
train_loss: 0.0108002 
test_loss: 0.0111228 
train_loss: 0.0108593 
test_loss: 0.0112891 
train_loss: 0.0108412 
test_loss: 0.0109755 
train_loss: 0.0110628 
test_loss: 0.0111174 
train_loss: 0.0110714 
test_loss: 0.0110696 
train_loss: 0.0113909 
test_loss: 0.0110608 
train_loss: 0.0112826 
test_loss: 0.0112645 
train_loss: 0.0112875 
test_loss: 0.0111714 
train_loss: 0.0111627 
test_loss: 0.0111524 
train_loss: 0.0106794 
test_loss: 0.010945 
train_loss: 0.0111793 
test_loss: 0.0111407 
train_loss: 0.010885 
test_loss: 0.0110704 
train_loss: 0.0107679 
test_loss: 0.0109948 
train_loss: 0.0108215 
test_loss: 0.0108914 
train_loss: 0.0113003 
test_loss: 0.0112091 
train_loss: 0.0104757 
test_loss: 0.0109332 
train_loss: 0.01086 
test_loss: 0.011327 
train_loss: 0.0111857 
test_loss: 0.0113027 
train_loss: 0.0110454 
test_loss: 0.0110445 
train_loss: 0.0110246 
test_loss: 0.0111906 
train_loss: 0.0108032 
test_loss: 0.0111372 
train_loss: 0.0112705 
test_loss: 0.0109927 
train_loss: 0.0109833 
test_loss: 0.0108586 
train_loss: 0.0110075 
test_loss: 0.0111509 
train_loss: 0.0108802 
test_loss: 0.0112361 
train_loss: 0.0111085 
test_loss: 0.0109158 
train_loss: 0.0109097 
test_loss: 0.010982 
train_loss: 0.0110388 
test_loss: 0.0110362 
train_loss: 0.0113058 
test_loss: 0.0111546 
train_loss: 0.0106317 
test_loss: 0.0110225 
train_loss: 0.0110675 
test_loss: 0.0111132 
train_loss: 0.0109186 
test_loss: 0.0109702 
train_loss: 0.0107062 
test_loss: 0.0109022 
train_loss: 0.0108809 
test_loss: 0.0109793 
train_loss: 0.0107788 
test_loss: 0.0110216 
train_loss: 0.0114344 
test_loss: 0.0112198 
train_loss: 0.0109534 
test_loss: 0.0112992 
train_loss: 0.0109914 
test_loss: 0.0109276 
train_loss: 0.0109879 
test_loss: 0.0110114 
train_loss: 0.0107942 
test_loss: 0.0109767 
train_loss: 0.0106863 
test_loss: 0.0109572 
train_loss: 0.0109303 
test_loss: 0.0111342 
train_loss: 0.0109892 
test_loss: 0.0108371 
train_loss: 0.0110289 
test_loss: 0.0109193 
train_loss: 0.0108485 
test_loss: 0.0108663 
train_loss: 0.0107721 
test_loss: 0.0108828 
train_loss: 0.0108406 
test_loss: 0.0109122 
train_loss: 0.0109484 
test_loss: 0.0109725 
train_loss: 0.0112104 
test_loss: 0.0110342 
train_loss: 0.0108413 
test_loss: 0.010876 
train_loss: 0.0112642 
test_loss: 0.0111234 
train_loss: 0.0105158 
test_loss: 0.01091 
train_loss: 0.0108315 
test_loss: 0.0107744 
train_loss: 0.0107272 
test_loss: 0.0108979 
train_loss: 0.0107386 
test_loss: 0.0108693 
train_loss: 0.0105815 
test_loss: 0.0108533 
train_loss: 0.0111178 
test_loss: 0.0110527 
train_loss: 0.0110499 
test_loss: 0.010978 
train_loss: 0.0107057 
test_loss: 0.0108985 
train_loss: 0.0106187 
test_loss: 0.0108106 
train_loss: 0.0107378 
test_loss: 0.0108701 
train_loss: 0.0107485 
test_loss: 0.0110279 
train_loss: 0.0111976 
test_loss: 0.0109207 
train_loss: 0.0108237 
test_loss: 0.0107622 
train_loss: 0.0109058 
test_loss: 0.0109366 
train_loss: 0.0108287 
test_loss: 0.0109158 
train_loss: 0.0111276 
test_loss: 0.0108871 
train_loss: 0.0107186 
test_loss: 0.0110104 
train_loss: 0.0109044 
test_loss: 0.0107952 
train_loss: 0.0106603 
test_loss: 0.0108412 
train_loss: 0.0106089 
test_loss: 0.0107721 
train_loss: 0.0109423 
test_loss: 0.010845 
train_loss: 0.0108387 
test_loss: 0.0109784 
train_loss: 0.0107745 
test_loss: 0.0108501 
train_loss: 0.010801 
test_loss: 0.0107686 
train_loss: 0.0107669 
test_loss: 0.0107132 
train_loss: 0.0109738 
test_loss: 0.0107655 
train_loss: 0.0110747 
test_loss: 0.0108051 
train_loss: 0.0106068 
test_loss: 0.0106874 
train_loss: 0.0106058 
test_loss: 0.010949 
train_loss: 0.0110089 
test_loss: 0.010729 
train_loss: 0.0106924 
test_loss: 0.0106411 
train_loss: 0.0104849 
test_loss: 0.01069 
train_loss: 0.0104644 
test_loss: 0.0108166 
train_loss: 0.0105486 
test_loss: 0.0107444 
train_loss: 0.0107421 
test_loss: 0.0106359 
train_loss: 0.0107301 
test_loss: 0.0108229 
train_loss: 0.010753 
test_loss: 0.0105196 
train_loss: 0.0103903 
test_loss: 0.0106547 
train_loss: 0.0108897 
test_loss: 0.0107269 
train_loss: 0.0104251 
test_loss: 0.0106901 
train_loss: 0.010979 
test_loss: 0.0108218 
train_loss: 0.0107943 
test_loss: 0.0107449 
train_loss: 0.010481 
test_loss: 0.0106051 
train_loss: 0.0105495 
test_loss: 0.010551 
train_loss: 0.0106119 
test_loss: 0.0105414 
train_loss: 0.0106116 
test_loss: 0.0108282 
train_loss: 0.0106096 
test_loss: 0.010499 
train_loss: 0.0105218 
test_loss: 0.0106206 
train_loss: 0.0105934 
test_loss: 0.0105071 
train_loss: 0.010445 
test_loss: 0.0105035 
train_loss: 0.0105453 
test_loss: 0.0104681 
train_loss: 0.0103989 
test_loss: 0.0105366 
train_loss: 0.0104481 
test_loss: 0.0106315 
train_loss: 0.0106268 
test_loss: 0.0106917 
train_loss: 0.0102182 
test_loss: 0.0105557 
train_loss: 0.0103758 
test_loss: 0.010577 
train_loss: 0.0107368 
test_loss: 0.0106539 
train_loss: 0.0105328 
test_loss: 0.0104302 
train_loss: 0.0105176 
test_loss: 0.0103786 
train_loss: 0.0104018 
test_loss: 0.0105924 
train_loss: 0.0102479 
test_loss: 0.0104494 
train_loss: 0.0105544 
test_loss: 0.0103973 
train_loss: 0.0101782 
test_loss: 0.0103845 
train_loss: 0.0103629 
test_loss: 0.0103149 
train_loss: 0.0105996 
test_loss: 0.0104541 
train_loss: 0.0107904 
test_loss: 0.0105495 
train_loss: 0.0100272 
test_loss: 0.0104189 
train_loss: 0.0102689 
test_loss: 0.0104664 
train_loss: 0.0101567 
test_loss: 0.0103627 
train_loss: 0.0102867 
test_loss: 0.0105507 
train_loss: 0.0100504 
test_loss: 0.0103528 
train_loss: 0.0105798 
test_loss: 0.010632 
train_loss: 0.0102716 
test_loss: 0.0102342 
train_loss: 0.010437 
test_loss: 0.0106035 
train_loss: 0.0104736 
test_loss: 0.0102025 
train_loss: 0.0103196 
test_loss: 0.0103215 
train_loss: 0.0101479 
test_loss: 0.0102907 
train_loss: 0.0101924 
test_loss: 0.0103584 
train_loss: 0.0100788 
test_loss: 0.0103028 
train_loss: 0.00996684 
test_loss: 0.0102033 
train_loss: 0.0102045 
test_loss: 0.010349 
train_loss: 0.0100957 
test_loss: 0.0101517 
train_loss: 0.0102696 
test_loss: 0.0103381 
train_loss: 0.0101404 
test_loss: 0.010066 
train_loss: 0.00995993 
test_loss: 0.0102523 
train_loss: 0.00995158 
test_loss: 0.0101968 
train_loss: 0.0100591 
test_loss: 0.01004 
train_loss: 0.00985916 
test_loss: 0.0100909 
train_loss: 0.0102128 
test_loss: 0.0100508 
train_loss: 0.010089 
test_loss: 0.0100743 
train_loss: 0.0103251 
test_loss: 0.0101746 
train_loss: 0.00974981 
test_loss: 0.0101191 
train_loss: 0.00990043 
test_loss: 0.0101288 
train_loss: 0.00992008 
test_loss: 0.0101207 
train_loss: 0.00991777 
test_loss: 0.00995135 
train_loss: 0.00991574 
test_loss: 0.0098251 
train_loss: 0.00957173 
test_loss: 0.00986265 
train_loss: 0.00986353 
test_loss: 0.00978574 
train_loss: 0.0101195 
test_loss: 0.00984475 
train_loss: 0.00962003 
test_loss: 0.00965784 
train_loss: 0.00976353 
test_loss: 0.00978864 
train_loss: 0.00948173 
test_loss: 0.00965451 
train_loss: 0.00975481 
test_loss: 0.00980792 
train_loss: 0.00960521 
test_loss: 0.00966309 
train_loss: 0.00940179 
test_loss: 0.00967933 
train_loss: 0.0096292 
test_loss: 0.00947412 
train_loss: 0.00942145 
test_loss: 0.00962107 
train_loss: 0.00951417 
test_loss: 0.00948305 
train_loss: 0.00963267 
test_loss: 0.00950005 
train_loss: 0.00927074 
test_loss: 0.00947442 
train_loss: 0.00947304 
test_loss: 0.00967687 
train_loss: 0.0094423 
test_loss: 0.00935392 
train_loss: 0.00918207 
test_loss: 0.00935451 
train_loss: 0.00931453 
test_loss: 0.00943635 
train_loss: 0.00932815 
test_loss: 0.00941345 
train_loss: 0.00909378 
test_loss: 0.00935919 
train_loss: 0.009047 
test_loss: 0.00924687 
train_loss: 0.0092143 
test_loss: 0.00909784 
train_loss: 0.00918211 
test_loss: 0.00918766 
train_loss: 0.00891087 
test_loss: 0.00901992 
train_loss: 0.00894908 
test_loss: 0.00899634 
train_loss: 0.00883996 
test_loss: 0.00907787 
train_loss: 0.00895441 
test_loss: 0.00895044 
train_loss: 0.00854192 
test_loss: 0.00886598 
train_loss: 0.00897408 
test_loss: 0.00887774 
train_loss: 0.00861129 
test_loss: 0.00885162 
train_loss: 0.00875393 
test_loss: 0.00884669 
train_loss: 0.00863199 
test_loss: 0.00878535 
train_loss: 0.00860085 
test_loss: 0.00890147 
train_loss: 0.00867625 
test_loss: 0.00869934 
train_loss: 0.00861049 
test_loss: 0.00863294 
train_loss: 0.00806582 
test_loss: 0.00860066 
train_loss: 0.00870309 
test_loss: 0.0084585 
train_loss: 0.00856198 
test_loss: 0.00845414 
train_loss: 0.00842924 
test_loss: 0.00851091 
train_loss: 0.00841591 
test_loss: 0.00835291 
train_loss: 0.00841503 
test_loss: 0.00840826 
train_loss: 0.00807518 
test_loss: 0.00843694 
train_loss: 0.00812367 
test_loss: 0.00818377 
train_loss: 0.00831274 
test_loss: 0.00832945 
train_loss: 0.00807763 
test_loss: 0.00820135 
train_loss: 0.00803655 
test_loss: 0.00811363 
train_loss: 0.00798152 
test_loss: 0.00809408 
train_loss: 0.00821029 
test_loss: 0.00803522 
train_loss: 0.00819146 
test_loss: 0.00813642 
train_loss: 0.00794387 
test_loss: 0.00804906 
train_loss: 0.00811727 
test_loss: 0.00807882 
train_loss: 0.00794504 
test_loss: 0.00796409 
train_loss: 0.00804673 
test_loss: 0.00804929 
train_loss: 0.00789415 
test_loss: 0.00793227 
train_loss: 0.00754078 
test_loss: 0.00806709 
train_loss: 0.00794877 
test_loss: 0.00783904 
train_loss: 0.00777816 
test_loss: 0.0078163 
train_loss: 0.0078537 
test_loss: 0.00785567 
train_loss: 0.00775634 
test_loss: 0.00782833 
train_loss: 0.00778754 
test_loss: 0.00791315 
train_loss: 0.00783091 
test_loss: 0.00781776 
train_loss: 0.00783132 
test_loss: 0.00788276 
train_loss: 0.00748246 
test_loss: 0.00765577 
train_loss: 0.00757799 
test_loss: 0.00764172 
train_loss: 0.00753092 
test_loss: 0.00783227 
train_loss: 0.00759758 
test_loss: 0.00759202 
train_loss: 0.00763029 
test_loss: 0.00761986 
train_loss: 0.00761061 
test_loss: 0.00758709 
train_loss: 0.00756512 
test_loss: 0.00753918 
train_loss: 0.00736367 
test_loss: 0.0077215 
train_loss: 0.00732112 
test_loss: 0.00752734 
train_loss: 0.00784299 
test_loss: 0.00756093 
train_loss: 0.00747211 
test_loss: 0.00752681 
train_loss: 0.00745094 
test_loss: 0.00744694 
train_loss: 0.00736462 
test_loss: 0.0074713 
train_loss: 0.00764711 
test_loss: 0.00741826 
train_loss: 0.00737897 
test_loss: 0.00746223 
train_loss: 0.00730319 
test_loss: 0.00762962 
train_loss: 0.00725257 
test_loss: 0.00728105 
train_loss: 0.00735735 
test_loss: 0.00759518 
train_loss: 0.00725384 
test_loss: 0.00733465 
train_loss: 0.00705429 
test_loss: 0.00728328 
train_loss: 0.00720615 
test_loss: 0.00720074 
train_loss: 0.00702958 
test_loss: 0.00716393 
train_loss: 0.00725154 
test_loss: 0.00728557 
train_loss: 0.00718152 
test_loss: 0.00734728 
train_loss: 0.00743184 
test_loss: 0.00743744 
train_loss: 0.00726025 
test_loss: 0.00717606 
train_loss: 0.00713406 
test_loss: 0.00723634 
train_loss: 0.00749303 
test_loss: 0.00743926 
train_loss: 0.00705864 
test_loss: 0.0072108 
train_loss: 0.0071721 
test_loss: 0.00718389 
train_loss: 0.00725047 
test_loss: 0.00717811 
train_loss: 0.00732365 
test_loss: 0.00718786 
train_loss: 0.00706881 
test_loss: 0.00731862 
train_loss: 0.00720178 
test_loss: 0.00722511 
train_loss: 0.00705334 
test_loss: 0.00722765 
train_loss: 0.00707298 
test_loss: 0.0071245 
train_loss: 0.0071371 
test_loss: 0.00710387 
train_loss: 0.00692602 
test_loss: 0.00724377 
train_loss: 0.0068435 
test_loss: 0.00713985 
train_loss: 0.00698893 
test_loss: 0.00723187 
train_loss: 0.00712682 
test_loss: 0.00722167 
train_loss: 0.00697317 
test_loss: 0.00719162 
train_loss: 0.00721884 
test_loss: 0.00730071 
train_loss: 0.00707663 
test_loss: 0.00733751 
train_loss: 0.00711484 
test_loss: 0.00707165 
train_loss: 0.00708995 
test_loss: 0.0071495 
train_loss: 0.00713525 
test_loss: 0.0070186 
train_loss: 0.00692905 
test_loss: 0.00716701 
train_loss: 0.00683851 
test_loss: 0.00700293 
train_loss: 0.00708094 
test_loss: 0.00716315 
train_loss: 0.00691332 
test_loss: 0.00720013 
train_loss: 0.00697252 
test_loss: 0.00717488 
train_loss: 0.00700386 
test_loss: 0.00716481 
train_loss: 0.00692529 
test_loss: 0.00695881 
train_loss: 0.00700616 
test_loss: 0.0071028 
train_loss: 0.00693482 
test_loss: 0.00706865 
train_loss: 0.0070177 
test_loss: 0.00705924 
train_loss: 0.00689132 
test_loss: 0.00704159 
train_loss: 0.00697822 
test_loss: 0.00707184 
train_loss: 0.00707372 
test_loss: 0.00723178 
train_loss: 0.00687543 
test_loss: 0.00701408 
train_loss: 0.00706798 
test_loss: 0.0069795 
train_loss: 0.00669761 
test_loss: 0.00693707 
train_loss: 0.00688795 
test_loss: 0.00704833 
train_loss: 0.00690292 
test_loss: 0.00712227 
train_loss: 0.00712939 
test_loss: 0.00704243 
train_loss: 0.00692467 
test_loss: 0.00696333 
train_loss: 0.00701085 
test_loss: 0.00713487 
train_loss: 0.00696728 
test_loss: 0.0070097 
train_loss: 0.006995 
test_loss: 0.00705145 
train_loss: 0.00687237 
test_loss: 0.00689218 
train_loss: 0.00706926 
test_loss: 0.00699707 
train_loss: 0.00685998 
test_loss: 0.00692257 
train_loss: 0.00703099 
test_loss: 0.00690346 
train_loss: 0.00702286 
test_loss: 0.00689729 
train_loss: 0.00693633 
test_loss: 0.00690205 
train_loss: 0.00691515 
test_loss: 0.00699716 
train_loss: 0.00696408 
test_loss: 0.00696146 
train_loss: 0.00689043 
test_loss: 0.00695953 
train_loss: 0.00696446 
test_loss: 0.00695207 
train_loss: 0.00710913 
test_loss: 0.00695895 
train_loss: 0.00676842 
test_loss: 0.00687141 
train_loss: 0.00702142 
test_loss: 0.00714887 
train_loss: 0.00679127 
test_loss: 0.00690412 
train_loss: 0.00674105 
test_loss: 0.00689426 
train_loss: 0.00687424 
test_loss: 0.00691412 
train_loss: 0.00667401 
test_loss: 0.00681878 
train_loss: 0.00698721 
test_loss: 0.00698238 
train_loss: 0.00697894 
test_loss: 0.00684235 
train_loss: 0.00680048 
test_loss: 0.00695621 
train_loss: 0.0069777 
test_loss: 0.00687407 
train_loss: 0.0068673 
test_loss: 0.00689918 
train_loss: 0.00681467 
test_loss: 0.00696327 
train_loss: 0.00702529 
test_loss: 0.0068628 
train_loss: 0.00702014 
test_loss: 0.00685392 
train_loss: 0.0068515 
test_loss: 0.00683217 
train_loss: 0.00685561 
test_loss: 0.00682614 
train_loss: 0.00690682 
test_loss: 0.00687713 
train_loss: 0.00678656 
test_loss: 0.00696011 
train_loss: 0.00687558 
test_loss: 0.00693284 
train_loss: 0.00688962 
test_loss: 0.00681921 
train_loss: 0.00682031 
test_loss: 0.0069021 
train_loss: 0.0067723 
test_loss: 0.0070167 
train_loss: 0.00667258 
test_loss: 0.00691799 
train_loss: 0.00690859 
test_loss: 0.00688077 
train_loss: 0.00678165 
test_loss: 0.00691471 
train_loss: 0.00710153 
test_loss: 0.00691036 
train_loss: 0.00676721 
test_loss: 0.00686481 
train_loss: 0.00689732 
test_loss: 0.00692823 
train_loss: 0.00684434 
test_loss: 0.00691656 
train_loss: 0.00698489 
test_loss: 0.00701758 
train_loss: 0.00695464 
test_loss: 0.00698206 
train_loss: 0.00664116 
test_loss: 0.00689443 
train_loss: 0.00684852 
test_loss: 0.00682926 
train_loss: 0.00671013 
test_loss: 0.00678462 
train_loss: 0.00687344 
test_loss: 0.00690373 
train_loss: 0.00693495 
test_loss: 0.0067107 
train_loss: 0.00691891 
test_loss: 0.00686372 
train_loss: 0.00669127 
test_loss: 0.00679555 
train_loss: 0.00670589 
test_loss: 0.0068424 
train_loss: 0.00674342 
test_loss: 0.00688109 
train_loss: 0.00680881 
test_loss: 0.00682346 
train_loss: 0.00664555 
test_loss: 0.00689642 
train_loss: 0.00677262 
test_loss: 0.00687606 
train_loss: 0.0067563 
test_loss: 0.0068068 
train_loss: 0.00693535 
test_loss: 0.00680475 
train_loss: 0.00687133 
test_loss: 0.00691425 
train_loss: 0.00658764 
test_loss: 0.00679288 
train_loss: 0.00672888 
test_loss: 0.00683817 
train_loss: 0.00664353 
test_loss: 0.0067564 
train_loss: 0.00659999 
test_loss: 0.00672001 
train_loss: 0.00673618 
test_loss: 0.00684498 
train_loss: 0.00672513 
test_loss: 0.00675459 
train_loss: 0.00675337 
test_loss: 0.00672424 
train_loss: 0.00679686 
test_loss: 0.00682421 
train_loss: 0.00679032 
test_loss: 0.00681865 
train_loss: 0.00671032 
test_loss: 0.00678307 
train_loss: 0.00666243 
test_loss: 0.00675534 
train_loss: 0.00698063 
test_loss: 0.00675357 
train_loss: 0.00677474 
test_loss: 0.00699554 
train_loss: 0.00684518 
test_loss: 0.00688779 
train_loss: 0.00679078 
test_loss: 0.0067341 
train_loss: 0.00672274 
test_loss: 0.00678027 
train_loss: 0.0066706 
test_loss: 0.00676596 
train_loss: 0.00681873 
test_loss: 0.00691792 
train_loss: 0.00667328 
test_loss: 0.0068221 
train_loss: 0.00695621 
test_loss: 0.00676025 
train_loss: 0.00676294 
test_loss: 0.00681518 
train_loss: 0.00678423 
test_loss: 0.00679312 
train_loss: 0.0066362 
test_loss: 0.00677272 
train_loss: 0.00668499 
test_loss: 0.0068694 
train_loss: 0.00656552 
test_loss: 0.00684507 
train_loss: 0.00673498 
test_loss: 0.00685304 
train_loss: 0.00669118 
test_loss: 0.00681054 
train_loss: 0.00683524 
test_loss: 0.00681466 
train_loss: 0.00661142 
test_loss: 0.00676272 
train_loss: 0.00654603 
test_loss: 0.00691161 
train_loss: 0.00677582 
test_loss: 0.0067798 
train_loss: 0.00675962 
test_loss: 0.00672954 
train_loss: 0.00669427 
test_loss: 0.00679507 
train_loss: 0.00648899 
test_loss: 0.00672564 
train_loss: 0.00686008 
test_loss: 0.00683287 
train_loss: 0.00681598 
test_loss: 0.0068338 
train_loss: 0.00663956 
test_loss: 0.0068124 
train_loss: 0.00678448 
test_loss: 0.00673034 
train_loss: 0.00656901 
test_loss: 0.00675081 
train_loss: 0.00664794 
test_loss: 0.00679173 
train_loss: 0.00680317 
test_loss: 0.00670014 
train_loss: 0.00667256 
test_loss: 0.00677161 
train_loss: 0.00671751 
test_loss: 0.00672307 
train_loss: 0.00682443 
test_loss: 0.00684473 
