train_loss: 0.0105957 
test_loss: 0.010672 
train_loss: 0.010472 
test_loss: 0.0105696 
train_loss: 0.0104145 
test_loss: 0.010656 
train_loss: 0.0105741 
test_loss: 0.0105703 
train_loss: 0.0105605 
test_loss: 0.0106866 
train_loss: 0.0107866 
test_loss: 0.0106096 
train_loss: 0.0104424 
test_loss: 0.0106007 
train_loss: 0.0104677 
test_loss: 0.0106277 
train_loss: 0.0109067 
test_loss: 0.010614 
train_loss: 0.0106278 
test_loss: 0.0107133 
train_loss: 0.0104708 
test_loss: 0.0106935 
train_loss: 0.0107283 
test_loss: 0.0106084 
train_loss: 0.0108756 
test_loss: 0.0106 
train_loss: 0.0106791 
test_loss: 0.0106976 
train_loss: 0.0105575 
test_loss: 0.010692 
train_loss: 0.0105186 
test_loss: 0.0106248 
train_loss: 0.0104378 
test_loss: 0.0105936 
train_loss: 0.01058 
test_loss: 0.0106298 
train_loss: 0.0106541 
test_loss: 0.0106121 
train_loss: 0.0109594 
test_loss: 0.010633 
train_loss: 0.0103997 
test_loss: 0.01058 
train_loss: 0.010459 
test_loss: 0.0106007 
train_loss: 0.0104847 
test_loss: 0.0106157 
train_loss: 0.010527 
test_loss: 0.0106809 
train_loss: 0.0103078 
test_loss: 0.0105745 
train_loss: 0.0106005 
test_loss: 0.0106408 
train_loss: 0.0107973 
test_loss: 0.0106092 
train_loss: 0.0104585 
test_loss: 0.0105619 
train_loss: 0.0107418 
test_loss: 0.0106101 
train_loss: 0.0107882 
test_loss: 0.0107 
train_loss: 0.0106665 
test_loss: 0.0105706 
train_loss: 0.0108187 
test_loss: 0.0106052 
train_loss: 0.0103785 
test_loss: 0.0106067 
train_loss: 0.0105819 
test_loss: 0.0105616 
train_loss: 0.0108613 
test_loss: 0.0105558 
train_loss: 0.0104736 
test_loss: 0.0105722 
train_loss: 0.0106308 
test_loss: 0.0105142 
train_loss: 0.01043 
test_loss: 0.0104591 
train_loss: 0.0103491 
test_loss: 0.0104951 
train_loss: 0.0103778 
test_loss: 0.0104221 
train_loss: 0.0104269 
test_loss: 0.010298 
train_loss: 0.0103919 
test_loss: 0.0101787 
train_loss: 0.00978208 
test_loss: 0.00976077 
train_loss: 0.00857171 
test_loss: 0.00887491 
train_loss: 0.008044 
test_loss: 0.00811818 
train_loss: 0.00730135 
test_loss: 0.00750456 
train_loss: 0.00720245 
test_loss: 0.00724161 
train_loss: 0.00699859 
test_loss: 0.00702467 
train_loss: 0.0068847 
test_loss: 0.00692327 
train_loss: 0.00670848 
test_loss: 0.00686483 
train_loss: 0.00693743 
test_loss: 0.0068072 
train_loss: 0.00664681 
test_loss: 0.00678567 
train_loss: 0.00663853 
test_loss: 0.00678497 
train_loss: 0.00668489 
test_loss: 0.00669476 
train_loss: 0.00652348 
test_loss: 0.00665382 
train_loss: 0.0066262 
test_loss: 0.00662566 
train_loss: 0.00655563 
test_loss: 0.00668428 
train_loss: 0.00663172 
test_loss: 0.00662679 
train_loss: 0.00675831 
test_loss: 0.0066408 
train_loss: 0.00678965 
test_loss: 0.00655242 
train_loss: 0.00647842 
test_loss: 0.00653803 
train_loss: 0.00657591 
test_loss: 0.00664693 
train_loss: 0.00638208 
test_loss: 0.00656114 
train_loss: 0.00650637 
test_loss: 0.00665221 
train_loss: 0.00674157 
test_loss: 0.00657094 
train_loss: 0.00677885 
test_loss: 0.00652356 
train_loss: 0.00662348 
test_loss: 0.00657878 
train_loss: 0.00657065 
test_loss: 0.00663204 
train_loss: 0.00673527 
test_loss: 0.00657912 
train_loss: 0.00642452 
test_loss: 0.00648425 
train_loss: 0.00631187 
test_loss: 0.00646748 
train_loss: 0.00647049 
test_loss: 0.00644547 
train_loss: 0.00667326 
test_loss: 0.00651076 
train_loss: 0.00660634 
test_loss: 0.00655428 
train_loss: 0.00650656 
test_loss: 0.00648398 
train_loss: 0.00642399 
test_loss: 0.00650418 
train_loss: 0.0066306 
test_loss: 0.00649032 
train_loss: 0.00641153 
test_loss: 0.00642239 
train_loss: 0.00678971 
test_loss: 0.00655561 
train_loss: 0.0064968 
test_loss: 0.00651315 
train_loss: 0.00641625 
test_loss: 0.00655255 
train_loss: 0.00646491 
test_loss: 0.00650681 
train_loss: 0.00656393 
test_loss: 0.00653203 
train_loss: 0.00657588 
test_loss: 0.00655908 
train_loss: 0.0065633 
test_loss: 0.00644524 
train_loss: 0.0064885 
test_loss: 0.00649579 
train_loss: 0.00644286 
test_loss: 0.00661736 
train_loss: 0.00640804 
test_loss: 0.00651839 
train_loss: 0.00643412 
test_loss: 0.00651711 
train_loss: 0.00665626 
test_loss: 0.00648363 
train_loss: 0.0064813 
test_loss: 0.00646593 
train_loss: 0.00649647 
test_loss: 0.00651552 
train_loss: 0.00651316 
test_loss: 0.0064986 
train_loss: 0.00651307 
test_loss: 0.0065411 
train_loss: 0.00645533 
test_loss: 0.00651166 
train_loss: 0.00631331 
test_loss: 0.00646362 
train_loss: 0.00632742 
test_loss: 0.00651014 
train_loss: 0.00656284 
test_loss: 0.00655005 
train_loss: 0.00636809 
test_loss: 0.00643249 
train_loss: 0.00646494 
test_loss: 0.00649211 
train_loss: 0.00641498 
test_loss: 0.00647417 
train_loss: 0.00655086 
test_loss: 0.00649692 
train_loss: 0.00655963 
test_loss: 0.00645017 
train_loss: 0.00628255 
test_loss: 0.00642666 
train_loss: 0.0063906 
test_loss: 0.00648684 
train_loss: 0.00648478 
test_loss: 0.00647748 
train_loss: 0.00625207 
test_loss: 0.00643512 
train_loss: 0.00655731 
test_loss: 0.0065023 
train_loss: 0.00653604 
test_loss: 0.00653453 
train_loss: 0.00642659 
test_loss: 0.00651086 
train_loss: 0.00653678 
test_loss: 0.00646579 
train_loss: 0.00639756 
test_loss: 0.00648444 
train_loss: 0.00632361 
test_loss: 0.00647653 
train_loss: 0.00639128 
test_loss: 0.00650601 
train_loss: 0.00645948 
test_loss: 0.00648933 
train_loss: 0.00651466 
test_loss: 0.00648623 
train_loss: 0.00654573 
test_loss: 0.00649393 
train_loss: 0.00633655 
test_loss: 0.00650691 
train_loss: 0.00642425 
test_loss: 0.00655103 
train_loss: 0.00656104 
test_loss: 0.00654211 
train_loss: 0.00657443 
test_loss: 0.00645254 
train_loss: 0.00643503 
test_loss: 0.00642214 
train_loss: 0.00653798 
test_loss: 0.00647249 
train_loss: 0.00641535 
test_loss: 0.00651609 
train_loss: 0.00642713 
test_loss: 0.00643781 
train_loss: 0.0064095 
test_loss: 0.00645897 
train_loss: 0.00643082 
test_loss: 0.00647408 
train_loss: 0.00641691 
test_loss: 0.00649422 
train_loss: 0.00628934 
test_loss: 0.00646865 
train_loss: 0.0064025 
test_loss: 0.00644252 
train_loss: 0.0064994 
test_loss: 0.00648453 
train_loss: 0.00640923 
test_loss: 0.00641889 
train_loss: 0.00665676 
test_loss: 0.0065573 
train_loss: 0.00635274 
test_loss: 0.00643681 
train_loss: 0.00641028 
test_loss: 0.0064398 
train_loss: 0.00654747 
test_loss: 0.00648473 
train_loss: 0.00648395 
test_loss: 0.00648498 
train_loss: 0.00651301 
test_loss: 0.00656431 
train_loss: 0.00645451 
test_loss: 0.00647472 
train_loss: 0.00647376 
test_loss: 0.0064793 
train_loss: 0.00633824 
test_loss: 0.00642105 
train_loss: 0.00628756 
test_loss: 0.00644409 
train_loss: 0.00631959 
test_loss: 0.00641808 
train_loss: 0.00648142 
test_loss: 0.00646093 
train_loss: 0.00650775 
test_loss: 0.00652187 
train_loss: 0.0063467 
test_loss: 0.00644428 
train_loss: 0.0064806 
test_loss: 0.00644347 
train_loss: 0.00630632 
test_loss: 0.00642288 
train_loss: 0.00652196 
test_loss: 0.00648461 
train_loss: 0.00642346 
test_loss: 0.00645953 
train_loss: 0.00650263 
test_loss: 0.00645269 
train_loss: 0.00645274 
test_loss: 0.00649338 
train_loss: 0.0065104 
test_loss: 0.00641694 
train_loss: 0.00643096 
test_loss: 0.00657193 
train_loss: 0.00643804 
test_loss: 0.00643504 
train_loss: 0.00628385 
test_loss: 0.00647841 
train_loss: 0.00637417 
test_loss: 0.00646256 
train_loss: 0.00629695 
test_loss: 0.00649036 
train_loss: 0.00658209 
test_loss: 0.00644941 
train_loss: 0.00647792 
test_loss: 0.00639502 
train_loss: 0.0064845 
test_loss: 0.00642559 
train_loss: 0.00655621 
test_loss: 0.00643754 
train_loss: 0.006342 
test_loss: 0.00642406 
train_loss: 0.00633462 
test_loss: 0.00649515 
train_loss: 0.00648449 
test_loss: 0.00649776 
train_loss: 0.00643906 
test_loss: 0.00643929 
train_loss: 0.00631208 
test_loss: 0.00636435 
train_loss: 0.00644893 
test_loss: 0.00642722 
train_loss: 0.00617036 
test_loss: 0.0063951 
train_loss: 0.00652307 
test_loss: 0.00640859 
train_loss: 0.00640498 
test_loss: 0.00641335 
train_loss: 0.00646918 
test_loss: 0.00641451 
train_loss: 0.00633914 
test_loss: 0.00646671 
train_loss: 0.00650605 
test_loss: 0.00646253 
train_loss: 0.0064954 
test_loss: 0.00651061 
train_loss: 0.00636382 
test_loss: 0.00647734 
train_loss: 0.00640848 
test_loss: 0.0064699 
train_loss: 0.00644689 
test_loss: 0.00645847 
train_loss: 0.00637933 
test_loss: 0.00644802 
train_loss: 0.00655722 
test_loss: 0.00635281 
train_loss: 0.00647885 
test_loss: 0.00648112 
train_loss: 0.00652652 
test_loss: 0.00653542 
train_loss: 0.00637316 
test_loss: 0.00640326 
train_loss: 0.00654516 
test_loss: 0.00642206 
train_loss: 0.00648442 
test_loss: 0.00646849 
train_loss: 0.00627351 
test_loss: 0.00642374 
train_loss: 0.00663383 
test_loss: 0.00653514 
train_loss: 0.00649104 
test_loss: 0.00649251 
train_loss: 0.00630979 
test_loss: 0.00642509 
train_loss: 0.00648818 
test_loss: 0.00647131 
train_loss: 0.00632729 
test_loss: 0.00643143 
train_loss: 0.00648227 
test_loss: 0.00639617 
train_loss: 0.00646686 
test_loss: 0.00641751 
train_loss: 0.00632368 
test_loss: 0.00642406 
train_loss: 0.00647137 
test_loss: 0.00651058 
train_loss: 0.006455 
test_loss: 0.00646001 
train_loss: 0.0062933 
test_loss: 0.00648719 
train_loss: 0.00650686 
test_loss: 0.00647443 
train_loss: 0.00665918 
test_loss: 0.00649122 
train_loss: 0.00644344 
test_loss: 0.00640295 
train_loss: 0.0064469 
test_loss: 0.00645058 
train_loss: 0.00643634 
test_loss: 0.00645665 
train_loss: 0.00628019 
test_loss: 0.00639479 
train_loss: 0.00637384 
test_loss: 0.00644102 
train_loss: 0.00636762 
test_loss: 0.00646944 
train_loss: 0.0063123 
test_loss: 0.00640209 
train_loss: 0.00645547 
test_loss: 0.00640846 
train_loss: 0.0064656 
test_loss: 0.00654027 
train_loss: 0.00642687 
test_loss: 0.00645402 
train_loss: 0.00629733 
test_loss: 0.00637502 
train_loss: 0.00634697 
test_loss: 0.00641425 
train_loss: 0.00634354 
test_loss: 0.00638102 
train_loss: 0.00628306 
test_loss: 0.00642823 
train_loss: 0.00641464 
test_loss: 0.00646176 
train_loss: 0.0063202 
test_loss: 0.00643066 
train_loss: 0.00643773 
test_loss: 0.0064375 
train_loss: 0.00627417 
test_loss: 0.00641645 
train_loss: 0.00625682 
test_loss: 0.0064189 
train_loss: 0.00644451 
test_loss: 0.0063952 
train_loss: 0.00652943 
test_loss: 0.00656198 
train_loss: 0.00656643 
test_loss: 0.00651978 
train_loss: 0.00646914 
test_loss: 0.00646539 
train_loss: 0.00628716 
test_loss: 0.00645675 
train_loss: 0.00616169 
test_loss: 0.00639286 
train_loss: 0.00631712 
test_loss: 0.00641051 
train_loss: 0.00636283 
test_loss: 0.00637722 
train_loss: 0.00635793 
test_loss: 0.00636621 
train_loss: 0.00647252 
test_loss: 0.00643334 
train_loss: 0.00619551 
test_loss: 0.00647521 
train_loss: 0.00632177 
test_loss: 0.00642187 
train_loss: 0.00649504 
test_loss: 0.00649736 
train_loss: 0.00634452 
test_loss: 0.00657407 
train_loss: 0.00642819 
test_loss: 0.0064415 
train_loss: 0.00637591 
test_loss: 0.00634023 
train_loss: 0.00643968 
test_loss: 0.0064468 
train_loss: 0.00635589 
test_loss: 0.00649205 
train_loss: 0.00634875 
test_loss: 0.00640661 
train_loss: 0.00640319 
test_loss: 0.00640122 
train_loss: 0.00642757 
test_loss: 0.00641698 
train_loss: 0.00649064 
test_loss: 0.00638946 
train_loss: 0.00624868 
test_loss: 0.00641352 
train_loss: 0.00632951 
test_loss: 0.00637008 
train_loss: 0.00637828 
test_loss: 0.00643029 
train_loss: 0.00650238 
test_loss: 0.00639761 
train_loss: 0.00628466 
test_loss: 0.0063597 
train_loss: 0.00632707 
test_loss: 0.0063507 
train_loss: 0.00641196 
test_loss: 0.00636017 
train_loss: 0.00627407 
test_loss: 0.00639273 
train_loss: 0.00630044 
test_loss: 0.00641439 
train_loss: 0.0064094 
test_loss: 0.0064421 
train_loss: 0.00662556 
test_loss: 0.00641933 
train_loss: 0.00639386 
test_loss: 0.00638324 
train_loss: 0.00633014 
test_loss: 0.00637831 
train_loss: 0.00635457 
test_loss: 0.00641521 
train_loss: 0.00631545 
test_loss: 0.00638387 
train_loss: 0.00656919 
test_loss: 0.00642116 
train_loss: 0.00640108 
test_loss: 0.00636561 
train_loss: 0.00645729 
test_loss: 0.00639808 
train_loss: 0.00627808 
test_loss: 0.00644646 
train_loss: 0.00636543 
test_loss: 0.00647116 
train_loss: 0.00618072 
test_loss: 0.0064201 
train_loss: 0.00637217 
test_loss: 0.00637141 
train_loss: 0.00632603 
test_loss: 0.00642133 
train_loss: 0.00656604 
test_loss: 0.00648755 
train_loss: 0.00633184 
test_loss: 0.00643965 
train_loss: 0.00640532 
test_loss: 0.00641599 
train_loss: 0.00645714 
test_loss: 0.00642159 
train_loss: 0.00648251 
test_loss: 0.00638954 
train_loss: 0.00635412 
test_loss: 0.0064 
train_loss: 0.00647487 
test_loss: 0.00642261 
train_loss: 0.00651227 
test_loss: 0.00651547 
train_loss: 0.00633357 
test_loss: 0.00640164 
train_loss: 0.00639498 
test_loss: 0.00641434 
train_loss: 0.00643737 
test_loss: 0.00647756 
train_loss: 0.00634711 
test_loss: 0.00649554 
train_loss: 0.00641952 
test_loss: 0.00645054 
train_loss: 0.00646527 
test_loss: 0.00638683 
train_loss: 0.00623165 
test_loss: 0.00639463 
train_loss: 0.00646128 
test_loss: 0.00642334 
train_loss: 0.00620833 
test_loss: 0.00640851 
train_loss: 0.00634657 
test_loss: 0.00639538 
train_loss: 0.00644601 
test_loss: 0.0064517 
train_loss: 0.00649398 
test_loss: 0.00642017 
train_loss: 0.00642233 
test_loss: 0.0064074 
train_loss: 0.00631717 
test_loss: 0.00639223 
train_loss: 0.00626798 
test_loss: 0.00638616 
train_loss: 0.00629559 
test_loss: 0.00638056 
train_loss: 0.00640041 
test_loss: 0.00640338 
train_loss: 0.00633398 
test_loss: 0.0064278 
train_loss: 0.00649622 
test_loss: 0.00645615 
train_loss: 0.00638985 
test_loss: 0.00642368 
train_loss: 0.00639501 
test_loss: 0.00645659 
train_loss: 0.00647313 
test_loss: 0.00637731 
train_loss: 0.00657635 
test_loss: 0.00640241 
train_loss: 0.00638904 
test_loss: 0.00647452 
train_loss: 0.00648933 
test_loss: 0.00645953 
train_loss: 0.00641939 
test_loss: 0.00635894 
train_loss: 0.0061539 
test_loss: 0.00641217 
train_loss: 0.00639257 
test_loss: 0.00643384 
train_loss: 0.00648242 
test_loss: 0.00645435 
train_loss: 0.00643194 
test_loss: 0.00638624 
train_loss: 0.00645081 
test_loss: 0.00637865 
train_loss: 0.00646353 
test_loss: 0.00637079 
train_loss: 0.00650696 
test_loss: 0.00639418 
train_loss: 0.00641227 
test_loss: 0.00643992 
train_loss: 0.00634219 
test_loss: 0.00642131 
train_loss: 0.00629627 
test_loss: 0.00638665 
train_loss: 0.00627752 
test_loss: 0.00645948 
train_loss: 0.00633051 
test_loss: 0.00636443 
train_loss: 0.00655264 
test_loss: 0.00638083 
train_loss: 0.00635057 
test_loss: 0.00644594 
train_loss: 0.00625394 
test_loss: 0.00635797 
train_loss: 0.00643279 
test_loss: 0.00638344 
train_loss: 0.00640287 
test_loss: 0.00640803 
train_loss: 0.00628349 
test_loss: 0.00632633 
train_loss: 0.00625416 
test_loss: 0.00638139 
train_loss: 0.00633319 
test_loss: 0.00640292 
train_loss: 0.0063971 
test_loss: 0.00644723 
train_loss: 0.00644092 
test_loss: 0.00637501 
train_loss: 0.00634051 
test_loss: 0.0063974 
train_loss: 0.00642997 
test_loss: 0.00641226 
train_loss: 0.00641189 
test_loss: 0.00649243 
train_loss: 0.00636261 
test_loss: 0.00639898 
train_loss: 0.00634659 
test_loss: 0.00635738 
train_loss: 0.0064311 
test_loss: 0.00637634 
train_loss: 0.0063571 
test_loss: 0.00639628 
train_loss: 0.00617614 
test_loss: 0.00637352 
train_loss: 0.00636962 
test_loss: 0.00642301 
train_loss: 0.00642145 
test_loss: 0.00637667 
train_loss: 0.00644432 
test_loss: 0.00637866 
train_loss: 0.00648345 
test_loss: 0.00635676 
train_loss: 0.0062713 
test_loss: 0.00637118 
train_loss: 0.00630219 
test_loss: 0.00645473 
train_loss: 0.00636988 
test_loss: 0.00636638 
train_loss: 0.00662259 
test_loss: 0.00638365 
train_loss: 0.00642813 
test_loss: 0.00643933 
train_loss: 0.00636817 
test_loss: 0.00635257 
train_loss: 0.00628948 
test_loss: 0.00644292 
train_loss: 0.00622748 
test_loss: 0.00639199 
train_loss: 0.00630027 
test_loss: 0.00640217 
train_loss: 0.00650833 
test_loss: 0.00642312 
train_loss: 0.00645856 
test_loss: 0.00636807 
train_loss: 0.00642668 
test_loss: 0.00643354 
train_loss: 0.00657954 
test_loss: 0.0064479 
train_loss: 0.00637924 
test_loss: 0.00640177 
train_loss: 0.00639425 
test_loss: 0.00639285 
train_loss: 0.00621117 
test_loss: 0.00643008 
train_loss: 0.00636394 
test_loss: 0.00644245 
train_loss: 0.00632856 
test_loss: 0.00643215 
train_loss: 0.00626833 
test_loss: 0.00640891 
train_loss: 0.00647321 
test_loss: 0.00635275 
train_loss: 0.00657169 
test_loss: 0.00637722 
train_loss: 0.00656747 
test_loss: 0.00645394 
train_loss: 0.00631938 
test_loss: 0.0064172 
train_loss: 0.00621979 
test_loss: 0.00644543 
train_loss: 0.00623254 
test_loss: 0.00642146 
train_loss: 0.00644637 
test_loss: 0.00638528 
train_loss: 0.00633919 
test_loss: 0.0063969 
train_loss: 0.00619076 
test_loss: 0.00637089 
train_loss: 0.00639849 
test_loss: 0.00637542 
train_loss: 0.00634259 
test_loss: 0.00641951 
train_loss: 0.00646875 
test_loss: 0.00641065 
train_loss: 0.00630511 
test_loss: 0.00640044 
train_loss: 0.00639321 
test_loss: 0.00637609 
train_loss: 0.00637746 
test_loss: 0.00636975 
train_loss: 0.00623824 
test_loss: 0.00635712 
train_loss: 0.00638356 
test_loss: 0.00639206 
train_loss: 0.00623861 
test_loss: 0.00635385 
train_loss: 0.006465 
test_loss: 0.00642189 
train_loss: 0.00655536 
test_loss: 0.00637388 
train_loss: 0.0063132 
test_loss: 0.00638857 
train_loss: 0.00645429 
test_loss: 0.00638146 
train_loss: 0.00630392 
test_loss: 0.00642294 
train_loss: 0.00616258 
test_loss: 0.00633065 
train_loss: 0.00644613 
test_loss: 0.00642372 
train_loss: 0.00634872 
test_loss: 0.0064088 
train_loss: 0.00632609 
test_loss: 0.00636204 
train_loss: 0.00649284 
test_loss: 0.00643835 
train_loss: 0.00647778 
test_loss: 0.00640024 
train_loss: 0.00632686 
test_loss: 0.00636365 
train_loss: 0.00644691 
test_loss: 0.00641507 
train_loss: 0.00641064 
test_loss: 0.00641743 
train_loss: 0.00647273 
test_loss: 0.0063897 
train_loss: 0.00634119 
test_loss: 0.006361 
train_loss: 0.0062939 
test_loss: 0.00638446 
train_loss: 0.00640278 
test_loss: 0.00638116 
train_loss: 0.00632586 
test_loss: 0.00643635 
train_loss: 0.00653981 
test_loss: 0.00641746 
train_loss: 0.00637306 
test_loss: 0.00641535 
train_loss: 0.00614547 
test_loss: 0.00641155 
train_loss: 0.00644325 
test_loss: 0.00640371 
train_loss: 0.00621154 
test_loss: 0.00646763 
train_loss: 0.00639414 
test_loss: 0.00635253 
train_loss: 0.00642295 
test_loss: 0.0064049 
train_loss: 0.006306 
test_loss: 0.00638403 
train_loss: 0.00627331 
test_loss: 0.00636958 
train_loss: 0.00629416 
test_loss: 0.00637858 
train_loss: 0.00643704 
test_loss: 0.006443 
train_loss: 0.00638653 
test_loss: 0.00636042 
train_loss: 0.00636039 
test_loss: 0.00636397 
train_loss: 0.0065266 
test_loss: 0.00642139 
train_loss: 0.00644266 
test_loss: 0.00640156 
train_loss: 0.00641153 
test_loss: 0.00642724 
train_loss: 0.00622911 
test_loss: 0.00638081 
train_loss: 0.00644126 
test_loss: 0.00635047 
train_loss: 0.0064505 
test_loss: 0.00647577 
train_loss: 0.00617513 
test_loss: 0.00633682 
train_loss: 0.00624989 
test_loss: 0.0064042 
train_loss: 0.0063147 
test_loss: 0.00640461 
train_loss: 0.00631908 
test_loss: 0.00641858 
