train_loss: 0.00668699 
test_loss: 0.00673652 
train_loss: 0.00668342 
test_loss: 0.00679661 
train_loss: 0.00692849 
test_loss: 0.00675726 
train_loss: 0.00672749 
test_loss: 0.00680144 
train_loss: 0.00679422 
test_loss: 0.00671452 
train_loss: 0.00673536 
test_loss: 0.00681881 
train_loss: 0.00666237 
test_loss: 0.00677574 
train_loss: 0.00690191 
test_loss: 0.0066914 
train_loss: 0.00656784 
test_loss: 0.00679277 
train_loss: 0.00670233 
test_loss: 0.00676228 
train_loss: 0.00666253 
test_loss: 0.00678715 
train_loss: 0.00677879 
test_loss: 0.00673272 
train_loss: 0.00684816 
test_loss: 0.00676057 
train_loss: 0.0066047 
test_loss: 0.00679837 
train_loss: 0.00666729 
test_loss: 0.00670718 
train_loss: 0.00663527 
test_loss: 0.00674033 
train_loss: 0.00683913 
test_loss: 0.00678991 
train_loss: 0.00683025 
test_loss: 0.00671846 
train_loss: 0.00662682 
test_loss: 0.00670496 
train_loss: 0.0067851 
test_loss: 0.00683681 
train_loss: 0.00663873 
test_loss: 0.00681114 
train_loss: 0.00652706 
test_loss: 0.00669439 
train_loss: 0.00706705 
test_loss: 0.00689449 
train_loss: 0.00658456 
test_loss: 0.00671998 
train_loss: 0.00646692 
test_loss: 0.00673757 
train_loss: 0.00664948 
test_loss: 0.00669359 
train_loss: 0.00681977 
test_loss: 0.00675376 
train_loss: 0.00654607 
test_loss: 0.00668684 
train_loss: 0.00665912 
test_loss: 0.00670483 
train_loss: 0.00663077 
test_loss: 0.00666415 
train_loss: 0.00662535 
test_loss: 0.00668588 
train_loss: 0.00674689 
test_loss: 0.00670846 
train_loss: 0.00661646 
test_loss: 0.00675413 
train_loss: 0.00683366 
test_loss: 0.00674524 
train_loss: 0.00675269 
test_loss: 0.00670776 
train_loss: 0.00688261 
test_loss: 0.00670887 
train_loss: 0.0065425 
test_loss: 0.00665865 
train_loss: 0.00676889 
test_loss: 0.00666729 
train_loss: 0.00679598 
test_loss: 0.00668029 
train_loss: 0.00661101 
test_loss: 0.00670555 
train_loss: 0.00692259 
test_loss: 0.00678614 
train_loss: 0.00672102 
test_loss: 0.00670581 
train_loss: 0.00665768 
test_loss: 0.00668187 
train_loss: 0.00665809 
test_loss: 0.00680918 
train_loss: 0.00659938 
test_loss: 0.0066933 
train_loss: 0.0065527 
test_loss: 0.00665135 
train_loss: 0.00664026 
test_loss: 0.00686495 
train_loss: 0.0068178 
test_loss: 0.00685564 
train_loss: 0.00686147 
test_loss: 0.0067668 
train_loss: 0.00668036 
test_loss: 0.00669748 
train_loss: 0.00678878 
test_loss: 0.00685197 
train_loss: 0.00658092 
test_loss: 0.0066993 
train_loss: 0.00671226 
test_loss: 0.00666457 
train_loss: 0.00686041 
test_loss: 0.00673273 
train_loss: 0.00674349 
test_loss: 0.00672837 
train_loss: 0.00658216 
test_loss: 0.0067585 
train_loss: 0.00670961 
test_loss: 0.00658173 
train_loss: 0.00675434 
test_loss: 0.00684167 
train_loss: 0.00660048 
test_loss: 0.00661474 
train_loss: 0.00670294 
test_loss: 0.00675609 
train_loss: 0.0067201 
test_loss: 0.00680836 
train_loss: 0.00664808 
test_loss: 0.00663562 
train_loss: 0.00680355 
test_loss: 0.006728 
train_loss: 0.00669049 
test_loss: 0.00665291 
train_loss: 0.00667249 
test_loss: 0.00671583 
train_loss: 0.00667051 
test_loss: 0.00676749 
train_loss: 0.00677975 
test_loss: 0.00674338 
train_loss: 0.00666762 
test_loss: 0.00670963 
train_loss: 0.00679937 
test_loss: 0.00663231 
train_loss: 0.00668107 
test_loss: 0.0066956 
train_loss: 0.00670639 
test_loss: 0.0065559 
train_loss: 0.00656488 
test_loss: 0.00665572 
train_loss: 0.00666767 
test_loss: 0.00672558 
train_loss: 0.00657266 
test_loss: 0.00662145 
train_loss: 0.00663894 
test_loss: 0.00663236 
train_loss: 0.00658698 
test_loss: 0.00667798 
train_loss: 0.00655023 
test_loss: 0.00677864 
train_loss: 0.00667908 
test_loss: 0.00664752 
train_loss: 0.00680175 
test_loss: 0.00670425 
train_loss: 0.00663802 
test_loss: 0.00664605 
train_loss: 0.00677164 
test_loss: 0.00674188 
train_loss: 0.00657832 
test_loss: 0.00668023 
train_loss: 0.00665673 
test_loss: 0.00677654 
train_loss: 0.00660789 
test_loss: 0.0066696 
train_loss: 0.00673042 
test_loss: 0.00671979 
train_loss: 0.00656718 
test_loss: 0.00659158 
train_loss: 0.00687283 
test_loss: 0.00672593 
train_loss: 0.00671602 
test_loss: 0.00668543 
train_loss: 0.00656457 
test_loss: 0.00664 
train_loss: 0.00650413 
test_loss: 0.00671586 
train_loss: 0.00669358 
test_loss: 0.0066366 
train_loss: 0.00665957 
test_loss: 0.00663957 
train_loss: 0.00661405 
test_loss: 0.00668113 
train_loss: 0.00654164 
test_loss: 0.00666609 
train_loss: 0.00660544 
test_loss: 0.00671782 
train_loss: 0.00662395 
test_loss: 0.00671497 
train_loss: 0.00671041 
test_loss: 0.00668954 
train_loss: 0.00665197 
test_loss: 0.0066069 
train_loss: 0.00654234 
test_loss: 0.00674299 
train_loss: 0.00667478 
test_loss: 0.00657813 
train_loss: 0.00662836 
test_loss: 0.00664272 
train_loss: 0.00667471 
test_loss: 0.00659052 
train_loss: 0.00658879 
test_loss: 0.0066882 
train_loss: 0.00667255 
test_loss: 0.00664301 
train_loss: 0.00659616 
test_loss: 0.00664116 
train_loss: 0.00683541 
test_loss: 0.00670159 
train_loss: 0.0067435 
test_loss: 0.00661438 
train_loss: 0.006577 
test_loss: 0.0068542 
train_loss: 0.00647771 
test_loss: 0.00666944 
train_loss: 0.0067721 
test_loss: 0.00661815 
train_loss: 0.00667348 
test_loss: 0.00665631 
train_loss: 0.00668786 
test_loss: 0.00667073 
train_loss: 0.00664049 
test_loss: 0.00662822 
train_loss: 0.00649105 
test_loss: 0.00657586 
train_loss: 0.00666182 
test_loss: 0.00681649 
train_loss: 0.00659815 
test_loss: 0.00664012 
train_loss: 0.00668186 
test_loss: 0.00676351 
train_loss: 0.00653585 
test_loss: 0.00662809 
train_loss: 0.00659626 
test_loss: 0.00666935 
train_loss: 0.00645524 
test_loss: 0.00668997 
train_loss: 0.00645828 
test_loss: 0.00661747 
train_loss: 0.00663113 
test_loss: 0.00664323 
train_loss: 0.00661385 
test_loss: 0.00668565 
train_loss: 0.00669672 
test_loss: 0.00669492 
train_loss: 0.00651788 
test_loss: 0.00669429 
train_loss: 0.00650749 
test_loss: 0.00667157 
train_loss: 0.00676147 
test_loss: 0.00671416 
train_loss: 0.00650361 
test_loss: 0.00674815 
train_loss: 0.00656847 
test_loss: 0.00658092 
train_loss: 0.00665217 
test_loss: 0.00666334 
train_loss: 0.00673702 
test_loss: 0.00671273 
train_loss: 0.00666902 
test_loss: 0.00669957 
train_loss: 0.00667368 
test_loss: 0.00678318 
train_loss: 0.00661025 
test_loss: 0.00666803 
train_loss: 0.00666378 
test_loss: 0.00668191 
train_loss: 0.00648935 
test_loss: 0.00657379 
train_loss: 0.00679872 
test_loss: 0.00667458 
train_loss: 0.00671141 
test_loss: 0.00672654 
train_loss: 0.00666657 
test_loss: 0.00675016 
train_loss: 0.00675164 
test_loss: 0.00672863 
train_loss: 0.00659629 
test_loss: 0.00670404 
train_loss: 0.00655159 
test_loss: 0.00666328 
train_loss: 0.006754 
test_loss: 0.00667859 
train_loss: 0.00657851 
test_loss: 0.00653024 
train_loss: 0.00667795 
test_loss: 0.00663986 
train_loss: 0.00670111 
test_loss: 0.00664556 
train_loss: 0.00659626 
test_loss: 0.00673615 
train_loss: 0.0064582 
test_loss: 0.00662878 
train_loss: 0.0066825 
test_loss: 0.00671162 
train_loss: 0.00650189 
test_loss: 0.00661562 
train_loss: 0.00673958 
test_loss: 0.00669794 
train_loss: 0.00664385 
test_loss: 0.00661222 
train_loss: 0.00685594 
test_loss: 0.0066669 
train_loss: 0.00663773 
test_loss: 0.00663661 
train_loss: 0.00669354 
test_loss: 0.00660795 
train_loss: 0.00686457 
test_loss: 0.00661696 
train_loss: 0.00667186 
test_loss: 0.00668044 
train_loss: 0.00657367 
test_loss: 0.00651686 
train_loss: 0.00664524 
test_loss: 0.00676054 
train_loss: 0.00654216 
test_loss: 0.00660626 
train_loss: 0.00686017 
test_loss: 0.00672867 
train_loss: 0.00667152 
test_loss: 0.00669298 
train_loss: 0.00650168 
test_loss: 0.00666905 
train_loss: 0.00667172 
test_loss: 0.00675621 
train_loss: 0.00668829 
test_loss: 0.00660692 
train_loss: 0.00660872 
test_loss: 0.00662093 
train_loss: 0.00662551 
test_loss: 0.0066298 
train_loss: 0.0065386 
test_loss: 0.00658902 
train_loss: 0.0066893 
test_loss: 0.00661272 
train_loss: 0.00659665 
test_loss: 0.00664727 
train_loss: 0.00651889 
test_loss: 0.00666358 
train_loss: 0.00662405 
test_loss: 0.00661206 
train_loss: 0.00664643 
test_loss: 0.00656926 
train_loss: 0.00663331 
test_loss: 0.00663304 
train_loss: 0.00671601 
test_loss: 0.00685172 
train_loss: 0.00641662 
test_loss: 0.00656933 
train_loss: 0.00680222 
test_loss: 0.00659244 
train_loss: 0.00659617 
test_loss: 0.00664181 
train_loss: 0.00645772 
test_loss: 0.00656465 
train_loss: 0.00678516 
test_loss: 0.00662832 
train_loss: 0.00662498 
test_loss: 0.00654983 
train_loss: 0.00641955 
test_loss: 0.00662064 
train_loss: 0.00677227 
test_loss: 0.00673775 
train_loss: 0.00641144 
test_loss: 0.00657796 
train_loss: 0.00663435 
test_loss: 0.00662902 
train_loss: 0.00658299 
test_loss: 0.00662048 
train_loss: 0.00681516 
test_loss: 0.00678709 
train_loss: 0.00649602 
test_loss: 0.00660098 
train_loss: 0.00640154 
test_loss: 0.00658503 
train_loss: 0.00661123 
test_loss: 0.00653811 
train_loss: 0.00651988 
test_loss: 0.00660571 
train_loss: 0.00653928 
test_loss: 0.00661705 
train_loss: 0.00662633 
test_loss: 0.00667595 
train_loss: 0.00637097 
test_loss: 0.00664504 
train_loss: 0.00656411 
test_loss: 0.00661049 
train_loss: 0.00663176 
test_loss: 0.00662994 
train_loss: 0.00649223 
test_loss: 0.00658466 
train_loss: 0.00672968 
test_loss: 0.00658335 
train_loss: 0.00676478 
test_loss: 0.00660189 
train_loss: 0.00664967 
test_loss: 0.00669147 
train_loss: 0.00659375 
test_loss: 0.00665814 
train_loss: 0.00664876 
test_loss: 0.00665533 
train_loss: 0.00653136 
test_loss: 0.00664729 
train_loss: 0.00681901 
test_loss: 0.00668989 
train_loss: 0.00656885 
test_loss: 0.00659825 
train_loss: 0.00671325 
test_loss: 0.00657337 
train_loss: 0.00644435 
test_loss: 0.00659876 
train_loss: 0.00662133 
test_loss: 0.00672127 
train_loss: 0.00658411 
test_loss: 0.00668356 
train_loss: 0.00650817 
test_loss: 0.00670689 
train_loss: 0.00662965 
test_loss: 0.0065193 
train_loss: 0.00659713 
test_loss: 0.00651701 
train_loss: 0.00652127 
test_loss: 0.00668054 
train_loss: 0.00675051 
test_loss: 0.00647196 
train_loss: 0.00663932 
test_loss: 0.00663481 
train_loss: 0.006577 
test_loss: 0.00658143 
train_loss: 0.00665567 
test_loss: 0.0067257 
train_loss: 0.00659038 
test_loss: 0.00655529 
train_loss: 0.00657033 
test_loss: 0.00660886 
train_loss: 0.0066782 
test_loss: 0.00662673 
train_loss: 0.00662171 
test_loss: 0.00665922 
train_loss: 0.00662348 
test_loss: 0.00660722 
train_loss: 0.00642969 
test_loss: 0.00661455 
train_loss: 0.00639494 
test_loss: 0.00657683 
train_loss: 0.00656568 
test_loss: 0.00667773 
train_loss: 0.00678723 
test_loss: 0.0065551 
train_loss: 0.00660416 
test_loss: 0.00661874 
train_loss: 0.00682879 
test_loss: 0.00664545 
train_loss: 0.00668373 
test_loss: 0.00667545 
train_loss: 0.00677637 
test_loss: 0.0067153 
train_loss: 0.00653182 
test_loss: 0.00661252 
train_loss: 0.00645444 
test_loss: 0.00684743 
train_loss: 0.00660631 
test_loss: 0.0066226 
train_loss: 0.00655719 
test_loss: 0.00649396 
train_loss: 0.00677207 
test_loss: 0.00662174 
train_loss: 0.00649237 
test_loss: 0.0065665 
train_loss: 0.00665847 
test_loss: 0.00659156 
train_loss: 0.00663563 
test_loss: 0.00651586 
train_loss: 0.00683607 
test_loss: 0.00665344 
train_loss: 0.00667329 
test_loss: 0.00671241 
train_loss: 0.00652426 
test_loss: 0.00669321 
train_loss: 0.00643208 
test_loss: 0.00655448 
train_loss: 0.00635959 
test_loss: 0.00665581 
train_loss: 0.00664928 
test_loss: 0.00658296 
train_loss: 0.00664871 
test_loss: 0.00664849 
train_loss: 0.0065884 
test_loss: 0.00660171 
train_loss: 0.0063693 
test_loss: 0.00661129 
train_loss: 0.0063949 
test_loss: 0.00662668 
train_loss: 0.00680574 
test_loss: 0.00658804 
train_loss: 0.00666215 
test_loss: 0.00661941 
train_loss: 0.00658103 
test_loss: 0.00659273 
train_loss: 0.00644229 
test_loss: 0.00663065 
train_loss: 0.00641583 
test_loss: 0.00657431 
train_loss: 0.00650208 
test_loss: 0.0065768 
train_loss: 0.00661919 
test_loss: 0.00658803 
train_loss: 0.00653232 
test_loss: 0.00658217 
train_loss: 0.00649635 
test_loss: 0.00663346 
train_loss: 0.00637636 
test_loss: 0.0065964 
train_loss: 0.00647237 
test_loss: 0.0066035 
train_loss: 0.00636364 
test_loss: 0.00655673 
train_loss: 0.00638951 
test_loss: 0.00655017 
train_loss: 0.00669263 
test_loss: 0.00664731 
train_loss: 0.00649818 
test_loss: 0.00657771 
train_loss: 0.00675069 
test_loss: 0.00661618 
train_loss: 0.00649831 
test_loss: 0.00668422 
train_loss: 0.00653307 
test_loss: 0.0065218 
train_loss: 0.00662974 
test_loss: 0.00663411 
train_loss: 0.00637929 
test_loss: 0.00661197 
train_loss: 0.00671104 
test_loss: 0.00670965 
train_loss: 0.00658775 
test_loss: 0.00666609 
train_loss: 0.00675989 
test_loss: 0.00659133 
train_loss: 0.00648103 
test_loss: 0.00655103 
train_loss: 0.00658546 
test_loss: 0.00662227 
train_loss: 0.00647249 
test_loss: 0.00662245 
train_loss: 0.00658516 
test_loss: 0.00651433 
train_loss: 0.00664587 
test_loss: 0.00661 
train_loss: 0.00648601 
test_loss: 0.00662713 
train_loss: 0.00652217 
test_loss: 0.00651909 
train_loss: 0.00638954 
test_loss: 0.00657128 
train_loss: 0.00647475 
test_loss: 0.0066432 
train_loss: 0.00644603 
test_loss: 0.00654725 
train_loss: 0.00667488 
test_loss: 0.00673712 
train_loss: 0.00640346 
test_loss: 0.0066977 
train_loss: 0.0067219 
test_loss: 0.0065731 
train_loss: 0.00662239 
test_loss: 0.00667642 
train_loss: 0.00661588 
test_loss: 0.00661844 
train_loss: 0.00648407 
test_loss: 0.00655121 
train_loss: 0.00639836 
test_loss: 0.00654401 
train_loss: 0.00645013 
test_loss: 0.00655716 
train_loss: 0.0065041 
test_loss: 0.0065962 
train_loss: 0.00636193 
test_loss: 0.0065205 
train_loss: 0.00653374 
test_loss: 0.00667378 
train_loss: 0.00645211 
test_loss: 0.00652812 
train_loss: 0.00662965 
test_loss: 0.00664164 
train_loss: 0.00645614 
test_loss: 0.0064886 
train_loss: 0.00650189 
test_loss: 0.00654822 
train_loss: 0.00649178 
test_loss: 0.00669618 
train_loss: 0.00656196 
test_loss: 0.00647903 
train_loss: 0.00657731 
test_loss: 0.00659614 
train_loss: 0.00663192 
test_loss: 0.00659092 
train_loss: 0.00664867 
test_loss: 0.00656188 
train_loss: 0.00631261 
test_loss: 0.00651307 
train_loss: 0.00655344 
test_loss: 0.00662216 
train_loss: 0.00650401 
test_loss: 0.00662233 
train_loss: 0.00668793 
test_loss: 0.00655949 
train_loss: 0.00660401 
test_loss: 0.00651412 
train_loss: 0.00654972 
test_loss: 0.00651759 
train_loss: 0.00646432 
test_loss: 0.00648853 
train_loss: 0.00660102 
test_loss: 0.00668069 
train_loss: 0.0065539 
test_loss: 0.00659837 
train_loss: 0.00658334 
test_loss: 0.00664863 
train_loss: 0.00647926 
test_loss: 0.00657776 
train_loss: 0.00648143 
test_loss: 0.00653534 
train_loss: 0.00656333 
test_loss: 0.00660926 
train_loss: 0.00656958 
test_loss: 0.00648977 
train_loss: 0.00657675 
test_loss: 0.00651446 
train_loss: 0.00658004 
test_loss: 0.00661925 
train_loss: 0.00639466 
test_loss: 0.00662177 
train_loss: 0.00640671 
test_loss: 0.00656256 
train_loss: 0.00655743 
test_loss: 0.00656505 
train_loss: 0.0063572 
test_loss: 0.00653552 
train_loss: 0.00677288 
test_loss: 0.00668575 
train_loss: 0.00646735 
test_loss: 0.00657625 
train_loss: 0.00648026 
test_loss: 0.00656508 
train_loss: 0.00653896 
test_loss: 0.00659883 
train_loss: 0.00636169 
test_loss: 0.00655691 
train_loss: 0.00663509 
test_loss: 0.00657717 
train_loss: 0.00656079 
test_loss: 0.00653659 
train_loss: 0.00646213 
test_loss: 0.00653585 
train_loss: 0.00655329 
test_loss: 0.00657575 
train_loss: 0.00661953 
test_loss: 0.00667742 
train_loss: 0.0065159 
test_loss: 0.00660675 
train_loss: 0.00669475 
test_loss: 0.00653441 
train_loss: 0.00670103 
test_loss: 0.00660722 
train_loss: 0.00645847 
test_loss: 0.00645032 
train_loss: 0.00662787 
test_loss: 0.00657532 
train_loss: 0.00635577 
test_loss: 0.00652231 
train_loss: 0.00644484 
test_loss: 0.00667444 
train_loss: 0.00652791 
test_loss: 0.00653596 
train_loss: 0.00640269 
test_loss: 0.00654136 
train_loss: 0.00661516 
test_loss: 0.00663125 
train_loss: 0.00654724 
test_loss: 0.00656868 
train_loss: 0.00637286 
test_loss: 0.00648268 
train_loss: 0.00650798 
test_loss: 0.00657853 
train_loss: 0.00656561 
test_loss: 0.0065835 
train_loss: 0.00655565 
test_loss: 0.00659229 
train_loss: 0.00642086 
test_loss: 0.00654872 
train_loss: 0.0066397 
test_loss: 0.0066075 
train_loss: 0.00651475 
test_loss: 0.00649062 
train_loss: 0.00664191 
test_loss: 0.00658057 
train_loss: 0.00656362 
test_loss: 0.00652148 
train_loss: 0.00646387 
test_loss: 0.00656143 
train_loss: 0.00665362 
test_loss: 0.00654617 
train_loss: 0.00636009 
test_loss: 0.00654836 
train_loss: 0.00667429 
test_loss: 0.00649894 
train_loss: 0.00658794 
test_loss: 0.00660175 
train_loss: 0.00658729 
test_loss: 0.00654966 
train_loss: 0.0064121 
test_loss: 0.00645546 
train_loss: 0.00652081 
test_loss: 0.00653694 
train_loss: 0.00648957 
test_loss: 0.00663415 
train_loss: 0.00652691 
test_loss: 0.00654004 
train_loss: 0.00643208 
test_loss: 0.00652476 
train_loss: 0.00648995 
test_loss: 0.00653441 
train_loss: 0.00658633 
test_loss: 0.00650289 
train_loss: 0.00656888 
test_loss: 0.00665407 
train_loss: 0.00640999 
test_loss: 0.00665263 
train_loss: 0.00654857 
test_loss: 0.00652937 
train_loss: 0.00642902 
test_loss: 0.00654736 
train_loss: 0.00644388 
test_loss: 0.00651957 
train_loss: 0.00633038 
test_loss: 0.00651684 
train_loss: 0.00643771 
test_loss: 0.0065571 
train_loss: 0.0064078 
test_loss: 0.00657398 
train_loss: 0.00648232 
test_loss: 0.00654982 
train_loss: 0.00648595 
test_loss: 0.00649214 
train_loss: 0.00648535 
test_loss: 0.00647337 
train_loss: 0.0065212 
test_loss: 0.00645017 
train_loss: 0.00645548 
test_loss: 0.0065842 
train_loss: 0.00655457 
test_loss: 0.00650168 
train_loss: 0.00650996 
test_loss: 0.00649098 
train_loss: 0.00650923 
test_loss: 0.00652277 
train_loss: 0.00652402 
test_loss: 0.00656129 
train_loss: 0.00647398 
test_loss: 0.00657726 
train_loss: 0.00648854 
test_loss: 0.00654046 
train_loss: 0.00650963 
test_loss: 0.006559 
train_loss: 0.00646285 
test_loss: 0.00655359 
train_loss: 0.00660617 
test_loss: 0.0065394 
train_loss: 0.00653336 
test_loss: 0.00654177 
train_loss: 0.00660018 
test_loss: 0.00659491 
train_loss: 0.00643622 
test_loss: 0.00652596 
train_loss: 0.00652625 
test_loss: 0.00654779 
train_loss: 0.0063031 
test_loss: 0.00650756 
train_loss: 0.00648172 
test_loss: 0.00659833 
train_loss: 0.00641739 
test_loss: 0.00651766 
train_loss: 0.006677 
test_loss: 0.00656049 
train_loss: 0.00637967 
test_loss: 0.00662864 
train_loss: 0.00635319 
test_loss: 0.00648016 
train_loss: 0.00662082 
test_loss: 0.00649489 
train_loss: 0.00643984 
test_loss: 0.00654688 
train_loss: 0.0065435 
test_loss: 0.00653465 
train_loss: 0.00638524 
test_loss: 0.0065717 
train_loss: 0.00660488 
test_loss: 0.00658124 
train_loss: 0.00645262 
test_loss: 0.0064535 
train_loss: 0.00634767 
test_loss: 0.00649965 
train_loss: 0.00655554 
test_loss: 0.00663341 
train_loss: 0.00635508 
test_loss: 0.00653673 
train_loss: 0.00656126 
test_loss: 0.00655494 
train_loss: 0.0065142 
test_loss: 0.00656715 
train_loss: 0.00644525 
test_loss: 0.00647386 
train_loss: 0.00638517 
test_loss: 0.00652096 
train_loss: 0.00657263 
test_loss: 0.00654433 
