train_loss: 0.0102823 
test_loss: 0.0102738 
train_loss: 0.0102633 
test_loss: 0.0102787 
train_loss: 0.0101057 
test_loss: 0.0103484 
train_loss: 0.0103994 
test_loss: 0.0102794 
train_loss: 0.0100788 
test_loss: 0.010237 
train_loss: 0.00994657 
test_loss: 0.0102716 
train_loss: 0.0100542 
test_loss: 0.0103145 
train_loss: 0.0104301 
test_loss: 0.0102876 
train_loss: 0.0104537 
test_loss: 0.0102765 
train_loss: 0.0101705 
test_loss: 0.0102974 
train_loss: 0.0104045 
test_loss: 0.0102554 
train_loss: 0.0101236 
test_loss: 0.0102488 
train_loss: 0.0100151 
test_loss: 0.0103156 
train_loss: 0.0103949 
test_loss: 0.010406 
train_loss: 0.0102485 
test_loss: 0.0102757 
train_loss: 0.0101517 
test_loss: 0.0102534 
train_loss: 0.0105004 
test_loss: 0.0102438 
train_loss: 0.0100656 
test_loss: 0.0102301 
train_loss: 0.0103478 
test_loss: 0.0102633 
train_loss: 0.0103142 
test_loss: 0.0102695 
train_loss: 0.0105895 
test_loss: 0.0102755 
train_loss: 0.0102499 
test_loss: 0.0103156 
train_loss: 0.0101323 
test_loss: 0.0102651 
train_loss: 0.010289 
test_loss: 0.0102294 
train_loss: 0.0102853 
test_loss: 0.0102716 
train_loss: 0.0101027 
test_loss: 0.0102531 
train_loss: 0.0103726 
test_loss: 0.0102437 
train_loss: 0.0104014 
test_loss: 0.0102603 
train_loss: 0.0104838 
test_loss: 0.0102509 
train_loss: 0.0104542 
test_loss: 0.0102343 
train_loss: 0.0103899 
test_loss: 0.0103142 
train_loss: 0.0103134 
test_loss: 0.0102281 
train_loss: 0.0102558 
test_loss: 0.010208 
train_loss: 0.0101647 
test_loss: 0.0102658 
train_loss: 0.0103642 
test_loss: 0.0102735 
train_loss: 0.0100059 
test_loss: 0.0102801 
train_loss: 0.0103706 
test_loss: 0.0102176 
train_loss: 0.0100579 
test_loss: 0.0102297 
train_loss: 0.0103096 
test_loss: 0.0102361 
train_loss: 0.0101511 
test_loss: 0.0102072 
train_loss: 0.0101662 
test_loss: 0.0102156 
train_loss: 0.0102517 
test_loss: 0.01025 
train_loss: 0.0101181 
test_loss: 0.0101973 
train_loss: 0.0100891 
test_loss: 0.0102329 
train_loss: 0.0100245 
test_loss: 0.0102181 
train_loss: 0.0102739 
test_loss: 0.0102133 
train_loss: 0.0103083 
test_loss: 0.0102003 
train_loss: 0.00998072 
test_loss: 0.0101729 
train_loss: 0.010176 
test_loss: 0.0103434 
train_loss: 0.0104723 
test_loss: 0.0102516 
train_loss: 0.00995553 
test_loss: 0.0102046 
train_loss: 0.0104687 
test_loss: 0.0101974 
train_loss: 0.0100705 
test_loss: 0.0102395 
train_loss: 0.0102377 
test_loss: 0.0102278 
train_loss: 0.0104037 
test_loss: 0.01029 
train_loss: 0.0104727 
test_loss: 0.0102003 
train_loss: 0.0102363 
test_loss: 0.0102771 
train_loss: 0.0101755 
test_loss: 0.0103152 
train_loss: 0.0101966 
test_loss: 0.0102022 
train_loss: 0.0104319 
test_loss: 0.0102845 
train_loss: 0.0100569 
test_loss: 0.0102519 
train_loss: 0.010333 
test_loss: 0.0102165 
train_loss: 0.0102236 
test_loss: 0.0102263 
train_loss: 0.0104335 
test_loss: 0.0102259 
train_loss: 0.0102726 
test_loss: 0.0102331 
train_loss: 0.00978378 
test_loss: 0.0101765 
train_loss: 0.0102158 
test_loss: 0.0101987 
train_loss: 0.0101282 
test_loss: 0.0101878 
train_loss: 0.0101355 
test_loss: 0.0101843 
train_loss: 0.0102428 
test_loss: 0.0102631 
train_loss: 0.0105675 
test_loss: 0.0101961 
train_loss: 0.0102355 
test_loss: 0.0102016 
train_loss: 0.0104266 
test_loss: 0.0102833 
train_loss: 0.0103329 
test_loss: 0.0102216 
train_loss: 0.0102535 
test_loss: 0.0102302 
train_loss: 0.00998704 
test_loss: 0.0102181 
train_loss: 0.0101873 
test_loss: 0.0102298 
train_loss: 0.0101334 
test_loss: 0.0101835 
train_loss: 0.0104188 
test_loss: 0.010255 
train_loss: 0.0102363 
test_loss: 0.0102014 
train_loss: 0.0103641 
test_loss: 0.0102031 
train_loss: 0.0101632 
test_loss: 0.0102135 
train_loss: 0.0103555 
test_loss: 0.0102142 
train_loss: 0.0102575 
test_loss: 0.0102447 
train_loss: 0.0100074 
test_loss: 0.0101938 
train_loss: 0.00999163 
test_loss: 0.0101819 
train_loss: 0.0101612 
test_loss: 0.0101535 
train_loss: 0.0101069 
test_loss: 0.0102714 
train_loss: 0.0101281 
test_loss: 0.010218 
train_loss: 0.0103343 
test_loss: 0.0101928 
train_loss: 0.0100559 
test_loss: 0.0101154 
train_loss: 0.0103083 
test_loss: 0.0101859 
train_loss: 0.0102391 
test_loss: 0.0101636 
train_loss: 0.0101223 
test_loss: 0.0102281 
train_loss: 0.0103416 
test_loss: 0.0102413 
train_loss: 0.00994561 
test_loss: 0.0102458 
train_loss: 0.0102566 
test_loss: 0.0102387 
train_loss: 0.0103141 
test_loss: 0.0101783 
train_loss: 0.0100572 
test_loss: 0.010185 
train_loss: 0.0102441 
test_loss: 0.0102206 
train_loss: 0.0102393 
test_loss: 0.0102149 
train_loss: 0.0100453 
test_loss: 0.010162 
train_loss: 0.010162 
test_loss: 0.0101745 
train_loss: 0.0103771 
test_loss: 0.0102699 
train_loss: 0.0101717 
test_loss: 0.0102374 
train_loss: 0.00994273 
test_loss: 0.0101635 
train_loss: 0.0102213 
test_loss: 0.0101822 
train_loss: 0.00998058 
test_loss: 0.0101916 
train_loss: 0.0100728 
test_loss: 0.0101509 
train_loss: 0.0104125 
test_loss: 0.010203 
train_loss: 0.010128 
test_loss: 0.0101392 
train_loss: 0.0100124 
test_loss: 0.0102059 
train_loss: 0.0104472 
test_loss: 0.010243 
train_loss: 0.0104927 
test_loss: 0.01013 
train_loss: 0.0101383 
test_loss: 0.0101479 
train_loss: 0.0101295 
test_loss: 0.0102146 
train_loss: 0.0102969 
test_loss: 0.0101546 
train_loss: 0.0102244 
test_loss: 0.0101532 
train_loss: 0.0101329 
test_loss: 0.0102548 
train_loss: 0.0101824 
test_loss: 0.0102384 
train_loss: 0.0103167 
test_loss: 0.0102178 
train_loss: 0.0101391 
test_loss: 0.0102572 
train_loss: 0.0102675 
test_loss: 0.010225 
train_loss: 0.0102803 
test_loss: 0.0102272 
train_loss: 0.0102284 
test_loss: 0.0102473 
train_loss: 0.0101193 
test_loss: 0.0101529 
train_loss: 0.0102425 
test_loss: 0.0102099 
train_loss: 0.00997027 
test_loss: 0.0101502 
train_loss: 0.00991213 
test_loss: 0.0101441 
train_loss: 0.0100891 
test_loss: 0.0101702 
train_loss: 0.0100197 
test_loss: 0.010154 
train_loss: 0.0101024 
test_loss: 0.0101954 
train_loss: 0.0104168 
test_loss: 0.0102362 
train_loss: 0.0102331 
test_loss: 0.0101429 
train_loss: 0.00996842 
test_loss: 0.0101928 
train_loss: 0.0101702 
test_loss: 0.0101608 
train_loss: 0.0100732 
test_loss: 0.0101765 
train_loss: 0.00994323 
test_loss: 0.0101831 
train_loss: 0.0101615 
test_loss: 0.0102029 
train_loss: 0.0101931 
test_loss: 0.0102055 
train_loss: 0.00995808 
test_loss: 0.0101654 
train_loss: 0.0102206 
test_loss: 0.0101789 
train_loss: 0.00993675 
test_loss: 0.010195 
train_loss: 0.00998846 
test_loss: 0.010174 
train_loss: 0.0101336 
test_loss: 0.0101476 
train_loss: 0.0101068 
test_loss: 0.0101368 
train_loss: 0.010117 
test_loss: 0.0100997 
train_loss: 0.00989738 
test_loss: 0.0101509 
train_loss: 0.00986437 
test_loss: 0.010115 
train_loss: 0.0102305 
test_loss: 0.0103359 
train_loss: 0.0105004 
test_loss: 0.0102249 
train_loss: 0.0102019 
test_loss: 0.0102247 
train_loss: 0.0101644 
test_loss: 0.0101533 
train_loss: 0.010325 
test_loss: 0.010185 
train_loss: 0.00989909 
test_loss: 0.0100891 
train_loss: 0.00997099 
test_loss: 0.0102205 
train_loss: 0.010097 
test_loss: 0.0101179 
train_loss: 0.0102487 
test_loss: 0.0101709 
train_loss: 0.0103605 
test_loss: 0.0101752 
train_loss: 0.01005 
test_loss: 0.0101496 
train_loss: 0.0102764 
test_loss: 0.0101465 
train_loss: 0.0100783 
test_loss: 0.010122 
train_loss: 0.010013 
test_loss: 0.0101161 
train_loss: 0.0101194 
test_loss: 0.0102174 
train_loss: 0.0101062 
test_loss: 0.0101743 
train_loss: 0.00997703 
test_loss: 0.0101545 
train_loss: 0.0102898 
test_loss: 0.0103048 
train_loss: 0.009873 
test_loss: 0.0101356 
train_loss: 0.0102668 
test_loss: 0.0101602 
train_loss: 0.0101905 
test_loss: 0.0101517 
train_loss: 0.0100131 
test_loss: 0.0102189 
train_loss: 0.0100613 
test_loss: 0.010127 
train_loss: 0.010177 
test_loss: 0.0101999 
train_loss: 0.0102778 
test_loss: 0.010208 
train_loss: 0.0100901 
test_loss: 0.0100951 
train_loss: 0.00995516 
test_loss: 0.0101014 
train_loss: 0.0102685 
test_loss: 0.0101406 
train_loss: 0.0102671 
test_loss: 0.0101567 
train_loss: 0.0100926 
test_loss: 0.0101445 
train_loss: 0.0102986 
test_loss: 0.0101248 
train_loss: 0.0102005 
test_loss: 0.0101675 
train_loss: 0.010353 
test_loss: 0.010133 
train_loss: 0.0102922 
test_loss: 0.0101437 
train_loss: 0.00984257 
test_loss: 0.0101408 
train_loss: 0.010205 
test_loss: 0.0101546 
train_loss: 0.0101332 
test_loss: 0.0101398 
train_loss: 0.00994895 
test_loss: 0.0101356 
train_loss: 0.00993872 
test_loss: 0.0101903 
train_loss: 0.0102707 
test_loss: 0.0101566 
train_loss: 0.0101488 
test_loss: 0.0100763 
train_loss: 0.0102207 
test_loss: 0.0101269 
train_loss: 0.0101036 
test_loss: 0.0101488 
train_loss: 0.00990587 
test_loss: 0.0101185 
train_loss: 0.0102268 
test_loss: 0.0101235 
train_loss: 0.0104407 
test_loss: 0.0101766 
train_loss: 0.0102036 
test_loss: 0.0101676 
train_loss: 0.0101957 
test_loss: 0.0101699 
train_loss: 0.0102322 
test_loss: 0.0101427 
train_loss: 0.0103435 
test_loss: 0.0100752 
train_loss: 0.00962404 
test_loss: 0.0101558 
train_loss: 0.010023 
test_loss: 0.0101219 
train_loss: 0.0101094 
test_loss: 0.010199 
train_loss: 0.0100742 
test_loss: 0.0100895 
train_loss: 0.00999525 
test_loss: 0.0101757 
train_loss: 0.00987811 
test_loss: 0.0101227 
train_loss: 0.00996706 
test_loss: 0.0101271 
train_loss: 0.010127 
test_loss: 0.0101304 
train_loss: 0.0101737 
test_loss: 0.0101563 
train_loss: 0.0103273 
test_loss: 0.0101342 
train_loss: 0.0104912 
test_loss: 0.0101449 
train_loss: 0.0100879 
test_loss: 0.0101503 
train_loss: 0.0102745 
test_loss: 0.0101264 
train_loss: 0.00999501 
test_loss: 0.0101367 
train_loss: 0.0100752 
test_loss: 0.0101013 
train_loss: 0.0101233 
test_loss: 0.0101017 
train_loss: 0.00995803 
test_loss: 0.0101233 
train_loss: 0.0102206 
test_loss: 0.0101192 
train_loss: 0.0101005 
test_loss: 0.0101252 
train_loss: 0.0101277 
test_loss: 0.0101229 
train_loss: 0.0105326 
test_loss: 0.0102062 
train_loss: 0.00997282 
test_loss: 0.0101271 
train_loss: 0.0100158 
test_loss: 0.0101385 
train_loss: 0.00983886 
test_loss: 0.0101991 
train_loss: 0.0103539 
test_loss: 0.0101485 
train_loss: 0.0099691 
test_loss: 0.0101423 
train_loss: 0.00992165 
test_loss: 0.0101013 
train_loss: 0.0102284 
test_loss: 0.0101294 
train_loss: 0.0100205 
test_loss: 0.0100914 
train_loss: 0.0101692 
test_loss: 0.0101287 
train_loss: 0.00997978 
test_loss: 0.0100955 
train_loss: 0.010347 
test_loss: 0.010144 
train_loss: 0.0100234 
test_loss: 0.0101485 
train_loss: 0.0102701 
test_loss: 0.0101577 
train_loss: 0.0100165 
test_loss: 0.0100914 
train_loss: 0.0101762 
test_loss: 0.0101089 
train_loss: 0.0103938 
test_loss: 0.0101062 
train_loss: 0.0103222 
test_loss: 0.0101021 
train_loss: 0.0101413 
test_loss: 0.0100943 
train_loss: 0.0101976 
test_loss: 0.0101804 
train_loss: 0.00999799 
test_loss: 0.0101313 
train_loss: 0.0103054 
test_loss: 0.0101554 
train_loss: 0.0101373 
test_loss: 0.0101587 
train_loss: 0.00990751 
test_loss: 0.0101276 
train_loss: 0.0102269 
test_loss: 0.0101093 
train_loss: 0.0100871 
test_loss: 0.0101343 
train_loss: 0.0103006 
test_loss: 0.0101186 
train_loss: 0.00994642 
test_loss: 0.0101083 
train_loss: 0.0102943 
test_loss: 0.0101091 
train_loss: 0.00996086 
test_loss: 0.0101536 
train_loss: 0.0101504 
test_loss: 0.0100756 
train_loss: 0.0102479 
test_loss: 0.0100754 
train_loss: 0.00996466 
test_loss: 0.0101646 
train_loss: 0.00990211 
test_loss: 0.0101457 
train_loss: 0.0101396 
test_loss: 0.0100871 
train_loss: 0.0102299 
test_loss: 0.0100862 
train_loss: 0.00993074 
test_loss: 0.010077 
train_loss: 0.0103769 
test_loss: 0.0100742 
train_loss: 0.0101624 
test_loss: 0.0101322 
train_loss: 0.00999716 
test_loss: 0.0101226 
train_loss: 0.0100293 
test_loss: 0.0100963 
train_loss: 0.009921 
test_loss: 0.0101928 
train_loss: 0.0100472 
test_loss: 0.0101306 
train_loss: 0.0102228 
test_loss: 0.0100652 
train_loss: 0.0100092 
test_loss: 0.0101412 
train_loss: 0.0104927 
test_loss: 0.0101512 
train_loss: 0.0099866 
test_loss: 0.0101233 
train_loss: 0.0100641 
test_loss: 0.0100282 
train_loss: 0.00983459 
test_loss: 0.0100838 
train_loss: 0.00987657 
test_loss: 0.010154 
train_loss: 0.010165 
test_loss: 0.0101105 
train_loss: 0.0104134 
test_loss: 0.0101259 
train_loss: 0.0101429 
test_loss: 0.0101427 
train_loss: 0.00997274 
test_loss: 0.0101273 
train_loss: 0.0102033 
test_loss: 0.0101299 
train_loss: 0.00982968 
test_loss: 0.0101162 
train_loss: 0.0103296 
test_loss: 0.0101571 
train_loss: 0.00984939 
test_loss: 0.0100543 
train_loss: 0.00989273 
test_loss: 0.0101174 
train_loss: 0.00974812 
test_loss: 0.0100712 
train_loss: 0.00999372 
test_loss: 0.0100898 
train_loss: 0.00983691 
test_loss: 0.0100784 
train_loss: 0.00980498 
test_loss: 0.0100398 
train_loss: 0.0102421 
test_loss: 0.0101476 
train_loss: 0.0102006 
test_loss: 0.0100539 
train_loss: 0.00998804 
test_loss: 0.0100609 
train_loss: 0.0101356 
test_loss: 0.0100976 
train_loss: 0.0100839 
test_loss: 0.0100749 
train_loss: 0.010082 
test_loss: 0.0100948 
train_loss: 0.0103157 
test_loss: 0.0100493 
train_loss: 0.0102298 
test_loss: 0.0101277 
train_loss: 0.00997474 
test_loss: 0.0100416 
train_loss: 0.00997986 
test_loss: 0.010094 
train_loss: 0.00986091 
test_loss: 0.0100629 
train_loss: 0.0102389 
test_loss: 0.0100527 
train_loss: 0.010184 
test_loss: 0.0101798 
train_loss: 0.00985844 
test_loss: 0.0101211 
train_loss: 0.0100985 
test_loss: 0.0101573 
train_loss: 0.0104497 
test_loss: 0.0100681 
train_loss: 0.0103796 
test_loss: 0.010149 
train_loss: 0.0102569 
test_loss: 0.010069 
train_loss: 0.00995175 
test_loss: 0.010024 
train_loss: 0.0103166 
test_loss: 0.0100302 
train_loss: 0.0100634 
test_loss: 0.0101953 
train_loss: 0.0102185 
test_loss: 0.0100452 
train_loss: 0.0104781 
test_loss: 0.0100875 
train_loss: 0.0100741 
test_loss: 0.0100801 
train_loss: 0.00990101 
test_loss: 0.0101503 
train_loss: 0.00984381 
test_loss: 0.0100933 
train_loss: 0.0101529 
test_loss: 0.0100598 
train_loss: 0.0100754 
test_loss: 0.0101166 
train_loss: 0.0101825 
test_loss: 0.0101159 
train_loss: 0.00981644 
test_loss: 0.0100878 
train_loss: 0.0101302 
test_loss: 0.0100778 
train_loss: 0.00996485 
test_loss: 0.0101485 
train_loss: 0.00999739 
test_loss: 0.0100567 
train_loss: 0.0100504 
test_loss: 0.0100792 
train_loss: 0.0100521 
test_loss: 0.0100289 
train_loss: 0.0102714 
test_loss: 0.0100416 
train_loss: 0.0101967 
test_loss: 0.0100341 
train_loss: 0.0101486 
test_loss: 0.0101089 
train_loss: 0.00999098 
test_loss: 0.0100706 
train_loss: 0.0100339 
test_loss: 0.0101035 
train_loss: 0.00998586 
test_loss: 0.0100354 
train_loss: 0.0101859 
test_loss: 0.0100972 
train_loss: 0.0101229 
test_loss: 0.0100982 
train_loss: 0.0101626 
test_loss: 0.0100975 
train_loss: 0.00978788 
test_loss: 0.0101058 
train_loss: 0.0101271 
test_loss: 0.0100696 
train_loss: 0.00994003 
test_loss: 0.0100681 
train_loss: 0.0101372 
test_loss: 0.010071 
train_loss: 0.0102459 
test_loss: 0.0100221 
train_loss: 0.00987929 
test_loss: 0.0100938 
train_loss: 0.00987473 
test_loss: 0.010097 
train_loss: 0.0101606 
test_loss: 0.0100652 
train_loss: 0.0100126 
test_loss: 0.010042 
train_loss: 0.0100202 
test_loss: 0.0100521 
train_loss: 0.0101015 
test_loss: 0.0100947 
train_loss: 0.010128 
test_loss: 0.0100999 
train_loss: 0.0100021 
test_loss: 0.0100828 
train_loss: 0.00994467 
test_loss: 0.0101039 
train_loss: 0.0100529 
test_loss: 0.0100332 
train_loss: 0.0103266 
test_loss: 0.0101121 
train_loss: 0.0100422 
test_loss: 0.0100592 
train_loss: 0.00995594 
test_loss: 0.010082 
train_loss: 0.0098853 
test_loss: 0.0100437 
train_loss: 0.00998644 
test_loss: 0.0101744 
train_loss: 0.0104078 
test_loss: 0.0100541 
train_loss: 0.00999304 
test_loss: 0.0100322 
train_loss: 0.00985128 
test_loss: 0.0100451 
train_loss: 0.00990801 
test_loss: 0.0100221 
train_loss: 0.00997469 
test_loss: 0.0100789 
train_loss: 0.0100205 
test_loss: 0.0100917 
train_loss: 0.0100312 
test_loss: 0.0101025 
train_loss: 0.0103719 
test_loss: 0.0101248 
train_loss: 0.00999149 
test_loss: 0.010127 
train_loss: 0.00997569 
test_loss: 0.0100346 
train_loss: 0.010241 
test_loss: 0.0100552 
train_loss: 0.00999266 
test_loss: 0.010027 
train_loss: 0.0101405 
test_loss: 0.0100446 
train_loss: 0.0102859 
test_loss: 0.0100662 
train_loss: 0.0100107 
test_loss: 0.0100745 
train_loss: 0.0100145 
test_loss: 0.0100267 
train_loss: 0.00997976 
test_loss: 0.0101652 
train_loss: 0.00973066 
test_loss: 0.0100756 
train_loss: 0.0100073 
test_loss: 0.0100012 
train_loss: 0.0100947 
test_loss: 0.0100254 
train_loss: 0.0102174 
test_loss: 0.0100648 
train_loss: 0.0101082 
test_loss: 0.00999665 
train_loss: 0.00995219 
test_loss: 0.0100242 
train_loss: 0.00994546 
test_loss: 0.0100689 
train_loss: 0.0100725 
test_loss: 0.0100238 
train_loss: 0.0101484 
test_loss: 0.0100683 
train_loss: 0.00983315 
test_loss: 0.0100402 
train_loss: 0.00963692 
test_loss: 0.0100032 
train_loss: 0.0102091 
test_loss: 0.010048 
train_loss: 0.00987767 
test_loss: 0.0100329 
train_loss: 0.0101362 
test_loss: 0.00998993 
train_loss: 0.0102762 
test_loss: 0.0100269 
train_loss: 0.0100834 
test_loss: 0.0100132 
train_loss: 0.0101267 
test_loss: 0.0100565 
train_loss: 0.0104322 
test_loss: 0.0100631 
train_loss: 0.0101929 
test_loss: 0.0100519 
train_loss: 0.00993701 
test_loss: 0.0100115 
train_loss: 0.0103502 
test_loss: 0.009994 
train_loss: 0.00997347 
test_loss: 0.0100188 
train_loss: 0.0101458 
test_loss: 0.0100463 
train_loss: 0.00988298 
test_loss: 0.0100404 
train_loss: 0.0102749 
test_loss: 0.00999611 
train_loss: 0.0100068 
test_loss: 0.010055 
train_loss: 0.0101722 
test_loss: 0.010042 
train_loss: 0.0101805 
test_loss: 0.0099978 
train_loss: 0.0099985 
test_loss: 0.0101185 
train_loss: 0.00978517 
test_loss: 0.0100348 
train_loss: 0.00976603 
test_loss: 0.0100177 
train_loss: 0.00989793 
test_loss: 0.0100356 
train_loss: 0.00999738 
test_loss: 0.00997098 
train_loss: 0.0100544 
test_loss: 0.0100607 
train_loss: 0.0103034 
test_loss: 0.0099952 
train_loss: 0.0101164 
test_loss: 0.0100932 
train_loss: 0.00991493 
test_loss: 0.00998267 
train_loss: 0.00996602 
test_loss: 0.0099885 
train_loss: 0.0100755 
test_loss: 0.0100361 
train_loss: 0.00978254 
test_loss: 0.0100179 
train_loss: 0.00983952 
test_loss: 0.00995579 
train_loss: 0.00972937 
test_loss: 0.00998206 
train_loss: 0.00987706 
test_loss: 0.0100146 
train_loss: 0.0100823 
test_loss: 0.00996993 
train_loss: 0.0100583 
test_loss: 0.00999496 
train_loss: 0.0101122 
test_loss: 0.0100039 
train_loss: 0.00977026 
test_loss: 0.00999896 
