train_loss: 0.0105982 
test_loss: 0.0106602 
train_loss: 0.0105787 
test_loss: 0.0106014 
train_loss: 0.0104603 
test_loss: 0.0107664 
train_loss: 0.0105159 
test_loss: 0.0106198 
train_loss: 0.010603 
test_loss: 0.0107115 
train_loss: 0.0107972 
test_loss: 0.0106822 
train_loss: 0.0105466 
test_loss: 0.0106178 
train_loss: 0.0105429 
test_loss: 0.0107065 
train_loss: 0.0109515 
test_loss: 0.0106051 
train_loss: 0.0105795 
test_loss: 0.0106571 
train_loss: 0.0104594 
test_loss: 0.0105672 
train_loss: 0.0105972 
test_loss: 0.0106028 
train_loss: 0.0108255 
test_loss: 0.0106285 
train_loss: 0.0107305 
test_loss: 0.0106951 
train_loss: 0.0106616 
test_loss: 0.0106366 
train_loss: 0.0105368 
test_loss: 0.0106634 
train_loss: 0.010381 
test_loss: 0.0105991 
train_loss: 0.0106275 
test_loss: 0.0106469 
train_loss: 0.0106175 
test_loss: 0.0106208 
train_loss: 0.0108868 
test_loss: 0.0105827 
train_loss: 0.0103789 
test_loss: 0.0105654 
train_loss: 0.0104234 
test_loss: 0.0106624 
train_loss: 0.0105496 
test_loss: 0.0106053 
train_loss: 0.0105122 
test_loss: 0.0106758 
train_loss: 0.0102369 
test_loss: 0.0105647 
train_loss: 0.0105038 
test_loss: 0.0106384 
train_loss: 0.0107402 
test_loss: 0.0106281 
train_loss: 0.0102885 
test_loss: 0.0104883 
train_loss: 0.010566 
test_loss: 0.0106029 
train_loss: 0.0107373 
test_loss: 0.0105867 
train_loss: 0.0105159 
test_loss: 0.0105274 
train_loss: 0.0105576 
test_loss: 0.0106049 
train_loss: 0.0101903 
test_loss: 0.0105061 
train_loss: 0.0105149 
test_loss: 0.0104688 
train_loss: 0.0108359 
test_loss: 0.0105171 
train_loss: 0.0103136 
test_loss: 0.0104613 
train_loss: 0.0104582 
test_loss: 0.0103603 
train_loss: 0.0101874 
test_loss: 0.0102469 
train_loss: 0.00990957 
test_loss: 0.010237 
train_loss: 0.00983265 
test_loss: 0.00982863 
train_loss: 0.00935544 
test_loss: 0.00928698 
train_loss: 0.00822654 
test_loss: 0.00797582 
train_loss: 0.00709574 
test_loss: 0.00713102 
train_loss: 0.00682468 
test_loss: 0.00671636 
train_loss: 0.00688686 
test_loss: 0.00672329 
train_loss: 0.00652153 
test_loss: 0.00665395 
train_loss: 0.00652566 
test_loss: 0.00669448 
train_loss: 0.00663316 
test_loss: 0.0066112 
train_loss: 0.00641313 
test_loss: 0.00649108 
train_loss: 0.00648346 
test_loss: 0.00651755 
train_loss: 0.0065187 
test_loss: 0.00646603 
train_loss: 0.00639314 
test_loss: 0.00654185 
train_loss: 0.00636241 
test_loss: 0.00646991 
train_loss: 0.00651762 
test_loss: 0.00646692 
train_loss: 0.00635251 
test_loss: 0.00647609 
train_loss: 0.00645579 
test_loss: 0.00650455 
train_loss: 0.00647098 
test_loss: 0.00648335 
train_loss: 0.00648755 
test_loss: 0.00649591 
train_loss: 0.00662687 
test_loss: 0.00654528 
train_loss: 0.00663007 
test_loss: 0.00651794 
train_loss: 0.00652706 
test_loss: 0.00644191 
train_loss: 0.00642987 
test_loss: 0.00639277 
train_loss: 0.00634711 
test_loss: 0.00645895 
train_loss: 0.0065188 
test_loss: 0.00653756 
train_loss: 0.00656034 
test_loss: 0.00639039 
train_loss: 0.00678987 
test_loss: 0.00649172 
train_loss: 0.00652301 
test_loss: 0.00639169 
train_loss: 0.00647471 
test_loss: 0.00648523 
train_loss: 0.00669726 
test_loss: 0.00647536 
train_loss: 0.00633095 
test_loss: 0.00642909 
train_loss: 0.00620713 
test_loss: 0.00639368 
train_loss: 0.00640799 
test_loss: 0.00639623 
train_loss: 0.00661632 
test_loss: 0.00643749 
train_loss: 0.00645708 
test_loss: 0.0064716 
train_loss: 0.00641389 
test_loss: 0.00652091 
train_loss: 0.00637634 
test_loss: 0.00640706 
train_loss: 0.00653868 
test_loss: 0.00640127 
train_loss: 0.00635032 
test_loss: 0.00641926 
train_loss: 0.00674923 
test_loss: 0.00646963 
train_loss: 0.00637774 
test_loss: 0.00638707 
train_loss: 0.00637812 
test_loss: 0.00647626 
train_loss: 0.00635036 
test_loss: 0.00637715 
train_loss: 0.00652595 
test_loss: 0.0064556 
train_loss: 0.00658912 
test_loss: 0.00642628 
train_loss: 0.00643031 
test_loss: 0.00636943 
train_loss: 0.00645247 
test_loss: 0.00644469 
train_loss: 0.00641492 
test_loss: 0.0064885 
train_loss: 0.00634063 
test_loss: 0.00639204 
train_loss: 0.00640193 
test_loss: 0.00641286 
train_loss: 0.00645308 
test_loss: 0.00644046 
train_loss: 0.00644964 
test_loss: 0.00642922 
train_loss: 0.00633982 
test_loss: 0.00639511 
train_loss: 0.00636489 
test_loss: 0.00647815 
train_loss: 0.00646265 
test_loss: 0.0064794 
train_loss: 0.00644431 
test_loss: 0.00644155 
train_loss: 0.00627764 
test_loss: 0.00643632 
train_loss: 0.00630513 
test_loss: 0.00644041 
train_loss: 0.00649978 
test_loss: 0.00639584 
train_loss: 0.00640583 
test_loss: 0.00640449 
train_loss: 0.00628628 
test_loss: 0.00638763 
train_loss: 0.00626549 
test_loss: 0.00638903 
train_loss: 0.00652902 
test_loss: 0.00643899 
train_loss: 0.00653266 
test_loss: 0.00645599 
train_loss: 0.00632206 
test_loss: 0.00640478 
train_loss: 0.00626642 
test_loss: 0.0064641 
train_loss: 0.0065283 
test_loss: 0.00645826 
train_loss: 0.00634022 
test_loss: 0.00644949 
train_loss: 0.00650657 
test_loss: 0.00644382 
train_loss: 0.00634989 
test_loss: 0.00642274 
train_loss: 0.00629688 
test_loss: 0.00652421 
train_loss: 0.00641302 
test_loss: 0.00639493 
train_loss: 0.0064069 
test_loss: 0.00643101 
train_loss: 0.00632583 
test_loss: 0.00645251 
train_loss: 0.00642241 
test_loss: 0.00638357 
train_loss: 0.00644274 
test_loss: 0.00637555 
train_loss: 0.00645792 
test_loss: 0.00639015 
train_loss: 0.00662314 
test_loss: 0.00643212 
train_loss: 0.00625513 
test_loss: 0.00642853 
train_loss: 0.00642009 
test_loss: 0.00654005 
train_loss: 0.00644972 
test_loss: 0.00646149 
train_loss: 0.0064669 
test_loss: 0.00642688 
train_loss: 0.00633964 
test_loss: 0.00641649 
train_loss: 0.00663187 
test_loss: 0.00634605 
train_loss: 0.00642261 
test_loss: 0.00644373 
train_loss: 0.00643577 
test_loss: 0.00633723 
train_loss: 0.00629301 
test_loss: 0.00642559 
train_loss: 0.00647526 
test_loss: 0.00646451 
train_loss: 0.00637906 
test_loss: 0.00640961 
train_loss: 0.00622443 
test_loss: 0.00636256 
train_loss: 0.00642592 
test_loss: 0.00638173 
train_loss: 0.00650255 
test_loss: 0.00646772 
train_loss: 0.00629486 
test_loss: 0.00640796 
train_loss: 0.00650765 
test_loss: 0.00644466 
train_loss: 0.00649436 
test_loss: 0.00643778 
train_loss: 0.00641647 
test_loss: 0.00638652 
train_loss: 0.00647183 
test_loss: 0.00644033 
train_loss: 0.00641056 
test_loss: 0.00653352 
train_loss: 0.00641939 
test_loss: 0.00657842 
train_loss: 0.00648266 
test_loss: 0.00645815 
train_loss: 0.00636105 
test_loss: 0.00641035 
train_loss: 0.00633125 
test_loss: 0.00642 
train_loss: 0.00629346 
test_loss: 0.00641006 
train_loss: 0.00640313 
test_loss: 0.00643593 
train_loss: 0.0064128 
test_loss: 0.00639868 
train_loss: 0.00639293 
test_loss: 0.00640128 
train_loss: 0.00631151 
test_loss: 0.00641511 
train_loss: 0.00633279 
test_loss: 0.00643245 
train_loss: 0.00623144 
test_loss: 0.00637414 
train_loss: 0.00633693 
test_loss: 0.00637546 
train_loss: 0.00633734 
test_loss: 0.00640308 
train_loss: 0.00641971 
test_loss: 0.00644565 
train_loss: 0.00647322 
test_loss: 0.00640638 
train_loss: 0.00643723 
test_loss: 0.00637467 
train_loss: 0.00639988 
test_loss: 0.00637636 
train_loss: 0.00645329 
test_loss: 0.00638292 
train_loss: 0.0062862 
test_loss: 0.00640232 
train_loss: 0.00645683 
test_loss: 0.00641668 
train_loss: 0.00628424 
test_loss: 0.00640866 
train_loss: 0.00650808 
test_loss: 0.00638877 
train_loss: 0.00636307 
test_loss: 0.00636309 
train_loss: 0.0063775 
test_loss: 0.00639695 
train_loss: 0.00646702 
test_loss: 0.00639745 
train_loss: 0.00633145 
test_loss: 0.0063898 
train_loss: 0.00631166 
test_loss: 0.00639865 
train_loss: 0.00636488 
test_loss: 0.00642075 
train_loss: 0.0063146 
test_loss: 0.00634078 
train_loss: 0.00634262 
test_loss: 0.00634601 
train_loss: 0.00631664 
test_loss: 0.00635384 
train_loss: 0.00616123 
test_loss: 0.00635627 
train_loss: 0.00644352 
test_loss: 0.0063852 
train_loss: 0.00635226 
test_loss: 0.0063432 
train_loss: 0.00636165 
test_loss: 0.00641968 
train_loss: 0.00631698 
test_loss: 0.00638084 
train_loss: 0.00650126 
test_loss: 0.00637809 
train_loss: 0.00637367 
test_loss: 0.00646344 
train_loss: 0.00630782 
test_loss: 0.00650228 
train_loss: 0.00632004 
test_loss: 0.00638751 
train_loss: 0.00649532 
test_loss: 0.00643917 
train_loss: 0.00635276 
test_loss: 0.0064038 
train_loss: 0.00652799 
test_loss: 0.00636772 
train_loss: 0.00644407 
test_loss: 0.00642119 
train_loss: 0.00648576 
test_loss: 0.00639119 
train_loss: 0.00635622 
test_loss: 0.00643969 
train_loss: 0.00649872 
test_loss: 0.006377 
train_loss: 0.00635209 
test_loss: 0.0064059 
train_loss: 0.00630343 
test_loss: 0.00647087 
train_loss: 0.0065862 
test_loss: 0.00646443 
train_loss: 0.00627744 
test_loss: 0.00642671 
train_loss: 0.0063569 
test_loss: 0.00640871 
train_loss: 0.00653609 
test_loss: 0.00647106 
train_loss: 0.00630621 
test_loss: 0.00643275 
train_loss: 0.00644932 
test_loss: 0.00638132 
train_loss: 0.00644407 
test_loss: 0.00642199 
train_loss: 0.0061863 
test_loss: 0.00637826 
train_loss: 0.00639411 
test_loss: 0.00637607 
train_loss: 0.00650252 
test_loss: 0.00633193 
train_loss: 0.00615019 
test_loss: 0.00635834 
train_loss: 0.00643968 
test_loss: 0.00647202 
train_loss: 0.00657688 
test_loss: 0.00639675 
train_loss: 0.00640981 
test_loss: 0.00631487 
train_loss: 0.00639767 
test_loss: 0.00640065 
train_loss: 0.00631494 
test_loss: 0.00643416 
train_loss: 0.00617492 
test_loss: 0.00636627 
train_loss: 0.00639994 
test_loss: 0.00640243 
train_loss: 0.00634483 
test_loss: 0.00643153 
train_loss: 0.00627735 
test_loss: 0.00633249 
train_loss: 0.00647408 
test_loss: 0.00630631 
train_loss: 0.00643594 
test_loss: 0.00638757 
train_loss: 0.00638311 
test_loss: 0.00635961 
train_loss: 0.00622986 
test_loss: 0.00632446 
train_loss: 0.00626427 
test_loss: 0.00636991 
train_loss: 0.00636075 
test_loss: 0.00637543 
train_loss: 0.00615621 
test_loss: 0.00628124 
train_loss: 0.00629402 
test_loss: 0.00631571 
train_loss: 0.00623067 
test_loss: 0.00631848 
train_loss: 0.00632066 
test_loss: 0.00635309 
train_loss: 0.00629048 
test_loss: 0.00634222 
train_loss: 0.00622537 
test_loss: 0.00641531 
train_loss: 0.00633873 
test_loss: 0.00637813 
train_loss: 0.0064621 
test_loss: 0.00636992 
train_loss: 0.00653097 
test_loss: 0.00644359 
train_loss: 0.00635233 
test_loss: 0.00638565 
train_loss: 0.00634003 
test_loss: 0.00639445 
train_loss: 0.00612709 
test_loss: 0.00637464 
train_loss: 0.00632728 
test_loss: 0.00633215 
train_loss: 0.00627066 
test_loss: 0.00635229 
train_loss: 0.00635832 
test_loss: 0.00639606 
train_loss: 0.00640567 
test_loss: 0.00635692 
train_loss: 0.00622106 
test_loss: 0.00640903 
train_loss: 0.00621409 
test_loss: 0.00644253 
train_loss: 0.0064382 
test_loss: 0.00642834 
train_loss: 0.00632799 
test_loss: 0.00644811 
train_loss: 0.00634465 
test_loss: 0.00640631 
train_loss: 0.00632548 
test_loss: 0.00636315 
train_loss: 0.00645589 
test_loss: 0.00633952 
train_loss: 0.00625019 
test_loss: 0.00634604 
train_loss: 0.00633503 
test_loss: 0.00640968 
train_loss: 0.00643823 
test_loss: 0.00644356 
train_loss: 0.0064544 
test_loss: 0.00637841 
train_loss: 0.00651223 
test_loss: 0.00639779 
train_loss: 0.00621638 
test_loss: 0.00636828 
train_loss: 0.00621766 
test_loss: 0.00631652 
train_loss: 0.00634878 
test_loss: 0.00637474 
train_loss: 0.00638075 
test_loss: 0.00636447 
train_loss: 0.00633925 
test_loss: 0.00641327 
train_loss: 0.00628703 
test_loss: 0.00631156 
train_loss: 0.00638374 
test_loss: 0.0064112 
train_loss: 0.00628297 
test_loss: 0.00637247 
train_loss: 0.00617006 
test_loss: 0.00634597 
train_loss: 0.00638203 
test_loss: 0.00638962 
train_loss: 0.00654032 
test_loss: 0.00634281 
train_loss: 0.00646388 
test_loss: 0.00640221 
train_loss: 0.00640878 
test_loss: 0.00635971 
train_loss: 0.00632871 
test_loss: 0.00637723 
train_loss: 0.00627087 
test_loss: 0.00636028 
train_loss: 0.00646761 
test_loss: 0.00633876 
train_loss: 0.00638152 
test_loss: 0.00634999 
train_loss: 0.00634144 
test_loss: 0.00631038 
train_loss: 0.00627761 
test_loss: 0.00637915 
train_loss: 0.00636094 
test_loss: 0.00637347 
train_loss: 0.00608792 
test_loss: 0.00644439 
train_loss: 0.00639888 
test_loss: 0.00637992 
train_loss: 0.00621607 
test_loss: 0.00636082 
train_loss: 0.00651457 
test_loss: 0.00637066 
train_loss: 0.00619298 
test_loss: 0.00632219 
train_loss: 0.00634397 
test_loss: 0.00637728 
train_loss: 0.00641928 
test_loss: 0.00641587 
train_loss: 0.00652308 
test_loss: 0.00637176 
train_loss: 0.0062953 
test_loss: 0.00631006 
train_loss: 0.00639338 
test_loss: 0.00641247 
train_loss: 0.00631258 
test_loss: 0.00639165 
train_loss: 0.00630194 
test_loss: 0.00636852 
train_loss: 0.00635072 
test_loss: 0.00632845 
train_loss: 0.00631515 
test_loss: 0.00637618 
train_loss: 0.00630362 
test_loss: 0.00640452 
train_loss: 0.00635713 
test_loss: 0.00638227 
train_loss: 0.00638257 
test_loss: 0.00632545 
train_loss: 0.00621716 
test_loss: 0.00639922 
train_loss: 0.00634377 
test_loss: 0.006391 
train_loss: 0.00607112 
test_loss: 0.00632131 
train_loss: 0.00630936 
test_loss: 0.00635302 
train_loss: 0.00635925 
test_loss: 0.00632566 
train_loss: 0.00643 
test_loss: 0.00638692 
train_loss: 0.00644491 
test_loss: 0.00645528 
train_loss: 0.00628466 
test_loss: 0.00638965 
train_loss: 0.00616813 
test_loss: 0.00635887 
train_loss: 0.0063524 
test_loss: 0.00633384 
train_loss: 0.00638377 
test_loss: 0.00634984 
train_loss: 0.00627835 
test_loss: 0.00643282 
train_loss: 0.00646171 
test_loss: 0.00637951 
train_loss: 0.0063251 
test_loss: 0.00632703 
train_loss: 0.00624781 
test_loss: 0.00636909 
train_loss: 0.00649138 
test_loss: 0.00633576 
train_loss: 0.00656382 
test_loss: 0.0063725 
train_loss: 0.00627819 
test_loss: 0.00638316 
train_loss: 0.00637217 
test_loss: 0.00634964 
train_loss: 0.00643303 
test_loss: 0.00634654 
train_loss: 0.00615455 
test_loss: 0.00635378 
train_loss: 0.00637689 
test_loss: 0.00640017 
train_loss: 0.006411 
test_loss: 0.00641898 
train_loss: 0.0064343 
test_loss: 0.00634183 
train_loss: 0.00643032 
test_loss: 0.00637677 
train_loss: 0.0063907 
test_loss: 0.00645153 
train_loss: 0.00648527 
test_loss: 0.00631596 
train_loss: 0.00629333 
test_loss: 0.00638877 
train_loss: 0.00625998 
test_loss: 0.00633335 
train_loss: 0.0062186 
test_loss: 0.00633813 
train_loss: 0.00622082 
test_loss: 0.00637696 
train_loss: 0.00630109 
test_loss: 0.00635922 
train_loss: 0.00649131 
test_loss: 0.00635551 
train_loss: 0.00626221 
test_loss: 0.00637684 
train_loss: 0.00617751 
test_loss: 0.00632364 
train_loss: 0.00636264 
test_loss: 0.00630952 
train_loss: 0.00640883 
test_loss: 0.00635793 
train_loss: 0.00634348 
test_loss: 0.00636678 
train_loss: 0.00630029 
test_loss: 0.00632064 
train_loss: 0.00628275 
test_loss: 0.00632792 
train_loss: 0.00627759 
test_loss: 0.00630723 
train_loss: 0.00635289 
test_loss: 0.00629047 
train_loss: 0.00633878 
test_loss: 0.00643323 
train_loss: 0.00640391 
test_loss: 0.00636192 
train_loss: 0.00637255 
test_loss: 0.00640714 
train_loss: 0.00632728 
test_loss: 0.00634136 
train_loss: 0.00637121 
test_loss: 0.00636403 
train_loss: 0.00641925 
test_loss: 0.00636689 
train_loss: 0.00636498 
test_loss: 0.00634746 
train_loss: 0.00616416 
test_loss: 0.00637583 
train_loss: 0.00633994 
test_loss: 0.006316 
train_loss: 0.00636784 
test_loss: 0.00633067 
train_loss: 0.00639595 
test_loss: 0.00636042 
train_loss: 0.00639395 
test_loss: 0.00635558 
train_loss: 0.00618294 
test_loss: 0.00639713 
train_loss: 0.00623194 
test_loss: 0.00631448 
train_loss: 0.00634066 
test_loss: 0.00633262 
train_loss: 0.00646357 
test_loss: 0.00637278 
train_loss: 0.00638186 
test_loss: 0.00636045 
train_loss: 0.00631398 
test_loss: 0.00640585 
train_loss: 0.0062444 
test_loss: 0.0064071 
train_loss: 0.00622192 
test_loss: 0.00631105 
train_loss: 0.00617769 
test_loss: 0.0064027 
train_loss: 0.00643654 
test_loss: 0.00636334 
train_loss: 0.0064101 
test_loss: 0.00636993 
train_loss: 0.00635197 
test_loss: 0.0063958 
train_loss: 0.00647246 
test_loss: 0.00628679 
train_loss: 0.0063831 
test_loss: 0.0063778 
train_loss: 0.00638822 
test_loss: 0.00633661 
train_loss: 0.00619282 
test_loss: 0.00635033 
train_loss: 0.0062472 
test_loss: 0.00635142 
train_loss: 0.00645181 
test_loss: 0.00638394 
train_loss: 0.00622412 
test_loss: 0.00634637 
train_loss: 0.00654076 
test_loss: 0.00636596 
train_loss: 0.00653641 
test_loss: 0.00636368 
train_loss: 0.00650793 
test_loss: 0.0064696 
train_loss: 0.0063333 
test_loss: 0.00633081 
train_loss: 0.00620351 
test_loss: 0.006304 
train_loss: 0.00618725 
test_loss: 0.00632248 
train_loss: 0.00636694 
test_loss: 0.00632695 
train_loss: 0.00637802 
test_loss: 0.00645421 
train_loss: 0.00614073 
test_loss: 0.00637308 
train_loss: 0.00627025 
test_loss: 0.00633143 
train_loss: 0.0063069 
test_loss: 0.00636397 
train_loss: 0.00640341 
test_loss: 0.00637451 
train_loss: 0.00620599 
test_loss: 0.00634697 
train_loss: 0.00633007 
test_loss: 0.00631193 
train_loss: 0.00632726 
test_loss: 0.0064134 
train_loss: 0.0061532 
test_loss: 0.00630859 
train_loss: 0.00630581 
test_loss: 0.00638232 
train_loss: 0.00616724 
test_loss: 0.00629362 
train_loss: 0.00638196 
test_loss: 0.00633134 
train_loss: 0.00639549 
test_loss: 0.00631876 
train_loss: 0.00626489 
test_loss: 0.00633506 
train_loss: 0.00637437 
test_loss: 0.00636757 
train_loss: 0.00629455 
test_loss: 0.00640671 
train_loss: 0.00619226 
test_loss: 0.00638521 
train_loss: 0.00649978 
test_loss: 0.00635762 
train_loss: 0.00629998 
test_loss: 0.00640917 
train_loss: 0.00628911 
test_loss: 0.00634249 
train_loss: 0.00640579 
test_loss: 0.00634578 
train_loss: 0.00638927 
test_loss: 0.0063908 
train_loss: 0.00634696 
test_loss: 0.00634161 
train_loss: 0.00647931 
test_loss: 0.00641318 
train_loss: 0.00633595 
test_loss: 0.00636806 
train_loss: 0.00635875 
test_loss: 0.00636167 
train_loss: 0.00628299 
test_loss: 0.00635191 
train_loss: 0.00632803 
test_loss: 0.00643657 
train_loss: 0.00635931 
test_loss: 0.00633286 
train_loss: 0.00625734 
test_loss: 0.00632866 
train_loss: 0.00656923 
test_loss: 0.00637206 
train_loss: 0.00641048 
test_loss: 0.00636269 
train_loss: 0.00615623 
test_loss: 0.00629751 
train_loss: 0.00640737 
test_loss: 0.0062926 
train_loss: 0.00616838 
test_loss: 0.00636521 
train_loss: 0.00629869 
test_loss: 0.0063265 
train_loss: 0.00625415 
test_loss: 0.00630337 
train_loss: 0.00626518 
test_loss: 0.00634893 
train_loss: 0.00634435 
test_loss: 0.00634808 
train_loss: 0.00622162 
test_loss: 0.00634011 
train_loss: 0.00636243 
test_loss: 0.00641933 
train_loss: 0.00634594 
test_loss: 0.00631003 
train_loss: 0.0063329 
test_loss: 0.00634229 
train_loss: 0.00641965 
test_loss: 0.00632615 
train_loss: 0.00632479 
test_loss: 0.00643328 
train_loss: 0.00635229 
test_loss: 0.00636046 
train_loss: 0.00627424 
test_loss: 0.00639353 
train_loss: 0.00642326 
test_loss: 0.00631627 
train_loss: 0.00645197 
test_loss: 0.00640654 
train_loss: 0.0061387 
test_loss: 0.00635279 
train_loss: 0.00620639 
test_loss: 0.00632094 
train_loss: 0.00630805 
test_loss: 0.00632237 
train_loss: 0.00626945 
test_loss: 0.00631675 
