train_loss: 0.0105382 
test_loss: 0.0106756 
train_loss: 0.0105259 
test_loss: 0.0105673 
train_loss: 0.0103598 
test_loss: 0.0106275 
train_loss: 0.0104544 
test_loss: 0.0105542 
train_loss: 0.010491 
test_loss: 0.0106774 
train_loss: 0.0107872 
test_loss: 0.0106321 
train_loss: 0.0103824 
test_loss: 0.0105487 
train_loss: 0.0104496 
test_loss: 0.0105894 
train_loss: 0.010799 
test_loss: 0.0105208 
train_loss: 0.0105175 
test_loss: 0.0105612 
train_loss: 0.0103452 
test_loss: 0.0104605 
train_loss: 0.0104903 
test_loss: 0.0104735 
train_loss: 0.0106987 
test_loss: 0.0104418 
train_loss: 0.0103637 
test_loss: 0.0104574 
train_loss: 0.0102075 
test_loss: 0.0102167 
train_loss: 0.00993856 
test_loss: 0.00988181 
train_loss: 0.0089805 
test_loss: 0.00900157 
train_loss: 0.00735164 
test_loss: 0.00745698 
train_loss: 0.00693464 
test_loss: 0.00687787 
train_loss: 0.00693239 
test_loss: 0.00680728 
train_loss: 0.00654266 
test_loss: 0.00657677 
train_loss: 0.00669833 
test_loss: 0.00663008 
train_loss: 0.00650812 
test_loss: 0.00658778 
train_loss: 0.00641763 
test_loss: 0.00662633 
train_loss: 0.00653425 
test_loss: 0.00665897 
train_loss: 0.00652942 
test_loss: 0.00654737 
train_loss: 0.00654726 
test_loss: 0.00651014 
train_loss: 0.00619757 
test_loss: 0.00651357 
train_loss: 0.00657493 
test_loss: 0.00652685 
train_loss: 0.00644701 
test_loss: 0.00644099 
train_loss: 0.00649047 
test_loss: 0.00666742 
train_loss: 0.00646139 
test_loss: 0.00656001 
train_loss: 0.00627145 
test_loss: 0.00641239 
train_loss: 0.00636701 
test_loss: 0.00645167 
train_loss: 0.00662127 
test_loss: 0.00643161 
train_loss: 0.00647864 
test_loss: 0.00652194 
train_loss: 0.0064916 
test_loss: 0.0064245 
train_loss: 0.006435 
test_loss: 0.00648928 
train_loss: 0.0063672 
test_loss: 0.00644321 
train_loss: 0.00642792 
test_loss: 0.00652596 
train_loss: 0.00653366 
test_loss: 0.00650766 
train_loss: 0.00657824 
test_loss: 0.00648953 
train_loss: 0.00654096 
test_loss: 0.0064701 
train_loss: 0.00650891 
test_loss: 0.00644463 
train_loss: 0.00649357 
test_loss: 0.0064377 
train_loss: 0.00633346 
test_loss: 0.00640515 
train_loss: 0.00642374 
test_loss: 0.00643305 
train_loss: 0.0062855 
test_loss: 0.00641699 
train_loss: 0.00635969 
test_loss: 0.00639196 
train_loss: 0.00645056 
test_loss: 0.0064859 
train_loss: 0.00652313 
test_loss: 0.00642549 
train_loss: 0.00629412 
test_loss: 0.00650798 
train_loss: 0.00631655 
test_loss: 0.00644845 
train_loss: 0.00637574 
test_loss: 0.00648385 
train_loss: 0.00633696 
test_loss: 0.00643595 
train_loss: 0.00639283 
test_loss: 0.00650125 
train_loss: 0.00637313 
test_loss: 0.00645519 
train_loss: 0.00647278 
test_loss: 0.00647448 
train_loss: 0.00655333 
test_loss: 0.00646769 
train_loss: 0.00662912 
test_loss: 0.00644591 
train_loss: 0.0064405 
test_loss: 0.00638457 
train_loss: 0.0065306 
test_loss: 0.00643932 
train_loss: 0.00630477 
test_loss: 0.00640663 
train_loss: 0.00642275 
test_loss: 0.00653825 
train_loss: 0.00649879 
test_loss: 0.00639758 
train_loss: 0.00669515 
test_loss: 0.00645567 
train_loss: 0.0065299 
test_loss: 0.00643015 
train_loss: 0.00653783 
test_loss: 0.00644152 
train_loss: 0.00665695 
test_loss: 0.00644705 
train_loss: 0.00632227 
test_loss: 0.00638157 
train_loss: 0.00625505 
test_loss: 0.00639271 
train_loss: 0.00634105 
test_loss: 0.00639042 
train_loss: 0.00662345 
test_loss: 0.00642053 
train_loss: 0.00640907 
test_loss: 0.00644647 
train_loss: 0.0063348 
test_loss: 0.0064364 
train_loss: 0.00630746 
test_loss: 0.00642582 
train_loss: 0.006525 
test_loss: 0.00634154 
train_loss: 0.00628717 
test_loss: 0.00637086 
train_loss: 0.00666853 
test_loss: 0.00642388 
train_loss: 0.00640371 
test_loss: 0.00642081 
train_loss: 0.00629549 
test_loss: 0.00654736 
train_loss: 0.00639485 
test_loss: 0.00642919 
train_loss: 0.00647275 
test_loss: 0.00640178 
train_loss: 0.00649914 
test_loss: 0.00648628 
train_loss: 0.00642265 
test_loss: 0.00634465 
train_loss: 0.00647236 
test_loss: 0.00640695 
train_loss: 0.00639956 
test_loss: 0.00653652 
train_loss: 0.00631865 
test_loss: 0.00635134 
train_loss: 0.00635994 
test_loss: 0.00637727 
train_loss: 0.00650376 
test_loss: 0.00641956 
train_loss: 0.00643871 
test_loss: 0.00638172 
train_loss: 0.00632986 
test_loss: 0.006426 
train_loss: 0.0063484 
test_loss: 0.00642136 
train_loss: 0.00644882 
test_loss: 0.00643437 
train_loss: 0.00637973 
test_loss: 0.00643707 
train_loss: 0.00624352 
test_loss: 0.0063853 
train_loss: 0.00625475 
test_loss: 0.00636742 
train_loss: 0.00650634 
test_loss: 0.00642547 
train_loss: 0.00634848 
test_loss: 0.00638918 
train_loss: 0.00635406 
test_loss: 0.00634483 
train_loss: 0.00626891 
test_loss: 0.00641178 
train_loss: 0.0064868 
test_loss: 0.00643454 
train_loss: 0.00636362 
test_loss: 0.00641863 
train_loss: 0.00624981 
test_loss: 0.00643994 
train_loss: 0.00625369 
test_loss: 0.00642462 
train_loss: 0.00642276 
test_loss: 0.00641325 
train_loss: 0.00629375 
test_loss: 0.00639591 
train_loss: 0.00645252 
test_loss: 0.00638258 
train_loss: 0.00636411 
test_loss: 0.00642747 
train_loss: 0.00635677 
test_loss: 0.00652577 
train_loss: 0.00640793 
test_loss: 0.0064333 
train_loss: 0.00627533 
test_loss: 0.00640497 
train_loss: 0.00627202 
test_loss: 0.00644072 
train_loss: 0.006368 
test_loss: 0.00637653 
train_loss: 0.0064635 
test_loss: 0.00639301 
train_loss: 0.00649016 
test_loss: 0.00641224 
train_loss: 0.00650338 
test_loss: 0.00644356 
train_loss: 0.00629132 
test_loss: 0.00643509 
train_loss: 0.00642203 
test_loss: 0.00640349 
train_loss: 0.00635296 
test_loss: 0.00641123 
train_loss: 0.00653825 
test_loss: 0.00637471 
train_loss: 0.00629659 
test_loss: 0.00639801 
train_loss: 0.00654439 
test_loss: 0.00635424 
train_loss: 0.00645757 
test_loss: 0.00647409 
train_loss: 0.00639381 
test_loss: 0.00637106 
train_loss: 0.00622146 
test_loss: 0.0063965 
train_loss: 0.00638639 
test_loss: 0.00641104 
train_loss: 0.00638256 
test_loss: 0.00638511 
train_loss: 0.00625323 
test_loss: 0.00644481 
train_loss: 0.00633317 
test_loss: 0.00641957 
train_loss: 0.0064414 
test_loss: 0.00644002 
train_loss: 0.00628511 
test_loss: 0.00635827 
train_loss: 0.00660095 
test_loss: 0.00644073 
train_loss: 0.00640178 
test_loss: 0.00635074 
train_loss: 0.00634709 
test_loss: 0.00641901 
train_loss: 0.00649074 
test_loss: 0.00640391 
train_loss: 0.00637857 
test_loss: 0.0063987 
train_loss: 0.00641615 
test_loss: 0.00654975 
train_loss: 0.00643392 
test_loss: 0.0064065 
train_loss: 0.00630511 
test_loss: 0.00639463 
train_loss: 0.00634854 
test_loss: 0.00633825 
train_loss: 0.00624889 
test_loss: 0.00642863 
train_loss: 0.00636369 
test_loss: 0.00646305 
train_loss: 0.00640776 
test_loss: 0.00639709 
train_loss: 0.00647131 
test_loss: 0.00640127 
train_loss: 0.00625913 
test_loss: 0.0064093 
train_loss: 0.00645243 
test_loss: 0.00639313 
train_loss: 0.0061781 
test_loss: 0.00638347 
train_loss: 0.00634436 
test_loss: 0.00639061 
train_loss: 0.00635985 
test_loss: 0.006373 
train_loss: 0.00642212 
test_loss: 0.00649392 
train_loss: 0.00643391 
test_loss: 0.00640683 
train_loss: 0.00637131 
test_loss: 0.0063443 
train_loss: 0.00642073 
test_loss: 0.00635717 
train_loss: 0.00644947 
test_loss: 0.00643524 
train_loss: 0.00622533 
test_loss: 0.00640641 
train_loss: 0.00635646 
test_loss: 0.00638629 
train_loss: 0.00626973 
test_loss: 0.00636055 
train_loss: 0.00655255 
test_loss: 0.0063591 
train_loss: 0.0064014 
test_loss: 0.00639667 
train_loss: 0.00636233 
test_loss: 0.00635598 
train_loss: 0.00648923 
test_loss: 0.00640922 
train_loss: 0.00635435 
test_loss: 0.0063783 
train_loss: 0.00632537 
test_loss: 0.00642213 
train_loss: 0.00641016 
test_loss: 0.00640983 
train_loss: 0.00634559 
test_loss: 0.006371 
train_loss: 0.00631313 
test_loss: 0.0063748 
train_loss: 0.00640481 
test_loss: 0.0063383 
train_loss: 0.00616763 
test_loss: 0.0063519 
train_loss: 0.00642188 
test_loss: 0.00630513 
train_loss: 0.00636226 
test_loss: 0.00635611 
train_loss: 0.00641697 
test_loss: 0.00644126 
train_loss: 0.00625843 
test_loss: 0.00632021 
train_loss: 0.00647199 
test_loss: 0.00641169 
train_loss: 0.00628768 
test_loss: 0.00640762 
train_loss: 0.0063053 
test_loss: 0.00653321 
train_loss: 0.00636957 
test_loss: 0.00640981 
train_loss: 0.0063906 
test_loss: 0.00638468 
train_loss: 0.00636335 
test_loss: 0.00633829 
train_loss: 0.00656034 
test_loss: 0.00641873 
train_loss: 0.00640976 
test_loss: 0.00635256 
train_loss: 0.00640346 
test_loss: 0.00641487 
train_loss: 0.00633065 
test_loss: 0.00641426 
train_loss: 0.00647894 
test_loss: 0.006377 
train_loss: 0.00643842 
test_loss: 0.00643449 
train_loss: 0.0062167 
test_loss: 0.00639814 
train_loss: 0.00653246 
test_loss: 0.0063764 
train_loss: 0.00632906 
test_loss: 0.00639448 
train_loss: 0.00621988 
test_loss: 0.00635562 
train_loss: 0.0064412 
test_loss: 0.00648629 
train_loss: 0.00631513 
test_loss: 0.00644212 
train_loss: 0.00640814 
test_loss: 0.00637156 
train_loss: 0.00635566 
test_loss: 0.00641718 
train_loss: 0.00620489 
test_loss: 0.00639223 
train_loss: 0.00642964 
test_loss: 0.00638539 
train_loss: 0.00640894 
test_loss: 0.00636284 
train_loss: 0.00611425 
test_loss: 0.00633134 
train_loss: 0.00650393 
test_loss: 0.00646481 
train_loss: 0.00653012 
test_loss: 0.00632948 
train_loss: 0.00636311 
test_loss: 0.00633448 
train_loss: 0.00637667 
test_loss: 0.0063466 
train_loss: 0.00631762 
test_loss: 0.00644696 
train_loss: 0.00620148 
test_loss: 0.00634715 
train_loss: 0.00630253 
test_loss: 0.00638523 
train_loss: 0.00631779 
test_loss: 0.006411 
train_loss: 0.00625924 
test_loss: 0.00631134 
train_loss: 0.00641762 
test_loss: 0.00631019 
train_loss: 0.00640633 
test_loss: 0.00635565 
train_loss: 0.00639273 
test_loss: 0.00638051 
train_loss: 0.00630703 
test_loss: 0.00638566 
train_loss: 0.006211 
test_loss: 0.00637472 
train_loss: 0.00629239 
test_loss: 0.00636177 
train_loss: 0.0062049 
test_loss: 0.00632357 
train_loss: 0.0063191 
test_loss: 0.00629716 
train_loss: 0.00627063 
test_loss: 0.00637591 
train_loss: 0.00633844 
test_loss: 0.00635827 
train_loss: 0.00624195 
test_loss: 0.00631514 
train_loss: 0.00625298 
test_loss: 0.00633628 
train_loss: 0.00637716 
test_loss: 0.00635887 
train_loss: 0.00654803 
test_loss: 0.00641139 
train_loss: 0.00644277 
test_loss: 0.00644133 
train_loss: 0.00636083 
test_loss: 0.00638208 
train_loss: 0.00634478 
test_loss: 0.00643932 
train_loss: 0.0061257 
test_loss: 0.00634214 
train_loss: 0.00638847 
test_loss: 0.00632034 
train_loss: 0.00627552 
test_loss: 0.00637669 
train_loss: 0.00635763 
test_loss: 0.00636989 
train_loss: 0.00638183 
test_loss: 0.00641785 
train_loss: 0.00620679 
test_loss: 0.00635643 
train_loss: 0.00622563 
test_loss: 0.00639128 
train_loss: 0.00641458 
test_loss: 0.0064588 
train_loss: 0.00625616 
test_loss: 0.0064421 
train_loss: 0.00633801 
test_loss: 0.00636178 
train_loss: 0.00633944 
test_loss: 0.00641563 
train_loss: 0.00643832 
test_loss: 0.00640155 
train_loss: 0.00623547 
test_loss: 0.00629267 
train_loss: 0.00626692 
test_loss: 0.00637271 
train_loss: 0.00639553 
test_loss: 0.00637687 
train_loss: 0.00638725 
test_loss: 0.00634635 
train_loss: 0.00645018 
test_loss: 0.00633873 
train_loss: 0.00618687 
test_loss: 0.00638421 
train_loss: 0.00625588 
test_loss: 0.00634411 
train_loss: 0.00634599 
test_loss: 0.00637446 
train_loss: 0.00646478 
test_loss: 0.00633834 
train_loss: 0.00630312 
test_loss: 0.00635098 
train_loss: 0.00623984 
test_loss: 0.00635056 
train_loss: 0.00640496 
test_loss: 0.0063114 
train_loss: 0.00621394 
test_loss: 0.00634115 
train_loss: 0.00617866 
test_loss: 0.00635423 
train_loss: 0.00635531 
test_loss: 0.00638086 
train_loss: 0.00648908 
test_loss: 0.0063371 
train_loss: 0.00646354 
test_loss: 0.00640065 
train_loss: 0.00632296 
test_loss: 0.00637635 
train_loss: 0.00630676 
test_loss: 0.00636956 
train_loss: 0.006266 
test_loss: 0.00635814 
train_loss: 0.00649571 
test_loss: 0.00636894 
train_loss: 0.00645765 
test_loss: 0.00638883 
train_loss: 0.0062696 
test_loss: 0.00627174 
train_loss: 0.00623426 
test_loss: 0.00636552 
train_loss: 0.00623747 
test_loss: 0.00634548 
train_loss: 0.00619157 
test_loss: 0.00640274 
train_loss: 0.00625257 
test_loss: 0.00630349 
train_loss: 0.00626212 
test_loss: 0.0063575 
train_loss: 0.00655627 
test_loss: 0.00640189 
train_loss: 0.00625773 
test_loss: 0.0063366 
train_loss: 0.00634511 
test_loss: 0.00633221 
train_loss: 0.00636612 
test_loss: 0.00632064 
train_loss: 0.00647004 
test_loss: 0.00633695 
train_loss: 0.00628875 
test_loss: 0.00636038 
train_loss: 0.00636055 
test_loss: 0.00641464 
train_loss: 0.00636605 
test_loss: 0.00634791 
train_loss: 0.00627886 
test_loss: 0.00634473 
train_loss: 0.00636572 
test_loss: 0.00634579 
train_loss: 0.006336 
test_loss: 0.00635367 
train_loss: 0.00626761 
test_loss: 0.00638148 
train_loss: 0.00637434 
test_loss: 0.00637863 
train_loss: 0.00643886 
test_loss: 0.00636451 
train_loss: 0.00618144 
test_loss: 0.00634296 
train_loss: 0.00635893 
test_loss: 0.00639033 
train_loss: 0.00610826 
test_loss: 0.00635695 
train_loss: 0.00628481 
test_loss: 0.00632983 
train_loss: 0.00636818 
test_loss: 0.00636309 
train_loss: 0.00650286 
test_loss: 0.00640117 
train_loss: 0.00643008 
test_loss: 0.00637859 
train_loss: 0.00625595 
test_loss: 0.00634604 
train_loss: 0.00621627 
test_loss: 0.00632342 
train_loss: 0.00628404 
test_loss: 0.00630946 
train_loss: 0.00635981 
test_loss: 0.00629532 
train_loss: 0.00624781 
test_loss: 0.00638835 
train_loss: 0.00649654 
test_loss: 0.00641498 
train_loss: 0.00627397 
test_loss: 0.00629733 
train_loss: 0.00631233 
test_loss: 0.00640673 
train_loss: 0.00641938 
test_loss: 0.00635654 
train_loss: 0.00653938 
test_loss: 0.00637405 
train_loss: 0.00629382 
test_loss: 0.00639718 
train_loss: 0.00635479 
test_loss: 0.00632812 
train_loss: 0.00634291 
test_loss: 0.00630224 
train_loss: 0.00618444 
test_loss: 0.00637525 
train_loss: 0.00637058 
test_loss: 0.00636616 
train_loss: 0.00639225 
test_loss: 0.00642192 
train_loss: 0.00642298 
test_loss: 0.00632494 
train_loss: 0.00637531 
test_loss: 0.00633928 
train_loss: 0.00636786 
test_loss: 0.00644282 
train_loss: 0.00650374 
test_loss: 0.00631847 
train_loss: 0.00635994 
test_loss: 0.00634782 
train_loss: 0.00623077 
test_loss: 0.00633724 
train_loss: 0.00626265 
test_loss: 0.00633204 
train_loss: 0.00622302 
test_loss: 0.00637285 
train_loss: 0.00635226 
test_loss: 0.00632815 
train_loss: 0.006469 
test_loss: 0.0063548 
train_loss: 0.00625632 
test_loss: 0.00635404 
train_loss: 0.00624939 
test_loss: 0.00640335 
train_loss: 0.0063891 
test_loss: 0.0062992 
train_loss: 0.00634311 
test_loss: 0.00633698 
train_loss: 0.0062963 
test_loss: 0.00634962 
train_loss: 0.00625076 
test_loss: 0.00635016 
train_loss: 0.00622793 
test_loss: 0.00633227 
train_loss: 0.00629723 
test_loss: 0.00636409 
train_loss: 0.00638438 
test_loss: 0.00635409 
train_loss: 0.00632397 
test_loss: 0.00632707 
train_loss: 0.0063985 
test_loss: 0.00633711 
train_loss: 0.00632459 
test_loss: 0.00641054 
train_loss: 0.00630687 
test_loss: 0.0063444 
train_loss: 0.00635568 
test_loss: 0.00636843 
train_loss: 0.00638422 
test_loss: 0.00631205 
train_loss: 0.00625655 
test_loss: 0.00630184 
train_loss: 0.00616117 
test_loss: 0.00635732 
train_loss: 0.00639025 
test_loss: 0.00628547 
train_loss: 0.00636655 
test_loss: 0.00632153 
train_loss: 0.00639069 
test_loss: 0.00634341 
train_loss: 0.00644563 
test_loss: 0.00639305 
train_loss: 0.00620516 
test_loss: 0.00640605 
train_loss: 0.00619788 
test_loss: 0.00635869 
train_loss: 0.00636551 
test_loss: 0.00640022 
train_loss: 0.00653992 
test_loss: 0.00638142 
train_loss: 0.00636669 
test_loss: 0.00640523 
train_loss: 0.00630509 
test_loss: 0.00635898 
train_loss: 0.00625608 
test_loss: 0.00635245 
train_loss: 0.00616712 
test_loss: 0.0062728 
train_loss: 0.00620512 
test_loss: 0.00641458 
train_loss: 0.00644321 
test_loss: 0.00636367 
train_loss: 0.00638052 
test_loss: 0.00637458 
train_loss: 0.00638337 
test_loss: 0.00633882 
train_loss: 0.00650017 
test_loss: 0.00633884 
train_loss: 0.00632897 
test_loss: 0.0063579 
train_loss: 0.00635316 
test_loss: 0.0063563 
train_loss: 0.00611653 
test_loss: 0.00634886 
train_loss: 0.00634094 
test_loss: 0.0063575 
train_loss: 0.00638968 
test_loss: 0.00635388 
train_loss: 0.00623825 
test_loss: 0.00637263 
train_loss: 0.00640162 
test_loss: 0.0063445 
train_loss: 0.00648934 
test_loss: 0.00634523 
train_loss: 0.00658214 
test_loss: 0.00646577 
train_loss: 0.00625907 
test_loss: 0.00633698 
train_loss: 0.00619275 
test_loss: 0.00638069 
train_loss: 0.00614701 
test_loss: 0.00631039 
train_loss: 0.0063869 
test_loss: 0.00635481 
train_loss: 0.00635104 
test_loss: 0.00642207 
train_loss: 0.00610517 
test_loss: 0.00633569 
train_loss: 0.00626279 
test_loss: 0.00628097 
train_loss: 0.00625921 
test_loss: 0.00633591 
train_loss: 0.00636717 
test_loss: 0.00641906 
train_loss: 0.00629027 
test_loss: 0.00630668 
train_loss: 0.00630646 
test_loss: 0.00630888 
train_loss: 0.0062311 
test_loss: 0.0063082 
train_loss: 0.00615146 
test_loss: 0.00631261 
train_loss: 0.0062803 
test_loss: 0.00641792 
train_loss: 0.00619257 
test_loss: 0.00628694 
train_loss: 0.00639166 
test_loss: 0.00638016 
train_loss: 0.00641907 
test_loss: 0.00628079 
train_loss: 0.00626085 
test_loss: 0.00632899 
train_loss: 0.00631993 
test_loss: 0.00638251 
train_loss: 0.00627393 
test_loss: 0.00633824 
train_loss: 0.00621156 
test_loss: 0.00634785 
train_loss: 0.0065089 
test_loss: 0.00639847 
train_loss: 0.00629826 
test_loss: 0.00632779 
train_loss: 0.00626464 
test_loss: 0.00631658 
train_loss: 0.00642424 
test_loss: 0.00633342 
train_loss: 0.00637445 
test_loss: 0.0063787 
train_loss: 0.00633155 
test_loss: 0.00630976 
train_loss: 0.00645952 
test_loss: 0.00632697 
train_loss: 0.00631895 
test_loss: 0.00632717 
train_loss: 0.00635445 
test_loss: 0.00637831 
train_loss: 0.00624913 
test_loss: 0.00631577 
train_loss: 0.00625193 
test_loss: 0.00637892 
train_loss: 0.00628424 
test_loss: 0.00633889 
train_loss: 0.00623393 
test_loss: 0.00631485 
train_loss: 0.00650864 
test_loss: 0.00639129 
train_loss: 0.00640121 
test_loss: 0.00631155 
train_loss: 0.00619519 
test_loss: 0.00633498 
train_loss: 0.00638671 
test_loss: 0.00631682 
train_loss: 0.00613515 
test_loss: 0.00640788 
train_loss: 0.0063328 
test_loss: 0.00635309 
train_loss: 0.00626509 
test_loss: 0.00626178 
train_loss: 0.00627603 
test_loss: 0.00633032 
train_loss: 0.00629039 
test_loss: 0.00632491 
train_loss: 0.00620932 
test_loss: 0.00631075 
train_loss: 0.00630378 
test_loss: 0.00639046 
train_loss: 0.00637205 
test_loss: 0.00631953 
train_loss: 0.00628454 
test_loss: 0.00635732 
train_loss: 0.00647384 
test_loss: 0.00629176 
train_loss: 0.00630555 
test_loss: 0.00646365 
train_loss: 0.00632597 
test_loss: 0.00634424 
train_loss: 0.00618551 
test_loss: 0.00633821 
train_loss: 0.00638773 
test_loss: 0.00627867 
train_loss: 0.00635927 
test_loss: 0.00634808 
train_loss: 0.0061718 
test_loss: 0.00633151 
train_loss: 0.00621159 
test_loss: 0.0063067 
train_loss: 0.00622414 
test_loss: 0.00634615 
train_loss: 0.00625974 
test_loss: 0.00627144 
train_loss: 0.00623747 
test_loss: 0.00633531 
train_loss: 0.00622252 
test_loss: 0.00631876 
train_loss: 0.00626266 
test_loss: 0.00627997 
train_loss: 0.00631811 
test_loss: 0.00627304 
train_loss: 0.00619021 
test_loss: 0.00630235 
