train_loss: 0.00930067 
test_loss: 0.00951534 
train_loss: 0.00931366 
test_loss: 0.00938211 
train_loss: 0.0091149 
test_loss: 0.00944979 
train_loss: 0.00965813 
test_loss: 0.00945716 
train_loss: 0.00918586 
test_loss: 0.00943769 
train_loss: 0.00916563 
test_loss: 0.00951153 
train_loss: 0.0094456 
test_loss: 0.00948246 
train_loss: 0.00955916 
test_loss: 0.00948086 
train_loss: 0.0096117 
test_loss: 0.00944609 
train_loss: 0.00933818 
test_loss: 0.009439 
train_loss: 0.00949064 
test_loss: 0.00946979 
train_loss: 0.00929466 
test_loss: 0.00944631 
train_loss: 0.00931279 
test_loss: 0.00945497 
train_loss: 0.00936821 
test_loss: 0.00963805 
train_loss: 0.00920533 
test_loss: 0.00951675 
train_loss: 0.00936785 
test_loss: 0.00935743 
train_loss: 0.00940069 
test_loss: 0.00934883 
train_loss: 0.00919991 
test_loss: 0.00956729 
train_loss: 0.0093624 
test_loss: 0.00939192 
train_loss: 0.00937526 
test_loss: 0.0094126 
train_loss: 0.00968841 
test_loss: 0.00943264 
train_loss: 0.00932632 
test_loss: 0.00943689 
train_loss: 0.00936909 
test_loss: 0.00935835 
train_loss: 0.00940348 
test_loss: 0.00932326 
train_loss: 0.0095548 
test_loss: 0.00945331 
train_loss: 0.00926388 
test_loss: 0.00935058 
train_loss: 0.00970642 
test_loss: 0.00941412 
train_loss: 0.00931792 
test_loss: 0.00937745 
train_loss: 0.00942134 
test_loss: 0.00943841 
train_loss: 0.0096087 
test_loss: 0.00941444 
train_loss: 0.00937898 
test_loss: 0.00936629 
train_loss: 0.00950211 
test_loss: 0.00947626 
train_loss: 0.00947891 
test_loss: 0.00946618 
train_loss: 0.00929034 
test_loss: 0.00946778 
train_loss: 0.00932106 
test_loss: 0.00934675 
train_loss: 0.00903669 
test_loss: 0.00936021 
train_loss: 0.00943051 
test_loss: 0.00938012 
train_loss: 0.00928567 
test_loss: 0.00940278 
train_loss: 0.00954081 
test_loss: 0.00946604 
train_loss: 0.0093324 
test_loss: 0.0094096 
train_loss: 0.00960878 
test_loss: 0.00943619 
train_loss: 0.00920429 
test_loss: 0.00944335 
train_loss: 0.00897295 
test_loss: 0.00940467 
train_loss: 0.00936039 
test_loss: 0.00935651 
train_loss: 0.00925069 
test_loss: 0.00944433 
train_loss: 0.00934745 
test_loss: 0.00934603 
train_loss: 0.00948965 
test_loss: 0.00938 
train_loss: 0.00938611 
test_loss: 0.00938725 
train_loss: 0.00914887 
test_loss: 0.00935145 
train_loss: 0.00959193 
test_loss: 0.009397 
train_loss: 0.00926711 
test_loss: 0.00935179 
train_loss: 0.00949718 
test_loss: 0.00941158 
train_loss: 0.00911746 
test_loss: 0.0093642 
train_loss: 0.00929466 
test_loss: 0.00937758 
train_loss: 0.0094599 
test_loss: 0.00937718 
train_loss: 0.00959634 
test_loss: 0.00934221 
train_loss: 0.00919888 
test_loss: 0.00930432 
train_loss: 0.00917453 
test_loss: 0.0093781 
train_loss: 0.00939074 
test_loss: 0.00945408 
train_loss: 0.00956221 
test_loss: 0.0094137 
train_loss: 0.00927643 
test_loss: 0.00940814 
train_loss: 0.00939723 
test_loss: 0.00947212 
train_loss: 0.0093063 
test_loss: 0.00931466 
train_loss: 0.00927966 
test_loss: 0.0093593 
train_loss: 0.00930951 
test_loss: 0.00932139 
train_loss: 0.00907867 
test_loss: 0.00940629 
train_loss: 0.00914086 
test_loss: 0.00939639 
train_loss: 0.00928899 
test_loss: 0.00935415 
train_loss: 0.00917514 
test_loss: 0.00945154 
train_loss: 0.0093806 
test_loss: 0.00933722 
train_loss: 0.00980976 
test_loss: 0.00936498 
train_loss: 0.00933441 
test_loss: 0.00930845 
train_loss: 0.00948743 
test_loss: 0.00933445 
train_loss: 0.0093588 
test_loss: 0.0093609 
train_loss: 0.00945028 
test_loss: 0.00936088 
train_loss: 0.00917773 
test_loss: 0.00945613 
train_loss: 0.00928374 
test_loss: 0.00948291 
train_loss: 0.00930114 
test_loss: 0.00941993 
train_loss: 0.00942183 
test_loss: 0.00933329 
train_loss: 0.00938085 
test_loss: 0.00936987 
train_loss: 0.00971681 
test_loss: 0.00940637 
train_loss: 0.00944062 
test_loss: 0.00936513 
train_loss: 0.00934102 
test_loss: 0.00941869 
train_loss: 0.00945745 
test_loss: 0.00934483 
train_loss: 0.00900797 
test_loss: 0.00925585 
train_loss: 0.0089816 
test_loss: 0.00931128 
train_loss: 0.00927453 
test_loss: 0.00935639 
train_loss: 0.0092104 
test_loss: 0.00938272 
train_loss: 0.00933633 
test_loss: 0.00929979 
train_loss: 0.00925973 
test_loss: 0.00941018 
train_loss: 0.00930992 
test_loss: 0.00932743 
train_loss: 0.00945312 
test_loss: 0.0092828 
train_loss: 0.00936851 
test_loss: 0.00939796 
train_loss: 0.00925784 
test_loss: 0.00940417 
train_loss: 0.00931562 
test_loss: 0.00940772 
train_loss: 0.00928017 
test_loss: 0.00932966 
train_loss: 0.0094337 
test_loss: 0.00936016 
train_loss: 0.00953455 
test_loss: 0.00946207 
train_loss: 0.00909084 
test_loss: 0.00935925 
train_loss: 0.00913148 
test_loss: 0.0094946 
train_loss: 0.00946273 
test_loss: 0.00937605 
train_loss: 0.00907724 
test_loss: 0.00926104 
train_loss: 0.00924379 
test_loss: 0.00930198 
train_loss: 0.00937049 
test_loss: 0.00932411 
train_loss: 0.00928134 
test_loss: 0.00937754 
train_loss: 0.00901309 
test_loss: 0.00935149 
train_loss: 0.00936013 
test_loss: 0.00929114 
train_loss: 0.00938629 
test_loss: 0.00929776 
train_loss: 0.00922959 
test_loss: 0.00928776 
train_loss: 0.00974581 
test_loss: 0.00944608 
train_loss: 0.00919015 
test_loss: 0.00929472 
train_loss: 0.00904876 
test_loss: 0.00938754 
train_loss: 0.00956453 
test_loss: 0.00934256 
train_loss: 0.00945783 
test_loss: 0.00944722 
train_loss: 0.00919603 
test_loss: 0.00931022 
train_loss: 0.00929136 
test_loss: 0.00932354 
train_loss: 0.00950267 
test_loss: 0.00936453 
train_loss: 0.00925989 
test_loss: 0.00938365 
train_loss: 0.00935331 
test_loss: 0.00933255 
train_loss: 0.00916177 
test_loss: 0.00930726 
train_loss: 0.00933731 
test_loss: 0.00928444 
train_loss: 0.00932662 
test_loss: 0.00932274 
train_loss: 0.00944226 
test_loss: 0.00932061 
train_loss: 0.00937958 
test_loss: 0.00934998 
train_loss: 0.00930587 
test_loss: 0.00941288 
train_loss: 0.00917015 
test_loss: 0.00934606 
train_loss: 0.00948327 
test_loss: 0.00946098 
train_loss: 0.0092893 
test_loss: 0.00937063 
train_loss: 0.0090313 
test_loss: 0.00933555 
train_loss: 0.0093051 
test_loss: 0.00933306 
train_loss: 0.00940838 
test_loss: 0.00939159 
train_loss: 0.00921321 
test_loss: 0.00932515 
train_loss: 0.00959212 
test_loss: 0.00931831 
train_loss: 0.00946409 
test_loss: 0.00934744 
train_loss: 0.0090231 
test_loss: 0.00924768 
train_loss: 0.0094022 
test_loss: 0.0094067 
train_loss: 0.00931331 
test_loss: 0.00939508 
train_loss: 0.00918516 
test_loss: 0.00931445 
train_loss: 0.00952113 
test_loss: 0.0093578 
train_loss: 0.00934119 
test_loss: 0.00932938 
train_loss: 0.00909211 
test_loss: 0.00926021 
train_loss: 0.00945557 
test_loss: 0.00928021 
train_loss: 0.00920712 
test_loss: 0.00934763 
train_loss: 0.00921293 
test_loss: 0.00935409 
train_loss: 0.00922934 
test_loss: 0.00935626 
train_loss: 0.00930422 
test_loss: 0.0093139 
train_loss: 0.00925649 
test_loss: 0.0093096 
train_loss: 0.00895917 
test_loss: 0.0093609 
train_loss: 0.00896339 
test_loss: 0.00934255 
train_loss: 0.0092177 
test_loss: 0.00937892 
train_loss: 0.00954355 
test_loss: 0.00932329 
train_loss: 0.0092594 
test_loss: 0.00927523 
train_loss: 0.00917864 
test_loss: 0.00935297 
train_loss: 0.00956765 
test_loss: 0.00933331 
train_loss: 0.00922381 
test_loss: 0.0094182 
train_loss: 0.00915308 
test_loss: 0.00934072 
train_loss: 0.00908849 
test_loss: 0.00930115 
train_loss: 0.00916396 
test_loss: 0.00932469 
train_loss: 0.00942855 
test_loss: 0.0092907 
train_loss: 0.00930049 
test_loss: 0.00933334 
train_loss: 0.00931582 
test_loss: 0.0093117 
train_loss: 0.00923822 
test_loss: 0.00926222 
train_loss: 0.00936903 
test_loss: 0.00930517 
train_loss: 0.00936951 
test_loss: 0.00927075 
train_loss: 0.00916261 
test_loss: 0.00932027 
train_loss: 0.00917377 
test_loss: 0.00929854 
train_loss: 0.00936289 
test_loss: 0.00934455 
train_loss: 0.00922829 
test_loss: 0.00927246 
train_loss: 0.00932869 
test_loss: 0.00934373 
train_loss: 0.00926667 
test_loss: 0.00936023 
train_loss: 0.00918826 
test_loss: 0.00928185 
train_loss: 0.00905184 
test_loss: 0.00935113 
train_loss: 0.00917731 
test_loss: 0.0092947 
train_loss: 0.00927519 
test_loss: 0.00925732 
train_loss: 0.00932089 
test_loss: 0.00929406 
train_loss: 0.00913223 
test_loss: 0.00931342 
train_loss: 0.00941327 
test_loss: 0.0093836 
train_loss: 0.0094103 
test_loss: 0.00926411 
train_loss: 0.0092479 
test_loss: 0.00928671 
train_loss: 0.00929217 
test_loss: 0.00937924 
train_loss: 0.00931486 
test_loss: 0.00932746 
train_loss: 0.0094563 
test_loss: 0.00940902 
train_loss: 0.00937604 
test_loss: 0.00936048 
train_loss: 0.00905354 
test_loss: 0.00923956 
train_loss: 0.00933611 
test_loss: 0.00930595 
train_loss: 0.00932712 
test_loss: 0.00930283 
train_loss: 0.0092599 
test_loss: 0.00934156 
train_loss: 0.00908194 
test_loss: 0.00935437 
train_loss: 0.00919691 
test_loss: 0.00923043 
train_loss: 0.00923629 
test_loss: 0.0092865 
train_loss: 0.00929526 
test_loss: 0.0092381 
train_loss: 0.00915109 
test_loss: 0.00930226 
train_loss: 0.00908031 
test_loss: 0.00927733 
train_loss: 0.00938103 
test_loss: 0.00936416 
train_loss: 0.00945784 
test_loss: 0.0093243 
train_loss: 0.00916164 
test_loss: 0.00923648 
train_loss: 0.00914035 
test_loss: 0.0093205 
train_loss: 0.00939221 
test_loss: 0.00927523 
train_loss: 0.00940882 
test_loss: 0.00925977 
train_loss: 0.00895721 
test_loss: 0.00934315 
train_loss: 0.00923268 
test_loss: 0.00927628 
train_loss: 0.00926321 
test_loss: 0.00929532 
train_loss: 0.00923197 
test_loss: 0.00933245 
train_loss: 0.00915622 
test_loss: 0.00930843 
train_loss: 0.00923956 
test_loss: 0.00942496 
train_loss: 0.0092384 
test_loss: 0.00929931 
train_loss: 0.00930233 
test_loss: 0.00933245 
train_loss: 0.00909566 
test_loss: 0.00917763 
train_loss: 0.00945577 
test_loss: 0.00925887 
train_loss: 0.00961182 
test_loss: 0.00927024 
train_loss: 0.00927538 
test_loss: 0.00920577 
train_loss: 0.00935739 
test_loss: 0.00932412 
train_loss: 0.00914473 
test_loss: 0.00925907 
train_loss: 0.00907347 
test_loss: 0.00926314 
train_loss: 0.00922304 
test_loss: 0.0092612 
train_loss: 0.00915877 
test_loss: 0.00931961 
train_loss: 0.00925352 
test_loss: 0.00929991 
train_loss: 0.00915544 
test_loss: 0.00928501 
train_loss: 0.00914097 
test_loss: 0.00926497 
train_loss: 0.00946074 
test_loss: 0.00932188 
train_loss: 0.00918235 
test_loss: 0.00933769 
train_loss: 0.00920777 
test_loss: 0.00930399 
train_loss: 0.00911363 
test_loss: 0.00937021 
train_loss: 0.00955301 
test_loss: 0.00930308 
train_loss: 0.0090311 
test_loss: 0.00926204 
train_loss: 0.00929655 
test_loss: 0.0093121 
train_loss: 0.009197 
test_loss: 0.00921553 
train_loss: 0.00921656 
test_loss: 0.00931601 
train_loss: 0.00931026 
test_loss: 0.0093008 
train_loss: 0.0091396 
test_loss: 0.00923803 
train_loss: 0.00936667 
test_loss: 0.00929419 
train_loss: 0.00922237 
test_loss: 0.00920217 
train_loss: 0.00937496 
test_loss: 0.00918138 
train_loss: 0.00935759 
test_loss: 0.00924877 
train_loss: 0.00925622 
test_loss: 0.00932506 
train_loss: 0.0092606 
test_loss: 0.00932739 
train_loss: 0.00922689 
test_loss: 0.00930919 
train_loss: 0.00924826 
test_loss: 0.0092482 
train_loss: 0.00917733 
test_loss: 0.00938274 
train_loss: 0.00916518 
test_loss: 0.00927862 
train_loss: 0.00934329 
test_loss: 0.00929701 
train_loss: 0.00939875 
test_loss: 0.00929328 
train_loss: 0.00918206 
test_loss: 0.00927458 
train_loss: 0.00933975 
test_loss: 0.00929035 
train_loss: 0.00923304 
test_loss: 0.00922912 
train_loss: 0.00932118 
test_loss: 0.00921531 
train_loss: 0.00899866 
test_loss: 0.00927421 
train_loss: 0.0092929 
test_loss: 0.00925579 
train_loss: 0.00896238 
test_loss: 0.00921064 
train_loss: 0.00933544 
test_loss: 0.00924325 
train_loss: 0.00939174 
test_loss: 0.00928159 
train_loss: 0.00929865 
test_loss: 0.00924373 
train_loss: 0.00892826 
test_loss: 0.00920548 
train_loss: 0.00932765 
test_loss: 0.00920975 
train_loss: 0.00935517 
test_loss: 0.00931681 
train_loss: 0.00918858 
test_loss: 0.00928233 
train_loss: 0.00929085 
test_loss: 0.00928177 
train_loss: 0.00952478 
test_loss: 0.00927847 
train_loss: 0.00919225 
test_loss: 0.00925616 
train_loss: 0.00907585 
test_loss: 0.00932718 
train_loss: 0.00912003 
test_loss: 0.00926986 
train_loss: 0.00912617 
test_loss: 0.00926665 
train_loss: 0.00922165 
test_loss: 0.00921462 
train_loss: 0.00915463 
test_loss: 0.00920714 
train_loss: 0.00945666 
test_loss: 0.0092224 
train_loss: 0.00914904 
test_loss: 0.00922389 
train_loss: 0.00930663 
test_loss: 0.00924612 
train_loss: 0.0091237 
test_loss: 0.00923229 
train_loss: 0.00897309 
test_loss: 0.00924218 
train_loss: 0.00918267 
test_loss: 0.00916516 
train_loss: 0.00940695 
test_loss: 0.00921402 
train_loss: 0.00910365 
test_loss: 0.0092474 
train_loss: 0.00910916 
test_loss: 0.00927586 
train_loss: 0.00938165 
test_loss: 0.00931173 
train_loss: 0.00912281 
test_loss: 0.009275 
train_loss: 0.0094964 
test_loss: 0.00928939 
train_loss: 0.00912108 
test_loss: 0.00920315 
train_loss: 0.00904854 
test_loss: 0.00923911 
train_loss: 0.00902271 
test_loss: 0.00920823 
train_loss: 0.00934302 
test_loss: 0.00923817 
train_loss: 0.00896076 
test_loss: 0.00914315 
train_loss: 0.00896154 
test_loss: 0.0092096 
train_loss: 0.00934394 
test_loss: 0.00920763 
train_loss: 0.0093665 
test_loss: 0.00921701 
train_loss: 0.00918364 
test_loss: 0.00922996 
train_loss: 0.0093788 
test_loss: 0.00924972 
train_loss: 0.00904695 
test_loss: 0.00916974 
train_loss: 0.00934598 
test_loss: 0.00929003 
train_loss: 0.0093301 
test_loss: 0.00922854 
train_loss: 0.00923246 
test_loss: 0.00923559 
train_loss: 0.00914392 
test_loss: 0.00928275 
train_loss: 0.00918296 
test_loss: 0.00920277 
train_loss: 0.00902073 
test_loss: 0.0092242 
train_loss: 0.00923414 
test_loss: 0.00915858 
train_loss: 0.00924772 
test_loss: 0.00920853 
train_loss: 0.00913262 
test_loss: 0.00916808 
train_loss: 0.00912564 
test_loss: 0.00926926 
train_loss: 0.00940901 
test_loss: 0.00928209 
train_loss: 0.00952564 
test_loss: 0.00928582 
train_loss: 0.00929363 
test_loss: 0.00929658 
train_loss: 0.00914005 
test_loss: 0.00924748 
train_loss: 0.00936384 
test_loss: 0.00930295 
train_loss: 0.00917077 
test_loss: 0.00928317 
train_loss: 0.00911053 
test_loss: 0.00914589 
train_loss: 0.00949354 
test_loss: 0.00925797 
train_loss: 0.00931797 
test_loss: 0.0092771 
train_loss: 0.00918069 
test_loss: 0.00928805 
train_loss: 0.00908122 
test_loss: 0.00926847 
train_loss: 0.00922766 
test_loss: 0.0092223 
train_loss: 0.00918196 
test_loss: 0.00921468 
train_loss: 0.00920609 
test_loss: 0.00928368 
train_loss: 0.00885821 
test_loss: 0.00924943 
train_loss: 0.00918551 
test_loss: 0.00920747 
train_loss: 0.00897434 
test_loss: 0.00928944 
train_loss: 0.0091949 
test_loss: 0.00926294 
train_loss: 0.00913426 
test_loss: 0.00925072 
train_loss: 0.00926055 
test_loss: 0.00934567 
train_loss: 0.00931682 
test_loss: 0.00924488 
train_loss: 0.00917367 
test_loss: 0.00919085 
train_loss: 0.00936788 
test_loss: 0.00919753 
train_loss: 0.0091108 
test_loss: 0.0091923 
train_loss: 0.00920297 
test_loss: 0.00923749 
train_loss: 0.0091971 
test_loss: 0.00922449 
train_loss: 0.00913171 
test_loss: 0.00925875 
train_loss: 0.00933444 
test_loss: 0.00920765 
train_loss: 0.00917531 
test_loss: 0.00918979 
train_loss: 0.00914662 
test_loss: 0.00922028 
train_loss: 0.00915738 
test_loss: 0.00917529 
train_loss: 0.0089226 
test_loss: 0.00927661 
train_loss: 0.00933041 
test_loss: 0.00917173 
train_loss: 0.00926504 
test_loss: 0.00919209 
train_loss: 0.00902007 
test_loss: 0.00920167 
train_loss: 0.00896715 
test_loss: 0.00920647 
train_loss: 0.00914357 
test_loss: 0.00922936 
train_loss: 0.00915639 
test_loss: 0.00922083 
train_loss: 0.00906893 
test_loss: 0.00925165 
train_loss: 0.00937871 
test_loss: 0.00927217 
train_loss: 0.00914758 
test_loss: 0.00922687 
train_loss: 0.00905339 
test_loss: 0.00914902 
train_loss: 0.0092542 
test_loss: 0.00920813 
train_loss: 0.00930149 
test_loss: 0.0092902 
train_loss: 0.00919706 
test_loss: 0.00922616 
train_loss: 0.00920693 
test_loss: 0.00917877 
train_loss: 0.00912276 
test_loss: 0.00920539 
train_loss: 0.00911536 
test_loss: 0.00917168 
train_loss: 0.00908745 
test_loss: 0.00918807 
train_loss: 0.00950186 
test_loss: 0.00926227 
train_loss: 0.00906364 
test_loss: 0.00916601 
train_loss: 0.00901578 
test_loss: 0.00927413 
train_loss: 0.00913887 
test_loss: 0.00922906 
train_loss: 0.00922798 
test_loss: 0.00926012 
train_loss: 0.00902961 
test_loss: 0.00917189 
train_loss: 0.00913945 
test_loss: 0.00923359 
train_loss: 0.00936991 
test_loss: 0.00918727 
train_loss: 0.00906409 
test_loss: 0.00924919 
train_loss: 0.00930022 
test_loss: 0.00925659 
train_loss: 0.00929318 
test_loss: 0.00915792 
train_loss: 0.00924668 
test_loss: 0.00913987 
train_loss: 0.0093521 
test_loss: 0.00924566 
train_loss: 0.00929692 
test_loss: 0.00918999 
train_loss: 0.00901442 
test_loss: 0.00920401 
train_loss: 0.00894983 
test_loss: 0.0091593 
train_loss: 0.00901468 
test_loss: 0.0091763 
train_loss: 0.00894812 
test_loss: 0.00921331 
train_loss: 0.00906646 
test_loss: 0.00925522 
train_loss: 0.00913617 
test_loss: 0.00912643 
train_loss: 0.00920819 
test_loss: 0.00921563 
train_loss: 0.00913025 
test_loss: 0.00934024 
train_loss: 0.00935099 
test_loss: 0.00921189 
train_loss: 0.0091153 
test_loss: 0.00918114 
train_loss: 0.00912161 
test_loss: 0.00918642 
train_loss: 0.00920584 
test_loss: 0.00917853 
train_loss: 0.00896118 
test_loss: 0.00918179 
train_loss: 0.00869318 
test_loss: 0.00917953 
train_loss: 0.00925184 
test_loss: 0.0092486 
train_loss: 0.00905015 
test_loss: 0.0092589 
train_loss: 0.00934207 
test_loss: 0.0091804 
train_loss: 0.00929559 
test_loss: 0.00925976 
train_loss: 0.00920651 
test_loss: 0.00919601 
train_loss: 0.00925713 
test_loss: 0.00919827 
train_loss: 0.0093346 
test_loss: 0.00923 
train_loss: 0.00907735 
test_loss: 0.00918811 
train_loss: 0.00917404 
test_loss: 0.00920987 
train_loss: 0.00952994 
test_loss: 0.00921281 
train_loss: 0.00912826 
test_loss: 0.00921455 
train_loss: 0.00912411 
test_loss: 0.00918848 
train_loss: 0.00902547 
test_loss: 0.00911604 
train_loss: 0.00903678 
test_loss: 0.00917586 
train_loss: 0.00902911 
test_loss: 0.00927234 
train_loss: 0.0092307 
test_loss: 0.00918644 
train_loss: 0.00926679 
test_loss: 0.00920943 
train_loss: 0.0089845 
test_loss: 0.00921097 
train_loss: 0.00904244 
test_loss: 0.00914471 
train_loss: 0.00899148 
test_loss: 0.00916995 
train_loss: 0.00914513 
test_loss: 0.00915878 
train_loss: 0.00903882 
test_loss: 0.00923153 
train_loss: 0.00915098 
test_loss: 0.00922578 
train_loss: 0.00931069 
test_loss: 0.00927753 
train_loss: 0.00925633 
test_loss: 0.00918695 
train_loss: 0.00905055 
test_loss: 0.00916616 
train_loss: 0.00898921 
test_loss: 0.00916557 
train_loss: 0.009201 
test_loss: 0.0092499 
train_loss: 0.00893288 
test_loss: 0.00923208 
train_loss: 0.00913595 
test_loss: 0.00924214 
train_loss: 0.00901456 
test_loss: 0.00914749 
train_loss: 0.00917738 
test_loss: 0.00918738 
train_loss: 0.00908421 
test_loss: 0.00922727 
train_loss: 0.00907037 
test_loss: 0.00915409 
train_loss: 0.00927984 
test_loss: 0.00919306 
train_loss: 0.00901066 
test_loss: 0.00918921 
