train_loss: 0.00880806 
test_loss: 0.00873948 
train_loss: 0.0085113 
test_loss: 0.00874701 
train_loss: 0.00869317 
test_loss: 0.00876238 
train_loss: 0.00890418 
test_loss: 0.00875288 
train_loss: 0.00871288 
test_loss: 0.00876685 
train_loss: 0.00844912 
test_loss: 0.00875042 
train_loss: 0.00867057 
test_loss: 0.00876324 
train_loss: 0.00878486 
test_loss: 0.00875776 
train_loss: 0.00883169 
test_loss: 0.00877126 
train_loss: 0.00871705 
test_loss: 0.00879237 
train_loss: 0.00902455 
test_loss: 0.00877124 
train_loss: 0.00862999 
test_loss: 0.00874749 
train_loss: 0.00857599 
test_loss: 0.00876432 
train_loss: 0.00867607 
test_loss: 0.00876083 
train_loss: 0.00872628 
test_loss: 0.00875363 
train_loss: 0.0087056 
test_loss: 0.00875931 
train_loss: 0.00893244 
test_loss: 0.00879537 
train_loss: 0.0086711 
test_loss: 0.00875983 
train_loss: 0.0086412 
test_loss: 0.00874842 
train_loss: 0.00881976 
test_loss: 0.00875058 
train_loss: 0.0088575 
test_loss: 0.00879215 
train_loss: 0.00861192 
test_loss: 0.00875931 
train_loss: 0.00869529 
test_loss: 0.00874049 
train_loss: 0.00892077 
test_loss: 0.00875173 
train_loss: 0.00875844 
test_loss: 0.00879808 
train_loss: 0.00863057 
test_loss: 0.00873342 
train_loss: 0.0087367 
test_loss: 0.00872677 
train_loss: 0.0086621 
test_loss: 0.00871946 
train_loss: 0.00886419 
test_loss: 0.00878323 
train_loss: 0.00899069 
test_loss: 0.00873519 
train_loss: 0.00874862 
test_loss: 0.0087762 
train_loss: 0.00877954 
test_loss: 0.00873445 
train_loss: 0.00896585 
test_loss: 0.00876541 
train_loss: 0.00852207 
test_loss: 0.00877264 
train_loss: 0.00881672 
test_loss: 0.00886283 
train_loss: 0.0085141 
test_loss: 0.00873387 
train_loss: 0.0087417 
test_loss: 0.00874233 
train_loss: 0.0086604 
test_loss: 0.00875094 
train_loss: 0.00862555 
test_loss: 0.00872463 
train_loss: 0.00877452 
test_loss: 0.00873157 
train_loss: 0.00884722 
test_loss: 0.00876557 
train_loss: 0.00872121 
test_loss: 0.00877569 
train_loss: 0.00863789 
test_loss: 0.00874111 
train_loss: 0.00865396 
test_loss: 0.00875962 
train_loss: 0.00858448 
test_loss: 0.00872693 
train_loss: 0.00868731 
test_loss: 0.00870921 
train_loss: 0.00878343 
test_loss: 0.00870822 
train_loss: 0.00877136 
test_loss: 0.00871126 
train_loss: 0.00868866 
test_loss: 0.00879418 
train_loss: 0.00888531 
test_loss: 0.00876419 
train_loss: 0.00856968 
test_loss: 0.00875408 
train_loss: 0.00911638 
test_loss: 0.00876467 
train_loss: 0.00861956 
test_loss: 0.00882216 
train_loss: 0.00875082 
test_loss: 0.00878274 
train_loss: 0.00870249 
test_loss: 0.00872038 
train_loss: 0.00886135 
test_loss: 0.00872886 
train_loss: 0.00875769 
test_loss: 0.00873658 
train_loss: 0.00857679 
test_loss: 0.0087732 
train_loss: 0.0088295 
test_loss: 0.00876928 
train_loss: 0.00873157 
test_loss: 0.00872916 
train_loss: 0.00856879 
test_loss: 0.00873195 
train_loss: 0.0088959 
test_loss: 0.00875207 
train_loss: 0.00881047 
test_loss: 0.00887299 
train_loss: 0.00882542 
test_loss: 0.00875854 
train_loss: 0.00872773 
test_loss: 0.00876312 
train_loss: 0.00853639 
test_loss: 0.00872615 
train_loss: 0.00859677 
test_loss: 0.00873131 
train_loss: 0.00866051 
test_loss: 0.00875399 
train_loss: 0.00859379 
test_loss: 0.00875086 
train_loss: 0.00871204 
test_loss: 0.00878106 
train_loss: 0.00903557 
test_loss: 0.00867553 
train_loss: 0.00884311 
test_loss: 0.0087602 
train_loss: 0.00880024 
test_loss: 0.00878217 
train_loss: 0.00885333 
test_loss: 0.0087601 
train_loss: 0.00875236 
test_loss: 0.00873642 
train_loss: 0.00847476 
test_loss: 0.00876094 
train_loss: 0.00856947 
test_loss: 0.00876748 
train_loss: 0.00860927 
test_loss: 0.00876403 
train_loss: 0.00874199 
test_loss: 0.00866542 
train_loss: 0.00876081 
test_loss: 0.00872946 
train_loss: 0.00891566 
test_loss: 0.00873815 
train_loss: 0.00886782 
test_loss: 0.00874269 
train_loss: 0.00863341 
test_loss: 0.00879147 
train_loss: 0.00872969 
test_loss: 0.00878835 
train_loss: 0.00852311 
test_loss: 0.00878068 
train_loss: 0.00859979 
test_loss: 0.00873327 
train_loss: 0.00866446 
test_loss: 0.00874835 
train_loss: 0.00861574 
test_loss: 0.00871597 
train_loss: 0.0085818 
test_loss: 0.00872611 
train_loss: 0.00875887 
test_loss: 0.00879866 
train_loss: 0.00879524 
test_loss: 0.00873159 
train_loss: 0.00869772 
test_loss: 0.00874459 
train_loss: 0.00869936 
test_loss: 0.00871579 
train_loss: 0.0085581 
test_loss: 0.0087097 
train_loss: 0.00873623 
test_loss: 0.00874787 
train_loss: 0.00860085 
test_loss: 0.00868024 
train_loss: 0.00867202 
test_loss: 0.00875493 
train_loss: 0.00889788 
test_loss: 0.00876416 
train_loss: 0.00866455 
test_loss: 0.00868915 
train_loss: 0.00877805 
test_loss: 0.00878103 
train_loss: 0.00871618 
test_loss: 0.00874899 
train_loss: 0.00855416 
test_loss: 0.00872297 
train_loss: 0.0088574 
test_loss: 0.00878069 
train_loss: 0.00889068 
test_loss: 0.00883234 
train_loss: 0.00863756 
test_loss: 0.00875431 
train_loss: 0.00859621 
test_loss: 0.00873793 
train_loss: 0.008664 
test_loss: 0.00872923 
train_loss: 0.00861983 
test_loss: 0.00870915 
train_loss: 0.00852805 
test_loss: 0.00867931 
train_loss: 0.00887758 
test_loss: 0.00875048 
train_loss: 0.00871538 
test_loss: 0.00872055 
train_loss: 0.00858202 
test_loss: 0.00873768 
train_loss: 0.00878459 
test_loss: 0.00873157 
train_loss: 0.00893683 
test_loss: 0.00871507 
train_loss: 0.00865323 
test_loss: 0.00871793 
train_loss: 0.00865156 
test_loss: 0.00873182 
train_loss: 0.00875452 
test_loss: 0.00870808 
train_loss: 0.00874054 
test_loss: 0.00875896 
train_loss: 0.00869715 
test_loss: 0.0087485 
train_loss: 0.0086204 
test_loss: 0.00869331 
train_loss: 0.00873047 
test_loss: 0.00874156 
train_loss: 0.00866315 
test_loss: 0.00868671 
train_loss: 0.00876201 
test_loss: 0.00874658 
train_loss: 0.00877205 
test_loss: 0.0086985 
train_loss: 0.00871757 
test_loss: 0.00872374 
train_loss: 0.00871259 
test_loss: 0.00875597 
train_loss: 0.00876427 
test_loss: 0.00878132 
train_loss: 0.00876559 
test_loss: 0.00872057 
train_loss: 0.00855501 
test_loss: 0.00870486 
train_loss: 0.0085773 
test_loss: 0.00872325 
train_loss: 0.00884531 
test_loss: 0.00873424 
train_loss: 0.00873761 
test_loss: 0.00869557 
train_loss: 0.00904588 
test_loss: 0.00873445 
train_loss: 0.00889809 
test_loss: 0.00876814 
train_loss: 0.0083816 
test_loss: 0.00872866 
train_loss: 0.00877588 
test_loss: 0.00875472 
train_loss: 0.00866945 
test_loss: 0.00877941 
train_loss: 0.00849791 
test_loss: 0.00870492 
train_loss: 0.00886345 
test_loss: 0.0088124 
train_loss: 0.00876118 
test_loss: 0.00877097 
train_loss: 0.00861412 
test_loss: 0.00870338 
train_loss: 0.00892856 
test_loss: 0.00871195 
train_loss: 0.00853551 
test_loss: 0.00872086 
train_loss: 0.00851518 
test_loss: 0.00873784 
train_loss: 0.00863079 
test_loss: 0.00872087 
train_loss: 0.0087313 
test_loss: 0.00871694 
train_loss: 0.00866903 
test_loss: 0.00873693 
train_loss: 0.00849009 
test_loss: 0.0086993 
train_loss: 0.00864568 
test_loss: 0.00878462 
train_loss: 0.00867368 
test_loss: 0.00878524 
train_loss: 0.00897024 
test_loss: 0.00872977 
train_loss: 0.00876962 
test_loss: 0.00873112 
train_loss: 0.00860334 
test_loss: 0.00874887 
train_loss: 0.00893933 
test_loss: 0.00874761 
train_loss: 0.00845026 
test_loss: 0.0086772 
train_loss: 0.00852937 
test_loss: 0.00872602 
train_loss: 0.00854358 
test_loss: 0.00870091 
train_loss: 0.00862941 
test_loss: 0.00870111 
train_loss: 0.00878723 
test_loss: 0.00870932 
train_loss: 0.00860888 
test_loss: 0.00878563 
train_loss: 0.00869127 
test_loss: 0.00874385 
train_loss: 0.00877054 
test_loss: 0.00876697 
train_loss: 0.00866251 
test_loss: 0.008707 
train_loss: 0.00845118 
test_loss: 0.00880284 
train_loss: 0.00866601 
test_loss: 0.00868446 
train_loss: 0.00857662 
test_loss: 0.00871594 
train_loss: 0.00874602 
test_loss: 0.00873011 
train_loss: 0.00862986 
test_loss: 0.00870857 
train_loss: 0.00856197 
test_loss: 0.00875146 
train_loss: 0.00861246 
test_loss: 0.00869552 
train_loss: 0.00857166 
test_loss: 0.00874615 
train_loss: 0.00849701 
test_loss: 0.00870708 
train_loss: 0.00855296 
test_loss: 0.00873585 
train_loss: 0.00874818 
test_loss: 0.00879278 
train_loss: 0.00863306 
test_loss: 0.00871945 
train_loss: 0.00863681 
test_loss: 0.00872585 
train_loss: 0.00885311 
test_loss: 0.00873658 
train_loss: 0.00883753 
test_loss: 0.00877019 
train_loss: 0.00887666 
test_loss: 0.00869927 
train_loss: 0.00882827 
test_loss: 0.00873155 
train_loss: 0.00875711 
test_loss: 0.00870962 
train_loss: 0.00883865 
test_loss: 0.00873353 
train_loss: 0.00875927 
test_loss: 0.00872319 
train_loss: 0.00856647 
test_loss: 0.00874054 
train_loss: 0.00872163 
test_loss: 0.0087207 
train_loss: 0.00863809 
test_loss: 0.00868658 
train_loss: 0.00864729 
test_loss: 0.00868785 
train_loss: 0.00861535 
test_loss: 0.00873384 
train_loss: 0.00869691 
test_loss: 0.0087493 
train_loss: 0.00861839 
test_loss: 0.00870663 
train_loss: 0.00871426 
test_loss: 0.00875686 
train_loss: 0.00854171 
test_loss: 0.00872564 
train_loss: 0.00855527 
test_loss: 0.00867052 
train_loss: 0.00882033 
test_loss: 0.00875143 
train_loss: 0.00879483 
test_loss: 0.00875689 
train_loss: 0.00876956 
test_loss: 0.0087855 
train_loss: 0.00881953 
test_loss: 0.00869409 
train_loss: 0.00884832 
test_loss: 0.00868697 
train_loss: 0.0088055 
test_loss: 0.00872841 
train_loss: 0.00843658 
test_loss: 0.0086877 
train_loss: 0.00870864 
test_loss: 0.00874543 
train_loss: 0.00872371 
test_loss: 0.00873896 
train_loss: 0.00856573 
test_loss: 0.00867599 
train_loss: 0.00850491 
test_loss: 0.00869117 
train_loss: 0.00845841 
test_loss: 0.00869917 
train_loss: 0.00874456 
test_loss: 0.00874291 
train_loss: 0.00867424 
test_loss: 0.00875857 
train_loss: 0.00867891 
test_loss: 0.00875128 
train_loss: 0.00887797 
test_loss: 0.00870077 
train_loss: 0.00885865 
test_loss: 0.00869996 
train_loss: 0.00869498 
test_loss: 0.0087125 
train_loss: 0.00888449 
test_loss: 0.00874943 
train_loss: 0.00868995 
test_loss: 0.00872364 
train_loss: 0.00858995 
test_loss: 0.00873297 
train_loss: 0.00873044 
test_loss: 0.00871711 
train_loss: 0.00873881 
test_loss: 0.00869549 
train_loss: 0.00859528 
test_loss: 0.00868594 
train_loss: 0.0087277 
test_loss: 0.00873581 
train_loss: 0.00858763 
test_loss: 0.00870429 
train_loss: 0.00873148 
test_loss: 0.00872595 
train_loss: 0.00874675 
test_loss: 0.00874764 
train_loss: 0.00869053 
test_loss: 0.00876639 
train_loss: 0.00846626 
test_loss: 0.00872056 
train_loss: 0.00887021 
test_loss: 0.00874033 
train_loss: 0.00864348 
test_loss: 0.00866367 
train_loss: 0.00861145 
test_loss: 0.00875 
train_loss: 0.00871227 
test_loss: 0.00869946 
train_loss: 0.00857329 
test_loss: 0.00872981 
train_loss: 0.00878338 
test_loss: 0.00872196 
train_loss: 0.00860299 
test_loss: 0.00867001 
train_loss: 0.00889032 
test_loss: 0.00871931 
train_loss: 0.00851355 
test_loss: 0.00869257 
train_loss: 0.00882948 
test_loss: 0.00873074 
train_loss: 0.00877554 
test_loss: 0.00874814 
train_loss: 0.00873551 
test_loss: 0.00865249 
train_loss: 0.0088486 
test_loss: 0.00872087 
train_loss: 0.00867546 
test_loss: 0.00870352 
train_loss: 0.0084942 
test_loss: 0.00863095 
train_loss: 0.00858465 
test_loss: 0.0086992 
train_loss: 0.00866253 
test_loss: 0.0087622 
train_loss: 0.00870283 
test_loss: 0.00872306 
train_loss: 0.00862395 
test_loss: 0.00871348 
train_loss: 0.00862017 
test_loss: 0.0086784 
train_loss: 0.00874321 
test_loss: 0.00871192 
train_loss: 0.0087892 
test_loss: 0.00869881 
train_loss: 0.008819 
test_loss: 0.00874593 
train_loss: 0.00849338 
test_loss: 0.00869417 
train_loss: 0.00872916 
test_loss: 0.00872883 
train_loss: 0.00851994 
test_loss: 0.00868888 
train_loss: 0.00872933 
test_loss: 0.00870927 
train_loss: 0.00886075 
test_loss: 0.00871842 
train_loss: 0.00855445 
test_loss: 0.00867309 
train_loss: 0.00842045 
test_loss: 0.0086609 
train_loss: 0.00869995 
test_loss: 0.00872231 
train_loss: 0.00881742 
test_loss: 0.00867938 
train_loss: 0.00859182 
test_loss: 0.00869445 
train_loss: 0.00874075 
test_loss: 0.00877538 
train_loss: 0.00871551 
test_loss: 0.00880383 
train_loss: 0.00867664 
test_loss: 0.00872378 
train_loss: 0.00864606 
test_loss: 0.00871732 
train_loss: 0.0086708 
test_loss: 0.00884364 
train_loss: 0.00858976 
test_loss: 0.00869463 
train_loss: 0.00864375 
test_loss: 0.00867883 
train_loss: 0.00856194 
test_loss: 0.00864208 
train_loss: 0.00885081 
test_loss: 0.00867167 
train_loss: 0.00854365 
test_loss: 0.00874394 
train_loss: 0.00864333 
test_loss: 0.00868895 
train_loss: 0.00843091 
test_loss: 0.00870763 
train_loss: 0.00860339 
test_loss: 0.0087298 
train_loss: 0.00857821 
test_loss: 0.00876324 
train_loss: 0.00875542 
test_loss: 0.00870034 
train_loss: 0.00860556 
test_loss: 0.00868963 
train_loss: 0.00872966 
test_loss: 0.00870458 
train_loss: 0.00892982 
test_loss: 0.00869601 
train_loss: 0.00863882 
test_loss: 0.008711 
train_loss: 0.00891702 
test_loss: 0.00874028 
train_loss: 0.00858462 
test_loss: 0.00867107 
train_loss: 0.00854491 
test_loss: 0.00878626 
train_loss: 0.00843253 
test_loss: 0.00866161 
train_loss: 0.00876323 
test_loss: 0.00875279 
train_loss: 0.00856046 
test_loss: 0.00870181 
train_loss: 0.00862914 
test_loss: 0.00866924 
train_loss: 0.00881702 
test_loss: 0.00868079 
train_loss: 0.00874078 
test_loss: 0.00873006 
train_loss: 0.00862122 
test_loss: 0.00868708 
train_loss: 0.00855985 
test_loss: 0.00869739 
train_loss: 0.00851517 
test_loss: 0.00867853 
train_loss: 0.00878557 
test_loss: 0.00873558 
train_loss: 0.00868313 
test_loss: 0.00868269 
train_loss: 0.00867357 
test_loss: 0.00867872 
train_loss: 0.00858938 
test_loss: 0.00873839 
train_loss: 0.00841553 
test_loss: 0.0087138 
train_loss: 0.00853666 
test_loss: 0.00871491 
train_loss: 0.00877282 
test_loss: 0.0087422 
train_loss: 0.00870568 
test_loss: 0.0087435 
train_loss: 0.00852614 
test_loss: 0.00867261 
train_loss: 0.00862564 
test_loss: 0.00875801 
train_loss: 0.00883421 
test_loss: 0.00872751 
train_loss: 0.00886673 
test_loss: 0.00870401 
train_loss: 0.00870529 
test_loss: 0.00873861 
train_loss: 0.00846673 
test_loss: 0.00867952 
train_loss: 0.00871936 
test_loss: 0.00873396 
train_loss: 0.00863713 
test_loss: 0.00872831 
train_loss: 0.00875876 
test_loss: 0.00872745 
train_loss: 0.0089023 
test_loss: 0.00875721 
train_loss: 0.00872469 
test_loss: 0.00868923 
train_loss: 0.00874892 
test_loss: 0.00870789 
train_loss: 0.00846195 
test_loss: 0.00867916 
train_loss: 0.00866917 
test_loss: 0.00871947 
train_loss: 0.00873788 
test_loss: 0.0087611 
train_loss: 0.00878196 
test_loss: 0.00869446 
train_loss: 0.00851753 
test_loss: 0.00870245 
train_loss: 0.00860034 
test_loss: 0.00870361 
train_loss: 0.00863494 
test_loss: 0.00872511 
train_loss: 0.00876285 
test_loss: 0.00872411 
train_loss: 0.00880575 
test_loss: 0.00876984 
train_loss: 0.00879215 
test_loss: 0.00873529 
train_loss: 0.00891626 
test_loss: 0.0086508 
train_loss: 0.00887879 
test_loss: 0.00865884 
train_loss: 0.0087051 
test_loss: 0.00875439 
train_loss: 0.00857482 
test_loss: 0.00873008 
train_loss: 0.00866474 
test_loss: 0.00876541 
train_loss: 0.00867958 
test_loss: 0.00871701 
train_loss: 0.00858359 
test_loss: 0.00871537 
train_loss: 0.00891947 
test_loss: 0.00869778 
train_loss: 0.00868924 
test_loss: 0.00868486 
train_loss: 0.00861496 
test_loss: 0.00870021 
train_loss: 0.00861014 
test_loss: 0.0086948 
train_loss: 0.00849024 
test_loss: 0.00865036 
train_loss: 0.00873864 
test_loss: 0.00868211 
train_loss: 0.00877281 
test_loss: 0.0087072 
train_loss: 0.00874504 
test_loss: 0.00870983 
train_loss: 0.00850597 
test_loss: 0.00870364 
train_loss: 0.0086709 
test_loss: 0.00871221 
train_loss: 0.00876039 
test_loss: 0.00868591 
train_loss: 0.00864718 
test_loss: 0.00869592 
train_loss: 0.0087637 
test_loss: 0.00871051 
train_loss: 0.00857744 
test_loss: 0.00867729 
train_loss: 0.00858913 
test_loss: 0.00868468 
train_loss: 0.00875667 
test_loss: 0.00870232 
train_loss: 0.00865159 
test_loss: 0.00871288 
train_loss: 0.00890947 
test_loss: 0.00872076 
train_loss: 0.00883074 
test_loss: 0.00873504 
train_loss: 0.00856977 
test_loss: 0.00870752 
train_loss: 0.0085411 
test_loss: 0.0086597 
train_loss: 0.00863417 
test_loss: 0.00876814 
train_loss: 0.00894803 
test_loss: 0.00868875 
train_loss: 0.00865871 
test_loss: 0.00868838 
train_loss: 0.00842839 
test_loss: 0.00863591 
train_loss: 0.00853583 
test_loss: 0.0086941 
train_loss: 0.00874902 
test_loss: 0.00872726 
train_loss: 0.00869976 
test_loss: 0.00867823 
train_loss: 0.00859376 
test_loss: 0.00871786 
train_loss: 0.008754 
test_loss: 0.00869292 
train_loss: 0.00851528 
test_loss: 0.00869863 
train_loss: 0.00877445 
test_loss: 0.00872471 
train_loss: 0.00878068 
test_loss: 0.00867598 
train_loss: 0.00881385 
test_loss: 0.00870805 
train_loss: 0.00871484 
test_loss: 0.00867799 
train_loss: 0.00882666 
test_loss: 0.00866562 
train_loss: 0.00858222 
test_loss: 0.00877866 
train_loss: 0.00860052 
test_loss: 0.00871761 
train_loss: 0.00845565 
test_loss: 0.00869991 
train_loss: 0.00850496 
test_loss: 0.00871855 
train_loss: 0.00862746 
test_loss: 0.00874799 
train_loss: 0.00864974 
test_loss: 0.00872648 
train_loss: 0.00869531 
test_loss: 0.00873168 
train_loss: 0.00879463 
test_loss: 0.00868895 
train_loss: 0.00867808 
test_loss: 0.0087445 
train_loss: 0.00864454 
test_loss: 0.00869272 
train_loss: 0.00858249 
test_loss: 0.00867195 
train_loss: 0.0086201 
test_loss: 0.00869576 
train_loss: 0.00847794 
test_loss: 0.0086657 
train_loss: 0.00828565 
test_loss: 0.00866985 
train_loss: 0.00870252 
test_loss: 0.00870288 
train_loss: 0.00859767 
test_loss: 0.00867021 
train_loss: 0.00892685 
test_loss: 0.00868512 
train_loss: 0.00866465 
test_loss: 0.00866442 
train_loss: 0.00868384 
test_loss: 0.00872401 
train_loss: 0.008727 
test_loss: 0.00868255 
train_loss: 0.00877824 
test_loss: 0.00865789 
train_loss: 0.00879631 
test_loss: 0.00875714 
train_loss: 0.00862774 
test_loss: 0.00872236 
train_loss: 0.00881217 
test_loss: 0.00868549 
train_loss: 0.00866789 
test_loss: 0.00870783 
train_loss: 0.00873101 
test_loss: 0.00866346 
train_loss: 0.00868991 
test_loss: 0.0086693 
train_loss: 0.00881604 
test_loss: 0.00869073 
train_loss: 0.00849494 
test_loss: 0.00870859 
train_loss: 0.00864447 
test_loss: 0.00870726 
train_loss: 0.00876692 
test_loss: 0.00870607 
train_loss: 0.00857105 
test_loss: 0.00875283 
train_loss: 0.00849059 
test_loss: 0.00864035 
train_loss: 0.00845684 
test_loss: 0.00868932 
train_loss: 0.00869157 
test_loss: 0.00870397 
train_loss: 0.00862287 
test_loss: 0.00869235 
train_loss: 0.00860653 
test_loss: 0.00874416 
train_loss: 0.00874507 
test_loss: 0.0086994 
train_loss: 0.00865589 
test_loss: 0.00866652 
train_loss: 0.00855078 
test_loss: 0.00867778 
train_loss: 0.00855084 
test_loss: 0.00866595 
train_loss: 0.00859529 
test_loss: 0.00869277 
train_loss: 0.00853185 
test_loss: 0.00872152 
train_loss: 0.00862131 
test_loss: 0.00867543 
train_loss: 0.00850036 
test_loss: 0.00871009 
