train_loss: 0.00740956 
test_loss: 0.00744033 
train_loss: 0.00745082 
test_loss: 0.00739133 
train_loss: 0.0073636 
test_loss: 0.00740857 
train_loss: 0.00773292 
test_loss: 0.00744322 
train_loss: 0.00742934 
test_loss: 0.00751382 
train_loss: 0.00732546 
test_loss: 0.00751601 
train_loss: 0.0075195 
test_loss: 0.00762763 
train_loss: 0.0075844 
test_loss: 0.00751924 
train_loss: 0.00736142 
test_loss: 0.0074589 
train_loss: 0.00737152 
test_loss: 0.007591 
train_loss: 0.0077838 
test_loss: 0.00752099 
train_loss: 0.00743221 
test_loss: 0.00751735 
train_loss: 0.00726625 
test_loss: 0.00743202 
train_loss: 0.00756531 
test_loss: 0.00750534 
train_loss: 0.00746263 
test_loss: 0.00745607 
train_loss: 0.0073567 
test_loss: 0.00753124 
train_loss: 0.00760204 
test_loss: 0.00731195 
train_loss: 0.00733833 
test_loss: 0.00746696 
train_loss: 0.00747724 
test_loss: 0.00749285 
train_loss: 0.00755112 
test_loss: 0.00740469 
train_loss: 0.00764512 
test_loss: 0.00751497 
train_loss: 0.00739454 
test_loss: 0.00757978 
train_loss: 0.00736851 
test_loss: 0.00748742 
train_loss: 0.0076248 
test_loss: 0.0075997 
train_loss: 0.00756327 
test_loss: 0.00757257 
train_loss: 0.00732271 
test_loss: 0.00738241 
train_loss: 0.00764899 
test_loss: 0.00744333 
train_loss: 0.0074389 
test_loss: 0.0075076 
train_loss: 0.00750089 
test_loss: 0.00745169 
train_loss: 0.00745526 
test_loss: 0.0073834 
train_loss: 0.00748878 
test_loss: 0.00737173 
train_loss: 0.00762015 
test_loss: 0.00736148 
train_loss: 0.00753021 
test_loss: 0.00741447 
train_loss: 0.00744323 
test_loss: 0.00737032 
train_loss: 0.0073124 
test_loss: 0.00748179 
train_loss: 0.00737096 
test_loss: 0.00760666 
train_loss: 0.00739264 
test_loss: 0.00746645 
train_loss: 0.0073654 
test_loss: 0.00740868 
train_loss: 0.00735426 
test_loss: 0.00748475 
train_loss: 0.00762803 
test_loss: 0.00738761 
train_loss: 0.00740782 
test_loss: 0.0074134 
train_loss: 0.00716235 
test_loss: 0.00747222 
train_loss: 0.007409 
test_loss: 0.00756336 
train_loss: 0.00719299 
test_loss: 0.00746879 
train_loss: 0.00728434 
test_loss: 0.00740039 
train_loss: 0.00751882 
test_loss: 0.0074163 
train_loss: 0.0074659 
test_loss: 0.00740146 
train_loss: 0.0072829 
test_loss: 0.00731063 
train_loss: 0.00724994 
test_loss: 0.00744804 
train_loss: 0.00752024 
test_loss: 0.00752458 
train_loss: 0.00720661 
test_loss: 0.00741085 
train_loss: 0.00757708 
test_loss: 0.00742719 
train_loss: 0.00710404 
test_loss: 0.00733022 
train_loss: 0.00752147 
test_loss: 0.00739824 
train_loss: 0.00750611 
test_loss: 0.00751277 
train_loss: 0.00750006 
test_loss: 0.00733128 
train_loss: 0.00740132 
test_loss: 0.00733106 
train_loss: 0.00713894 
test_loss: 0.00733603 
train_loss: 0.00751315 
test_loss: 0.00739564 
train_loss: 0.00751625 
test_loss: 0.00751289 
train_loss: 0.00715354 
test_loss: 0.00738645 
train_loss: 0.0076601 
test_loss: 0.00744944 
train_loss: 0.00746192 
test_loss: 0.00734212 
train_loss: 0.00735493 
test_loss: 0.00739684 
train_loss: 0.00741521 
test_loss: 0.00741799 
train_loss: 0.00715537 
test_loss: 0.00743476 
train_loss: 0.00757274 
test_loss: 0.00747112 
train_loss: 0.007288 
test_loss: 0.00740468 
train_loss: 0.00723331 
test_loss: 0.00750679 
train_loss: 0.00723734 
test_loss: 0.0072732 
train_loss: 0.00746009 
test_loss: 0.00728323 
train_loss: 0.00739609 
test_loss: 0.00754783 
train_loss: 0.0074514 
test_loss: 0.00739038 
train_loss: 0.00735443 
test_loss: 0.00730038 
train_loss: 0.00734451 
test_loss: 0.00733639 
train_loss: 0.00745001 
test_loss: 0.00745475 
train_loss: 0.00726882 
test_loss: 0.00739729 
train_loss: 0.00749883 
test_loss: 0.00734997 
train_loss: 0.00762483 
test_loss: 0.00737851 
train_loss: 0.00738011 
test_loss: 0.00737899 
train_loss: 0.00752118 
test_loss: 0.0073853 
train_loss: 0.00741772 
test_loss: 0.00725111 
train_loss: 0.00739334 
test_loss: 0.00734613 
train_loss: 0.00747778 
test_loss: 0.00744788 
train_loss: 0.00723802 
test_loss: 0.00737741 
train_loss: 0.00725779 
test_loss: 0.00737319 
train_loss: 0.0073471 
test_loss: 0.00724781 
train_loss: 0.0071243 
test_loss: 0.00738543 
train_loss: 0.00709806 
test_loss: 0.00732723 
train_loss: 0.00708231 
test_loss: 0.00722674 
train_loss: 0.00727678 
test_loss: 0.00726948 
train_loss: 0.00736962 
test_loss: 0.00728029 
train_loss: 0.00731111 
test_loss: 0.00728504 
train_loss: 0.0073312 
test_loss: 0.00738117 
train_loss: 0.0074665 
test_loss: 0.00730712 
train_loss: 0.00724901 
test_loss: 0.00734237 
train_loss: 0.00734362 
test_loss: 0.00730371 
train_loss: 0.00762928 
test_loss: 0.00745682 
train_loss: 0.00725441 
test_loss: 0.00742635 
train_loss: 0.00728676 
test_loss: 0.00735761 
train_loss: 0.00740945 
test_loss: 0.00726697 
train_loss: 0.00697217 
test_loss: 0.0073814 
train_loss: 0.00717597 
test_loss: 0.00724119 
train_loss: 0.00746787 
test_loss: 0.00724467 
train_loss: 0.00731287 
test_loss: 0.00745179 
train_loss: 0.00715859 
test_loss: 0.0072784 
train_loss: 0.0071461 
test_loss: 0.0073732 
train_loss: 0.0071494 
test_loss: 0.00735519 
train_loss: 0.0074244 
test_loss: 0.00746101 
train_loss: 0.00740107 
test_loss: 0.00728452 
train_loss: 0.00736434 
test_loss: 0.00732519 
train_loss: 0.0072988 
test_loss: 0.00726803 
train_loss: 0.00720564 
test_loss: 0.00740962 
train_loss: 0.00743083 
test_loss: 0.00742118 
train_loss: 0.00723114 
test_loss: 0.00726866 
train_loss: 0.00732738 
test_loss: 0.00726713 
train_loss: 0.00732882 
test_loss: 0.00737427 
train_loss: 0.00717637 
test_loss: 0.00724391 
train_loss: 0.00725549 
test_loss: 0.00728609 
train_loss: 0.00729061 
test_loss: 0.00728998 
train_loss: 0.00735783 
test_loss: 0.00731663 
train_loss: 0.00716962 
test_loss: 0.00725384 
train_loss: 0.00740568 
test_loss: 0.00740556 
train_loss: 0.007231 
test_loss: 0.00718876 
train_loss: 0.00724635 
test_loss: 0.00743747 
train_loss: 0.00710707 
test_loss: 0.00723396 
train_loss: 0.00724171 
test_loss: 0.00721708 
train_loss: 0.00745296 
test_loss: 0.00731429 
train_loss: 0.00728383 
test_loss: 0.00728592 
train_loss: 0.00742064 
test_loss: 0.00732621 
train_loss: 0.00726566 
test_loss: 0.00731634 
train_loss: 0.0073125 
test_loss: 0.00743684 
train_loss: 0.00738624 
test_loss: 0.0073514 
train_loss: 0.00743749 
test_loss: 0.00734005 
train_loss: 0.007325 
test_loss: 0.00727637 
train_loss: 0.00719629 
test_loss: 0.00723913 
train_loss: 0.00728209 
test_loss: 0.00725396 
train_loss: 0.00723292 
test_loss: 0.00721066 
train_loss: 0.00735186 
test_loss: 0.00726023 
train_loss: 0.00736657 
test_loss: 0.0073017 
train_loss: 0.00713272 
test_loss: 0.00722738 
train_loss: 0.00726299 
test_loss: 0.00727654 
train_loss: 0.00720697 
test_loss: 0.00725324 
train_loss: 0.00725101 
test_loss: 0.00731162 
train_loss: 0.00722463 
test_loss: 0.00737494 
train_loss: 0.00713684 
test_loss: 0.00719736 
train_loss: 0.00708704 
test_loss: 0.00725399 
train_loss: 0.00717036 
test_loss: 0.00724851 
train_loss: 0.00735979 
test_loss: 0.00725879 
train_loss: 0.00711565 
test_loss: 0.00718689 
train_loss: 0.00741667 
test_loss: 0.00719979 
train_loss: 0.00736552 
test_loss: 0.00717998 
train_loss: 0.00699913 
test_loss: 0.00742418 
train_loss: 0.00739622 
test_loss: 0.00724683 
train_loss: 0.0071536 
test_loss: 0.00716919 
train_loss: 0.00714218 
test_loss: 0.00733887 
train_loss: 0.00701714 
test_loss: 0.0072468 
train_loss: 0.00710494 
test_loss: 0.00712623 
train_loss: 0.00730506 
test_loss: 0.00732109 
train_loss: 0.00710237 
test_loss: 0.00723149 
train_loss: 0.00727323 
test_loss: 0.0072267 
train_loss: 0.00723985 
test_loss: 0.0072547 
train_loss: 0.00718606 
test_loss: 0.00729151 
train_loss: 0.00702064 
test_loss: 0.00707453 
train_loss: 0.00713223 
test_loss: 0.00724862 
train_loss: 0.00720401 
test_loss: 0.0072128 
train_loss: 0.00736366 
test_loss: 0.00723458 
train_loss: 0.00694375 
test_loss: 0.00728748 
train_loss: 0.00733606 
test_loss: 0.00731751 
train_loss: 0.00719121 
test_loss: 0.00719775 
train_loss: 0.00722253 
test_loss: 0.00716881 
train_loss: 0.00706106 
test_loss: 0.00719621 
train_loss: 0.00730804 
test_loss: 0.00728692 
train_loss: 0.00706908 
test_loss: 0.00716898 
train_loss: 0.00719543 
test_loss: 0.00720887 
train_loss: 0.0071795 
test_loss: 0.00713966 
train_loss: 0.00738238 
test_loss: 0.00725843 
train_loss: 0.00760732 
test_loss: 0.00730528 
train_loss: 0.00725629 
test_loss: 0.0071991 
train_loss: 0.00729811 
test_loss: 0.0071367 
train_loss: 0.00730819 
test_loss: 0.00729787 
train_loss: 0.00732972 
test_loss: 0.00725234 
train_loss: 0.00731981 
test_loss: 0.00721951 
train_loss: 0.00718707 
test_loss: 0.00717779 
train_loss: 0.00718686 
test_loss: 0.00712596 
train_loss: 0.0073454 
test_loss: 0.00722434 
train_loss: 0.0072169 
test_loss: 0.00732055 
train_loss: 0.00709278 
test_loss: 0.00721707 
train_loss: 0.00706988 
test_loss: 0.00721174 
train_loss: 0.00709281 
test_loss: 0.00725698 
train_loss: 0.00712946 
test_loss: 0.00722038 
train_loss: 0.00717925 
test_loss: 0.00721769 
train_loss: 0.00717392 
test_loss: 0.00716051 
train_loss: 0.00716349 
test_loss: 0.00721538 
train_loss: 0.0073795 
test_loss: 0.00730292 
train_loss: 0.00725672 
test_loss: 0.00716197 
train_loss: 0.0073143 
test_loss: 0.00723582 
train_loss: 0.00713213 
test_loss: 0.00716395 
train_loss: 0.00737514 
test_loss: 0.00729837 
train_loss: 0.00688644 
test_loss: 0.00718041 
train_loss: 0.00716662 
test_loss: 0.00723835 
train_loss: 0.00712678 
test_loss: 0.00713581 
train_loss: 0.00716173 
test_loss: 0.00718044 
train_loss: 0.00707088 
test_loss: 0.00722826 
train_loss: 0.00711276 
test_loss: 0.00721554 
train_loss: 0.00716191 
test_loss: 0.00714264 
train_loss: 0.00722777 
test_loss: 0.00716189 
train_loss: 0.00715789 
test_loss: 0.00711056 
train_loss: 0.00743351 
test_loss: 0.0071493 
train_loss: 0.0073207 
test_loss: 0.00723709 
train_loss: 0.00740679 
test_loss: 0.00721787 
train_loss: 0.00725005 
test_loss: 0.00711849 
train_loss: 0.00711956 
test_loss: 0.007218 
train_loss: 0.00696364 
test_loss: 0.00723839 
train_loss: 0.00723487 
test_loss: 0.00711299 
train_loss: 0.00734368 
test_loss: 0.00715369 
train_loss: 0.00706216 
test_loss: 0.00716254 
train_loss: 0.00719511 
test_loss: 0.00717978 
train_loss: 0.00702654 
test_loss: 0.00714059 
train_loss: 0.00696883 
test_loss: 0.00714836 
train_loss: 0.00720422 
test_loss: 0.00711521 
train_loss: 0.00702149 
test_loss: 0.00713257 
train_loss: 0.00710961 
test_loss: 0.00721267 
train_loss: 0.00729632 
test_loss: 0.00711966 
train_loss: 0.00722586 
test_loss: 0.00717857 
train_loss: 0.00707989 
test_loss: 0.00715726 
train_loss: 0.00713168 
test_loss: 0.00714561 
train_loss: 0.00692046 
test_loss: 0.00717624 
train_loss: 0.0071315 
test_loss: 0.00725701 
train_loss: 0.00694239 
test_loss: 0.00716828 
train_loss: 0.00725114 
test_loss: 0.00718943 
train_loss: 0.00720005 
test_loss: 0.00715111 
train_loss: 0.00723171 
test_loss: 0.00715277 
train_loss: 0.00720207 
test_loss: 0.00717383 
train_loss: 0.00712757 
test_loss: 0.00713673 
train_loss: 0.00712807 
test_loss: 0.00719242 
train_loss: 0.0070428 
test_loss: 0.00713231 
train_loss: 0.00701281 
test_loss: 0.00713523 
train_loss: 0.00696371 
test_loss: 0.00713865 
train_loss: 0.00712741 
test_loss: 0.00709832 
train_loss: 0.00713076 
test_loss: 0.00714356 
train_loss: 0.0069174 
test_loss: 0.00714167 
train_loss: 0.00735366 
test_loss: 0.00722445 
train_loss: 0.00728603 
test_loss: 0.00719207 
train_loss: 0.00722965 
test_loss: 0.00716087 
train_loss: 0.00709696 
test_loss: 0.00712109 
train_loss: 0.00743851 
test_loss: 0.00720917 
train_loss: 0.00723563 
test_loss: 0.00704554 
train_loss: 0.00723614 
test_loss: 0.00719945 
train_loss: 0.00743108 
test_loss: 0.00715148 
train_loss: 0.00716796 
test_loss: 0.00712696 
train_loss: 0.00703476 
test_loss: 0.00715118 
train_loss: 0.00695914 
test_loss: 0.00719393 
train_loss: 0.0071438 
test_loss: 0.00710029 
train_loss: 0.00710794 
test_loss: 0.00702067 
train_loss: 0.00717804 
test_loss: 0.00707899 
train_loss: 0.00704699 
test_loss: 0.00722078 
train_loss: 0.00725649 
test_loss: 0.00712202 
train_loss: 0.00726858 
test_loss: 0.00710429 
train_loss: 0.00697966 
test_loss: 0.00710634 
train_loss: 0.00704177 
test_loss: 0.00717278 
train_loss: 0.0070215 
test_loss: 0.00716788 
train_loss: 0.00703576 
test_loss: 0.00712165 
train_loss: 0.00691578 
test_loss: 0.00720521 
train_loss: 0.00734191 
test_loss: 0.00711405 
train_loss: 0.00688212 
test_loss: 0.00707425 
train_loss: 0.00714189 
test_loss: 0.0070518 
train_loss: 0.00725073 
test_loss: 0.00715896 
train_loss: 0.00702638 
test_loss: 0.0071106 
train_loss: 0.00707737 
test_loss: 0.00703744 
train_loss: 0.00728881 
test_loss: 0.00705436 
train_loss: 0.00712329 
test_loss: 0.00712871 
train_loss: 0.00715684 
test_loss: 0.00719258 
train_loss: 0.00727573 
test_loss: 0.00720974 
train_loss: 0.0070827 
test_loss: 0.00711815 
train_loss: 0.00710659 
test_loss: 0.00715021 
train_loss: 0.00685587 
test_loss: 0.00713086 
train_loss: 0.00718912 
test_loss: 0.00713921 
train_loss: 0.00703747 
test_loss: 0.00708594 
train_loss: 0.00720179 
test_loss: 0.00718236 
train_loss: 0.00699074 
test_loss: 0.007058 
train_loss: 0.00704057 
test_loss: 0.00708548 
train_loss: 0.00716424 
test_loss: 0.00702463 
train_loss: 0.00697631 
test_loss: 0.00704067 
train_loss: 0.0068775 
test_loss: 0.00706112 
train_loss: 0.00706746 
test_loss: 0.00706198 
train_loss: 0.00687061 
test_loss: 0.00712388 
train_loss: 0.00715728 
test_loss: 0.00705295 
train_loss: 0.00713815 
test_loss: 0.00728004 
train_loss: 0.0070634 
test_loss: 0.00715145 
train_loss: 0.00718711 
test_loss: 0.00702819 
train_loss: 0.00696067 
test_loss: 0.00701097 
train_loss: 0.0070842 
test_loss: 0.00712255 
train_loss: 0.00724917 
test_loss: 0.00710274 
train_loss: 0.00695579 
test_loss: 0.00714894 
train_loss: 0.00707612 
test_loss: 0.00706244 
train_loss: 0.00704157 
test_loss: 0.00709706 
train_loss: 0.00715018 
test_loss: 0.00715576 
train_loss: 0.00723377 
test_loss: 0.00710002 
train_loss: 0.00704244 
test_loss: 0.0070301 
train_loss: 0.00693997 
test_loss: 0.00704005 
train_loss: 0.00720878 
test_loss: 0.0070633 
train_loss: 0.00697224 
test_loss: 0.00700479 
train_loss: 0.00716774 
test_loss: 0.00712618 
train_loss: 0.0071398 
test_loss: 0.00718395 
train_loss: 0.00704445 
test_loss: 0.00705133 
train_loss: 0.00723204 
test_loss: 0.00708874 
train_loss: 0.00706267 
test_loss: 0.00700075 
train_loss: 0.0071329 
test_loss: 0.00717484 
train_loss: 0.00698623 
test_loss: 0.00715876 
train_loss: 0.00721692 
test_loss: 0.00706905 
train_loss: 0.0069981 
test_loss: 0.00709401 
train_loss: 0.00708249 
test_loss: 0.00701039 
train_loss: 0.00699723 
test_loss: 0.00715224 
train_loss: 0.00702388 
test_loss: 0.00704824 
train_loss: 0.00710491 
test_loss: 0.00702484 
train_loss: 0.00709943 
test_loss: 0.00701142 
train_loss: 0.00701272 
test_loss: 0.00707978 
train_loss: 0.00708133 
test_loss: 0.00703615 
train_loss: 0.00721784 
test_loss: 0.00707739 
train_loss: 0.00693748 
test_loss: 0.00698431 
train_loss: 0.00706796 
test_loss: 0.00704757 
train_loss: 0.00705746 
test_loss: 0.00710374 
train_loss: 0.00713753 
test_loss: 0.00707476 
train_loss: 0.007107 
test_loss: 0.00716759 
train_loss: 0.007106 
test_loss: 0.00705286 
train_loss: 0.00713691 
test_loss: 0.00706111 
train_loss: 0.00706968 
test_loss: 0.00705378 
train_loss: 0.00690101 
test_loss: 0.00700799 
train_loss: 0.00693108 
test_loss: 0.00708817 
train_loss: 0.00704265 
test_loss: 0.00711822 
train_loss: 0.00712777 
test_loss: 0.00706896 
train_loss: 0.00720698 
test_loss: 0.00710901 
train_loss: 0.00702702 
test_loss: 0.00698686 
train_loss: 0.00706735 
test_loss: 0.00698596 
train_loss: 0.00689911 
test_loss: 0.00707261 
train_loss: 0.00722389 
test_loss: 0.00706108 
train_loss: 0.00700793 
test_loss: 0.0070249 
train_loss: 0.00679796 
test_loss: 0.00693917 
train_loss: 0.00702814 
test_loss: 0.00703879 
train_loss: 0.00697302 
test_loss: 0.00705187 
train_loss: 0.00726948 
test_loss: 0.00701764 
train_loss: 0.00700609 
test_loss: 0.00717886 
train_loss: 0.00695486 
test_loss: 0.00709135 
train_loss: 0.00705511 
test_loss: 0.00709453 
train_loss: 0.0070075 
test_loss: 0.00702661 
train_loss: 0.00711863 
test_loss: 0.00717052 
train_loss: 0.00697949 
test_loss: 0.00700301 
train_loss: 0.00694341 
test_loss: 0.00699656 
train_loss: 0.00681376 
test_loss: 0.00707007 
train_loss: 0.00709482 
test_loss: 0.00708788 
train_loss: 0.00706748 
test_loss: 0.00699576 
train_loss: 0.0068735 
test_loss: 0.00702964 
train_loss: 0.00721871 
test_loss: 0.00706358 
train_loss: 0.00709513 
test_loss: 0.00700874 
train_loss: 0.00715731 
test_loss: 0.00708937 
train_loss: 0.00707496 
test_loss: 0.00704531 
train_loss: 0.0070677 
test_loss: 0.00696248 
train_loss: 0.00722022 
test_loss: 0.0070545 
train_loss: 0.00708186 
test_loss: 0.0069896 
train_loss: 0.00698817 
test_loss: 0.0071814 
train_loss: 0.0070067 
test_loss: 0.0070871 
train_loss: 0.00698272 
test_loss: 0.0069822 
train_loss: 0.00693109 
test_loss: 0.00706601 
train_loss: 0.00704184 
test_loss: 0.00698683 
train_loss: 0.00709949 
test_loss: 0.00702285 
train_loss: 0.007092 
test_loss: 0.00710239 
train_loss: 0.00706556 
test_loss: 0.00706723 
train_loss: 0.00694857 
test_loss: 0.00702499 
train_loss: 0.00702907 
test_loss: 0.00701667 
train_loss: 0.00702547 
test_loss: 0.00706396 
train_loss: 0.00695227 
test_loss: 0.00702058 
train_loss: 0.00689274 
test_loss: 0.00699956 
train_loss: 0.00668959 
test_loss: 0.00700595 
train_loss: 0.00710314 
test_loss: 0.00708418 
train_loss: 0.00702951 
test_loss: 0.0070577 
train_loss: 0.0070135 
test_loss: 0.00699383 
train_loss: 0.00695539 
test_loss: 0.00699715 
train_loss: 0.00684334 
test_loss: 0.007059 
train_loss: 0.00708145 
test_loss: 0.00699066 
train_loss: 0.00712184 
test_loss: 0.00712044 
train_loss: 0.0070768 
test_loss: 0.00704722 
train_loss: 0.00694276 
test_loss: 0.00712286 
train_loss: 0.00717564 
test_loss: 0.00713709 
train_loss: 0.00714147 
test_loss: 0.00701631 
train_loss: 0.00692248 
test_loss: 0.00698285 
train_loss: 0.00698013 
test_loss: 0.00699195 
train_loss: 0.00691885 
test_loss: 0.00695405 
train_loss: 0.00695223 
test_loss: 0.0070023 
train_loss: 0.00700583 
test_loss: 0.00706811 
train_loss: 0.00711152 
test_loss: 0.00706554 
train_loss: 0.00688943 
test_loss: 0.00698332 
train_loss: 0.00694487 
test_loss: 0.00701626 
train_loss: 0.00695357 
test_loss: 0.00702738 
train_loss: 0.00709231 
test_loss: 0.0070707 
train_loss: 0.00704065 
test_loss: 0.00694186 
train_loss: 0.00705828 
test_loss: 0.006971 
train_loss: 0.00715803 
test_loss: 0.00711987 
train_loss: 0.00685755 
test_loss: 0.00707962 
train_loss: 0.00697048 
test_loss: 0.00699959 
train_loss: 0.00692149 
test_loss: 0.00702986 
train_loss: 0.00715097 
test_loss: 0.00702404 
train_loss: 0.00684069 
test_loss: 0.00695545 
train_loss: 0.00700158 
test_loss: 0.00702824 
train_loss: 0.00686919 
test_loss: 0.00699668 
train_loss: 0.00686883 
test_loss: 0.00704012 
train_loss: 0.00708872 
test_loss: 0.00715485 
train_loss: 0.00703082 
test_loss: 0.00700048 
train_loss: 0.00714053 
test_loss: 0.00693716 
train_loss: 0.00696553 
test_loss: 0.00700481 
