train_loss: 353.473 
test_loss: 522.241 
train_loss: 215.753 
test_loss: 440.254 
train_loss: 439.042 
test_loss: 484.636 
train_loss: 485.728 
test_loss: 516.912 
train_loss: 272.438 
test_loss: 513.374 
train_loss: 629.921 
test_loss: 528.038 
train_loss: 573.106 
test_loss: 490.049 
train_loss: 566.765 
test_loss: 513.574 
train_loss: 339.319 
test_loss: 497.921 
train_loss: 812.935 
test_loss: 512.943 
train_loss: 308.185 
test_loss: 476.613 
train_loss: 406.02 
test_loss: 540.474 
train_loss: 855.238 
test_loss: 535.776 
train_loss: 921.348 
test_loss: 520.341 
train_loss: 355.28 
test_loss: 527.531 
train_loss: 287.676 
test_loss: 466.65 
train_loss: 471.315 
test_loss: 510.774 
train_loss: 577.054 
test_loss: 488.675 
train_loss: 806.724 
test_loss: 486.086 
train_loss: 373.831 
test_loss: 492.242 
train_loss: 753.309 
test_loss: 504.177 
train_loss: 287.406 
test_loss: 491.023 
train_loss: 329.202 
test_loss: 500.205 
train_loss: 299.757 
test_loss: 475.484 
train_loss: 667.507 
test_loss: 493.493 
train_loss: 215.188 
test_loss: 519.545 
train_loss: 587.117 
test_loss: 530.781 
train_loss: 593.39 
test_loss: 503.099 
train_loss: 587.613 
test_loss: 517.896 
train_loss: 376.828 
test_loss: 489.681 
train_loss: 463.374 
test_loss: 512.978 
train_loss: 721.707 
test_loss: 564.887 
train_loss: 771.859 
test_loss: 485.435 
train_loss: 1205.83 
test_loss: 502.067 
train_loss: 431.899 
test_loss: 505.168 
train_loss: 935.87 
test_loss: 527.662 
train_loss: 280.901 
test_loss: 558.998 
train_loss: 481.793 
test_loss: 492.624 
train_loss: 475.437 
test_loss: 462.864 
train_loss: 754.282 
test_loss: 546.478 
train_loss: 768.278 
test_loss: 543.873 
train_loss: 239.855 
test_loss: 538.074 
train_loss: 300.068 
test_loss: 541.877 
train_loss: 895.921 
test_loss: 542.12 
train_loss: 625.216 
test_loss: 485.014 
train_loss: 450.014 
test_loss: 521.233 
train_loss: 280.427 
test_loss: 604.244 
train_loss: 0.98503 
test_loss: 1.26979 
train_loss: 1.31587 
test_loss: 1.27536 
train_loss: 1.24765 
test_loss: 1.25591 
train_loss: 1.51896 
test_loss: 1.26458 
train_loss: 1.14878 
test_loss: 1.26733 
train_loss: 1.13362 
test_loss: 1.26593 
train_loss: 1.25055 
test_loss: 1.26635 
train_loss: 1.18007 
test_loss: 1.26955 
train_loss: 1.10636 
test_loss: 1.28127 
train_loss: 1.85382 
test_loss: 1.28669 
train_loss: 1.56703 
test_loss: 1.27087 
train_loss: 1.55864 
test_loss: 1.24071 
train_loss: 1.91808 
test_loss: 1.26647 
train_loss: 1.06813 
test_loss: 1.26506 
train_loss: 1.05372 
test_loss: 1.26654 
train_loss: 1.15576 
test_loss: 1.26307 
train_loss: 1.119 
test_loss: 1.26359 
train_loss: 1.58083 
test_loss: 1.28028 
train_loss: 1.4167 
test_loss: 1.26498 
train_loss: 1.14903 
test_loss: 1.27015 
train_loss: 1.20964 
test_loss: 1.27031 
train_loss: 1.37771 
test_loss: 1.26485 
train_loss: 1.07341 
test_loss: 1.27798 
train_loss: 1.44264 
test_loss: 1.26689 
train_loss: 1.12001 
test_loss: 1.27296 
train_loss: 0.971144 
test_loss: 1.2678 
train_loss: 1.16757 
test_loss: 1.26783 
train_loss: 1.49867 
test_loss: 1.27477 
train_loss: 1.35338 
test_loss: 1.25834 
train_loss: 0.958703 
test_loss: 1.27475 
train_loss: 1.2352 
test_loss: 1.25049 
train_loss: 1.0918 
test_loss: 1.25832 
train_loss: 1.57055 
test_loss: 1.264 
train_loss: 1.24517 
test_loss: 1.2561 
train_loss: 1.82256 
test_loss: 1.26855 
train_loss: 1.04027 
test_loss: 1.25518 
train_loss: 1.08165 
test_loss: 1.245 
train_loss: 1.40041 
test_loss: 1.25029 
train_loss: 1.33724 
test_loss: 1.26502 
train_loss: 1.19778 
test_loss: 1.25512 
train_loss: 1.39062 
test_loss: 1.26895 
train_loss: 1.67222 
test_loss: 1.25387 
train_loss: 1.07247 
test_loss: 1.25325 
train_loss: 1.07868 
test_loss: 1.23718 
train_loss: 1.14377 
test_loss: 1.25665 
train_loss: 1.23684 
test_loss: 1.2596 
train_loss: 1.0494 
test_loss: 1.25578 
train_loss: 1.90221 
test_loss: 1.25167 
train_loss: 1.42895 
test_loss: 1.25106 
train_loss: 1.22206 
test_loss: 1.24977 
train_loss: 0.995957 
test_loss: 1.25921 
train_loss: 1.25546 
test_loss: 1.25457 
train_loss: 1.13322 
test_loss: 1.26282 
train_loss: 1.33994 
test_loss: 1.24943 
train_loss: 1.46413 
test_loss: 1.25036 
train_loss: 1.24031 
test_loss: 1.256 
train_loss: 1.01594 
test_loss: 1.25901 
train_loss: 1.08273 
test_loss: 1.25623 
train_loss: 1.32614 
test_loss: 1.25745 
train_loss: 1.56423 
test_loss: 1.25878 
train_loss: 1.1248 
test_loss: 1.25341 
train_loss: 1.23591 
test_loss: 1.23174 
train_loss: 0.953096 
test_loss: 1.254 
train_loss: 1.13306 
test_loss: 1.23888 
train_loss: 1.81938 
test_loss: 1.24646 
train_loss: 1.44807 
test_loss: 1.24633 
train_loss: 1.62837 
test_loss: 1.24231 
train_loss: 1.10614 
test_loss: 1.23339 
train_loss: 1.22282 
test_loss: 1.22929 
train_loss: 1.07447 
test_loss: 1.24825 
train_loss: 0.983442 
test_loss: 1.23746 
train_loss: 1.10873 
test_loss: 1.22243 
train_loss: 1.48729 
test_loss: 1.23528 
train_loss: 1.2463 
test_loss: 1.23652 
train_loss: 1.52412 
test_loss: 1.22905 
train_loss: 1.08035 
test_loss: 1.23022 
train_loss: 1.09176 
test_loss: 1.2207 
train_loss: 1.09771 
test_loss: 1.22363 
train_loss: 2.04374 
test_loss: 1.21802 
train_loss: 1.20293 
test_loss: 1.22469 
train_loss: 1.21267 
test_loss: 1.21607 
train_loss: 1.42762 
test_loss: 1.22021 
train_loss: 0.934072 
test_loss: 1.21781 
train_loss: 1.4058 
test_loss: 1.20919 
train_loss: 1.13276 
test_loss: 1.21336 
train_loss: 1.21147 
test_loss: 1.20454 
train_loss: 1.3882 
test_loss: 1.21466 
train_loss: 1.46424 
test_loss: 1.20117 
train_loss: 1.14937 
test_loss: 1.20351 
train_loss: 1.65205 
test_loss: 1.1996 
train_loss: 1.57046 
test_loss: 1.18483 
train_loss: 1.14983 
test_loss: 1.18866 
train_loss: 1.04749 
test_loss: 1.18255 
train_loss: 1.18696 
test_loss: 1.18418 
train_loss: 1.16449 
test_loss: 1.18228 
train_loss: 0.984914 
test_loss: 1.16151 
train_loss: 1.16765 
test_loss: 1.17969 
train_loss: 1.18655 
test_loss: 1.16046 
train_loss: 0.968871 
test_loss: 1.16296 
train_loss: 1.13852 
test_loss: 1.15163 
train_loss: 0.987735 
test_loss: 1.1513 
train_loss: 1.06745 
test_loss: 1.15353 
train_loss: 1.22746 
test_loss: 1.1465 
train_loss: 1.00725 
test_loss: 1.13174 
train_loss: 1.17013 
test_loss: 1.13359 
train_loss: 0.993314 
test_loss: 1.13372 
train_loss: 1.10542 
test_loss: 1.12136 
train_loss: 1.56994 
test_loss: 1.1208 
train_loss: 0.985201 
test_loss: 1.11036 
train_loss: 1.16624 
test_loss: 1.10827 
train_loss: 1.10938 
test_loss: 1.09935 
train_loss: 1.18872 
test_loss: 1.10038 
train_loss: 0.981753 
test_loss: 1.09027 
train_loss: 0.934336 
test_loss: 1.08454 
train_loss: 1.0407 
test_loss: 1.07435 
train_loss: 0.927692 
test_loss: 1.07782 
train_loss: 0.992187 
test_loss: 1.06999 
train_loss: 1.05264 
test_loss: 1.06009 
train_loss: 1.02269 
test_loss: 1.05854 
train_loss: 1.45359 
test_loss: 1.05536 
train_loss: 1.04599 
test_loss: 1.04461 
train_loss: 0.927259 
test_loss: 1.03444 
train_loss: 1.10849 
test_loss: 1.0337 
train_loss: 1.16766 
test_loss: 1.02659 
train_loss: 0.94009 
test_loss: 1.02229 
train_loss: 1.04172 
test_loss: 1.01646 
train_loss: 0.959826 
test_loss: 1.00454 
train_loss: 1.26094 
test_loss: 1.00929 
train_loss: 0.946885 
test_loss: 0.999721 
train_loss: 0.911666 
test_loss: 1.00318 
train_loss: 1.01727 
test_loss: 0.993722 
train_loss: 1.15851 
test_loss: 0.986911 
train_loss: 0.918371 
test_loss: 0.981274 
train_loss: 1.10696 
test_loss: 0.977833 
train_loss: 1.07495 
test_loss: 0.972283 
train_loss: 1.12684 
test_loss: 0.973242 
train_loss: 1.12891 
test_loss: 0.968444 
train_loss: 1.05667 
test_loss: 0.96151 
train_loss: 0.924195 
test_loss: 0.959261 
train_loss: 0.939661 
test_loss: 0.950689 
train_loss: 0.945242 
test_loss: 0.944677 
train_loss: 0.952772 
test_loss: 0.942956 
train_loss: 1.07109 
test_loss: 0.938072 
train_loss: 0.917786 
test_loss: 0.935331 
train_loss: 0.881492 
test_loss: 0.925427 
train_loss: 0.879954 
test_loss: 0.923065 
train_loss: 0.976287 
test_loss: 0.922846 
train_loss: 0.930562 
test_loss: 0.913663 
train_loss: 0.877624 
test_loss: 0.908663 
train_loss: 0.949111 
test_loss: 0.902281 
train_loss: 0.936667 
test_loss: 0.902178 
train_loss: 0.843806 
test_loss: 0.895753 
train_loss: 0.841902 
test_loss: 0.887723 
train_loss: 0.857289 
test_loss: 0.887757 
train_loss: 0.964254 
test_loss: 0.879128 
train_loss: 0.97581 
test_loss: 0.876067 
train_loss: 0.857884 
test_loss: 0.869852 
train_loss: 0.859837 
test_loss: 0.863848 
train_loss: 0.828356 
test_loss: 0.856957 
train_loss: 0.857167 
test_loss: 0.854014 
train_loss: 0.821475 
test_loss: 0.845724 
train_loss: 0.876898 
test_loss: 0.84222 
train_loss: 0.831705 
test_loss: 0.836442 
train_loss: 0.851663 
test_loss: 0.832184 
train_loss: 0.774947 
test_loss: 0.825748 
train_loss: 0.793004 
test_loss: 0.815075 
train_loss: 0.768212 
test_loss: 0.807908 
train_loss: 0.83495 
test_loss: 0.801999 
train_loss: 0.773556 
test_loss: 0.795871 
train_loss: 0.833807 
test_loss: 0.789062 
train_loss: 0.778517 
test_loss: 0.784966 
train_loss: 0.771844 
test_loss: 0.776553 
train_loss: 0.762851 
test_loss: 0.771894 
train_loss: 0.779138 
test_loss: 0.763355 
train_loss: 0.751502 
test_loss: 0.754365 
train_loss: 0.737725 
test_loss: 0.748597 
train_loss: 0.737275 
test_loss: 0.739882 
train_loss: 0.734549 
test_loss: 0.733291 
train_loss: 0.730322 
test_loss: 0.72566 
train_loss: 0.704479 
test_loss: 0.717153 
train_loss: 0.718065 
test_loss: 0.709595 
train_loss: 0.701558 
test_loss: 0.699377 
train_loss: 0.687775 
test_loss: 0.692311 
train_loss: 0.7194 
test_loss: 0.684246 
train_loss: 0.700049 
test_loss: 0.674873 
train_loss: 0.636636 
test_loss: 0.665475 
train_loss: 0.643163 
test_loss: 0.659115 
train_loss: 0.658667 
test_loss: 0.649636 
train_loss: 0.635366 
test_loss: 0.639861 
train_loss: 0.639966 
test_loss: 0.630252 
train_loss: 0.596942 
test_loss: 0.622976 
train_loss: 0.612877 
test_loss: 0.612563 
train_loss: 0.596302 
test_loss: 0.602091 
train_loss: 0.611963 
test_loss: 0.593063 
train_loss: 0.592264 
test_loss: 0.582638 
train_loss: 0.565266 
test_loss: 0.571159 
train_loss: 0.571094 
test_loss: 0.562196 
train_loss: 0.54515 
test_loss: 0.550874 
train_loss: 0.527136 
test_loss: 0.539786 
train_loss: 0.528229 
test_loss: 0.528476 
train_loss: 0.499042 
test_loss: 0.517195 
train_loss: 0.49422 
test_loss: 0.506086 
train_loss: 0.482515 
test_loss: 0.493934 
train_loss: 0.47438 
test_loss: 0.483313 
train_loss: 0.472286 
test_loss: 0.472275 
train_loss: 0.447346 
test_loss: 0.460613 
train_loss: 0.442646 
test_loss: 0.448096 
train_loss: 0.428287 
test_loss: 0.436981 
train_loss: 0.40944 
test_loss: 0.426192 
train_loss: 0.411939 
test_loss: 0.414222 
train_loss: 0.396794 
test_loss: 0.403435 
train_loss: 0.396736 
test_loss: 0.391435 
train_loss: 0.384674 
test_loss: 0.38056 
train_loss: 0.36677 
test_loss: 0.370121 
train_loss: 0.354724 
test_loss: 0.358827 
train_loss: 0.346841 
test_loss: 0.348078 
train_loss: 0.338656 
test_loss: 0.33759 
train_loss: 0.331056 
test_loss: 0.327523 
train_loss: 0.318635 
test_loss: 0.317622 
train_loss: 0.30894 
test_loss: 0.308141 
train_loss: 0.291681 
test_loss: 0.299445 
train_loss: 0.287815 
test_loss: 0.291265 
train_loss: 0.28826 
test_loss: 0.283751 
train_loss: 0.276685 
test_loss: 0.277382 
train_loss: 0.278337 
test_loss: 0.270829 
train_loss: 0.25806 
test_loss: 0.264334 
train_loss: 0.256766 
test_loss: 0.25795 
train_loss: 0.251289 
test_loss: 0.25198 
train_loss: 0.245871 
test_loss: 0.245459 
train_loss: 0.242325 
test_loss: 0.239027 
train_loss: 0.228586 
test_loss: 0.232509 
train_loss: 0.222566 
test_loss: 0.226075 
train_loss: 0.220525 
test_loss: 0.218956 
train_loss: 0.21742 
test_loss: 0.212371 
train_loss: 0.20862 
test_loss: 0.205197 
train_loss: 0.199696 
test_loss: 0.197713 
train_loss: 0.194244 
test_loss: 0.189675 
train_loss: 0.180378 
test_loss: 0.181986 
train_loss: 0.174081 
test_loss: 0.173529 
train_loss: 0.162753 
test_loss: 0.164985 
train_loss: 0.157617 
test_loss: 0.155893 
train_loss: 0.147172 
test_loss: 0.146403 
train_loss: 0.130224 
test_loss: 0.1365 
train_loss: 0.126375 
test_loss: 0.127246 
train_loss: 0.119928 
test_loss: 0.118341 
train_loss: 0.111795 
test_loss: 0.111804 
train_loss: 0.102391 
test_loss: 0.106891 
train_loss: 0.104713 
test_loss: 0.10339 
train_loss: 0.106894 
test_loss: 0.100916 
train_loss: 0.0977589 
test_loss: 0.0989423 
train_loss: 0.0962469 
test_loss: 0.0974276 
train_loss: 0.0941442 
test_loss: 0.0960681 
train_loss: 0.0974285 
test_loss: 0.0952961 
train_loss: 0.0936832 
test_loss: 0.094464 
train_loss: 0.095501 
test_loss: 0.0939628 
train_loss: 0.0956222 
test_loss: 0.0930596 
train_loss: 0.0924028 
test_loss: 0.0929086 
train_loss: 0.0953048 
test_loss: 0.0920587 
train_loss: 0.0921375 
test_loss: 0.0914913 
train_loss: 0.0870824 
test_loss: 0.0915542 
train_loss: 0.0868154 
test_loss: 0.0909211 
train_loss: 0.0933809 
test_loss: 0.0906786 
train_loss: 0.0885915 
test_loss: 0.0901565 
train_loss: 0.092136 
test_loss: 0.0902283 
train_loss: 0.0933231 
test_loss: 0.0897604 
train_loss: 0.0902613 
test_loss: 0.0895041 
train_loss: 0.0876832 
test_loss: 0.0893038 
train_loss: 0.0908839 
test_loss: 0.0890562 
train_loss: 0.0856532 
test_loss: 0.0888214 
train_loss: 0.0852913 
test_loss: 0.0883429 
train_loss: 0.0851873 
test_loss: 0.0882091 
train_loss: 0.0896454 
test_loss: 0.0882506 
train_loss: 0.0886373 
test_loss: 0.0877708 
train_loss: 0.0842898 
test_loss: 0.0870215 
train_loss: 0.0886955 
test_loss: 0.0871428 
train_loss: 0.0911964 
test_loss: 0.0865062 
train_loss: 0.080729 
test_loss: 0.0868249 
train_loss: 0.0874086 
test_loss: 0.0856949 
train_loss: 0.0855859 
test_loss: 0.0854496 
train_loss: 0.0862744 
test_loss: 0.085273 
train_loss: 0.0843429 
test_loss: 0.0846147 
train_loss: 0.0804088 
test_loss: 0.0842812 
train_loss: 0.0829429 
test_loss: 0.0837525 
train_loss: 0.0828976 
test_loss: 0.0829021 
train_loss: 0.082744 
test_loss: 0.0835276 
train_loss: 0.0798776 
test_loss: 0.081738 
train_loss: 0.0776229 
test_loss: 0.081328 
train_loss: 0.0822293 
test_loss: 0.0809 
train_loss: 0.0830916 
test_loss: 0.0795407 
train_loss: 0.0761994 
test_loss: 0.0791128 
train_loss: 0.077402 
test_loss: 0.0777597 
train_loss: 0.0781079 
test_loss: 0.0773064 
train_loss: 0.0753172 
test_loss: 0.0753242 
train_loss: 0.072349 
test_loss: 0.0736118 
train_loss: 0.071192 
test_loss: 0.0727559 
train_loss: 0.0722951 
test_loss: 0.0723475 
train_loss: 0.0662936 
test_loss: 0.0688901 
train_loss: 0.0681938 
test_loss: 0.0670169 
train_loss: 0.0620233 
test_loss: 0.0641814 
train_loss: 0.0629535 
test_loss: 0.0619165 
train_loss: 0.0588316 
test_loss: 0.0585616 
train_loss: 0.0556061 
test_loss: 0.0548773 
train_loss: 0.0495511 
test_loss: 0.049907 
train_loss: 0.0475671 
test_loss: 0.0466904 
train_loss: 0.0438129 
test_loss: 0.0442261 
train_loss: 0.0427806 
test_loss: 0.0415059 
train_loss: 0.0367359 
test_loss: 0.0373239 
train_loss: 0.0333704 
test_loss: 0.0335474 
train_loss: 0.0303595 
test_loss: 0.0320227 
train_loss: 0.0313269 
test_loss: 0.030305 
train_loss: 0.0295229 
test_loss: 0.0301496 
train_loss: 0.0285611 
test_loss: 0.0282157 
train_loss: 0.0287985 
test_loss: 0.028357 
train_loss: 0.0280487 
test_loss: 0.0270902 
train_loss: 0.0276261 
test_loss: 0.0268905 
train_loss: 0.024412 
test_loss: 0.0258627 
train_loss: 0.0256605 
test_loss: 0.0254299 
train_loss: 0.0244258 
test_loss: 0.0249857 
train_loss: 0.0242248 
test_loss: 0.0245257 
train_loss: 0.0247385 
test_loss: 0.025625 
train_loss: 0.0252394 
test_loss: 0.0259849 
train_loss: 0.0232271 
test_loss: 0.0247165 
train_loss: 0.0247588 
test_loss: 0.0250977 
