train_loss: 804.476 
test_loss: 531.221 
train_loss: 6.108 
test_loss: 81.831 
train_loss: 12.4521 
test_loss: 46.1539 
train_loss: 5.7701 
test_loss: 41.4746 
train_loss: 21.6817 
test_loss: 104.305 
train_loss: 6.50243 
test_loss: 143.336 
train_loss: 9.44155 
test_loss: 121.074 
train_loss: 3102.51 
test_loss: 1233.3 
train_loss: 4.12062 
test_loss: 4.63452 
train_loss: 6.11431 
test_loss: 4.54568 
train_loss: 3.57028 
test_loss: 4.56032 
train_loss: 4.64766 
test_loss: 4.64986 
train_loss: 4.38053 
test_loss: 4.66103 
train_loss: 5.99513 
test_loss: 4.57899 
train_loss: 4.10334 
test_loss: 4.6146 
train_loss: 3.25337 
test_loss: 4.5997 
train_loss: 8.71025 
test_loss: 4.61119 
train_loss: 4.17889 
test_loss: 4.52343 
train_loss: 5.39121 
test_loss: 4.63766 
train_loss: 4.8721 
test_loss: 4.57877 
train_loss: 4.72847 
test_loss: 4.61993 
train_loss: 4.14287 
test_loss: 4.61055 
train_loss: 4.49391 
test_loss: 4.58623 
train_loss: 4.37265 
test_loss: 4.50944 
train_loss: 4.20617 
test_loss: 4.5778 
train_loss: 5.4188 
test_loss: 4.65349 
train_loss: 7.30672 
test_loss: 4.55862 
train_loss: 7.1818 
test_loss: 4.54029 
train_loss: 5.14397 
test_loss: 4.52258 
train_loss: 4.10156 
test_loss: 4.55388 
train_loss: 5.31054 
test_loss: 4.58959 
train_loss: 4.13177 
test_loss: 4.61426 
train_loss: 3.5212 
test_loss: 4.61768 
train_loss: 6.24481 
test_loss: 4.63783 
train_loss: 4.0507 
test_loss: 4.5892 
train_loss: 4.19637 
test_loss: 4.60224 
train_loss: 3.4739 
test_loss: 4.60119 
train_loss: 4.30368 
test_loss: 4.58985 
train_loss: 3.48333 
test_loss: 4.56926 
train_loss: 4.50475 
test_loss: 4.53138 
train_loss: 4.69552 
test_loss: 4.56862 
train_loss: 5.00635 
test_loss: 4.61342 
train_loss: 6.93298 
test_loss: 4.68189 
train_loss: 5.5665 
test_loss: 4.59976 
train_loss: 3.93999 
test_loss: 4.59597 
train_loss: 3.79178 
test_loss: 4.61152 
train_loss: 4.14322 
test_loss: 4.59587 
train_loss: 3.61149 
test_loss: 4.52793 
train_loss: 4.26474 
test_loss: 4.63421 
train_loss: 4.42727 
test_loss: 4.68376 
train_loss: 4.00065 
test_loss: 4.60244 
train_loss: 4.35619 
test_loss: 4.52382 
train_loss: 3.7698 
test_loss: 4.58789 
train_loss: 2.92661 
test_loss: 4.50257 
train_loss: 4.7179 
test_loss: 4.61497 
train_loss: 4.40323 
test_loss: 4.48017 
train_loss: 4.7981 
test_loss: 4.52218 
train_loss: 6.15882 
test_loss: 4.63315 
train_loss: 4.3936 
test_loss: 4.56268 
train_loss: 5.38311 
test_loss: 4.58425 
train_loss: 4.05882 
test_loss: 4.58397 
train_loss: 4.74432 
test_loss: 4.51893 
train_loss: 5.09867 
test_loss: 4.53646 
train_loss: 3.74972 
test_loss: 4.54699 
train_loss: 6.03597 
test_loss: 4.56799 
train_loss: 3.6567 
test_loss: 4.62561 
train_loss: 4.87196 
test_loss: 4.59222 
train_loss: 4.37011 
test_loss: 4.50107 
train_loss: 3.41633 
test_loss: 4.56772 
train_loss: 3.80452 
test_loss: 4.54593 
train_loss: 4.21539 
test_loss: 4.57259 
train_loss: 4.87689 
test_loss: 4.55028 
train_loss: 3.78971 
test_loss: 4.5425 
train_loss: 3.44336 
test_loss: 4.51015 
train_loss: 4.16995 
test_loss: 4.52562 
train_loss: 4.31035 
test_loss: 4.51125 
train_loss: 4.96158 
test_loss: 4.57118 
train_loss: 3.87254 
test_loss: 4.51496 
train_loss: 4.68032 
test_loss: 4.51041 
train_loss: 3.80709 
test_loss: 4.52766 
train_loss: 4.74948 
test_loss: 4.43438 
train_loss: 3.7151 
test_loss: 4.45939 
train_loss: 4.73984 
test_loss: 4.50673 
train_loss: 5.00447 
test_loss: 4.4522 
train_loss: 3.82702 
test_loss: 4.49156 
train_loss: 4.49905 
test_loss: 4.5098 
train_loss: 5.19784 
test_loss: 4.54146 
train_loss: 3.77429 
test_loss: 4.45596 
train_loss: 5.18972 
test_loss: 4.4893 
train_loss: 3.69486 
test_loss: 4.46183 
train_loss: 3.2678 
test_loss: 4.3943 
train_loss: 4.88076 
test_loss: 4.4148 
train_loss: 3.39835 
test_loss: 4.48855 
train_loss: 4.40444 
test_loss: 4.38873 
train_loss: 4.93176 
test_loss: 4.3822 
train_loss: 3.16144 
test_loss: 4.34876 
train_loss: 3.45307 
test_loss: 4.38025 
train_loss: 6.01372 
test_loss: 4.38236 
train_loss: 4.42638 
test_loss: 4.27733 
train_loss: 4.62429 
test_loss: 4.2905 
train_loss: 3.91447 
test_loss: 4.29156 
train_loss: 3.28652 
test_loss: 4.28632 
train_loss: 4.57676 
test_loss: 4.29574 
train_loss: 4.07148 
test_loss: 4.29049 
train_loss: 3.48875 
test_loss: 4.32309 
train_loss: 4.59557 
test_loss: 4.25989 
train_loss: 4.88243 
test_loss: 4.24855 
train_loss: 5.07834 
test_loss: 4.29992 
train_loss: 3.77422 
test_loss: 4.25096 
train_loss: 4.22267 
test_loss: 4.23545 
train_loss: 3.51722 
test_loss: 4.20232 
train_loss: 3.75832 
test_loss: 4.06183 
train_loss: 3.90128 
test_loss: 4.22989 
train_loss: 4.51061 
test_loss: 4.0995 
train_loss: 3.67821 
test_loss: 4.10137 
train_loss: 3.84694 
test_loss: 4.08928 
train_loss: 3.84488 
test_loss: 4.06837 
train_loss: 4.98535 
test_loss: 4.01064 
train_loss: 4.82955 
test_loss: 3.97659 
train_loss: 3.32982 
test_loss: 3.99094 
train_loss: 3.26341 
test_loss: 3.94936 
train_loss: 3.64768 
test_loss: 3.99348 
train_loss: 4.42341 
test_loss: 3.87385 
train_loss: 4.08613 
test_loss: 3.9093 
train_loss: 3.48105 
test_loss: 3.89566 
train_loss: 2.98956 
test_loss: 3.87357 
train_loss: 3.3847 
test_loss: 3.81131 
train_loss: 3.31507 
test_loss: 3.80259 
train_loss: 4.17991 
test_loss: 3.70652 
train_loss: 3.93236 
test_loss: 3.7257 
train_loss: 4.04628 
test_loss: 3.71557 
train_loss: 4.18677 
test_loss: 3.6438 
train_loss: 2.88968 
test_loss: 3.62187 
train_loss: 2.65707 
test_loss: 3.62341 
train_loss: 3.77655 
test_loss: 3.58098 
train_loss: 3.69062 
test_loss: 3.55273 
train_loss: 3.28423 
test_loss: 3.47454 
train_loss: 3.51216 
test_loss: 3.4761 
train_loss: 2.87636 
test_loss: 3.41206 
train_loss: 3.72626 
test_loss: 3.40883 
train_loss: 3.24622 
test_loss: 3.37011 
train_loss: 3.20699 
test_loss: 3.34705 
train_loss: 3.19213 
test_loss: 3.28559 
train_loss: 3.49624 
test_loss: 3.23646 
train_loss: 3.07097 
test_loss: 3.23933 
train_loss: 2.88844 
test_loss: 3.16632 
train_loss: 2.95044 
test_loss: 3.14319 
train_loss: 3.06661 
test_loss: 3.0992 
train_loss: 3.16388 
test_loss: 3.08857 
train_loss: 3.08916 
test_loss: 3.04098 
train_loss: 3.33187 
test_loss: 3.00301 
train_loss: 2.26372 
test_loss: 2.97595 
train_loss: 2.41494 
test_loss: 2.95016 
train_loss: 2.80119 
test_loss: 2.87565 
train_loss: 2.87039 
test_loss: 2.84702 
train_loss: 2.77524 
test_loss: 2.80426 
train_loss: 3.03689 
test_loss: 2.79772 
train_loss: 2.3739 
test_loss: 2.74854 
train_loss: 2.55652 
test_loss: 2.70926 
train_loss: 2.58261 
test_loss: 2.69205 
train_loss: 2.29608 
test_loss: 2.61027 
train_loss: 3.14706 
test_loss: 2.60348 
train_loss: 2.81764 
test_loss: 2.56582 
train_loss: 2.06014 
test_loss: 2.54564 
train_loss: 2.31122 
test_loss: 2.48079 
train_loss: 1.93912 
test_loss: 2.46592 
train_loss: 2.72039 
test_loss: 2.43262 
train_loss: 2.22273 
test_loss: 2.39671 
train_loss: 2.03518 
test_loss: 2.35901 
train_loss: 2.15189 
test_loss: 2.34229 
train_loss: 2.12957 
test_loss: 2.29388 
train_loss: 2.21814 
test_loss: 2.25593 
train_loss: 2.48215 
test_loss: 2.25247 
train_loss: 2.25294 
test_loss: 2.1791 
train_loss: 2.44272 
test_loss: 2.15324 
train_loss: 2.10529 
test_loss: 2.14001 
train_loss: 2.03664 
test_loss: 2.11118 
train_loss: 2.05117 
test_loss: 2.07895 
train_loss: 2.17777 
test_loss: 2.02372 
train_loss: 2.04609 
test_loss: 2.00125 
train_loss: 1.98363 
test_loss: 1.96756 
train_loss: 2.0758 
test_loss: 1.93502 
train_loss: 1.80719 
test_loss: 1.90155 
train_loss: 1.83211 
test_loss: 1.86765 
train_loss: 1.67565 
test_loss: 1.84846 
train_loss: 1.89265 
test_loss: 1.81391 
train_loss: 1.77552 
test_loss: 1.77599 
train_loss: 1.70547 
test_loss: 1.74872 
train_loss: 1.59317 
test_loss: 1.71132 
train_loss: 1.74159 
test_loss: 1.68124 
train_loss: 1.64878 
test_loss: 1.66021 
train_loss: 1.44266 
test_loss: 1.61936 
train_loss: 1.55204 
test_loss: 1.58819 
train_loss: 1.53908 
test_loss: 1.5633 
train_loss: 1.40705 
test_loss: 1.53608 
train_loss: 1.58284 
test_loss: 1.50674 
train_loss: 1.48805 
test_loss: 1.47679 
train_loss: 1.38711 
test_loss: 1.45066 
train_loss: 1.52928 
test_loss: 1.4197 
train_loss: 1.49121 
test_loss: 1.39941 
train_loss: 1.3581 
test_loss: 1.37412 
train_loss: 1.29948 
test_loss: 1.33938 
train_loss: 1.34186 
test_loss: 1.31836 
train_loss: 1.26154 
test_loss: 1.29457 
train_loss: 1.28719 
test_loss: 1.27127 
train_loss: 1.16301 
test_loss: 1.2468 
train_loss: 1.14895 
test_loss: 1.21702 
train_loss: 1.15095 
test_loss: 1.19004 
train_loss: 1.17747 
test_loss: 1.16771 
train_loss: 1.07696 
test_loss: 1.14523 
train_loss: 1.05442 
test_loss: 1.11937 
train_loss: 1.0802 
test_loss: 1.09907 
train_loss: 1.06742 
test_loss: 1.07622 
train_loss: 0.990867 
test_loss: 1.05114 
train_loss: 1.00941 
test_loss: 1.03587 
train_loss: 1.02288 
test_loss: 1.01065 
train_loss: 0.96234 
test_loss: 0.991017 
train_loss: 1.02873 
test_loss: 0.969323 
train_loss: 0.975396 
test_loss: 0.94993 
train_loss: 0.889507 
test_loss: 0.927443 
train_loss: 0.88853 
test_loss: 0.906364 
train_loss: 0.899638 
test_loss: 0.887929 
train_loss: 0.860726 
test_loss: 0.867792 
train_loss: 0.824862 
test_loss: 0.848557 
train_loss: 0.817925 
test_loss: 0.831123 
train_loss: 0.803602 
test_loss: 0.811086 
train_loss: 0.768139 
test_loss: 0.7967 
train_loss: 0.770705 
test_loss: 0.777541 
train_loss: 0.758606 
test_loss: 0.761097 
train_loss: 0.746716 
test_loss: 0.744327 
train_loss: 0.710446 
test_loss: 0.727589 
train_loss: 0.728158 
test_loss: 0.712083 
train_loss: 0.704284 
test_loss: 0.69503 
train_loss: 0.65605 
test_loss: 0.679522 
train_loss: 0.692344 
test_loss: 0.664148 
train_loss: 0.666667 
test_loss: 0.648458 
train_loss: 0.624026 
test_loss: 0.633183 
train_loss: 0.626407 
test_loss: 0.618151 
train_loss: 0.577771 
test_loss: 0.603249 
train_loss: 0.602978 
test_loss: 0.588356 
train_loss: 0.571619 
test_loss: 0.572809 
train_loss: 0.56836 
test_loss: 0.558507 
train_loss: 0.562407 
test_loss: 0.543074 
train_loss: 0.527644 
test_loss: 0.529708 
train_loss: 0.513244 
test_loss: 0.514671 
train_loss: 0.527746 
test_loss: 0.50084 
train_loss: 0.483481 
test_loss: 0.487627 
train_loss: 0.470107 
test_loss: 0.472952 
train_loss: 0.471228 
test_loss: 0.458668 
train_loss: 0.4382 
test_loss: 0.444479 
train_loss: 0.445889 
test_loss: 0.4306 
train_loss: 0.415756 
test_loss: 0.41673 
train_loss: 0.405378 
test_loss: 0.40173 
train_loss: 0.389996 
test_loss: 0.388438 
train_loss: 0.367908 
test_loss: 0.374087 
train_loss: 0.3604 
test_loss: 0.360474 
train_loss: 0.333201 
test_loss: 0.347226 
train_loss: 0.333745 
test_loss: 0.333279 
train_loss: 0.310952 
test_loss: 0.320078 
train_loss: 0.308912 
test_loss: 0.30645 
train_loss: 0.290792 
test_loss: 0.294276 
train_loss: 0.276125 
test_loss: 0.282239 
train_loss: 0.273471 
test_loss: 0.270972 
train_loss: 0.263642 
test_loss: 0.261033 
train_loss: 0.25021 
test_loss: 0.251579 
train_loss: 0.239115 
test_loss: 0.242255 
train_loss: 0.226294 
test_loss: 0.232988 
train_loss: 0.22846 
test_loss: 0.223796 
train_loss: 0.219094 
test_loss: 0.214565 
train_loss: 0.206312 
test_loss: 0.20555 
train_loss: 0.197408 
test_loss: 0.196328 
train_loss: 0.187832 
test_loss: 0.187435 
train_loss: 0.180687 
test_loss: 0.178539 
train_loss: 0.167429 
test_loss: 0.169504 
train_loss: 0.16037 
test_loss: 0.161028 
train_loss: 0.154874 
test_loss: 0.152837 
train_loss: 0.148218 
test_loss: 0.145467 
train_loss: 0.139997 
test_loss: 0.138842 
train_loss: 0.133865 
test_loss: 0.133085 
train_loss: 0.130434 
test_loss: 0.128155 
train_loss: 0.124576 
test_loss: 0.123751 
train_loss: 0.120273 
test_loss: 0.119922 
train_loss: 0.119522 
test_loss: 0.116528 
train_loss: 0.116418 
test_loss: 0.113365 
train_loss: 0.111307 
test_loss: 0.110908 
train_loss: 0.114288 
test_loss: 0.108848 
train_loss: 0.10823 
test_loss: 0.106574 
train_loss: 0.102647 
test_loss: 0.104674 
train_loss: 0.101575 
test_loss: 0.102983 
train_loss: 0.0986039 
test_loss: 0.101729 
train_loss: 0.0985224 
test_loss: 0.100413 
train_loss: 0.0968469 
test_loss: 0.098943 
train_loss: 0.095467 
test_loss: 0.0981827 
train_loss: 0.0954844 
test_loss: 0.0971051 
train_loss: 0.0942679 
test_loss: 0.0962594 
train_loss: 0.0941547 
test_loss: 0.0957048 
train_loss: 0.0935471 
test_loss: 0.0949832 
train_loss: 0.0903446 
test_loss: 0.0942379 
train_loss: 0.094096 
test_loss: 0.0934729 
train_loss: 0.092 
test_loss: 0.0927377 
train_loss: 0.0947715 
test_loss: 0.0931862 
train_loss: 0.0904663 
test_loss: 0.0920274 
train_loss: 0.0906211 
test_loss: 0.0915281 
train_loss: 0.0892817 
test_loss: 0.0913547 
train_loss: 0.0964285 
test_loss: 0.0910074 
train_loss: 0.0941189 
test_loss: 0.0905031 
train_loss: 0.086476 
test_loss: 0.0905671 
train_loss: 0.0840044 
test_loss: 0.089887 
train_loss: 0.0901732 
test_loss: 0.0899208 
train_loss: 0.0900894 
test_loss: 0.0892499 
train_loss: 0.0909517 
test_loss: 0.0894601 
train_loss: 0.0914828 
test_loss: 0.088951 
train_loss: 0.0876084 
test_loss: 0.089006 
train_loss: 0.0882386 
test_loss: 0.0886847 
train_loss: 0.0892713 
test_loss: 0.0881961 
train_loss: 0.0832346 
test_loss: 0.0873209 
train_loss: 0.0834409 
test_loss: 0.0873497 
train_loss: 0.087323 
test_loss: 0.0868188 
train_loss: 0.085472 
test_loss: 0.0862934 
train_loss: 0.0879934 
test_loss: 0.0865548 
train_loss: 0.0874608 
test_loss: 0.0862501 
train_loss: 0.0891575 
test_loss: 0.0855771 
train_loss: 0.0851572 
test_loss: 0.0850866 
train_loss: 0.0820962 
test_loss: 0.0849382 
train_loss: 0.0819891 
test_loss: 0.0846741 
train_loss: 0.0902674 
test_loss: 0.0835514 
train_loss: 0.0864479 
test_loss: 0.0836474 
train_loss: 0.080753 
test_loss: 0.0828251 
train_loss: 0.083638 
test_loss: 0.0825009 
train_loss: 0.0806985 
test_loss: 0.0808421 
train_loss: 0.0800092 
test_loss: 0.0809122 
train_loss: 0.0814494 
test_loss: 0.0794802 
train_loss: 0.0750551 
test_loss: 0.0777344 
train_loss: 0.0765376 
test_loss: 0.0765791 
train_loss: 0.0726789 
test_loss: 0.0751999 
train_loss: 0.0743893 
test_loss: 0.0739354 
train_loss: 0.0749376 
test_loss: 0.0734023 
train_loss: 0.0734366 
test_loss: 0.0721956 
train_loss: 0.0685832 
test_loss: 0.069742 
train_loss: 0.068595 
test_loss: 0.0697429 
train_loss: 0.0682716 
test_loss: 0.0667692 
train_loss: 0.0644433 
test_loss: 0.064436 
train_loss: 0.0630841 
test_loss: 0.0638425 
train_loss: 0.0622087 
test_loss: 0.0609625 
train_loss: 0.0585549 
test_loss: 0.0592423 
train_loss: 0.055286 
test_loss: 0.0568088 
train_loss: 0.0536868 
test_loss: 0.053308 
train_loss: 0.0562407 
test_loss: 0.0543285 
train_loss: 0.0499376 
test_loss: 0.0484517 
train_loss: 0.0467075 
test_loss: 0.046405 
train_loss: 0.0444902 
test_loss: 0.0443336 
train_loss: 0.041686 
test_loss: 0.0420687 
train_loss: 0.0428157 
test_loss: 0.0420352 
train_loss: 0.039263 
test_loss: 0.0405524 
train_loss: 0.0371168 
test_loss: 0.0370558 
train_loss: 0.0358491 
test_loss: 0.0363545 
train_loss: 0.036713 
test_loss: 0.0357584 
train_loss: 0.0356952 
test_loss: 0.0366097 
train_loss: 0.0346706 
test_loss: 0.0347571 
train_loss: 0.0366423 
test_loss: 0.0368206 
