train_loss: 2440.1 
test_loss: 852.199 
train_loss: 7.76925 
test_loss: 17.9063 
train_loss: 7.88996 
test_loss: 18.6401 
train_loss: 5.99432 
test_loss: 19.1308 
train_loss: 22.6417 
test_loss: 18.46 
train_loss: 4.74393 
test_loss: 19.0511 
train_loss: 7.07289 
test_loss: 19.0113 
train_loss: 16.2345 
test_loss: 19.258 
train_loss: 6.41075 
test_loss: 19.4933 
train_loss: 14.3854 
test_loss: 19.5676 
train_loss: 13.3252 
test_loss: 19.3426 
train_loss: 15.9221 
test_loss: 18.677 
train_loss: 7.06656 
test_loss: 19.6976 
train_loss: 16.7074 
test_loss: 19.2479 
train_loss: 9.97777 
test_loss: 19.0266 
train_loss: 7.71957 
test_loss: 19.6196 
train_loss: 6.2474 
test_loss: 19.4535 
train_loss: 17.266 
test_loss: 19.8901 
train_loss: 14.1696 
test_loss: 19.9086 
train_loss: 11.7874 
test_loss: 20.7972 
train_loss: 7.87464 
test_loss: 20.2693 
train_loss: 20.0762 
test_loss: 21.3982 
train_loss: 6.2162 
test_loss: 21.3122 
train_loss: 12.7747 
test_loss: 20.4707 
train_loss: 6.91403 
test_loss: 21.8013 
train_loss: 9.92971 
test_loss: 21.5942 
train_loss: 32.7718 
test_loss: 21.7017 
train_loss: 9.90674 
test_loss: 22.3649 
train_loss: 11.1897 
test_loss: 22.9163 
train_loss: 14.9042 
test_loss: 24.4014 
train_loss: 7.04371 
test_loss: 23.35 
train_loss: 5.50456 
test_loss: 28.8235 
train_loss: 6.54121 
test_loss: 26.3789 
train_loss: 4.59963 
test_loss: 27.4782 
train_loss: 5.98899 
test_loss: 30.3262 
train_loss: 7.12219 
test_loss: 32.387 
train_loss: 14.1485 
test_loss: 65.76 
train_loss: 7.86417 
test_loss: 48.7268 
train_loss: 8.53917 
test_loss: 55.9249 
train_loss: 6.48416 
test_loss: 515.086 
train_loss: 4.12544 
test_loss: 369.436 
train_loss: 7.95738 
test_loss: 44.282 
train_loss: 4.25356 
test_loss: 59.3604 
train_loss: 6.07161 
test_loss: 31.5864 
train_loss: 55.5374 
test_loss: 29.8311 
train_loss: 5.36645 
test_loss: 23.7234 
train_loss: 7.16768 
test_loss: 24.0398 
train_loss: 4.29413 
test_loss: 21.5751 
train_loss: 13.2917 
test_loss: 22.3748 
train_loss: 4.41083 
test_loss: 20.0159 
train_loss: 5.73849 
test_loss: 18.3978 
train_loss: 6.13993 
test_loss: 18.647 
train_loss: 19.4101 
test_loss: 19.219 
train_loss: 14.0296 
test_loss: 16.7462 
train_loss: 31.3006 
test_loss: 17.0037 
train_loss: 6.38467 
test_loss: 16.0912 
train_loss: 7.91019 
test_loss: 16.6068 
train_loss: 4.51935 
test_loss: 16.4543 
train_loss: 15.1644 
test_loss: 16.2847 
train_loss: 15.817 
test_loss: 16.3711 
train_loss: 13.5175 
test_loss: 15.4934 
train_loss: 6.59589 
test_loss: 16.1876 
train_loss: 6.5307 
test_loss: 15.9742 
train_loss: 8.22088 
test_loss: 15.5969 
train_loss: 5.97449 
test_loss: 15.4887 
train_loss: 9.74407 
test_loss: 15.2316 
train_loss: 13.544 
test_loss: 15.6396 
train_loss: 18.6144 
test_loss: 15.0359 
train_loss: 15.3827 
test_loss: 14.5516 
train_loss: 4.10869 
test_loss: 13.6814 
train_loss: 10.5343 
test_loss: 13.8357 
train_loss: 6.41014 
test_loss: 15.2564 
train_loss: 7.24022 
test_loss: 14.4402 
train_loss: 42.4638 
test_loss: 14.582 
train_loss: 6.39717 
test_loss: 14.7405 
train_loss: 4.31924 
test_loss: 14.9468 
train_loss: 6.52362 
test_loss: 14.981 
train_loss: 4.5406 
test_loss: 14.5943 
train_loss: 4.11041 
test_loss: 15.5599 
train_loss: 5.57494 
test_loss: 15.138 
train_loss: 6.00006 
test_loss: 14.4966 
train_loss: 13.2856 
test_loss: 15.3055 
train_loss: 4.6214 
test_loss: 15.6023 
train_loss: 6.81281 
test_loss: 13.9874 
train_loss: 7.26329 
test_loss: 15.5257 
train_loss: 13.2027 
test_loss: 15.0406 
train_loss: 7.3009 
test_loss: 16.232 
train_loss: 6.44287 
test_loss: 15.3761 
train_loss: 6.16305 
test_loss: 15.4946 
train_loss: 15.1432 
test_loss: 16.0231 
train_loss: 5.15269 
test_loss: 13.5439 
train_loss: 7.05278 
test_loss: 15.618 
train_loss: 9.32368 
test_loss: 14.7243 
train_loss: 6.00424 
test_loss: 14.749 
train_loss: 5.55051 
test_loss: 16.1062 
train_loss: 5.46727 
test_loss: 14.7374 
train_loss: 8.17724 
test_loss: 13.5316 
train_loss: 7.02274 
test_loss: 13.4318 
train_loss: 12.5804 
test_loss: 13.9932 
train_loss: 6.42226 
test_loss: 16.4883 
train_loss: 18.4742 
test_loss: 17.6896 
train_loss: 7.87968 
test_loss: 15.0203 
train_loss: 12.3045 
test_loss: 14.0179 
train_loss: 6.35765 
test_loss: 13.5741 
train_loss: 8.61928 
test_loss: 51.6816 
train_loss: 6.37163 
test_loss: 14.3217 
train_loss: 5.38127 
test_loss: 16.8132 
train_loss: 12.0567 
test_loss: 15.3043 
train_loss: 8.68768 
test_loss: 14.0403 
train_loss: 7.92637 
test_loss: 13.9556 
train_loss: 26.0456 
test_loss: 20.2252 
train_loss: 7.65594 
test_loss: 13.6932 
train_loss: 5.14586 
test_loss: 12.8464 
train_loss: 7.05985 
test_loss: 20.6073 
train_loss: 6.50189 
test_loss: 12.3929 
train_loss: 8.87441 
test_loss: 17.3237 
train_loss: 5.11755 
test_loss: 9.67888 
train_loss: 5.47924 
test_loss: 9.3082 
train_loss: 25.2238 
test_loss: 9.56618 
train_loss: 5.17834 
test_loss: 9.56105 
train_loss: 6.97941 
test_loss: 9.1034 
train_loss: 14.1094 
test_loss: 9.27364 
train_loss: 12.972 
test_loss: 9.46627 
train_loss: 4.02529 
test_loss: 9.31025 
train_loss: 9.71738 
test_loss: 8.62359 
train_loss: 8.54332 
test_loss: 9.02636 
train_loss: 4.3151 
test_loss: 8.90985 
train_loss: 3.73687 
test_loss: 8.73116 
train_loss: 5.86933 
test_loss: 8.58064 
train_loss: 4.62685 
test_loss: 8.76943 
train_loss: 7.73378 
test_loss: 8.686 
train_loss: 5.44872 
test_loss: 8.47306 
train_loss: 4.77319 
test_loss: 8.48698 
train_loss: 4.92148 
test_loss: 8.48293 
train_loss: 8.82617 
test_loss: 8.45623 
train_loss: 5.36587 
test_loss: 8.13891 
train_loss: 5.46311 
test_loss: 8.25725 
train_loss: 6.5703 
test_loss: 8.10805 
train_loss: 6.64726 
test_loss: 8.04454 
train_loss: 6.34189 
test_loss: 7.76287 
train_loss: 11.3483 
test_loss: 7.94809 
train_loss: 5.83322 
test_loss: 7.80531 
train_loss: 11.0279 
test_loss: 7.8173 
train_loss: 8.24405 
test_loss: 7.59812 
train_loss: 3.95412 
test_loss: 7.58294 
train_loss: 4.20761 
test_loss: 7.42583 
train_loss: 6.43781 
test_loss: 7.48527 
train_loss: 9.55941 
test_loss: 7.28638 
train_loss: 5.71631 
test_loss: 7.28555 
train_loss: 9.7739 
test_loss: 7.08833 
train_loss: 7.97875 
test_loss: 6.88175 
train_loss: 10.8118 
test_loss: 6.94721 
train_loss: 6.8026 
test_loss: 7.06281 
train_loss: 5.21661 
test_loss: 6.88278 
train_loss: 4.40456 
test_loss: 6.85375 
train_loss: 18.9125 
test_loss: 6.67019 
train_loss: 5.20568 
test_loss: 6.66761 
train_loss: 5.6892 
test_loss: 6.51627 
train_loss: 8.21304 
test_loss: 6.64384 
train_loss: 5.95378 
test_loss: 6.50674 
train_loss: 6.06338 
test_loss: 6.38288 
train_loss: 4.2897 
test_loss: 6.40941 
train_loss: 9.49341 
test_loss: 6.28945 
train_loss: 13.0209 
test_loss: 6.27135 
train_loss: 6.01973 
test_loss: 6.13529 
train_loss: 4.94778 
test_loss: 6.18238 
train_loss: 4.84709 
test_loss: 6.03408 
train_loss: 6.0572 
test_loss: 6.09463 
train_loss: 5.17846 
test_loss: 5.84751 
train_loss: 4.0041 
test_loss: 5.7578 
train_loss: 4.73139 
test_loss: 5.96458 
train_loss: 5.17069 
test_loss: 5.79928 
train_loss: 3.64612 
test_loss: 5.82412 
train_loss: 5.41654 
test_loss: 5.82585 
train_loss: 4.49101 
test_loss: 5.60292 
train_loss: 8.57568 
test_loss: 5.76944 
train_loss: 4.71653 
test_loss: 5.62731 
train_loss: 4.74348 
test_loss: 5.54372 
train_loss: 3.53855 
test_loss: 5.40617 
train_loss: 8.4496 
test_loss: 5.45609 
train_loss: 7.69981 
test_loss: 5.29984 
train_loss: 4.4118 
test_loss: 5.21753 
train_loss: 4.23762 
test_loss: 5.1808 
train_loss: 4.2075 
test_loss: 5.15627 
train_loss: 3.0525 
test_loss: 5.02507 
train_loss: 4.09743 
test_loss: 4.96044 
train_loss: 5.4216 
test_loss: 4.96082 
train_loss: 3.81972 
test_loss: 4.94719 
train_loss: 3.88223 
test_loss: 4.85121 
train_loss: 4.79658 
test_loss: 4.76135 
train_loss: 3.38756 
test_loss: 4.75066 
train_loss: 3.76262 
test_loss: 4.7617 
train_loss: 3.96864 
test_loss: 4.58374 
train_loss: 4.36212 
test_loss: 4.6194 
train_loss: 6.27759 
test_loss: 4.47915 
train_loss: 3.3896 
test_loss: 4.4889 
train_loss: 3.39976 
test_loss: 4.32748 
train_loss: 4.45532 
test_loss: 4.34205 
train_loss: 6.85226 
test_loss: 4.26397 
train_loss: 3.58814 
test_loss: 4.12594 
train_loss: 3.61173 
test_loss: 4.12618 
train_loss: 3.50523 
test_loss: 4.0871 
train_loss: 3.28806 
test_loss: 3.94268 
train_loss: 3.19418 
test_loss: 3.92282 
train_loss: 3.18937 
test_loss: 3.86476 
train_loss: 3.18232 
test_loss: 3.78818 
train_loss: 3.37201 
test_loss: 3.76681 
train_loss: 5.30247 
test_loss: 3.70498 
train_loss: 4.12741 
test_loss: 3.64351 
train_loss: 3.46102 
test_loss: 3.53864 
train_loss: 3.34996 
test_loss: 3.51849 
train_loss: 2.91637 
test_loss: 3.4271 
train_loss: 2.59958 
test_loss: 3.41089 
train_loss: 3.83453 
test_loss: 3.34644 
train_loss: 2.88053 
test_loss: 3.27693 
train_loss: 2.64074 
test_loss: 3.24959 
train_loss: 2.65098 
test_loss: 3.14838 
train_loss: 2.79491 
test_loss: 3.04411 
train_loss: 2.98193 
test_loss: 3.02202 
train_loss: 2.54626 
test_loss: 2.97603 
train_loss: 2.59949 
test_loss: 2.92485 
train_loss: 2.39903 
test_loss: 2.85679 
train_loss: 2.74847 
test_loss: 2.83368 
train_loss: 2.50526 
test_loss: 2.78605 
train_loss: 2.9136 
test_loss: 2.75025 
train_loss: 2.17993 
test_loss: 2.66905 
train_loss: 2.63262 
test_loss: 2.65272 
train_loss: 3.04211 
test_loss: 2.56995 
train_loss: 2.50847 
test_loss: 2.5371 
train_loss: 2.66067 
test_loss: 2.45763 
train_loss: 2.87829 
test_loss: 2.45143 
train_loss: 2.30962 
test_loss: 2.40672 
train_loss: 2.35907 
test_loss: 2.3752 
train_loss: 2.70711 
test_loss: 2.32272 
train_loss: 2.11356 
test_loss: 2.27324 
train_loss: 1.96295 
test_loss: 2.2449 
train_loss: 1.95472 
test_loss: 2.19997 
train_loss: 2.23692 
test_loss: 2.15567 
train_loss: 2.08515 
test_loss: 2.09942 
train_loss: 2.15247 
test_loss: 2.04368 
train_loss: 1.85557 
test_loss: 1.99753 
train_loss: 1.74548 
test_loss: 1.97884 
train_loss: 1.63136 
test_loss: 1.92049 
train_loss: 2.07216 
test_loss: 1.88231 
train_loss: 2.03894 
test_loss: 1.84997 
train_loss: 1.81849 
test_loss: 1.79612 
train_loss: 1.79169 
test_loss: 1.77576 
train_loss: 1.80619 
test_loss: 1.73771 
train_loss: 1.74346 
test_loss: 1.6927 
train_loss: 1.40885 
test_loss: 1.66187 
train_loss: 1.51511 
test_loss: 1.60028 
train_loss: 1.6196 
test_loss: 1.56463 
train_loss: 1.57453 
test_loss: 1.54162 
train_loss: 1.41139 
test_loss: 1.5096 
train_loss: 1.76805 
test_loss: 1.46441 
train_loss: 1.50296 
test_loss: 1.4173 
train_loss: 1.29034 
test_loss: 1.39024 
train_loss: 1.33589 
test_loss: 1.3533 
train_loss: 1.33342 
test_loss: 1.311 
train_loss: 1.34808 
test_loss: 1.27911 
train_loss: 1.28215 
test_loss: 1.24853 
train_loss: 1.24077 
test_loss: 1.21188 
train_loss: 1.30193 
test_loss: 1.18303 
train_loss: 1.21872 
test_loss: 1.15668 
train_loss: 1.1203 
test_loss: 1.11831 
train_loss: 1.20541 
test_loss: 1.08413 
train_loss: 1.1475 
test_loss: 1.06 
train_loss: 1.14662 
test_loss: 1.02907 
train_loss: 1.04641 
test_loss: 0.997892 
train_loss: 1.06058 
test_loss: 0.968241 
train_loss: 0.946696 
test_loss: 0.948411 
train_loss: 0.880269 
test_loss: 0.922083 
train_loss: 0.897 
test_loss: 0.896937 
train_loss: 0.850391 
test_loss: 0.879889 
train_loss: 0.842015 
test_loss: 0.856051 
train_loss: 0.846764 
test_loss: 0.832854 
train_loss: 0.808748 
test_loss: 0.818122 
train_loss: 0.805423 
test_loss: 0.799321 
train_loss: 0.762073 
test_loss: 0.778988 
train_loss: 0.820104 
test_loss: 0.761193 
train_loss: 0.743498 
test_loss: 0.74701 
train_loss: 0.724306 
test_loss: 0.732622 
train_loss: 0.705994 
test_loss: 0.718003 
train_loss: 0.688173 
test_loss: 0.703101 
train_loss: 0.671635 
test_loss: 0.687537 
train_loss: 0.715248 
test_loss: 0.674518 
train_loss: 0.644779 
test_loss: 0.659986 
train_loss: 0.641749 
test_loss: 0.649531 
train_loss: 0.611616 
test_loss: 0.636311 
train_loss: 0.613532 
test_loss: 0.624183 
train_loss: 0.588975 
test_loss: 0.612142 
train_loss: 0.629631 
test_loss: 0.601193 
train_loss: 0.593832 
test_loss: 0.587258 
train_loss: 0.619806 
test_loss: 0.574725 
train_loss: 0.578508 
test_loss: 0.563516 
train_loss: 0.574685 
test_loss: 0.552821 
train_loss: 0.537902 
test_loss: 0.540035 
train_loss: 0.535353 
test_loss: 0.529326 
train_loss: 0.521708 
test_loss: 0.516553 
train_loss: 0.514048 
test_loss: 0.504887 
train_loss: 0.477834 
test_loss: 0.494292 
train_loss: 0.477594 
test_loss: 0.482782 
train_loss: 0.465062 
test_loss: 0.470409 
train_loss: 0.460388 
test_loss: 0.459099 
train_loss: 0.440116 
test_loss: 0.447562 
train_loss: 0.432116 
test_loss: 0.435121 
train_loss: 0.441968 
test_loss: 0.422654 
train_loss: 0.403704 
test_loss: 0.41035 
train_loss: 0.398093 
test_loss: 0.397733 
train_loss: 0.380341 
test_loss: 0.385973 
train_loss: 0.366632 
test_loss: 0.373312 
train_loss: 0.369872 
test_loss: 0.360779 
train_loss: 0.348299 
test_loss: 0.348141 
train_loss: 0.345877 
test_loss: 0.335062 
train_loss: 0.343024 
test_loss: 0.320324 
train_loss: 0.304103 
test_loss: 0.305586 
train_loss: 0.284625 
test_loss: 0.291614 
train_loss: 0.276154 
test_loss: 0.275427 
train_loss: 0.268495 
test_loss: 0.260041 
train_loss: 0.245037 
test_loss: 0.244272 
train_loss: 0.231492 
test_loss: 0.227572 
train_loss: 0.212971 
test_loss: 0.21234 
train_loss: 0.200373 
test_loss: 0.199981 
train_loss: 0.186985 
test_loss: 0.18624 
train_loss: 0.176842 
test_loss: 0.174887 
train_loss: 0.163814 
test_loss: 0.164127 
train_loss: 0.155003 
test_loss: 0.154786 
train_loss: 0.143709 
test_loss: 0.145953 
train_loss: 0.141233 
test_loss: 0.138312 
train_loss: 0.130364 
test_loss: 0.131954 
train_loss: 0.127758 
test_loss: 0.125504 
train_loss: 0.118721 
test_loss: 0.121227 
train_loss: 0.117599 
test_loss: 0.117416 
train_loss: 0.113829 
test_loss: 0.113709 
train_loss: 0.109598 
test_loss: 0.110878 
train_loss: 0.104861 
test_loss: 0.108636 
train_loss: 0.109289 
test_loss: 0.106968 
train_loss: 0.101997 
test_loss: 0.105731 
train_loss: 0.104195 
test_loss: 0.103653 
train_loss: 0.103048 
test_loss: 0.101768 
train_loss: 0.100595 
test_loss: 0.100581 
train_loss: 0.0980921 
test_loss: 0.0997477 
train_loss: 0.0980434 
test_loss: 0.0986227 
train_loss: 0.0963136 
test_loss: 0.0975799 
train_loss: 0.100734 
test_loss: 0.0970079 
train_loss: 0.0958035 
test_loss: 0.0969095 
train_loss: 0.096125 
test_loss: 0.095466 
train_loss: 0.0930724 
test_loss: 0.0953097 
train_loss: 0.0912232 
test_loss: 0.0941906 
train_loss: 0.0936576 
test_loss: 0.093834 
train_loss: 0.0900346 
test_loss: 0.0938033 
train_loss: 0.0934486 
test_loss: 0.0939274 
train_loss: 0.089686 
test_loss: 0.0925699 
train_loss: 0.0961805 
test_loss: 0.0922041 
train_loss: 0.0915898 
test_loss: 0.091704 
train_loss: 0.0886187 
test_loss: 0.091442 
train_loss: 0.0937287 
test_loss: 0.0911436 
train_loss: 0.0882837 
test_loss: 0.0908281 
train_loss: 0.0912304 
test_loss: 0.0906304 
train_loss: 0.091905 
test_loss: 0.090489 
train_loss: 0.0932389 
test_loss: 0.0901088 
train_loss: 0.0886121 
test_loss: 0.091564 
train_loss: 0.0880696 
test_loss: 0.0890058 
train_loss: 0.0896261 
test_loss: 0.0885131 
train_loss: 0.0900477 
test_loss: 0.0890998 
train_loss: 0.0865108 
test_loss: 0.0870012 
train_loss: 0.0870908 
test_loss: 0.0866721 
train_loss: 0.0839135 
test_loss: 0.0859968 
train_loss: 0.0852219 
test_loss: 0.0849474 
train_loss: 0.085557 
test_loss: 0.0839465 
train_loss: 0.0804095 
test_loss: 0.0821033 
train_loss: 0.077897 
test_loss: 0.0804545 
train_loss: 0.0772226 
test_loss: 0.0784182 
train_loss: 0.0747543 
test_loss: 0.0763591 
train_loss: 0.0751905 
test_loss: 0.0748047 
train_loss: 0.0739971 
test_loss: 0.073743 
train_loss: 0.0696494 
test_loss: 0.071519 
train_loss: 0.0679496 
test_loss: 0.0707214 
train_loss: 0.0702498 
test_loss: 0.0688486 
train_loss: 0.0681024 
test_loss: 0.0681698 
train_loss: 0.0671778 
test_loss: 0.0671791 
train_loss: 0.0659494 
test_loss: 0.0653614 
train_loss: 0.0641142 
test_loss: 0.0643288 
train_loss: 0.0633964 
test_loss: 0.0631179 
train_loss: 0.0627301 
test_loss: 0.0636353 
train_loss: 0.0627234 
test_loss: 0.0624908 
train_loss: 0.0588612 
test_loss: 0.0595851 
train_loss: 0.0599375 
test_loss: 0.0588713 
train_loss: 0.060895 
test_loss: 0.0594043 
train_loss: 0.0571056 
test_loss: 0.0567031 
train_loss: 0.0525457 
test_loss: 0.0541444 
train_loss: 0.0526907 
test_loss: 0.052659 
train_loss: 0.0522452 
test_loss: 0.0539374 
train_loss: 0.0497638 
test_loss: 0.0501114 
train_loss: 0.0488707 
test_loss: 0.0510343 
train_loss: 0.051208 
test_loss: 0.0505326 
train_loss: 0.0471467 
test_loss: 0.0470845 
train_loss: 0.0454557 
test_loss: 0.0449561 
train_loss: 0.0474628 
test_loss: 0.0459188 
train_loss: 0.0448114 
test_loss: 0.0435401 
train_loss: 0.0426421 
test_loss: 0.043306 
train_loss: 0.0422176 
test_loss: 0.0428868 
train_loss: 0.0391689 
test_loss: 0.0408294 
train_loss: 0.0391866 
test_loss: 0.0403608 
train_loss: 0.0374941 
test_loss: 0.0390003 
train_loss: 0.0384583 
test_loss: 0.0374855 
train_loss: 0.0390923 
test_loss: 0.0369382 
train_loss: 0.0363837 
test_loss: 0.034779 
train_loss: 0.0330114 
test_loss: 0.0337623 
train_loss: 0.030659 
test_loss: 0.0314326 
train_loss: 0.0312333 
test_loss: 0.0307841 
train_loss: 0.0298189 
test_loss: 0.0297992 
train_loss: 0.0290066 
test_loss: 0.0303588 
train_loss: 0.0288282 
test_loss: 0.0298159 
train_loss: 0.0268579 
test_loss: 0.0267408 
train_loss: 0.0274738 
test_loss: 0.0273439 
train_loss: 0.0257282 
test_loss: 0.0258548 
train_loss: 0.0258389 
test_loss: 0.0258893 
train_loss: 0.0253385 
test_loss: 0.0253222 
train_loss: 0.0244632 
test_loss: 0.0243711 
train_loss: 0.0247954 
test_loss: 0.0246883 
train_loss: 0.0247829 
test_loss: 0.024362 
train_loss: 0.0237679 
test_loss: 0.0234622 
train_loss: 0.0235026 
test_loss: 0.0242975 
train_loss: 0.0241454 
test_loss: 0.0239285 
train_loss: 0.0242722 
test_loss: 0.024099 
train_loss: 0.0249938 
test_loss: 0.022682 
train_loss: 0.0234251 
test_loss: 0.0243838 
train_loss: 0.0251692 
test_loss: 0.0241617 
train_loss: 0.0254778 
test_loss: 0.0238827 
train_loss: 0.0228125 
test_loss: 0.0233152 
train_loss: 0.0236833 
test_loss: 0.0236522 
train_loss: 0.0227707 
test_loss: 0.0222575 
train_loss: 0.0241016 
test_loss: 0.0246688 
train_loss: 0.0216401 
test_loss: 0.0220437 
train_loss: 0.0222323 
test_loss: 0.0222877 
train_loss: 0.0225574 
test_loss: 0.0227068 
train_loss: 0.0216716 
test_loss: 0.022043 
train_loss: 0.0228459 
test_loss: 0.0231933 
train_loss: 0.0232556 
test_loss: 0.0225088 
