train_loss: 444.507 
test_loss: 503.803 
train_loss: 1512.51 
test_loss: 462.576 
train_loss: 616.055 
test_loss: 532.595 
train_loss: 293.498 
test_loss: 561.75 
train_loss: 1063.41 
test_loss: 595.331 
train_loss: 642.362 
test_loss: 451.78 
train_loss: 564.345 
test_loss: 488.549 
train_loss: 503.03 
test_loss: 514.923 
train_loss: 379.236 
test_loss: 505.899 
train_loss: 526.95 
test_loss: 429.119 
train_loss: 818.291 
test_loss: 475.337 
train_loss: 920.569 
test_loss: 475.496 
train_loss: 160.538 
test_loss: 476.996 
train_loss: 272.074 
test_loss: 454.371 
train_loss: 512.913 
test_loss: 430.424 
train_loss: 540.123 
test_loss: 510.941 
train_loss: 415.302 
test_loss: 493.174 
train_loss: 1112.78 
test_loss: 505.712 
train_loss: 647.753 
test_loss: 498.771 
train_loss: 1471.18 
test_loss: 585.85 
train_loss: 1.42827 
test_loss: 3.06072 
train_loss: 6.97157 
test_loss: 3.11558 
train_loss: 1.6357 
test_loss: 3.14661 
train_loss: 4.40331 
test_loss: 3.10131 
train_loss: 3.39984 
test_loss: 3.12613 
train_loss: 2.76543 
test_loss: 3.04634 
train_loss: 3.19286 
test_loss: 3.09391 
train_loss: 2.24533 
test_loss: 3.13752 
train_loss: 5.31507 
test_loss: 3.12849 
train_loss: 1.44107 
test_loss: 3.17382 
train_loss: 3.29196 
test_loss: 3.09876 
train_loss: 2.30337 
test_loss: 3.04361 
train_loss: 1.92887 
test_loss: 3.08654 
train_loss: 2.44319 
test_loss: 3.10082 
train_loss: 2.04993 
test_loss: 3.06366 
train_loss: 1.17571 
test_loss: 3.07923 
train_loss: 1.56835 
test_loss: 3.13225 
train_loss: 1.59217 
test_loss: 3.11736 
train_loss: 12.8484 
test_loss: 3.18584 
train_loss: 4.67778 
test_loss: 3.1024 
train_loss: 3.88699 
test_loss: 3.07842 
train_loss: 3.94991 
test_loss: 3.07275 
train_loss: 1.31789 
test_loss: 2.99129 
train_loss: 2.60801 
test_loss: 2.90787 
train_loss: 4.2651 
test_loss: 3.06139 
train_loss: 2.34482 
test_loss: 2.99124 
train_loss: 2.01528 
test_loss: 3.0275 
train_loss: 1.65868 
test_loss: 2.90825 
train_loss: 1.35786 
test_loss: 3.02439 
train_loss: 5.99417 
test_loss: 3.09636 
train_loss: 1.38378 
test_loss: 2.89012 
train_loss: 1.589 
test_loss: 3.03457 
train_loss: 1.33248 
test_loss: 2.9355 
train_loss: 1.83094 
test_loss: 2.89542 
train_loss: 5.26114 
test_loss: 2.99481 
train_loss: 1.36011 
test_loss: 2.96437 
train_loss: 11.9685 
test_loss: 3.03077 
train_loss: 1.9959 
test_loss: 2.91438 
train_loss: 1.56876 
test_loss: 3.05829 
train_loss: 2.80093 
test_loss: 2.98032 
train_loss: 1.34935 
test_loss: 2.91981 
train_loss: 2.0665 
test_loss: 2.90378 
train_loss: 1.59066 
test_loss: 2.90102 
train_loss: 1.76907 
test_loss: 2.93394 
train_loss: 5.72556 
test_loss: 2.91099 
train_loss: 2.68047 
test_loss: 2.80352 
train_loss: 1.55599 
test_loss: 2.82088 
train_loss: 1.16974 
test_loss: 2.87113 
train_loss: 1.1199 
test_loss: 2.85682 
train_loss: 4.37606 
test_loss: 2.77254 
train_loss: 7.28135 
test_loss: 2.84812 
train_loss: 1.77313 
test_loss: 2.77385 
train_loss: 1.19489 
test_loss: 2.75423 
train_loss: 1.93437 
test_loss: 2.77041 
train_loss: 1.64678 
test_loss: 2.74498 
train_loss: 2.31793 
test_loss: 2.7417 
train_loss: 3.79793 
test_loss: 2.68186 
train_loss: 4.80444 
test_loss: 2.70641 
train_loss: 12.4624 
test_loss: 2.63406 
train_loss: 5.95179 
test_loss: 2.70167 
train_loss: 1.44625 
test_loss: 2.66596 
train_loss: 1.2149 
test_loss: 2.64333 
train_loss: 3.1148 
test_loss: 2.59546 
train_loss: 1.85645 
test_loss: 2.59787 
train_loss: 2.28053 
test_loss: 2.61885 
train_loss: 1.19831 
test_loss: 2.53927 
train_loss: 1.57729 
test_loss: 2.53023 
train_loss: 1.23994 
test_loss: 2.52851 
train_loss: 1.72703 
test_loss: 2.49222 
train_loss: 1.78294 
test_loss: 2.40104 
train_loss: 3.36134 
test_loss: 2.40235 
train_loss: 8.59108 
test_loss: 2.4766 
train_loss: 1.85739 
test_loss: 2.35107 
train_loss: 4.06021 
test_loss: 2.34512 
train_loss: 2.50902 
test_loss: 2.29716 
train_loss: 1.2422 
test_loss: 2.31655 
train_loss: 3.92262 
test_loss: 2.27577 
train_loss: 1.17841 
test_loss: 2.33685 
train_loss: 1.24005 
test_loss: 2.30494 
train_loss: 3.33211 
test_loss: 2.21208 
train_loss: 1.56519 
test_loss: 2.24344 
train_loss: 3.45565 
test_loss: 2.17748 
train_loss: 1.6801 
test_loss: 2.18329 
train_loss: 2.4283 
test_loss: 2.08533 
train_loss: 2.52916 
test_loss: 2.14223 
train_loss: 1.85788 
test_loss: 2.09985 
train_loss: 1.58824 
test_loss: 2.02899 
train_loss: 1.7991 
test_loss: 2.0679 
train_loss: 1.37373 
test_loss: 1.9827 
train_loss: 2.48562 
test_loss: 2.00799 
train_loss: 1.61107 
test_loss: 1.98897 
train_loss: 2.4472 
test_loss: 1.96073 
train_loss: 1.29678 
test_loss: 1.9339 
train_loss: 1.36791 
test_loss: 1.89808 
train_loss: 1.24752 
test_loss: 1.85639 
train_loss: 1.43282 
test_loss: 1.83398 
train_loss: 1.32644 
test_loss: 1.84709 
train_loss: 1.3894 
test_loss: 1.77564 
train_loss: 2.30296 
test_loss: 1.76812 
train_loss: 1.38263 
test_loss: 1.76443 
train_loss: 1.302 
test_loss: 1.71264 
train_loss: 1.11046 
test_loss: 1.71454 
train_loss: 1.88415 
test_loss: 1.69708 
train_loss: 1.40806 
test_loss: 1.63773 
train_loss: 4.09802 
test_loss: 1.62298 
train_loss: 1.15557 
test_loss: 1.61233 
train_loss: 1.52916 
test_loss: 1.57796 
train_loss: 2.03222 
test_loss: 1.57828 
train_loss: 1.36951 
test_loss: 1.53938 
train_loss: 2.40801 
test_loss: 1.52116 
train_loss: 2.43455 
test_loss: 1.48414 
train_loss: 2.0925 
test_loss: 1.44853 
train_loss: 1.06671 
test_loss: 1.44098 
train_loss: 1.07748 
test_loss: 1.42739 
train_loss: 1.21269 
test_loss: 1.38482 
train_loss: 1.85692 
test_loss: 1.36654 
train_loss: 1.04145 
test_loss: 1.36176 
train_loss: 1.85268 
test_loss: 1.34624 
train_loss: 1.29659 
test_loss: 1.30625 
train_loss: 1.46308 
test_loss: 1.30699 
train_loss: 1.49855 
test_loss: 1.25702 
train_loss: 1.15826 
test_loss: 1.26711 
train_loss: 0.979171 
test_loss: 1.24383 
train_loss: 1.10078 
test_loss: 1.21243 
train_loss: 1.58355 
test_loss: 1.2034 
train_loss: 1.00474 
test_loss: 1.17594 
train_loss: 0.993578 
test_loss: 1.17415 
train_loss: 1.99906 
test_loss: 1.15516 
train_loss: 1.24299 
test_loss: 1.13167 
train_loss: 1.22806 
test_loss: 1.1254 
train_loss: 0.946543 
test_loss: 1.09123 
train_loss: 0.950556 
test_loss: 1.08169 
train_loss: 1.26097 
test_loss: 1.06814 
train_loss: 1.00302 
test_loss: 1.06859 
train_loss: 1.03024 
test_loss: 1.05238 
train_loss: 1.09249 
test_loss: 1.04041 
train_loss: 1.08828 
test_loss: 1.02632 
train_loss: 1.03794 
test_loss: 1.02612 
train_loss: 0.957172 
test_loss: 1.01179 
train_loss: 1.10314 
test_loss: 1.00261 
train_loss: 1.18898 
test_loss: 0.986981 
train_loss: 1.23798 
test_loss: 0.979768 
train_loss: 0.879569 
test_loss: 0.967177 
train_loss: 0.949705 
test_loss: 0.958176 
train_loss: 0.880683 
test_loss: 0.953838 
train_loss: 0.914312 
test_loss: 0.94739 
train_loss: 1.00478 
test_loss: 0.941169 
train_loss: 0.896251 
test_loss: 0.938128 
train_loss: 0.922795 
test_loss: 0.929873 
train_loss: 0.917585 
test_loss: 0.920207 
train_loss: 1.10509 
test_loss: 0.913297 
train_loss: 0.87901 
test_loss: 0.908059 
train_loss: 0.919283 
test_loss: 0.905969 
train_loss: 0.823457 
test_loss: 0.900546 
train_loss: 0.885384 
test_loss: 0.897065 
train_loss: 0.908358 
test_loss: 0.888879 
train_loss: 0.890937 
test_loss: 0.884063 
train_loss: 0.902894 
test_loss: 0.877469 
train_loss: 0.815137 
test_loss: 0.878412 
train_loss: 0.838272 
test_loss: 0.868585 
train_loss: 0.856844 
test_loss: 0.865296 
train_loss: 0.873706 
test_loss: 0.859045 
train_loss: 0.884796 
test_loss: 0.856743 
train_loss: 0.817051 
test_loss: 0.856924 
train_loss: 0.888253 
test_loss: 0.847499 
train_loss: 0.896573 
test_loss: 0.842839 
train_loss: 0.848718 
test_loss: 0.837557 
train_loss: 0.865546 
test_loss: 0.829902 
train_loss: 0.788015 
test_loss: 0.828283 
train_loss: 0.833327 
test_loss: 0.818028 
train_loss: 0.785325 
test_loss: 0.811184 
train_loss: 0.827682 
test_loss: 0.806346 
train_loss: 0.820397 
test_loss: 0.80038 
train_loss: 0.812212 
test_loss: 0.79574 
train_loss: 0.771395 
test_loss: 0.788661 
train_loss: 0.739302 
test_loss: 0.783172 
train_loss: 0.787204 
test_loss: 0.776787 
train_loss: 0.718719 
test_loss: 0.769571 
train_loss: 0.765423 
test_loss: 0.764966 
train_loss: 0.731337 
test_loss: 0.754383 
train_loss: 0.761436 
test_loss: 0.748689 
train_loss: 0.760375 
test_loss: 0.742642 
train_loss: 0.706905 
test_loss: 0.734022 
train_loss: 0.705015 
test_loss: 0.726393 
train_loss: 0.688774 
test_loss: 0.719782 
train_loss: 0.741922 
test_loss: 0.715332 
train_loss: 0.744523 
test_loss: 0.704567 
train_loss: 0.691976 
test_loss: 0.697583 
train_loss: 0.684484 
test_loss: 0.690927 
train_loss: 0.677309 
test_loss: 0.68022 
train_loss: 0.645697 
test_loss: 0.674111 
train_loss: 0.632483 
test_loss: 0.665547 
train_loss: 0.635559 
test_loss: 0.656873 
train_loss: 0.652462 
test_loss: 0.647863 
train_loss: 0.647283 
test_loss: 0.639958 
train_loss: 0.624292 
test_loss: 0.630204 
train_loss: 0.596214 
test_loss: 0.622325 
train_loss: 0.5921 
test_loss: 0.611989 
train_loss: 0.591611 
test_loss: 0.60228 
train_loss: 0.602966 
test_loss: 0.589526 
train_loss: 0.584128 
test_loss: 0.579151 
train_loss: 0.563299 
test_loss: 0.567537 
train_loss: 0.563004 
test_loss: 0.558405 
train_loss: 0.525488 
test_loss: 0.545145 
train_loss: 0.527872 
test_loss: 0.53523 
train_loss: 0.52926 
test_loss: 0.522656 
train_loss: 0.501722 
test_loss: 0.511348 
train_loss: 0.503607 
test_loss: 0.498716 
train_loss: 0.487547 
test_loss: 0.487507 
train_loss: 0.469454 
test_loss: 0.476026 
train_loss: 0.472842 
test_loss: 0.463993 
train_loss: 0.444084 
test_loss: 0.451104 
train_loss: 0.429198 
test_loss: 0.440467 
train_loss: 0.435249 
test_loss: 0.427664 
train_loss: 0.416812 
test_loss: 0.415617 
train_loss: 0.38467 
test_loss: 0.403558 
train_loss: 0.382279 
test_loss: 0.392143 
train_loss: 0.386963 
test_loss: 0.378791 
train_loss: 0.377655 
test_loss: 0.366591 
train_loss: 0.3503 
test_loss: 0.354104 
train_loss: 0.341849 
test_loss: 0.341846 
train_loss: 0.332182 
test_loss: 0.329545 
train_loss: 0.31333 
test_loss: 0.317384 
train_loss: 0.291136 
test_loss: 0.304137 
train_loss: 0.289096 
test_loss: 0.291202 
train_loss: 0.273372 
test_loss: 0.278913 
train_loss: 0.267669 
test_loss: 0.265941 
train_loss: 0.256069 
test_loss: 0.253179 
train_loss: 0.241441 
test_loss: 0.240375 
train_loss: 0.226613 
test_loss: 0.227809 
train_loss: 0.21691 
test_loss: 0.21614 
train_loss: 0.20476 
test_loss: 0.205304 
train_loss: 0.190716 
test_loss: 0.195298 
train_loss: 0.191196 
test_loss: 0.185114 
train_loss: 0.176624 
test_loss: 0.174962 
train_loss: 0.164767 
test_loss: 0.165446 
train_loss: 0.154709 
test_loss: 0.155861 
train_loss: 0.14908 
test_loss: 0.147282 
train_loss: 0.138327 
test_loss: 0.138996 
train_loss: 0.129227 
test_loss: 0.13161 
train_loss: 0.128849 
test_loss: 0.125119 
train_loss: 0.119119 
test_loss: 0.119983 
train_loss: 0.117968 
test_loss: 0.115843 
train_loss: 0.106884 
test_loss: 0.111608 
train_loss: 0.105533 
test_loss: 0.10871 
train_loss: 0.106906 
test_loss: 0.106724 
train_loss: 0.106294 
test_loss: 0.104446 
train_loss: 0.10394 
test_loss: 0.103038 
train_loss: 0.102082 
test_loss: 0.101617 
train_loss: 0.0978779 
test_loss: 0.100545 
train_loss: 0.0994068 
test_loss: 0.0996652 
train_loss: 0.0992611 
test_loss: 0.0989329 
train_loss: 0.0970088 
test_loss: 0.0981681 
train_loss: 0.0958122 
test_loss: 0.0976776 
train_loss: 0.0927395 
test_loss: 0.0970747 
train_loss: 0.0947639 
test_loss: 0.0965495 
train_loss: 0.0956986 
test_loss: 0.0966334 
train_loss: 0.0933938 
test_loss: 0.0961695 
train_loss: 0.0961894 
test_loss: 0.0957134 
train_loss: 0.0976087 
test_loss: 0.0955493 
train_loss: 0.0957936 
test_loss: 0.0952702 
train_loss: 0.0928293 
test_loss: 0.0950832 
train_loss: 0.0928199 
test_loss: 0.0949048 
train_loss: 0.0893178 
test_loss: 0.0947652 
train_loss: 0.0923618 
test_loss: 0.0946082 
train_loss: 0.0917843 
test_loss: 0.0943562 
train_loss: 0.0972 
test_loss: 0.0945467 
train_loss: 0.0894687 
test_loss: 0.0943887 
train_loss: 0.0960659 
test_loss: 0.0943126 
train_loss: 0.0938569 
test_loss: 0.0935399 
train_loss: 0.0917246 
test_loss: 0.0935134 
train_loss: 0.0920712 
test_loss: 0.0935142 
train_loss: 0.0876619 
test_loss: 0.0936148 
train_loss: 0.0876891 
test_loss: 0.0934728 
train_loss: 0.0898717 
test_loss: 0.0929989 
train_loss: 0.0937292 
test_loss: 0.0929556 
train_loss: 0.0894114 
test_loss: 0.0929485 
train_loss: 0.0947464 
test_loss: 0.0930513 
train_loss: 0.0919889 
test_loss: 0.0927586 
train_loss: 0.095621 
test_loss: 0.0926524 
train_loss: 0.0914174 
test_loss: 0.0927896 
train_loss: 0.093787 
test_loss: 0.0926449 
train_loss: 0.0876703 
test_loss: 0.0924276 
train_loss: 0.0935587 
test_loss: 0.0924905 
train_loss: 0.0919479 
test_loss: 0.0926778 
train_loss: 0.0904544 
test_loss: 0.0921903 
train_loss: 0.0945055 
test_loss: 0.0922713 
train_loss: 0.0918107 
test_loss: 0.0920724 
train_loss: 0.0932786 
test_loss: 0.0921233 
train_loss: 0.0914308 
test_loss: 0.0920395 
train_loss: 0.0945298 
test_loss: 0.0923202 
train_loss: 0.089 
test_loss: 0.0925187 
train_loss: 0.0895585 
test_loss: 0.0924414 
train_loss: 0.0913459 
test_loss: 0.0915123 
train_loss: 0.0913418 
test_loss: 0.0917246 
train_loss: 0.0922796 
test_loss: 0.0925061 
train_loss: 0.0882281 
test_loss: 0.0917996 
train_loss: 0.0927399 
test_loss: 0.0915661 
train_loss: 0.0916214 
test_loss: 0.0911542 
train_loss: 0.0939952 
test_loss: 0.0916798 
train_loss: 0.0931306 
test_loss: 0.091146 
train_loss: 0.0899007 
test_loss: 0.091042 
train_loss: 0.0930544 
test_loss: 0.0918488 
train_loss: 0.0886923 
test_loss: 0.0904454 
train_loss: 0.0937062 
test_loss: 0.090907 
train_loss: 0.0898941 
test_loss: 0.0905927 
train_loss: 0.089067 
test_loss: 0.0903628 
train_loss: 0.0887566 
test_loss: 0.0896301 
train_loss: 0.0914769 
test_loss: 0.0889686 
train_loss: 0.0877074 
test_loss: 0.0878385 
train_loss: 0.0836254 
test_loss: 0.0859464 
train_loss: 0.0820155 
test_loss: 0.0825967 
train_loss: 0.0792098 
test_loss: 0.0774926 
train_loss: 0.0697096 
test_loss: 0.0702033 
train_loss: 0.0625909 
test_loss: 0.0637806 
train_loss: 0.0571458 
test_loss: 0.0572382 
train_loss: 0.052464 
test_loss: 0.0537179 
train_loss: 0.0497992 
test_loss: 0.0489079 
train_loss: 0.0469542 
test_loss: 0.0470167 
train_loss: 0.0438828 
test_loss: 0.0430511 
train_loss: 0.0398571 
test_loss: 0.040935 
train_loss: 0.0387891 
test_loss: 0.039724 
train_loss: 0.0362827 
test_loss: 0.0358461 
train_loss: 0.0326443 
test_loss: 0.0333181 
train_loss: 0.0328408 
test_loss: 0.031843 
train_loss: 0.0317608 
test_loss: 0.0309897 
train_loss: 0.0312178 
test_loss: 0.0296992 
train_loss: 0.0265983 
test_loss: 0.027091 
train_loss: 0.0288906 
test_loss: 0.0289287 
train_loss: 0.0274463 
test_loss: 0.0285722 
train_loss: 0.0273876 
test_loss: 0.0272698 
train_loss: 0.0257474 
test_loss: 0.0260039 
train_loss: 0.0257624 
test_loss: 0.0260101 
train_loss: 0.0252136 
test_loss: 0.0260377 
train_loss: 0.0252511 
test_loss: 0.0254802 
train_loss: 0.0257888 
test_loss: 0.02557 
train_loss: 0.025268 
test_loss: 0.0255645 
train_loss: 0.026017 
test_loss: 0.0261508 
train_loss: 0.0242215 
test_loss: 0.0256461 
train_loss: 0.0243348 
test_loss: 0.0276835 
