train_loss: 0.956887 
test_loss: 0.89195 
train_loss: 0.742998 
test_loss: 0.897293 
train_loss: 0.865168 
test_loss: 0.894347 
train_loss: 1.08881 
test_loss: 0.89328 
train_loss: 0.870265 
test_loss: 0.887949 
train_loss: 0.870907 
test_loss: 0.895566 
train_loss: 0.837043 
test_loss: 0.897975 
train_loss: 0.915395 
test_loss: 0.895067 
train_loss: 1.05407 
test_loss: 0.893937 
train_loss: 0.909236 
test_loss: 0.892285 
train_loss: 0.92806 
test_loss: 0.886107 
train_loss: 0.768559 
test_loss: 0.88747 
train_loss: 0.853404 
test_loss: 0.890578 
train_loss: 0.813773 
test_loss: 0.892789 
train_loss: 1.10189 
test_loss: 0.887417 
train_loss: 0.779113 
test_loss: 0.888702 
train_loss: 0.892462 
test_loss: 0.886877 
train_loss: 0.834539 
test_loss: 0.885954 
train_loss: 0.863092 
test_loss: 0.889079 
train_loss: 0.952569 
test_loss: 0.894042 
train_loss: 0.87128 
test_loss: 0.887979 
train_loss: 0.829 
test_loss: 0.895238 
train_loss: 0.847836 
test_loss: 0.88577 
train_loss: 0.931547 
test_loss: 0.894416 
train_loss: 0.9696 
test_loss: 0.890437 
train_loss: 0.927177 
test_loss: 0.887468 
train_loss: 0.87253 
test_loss: 0.88471 
train_loss: 0.902177 
test_loss: 0.888931 
train_loss: 0.849382 
test_loss: 0.88727 
train_loss: 0.978271 
test_loss: 0.884674 
train_loss: 0.798978 
test_loss: 0.877018 
train_loss: 0.909416 
test_loss: 0.884811 
train_loss: 0.971538 
test_loss: 0.884221 
train_loss: 0.986099 
test_loss: 0.883063 
train_loss: 0.903568 
test_loss: 0.884566 
train_loss: 1.03791 
test_loss: 0.885562 
train_loss: 0.773982 
test_loss: 0.886064 
train_loss: 0.803897 
test_loss: 0.886461 
train_loss: 0.890194 
test_loss: 0.883163 
train_loss: 0.96893 
test_loss: 0.882578 
train_loss: 1.18401 
test_loss: 0.883214 
train_loss: 1.11014 
test_loss: 0.881701 
train_loss: 0.882099 
test_loss: 0.881184 
train_loss: 0.940033 
test_loss: 0.874231 
train_loss: 0.904451 
test_loss: 0.875272 
train_loss: 0.980378 
test_loss: 0.871333 
train_loss: 0.945847 
test_loss: 0.878491 
train_loss: 0.965464 
test_loss: 0.871079 
train_loss: 0.866794 
test_loss: 0.869748 
train_loss: 0.841238 
test_loss: 0.874367 
train_loss: 0.814532 
test_loss: 0.871599 
train_loss: 0.814653 
test_loss: 0.871526 
train_loss: 0.8389 
test_loss: 0.866781 
train_loss: 0.79662 
test_loss: 0.867603 
train_loss: 0.927227 
test_loss: 0.869136 
train_loss: 0.768433 
test_loss: 0.861191 
train_loss: 0.814327 
test_loss: 0.85828 
train_loss: 0.839658 
test_loss: 0.861991 
train_loss: 0.835985 
test_loss: 0.863393 
train_loss: 0.84234 
test_loss: 0.860128 
train_loss: 0.966316 
test_loss: 0.85937 
train_loss: 0.87954 
test_loss: 0.854194 
train_loss: 0.848924 
test_loss: 0.856152 
train_loss: 0.794925 
test_loss: 0.855188 
train_loss: 0.785792 
test_loss: 0.851804 
train_loss: 0.877048 
test_loss: 0.847247 
train_loss: 0.831697 
test_loss: 0.846436 
train_loss: 1.0466 
test_loss: 0.847317 
train_loss: 0.924282 
test_loss: 0.8496 
train_loss: 0.853816 
test_loss: 0.844465 
train_loss: 0.846435 
test_loss: 0.836592 
train_loss: 0.828841 
test_loss: 0.83902 
train_loss: 0.815811 
test_loss: 0.836682 
train_loss: 0.766275 
test_loss: 0.834288 
train_loss: 0.960748 
test_loss: 0.832506 
train_loss: 0.797671 
test_loss: 0.82826 
train_loss: 0.844986 
test_loss: 0.827174 
train_loss: 0.976948 
test_loss: 0.820596 
train_loss: 0.796301 
test_loss: 0.821122 
train_loss: 0.876079 
test_loss: 0.818712 
train_loss: 0.762637 
test_loss: 0.816207 
train_loss: 0.815422 
test_loss: 0.81232 
train_loss: 0.746984 
test_loss: 0.810094 
train_loss: 0.76812 
test_loss: 0.811787 
train_loss: 0.752761 
test_loss: 0.802638 
train_loss: 0.739294 
test_loss: 0.800216 
train_loss: 0.768036 
test_loss: 0.795077 
train_loss: 0.795754 
test_loss: 0.796567 
train_loss: 0.755044 
test_loss: 0.793927 
train_loss: 0.77549 
test_loss: 0.787094 
train_loss: 0.743969 
test_loss: 0.784559 
train_loss: 0.775379 
test_loss: 0.779755 
train_loss: 0.762427 
test_loss: 0.774592 
train_loss: 0.807618 
test_loss: 0.770124 
train_loss: 0.76374 
test_loss: 0.770954 
train_loss: 0.892709 
test_loss: 0.768968 
train_loss: 0.716767 
test_loss: 0.759095 
train_loss: 0.892031 
test_loss: 0.757285 
train_loss: 0.703714 
test_loss: 0.752838 
train_loss: 0.822552 
test_loss: 0.744721 
train_loss: 0.719714 
test_loss: 0.743581 
train_loss: 0.762867 
test_loss: 0.738304 
train_loss: 0.735107 
test_loss: 0.734072 
train_loss: 0.763876 
test_loss: 0.728831 
train_loss: 0.743266 
test_loss: 0.726278 
train_loss: 0.705319 
test_loss: 0.718078 
train_loss: 0.716073 
test_loss: 0.716939 
train_loss: 0.653878 
test_loss: 0.710045 
train_loss: 0.685722 
test_loss: 0.704186 
train_loss: 0.781129 
test_loss: 0.699294 
train_loss: 0.681858 
test_loss: 0.692606 
train_loss: 0.687963 
test_loss: 0.686837 
train_loss: 0.676284 
test_loss: 0.682564 
train_loss: 0.685152 
test_loss: 0.676517 
train_loss: 0.65509 
test_loss: 0.672512 
train_loss: 0.648908 
test_loss: 0.663711 
train_loss: 0.635111 
test_loss: 0.658682 
train_loss: 0.634518 
test_loss: 0.652566 
train_loss: 0.645572 
test_loss: 0.647964 
train_loss: 0.638205 
test_loss: 0.643022 
train_loss: 0.606895 
test_loss: 0.634822 
train_loss: 0.654977 
test_loss: 0.629503 
train_loss: 0.63926 
test_loss: 0.621331 
train_loss: 0.61366 
test_loss: 0.613579 
train_loss: 0.604753 
test_loss: 0.60697 
train_loss: 0.612371 
test_loss: 0.60106 
train_loss: 0.577849 
test_loss: 0.593382 
train_loss: 0.564494 
test_loss: 0.586411 
train_loss: 0.558717 
test_loss: 0.578609 
train_loss: 0.542036 
test_loss: 0.569098 
train_loss: 0.570694 
test_loss: 0.563099 
train_loss: 0.524977 
test_loss: 0.552913 
train_loss: 0.528574 
test_loss: 0.545074 
train_loss: 0.519627 
test_loss: 0.535375 
train_loss: 0.539764 
test_loss: 0.524955 
train_loss: 0.504832 
test_loss: 0.514054 
train_loss: 0.489711 
test_loss: 0.501009 
train_loss: 0.491578 
test_loss: 0.486422 
train_loss: 0.461337 
test_loss: 0.471539 
train_loss: 0.451373 
test_loss: 0.454057 
train_loss: 0.423772 
test_loss: 0.434115 
train_loss: 0.399166 
test_loss: 0.413103 
train_loss: 0.387509 
test_loss: 0.392147 
train_loss: 0.381318 
test_loss: 0.37055 
train_loss: 0.351444 
test_loss: 0.349043 
train_loss: 0.322516 
test_loss: 0.328047 
train_loss: 0.310492 
test_loss: 0.306718 
train_loss: 0.274186 
test_loss: 0.286077 
train_loss: 0.264715 
test_loss: 0.267516 
train_loss: 0.247751 
test_loss: 0.249541 
train_loss: 0.23347 
test_loss: 0.232464 
train_loss: 0.217324 
test_loss: 0.216047 
train_loss: 0.200268 
test_loss: 0.200615 
train_loss: 0.18868 
test_loss: 0.186489 
train_loss: 0.172543 
test_loss: 0.173257 
train_loss: 0.157886 
test_loss: 0.160945 
train_loss: 0.148405 
test_loss: 0.149584 
train_loss: 0.140386 
test_loss: 0.140079 
train_loss: 0.132524 
test_loss: 0.131967 
train_loss: 0.12228 
test_loss: 0.125448 
train_loss: 0.119733 
test_loss: 0.120009 
train_loss: 0.116783 
test_loss: 0.115915 
train_loss: 0.113904 
test_loss: 0.112456 
train_loss: 0.110606 
test_loss: 0.109658 
train_loss: 0.10813 
test_loss: 0.107457 
train_loss: 0.111569 
test_loss: 0.105625 
train_loss: 0.10472 
test_loss: 0.103799 
train_loss: 0.102253 
test_loss: 0.102817 
train_loss: 0.0998194 
test_loss: 0.101479 
train_loss: 0.103485 
test_loss: 0.10057 
train_loss: 0.0994867 
test_loss: 0.0996277 
train_loss: 0.103434 
test_loss: 0.09922 
train_loss: 0.0992094 
test_loss: 0.0983456 
train_loss: 0.0953567 
test_loss: 0.0978536 
train_loss: 0.0966544 
test_loss: 0.0972827 
train_loss: 0.0910017 
test_loss: 0.0970064 
train_loss: 0.0927236 
test_loss: 0.0965448 
train_loss: 0.0945175 
test_loss: 0.0962891 
train_loss: 0.0957613 
test_loss: 0.0961452 
train_loss: 0.0968602 
test_loss: 0.0957245 
train_loss: 0.0926182 
test_loss: 0.0956776 
train_loss: 0.0933168 
test_loss: 0.0953318 
train_loss: 0.101982 
test_loss: 0.0951842 
train_loss: 0.0929229 
test_loss: 0.0950792 
train_loss: 0.094431 
test_loss: 0.0948429 
train_loss: 0.0980348 
test_loss: 0.0946231 
train_loss: 0.0896903 
test_loss: 0.0947916 
train_loss: 0.0949667 
test_loss: 0.0944381 
train_loss: 0.0971957 
test_loss: 0.0942073 
train_loss: 0.0970091 
test_loss: 0.0941461 
train_loss: 0.0931084 
test_loss: 0.0939826 
train_loss: 0.0915792 
test_loss: 0.0938736 
train_loss: 0.0979762 
test_loss: 0.0939252 
train_loss: 0.0872054 
test_loss: 0.093477 
train_loss: 0.0963715 
test_loss: 0.0935149 
train_loss: 0.0917636 
test_loss: 0.0934755 
train_loss: 0.0873527 
test_loss: 0.0932984 
train_loss: 0.0898776 
test_loss: 0.093574 
train_loss: 0.0944787 
test_loss: 0.0931602 
train_loss: 0.0878558 
test_loss: 0.0929374 
train_loss: 0.0941884 
test_loss: 0.0929253 
train_loss: 0.0892614 
test_loss: 0.0928734 
train_loss: 0.0918863 
test_loss: 0.0931021 
train_loss: 0.0937232 
test_loss: 0.0931665 
train_loss: 0.0966306 
test_loss: 0.09282 
train_loss: 0.097831 
test_loss: 0.0926317 
train_loss: 0.0949362 
test_loss: 0.0928842 
train_loss: 0.0946262 
test_loss: 0.0927258 
train_loss: 0.0948034 
test_loss: 0.09259 
train_loss: 0.0936798 
test_loss: 0.0927925 
train_loss: 0.0921565 
test_loss: 0.0925597 
train_loss: 0.0896838 
test_loss: 0.0926938 
train_loss: 0.0903023 
test_loss: 0.0922823 
train_loss: 0.0920749 
test_loss: 0.0918556 
train_loss: 0.0940113 
test_loss: 0.0924528 
train_loss: 0.0981756 
test_loss: 0.0921155 
train_loss: 0.089802 
test_loss: 0.092236 
train_loss: 0.0908548 
test_loss: 0.0921087 
train_loss: 0.0932091 
test_loss: 0.0921204 
train_loss: 0.0913258 
test_loss: 0.0926791 
