train_loss: 256.716 
test_loss: 524.031 
train_loss: 790.626 
test_loss: 540.127 
train_loss: 428.666 
test_loss: 554.157 
train_loss: 419.197 
test_loss: 493.175 
train_loss: 563.51 
test_loss: 484.238 
train_loss: 763.473 
test_loss: 522.134 
train_loss: 563.55 
test_loss: 493.716 
train_loss: 239.324 
test_loss: 514.561 
train_loss: 450.673 
test_loss: 503.486 
train_loss: 1113.7 
test_loss: 465.266 
train_loss: 431.027 
test_loss: 568.258 
train_loss: 375.398 
test_loss: 527.94 
train_loss: 311.269 
test_loss: 738.915 
train_loss: 2.69219 
test_loss: 2.83792 
train_loss: 2.53029 
test_loss: 2.79387 
train_loss: 2.19632 
test_loss: 2.84624 
train_loss: 5.60527 
test_loss: 2.82508 
train_loss: 2.43447 
test_loss: 2.83194 
train_loss: 2.18658 
test_loss: 2.82088 
train_loss: 2.71099 
test_loss: 2.84489 
train_loss: 3.06359 
test_loss: 2.85956 
train_loss: 2.37241 
test_loss: 2.80593 
train_loss: 2.52705 
test_loss: 2.78809 
train_loss: 3.14422 
test_loss: 2.82995 
train_loss: 2.54764 
test_loss: 2.82155 
train_loss: 2.34496 
test_loss: 2.81493 
train_loss: 2.93046 
test_loss: 2.83598 
train_loss: 2.42717 
test_loss: 2.80455 
train_loss: 2.18946 
test_loss: 2.81455 
train_loss: 3.47863 
test_loss: 2.83731 
train_loss: 2.81635 
test_loss: 2.81048 
train_loss: 2.60104 
test_loss: 2.82249 
train_loss: 2.32652 
test_loss: 2.85397 
train_loss: 2.77428 
test_loss: 2.80055 
train_loss: 2.62106 
test_loss: 2.80645 
train_loss: 3.10169 
test_loss: 2.80327 
train_loss: 2.94274 
test_loss: 2.80975 
train_loss: 2.4682 
test_loss: 2.81162 
train_loss: 3.11747 
test_loss: 2.84979 
train_loss: 2.8678 
test_loss: 2.82918 
train_loss: 3.17378 
test_loss: 2.84215 
train_loss: 3.10628 
test_loss: 2.85771 
train_loss: 2.22549 
test_loss: 2.84288 
train_loss: 2.34399 
test_loss: 2.8638 
train_loss: 2.44478 
test_loss: 2.82752 
train_loss: 2.25342 
test_loss: 2.81905 
train_loss: 3.2472 
test_loss: 2.81664 
train_loss: 3.47052 
test_loss: 2.81827 
train_loss: 2.40821 
test_loss: 2.83973 
train_loss: 2.79293 
test_loss: 2.8301 
train_loss: 2.4417 
test_loss: 2.82082 
train_loss: 2.54413 
test_loss: 2.79285 
train_loss: 5.41918 
test_loss: 2.84538 
train_loss: 2.54819 
test_loss: 2.78565 
train_loss: 2.15006 
test_loss: 2.85571 
train_loss: 2.48158 
test_loss: 2.84174 
train_loss: 3.11591 
test_loss: 2.78585 
train_loss: 2.91812 
test_loss: 2.83192 
train_loss: 3.8965 
test_loss: 2.86718 
train_loss: 3.92923 
test_loss: 2.81937 
train_loss: 2.98342 
test_loss: 2.84966 
train_loss: 2.10136 
test_loss: 2.85354 
train_loss: 2.38508 
test_loss: 2.80528 
train_loss: 2.72628 
test_loss: 2.77781 
train_loss: 2.39179 
test_loss: 2.8166 
train_loss: 2.49011 
test_loss: 2.84229 
train_loss: 2.26478 
test_loss: 2.82341 
train_loss: 2.24744 
test_loss: 2.83228 
train_loss: 2.72745 
test_loss: 2.81645 
train_loss: 2.34651 
test_loss: 2.81638 
train_loss: 3.25267 
test_loss: 2.85553 
train_loss: 3.09726 
test_loss: 2.80398 
train_loss: 3.24269 
test_loss: 2.80909 
train_loss: 2.48406 
test_loss: 2.81555 
train_loss: 2.80398 
test_loss: 2.80988 
train_loss: 2.90444 
test_loss: 2.83354 
train_loss: 2.35234 
test_loss: 2.81144 
train_loss: 2.53557 
test_loss: 2.84025 
train_loss: 2.45945 
test_loss: 2.82707 
train_loss: 3.98488 
test_loss: 2.81603 
train_loss: 2.89827 
test_loss: 2.8277 
train_loss: 2.77201 
test_loss: 2.82717 
train_loss: 2.38647 
test_loss: 2.81657 
train_loss: 2.72046 
test_loss: 2.82908 
train_loss: 2.38935 
test_loss: 2.80819 
train_loss: 2.35354 
test_loss: 2.8118 
train_loss: 2.54002 
test_loss: 2.83044 
train_loss: 2.82872 
test_loss: 2.82191 
train_loss: 2.30131 
test_loss: 2.79808 
train_loss: 2.34736 
test_loss: 2.82647 
train_loss: 3.15409 
test_loss: 2.83286 
train_loss: 2.39 
test_loss: 2.78851 
train_loss: 2.32764 
test_loss: 2.77858 
train_loss: 2.14097 
test_loss: 2.81647 
train_loss: 2.60991 
test_loss: 2.8352 
train_loss: 2.49688 
test_loss: 2.78822 
train_loss: 2.37211 
test_loss: 2.81991 
train_loss: 2.36805 
test_loss: 2.75625 
train_loss: 2.36816 
test_loss: 2.80446 
train_loss: 2.04563 
test_loss: 2.82959 
train_loss: 3.27302 
test_loss: 2.79227 
train_loss: 2.42701 
test_loss: 2.80425 
train_loss: 2.81336 
test_loss: 2.84115 
train_loss: 2.71821 
test_loss: 2.81895 
train_loss: 3.4198 
test_loss: 2.78629 
train_loss: 2.62977 
test_loss: 2.80031 
train_loss: 2.81726 
test_loss: 2.79255 
train_loss: 3.00033 
test_loss: 2.78377 
train_loss: 3.87722 
test_loss: 2.81335 
train_loss: 2.60566 
test_loss: 2.82182 
train_loss: 2.38307 
test_loss: 2.80363 
train_loss: 3.12652 
test_loss: 2.78799 
train_loss: 2.52934 
test_loss: 2.79715 
train_loss: 2.35728 
test_loss: 2.79893 
train_loss: 2.45858 
test_loss: 2.78371 
train_loss: 2.82127 
test_loss: 2.81222 
train_loss: 2.11084 
test_loss: 2.76764 
train_loss: 2.648 
test_loss: 2.77535 
train_loss: 2.93222 
test_loss: 2.81842 
train_loss: 2.36612 
test_loss: 2.77638 
train_loss: 2.31504 
test_loss: 2.78594 
train_loss: 2.17908 
test_loss: 2.77153 
train_loss: 2.61563 
test_loss: 2.79146 
train_loss: 2.2393 
test_loss: 2.7845 
train_loss: 2.13076 
test_loss: 2.7645 
train_loss: 2.91981 
test_loss: 2.7358 
train_loss: 3.80239 
test_loss: 2.72413 
train_loss: 2.47441 
test_loss: 2.77781 
train_loss: 2.48846 
test_loss: 2.75314 
train_loss: 2.84718 
test_loss: 2.77208 
train_loss: 2.93739 
test_loss: 2.73752 
train_loss: 3.08511 
test_loss: 2.74324 
train_loss: 2.39579 
test_loss: 2.77138 
train_loss: 2.38564 
test_loss: 2.74872 
train_loss: 3.10772 
test_loss: 2.73577 
train_loss: 2.71547 
test_loss: 2.73301 
train_loss: 2.45012 
test_loss: 2.75445 
train_loss: 2.71424 
test_loss: 2.70666 
train_loss: 3.1115 
test_loss: 2.7071 
train_loss: 2.11113 
test_loss: 2.73401 
train_loss: 3.00568 
test_loss: 2.71908 
train_loss: 2.15869 
test_loss: 2.69135 
train_loss: 2.55495 
test_loss: 2.72594 
train_loss: 2.73463 
test_loss: 2.70328 
train_loss: 2.95015 
test_loss: 2.69398 
train_loss: 2.1867 
test_loss: 2.72076 
train_loss: 2.92255 
test_loss: 2.68081 
train_loss: 2.65595 
test_loss: 2.69629 
train_loss: 2.8657 
test_loss: 2.69385 
train_loss: 3.0725 
test_loss: 2.65218 
train_loss: 2.33977 
test_loss: 2.65666 
train_loss: 2.72178 
test_loss: 2.63013 
train_loss: 2.06089 
test_loss: 2.65079 
train_loss: 2.59387 
test_loss: 2.64204 
train_loss: 2.77032 
test_loss: 2.63142 
train_loss: 2.84889 
test_loss: 2.59809 
train_loss: 2.78114 
test_loss: 2.60302 
train_loss: 2.07858 
test_loss: 2.60159 
train_loss: 2.96995 
test_loss: 2.55336 
train_loss: 2.57721 
test_loss: 2.60615 
train_loss: 2.17208 
test_loss: 2.55277 
train_loss: 2.25255 
test_loss: 2.5655 
train_loss: 2.47644 
test_loss: 2.53211 
train_loss: 2.58728 
test_loss: 2.52024 
train_loss: 2.32168 
test_loss: 2.52704 
train_loss: 3.07623 
test_loss: 2.51108 
train_loss: 2.35555 
test_loss: 2.51657 
train_loss: 2.01481 
test_loss: 2.47778 
train_loss: 2.75054 
test_loss: 2.48858 
train_loss: 2.2464 
test_loss: 2.43698 
train_loss: 2.63534 
test_loss: 2.46493 
train_loss: 2.34755 
test_loss: 2.40908 
train_loss: 2.68739 
test_loss: 2.40512 
train_loss: 2.47725 
test_loss: 2.39381 
train_loss: 2.09088 
test_loss: 2.41228 
train_loss: 2.02703 
test_loss: 2.39148 
train_loss: 2.31791 
test_loss: 2.35637 
train_loss: 1.92976 
test_loss: 2.35978 
train_loss: 2.43399 
test_loss: 2.31451 
train_loss: 2.21293 
test_loss: 2.31584 
train_loss: 2.98934 
test_loss: 2.28682 
train_loss: 2.09301 
test_loss: 2.27796 
train_loss: 2.06558 
test_loss: 2.24147 
train_loss: 2.1426 
test_loss: 2.21749 
train_loss: 1.96737 
test_loss: 2.20254 
train_loss: 2.2362 
test_loss: 2.19658 
train_loss: 2.22426 
test_loss: 2.17397 
train_loss: 1.97317 
test_loss: 2.15017 
train_loss: 2.10089 
test_loss: 2.1206 
train_loss: 1.96305 
test_loss: 2.10744 
train_loss: 2.03441 
test_loss: 2.06613 
train_loss: 1.93203 
test_loss: 2.05765 
train_loss: 2.04053 
test_loss: 2.03943 
train_loss: 2.05879 
test_loss: 2.01869 
train_loss: 2.11498 
test_loss: 1.97539 
train_loss: 1.94343 
test_loss: 1.96129 
train_loss: 1.88928 
test_loss: 1.94732 
train_loss: 1.93634 
test_loss: 1.91677 
train_loss: 1.94921 
test_loss: 1.88756 
train_loss: 1.94584 
test_loss: 1.86316 
train_loss: 1.84704 
test_loss: 1.84901 
train_loss: 1.63457 
test_loss: 1.80684 
train_loss: 1.87703 
test_loss: 1.77824 
train_loss: 1.55607 
test_loss: 1.75726 
train_loss: 1.58507 
test_loss: 1.73281 
train_loss: 1.78077 
test_loss: 1.69856 
train_loss: 1.71528 
test_loss: 1.6641 
train_loss: 1.56651 
test_loss: 1.64345 
train_loss: 1.5318 
test_loss: 1.62179 
train_loss: 1.59522 
test_loss: 1.57969 
train_loss: 1.49268 
test_loss: 1.5597 
train_loss: 1.54898 
test_loss: 1.52846 
train_loss: 1.55629 
test_loss: 1.50869 
train_loss: 1.47924 
test_loss: 1.48636 
train_loss: 1.44094 
test_loss: 1.45189 
train_loss: 1.40813 
test_loss: 1.43743 
train_loss: 1.42813 
test_loss: 1.41421 
train_loss: 1.39353 
test_loss: 1.39163 
train_loss: 1.25131 
test_loss: 1.37282 
train_loss: 1.4628 
test_loss: 1.35023 
train_loss: 1.383 
test_loss: 1.32475 
train_loss: 1.2772 
test_loss: 1.30997 
train_loss: 1.20419 
test_loss: 1.28615 
train_loss: 1.21293 
test_loss: 1.26638 
train_loss: 1.35787 
test_loss: 1.24819 
train_loss: 1.29877 
test_loss: 1.23341 
train_loss: 1.18688 
test_loss: 1.20506 
train_loss: 1.19382 
test_loss: 1.19025 
train_loss: 1.18478 
test_loss: 1.16571 
train_loss: 1.21478 
test_loss: 1.1497 
train_loss: 1.10023 
test_loss: 1.1277 
train_loss: 1.0373 
test_loss: 1.107 
train_loss: 1.07702 
test_loss: 1.08991 
train_loss: 1.04632 
test_loss: 1.07474 
train_loss: 1.058 
test_loss: 1.05731 
train_loss: 0.993607 
test_loss: 1.04265 
train_loss: 1.0005 
test_loss: 1.02391 
train_loss: 0.952388 
test_loss: 1.00727 
train_loss: 1.02907 
test_loss: 0.990515 
train_loss: 0.966349 
test_loss: 0.973432 
train_loss: 0.929394 
test_loss: 0.962531 
train_loss: 0.986811 
test_loss: 0.94625 
train_loss: 0.909584 
test_loss: 0.927533 
train_loss: 0.837285 
test_loss: 0.917278 
train_loss: 0.909867 
test_loss: 0.898237 
train_loss: 0.866187 
test_loss: 0.880574 
train_loss: 0.846192 
test_loss: 0.863553 
train_loss: 0.830052 
test_loss: 0.850656 
train_loss: 0.800402 
test_loss: 0.831886 
train_loss: 0.822952 
test_loss: 0.820699 
train_loss: 0.809293 
test_loss: 0.802513 
train_loss: 0.794531 
test_loss: 0.787206 
train_loss: 0.775495 
test_loss: 0.772818 
train_loss: 0.747393 
test_loss: 0.760269 
train_loss: 0.733913 
test_loss: 0.747688 
train_loss: 0.732324 
test_loss: 0.73229 
train_loss: 0.712269 
test_loss: 0.718818 
train_loss: 0.705915 
test_loss: 0.706554 
train_loss: 0.697494 
test_loss: 0.693127 
train_loss: 0.665846 
test_loss: 0.681307 
train_loss: 0.647492 
test_loss: 0.668135 
train_loss: 0.644515 
test_loss: 0.655264 
train_loss: 0.633925 
test_loss: 0.641154 
train_loss: 0.615864 
test_loss: 0.629534 
train_loss: 0.608953 
test_loss: 0.615839 
train_loss: 0.617646 
test_loss: 0.603984 
train_loss: 0.588016 
test_loss: 0.592209 
train_loss: 0.548973 
test_loss: 0.578934 
train_loss: 0.559735 
test_loss: 0.564571 
train_loss: 0.560532 
test_loss: 0.553398 
train_loss: 0.552139 
test_loss: 0.540013 
train_loss: 0.538616 
test_loss: 0.525743 
train_loss: 0.527506 
test_loss: 0.515363 
train_loss: 0.507107 
test_loss: 0.501625 
train_loss: 0.480782 
test_loss: 0.488362 
train_loss: 0.479019 
test_loss: 0.476871 
train_loss: 0.467674 
test_loss: 0.464395 
train_loss: 0.455958 
test_loss: 0.453079 
train_loss: 0.430217 
test_loss: 0.440185 
train_loss: 0.415268 
test_loss: 0.427264 
train_loss: 0.419556 
test_loss: 0.416105 
train_loss: 0.396912 
test_loss: 0.402306 
train_loss: 0.388629 
test_loss: 0.388967 
train_loss: 0.383962 
test_loss: 0.376191 
train_loss: 0.363702 
test_loss: 0.363278 
train_loss: 0.367117 
test_loss: 0.350646 
train_loss: 0.34644 
test_loss: 0.338968 
train_loss: 0.324452 
test_loss: 0.324862 
train_loss: 0.310701 
test_loss: 0.313173 
train_loss: 0.307992 
test_loss: 0.301667 
train_loss: 0.294876 
test_loss: 0.291673 
train_loss: 0.284818 
test_loss: 0.281839 
train_loss: 0.272336 
test_loss: 0.27275 
train_loss: 0.262353 
test_loss: 0.263825 
train_loss: 0.253371 
test_loss: 0.254685 
train_loss: 0.244643 
test_loss: 0.245671 
train_loss: 0.235217 
test_loss: 0.236652 
train_loss: 0.231823 
test_loss: 0.228114 
train_loss: 0.216574 
test_loss: 0.218963 
train_loss: 0.217395 
test_loss: 0.209698 
train_loss: 0.199349 
test_loss: 0.201088 
train_loss: 0.196041 
test_loss: 0.192196 
train_loss: 0.185904 
test_loss: 0.182669 
train_loss: 0.164517 
test_loss: 0.173998 
train_loss: 0.174834 
test_loss: 0.163692 
train_loss: 0.14565 
test_loss: 0.154714 
train_loss: 0.139828 
test_loss: 0.145618 
train_loss: 0.130305 
test_loss: 0.136867 
train_loss: 0.123701 
test_loss: 0.12874 
train_loss: 0.12355 
test_loss: 0.121841 
train_loss: 0.115268 
test_loss: 0.116248 
train_loss: 0.110345 
test_loss: 0.111477 
train_loss: 0.104605 
test_loss: 0.108168 
train_loss: 0.0991821 
test_loss: 0.104376 
train_loss: 0.103109 
test_loss: 0.101835 
train_loss: 0.0974128 
test_loss: 0.100167 
train_loss: 0.0955132 
test_loss: 0.0993772 
train_loss: 0.100209 
test_loss: 0.0972376 
train_loss: 0.0998266 
test_loss: 0.097234 
train_loss: 0.0993364 
test_loss: 0.096516 
train_loss: 0.0963295 
test_loss: 0.0959584 
train_loss: 0.0940912 
test_loss: 0.0950042 
train_loss: 0.0946892 
test_loss: 0.0953246 
train_loss: 0.094187 
test_loss: 0.0942672 
train_loss: 0.0932446 
test_loss: 0.0947097 
train_loss: 0.0967979 
test_loss: 0.0943846 
train_loss: 0.0920817 
test_loss: 0.093679 
train_loss: 0.0923575 
test_loss: 0.0936774 
train_loss: 0.0940694 
test_loss: 0.0941057 
train_loss: 0.0929204 
test_loss: 0.093998 
train_loss: 0.092788 
test_loss: 0.0938018 
train_loss: 0.0900355 
test_loss: 0.0941484 
train_loss: 0.0944046 
test_loss: 0.0931614 
train_loss: 0.0964433 
test_loss: 0.0939746 
train_loss: 0.0894217 
test_loss: 0.0931648 
train_loss: 0.0884347 
test_loss: 0.0932415 
train_loss: 0.0901086 
test_loss: 0.093036 
train_loss: 0.0923828 
test_loss: 0.09379 
train_loss: 0.0933987 
test_loss: 0.0935022 
train_loss: 0.0934566 
test_loss: 0.0931463 
train_loss: 0.0932081 
test_loss: 0.0933603 
train_loss: 0.0926593 
test_loss: 0.0930833 
train_loss: 0.0915075 
test_loss: 0.0933188 
train_loss: 0.0927954 
test_loss: 0.0934449 
train_loss: 0.0907653 
test_loss: 0.0934409 
