train_loss: 533.85 
test_loss: 825.007 
train_loss: 466.868 
test_loss: 588.425 
train_loss: 460.896 
test_loss: 682.288 
train_loss: 290.128 
test_loss: 574.448 
train_loss: 303.603 
test_loss: 948.481 
train_loss: 781.518 
test_loss: 610.159 
train_loss: 505.314 
test_loss: 8875.66 
train_loss: 598.169 
test_loss: 909.888 
train_loss: 348.692 
test_loss: 846.735 
train_loss: 698.309 
test_loss: 731.548 
train_loss: 386.631 
test_loss: 782.366 
train_loss: 829.669 
test_loss: 843.271 
train_loss: 469.073 
test_loss: 733.303 
train_loss: 729.842 
test_loss: 587.797 
train_loss: 633.979 
test_loss: 749.054 
train_loss: 346.744 
test_loss: 29065.4 
train_loss: 129.137 
test_loss: 680.514 
train_loss: 365.59 
test_loss: 1524.92 
train_loss: 208.998 
test_loss: 620.337 
train_loss: 645.954 
test_loss: 526.977 
train_loss: 2.74226 
test_loss: 4.27347 
train_loss: 5.02645 
test_loss: 4.32037 
train_loss: 4.4625 
test_loss: 4.24983 
train_loss: 6.22596 
test_loss: 4.19632 
train_loss: 3.86835 
test_loss: 4.2097 
train_loss: 5.18064 
test_loss: 4.13135 
train_loss: 3.68968 
test_loss: 4.16457 
train_loss: 3.52345 
test_loss: 4.2179 
train_loss: 2.77302 
test_loss: 4.26875 
train_loss: 3.17774 
test_loss: 4.22392 
train_loss: 4.93357 
test_loss: 4.12476 
train_loss: 2.82824 
test_loss: 4.25011 
train_loss: 2.56551 
test_loss: 4.14769 
train_loss: 3.90373 
test_loss: 4.19028 
train_loss: 2.85911 
test_loss: 4.20321 
train_loss: 5.1717 
test_loss: 4.22364 
train_loss: 4.99196 
test_loss: 4.15667 
train_loss: 5.96748 
test_loss: 4.22708 
train_loss: 2.53412 
test_loss: 4.21197 
train_loss: 4.4984 
test_loss: 4.30139 
train_loss: 2.86445 
test_loss: 4.26482 
train_loss: 2.83378 
test_loss: 4.22278 
train_loss: 5.24949 
test_loss: 4.25339 
train_loss: 4.99887 
test_loss: 4.21512 
train_loss: 5.4497 
test_loss: 4.2089 
train_loss: 4.74805 
test_loss: 4.27982 
train_loss: 3.6593 
test_loss: 4.2408 
train_loss: 4.92733 
test_loss: 4.12175 
train_loss: 3.88637 
test_loss: 4.1207 
train_loss: 4.98174 
test_loss: 4.05463 
train_loss: 3.14869 
test_loss: 4.16864 
train_loss: 7.1376 
test_loss: 4.2754 
train_loss: 3.74505 
test_loss: 4.27605 
train_loss: 4.88878 
test_loss: 4.15841 
train_loss: 3.7167 
test_loss: 4.19785 
train_loss: 5.50608 
test_loss: 4.22464 
train_loss: 4.08376 
test_loss: 4.23439 
train_loss: 3.2415 
test_loss: 4.19647 
train_loss: 3.69222 
test_loss: 4.17341 
train_loss: 4.33772 
test_loss: 4.22498 
train_loss: 6.51599 
test_loss: 4.23126 
train_loss: 3.07398 
test_loss: 4.3046 
train_loss: 5.06389 
test_loss: 4.23887 
train_loss: 6.32286 
test_loss: 4.2587 
train_loss: 2.5971 
test_loss: 4.19297 
train_loss: 4.29941 
test_loss: 4.1352 
train_loss: 2.3507 
test_loss: 4.28444 
train_loss: 5.82131 
test_loss: 4.29084 
train_loss: 3.68124 
test_loss: 4.24548 
train_loss: 4.46041 
test_loss: 4.18623 
train_loss: 5.24138 
test_loss: 4.26139 
train_loss: 3.86964 
test_loss: 4.20327 
train_loss: 3.16522 
test_loss: 4.23288 
train_loss: 6.12421 
test_loss: 4.26838 
train_loss: 4.79542 
test_loss: 4.20471 
train_loss: 3.8815 
test_loss: 4.11743 
train_loss: 7.08001 
test_loss: 4.20855 
train_loss: 2.85688 
test_loss: 4.21483 
train_loss: 4.50726 
test_loss: 4.12181 
train_loss: 3.04855 
test_loss: 4.20615 
train_loss: 4.04481 
test_loss: 4.2332 
train_loss: 3.13439 
test_loss: 4.14915 
train_loss: 4.24064 
test_loss: 4.28604 
train_loss: 3.09012 
test_loss: 4.18267 
train_loss: 5.40294 
test_loss: 4.23458 
train_loss: 6.47609 
test_loss: 4.17381 
train_loss: 3.44415 
test_loss: 4.20727 
train_loss: 5.33773 
test_loss: 4.21118 
train_loss: 3.01894 
test_loss: 4.14534 
train_loss: 3.97123 
test_loss: 4.20763 
train_loss: 4.5733 
test_loss: 4.20621 
train_loss: 4.96219 
test_loss: 4.16408 
train_loss: 4.15616 
test_loss: 4.21703 
train_loss: 5.20187 
test_loss: 4.23642 
train_loss: 5.88917 
test_loss: 4.25942 
train_loss: 3.97738 
test_loss: 4.30652 
train_loss: 5.17194 
test_loss: 4.17263 
train_loss: 3.92795 
test_loss: 4.20656 
train_loss: 2.8946 
test_loss: 4.16175 
train_loss: 3.64512 
test_loss: 4.23267 
train_loss: 3.4264 
test_loss: 4.24342 
train_loss: 2.89342 
test_loss: 4.23955 
train_loss: 3.66823 
test_loss: 4.2473 
train_loss: 5.45034 
test_loss: 4.23128 
train_loss: 6.23791 
test_loss: 4.23397 
train_loss: 6.29393 
test_loss: 4.21069 
train_loss: 7.14994 
test_loss: 4.22699 
train_loss: 4.29474 
test_loss: 4.17692 
train_loss: 5.18482 
test_loss: 4.1756 
train_loss: 7.88212 
test_loss: 4.23702 
train_loss: 2.48077 
test_loss: 4.20986 
train_loss: 4.49476 
test_loss: 4.22536 
train_loss: 6.8568 
test_loss: 4.23351 
train_loss: 4.91968 
test_loss: 4.24582 
train_loss: 5.19115 
test_loss: 4.21649 
train_loss: 3.94107 
test_loss: 4.23612 
train_loss: 3.73727 
test_loss: 4.23762 
train_loss: 4.58707 
test_loss: 4.27555 
train_loss: 4.10332 
test_loss: 4.22424 
train_loss: 5.66235 
test_loss: 4.25611 
train_loss: 7.83452 
test_loss: 4.35437 
train_loss: 5.59353 
test_loss: 4.27421 
train_loss: 3.90092 
test_loss: 4.18457 
train_loss: 2.40248 
test_loss: 4.17906 
train_loss: 4.90348 
test_loss: 4.14228 
train_loss: 3.59511 
test_loss: 4.1992 
train_loss: 4.10537 
test_loss: 4.23302 
train_loss: 3.33592 
test_loss: 4.24361 
train_loss: 4.24546 
test_loss: 4.20162 
train_loss: 3.59109 
test_loss: 4.11386 
train_loss: 2.92589 
test_loss: 4.19152 
train_loss: 3.55407 
test_loss: 4.20294 
train_loss: 2.11504 
test_loss: 4.26436 
train_loss: 2.89687 
test_loss: 4.29545 
train_loss: 2.33427 
test_loss: 4.22114 
train_loss: 5.40262 
test_loss: 4.09374 
train_loss: 6.27203 
test_loss: 4.23016 
train_loss: 6.28208 
test_loss: 4.15082 
train_loss: 3.98268 
test_loss: 4.25841 
train_loss: 3.14086 
test_loss: 4.20233 
train_loss: 3.65388 
test_loss: 4.25284 
train_loss: 4.83311 
test_loss: 4.18264 
train_loss: 5.10796 
test_loss: 4.249 
train_loss: 5.60686 
test_loss: 4.13237 
train_loss: 4.18299 
test_loss: 4.19815 
train_loss: 2.8468 
test_loss: 4.1884 
train_loss: 2.86932 
test_loss: 4.21876 
train_loss: 4.51245 
test_loss: 4.2353 
train_loss: 4.19454 
test_loss: 4.22663 
train_loss: 7.70072 
test_loss: 4.22895 
train_loss: 5.2848 
test_loss: 4.21099 
train_loss: 3.05284 
test_loss: 4.21323 
train_loss: 5.0468 
test_loss: 4.28563 
train_loss: 7.50575 
test_loss: 4.17104 
train_loss: 5.9618 
test_loss: 4.20711 
train_loss: 6.08424 
test_loss: 4.18053 
train_loss: 4.75708 
test_loss: 4.1363 
train_loss: 4.76928 
test_loss: 4.20766 
train_loss: 3.69353 
test_loss: 4.2435 
train_loss: 3.24262 
test_loss: 4.3175 
train_loss: 4.10665 
test_loss: 4.26645 
train_loss: 2.62373 
test_loss: 4.20679 
train_loss: 3.18773 
test_loss: 4.10524 
train_loss: 3.04957 
test_loss: 4.24373 
train_loss: 3.09204 
test_loss: 4.10516 
train_loss: 3.98912 
test_loss: 4.10683 
train_loss: 4.54144 
test_loss: 4.1764 
train_loss: 6.07858 
test_loss: 4.20382 
train_loss: 3.57348 
test_loss: 4.21018 
train_loss: 3.10231 
test_loss: 4.20462 
train_loss: 6.0838 
test_loss: 4.08366 
train_loss: 4.27366 
test_loss: 4.11573 
train_loss: 5.05319 
test_loss: 4.13012 
train_loss: 4.88307 
test_loss: 4.18103 
train_loss: 6.29424 
test_loss: 4.12724 
train_loss: 3.95424 
test_loss: 4.17477 
train_loss: 4.00994 
test_loss: 4.13241 
train_loss: 6.13098 
test_loss: 4.14069 
train_loss: 4.81747 
test_loss: 4.15634 
train_loss: 7.84031 
test_loss: 4.09016 
train_loss: 5.89378 
test_loss: 4.15762 
train_loss: 5.04594 
test_loss: 4.11718 
train_loss: 2.25236 
test_loss: 4.09992 
train_loss: 4.70374 
test_loss: 4.1865 
train_loss: 3.72663 
test_loss: 4.16847 
train_loss: 2.77814 
test_loss: 4.13628 
train_loss: 3.62094 
test_loss: 4.13801 
train_loss: 3.80026 
test_loss: 4.06385 
train_loss: 3.37193 
test_loss: 4.06701 
train_loss: 7.58239 
test_loss: 4.05503 
train_loss: 4.82653 
test_loss: 4.10517 
train_loss: 4.95047 
test_loss: 4.09221 
train_loss: 6.2867 
test_loss: 4.11804 
train_loss: 4.14422 
test_loss: 4.11905 
train_loss: 3.97592 
test_loss: 4.05305 
train_loss: 3.67828 
test_loss: 4.14744 
train_loss: 4.79025 
test_loss: 4.03204 
train_loss: 4.19145 
test_loss: 3.95213 
train_loss: 6.84576 
test_loss: 4.04716 
train_loss: 4.69515 
test_loss: 3.93322 
train_loss: 4.88418 
test_loss: 4.00442 
train_loss: 3.30728 
test_loss: 4.02194 
train_loss: 2.5127 
test_loss: 3.90138 
train_loss: 2.85686 
test_loss: 3.90907 
train_loss: 4.63166 
test_loss: 4.01567 
train_loss: 4.82669 
test_loss: 3.95447 
train_loss: 3.6536 
test_loss: 3.94104 
train_loss: 4.62046 
test_loss: 3.92385 
train_loss: 3.37733 
test_loss: 3.86135 
train_loss: 3.65824 
test_loss: 3.91027 
train_loss: 5.64502 
test_loss: 3.82758 
train_loss: 4.25355 
test_loss: 3.81556 
train_loss: 3.70799 
test_loss: 3.8391 
train_loss: 3.73609 
test_loss: 3.82372 
train_loss: 2.98438 
test_loss: 3.86385 
train_loss: 2.73072 
test_loss: 3.79352 
train_loss: 4.4122 
test_loss: 3.80385 
train_loss: 2.77882 
test_loss: 3.79819 
train_loss: 2.72835 
test_loss: 3.69748 
train_loss: 3.37987 
test_loss: 3.74223 
train_loss: 3.12702 
test_loss: 3.68721 
train_loss: 2.97166 
test_loss: 3.69557 
train_loss: 4.51623 
test_loss: 3.66126 
train_loss: 4.36604 
test_loss: 3.59732 
train_loss: 3.6988 
test_loss: 3.60904 
train_loss: 2.98893 
test_loss: 3.60002 
train_loss: 3.63484 
test_loss: 3.55293 
train_loss: 2.44489 
test_loss: 3.58848 
train_loss: 3.91791 
test_loss: 3.39107 
train_loss: 2.56828 
test_loss: 3.48601 
train_loss: 3.38368 
test_loss: 3.46405 
train_loss: 2.72384 
test_loss: 3.43131 
train_loss: 3.30032 
test_loss: 3.39429 
train_loss: 3.78312 
test_loss: 3.34636 
train_loss: 4.03466 
test_loss: 3.37495 
train_loss: 4.41532 
test_loss: 3.32246 
train_loss: 2.95115 
test_loss: 3.25338 
train_loss: 5.47595 
test_loss: 3.20839 
train_loss: 2.52686 
test_loss: 3.25638 
train_loss: 3.53163 
test_loss: 3.12928 
train_loss: 3.57001 
test_loss: 3.14721 
train_loss: 2.29655 
test_loss: 3.14603 
train_loss: 2.86483 
test_loss: 3.12616 
train_loss: 4.07523 
test_loss: 2.98621 
train_loss: 2.68481 
test_loss: 3.0378 
train_loss: 3.08749 
test_loss: 2.97997 
train_loss: 3.54827 
test_loss: 2.95549 
train_loss: 3.11309 
test_loss: 2.91102 
train_loss: 2.91177 
test_loss: 2.87556 
train_loss: 2.5324 
test_loss: 2.83054 
train_loss: 3.79057 
test_loss: 2.82155 
train_loss: 3.19542 
test_loss: 2.77412 
train_loss: 2.97197 
test_loss: 2.76304 
train_loss: 2.67877 
test_loss: 2.68016 
train_loss: 3.11379 
test_loss: 2.6875 
train_loss: 2.33639 
test_loss: 2.58718 
train_loss: 2.73371 
test_loss: 2.56857 
train_loss: 2.35355 
test_loss: 2.538 
train_loss: 2.40583 
test_loss: 2.5193 
train_loss: 3.08182 
test_loss: 2.46025 
train_loss: 2.85511 
test_loss: 2.44314 
train_loss: 1.91671 
test_loss: 2.41733 
train_loss: 1.90675 
test_loss: 2.35925 
train_loss: 2.86999 
test_loss: 2.35702 
train_loss: 2.4374 
test_loss: 2.29327 
train_loss: 2.61004 
test_loss: 2.26807 
train_loss: 2.25234 
test_loss: 2.25578 
train_loss: 3.1507 
test_loss: 2.23421 
train_loss: 2.09684 
test_loss: 2.17955 
train_loss: 2.13838 
test_loss: 2.18502 
train_loss: 2.2452 
test_loss: 2.14528 
train_loss: 2.11197 
test_loss: 2.10524 
train_loss: 1.96408 
test_loss: 2.09806 
train_loss: 2.44391 
test_loss: 2.07093 
train_loss: 1.96291 
test_loss: 2.04345 
train_loss: 1.86873 
test_loss: 2.01791 
train_loss: 2.09417 
test_loss: 2.00134 
train_loss: 2.03113 
test_loss: 1.94868 
train_loss: 1.94737 
test_loss: 1.94566 
train_loss: 1.96045 
test_loss: 1.90486 
train_loss: 1.9857 
test_loss: 1.90715 
train_loss: 2.04894 
test_loss: 1.86857 
train_loss: 1.74512 
test_loss: 1.84408 
train_loss: 1.81585 
test_loss: 1.83511 
train_loss: 2.08972 
test_loss: 1.78916 
train_loss: 2.00959 
test_loss: 1.78964 
train_loss: 1.61741 
test_loss: 1.76411 
train_loss: 1.98887 
test_loss: 1.7402 
train_loss: 1.6468 
test_loss: 1.71935 
train_loss: 1.66515 
test_loss: 1.69855 
train_loss: 1.7686 
test_loss: 1.66721 
train_loss: 1.49633 
test_loss: 1.63799 
train_loss: 1.8292 
test_loss: 1.61958 
train_loss: 1.53729 
test_loss: 1.59043 
train_loss: 1.57296 
test_loss: 1.58417 
train_loss: 1.68529 
test_loss: 1.56012 
train_loss: 1.52144 
test_loss: 1.54401 
train_loss: 1.48788 
test_loss: 1.51813 
train_loss: 1.45924 
test_loss: 1.50033 
train_loss: 1.51935 
test_loss: 1.47164 
train_loss: 1.47597 
test_loss: 1.45922 
train_loss: 1.28044 
test_loss: 1.4264 
train_loss: 1.32103 
test_loss: 1.41817 
train_loss: 1.31946 
test_loss: 1.39822 
train_loss: 1.43552 
test_loss: 1.37718 
train_loss: 1.30063 
test_loss: 1.35621 
train_loss: 1.33439 
test_loss: 1.34425 
train_loss: 1.33082 
test_loss: 1.31977 
train_loss: 1.29251 
test_loss: 1.29572 
train_loss: 1.20796 
test_loss: 1.27904 
train_loss: 1.28467 
test_loss: 1.26295 
train_loss: 1.36638 
test_loss: 1.24302 
train_loss: 1.31838 
test_loss: 1.22331 
train_loss: 1.1919 
test_loss: 1.20247 
train_loss: 1.0674 
test_loss: 1.18831 
train_loss: 1.22731 
test_loss: 1.16836 
train_loss: 1.04139 
test_loss: 1.14418 
train_loss: 1.09469 
test_loss: 1.1268 
train_loss: 1.18328 
test_loss: 1.10409 
train_loss: 1.12946 
test_loss: 1.08484 
train_loss: 0.977055 
test_loss: 1.0635 
train_loss: 0.979312 
test_loss: 1.04527 
train_loss: 1.00056 
test_loss: 1.02639 
train_loss: 1.05327 
test_loss: 1.00892 
train_loss: 1.05149 
test_loss: 0.990755 
train_loss: 1.0083 
test_loss: 0.970641 
train_loss: 0.957506 
test_loss: 0.948307 
train_loss: 0.962913 
test_loss: 0.932377 
train_loss: 0.928885 
test_loss: 0.911486 
train_loss: 0.938681 
test_loss: 0.89647 
train_loss: 0.838463 
test_loss: 0.876634 
train_loss: 0.874078 
test_loss: 0.858631 
train_loss: 0.838971 
test_loss: 0.844564 
train_loss: 0.786562 
test_loss: 0.826013 
train_loss: 0.788444 
test_loss: 0.808851 
train_loss: 0.799082 
test_loss: 0.792884 
train_loss: 0.771659 
test_loss: 0.773714 
train_loss: 0.754125 
test_loss: 0.757084 
train_loss: 0.749907 
test_loss: 0.741678 
train_loss: 0.718312 
test_loss: 0.724462 
train_loss: 0.71397 
test_loss: 0.709254 
train_loss: 0.699986 
test_loss: 0.693278 
train_loss: 0.696962 
test_loss: 0.678172 
train_loss: 0.64073 
test_loss: 0.662861 
train_loss: 0.643377 
test_loss: 0.645827 
train_loss: 0.629488 
test_loss: 0.630003 
train_loss: 0.602866 
test_loss: 0.614881 
train_loss: 0.597234 
test_loss: 0.59875 
train_loss: 0.576255 
test_loss: 0.582704 
train_loss: 0.567664 
test_loss: 0.567765 
train_loss: 0.552277 
test_loss: 0.552492 
train_loss: 0.535294 
test_loss: 0.53664 
train_loss: 0.512405 
test_loss: 0.52044 
train_loss: 0.504308 
test_loss: 0.50486 
train_loss: 0.503061 
test_loss: 0.488905 
train_loss: 0.459375 
test_loss: 0.472986 
train_loss: 0.461569 
test_loss: 0.45692 
train_loss: 0.441497 
test_loss: 0.440284 
train_loss: 0.434504 
test_loss: 0.424848 
train_loss: 0.405836 
test_loss: 0.408981 
train_loss: 0.391769 
test_loss: 0.393008 
train_loss: 0.387132 
test_loss: 0.377559 
train_loss: 0.352915 
test_loss: 0.361538 
train_loss: 0.341875 
test_loss: 0.34652 
train_loss: 0.339354 
test_loss: 0.331767 
train_loss: 0.312676 
test_loss: 0.317266 
train_loss: 0.308978 
test_loss: 0.302585 
train_loss: 0.279796 
test_loss: 0.288712 
train_loss: 0.268027 
test_loss: 0.274391 
train_loss: 0.262279 
test_loss: 0.261138 
train_loss: 0.239319 
test_loss: 0.247794 
train_loss: 0.222849 
test_loss: 0.235683 
train_loss: 0.2182 
test_loss: 0.223911 
train_loss: 0.215529 
test_loss: 0.212214 
train_loss: 0.200452 
test_loss: 0.20177 
train_loss: 0.193862 
test_loss: 0.190619 
train_loss: 0.176676 
test_loss: 0.180278 
train_loss: 0.173039 
test_loss: 0.170243 
train_loss: 0.158966 
test_loss: 0.160656 
train_loss: 0.14966 
test_loss: 0.151818 
train_loss: 0.147125 
test_loss: 0.143717 
train_loss: 0.136809 
test_loss: 0.136763 
train_loss: 0.13285 
test_loss: 0.130605 
train_loss: 0.127631 
test_loss: 0.124948 
train_loss: 0.123664 
test_loss: 0.120256 
train_loss: 0.115205 
test_loss: 0.116134 
train_loss: 0.10854 
test_loss: 0.112747 
train_loss: 0.108654 
test_loss: 0.109681 
train_loss: 0.107256 
test_loss: 0.106883 
train_loss: 0.101783 
test_loss: 0.105035 
train_loss: 0.0997153 
test_loss: 0.102968 
train_loss: 0.0993767 
test_loss: 0.10166 
train_loss: 0.103756 
test_loss: 0.100071 
train_loss: 0.0984395 
test_loss: 0.099102 
train_loss: 0.0995585 
test_loss: 0.0978421 
train_loss: 0.0975744 
test_loss: 0.0969578 
train_loss: 0.0954254 
test_loss: 0.0963116 
train_loss: 0.0972485 
test_loss: 0.0957725 
train_loss: 0.0955257 
test_loss: 0.0956264 
train_loss: 0.0910433 
test_loss: 0.0945892 
train_loss: 0.0921429 
test_loss: 0.0941183 
train_loss: 0.096599 
test_loss: 0.0940364 
train_loss: 0.0891232 
test_loss: 0.0937134 
train_loss: 0.0940513 
test_loss: 0.0933096 
train_loss: 0.0909684 
test_loss: 0.093053 
train_loss: 0.0963443 
test_loss: 0.0928992 
train_loss: 0.0888277 
test_loss: 0.0926467 
train_loss: 0.0895519 
test_loss: 0.0923014 
train_loss: 0.090796 
test_loss: 0.0925498 
train_loss: 0.0890315 
test_loss: 0.0918804 
train_loss: 0.0880202 
test_loss: 0.0915825 
train_loss: 0.0957299 
test_loss: 0.0914074 
train_loss: 0.0882626 
test_loss: 0.091319 
train_loss: 0.0922404 
test_loss: 0.090997 
train_loss: 0.0945251 
test_loss: 0.0908212 
train_loss: 0.0873672 
test_loss: 0.0904701 
train_loss: 0.0853326 
test_loss: 0.0912474 
train_loss: 0.0907322 
test_loss: 0.0907709 
train_loss: 0.0890342 
test_loss: 0.090645 
train_loss: 0.0910289 
test_loss: 0.0904983 
train_loss: 0.0888417 
test_loss: 0.0903317 
train_loss: 0.0893656 
test_loss: 0.0901754 
train_loss: 0.0921677 
test_loss: 0.0897977 
train_loss: 0.0930886 
test_loss: 0.0900643 
train_loss: 0.0882186 
test_loss: 0.0897349 
train_loss: 0.0921423 
test_loss: 0.0896328 
train_loss: 0.0858783 
test_loss: 0.089429 
train_loss: 0.0866033 
test_loss: 0.0886788 
train_loss: 0.0916979 
test_loss: 0.0885558 
train_loss: 0.0824904 
test_loss: 0.0884305 
train_loss: 0.0914127 
test_loss: 0.0886602 
train_loss: 0.084026 
test_loss: 0.0882355 
train_loss: 0.0897846 
test_loss: 0.0881347 
train_loss: 0.0873732 
test_loss: 0.0874731 
train_loss: 0.0897194 
test_loss: 0.0862569 
train_loss: 0.0875534 
test_loss: 0.0862155 
train_loss: 0.088755 
test_loss: 0.0851979 
train_loss: 0.085033 
test_loss: 0.0841594 
train_loss: 0.0872483 
test_loss: 0.0841424 
train_loss: 0.0846156 
test_loss: 0.082023 
train_loss: 0.0835153 
test_loss: 0.0813624 
train_loss: 0.077375 
test_loss: 0.0802268 
train_loss: 0.0774961 
test_loss: 0.0783709 
train_loss: 0.0756798 
test_loss: 0.0775436 
train_loss: 0.0768936 
test_loss: 0.0749925 
train_loss: 0.0749261 
test_loss: 0.0726139 
train_loss: 0.0720485 
test_loss: 0.0704835 
train_loss: 0.0689372 
test_loss: 0.0685373 
train_loss: 0.0640336 
test_loss: 0.0654034 
train_loss: 0.0637875 
test_loss: 0.0634474 
train_loss: 0.0633492 
test_loss: 0.0611769 
train_loss: 0.0586434 
test_loss: 0.0590347 
train_loss: 0.056942 
test_loss: 0.05794 
train_loss: 0.0548069 
test_loss: 0.0542412 
train_loss: 0.0520201 
test_loss: 0.0524734 
train_loss: 0.0470313 
test_loss: 0.0488478 
train_loss: 0.0466274 
test_loss: 0.0461143 
train_loss: 0.0460314 
test_loss: 0.0457746 
train_loss: 0.0413788 
test_loss: 0.041043 
train_loss: 0.03991 
test_loss: 0.0385531 
train_loss: 0.0382976 
test_loss: 0.036178 
train_loss: 0.0343116 
test_loss: 0.0353279 
train_loss: 0.0330187 
test_loss: 0.0334606 
train_loss: 0.0324155 
test_loss: 0.0323758 
train_loss: 0.0321154 
test_loss: 0.0324665 
train_loss: 0.0301833 
test_loss: 0.0310919 
train_loss: 0.031391 
test_loss: 0.0295026 
train_loss: 0.0276959 
test_loss: 0.0289197 
train_loss: 0.0286036 
test_loss: 0.028821 
train_loss: 0.0279054 
test_loss: 0.0274081 
train_loss: 0.0263526 
test_loss: 0.0262773 
train_loss: 0.0263513 
test_loss: 0.0259586 
train_loss: 0.0284863 
test_loss: 0.0263244 
train_loss: 0.0264071 
test_loss: 0.0258307 
train_loss: 0.0241528 
test_loss: 0.0249136 
train_loss: 0.0276483 
test_loss: 0.0265959 
train_loss: 0.0265017 
test_loss: 0.0252087 
train_loss: 0.0243227 
test_loss: 0.0243614 
train_loss: 0.0225098 
test_loss: 0.0238859 
train_loss: 0.0240004 
test_loss: 0.024035 
train_loss: 0.0230764 
test_loss: 0.0240213 
train_loss: 0.0253486 
test_loss: 0.0245232 
train_loss: 0.0235216 
test_loss: 0.0239371 
train_loss: 0.0246641 
test_loss: 0.0251092 
train_loss: 0.0250768 
test_loss: 0.0253232 
