train_loss: 429.747 
test_loss: 698.744 
train_loss: 84047.7 
test_loss: 314.14 
train_loss: 2.59611 
test_loss: 2.9692 
train_loss: 2.31937 
test_loss: 2.95062 
train_loss: 1.96635 
test_loss: 2.97716 
train_loss: 2.66386 
test_loss: 2.91455 
train_loss: 1.96074 
test_loss: 3.00241 
train_loss: 2.50622 
test_loss: 2.95101 
train_loss: 1.75861 
test_loss: 2.94256 
train_loss: 3.54195 
test_loss: 2.99184 
train_loss: 5.40485 
test_loss: 2.98326 
train_loss: 3.6469 
test_loss: 2.97264 
train_loss: 3.18628 
test_loss: 2.92166 
train_loss: 2.44855 
test_loss: 2.96383 
train_loss: 3.65686 
test_loss: 2.97214 
train_loss: 2.74025 
test_loss: 2.94186 
train_loss: 3.17625 
test_loss: 2.95196 
train_loss: 2.26512 
test_loss: 2.97283 
train_loss: 1.84304 
test_loss: 2.96532 
train_loss: 2.34815 
test_loss: 2.97394 
train_loss: 3.30263 
test_loss: 2.97009 
train_loss: 1.92468 
test_loss: 2.94152 
train_loss: 2.52325 
test_loss: 2.96997 
train_loss: 3.47939 
test_loss: 2.91471 
train_loss: 4.91694 
test_loss: 2.97575 
train_loss: 4.9966 
test_loss: 2.94725 
train_loss: 2.40074 
test_loss: 2.9557 
train_loss: 2.42929 
test_loss: 2.99503 
train_loss: 3.87606 
test_loss: 2.95792 
train_loss: 2.65281 
test_loss: 2.94102 
train_loss: 2.07487 
test_loss: 2.96701 
train_loss: 2.5477 
test_loss: 2.95663 
train_loss: 2.31461 
test_loss: 2.95187 
train_loss: 3.3257 
test_loss: 2.93731 
train_loss: 2.09786 
test_loss: 2.93223 
train_loss: 2.34552 
test_loss: 2.95499 
train_loss: 2.47231 
test_loss: 2.96438 
train_loss: 3.26794 
test_loss: 2.94339 
train_loss: 2.42488 
test_loss: 2.94259 
train_loss: 2.27691 
test_loss: 2.96662 
train_loss: 2.23447 
test_loss: 2.94992 
train_loss: 2.37636 
test_loss: 2.96737 
train_loss: 2.49759 
test_loss: 2.9308 
train_loss: 2.03499 
test_loss: 2.94273 
train_loss: 2.69433 
test_loss: 2.96746 
train_loss: 2.46378 
test_loss: 2.96861 
train_loss: 2.61623 
test_loss: 2.88964 
train_loss: 2.9478 
test_loss: 2.98766 
train_loss: 2.20352 
test_loss: 2.92634 
train_loss: 3.15495 
test_loss: 2.95361 
train_loss: 3.08228 
test_loss: 2.94686 
train_loss: 2.56517 
test_loss: 2.9858 
train_loss: 3.4703 
test_loss: 2.94371 
train_loss: 2.46059 
test_loss: 2.92742 
train_loss: 2.10124 
test_loss: 2.90549 
train_loss: 2.60927 
test_loss: 2.9633 
train_loss: 2.38461 
test_loss: 2.96974 
train_loss: 2.40314 
test_loss: 2.94235 
train_loss: 2.89119 
test_loss: 2.95381 
train_loss: 3.40196 
test_loss: 2.88532 
train_loss: 3.59841 
test_loss: 2.91709 
train_loss: 3.46337 
test_loss: 2.91352 
train_loss: 2.8854 
test_loss: 2.93662 
train_loss: 3.08511 
test_loss: 2.91371 
train_loss: 2.45414 
test_loss: 2.95452 
train_loss: 3.30624 
test_loss: 2.92817 
train_loss: 3.23471 
test_loss: 2.89005 
train_loss: 3.09185 
test_loss: 2.96149 
train_loss: 4.69438 
test_loss: 2.90096 
train_loss: 1.99077 
test_loss: 2.94922 
train_loss: 2.52792 
test_loss: 2.91925 
train_loss: 3.38682 
test_loss: 2.94238 
train_loss: 2.77639 
test_loss: 2.95817 
train_loss: 3.44986 
test_loss: 2.93981 
train_loss: 2.15193 
test_loss: 2.95249 
train_loss: 2.35228 
test_loss: 2.91864 
train_loss: 1.96131 
test_loss: 2.89695 
train_loss: 2.15498 
test_loss: 2.9039 
train_loss: 3.36981 
test_loss: 2.93214 
train_loss: 2.39194 
test_loss: 2.93779 
train_loss: 2.44866 
test_loss: 2.89602 
train_loss: 3.4609 
test_loss: 2.88301 
train_loss: 4.65104 
test_loss: 2.91395 
train_loss: 3.64429 
test_loss: 2.94019 
train_loss: 3.39363 
test_loss: 2.96684 
train_loss: 3.06255 
test_loss: 2.89524 
train_loss: 3.83957 
test_loss: 2.95455 
train_loss: 3.18797 
test_loss: 2.93629 
train_loss: 3.7555 
test_loss: 2.90477 
train_loss: 2.1776 
test_loss: 2.88174 
train_loss: 2.43967 
test_loss: 2.92113 
train_loss: 3.6051 
test_loss: 2.93519 
train_loss: 2.63565 
test_loss: 2.93993 
train_loss: 3.20623 
test_loss: 2.9496 
train_loss: 2.18082 
test_loss: 2.8886 
train_loss: 3.26644 
test_loss: 2.92983 
train_loss: 3.50619 
test_loss: 2.91513 
train_loss: 2.63539 
test_loss: 2.91816 
train_loss: 2.05433 
test_loss: 2.90528 
train_loss: 2.91441 
test_loss: 2.92641 
train_loss: 4.55138 
test_loss: 2.94241 
train_loss: 2.13851 
test_loss: 2.95319 
train_loss: 2.8388 
test_loss: 2.84209 
train_loss: 2.29516 
test_loss: 2.90236 
train_loss: 2.28619 
test_loss: 2.88332 
train_loss: 2.82643 
test_loss: 2.90228 
train_loss: 3.68357 
test_loss: 2.9372 
train_loss: 2.9912 
test_loss: 2.89524 
train_loss: 3.5075 
test_loss: 2.90627 
train_loss: 2.59928 
test_loss: 2.91824 
train_loss: 2.30323 
test_loss: 2.89024 
train_loss: 2.58414 
test_loss: 2.90394 
train_loss: 3.65316 
test_loss: 2.89862 
train_loss: 2.06624 
test_loss: 2.87907 
train_loss: 2.0553 
test_loss: 2.89578 
train_loss: 2.69903 
test_loss: 2.87412 
train_loss: 3.29964 
test_loss: 2.8757 
train_loss: 4.41438 
test_loss: 2.87951 
train_loss: 2.99342 
test_loss: 2.82162 
train_loss: 3.04849 
test_loss: 2.86474 
train_loss: 2.3107 
test_loss: 2.87209 
train_loss: 3.47245 
test_loss: 2.86609 
train_loss: 2.1697 
test_loss: 2.85637 
train_loss: 2.43787 
test_loss: 2.86705 
train_loss: 2.55861 
test_loss: 2.85566 
train_loss: 2.1886 
test_loss: 2.86457 
train_loss: 2.41463 
test_loss: 2.78042 
train_loss: 2.10302 
test_loss: 2.81907 
train_loss: 2.62667 
test_loss: 2.85411 
train_loss: 2.36083 
test_loss: 2.8267 
train_loss: 3.41386 
test_loss: 2.82932 
train_loss: 3.09073 
test_loss: 2.78311 
train_loss: 2.69216 
test_loss: 2.80686 
train_loss: 3.13547 
test_loss: 2.79819 
train_loss: 2.45454 
test_loss: 2.79547 
train_loss: 2.71236 
test_loss: 2.77777 
train_loss: 2.44023 
test_loss: 2.78561 
train_loss: 3.53566 
test_loss: 2.74497 
train_loss: 3.31957 
test_loss: 2.78885 
train_loss: 2.93683 
test_loss: 2.76117 
train_loss: 2.32372 
test_loss: 2.72983 
train_loss: 3.20063 
test_loss: 2.73044 
train_loss: 2.2325 
test_loss: 2.75197 
train_loss: 2.32509 
test_loss: 2.71256 
train_loss: 2.18985 
test_loss: 2.69202 
train_loss: 2.22871 
test_loss: 2.6886 
train_loss: 2.93323 
test_loss: 2.65385 
train_loss: 2.15446 
test_loss: 2.65605 
train_loss: 2.63032 
test_loss: 2.64557 
train_loss: 2.14414 
test_loss: 2.64464 
train_loss: 3.20816 
test_loss: 2.66712 
train_loss: 2.21138 
test_loss: 2.54343 
train_loss: 3.83463 
test_loss: 2.63788 
train_loss: 2.12317 
test_loss: 2.60149 
train_loss: 2.21882 
test_loss: 2.55679 
train_loss: 2.23341 
test_loss: 2.59478 
train_loss: 2.46863 
test_loss: 2.571 
train_loss: 1.93845 
test_loss: 2.5657 
train_loss: 2.17173 
test_loss: 2.54571 
train_loss: 1.85669 
test_loss: 2.52485 
train_loss: 2.36851 
test_loss: 2.4928 
train_loss: 2.09779 
test_loss: 2.52115 
train_loss: 2.15947 
test_loss: 2.49989 
train_loss: 2.31303 
test_loss: 2.44455 
train_loss: 2.25971 
test_loss: 2.47536 
train_loss: 2.1026 
test_loss: 2.44605 
train_loss: 2.7089 
test_loss: 2.40737 
train_loss: 1.85688 
test_loss: 2.42571 
train_loss: 2.68392 
test_loss: 2.3857 
train_loss: 3.94741 
test_loss: 2.38421 
train_loss: 2.95155 
test_loss: 2.3833 
train_loss: 2.04123 
test_loss: 2.34944 
train_loss: 2.73747 
test_loss: 2.32365 
train_loss: 2.8614 
test_loss: 2.33196 
train_loss: 2.66178 
test_loss: 2.29304 
train_loss: 1.56639 
test_loss: 2.26779 
train_loss: 2.1289 
test_loss: 2.24565 
train_loss: 2.10052 
test_loss: 2.25089 
train_loss: 1.83514 
test_loss: 2.20453 
train_loss: 1.91618 
test_loss: 2.17393 
train_loss: 2.41651 
test_loss: 2.21034 
train_loss: 2.09452 
test_loss: 2.17986 
train_loss: 1.75489 
test_loss: 2.15656 
train_loss: 2.43468 
test_loss: 2.12461 
train_loss: 1.6998 
test_loss: 2.11722 
train_loss: 2.00829 
test_loss: 2.12312 
train_loss: 2.11103 
test_loss: 2.08064 
train_loss: 1.80556 
test_loss: 2.06939 
train_loss: 1.78084 
test_loss: 2.04978 
train_loss: 1.70423 
test_loss: 2.02686 
train_loss: 2.25487 
test_loss: 1.98346 
train_loss: 2.12927 
test_loss: 1.99099 
train_loss: 1.6286 
test_loss: 1.99681 
train_loss: 1.79891 
test_loss: 1.95597 
train_loss: 1.93636 
test_loss: 1.93967 
train_loss: 1.7268 
test_loss: 1.91889 
train_loss: 2.05952 
test_loss: 1.90551 
train_loss: 1.74993 
test_loss: 1.88238 
train_loss: 2.21688 
test_loss: 1.87099 
train_loss: 1.89291 
test_loss: 1.85323 
train_loss: 1.81152 
test_loss: 1.83401 
train_loss: 1.7817 
test_loss: 1.81166 
train_loss: 1.88621 
test_loss: 1.78613 
train_loss: 1.51235 
test_loss: 1.74729 
train_loss: 1.7731 
test_loss: 1.75563 
train_loss: 1.63799 
test_loss: 1.73534 
train_loss: 1.70032 
test_loss: 1.70753 
train_loss: 1.58056 
test_loss: 1.6882 
train_loss: 1.97838 
test_loss: 1.67565 
train_loss: 1.81424 
test_loss: 1.65488 
train_loss: 1.48066 
test_loss: 1.6408 
train_loss: 1.62387 
test_loss: 1.61963 
train_loss: 1.45012 
test_loss: 1.59186 
train_loss: 1.50263 
test_loss: 1.57291 
train_loss: 1.47119 
test_loss: 1.55381 
train_loss: 1.53053 
test_loss: 1.53866 
train_loss: 1.45473 
test_loss: 1.51629 
train_loss: 1.36978 
test_loss: 1.4982 
train_loss: 1.5056 
test_loss: 1.46716 
train_loss: 1.52801 
test_loss: 1.45852 
train_loss: 1.29259 
test_loss: 1.43959 
train_loss: 1.60329 
test_loss: 1.4162 
train_loss: 1.62902 
test_loss: 1.38804 
train_loss: 1.29604 
test_loss: 1.37312 
train_loss: 1.30676 
test_loss: 1.35442 
train_loss: 1.23341 
test_loss: 1.32661 
train_loss: 1.24518 
test_loss: 1.30872 
train_loss: 1.22266 
test_loss: 1.28829 
train_loss: 1.26124 
test_loss: 1.26929 
train_loss: 1.17002 
test_loss: 1.25652 
train_loss: 1.15624 
test_loss: 1.23136 
train_loss: 1.18296 
test_loss: 1.20837 
train_loss: 1.29933 
test_loss: 1.19031 
train_loss: 1.20313 
test_loss: 1.16955 
train_loss: 1.15499 
test_loss: 1.15002 
train_loss: 1.09501 
test_loss: 1.13445 
train_loss: 1.03535 
test_loss: 1.10917 
train_loss: 1.09999 
test_loss: 1.09173 
train_loss: 1.00831 
test_loss: 1.07146 
train_loss: 1.08854 
test_loss: 1.04671 
train_loss: 0.987325 
test_loss: 1.02488 
train_loss: 0.989774 
test_loss: 1.00767 
train_loss: 0.98927 
test_loss: 0.989004 
train_loss: 0.971825 
test_loss: 0.968302 
train_loss: 0.92665 
test_loss: 0.948975 
train_loss: 0.94278 
test_loss: 0.925838 
train_loss: 0.905603 
test_loss: 0.912094 
train_loss: 0.843449 
test_loss: 0.892325 
train_loss: 0.902437 
test_loss: 0.870122 
train_loss: 0.83419 
test_loss: 0.851578 
train_loss: 0.82573 
test_loss: 0.832356 
train_loss: 0.810324 
test_loss: 0.813857 
train_loss: 0.783335 
test_loss: 0.79353 
train_loss: 0.778431 
test_loss: 0.777287 
train_loss: 0.788268 
test_loss: 0.758758 
train_loss: 0.711316 
test_loss: 0.74104 
train_loss: 0.750962 
test_loss: 0.721871 
train_loss: 0.710545 
test_loss: 0.705339 
train_loss: 0.697446 
test_loss: 0.688359 
train_loss: 0.655489 
test_loss: 0.672208 
train_loss: 0.642902 
test_loss: 0.653033 
train_loss: 0.619808 
test_loss: 0.636076 
train_loss: 0.60263 
test_loss: 0.617886 
train_loss: 0.57289 
test_loss: 0.600924 
train_loss: 0.572688 
test_loss: 0.585434 
train_loss: 0.591821 
test_loss: 0.568291 
train_loss: 0.536169 
test_loss: 0.550068 
train_loss: 0.530971 
test_loss: 0.534383 
train_loss: 0.517137 
test_loss: 0.518457 
train_loss: 0.478351 
test_loss: 0.500703 
train_loss: 0.494409 
test_loss: 0.484514 
train_loss: 0.469946 
test_loss: 0.468345 
train_loss: 0.454644 
test_loss: 0.452695 
train_loss: 0.434418 
test_loss: 0.437948 
train_loss: 0.409424 
test_loss: 0.421317 
train_loss: 0.406358 
test_loss: 0.405784 
train_loss: 0.385379 
test_loss: 0.391579 
train_loss: 0.382576 
test_loss: 0.376744 
train_loss: 0.359932 
test_loss: 0.361828 
train_loss: 0.353415 
test_loss: 0.347688 
train_loss: 0.342926 
test_loss: 0.333205 
train_loss: 0.316786 
test_loss: 0.32071 
train_loss: 0.298038 
test_loss: 0.306786 
train_loss: 0.297718 
test_loss: 0.293911 
train_loss: 0.286169 
test_loss: 0.281361 
train_loss: 0.268767 
test_loss: 0.268889 
train_loss: 0.250583 
test_loss: 0.257595 
train_loss: 0.247024 
test_loss: 0.246964 
train_loss: 0.238115 
test_loss: 0.236519 
train_loss: 0.224821 
test_loss: 0.227365 
train_loss: 0.220665 
test_loss: 0.218507 
train_loss: 0.206353 
test_loss: 0.209797 
train_loss: 0.203496 
test_loss: 0.200902 
train_loss: 0.191726 
test_loss: 0.192814 
train_loss: 0.183593 
test_loss: 0.184367 
train_loss: 0.177426 
test_loss: 0.176223 
train_loss: 0.170136 
test_loss: 0.168662 
train_loss: 0.161824 
test_loss: 0.161267 
train_loss: 0.15154 
test_loss: 0.154231 
train_loss: 0.148206 
test_loss: 0.147745 
train_loss: 0.13959 
test_loss: 0.141823 
train_loss: 0.137311 
test_loss: 0.136338 
train_loss: 0.130827 
test_loss: 0.131097 
train_loss: 0.124781 
test_loss: 0.126599 
train_loss: 0.12249 
test_loss: 0.122368 
train_loss: 0.117757 
test_loss: 0.118786 
train_loss: 0.114281 
test_loss: 0.115245 
train_loss: 0.115062 
test_loss: 0.112364 
train_loss: 0.109546 
test_loss: 0.109783 
train_loss: 0.107838 
test_loss: 0.107434 
train_loss: 0.104757 
test_loss: 0.105168 
train_loss: 0.105109 
test_loss: 0.103342 
train_loss: 0.100592 
test_loss: 0.102225 
train_loss: 0.104293 
test_loss: 0.100177 
train_loss: 0.0959385 
test_loss: 0.0985667 
train_loss: 0.0931048 
test_loss: 0.0972008 
train_loss: 0.0953603 
test_loss: 0.0960638 
train_loss: 0.0942638 
test_loss: 0.0954571 
train_loss: 0.0951777 
test_loss: 0.0946225 
train_loss: 0.095979 
test_loss: 0.0941867 
train_loss: 0.0934644 
test_loss: 0.0930177 
train_loss: 0.0945378 
test_loss: 0.0922423 
train_loss: 0.0921833 
test_loss: 0.0920546 
train_loss: 0.0887509 
test_loss: 0.0913335 
train_loss: 0.0922564 
test_loss: 0.0907992 
train_loss: 0.09269 
test_loss: 0.0905965 
train_loss: 0.0917579 
test_loss: 0.08996 
train_loss: 0.0920617 
test_loss: 0.0895534 
train_loss: 0.0890018 
test_loss: 0.0894813 
train_loss: 0.0887211 
test_loss: 0.0889467 
train_loss: 0.0896624 
test_loss: 0.0890663 
train_loss: 0.0887975 
test_loss: 0.0888024 
train_loss: 0.0838922 
test_loss: 0.0884223 
train_loss: 0.0883972 
test_loss: 0.0879755 
train_loss: 0.0896268 
test_loss: 0.0876726 
train_loss: 0.0902328 
test_loss: 0.0877854 
train_loss: 0.0847773 
test_loss: 0.0870718 
train_loss: 0.0864881 
test_loss: 0.0866353 
train_loss: 0.0876011 
test_loss: 0.0867978 
train_loss: 0.0900405 
test_loss: 0.0863768 
train_loss: 0.0878699 
test_loss: 0.0862501 
train_loss: 0.0835438 
test_loss: 0.085428 
train_loss: 0.0866837 
test_loss: 0.0849799 
train_loss: 0.0877866 
test_loss: 0.0850913 
train_loss: 0.0920655 
test_loss: 0.0849276 
train_loss: 0.0829403 
test_loss: 0.0843303 
train_loss: 0.0834901 
test_loss: 0.0844044 
train_loss: 0.082891 
test_loss: 0.0841568 
train_loss: 0.0843462 
test_loss: 0.0833114 
train_loss: 0.0802974 
test_loss: 0.0825838 
train_loss: 0.0795861 
test_loss: 0.0825263 
train_loss: 0.0794514 
test_loss: 0.0811553 
train_loss: 0.0836723 
test_loss: 0.0808178 
train_loss: 0.0801316 
test_loss: 0.0815489 
train_loss: 0.0759066 
test_loss: 0.0807223 
train_loss: 0.0776954 
test_loss: 0.0792007 
train_loss: 0.0794985 
test_loss: 0.0779191 
train_loss: 0.0739287 
test_loss: 0.0774041 
train_loss: 0.0751618 
test_loss: 0.0765014 
train_loss: 0.0753736 
test_loss: 0.0752354 
train_loss: 0.0712233 
test_loss: 0.0736363 
train_loss: 0.0730714 
test_loss: 0.0739323 
train_loss: 0.0684777 
test_loss: 0.0705633 
train_loss: 0.0682963 
test_loss: 0.0691308 
train_loss: 0.0661158 
test_loss: 0.0668109 
train_loss: 0.0621722 
test_loss: 0.0642255 
train_loss: 0.0634065 
test_loss: 0.0630619 
train_loss: 0.0588845 
test_loss: 0.060094 
train_loss: 0.0603815 
test_loss: 0.0582436 
train_loss: 0.0572102 
test_loss: 0.0555409 
train_loss: 0.0522313 
test_loss: 0.052897 
train_loss: 0.0515986 
test_loss: 0.0502869 
train_loss: 0.0502436 
test_loss: 0.0485568 
train_loss: 0.0467486 
test_loss: 0.0471583 
train_loss: 0.0452123 
test_loss: 0.0451681 
train_loss: 0.0403464 
test_loss: 0.0425131 
train_loss: 0.0413022 
test_loss: 0.0413465 
train_loss: 0.0399984 
test_loss: 0.0400571 
train_loss: 0.0372786 
test_loss: 0.0388954 
train_loss: 0.038925 
test_loss: 0.0387099 
train_loss: 0.035129 
test_loss: 0.0345937 
train_loss: 0.0338534 
test_loss: 0.0351967 
train_loss: 0.0309074 
test_loss: 0.0330242 
train_loss: 0.0319608 
test_loss: 0.0318322 
train_loss: 0.0326544 
test_loss: 0.031762 
train_loss: 0.0299974 
test_loss: 0.0309114 
train_loss: 0.0312371 
test_loss: 0.0305036 
train_loss: 0.0306536 
test_loss: 0.0300762 
train_loss: 0.0296245 
test_loss: 0.0299017 
train_loss: 0.0297281 
test_loss: 0.0300986 
train_loss: 0.0278849 
test_loss: 0.0286908 
train_loss: 0.0286245 
test_loss: 0.0291979 
train_loss: 0.0295229 
test_loss: 0.0272752 
train_loss: 0.0256369 
test_loss: 0.0264504 
train_loss: 0.026037 
test_loss: 0.0266366 
train_loss: 0.0269061 
test_loss: 0.02578 
train_loss: 0.0245862 
test_loss: 0.0256131 
train_loss: 0.0248379 
test_loss: 0.0241433 
train_loss: 0.0274666 
test_loss: 0.026132 
train_loss: 0.0243212 
test_loss: 0.0254001 
train_loss: 0.0252434 
test_loss: 0.0244096 
train_loss: 0.0254775 
test_loss: 0.0254959 
train_loss: 0.0231168 
test_loss: 0.0237348 
train_loss: 0.0233335 
test_loss: 0.0224134 
train_loss: 0.0234549 
test_loss: 0.023908 
train_loss: 0.0243226 
test_loss: 0.0238572 
train_loss: 0.0248592 
test_loss: 0.024083 
train_loss: 0.0230332 
test_loss: 0.0239608 
train_loss: 0.0226619 
test_loss: 0.0229356 
train_loss: 0.0233105 
test_loss: 0.0244006 
