train_loss: 170.892 
test_loss: 407.204 
train_loss: 291.517 
test_loss: 452.385 
train_loss: 421.862 
test_loss: 443.473 
train_loss: 459.182 
test_loss: 446.455 
train_loss: 522.993 
test_loss: 428.508 
train_loss: 202.795 
test_loss: 475.436 
train_loss: 251.339 
test_loss: 445.916 
train_loss: 574.227 
test_loss: 450.878 
train_loss: 738.114 
test_loss: 470.501 
train_loss: 730.207 
test_loss: 456.053 
train_loss: 270.744 
test_loss: 477.644 
train_loss: 347.497 
test_loss: 463.477 
train_loss: 358.817 
test_loss: 444.724 
train_loss: 1269.82 
test_loss: 444.271 
train_loss: 429.293 
test_loss: 501.141 
train_loss: 714.502 
test_loss: 512.621 
train_loss: 797.658 
test_loss: 1164.78 
train_loss: 3.45805 
test_loss: 1076.13 
train_loss: 27.1042 
test_loss: 959.448 
train_loss: 14.1596 
test_loss: 113.721 
train_loss: 3.47437 
test_loss: 118.663 
train_loss: 37.6406 
test_loss: 127.176 
train_loss: 2.90851 
test_loss: 136.331 
train_loss: 4.33998 
test_loss: 150.96 
train_loss: 106.729 
test_loss: 174.045 
train_loss: 3.66825 
test_loss: 201.771 
train_loss: 4.47223 
test_loss: 278.897 
train_loss: 3.22213 
test_loss: 840.505 
train_loss: 3.63263 
test_loss: 687.796 
train_loss: 3.86195 
test_loss: 1351.48 
train_loss: 3.44475 
test_loss: 271.863 
train_loss: 2.84999 
test_loss: 211.039 
train_loss: 3.80388 
test_loss: 204.754 
train_loss: 2.9672 
test_loss: 2905.09 
train_loss: 19.8765 
test_loss: 379.734 
train_loss: 3.25405 
test_loss: 152.249 
train_loss: 8.04117 
test_loss: 111.368 
train_loss: 34.2836 
test_loss: 82.9869 
train_loss: 4.6114 
test_loss: 74.5226 
train_loss: 10.9081 
test_loss: 63.8875 
train_loss: 8.67324 
test_loss: 56.8228 
train_loss: 3.8662 
test_loss: 52.6305 
train_loss: 2.63611 
test_loss: 45.8049 
train_loss: 25.4142 
test_loss: 43.2066 
train_loss: 2.94853 
test_loss: 41.3131 
train_loss: 6.07922 
test_loss: 39.6491 
train_loss: 3.94887 
test_loss: 37.7801 
train_loss: 3.57341 
test_loss: 36.2169 
train_loss: 6.24827 
test_loss: 35.4787 
train_loss: 4.71251 
test_loss: 35.8748 
train_loss: 15.3697 
test_loss: 34.8329 
train_loss: 5.88146 
test_loss: 35.3962 
train_loss: 4.35222 
test_loss: 36.0951 
train_loss: 4.08058 
test_loss: 39.6371 
train_loss: 3.43681 
test_loss: 43.5193 
train_loss: 4.46313 
test_loss: 48.1091 
train_loss: 3.42112 
test_loss: 69.7473 
train_loss: 7.75112 
test_loss: 102 
train_loss: 3.3916 
test_loss: 896.803 
train_loss: 3.79692 
test_loss: 139.047 
train_loss: 8.08827 
test_loss: 15018.9 
train_loss: 7.25093 
test_loss: 83.2717 
train_loss: 3.89622 
test_loss: 45.2668 
train_loss: 3.14285 
test_loss: 54.6517 
train_loss: 3.80931 
test_loss: 42.2624 
train_loss: 2.65573 
test_loss: 34.5452 
train_loss: 3.74767 
test_loss: 27.782 
train_loss: 4.07018 
test_loss: 41.1561 
train_loss: 3.28293 
test_loss: 48.3556 
train_loss: 4.7379 
test_loss: 51.0018 
train_loss: 4.05875 
test_loss: 42.0958 
train_loss: 3.97321 
test_loss: 95.5346 
train_loss: 3.26635 
test_loss: 73.65 
train_loss: 4.42401 
test_loss: 99.7609 
train_loss: 3.83826 
test_loss: 317.234 
train_loss: 2.88693 
test_loss: 186.285 
train_loss: 6.15083 
test_loss: 22.8712 
train_loss: 4.18616 
test_loss: 25.1124 
train_loss: 3.56377 
test_loss: 35.9159 
train_loss: 3.80879 
test_loss: 68.6476 
train_loss: 5.11397 
test_loss: 17.9505 
train_loss: 2.55765 
test_loss: 32.0676 
train_loss: 3.38252 
test_loss: 54.4071 
train_loss: 3.38513 
test_loss: 194.929 
train_loss: 3.75144 
test_loss: 74.3415 
train_loss: 6.05626 
test_loss: 586.998 
train_loss: 5.12855 
test_loss: 24.8093 
train_loss: 3.38508 
test_loss: 52.379 
train_loss: 2.55572 
test_loss: 220.592 
train_loss: 2.76303 
test_loss: 1075.59 
train_loss: 7.11394 
test_loss: 58.264 
train_loss: 7.08505 
test_loss: 10.6743 
train_loss: 4.65859 
test_loss: 44.6909 
train_loss: 2.93725 
test_loss: 76.0774 
train_loss: 2.5695 
test_loss: 201.946 
train_loss: 3.18316 
test_loss: 18.4155 
train_loss: 4.17901 
test_loss: 36.9145 
train_loss: 2.80445 
test_loss: 13.8149 
train_loss: 3.19917 
test_loss: 80.8356 
train_loss: 3.34746 
test_loss: 11.7236 
train_loss: 2.49058 
test_loss: 506.84 
train_loss: 4.11597 
test_loss: 71.9262 
train_loss: 2.91851 
test_loss: 12.3097 
train_loss: 4.17404 
test_loss: 13.8216 
train_loss: 2.85871 
test_loss: 119.44 
train_loss: 3.27222 
test_loss: 17.8165 
train_loss: 3.13822 
test_loss: 15.6945 
train_loss: 2.89555 
test_loss: 16.0449 
train_loss: 2.90421 
test_loss: 62.4283 
train_loss: 3.88332 
test_loss: 686.327 
train_loss: 4.77125 
test_loss: 77.4989 
train_loss: 32.2732 
test_loss: 232.036 
train_loss: 3.19988 
test_loss: 12.3543 
train_loss: 4.3459 
test_loss: 16.1458 
train_loss: 3.79997 
test_loss: 24.214 
train_loss: 3.31436 
test_loss: 74.9538 
train_loss: 6.02611 
test_loss: 13.7191 
train_loss: 7.49399 
test_loss: 11.0515 
train_loss: 5.49061 
test_loss: 29.7654 
train_loss: 6.0981 
test_loss: 30.3017 
train_loss: 14.6098 
test_loss: 13.5235 
train_loss: 14.0918 
test_loss: 15.7598 
train_loss: 8.38263 
test_loss: 36.3203 
train_loss: 3.14155 
test_loss: 14.8962 
train_loss: 4.0334 
test_loss: 37.4202 
train_loss: 4.80994 
test_loss: 51.1087 
train_loss: 3.42109 
test_loss: 12.4022 
train_loss: 3.87833 
test_loss: 27.869 
train_loss: 11.785 
test_loss: 15.1606 
train_loss: 2.62265 
test_loss: 18.7627 
train_loss: 6.7184 
test_loss: 38.2469 
train_loss: 3.08072 
test_loss: 377.629 
train_loss: 5.47203 
test_loss: 14.3763 
train_loss: 3.54999 
test_loss: 170.206 
train_loss: 3.0028 
test_loss: 14.8586 
train_loss: 4.33857 
test_loss: 15.2263 
train_loss: 4.82052 
test_loss: 23.8895 
train_loss: 7.2936 
test_loss: 10.1088 
train_loss: 3.65409 
test_loss: 17.3884 
train_loss: 3.23082 
test_loss: 18.5472 
train_loss: 4.62159 
test_loss: 17.6511 
train_loss: 6.19691 
test_loss: 17.0184 
train_loss: 5.48268 
test_loss: 18.1622 
train_loss: 2.37246 
test_loss: 15.839 
train_loss: 3.29367 
test_loss: 38.0016 
train_loss: 3.98815 
test_loss: 16.7161 
train_loss: 3.8368 
test_loss: 16.8604 
train_loss: 2.52142 
test_loss: 17.4325 
train_loss: 3.82637 
test_loss: 17.4276 
train_loss: 3.73947 
test_loss: 39.1959 
train_loss: 3.12744 
test_loss: 54.7748 
train_loss: 2.85921 
test_loss: 17.3131 
train_loss: 2.40793 
test_loss: 15.2536 
train_loss: 4.16822 
test_loss: 38.2542 
train_loss: 6.42436 
test_loss: 63.6654 
train_loss: 2.64716 
test_loss: 13.3591 
train_loss: 4.42741 
test_loss: 16.9042 
train_loss: 2.92306 
test_loss: 16.5549 
train_loss: 3.57708 
test_loss: 15.6673 
train_loss: 2.85327 
test_loss: 15.6739 
train_loss: 6.21855 
test_loss: 63.1919 
train_loss: 3.62584 
test_loss: 43.0527 
train_loss: 3.98332 
test_loss: 11.1194 
train_loss: 3.02516 
test_loss: 14.9313 
train_loss: 3.41904 
test_loss: 15.3015 
train_loss: 2.25606 
test_loss: 55.8336 
train_loss: 3.67316 
test_loss: 10.8972 
train_loss: 1.99033 
test_loss: 9.27551 
train_loss: 5.24166 
test_loss: 8.30351 
train_loss: 4.77088 
test_loss: 6.64803 
train_loss: 8.30153 
test_loss: 6.10319 
train_loss: 5.05414 
test_loss: 5.34025 
train_loss: 3.8944 
test_loss: 4.98084 
train_loss: 2.96 
test_loss: 4.45483 
train_loss: 4.89948 
test_loss: 4.18279 
train_loss: 4.50431 
test_loss: 4.03265 
train_loss: 2.85052 
test_loss: 3.76753 
train_loss: 3.53027 
test_loss: 3.56345 
train_loss: 2.39152 
test_loss: 3.43178 
train_loss: 2.28715 
test_loss: 3.37018 
train_loss: 2.69102 
test_loss: 3.22762 
train_loss: 2.87544 
test_loss: 3.16396 
train_loss: 2.61763 
test_loss: 3.12232 
train_loss: 2.03264 
test_loss: 3.03404 
train_loss: 2.4074 
test_loss: 2.96118 
train_loss: 2.32239 
test_loss: 2.84977 
train_loss: 4.29979 
test_loss: 2.78805 
train_loss: 2.26094 
test_loss: 2.72652 
train_loss: 2.63057 
test_loss: 2.70929 
train_loss: 2.80356 
test_loss: 2.67264 
train_loss: 2.81009 
test_loss: 2.61855 
train_loss: 2.24004 
test_loss: 2.54418 
train_loss: 2.26552 
test_loss: 2.51313 
train_loss: 1.99521 
test_loss: 2.46989 
train_loss: 2.34563 
test_loss: 2.39627 
train_loss: 2.92072 
test_loss: 2.37879 
train_loss: 2.10682 
test_loss: 2.35821 
train_loss: 2.1429 
test_loss: 2.29127 
train_loss: 2.12248 
test_loss: 2.25463 
train_loss: 2.41759 
test_loss: 2.2248 
train_loss: 2.73332 
test_loss: 2.19194 
train_loss: 2.16716 
test_loss: 2.15313 
train_loss: 1.91515 
test_loss: 2.12446 
train_loss: 1.96626 
test_loss: 2.09844 
train_loss: 2.44119 
test_loss: 2.05622 
train_loss: 2.1138 
test_loss: 2.02348 
train_loss: 2.11561 
test_loss: 1.97908 
train_loss: 1.92168 
test_loss: 1.95682 
train_loss: 1.91619 
test_loss: 1.92463 
train_loss: 1.94975 
test_loss: 1.90356 
train_loss: 1.81706 
test_loss: 1.85962 
train_loss: 1.81529 
test_loss: 1.84336 
train_loss: 1.87571 
test_loss: 1.80708 
train_loss: 1.91058 
test_loss: 1.78378 
train_loss: 1.62808 
test_loss: 1.76559 
train_loss: 1.6112 
test_loss: 1.73344 
train_loss: 1.75998 
test_loss: 1.70753 
train_loss: 1.84062 
test_loss: 1.67572 
train_loss: 1.79707 
test_loss: 1.65648 
train_loss: 1.77231 
test_loss: 1.62496 
train_loss: 1.89593 
test_loss: 1.60165 
train_loss: 1.54068 
test_loss: 1.57559 
train_loss: 1.49512 
test_loss: 1.55991 
train_loss: 1.44093 
test_loss: 1.52992 
train_loss: 1.62828 
test_loss: 1.50692 
train_loss: 1.40411 
test_loss: 1.48546 
train_loss: 1.48391 
test_loss: 1.46271 
train_loss: 1.41434 
test_loss: 1.44342 
train_loss: 1.33733 
test_loss: 1.41737 
train_loss: 1.6106 
test_loss: 1.39418 
train_loss: 1.30544 
test_loss: 1.37182 
train_loss: 1.26949 
test_loss: 1.35675 
train_loss: 1.37845 
test_loss: 1.32028 
train_loss: 1.33715 
test_loss: 1.30497 
train_loss: 1.25254 
test_loss: 1.2873 
train_loss: 1.22654 
test_loss: 1.25773 
train_loss: 1.09669 
test_loss: 1.24087 
train_loss: 1.19132 
test_loss: 1.21949 
train_loss: 1.16505 
test_loss: 1.19179 
train_loss: 1.16526 
test_loss: 1.17263 
train_loss: 1.15107 
test_loss: 1.15014 
train_loss: 1.12384 
test_loss: 1.12757 
train_loss: 1.08532 
test_loss: 1.10654 
train_loss: 1.06867 
test_loss: 1.08637 
train_loss: 1.06798 
test_loss: 1.06284 
train_loss: 1.0253 
test_loss: 1.03932 
train_loss: 1.0128 
test_loss: 1.02067 
train_loss: 0.988937 
test_loss: 0.998874 
train_loss: 0.968506 
test_loss: 0.979623 
train_loss: 0.975921 
test_loss: 0.954928 
train_loss: 0.90329 
test_loss: 0.935706 
train_loss: 0.900898 
test_loss: 0.913262 
train_loss: 0.937672 
test_loss: 0.892006 
train_loss: 0.834115 
test_loss: 0.870311 
train_loss: 0.840414 
test_loss: 0.849979 
train_loss: 0.846556 
test_loss: 0.827437 
train_loss: 0.825725 
test_loss: 0.805992 
train_loss: 0.787193 
test_loss: 0.789336 
train_loss: 0.754039 
test_loss: 0.769267 
train_loss: 0.741113 
test_loss: 0.74908 
train_loss: 0.721171 
test_loss: 0.73015 
train_loss: 0.739058 
test_loss: 0.707303 
train_loss: 0.661949 
test_loss: 0.689349 
train_loss: 0.664325 
test_loss: 0.670756 
train_loss: 0.664801 
test_loss: 0.651623 
train_loss: 0.620227 
test_loss: 0.633263 
train_loss: 0.627109 
test_loss: 0.616512 
train_loss: 0.594512 
test_loss: 0.597596 
train_loss: 0.581849 
test_loss: 0.579205 
train_loss: 0.557678 
test_loss: 0.563585 
train_loss: 0.565685 
test_loss: 0.545898 
train_loss: 0.549345 
test_loss: 0.529517 
train_loss: 0.513936 
test_loss: 0.512204 
train_loss: 0.498983 
test_loss: 0.497409 
train_loss: 0.478106 
test_loss: 0.481831 
train_loss: 0.465565 
test_loss: 0.465778 
train_loss: 0.448275 
test_loss: 0.451828 
train_loss: 0.451192 
test_loss: 0.435999 
train_loss: 0.426873 
test_loss: 0.421908 
train_loss: 0.416104 
test_loss: 0.406469 
train_loss: 0.393354 
test_loss: 0.392152 
train_loss: 0.373764 
test_loss: 0.37699 
train_loss: 0.355109 
test_loss: 0.362764 
train_loss: 0.336629 
test_loss: 0.349281 
train_loss: 0.345789 
test_loss: 0.33515 
train_loss: 0.338019 
test_loss: 0.321512 
train_loss: 0.30791 
test_loss: 0.308589 
train_loss: 0.289338 
test_loss: 0.295293 
train_loss: 0.285519 
test_loss: 0.282319 
train_loss: 0.265504 
test_loss: 0.269765 
train_loss: 0.261644 
test_loss: 0.257926 
train_loss: 0.246931 
test_loss: 0.246229 
train_loss: 0.235635 
test_loss: 0.235324 
train_loss: 0.222659 
test_loss: 0.22398 
train_loss: 0.212689 
test_loss: 0.213683 
train_loss: 0.204861 
test_loss: 0.203418 
train_loss: 0.195802 
test_loss: 0.193858 
train_loss: 0.178722 
test_loss: 0.183786 
train_loss: 0.175378 
test_loss: 0.174156 
train_loss: 0.169273 
test_loss: 0.165191 
train_loss: 0.157473 
test_loss: 0.156947 
train_loss: 0.152995 
test_loss: 0.148589 
train_loss: 0.141136 
test_loss: 0.141146 
train_loss: 0.135438 
test_loss: 0.134216 
train_loss: 0.127227 
test_loss: 0.128458 
train_loss: 0.127765 
test_loss: 0.123086 
train_loss: 0.116968 
test_loss: 0.118608 
train_loss: 0.113526 
test_loss: 0.114699 
train_loss: 0.10953 
test_loss: 0.111581 
train_loss: 0.109236 
test_loss: 0.108877 
train_loss: 0.110124 
test_loss: 0.10651 
train_loss: 0.102169 
test_loss: 0.104389 
train_loss: 0.0986921 
test_loss: 0.102843 
train_loss: 0.102201 
test_loss: 0.101397 
train_loss: 0.0990231 
test_loss: 0.100259 
train_loss: 0.100132 
test_loss: 0.0997439 
train_loss: 0.0943669 
test_loss: 0.0982631 
train_loss: 0.0957898 
test_loss: 0.0979309 
train_loss: 0.0984236 
test_loss: 0.0968532 
train_loss: 0.099564 
test_loss: 0.0963414 
train_loss: 0.0989107 
test_loss: 0.0956104 
train_loss: 0.0932832 
test_loss: 0.095067 
train_loss: 0.0984658 
test_loss: 0.0946021 
train_loss: 0.0951167 
test_loss: 0.09421 
train_loss: 0.0959589 
test_loss: 0.0941697 
train_loss: 0.0963912 
test_loss: 0.0937451 
train_loss: 0.0933695 
test_loss: 0.0934051 
train_loss: 0.0929322 
test_loss: 0.0937075 
train_loss: 0.0921337 
test_loss: 0.0930076 
train_loss: 0.0931735 
test_loss: 0.092853 
train_loss: 0.0918595 
test_loss: 0.0922979 
train_loss: 0.0916818 
test_loss: 0.0932064 
train_loss: 0.0925401 
test_loss: 0.0925564 
train_loss: 0.0946385 
test_loss: 0.0919616 
train_loss: 0.0878384 
test_loss: 0.0929156 
train_loss: 0.0882815 
test_loss: 0.0919117 
train_loss: 0.0890782 
test_loss: 0.0917966 
train_loss: 0.090554 
test_loss: 0.0926584 
train_loss: 0.0936717 
test_loss: 0.0925574 
train_loss: 0.0919188 
test_loss: 0.0917156 
train_loss: 0.0932906 
test_loss: 0.0922658 
train_loss: 0.0889821 
test_loss: 0.091859 
train_loss: 0.0909113 
test_loss: 0.0915016 
train_loss: 0.0917709 
test_loss: 0.091743 
train_loss: 0.0895245 
test_loss: 0.0917503 
