train_loss: 129.67 
test_loss: 56.8686 
train_loss: 15.8051 
test_loss: 25.3062 
train_loss: 51.5149 
test_loss: 24.3329 
train_loss: 31.8856 
test_loss: 23.5813 
train_loss: 37.9753 
test_loss: 24.2856 
train_loss: 30.0776 
test_loss: 23.5832 
train_loss: 23.4107 
test_loss: 23.2279 
train_loss: 25.6836 
test_loss: 22.86 
train_loss: 18.5722 
test_loss: 23.1542 
train_loss: 30.7496 
test_loss: 22.0301 
train_loss: 13.1676 
test_loss: 22.3174 
train_loss: 21.3748 
test_loss: 21.7577 
train_loss: 16.5678 
test_loss: 21.005 
train_loss: 17.7426 
test_loss: 20.6365 
train_loss: 24.526 
test_loss: 20.745 
train_loss: 22.9419 
test_loss: 20.0414 
train_loss: 18.0759 
test_loss: 20.0317 
train_loss: 25.6034 
test_loss: 19.3033 
train_loss: 27.3116 
test_loss: 18.9989 
train_loss: 26.8145 
test_loss: 18.5652 
train_loss: 26.62 
test_loss: 18.788 
train_loss: 18.8632 
test_loss: 18.1826 
train_loss: 20.8631 
test_loss: 17.982 
train_loss: 31.263 
test_loss: 17.6958 
train_loss: 14.4137 
test_loss: 17.4737 
train_loss: 17.8004 
test_loss: 17.2501 
train_loss: 18.2991 
test_loss: 16.6995 
train_loss: 14.8469 
test_loss: 16.6895 
train_loss: 12.7258 
test_loss: 16.2138 
train_loss: 13.9304 
test_loss: 16.0462 
train_loss: 15.3195 
test_loss: 15.8361 
train_loss: 19.2399 
test_loss: 15.6605 
train_loss: 13.3943 
test_loss: 15.3752 
train_loss: 16.158 
test_loss: 15.0871 
train_loss: 13.7088 
test_loss: 14.9768 
train_loss: 10.8264 
test_loss: 14.8119 
train_loss: 13.3062 
test_loss: 14.6188 
train_loss: 16.4493 
test_loss: 14.406 
train_loss: 11.0019 
test_loss: 14.0758 
train_loss: 13.9458 
test_loss: 14.058 
train_loss: 14.6362 
test_loss: 13.8305 
train_loss: 11.5842 
test_loss: 13.6787 
train_loss: 12.1195 
test_loss: 13.3188 
train_loss: 15.1307 
test_loss: 13.1499 
train_loss: 10.5103 
test_loss: 13.1031 
train_loss: 11.8127 
test_loss: 12.9126 
train_loss: 11.908 
test_loss: 12.8582 
train_loss: 12.6331 
test_loss: 12.6071 
train_loss: 9.83343 
test_loss: 12.2792 
train_loss: 14.5749 
test_loss: 12.2601 
train_loss: 9.24414 
test_loss: 11.9854 
train_loss: 11.739 
test_loss: 11.868 
train_loss: 9.48882 
test_loss: 11.6377 
train_loss: 13.6789 
test_loss: 11.6662 
train_loss: 11.8949 
test_loss: 11.5335 
train_loss: 12.6932 
test_loss: 11.4652 
train_loss: 13.7691 
test_loss: 11.2504 
train_loss: 10.3167 
test_loss: 11.0358 
train_loss: 11.6893 
test_loss: 10.8544 
train_loss: 11.2339 
test_loss: 10.7617 
train_loss: 11.4129 
test_loss: 10.604 
train_loss: 12.1844 
test_loss: 10.3565 
train_loss: 9.93186 
test_loss: 10.1341 
train_loss: 9.84437 
test_loss: 10.2181 
train_loss: 11.0702 
test_loss: 10.1263 
train_loss: 11.8642 
test_loss: 9.84697 
train_loss: 10.4459 
test_loss: 9.71212 
train_loss: 11.3633 
test_loss: 9.57367 
train_loss: 13.3416 
test_loss: 9.40857 
train_loss: 8.74937 
test_loss: 9.27723 
train_loss: 10.2549 
test_loss: 9.18702 
train_loss: 7.80306 
test_loss: 9.00622 
train_loss: 7.90525 
test_loss: 8.88793 
train_loss: 10.5315 
test_loss: 8.80102 
train_loss: 8.00752 
test_loss: 8.66969 
train_loss: 7.50973 
test_loss: 8.53959 
train_loss: 9.00846 
test_loss: 8.40597 
train_loss: 8.88155 
test_loss: 8.32416 
train_loss: 9.20247 
test_loss: 8.13935 
train_loss: 8.17609 
test_loss: 7.97999 
train_loss: 8.86584 
test_loss: 7.94417 
train_loss: 6.91745 
test_loss: 7.75455 
train_loss: 7.10554 
test_loss: 7.64743 
train_loss: 7.62781 
test_loss: 7.51772 
train_loss: 7.06392 
test_loss: 7.39479 
train_loss: 6.19748 
test_loss: 7.28407 
train_loss: 6.95829 
test_loss: 7.14997 
train_loss: 7.83503 
test_loss: 6.99494 
train_loss: 6.29942 
test_loss: 6.83893 
train_loss: 7.32545 
test_loss: 6.7541 
train_loss: 6.48643 
test_loss: 6.59543 
train_loss: 7.78408 
test_loss: 6.49823 
train_loss: 6.71963 
test_loss: 6.34765 
train_loss: 5.61215 
test_loss: 6.2163 
train_loss: 5.69442 
test_loss: 6.10539 
train_loss: 5.08321 
test_loss: 5.94998 
train_loss: 6.49053 
test_loss: 5.84821 
train_loss: 5.3246 
test_loss: 5.72936 
train_loss: 5.92099 
test_loss: 5.54986 
train_loss: 5.92489 
test_loss: 5.42792 
train_loss: 4.58105 
test_loss: 5.31281 
train_loss: 4.97402 
test_loss: 5.1429 
train_loss: 4.88938 
test_loss: 5.04992 
train_loss: 5.50698 
test_loss: 4.90231 
train_loss: 5.07629 
test_loss: 4.7776 
train_loss: 4.68701 
test_loss: 4.65443 
train_loss: 4.63503 
test_loss: 4.52906 
train_loss: 4.98772 
test_loss: 4.39612 
train_loss: 4.45633 
test_loss: 4.28526 
train_loss: 4.052 
test_loss: 4.13212 
train_loss: 3.90408 
test_loss: 4.01853 
train_loss: 4.43524 
test_loss: 3.91783 
train_loss: 3.68239 
test_loss: 3.78357 
train_loss: 3.94975 
test_loss: 3.6707 
train_loss: 3.49993 
test_loss: 3.55986 
train_loss: 3.34211 
test_loss: 3.45349 
train_loss: 3.24357 
test_loss: 3.32537 
train_loss: 3.2167 
test_loss: 3.22839 
train_loss: 3.25988 
test_loss: 3.12839 
train_loss: 2.91738 
test_loss: 3.0236 
train_loss: 3.05682 
test_loss: 2.93886 
train_loss: 2.84004 
test_loss: 2.83648 
train_loss: 2.69661 
test_loss: 2.74546 
train_loss: 2.56394 
test_loss: 2.64531 
train_loss: 2.44206 
test_loss: 2.54832 
train_loss: 2.38839 
test_loss: 2.47265 
train_loss: 2.69369 
test_loss: 2.38119 
train_loss: 2.3074 
test_loss: 2.29206 
train_loss: 2.1158 
test_loss: 2.21724 
train_loss: 2.07558 
test_loss: 2.13789 
train_loss: 2.07383 
test_loss: 2.06437 
train_loss: 1.96433 
test_loss: 1.99188 
train_loss: 1.95412 
test_loss: 1.92245 
train_loss: 1.80982 
test_loss: 1.85327 
train_loss: 1.77728 
test_loss: 1.79454 
train_loss: 1.75835 
test_loss: 1.72732 
train_loss: 1.71571 
test_loss: 1.67592 
train_loss: 1.67848 
test_loss: 1.61889 
train_loss: 1.58947 
test_loss: 1.55289 
train_loss: 1.50846 
test_loss: 1.49018 
train_loss: 1.43825 
test_loss: 1.43646 
train_loss: 1.33753 
test_loss: 1.38618 
train_loss: 1.29083 
test_loss: 1.32817 
train_loss: 1.27784 
test_loss: 1.28199 
train_loss: 1.24115 
test_loss: 1.22467 
train_loss: 1.1356 
test_loss: 1.17233 
train_loss: 1.08955 
test_loss: 1.1316 
train_loss: 1.02009 
test_loss: 1.07407 
train_loss: 1.03402 
test_loss: 1.03026 
train_loss: 0.980571 
test_loss: 0.985836 
train_loss: 1.01435 
test_loss: 0.944614 
train_loss: 0.910443 
test_loss: 0.902218 
train_loss: 0.853378 
test_loss: 0.854426 
train_loss: 0.801002 
test_loss: 0.825898 
train_loss: 0.783477 
test_loss: 0.78342 
train_loss: 0.737938 
test_loss: 0.750728 
train_loss: 0.706279 
test_loss: 0.718653 
train_loss: 0.690091 
test_loss: 0.691704 
train_loss: 0.660591 
test_loss: 0.662318 
train_loss: 0.652385 
test_loss: 0.634528 
train_loss: 0.58694 
test_loss: 0.607456 
train_loss: 0.591607 
test_loss: 0.583587 
train_loss: 0.558692 
test_loss: 0.561772 
train_loss: 0.556944 
test_loss: 0.542164 
train_loss: 0.535614 
test_loss: 0.524096 
train_loss: 0.500739 
test_loss: 0.503498 
train_loss: 0.463818 
test_loss: 0.48713 
train_loss: 0.461372 
test_loss: 0.471953 
train_loss: 0.455345 
test_loss: 0.458558 
train_loss: 0.43283 
test_loss: 0.446182 
train_loss: 0.444264 
test_loss: 0.432838 
train_loss: 0.418971 
test_loss: 0.423118 
train_loss: 0.421285 
test_loss: 0.414165 
train_loss: 0.383214 
test_loss: 0.402887 
train_loss: 0.385897 
test_loss: 0.401518 
train_loss: 0.405345 
test_loss: 0.390092 
train_loss: 0.357749 
test_loss: 0.384592 
train_loss: 0.356626 
test_loss: 0.378223 
train_loss: 0.386513 
test_loss: 0.37788 
train_loss: 0.352056 
test_loss: 0.37108 
train_loss: 0.359024 
test_loss: 0.366985 
train_loss: 0.372699 
test_loss: 0.361251 
train_loss: 0.360242 
test_loss: 0.358602 
train_loss: 0.366186 
test_loss: 0.358305 
train_loss: 0.348621 
test_loss: 0.347769 
train_loss: 0.330802 
test_loss: 0.354314 
train_loss: 0.350037 
test_loss: 0.34972 
train_loss: 0.348171 
test_loss: 0.348477 
train_loss: 0.369793 
test_loss: 0.348316 
train_loss: 0.347885 
test_loss: 0.349651 
train_loss: 0.336374 
test_loss: 0.346258 
train_loss: 0.327659 
test_loss: 0.342653 
train_loss: 0.336439 
test_loss: 0.343954 
train_loss: 0.353711 
test_loss: 0.357485 
train_loss: 0.332717 
test_loss: 0.342883 
train_loss: 0.330679 
test_loss: 0.341045 
train_loss: 0.348689 
test_loss: 0.340969 
train_loss: 0.359918 
test_loss: 0.340168 
train_loss: 0.33123 
test_loss: 0.343002 
train_loss: 0.331759 
test_loss: 0.350635 
train_loss: 0.32818 
test_loss: 0.340973 
train_loss: 0.348156 
test_loss: 0.34732 
train_loss: 0.328022 
test_loss: 0.344644 
train_loss: 0.348593 
test_loss: 0.359898 
train_loss: 0.334062 
test_loss: 0.343231 
train_loss: 0.316928 
test_loss: 0.337674 
train_loss: 0.343109 
test_loss: 0.356425 
train_loss: 0.340899 
test_loss: 0.355329 
train_loss: 0.32854 
test_loss: 0.340731 
train_loss: 0.338703 
test_loss: 0.345786 
