train_loss: 0.097951 
test_loss: 0.098231 
train_loss: 0.083457 
test_loss: 0.084337 
train_loss: 0.069692 
test_loss: 0.069075 
train_loss: 0.060424 
test_loss: 0.064288 
train_loss: 0.057323 
test_loss: 0.059709 
train_loss: 0.055626 
test_loss: 0.056399 
train_loss: 0.050530 
test_loss: 0.052289 
train_loss: 0.044929 
test_loss: 0.046946 
train_loss: 0.041142 
test_loss: 0.043127 
train_loss: 0.037025 
test_loss: 0.038902 
train_loss: 0.035229 
test_loss: 0.035905 
train_loss: 0.035775 
test_loss: 0.033159 
train_loss: 0.030769 
test_loss: 0.032057 
train_loss: 0.029085 
test_loss: 0.029743 
train_loss: 0.027862 
test_loss: 0.028814 
train_loss: 0.027287 
test_loss: 0.027236 
train_loss: 0.024326 
test_loss: 0.025931 
train_loss: 0.026364 
test_loss: 0.025759 
train_loss: 0.024300 
test_loss: 0.025377 
train_loss: 0.024045 
test_loss: 0.024309 
train_loss: 0.022318 
test_loss: 0.025203 
train_loss: 0.022707 
test_loss: 0.024427 
train_loss: 0.021925 
test_loss: 0.022634 
train_loss: 0.022220 
test_loss: 0.022838 
train_loss: 0.021476 
test_loss: 0.022050 
train_loss: 0.020054 
test_loss: 0.021571 
train_loss: 0.019365 
test_loss: 0.021712 
train_loss: 0.019585 
test_loss: 0.020656 
train_loss: 0.020397 
test_loss: 0.020619 
train_loss: 0.020193 
test_loss: 0.020174 
train_loss: 0.019553 
test_loss: 0.019559 
train_loss: 0.018964 
test_loss: 0.019635 
train_loss: 0.017400 
test_loss: 0.019679 
train_loss: 0.017723 
test_loss: 0.018793 
train_loss: 0.018834 
test_loss: 0.018731 
train_loss: 0.020056 
test_loss: 0.019258 
train_loss: 0.017716 
test_loss: 0.018396 
train_loss: 0.017084 
test_loss: 0.018187 
train_loss: 0.017626 
test_loss: 0.017777 
train_loss: 0.018164 
test_loss: 0.017762 
train_loss: 0.017240 
test_loss: 0.017558 
train_loss: 0.015779 
test_loss: 0.017600 
train_loss: 0.015246 
test_loss: 0.017682 
train_loss: 0.017690 
test_loss: 0.017157 
train_loss: 0.015606 
test_loss: 0.017068 
train_loss: 0.016312 
test_loss: 0.016846 
train_loss: 0.016383 
test_loss: 0.017644 
train_loss: 0.015498 
test_loss: 0.016728 
train_loss: 0.015143 
test_loss: 0.016815 
train_loss: 0.017152 
test_loss: 0.016626 
train_loss: 0.015529 
test_loss: 0.016000 
train_loss: 0.014922 
test_loss: 0.015863 
train_loss: 0.017937 
test_loss: 0.015921 
train_loss: 0.014045 
test_loss: 0.015611 
train_loss: 0.015691 
test_loss: 0.015834 
train_loss: 0.014478 
test_loss: 0.015570 
train_loss: 0.014269 
test_loss: 0.015961 
train_loss: 0.014132 
test_loss: 0.015530 
train_loss: 0.016074 
test_loss: 0.015241 
train_loss: 0.015161 
test_loss: 0.015571 
train_loss: 0.014537 
test_loss: 0.014922 
train_loss: 0.015885 
test_loss: 0.015258 
train_loss: 0.015122 
test_loss: 0.015072 
train_loss: 0.015346 
test_loss: 0.015263 
train_loss: 0.013839 
test_loss: 0.014865 
train_loss: 0.014433 
test_loss: 0.015087 
train_loss: 0.013612 
test_loss: 0.015304 
train_loss: 0.013675 
test_loss: 0.014386 
train_loss: 0.014743 
test_loss: 0.014546 
train_loss: 0.013001 
test_loss: 0.014277 
train_loss: 0.014704 
test_loss: 0.014485 
train_loss: 0.013830 
test_loss: 0.014393 
train_loss: 0.014370 
test_loss: 0.014428 
train_loss: 0.014508 
test_loss: 0.014433 
train_loss: 0.014228 
test_loss: 0.014417 
train_loss: 0.013545 
test_loss: 0.014106 
train_loss: 0.013115 
test_loss: 0.013747 
train_loss: 0.013400 
test_loss: 0.014427 
train_loss: 0.012435 
test_loss: 0.014972 
train_loss: 0.012203 
test_loss: 0.013975 
train_loss: 0.014011 
test_loss: 0.013778 
train_loss: 0.013648 
test_loss: 0.013971 
train_loss: 0.013081 
test_loss: 0.013773 
train_loss: 0.014926 
test_loss: 0.014217 
train_loss: 0.013764 
test_loss: 0.014308 
train_loss: 0.013362 
test_loss: 0.013695 
train_loss: 0.013385 
test_loss: 0.013932 
train_loss: 0.012624 
test_loss: 0.013340 
train_loss: 0.013242 
test_loss: 0.013412 
train_loss: 0.012746 
test_loss: 0.013749 
train_loss: 0.012861 
test_loss: 0.013454 
train_loss: 0.011474 
test_loss: 0.012964 
train_loss: 0.013003 
test_loss: 0.013732 
train_loss: 0.012040 
test_loss: 0.013722 
train_loss: 0.013328 
test_loss: 0.013235 
train_loss: 0.012563 
test_loss: 0.013212 
train_loss: 0.013957 
test_loss: 0.013490 
train_loss: 0.012795 
test_loss: 0.013220 
train_loss: 0.012340 
test_loss: 0.013207 
train_loss: 0.012706 
test_loss: 0.012982 
train_loss: 0.012502 
test_loss: 0.012929 
train_loss: 0.012219 
test_loss: 0.013028 
train_loss: 0.012323 
test_loss: 0.013247 
train_loss: 0.012649 
test_loss: 0.012659 
train_loss: 0.012586 
test_loss: 0.013883 
train_loss: 0.011996 
test_loss: 0.013037 
train_loss: 0.013462 
test_loss: 0.013397 
train_loss: 0.011598 
test_loss: 0.013123 
train_loss: 0.012374 
test_loss: 0.013100 
train_loss: 0.012437 
test_loss: 0.013166 
train_loss: 0.012056 
test_loss: 0.012845 
train_loss: 0.012760 
test_loss: 0.012830 
train_loss: 0.014878 
test_loss: 0.013009 
train_loss: 0.011619 
test_loss: 0.012535 
train_loss: 0.012997 
test_loss: 0.012717 
train_loss: 0.012088 
test_loss: 0.012667 
train_loss: 0.011500 
test_loss: 0.012716 
train_loss: 0.011264 
test_loss: 0.012672 
train_loss: 0.011758 
test_loss: 0.012500 
train_loss: 0.011056 
test_loss: 0.012375 
train_loss: 0.011405 
test_loss: 0.012535 
train_loss: 0.010713 
test_loss: 0.012340 
train_loss: 0.014361 
test_loss: 0.012434 
train_loss: 0.011171 
test_loss: 0.012240 
train_loss: 0.011129 
test_loss: 0.012462 
train_loss: 0.012628 
test_loss: 0.012622 
train_loss: 0.012548 
test_loss: 0.012469 
train_loss: 0.011756 
test_loss: 0.011877 
train_loss: 0.011797 
test_loss: 0.012789 
train_loss: 0.012652 
test_loss: 0.012256 
train_loss: 0.011624 
test_loss: 0.012428 
train_loss: 0.011650 
test_loss: 0.012567 
train_loss: 0.011591 
test_loss: 0.012337 
train_loss: 0.011954 
test_loss: 0.012484 
train_loss: 0.012635 
test_loss: 0.012215 
train_loss: 0.012229 
test_loss: 0.012764 
train_loss: 0.012092 
test_loss: 0.012658 
train_loss: 0.010332 
test_loss: 0.012072 
train_loss: 0.011586 
test_loss: 0.012417 
train_loss: 0.011579 
test_loss: 0.012016 
train_loss: 0.011667 
test_loss: 0.012324 
train_loss: 0.011490 
test_loss: 0.012080 
train_loss: 0.011331 
test_loss: 0.012032 
train_loss: 0.011802 
test_loss: 0.012177 
train_loss: 0.011507 
test_loss: 0.012006 
train_loss: 0.011132 
test_loss: 0.012336 
train_loss: 0.012193 
test_loss: 0.012134 
train_loss: 0.011570 
test_loss: 0.012156 
train_loss: 0.011122 
test_loss: 0.011882 
train_loss: 0.010484 
test_loss: 0.011905 
train_loss: 0.012463 
test_loss: 0.011870 
train_loss: 0.010143 
test_loss: 0.011744 
train_loss: 0.012206 
test_loss: 0.011805 
train_loss: 0.010002 
test_loss: 0.011889 
train_loss: 0.011240 
test_loss: 0.011769 
train_loss: 0.010543 
test_loss: 0.012041 
train_loss: 0.010075 
test_loss: 0.011581 
train_loss: 0.013131 
test_loss: 0.012182 
train_loss: 0.011676 
test_loss: 0.011865 
train_loss: 0.011455 
test_loss: 0.012004 
train_loss: 0.011744 
test_loss: 0.011838 
train_loss: 0.011165 
test_loss: 0.011855 
train_loss: 0.012510 
test_loss: 0.012347 
train_loss: 0.013886 
test_loss: 0.011848 
train_loss: 0.011828 
test_loss: 0.011843 
train_loss: 0.012133 
test_loss: 0.011548 
train_loss: 0.010613 
test_loss: 0.011863 
train_loss: 0.010160 
test_loss: 0.011982 
train_loss: 0.011745 
test_loss: 0.011638 
train_loss: 0.010183 
test_loss: 0.011892 
train_loss: 0.011798 
test_loss: 0.011728 
train_loss: 0.011084 
test_loss: 0.011808 
train_loss: 0.011704 
test_loss: 0.011476 
train_loss: 0.011846 
test_loss: 0.011948 
train_loss: 0.011132 
test_loss: 0.011921 
train_loss: 0.010656 
test_loss: 0.011631 
train_loss: 0.010248 
test_loss: 0.011124 
train_loss: 0.010815 
test_loss: 0.011846 
train_loss: 0.010223 
test_loss: 0.011558 
train_loss: 0.010323 
test_loss: 0.011641 
train_loss: 0.011535 
test_loss: 0.011276 
train_loss: 0.012015 
test_loss: 0.011281 
train_loss: 0.009861 
test_loss: 0.011378 
train_loss: 0.011176 
test_loss: 0.011141 
train_loss: 0.011542 
test_loss: 0.011732 
train_loss: 0.011089 
test_loss: 0.011436 
train_loss: 0.011278 
test_loss: 0.011286 
train_loss: 0.010440 
test_loss: 0.011247 
train_loss: 0.010974 
test_loss: 0.011402 
train_loss: 0.010374 
test_loss: 0.011160 
train_loss: 0.011775 
test_loss: 0.011616 
