train_loss: 0.095251 
test_loss: 0.095030 
train_loss: 0.084757 
test_loss: 0.084578 
train_loss: 0.071442 
test_loss: 0.073354 
train_loss: 0.066475 
test_loss: 0.064879 
train_loss: 0.054885 
test_loss: 0.055387 
train_loss: 0.050553 
test_loss: 0.051031 
train_loss: 0.047932 
test_loss: 0.049158 
train_loss: 0.047386 
test_loss: 0.047895 
train_loss: 0.045967 
test_loss: 0.046876 
train_loss: 0.045206 
test_loss: 0.046034 
train_loss: 0.044158 
test_loss: 0.045064 
train_loss: 0.043280 
test_loss: 0.043962 
train_loss: 0.044121 
test_loss: 0.043075 
train_loss: 0.040029 
test_loss: 0.041396 
train_loss: 0.038398 
test_loss: 0.039235 
train_loss: 0.035285 
test_loss: 0.037329 
train_loss: 0.033708 
test_loss: 0.034411 
train_loss: 0.032625 
test_loss: 0.032743 
train_loss: 0.030247 
test_loss: 0.030977 
train_loss: 0.029016 
test_loss: 0.029364 
train_loss: 0.027483 
test_loss: 0.028543 
train_loss: 0.026385 
test_loss: 0.026570 
train_loss: 0.024924 
test_loss: 0.025831 
train_loss: 0.024785 
test_loss: 0.024936 
train_loss: 0.024144 
test_loss: 0.023764 
train_loss: 0.023047 
test_loss: 0.023517 
train_loss: 0.022130 
test_loss: 0.023390 
train_loss: 0.021809 
test_loss: 0.022056 
train_loss: 0.021040 
test_loss: 0.021306 
train_loss: 0.019939 
test_loss: 0.021064 
train_loss: 0.019988 
test_loss: 0.020555 
train_loss: 0.020101 
test_loss: 0.020115 
train_loss: 0.019275 
test_loss: 0.020242 
train_loss: 0.018980 
test_loss: 0.019526 
train_loss: 0.018858 
test_loss: 0.019259 
train_loss: 0.019143 
test_loss: 0.019056 
train_loss: 0.018014 
test_loss: 0.019028 
train_loss: 0.018108 
test_loss: 0.018790 
train_loss: 0.018452 
test_loss: 0.018368 
train_loss: 0.017616 
test_loss: 0.017968 
train_loss: 0.017767 
test_loss: 0.017921 
train_loss: 0.017069 
test_loss: 0.017557 
train_loss: 0.017149 
test_loss: 0.017631 
train_loss: 0.015993 
test_loss: 0.017374 
train_loss: 0.016391 
test_loss: 0.016827 
train_loss: 0.016741 
test_loss: 0.017594 
train_loss: 0.017034 
test_loss: 0.016731 
train_loss: 0.015950 
test_loss: 0.016206 
train_loss: 0.015953 
test_loss: 0.016646 
train_loss: 0.015653 
test_loss: 0.016221 
train_loss: 0.015653 
test_loss: 0.016471 
train_loss: 0.015727 
test_loss: 0.016261 
train_loss: 0.015313 
test_loss: 0.016197 
train_loss: 0.015803 
test_loss: 0.015989 
train_loss: 0.015020 
test_loss: 0.016135 
train_loss: 0.014747 
test_loss: 0.015328 
train_loss: 0.015100 
test_loss: 0.015318 
train_loss: 0.015798 
test_loss: 0.015369 
train_loss: 0.014457 
test_loss: 0.015599 
train_loss: 0.014930 
test_loss: 0.015195 
train_loss: 0.015115 
test_loss: 0.015646 
train_loss: 0.014323 
test_loss: 0.015078 
train_loss: 0.014515 
test_loss: 0.015113 
train_loss: 0.014951 
test_loss: 0.015018 
train_loss: 0.014774 
test_loss: 0.015304 
train_loss: 0.013979 
test_loss: 0.014556 
train_loss: 0.014093 
test_loss: 0.014595 
train_loss: 0.013669 
test_loss: 0.014241 
train_loss: 0.014581 
test_loss: 0.014732 
train_loss: 0.014153 
test_loss: 0.014575 
train_loss: 0.014258 
test_loss: 0.014593 
train_loss: 0.014004 
test_loss: 0.013955 
train_loss: 0.014250 
test_loss: 0.014267 
train_loss: 0.013832 
test_loss: 0.014405 
train_loss: 0.013702 
test_loss: 0.014035 
train_loss: 0.013154 
test_loss: 0.013765 
train_loss: 0.013290 
test_loss: 0.013967 
train_loss: 0.014418 
test_loss: 0.014297 
train_loss: 0.013699 
test_loss: 0.014214 
train_loss: 0.013256 
test_loss: 0.013775 
train_loss: 0.013586 
test_loss: 0.013309 
train_loss: 0.013611 
test_loss: 0.013563 
train_loss: 0.013328 
test_loss: 0.013584 
train_loss: 0.012772 
test_loss: 0.013644 
train_loss: 0.013486 
test_loss: 0.013494 
train_loss: 0.012719 
test_loss: 0.013383 
train_loss: 0.013113 
test_loss: 0.013655 
train_loss: 0.013612 
test_loss: 0.013383 
train_loss: 0.013064 
test_loss: 0.013099 
train_loss: 0.012786 
test_loss: 0.013105 
train_loss: 0.012527 
test_loss: 0.013773 
