train_loss: 0.476212 
test_loss: 0.471895 
train_loss: 0.465574 
test_loss: 0.471279 
train_loss: 0.47173 
test_loss: 0.471164 
train_loss: 0.483292 
test_loss: 0.471054 
train_loss: 0.473664 
test_loss: 0.47094 
train_loss: 0.468772 
test_loss: 0.47079 
train_loss: 0.470048 
test_loss: 0.470639 
train_loss: 0.470617 
test_loss: 0.470468 
train_loss: 0.463701 
test_loss: 0.470265 
train_loss: 0.472228 
test_loss: 0.470074 
train_loss: 0.470012 
test_loss: 0.469863 
train_loss: 0.469447 
test_loss: 0.469645 
train_loss: 0.475281 
test_loss: 0.4694 
train_loss: 0.470009 
test_loss: 0.469179 
train_loss: 0.46636 
test_loss: 0.468909 
train_loss: 0.464186 
test_loss: 0.468635 
train_loss: 0.478658 
test_loss: 0.468342 
train_loss: 0.468552 
test_loss: 0.468055 
train_loss: 0.470426 
test_loss: 0.467757 
train_loss: 0.473216 
test_loss: 0.467434 
train_loss: 0.473085 
test_loss: 0.467097 
train_loss: 0.458352 
test_loss: 0.466783 
train_loss: 0.467445 
test_loss: 0.466415 
train_loss: 0.462576 
test_loss: 0.466048 
train_loss: 0.468103 
test_loss: 0.465671 
train_loss: 0.469598 
test_loss: 0.465268 
train_loss: 0.464475 
test_loss: 0.464889 
train_loss: 0.469158 
test_loss: 0.464471 
train_loss: 0.463504 
test_loss: 0.46405 
train_loss: 0.465003 
test_loss: 0.463629 
train_loss: 0.463768 
test_loss: 0.463161 
train_loss: 0.462608 
test_loss: 0.462718 
train_loss: 0.459792 
test_loss: 0.462246 
train_loss: 0.45865 
test_loss: 0.461772 
train_loss: 0.461608 
test_loss: 0.461266 
train_loss: 0.465231 
test_loss: 0.46075 
train_loss: 0.462815 
test_loss: 0.460219 
train_loss: 0.457963 
test_loss: 0.459682 
train_loss: 0.45567 
test_loss: 0.459148 
train_loss: 0.463781 
test_loss: 0.458586 
train_loss: 0.462838 
test_loss: 0.458021 
train_loss: 0.452851 
test_loss: 0.457418 
train_loss: 0.453031 
test_loss: 0.456814 
train_loss: 0.457122 
test_loss: 0.456181 
train_loss: 0.455706 
test_loss: 0.455563 
train_loss: 0.459991 
test_loss: 0.45491 
train_loss: 0.451972 
test_loss: 0.454262 
train_loss: 0.458651 
test_loss: 0.453565 
train_loss: 0.454197 
test_loss: 0.452877 
train_loss: 0.452103 
test_loss: 0.452185 
train_loss: 0.444495 
test_loss: 0.451433 
train_loss: 0.449907 
test_loss: 0.450699 
train_loss: 0.448173 
test_loss: 0.449953 
train_loss: 0.443031 
test_loss: 0.449172 
train_loss: 0.451009 
test_loss: 0.448379 
train_loss: 0.445539 
test_loss: 0.44757 
train_loss: 0.440926 
test_loss: 0.446746 
train_loss: 0.446307 
test_loss: 0.445894 
train_loss: 0.456505 
test_loss: 0.445025 
train_loss: 0.44828 
test_loss: 0.444138 
train_loss: 0.439668 
test_loss: 0.443238 
train_loss: 0.442188 
test_loss: 0.442305 
train_loss: 0.436347 
test_loss: 0.441364 
train_loss: 0.440375 
test_loss: 0.440398 
train_loss: 0.437908 
test_loss: 0.439386 
train_loss: 0.443479 
test_loss: 0.438368 
train_loss: 0.442056 
test_loss: 0.437332 
train_loss: 0.437075 
test_loss: 0.436259 
train_loss: 0.430376 
test_loss: 0.435155 
train_loss: 0.433599 
test_loss: 0.434028 
train_loss: 0.434258 
test_loss: 0.432875 
train_loss: 0.433619 
test_loss: 0.431695 
train_loss: 0.432212 
test_loss: 0.430455 
train_loss: 0.427683 
test_loss: 0.429207 
train_loss: 0.426358 
test_loss: 0.427905 
train_loss: 0.432341 
test_loss: 0.426574 
train_loss: 0.420294 
test_loss: 0.425198 
train_loss: 0.426344 
test_loss: 0.423767 
train_loss: 0.42378 
test_loss: 0.422327 
train_loss: 0.424191 
test_loss: 0.420794 
train_loss: 0.413749 
test_loss: 0.419237 
train_loss: 0.423174 
test_loss: 0.41763 
train_loss: 0.415634 
test_loss: 0.415971 
train_loss: 0.408892 
test_loss: 0.414238 
train_loss: 0.413301 
test_loss: 0.41242 
train_loss: 0.41478 
test_loss: 0.410575 
train_loss: 0.414186 
test_loss: 0.408649 
train_loss: 0.407231 
test_loss: 0.406632 
train_loss: 0.407249 
test_loss: 0.404527 
train_loss: 0.406823 
test_loss: 0.402344 
train_loss: 0.400115 
test_loss: 0.400043 
train_loss: 0.395579 
test_loss: 0.397657 
train_loss: 0.394925 
test_loss: 0.395155 
train_loss: 0.396326 
test_loss: 0.392545 
train_loss: 0.386971 
test_loss: 0.389833 
train_loss: 0.38871 
test_loss: 0.386999 
train_loss: 0.382455 
test_loss: 0.384077 
train_loss: 0.376858 
test_loss: 0.381048 
train_loss: 0.372585 
test_loss: 0.377932 
train_loss: 0.378438 
test_loss: 0.374737 
train_loss: 0.368918 
test_loss: 0.371464 
train_loss: 0.368984 
test_loss: 0.368135 
train_loss: 0.366196 
test_loss: 0.36473 
train_loss: 0.358357 
test_loss: 0.361251 
train_loss: 0.355931 
test_loss: 0.357668 
train_loss: 0.357147 
test_loss: 0.354013 
train_loss: 0.349842 
test_loss: 0.350261 
train_loss: 0.349188 
test_loss: 0.346402 
train_loss: 0.34789 
test_loss: 0.342393 
train_loss: 0.33935 
test_loss: 0.338297 
train_loss: 0.33287 
test_loss: 0.334061 
train_loss: 0.326523 
test_loss: 0.32969 
train_loss: 0.322838 
test_loss: 0.325214 
train_loss: 0.321432 
test_loss: 0.32062 
train_loss: 0.318731 
test_loss: 0.315912 
train_loss: 0.30988 
test_loss: 0.311139 
train_loss: 0.300735 
test_loss: 0.306289 
train_loss: 0.304717 
test_loss: 0.301376 
train_loss: 0.295525 
test_loss: 0.29647 
train_loss: 0.292119 
test_loss: 0.29153 
train_loss: 0.284471 
test_loss: 0.286627 
train_loss: 0.278397 
test_loss: 0.281721 
train_loss: 0.279885 
test_loss: 0.276884 
train_loss: 0.274008 
test_loss: 0.272096 
train_loss: 0.265427 
test_loss: 0.267378 
train_loss: 0.262455 
test_loss: 0.262705 
train_loss: 0.255924 
test_loss: 0.258123 
train_loss: 0.253255 
test_loss: 0.253608 
train_loss: 0.247509 
test_loss: 0.249163 
train_loss: 0.239911 
test_loss: 0.244804 
train_loss: 0.238102 
test_loss: 0.240508 
train_loss: 0.237974 
test_loss: 0.236317 
train_loss: 0.231902 
test_loss: 0.232185 
train_loss: 0.228125 
test_loss: 0.228131 
train_loss: 0.219671 
test_loss: 0.224162 
train_loss: 0.22378 
test_loss: 0.220237 
train_loss: 0.215039 
test_loss: 0.216402 
train_loss: 0.208937 
test_loss: 0.212621 
train_loss: 0.215751 
test_loss: 0.208915 
train_loss: 0.205632 
test_loss: 0.205268 
train_loss: 0.204696 
test_loss: 0.201699 
train_loss: 0.199402 
test_loss: 0.198171 
train_loss: 0.192616 
test_loss: 0.194725 
train_loss: 0.190118 
test_loss: 0.191326 
train_loss: 0.188001 
test_loss: 0.187977 
train_loss: 0.180981 
test_loss: 0.1847 
train_loss: 0.176829 
test_loss: 0.181471 
train_loss: 0.182719 
test_loss: 0.178287 
train_loss: 0.174558 
test_loss: 0.175179 
train_loss: 0.167363 
test_loss: 0.172126 
train_loss: 0.166578 
test_loss: 0.169125 
train_loss: 0.167933 
test_loss: 0.166192 
train_loss: 0.162227 
test_loss: 0.163326 
train_loss: 0.157797 
test_loss: 0.160531 
train_loss: 0.153591 
test_loss: 0.157802 
train_loss: 0.153905 
test_loss: 0.155115 
train_loss: 0.15651 
test_loss: 0.152527 
train_loss: 0.149199 
test_loss: 0.149995 
train_loss: 0.149812 
test_loss: 0.147566 
train_loss: 0.143191 
test_loss: 0.145214 
train_loss: 0.144821 
test_loss: 0.142915 
train_loss: 0.143275 
test_loss: 0.140704 
train_loss: 0.135599 
test_loss: 0.138595 
train_loss: 0.135208 
test_loss: 0.136557 
train_loss: 0.12858 
test_loss: 0.134598 
train_loss: 0.12981 
test_loss: 0.132738 
train_loss: 0.130741 
test_loss: 0.130975 
train_loss: 0.128742 
test_loss: 0.129272 
train_loss: 0.123919 
test_loss: 0.127654 
train_loss: 0.130452 
test_loss: 0.126127 
train_loss: 0.120534 
test_loss: 0.124685 
train_loss: 0.129463 
test_loss: 0.123299 
train_loss: 0.122125 
test_loss: 0.122014 
train_loss: 0.115011 
test_loss: 0.120802 
train_loss: 0.117077 
test_loss: 0.119642 
train_loss: 0.120804 
test_loss: 0.118576 
train_loss: 0.115479 
test_loss: 0.117544 
train_loss: 0.112054 
test_loss: 0.116605 
train_loss: 0.111572 
test_loss: 0.115705 
train_loss: 0.112539 
test_loss: 0.11488 
train_loss: 0.11624 
test_loss: 0.114086 
train_loss: 0.111928 
test_loss: 0.113362 
train_loss: 0.110817 
test_loss: 0.112676 
train_loss: 0.114129 
test_loss: 0.112041 
train_loss: 0.111859 
test_loss: 0.111433 
train_loss: 0.108097 
test_loss: 0.110891 
train_loss: 0.107809 
test_loss: 0.110376 
train_loss: 0.112806 
test_loss: 0.109902 
train_loss: 0.106227 
test_loss: 0.109457 
train_loss: 0.105423 
test_loss: 0.109028 
train_loss: 0.111832 
test_loss: 0.108638 
train_loss: 0.112252 
test_loss: 0.108287 
train_loss: 0.103766 
test_loss: 0.107967 
train_loss: 0.102703 
test_loss: 0.107647 
train_loss: 0.112305 
test_loss: 0.107364 
train_loss: 0.105812 
test_loss: 0.107077 
train_loss: 0.105076 
test_loss: 0.106851 
train_loss: 0.104681 
test_loss: 0.106618 
train_loss: 0.103242 
test_loss: 0.106404 
train_loss: 0.112932 
test_loss: 0.10622 
train_loss: 0.108027 
test_loss: 0.106029 
train_loss: 0.102073 
test_loss: 0.105855 
train_loss: 0.105005 
test_loss: 0.105682 
train_loss: 0.104477 
test_loss: 0.105552 
train_loss: 0.101331 
test_loss: 0.105442 
train_loss: 0.103631 
test_loss: 0.105268 
train_loss: 0.101549 
test_loss: 0.105175 
train_loss: 0.105349 
test_loss: 0.105019 
train_loss: 0.104627 
test_loss: 0.104917 
train_loss: 0.101293 
test_loss: 0.104815 
train_loss: 0.103602 
test_loss: 0.104726 
train_loss: 0.105107 
test_loss: 0.104628 
train_loss: 0.1051 
test_loss: 0.104537 
train_loss: 0.104281 
test_loss: 0.104454 
train_loss: 0.103932 
test_loss: 0.104409 
train_loss: 0.102194 
test_loss: 0.104293 
train_loss: 0.106531 
test_loss: 0.104252 
train_loss: 0.0977354 
test_loss: 0.104178 
train_loss: 0.102328 
test_loss: 0.104118 
train_loss: 0.102697 
test_loss: 0.104049 
train_loss: 0.104373 
test_loss: 0.103971 
train_loss: 0.102342 
test_loss: 0.103896 
train_loss: 0.101791 
test_loss: 0.103895 
train_loss: 0.105232 
test_loss: 0.103816 
train_loss: 0.100562 
test_loss: 0.103746 
train_loss: 0.1063 
test_loss: 0.10367 
train_loss: 0.104311 
test_loss: 0.103649 
train_loss: 0.100832 
test_loss: 0.103575 
train_loss: 0.104905 
test_loss: 0.10356 
train_loss: 0.0999892 
test_loss: 0.103504 
train_loss: 0.0999299 
test_loss: 0.103432 
train_loss: 0.100219 
test_loss: 0.103364 
train_loss: 0.101698 
test_loss: 0.103333 
train_loss: 0.0967838 
test_loss: 0.103268 
train_loss: 0.101308 
test_loss: 0.103224 
train_loss: 0.103309 
test_loss: 0.103225 
train_loss: 0.105023 
test_loss: 0.103127 
train_loss: 0.107501 
test_loss: 0.103078 
train_loss: 0.103173 
test_loss: 0.103048 
train_loss: 0.109671 
test_loss: 0.102991 
train_loss: 0.0989915 
test_loss: 0.102944 
train_loss: 0.100711 
test_loss: 0.102909 
train_loss: 0.101423 
test_loss: 0.102847 
train_loss: 0.101829 
test_loss: 0.102859 
train_loss: 0.103714 
test_loss: 0.102762 
train_loss: 0.106148 
test_loss: 0.102704 
train_loss: 0.108834 
test_loss: 0.102649 
train_loss: 0.0966406 
test_loss: 0.102637 
train_loss: 0.10262 
test_loss: 0.102586 
train_loss: 0.100215 
test_loss: 0.102533 
train_loss: 0.101405 
test_loss: 0.102442 
train_loss: 0.10512 
test_loss: 0.102418 
train_loss: 0.102399 
test_loss: 0.102413 
train_loss: 0.101969 
test_loss: 0.102294 
train_loss: 0.0986652 
test_loss: 0.102243 
train_loss: 0.10774 
test_loss: 0.1022 
train_loss: 0.0983342 
test_loss: 0.102173 
train_loss: 0.107828 
test_loss: 0.102097 
train_loss: 0.101226 
test_loss: 0.102023 
train_loss: 0.0995789 
test_loss: 0.10196 
train_loss: 0.103478 
test_loss: 0.10187 
train_loss: 0.101232 
test_loss: 0.101851 
train_loss: 0.110916 
test_loss: 0.101832 
train_loss: 0.10113 
test_loss: 0.101699 
train_loss: 0.101002 
test_loss: 0.101619 
train_loss: 0.101256 
test_loss: 0.101575 
train_loss: 0.10091 
test_loss: 0.101452 
train_loss: 0.0974083 
test_loss: 0.101407 
train_loss: 0.106846 
test_loss: 0.10133 
train_loss: 0.102434 
test_loss: 0.101238 
train_loss: 0.102916 
test_loss: 0.101134 
train_loss: 0.0947642 
test_loss: 0.101081 
train_loss: 0.0978587 
test_loss: 0.101007 
train_loss: 0.103525 
test_loss: 0.10095 
train_loss: 0.101535 
test_loss: 0.100742 
train_loss: 0.0962028 
test_loss: 0.100663 
train_loss: 0.0986325 
test_loss: 0.10059 
train_loss: 0.100837 
test_loss: 0.100448 
train_loss: 0.0994906 
test_loss: 0.100318 
train_loss: 0.104618 
test_loss: 0.100212 
train_loss: 0.0999608 
test_loss: 0.100052 
train_loss: 0.102499 
test_loss: 0.0998902 
train_loss: 0.0974396 
test_loss: 0.0997741 
train_loss: 0.099103 
test_loss: 0.0996663 
train_loss: 0.0951515 
test_loss: 0.0994949 
train_loss: 0.0940717 
test_loss: 0.0993063 
train_loss: 0.0999514 
test_loss: 0.0991205 
train_loss: 0.0997266 
test_loss: 0.0989148 
train_loss: 0.0971626 
test_loss: 0.0987758 
train_loss: 0.0997754 
test_loss: 0.0985497 
train_loss: 0.0963518 
test_loss: 0.0983671 
train_loss: 0.0947792 
test_loss: 0.0980877 
train_loss: 0.0963471 
test_loss: 0.0978159 
train_loss: 0.0951125 
test_loss: 0.0975969 
train_loss: 0.0943516 
test_loss: 0.0974558 
train_loss: 0.0930298 
test_loss: 0.0972574 
train_loss: 0.0958028 
test_loss: 0.0968836 
train_loss: 0.0963129 
test_loss: 0.0966834 
train_loss: 0.0974942 
test_loss: 0.0963781 
train_loss: 0.0942495 
test_loss: 0.0960035 
train_loss: 0.101026 
test_loss: 0.0958115 
train_loss: 0.0908956 
test_loss: 0.0954941 
train_loss: 0.0925007 
test_loss: 0.0951563 
train_loss: 0.093176 
test_loss: 0.0948412 
train_loss: 0.0934586 
test_loss: 0.0944263 
train_loss: 0.0910653 
test_loss: 0.094146 
train_loss: 0.0955736 
test_loss: 0.0937006 
train_loss: 0.0942915 
test_loss: 0.0933048 
train_loss: 0.0904239 
test_loss: 0.0928293 
train_loss: 0.0931295 
test_loss: 0.092497 
train_loss: 0.0869914 
test_loss: 0.0920881 
train_loss: 0.0905342 
test_loss: 0.0914348 
train_loss: 0.0904701 
test_loss: 0.0909792 
train_loss: 0.090088 
test_loss: 0.0904448 
train_loss: 0.0834568 
test_loss: 0.089798 
train_loss: 0.0893245 
test_loss: 0.0893354 
train_loss: 0.0906454 
test_loss: 0.088801 
train_loss: 0.0955358 
test_loss: 0.0882141 
train_loss: 0.0840717 
test_loss: 0.0876211 
train_loss: 0.0830859 
test_loss: 0.0869602 
train_loss: 0.0859138 
test_loss: 0.0864511 
train_loss: 0.0833646 
test_loss: 0.085783 
train_loss: 0.0873183 
test_loss: 0.0852983 
train_loss: 0.0866772 
test_loss: 0.0846958 
train_loss: 0.0876364 
test_loss: 0.0840922 
train_loss: 0.0803284 
test_loss: 0.0835662 
train_loss: 0.0797628 
test_loss: 0.0828778 
train_loss: 0.0799627 
test_loss: 0.0823455 
train_loss: 0.0848289 
test_loss: 0.0818115 
train_loss: 0.0848939 
test_loss: 0.0813129 
train_loss: 0.0852499 
test_loss: 0.0807388 
train_loss: 0.072904 
test_loss: 0.0800641 
train_loss: 0.0838529 
test_loss: 0.0797009 
train_loss: 0.0792727 
test_loss: 0.0789345 
train_loss: 0.0774178 
test_loss: 0.0786698 
train_loss: 0.075597 
test_loss: 0.0779542 
train_loss: 0.0748415 
test_loss: 0.0773476 
train_loss: 0.0739431 
test_loss: 0.0769825 
train_loss: 0.0754812 
test_loss: 0.0765509 
train_loss: 0.0697648 
test_loss: 0.075823 
train_loss: 0.0752639 
test_loss: 0.0753114 
train_loss: 0.0731553 
test_loss: 0.0747671 
train_loss: 0.074961 
test_loss: 0.0741738 
train_loss: 0.0725952 
test_loss: 0.0737183 
train_loss: 0.0702528 
test_loss: 0.0732396 
train_loss: 0.0719315 
test_loss: 0.0727307 
train_loss: 0.071124 
test_loss: 0.0721821 
train_loss: 0.0677719 
test_loss: 0.0717955 
train_loss: 0.0705796 
test_loss: 0.0712925 
train_loss: 0.0688932 
test_loss: 0.0708317 
train_loss: 0.0663576 
test_loss: 0.0702631 
train_loss: 0.0661523 
test_loss: 0.0698204 
train_loss: 0.0681633 
test_loss: 0.0694889 
train_loss: 0.0649349 
test_loss: 0.0689586 
train_loss: 0.0671695 
test_loss: 0.068417 
train_loss: 0.0696375 
test_loss: 0.0680831 
train_loss: 0.0667509 
test_loss: 0.0675435 
train_loss: 0.071398 
test_loss: 0.0674281 
train_loss: 0.0702268 
test_loss: 0.0667353 
train_loss: 0.0631825 
test_loss: 0.0664049 
train_loss: 0.0621733 
test_loss: 0.0659724 
train_loss: 0.0638283 
test_loss: 0.0655142 
train_loss: 0.0580839 
test_loss: 0.0648657 
train_loss: 0.0669876 
test_loss: 0.0645124 
train_loss: 0.061955 
test_loss: 0.0640605 
train_loss: 0.0643238 
test_loss: 0.0642358 
train_loss: 0.0601661 
test_loss: 0.0634382 
train_loss: 0.0618197 
test_loss: 0.0629129 
train_loss: 0.0627454 
test_loss: 0.0624194 
train_loss: 0.0631262 
test_loss: 0.0620737 
train_loss: 0.0607569 
test_loss: 0.0620418 
train_loss: 0.0606254 
test_loss: 0.0612086 
train_loss: 0.0582165 
test_loss: 0.0607425 
train_loss: 0.0595509 
test_loss: 0.0607424 
train_loss: 0.0619801 
test_loss: 0.0599708 
train_loss: 0.0560983 
test_loss: 0.059539 
train_loss: 0.061081 
test_loss: 0.0593767 
train_loss: 0.0559328 
test_loss: 0.0586941 
train_loss: 0.0544297 
test_loss: 0.0586051 
train_loss: 0.0606004 
test_loss: 0.057796 
train_loss: 0.0542292 
test_loss: 0.0579411 
train_loss: 0.0591975 
test_loss: 0.0569389 
train_loss: 0.0554357 
test_loss: 0.0560292 
train_loss: 0.0541727 
test_loss: 0.0560301 
train_loss: 0.053191 
test_loss: 0.0550151 
train_loss: 0.0542561 
test_loss: 0.0548168 
train_loss: 0.0521717 
test_loss: 0.0542133 
train_loss: 0.0551367 
test_loss: 0.0535036 
train_loss: 0.0548786 
test_loss: 0.0534055 
train_loss: 0.0498871 
test_loss: 0.0524759 
train_loss: 0.0494888 
test_loss: 0.0518363 
train_loss: 0.051848 
test_loss: 0.0511711 
train_loss: 0.051241 
test_loss: 0.0507435 
train_loss: 0.0495832 
test_loss: 0.0500633 
train_loss: 0.0484303 
test_loss: 0.0496153 
train_loss: 0.048725 
test_loss: 0.0490886 
train_loss: 0.0505976 
test_loss: 0.04841 
train_loss: 0.0470459 
test_loss: 0.0475999 
train_loss: 0.0479126 
test_loss: 0.0467919 
train_loss: 0.044335 
test_loss: 0.0467524 
train_loss: 0.0451286 
test_loss: 0.0455559 
train_loss: 0.0440795 
test_loss: 0.0445385 
train_loss: 0.0436022 
test_loss: 0.044213 
train_loss: 0.0432438 
test_loss: 0.0442424 
train_loss: 0.0435658 
test_loss: 0.0427131 
train_loss: 0.0423828 
test_loss: 0.0425191 
train_loss: 0.0459402 
test_loss: 0.0418701 
train_loss: 0.0396787 
test_loss: 0.0410686 
train_loss: 0.0398874 
test_loss: 0.040702 
train_loss: 0.0395408 
test_loss: 0.0431499 
train_loss: 0.0359104 
test_loss: 0.0395541 
train_loss: 0.041179 
test_loss: 0.0391472 
train_loss: 0.0373639 
test_loss: 0.0388161 
train_loss: 0.0375716 
test_loss: 0.0379619 
train_loss: 0.0326862 
test_loss: 0.0367805 
train_loss: 0.0388831 
test_loss: 0.0366454 
train_loss: 0.0351383 
test_loss: 0.0363003 
train_loss: 0.0332976 
test_loss: 0.0353075 
train_loss: 0.0338199 
test_loss: 0.0376709 
train_loss: 0.031033 
test_loss: 0.0348089 
train_loss: 0.0336687 
test_loss: 0.0369208 
train_loss: 0.033676 
test_loss: 0.0332944 
train_loss: 0.0315885 
test_loss: 0.0334789 
train_loss: 0.0339007 
test_loss: 0.0327645 
train_loss: 0.0311146 
test_loss: 0.0318651 
train_loss: 0.0335098 
test_loss: 0.0321171 
train_loss: 0.0305807 
test_loss: 0.0335218 
train_loss: 0.0358385 
test_loss: 0.0315248 
train_loss: 0.0285625 
test_loss: 0.0320272 
train_loss: 0.0300116 
test_loss: 0.0342057 
train_loss: 0.0290327 
test_loss: 0.0302613 
train_loss: 0.0303707 
test_loss: 0.029677 
train_loss: 0.0326613 
test_loss: 0.0298252 
train_loss: 0.0292416 
test_loss: 0.0288439 
train_loss: 0.0344002 
test_loss: 0.0293168 
train_loss: 0.0266814 
test_loss: 0.028248 
train_loss: 0.0293967 
test_loss: 0.028918 
train_loss: 0.0276435 
test_loss: 0.0278023 
train_loss: 0.0291867 
test_loss: 0.0300662 
train_loss: 0.0288679 
test_loss: 0.0281025 
train_loss: 0.0261417 
test_loss: 0.0280191 
train_loss: 0.0269385 
test_loss: 0.02753 
train_loss: 0.0249262 
test_loss: 0.02681 
train_loss: 0.0284261 
test_loss: 0.0272729 
train_loss: 0.0268363 
test_loss: 0.0267933 
train_loss: 0.0244659 
test_loss: 0.0271827 
train_loss: 0.0276358 
test_loss: 0.0272728 
train_loss: 0.0245356 
test_loss: 0.0261256 
train_loss: 0.0245806 
test_loss: 0.0259868 
train_loss: 0.0234765 
test_loss: 0.0262877 
train_loss: 0.0242244 
test_loss: 0.025006 
train_loss: 0.0254991 
test_loss: 0.0270736 
train_loss: 0.0253818 
test_loss: 0.0248382 
train_loss: 0.0232999 
test_loss: 0.0246336 
train_loss: 0.0264943 
test_loss: 0.0254468 
train_loss: 0.0251882 
test_loss: 0.0242882 
train_loss: 0.0211778 
test_loss: 0.0243865 
train_loss: 0.0250073 
test_loss: 0.0248239 
train_loss: 0.0204087 
test_loss: 0.0243472 
train_loss: 0.0231728 
test_loss: 0.0258783 
train_loss: 0.0253621 
test_loss: 0.0239478 
train_loss: 0.022983 
test_loss: 0.0259286 
train_loss: 0.0227856 
test_loss: 0.0232354 
train_loss: 0.0233104 
test_loss: 0.0246646 
train_loss: 0.0223164 
test_loss: 0.0231228 
train_loss: 0.0297364 
test_loss: 0.0229223 
train_loss: 0.0231539 
test_loss: 0.0229446 
train_loss: 0.0221502 
test_loss: 0.0233043 
train_loss: 0.0224269 
test_loss: 0.0224383 
train_loss: 0.0207929 
test_loss: 0.0247448 
train_loss: 0.0219702 
test_loss: 0.0227028 
train_loss: 0.0228884 
test_loss: 0.0221658 
train_loss: 0.0242684 
test_loss: 0.0219176 
train_loss: 0.0242325 
test_loss: 0.022698 
train_loss: 0.0179993 
test_loss: 0.0209395 
train_loss: 0.0191588 
test_loss: 0.0211708 
train_loss: 0.0192035 
test_loss: 0.0209711 
train_loss: 0.0202374 
test_loss: 0.0212182 
train_loss: 0.0186176 
test_loss: 0.021109 
train_loss: 0.0205809 
test_loss: 0.0206552 
train_loss: 0.0176004 
test_loss: 0.0210601 
train_loss: 0.0192181 
test_loss: 0.0216726 
train_loss: 0.0189051 
test_loss: 0.0198459 
train_loss: 0.0193751 
test_loss: 0.020624 
train_loss: 0.0214611 
test_loss: 0.0201074 
train_loss: 0.0195379 
test_loss: 0.0208137 
train_loss: 0.0169641 
test_loss: 0.0198061 
train_loss: 0.021095 
test_loss: 0.0207562 
train_loss: 0.0184393 
test_loss: 0.0193992 
train_loss: 0.01909 
test_loss: 0.0191085 
train_loss: 0.0178193 
test_loss: 0.019177 
train_loss: 0.0176778 
test_loss: 0.0189187 
train_loss: 0.0168555 
test_loss: 0.0194147 
train_loss: 0.0179289 
test_loss: 0.0187989 
train_loss: 0.0186237 
test_loss: 0.0190215 
train_loss: 0.0167195 
test_loss: 0.0186711 
train_loss: 0.0189009 
test_loss: 0.0189043 
train_loss: 0.0196195 
test_loss: 0.0185602 
train_loss: 0.0168831 
test_loss: 0.0190522 
train_loss: 0.0200471 
test_loss: 0.0179083 
train_loss: 0.0187262 
test_loss: 0.0182572 
train_loss: 0.0163727 
test_loss: 0.0186492 
train_loss: 0.0152161 
test_loss: 0.0177098 
train_loss: 0.0153822 
test_loss: 0.0178075 
train_loss: 0.0202536 
test_loss: 0.0181615 
train_loss: 0.019822 
test_loss: 0.0181366 
train_loss: 0.01556 
test_loss: 0.0175486 
train_loss: 0.0174782 
test_loss: 0.0176153 
train_loss: 0.0226995 
test_loss: 0.0217518 
train_loss: 0.0162256 
test_loss: 0.0169881 
train_loss: 0.016503 
test_loss: 0.0172427 
train_loss: 0.016901 
test_loss: 0.0170356 
train_loss: 0.0203485 
test_loss: 0.0170196 
train_loss: 0.0160281 
test_loss: 0.0173606 
train_loss: 0.017931 
test_loss: 0.0169891 
train_loss: 0.0143799 
test_loss: 0.0166243 
train_loss: 0.0153011 
test_loss: 0.0170364 
train_loss: 0.0172831 
test_loss: 0.0171075 
train_loss: 0.0174715 
test_loss: 0.0171431 
train_loss: 0.0155899 
test_loss: 0.0165922 
train_loss: 0.0145681 
test_loss: 0.0174055 
