train_loss: 0.52613 
test_loss: 0.527483 
train_loss: 0.522929 
test_loss: 0.526709 
train_loss: 0.528222 
test_loss: 0.526343 
train_loss: 0.529388 
test_loss: 0.525893 
train_loss: 0.520539 
test_loss: 0.525403 
train_loss: 0.529738 
test_loss: 0.524833 
train_loss: 0.514696 
test_loss: 0.524211 
train_loss: 0.524774 
test_loss: 0.523579 
train_loss: 0.525893 
test_loss: 0.522894 
train_loss: 0.521084 
test_loss: 0.522142 
train_loss: 0.516087 
test_loss: 0.521398 
train_loss: 0.516238 
test_loss: 0.520604 
train_loss: 0.524605 
test_loss: 0.519782 
train_loss: 0.515293 
test_loss: 0.518952 
train_loss: 0.520137 
test_loss: 0.518084 
train_loss: 0.507494 
test_loss: 0.517178 
train_loss: 0.51346 
test_loss: 0.516257 
train_loss: 0.509993 
test_loss: 0.515327 
train_loss: 0.509011 
test_loss: 0.514364 
train_loss: 0.510987 
test_loss: 0.513384 
train_loss: 0.50873 
test_loss: 0.512422 
train_loss: 0.504778 
test_loss: 0.5114 
train_loss: 0.503707 
test_loss: 0.51038 
train_loss: 0.510398 
test_loss: 0.509353 
train_loss: 0.509093 
test_loss: 0.508301 
train_loss: 0.505544 
test_loss: 0.507236 
train_loss: 0.509866 
test_loss: 0.506152 
train_loss: 0.51076 
test_loss: 0.505075 
train_loss: 0.501233 
test_loss: 0.503946 
train_loss: 0.504369 
test_loss: 0.502829 
train_loss: 0.506925 
test_loss: 0.501714 
train_loss: 0.497931 
test_loss: 0.50054 
train_loss: 0.497395 
test_loss: 0.499354 
train_loss: 0.497727 
test_loss: 0.498199 
train_loss: 0.492983 
test_loss: 0.497023 
train_loss: 0.489264 
test_loss: 0.495849 
train_loss: 0.491164 
test_loss: 0.494705 
train_loss: 0.491806 
test_loss: 0.493537 
train_loss: 0.487381 
test_loss: 0.492396 
train_loss: 0.493396 
test_loss: 0.491233 
train_loss: 0.487838 
test_loss: 0.490064 
train_loss: 0.48308 
test_loss: 0.488865 
train_loss: 0.485072 
test_loss: 0.487662 
train_loss: 0.488613 
test_loss: 0.486418 
train_loss: 0.482541 
test_loss: 0.485168 
train_loss: 0.48712 
test_loss: 0.483906 
train_loss: 0.4871 
test_loss: 0.482605 
train_loss: 0.480736 
test_loss: 0.481285 
train_loss: 0.482292 
test_loss: 0.47996 
train_loss: 0.476856 
test_loss: 0.478586 
train_loss: 0.470868 
test_loss: 0.477201 
train_loss: 0.479035 
test_loss: 0.475787 
train_loss: 0.467164 
test_loss: 0.474352 
train_loss: 0.473419 
test_loss: 0.47288 
train_loss: 0.466983 
test_loss: 0.471382 
train_loss: 0.468884 
test_loss: 0.469871 
train_loss: 0.466131 
test_loss: 0.46832 
train_loss: 0.473591 
test_loss: 0.466745 
train_loss: 0.465355 
test_loss: 0.465141 
train_loss: 0.465459 
test_loss: 0.463526 
train_loss: 0.463235 
test_loss: 0.461874 
train_loss: 0.455026 
test_loss: 0.460188 
train_loss: 0.454548 
test_loss: 0.458486 
train_loss: 0.451189 
test_loss: 0.45675 
train_loss: 0.455104 
test_loss: 0.454972 
train_loss: 0.451258 
test_loss: 0.453193 
train_loss: 0.445352 
test_loss: 0.451373 
train_loss: 0.454478 
test_loss: 0.449549 
train_loss: 0.442261 
test_loss: 0.447688 
train_loss: 0.444212 
test_loss: 0.445819 
train_loss: 0.443247 
test_loss: 0.443932 
train_loss: 0.44466 
test_loss: 0.442009 
train_loss: 0.439593 
test_loss: 0.440093 
train_loss: 0.443016 
test_loss: 0.438131 
train_loss: 0.43272 
test_loss: 0.436162 
train_loss: 0.430991 
test_loss: 0.43414 
train_loss: 0.437118 
test_loss: 0.432129 
train_loss: 0.429936 
test_loss: 0.430071 
train_loss: 0.428827 
test_loss: 0.427985 
train_loss: 0.426784 
test_loss: 0.425855 
train_loss: 0.416779 
test_loss: 0.423705 
train_loss: 0.424702 
test_loss: 0.421518 
train_loss: 0.417677 
test_loss: 0.419281 
train_loss: 0.41225 
test_loss: 0.417027 
train_loss: 0.410466 
test_loss: 0.414733 
train_loss: 0.411696 
test_loss: 0.412406 
train_loss: 0.409798 
test_loss: 0.410031 
train_loss: 0.40052 
test_loss: 0.407637 
train_loss: 0.40622 
test_loss: 0.405188 
train_loss: 0.407621 
test_loss: 0.402735 
train_loss: 0.407825 
test_loss: 0.400216 
train_loss: 0.39436 
test_loss: 0.397703 
train_loss: 0.39649 
test_loss: 0.395155 
train_loss: 0.390903 
test_loss: 0.392555 
train_loss: 0.392916 
test_loss: 0.389959 
train_loss: 0.388594 
test_loss: 0.387332 
train_loss: 0.382049 
test_loss: 0.384694 
train_loss: 0.381174 
test_loss: 0.382025 
train_loss: 0.375812 
test_loss: 0.379347 
train_loss: 0.381523 
test_loss: 0.376639 
train_loss: 0.369205 
test_loss: 0.373919 
train_loss: 0.372402 
test_loss: 0.371181 
train_loss: 0.363411 
test_loss: 0.368425 
train_loss: 0.360326 
test_loss: 0.365654 
train_loss: 0.363045 
test_loss: 0.362859 
train_loss: 0.35745 
test_loss: 0.360054 
train_loss: 0.355352 
test_loss: 0.357212 
train_loss: 0.355186 
test_loss: 0.354346 
train_loss: 0.348366 
test_loss: 0.351446 
train_loss: 0.342171 
test_loss: 0.348526 
train_loss: 0.350504 
test_loss: 0.345545 
train_loss: 0.338507 
test_loss: 0.342517 
train_loss: 0.346517 
test_loss: 0.339405 
train_loss: 0.334404 
test_loss: 0.336189 
train_loss: 0.334023 
test_loss: 0.333025 
train_loss: 0.330331 
test_loss: 0.329979 
train_loss: 0.31915 
test_loss: 0.32694 
train_loss: 0.321825 
test_loss: 0.323904 
train_loss: 0.319256 
test_loss: 0.320901 
train_loss: 0.316711 
test_loss: 0.317875 
train_loss: 0.309003 
test_loss: 0.314826 
train_loss: 0.312486 
test_loss: 0.311781 
train_loss: 0.311385 
test_loss: 0.308709 
train_loss: 0.307736 
test_loss: 0.305629 
train_loss: 0.302909 
test_loss: 0.30255 
train_loss: 0.294596 
test_loss: 0.299449 
train_loss: 0.29989 
test_loss: 0.29633 
train_loss: 0.292643 
test_loss: 0.293208 
train_loss: 0.288708 
test_loss: 0.290063 
train_loss: 0.286799 
test_loss: 0.286892 
train_loss: 0.282184 
test_loss: 0.283696 
train_loss: 0.281179 
test_loss: 0.280491 
train_loss: 0.2792 
test_loss: 0.277262 
train_loss: 0.271395 
test_loss: 0.274001 
train_loss: 0.273205 
test_loss: 0.270725 
train_loss: 0.266686 
test_loss: 0.267402 
train_loss: 0.265188 
test_loss: 0.264063 
train_loss: 0.256845 
test_loss: 0.260702 
train_loss: 0.256329 
test_loss: 0.257305 
train_loss: 0.25326 
test_loss: 0.253882 
train_loss: 0.24964 
test_loss: 0.250429 
train_loss: 0.246053 
test_loss: 0.246949 
train_loss: 0.240848 
test_loss: 0.243432 
train_loss: 0.238715 
test_loss: 0.239885 
train_loss: 0.231593 
test_loss: 0.236311 
train_loss: 0.229601 
test_loss: 0.232703 
train_loss: 0.222256 
test_loss: 0.229061 
train_loss: 0.225122 
test_loss: 0.225382 
train_loss: 0.217141 
test_loss: 0.221675 
train_loss: 0.215498 
test_loss: 0.217935 
train_loss: 0.213692 
test_loss: 0.214172 
train_loss: 0.21334 
test_loss: 0.210401 
train_loss: 0.205278 
test_loss: 0.206609 
train_loss: 0.205022 
test_loss: 0.202818 
train_loss: 0.200473 
test_loss: 0.199016 
train_loss: 0.191631 
test_loss: 0.195222 
train_loss: 0.190731 
test_loss: 0.191472 
train_loss: 0.188545 
test_loss: 0.187739 
train_loss: 0.179472 
test_loss: 0.184028 
train_loss: 0.179105 
test_loss: 0.180378 
train_loss: 0.178697 
test_loss: 0.176755 
train_loss: 0.171603 
test_loss: 0.173184 
train_loss: 0.167464 
test_loss: 0.169684 
train_loss: 0.165649 
test_loss: 0.166245 
train_loss: 0.165225 
test_loss: 0.162886 
train_loss: 0.159382 
test_loss: 0.159604 
train_loss: 0.157774 
test_loss: 0.156417 
train_loss: 0.155609 
test_loss: 0.153322 
train_loss: 0.146397 
test_loss: 0.150309 
train_loss: 0.149193 
test_loss: 0.147422 
train_loss: 0.142675 
test_loss: 0.144626 
train_loss: 0.143461 
test_loss: 0.141931 
train_loss: 0.140586 
test_loss: 0.13935 
train_loss: 0.133453 
test_loss: 0.136853 
train_loss: 0.136089 
test_loss: 0.134451 
train_loss: 0.130736 
test_loss: 0.132147 
train_loss: 0.129137 
test_loss: 0.129931 
train_loss: 0.126014 
test_loss: 0.127815 
train_loss: 0.126835 
test_loss: 0.125776 
train_loss: 0.120741 
test_loss: 0.123834 
train_loss: 0.120492 
test_loss: 0.121969 
train_loss: 0.120669 
test_loss: 0.12018 
train_loss: 0.118885 
test_loss: 0.118477 
train_loss: 0.115102 
test_loss: 0.11686 
train_loss: 0.117453 
test_loss: 0.115314 
train_loss: 0.11458 
test_loss: 0.113848 
train_loss: 0.113247 
test_loss: 0.112475 
train_loss: 0.109196 
test_loss: 0.111163 
train_loss: 0.111097 
test_loss: 0.10993 
train_loss: 0.110655 
test_loss: 0.10875 
train_loss: 0.109298 
test_loss: 0.107644 
train_loss: 0.107145 
test_loss: 0.106619 
train_loss: 0.103777 
test_loss: 0.105629 
train_loss: 0.101728 
test_loss: 0.104711 
train_loss: 0.100665 
test_loss: 0.103851 
train_loss: 0.102231 
test_loss: 0.103038 
train_loss: 0.104372 
test_loss: 0.102282 
train_loss: 0.103048 
test_loss: 0.101563 
train_loss: 0.0990047 
test_loss: 0.100895 
train_loss: 0.0980603 
test_loss: 0.100269 
train_loss: 0.0995621 
test_loss: 0.0996659 
train_loss: 0.0981114 
test_loss: 0.0991065 
train_loss: 0.0991319 
test_loss: 0.0985806 
train_loss: 0.102572 
test_loss: 0.0980832 
train_loss: 0.0961172 
test_loss: 0.0976344 
train_loss: 0.102077 
test_loss: 0.0971761 
train_loss: 0.0974525 
test_loss: 0.0967759 
train_loss: 0.0936892 
test_loss: 0.0963829 
train_loss: 0.0950953 
test_loss: 0.0960177 
train_loss: 0.0985079 
test_loss: 0.0956686 
train_loss: 0.0961102 
test_loss: 0.0953337 
train_loss: 0.0959207 
test_loss: 0.095007 
train_loss: 0.0921705 
test_loss: 0.0947045 
train_loss: 0.0955495 
test_loss: 0.0944082 
train_loss: 0.0957112 
test_loss: 0.0941694 
train_loss: 0.0922589 
test_loss: 0.0938695 
train_loss: 0.0955405 
test_loss: 0.0936091 
train_loss: 0.0941925 
test_loss: 0.0933699 
train_loss: 0.0927192 
test_loss: 0.0931163 
train_loss: 0.0889017 
test_loss: 0.0929008 
train_loss: 0.0898801 
test_loss: 0.0926605 
train_loss: 0.0916957 
test_loss: 0.0924388 
train_loss: 0.0910052 
test_loss: 0.0922174 
train_loss: 0.0962458 
test_loss: 0.0920225 
train_loss: 0.0930485 
test_loss: 0.0918038 
train_loss: 0.0919904 
test_loss: 0.0915995 
train_loss: 0.0929251 
test_loss: 0.0913817 
train_loss: 0.0922676 
test_loss: 0.0911947 
train_loss: 0.0879984 
test_loss: 0.0909745 
train_loss: 0.0898341 
test_loss: 0.0907726 
train_loss: 0.0894531 
test_loss: 0.0905552 
train_loss: 0.0888366 
test_loss: 0.0903647 
train_loss: 0.0882089 
test_loss: 0.0901498 
train_loss: 0.0921254 
test_loss: 0.0899498 
train_loss: 0.0908051 
test_loss: 0.0897229 
train_loss: 0.0881497 
test_loss: 0.0895075 
train_loss: 0.0937452 
test_loss: 0.089286 
train_loss: 0.0884142 
test_loss: 0.0890672 
train_loss: 0.0877689 
test_loss: 0.0888335 
train_loss: 0.0862475 
test_loss: 0.0886003 
train_loss: 0.0891833 
test_loss: 0.0883487 
train_loss: 0.0889628 
test_loss: 0.0881041 
train_loss: 0.0863838 
test_loss: 0.0878556 
train_loss: 0.0861791 
test_loss: 0.0875924 
train_loss: 0.0861579 
test_loss: 0.0873214 
train_loss: 0.0829975 
test_loss: 0.0870431 
train_loss: 0.0860137 
test_loss: 0.0867248 
train_loss: 0.0854111 
test_loss: 0.0864439 
train_loss: 0.0889762 
test_loss: 0.0861031 
train_loss: 0.0859482 
test_loss: 0.0857699 
train_loss: 0.0852359 
test_loss: 0.0854243 
train_loss: 0.0819468 
test_loss: 0.0850753 
train_loss: 0.0863318 
test_loss: 0.0846978 
train_loss: 0.0831291 
test_loss: 0.0843068 
train_loss: 0.0843685 
test_loss: 0.0838973 
train_loss: 0.0809718 
test_loss: 0.0834709 
train_loss: 0.0815045 
test_loss: 0.0830085 
train_loss: 0.0828431 
test_loss: 0.0825885 
train_loss: 0.0794676 
test_loss: 0.0820913 
train_loss: 0.0816849 
test_loss: 0.0815933 
train_loss: 0.0807305 
test_loss: 0.0810772 
train_loss: 0.0821135 
test_loss: 0.080529 
train_loss: 0.0778166 
test_loss: 0.0800161 
train_loss: 0.0805676 
test_loss: 0.0794461 
train_loss: 0.0783193 
test_loss: 0.0788431 
train_loss: 0.0773472 
test_loss: 0.0782763 
train_loss: 0.0789569 
test_loss: 0.0776975 
train_loss: 0.0774628 
test_loss: 0.0770528 
train_loss: 0.0775722 
test_loss: 0.0764128 
train_loss: 0.0734069 
test_loss: 0.0758273 
train_loss: 0.0736141 
test_loss: 0.0751672 
train_loss: 0.0740672 
test_loss: 0.0745024 
train_loss: 0.0721043 
test_loss: 0.0740144 
train_loss: 0.0702344 
test_loss: 0.0733141 
train_loss: 0.0731378 
test_loss: 0.0727088 
train_loss: 0.0730742 
test_loss: 0.0721725 
train_loss: 0.0709877 
test_loss: 0.071554 
train_loss: 0.070679 
test_loss: 0.0709712 
train_loss: 0.0704026 
test_loss: 0.0704267 
train_loss: 0.0676683 
test_loss: 0.0699089 
train_loss: 0.0692439 
test_loss: 0.0695078 
train_loss: 0.0663371 
test_loss: 0.0692961 
train_loss: 0.06988 
test_loss: 0.0685566 
train_loss: 0.0662676 
test_loss: 0.0684973 
train_loss: 0.068648 
test_loss: 0.0680351 
train_loss: 0.0703858 
test_loss: 0.0674621 
train_loss: 0.0664917 
test_loss: 0.0672666 
train_loss: 0.0616044 
test_loss: 0.0667528 
train_loss: 0.065481 
test_loss: 0.0665698 
train_loss: 0.0675303 
test_loss: 0.0661059 
train_loss: 0.0618727 
test_loss: 0.0661198 
train_loss: 0.063338 
test_loss: 0.0655968 
train_loss: 0.0657489 
test_loss: 0.0652076 
train_loss: 0.0665392 
test_loss: 0.064991 
train_loss: 0.0642773 
test_loss: 0.0649684 
train_loss: 0.0658844 
test_loss: 0.0644387 
train_loss: 0.0647241 
test_loss: 0.0648069 
train_loss: 0.0645163 
test_loss: 0.063896 
train_loss: 0.0640947 
test_loss: 0.0637917 
train_loss: 0.0632081 
test_loss: 0.0633273 
train_loss: 0.0608917 
test_loss: 0.0631417 
train_loss: 0.0624467 
test_loss: 0.0628919 
train_loss: 0.0623502 
test_loss: 0.0627618 
train_loss: 0.0633137 
test_loss: 0.0624511 
train_loss: 0.0610561 
test_loss: 0.0625144 
train_loss: 0.0611451 
test_loss: 0.0619969 
train_loss: 0.0599229 
test_loss: 0.0617768 
train_loss: 0.0617027 
test_loss: 0.0616009 
train_loss: 0.0610603 
test_loss: 0.0614281 
train_loss: 0.0606246 
test_loss: 0.0617915 
train_loss: 0.0624249 
test_loss: 0.0610157 
train_loss: 0.0598195 
test_loss: 0.0607667 
train_loss: 0.0598565 
test_loss: 0.0604038 
train_loss: 0.0602404 
test_loss: 0.0603441 
train_loss: 0.0593865 
test_loss: 0.0599897 
train_loss: 0.0548986 
test_loss: 0.059876 
train_loss: 0.0584313 
test_loss: 0.0595674 
train_loss: 0.0610366 
test_loss: 0.0593925 
train_loss: 0.0598783 
test_loss: 0.0597302 
train_loss: 0.057445 
test_loss: 0.0594542 
train_loss: 0.0604783 
test_loss: 0.0589947 
train_loss: 0.05837 
test_loss: 0.0587921 
train_loss: 0.0586194 
test_loss: 0.0588374 
train_loss: 0.0564888 
test_loss: 0.0584172 
train_loss: 0.055059 
test_loss: 0.0580901 
train_loss: 0.0580861 
test_loss: 0.0585453 
train_loss: 0.0564189 
test_loss: 0.0577069 
train_loss: 0.0547344 
test_loss: 0.0577879 
train_loss: 0.0599842 
test_loss: 0.0577648 
train_loss: 0.0582217 
test_loss: 0.0573104 
train_loss: 0.0567416 
test_loss: 0.0571266 
train_loss: 0.0570842 
test_loss: 0.0570485 
train_loss: 0.0535362 
test_loss: 0.0568145 
train_loss: 0.0545672 
test_loss: 0.0570127 
train_loss: 0.0543781 
test_loss: 0.0563639 
train_loss: 0.057439 
test_loss: 0.0563694 
train_loss: 0.055683 
test_loss: 0.0561388 
train_loss: 0.0564113 
test_loss: 0.0560248 
train_loss: 0.0543542 
test_loss: 0.0560463 
train_loss: 0.0545615 
test_loss: 0.0557415 
train_loss: 0.0540611 
test_loss: 0.0559256 
train_loss: 0.0522987 
test_loss: 0.0554614 
train_loss: 0.0548344 
test_loss: 0.0556066 
train_loss: 0.054263 
test_loss: 0.0557454 
train_loss: 0.0558143 
test_loss: 0.0555678 
train_loss: 0.0548841 
test_loss: 0.0551227 
train_loss: 0.0531091 
test_loss: 0.0549359 
train_loss: 0.0525059 
test_loss: 0.0546187 
train_loss: 0.0553665 
test_loss: 0.0545373 
train_loss: 0.0532729 
test_loss: 0.0542924 
train_loss: 0.05389 
test_loss: 0.0542604 
train_loss: 0.0527425 
test_loss: 0.0541354 
train_loss: 0.0555627 
test_loss: 0.0544917 
train_loss: 0.0539577 
test_loss: 0.0538081 
train_loss: 0.0531611 
test_loss: 0.0539023 
train_loss: 0.0503996 
test_loss: 0.0534207 
train_loss: 0.0546208 
test_loss: 0.0533897 
train_loss: 0.0520153 
test_loss: 0.0533194 
train_loss: 0.052997 
test_loss: 0.0534793 
train_loss: 0.053045 
test_loss: 0.0530523 
train_loss: 0.0515174 
test_loss: 0.0526017 
train_loss: 0.0529818 
test_loss: 0.0524172 
train_loss: 0.0513479 
test_loss: 0.0526464 
train_loss: 0.0531604 
test_loss: 0.052309 
train_loss: 0.0495934 
test_loss: 0.0522088 
train_loss: 0.0510466 
test_loss: 0.051781 
train_loss: 0.0502125 
test_loss: 0.0514165 
train_loss: 0.0485126 
test_loss: 0.0513737 
train_loss: 0.0487129 
test_loss: 0.0512798 
train_loss: 0.050348 
test_loss: 0.0510438 
train_loss: 0.0499116 
test_loss: 0.050736 
train_loss: 0.0502315 
test_loss: 0.0503035 
train_loss: 0.047929 
test_loss: 0.0496495 
train_loss: 0.0505558 
test_loss: 0.04949 
train_loss: 0.0476327 
test_loss: 0.0490425 
train_loss: 0.0492245 
test_loss: 0.0485597 
train_loss: 0.045228 
test_loss: 0.0483694 
train_loss: 0.0488273 
test_loss: 0.0481175 
train_loss: 0.0464364 
test_loss: 0.0478228 
train_loss: 0.0454832 
test_loss: 0.0469852 
train_loss: 0.0459942 
test_loss: 0.0468177 
train_loss: 0.0443127 
test_loss: 0.0464209 
train_loss: 0.044348 
test_loss: 0.0463318 
train_loss: 0.0462519 
test_loss: 0.0455366 
train_loss: 0.0456789 
test_loss: 0.0442774 
train_loss: 0.0435919 
test_loss: 0.0444497 
train_loss: 0.043182 
test_loss: 0.0429924 
train_loss: 0.0402538 
test_loss: 0.0421989 
train_loss: 0.0409132 
test_loss: 0.0422236 
train_loss: 0.040023 
test_loss: 0.0408884 
train_loss: 0.0380086 
test_loss: 0.040921 
train_loss: 0.0410971 
test_loss: 0.0397646 
train_loss: 0.0417111 
test_loss: 0.0394429 
train_loss: 0.034572 
test_loss: 0.0378745 
train_loss: 0.0363534 
test_loss: 0.0375971 
train_loss: 0.0352777 
test_loss: 0.0363204 
train_loss: 0.0355846 
test_loss: 0.0358075 
train_loss: 0.0321586 
test_loss: 0.0349752 
train_loss: 0.0324642 
test_loss: 0.0338212 
train_loss: 0.0321356 
test_loss: 0.0328637 
train_loss: 0.0307513 
test_loss: 0.0328296 
train_loss: 0.0305691 
test_loss: 0.0313302 
train_loss: 0.0291956 
test_loss: 0.0308547 
train_loss: 0.0285325 
test_loss: 0.0303547 
train_loss: 0.0295742 
test_loss: 0.0310546 
train_loss: 0.0279868 
test_loss: 0.0292824 
train_loss: 0.0284048 
test_loss: 0.0281991 
train_loss: 0.0273638 
test_loss: 0.0293296 
train_loss: 0.0259701 
test_loss: 0.0269995 
train_loss: 0.0266587 
test_loss: 0.0268947 
train_loss: 0.0264837 
test_loss: 0.0260669 
train_loss: 0.024081 
test_loss: 0.0288205 
train_loss: 0.0254346 
test_loss: 0.0252086 
train_loss: 0.0249304 
test_loss: 0.0259159 
train_loss: 0.024725 
test_loss: 0.0253166 
train_loss: 0.0236984 
test_loss: 0.0245186 
train_loss: 0.0228559 
test_loss: 0.0235686 
train_loss: 0.024835 
test_loss: 0.0235172 
train_loss: 0.0220299 
test_loss: 0.0230341 
train_loss: 0.0226091 
test_loss: 0.0232608 
train_loss: 0.021761 
test_loss: 0.02209 
train_loss: 0.0207804 
test_loss: 0.0224758 
train_loss: 0.0201765 
test_loss: 0.0217052 
train_loss: 0.0209829 
test_loss: 0.0216847 
train_loss: 0.0237497 
test_loss: 0.021508 
train_loss: 0.0216492 
test_loss: 0.0210371 
train_loss: 0.0204792 
test_loss: 0.020512 
train_loss: 0.020064 
test_loss: 0.0212182 
train_loss: 0.0198866 
test_loss: 0.0206831 
train_loss: 0.022801 
test_loss: 0.020981 
train_loss: 0.0201333 
test_loss: 0.0209952 
train_loss: 0.0190383 
test_loss: 0.0198886 
train_loss: 0.0186736 
test_loss: 0.0197251 
train_loss: 0.0179246 
test_loss: 0.0199217 
train_loss: 0.0195107 
test_loss: 0.0191876 
train_loss: 0.0185925 
test_loss: 0.0193172 
train_loss: 0.019369 
test_loss: 0.0215016 
train_loss: 0.0199873 
test_loss: 0.0196732 
train_loss: 0.0173307 
test_loss: 0.0183743 
train_loss: 0.0178209 
test_loss: 0.0185902 
train_loss: 0.0178411 
test_loss: 0.0190691 
train_loss: 0.0185386 
test_loss: 0.0189451 
train_loss: 0.0170777 
test_loss: 0.017947 
train_loss: 0.0181517 
test_loss: 0.0200606 
train_loss: 0.0178425 
test_loss: 0.0182464 
train_loss: 0.0167608 
test_loss: 0.0175481 
train_loss: 0.0170898 
test_loss: 0.0184752 
train_loss: 0.0170886 
test_loss: 0.0171864 
train_loss: 0.0165689 
test_loss: 0.0174783 
train_loss: 0.0158941 
test_loss: 0.0174369 
train_loss: 0.0165343 
test_loss: 0.0168596 
train_loss: 0.0168161 
test_loss: 0.017907 
train_loss: 0.017773 
test_loss: 0.017211 
train_loss: 0.0167371 
test_loss: 0.0170135 
train_loss: 0.0156593 
test_loss: 0.0165295 
train_loss: 0.0150034 
test_loss: 0.0162842 
train_loss: 0.0151953 
test_loss: 0.0157539 
train_loss: 0.0170303 
test_loss: 0.0161747 
train_loss: 0.0162198 
test_loss: 0.01859 
train_loss: 0.015987 
test_loss: 0.0156137 
train_loss: 0.0154397 
test_loss: 0.0153375 
train_loss: 0.0157081 
test_loss: 0.0155489 
train_loss: 0.0156977 
test_loss: 0.015311 
train_loss: 0.015577 
test_loss: 0.0152393 
train_loss: 0.0152166 
test_loss: 0.0155579 
train_loss: 0.0151945 
test_loss: 0.0152245 
train_loss: 0.0137242 
test_loss: 0.0150598 
train_loss: 0.0137126 
test_loss: 0.0146717 
train_loss: 0.0152888 
test_loss: 0.0151262 
train_loss: 0.0144836 
test_loss: 0.0147225 
train_loss: 0.0137953 
test_loss: 0.015383 
