train_loss: 0.163672 
test_loss: 0.157276 
train_loss: 0.0954443 
test_loss: 0.0958844 
train_loss: 0.0917334 
test_loss: 0.0930545 
train_loss: 0.0853502 
test_loss: 0.0870911 
train_loss: 0.0738771 
test_loss: 0.0738135 
train_loss: 0.0660992 
test_loss: 0.0682022 
train_loss: 0.0686664 
test_loss: 0.0666665 
train_loss: 0.0643681 
test_loss: 0.0659949 
train_loss: 0.0646715 
test_loss: 0.0654581 
train_loss: 0.0639549 
test_loss: 0.0643981 
train_loss: 0.0628436 
test_loss: 0.0634748 
train_loss: 0.0606031 
test_loss: 0.0611823 
train_loss: 0.0588684 
test_loss: 0.0576401 
train_loss: 0.0555522 
test_loss: 0.056898 
train_loss: 0.0572537 
test_loss: 0.0553013 
train_loss: 0.0579767 
test_loss: 0.055041 
train_loss: 0.0552647 
test_loss: 0.0549566 
train_loss: 0.056782 
test_loss: 0.0550718 
train_loss: 0.0540961 
test_loss: 0.0547094 
train_loss: 0.055488 
test_loss: 0.0545113 
train_loss: 0.056634 
test_loss: 0.0545053 
train_loss: 0.0547892 
test_loss: 0.0544633 
train_loss: 0.0546113 
test_loss: 0.054745 
train_loss: 0.0547062 
test_loss: 0.0547395 
train_loss: 0.0547831 
test_loss: 0.0542797 
train_loss: 0.0530353 
test_loss: 0.0541431 
train_loss: 0.0525591 
test_loss: 0.0541141 
train_loss: 0.0539181 
test_loss: 0.054223 
train_loss: 0.0531837 
test_loss: 0.0541718 
train_loss: 0.0526354 
test_loss: 0.0539307 
train_loss: 0.0556083 
test_loss: 0.0539383 
train_loss: 0.0519735 
test_loss: 0.0539949 
train_loss: 0.0547789 
test_loss: 0.0541799 
train_loss: 0.0546153 
test_loss: 0.0537478 
train_loss: 0.0538606 
test_loss: 0.054696 
train_loss: 0.0549183 
test_loss: 0.05388 
train_loss: 0.0544183 
test_loss: 0.0537747 
train_loss: 0.0545182 
test_loss: 0.0538172 
train_loss: 0.0545541 
test_loss: 0.0538726 
train_loss: 0.0535178 
test_loss: 0.0536059 
train_loss: 0.0517737 
test_loss: 0.0536748 
train_loss: 0.0526786 
test_loss: 0.0538017 
train_loss: 0.0538358 
test_loss: 0.0539422 
train_loss: 0.052872 
test_loss: 0.0539996 
train_loss: 0.0533671 
test_loss: 0.0537037 
train_loss: 0.0550424 
test_loss: 0.053614 
train_loss: 0.0544865 
test_loss: 0.05357 
train_loss: 0.0543946 
test_loss: 0.0543662 
train_loss: 0.0549636 
test_loss: 0.053763 
train_loss: 0.050934 
test_loss: 0.0533921 
train_loss: 0.0529492 
test_loss: 0.0535447 
train_loss: 0.0521933 
test_loss: 0.0532213 
train_loss: 0.0523084 
test_loss: 0.0535539 
train_loss: 0.0548385 
test_loss: 0.0534115 
train_loss: 0.0523513 
test_loss: 0.0532465 
train_loss: 0.0519953 
test_loss: 0.0536819 
train_loss: 0.0529498 
test_loss: 0.0530827 
train_loss: 0.0509965 
test_loss: 0.0533327 
train_loss: 0.052372 
test_loss: 0.0531921 
train_loss: 0.0509844 
test_loss: 0.053229 
train_loss: 0.0529016 
test_loss: 0.0531675 
train_loss: 0.053006 
test_loss: 0.0529468 
train_loss: 0.0531264 
test_loss: 0.0532373 
train_loss: 0.053355 
test_loss: 0.0531018 
train_loss: 0.0544678 
test_loss: 0.0537838 
train_loss: 0.051118 
test_loss: 0.0535541 
train_loss: 0.0522898 
test_loss: 0.052994 
train_loss: 0.0555582 
test_loss: 0.0530894 
train_loss: 0.0542223 
test_loss: 0.0531323 
train_loss: 0.0498543 
test_loss: 0.0540103 
train_loss: 0.0516935 
test_loss: 0.0528707 
train_loss: 0.0520391 
test_loss: 0.0533301 
train_loss: 0.0508859 
test_loss: 0.0531319 
train_loss: 0.0544161 
test_loss: 0.0529434 
train_loss: 0.0535105 
test_loss: 0.0532573 
train_loss: 0.052783 
test_loss: 0.0531354 
train_loss: 0.0526741 
test_loss: 0.0533423 
train_loss: 0.0536855 
test_loss: 0.0531974 
train_loss: 0.050421 
test_loss: 0.0530316 
train_loss: 0.0528368 
test_loss: 0.0528576 
train_loss: 0.0521006 
test_loss: 0.0529877 
