train_loss: 0.846704 
test_loss: 0.862293 
train_loss: 0.866853 
test_loss: 0.861082 
train_loss: 0.858543 
test_loss: 0.860158 
train_loss: 0.857177 
test_loss: 0.859041 
train_loss: 0.850633 
test_loss: 0.857789 
train_loss: 0.866596 
test_loss: 0.856383 
train_loss: 0.854322 
test_loss: 0.854823 
train_loss: 0.837529 
test_loss: 0.853157 
train_loss: 0.850115 
test_loss: 0.851344 
train_loss: 0.835364 
test_loss: 0.849424 
train_loss: 0.863519 
test_loss: 0.84738 
train_loss: 0.847274 
test_loss: 0.845239 
train_loss: 0.833592 
test_loss: 0.842972 
train_loss: 0.831139 
test_loss: 0.840605 
train_loss: 0.840081 
test_loss: 0.838081 
train_loss: 0.842318 
test_loss: 0.835485 
train_loss: 0.827452 
test_loss: 0.832804 
train_loss: 0.824205 
test_loss: 0.829993 
train_loss: 0.829643 
test_loss: 0.827075 
train_loss: 0.827163 
test_loss: 0.824032 
train_loss: 0.822759 
test_loss: 0.820926 
train_loss: 0.816774 
test_loss: 0.817677 
train_loss: 0.807641 
test_loss: 0.814328 
train_loss: 0.809475 
test_loss: 0.810859 
train_loss: 0.797137 
test_loss: 0.807285 
train_loss: 0.798703 
test_loss: 0.803612 
train_loss: 0.798706 
test_loss: 0.799813 
train_loss: 0.791538 
test_loss: 0.795838 
train_loss: 0.781126 
test_loss: 0.791845 
train_loss: 0.787918 
test_loss: 0.787655 
train_loss: 0.789665 
test_loss: 0.783338 
train_loss: 0.774192 
test_loss: 0.778926 
train_loss: 0.773918 
test_loss: 0.774365 
train_loss: 0.770099 
test_loss: 0.769696 
train_loss: 0.773143 
test_loss: 0.764821 
train_loss: 0.756698 
test_loss: 0.759809 
train_loss: 0.747052 
test_loss: 0.754689 
train_loss: 0.751344 
test_loss: 0.749362 
train_loss: 0.747221 
test_loss: 0.743876 
train_loss: 0.743698 
test_loss: 0.738266 
train_loss: 0.735628 
test_loss: 0.732434 
train_loss: 0.709248 
test_loss: 0.726436 
train_loss: 0.723549 
test_loss: 0.72025 
train_loss: 0.722848 
test_loss: 0.713829 
train_loss: 0.722887 
test_loss: 0.707187 
train_loss: 0.692054 
test_loss: 0.700307 
train_loss: 0.682608 
test_loss: 0.693149 
train_loss: 0.68635 
test_loss: 0.685699 
train_loss: 0.668267 
test_loss: 0.677878 
train_loss: 0.670828 
test_loss: 0.669607 
train_loss: 0.659881 
test_loss: 0.660848 
train_loss: 0.645952 
test_loss: 0.651392 
train_loss: 0.633049 
test_loss: 0.641044 
train_loss: 0.628026 
test_loss: 0.629522 
train_loss: 0.615331 
test_loss: 0.616476 
train_loss: 0.603681 
test_loss: 0.601683 
train_loss: 0.572524 
test_loss: 0.585072 
train_loss: 0.558277 
test_loss: 0.567179 
train_loss: 0.536879 
test_loss: 0.547906 
train_loss: 0.511343 
test_loss: 0.527369 
train_loss: 0.509509 
test_loss: 0.505984 
train_loss: 0.478944 
test_loss: 0.484354 
train_loss: 0.457659 
test_loss: 0.462422 
train_loss: 0.439976 
test_loss: 0.439872 
train_loss: 0.418757 
test_loss: 0.416704 
train_loss: 0.393356 
test_loss: 0.392746 
train_loss: 0.369009 
test_loss: 0.368385 
train_loss: 0.343296 
test_loss: 0.344192 
train_loss: 0.322159 
test_loss: 0.320999 
train_loss: 0.302974 
test_loss: 0.299379 
train_loss: 0.27822 
test_loss: 0.279525 
train_loss: 0.256139 
test_loss: 0.261274 
train_loss: 0.247723 
test_loss: 0.244568 
train_loss: 0.230635 
test_loss: 0.22942 
train_loss: 0.213341 
test_loss: 0.215647 
train_loss: 0.203154 
test_loss: 0.203176 
train_loss: 0.193152 
test_loss: 0.191791 
train_loss: 0.17863 
test_loss: 0.181422 
train_loss: 0.170894 
test_loss: 0.171925 
train_loss: 0.164744 
test_loss: 0.163185 
train_loss: 0.154496 
test_loss: 0.155148 
train_loss: 0.148833 
test_loss: 0.147667 
train_loss: 0.139267 
test_loss: 0.14072 
train_loss: 0.13651 
test_loss: 0.13426 
train_loss: 0.127152 
test_loss: 0.128285 
train_loss: 0.123222 
test_loss: 0.122618 
train_loss: 0.117545 
test_loss: 0.117345 
train_loss: 0.110331 
test_loss: 0.112491 
train_loss: 0.110025 
test_loss: 0.107921 
train_loss: 0.105692 
test_loss: 0.103641 
train_loss: 0.10002 
test_loss: 0.0997347 
train_loss: 0.0963179 
test_loss: 0.0962232 
train_loss: 0.093839 
test_loss: 0.092837 
train_loss: 0.0920885 
test_loss: 0.0899399 
train_loss: 0.0859871 
test_loss: 0.0869059 
train_loss: 0.0839527 
test_loss: 0.0843265 
train_loss: 0.083438 
test_loss: 0.0820508 
train_loss: 0.0806866 
test_loss: 0.0799015 
train_loss: 0.07707 
test_loss: 0.0779938 
train_loss: 0.0749318 
test_loss: 0.0762337 
train_loss: 0.0748116 
test_loss: 0.0746915 
train_loss: 0.075141 
test_loss: 0.0733974 
train_loss: 0.0707566 
test_loss: 0.0719458 
train_loss: 0.0719531 
test_loss: 0.0707705 
train_loss: 0.0674459 
test_loss: 0.069698 
train_loss: 0.0684633 
test_loss: 0.068755 
train_loss: 0.0667554 
test_loss: 0.0678138 
train_loss: 0.0670231 
test_loss: 0.0669635 
train_loss: 0.0654487 
test_loss: 0.0661989 
train_loss: 0.0651428 
test_loss: 0.0655368 
train_loss: 0.0646807 
test_loss: 0.0648845 
train_loss: 0.0635355 
test_loss: 0.0642884 
train_loss: 0.062975 
test_loss: 0.0637198 
train_loss: 0.0624509 
test_loss: 0.0630631 
train_loss: 0.0618233 
test_loss: 0.0626032 
train_loss: 0.0619703 
test_loss: 0.0620547 
train_loss: 0.0620309 
test_loss: 0.0616226 
train_loss: 0.0610304 
test_loss: 0.0611915 
train_loss: 0.061275 
test_loss: 0.06068 
train_loss: 0.0596093 
test_loss: 0.0602904 
train_loss: 0.0612101 
test_loss: 0.0601279 
train_loss: 0.0599028 
test_loss: 0.0594635 
train_loss: 0.059347 
test_loss: 0.0591246 
train_loss: 0.0575984 
test_loss: 0.0587395 
train_loss: 0.0594611 
test_loss: 0.0582962 
train_loss: 0.05687 
test_loss: 0.0579179 
train_loss: 0.0582464 
test_loss: 0.0575582 
train_loss: 0.0569 
test_loss: 0.0572015 
train_loss: 0.0557395 
test_loss: 0.0567981 
train_loss: 0.0570814 
test_loss: 0.056322 
train_loss: 0.05612 
test_loss: 0.0560144 
train_loss: 0.0554976 
test_loss: 0.0556688 
train_loss: 0.0563275 
test_loss: 0.0553149 
train_loss: 0.0535659 
test_loss: 0.0550605 
train_loss: 0.0547748 
test_loss: 0.0546018 
train_loss: 0.0540099 
test_loss: 0.0542503 
train_loss: 0.0536403 
test_loss: 0.053929 
train_loss: 0.0526459 
test_loss: 0.0536078 
train_loss: 0.05241 
test_loss: 0.0532577 
train_loss: 0.0519761 
test_loss: 0.0528119 
train_loss: 0.0511761 
test_loss: 0.0526087 
train_loss: 0.0506063 
test_loss: 0.0524099 
train_loss: 0.0516535 
test_loss: 0.0518856 
train_loss: 0.0517422 
test_loss: 0.0515549 
train_loss: 0.0507121 
test_loss: 0.0514543 
train_loss: 0.0502502 
test_loss: 0.0509647 
train_loss: 0.0511482 
test_loss: 0.0506889 
train_loss: 0.0502012 
test_loss: 0.0502326 
train_loss: 0.0498649 
test_loss: 0.0499166 
train_loss: 0.0495496 
test_loss: 0.0494788 
train_loss: 0.0490958 
test_loss: 0.0491472 
train_loss: 0.0486742 
test_loss: 0.0490098 
train_loss: 0.0466338 
test_loss: 0.0485068 
train_loss: 0.0481224 
test_loss: 0.0481261 
train_loss: 0.0473481 
test_loss: 0.048113 
train_loss: 0.0469733 
test_loss: 0.0475226 
train_loss: 0.0466532 
test_loss: 0.0471218 
train_loss: 0.0458974 
test_loss: 0.0467115 
train_loss: 0.0456927 
test_loss: 0.0462535 
train_loss: 0.0464153 
test_loss: 0.0461292 
train_loss: 0.0452816 
test_loss: 0.0456424 
train_loss: 0.0471749 
test_loss: 0.0455292 
train_loss: 0.0448324 
test_loss: 0.0455305 
train_loss: 0.044071 
test_loss: 0.0448243 
train_loss: 0.0433864 
test_loss: 0.0442237 
train_loss: 0.0438977 
test_loss: 0.0439282 
train_loss: 0.0427499 
test_loss: 0.0435141 
train_loss: 0.042584 
test_loss: 0.0431429 
train_loss: 0.0425142 
test_loss: 0.0427158 
train_loss: 0.0416404 
test_loss: 0.0424092 
train_loss: 0.0414668 
test_loss: 0.0419499 
train_loss: 0.0403925 
test_loss: 0.0414503 
train_loss: 0.0408717 
test_loss: 0.0411679 
train_loss: 0.040761 
test_loss: 0.0410015 
train_loss: 0.0399094 
test_loss: 0.0402344 
train_loss: 0.0386627 
test_loss: 0.0402119 
train_loss: 0.0393323 
test_loss: 0.0397321 
train_loss: 0.0382826 
test_loss: 0.0390773 
train_loss: 0.0381813 
test_loss: 0.0386285 
train_loss: 0.0392454 
test_loss: 0.0383442 
train_loss: 0.0380457 
test_loss: 0.0380194 
train_loss: 0.0362553 
test_loss: 0.0378552 
train_loss: 0.0358092 
test_loss: 0.0371851 
train_loss: 0.0364296 
test_loss: 0.0367809 
train_loss: 0.0362142 
test_loss: 0.0367856 
train_loss: 0.036036 
test_loss: 0.0361898 
train_loss: 0.0359494 
test_loss: 0.0356147 
train_loss: 0.0351175 
test_loss: 0.0351456 
train_loss: 0.0354445 
test_loss: 0.0349383 
train_loss: 0.0350291 
test_loss: 0.0344014 
train_loss: 0.0331547 
test_loss: 0.0339583 
train_loss: 0.0335522 
test_loss: 0.0333679 
train_loss: 0.0322375 
test_loss: 0.0330765 
train_loss: 0.0325672 
test_loss: 0.0326808 
train_loss: 0.0331118 
test_loss: 0.0326042 
train_loss: 0.0320864 
test_loss: 0.0319072 
train_loss: 0.0310536 
test_loss: 0.032197 
train_loss: 0.0314511 
test_loss: 0.0311378 
train_loss: 0.0312772 
test_loss: 0.0309929 
train_loss: 0.0301438 
test_loss: 0.0307199 
train_loss: 0.02999 
test_loss: 0.0304594 
train_loss: 0.0295664 
test_loss: 0.030199 
train_loss: 0.0294606 
test_loss: 0.0293883 
train_loss: 0.0287774 
test_loss: 0.0289971 
train_loss: 0.0287091 
test_loss: 0.0287411 
train_loss: 0.0284855 
test_loss: 0.0284166 
train_loss: 0.0278528 
test_loss: 0.0283942 
train_loss: 0.0275579 
test_loss: 0.0278487 
train_loss: 0.0267739 
test_loss: 0.0272553 
train_loss: 0.0269397 
test_loss: 0.0275173 
train_loss: 0.0269692 
test_loss: 0.026871 
train_loss: 0.0263751 
test_loss: 0.0264542 
train_loss: 0.0270302 
test_loss: 0.0268739 
train_loss: 0.0251555 
test_loss: 0.0259485 
train_loss: 0.0253802 
test_loss: 0.0258249 
train_loss: 0.0249165 
test_loss: 0.0251268 
train_loss: 0.0252734 
test_loss: 0.0247354 
train_loss: 0.0250909 
test_loss: 0.0251035 
train_loss: 0.0237233 
test_loss: 0.0240873 
train_loss: 0.023939 
test_loss: 0.0240436 
train_loss: 0.0232084 
test_loss: 0.0237966 
train_loss: 0.0229334 
test_loss: 0.0240737 
train_loss: 0.0227123 
test_loss: 0.0228281 
train_loss: 0.0234955 
test_loss: 0.0229274 
train_loss: 0.0212135 
test_loss: 0.0223232 
train_loss: 0.0212255 
test_loss: 0.0220956 
train_loss: 0.0220235 
test_loss: 0.0216063 
train_loss: 0.0212728 
test_loss: 0.0212923 
train_loss: 0.0210579 
test_loss: 0.0208268 
train_loss: 0.0207962 
test_loss: 0.0210167 
train_loss: 0.0202256 
test_loss: 0.02028 
train_loss: 0.0194428 
test_loss: 0.0201833 
train_loss: 0.0195878 
test_loss: 0.0197131 
train_loss: 0.0196962 
test_loss: 0.0194676 
train_loss: 0.01946 
test_loss: 0.0192938 
train_loss: 0.0194864 
test_loss: 0.0187825 
train_loss: 0.0186135 
test_loss: 0.0189524 
train_loss: 0.0171325 
test_loss: 0.0183525 
train_loss: 0.017298 
test_loss: 0.0179227 
train_loss: 0.0172061 
test_loss: 0.0176858 
train_loss: 0.0170858 
test_loss: 0.0171187 
train_loss: 0.0162952 
test_loss: 0.0170357 
train_loss: 0.0168447 
test_loss: 0.0167742 
train_loss: 0.0174596 
test_loss: 0.0166747 
train_loss: 0.016358 
test_loss: 0.0167813 
train_loss: 0.0158365 
test_loss: 0.0157985 
train_loss: 0.0157463 
test_loss: 0.0165674 
train_loss: 0.0150622 
test_loss: 0.0158286 
train_loss: 0.0157995 
test_loss: 0.0157441 
train_loss: 0.0156057 
test_loss: 0.0153901 
train_loss: 0.0152081 
test_loss: 0.015326 
train_loss: 0.0147759 
test_loss: 0.0148335 
train_loss: 0.0139893 
test_loss: 0.0146695 
train_loss: 0.0142708 
test_loss: 0.0143902 
train_loss: 0.0140539 
test_loss: 0.0146311 
train_loss: 0.0139039 
test_loss: 0.0144234 
train_loss: 0.0143943 
test_loss: 0.0142453 
train_loss: 0.0138643 
test_loss: 0.014331 
train_loss: 0.013473 
test_loss: 0.0138268 
train_loss: 0.0136511 
test_loss: 0.0135697 
train_loss: 0.0131974 
test_loss: 0.0137838 
train_loss: 0.0133241 
test_loss: 0.0130809 
train_loss: 0.013796 
test_loss: 0.0133309 
train_loss: 0.013376 
test_loss: 0.0133189 
train_loss: 0.0130019 
test_loss: 0.0127698 
train_loss: 0.0128563 
test_loss: 0.0129308 
train_loss: 0.0132132 
test_loss: 0.0128145 
train_loss: 0.0124545 
test_loss: 0.0126487 
train_loss: 0.0132816 
test_loss: 0.0123631 
train_loss: 0.0125809 
test_loss: 0.012947 
train_loss: 0.0119821 
test_loss: 0.0120701 
train_loss: 0.0124845 
test_loss: 0.012158 
train_loss: 0.0115302 
test_loss: 0.0119493 
train_loss: 0.0117852 
test_loss: 0.0117786 
train_loss: 0.0116226 
test_loss: 0.0120823 
train_loss: 0.0117639 
test_loss: 0.0117638 
train_loss: 0.0120186 
test_loss: 0.0119593 
train_loss: 0.0119101 
test_loss: 0.0119337 
train_loss: 0.011551 
test_loss: 0.0116955 
train_loss: 0.0121879 
test_loss: 0.0123846 
train_loss: 0.0116539 
test_loss: 0.011334 
train_loss: 0.0109904 
test_loss: 0.0110775 
train_loss: 0.0112368 
test_loss: 0.0113241 
train_loss: 0.0112044 
test_loss: 0.0112205 
train_loss: 0.0115896 
test_loss: 0.0106644 
train_loss: 0.0109665 
test_loss: 0.0107554 
train_loss: 0.0108734 
test_loss: 0.011021 
train_loss: 0.0101303 
test_loss: 0.0113505 
train_loss: 0.0106838 
test_loss: 0.010214 
train_loss: 0.0107283 
test_loss: 0.0111193 
train_loss: 0.0101085 
test_loss: 0.0103772 
train_loss: 0.00990881 
test_loss: 0.0105872 
train_loss: 0.00959489 
test_loss: 0.0102228 
train_loss: 0.0103883 
test_loss: 0.0100756 
train_loss: 0.00936506 
test_loss: 0.010112 
train_loss: 0.00985878 
test_loss: 0.0108581 
train_loss: 0.00980955 
test_loss: 0.0102265 
train_loss: 0.00988317 
test_loss: 0.00974875 
train_loss: 0.0103974 
test_loss: 0.0105136 
train_loss: 0.00982226 
test_loss: 0.00974375 
train_loss: 0.0103419 
test_loss: 0.0103859 
