train_loss: 0.097002 
test_loss: 0.100109 
train_loss: 0.085120 
test_loss: 0.087193 
train_loss: 0.067436 
test_loss: 0.070326 
train_loss: 0.063068 
test_loss: 0.062044 
train_loss: 0.060105 
test_loss: 0.058168 
train_loss: 0.053364 
test_loss: 0.054557 
train_loss: 0.050905 
test_loss: 0.050117 
train_loss: 0.042571 
test_loss: 0.045587 
train_loss: 0.040344 
test_loss: 0.040299 
train_loss: 0.035198 
test_loss: 0.036145 
train_loss: 0.035012 
test_loss: 0.032936 
train_loss: 0.031463 
test_loss: 0.030594 
train_loss: 0.027599 
test_loss: 0.029100 
train_loss: 0.027850 
test_loss: 0.027503 
train_loss: 0.025178 
test_loss: 0.026178 
train_loss: 0.024207 
test_loss: 0.025082 
train_loss: 0.023505 
test_loss: 0.024082 
train_loss: 0.023364 
test_loss: 0.024092 
train_loss: 0.022352 
test_loss: 0.023092 
train_loss: 0.021612 
test_loss: 0.022331 
train_loss: 0.021456 
test_loss: 0.021557 
train_loss: 0.021535 
test_loss: 0.021303 
train_loss: 0.021521 
test_loss: 0.020779 
train_loss: 0.020605 
test_loss: 0.020945 
train_loss: 0.020328 
test_loss: 0.021198 
train_loss: 0.018862 
test_loss: 0.019924 
train_loss: 0.018365 
test_loss: 0.019700 
train_loss: 0.018467 
test_loss: 0.019453 
train_loss: 0.017686 
test_loss: 0.019184 
train_loss: 0.017870 
test_loss: 0.018306 
train_loss: 0.018023 
test_loss: 0.018447 
train_loss: 0.017982 
test_loss: 0.018091 
train_loss: 0.017093 
test_loss: 0.017815 
train_loss: 0.017042 
test_loss: 0.017164 
train_loss: 0.016005 
test_loss: 0.017624 
train_loss: 0.015927 
test_loss: 0.017491 
train_loss: 0.015436 
test_loss: 0.017130 
train_loss: 0.016443 
test_loss: 0.016649 
train_loss: 0.015227 
test_loss: 0.016443 
train_loss: 0.016648 
test_loss: 0.016400 
train_loss: 0.015812 
test_loss: 0.016443 
train_loss: 0.015208 
test_loss: 0.016105 
train_loss: 0.015357 
test_loss: 0.015558 
train_loss: 0.015268 
test_loss: 0.015905 
train_loss: 0.014897 
test_loss: 0.015637 
train_loss: 0.015569 
test_loss: 0.016023 
train_loss: 0.016449 
test_loss: 0.014945 
train_loss: 0.014229 
test_loss: 0.014716 
train_loss: 0.013681 
test_loss: 0.014993 
train_loss: 0.013837 
test_loss: 0.015056 
train_loss: 0.014321 
test_loss: 0.014557 
train_loss: 0.014381 
test_loss: 0.014530 
train_loss: 0.014403 
test_loss: 0.014579 
train_loss: 0.013344 
test_loss: 0.014673 
train_loss: 0.014541 
test_loss: 0.014700 
train_loss: 0.013672 
test_loss: 0.014185 
train_loss: 0.014100 
test_loss: 0.013799 
train_loss: 0.013513 
test_loss: 0.013714 
train_loss: 0.013728 
test_loss: 0.014035 
train_loss: 0.014345 
test_loss: 0.014322 
train_loss: 0.014488 
test_loss: 0.013847 
train_loss: 0.013297 
test_loss: 0.014384 
train_loss: 0.013553 
test_loss: 0.013884 
train_loss: 0.013594 
test_loss: 0.013713 
train_loss: 0.013330 
test_loss: 0.013291 
train_loss: 0.013123 
test_loss: 0.013078 
train_loss: 0.012828 
test_loss: 0.013275 
train_loss: 0.013140 
test_loss: 0.013302 
train_loss: 0.013216 
test_loss: 0.013181 
train_loss: 0.012984 
test_loss: 0.013237 
train_loss: 0.012402 
test_loss: 0.013134 
train_loss: 0.012391 
test_loss: 0.013626 
train_loss: 0.012423 
test_loss: 0.013114 
train_loss: 0.012028 
test_loss: 0.013372 
train_loss: 0.012486 
test_loss: 0.012570 
train_loss: 0.012507 
test_loss: 0.013175 
train_loss: 0.013033 
test_loss: 0.012753 
train_loss: 0.012797 
test_loss: 0.012862 
train_loss: 0.013398 
test_loss: 0.013420 
train_loss: 0.012156 
test_loss: 0.013345 
train_loss: 0.011669 
test_loss: 0.012625 
train_loss: 0.012396 
test_loss: 0.012836 
train_loss: 0.012332 
test_loss: 0.012437 
train_loss: 0.012257 
test_loss: 0.012452 
train_loss: 0.011506 
test_loss: 0.011966 
train_loss: 0.011819 
test_loss: 0.012468 
train_loss: 0.012497 
test_loss: 0.012312 
train_loss: 0.011420 
test_loss: 0.012027 
train_loss: 0.012232 
test_loss: 0.012057 
train_loss: 0.012121 
test_loss: 0.012308 
train_loss: 0.010984 
test_loss: 0.012150 
train_loss: 0.011869 
test_loss: 0.011856 
train_loss: 0.011666 
test_loss: 0.012201 
train_loss: 0.011477 
test_loss: 0.012882 
train_loss: 0.011976 
test_loss: 0.011768 
train_loss: 0.011916 
test_loss: 0.012027 
train_loss: 0.011472 
test_loss: 0.012066 
train_loss: 0.010833 
test_loss: 0.011893 
train_loss: 0.011415 
test_loss: 0.011433 
train_loss: 0.011021 
test_loss: 0.011955 
train_loss: 0.011972 
test_loss: 0.012043 
train_loss: 0.011768 
test_loss: 0.011953 
train_loss: 0.011373 
test_loss: 0.011970 
train_loss: 0.011194 
test_loss: 0.011773 
train_loss: 0.011117 
test_loss: 0.011501 
train_loss: 0.011457 
test_loss: 0.011580 
train_loss: 0.011142 
test_loss: 0.011693 
train_loss: 0.011071 
test_loss: 0.011692 
train_loss: 0.011131 
test_loss: 0.011769 
train_loss: 0.010994 
test_loss: 0.011607 
train_loss: 0.011134 
test_loss: 0.011234 
train_loss: 0.011207 
test_loss: 0.011646 
train_loss: 0.011819 
test_loss: 0.011479 
train_loss: 0.010772 
test_loss: 0.011173 
train_loss: 0.011340 
test_loss: 0.011483 
train_loss: 0.010809 
test_loss: 0.010928 
train_loss: 0.010571 
test_loss: 0.011039 
train_loss: 0.010142 
test_loss: 0.011138 
train_loss: 0.011480 
test_loss: 0.011820 
train_loss: 0.011307 
test_loss: 0.010858 
train_loss: 0.010269 
test_loss: 0.011190 
train_loss: 0.011447 
test_loss: 0.011122 
train_loss: 0.010596 
test_loss: 0.011298 
train_loss: 0.010650 
test_loss: 0.011073 
train_loss: 0.010637 
test_loss: 0.010802 
train_loss: 0.009546 
test_loss: 0.011003 
train_loss: 0.011505 
test_loss: 0.010765 
train_loss: 0.010004 
test_loss: 0.010950 
train_loss: 0.012016 
test_loss: 0.011606 
train_loss: 0.010656 
test_loss: 0.010799 
train_loss: 0.010918 
test_loss: 0.010906 
train_loss: 0.010360 
test_loss: 0.010711 
train_loss: 0.010257 
test_loss: 0.010763 
train_loss: 0.011075 
test_loss: 0.010727 
train_loss: 0.010378 
test_loss: 0.010772 
train_loss: 0.010255 
test_loss: 0.010695 
train_loss: 0.009847 
test_loss: 0.010677 
train_loss: 0.009998 
test_loss: 0.010992 
train_loss: 0.010042 
test_loss: 0.011139 
train_loss: 0.010335 
test_loss: 0.010806 
train_loss: 0.010158 
test_loss: 0.011050 
