train_loss: 0.452694 
test_loss: 0.450479 
train_loss: 0.430518 
test_loss: 0.432267 
train_loss: 0.432802 
test_loss: 0.428036 
train_loss: 0.425868 
test_loss: 0.42316 
train_loss: 0.418358 
test_loss: 0.417651 
train_loss: 0.411916 
test_loss: 0.411628 
train_loss: 0.408053 
test_loss: 0.405118 
train_loss: 0.395295 
test_loss: 0.398194 
train_loss: 0.38973 
test_loss: 0.39091 
train_loss: 0.386207 
test_loss: 0.383318 
train_loss: 0.376324 
test_loss: 0.37543 
train_loss: 0.373063 
test_loss: 0.367281 
train_loss: 0.360364 
test_loss: 0.358883 
train_loss: 0.349669 
test_loss: 0.350255 
train_loss: 0.346694 
test_loss: 0.341387 
train_loss: 0.332531 
test_loss: 0.332004 
train_loss: 0.32488 
test_loss: 0.321559 
train_loss: 0.311292 
test_loss: 0.308069 
train_loss: 0.284697 
test_loss: 0.287824 
train_loss: 0.263418 
test_loss: 0.261864 
train_loss: 0.237699 
test_loss: 0.236933 
train_loss: 0.216386 
test_loss: 0.215914 
train_loss: 0.198089 
test_loss: 0.198615 
train_loss: 0.18484 
test_loss: 0.184323 
train_loss: 0.17117 
test_loss: 0.172264 
train_loss: 0.160164 
test_loss: 0.161899 
train_loss: 0.151135 
test_loss: 0.152867 
train_loss: 0.144669 
test_loss: 0.144924 
train_loss: 0.138051 
test_loss: 0.137955 
train_loss: 0.132266 
test_loss: 0.131807 
train_loss: 0.125965 
test_loss: 0.126386 
train_loss: 0.12055 
test_loss: 0.121623 
train_loss: 0.117633 
test_loss: 0.117407 
train_loss: 0.112945 
test_loss: 0.113694 
train_loss: 0.111229 
test_loss: 0.110405 
train_loss: 0.107459 
test_loss: 0.107514 
train_loss: 0.105489 
test_loss: 0.104948 
train_loss: 0.102859 
test_loss: 0.102676 
train_loss: 0.101823 
test_loss: 0.100633 
train_loss: 0.0993555 
test_loss: 0.0988255 
train_loss: 0.0971944 
test_loss: 0.0971924 
train_loss: 0.0946008 
test_loss: 0.0957312 
train_loss: 0.0940814 
test_loss: 0.0944234 
train_loss: 0.0947373 
test_loss: 0.0932426 
train_loss: 0.0914523 
test_loss: 0.0921732 
train_loss: 0.0898954 
test_loss: 0.0911862 
train_loss: 0.0891303 
test_loss: 0.0902963 
train_loss: 0.0877826 
test_loss: 0.0894527 
train_loss: 0.0868699 
test_loss: 0.088685 
train_loss: 0.0884795 
test_loss: 0.0879669 
train_loss: 0.0867222 
test_loss: 0.0872926 
train_loss: 0.0860122 
test_loss: 0.0866532 
train_loss: 0.0860859 
test_loss: 0.0860522 
train_loss: 0.0830973 
test_loss: 0.08547 
train_loss: 0.0842774 
test_loss: 0.0849423 
train_loss: 0.0829453 
test_loss: 0.0843882 
train_loss: 0.0831728 
test_loss: 0.0838866 
train_loss: 0.0824315 
test_loss: 0.0833761 
train_loss: 0.0831115 
test_loss: 0.0828877 
train_loss: 0.0825159 
test_loss: 0.0823943 
train_loss: 0.0812702 
test_loss: 0.0819358 
train_loss: 0.0799443 
test_loss: 0.0814696 
train_loss: 0.0805256 
test_loss: 0.0809968 
train_loss: 0.0817521 
test_loss: 0.080571 
train_loss: 0.0795511 
test_loss: 0.0801105 
train_loss: 0.0804335 
test_loss: 0.0796882 
train_loss: 0.0787052 
test_loss: 0.0793153 
train_loss: 0.0785588 
test_loss: 0.0788558 
train_loss: 0.0792069 
test_loss: 0.0784192 
train_loss: 0.0769447 
test_loss: 0.0779755 
train_loss: 0.075987 
test_loss: 0.0775393 
train_loss: 0.0774414 
test_loss: 0.0771416 
train_loss: 0.0767204 
test_loss: 0.0767541 
train_loss: 0.0767328 
test_loss: 0.0763148 
train_loss: 0.0756927 
test_loss: 0.0758827 
train_loss: 0.0743016 
test_loss: 0.0755193 
train_loss: 0.0748427 
test_loss: 0.0751008 
train_loss: 0.0737904 
test_loss: 0.0746911 
train_loss: 0.0731015 
test_loss: 0.0743134 
train_loss: 0.0742914 
test_loss: 0.0738924 
train_loss: 0.0732684 
test_loss: 0.0734599 
train_loss: 0.0742157 
test_loss: 0.0730995 
train_loss: 0.0732328 
test_loss: 0.0726393 
train_loss: 0.0726256 
test_loss: 0.0722206 
train_loss: 0.0697319 
test_loss: 0.0718161 
train_loss: 0.0716819 
test_loss: 0.0714016 
train_loss: 0.0699621 
test_loss: 0.0709807 
train_loss: 0.0707625 
test_loss: 0.0705902 
train_loss: 0.0691407 
test_loss: 0.0702269 
train_loss: 0.0693487 
test_loss: 0.0697371 
train_loss: 0.0691869 
test_loss: 0.0693683 
train_loss: 0.0678512 
test_loss: 0.068888 
train_loss: 0.0666782 
test_loss: 0.0684633 
train_loss: 0.0668871 
test_loss: 0.0680053 
train_loss: 0.0672045 
test_loss: 0.0675926 
train_loss: 0.0656458 
test_loss: 0.0671374 
train_loss: 0.0672637 
test_loss: 0.0667273 
train_loss: 0.0667456 
test_loss: 0.0662801 
train_loss: 0.0645555 
test_loss: 0.0658581 
train_loss: 0.0652788 
test_loss: 0.065363 
train_loss: 0.0644266 
test_loss: 0.0648715 
train_loss: 0.0635919 
test_loss: 0.0644466 
train_loss: 0.0632907 
test_loss: 0.063907 
train_loss: 0.0619684 
test_loss: 0.0634843 
train_loss: 0.0636922 
test_loss: 0.0630008 
train_loss: 0.0628077 
test_loss: 0.062485 
train_loss: 0.0607671 
test_loss: 0.0619475 
train_loss: 0.0611355 
test_loss: 0.0615005 
train_loss: 0.0607236 
test_loss: 0.0609372 
train_loss: 0.0605018 
test_loss: 0.0605006 
train_loss: 0.0602551 
test_loss: 0.060032 
train_loss: 0.0583485 
test_loss: 0.0594595 
train_loss: 0.0569771 
test_loss: 0.0589121 
train_loss: 0.0579918 
test_loss: 0.0584294 
train_loss: 0.057939 
test_loss: 0.0578909 
train_loss: 0.0571673 
test_loss: 0.0573033 
train_loss: 0.0567436 
test_loss: 0.0567273 
train_loss: 0.0549416 
test_loss: 0.0561177 
train_loss: 0.0547652 
test_loss: 0.0554606 
train_loss: 0.0547456 
test_loss: 0.0549435 
train_loss: 0.0537232 
test_loss: 0.0544068 
train_loss: 0.0518579 
test_loss: 0.0537111 
train_loss: 0.0519625 
test_loss: 0.0530514 
train_loss: 0.0519529 
test_loss: 0.052347 
train_loss: 0.0507711 
test_loss: 0.0517859 
train_loss: 0.0501937 
test_loss: 0.0509622 
train_loss: 0.0497153 
test_loss: 0.0502343 
train_loss: 0.049025 
test_loss: 0.049457 
train_loss: 0.0485298 
test_loss: 0.0488516 
train_loss: 0.0481351 
test_loss: 0.0479607 
train_loss: 0.0462249 
test_loss: 0.046981 
train_loss: 0.0460397 
test_loss: 0.046231 
train_loss: 0.0447845 
test_loss: 0.0454678 
train_loss: 0.0436639 
test_loss: 0.0444332 
train_loss: 0.0439672 
test_loss: 0.0435114 
train_loss: 0.0424059 
test_loss: 0.0426534 
train_loss: 0.041286 
test_loss: 0.0415259 
train_loss: 0.0402046 
test_loss: 0.0403833 
train_loss: 0.0394374 
test_loss: 0.0393556 
train_loss: 0.0373702 
test_loss: 0.0382171 
train_loss: 0.0369029 
test_loss: 0.0370897 
train_loss: 0.0359499 
test_loss: 0.03592 
train_loss: 0.0349091 
test_loss: 0.0349923 
train_loss: 0.0331274 
test_loss: 0.0335029 
train_loss: 0.0318608 
test_loss: 0.0322053 
train_loss: 0.031352 
test_loss: 0.0311095 
train_loss: 0.0296687 
test_loss: 0.0302517 
train_loss: 0.0289829 
test_loss: 0.0286092 
train_loss: 0.027523 
test_loss: 0.027692 
train_loss: 0.0264549 
test_loss: 0.02635 
train_loss: 0.0259029 
test_loss: 0.0261624 
train_loss: 0.0244327 
test_loss: 0.024293 
train_loss: 0.0232544 
test_loss: 0.0234118 
train_loss: 0.022559 
test_loss: 0.0227577 
train_loss: 0.0212119 
test_loss: 0.021621 
train_loss: 0.0205842 
test_loss: 0.0202989 
train_loss: 0.0196416 
test_loss: 0.0197964 
train_loss: 0.0184681 
test_loss: 0.0191495 
train_loss: 0.0182537 
test_loss: 0.0180848 
train_loss: 0.0177305 
test_loss: 0.0177729 
train_loss: 0.0167734 
test_loss: 0.0171689 
train_loss: 0.0165195 
test_loss: 0.0171649 
train_loss: 0.0159956 
test_loss: 0.0160522 
train_loss: 0.0156812 
test_loss: 0.0154476 
train_loss: 0.01504 
test_loss: 0.0151079 
train_loss: 0.0154232 
test_loss: 0.0149472 
train_loss: 0.0146757 
test_loss: 0.0146191 
train_loss: 0.0137033 
test_loss: 0.0145319 
train_loss: 0.0141985 
test_loss: 0.0136865 
train_loss: 0.0147452 
test_loss: 0.014083 
train_loss: 0.0139317 
test_loss: 0.0137056 
train_loss: 0.0135601 
test_loss: 0.0140195 
train_loss: 0.0134053 
test_loss: 0.0137732 
train_loss: 0.0135436 
test_loss: 0.0131746 
train_loss: 0.012708 
test_loss: 0.0130231 
train_loss: 0.0128551 
test_loss: 0.0129903 
train_loss: 0.0130539 
test_loss: 0.0130222 
train_loss: 0.0129158 
test_loss: 0.0134329 
train_loss: 0.0132679 
test_loss: 0.012859 
train_loss: 0.0127563 
test_loss: 0.0129708 
train_loss: 0.0131641 
test_loss: 0.0128887 
train_loss: 0.0128733 
test_loss: 0.0125817 
train_loss: 0.0129647 
test_loss: 0.0124606 
train_loss: 0.012459 
test_loss: 0.012504 
train_loss: 0.0125268 
test_loss: 0.0125672 
train_loss: 0.0119046 
test_loss: 0.0125149 
train_loss: 0.0122715 
test_loss: 0.0125843 
train_loss: 0.0122248 
test_loss: 0.0124402 
train_loss: 0.0120717 
test_loss: 0.0122688 
train_loss: 0.0119657 
test_loss: 0.012281 
train_loss: 0.0124232 
test_loss: 0.0122131 
train_loss: 0.0116792 
test_loss: 0.0124823 
train_loss: 0.0128266 
test_loss: 0.0124719 
train_loss: 0.0118771 
test_loss: 0.0122069 
train_loss: 0.0120929 
test_loss: 0.0124207 
train_loss: 0.011954 
test_loss: 0.0119709 
train_loss: 0.011413 
test_loss: 0.011765 
train_loss: 0.0125125 
test_loss: 0.0121971 
train_loss: 0.012103 
test_loss: 0.0124017 
train_loss: 0.0119975 
test_loss: 0.0119464 
train_loss: 0.0120055 
test_loss: 0.0122798 
