train_loss: 0.0575221 
test_loss: 0.0568911 
train_loss: 0.055192 
test_loss: 0.055001 
train_loss: 0.0550921 
test_loss: 0.0551665 
train_loss: 0.0552756 
test_loss: 0.0557022 
train_loss: 0.0552371 
test_loss: 0.0555527 
train_loss: 0.055255 
test_loss: 0.0553431 
train_loss: 0.0553936 
test_loss: 0.0555053 
train_loss: 0.0549295 
test_loss: 0.0553308 
train_loss: 0.0550959 
test_loss: 0.0553255 
train_loss: 0.0548987 
test_loss: 0.0553386 
train_loss: 0.0554186 
test_loss: 0.0552005 
train_loss: 0.0552059 
test_loss: 0.0553201 
train_loss: 0.0554407 
test_loss: 0.0554025 
train_loss: 0.0555176 
test_loss: 0.0552754 
train_loss: 0.0549783 
test_loss: 0.0555028 
train_loss: 0.054647 
test_loss: 0.0551876 
train_loss: 0.0556127 
test_loss: 0.0553413 
train_loss: 0.0556884 
test_loss: 0.0552998 
train_loss: 0.055178 
test_loss: 0.0551797 
train_loss: 0.0555334 
test_loss: 0.0552562 
train_loss: 0.0555453 
test_loss: 0.0552453 
train_loss: 0.0554784 
test_loss: 0.0551321 
train_loss: 0.0545817 
test_loss: 0.0552065 
train_loss: 0.0544817 
test_loss: 0.0551739 
train_loss: 0.054812 
test_loss: 0.0551628 
train_loss: 0.0540486 
test_loss: 0.0551719 
train_loss: 0.0556766 
test_loss: 0.0551236 
train_loss: 0.0554696 
test_loss: 0.0550244 
train_loss: 0.054467 
test_loss: 0.0551085 
train_loss: 0.0552738 
test_loss: 0.0554664 
train_loss: 0.0545566 
test_loss: 0.055105 
train_loss: 0.0543547 
test_loss: 0.0549869 
train_loss: 0.0552838 
test_loss: 0.0551721 
train_loss: 0.0548794 
test_loss: 0.0550146 
train_loss: 0.0550895 
test_loss: 0.0551643 
train_loss: 0.0551249 
test_loss: 0.0551323 
train_loss: 0.0551462 
test_loss: 0.055136 
train_loss: 0.0556797 
test_loss: 0.0550856 
train_loss: 0.0546004 
test_loss: 0.0550706 
train_loss: 0.0539103 
test_loss: 0.0550298 
train_loss: 0.0540043 
test_loss: 0.0549876 
train_loss: 0.0553564 
test_loss: 0.0549965 
train_loss: 0.054967 
test_loss: 0.0550476 
train_loss: 0.0547665 
test_loss: 0.0550167 
train_loss: 0.0559828 
test_loss: 0.0550267 
train_loss: 0.0543927 
test_loss: 0.0549502 
train_loss: 0.0554543 
test_loss: 0.0550343 
train_loss: 0.0542445 
test_loss: 0.0548498 
train_loss: 0.0542371 
test_loss: 0.0549822 
train_loss: 0.0549479 
test_loss: 0.0549836 
train_loss: 0.0549327 
test_loss: 0.0549332 
train_loss: 0.054679 
test_loss: 0.0550264 
train_loss: 0.0546548 
test_loss: 0.0551074 
train_loss: 0.0546732 
test_loss: 0.0552194 
train_loss: 0.0546569 
test_loss: 0.0551447 
train_loss: 0.0544264 
test_loss: 0.0548689 
train_loss: 0.0547391 
test_loss: 0.0550002 
train_loss: 0.0542506 
test_loss: 0.0549908 
train_loss: 0.0555684 
test_loss: 0.0550327 
train_loss: 0.0545789 
test_loss: 0.0548789 
train_loss: 0.0547698 
test_loss: 0.0550975 
train_loss: 0.054666 
test_loss: 0.0550211 
train_loss: 0.055133 
test_loss: 0.0549043 
train_loss: 0.0550785 
test_loss: 0.0550548 
train_loss: 0.0553383 
test_loss: 0.0550346 
train_loss: 0.0548359 
test_loss: 0.0550509 
train_loss: 0.0541828 
test_loss: 0.0550453 
train_loss: 0.0544962 
test_loss: 0.0549626 
train_loss: 0.0539428 
test_loss: 0.054905 
train_loss: 0.0556667 
test_loss: 0.0551238 
train_loss: 0.0549352 
test_loss: 0.054831 
train_loss: 0.0548412 
test_loss: 0.0549939 
train_loss: 0.053739 
test_loss: 0.0549789 
train_loss: 0.0554907 
test_loss: 0.0550285 
train_loss: 0.0552578 
test_loss: 0.0549259 
train_loss: 0.0550501 
test_loss: 0.0549632 
train_loss: 0.0553554 
test_loss: 0.0548705 
train_loss: 0.054687 
test_loss: 0.0548801 
train_loss: 0.0552383 
test_loss: 0.0550426 
train_loss: 0.0551986 
test_loss: 0.0550025 
train_loss: 0.0547222 
test_loss: 0.0548533 
train_loss: 0.0545917 
test_loss: 0.054882 
train_loss: 0.054997 
test_loss: 0.0549869 
train_loss: 0.0547067 
test_loss: 0.0550446 
train_loss: 0.0539925 
test_loss: 0.0548368 
train_loss: 0.055193 
test_loss: 0.0549086 
train_loss: 0.054764 
test_loss: 0.0548386 
train_loss: 0.0547524 
test_loss: 0.0550825 
train_loss: 0.054384 
test_loss: 0.054929 
train_loss: 0.054349 
test_loss: 0.0549259 
train_loss: 0.0550371 
test_loss: 0.0549166 
train_loss: 0.0550331 
test_loss: 0.0549275 
train_loss: 0.0539621 
test_loss: 0.0549807 
train_loss: 0.054768 
test_loss: 0.05485 
train_loss: 0.0549676 
test_loss: 0.0549491 
train_loss: 0.0544289 
test_loss: 0.0549216 
train_loss: 0.0549766 
test_loss: 0.0549814 
train_loss: 0.0550462 
test_loss: 0.0548995 
train_loss: 0.0547242 
test_loss: 0.0548124 
train_loss: 0.0542021 
test_loss: 0.0548064 
train_loss: 0.0549387 
test_loss: 0.054919 
train_loss: 0.0558798 
test_loss: 0.0548988 
train_loss: 0.0547042 
test_loss: 0.054863 
train_loss: 0.0541763 
test_loss: 0.0549 
train_loss: 0.0539931 
test_loss: 0.0548977 
train_loss: 0.0553504 
test_loss: 0.0548741 
train_loss: 0.0544642 
test_loss: 0.0548203 
train_loss: 0.0542269 
test_loss: 0.0548614 
train_loss: 0.0547183 
test_loss: 0.0549224 
train_loss: 0.0551447 
test_loss: 0.0548892 
train_loss: 0.0543492 
test_loss: 0.0547956 
train_loss: 0.0543241 
test_loss: 0.0548312 
train_loss: 0.0547437 
test_loss: 0.0548858 
train_loss: 0.0544716 
test_loss: 0.0549836 
train_loss: 0.0549034 
test_loss: 0.0548945 
train_loss: 0.0540984 
test_loss: 0.0548617 
train_loss: 0.0549826 
test_loss: 0.0548815 
train_loss: 0.0552642 
test_loss: 0.0548149 
train_loss: 0.0549784 
test_loss: 0.0547767 
train_loss: 0.0544864 
test_loss: 0.0548375 
train_loss: 0.0557365 
test_loss: 0.0550066 
train_loss: 0.0553703 
test_loss: 0.0547478 
train_loss: 0.0550477 
test_loss: 0.054986 
train_loss: 0.0542979 
test_loss: 0.0548206 
train_loss: 0.0551857 
test_loss: 0.0548585 
train_loss: 0.0549863 
test_loss: 0.0548329 
train_loss: 0.0543119 
test_loss: 0.0549808 
train_loss: 0.0549366 
test_loss: 0.0548542 
train_loss: 0.0546937 
test_loss: 0.0550644 
train_loss: 0.0550547 
test_loss: 0.0547486 
train_loss: 0.0548027 
test_loss: 0.0549197 
train_loss: 0.0543403 
test_loss: 0.0549546 
train_loss: 0.0549734 
test_loss: 0.0549804 
train_loss: 0.0543916 
test_loss: 0.0549477 
train_loss: 0.0540464 
test_loss: 0.0548606 
train_loss: 0.0546039 
test_loss: 0.0548705 
train_loss: 0.0553542 
test_loss: 0.054781 
train_loss: 0.0544303 
test_loss: 0.0548871 
train_loss: 0.0542185 
test_loss: 0.0548233 
train_loss: 0.0550707 
test_loss: 0.0547948 
train_loss: 0.0544385 
test_loss: 0.0548176 
train_loss: 0.0543443 
test_loss: 0.0548296 
train_loss: 0.0543814 
test_loss: 0.0548604 
train_loss: 0.0546749 
test_loss: 0.0547482 
train_loss: 0.054625 
test_loss: 0.0548167 
train_loss: 0.0550472 
test_loss: 0.0548364 
train_loss: 0.0550197 
test_loss: 0.0549548 
train_loss: 0.0551503 
test_loss: 0.0550094 
train_loss: 0.0553227 
test_loss: 0.0548005 
train_loss: 0.0548759 
test_loss: 0.0547357 
train_loss: 0.0543974 
test_loss: 0.0547839 
train_loss: 0.053944 
test_loss: 0.0547906 
train_loss: 0.0553404 
test_loss: 0.0548085 
train_loss: 0.0543235 
test_loss: 0.0546588 
train_loss: 0.0545479 
test_loss: 0.0547304 
train_loss: 0.0546732 
test_loss: 0.0548813 
train_loss: 0.0550093 
test_loss: 0.0548844 
train_loss: 0.0552532 
test_loss: 0.0549454 
train_loss: 0.0540283 
test_loss: 0.0548356 
train_loss: 0.055496 
test_loss: 0.0547698 
train_loss: 0.0546163 
test_loss: 0.0547563 
train_loss: 0.0550331 
test_loss: 0.0547713 
train_loss: 0.0543551 
test_loss: 0.0547439 
train_loss: 0.0546932 
test_loss: 0.0547833 
train_loss: 0.0541786 
test_loss: 0.054952 
train_loss: 0.0547251 
test_loss: 0.0548166 
train_loss: 0.055032 
test_loss: 0.054776 
train_loss: 0.0548031 
test_loss: 0.0548318 
train_loss: 0.0546264 
test_loss: 0.0548193 
train_loss: 0.0550151 
test_loss: 0.0549597 
train_loss: 0.0554021 
test_loss: 0.0547214 
train_loss: 0.0552968 
test_loss: 0.054773 
train_loss: 0.0544879 
test_loss: 0.0546923 
train_loss: 0.0549568 
test_loss: 0.0547756 
train_loss: 0.0540384 
test_loss: 0.0547637 
train_loss: 0.0544619 
test_loss: 0.0548628 
train_loss: 0.0546963 
test_loss: 0.0548036 
train_loss: 0.0548019 
test_loss: 0.0548471 
train_loss: 0.0546285 
test_loss: 0.0547855 
train_loss: 0.0539258 
test_loss: 0.0547843 
train_loss: 0.0551673 
test_loss: 0.0548757 
train_loss: 0.0538307 
test_loss: 0.0548015 
train_loss: 0.0550853 
test_loss: 0.0547935 
train_loss: 0.0553586 
test_loss: 0.0547647 
train_loss: 0.0545473 
test_loss: 0.0549458 
train_loss: 0.0544532 
test_loss: 0.054727 
train_loss: 0.0546822 
test_loss: 0.0547936 
train_loss: 0.0544156 
test_loss: 0.0547164 
train_loss: 0.0543313 
test_loss: 0.0546905 
train_loss: 0.0551122 
test_loss: 0.0547499 
train_loss: 0.0554781 
test_loss: 0.0547777 
train_loss: 0.054612 
test_loss: 0.0548104 
train_loss: 0.0551707 
test_loss: 0.0549505 
train_loss: 0.0543082 
test_loss: 0.0547689 
train_loss: 0.0544675 
test_loss: 0.054766 
train_loss: 0.0558046 
test_loss: 0.0550076 
train_loss: 0.0549018 
test_loss: 0.0547191 
train_loss: 0.0555084 
test_loss: 0.0549155 
train_loss: 0.0545462 
test_loss: 0.0548297 
train_loss: 0.0551417 
test_loss: 0.0549689 
train_loss: 0.0545257 
test_loss: 0.0548007 
train_loss: 0.0549245 
test_loss: 0.0548519 
train_loss: 0.0541391 
test_loss: 0.054716 
train_loss: 0.0540728 
test_loss: 0.0548372 
train_loss: 0.0554331 
test_loss: 0.0547844 
train_loss: 0.0546841 
test_loss: 0.0548532 
train_loss: 0.0543692 
test_loss: 0.054755 
train_loss: 0.0547669 
test_loss: 0.0546996 
train_loss: 0.0545896 
test_loss: 0.0547102 
train_loss: 0.0547609 
test_loss: 0.0548085 
train_loss: 0.0546243 
test_loss: 0.0547198 
train_loss: 0.0551405 
test_loss: 0.054908 
train_loss: 0.0544348 
test_loss: 0.0547251 
train_loss: 0.0546283 
test_loss: 0.0547547 
train_loss: 0.0555392 
test_loss: 0.0547889 
train_loss: 0.0547366 
test_loss: 0.0547718 
train_loss: 0.0543401 
test_loss: 0.0548306 
train_loss: 0.0543899 
test_loss: 0.0548396 
train_loss: 0.0551849 
test_loss: 0.0548474 
train_loss: 0.054559 
test_loss: 0.0547688 
train_loss: 0.0552525 
test_loss: 0.0547354 
train_loss: 0.0548181 
test_loss: 0.054667 
train_loss: 0.0545298 
test_loss: 0.0550054 
train_loss: 0.0545334 
test_loss: 0.0547477 
train_loss: 0.054853 
test_loss: 0.054721 
train_loss: 0.0550327 
test_loss: 0.0547703 
train_loss: 0.0547168 
test_loss: 0.054807 
train_loss: 0.0536822 
test_loss: 0.0547222 
train_loss: 0.0546573 
test_loss: 0.0547646 
train_loss: 0.0551386 
test_loss: 0.0546703 
train_loss: 0.0546379 
test_loss: 0.0547346 
train_loss: 0.0551522 
test_loss: 0.0547587 
train_loss: 0.0542367 
test_loss: 0.0547335 
train_loss: 0.0551917 
test_loss: 0.0548832 
train_loss: 0.0548833 
test_loss: 0.0548057 
train_loss: 0.0539603 
test_loss: 0.0546626 
train_loss: 0.055098 
test_loss: 0.0548357 
train_loss: 0.0541157 
test_loss: 0.0546953 
train_loss: 0.0552327 
test_loss: 0.0547129 
train_loss: 0.0540787 
test_loss: 0.0547002 
train_loss: 0.0545137 
test_loss: 0.0547859 
train_loss: 0.0555035 
test_loss: 0.0547742 
train_loss: 0.0538489 
test_loss: 0.0548802 
train_loss: 0.0550579 
test_loss: 0.0546689 
train_loss: 0.0543358 
test_loss: 0.0546958 
train_loss: 0.0546488 
test_loss: 0.0547218 
train_loss: 0.054521 
test_loss: 0.0547934 
train_loss: 0.0554536 
test_loss: 0.0548009 
train_loss: 0.0540453 
test_loss: 0.0547127 
train_loss: 0.0542303 
test_loss: 0.0548082 
train_loss: 0.0550443 
test_loss: 0.0547744 
train_loss: 0.0550242 
test_loss: 0.0547536 
train_loss: 0.0544802 
test_loss: 0.054692 
train_loss: 0.0543033 
test_loss: 0.0547161 
train_loss: 0.0542275 
test_loss: 0.0547054 
train_loss: 0.054612 
test_loss: 0.0547316 
train_loss: 0.0545396 
test_loss: 0.0546546 
train_loss: 0.0548934 
test_loss: 0.0547119 
train_loss: 0.0550878 
test_loss: 0.0547671 
train_loss: 0.0545886 
test_loss: 0.0547176 
train_loss: 0.0551664 
test_loss: 0.0548117 
train_loss: 0.0541068 
test_loss: 0.0547321 
train_loss: 0.0543309 
test_loss: 0.0546764 
train_loss: 0.0550353 
test_loss: 0.0547497 
train_loss: 0.0539037 
test_loss: 0.0548091 
train_loss: 0.0553124 
test_loss: 0.0547644 
train_loss: 0.054455 
test_loss: 0.0546174 
train_loss: 0.0542599 
test_loss: 0.054693 
train_loss: 0.0543073 
test_loss: 0.054904 
train_loss: 0.053672 
test_loss: 0.0547133 
train_loss: 0.0543465 
test_loss: 0.0548116 
train_loss: 0.0544064 
test_loss: 0.0547499 
train_loss: 0.0549421 
test_loss: 0.0548151 
train_loss: 0.0548883 
test_loss: 0.0547212 
train_loss: 0.054264 
test_loss: 0.0547287 
train_loss: 0.0545082 
test_loss: 0.0546397 
train_loss: 0.0542546 
test_loss: 0.0547436 
train_loss: 0.054668 
test_loss: 0.0547675 
train_loss: 0.0550174 
test_loss: 0.054815 
train_loss: 0.0545924 
test_loss: 0.054825 
train_loss: 0.0548804 
test_loss: 0.0546931 
train_loss: 0.054498 
test_loss: 0.0548269 
train_loss: 0.0539172 
test_loss: 0.0547162 
train_loss: 0.0543937 
test_loss: 0.0548629 
train_loss: 0.0546537 
test_loss: 0.0547779 
train_loss: 0.0548415 
test_loss: 0.0547936 
train_loss: 0.0544839 
test_loss: 0.0547128 
train_loss: 0.0543333 
test_loss: 0.0547584 
train_loss: 0.0540498 
test_loss: 0.0547405 
train_loss: 0.0550116 
test_loss: 0.0547333 
train_loss: 0.0549056 
test_loss: 0.054821 
train_loss: 0.054291 
test_loss: 0.0547763 
train_loss: 0.0546454 
test_loss: 0.0546891 
train_loss: 0.0544332 
test_loss: 0.0548092 
train_loss: 0.0545333 
test_loss: 0.0547846 
train_loss: 0.0550922 
test_loss: 0.0547151 
train_loss: 0.0548545 
test_loss: 0.0548303 
train_loss: 0.0550907 
test_loss: 0.0547989 
train_loss: 0.0548971 
test_loss: 0.0547531 
train_loss: 0.0552206 
test_loss: 0.0547839 
train_loss: 0.0540829 
test_loss: 0.0547432 
train_loss: 0.0545156 
test_loss: 0.0547171 
train_loss: 0.0543093 
test_loss: 0.0547327 
train_loss: 0.054271 
test_loss: 0.0548231 
train_loss: 0.0544673 
test_loss: 0.0546945 
train_loss: 0.0554977 
test_loss: 0.0547254 
train_loss: 0.0544466 
test_loss: 0.0548619 
train_loss: 0.0544072 
test_loss: 0.0546919 
train_loss: 0.0546832 
test_loss: 0.0547566 
train_loss: 0.0544709 
test_loss: 0.0548615 
train_loss: 0.0551066 
test_loss: 0.0548465 
train_loss: 0.0552199 
test_loss: 0.0547233 
train_loss: 0.0542771 
test_loss: 0.054756 
train_loss: 0.0548838 
test_loss: 0.0548222 
train_loss: 0.0545599 
test_loss: 0.0546563 
train_loss: 0.0542503 
test_loss: 0.0547002 
train_loss: 0.0551806 
test_loss: 0.0547637 
train_loss: 0.054613 
test_loss: 0.0547631 
train_loss: 0.0545055 
test_loss: 0.0547179 
train_loss: 0.0541286 
test_loss: 0.054673 
train_loss: 0.0549694 
test_loss: 0.0547038 
train_loss: 0.0550342 
test_loss: 0.0546936 
train_loss: 0.0549038 
test_loss: 0.0548357 
train_loss: 0.0545768 
test_loss: 0.0547383 
train_loss: 0.0544167 
test_loss: 0.0547494 
train_loss: 0.0545422 
test_loss: 0.0547113 
train_loss: 0.0542804 
test_loss: 0.0547952 
train_loss: 0.0547255 
test_loss: 0.0547835 
train_loss: 0.0544316 
test_loss: 0.0547657 
train_loss: 0.0546458 
test_loss: 0.0548682 
train_loss: 0.0542618 
test_loss: 0.0547992 
train_loss: 0.0555133 
test_loss: 0.054693 
train_loss: 0.0545262 
test_loss: 0.0547334 
train_loss: 0.0544195 
test_loss: 0.0546561 
train_loss: 0.0547969 
test_loss: 0.0547269 
train_loss: 0.0544128 
test_loss: 0.0547224 
train_loss: 0.0544913 
test_loss: 0.054703 
train_loss: 0.0540272 
test_loss: 0.0549077 
train_loss: 0.0546904 
test_loss: 0.0546738 
train_loss: 0.0546385 
test_loss: 0.0546506 
train_loss: 0.0551255 
test_loss: 0.0546704 
train_loss: 0.0555294 
test_loss: 0.0546956 
train_loss: 0.0549627 
test_loss: 0.0546568 
train_loss: 0.0547079 
test_loss: 0.0547886 
train_loss: 0.0541868 
test_loss: 0.0547928 
train_loss: 0.0539681 
test_loss: 0.0547147 
train_loss: 0.0547241 
test_loss: 0.0548172 
train_loss: 0.0545261 
test_loss: 0.0547733 
train_loss: 0.0543136 
test_loss: 0.0547546 
train_loss: 0.054634 
test_loss: 0.0546661 
train_loss: 0.0542479 
test_loss: 0.0547993 
train_loss: 0.0548607 
test_loss: 0.0547098 
train_loss: 0.0540426 
test_loss: 0.0548114 
train_loss: 0.0552461 
test_loss: 0.05463 
train_loss: 0.0554551 
test_loss: 0.0548455 
train_loss: 0.0541126 
test_loss: 0.0546851 
train_loss: 0.0546353 
test_loss: 0.054802 
train_loss: 0.0546558 
test_loss: 0.0547058 
train_loss: 0.0546304 
test_loss: 0.0546787 
train_loss: 0.0546004 
test_loss: 0.0546994 
train_loss: 0.0549563 
test_loss: 0.0546769 
train_loss: 0.054864 
test_loss: 0.0546793 
train_loss: 0.0550568 
test_loss: 0.0547929 
train_loss: 0.0553459 
test_loss: 0.0547054 
train_loss: 0.0544773 
test_loss: 0.0547465 
train_loss: 0.0543841 
test_loss: 0.0547522 
train_loss: 0.0540753 
test_loss: 0.0547102 
train_loss: 0.0547478 
test_loss: 0.0548012 
train_loss: 0.0545602 
test_loss: 0.0546955 
train_loss: 0.0545275 
test_loss: 0.054798 
train_loss: 0.0539627 
test_loss: 0.054671 
train_loss: 0.0543005 
test_loss: 0.0547089 
train_loss: 0.0539619 
test_loss: 0.0546745 
train_loss: 0.0554031 
test_loss: 0.0547328 
train_loss: 0.0547234 
test_loss: 0.0546277 
train_loss: 0.0547264 
test_loss: 0.0547632 
train_loss: 0.0536005 
test_loss: 0.0547539 
train_loss: 0.0548407 
test_loss: 0.0546562 
train_loss: 0.0547276 
test_loss: 0.0546753 
train_loss: 0.0544648 
test_loss: 0.0548016 
train_loss: 0.0547201 
test_loss: 0.0547051 
train_loss: 0.0549412 
test_loss: 0.0546744 
train_loss: 0.0542472 
test_loss: 0.0547397 
train_loss: 0.0548031 
test_loss: 0.0547612 
train_loss: 0.0543454 
test_loss: 0.0547579 
train_loss: 0.0546582 
test_loss: 0.0547228 
train_loss: 0.0543467 
test_loss: 0.0546588 
train_loss: 0.0542975 
test_loss: 0.0547157 
train_loss: 0.054622 
test_loss: 0.0546872 
train_loss: 0.0545974 
test_loss: 0.0547303 
train_loss: 0.0544961 
test_loss: 0.0547263 
train_loss: 0.0548073 
test_loss: 0.0546787 
train_loss: 0.0539907 
test_loss: 0.0546766 
train_loss: 0.0549998 
test_loss: 0.0546487 
train_loss: 0.0549321 
test_loss: 0.0547095 
train_loss: 0.0547512 
test_loss: 0.054707 
train_loss: 0.0545206 
test_loss: 0.0547119 
train_loss: 0.0549196 
test_loss: 0.0547122 
train_loss: 0.0543725 
test_loss: 0.0546555 
train_loss: 0.05451 
test_loss: 0.0546681 
train_loss: 0.0549748 
test_loss: 0.0546633 
train_loss: 0.0546298 
test_loss: 0.0546375 
train_loss: 0.0548042 
test_loss: 0.054723 
train_loss: 0.054663 
test_loss: 0.0547532 
train_loss: 0.0551776 
test_loss: 0.0546697 
train_loss: 0.0545802 
test_loss: 0.0546602 
train_loss: 0.0550907 
test_loss: 0.0547204 
train_loss: 0.0543804 
test_loss: 0.0547107 
train_loss: 0.0549173 
test_loss: 0.0546576 
train_loss: 0.0552745 
test_loss: 0.0546698 
