train_loss: 0.0554927 
test_loss: 0.0554079 
train_loss: 0.0556189 
test_loss: 0.055404 
train_loss: 0.0553008 
test_loss: 0.0553124 
train_loss: 0.0553753 
test_loss: 0.0555155 
train_loss: 0.0551998 
test_loss: 0.0554093 
train_loss: 0.0553565 
test_loss: 0.0553866 
train_loss: 0.0553258 
test_loss: 0.0554561 
train_loss: 0.0548088 
test_loss: 0.0551765 
train_loss: 0.0547583 
test_loss: 0.0553062 
train_loss: 0.0547699 
test_loss: 0.0552657 
train_loss: 0.0552518 
test_loss: 0.0551296 
train_loss: 0.0550409 
test_loss: 0.0552564 
train_loss: 0.0553122 
test_loss: 0.0552268 
train_loss: 0.0551161 
test_loss: 0.0551716 
train_loss: 0.0548332 
test_loss: 0.0552562 
train_loss: 0.0544118 
test_loss: 0.0550214 
train_loss: 0.0553178 
test_loss: 0.055071 
train_loss: 0.0556634 
test_loss: 0.0550911 
train_loss: 0.0551625 
test_loss: 0.055012 
train_loss: 0.0552208 
test_loss: 0.0550295 
train_loss: 0.055545 
test_loss: 0.0552425 
train_loss: 0.0551049 
test_loss: 0.0550561 
train_loss: 0.0545162 
test_loss: 0.0549977 
train_loss: 0.0544712 
test_loss: 0.0550053 
train_loss: 0.0546703 
test_loss: 0.0550482 
train_loss: 0.0538034 
test_loss: 0.0549407 
train_loss: 0.0556205 
test_loss: 0.0549618 
train_loss: 0.055395 
test_loss: 0.0549802 
train_loss: 0.0545117 
test_loss: 0.0549823 
train_loss: 0.0549423 
test_loss: 0.0551497 
train_loss: 0.0543942 
test_loss: 0.0549391 
train_loss: 0.0542115 
test_loss: 0.0548214 
train_loss: 0.0550189 
test_loss: 0.0550191 
train_loss: 0.0548107 
test_loss: 0.054879 
train_loss: 0.055006 
test_loss: 0.0549664 
train_loss: 0.0549851 
test_loss: 0.0549442 
train_loss: 0.0550415 
test_loss: 0.0550327 
train_loss: 0.0554363 
test_loss: 0.0550031 
train_loss: 0.054613 
test_loss: 0.0549567 
train_loss: 0.0538391 
test_loss: 0.0548733 
train_loss: 0.0541037 
test_loss: 0.0549711 
train_loss: 0.0552327 
test_loss: 0.0549006 
train_loss: 0.0547977 
test_loss: 0.0550067 
train_loss: 0.0546908 
test_loss: 0.0548808 
train_loss: 0.0557353 
test_loss: 0.0548697 
train_loss: 0.0543225 
test_loss: 0.0549397 
train_loss: 0.0553163 
test_loss: 0.0549623 
train_loss: 0.0542483 
test_loss: 0.0547989 
train_loss: 0.054146 
test_loss: 0.0548985 
train_loss: 0.0550394 
test_loss: 0.0549445 
train_loss: 0.0550195 
test_loss: 0.0549029 
train_loss: 0.0545123 
test_loss: 0.0549601 
train_loss: 0.0545333 
test_loss: 0.0548927 
train_loss: 0.0545179 
test_loss: 0.0549899 
train_loss: 0.0545648 
test_loss: 0.0550796 
train_loss: 0.0542874 
test_loss: 0.0548311 
train_loss: 0.0545702 
test_loss: 0.0548283 
train_loss: 0.0541704 
test_loss: 0.0549481 
train_loss: 0.05543 
test_loss: 0.0550043 
train_loss: 0.0544715 
test_loss: 0.0547683 
train_loss: 0.054724 
test_loss: 0.0549894 
train_loss: 0.054577 
test_loss: 0.0549121 
train_loss: 0.0550794 
test_loss: 0.0548445 
train_loss: 0.0549878 
test_loss: 0.0549158 
train_loss: 0.0551847 
test_loss: 0.054821 
train_loss: 0.0545908 
test_loss: 0.054974 
train_loss: 0.0541649 
test_loss: 0.054839 
train_loss: 0.0544163 
test_loss: 0.0549701 
train_loss: 0.0540158 
test_loss: 0.054822 
train_loss: 0.0554826 
test_loss: 0.0551113 
train_loss: 0.0549691 
test_loss: 0.0548232 
train_loss: 0.0547981 
test_loss: 0.0548493 
train_loss: 0.0537365 
test_loss: 0.0548981 
train_loss: 0.0552553 
test_loss: 0.0547935 
train_loss: 0.055246 
test_loss: 0.0547888 
train_loss: 0.055029 
test_loss: 0.0548291 
train_loss: 0.0552061 
test_loss: 0.0547183 
train_loss: 0.0545523 
test_loss: 0.0547991 
train_loss: 0.0551036 
test_loss: 0.0549142 
train_loss: 0.0551837 
test_loss: 0.0548124 
train_loss: 0.0545162 
test_loss: 0.0547419 
train_loss: 0.0545644 
test_loss: 0.0548724 
train_loss: 0.0549003 
test_loss: 0.0549261 
train_loss: 0.0544536 
test_loss: 0.0550031 
train_loss: 0.053987 
test_loss: 0.0548298 
train_loss: 0.055001 
test_loss: 0.05485 
train_loss: 0.0548093 
test_loss: 0.0548077 
train_loss: 0.0546819 
test_loss: 0.0548477 
train_loss: 0.0542928 
test_loss: 0.0549054 
train_loss: 0.0543522 
test_loss: 0.0548454 
train_loss: 0.0549927 
test_loss: 0.0548984 
train_loss: 0.0550478 
test_loss: 0.0548528 
train_loss: 0.053978 
test_loss: 0.0547775 
train_loss: 0.0545784 
test_loss: 0.0547591 
train_loss: 0.0548482 
test_loss: 0.054818 
train_loss: 0.0542439 
test_loss: 0.0547816 
train_loss: 0.0549237 
test_loss: 0.0548719 
train_loss: 0.0550152 
test_loss: 0.0549031 
train_loss: 0.0546922 
test_loss: 0.0547424 
train_loss: 0.0541687 
test_loss: 0.0548039 
train_loss: 0.0548407 
test_loss: 0.0548762 
train_loss: 0.0559333 
test_loss: 0.0548733 
train_loss: 0.0546098 
test_loss: 0.0547965 
train_loss: 0.0541808 
test_loss: 0.0548368 
train_loss: 0.0540249 
test_loss: 0.0547922 
train_loss: 0.0553054 
test_loss: 0.0547825 
train_loss: 0.0543422 
test_loss: 0.0547545 
train_loss: 0.0541949 
test_loss: 0.0547606 
train_loss: 0.0546046 
test_loss: 0.0547707 
train_loss: 0.0551171 
test_loss: 0.0547577 
train_loss: 0.0543005 
test_loss: 0.0547941 
train_loss: 0.0542597 
test_loss: 0.0547761 
train_loss: 0.0547565 
test_loss: 0.0549016 
train_loss: 0.0543491 
test_loss: 0.0549007 
train_loss: 0.0548743 
test_loss: 0.054752 
train_loss: 0.0541117 
test_loss: 0.0547097 
train_loss: 0.0549475 
test_loss: 0.0548189 
train_loss: 0.05508 
test_loss: 0.0547255 
train_loss: 0.0549063 
test_loss: 0.0546996 
train_loss: 0.0544163 
test_loss: 0.0547812 
train_loss: 0.0556798 
test_loss: 0.0549211 
train_loss: 0.0552362 
test_loss: 0.0547002 
train_loss: 0.0549445 
test_loss: 0.0548713 
train_loss: 0.0541973 
test_loss: 0.0547042 
train_loss: 0.0552462 
test_loss: 0.0548178 
train_loss: 0.0548299 
test_loss: 0.0547546 
train_loss: 0.0540756 
test_loss: 0.0547921 
train_loss: 0.054743 
test_loss: 0.0547817 
train_loss: 0.0545279 
test_loss: 0.0549525 
train_loss: 0.0549586 
test_loss: 0.0547278 
train_loss: 0.0547717 
test_loss: 0.0547753 
train_loss: 0.0541215 
test_loss: 0.0547394 
train_loss: 0.0548104 
test_loss: 0.0548579 
train_loss: 0.0543728 
test_loss: 0.0549187 
train_loss: 0.0539427 
test_loss: 0.054774 
train_loss: 0.0546067 
test_loss: 0.0547844 
train_loss: 0.0552876 
test_loss: 0.0547004 
train_loss: 0.0543019 
test_loss: 0.0547519 
train_loss: 0.0541647 
test_loss: 0.054802 
train_loss: 0.0550139 
test_loss: 0.0547441 
train_loss: 0.0544078 
test_loss: 0.0547557 
train_loss: 0.054343 
test_loss: 0.054799 
train_loss: 0.0542535 
test_loss: 0.0547878 
train_loss: 0.0544931 
test_loss: 0.0547638 
train_loss: 0.0545745 
test_loss: 0.0547298 
train_loss: 0.0550027 
test_loss: 0.054976 
train_loss: 0.0548861 
test_loss: 0.0548701 
train_loss: 0.0550085 
test_loss: 0.0548631 
train_loss: 0.0551219 
test_loss: 0.0547263 
train_loss: 0.0548631 
test_loss: 0.0546423 
train_loss: 0.0544131 
test_loss: 0.0546961 
train_loss: 0.0539736 
test_loss: 0.0547879 
train_loss: 0.0553352 
test_loss: 0.0547921 
train_loss: 0.05433 
test_loss: 0.0546545 
train_loss: 0.0543958 
test_loss: 0.0547064 
train_loss: 0.0545961 
test_loss: 0.0547922 
train_loss: 0.0548005 
test_loss: 0.0548642 
train_loss: 0.0550798 
test_loss: 0.0548176 
train_loss: 0.0538363 
test_loss: 0.0547427 
train_loss: 0.0554013 
test_loss: 0.0547498 
train_loss: 0.0545723 
test_loss: 0.0547625 
train_loss: 0.055036 
test_loss: 0.0547089 
train_loss: 0.0543914 
test_loss: 0.0546509 
train_loss: 0.0546794 
test_loss: 0.0547121 
train_loss: 0.0541172 
test_loss: 0.0548911 
train_loss: 0.0546631 
test_loss: 0.0547433 
train_loss: 0.0550514 
test_loss: 0.0547346 
train_loss: 0.054678 
test_loss: 0.0547176 
train_loss: 0.054568 
test_loss: 0.0548099 
train_loss: 0.05507 
test_loss: 0.0548842 
train_loss: 0.0553396 
test_loss: 0.0547416 
train_loss: 0.0552534 
test_loss: 0.0547313 
train_loss: 0.0544474 
test_loss: 0.0546706 
train_loss: 0.0548383 
test_loss: 0.0546995 
train_loss: 0.0540032 
test_loss: 0.054687 
train_loss: 0.0543216 
test_loss: 0.0547605 
train_loss: 0.0546295 
test_loss: 0.0547558 
train_loss: 0.0546069 
test_loss: 0.054719 
train_loss: 0.0545564 
test_loss: 0.0547256 
train_loss: 0.0540012 
test_loss: 0.0547061 
train_loss: 0.0551237 
test_loss: 0.0547673 
train_loss: 0.0538584 
test_loss: 0.0547415 
train_loss: 0.0550522 
test_loss: 0.0547639 
train_loss: 0.0553042 
test_loss: 0.0547125 
train_loss: 0.054461 
test_loss: 0.0548823 
train_loss: 0.0543316 
test_loss: 0.0546932 
train_loss: 0.0546357 
test_loss: 0.0547198 
train_loss: 0.0543132 
test_loss: 0.0546605 
train_loss: 0.0542575 
test_loss: 0.0546854 
train_loss: 0.0549419 
test_loss: 0.0548078 
train_loss: 0.0554869 
test_loss: 0.0546938 
train_loss: 0.0546242 
test_loss: 0.054745 
train_loss: 0.0549694 
test_loss: 0.0548335 
train_loss: 0.0542142 
test_loss: 0.0547027 
train_loss: 0.0543602 
test_loss: 0.0547669 
train_loss: 0.0556928 
test_loss: 0.0548447 
train_loss: 0.0548396 
test_loss: 0.0546488 
train_loss: 0.0554474 
test_loss: 0.0548912 
train_loss: 0.0544691 
test_loss: 0.0547732 
train_loss: 0.0550984 
test_loss: 0.0549359 
train_loss: 0.0544539 
test_loss: 0.0547861 
train_loss: 0.0548905 
test_loss: 0.0547085 
train_loss: 0.0540054 
test_loss: 0.0546761 
train_loss: 0.053848 
test_loss: 0.0547225 
train_loss: 0.0553871 
test_loss: 0.0547763 
train_loss: 0.0545689 
test_loss: 0.0547987 
train_loss: 0.0543011 
test_loss: 0.0546464 
train_loss: 0.0546954 
test_loss: 0.0547288 
train_loss: 0.0545858 
test_loss: 0.0546633 
train_loss: 0.0546865 
test_loss: 0.0547562 
train_loss: 0.0545475 
test_loss: 0.0546995 
train_loss: 0.0550301 
test_loss: 0.0548063 
train_loss: 0.0544081 
test_loss: 0.054607 
train_loss: 0.0545613 
test_loss: 0.0546927 
train_loss: 0.0554113 
test_loss: 0.0547262 
train_loss: 0.0547314 
test_loss: 0.0547537 
train_loss: 0.0542869 
test_loss: 0.0547595 
train_loss: 0.05433 
test_loss: 0.054778 
train_loss: 0.055162 
test_loss: 0.0547476 
train_loss: 0.0544841 
test_loss: 0.0547341 
train_loss: 0.0553151 
test_loss: 0.0546656 
train_loss: 0.0546866 
test_loss: 0.0546077 
train_loss: 0.0543603 
test_loss: 0.0548676 
train_loss: 0.0544732 
test_loss: 0.0546865 
train_loss: 0.0548414 
test_loss: 0.0547315 
train_loss: 0.0549607 
test_loss: 0.0547794 
train_loss: 0.0546029 
test_loss: 0.0546936 
train_loss: 0.0536446 
test_loss: 0.0546922 
train_loss: 0.0545525 
test_loss: 0.0547084 
train_loss: 0.0551569 
test_loss: 0.0547257 
train_loss: 0.0545043 
test_loss: 0.0547234 
train_loss: 0.0549855 
test_loss: 0.0546862 
train_loss: 0.0541085 
test_loss: 0.0546547 
train_loss: 0.0551506 
test_loss: 0.0547735 
train_loss: 0.0547813 
test_loss: 0.0547441 
train_loss: 0.0538361 
test_loss: 0.054626 
train_loss: 0.0551204 
test_loss: 0.0548027 
train_loss: 0.0541121 
test_loss: 0.0547072 
train_loss: 0.0552396 
test_loss: 0.0547067 
train_loss: 0.0540594 
test_loss: 0.0546257 
train_loss: 0.0544918 
test_loss: 0.0546927 
train_loss: 0.055355 
test_loss: 0.0547318 
train_loss: 0.0538052 
test_loss: 0.0547766 
train_loss: 0.0551045 
test_loss: 0.0546162 
train_loss: 0.0543029 
test_loss: 0.0546208 
train_loss: 0.0546824 
test_loss: 0.0546722 
train_loss: 0.054439 
test_loss: 0.054693 
train_loss: 0.0553485 
test_loss: 0.0547776 
train_loss: 0.0540051 
test_loss: 0.0546552 
train_loss: 0.0542144 
test_loss: 0.0547158 
train_loss: 0.0548732 
test_loss: 0.0546822 
train_loss: 0.0550829 
test_loss: 0.0547457 
train_loss: 0.0543926 
test_loss: 0.0546255 
train_loss: 0.0541462 
test_loss: 0.0546148 
train_loss: 0.0540874 
test_loss: 0.0546271 
train_loss: 0.0545261 
test_loss: 0.0546981 
train_loss: 0.0543991 
test_loss: 0.0546182 
train_loss: 0.0547953 
test_loss: 0.0546038 
train_loss: 0.0550582 
test_loss: 0.0547323 
train_loss: 0.054516 
test_loss: 0.0546463 
train_loss: 0.0550997 
test_loss: 0.0547074 
train_loss: 0.0540569 
test_loss: 0.0547153 
train_loss: 0.054324 
test_loss: 0.0546639 
train_loss: 0.0548966 
test_loss: 0.0546594 
train_loss: 0.0538032 
test_loss: 0.0548084 
train_loss: 0.0551946 
test_loss: 0.0546673 
train_loss: 0.0544586 
test_loss: 0.0546549 
train_loss: 0.0542986 
test_loss: 0.0546449 
train_loss: 0.0543241 
test_loss: 0.0547333 
train_loss: 0.0535372 
test_loss: 0.0546904 
train_loss: 0.0543026 
test_loss: 0.0547035 
train_loss: 0.0543548 
test_loss: 0.0547938 
train_loss: 0.0548332 
test_loss: 0.0547433 
train_loss: 0.0548253 
test_loss: 0.0547109 
train_loss: 0.0542827 
test_loss: 0.0548539 
train_loss: 0.0544747 
test_loss: 0.0546268 
train_loss: 0.0543526 
test_loss: 0.0547037 
train_loss: 0.054598 
test_loss: 0.0546873 
train_loss: 0.0550859 
test_loss: 0.0547725 
train_loss: 0.0544 
test_loss: 0.0546998 
train_loss: 0.0547651 
test_loss: 0.0546555 
train_loss: 0.0543883 
test_loss: 0.0547359 
train_loss: 0.0539078 
test_loss: 0.0547494 
train_loss: 0.0542473 
test_loss: 0.0547254 
train_loss: 0.0545995 
test_loss: 0.0547286 
train_loss: 0.0548274 
test_loss: 0.0547317 
train_loss: 0.0544218 
test_loss: 0.054687 
train_loss: 0.0542315 
test_loss: 0.0546961 
train_loss: 0.0540362 
test_loss: 0.0546374 
train_loss: 0.0550036 
test_loss: 0.0547055 
train_loss: 0.0546744 
test_loss: 0.0547631 
train_loss: 0.0541812 
test_loss: 0.0547611 
train_loss: 0.0546221 
test_loss: 0.0546878 
train_loss: 0.054402 
test_loss: 0.0547578 
train_loss: 0.0544612 
test_loss: 0.0546992 
train_loss: 0.055002 
test_loss: 0.054674 
train_loss: 0.0547471 
test_loss: 0.054724 
train_loss: 0.0550217 
test_loss: 0.0547595 
train_loss: 0.0548341 
test_loss: 0.0546447 
train_loss: 0.0551983 
test_loss: 0.0547357 
train_loss: 0.0539871 
test_loss: 0.0546332 
train_loss: 0.0545203 
test_loss: 0.0546354 
train_loss: 0.0542146 
test_loss: 0.0546826 
train_loss: 0.0542581 
test_loss: 0.0547688 
train_loss: 0.0544386 
test_loss: 0.0546565 
train_loss: 0.0553076 
test_loss: 0.0546377 
train_loss: 0.0543199 
test_loss: 0.0547206 
train_loss: 0.0542563 
test_loss: 0.054655 
train_loss: 0.0546092 
test_loss: 0.0546737 
train_loss: 0.0543529 
test_loss: 0.0546937 
train_loss: 0.0550347 
test_loss: 0.054709 
train_loss: 0.0551629 
test_loss: 0.0546784 
train_loss: 0.0541334 
test_loss: 0.0546649 
train_loss: 0.0547991 
test_loss: 0.0547753 
train_loss: 0.0545334 
test_loss: 0.0546722 
train_loss: 0.0542269 
test_loss: 0.0546334 
train_loss: 0.0551405 
test_loss: 0.0547015 
train_loss: 0.0545597 
test_loss: 0.0546467 
train_loss: 0.0544783 
test_loss: 0.0546741 
train_loss: 0.0540904 
test_loss: 0.0546663 
train_loss: 0.0549304 
test_loss: 0.0546285 
train_loss: 0.0549793 
test_loss: 0.054669 
train_loss: 0.0548074 
test_loss: 0.0546977 
train_loss: 0.0546238 
test_loss: 0.0547491 
train_loss: 0.0543853 
test_loss: 0.0547121 
train_loss: 0.0545097 
test_loss: 0.0546924 
train_loss: 0.0542691 
test_loss: 0.0547068 
train_loss: 0.0547059 
test_loss: 0.0547904 
train_loss: 0.0543807 
test_loss: 0.0546142 
train_loss: 0.0545694 
test_loss: 0.0547854 
train_loss: 0.0541821 
test_loss: 0.0546494 
train_loss: 0.0553523 
test_loss: 0.0546241 
train_loss: 0.0544988 
test_loss: 0.0547021 
train_loss: 0.0544501 
test_loss: 0.0545748 
train_loss: 0.0547592 
test_loss: 0.0546022 
train_loss: 0.0543764 
test_loss: 0.0546982 
train_loss: 0.0543652 
test_loss: 0.0547243 
train_loss: 0.0539356 
test_loss: 0.0547878 
train_loss: 0.0546506 
test_loss: 0.0546272 
train_loss: 0.0546169 
test_loss: 0.0546059 
train_loss: 0.0552149 
test_loss: 0.0547037 
train_loss: 0.0554826 
test_loss: 0.054663 
train_loss: 0.0548156 
test_loss: 0.054601 
train_loss: 0.0544838 
test_loss: 0.054614 
train_loss: 0.054036 
test_loss: 0.0546862 
train_loss: 0.0539753 
test_loss: 0.0546392 
train_loss: 0.0546839 
test_loss: 0.0547168 
train_loss: 0.054507 
test_loss: 0.0546975 
train_loss: 0.0542943 
test_loss: 0.054712 
train_loss: 0.0545812 
test_loss: 0.0546364 
train_loss: 0.0541343 
test_loss: 0.0547157 
train_loss: 0.0547856 
test_loss: 0.0546499 
train_loss: 0.0540611 
test_loss: 0.0546916 
train_loss: 0.0551913 
test_loss: 0.0546028 
train_loss: 0.0553467 
test_loss: 0.0546788 
train_loss: 0.0540868 
test_loss: 0.0545829 
train_loss: 0.0546307 
test_loss: 0.0547373 
train_loss: 0.0546811 
test_loss: 0.0546228 
train_loss: 0.0545971 
test_loss: 0.054659 
train_loss: 0.0545551 
test_loss: 0.0546688 
train_loss: 0.0549784 
test_loss: 0.0545974 
train_loss: 0.0548449 
test_loss: 0.0546471 
train_loss: 0.054935 
test_loss: 0.0546347 
train_loss: 0.0552652 
test_loss: 0.0546424 
train_loss: 0.0544894 
test_loss: 0.0546652 
train_loss: 0.054319 
test_loss: 0.054698 
train_loss: 0.0541056 
test_loss: 0.0546776 
train_loss: 0.0547171 
test_loss: 0.0547442 
train_loss: 0.0545384 
test_loss: 0.0546988 
train_loss: 0.0545066 
test_loss: 0.0547568 
train_loss: 0.0540339 
test_loss: 0.0546091 
train_loss: 0.0542162 
test_loss: 0.0546406 
train_loss: 0.0538434 
test_loss: 0.0545622 
train_loss: 0.0552925 
test_loss: 0.0546798 
train_loss: 0.0546362 
test_loss: 0.0546036 
train_loss: 0.0547471 
test_loss: 0.054663 
train_loss: 0.0534523 
test_loss: 0.0546516 
train_loss: 0.054807 
test_loss: 0.0545861 
train_loss: 0.0547897 
test_loss: 0.0546908 
train_loss: 0.0543504 
test_loss: 0.0547175 
train_loss: 0.0546286 
test_loss: 0.0545896 
train_loss: 0.0549464 
test_loss: 0.0546924 
train_loss: 0.0542104 
test_loss: 0.0546845 
train_loss: 0.0547243 
test_loss: 0.0547109 
train_loss: 0.0542372 
test_loss: 0.0546313 
train_loss: 0.0546399 
test_loss: 0.0546365 
train_loss: 0.054226 
test_loss: 0.0546064 
train_loss: 0.0542458 
test_loss: 0.0546551 
train_loss: 0.0546054 
test_loss: 0.0545787 
train_loss: 0.0545029 
test_loss: 0.0546889 
train_loss: 0.0544417 
test_loss: 0.0547021 
train_loss: 0.0547765 
test_loss: 0.0546115 
train_loss: 0.0539977 
test_loss: 0.0546399 
train_loss: 0.0548612 
test_loss: 0.0546236 
train_loss: 0.0548769 
test_loss: 0.0546441 
train_loss: 0.0546322 
test_loss: 0.0546649 
train_loss: 0.0545246 
test_loss: 0.0546299 
train_loss: 0.0548488 
test_loss: 0.0546878 
train_loss: 0.0542657 
test_loss: 0.054587 
train_loss: 0.0544216 
test_loss: 0.054616 
train_loss: 0.0549124 
test_loss: 0.0546323 
train_loss: 0.0546419 
test_loss: 0.0545973 
train_loss: 0.0547433 
test_loss: 0.054683 
train_loss: 0.0545823 
test_loss: 0.0547063 
train_loss: 0.0551143 
test_loss: 0.054591 
train_loss: 0.0544853 
test_loss: 0.0546306 
train_loss: 0.0550524 
test_loss: 0.0547376 
train_loss: 0.0543381 
test_loss: 0.0546697 
train_loss: 0.0548329 
test_loss: 0.0546742 
train_loss: 0.0552205 
test_loss: 0.0546594 
