train_loss: 0.094292 
test_loss: 0.094224 
train_loss: 0.086895 
test_loss: 0.085595 
train_loss: 0.069984 
test_loss: 0.071186 
train_loss: 0.063004 
test_loss: 0.063685 
train_loss: 0.058484 
test_loss: 0.059963 
train_loss: 0.059183 
test_loss: 0.058176 
train_loss: 0.053215 
test_loss: 0.057019 
train_loss: 0.056543 
test_loss: 0.056162 
train_loss: 0.053583 
test_loss: 0.055386 
train_loss: 0.056235 
test_loss: 0.054260 
train_loss: 0.052834 
test_loss: 0.053278 
train_loss: 0.050009 
test_loss: 0.051912 
train_loss: 0.052280 
test_loss: 0.050522 
train_loss: 0.047886 
test_loss: 0.047556 
train_loss: 0.045125 
test_loss: 0.046376 
train_loss: 0.041332 
test_loss: 0.042849 
train_loss: 0.038097 
test_loss: 0.040537 
train_loss: 0.038296 
test_loss: 0.038742 
train_loss: 0.036946 
test_loss: 0.036363 
train_loss: 0.035680 
test_loss: 0.034269 
train_loss: 0.033176 
test_loss: 0.033411 
train_loss: 0.030301 
test_loss: 0.032426 
train_loss: 0.028541 
test_loss: 0.031276 
train_loss: 0.030959 
test_loss: 0.030148 
train_loss: 0.028880 
test_loss: 0.030060 
train_loss: 0.026976 
test_loss: 0.027918 
train_loss: 0.027380 
test_loss: 0.027725 
train_loss: 0.026542 
test_loss: 0.027140 
train_loss: 0.025373 
test_loss: 0.026630 
train_loss: 0.026868 
test_loss: 0.026045 
train_loss: 0.025169 
test_loss: 0.026233 
train_loss: 0.024713 
test_loss: 0.025795 
train_loss: 0.024539 
test_loss: 0.025811 
train_loss: 0.025225 
test_loss: 0.024413 
train_loss: 0.024469 
test_loss: 0.024600 
train_loss: 0.023782 
test_loss: 0.024684 
train_loss: 0.022892 
test_loss: 0.023946 
train_loss: 0.022937 
test_loss: 0.023505 
train_loss: 0.023126 
test_loss: 0.023481 
train_loss: 0.022979 
test_loss: 0.022878 
train_loss: 0.022960 
test_loss: 0.023109 
train_loss: 0.021625 
test_loss: 0.022655 
train_loss: 0.020445 
test_loss: 0.022032 
train_loss: 0.023239 
test_loss: 0.021909 
train_loss: 0.022412 
test_loss: 0.021696 
train_loss: 0.021020 
test_loss: 0.021944 
train_loss: 0.020686 
test_loss: 0.021830 
train_loss: 0.021101 
test_loss: 0.021019 
train_loss: 0.019809 
test_loss: 0.020789 
train_loss: 0.020212 
test_loss: 0.021193 
train_loss: 0.022016 
test_loss: 0.021414 
train_loss: 0.020691 
test_loss: 0.021487 
train_loss: 0.020308 
test_loss: 0.020695 
train_loss: 0.019593 
test_loss: 0.020653 
train_loss: 0.020019 
test_loss: 0.020265 
train_loss: 0.019878 
test_loss: 0.020515 
train_loss: 0.019977 
test_loss: 0.019825 
train_loss: 0.019483 
test_loss: 0.019732 
train_loss: 0.020214 
test_loss: 0.020717 
train_loss: 0.018956 
test_loss: 0.019296 
train_loss: 0.018726 
test_loss: 0.020346 
train_loss: 0.019046 
test_loss: 0.019823 
train_loss: 0.020308 
test_loss: 0.019851 
train_loss: 0.019409 
test_loss: 0.020221 
train_loss: 0.018586 
test_loss: 0.019610 
train_loss: 0.018847 
test_loss: 0.018997 
train_loss: 0.018708 
test_loss: 0.018958 
train_loss: 0.018001 
test_loss: 0.019948 
train_loss: 0.017236 
test_loss: 0.018955 
train_loss: 0.018560 
test_loss: 0.018422 
train_loss: 0.017992 
test_loss: 0.019464 
train_loss: 0.017861 
test_loss: 0.018515 
train_loss: 0.016729 
test_loss: 0.019178 
train_loss: 0.019781 
test_loss: 0.018322 
train_loss: 0.018628 
test_loss: 0.018286 
train_loss: 0.016910 
test_loss: 0.018724 
train_loss: 0.017685 
test_loss: 0.018237 
train_loss: 0.017395 
test_loss: 0.018840 
train_loss: 0.020019 
test_loss: 0.018108 
train_loss: 0.017748 
test_loss: 0.017862 
train_loss: 0.017380 
test_loss: 0.018048 
train_loss: 0.017563 
test_loss: 0.018157 
train_loss: 0.017341 
test_loss: 0.018074 
train_loss: 0.018241 
test_loss: 0.017676 
train_loss: 0.016662 
test_loss: 0.017625 
train_loss: 0.017188 
test_loss: 0.017568 
train_loss: 0.017584 
test_loss: 0.018135 
train_loss: 0.018136 
test_loss: 0.017502 
train_loss: 0.017132 
test_loss: 0.017434 
train_loss: 0.016955 
test_loss: 0.017693 
train_loss: 0.017249 
test_loss: 0.017743 
train_loss: 0.017213 
test_loss: 0.017332 
train_loss: 0.017458 
test_loss: 0.017097 
train_loss: 0.016241 
test_loss: 0.017450 
train_loss: 0.016659 
test_loss: 0.017010 
train_loss: 0.017171 
test_loss: 0.017204 
train_loss: 0.016698 
test_loss: 0.017121 
train_loss: 0.016540 
test_loss: 0.017568 
train_loss: 0.016533 
test_loss: 0.017334 
train_loss: 0.016350 
test_loss: 0.017114 
train_loss: 0.015885 
test_loss: 0.016763 
train_loss: 0.015346 
test_loss: 0.016693 
train_loss: 0.015776 
test_loss: 0.016498 
train_loss: 0.015393 
test_loss: 0.016606 
train_loss: 0.016716 
test_loss: 0.017072 
train_loss: 0.016020 
test_loss: 0.016651 
train_loss: 0.015909 
test_loss: 0.016846 
train_loss: 0.016474 
test_loss: 0.016769 
train_loss: 0.015458 
test_loss: 0.017139 
train_loss: 0.017183 
test_loss: 0.017438 
train_loss: 0.016060 
test_loss: 0.016372 
train_loss: 0.016367 
test_loss: 0.016740 
train_loss: 0.014829 
test_loss: 0.015983 
train_loss: 0.015195 
test_loss: 0.016075 
train_loss: 0.015939 
test_loss: 0.016749 
train_loss: 0.015576 
test_loss: 0.016373 
train_loss: 0.014245 
test_loss: 0.015497 
train_loss: 0.015701 
test_loss: 0.015977 
train_loss: 0.014987 
test_loss: 0.016079 
train_loss: 0.015643 
test_loss: 0.016953 
train_loss: 0.016045 
test_loss: 0.017069 
