train_loss: 0.482693 
test_loss: 0.483298 
train_loss: 0.46059 
test_loss: 0.463989 
train_loss: 0.440657 
test_loss: 0.442008 
train_loss: 0.418964 
test_loss: 0.418314 
train_loss: 0.388496 
test_loss: 0.393636 
train_loss: 0.374666 
test_loss: 0.368347 
train_loss: 0.341598 
test_loss: 0.342454 
train_loss: 0.314296 
test_loss: 0.31584 
train_loss: 0.287632 
test_loss: 0.288141 
train_loss: 0.261486 
test_loss: 0.259421 
train_loss: 0.231661 
test_loss: 0.230381 
train_loss: 0.203335 
test_loss: 0.202625 
train_loss: 0.17431 
test_loss: 0.178116 
train_loss: 0.156482 
test_loss: 0.158191 
train_loss: 0.145571 
test_loss: 0.142787 
train_loss: 0.130027 
test_loss: 0.131322 
train_loss: 0.124693 
test_loss: 0.12304 
train_loss: 0.11655 
test_loss: 0.117127 
train_loss: 0.113826 
test_loss: 0.113035 
train_loss: 0.106258 
test_loss: 0.110197 
train_loss: 0.108746 
test_loss: 0.108299 
train_loss: 0.105572 
test_loss: 0.106975 
train_loss: 0.105749 
test_loss: 0.106024 
train_loss: 0.109292 
test_loss: 0.105357 
train_loss: 0.103054 
test_loss: 0.104883 
train_loss: 0.102548 
test_loss: 0.104515 
train_loss: 0.104599 
test_loss: 0.104214 
train_loss: 0.104898 
test_loss: 0.103995 
train_loss: 0.0995625 
test_loss: 0.103843 
train_loss: 0.101888 
test_loss: 0.103651 
train_loss: 0.10362 
test_loss: 0.103547 
train_loss: 0.104585 
test_loss: 0.103407 
train_loss: 0.101103 
test_loss: 0.103304 
train_loss: 0.102105 
test_loss: 0.103213 
train_loss: 0.0967069 
test_loss: 0.103101 
train_loss: 0.105606 
test_loss: 0.102997 
train_loss: 0.104501 
test_loss: 0.102933 
train_loss: 0.102732 
test_loss: 0.102829 
train_loss: 0.103382 
test_loss: 0.102726 
train_loss: 0.101239 
test_loss: 0.102646 
train_loss: 0.105106 
test_loss: 0.102558 
train_loss: 0.1022 
test_loss: 0.102445 
train_loss: 0.10067 
test_loss: 0.102363 
train_loss: 0.102943 
test_loss: 0.102253 
train_loss: 0.0970676 
test_loss: 0.10215 
train_loss: 0.10276 
test_loss: 0.102039 
train_loss: 0.104084 
test_loss: 0.101942 
train_loss: 0.100357 
test_loss: 0.1018 
train_loss: 0.0962085 
test_loss: 0.101695 
train_loss: 0.100392 
test_loss: 0.101537 
train_loss: 0.100796 
test_loss: 0.101457 
train_loss: 0.101698 
test_loss: 0.101262 
train_loss: 0.0989606 
test_loss: 0.10108 
train_loss: 0.105224 
test_loss: 0.100928 
train_loss: 0.0989643 
test_loss: 0.100773 
train_loss: 0.101491 
test_loss: 0.10057 
train_loss: 0.0956306 
test_loss: 0.100386 
train_loss: 0.0980566 
test_loss: 0.100177 
train_loss: 0.0987186 
test_loss: 0.0999638 
train_loss: 0.0972405 
test_loss: 0.0997222 
train_loss: 0.102941 
test_loss: 0.0994647 
train_loss: 0.0991495 
test_loss: 0.0991748 
train_loss: 0.0990836 
test_loss: 0.0989424 
train_loss: 0.102424 
test_loss: 0.0985433 
train_loss: 0.0941283 
test_loss: 0.0982854 
train_loss: 0.0967043 
test_loss: 0.0979035 
train_loss: 0.0951452 
test_loss: 0.0974919 
train_loss: 0.102012 
test_loss: 0.0970671 
train_loss: 0.0953404 
test_loss: 0.0966255 
train_loss: 0.0917946 
test_loss: 0.0961611 
train_loss: 0.0988089 
test_loss: 0.0956357 
train_loss: 0.0950865 
test_loss: 0.0950669 
train_loss: 0.0900809 
test_loss: 0.0944508 
train_loss: 0.0923388 
test_loss: 0.0937669 
train_loss: 0.0916403 
test_loss: 0.0930731 
train_loss: 0.0875718 
test_loss: 0.0923051 
train_loss: 0.0893134 
test_loss: 0.0915252 
train_loss: 0.08899 
test_loss: 0.0906239 
train_loss: 0.0858197 
test_loss: 0.0897946 
train_loss: 0.089273 
test_loss: 0.0888308 
train_loss: 0.0842614 
test_loss: 0.0879123 
train_loss: 0.0850397 
test_loss: 0.0869585 
train_loss: 0.0875434 
test_loss: 0.0859143 
train_loss: 0.0832586 
test_loss: 0.0849672 
train_loss: 0.0826666 
test_loss: 0.0840118 
train_loss: 0.0830609 
test_loss: 0.0829442 
train_loss: 0.0799964 
test_loss: 0.0820019 
train_loss: 0.0789726 
test_loss: 0.0810063 
train_loss: 0.0786611 
test_loss: 0.0800817 
train_loss: 0.0796805 
test_loss: 0.0791881 
train_loss: 0.0762339 
test_loss: 0.0782104 
train_loss: 0.077702 
test_loss: 0.0773404 
train_loss: 0.0739273 
test_loss: 0.0764673 
train_loss: 0.0725549 
test_loss: 0.0755239 
train_loss: 0.0746007 
test_loss: 0.0746449 
train_loss: 0.0732745 
test_loss: 0.0738142 
train_loss: 0.0774787 
test_loss: 0.0730157 
train_loss: 0.0700539 
test_loss: 0.0722198 
train_loss: 0.069087 
test_loss: 0.0714521 
train_loss: 0.0681851 
test_loss: 0.0706426 
train_loss: 0.0697197 
test_loss: 0.070393 
train_loss: 0.0665652 
test_loss: 0.0691242 
train_loss: 0.0678122 
test_loss: 0.0684406 
train_loss: 0.0667417 
test_loss: 0.0680663 
train_loss: 0.0670999 
test_loss: 0.0669862 
train_loss: 0.0657651 
test_loss: 0.0664448 
train_loss: 0.0648274 
test_loss: 0.0658352 
train_loss: 0.063282 
test_loss: 0.0651108 
train_loss: 0.0644238 
test_loss: 0.064369 
train_loss: 0.0614633 
test_loss: 0.0637582 
train_loss: 0.0636589 
test_loss: 0.0634092 
train_loss: 0.0621658 
test_loss: 0.0625115 
train_loss: 0.0611893 
test_loss: 0.0619771 
train_loss: 0.0572773 
test_loss: 0.0616009 
train_loss: 0.0598646 
test_loss: 0.0605702 
train_loss: 0.0592064 
test_loss: 0.060445 
train_loss: 0.0564818 
test_loss: 0.0590161 
train_loss: 0.0570655 
test_loss: 0.058862 
train_loss: 0.0559905 
test_loss: 0.0576614 
train_loss: 0.0569796 
test_loss: 0.0571274 
train_loss: 0.0577479 
test_loss: 0.0565282 
train_loss: 0.0549804 
test_loss: 0.0559493 
train_loss: 0.0532471 
test_loss: 0.0550796 
train_loss: 0.0513677 
test_loss: 0.0547238 
train_loss: 0.0533278 
test_loss: 0.0541909 
train_loss: 0.0534208 
test_loss: 0.0530873 
train_loss: 0.0510197 
test_loss: 0.052107 
train_loss: 0.0515861 
test_loss: 0.0515638 
train_loss: 0.0519516 
test_loss: 0.0513962 
train_loss: 0.0509966 
test_loss: 0.0497017 
train_loss: 0.0493377 
test_loss: 0.0492312 
train_loss: 0.0489583 
test_loss: 0.0488496 
train_loss: 0.0451514 
test_loss: 0.047267 
train_loss: 0.0466286 
test_loss: 0.0466527 
train_loss: 0.0446067 
test_loss: 0.0470606 
train_loss: 0.0444545 
test_loss: 0.0448132 
train_loss: 0.044982 
test_loss: 0.0445142 
train_loss: 0.0415103 
test_loss: 0.0451719 
train_loss: 0.0413704 
test_loss: 0.04347 
train_loss: 0.0439133 
test_loss: 0.0416336 
train_loss: 0.0391307 
test_loss: 0.0406386 
train_loss: 0.0381279 
test_loss: 0.0399964 
train_loss: 0.0380689 
test_loss: 0.0392821 
train_loss: 0.0393506 
test_loss: 0.0380335 
train_loss: 0.0374256 
test_loss: 0.0382122 
train_loss: 0.0373065 
test_loss: 0.0359628 
train_loss: 0.0354301 
test_loss: 0.0351152 
train_loss: 0.0335584 
test_loss: 0.0349139 
train_loss: 0.0336683 
test_loss: 0.0349636 
train_loss: 0.0335529 
test_loss: 0.0332351 
train_loss: 0.0314413 
test_loss: 0.032443 
train_loss: 0.0307933 
test_loss: 0.0321489 
train_loss: 0.029825 
test_loss: 0.0314746 
train_loss: 0.0305722 
test_loss: 0.0311032 
train_loss: 0.0288106 
test_loss: 0.0297026 
train_loss: 0.0290011 
test_loss: 0.0296434 
train_loss: 0.030018 
test_loss: 0.0293857 
train_loss: 0.0296974 
test_loss: 0.0287625 
train_loss: 0.0290483 
test_loss: 0.0296128 
train_loss: 0.0257918 
test_loss: 0.0270473 
train_loss: 0.0277756 
test_loss: 0.0272313 
train_loss: 0.02579 
test_loss: 0.0264667 
train_loss: 0.0256621 
test_loss: 0.0263581 
train_loss: 0.0255403 
test_loss: 0.0262567 
train_loss: 0.0243907 
test_loss: 0.0255527 
train_loss: 0.0262911 
test_loss: 0.0253063 
train_loss: 0.0228765 
test_loss: 0.0249384 
train_loss: 0.023788 
test_loss: 0.0244472 
train_loss: 0.0258479 
test_loss: 0.0248351 
train_loss: 0.023022 
test_loss: 0.0248953 
train_loss: 0.0249848 
test_loss: 0.0239325 
train_loss: 0.0217763 
test_loss: 0.0240165 
train_loss: 0.0229859 
test_loss: 0.0233956 
train_loss: 0.0225768 
test_loss: 0.0248311 
train_loss: 0.0245103 
test_loss: 0.0237698 
train_loss: 0.0238911 
test_loss: 0.0234805 
train_loss: 0.0227517 
test_loss: 0.0230012 
train_loss: 0.0233721 
test_loss: 0.0230781 
train_loss: 0.0223365 
test_loss: 0.0227034 
train_loss: 0.0207823 
test_loss: 0.0221036 
train_loss: 0.0222478 
test_loss: 0.0225409 
train_loss: 0.0217139 
test_loss: 0.0223803 
train_loss: 0.0213259 
test_loss: 0.0226484 
train_loss: 0.021509 
test_loss: 0.0230336 
train_loss: 0.0208752 
test_loss: 0.0224459 
train_loss: 0.0215886 
test_loss: 0.0221592 
train_loss: 0.0219736 
test_loss: 0.0221902 
train_loss: 0.0200583 
test_loss: 0.0220438 
train_loss: 0.021097 
test_loss: 0.0218073 
train_loss: 0.0201983 
test_loss: 0.0217631 
train_loss: 0.021146 
test_loss: 0.0218271 
train_loss: 0.0216173 
test_loss: 0.0215156 
train_loss: 0.0204625 
test_loss: 0.0211824 
train_loss: 0.0217319 
test_loss: 0.0230397 
train_loss: 0.0213454 
test_loss: 0.0215677 
train_loss: 0.0214183 
test_loss: 0.021449 
train_loss: 0.0208208 
test_loss: 0.0215823 
train_loss: 0.0214561 
test_loss: 0.0228082 
train_loss: 0.0210657 
test_loss: 0.0210682 
train_loss: 0.0222571 
test_loss: 0.021185 
train_loss: 0.0223083 
test_loss: 0.0215222 
train_loss: 0.020888 
test_loss: 0.021238 
train_loss: 0.0211214 
test_loss: 0.0209675 
train_loss: 0.0209264 
test_loss: 0.0209859 
train_loss: 0.019812 
test_loss: 0.020608 
train_loss: 0.0199796 
test_loss: 0.02049 
train_loss: 0.0196945 
test_loss: 0.0217865 
train_loss: 0.0202048 
test_loss: 0.0207342 
train_loss: 0.0190239 
test_loss: 0.0203979 
train_loss: 0.0195942 
test_loss: 0.0203734 
train_loss: 0.0207795 
test_loss: 0.0201419 
train_loss: 0.0199873 
test_loss: 0.0208012 
train_loss: 0.0187401 
test_loss: 0.0202907 
train_loss: 0.0194086 
test_loss: 0.0206087 
train_loss: 0.0192929 
test_loss: 0.0204376 
train_loss: 0.0186013 
test_loss: 0.019755 
train_loss: 0.019618 
test_loss: 0.0195385 
train_loss: 0.0181004 
test_loss: 0.0198892 
train_loss: 0.0197158 
test_loss: 0.020074 
train_loss: 0.0196337 
test_loss: 0.0198322 
train_loss: 0.0192463 
test_loss: 0.0194784 
train_loss: 0.0189357 
test_loss: 0.0195835 
train_loss: 0.0184833 
test_loss: 0.0194309 
train_loss: 0.0206522 
test_loss: 0.0208088 
train_loss: 0.0199752 
test_loss: 0.0199452 
train_loss: 0.0191427 
test_loss: 0.0194478 
train_loss: 0.0194969 
test_loss: 0.0193056 
train_loss: 0.0200593 
test_loss: 0.0199312 
train_loss: 0.0196689 
test_loss: 0.0194146 
train_loss: 0.0190138 
test_loss: 0.0197556 
train_loss: 0.0187517 
test_loss: 0.0191052 
train_loss: 0.0201419 
test_loss: 0.019653 
train_loss: 0.0184639 
test_loss: 0.0191027 
train_loss: 0.0183318 
test_loss: 0.0190565 
train_loss: 0.0189686 
test_loss: 0.0188234 
train_loss: 0.0181489 
test_loss: 0.0190632 
train_loss: 0.0187403 
test_loss: 0.018545 
train_loss: 0.0183436 
test_loss: 0.0184993 
train_loss: 0.017982 
test_loss: 0.0187274 
train_loss: 0.0174837 
test_loss: 0.0189636 
train_loss: 0.0178784 
test_loss: 0.0199334 
