train_loss: 0.045039 
test_loss: 0.044510 
train_loss: 0.025524 
test_loss: 0.024895 
train_loss: 0.014058 
test_loss: 0.015311 
train_loss: 0.010321 
test_loss: 0.011345 
train_loss: 0.007784 
test_loss: 0.007407 
train_loss: 0.007997 
test_loss: 0.006756 
train_loss: 0.008515 
test_loss: 0.008120 
train_loss: 0.007166 
test_loss: 0.007544 
train_loss: 0.006371 
test_loss: 0.005950 
train_loss: 0.007084 
test_loss: 0.005934 
train_loss: 0.006697 
test_loss: 0.005162 
train_loss: 0.005556 
test_loss: 0.007344 
train_loss: 0.005376 
test_loss: 0.005191 
train_loss: 0.006952 
test_loss: 0.004593 
train_loss: 0.006332 
test_loss: 0.004886 
train_loss: 0.004005 
test_loss: 0.004619 
train_loss: 0.005353 
test_loss: 0.004579 
train_loss: 0.003810 
test_loss: 0.004686 
train_loss: 0.008854 
test_loss: 0.009419 
train_loss: 0.003994 
test_loss: 0.005235 
train_loss: 0.005002 
test_loss: 0.004323 
train_loss: 0.004311 
test_loss: 0.005165 
train_loss: 0.004181 
test_loss: 0.003899 
train_loss: 0.005505 
test_loss: 0.004817 
train_loss: 0.005701 
test_loss: 0.004143 
train_loss: 0.006795 
test_loss: 0.005735 
train_loss: 0.005818 
test_loss: 0.005317 
train_loss: 0.006140 
test_loss: 0.005520 
train_loss: 0.005989 
test_loss: 0.005706 
train_loss: 0.008207 
test_loss: 0.006002 
train_loss: 0.005992 
test_loss: 0.005770 
