train_loss: 0.095530 
test_loss: 0.100454 
train_loss: 0.090055 
test_loss: 0.092493 
train_loss: 0.076613 
test_loss: 0.077416 
train_loss: 0.068464 
test_loss: 0.068100 
train_loss: 0.061941 
test_loss: 0.064364 
train_loss: 0.059011 
test_loss: 0.062456 
train_loss: 0.063368 
test_loss: 0.061283 
train_loss: 0.059441 
test_loss: 0.060081 
train_loss: 0.056544 
test_loss: 0.058815 
train_loss: 0.059908 
test_loss: 0.057533 
train_loss: 0.055411 
test_loss: 0.055561 
train_loss: 0.051111 
test_loss: 0.053869 
train_loss: 0.045598 
test_loss: 0.050993 
train_loss: 0.050420 
test_loss: 0.048185 
train_loss: 0.043363 
test_loss: 0.045738 
train_loss: 0.043587 
test_loss: 0.043627 
train_loss: 0.038888 
test_loss: 0.041052 
train_loss: 0.039971 
test_loss: 0.040669 
train_loss: 0.038933 
test_loss: 0.037771 
train_loss: 0.034897 
test_loss: 0.036050 
train_loss: 0.035773 
test_loss: 0.035219 
train_loss: 0.031853 
test_loss: 0.034279 
train_loss: 0.031436 
test_loss: 0.033387 
train_loss: 0.029150 
test_loss: 0.031627 
train_loss: 0.030599 
test_loss: 0.032818 
train_loss: 0.029520 
test_loss: 0.030866 
train_loss: 0.030691 
test_loss: 0.030787 
train_loss: 0.025310 
test_loss: 0.029755 
train_loss: 0.028897 
test_loss: 0.029427 
train_loss: 0.026499 
test_loss: 0.028136 
train_loss: 0.029072 
test_loss: 0.028139 
train_loss: 0.027174 
test_loss: 0.027764 
train_loss: 0.025754 
test_loss: 0.027888 
train_loss: 0.024288 
test_loss: 0.027970 
train_loss: 0.025811 
test_loss: 0.026743 
train_loss: 0.025139 
test_loss: 0.026528 
train_loss: 0.023717 
test_loss: 0.027200 
train_loss: 0.023355 
test_loss: 0.025915 
train_loss: 0.024527 
test_loss: 0.025374 
train_loss: 0.024587 
test_loss: 0.025384 
train_loss: 0.024724 
test_loss: 0.025203 
train_loss: 0.022943 
test_loss: 0.025294 
train_loss: 0.025172 
test_loss: 0.024656 
train_loss: 0.022814 
test_loss: 0.024725 
train_loss: 0.024552 
test_loss: 0.024973 
train_loss: 0.022835 
test_loss: 0.024471 
train_loss: 0.022076 
test_loss: 0.024306 
train_loss: 0.023180 
test_loss: 0.023778 
train_loss: 0.023789 
test_loss: 0.024153 
train_loss: 0.021790 
test_loss: 0.023796 
train_loss: 0.023082 
test_loss: 0.023572 
train_loss: 0.023747 
test_loss: 0.023265 
train_loss: 0.025037 
test_loss: 0.023161 
train_loss: 0.022896 
test_loss: 0.023261 
train_loss: 0.024326 
test_loss: 0.023124 
train_loss: 0.021638 
test_loss: 0.022885 
train_loss: 0.024825 
test_loss: 0.023262 
train_loss: 0.022202 
test_loss: 0.022266 
train_loss: 0.020848 
test_loss: 0.022590 
train_loss: 0.021327 
test_loss: 0.021934 
train_loss: 0.020172 
test_loss: 0.022862 
train_loss: 0.020719 
test_loss: 0.022919 
train_loss: 0.020896 
test_loss: 0.021977 
train_loss: 0.020156 
test_loss: 0.022070 
train_loss: 0.020817 
test_loss: 0.022024 
train_loss: 0.019566 
test_loss: 0.021428 
train_loss: 0.022549 
test_loss: 0.021828 
train_loss: 0.020758 
test_loss: 0.022355 
train_loss: 0.020465 
test_loss: 0.021338 
train_loss: 0.019936 
test_loss: 0.021016 
train_loss: 0.021537 
test_loss: 0.021389 
train_loss: 0.019909 
test_loss: 0.021480 
train_loss: 0.021035 
test_loss: 0.021140 
train_loss: 0.019414 
test_loss: 0.021323 
train_loss: 0.019206 
test_loss: 0.020478 
train_loss: 0.023062 
test_loss: 0.021661 
train_loss: 0.020744 
test_loss: 0.021338 
train_loss: 0.019702 
test_loss: 0.021373 
train_loss: 0.019886 
test_loss: 0.020640 
train_loss: 0.021015 
test_loss: 0.020719 
train_loss: 0.019689 
test_loss: 0.020260 
train_loss: 0.020416 
test_loss: 0.020593 
train_loss: 0.019765 
test_loss: 0.020656 
train_loss: 0.018709 
test_loss: 0.021346 
train_loss: 0.019551 
test_loss: 0.020233 
train_loss: 0.020503 
test_loss: 0.020296 
train_loss: 0.020479 
test_loss: 0.020077 
train_loss: 0.019637 
test_loss: 0.019944 
train_loss: 0.019684 
test_loss: 0.020596 
train_loss: 0.018162 
test_loss: 0.019808 
train_loss: 0.018745 
test_loss: 0.019772 
train_loss: 0.019835 
test_loss: 0.020229 
train_loss: 0.019020 
test_loss: 0.019659 
train_loss: 0.018336 
test_loss: 0.020413 
train_loss: 0.018903 
test_loss: 0.019715 
train_loss: 0.019219 
test_loss: 0.020078 
train_loss: 0.018559 
test_loss: 0.019515 
train_loss: 0.019050 
test_loss: 0.019383 
train_loss: 0.019200 
test_loss: 0.019679 
train_loss: 0.017662 
test_loss: 0.019162 
train_loss: 0.017084 
test_loss: 0.018988 
train_loss: 0.017131 
test_loss: 0.019212 
train_loss: 0.017591 
test_loss: 0.019562 
train_loss: 0.018136 
test_loss: 0.019038 
train_loss: 0.019347 
test_loss: 0.019969 
train_loss: 0.018411 
test_loss: 0.018803 
train_loss: 0.017276 
test_loss: 0.018670 
train_loss: 0.017065 
test_loss: 0.019390 
train_loss: 0.018365 
test_loss: 0.019169 
train_loss: 0.018948 
test_loss: 0.018749 
train_loss: 0.017288 
test_loss: 0.018727 
train_loss: 0.018661 
test_loss: 0.018962 
train_loss: 0.017915 
test_loss: 0.018628 
train_loss: 0.017982 
test_loss: 0.018592 
train_loss: 0.018890 
test_loss: 0.018281 
train_loss: 0.017692 
test_loss: 0.019297 
train_loss: 0.018920 
test_loss: 0.018692 
train_loss: 0.016882 
test_loss: 0.018839 
train_loss: 0.017119 
test_loss: 0.018606 
train_loss: 0.018361 
test_loss: 0.019419 
train_loss: 0.018612 
test_loss: 0.018204 
train_loss: 0.016633 
test_loss: 0.018255 
train_loss: 0.016233 
test_loss: 0.017797 
train_loss: 0.018107 
test_loss: 0.018263 
train_loss: 0.016947 
test_loss: 0.018590 
train_loss: 0.016025 
test_loss: 0.017884 
train_loss: 0.018835 
test_loss: 0.018118 
train_loss: 0.017617 
test_loss: 0.018177 
train_loss: 0.016591 
test_loss: 0.017636 
train_loss: 0.017450 
test_loss: 0.018299 
train_loss: 0.016490 
test_loss: 0.017827 
train_loss: 0.018029 
test_loss: 0.017927 
train_loss: 0.015574 
test_loss: 0.018025 
train_loss: 0.016289 
test_loss: 0.018469 
train_loss: 0.016787 
test_loss: 0.018025 
train_loss: 0.017924 
test_loss: 0.017605 
train_loss: 0.018006 
test_loss: 0.017709 
train_loss: 0.018754 
test_loss: 0.017817 
train_loss: 0.015787 
test_loss: 0.017735 
train_loss: 0.015689 
test_loss: 0.017737 
train_loss: 0.016761 
test_loss: 0.017417 
train_loss: 0.018122 
test_loss: 0.017564 
train_loss: 0.017993 
test_loss: 0.017264 
train_loss: 0.016847 
test_loss: 0.017774 
train_loss: 0.017332 
test_loss: 0.017339 
train_loss: 0.016395 
test_loss: 0.017374 
train_loss: 0.016354 
test_loss: 0.017427 
train_loss: 0.018691 
test_loss: 0.018034 
train_loss: 0.017285 
test_loss: 0.017479 
train_loss: 0.015904 
test_loss: 0.017335 
train_loss: 0.016646 
test_loss: 0.017500 
