train_loss: 0.097097 
test_loss: 0.096748 
train_loss: 0.081927 
test_loss: 0.081807 
train_loss: 0.067582 
test_loss: 0.067829 
train_loss: 0.062390 
test_loss: 0.062424 
train_loss: 0.059478 
test_loss: 0.059052 
train_loss: 0.054435 
test_loss: 0.056076 
train_loss: 0.048378 
test_loss: 0.051079 
train_loss: 0.046500 
test_loss: 0.045273 
train_loss: 0.038747 
test_loss: 0.041479 
train_loss: 0.035965 
test_loss: 0.037122 
train_loss: 0.034359 
test_loss: 0.035854 
train_loss: 0.031261 
test_loss: 0.031455 
train_loss: 0.029307 
test_loss: 0.030108 
train_loss: 0.028453 
test_loss: 0.028951 
train_loss: 0.026291 
test_loss: 0.027560 
train_loss: 0.025981 
test_loss: 0.026215 
train_loss: 0.027341 
test_loss: 0.025240 
train_loss: 0.023401 
test_loss: 0.025722 
train_loss: 0.022337 
test_loss: 0.024429 
train_loss: 0.022852 
test_loss: 0.023598 
train_loss: 0.023855 
test_loss: 0.023279 
train_loss: 0.020770 
test_loss: 0.022174 
train_loss: 0.021859 
test_loss: 0.022487 
train_loss: 0.021917 
test_loss: 0.021867 
train_loss: 0.020949 
test_loss: 0.021206 
train_loss: 0.019942 
test_loss: 0.020997 
train_loss: 0.020073 
test_loss: 0.020472 
train_loss: 0.018187 
test_loss: 0.020457 
train_loss: 0.018880 
test_loss: 0.020156 
train_loss: 0.018736 
test_loss: 0.019616 
train_loss: 0.019170 
test_loss: 0.019087 
train_loss: 0.019390 
test_loss: 0.019552 
train_loss: 0.018146 
test_loss: 0.018935 
train_loss: 0.017557 
test_loss: 0.019574 
train_loss: 0.020492 
test_loss: 0.018834 
train_loss: 0.016966 
test_loss: 0.018513 
train_loss: 0.017314 
test_loss: 0.017728 
train_loss: 0.017050 
test_loss: 0.017303 
train_loss: 0.016932 
test_loss: 0.017401 
train_loss: 0.016138 
test_loss: 0.017661 
train_loss: 0.016226 
test_loss: 0.016939 
train_loss: 0.017015 
test_loss: 0.017090 
train_loss: 0.016626 
test_loss: 0.016739 
train_loss: 0.016231 
test_loss: 0.016606 
train_loss: 0.016804 
test_loss: 0.016288 
train_loss: 0.014967 
test_loss: 0.017182 
train_loss: 0.015658 
test_loss: 0.016468 
train_loss: 0.016194 
test_loss: 0.016314 
train_loss: 0.015018 
test_loss: 0.015788 
train_loss: 0.015777 
test_loss: 0.016371 
train_loss: 0.014744 
test_loss: 0.015955 
train_loss: 0.014982 
test_loss: 0.015725 
train_loss: 0.015830 
test_loss: 0.015854 
train_loss: 0.014952 
test_loss: 0.016208 
train_loss: 0.014732 
test_loss: 0.015745 
train_loss: 0.016374 
test_loss: 0.015211 
train_loss: 0.015940 
test_loss: 0.015550 
train_loss: 0.015369 
test_loss: 0.015352 
train_loss: 0.012722 
test_loss: 0.014837 
train_loss: 0.015339 
test_loss: 0.014985 
train_loss: 0.014962 
test_loss: 0.014966 
train_loss: 0.015185 
test_loss: 0.014699 
train_loss: 0.015512 
test_loss: 0.015157 
train_loss: 0.014495 
test_loss: 0.014682 
train_loss: 0.013636 
test_loss: 0.014140 
train_loss: 0.013496 
test_loss: 0.014786 
train_loss: 0.013609 
test_loss: 0.014382 
train_loss: 0.015336 
test_loss: 0.015484 
train_loss: 0.013580 
test_loss: 0.014295 
train_loss: 0.014725 
test_loss: 0.014601 
train_loss: 0.013018 
test_loss: 0.014302 
train_loss: 0.013800 
test_loss: 0.013954 
train_loss: 0.013553 
test_loss: 0.014335 
train_loss: 0.012452 
test_loss: 0.014156 
train_loss: 0.013617 
test_loss: 0.013972 
train_loss: 0.013166 
test_loss: 0.014303 
train_loss: 0.014561 
test_loss: 0.013679 
train_loss: 0.012525 
test_loss: 0.013788 
train_loss: 0.013010 
test_loss: 0.013747 
train_loss: 0.013758 
test_loss: 0.013787 
train_loss: 0.013706 
test_loss: 0.013831 
train_loss: 0.012921 
test_loss: 0.013626 
train_loss: 0.012663 
test_loss: 0.013698 
train_loss: 0.013961 
test_loss: 0.013992 
train_loss: 0.013867 
test_loss: 0.013609 
train_loss: 0.012568 
test_loss: 0.013809 
train_loss: 0.013223 
test_loss: 0.013656 
train_loss: 0.012761 
test_loss: 0.013229 
train_loss: 0.012800 
test_loss: 0.013464 
train_loss: 0.012468 
test_loss: 0.013246 
train_loss: 0.012807 
test_loss: 0.013627 
train_loss: 0.011876 
test_loss: 0.013281 
train_loss: 0.014236 
test_loss: 0.013058 
train_loss: 0.012847 
test_loss: 0.013629 
train_loss: 0.012172 
test_loss: 0.012884 
train_loss: 0.013096 
test_loss: 0.012980 
train_loss: 0.012815 
test_loss: 0.013082 
train_loss: 0.013405 
test_loss: 0.013444 
train_loss: 0.011905 
test_loss: 0.012868 
train_loss: 0.011715 
test_loss: 0.012638 
train_loss: 0.013170 
test_loss: 0.013523 
train_loss: 0.012358 
test_loss: 0.012850 
train_loss: 0.014157 
test_loss: 0.013123 
train_loss: 0.011841 
test_loss: 0.013269 
train_loss: 0.011443 
test_loss: 0.013159 
train_loss: 0.012910 
test_loss: 0.012907 
train_loss: 0.011344 
test_loss: 0.013167 
train_loss: 0.011626 
test_loss: 0.012770 
train_loss: 0.012420 
test_loss: 0.012748 
train_loss: 0.011756 
test_loss: 0.012697 
train_loss: 0.010967 
test_loss: 0.012246 
train_loss: 0.012369 
test_loss: 0.012292 
train_loss: 0.011646 
test_loss: 0.013011 
train_loss: 0.011704 
test_loss: 0.012634 
train_loss: 0.013042 
test_loss: 0.012984 
train_loss: 0.011427 
test_loss: 0.012373 
train_loss: 0.011664 
test_loss: 0.012791 
train_loss: 0.012996 
test_loss: 0.012586 
train_loss: 0.012197 
test_loss: 0.012502 
train_loss: 0.012493 
test_loss: 0.012455 
train_loss: 0.010804 
test_loss: 0.012589 
