train_loss: 0.545805 
test_loss: 0.545394 
train_loss: 0.54151 
test_loss: 0.543737 
train_loss: 0.542978 
test_loss: 0.543688 
train_loss: 0.539397 
test_loss: 0.543719 
train_loss: 0.538955 
test_loss: 0.543733 
train_loss: 0.544025 
test_loss: 0.543706 
train_loss: 0.540288 
test_loss: 0.543719 
train_loss: 0.535236 
test_loss: 0.543724 
train_loss: 0.543704 
test_loss: 0.543734 
train_loss: 0.545609 
test_loss: 0.543727 
train_loss: 0.541144 
test_loss: 0.543717 
train_loss: 0.544336 
test_loss: 0.543735 
train_loss: 0.542017 
test_loss: 0.54372 
train_loss: 0.538122 
test_loss: 0.543703 
train_loss: 0.544595 
test_loss: 0.54371 
train_loss: 0.531765 
test_loss: 0.543742 
train_loss: 0.535017 
test_loss: 0.543704 
train_loss: 0.538875 
test_loss: 0.543728 
train_loss: 0.538611 
test_loss: 0.543737 
train_loss: 0.543945 
test_loss: 0.543732 
train_loss: 0.535209 
test_loss: 0.54374 
