train_loss: 0.585285 
test_loss: 0.583232 
train_loss: 0.574037 
test_loss: 0.580823 
train_loss: 0.575285 
test_loss: 0.578751 
train_loss: 0.578043 
test_loss: 0.576317 
train_loss: 0.575017 
test_loss: 0.57365 
train_loss: 0.581091 
test_loss: 0.570692 
train_loss: 0.565601 
test_loss: 0.567544 
train_loss: 0.566923 
test_loss: 0.564234 
train_loss: 0.571359 
test_loss: 0.560801 
train_loss: 0.555717 
test_loss: 0.557215 
train_loss: 0.550015 
test_loss: 0.5535 
train_loss: 0.547816 
test_loss: 0.549696 
train_loss: 0.551688 
test_loss: 0.545823 
train_loss: 0.533176 
test_loss: 0.54184 
train_loss: 0.53496 
test_loss: 0.537778 
train_loss: 0.534744 
test_loss: 0.533631 
train_loss: 0.526944 
test_loss: 0.529462 
train_loss: 0.524756 
test_loss: 0.525192 
train_loss: 0.519104 
test_loss: 0.520868 
train_loss: 0.512745 
test_loss: 0.516461 
train_loss: 0.518705 
test_loss: 0.512031 
train_loss: 0.50946 
test_loss: 0.507535 
train_loss: 0.500191 
test_loss: 0.502945 
train_loss: 0.500335 
test_loss: 0.498329 
train_loss: 0.489934 
test_loss: 0.493646 
train_loss: 0.486839 
test_loss: 0.488883 
train_loss: 0.490697 
test_loss: 0.484084 
train_loss: 0.477609 
test_loss: 0.47921 
train_loss: 0.472193 
test_loss: 0.474244 
train_loss: 0.473954 
test_loss: 0.469269 
train_loss: 0.465135 
test_loss: 0.464155 
train_loss: 0.455031 
test_loss: 0.458979 
train_loss: 0.455103 
test_loss: 0.453732 
train_loss: 0.44921 
test_loss: 0.4484 
train_loss: 0.44138 
test_loss: 0.442984 
train_loss: 0.443181 
test_loss: 0.437444 
train_loss: 0.431888 
test_loss: 0.431794 
train_loss: 0.426229 
test_loss: 0.425996 
train_loss: 0.426951 
test_loss: 0.42008 
train_loss: 0.410386 
test_loss: 0.413944 
train_loss: 0.408596 
test_loss: 0.407629 
train_loss: 0.39653 
test_loss: 0.40109 
train_loss: 0.39216 
test_loss: 0.394239 
train_loss: 0.386541 
test_loss: 0.387081 
train_loss: 0.375935 
test_loss: 0.379546 
train_loss: 0.372363 
test_loss: 0.371513 
train_loss: 0.367264 
test_loss: 0.362996 
train_loss: 0.351799 
test_loss: 0.35405 
train_loss: 0.342138 
test_loss: 0.344892 
train_loss: 0.341008 
test_loss: 0.335801 
train_loss: 0.329237 
test_loss: 0.32697 
train_loss: 0.316088 
test_loss: 0.318449 
train_loss: 0.316668 
test_loss: 0.310205 
train_loss: 0.299543 
test_loss: 0.302131 
train_loss: 0.295315 
test_loss: 0.294179 
train_loss: 0.283107 
test_loss: 0.286365 
train_loss: 0.281761 
test_loss: 0.278658 
train_loss: 0.275058 
test_loss: 0.27108 
train_loss: 0.25875 
test_loss: 0.263679 
train_loss: 0.256699 
test_loss: 0.256474 
train_loss: 0.252145 
test_loss: 0.249433 
train_loss: 0.239504 
test_loss: 0.242572 
train_loss: 0.235118 
test_loss: 0.235947 
train_loss: 0.230347 
test_loss: 0.229498 
train_loss: 0.221302 
test_loss: 0.223241 
train_loss: 0.21605 
test_loss: 0.217158 
train_loss: 0.212658 
test_loss: 0.211253 
train_loss: 0.204554 
test_loss: 0.205493 
train_loss: 0.198226 
test_loss: 0.199871 
train_loss: 0.192917 
test_loss: 0.194397 
train_loss: 0.189707 
test_loss: 0.189041 
train_loss: 0.184001 
test_loss: 0.183791 
train_loss: 0.185055 
test_loss: 0.178657 
train_loss: 0.176283 
test_loss: 0.173629 
train_loss: 0.167663 
test_loss: 0.168709 
train_loss: 0.167391 
test_loss: 0.163913 
train_loss: 0.157495 
test_loss: 0.159231 
train_loss: 0.15447 
test_loss: 0.154655 
train_loss: 0.149243 
test_loss: 0.150231 
train_loss: 0.144003 
test_loss: 0.145949 
train_loss: 0.144687 
test_loss: 0.141844 
train_loss: 0.134518 
test_loss: 0.137887 
train_loss: 0.132834 
test_loss: 0.134145 
train_loss: 0.126281 
test_loss: 0.130593 
train_loss: 0.128446 
test_loss: 0.127234 
train_loss: 0.125402 
test_loss: 0.124109 
train_loss: 0.12186 
test_loss: 0.121179 
train_loss: 0.115961 
test_loss: 0.118472 
train_loss: 0.115341 
test_loss: 0.116005 
train_loss: 0.114265 
test_loss: 0.113738 
train_loss: 0.110015 
test_loss: 0.111685 
train_loss: 0.109473 
test_loss: 0.109825 
train_loss: 0.10455 
test_loss: 0.108152 
train_loss: 0.108926 
test_loss: 0.10665 
train_loss: 0.101413 
test_loss: 0.105298 
train_loss: 0.10339 
test_loss: 0.104109 
train_loss: 0.102114 
test_loss: 0.103052 
train_loss: 0.102388 
test_loss: 0.102121 
train_loss: 0.0978694 
test_loss: 0.101286 
train_loss: 0.101479 
test_loss: 0.100562 
train_loss: 0.098515 
test_loss: 0.099924 
train_loss: 0.0977058 
test_loss: 0.0993705 
train_loss: 0.0984747 
test_loss: 0.0988932 
train_loss: 0.0971661 
test_loss: 0.0984587 
train_loss: 0.0991492 
test_loss: 0.0980844 
train_loss: 0.100766 
test_loss: 0.097746 
train_loss: 0.0948719 
test_loss: 0.097448 
train_loss: 0.0956289 
test_loss: 0.0972239 
train_loss: 0.0942451 
test_loss: 0.0969829 
train_loss: 0.0957056 
test_loss: 0.0967854 
train_loss: 0.0951757 
test_loss: 0.0966074 
train_loss: 0.0965601 
test_loss: 0.0964675 
train_loss: 0.0953513 
test_loss: 0.0963282 
train_loss: 0.0927106 
test_loss: 0.0962232 
train_loss: 0.0968731 
test_loss: 0.0960996 
train_loss: 0.0931699 
test_loss: 0.0960387 
train_loss: 0.0978523 
test_loss: 0.0959283 
train_loss: 0.0954321 
test_loss: 0.0958551 
train_loss: 0.0946042 
test_loss: 0.0957916 
train_loss: 0.0949841 
test_loss: 0.0957256 
train_loss: 0.0945388 
test_loss: 0.0956884 
train_loss: 0.090617 
test_loss: 0.0956241 
train_loss: 0.0948899 
test_loss: 0.0955667 
train_loss: 0.0975083 
test_loss: 0.0955477 
train_loss: 0.0973124 
test_loss: 0.0954816 
train_loss: 0.0943581 
test_loss: 0.09547 
train_loss: 0.0952109 
test_loss: 0.0954401 
train_loss: 0.0930884 
test_loss: 0.0953967 
train_loss: 0.0964401 
test_loss: 0.0953816 
train_loss: 0.0960481 
test_loss: 0.0953359 
train_loss: 0.0936668 
test_loss: 0.0953161 
train_loss: 0.0932436 
test_loss: 0.095315 
train_loss: 0.0933802 
test_loss: 0.0952598 
train_loss: 0.0935891 
test_loss: 0.0952551 
train_loss: 0.0933729 
test_loss: 0.0952471 
train_loss: 0.0953749 
test_loss: 0.0952413 
train_loss: 0.0947114 
test_loss: 0.0952072 
train_loss: 0.0944284 
test_loss: 0.0951602 
train_loss: 0.0932867 
test_loss: 0.0951561 
train_loss: 0.092987 
test_loss: 0.0951373 
train_loss: 0.0927384 
test_loss: 0.0951265 
train_loss: 0.0958171 
test_loss: 0.0951053 
train_loss: 0.0949549 
test_loss: 0.0951013 
train_loss: 0.0948871 
test_loss: 0.095077 
train_loss: 0.0962613 
test_loss: 0.0950452 
train_loss: 0.0931911 
test_loss: 0.0950283 
train_loss: 0.0929284 
test_loss: 0.095029 
train_loss: 0.0920949 
test_loss: 0.0950102 
train_loss: 0.0965231 
test_loss: 0.0949604 
train_loss: 0.09093 
test_loss: 0.0949826 
train_loss: 0.0900378 
test_loss: 0.0949396 
train_loss: 0.0985033 
test_loss: 0.0949414 
train_loss: 0.0929616 
test_loss: 0.0948976 
train_loss: 0.0911056 
test_loss: 0.0949007 
train_loss: 0.0978237 
test_loss: 0.0948925 
train_loss: 0.0946632 
test_loss: 0.0948356 
train_loss: 0.0954314 
test_loss: 0.0948147 
train_loss: 0.0952552 
test_loss: 0.0947991 
train_loss: 0.0950141 
test_loss: 0.0947865 
train_loss: 0.0980791 
test_loss: 0.0947258 
train_loss: 0.0940604 
test_loss: 0.094709 
train_loss: 0.0922292 
test_loss: 0.0946789 
train_loss: 0.0966946 
test_loss: 0.0946692 
train_loss: 0.0930564 
test_loss: 0.0946205 
train_loss: 0.0953951 
test_loss: 0.0945558 
train_loss: 0.0970643 
test_loss: 0.0945247 
train_loss: 0.0954151 
test_loss: 0.0945259 
train_loss: 0.0926857 
test_loss: 0.0944742 
train_loss: 0.0951045 
test_loss: 0.0944618 
train_loss: 0.0945206 
test_loss: 0.0944075 
train_loss: 0.0918666 
test_loss: 0.0943411 
train_loss: 0.0952702 
test_loss: 0.0942823 
train_loss: 0.0972966 
test_loss: 0.0942217 
train_loss: 0.0906024 
test_loss: 0.0941548 
train_loss: 0.0923536 
test_loss: 0.094086 
train_loss: 0.0926227 
test_loss: 0.0939924 
train_loss: 0.0923571 
test_loss: 0.0939549 
train_loss: 0.0946944 
test_loss: 0.0938055 
train_loss: 0.0945766 
test_loss: 0.0937387 
train_loss: 0.0939935 
test_loss: 0.0936276 
train_loss: 0.090808 
test_loss: 0.0934509 
train_loss: 0.0965095 
test_loss: 0.0933397 
train_loss: 0.0919696 
test_loss: 0.0931336 
train_loss: 0.092504 
test_loss: 0.0930047 
train_loss: 0.0932149 
test_loss: 0.0927166 
train_loss: 0.0933705 
test_loss: 0.0925449 
train_loss: 0.0913948 
test_loss: 0.0922912 
train_loss: 0.0905636 
test_loss: 0.0920883 
train_loss: 0.0925535 
test_loss: 0.0918233 
train_loss: 0.0888444 
test_loss: 0.0915858 
train_loss: 0.091323 
test_loss: 0.0912787 
train_loss: 0.0864457 
test_loss: 0.0910308 
train_loss: 0.0931656 
test_loss: 0.0906719 
train_loss: 0.0901191 
test_loss: 0.0903609 
train_loss: 0.088243 
test_loss: 0.0900468 
train_loss: 0.0905632 
test_loss: 0.0896902 
train_loss: 0.0890657 
test_loss: 0.0893711 
train_loss: 0.0915786 
test_loss: 0.0890717 
train_loss: 0.0853558 
test_loss: 0.0886314 
train_loss: 0.0855869 
test_loss: 0.0881769 
train_loss: 0.0853143 
test_loss: 0.0878281 
train_loss: 0.0867809 
test_loss: 0.087353 
train_loss: 0.0866452 
test_loss: 0.0868211 
train_loss: 0.0871772 
test_loss: 0.0864552 
train_loss: 0.0829931 
test_loss: 0.0858873 
train_loss: 0.0836009 
test_loss: 0.0854116 
train_loss: 0.0823294 
test_loss: 0.0848371 
train_loss: 0.0838786 
test_loss: 0.084175 
train_loss: 0.0825585 
test_loss: 0.0835647 
train_loss: 0.0823634 
test_loss: 0.0830094 
train_loss: 0.0810331 
test_loss: 0.0822994 
train_loss: 0.0808876 
test_loss: 0.0817736 
train_loss: 0.080773 
test_loss: 0.0808839 
train_loss: 0.0773845 
test_loss: 0.0801339 
train_loss: 0.0796678 
test_loss: 0.0793535 
train_loss: 0.0790122 
test_loss: 0.0787385 
train_loss: 0.0784905 
test_loss: 0.0779124 
train_loss: 0.0792603 
test_loss: 0.0770305 
train_loss: 0.0755857 
test_loss: 0.0763715 
train_loss: 0.07417 
test_loss: 0.0755621 
train_loss: 0.0771274 
test_loss: 0.0749253 
train_loss: 0.0739648 
test_loss: 0.0742932 
train_loss: 0.0738001 
test_loss: 0.0735731 
train_loss: 0.0702735 
test_loss: 0.0727999 
train_loss: 0.0739076 
test_loss: 0.0722325 
train_loss: 0.0715981 
test_loss: 0.071464 
train_loss: 0.0686584 
test_loss: 0.0708736 
train_loss: 0.0705389 
test_loss: 0.0703701 
train_loss: 0.0709993 
test_loss: 0.0697176 
train_loss: 0.0675783 
test_loss: 0.0691634 
train_loss: 0.0680525 
test_loss: 0.0688349 
train_loss: 0.066176 
test_loss: 0.0680025 
train_loss: 0.0690156 
test_loss: 0.0674159 
train_loss: 0.0649829 
test_loss: 0.0669395 
train_loss: 0.064879 
test_loss: 0.0664566 
train_loss: 0.0646663 
test_loss: 0.0659786 
train_loss: 0.0631794 
test_loss: 0.0654084 
train_loss: 0.0641879 
test_loss: 0.0653443 
train_loss: 0.063932 
test_loss: 0.0645686 
train_loss: 0.0651382 
test_loss: 0.064167 
train_loss: 0.0618071 
test_loss: 0.0638636 
train_loss: 0.0625352 
test_loss: 0.0637031 
train_loss: 0.0604668 
test_loss: 0.063112 
train_loss: 0.0614852 
test_loss: 0.0626097 
train_loss: 0.0601918 
test_loss: 0.0621871 
train_loss: 0.0613967 
test_loss: 0.0618446 
train_loss: 0.0609431 
test_loss: 0.0613234 
train_loss: 0.060323 
test_loss: 0.0609027 
train_loss: 0.0605645 
test_loss: 0.0604757 
train_loss: 0.0589029 
test_loss: 0.0599762 
train_loss: 0.0598924 
test_loss: 0.059667 
train_loss: 0.0616476 
test_loss: 0.0592993 
train_loss: 0.05892 
test_loss: 0.0589029 
train_loss: 0.057186 
test_loss: 0.0586588 
train_loss: 0.0588949 
test_loss: 0.0583039 
train_loss: 0.0590979 
test_loss: 0.0580111 
train_loss: 0.058141 
test_loss: 0.0582292 
train_loss: 0.0569765 
test_loss: 0.0574832 
train_loss: 0.0566818 
test_loss: 0.057435 
train_loss: 0.0544704 
test_loss: 0.0571799 
train_loss: 0.0563902 
test_loss: 0.0569723 
train_loss: 0.0580536 
test_loss: 0.0571562 
train_loss: 0.0561432 
test_loss: 0.0565143 
train_loss: 0.0544286 
test_loss: 0.0563898 
train_loss: 0.0555678 
test_loss: 0.0562773 
train_loss: 0.0543968 
test_loss: 0.0561388 
train_loss: 0.056166 
test_loss: 0.0559386 
train_loss: 0.0549879 
test_loss: 0.055867 
train_loss: 0.0559251 
test_loss: 0.0560992 
train_loss: 0.0561715 
test_loss: 0.0555856 
train_loss: 0.056007 
test_loss: 0.0554914 
train_loss: 0.0536859 
test_loss: 0.0554886 
train_loss: 0.056953 
test_loss: 0.0552803 
train_loss: 0.0546333 
test_loss: 0.0551619 
train_loss: 0.0528612 
test_loss: 0.0551756 
train_loss: 0.0532345 
test_loss: 0.0549334 
train_loss: 0.0553935 
test_loss: 0.0548507 
train_loss: 0.0533763 
test_loss: 0.0547905 
train_loss: 0.0570993 
test_loss: 0.0546429 
train_loss: 0.0544822 
test_loss: 0.0548634 
train_loss: 0.0520282 
test_loss: 0.054696 
train_loss: 0.0538475 
test_loss: 0.0544814 
train_loss: 0.055874 
test_loss: 0.0544951 
train_loss: 0.0509282 
test_loss: 0.0543955 
train_loss: 0.0562708 
test_loss: 0.054357 
train_loss: 0.0560283 
test_loss: 0.0542963 
train_loss: 0.0515826 
test_loss: 0.0543344 
train_loss: 0.0528321 
test_loss: 0.0540403 
train_loss: 0.0535127 
test_loss: 0.0542124 
train_loss: 0.0536219 
test_loss: 0.0539507 
train_loss: 0.0525385 
test_loss: 0.0540008 
train_loss: 0.0531629 
test_loss: 0.053959 
train_loss: 0.0529618 
test_loss: 0.0538926 
train_loss: 0.0534141 
test_loss: 0.0537824 
train_loss: 0.0535581 
test_loss: 0.0537925 
train_loss: 0.0538533 
test_loss: 0.0537429 
train_loss: 0.052786 
test_loss: 0.0536142 
train_loss: 0.0523939 
test_loss: 0.0534833 
train_loss: 0.0524431 
test_loss: 0.0535842 
train_loss: 0.0515351 
test_loss: 0.0533835 
train_loss: 0.0516775 
test_loss: 0.0534196 
train_loss: 0.0534961 
test_loss: 0.0534099 
train_loss: 0.0534708 
test_loss: 0.0532565 
train_loss: 0.0511758 
test_loss: 0.0533785 
train_loss: 0.0545347 
test_loss: 0.0530757 
train_loss: 0.0501498 
test_loss: 0.053131 
train_loss: 0.0530917 
test_loss: 0.0528765 
train_loss: 0.0528642 
test_loss: 0.0530235 
train_loss: 0.0527525 
test_loss: 0.0530542 
train_loss: 0.0527357 
test_loss: 0.0528056 
train_loss: 0.0520486 
test_loss: 0.0527767 
train_loss: 0.0527171 
test_loss: 0.052766 
train_loss: 0.0509789 
test_loss: 0.0525288 
train_loss: 0.0521321 
test_loss: 0.0526649 
train_loss: 0.052923 
test_loss: 0.0526727 
train_loss: 0.0519054 
test_loss: 0.0524953 
train_loss: 0.0518602 
test_loss: 0.0524756 
train_loss: 0.0498457 
test_loss: 0.0523246 
train_loss: 0.0515519 
test_loss: 0.0523798 
train_loss: 0.0534499 
test_loss: 0.0523333 
train_loss: 0.051439 
test_loss: 0.0520875 
train_loss: 0.049703 
test_loss: 0.0521152 
train_loss: 0.0502107 
test_loss: 0.0522551 
train_loss: 0.0494694 
test_loss: 0.0518731 
train_loss: 0.050221 
test_loss: 0.0518285 
train_loss: 0.051309 
test_loss: 0.0521531 
train_loss: 0.0521246 
test_loss: 0.0518047 
train_loss: 0.0514166 
test_loss: 0.0516366 
train_loss: 0.0511142 
test_loss: 0.0515218 
train_loss: 0.0489856 
test_loss: 0.0513289 
train_loss: 0.0514007 
test_loss: 0.0509753 
train_loss: 0.0492748 
test_loss: 0.0510448 
train_loss: 0.048731 
test_loss: 0.05118 
train_loss: 0.0506901 
test_loss: 0.0506518 
train_loss: 0.049954 
test_loss: 0.0505156 
train_loss: 0.0497002 
test_loss: 0.0504306 
train_loss: 0.0466221 
test_loss: 0.0501617 
train_loss: 0.0471675 
test_loss: 0.0501348 
train_loss: 0.0513577 
test_loss: 0.0500144 
train_loss: 0.0485496 
test_loss: 0.0495371 
train_loss: 0.0480106 
test_loss: 0.0490319 
train_loss: 0.0473762 
test_loss: 0.0489179 
train_loss: 0.0460627 
test_loss: 0.049004 
train_loss: 0.0466783 
test_loss: 0.0479979 
train_loss: 0.0470441 
test_loss: 0.0474382 
train_loss: 0.0449625 
test_loss: 0.047876 
train_loss: 0.0463866 
test_loss: 0.0464448 
train_loss: 0.0452217 
test_loss: 0.0459499 
train_loss: 0.0427306 
test_loss: 0.045886 
train_loss: 0.0457231 
test_loss: 0.044816 
train_loss: 0.0430253 
test_loss: 0.0435392 
train_loss: 0.0453465 
test_loss: 0.0435525 
train_loss: 0.0399629 
test_loss: 0.0418439 
train_loss: 0.0397079 
test_loss: 0.0410055 
train_loss: 0.0389587 
test_loss: 0.0409181 
train_loss: 0.0389979 
test_loss: 0.0411381 
train_loss: 0.0372442 
test_loss: 0.0376696 
train_loss: 0.0379419 
test_loss: 0.03664 
train_loss: 0.034951 
test_loss: 0.0363167 
train_loss: 0.0321601 
test_loss: 0.0340823 
train_loss: 0.0317965 
test_loss: 0.0343762 
train_loss: 0.0333781 
test_loss: 0.0322068 
train_loss: 0.0311319 
test_loss: 0.0316097 
train_loss: 0.0299356 
test_loss: 0.0314281 
train_loss: 0.0283927 
test_loss: 0.0300301 
train_loss: 0.0273444 
test_loss: 0.0285876 
train_loss: 0.0270487 
test_loss: 0.0292874 
train_loss: 0.0261845 
test_loss: 0.0284791 
train_loss: 0.0251853 
test_loss: 0.0268059 
train_loss: 0.0248282 
test_loss: 0.0270916 
train_loss: 0.0241397 
test_loss: 0.0246613 
train_loss: 0.0234697 
test_loss: 0.0241651 
train_loss: 0.0233997 
test_loss: 0.0241821 
train_loss: 0.0234439 
test_loss: 0.0233533 
train_loss: 0.021129 
test_loss: 0.0224514 
train_loss: 0.0238157 
test_loss: 0.0239989 
train_loss: 0.021241 
test_loss: 0.0229924 
train_loss: 0.0223587 
test_loss: 0.0214676 
train_loss: 0.018928 
test_loss: 0.0210877 
train_loss: 0.0220211 
test_loss: 0.0210554 
train_loss: 0.019502 
test_loss: 0.0203549 
train_loss: 0.0191122 
test_loss: 0.0202705 
train_loss: 0.0202531 
test_loss: 0.0197509 
train_loss: 0.0190898 
test_loss: 0.0212801 
train_loss: 0.01886 
test_loss: 0.0194418 
train_loss: 0.0195197 
test_loss: 0.0204338 
train_loss: 0.0204334 
test_loss: 0.0189142 
train_loss: 0.0179183 
test_loss: 0.0192834 
train_loss: 0.0183621 
test_loss: 0.0188059 
train_loss: 0.0185559 
test_loss: 0.0188938 
train_loss: 0.0181782 
test_loss: 0.0177139 
train_loss: 0.016472 
test_loss: 0.0179468 
train_loss: 0.0172009 
test_loss: 0.0180374 
train_loss: 0.0163668 
test_loss: 0.0169221 
train_loss: 0.0171436 
test_loss: 0.0184992 
train_loss: 0.0167247 
test_loss: 0.0171702 
train_loss: 0.0167165 
test_loss: 0.0171422 
train_loss: 0.0177276 
test_loss: 0.0167864 
train_loss: 0.0157246 
test_loss: 0.0171691 
train_loss: 0.0167577 
test_loss: 0.0162241 
train_loss: 0.0165132 
test_loss: 0.0164292 
train_loss: 0.0157531 
test_loss: 0.0158784 
train_loss: 0.0152213 
test_loss: 0.0160222 
train_loss: 0.014496 
test_loss: 0.0158023 
train_loss: 0.0153025 
test_loss: 0.0160728 
train_loss: 0.0147106 
test_loss: 0.0153675 
train_loss: 0.015047 
test_loss: 0.0151606 
train_loss: 0.014192 
test_loss: 0.0149804 
train_loss: 0.0145346 
test_loss: 0.0159812 
train_loss: 0.0152734 
test_loss: 0.0153619 
train_loss: 0.0153509 
test_loss: 0.01574 
train_loss: 0.014286 
test_loss: 0.0146358 
train_loss: 0.0144855 
test_loss: 0.0144683 
train_loss: 0.0141015 
test_loss: 0.0152718 
train_loss: 0.0135067 
test_loss: 0.0145752 
train_loss: 0.0142378 
test_loss: 0.014576 
train_loss: 0.0141238 
test_loss: 0.0141805 
train_loss: 0.0128422 
test_loss: 0.0141948 
train_loss: 0.0143953 
test_loss: 0.0137369 
train_loss: 0.0130785 
test_loss: 0.0138877 
train_loss: 0.0133726 
test_loss: 0.0137752 
train_loss: 0.0130505 
test_loss: 0.0135792 
train_loss: 0.0135018 
test_loss: 0.0132148 
train_loss: 0.0127331 
test_loss: 0.0139135 
train_loss: 0.0125267 
test_loss: 0.0131424 
train_loss: 0.0127742 
test_loss: 0.0131246 
train_loss: 0.0122522 
test_loss: 0.0131563 
train_loss: 0.0118219 
test_loss: 0.0129945 
train_loss: 0.0120241 
test_loss: 0.012777 
train_loss: 0.0126988 
test_loss: 0.0131009 
train_loss: 0.0123202 
test_loss: 0.0142841 
