train_loss: 0.409261 
test_loss: 0.406867 
train_loss: 0.223786 
test_loss: 0.225184 
train_loss: 0.104137 
test_loss: 0.109009 
train_loss: 0.0983906 
test_loss: 0.098791 
train_loss: 0.0961734 
test_loss: 0.0961134 
train_loss: 0.0935754 
test_loss: 0.0944445 
train_loss: 0.0913202 
test_loss: 0.0933319 
train_loss: 0.0919054 
test_loss: 0.0920156 
train_loss: 0.0870306 
test_loss: 0.0905976 
train_loss: 0.0843674 
test_loss: 0.0884345 
train_loss: 0.0859672 
test_loss: 0.085678 
train_loss: 0.0829206 
test_loss: 0.0831324 
train_loss: 0.0824806 
test_loss: 0.0811686 
train_loss: 0.0779942 
test_loss: 0.0800395 
train_loss: 0.0742864 
test_loss: 0.0789815 
train_loss: 0.0751864 
test_loss: 0.0783277 
train_loss: 0.0752432 
test_loss: 0.0775464 
train_loss: 0.0758456 
test_loss: 0.0770117 
train_loss: 0.0748296 
test_loss: 0.0761212 
train_loss: 0.0730647 
test_loss: 0.0749752 
train_loss: 0.0745998 
test_loss: 0.073687 
train_loss: 0.070052 
test_loss: 0.0715405 
train_loss: 0.0716437 
test_loss: 0.0700579 
train_loss: 0.0664525 
test_loss: 0.0688837 
train_loss: 0.0655791 
test_loss: 0.0678744 
train_loss: 0.0669786 
test_loss: 0.06679 
train_loss: 0.0642043 
test_loss: 0.0661096 
train_loss: 0.0644135 
test_loss: 0.0650802 
train_loss: 0.0635225 
test_loss: 0.064278 
train_loss: 0.0645149 
test_loss: 0.0632797 
train_loss: 0.0626185 
test_loss: 0.0638324 
train_loss: 0.0644687 
test_loss: 0.0626316 
train_loss: 0.061819 
test_loss: 0.0619011 
train_loss: 0.0598392 
test_loss: 0.0616065 
train_loss: 0.0608509 
test_loss: 0.0623237 
train_loss: 0.0609422 
test_loss: 0.0610464 
train_loss: 0.0616401 
test_loss: 0.0605568 
train_loss: 0.0552009 
test_loss: 0.061118 
train_loss: 0.0576688 
test_loss: 0.0602312 
train_loss: 0.0593671 
test_loss: 0.0611712 
train_loss: 0.0590178 
test_loss: 0.0604656 
train_loss: 0.062429 
test_loss: 0.0612153 
train_loss: 0.058054 
test_loss: 0.0598715 
train_loss: 0.0620835 
test_loss: 0.0603494 
train_loss: 0.0617398 
test_loss: 0.0596948 
train_loss: 0.0572438 
test_loss: 0.0593421 
train_loss: 0.0578078 
test_loss: 0.0599329 
train_loss: 0.0602077 
test_loss: 0.0601523 
train_loss: 0.0606702 
test_loss: 0.0594044 
train_loss: 0.0593033 
test_loss: 0.060116 
train_loss: 0.0571734 
test_loss: 0.0592268 
train_loss: 0.0615887 
test_loss: 0.0590661 
train_loss: 0.0603106 
test_loss: 0.0589215 
train_loss: 0.0588844 
test_loss: 0.0587538 
train_loss: 0.0551774 
test_loss: 0.0595852 
train_loss: 0.0591328 
test_loss: 0.0588307 
train_loss: 0.057342 
test_loss: 0.0584739 
train_loss: 0.0572644 
test_loss: 0.0583358 
train_loss: 0.0588209 
test_loss: 0.0581843 
train_loss: 0.0591395 
test_loss: 0.05832 
train_loss: 0.0556772 
test_loss: 0.0580035 
train_loss: 0.0593051 
test_loss: 0.0581761 
train_loss: 0.0569263 
test_loss: 0.0577674 
train_loss: 0.0584076 
test_loss: 0.0578379 
train_loss: 0.0572316 
test_loss: 0.0573009 
train_loss: 0.0543735 
test_loss: 0.0572869 
train_loss: 0.0566726 
test_loss: 0.0574867 
train_loss: 0.0555836 
test_loss: 0.0572121 
train_loss: 0.0581986 
test_loss: 0.0572156 
train_loss: 0.0572684 
test_loss: 0.0570988 
train_loss: 0.0541065 
test_loss: 0.0575226 
train_loss: 0.0570563 
test_loss: 0.057139 
train_loss: 0.0562789 
test_loss: 0.0568931 
train_loss: 0.0594316 
test_loss: 0.0572229 
train_loss: 0.0573559 
test_loss: 0.057465 
train_loss: 0.0585891 
test_loss: 0.0568207 
train_loss: 0.0579543 
test_loss: 0.0575527 
train_loss: 0.055269 
test_loss: 0.0570946 
train_loss: 0.0566016 
test_loss: 0.0570248 
train_loss: 0.0554318 
test_loss: 0.0566988 
train_loss: 0.0557251 
test_loss: 0.0574602 
train_loss: 0.0561002 
test_loss: 0.0567554 
train_loss: 0.0540154 
test_loss: 0.0569812 
train_loss: 0.0581136 
test_loss: 0.0567649 
train_loss: 0.055453 
test_loss: 0.0566928 
train_loss: 0.0574594 
test_loss: 0.0576336 
train_loss: 0.0566657 
test_loss: 0.0567449 
train_loss: 0.0533835 
test_loss: 0.0568967 
train_loss: 0.0552597 
test_loss: 0.057126 
train_loss: 0.0552462 
test_loss: 0.0565847 
train_loss: 0.0576707 
test_loss: 0.056828 
train_loss: 0.0573382 
test_loss: 0.0566724 
train_loss: 0.0565618 
test_loss: 0.0564759 
train_loss: 0.0579762 
test_loss: 0.056575 
train_loss: 0.0557416 
test_loss: 0.0564481 
train_loss: 0.0574486 
test_loss: 0.0568069 
train_loss: 0.0562867 
test_loss: 0.0566991 
train_loss: 0.0538154 
test_loss: 0.0566786 
train_loss: 0.0561829 
test_loss: 0.0564292 
train_loss: 0.0554232 
test_loss: 0.0565423 
train_loss: 0.0576848 
test_loss: 0.0565506 
train_loss: 0.0577761 
test_loss: 0.0568536 
train_loss: 0.0570777 
test_loss: 0.0565972 
train_loss: 0.0564734 
test_loss: 0.0567673 
train_loss: 0.0545181 
test_loss: 0.0567162 
train_loss: 0.0554994 
test_loss: 0.0565334 
train_loss: 0.0538169 
test_loss: 0.0564043 
train_loss: 0.0546764 
test_loss: 0.0564239 
train_loss: 0.0549839 
test_loss: 0.0563592 
train_loss: 0.0575743 
test_loss: 0.0563436 
train_loss: 0.0552644 
test_loss: 0.0567118 
