train_loss: 0.105296 
test_loss: 0.104164 
train_loss: 0.096519 
test_loss: 0.096878 
train_loss: 0.082195 
test_loss: 0.083305 
train_loss: 0.071289 
test_loss: 0.072162 
train_loss: 0.065180 
test_loss: 0.066498 
train_loss: 0.064187 
test_loss: 0.063616 
train_loss: 0.062924 
test_loss: 0.061978 
train_loss: 0.058571 
test_loss: 0.059420 
train_loss: 0.055955 
test_loss: 0.057781 
train_loss: 0.053092 
test_loss: 0.055068 
train_loss: 0.052448 
test_loss: 0.051309 
train_loss: 0.049475 
test_loss: 0.048836 
train_loss: 0.044775 
test_loss: 0.046009 
train_loss: 0.044090 
test_loss: 0.044011 
train_loss: 0.038412 
test_loss: 0.040944 
train_loss: 0.038205 
test_loss: 0.038655 
train_loss: 0.036304 
test_loss: 0.037790 
train_loss: 0.034436 
test_loss: 0.036615 
train_loss: 0.033950 
test_loss: 0.035397 
train_loss: 0.032106 
test_loss: 0.033935 
train_loss: 0.032768 
test_loss: 0.033531 
train_loss: 0.032130 
test_loss: 0.032934 
train_loss: 0.029478 
test_loss: 0.031974 
train_loss: 0.028964 
test_loss: 0.031156 
train_loss: 0.029080 
test_loss: 0.030756 
train_loss: 0.025930 
test_loss: 0.030040 
train_loss: 0.027686 
test_loss: 0.029606 
train_loss: 0.029716 
test_loss: 0.029089 
train_loss: 0.028008 
test_loss: 0.029135 
train_loss: 0.027177 
test_loss: 0.028514 
train_loss: 0.028040 
test_loss: 0.027987 
train_loss: 0.025269 
test_loss: 0.028040 
train_loss: 0.026909 
test_loss: 0.027511 
train_loss: 0.027800 
test_loss: 0.027337 
train_loss: 0.026779 
test_loss: 0.027215 
train_loss: 0.024634 
test_loss: 0.027150 
train_loss: 0.026161 
test_loss: 0.027163 
train_loss: 0.023607 
test_loss: 0.027179 
train_loss: 0.023622 
test_loss: 0.026365 
train_loss: 0.024397 
test_loss: 0.025731 
train_loss: 0.024949 
test_loss: 0.025721 
train_loss: 0.021607 
test_loss: 0.025652 
train_loss: 0.022863 
test_loss: 0.024901 
train_loss: 0.022269 
test_loss: 0.024830 
train_loss: 0.023601 
test_loss: 0.024600 
train_loss: 0.025443 
test_loss: 0.025214 
train_loss: 0.025700 
test_loss: 0.024807 
train_loss: 0.022486 
test_loss: 0.024476 
train_loss: 0.025031 
test_loss: 0.024134 
train_loss: 0.022456 
test_loss: 0.023836 
train_loss: 0.021691 
test_loss: 0.024279 
train_loss: 0.023268 
test_loss: 0.024055 
train_loss: 0.022369 
test_loss: 0.024143 
train_loss: 0.022276 
test_loss: 0.023229 
train_loss: 0.024723 
test_loss: 0.023358 
train_loss: 0.020472 
test_loss: 0.023002 
train_loss: 0.022623 
test_loss: 0.023410 
train_loss: 0.020747 
test_loss: 0.022816 
train_loss: 0.022266 
test_loss: 0.022547 
train_loss: 0.022126 
test_loss: 0.022649 
train_loss: 0.020273 
test_loss: 0.022391 
train_loss: 0.020136 
test_loss: 0.022589 
train_loss: 0.022609 
test_loss: 0.022294 
train_loss: 0.022470 
test_loss: 0.021770 
train_loss: 0.019878 
test_loss: 0.022567 
train_loss: 0.022909 
test_loss: 0.022023 
train_loss: 0.022627 
test_loss: 0.023007 
train_loss: 0.020878 
test_loss: 0.022162 
train_loss: 0.019789 
test_loss: 0.021693 
train_loss: 0.019794 
test_loss: 0.021901 
train_loss: 0.022021 
test_loss: 0.021719 
train_loss: 0.022024 
test_loss: 0.020968 
train_loss: 0.019444 
test_loss: 0.021577 
train_loss: 0.019881 
test_loss: 0.021479 
train_loss: 0.021399 
test_loss: 0.021602 
train_loss: 0.019909 
test_loss: 0.021351 
train_loss: 0.020802 
test_loss: 0.021269 
train_loss: 0.019277 
test_loss: 0.021108 
train_loss: 0.019640 
test_loss: 0.020928 
train_loss: 0.019746 
test_loss: 0.020978 
train_loss: 0.020680 
test_loss: 0.020587 
train_loss: 0.018875 
test_loss: 0.020693 
train_loss: 0.019901 
test_loss: 0.020748 
train_loss: 0.020307 
test_loss: 0.020656 
train_loss: 0.017377 
test_loss: 0.020284 
train_loss: 0.020736 
test_loss: 0.020112 
train_loss: 0.019586 
test_loss: 0.020322 
train_loss: 0.020964 
test_loss: 0.020567 
train_loss: 0.018243 
test_loss: 0.020782 
train_loss: 0.021547 
test_loss: 0.020695 
train_loss: 0.019504 
test_loss: 0.019826 
train_loss: 0.020144 
test_loss: 0.019876 
train_loss: 0.019820 
test_loss: 0.019875 
train_loss: 0.020700 
test_loss: 0.020640 
train_loss: 0.021742 
test_loss: 0.020607 
train_loss: 0.019859 
test_loss: 0.019617 
train_loss: 0.018408 
test_loss: 0.019777 
train_loss: 0.017910 
test_loss: 0.020415 
train_loss: 0.019015 
test_loss: 0.019956 
train_loss: 0.018001 
test_loss: 0.020167 
train_loss: 0.017545 
test_loss: 0.019426 
train_loss: 0.017433 
test_loss: 0.019017 
train_loss: 0.018018 
test_loss: 0.019583 
train_loss: 0.018831 
test_loss: 0.019421 
train_loss: 0.018846 
test_loss: 0.019094 
train_loss: 0.018232 
test_loss: 0.019260 
train_loss: 0.017748 
test_loss: 0.019228 
train_loss: 0.019506 
test_loss: 0.019533 
train_loss: 0.018741 
test_loss: 0.019310 
train_loss: 0.017759 
test_loss: 0.019845 
train_loss: 0.018819 
test_loss: 0.018879 
train_loss: 0.017079 
test_loss: 0.018758 
train_loss: 0.019191 
test_loss: 0.018748 
train_loss: 0.018943 
test_loss: 0.019107 
train_loss: 0.018321 
test_loss: 0.018691 
train_loss: 0.020189 
test_loss: 0.018734 
train_loss: 0.017938 
test_loss: 0.018552 
train_loss: 0.018145 
test_loss: 0.018898 
train_loss: 0.017054 
test_loss: 0.019459 
train_loss: 0.018943 
test_loss: 0.018554 
train_loss: 0.016155 
test_loss: 0.018546 
train_loss: 0.016970 
test_loss: 0.018669 
train_loss: 0.017463 
test_loss: 0.018636 
train_loss: 0.018483 
test_loss: 0.018376 
train_loss: 0.017377 
test_loss: 0.019355 
train_loss: 0.016645 
test_loss: 0.018964 
train_loss: 0.018279 
test_loss: 0.019141 
train_loss: 0.017422 
test_loss: 0.018429 
train_loss: 0.017798 
test_loss: 0.017933 
train_loss: 0.015893 
test_loss: 0.018209 
train_loss: 0.018879 
test_loss: 0.018186 
train_loss: 0.016785 
test_loss: 0.018313 
train_loss: 0.017693 
test_loss: 0.018316 
train_loss: 0.016466 
test_loss: 0.018186 
train_loss: 0.015900 
test_loss: 0.017891 
train_loss: 0.016969 
test_loss: 0.018403 
train_loss: 0.017224 
test_loss: 0.017993 
train_loss: 0.016773 
test_loss: 0.018791 
train_loss: 0.016265 
test_loss: 0.017765 
train_loss: 0.016636 
test_loss: 0.018133 
train_loss: 0.018325 
test_loss: 0.018275 
