train_loss: 0.0286809 
test_loss: 0.0269749 
train_loss: 0.0264882 
test_loss: 0.0273983 
train_loss: 0.0265496 
test_loss: 0.0270607 
train_loss: 0.0244474 
test_loss: 0.025442 
train_loss: 0.0256285 
test_loss: 0.0265893 
train_loss: 0.0258168 
test_loss: 0.0271371 
train_loss: 0.026351 
test_loss: 0.0260398 
train_loss: 0.0268019 
test_loss: 0.0245525 
train_loss: 0.0248525 
test_loss: 0.0255641 
train_loss: 0.0246322 
test_loss: 0.0263643 
train_loss: 0.0256322 
test_loss: 0.0252553 
train_loss: 0.0252994 
test_loss: 0.0247155 
train_loss: 0.0258719 
test_loss: 0.0259401 
train_loss: 0.0234369 
test_loss: 0.0231605 
train_loss: 0.025824 
test_loss: 0.0252579 
train_loss: 0.0234439 
test_loss: 0.0223986 
train_loss: 0.0242844 
test_loss: 0.0242998 
train_loss: 0.0250856 
test_loss: 0.0243117 
train_loss: 0.0242884 
test_loss: 0.0254011 
train_loss: 0.0259855 
test_loss: 0.0256934 
train_loss: 0.0253424 
test_loss: 0.0258554 
train_loss: 0.0218096 
test_loss: 0.0224174 
train_loss: 0.0252273 
test_loss: 0.0232415 
train_loss: 0.0229497 
test_loss: 0.0236331 
train_loss: 0.0216159 
test_loss: 0.0225863 
train_loss: 0.024879 
test_loss: 0.0236719 
train_loss: 0.0229554 
test_loss: 0.0230087 
train_loss: 0.0235667 
test_loss: 0.0242378 
train_loss: 0.0218222 
test_loss: 0.0228863 
train_loss: 0.0226807 
test_loss: 0.0232778 
train_loss: 0.0221744 
test_loss: 0.0233778 
train_loss: 0.0235935 
test_loss: 0.0247806 
train_loss: 0.021371 
test_loss: 0.0218603 
train_loss: 0.0220791 
test_loss: 0.0229937 
train_loss: 0.0232518 
test_loss: 0.0230159 
train_loss: 0.0238472 
test_loss: 0.0238905 
train_loss: 0.0214806 
test_loss: 0.0238117 
train_loss: 0.0230974 
test_loss: 0.0234518 
train_loss: 0.023162 
test_loss: 0.0226943 
train_loss: 0.0216472 
test_loss: 0.0228422 
train_loss: 0.0212638 
test_loss: 0.0229876 
train_loss: 0.0225514 
test_loss: 0.0221065 
train_loss: 0.0233864 
test_loss: 0.0222681 
train_loss: 0.0191865 
test_loss: 0.0230489 
train_loss: 0.0226278 
test_loss: 0.0235738 
train_loss: 0.020993 
test_loss: 0.0211109 
train_loss: 0.0220838 
test_loss: 0.0221085 
train_loss: 0.0219208 
test_loss: 0.0223504 
train_loss: 0.0207125 
test_loss: 0.0216598 
train_loss: 0.0202939 
test_loss: 0.0218109 
train_loss: 0.0240766 
test_loss: 0.0242559 
train_loss: 0.0237129 
test_loss: 0.0222322 
train_loss: 0.0219673 
test_loss: 0.0221201 
train_loss: 0.0220243 
test_loss: 0.0219792 
train_loss: 0.0228664 
test_loss: 0.0224242 
train_loss: 0.0233548 
test_loss: 0.0233879 
train_loss: 0.0206104 
test_loss: 0.0214428 
train_loss: 0.0214829 
test_loss: 0.0210801 
train_loss: 0.0214302 
test_loss: 0.0218315 
train_loss: 0.0218191 
test_loss: 0.0227688 
train_loss: 0.0213133 
test_loss: 0.022066 
train_loss: 0.0218677 
test_loss: 0.0212739 
train_loss: 0.0235846 
test_loss: 0.0220951 
train_loss: 0.0224211 
test_loss: 0.022965 
train_loss: 0.0214859 
test_loss: 0.0222064 
train_loss: 0.0198359 
test_loss: 0.0219687 
train_loss: 0.0208198 
test_loss: 0.0219763 
train_loss: 0.0226837 
test_loss: 0.0227924 
train_loss: 0.0208279 
test_loss: 0.021243 
train_loss: 0.0210401 
test_loss: 0.0223137 
train_loss: 0.0216526 
test_loss: 0.021578 
train_loss: 0.0231401 
test_loss: 0.0228412 
train_loss: 0.0210592 
test_loss: 0.0222344 
train_loss: 0.0214188 
test_loss: 0.0215114 
train_loss: 0.0238143 
test_loss: 0.0215149 
train_loss: 0.0210023 
test_loss: 0.0210401 
train_loss: 0.0229758 
test_loss: 0.0214542 
train_loss: 0.0198677 
test_loss: 0.0205614 
train_loss: 0.0216216 
test_loss: 0.0215731 
train_loss: 0.0215354 
test_loss: 0.0231853 
train_loss: 0.0221531 
test_loss: 0.0217373 
train_loss: 0.0208055 
test_loss: 0.0208693 
train_loss: 0.0232944 
test_loss: 0.021748 
train_loss: 0.0207432 
test_loss: 0.0211584 
train_loss: 0.0216846 
test_loss: 0.0215992 
train_loss: 0.0221182 
test_loss: 0.0217792 
train_loss: 0.0215905 
test_loss: 0.0220076 
train_loss: 0.0214514 
test_loss: 0.0205852 
train_loss: 0.0208875 
test_loss: 0.021418 
train_loss: 0.0226235 
test_loss: 0.0220666 
train_loss: 0.0224249 
test_loss: 0.0210275 
train_loss: 0.0217075 
test_loss: 0.0218737 
train_loss: 0.0210828 
test_loss: 0.0217602 
train_loss: 0.0206656 
test_loss: 0.0208943 
train_loss: 0.0210482 
test_loss: 0.022111 
train_loss: 0.0218277 
test_loss: 0.0217817 
train_loss: 0.0227902 
test_loss: 0.0229652 
train_loss: 0.0205439 
test_loss: 0.0209177 
train_loss: 0.0203789 
test_loss: 0.0214948 
train_loss: 0.0212069 
test_loss: 0.0217573 
train_loss: 0.0217549 
test_loss: 0.0219234 
train_loss: 0.0230538 
test_loss: 0.0220044 
train_loss: 0.0211214 
test_loss: 0.0214176 
train_loss: 0.0215771 
test_loss: 0.0220291 
train_loss: 0.0218014 
test_loss: 0.0212878 
train_loss: 0.019821 
test_loss: 0.0207961 
train_loss: 0.0205055 
test_loss: 0.0209312 
train_loss: 0.0215838 
test_loss: 0.0207688 
train_loss: 0.0202557 
test_loss: 0.0210409 
train_loss: 0.022591 
test_loss: 0.022121 
train_loss: 0.0214594 
test_loss: 0.0211766 
train_loss: 0.0218873 
test_loss: 0.0215654 
train_loss: 0.0225074 
test_loss: 0.0220038 
train_loss: 0.0206661 
test_loss: 0.0216182 
train_loss: 0.0208895 
test_loss: 0.0211432 
train_loss: 0.020956 
test_loss: 0.0207522 
train_loss: 0.0205038 
test_loss: 0.0216327 
train_loss: 0.0205218 
test_loss: 0.0207069 
train_loss: 0.020142 
test_loss: 0.0211729 
train_loss: 0.0205786 
test_loss: 0.0209865 
train_loss: 0.0223888 
test_loss: 0.0211976 
train_loss: 0.020157 
test_loss: 0.0207151 
train_loss: 0.0201271 
test_loss: 0.0214701 
train_loss: 0.0215223 
test_loss: 0.0206789 
train_loss: 0.0201351 
test_loss: 0.0201786 
train_loss: 0.0210087 
test_loss: 0.0209191 
train_loss: 0.0232339 
test_loss: 0.0227843 
train_loss: 0.0213889 
test_loss: 0.0209448 
train_loss: 0.020147 
test_loss: 0.0216703 
train_loss: 0.0203402 
test_loss: 0.0218055 
train_loss: 0.0206181 
test_loss: 0.0210332 
train_loss: 0.021399 
test_loss: 0.0204768 
train_loss: 0.0211083 
test_loss: 0.022116 
train_loss: 0.0202588 
test_loss: 0.021217 
train_loss: 0.0214001 
test_loss: 0.0220121 
train_loss: 0.0204241 
test_loss: 0.020706 
train_loss: 0.0212089 
test_loss: 0.020811 
train_loss: 0.0207198 
test_loss: 0.0212171 
train_loss: 0.022979 
test_loss: 0.0218133 
train_loss: 0.0238643 
test_loss: 0.0213826 
train_loss: 0.0236286 
test_loss: 0.0217613 
train_loss: 0.0216809 
test_loss: 0.0208769 
train_loss: 0.0215575 
test_loss: 0.0211073 
train_loss: 0.0204003 
test_loss: 0.0213459 
train_loss: 0.0200547 
test_loss: 0.0202534 
train_loss: 0.0209184 
test_loss: 0.0204433 
train_loss: 0.0203712 
test_loss: 0.0210377 
train_loss: 0.0193297 
test_loss: 0.0209808 
train_loss: 0.0225964 
test_loss: 0.0209636 
train_loss: 0.0215663 
test_loss: 0.0215221 
train_loss: 0.0212929 
test_loss: 0.0212346 
train_loss: 0.0221412 
test_loss: 0.0213458 
train_loss: 0.0208306 
test_loss: 0.0202349 
train_loss: 0.0196475 
test_loss: 0.0205227 
train_loss: 0.0216471 
test_loss: 0.0218965 
train_loss: 0.0220557 
test_loss: 0.0215462 
train_loss: 0.0205118 
test_loss: 0.0211687 
train_loss: 0.0216377 
test_loss: 0.0228914 
train_loss: 0.0204225 
test_loss: 0.0209599 
train_loss: 0.0200065 
test_loss: 0.0217159 
train_loss: 0.0203384 
test_loss: 0.0210863 
train_loss: 0.0215405 
test_loss: 0.0207001 
train_loss: 0.0216146 
test_loss: 0.0216919 
train_loss: 0.020487 
test_loss: 0.0208174 
train_loss: 0.0196896 
test_loss: 0.0214951 
train_loss: 0.0204457 
test_loss: 0.0203699 
train_loss: 0.0202521 
test_loss: 0.0210118 
train_loss: 0.0208537 
test_loss: 0.0207094 
train_loss: 0.0204377 
test_loss: 0.0209248 
train_loss: 0.0208908 
test_loss: 0.0202212 
train_loss: 0.0206449 
test_loss: 0.0206277 
train_loss: 0.0200732 
test_loss: 0.0208437 
train_loss: 0.0207641 
test_loss: 0.0203945 
train_loss: 0.0203418 
test_loss: 0.0204842 
train_loss: 0.0212331 
test_loss: 0.0215151 
train_loss: 0.0211741 
test_loss: 0.0210722 
train_loss: 0.021885 
test_loss: 0.0215555 
train_loss: 0.0212102 
test_loss: 0.0213131 
train_loss: 0.0212889 
test_loss: 0.0213904 
train_loss: 0.0204748 
test_loss: 0.0206775 
train_loss: 0.0207751 
test_loss: 0.0205392 
train_loss: 0.0218294 
test_loss: 0.0220044 
train_loss: 0.0209968 
test_loss: 0.0205016 
train_loss: 0.0202676 
test_loss: 0.0206989 
train_loss: 0.0204291 
test_loss: 0.0199938 
train_loss: 0.0211588 
test_loss: 0.0213286 
train_loss: 0.0213456 
test_loss: 0.0212105 
train_loss: 0.0205077 
test_loss: 0.0206655 
train_loss: 0.0199982 
test_loss: 0.020452 
train_loss: 0.0217854 
test_loss: 0.0208527 
train_loss: 0.02003 
test_loss: 0.021868 
train_loss: 0.0203011 
test_loss: 0.0207121 
train_loss: 0.0228778 
test_loss: 0.0211472 
train_loss: 0.0227603 
test_loss: 0.0227149 
train_loss: 0.02007 
test_loss: 0.0210184 
train_loss: 0.0204209 
test_loss: 0.0205559 
train_loss: 0.0209151 
test_loss: 0.0208907 
train_loss: 0.0206615 
test_loss: 0.02055 
train_loss: 0.0205188 
test_loss: 0.0202817 
train_loss: 0.0212881 
test_loss: 0.0214779 
train_loss: 0.0205626 
test_loss: 0.0212744 
train_loss: 0.0219183 
test_loss: 0.0208828 
train_loss: 0.019843 
test_loss: 0.0204715 
train_loss: 0.02389 
test_loss: 0.0223931 
train_loss: 0.0212339 
test_loss: 0.020649 
train_loss: 0.0216396 
test_loss: 0.0216707 
train_loss: 0.0208812 
test_loss: 0.0204 
train_loss: 0.0205595 
test_loss: 0.0204137 
train_loss: 0.0209682 
test_loss: 0.0208925 
train_loss: 0.0194662 
test_loss: 0.0202898 
train_loss: 0.0202645 
test_loss: 0.0203007 
train_loss: 0.0202707 
test_loss: 0.020323 
train_loss: 0.0206778 
test_loss: 0.0213394 
train_loss: 0.0223914 
test_loss: 0.0208045 
train_loss: 0.0205008 
test_loss: 0.021396 
train_loss: 0.0229288 
test_loss: 0.0208339 
train_loss: 0.0212839 
test_loss: 0.0212823 
train_loss: 0.021202 
test_loss: 0.0210175 
train_loss: 0.020326 
test_loss: 0.0207236 
train_loss: 0.0199759 
test_loss: 0.020353 
train_loss: 0.020435 
test_loss: 0.0213386 
train_loss: 0.0200836 
test_loss: 0.0202263 
train_loss: 0.0196311 
test_loss: 0.0200855 
train_loss: 0.0224836 
test_loss: 0.0206203 
train_loss: 0.022611 
test_loss: 0.0210661 
train_loss: 0.0212576 
test_loss: 0.0209566 
train_loss: 0.0203786 
test_loss: 0.0203912 
train_loss: 0.021035 
test_loss: 0.0207966 
train_loss: 0.0207515 
test_loss: 0.0205654 
train_loss: 0.0220138 
test_loss: 0.0201213 
train_loss: 0.0200299 
test_loss: 0.020099 
train_loss: 0.0197437 
test_loss: 0.0204034 
train_loss: 0.0207449 
test_loss: 0.0203814 
train_loss: 0.0206156 
test_loss: 0.02075 
train_loss: 0.0196007 
test_loss: 0.0198284 
train_loss: 0.0197968 
test_loss: 0.0206684 
train_loss: 0.0204201 
test_loss: 0.0206089 
train_loss: 0.0206285 
test_loss: 0.021955 
train_loss: 0.0196854 
test_loss: 0.0202165 
train_loss: 0.0225543 
test_loss: 0.0208099 
train_loss: 0.0196208 
test_loss: 0.0206154 
train_loss: 0.0210012 
test_loss: 0.0206693 
train_loss: 0.0200774 
test_loss: 0.0209545 
train_loss: 0.0202924 
test_loss: 0.020682 
train_loss: 0.0239185 
test_loss: 0.0214846 
train_loss: 0.0201341 
test_loss: 0.0204765 
train_loss: 0.0201133 
test_loss: 0.0202527 
train_loss: 0.0248501 
test_loss: 0.021397 
train_loss: 0.0211771 
test_loss: 0.020858 
train_loss: 0.0195751 
test_loss: 0.0200047 
train_loss: 0.0197032 
test_loss: 0.0203617 
train_loss: 0.0219043 
test_loss: 0.0211544 
train_loss: 0.0201414 
test_loss: 0.021476 
train_loss: 0.0203161 
test_loss: 0.0204815 
train_loss: 0.0206879 
test_loss: 0.0202837 
train_loss: 0.0209747 
test_loss: 0.0207138 
train_loss: 0.0216158 
test_loss: 0.0205399 
train_loss: 0.0210852 
test_loss: 0.0202307 
train_loss: 0.0207239 
test_loss: 0.0205364 
train_loss: 0.0196818 
test_loss: 0.0198947 
train_loss: 0.0220237 
test_loss: 0.0215332 
train_loss: 0.0208094 
test_loss: 0.0205618 
train_loss: 0.0189178 
test_loss: 0.0203831 
train_loss: 0.0194132 
test_loss: 0.0204552 
train_loss: 0.0215265 
test_loss: 0.0212559 
train_loss: 0.0211393 
test_loss: 0.0209677 
train_loss: 0.0200613 
test_loss: 0.0202562 
train_loss: 0.0220428 
test_loss: 0.0210481 
train_loss: 0.0202672 
test_loss: 0.0202438 
train_loss: 0.0211636 
test_loss: 0.0205047 
train_loss: 0.0215876 
test_loss: 0.020956 
train_loss: 0.020861 
test_loss: 0.0206145 
train_loss: 0.0196701 
test_loss: 0.0201899 
train_loss: 0.0209514 
test_loss: 0.020926 
train_loss: 0.0189516 
test_loss: 0.0205191 
train_loss: 0.0197742 
test_loss: 0.0208598 
train_loss: 0.0198283 
test_loss: 0.0206787 
train_loss: 0.0214014 
test_loss: 0.0211601 
train_loss: 0.0203976 
test_loss: 0.0213117 
train_loss: 0.0191682 
test_loss: 0.0200078 
train_loss: 0.0191674 
test_loss: 0.0209439 
train_loss: 0.020261 
test_loss: 0.0206336 
train_loss: 0.0199812 
test_loss: 0.0212162 
train_loss: 0.0195368 
test_loss: 0.0200784 
train_loss: 0.0222357 
test_loss: 0.0208583 
train_loss: 0.0201637 
test_loss: 0.022089 
train_loss: 0.019544 
test_loss: 0.0206315 
train_loss: 0.0196386 
test_loss: 0.0204813 
train_loss: 0.0201358 
test_loss: 0.0201274 
train_loss: 0.0198447 
test_loss: 0.0201388 
train_loss: 0.0198463 
test_loss: 0.0206005 
train_loss: 0.0206382 
test_loss: 0.0209978 
train_loss: 0.0195795 
test_loss: 0.0199605 
train_loss: 0.0210963 
test_loss: 0.0203156 
train_loss: 0.0226021 
test_loss: 0.0212042 
train_loss: 0.0210567 
test_loss: 0.0202889 
train_loss: 0.0207472 
test_loss: 0.0205853 
train_loss: 0.0202376 
test_loss: 0.0203365 
train_loss: 0.0213829 
test_loss: 0.0215149 
train_loss: 0.0192672 
test_loss: 0.0200982 
train_loss: 0.0198591 
test_loss: 0.0202134 
train_loss: 0.0211509 
test_loss: 0.0206196 
train_loss: 0.0216535 
test_loss: 0.0212812 
train_loss: 0.0194973 
test_loss: 0.0204154 
train_loss: 0.020707 
test_loss: 0.020274 
train_loss: 0.0200659 
test_loss: 0.0200714 
train_loss: 0.0196642 
test_loss: 0.0196619 
train_loss: 0.0196097 
test_loss: 0.0199351 
train_loss: 0.0200616 
test_loss: 0.020778 
train_loss: 0.0207655 
test_loss: 0.0202869 
train_loss: 0.0214108 
test_loss: 0.0203021 
train_loss: 0.0220223 
test_loss: 0.0196192 
train_loss: 0.0203593 
test_loss: 0.0206433 
train_loss: 0.0208558 
test_loss: 0.0201132 
train_loss: 0.0197595 
test_loss: 0.0205227 
train_loss: 0.019224 
test_loss: 0.0200341 
train_loss: 0.0197793 
test_loss: 0.0207063 
train_loss: 0.0208995 
test_loss: 0.0201208 
train_loss: 0.0207495 
test_loss: 0.0203079 
train_loss: 0.0205128 
test_loss: 0.0205035 
train_loss: 0.0194757 
test_loss: 0.0200887 
train_loss: 0.0205712 
test_loss: 0.0201495 
train_loss: 0.0202579 
test_loss: 0.0208749 
train_loss: 0.0198518 
test_loss: 0.0200526 
train_loss: 0.0194366 
test_loss: 0.0204379 
train_loss: 0.0202761 
test_loss: 0.0199194 
train_loss: 0.0193689 
test_loss: 0.0201214 
train_loss: 0.0218679 
test_loss: 0.0204557 
train_loss: 0.0198311 
test_loss: 0.0202236 
train_loss: 0.0198864 
test_loss: 0.0201777 
train_loss: 0.0213469 
test_loss: 0.0201299 
train_loss: 0.0203981 
test_loss: 0.0202698 
train_loss: 0.0195489 
test_loss: 0.0202599 
train_loss: 0.0194215 
test_loss: 0.0197642 
train_loss: 0.0205942 
test_loss: 0.0206638 
train_loss: 0.0203908 
test_loss: 0.0211429 
train_loss: 0.0208895 
test_loss: 0.0206823 
train_loss: 0.0194243 
test_loss: 0.0199857 
train_loss: 0.0196424 
test_loss: 0.0205507 
train_loss: 0.0204598 
test_loss: 0.0208065 
train_loss: 0.0203545 
test_loss: 0.0205375 
train_loss: 0.0210321 
test_loss: 0.0208911 
train_loss: 0.0199892 
test_loss: 0.0205096 
train_loss: 0.0199458 
test_loss: 0.0204725 
train_loss: 0.0210638 
test_loss: 0.0200068 
train_loss: 0.0193754 
test_loss: 0.0199612 
train_loss: 0.0194673 
test_loss: 0.0198822 
train_loss: 0.0202832 
test_loss: 0.0201594 
train_loss: 0.0194985 
test_loss: 0.0204685 
train_loss: 0.018746 
test_loss: 0.020177 
train_loss: 0.0187915 
test_loss: 0.019697 
train_loss: 0.0212057 
test_loss: 0.0209749 
train_loss: 0.0196087 
test_loss: 0.0199015 
train_loss: 0.0199153 
test_loss: 0.020405 
train_loss: 0.0199769 
test_loss: 0.020007 
train_loss: 0.0203705 
test_loss: 0.021274 
train_loss: 0.0196034 
test_loss: 0.020415 
train_loss: 0.0214075 
test_loss: 0.0207491 
train_loss: 0.0206213 
test_loss: 0.0199139 
train_loss: 0.02287 
test_loss: 0.0212522 
train_loss: 0.0196652 
test_loss: 0.0192318 
train_loss: 0.0205484 
test_loss: 0.0208965 
train_loss: 0.0200772 
test_loss: 0.0196427 
train_loss: 0.0202002 
test_loss: 0.020496 
train_loss: 0.0201588 
test_loss: 0.0201514 
train_loss: 0.0201849 
test_loss: 0.0206219 
train_loss: 0.0211295 
test_loss: 0.019873 
train_loss: 0.0192886 
test_loss: 0.0197333 
train_loss: 0.0191583 
test_loss: 0.0200633 
train_loss: 0.0195552 
test_loss: 0.0204602 
train_loss: 0.0200951 
test_loss: 0.0197856 
train_loss: 0.0217932 
test_loss: 0.0205514 
train_loss: 0.0204289 
test_loss: 0.0203107 
train_loss: 0.0200186 
test_loss: 0.0199629 
train_loss: 0.0197428 
test_loss: 0.0200801 
train_loss: 0.020251 
test_loss: 0.0207984 
train_loss: 0.0203381 
test_loss: 0.020754 
train_loss: 0.0205214 
test_loss: 0.0202546 
train_loss: 0.0193352 
test_loss: 0.0202305 
train_loss: 0.0195486 
test_loss: 0.0201956 
train_loss: 0.0228588 
test_loss: 0.0201426 
train_loss: 0.0193205 
test_loss: 0.0200378 
train_loss: 0.0208001 
test_loss: 0.0207459 
train_loss: 0.0203215 
test_loss: 0.0202565 
train_loss: 0.0200473 
test_loss: 0.020524 
train_loss: 0.0207677 
test_loss: 0.0203823 
train_loss: 0.0204927 
test_loss: 0.0199676 
train_loss: 0.0223283 
test_loss: 0.0198664 
train_loss: 0.0200362 
test_loss: 0.0200638 
train_loss: 0.0206882 
test_loss: 0.0203186 
train_loss: 0.0195371 
test_loss: 0.0205643 
train_loss: 0.0188405 
test_loss: 0.0204528 
train_loss: 0.0218922 
test_loss: 0.0208103 
train_loss: 0.0193123 
test_loss: 0.0199155 
train_loss: 0.0196214 
test_loss: 0.019827 
train_loss: 0.0216204 
test_loss: 0.0212136 
train_loss: 0.0192801 
test_loss: 0.0204333 
train_loss: 0.0199773 
test_loss: 0.0200513 
train_loss: 0.020177 
test_loss: 0.0206698 
train_loss: 0.0194407 
test_loss: 0.0201319 
train_loss: 0.0192734 
test_loss: 0.0203972 
train_loss: 0.0196815 
test_loss: 0.0201422 
train_loss: 0.019865 
test_loss: 0.019881 
train_loss: 0.020256 
test_loss: 0.0204212 
train_loss: 0.020055 
test_loss: 0.0197478 
train_loss: 0.0209609 
test_loss: 0.0201446 
train_loss: 0.0201135 
test_loss: 0.0208557 
train_loss: 0.0191232 
test_loss: 0.0199979 
train_loss: 0.019664 
test_loss: 0.0205896 
train_loss: 0.0195853 
test_loss: 0.0203467 
