train_loss: 0.0346197 
test_loss: 0.0332742 
train_loss: 0.0316765 
test_loss: 0.0310314 
train_loss: 0.0284075 
test_loss: 0.0291614 
train_loss: 0.0231268 
test_loss: 0.0249505 
train_loss: 0.0233389 
test_loss: 0.0247184 
train_loss: 0.0227524 
test_loss: 0.0247635 
train_loss: 0.0246317 
test_loss: 0.0239616 
train_loss: 0.0241537 
test_loss: 0.0248882 
train_loss: 0.0255653 
test_loss: 0.0246863 
train_loss: 0.0258225 
test_loss: 0.0258464 
train_loss: 0.0278487 
test_loss: 0.0236725 
train_loss: 0.0247709 
test_loss: 0.0246275 
train_loss: 0.0237244 
test_loss: 0.0246667 
train_loss: 0.0223449 
test_loss: 0.0236746 
train_loss: 0.0257252 
test_loss: 0.0252936 
train_loss: 0.0234005 
test_loss: 0.0232851 
train_loss: 0.0222919 
test_loss: 0.0233698 
train_loss: 0.0208393 
test_loss: 0.021089 
train_loss: 0.0246645 
test_loss: 0.0251955 
train_loss: 0.0220154 
test_loss: 0.0224391 
train_loss: 0.0250423 
test_loss: 0.0228275 
train_loss: 0.0243354 
test_loss: 0.0229177 
train_loss: 0.023438 
test_loss: 0.0234376 
train_loss: 0.0224847 
test_loss: 0.0225227 
train_loss: 0.0235559 
test_loss: 0.0251239 
train_loss: 0.0241791 
test_loss: 0.0231865 
train_loss: 0.0224732 
test_loss: 0.0225882 
train_loss: 0.0233838 
test_loss: 0.022322 
train_loss: 0.0259299 
test_loss: 0.0226946 
train_loss: 0.0232115 
test_loss: 0.0229687 
train_loss: 0.0213335 
test_loss: 0.0216976 
train_loss: 0.0230258 
test_loss: 0.0220824 
train_loss: 0.0229002 
test_loss: 0.0227749 
train_loss: 0.0258258 
test_loss: 0.0225655 
train_loss: 0.0216964 
test_loss: 0.0228399 
train_loss: 0.0243883 
test_loss: 0.0226637 
train_loss: 0.0220826 
test_loss: 0.0224933 
train_loss: 0.0235445 
test_loss: 0.0239261 
train_loss: 0.0209907 
test_loss: 0.022428 
train_loss: 0.0243744 
test_loss: 0.0241092 
train_loss: 0.0226885 
test_loss: 0.0226391 
train_loss: 0.0214812 
test_loss: 0.0217798 
train_loss: 0.0227454 
test_loss: 0.0227172 
train_loss: 0.0225375 
test_loss: 0.0227957 
train_loss: 0.0231367 
test_loss: 0.022144 
train_loss: 0.0212328 
test_loss: 0.0226058 
train_loss: 0.0206688 
test_loss: 0.0224035 
train_loss: 0.0216689 
test_loss: 0.0220384 
train_loss: 0.0249769 
test_loss: 0.0238347 
train_loss: 0.0233009 
test_loss: 0.0224453 
train_loss: 0.0252908 
test_loss: 0.0226706 
train_loss: 0.0242723 
test_loss: 0.0229847 
train_loss: 0.0224208 
test_loss: 0.0225497 
train_loss: 0.0233075 
test_loss: 0.0225438 
train_loss: 0.0242953 
test_loss: 0.0224024 
train_loss: 0.0237521 
test_loss: 0.0242445 
train_loss: 0.0219203 
test_loss: 0.0214476 
train_loss: 0.0230099 
test_loss: 0.0222061 
train_loss: 0.0232407 
test_loss: 0.0228053 
train_loss: 0.0231788 
test_loss: 0.0220222 
train_loss: 0.0209879 
test_loss: 0.0213741 
train_loss: 0.021564 
test_loss: 0.0215363 
train_loss: 0.022441 
test_loss: 0.0229984 
train_loss: 0.0246618 
test_loss: 0.0235728 
train_loss: 0.0216049 
test_loss: 0.0222915 
train_loss: 0.0200003 
test_loss: 0.0224004 
train_loss: 0.0214838 
test_loss: 0.0231428 
train_loss: 0.0215339 
test_loss: 0.0222691 
train_loss: 0.023388 
test_loss: 0.0224891 
train_loss: 0.0220938 
test_loss: 0.0218049 
train_loss: 0.0219477 
test_loss: 0.022086 
train_loss: 0.0217654 
test_loss: 0.0210218 
train_loss: 0.021573 
test_loss: 0.0222535 
train_loss: 0.0225062 
test_loss: 0.0248989 
train_loss: 0.0210018 
test_loss: 0.0213271 
train_loss: 0.0205833 
test_loss: 0.0218954 
train_loss: 0.0259238 
test_loss: 0.0227178 
train_loss: 0.0217038 
test_loss: 0.0212178 
train_loss: 0.0225761 
test_loss: 0.0223646 
train_loss: 0.0225397 
test_loss: 0.0226656 
train_loss: 0.021624 
test_loss: 0.0216317 
train_loss: 0.0226834 
test_loss: 0.0226595 
train_loss: 0.0233377 
test_loss: 0.0222288 
train_loss: 0.0230292 
test_loss: 0.0238743 
train_loss: 0.0223281 
test_loss: 0.0225279 
train_loss: 0.0209073 
test_loss: 0.0214826 
train_loss: 0.0216992 
test_loss: 0.021484 
train_loss: 0.0224261 
test_loss: 0.0226151 
train_loss: 0.0247362 
test_loss: 0.022614 
train_loss: 0.0229815 
test_loss: 0.0219339 
train_loss: 0.0220097 
test_loss: 0.0213704 
train_loss: 0.0212107 
test_loss: 0.0214717 
train_loss: 0.0210773 
test_loss: 0.0211216 
train_loss: 0.0232283 
test_loss: 0.0229479 
train_loss: 0.0214841 
test_loss: 0.0215432 
train_loss: 0.0223977 
test_loss: 0.0230611 
train_loss: 0.0214668 
test_loss: 0.022715 
train_loss: 0.0194594 
test_loss: 0.0216615 
train_loss: 0.0210723 
test_loss: 0.0209572 
train_loss: 0.0203325 
test_loss: 0.0218692 
train_loss: 0.0217314 
test_loss: 0.02154 
train_loss: 0.0221029 
test_loss: 0.0217288 
train_loss: 0.0223626 
test_loss: 0.0212852 
train_loss: 0.0223334 
test_loss: 0.0216907 
train_loss: 0.0210438 
test_loss: 0.0214645 
train_loss: 0.0214025 
test_loss: 0.0210782 
train_loss: 0.021475 
test_loss: 0.0216533 
train_loss: 0.0215877 
test_loss: 0.0216493 
train_loss: 0.0227496 
test_loss: 0.0215899 
train_loss: 0.0210571 
test_loss: 0.02146 
train_loss: 0.0203774 
test_loss: 0.0212383 
train_loss: 0.0225991 
test_loss: 0.022057 
train_loss: 0.020943 
test_loss: 0.0217924 
train_loss: 0.0209911 
test_loss: 0.022353 
train_loss: 0.0207396 
test_loss: 0.0212523 
train_loss: 0.0223065 
test_loss: 0.0221279 
train_loss: 0.0224354 
test_loss: 0.0226506 
train_loss: 0.0221124 
test_loss: 0.0221796 
train_loss: 0.020233 
test_loss: 0.0216112 
train_loss: 0.0203052 
test_loss: 0.0211598 
train_loss: 0.024578 
test_loss: 0.0214026 
train_loss: 0.0226173 
test_loss: 0.0216141 
train_loss: 0.0213443 
test_loss: 0.0214461 
train_loss: 0.022233 
test_loss: 0.0220442 
train_loss: 0.022634 
test_loss: 0.0228469 
train_loss: 0.0244665 
test_loss: 0.021155 
train_loss: 0.0204621 
test_loss: 0.0215651 
train_loss: 0.0221575 
test_loss: 0.0228699 
train_loss: 0.0197237 
test_loss: 0.0207669 
train_loss: 0.0219773 
test_loss: 0.0212044 
train_loss: 0.0214032 
test_loss: 0.0216262 
train_loss: 0.0216752 
test_loss: 0.0211995 
train_loss: 0.0202343 
test_loss: 0.0209066 
train_loss: 0.0215758 
test_loss: 0.0216463 
train_loss: 0.0224653 
test_loss: 0.0217617 
train_loss: 0.0224928 
test_loss: 0.0215132 
train_loss: 0.0217544 
test_loss: 0.0215895 
train_loss: 0.0221877 
test_loss: 0.0221311 
train_loss: 0.0211554 
test_loss: 0.021681 
train_loss: 0.0236663 
test_loss: 0.0210446 
train_loss: 0.0227238 
test_loss: 0.0216279 
train_loss: 0.0229812 
test_loss: 0.0227067 
train_loss: 0.0226195 
test_loss: 0.0224662 
train_loss: 0.020682 
test_loss: 0.0213162 
train_loss: 0.0205706 
test_loss: 0.0211904 
train_loss: 0.0197527 
test_loss: 0.0205948 
train_loss: 0.0223865 
test_loss: 0.0226235 
train_loss: 0.0196836 
test_loss: 0.0211611 
train_loss: 0.020695 
test_loss: 0.0215942 
train_loss: 0.0217189 
test_loss: 0.0215326 
train_loss: 0.0215927 
test_loss: 0.022291 
train_loss: 0.0215183 
test_loss: 0.022249 
train_loss: 0.021078 
test_loss: 0.0222908 
train_loss: 0.0204445 
test_loss: 0.020579 
train_loss: 0.0211474 
test_loss: 0.0208518 
train_loss: 0.0212619 
test_loss: 0.0214511 
train_loss: 0.0208854 
test_loss: 0.0203813 
train_loss: 0.0211199 
test_loss: 0.0215019 
train_loss: 0.0199268 
test_loss: 0.0211731 
train_loss: 0.0203943 
test_loss: 0.02147 
train_loss: 0.0201753 
test_loss: 0.0221389 
train_loss: 0.0274191 
test_loss: 0.0225909 
train_loss: 0.0206397 
test_loss: 0.0217968 
train_loss: 0.0209535 
test_loss: 0.0210852 
train_loss: 0.020495 
test_loss: 0.02098 
train_loss: 0.0208165 
test_loss: 0.0219407 
train_loss: 0.0199509 
test_loss: 0.0207706 
train_loss: 0.0217061 
test_loss: 0.0211703 
train_loss: 0.0197923 
test_loss: 0.0204237 
train_loss: 0.0213884 
test_loss: 0.0211395 
train_loss: 0.0215587 
test_loss: 0.0220327 
train_loss: 0.0206701 
test_loss: 0.0208814 
train_loss: 0.0205626 
test_loss: 0.0204433 
train_loss: 0.0216379 
test_loss: 0.0223695 
train_loss: 0.02166 
test_loss: 0.0214725 
train_loss: 0.0207276 
test_loss: 0.0211796 
train_loss: 0.0205715 
test_loss: 0.0211557 
train_loss: 0.0229543 
test_loss: 0.0211241 
train_loss: 0.0212223 
test_loss: 0.021245 
train_loss: 0.022522 
test_loss: 0.0220007 
train_loss: 0.0209745 
test_loss: 0.0220476 
train_loss: 0.0205308 
test_loss: 0.0210787 
train_loss: 0.0195427 
test_loss: 0.0208226 
train_loss: 0.0198465 
test_loss: 0.0208289 
train_loss: 0.0209797 
test_loss: 0.0204663 
train_loss: 0.0200796 
test_loss: 0.0198907 
train_loss: 0.0230045 
test_loss: 0.0225446 
train_loss: 0.0235013 
test_loss: 0.0219983 
train_loss: 0.0249082 
test_loss: 0.0211698 
train_loss: 0.0215858 
test_loss: 0.0214575 
train_loss: 0.0243216 
test_loss: 0.022523 
train_loss: 0.0206827 
test_loss: 0.0208962 
train_loss: 0.0217977 
test_loss: 0.0208318 
train_loss: 0.0216082 
test_loss: 0.0212097 
train_loss: 0.0196474 
test_loss: 0.0206888 
train_loss: 0.0196938 
test_loss: 0.0206518 
train_loss: 0.0204404 
test_loss: 0.0210229 
train_loss: 0.0205207 
test_loss: 0.0207028 
train_loss: 0.0207423 
test_loss: 0.0208338 
train_loss: 0.0203034 
test_loss: 0.0201257 
train_loss: 0.0208004 
test_loss: 0.0211208 
train_loss: 0.0202114 
test_loss: 0.0206038 
train_loss: 0.0196428 
test_loss: 0.0208187 
train_loss: 0.0213975 
test_loss: 0.021156 
train_loss: 0.0219999 
test_loss: 0.0205543 
train_loss: 0.0209011 
test_loss: 0.0200656 
train_loss: 0.0204232 
test_loss: 0.0214882 
train_loss: 0.0215477 
test_loss: 0.0213525 
train_loss: 0.0217939 
test_loss: 0.020206 
train_loss: 0.0214216 
test_loss: 0.0217697 
train_loss: 0.0209727 
test_loss: 0.0207231 
train_loss: 0.0207243 
test_loss: 0.0211566 
train_loss: 0.0201764 
test_loss: 0.0205244 
train_loss: 0.0211467 
test_loss: 0.0213492 
train_loss: 0.0204379 
test_loss: 0.0203109 
train_loss: 0.0209096 
test_loss: 0.0203747 
train_loss: 0.0206602 
test_loss: 0.0206033 
train_loss: 0.0197597 
test_loss: 0.0208715 
train_loss: 0.0200252 
test_loss: 0.0208614 
train_loss: 0.019692 
test_loss: 0.0209305 
train_loss: 0.0208913 
test_loss: 0.0206807 
train_loss: 0.0210126 
test_loss: 0.0209639 
train_loss: 0.0202385 
test_loss: 0.0211737 
train_loss: 0.0211894 
test_loss: 0.021336 
train_loss: 0.0221776 
test_loss: 0.0209909 
train_loss: 0.0205511 
test_loss: 0.0208939 
train_loss: 0.0202271 
test_loss: 0.0203775 
train_loss: 0.0208561 
test_loss: 0.0211435 
train_loss: 0.021091 
test_loss: 0.0210565 
train_loss: 0.0249146 
test_loss: 0.0207824 
train_loss: 0.0204159 
test_loss: 0.0203928 
train_loss: 0.0196048 
test_loss: 0.0203787 
train_loss: 0.0209385 
test_loss: 0.0209431 
train_loss: 0.0199036 
test_loss: 0.0208715 
train_loss: 0.0203255 
test_loss: 0.0209313 
train_loss: 0.0216227 
test_loss: 0.0225225 
train_loss: 0.0212039 
test_loss: 0.0209669 
train_loss: 0.0202184 
test_loss: 0.0202214 
train_loss: 0.0199021 
test_loss: 0.0210623 
train_loss: 0.0209196 
test_loss: 0.021176 
train_loss: 0.0201688 
test_loss: 0.020958 
train_loss: 0.0207513 
test_loss: 0.020461 
train_loss: 0.0201114 
test_loss: 0.0207154 
train_loss: 0.0193758 
test_loss: 0.0206339 
train_loss: 0.0235222 
test_loss: 0.0216623 
train_loss: 0.0256592 
test_loss: 0.0223093 
train_loss: 0.0217926 
test_loss: 0.0214117 
train_loss: 0.0243261 
test_loss: 0.0206275 
train_loss: 0.0226895 
test_loss: 0.0227909 
train_loss: 0.021401 
test_loss: 0.0209962 
train_loss: 0.0197323 
test_loss: 0.0204389 
train_loss: 0.022776 
test_loss: 0.0211318 
train_loss: 0.0199728 
test_loss: 0.0206475 
train_loss: 0.0206281 
test_loss: 0.0207447 
train_loss: 0.0218077 
test_loss: 0.0209613 
train_loss: 0.0211974 
test_loss: 0.0205415 
train_loss: 0.0230597 
test_loss: 0.0213118 
train_loss: 0.0209633 
test_loss: 0.0212886 
train_loss: 0.0219303 
test_loss: 0.0212381 
train_loss: 0.0207144 
test_loss: 0.0206071 
train_loss: 0.0202063 
test_loss: 0.0205774 
train_loss: 0.0214898 
test_loss: 0.0205845 
train_loss: 0.0204052 
test_loss: 0.0217461 
train_loss: 0.0196604 
test_loss: 0.0203676 
train_loss: 0.0220964 
test_loss: 0.0213006 
train_loss: 0.0211711 
test_loss: 0.0206615 
train_loss: 0.0206981 
test_loss: 0.020139 
train_loss: 0.0220326 
test_loss: 0.0216064 
train_loss: 0.0262535 
test_loss: 0.0210583 
train_loss: 0.0194854 
test_loss: 0.020193 
train_loss: 0.0215987 
test_loss: 0.0211503 
train_loss: 0.0242333 
test_loss: 0.021323 
train_loss: 0.0203598 
test_loss: 0.0215934 
train_loss: 0.0197437 
test_loss: 0.0206216 
train_loss: 0.0212568 
test_loss: 0.0218438 
train_loss: 0.0199269 
test_loss: 0.020825 
train_loss: 0.0206352 
test_loss: 0.020065 
train_loss: 0.0216499 
test_loss: 0.0218285 
train_loss: 0.0202791 
test_loss: 0.0209908 
train_loss: 0.0200322 
test_loss: 0.0205862 
train_loss: 0.019741 
test_loss: 0.0204713 
train_loss: 0.0205378 
test_loss: 0.020648 
train_loss: 0.0196265 
test_loss: 0.0201818 
train_loss: 0.0199176 
test_loss: 0.0204297 
train_loss: 0.0200863 
test_loss: 0.0210241 
train_loss: 0.0209839 
test_loss: 0.0210162 
train_loss: 0.0193334 
test_loss: 0.0204719 
train_loss: 0.0204158 
test_loss: 0.0204449 
train_loss: 0.021349 
test_loss: 0.0210584 
train_loss: 0.0191222 
test_loss: 0.0206843 
train_loss: 0.0196418 
test_loss: 0.0212196 
train_loss: 0.02003 
test_loss: 0.0207817 
train_loss: 0.02067 
test_loss: 0.0207315 
train_loss: 0.0206482 
test_loss: 0.0215467 
train_loss: 0.0221662 
test_loss: 0.0205269 
train_loss: 0.0193979 
test_loss: 0.0200911 
train_loss: 0.0200235 
test_loss: 0.0205832 
train_loss: 0.0210601 
test_loss: 0.0212434 
train_loss: 0.0202318 
test_loss: 0.0198701 
train_loss: 0.0200487 
test_loss: 0.021082 
train_loss: 0.0199129 
test_loss: 0.0207461 
train_loss: 0.0200828 
test_loss: 0.0207226 
train_loss: 0.021867 
test_loss: 0.0209321 
train_loss: 0.0198275 
test_loss: 0.020067 
train_loss: 0.0225766 
test_loss: 0.0209135 
train_loss: 0.0223923 
test_loss: 0.0203935 
train_loss: 0.0222003 
test_loss: 0.0214418 
train_loss: 0.0213263 
test_loss: 0.0204111 
train_loss: 0.020645 
test_loss: 0.0204753 
train_loss: 0.0213956 
test_loss: 0.0205568 
train_loss: 0.020463 
test_loss: 0.0217262 
train_loss: 0.0239323 
test_loss: 0.0202028 
train_loss: 0.0196986 
test_loss: 0.0201852 
train_loss: 0.0211745 
test_loss: 0.0215848 
train_loss: 0.0200511 
test_loss: 0.0199809 
train_loss: 0.0193716 
test_loss: 0.0205455 
train_loss: 0.0199925 
test_loss: 0.0204107 
train_loss: 0.0206487 
test_loss: 0.0202587 
train_loss: 0.0204627 
test_loss: 0.0204358 
train_loss: 0.0216262 
test_loss: 0.0204482 
train_loss: 0.0206834 
test_loss: 0.0205324 
train_loss: 0.0217618 
test_loss: 0.0202854 
train_loss: 0.0207624 
test_loss: 0.0203467 
train_loss: 0.0211313 
test_loss: 0.0212506 
train_loss: 0.0214374 
test_loss: 0.0205686 
train_loss: 0.020107 
test_loss: 0.0206683 
train_loss: 0.0196962 
test_loss: 0.0209431 
train_loss: 0.020495 
test_loss: 0.0212624 
train_loss: 0.0209296 
test_loss: 0.0207766 
train_loss: 0.0216878 
test_loss: 0.0207072 
train_loss: 0.020655 
test_loss: 0.0203713 
train_loss: 0.0205818 
test_loss: 0.0212111 
train_loss: 0.0212641 
test_loss: 0.0203697 
train_loss: 0.0186779 
test_loss: 0.0200831 
train_loss: 0.0200585 
test_loss: 0.0204421 
train_loss: 0.0200122 
test_loss: 0.0204505 
train_loss: 0.0200203 
test_loss: 0.0206955 
train_loss: 0.0216109 
test_loss: 0.0210187 
train_loss: 0.021272 
test_loss: 0.0212058 
train_loss: 0.0200729 
test_loss: 0.0199486 
train_loss: 0.0203521 
test_loss: 0.0206218 
train_loss: 0.0211377 
test_loss: 0.02108 
train_loss: 0.0204852 
test_loss: 0.0209904 
train_loss: 0.0205248 
test_loss: 0.0210459 
train_loss: 0.0205923 
test_loss: 0.019958 
train_loss: 0.0206608 
test_loss: 0.0211868 
train_loss: 0.0198346 
test_loss: 0.0202769 
train_loss: 0.0211655 
test_loss: 0.0208207 
train_loss: 0.0234154 
test_loss: 0.0223752 
train_loss: 0.0201026 
test_loss: 0.0202481 
train_loss: 0.020146 
test_loss: 0.0207787 
train_loss: 0.0200764 
test_loss: 0.0201316 
train_loss: 0.020766 
test_loss: 0.0207885 
train_loss: 0.0195615 
test_loss: 0.0207955 
train_loss: 0.0195571 
test_loss: 0.0203999 
train_loss: 0.0201933 
test_loss: 0.0207752 
train_loss: 0.0209944 
test_loss: 0.0208972 
train_loss: 0.0197988 
test_loss: 0.0202198 
train_loss: 0.0197628 
test_loss: 0.0198327 
train_loss: 0.0207983 
test_loss: 0.0207051 
train_loss: 0.0206816 
test_loss: 0.0204598 
train_loss: 0.0211606 
test_loss: 0.0207711 
train_loss: 0.0194227 
test_loss: 0.020567 
train_loss: 0.0209368 
test_loss: 0.021188 
train_loss: 0.0201026 
test_loss: 0.0204636 
train_loss: 0.0193951 
test_loss: 0.0202105 
train_loss: 0.0205208 
test_loss: 0.0206439 
train_loss: 0.0194416 
test_loss: 0.0200473 
train_loss: 0.0212514 
test_loss: 0.0212734 
train_loss: 0.0204044 
test_loss: 0.0205369 
train_loss: 0.0198914 
test_loss: 0.020565 
train_loss: 0.0201471 
test_loss: 0.020115 
train_loss: 0.0216587 
test_loss: 0.0200439 
train_loss: 0.0206173 
test_loss: 0.0211444 
train_loss: 0.0194916 
test_loss: 0.0205928 
train_loss: 0.0200486 
test_loss: 0.0208334 
train_loss: 0.0196361 
test_loss: 0.020776 
train_loss: 0.0215862 
test_loss: 0.021317 
train_loss: 0.0208839 
test_loss: 0.0202653 
train_loss: 0.0202452 
test_loss: 0.0207113 
train_loss: 0.0229934 
test_loss: 0.0218512 
train_loss: 0.020428 
test_loss: 0.0209348 
train_loss: 0.0194361 
test_loss: 0.0199695 
train_loss: 0.0197486 
test_loss: 0.0197956 
train_loss: 0.0204794 
test_loss: 0.0212336 
train_loss: 0.0202604 
test_loss: 0.0210781 
train_loss: 0.0208407 
test_loss: 0.0203393 
train_loss: 0.0222566 
test_loss: 0.0206886 
train_loss: 0.0210817 
test_loss: 0.0207468 
train_loss: 0.0200016 
test_loss: 0.0201832 
train_loss: 0.0197388 
test_loss: 0.0200497 
train_loss: 0.0199308 
test_loss: 0.0211226 
train_loss: 0.0221131 
test_loss: 0.0208899 
train_loss: 0.0205632 
test_loss: 0.0209055 
train_loss: 0.0213732 
test_loss: 0.0205572 
train_loss: 0.0200233 
test_loss: 0.0199401 
train_loss: 0.0197097 
test_loss: 0.0206102 
train_loss: 0.0195858 
test_loss: 0.0199213 
train_loss: 0.0198371 
test_loss: 0.0205653 
train_loss: 0.0198502 
test_loss: 0.0214847 
train_loss: 0.0198948 
test_loss: 0.0201473 
train_loss: 0.0206531 
test_loss: 0.0209457 
train_loss: 0.0205795 
test_loss: 0.020259 
train_loss: 0.020375 
test_loss: 0.0206755 
train_loss: 0.0198054 
test_loss: 0.0203069 
train_loss: 0.0205077 
test_loss: 0.0209205 
train_loss: 0.0203187 
test_loss: 0.0201007 
train_loss: 0.0206891 
test_loss: 0.0212625 
train_loss: 0.0202825 
test_loss: 0.0209903 
train_loss: 0.0213123 
test_loss: 0.0215826 
