train_loss: 0.088655 
test_loss: 0.0917041 
train_loss: 0.0741516 
test_loss: 0.0738072 
train_loss: 0.0440246 
test_loss: 0.0424385 
train_loss: 0.0353017 
test_loss: 0.0369039 
train_loss: 0.0454157 
test_loss: 0.034287 
train_loss: 0.0326097 
test_loss: 0.0351406 
train_loss: 0.0353415 
test_loss: 0.03476 
train_loss: 0.0334805 
test_loss: 0.0347631 
train_loss: 0.0310419 
test_loss: 0.0333116 
train_loss: 0.0316779 
test_loss: 0.0332948 
train_loss: 0.0286302 
test_loss: 0.0295978 
train_loss: 0.0325795 
test_loss: 0.0320906 
train_loss: 0.0353082 
test_loss: 0.0315908 
train_loss: 0.0310391 
test_loss: 0.0298616 
train_loss: 0.0278607 
test_loss: 0.0279222 
train_loss: 0.0306408 
test_loss: 0.0286509 
train_loss: 0.0255635 
test_loss: 0.0278192 
train_loss: 0.0267783 
test_loss: 0.0263447 
train_loss: 0.0271716 
test_loss: 0.0275616 
train_loss: 0.0283212 
test_loss: 0.0274604 
train_loss: 0.0263221 
test_loss: 0.0267934 
train_loss: 0.0263728 
test_loss: 0.0265206 
train_loss: 0.0287901 
test_loss: 0.0275169 
train_loss: 0.0280275 
test_loss: 0.029023 
train_loss: 0.0274338 
test_loss: 0.0278998 
train_loss: 0.0285963 
test_loss: 0.0283003 
train_loss: 0.0261932 
test_loss: 0.0261798 
train_loss: 0.0269935 
test_loss: 0.0268318 
train_loss: 0.0244849 
test_loss: 0.0252259 
train_loss: 0.02803 
test_loss: 0.027083 
train_loss: 0.0236283 
test_loss: 0.024283 
train_loss: 0.028333 
test_loss: 0.0272038 
train_loss: 0.0263822 
test_loss: 0.0268978 
train_loss: 0.0265528 
test_loss: 0.0260401 
train_loss: 0.0271932 
test_loss: 0.0274071 
train_loss: 0.0260312 
test_loss: 0.0246655 
train_loss: 0.025437 
test_loss: 0.0256129 
train_loss: 0.0250904 
test_loss: 0.0256643 
train_loss: 0.0244525 
test_loss: 0.0242212 
train_loss: 0.0244243 
test_loss: 0.0260673 
train_loss: 0.0233271 
test_loss: 0.0239015 
train_loss: 0.0236805 
test_loss: 0.0242035 
train_loss: 0.0244337 
test_loss: 0.0254615 
train_loss: 0.0243656 
test_loss: 0.0246437 
train_loss: 0.0237179 
test_loss: 0.0246399 
train_loss: 0.0278209 
test_loss: 0.0264569 
train_loss: 0.0251616 
test_loss: 0.0252767 
train_loss: 0.024332 
test_loss: 0.0255303 
train_loss: 0.0250767 
test_loss: 0.0245835 
train_loss: 0.0248421 
test_loss: 0.0246807 
train_loss: 0.0253218 
test_loss: 0.0240129 
train_loss: 0.0249754 
test_loss: 0.0241803 
train_loss: 0.0221415 
test_loss: 0.0230267 
train_loss: 0.0250341 
test_loss: 0.0253061 
train_loss: 0.0255256 
test_loss: 0.02476 
train_loss: 0.0239861 
test_loss: 0.0247224 
train_loss: 0.0241798 
test_loss: 0.025246 
train_loss: 0.0234657 
test_loss: 0.0243025 
train_loss: 0.0229028 
test_loss: 0.0225729 
train_loss: 0.0263003 
test_loss: 0.024612 
train_loss: 0.0216732 
test_loss: 0.0227153 
train_loss: 0.0238046 
test_loss: 0.0230651 
train_loss: 0.0228186 
test_loss: 0.0229395 
train_loss: 0.0217736 
test_loss: 0.0235944 
train_loss: 0.0225905 
test_loss: 0.025772 
train_loss: 0.0216437 
test_loss: 0.0229015 
train_loss: 0.0242169 
test_loss: 0.0249216 
train_loss: 0.0230096 
test_loss: 0.0232476 
train_loss: 0.0221438 
test_loss: 0.0234816 
train_loss: 0.0234921 
test_loss: 0.0252158 
train_loss: 0.0247149 
test_loss: 0.0232025 
train_loss: 0.0237947 
test_loss: 0.024484 
train_loss: 0.0228236 
test_loss: 0.0233683 
train_loss: 0.0222941 
test_loss: 0.0229444 
train_loss: 0.0243328 
test_loss: 0.0235675 
train_loss: 0.0216496 
test_loss: 0.0243602 
train_loss: 0.0281378 
test_loss: 0.0242401 
train_loss: 0.0236268 
test_loss: 0.0247339 
train_loss: 0.0217906 
test_loss: 0.0224559 
train_loss: 0.0241736 
test_loss: 0.0228098 
train_loss: 0.0250887 
test_loss: 0.0245671 
train_loss: 0.0229161 
test_loss: 0.0233263 
train_loss: 0.0223775 
test_loss: 0.023433 
train_loss: 0.0233345 
test_loss: 0.024162 
train_loss: 0.0235408 
test_loss: 0.0218108 
train_loss: 0.0242382 
test_loss: 0.0237333 
train_loss: 0.0227659 
test_loss: 0.0233747 
train_loss: 0.0220989 
test_loss: 0.0231241 
train_loss: 0.0242259 
test_loss: 0.023162 
train_loss: 0.0236124 
test_loss: 0.0224279 
train_loss: 0.0216661 
test_loss: 0.0228875 
train_loss: 0.0226709 
test_loss: 0.0232401 
train_loss: 0.0232447 
test_loss: 0.0231495 
train_loss: 0.0221999 
test_loss: 0.0229 
train_loss: 0.022278 
test_loss: 0.0228526 
train_loss: 0.0217959 
test_loss: 0.022387 
train_loss: 0.0229997 
test_loss: 0.0226592 
train_loss: 0.0227929 
test_loss: 0.0232192 
train_loss: 0.0230494 
test_loss: 0.0227438 
train_loss: 0.0216303 
test_loss: 0.0226314 
train_loss: 0.0251429 
test_loss: 0.0225495 
train_loss: 0.0221344 
test_loss: 0.0224551 
train_loss: 0.0224591 
test_loss: 0.0228331 
train_loss: 0.0212308 
test_loss: 0.022329 
train_loss: 0.0216463 
test_loss: 0.0221666 
train_loss: 0.0216083 
test_loss: 0.0218234 
train_loss: 0.0225433 
test_loss: 0.0218589 
train_loss: 0.0220237 
test_loss: 0.0228021 
train_loss: 0.0228297 
test_loss: 0.022562 
train_loss: 0.0235612 
test_loss: 0.022989 
train_loss: 0.0215797 
test_loss: 0.023399 
train_loss: 0.0260734 
test_loss: 0.0231835 
train_loss: 0.0210751 
test_loss: 0.0216891 
train_loss: 0.0233947 
test_loss: 0.0227227 
train_loss: 0.021879 
test_loss: 0.0211438 
train_loss: 0.0231638 
test_loss: 0.0236879 
train_loss: 0.0228937 
test_loss: 0.0233005 
train_loss: 0.023168 
test_loss: 0.0232689 
train_loss: 0.0211933 
test_loss: 0.0219751 
train_loss: 0.0213715 
test_loss: 0.021869 
train_loss: 0.0208592 
test_loss: 0.0223904 
train_loss: 0.0217387 
test_loss: 0.0225486 
train_loss: 0.0218802 
test_loss: 0.0222522 
train_loss: 0.0235079 
test_loss: 0.023221 
train_loss: 0.0213664 
test_loss: 0.0219594 
train_loss: 0.021874 
test_loss: 0.022307 
train_loss: 0.0215458 
test_loss: 0.0211726 
train_loss: 0.0221725 
test_loss: 0.0220115 
train_loss: 0.0215765 
test_loss: 0.0218191 
train_loss: 0.021908 
test_loss: 0.0226967 
train_loss: 0.0228776 
test_loss: 0.0225123 
train_loss: 0.0227314 
test_loss: 0.0223283 
train_loss: 0.0233057 
test_loss: 0.0217241 
train_loss: 0.0222783 
test_loss: 0.0219225 
train_loss: 0.0210268 
test_loss: 0.0217186 
train_loss: 0.0223664 
test_loss: 0.0222178 
train_loss: 0.0230001 
test_loss: 0.02266 
train_loss: 0.0216181 
test_loss: 0.0214484 
train_loss: 0.0228744 
test_loss: 0.022399 
train_loss: 0.0262214 
test_loss: 0.0215199 
train_loss: 0.0214522 
test_loss: 0.0228821 
train_loss: 0.0228461 
test_loss: 0.0219047 
train_loss: 0.0215121 
test_loss: 0.0230557 
train_loss: 0.0199659 
test_loss: 0.0207366 
train_loss: 0.0221259 
test_loss: 0.0217872 
train_loss: 0.0207498 
test_loss: 0.0221398 
train_loss: 0.021322 
test_loss: 0.0213254 
train_loss: 0.0215853 
test_loss: 0.02229 
train_loss: 0.0216958 
test_loss: 0.0219704 
train_loss: 0.0236161 
test_loss: 0.0227241 
train_loss: 0.0221856 
test_loss: 0.0233858 
train_loss: 0.0212767 
test_loss: 0.0215231 
train_loss: 0.0234666 
test_loss: 0.0210503 
train_loss: 0.0240437 
test_loss: 0.0222846 
train_loss: 0.0221646 
test_loss: 0.0226426 
train_loss: 0.0221056 
test_loss: 0.0221197 
train_loss: 0.0212849 
test_loss: 0.0215477 
train_loss: 0.0218805 
test_loss: 0.0215828 
train_loss: 0.0206567 
test_loss: 0.0213989 
train_loss: 0.0215848 
test_loss: 0.0209094 
train_loss: 0.0219511 
test_loss: 0.0219756 
train_loss: 0.0218509 
test_loss: 0.0221737 
train_loss: 0.0216274 
test_loss: 0.0213735 
train_loss: 0.0214791 
test_loss: 0.0214396 
train_loss: 0.0212517 
test_loss: 0.0222798 
train_loss: 0.0206708 
test_loss: 0.0212792 
train_loss: 0.021589 
test_loss: 0.0230707 
train_loss: 0.0213704 
test_loss: 0.0221463 
train_loss: 0.021966 
test_loss: 0.0223668 
train_loss: 0.0219845 
test_loss: 0.0210178 
train_loss: 0.0220318 
test_loss: 0.02207 
train_loss: 0.0214153 
test_loss: 0.0213324 
train_loss: 0.0199369 
test_loss: 0.020626 
train_loss: 0.021653 
test_loss: 0.0218106 
train_loss: 0.0211372 
test_loss: 0.0211783 
train_loss: 0.0215312 
test_loss: 0.0216467 
train_loss: 0.021509 
test_loss: 0.0216062 
train_loss: 0.0230185 
test_loss: 0.0224532 
train_loss: 0.0206543 
test_loss: 0.0220626 
train_loss: 0.0221125 
test_loss: 0.0213055 
train_loss: 0.0205408 
test_loss: 0.0217448 
train_loss: 0.0203331 
test_loss: 0.0211805 
train_loss: 0.0214402 
test_loss: 0.0216958 
train_loss: 0.0227937 
test_loss: 0.0219665 
train_loss: 0.0205615 
test_loss: 0.0210419 
train_loss: 0.0207287 
test_loss: 0.0223126 
train_loss: 0.0220688 
test_loss: 0.021501 
train_loss: 0.0206803 
test_loss: 0.021282 
train_loss: 0.0225512 
test_loss: 0.0222868 
train_loss: 0.0217925 
test_loss: 0.0219528 
train_loss: 0.0227355 
test_loss: 0.0210464 
train_loss: 0.0218844 
test_loss: 0.0229477 
train_loss: 0.0229053 
test_loss: 0.0213205 
train_loss: 0.0212608 
test_loss: 0.021365 
train_loss: 0.0224555 
test_loss: 0.0216387 
train_loss: 0.0209425 
test_loss: 0.0219986 
train_loss: 0.0204164 
test_loss: 0.020592 
train_loss: 0.0198081 
test_loss: 0.0222533 
train_loss: 0.0209245 
test_loss: 0.0207825 
train_loss: 0.0206085 
test_loss: 0.0216164 
train_loss: 0.0206214 
test_loss: 0.0203783 
train_loss: 0.0212962 
test_loss: 0.0216725 
train_loss: 0.0209574 
test_loss: 0.0222591 
train_loss: 0.0219021 
test_loss: 0.022115 
train_loss: 0.022188 
test_loss: 0.0220577 
train_loss: 0.0200643 
test_loss: 0.0209344 
train_loss: 0.0219633 
test_loss: 0.0221007 
train_loss: 0.0211059 
test_loss: 0.021094 
train_loss: 0.0226496 
test_loss: 0.022588 
train_loss: 0.0190388 
test_loss: 0.0212426 
train_loss: 0.0215923 
test_loss: 0.0215942 
train_loss: 0.0220499 
test_loss: 0.0227524 
train_loss: 0.0201618 
test_loss: 0.0210195 
train_loss: 0.0213585 
test_loss: 0.0206712 
train_loss: 0.0205577 
test_loss: 0.0213243 
train_loss: 0.0253142 
test_loss: 0.0223995 
train_loss: 0.0206631 
test_loss: 0.0214617 
train_loss: 0.0213354 
test_loss: 0.0210865 
train_loss: 0.0206214 
test_loss: 0.0212894 
train_loss: 0.0212144 
test_loss: 0.0211055 
train_loss: 0.0222952 
test_loss: 0.0222066 
train_loss: 0.0216258 
test_loss: 0.0211381 
train_loss: 0.0203952 
test_loss: 0.0214667 
train_loss: 0.0221577 
test_loss: 0.0228794 
train_loss: 0.0228027 
test_loss: 0.0217509 
train_loss: 0.0211441 
test_loss: 0.0217524 
train_loss: 0.0227507 
test_loss: 0.0216636 
train_loss: 0.0205434 
test_loss: 0.0210471 
train_loss: 0.0204362 
test_loss: 0.0210469 
train_loss: 0.0230781 
test_loss: 0.0207423 
train_loss: 0.0210441 
test_loss: 0.0205598 
train_loss: 0.0209876 
test_loss: 0.0205766 
train_loss: 0.0203745 
test_loss: 0.0210621 
train_loss: 0.0221505 
test_loss: 0.0213007 
train_loss: 0.0204632 
test_loss: 0.0204077 
train_loss: 0.0209437 
test_loss: 0.0215369 
train_loss: 0.0214447 
test_loss: 0.0208547 
train_loss: 0.019984 
test_loss: 0.0214907 
train_loss: 0.0215036 
test_loss: 0.0212468 
train_loss: 0.0202594 
test_loss: 0.0211377 
train_loss: 0.0206673 
test_loss: 0.021106 
train_loss: 0.0208957 
test_loss: 0.0210098 
train_loss: 0.0215391 
test_loss: 0.0219391 
train_loss: 0.0210253 
test_loss: 0.0216752 
train_loss: 0.0209512 
test_loss: 0.0214885 
train_loss: 0.0214293 
test_loss: 0.0211221 
train_loss: 0.0203193 
test_loss: 0.0206085 
train_loss: 0.0231338 
test_loss: 0.0220126 
train_loss: 0.0218812 
test_loss: 0.0226482 
train_loss: 0.0196959 
test_loss: 0.0205448 
train_loss: 0.0213514 
test_loss: 0.0210983 
train_loss: 0.0254182 
test_loss: 0.0206475 
train_loss: 0.0200955 
test_loss: 0.0205633 
train_loss: 0.0204874 
test_loss: 0.0209096 
train_loss: 0.0200531 
test_loss: 0.0205998 
train_loss: 0.0237706 
test_loss: 0.0225575 
train_loss: 0.0202949 
test_loss: 0.0205005 
train_loss: 0.0197095 
test_loss: 0.0207876 
train_loss: 0.020302 
test_loss: 0.0204595 
train_loss: 0.0208519 
test_loss: 0.0212647 
train_loss: 0.0220301 
test_loss: 0.0209162 
train_loss: 0.0215441 
test_loss: 0.0213947 
train_loss: 0.020417 
test_loss: 0.0214599 
train_loss: 0.020213 
test_loss: 0.0203853 
train_loss: 0.0202819 
test_loss: 0.0207572 
train_loss: 0.0206712 
test_loss: 0.0211432 
train_loss: 0.019898 
test_loss: 0.0207235 
train_loss: 0.0209442 
test_loss: 0.0208175 
train_loss: 0.02269 
test_loss: 0.0211313 
train_loss: 0.0214065 
test_loss: 0.0209304 
train_loss: 0.0210538 
test_loss: 0.0215439 
train_loss: 0.0198982 
test_loss: 0.0210743 
train_loss: 0.021329 
test_loss: 0.0219253 
train_loss: 0.0195201 
test_loss: 0.0202893 
train_loss: 0.0194074 
test_loss: 0.0201413 
train_loss: 0.0204957 
test_loss: 0.02101 
train_loss: 0.0204819 
test_loss: 0.0206173 
train_loss: 0.0203543 
test_loss: 0.0207802 
train_loss: 0.0202055 
test_loss: 0.0209983 
train_loss: 0.021523 
test_loss: 0.0214271 
train_loss: 0.0208475 
test_loss: 0.0205106 
train_loss: 0.0191553 
test_loss: 0.0199117 
train_loss: 0.0214009 
test_loss: 0.0200011 
train_loss: 0.0207146 
test_loss: 0.0208302 
train_loss: 0.0209829 
test_loss: 0.0205531 
train_loss: 0.0212933 
test_loss: 0.0212878 
train_loss: 0.0188759 
test_loss: 0.020474 
train_loss: 0.0212734 
test_loss: 0.02094 
train_loss: 0.0195623 
test_loss: 0.0215139 
train_loss: 0.0198034 
test_loss: 0.0203695 
train_loss: 0.0199249 
test_loss: 0.020673 
train_loss: 0.022051 
test_loss: 0.0209021 
train_loss: 0.0216278 
test_loss: 0.0217427 
train_loss: 0.0210383 
test_loss: 0.0211007 
train_loss: 0.0233593 
test_loss: 0.0218115 
train_loss: 0.0202442 
test_loss: 0.0199219 
train_loss: 0.0210095 
test_loss: 0.0208998 
train_loss: 0.0209747 
test_loss: 0.0220435 
train_loss: 0.020668 
test_loss: 0.0214141 
train_loss: 0.0192987 
test_loss: 0.0202473 
train_loss: 0.0211666 
test_loss: 0.0205489 
train_loss: 0.0194081 
test_loss: 0.0209684 
train_loss: 0.019957 
test_loss: 0.0206734 
train_loss: 0.0202878 
test_loss: 0.0210624 
train_loss: 0.0202217 
test_loss: 0.0208677 
train_loss: 0.0202368 
test_loss: 0.0206438 
train_loss: 0.0199234 
test_loss: 0.0213708 
train_loss: 0.0208722 
test_loss: 0.0208365 
train_loss: 0.0202533 
test_loss: 0.0204846 
train_loss: 0.0211177 
test_loss: 0.0211537 
train_loss: 0.0191852 
test_loss: 0.0204852 
train_loss: 0.0234475 
test_loss: 0.020341 
train_loss: 0.0205586 
test_loss: 0.0206557 
train_loss: 0.0205179 
test_loss: 0.0204529 
train_loss: 0.0199071 
test_loss: 0.0203866 
train_loss: 0.019362 
test_loss: 0.0208736 
train_loss: 0.0202966 
test_loss: 0.0205085 
train_loss: 0.0199616 
test_loss: 0.0205457 
train_loss: 0.0206816 
test_loss: 0.0200289 
train_loss: 0.0195143 
test_loss: 0.0205751 
train_loss: 0.0210014 
test_loss: 0.0207421 
train_loss: 0.0205791 
test_loss: 0.0199826 
train_loss: 0.0193424 
test_loss: 0.0202725 
train_loss: 0.020441 
test_loss: 0.0205835 
train_loss: 0.0203712 
test_loss: 0.0205046 
train_loss: 0.0204595 
test_loss: 0.02013 
train_loss: 0.0194365 
test_loss: 0.0210629 
train_loss: 0.0197894 
test_loss: 0.0202696 
train_loss: 0.0203468 
test_loss: 0.0200476 
train_loss: 0.0197928 
test_loss: 0.0207989 
train_loss: 0.0210471 
test_loss: 0.0204325 
train_loss: 0.0197382 
test_loss: 0.0203876 
train_loss: 0.0208784 
test_loss: 0.0207054 
train_loss: 0.0200234 
test_loss: 0.0204197 
train_loss: 0.0198928 
test_loss: 0.0200782 
train_loss: 0.0206918 
test_loss: 0.0204246 
train_loss: 0.0221084 
test_loss: 0.0202068 
train_loss: 0.019851 
test_loss: 0.0211002 
train_loss: 0.021865 
test_loss: 0.0199404 
train_loss: 0.0203051 
test_loss: 0.0217209 
train_loss: 0.0212548 
test_loss: 0.0211536 
train_loss: 0.0194417 
test_loss: 0.0208385 
train_loss: 0.0214924 
test_loss: 0.0208667 
train_loss: 0.0195727 
test_loss: 0.0203987 
train_loss: 0.0215364 
test_loss: 0.0208929 
train_loss: 0.0198532 
test_loss: 0.0212932 
train_loss: 0.0203533 
test_loss: 0.0205011 
train_loss: 0.0206681 
test_loss: 0.0204021 
train_loss: 0.0198384 
test_loss: 0.0207553 
train_loss: 0.0204312 
test_loss: 0.0205961 
train_loss: 0.0201527 
test_loss: 0.0210497 
train_loss: 0.0198117 
test_loss: 0.0197008 
train_loss: 0.0211587 
test_loss: 0.0202203 
train_loss: 0.0214297 
test_loss: 0.0215225 
train_loss: 0.0196984 
test_loss: 0.0200544 
train_loss: 0.019498 
test_loss: 0.0208972 
train_loss: 0.0214289 
test_loss: 0.0205765 
train_loss: 0.0202529 
test_loss: 0.0207535 
train_loss: 0.0202422 
test_loss: 0.0206871 
train_loss: 0.0215823 
test_loss: 0.020295 
train_loss: 0.019903 
test_loss: 0.020501 
train_loss: 0.0216561 
test_loss: 0.0207901 
train_loss: 0.0192649 
test_loss: 0.0201842 
train_loss: 0.0203061 
test_loss: 0.020568 
train_loss: 0.0193224 
test_loss: 0.0208181 
train_loss: 0.0203008 
test_loss: 0.0211519 
train_loss: 0.0203412 
test_loss: 0.0205258 
train_loss: 0.0201821 
test_loss: 0.020031 
train_loss: 0.0197794 
test_loss: 0.0210089 
train_loss: 0.0217514 
test_loss: 0.0206857 
train_loss: 0.0200025 
test_loss: 0.0195899 
train_loss: 0.0205165 
test_loss: 0.0204843 
train_loss: 0.0202574 
test_loss: 0.020439 
train_loss: 0.0201569 
test_loss: 0.0203097 
train_loss: 0.018981 
test_loss: 0.0196677 
train_loss: 0.019834 
test_loss: 0.0203723 
train_loss: 0.0213581 
test_loss: 0.0204076 
train_loss: 0.0202794 
test_loss: 0.0202878 
train_loss: 0.0213175 
test_loss: 0.0208728 
train_loss: 0.0210616 
test_loss: 0.0203833 
train_loss: 0.0206197 
test_loss: 0.0195923 
train_loss: 0.0197624 
test_loss: 0.0209708 
train_loss: 0.0203576 
test_loss: 0.0207219 
train_loss: 0.0197822 
test_loss: 0.0201707 
train_loss: 0.0206871 
test_loss: 0.0208985 
train_loss: 0.0206768 
test_loss: 0.0215411 
train_loss: 0.0203908 
test_loss: 0.0201682 
train_loss: 0.0191147 
test_loss: 0.0199024 
train_loss: 0.0201548 
test_loss: 0.0203915 
train_loss: 0.0195245 
test_loss: 0.0196457 
train_loss: 0.0198577 
test_loss: 0.0208227 
train_loss: 0.0205072 
test_loss: 0.0207106 
train_loss: 0.0236429 
test_loss: 0.0199247 
train_loss: 0.0205902 
test_loss: 0.0204549 
train_loss: 0.0198024 
test_loss: 0.0206571 
train_loss: 0.0204783 
test_loss: 0.0199449 
train_loss: 0.0203361 
test_loss: 0.0200421 
train_loss: 0.0192074 
test_loss: 0.0200173 
train_loss: 0.0195433 
test_loss: 0.0206006 
train_loss: 0.0201359 
test_loss: 0.0202613 
train_loss: 0.0194156 
test_loss: 0.0201597 
train_loss: 0.0207899 
test_loss: 0.0207497 
train_loss: 0.0212953 
test_loss: 0.0206056 
train_loss: 0.0203521 
test_loss: 0.0203341 
train_loss: 0.0196097 
test_loss: 0.0200401 
train_loss: 0.0206065 
test_loss: 0.0202556 
train_loss: 0.0203015 
test_loss: 0.0201669 
train_loss: 0.0201497 
test_loss: 0.0206246 
train_loss: 0.0201237 
test_loss: 0.0206858 
train_loss: 0.0206851 
test_loss: 0.0208143 
