train_loss: 0.0383224 
test_loss: 0.0387748 
train_loss: 0.0364011 
test_loss: 0.0364278 
train_loss: 0.0367477 
test_loss: 0.0331872 
train_loss: 0.0328511 
test_loss: 0.0333447 
train_loss: 0.0359312 
test_loss: 0.0322017 
train_loss: 0.0302403 
test_loss: 0.0306862 
train_loss: 0.0340238 
test_loss: 0.0326125 
train_loss: 0.0304817 
test_loss: 0.0307239 
train_loss: 0.0336275 
test_loss: 0.0310579 
train_loss: 0.0287246 
test_loss: 0.0294406 
train_loss: 0.0293317 
test_loss: 0.0291379 
train_loss: 0.0297134 
test_loss: 0.027991 
train_loss: 0.028798 
test_loss: 0.0283492 
train_loss: 0.0269393 
test_loss: 0.0281819 
train_loss: 0.0272629 
test_loss: 0.027401 
train_loss: 0.0286862 
test_loss: 0.0308825 
train_loss: 0.0284436 
test_loss: 0.0268903 
train_loss: 0.0255515 
test_loss: 0.0264964 
train_loss: 0.0276229 
test_loss: 0.0275483 
train_loss: 0.0276911 
test_loss: 0.0291192 
train_loss: 0.0279387 
test_loss: 0.0285124 
train_loss: 0.0264171 
test_loss: 0.0259868 
train_loss: 0.0281739 
test_loss: 0.0275539 
train_loss: 0.0314415 
test_loss: 0.0271816 
train_loss: 0.0266092 
test_loss: 0.0260158 
train_loss: 0.0266557 
test_loss: 0.0269722 
train_loss: 0.0266927 
test_loss: 0.027161 
train_loss: 0.0286662 
test_loss: 0.0287226 
train_loss: 0.0281342 
test_loss: 0.0265903 
train_loss: 0.0277997 
test_loss: 0.0301199 
train_loss: 0.0274417 
test_loss: 0.0257939 
train_loss: 0.0251689 
test_loss: 0.0260534 
train_loss: 0.0264374 
test_loss: 0.0263062 
train_loss: 0.0272777 
test_loss: 0.0272117 
train_loss: 0.0259335 
test_loss: 0.023871 
train_loss: 0.0263361 
test_loss: 0.0273087 
train_loss: 0.0251588 
test_loss: 0.0260058 
train_loss: 0.026753 
test_loss: 0.0254453 
train_loss: 0.0255372 
test_loss: 0.0256927 
train_loss: 0.0257867 
test_loss: 0.0257755 
train_loss: 0.026419 
test_loss: 0.027518 
train_loss: 0.0238838 
test_loss: 0.0246505 
train_loss: 0.0254757 
test_loss: 0.0258098 
train_loss: 0.0215393 
test_loss: 0.0237401 
train_loss: 0.0253851 
test_loss: 0.0258692 
train_loss: 0.0241895 
test_loss: 0.0246693 
train_loss: 0.0237702 
test_loss: 0.023967 
train_loss: 0.0235121 
test_loss: 0.0261699 
train_loss: 0.0267286 
test_loss: 0.0256743 
train_loss: 0.0227379 
test_loss: 0.0227979 
train_loss: 0.0271678 
test_loss: 0.0242489 
train_loss: 0.0244696 
test_loss: 0.0242937 
train_loss: 0.024715 
test_loss: 0.0241739 
train_loss: 0.0248818 
test_loss: 0.0253608 
train_loss: 0.0265536 
test_loss: 0.0252053 
train_loss: 0.0232289 
test_loss: 0.0231959 
train_loss: 0.0224072 
test_loss: 0.0230941 
train_loss: 0.0236711 
test_loss: 0.0236844 
train_loss: 0.0247998 
test_loss: 0.0251271 
train_loss: 0.0222698 
test_loss: 0.0226523 
train_loss: 0.0228553 
test_loss: 0.0229581 
train_loss: 0.0236317 
test_loss: 0.0246554 
train_loss: 0.0232827 
test_loss: 0.0220409 
train_loss: 0.0253843 
test_loss: 0.0245396 
train_loss: 0.0233966 
test_loss: 0.0232079 
train_loss: 0.0235356 
test_loss: 0.02544 
train_loss: 0.0229793 
test_loss: 0.0233333 
train_loss: 0.0234073 
test_loss: 0.0233164 
train_loss: 0.02167 
test_loss: 0.0240172 
train_loss: 0.0221622 
test_loss: 0.0232331 
train_loss: 0.0235727 
test_loss: 0.0245046 
train_loss: 0.0234091 
test_loss: 0.0232914 
train_loss: 0.0222748 
test_loss: 0.0238432 
train_loss: 0.0222462 
test_loss: 0.0226344 
train_loss: 0.022544 
test_loss: 0.0232181 
train_loss: 0.0211104 
test_loss: 0.022951 
train_loss: 0.0239095 
test_loss: 0.0236591 
train_loss: 0.0238869 
test_loss: 0.0230956 
train_loss: 0.0255147 
test_loss: 0.0247188 
train_loss: 0.0239954 
test_loss: 0.0244049 
train_loss: 0.023154 
test_loss: 0.0226597 
train_loss: 0.0229117 
test_loss: 0.0222286 
train_loss: 0.0254413 
test_loss: 0.0236572 
train_loss: 0.0215093 
test_loss: 0.0234214 
train_loss: 0.023195 
test_loss: 0.0227953 
train_loss: 0.0218079 
test_loss: 0.0226167 
train_loss: 0.0228082 
test_loss: 0.0224057 
train_loss: 0.0221207 
test_loss: 0.0245083 
train_loss: 0.021731 
test_loss: 0.0227642 
train_loss: 0.0218121 
test_loss: 0.0225207 
train_loss: 0.0239549 
test_loss: 0.0240366 
train_loss: 0.0238691 
test_loss: 0.0229156 
train_loss: 0.0220272 
test_loss: 0.0219925 
train_loss: 0.0232475 
test_loss: 0.0230873 
train_loss: 0.0233178 
test_loss: 0.02347 
train_loss: 0.0222386 
test_loss: 0.0221724 
train_loss: 0.0212765 
test_loss: 0.0227461 
train_loss: 0.0216723 
test_loss: 0.0217478 
train_loss: 0.0229745 
test_loss: 0.0229449 
train_loss: 0.02112 
test_loss: 0.021685 
train_loss: 0.0215602 
test_loss: 0.0216034 
train_loss: 0.0220581 
test_loss: 0.0215962 
train_loss: 0.0228485 
test_loss: 0.0228562 
train_loss: 0.0230517 
test_loss: 0.0229462 
train_loss: 0.021882 
test_loss: 0.0230901 
train_loss: 0.0227705 
test_loss: 0.0227535 
train_loss: 0.0214681 
test_loss: 0.0211781 
train_loss: 0.0215281 
test_loss: 0.0222661 
train_loss: 0.0212121 
test_loss: 0.0221007 
train_loss: 0.0222372 
test_loss: 0.0222362 
train_loss: 0.0213454 
test_loss: 0.0224832 
train_loss: 0.0242102 
test_loss: 0.0237623 
train_loss: 0.0216685 
test_loss: 0.0216719 
train_loss: 0.0212732 
test_loss: 0.0231236 
train_loss: 0.0207957 
test_loss: 0.0208617 
train_loss: 0.0222568 
test_loss: 0.0218112 
train_loss: 0.0214749 
test_loss: 0.0211876 
train_loss: 0.0215226 
test_loss: 0.0217115 
train_loss: 0.0216234 
test_loss: 0.021344 
train_loss: 0.0220014 
test_loss: 0.0219435 
train_loss: 0.0255597 
test_loss: 0.0215085 
train_loss: 0.0213001 
test_loss: 0.0217555 
train_loss: 0.0206305 
test_loss: 0.0210618 
train_loss: 0.0229573 
test_loss: 0.0240476 
train_loss: 0.0207503 
test_loss: 0.0217193 
train_loss: 0.0217359 
test_loss: 0.0217935 
train_loss: 0.0198535 
test_loss: 0.0218815 
train_loss: 0.0231314 
test_loss: 0.021896 
train_loss: 0.0215938 
test_loss: 0.0226166 
train_loss: 0.021733 
test_loss: 0.0232807 
train_loss: 0.0213275 
test_loss: 0.0208813 
train_loss: 0.0230842 
test_loss: 0.0211548 
train_loss: 0.0204484 
test_loss: 0.0208756 
train_loss: 0.0212712 
test_loss: 0.0215659 
train_loss: 0.0223188 
test_loss: 0.0228448 
train_loss: 0.0225412 
test_loss: 0.0221629 
train_loss: 0.0229745 
test_loss: 0.0235827 
train_loss: 0.0209769 
test_loss: 0.0211498 
train_loss: 0.0234186 
test_loss: 0.0218098 
train_loss: 0.0252102 
test_loss: 0.0223967 
train_loss: 0.0217713 
test_loss: 0.0213226 
train_loss: 0.0207712 
test_loss: 0.0221363 
train_loss: 0.0216448 
test_loss: 0.0215416 
train_loss: 0.0239527 
test_loss: 0.0228219 
train_loss: 0.0203349 
test_loss: 0.0212781 
train_loss: 0.0235472 
test_loss: 0.021678 
train_loss: 0.0204019 
test_loss: 0.0212032 
train_loss: 0.0209791 
test_loss: 0.0222399 
train_loss: 0.0214799 
test_loss: 0.0218136 
train_loss: 0.0226899 
test_loss: 0.0218296 
train_loss: 0.0223443 
test_loss: 0.0215524 
train_loss: 0.0206054 
test_loss: 0.0210574 
train_loss: 0.0220125 
test_loss: 0.0218802 
train_loss: 0.0213057 
test_loss: 0.0222168 
train_loss: 0.0245536 
test_loss: 0.0232329 
train_loss: 0.0226347 
test_loss: 0.0209277 
train_loss: 0.02159 
test_loss: 0.021769 
train_loss: 0.0213786 
test_loss: 0.0213042 
train_loss: 0.0213614 
test_loss: 0.0219992 
train_loss: 0.0211414 
test_loss: 0.022052 
train_loss: 0.0225437 
test_loss: 0.0219655 
train_loss: 0.0218294 
test_loss: 0.021006 
train_loss: 0.0203599 
test_loss: 0.0207834 
train_loss: 0.0215058 
test_loss: 0.0216264 
train_loss: 0.0215817 
test_loss: 0.0225768 
train_loss: 0.0223254 
test_loss: 0.0220876 
train_loss: 0.0210184 
test_loss: 0.0216432 
train_loss: 0.0216764 
test_loss: 0.0217818 
train_loss: 0.0208794 
test_loss: 0.0207149 
train_loss: 0.021309 
test_loss: 0.0212642 
train_loss: 0.0228913 
test_loss: 0.0230399 
train_loss: 0.0206775 
test_loss: 0.0214213 
train_loss: 0.0202727 
test_loss: 0.0202687 
train_loss: 0.0220998 
test_loss: 0.0217366 
train_loss: 0.0203519 
test_loss: 0.0209813 
train_loss: 0.0215323 
test_loss: 0.0217185 
train_loss: 0.0207949 
test_loss: 0.0211477 
train_loss: 0.0204701 
test_loss: 0.0211546 
train_loss: 0.0222016 
test_loss: 0.0216731 
train_loss: 0.0227766 
test_loss: 0.0214144 
train_loss: 0.0206733 
test_loss: 0.0210774 
train_loss: 0.0205156 
test_loss: 0.0205805 
train_loss: 0.0202863 
test_loss: 0.0207611 
train_loss: 0.0190758 
test_loss: 0.0207813 
train_loss: 0.021484 
test_loss: 0.0217666 
train_loss: 0.0204597 
test_loss: 0.0215474 
train_loss: 0.0205594 
test_loss: 0.0208018 
train_loss: 0.0214026 
test_loss: 0.0211165 
train_loss: 0.0210978 
test_loss: 0.0218643 
train_loss: 0.0211149 
test_loss: 0.0212597 
train_loss: 0.0208568 
test_loss: 0.0217398 
train_loss: 0.0210675 
test_loss: 0.0209032 
train_loss: 0.021864 
test_loss: 0.0218017 
train_loss: 0.0206389 
test_loss: 0.0216756 
train_loss: 0.0203086 
test_loss: 0.0208608 
train_loss: 0.020841 
test_loss: 0.0216127 
train_loss: 0.0202702 
test_loss: 0.0209719 
train_loss: 0.0203982 
test_loss: 0.0218495 
train_loss: 0.0215705 
test_loss: 0.021432 
train_loss: 0.0219182 
test_loss: 0.0220883 
train_loss: 0.0197167 
test_loss: 0.0202335 
train_loss: 0.0219973 
test_loss: 0.0234353 
train_loss: 0.0211126 
test_loss: 0.02106 
train_loss: 0.021355 
test_loss: 0.02287 
train_loss: 0.0225143 
test_loss: 0.0226251 
train_loss: 0.0207488 
test_loss: 0.0206565 
train_loss: 0.0206359 
test_loss: 0.0210827 
train_loss: 0.0209803 
test_loss: 0.0206055 
train_loss: 0.0212132 
test_loss: 0.0219494 
train_loss: 0.0198668 
test_loss: 0.0209256 
train_loss: 0.0213717 
test_loss: 0.0212999 
train_loss: 0.0208208 
test_loss: 0.0204643 
train_loss: 0.0209714 
test_loss: 0.0217192 
train_loss: 0.0210928 
test_loss: 0.021831 
train_loss: 0.0227551 
test_loss: 0.0222359 
train_loss: 0.023703 
test_loss: 0.0213356 
train_loss: 0.0210875 
test_loss: 0.0223464 
train_loss: 0.0206929 
test_loss: 0.021318 
train_loss: 0.0210204 
test_loss: 0.0212378 
train_loss: 0.0211223 
test_loss: 0.0213815 
train_loss: 0.020856 
test_loss: 0.0210905 
train_loss: 0.0200598 
test_loss: 0.0210627 
train_loss: 0.0200259 
test_loss: 0.0212318 
train_loss: 0.0224136 
test_loss: 0.0221878 
train_loss: 0.0200813 
test_loss: 0.0206218 
train_loss: 0.022371 
test_loss: 0.0231524 
train_loss: 0.0212896 
test_loss: 0.0211824 
train_loss: 0.0207217 
test_loss: 0.0212736 
train_loss: 0.0194285 
test_loss: 0.0199775 
train_loss: 0.0205317 
test_loss: 0.0219566 
train_loss: 0.0201085 
test_loss: 0.0207353 
train_loss: 0.0201602 
test_loss: 0.0206864 
train_loss: 0.0225314 
test_loss: 0.0212708 
train_loss: 0.0196835 
test_loss: 0.0209372 
train_loss: 0.0211347 
test_loss: 0.0216261 
train_loss: 0.0222675 
test_loss: 0.0221863 
train_loss: 0.0207772 
test_loss: 0.0199529 
train_loss: 0.0205495 
test_loss: 0.0208275 
train_loss: 0.0212267 
test_loss: 0.0213988 
train_loss: 0.0214793 
test_loss: 0.020891 
train_loss: 0.0222538 
test_loss: 0.0220971 
train_loss: 0.0206518 
test_loss: 0.0204735 
train_loss: 0.0207183 
test_loss: 0.0212142 
train_loss: 0.020885 
test_loss: 0.021807 
train_loss: 0.0211801 
test_loss: 0.0212455 
train_loss: 0.0201521 
test_loss: 0.0202898 
train_loss: 0.0216 
test_loss: 0.0205975 
train_loss: 0.0208219 
test_loss: 0.0206396 
train_loss: 0.0210633 
test_loss: 0.0205633 
train_loss: 0.0195456 
test_loss: 0.0199632 
train_loss: 0.0214268 
test_loss: 0.0209134 
train_loss: 0.0199941 
test_loss: 0.0208521 
train_loss: 0.0198706 
test_loss: 0.0210207 
train_loss: 0.0209946 
test_loss: 0.0209979 
train_loss: 0.0209158 
test_loss: 0.0205442 
train_loss: 0.0213925 
test_loss: 0.0205226 
train_loss: 0.0203739 
test_loss: 0.0207893 
train_loss: 0.020466 
test_loss: 0.0212561 
train_loss: 0.0209896 
test_loss: 0.021661 
train_loss: 0.0197718 
test_loss: 0.0204621 
train_loss: 0.0205667 
test_loss: 0.0207121 
train_loss: 0.0209906 
test_loss: 0.0209287 
train_loss: 0.0194683 
test_loss: 0.020852 
train_loss: 0.020425 
test_loss: 0.021377 
train_loss: 0.0206107 
test_loss: 0.0206654 
train_loss: 0.0195867 
test_loss: 0.0203101 
train_loss: 0.0200312 
test_loss: 0.0201227 
train_loss: 0.0207818 
test_loss: 0.021091 
train_loss: 0.019751 
test_loss: 0.0208869 
train_loss: 0.0212301 
test_loss: 0.0212322 
train_loss: 0.0206102 
test_loss: 0.0209694 
train_loss: 0.0220925 
test_loss: 0.0218938 
train_loss: 0.0202546 
test_loss: 0.0212153 
train_loss: 0.0210421 
test_loss: 0.0205381 
train_loss: 0.0193888 
test_loss: 0.0206369 
train_loss: 0.0200899 
test_loss: 0.0208046 
train_loss: 0.0217472 
test_loss: 0.021255 
train_loss: 0.0202978 
test_loss: 0.0206341 
train_loss: 0.0197677 
test_loss: 0.0211048 
train_loss: 0.0208647 
test_loss: 0.0212388 
train_loss: 0.0197869 
test_loss: 0.0205423 
train_loss: 0.020269 
test_loss: 0.0206554 
train_loss: 0.0208154 
test_loss: 0.0206215 
train_loss: 0.0211204 
test_loss: 0.0208024 
train_loss: 0.020678 
test_loss: 0.0206357 
train_loss: 0.020954 
test_loss: 0.0207945 
train_loss: 0.0206269 
test_loss: 0.0204166 
train_loss: 0.0208617 
test_loss: 0.0212617 
train_loss: 0.0198841 
test_loss: 0.0202402 
train_loss: 0.0205004 
test_loss: 0.0213082 
train_loss: 0.0202742 
test_loss: 0.0207627 
train_loss: 0.0207031 
test_loss: 0.0203264 
train_loss: 0.0211268 
test_loss: 0.0211392 
train_loss: 0.0219461 
test_loss: 0.020981 
train_loss: 0.0226571 
test_loss: 0.0200775 
train_loss: 0.0202088 
test_loss: 0.0209092 
train_loss: 0.0208978 
test_loss: 0.02109 
train_loss: 0.0224242 
test_loss: 0.0212528 
train_loss: 0.0199188 
test_loss: 0.0212384 
train_loss: 0.0191237 
test_loss: 0.0202669 
train_loss: 0.0197675 
test_loss: 0.0214832 
train_loss: 0.0194918 
test_loss: 0.0209591 
train_loss: 0.0208036 
test_loss: 0.0212237 
train_loss: 0.01946 
test_loss: 0.0201013 
train_loss: 0.0213652 
test_loss: 0.0203596 
train_loss: 0.0216462 
test_loss: 0.0205429 
train_loss: 0.019952 
test_loss: 0.0201187 
train_loss: 0.0201813 
test_loss: 0.0203824 
train_loss: 0.0200219 
test_loss: 0.0202762 
train_loss: 0.0194943 
test_loss: 0.0199828 
train_loss: 0.0221575 
test_loss: 0.0214025 
train_loss: 0.0204668 
test_loss: 0.0200905 
train_loss: 0.019993 
test_loss: 0.0201443 
train_loss: 0.0204499 
test_loss: 0.0202235 
train_loss: 0.0201731 
test_loss: 0.0207048 
train_loss: 0.019353 
test_loss: 0.0204897 
train_loss: 0.0187686 
test_loss: 0.0209002 
train_loss: 0.0201522 
test_loss: 0.0202834 
train_loss: 0.0199898 
test_loss: 0.0198576 
train_loss: 0.02078 
test_loss: 0.0202718 
train_loss: 0.020978 
test_loss: 0.0212186 
train_loss: 0.0205715 
test_loss: 0.0210256 
train_loss: 0.0200117 
test_loss: 0.0209472 
train_loss: 0.0199023 
test_loss: 0.0207499 
train_loss: 0.0212903 
test_loss: 0.0205637 
train_loss: 0.0221595 
test_loss: 0.0202803 
train_loss: 0.0196538 
test_loss: 0.0200636 
train_loss: 0.0191948 
test_loss: 0.0199894 
train_loss: 0.0218837 
test_loss: 0.0206339 
train_loss: 0.0194475 
test_loss: 0.0205225 
train_loss: 0.0212814 
test_loss: 0.0203989 
train_loss: 0.0211094 
test_loss: 0.021067 
train_loss: 0.0198855 
test_loss: 0.0201457 
train_loss: 0.019582 
test_loss: 0.0206029 
train_loss: 0.0199481 
test_loss: 0.0199462 
train_loss: 0.0201109 
test_loss: 0.0202042 
train_loss: 0.0200578 
test_loss: 0.020279 
train_loss: 0.0195103 
test_loss: 0.0209036 
train_loss: 0.0211427 
test_loss: 0.0199549 
train_loss: 0.0214915 
test_loss: 0.0212394 
train_loss: 0.0224756 
test_loss: 0.0219556 
train_loss: 0.0195273 
test_loss: 0.0200862 
train_loss: 0.0200345 
test_loss: 0.0205589 
train_loss: 0.0202615 
test_loss: 0.0200464 
train_loss: 0.0217326 
test_loss: 0.0218377 
train_loss: 0.020872 
test_loss: 0.02088 
train_loss: 0.0196006 
test_loss: 0.0202849 
train_loss: 0.0201246 
test_loss: 0.0205954 
train_loss: 0.0203169 
test_loss: 0.0205998 
train_loss: 0.020362 
test_loss: 0.0213416 
train_loss: 0.0204419 
test_loss: 0.0208768 
train_loss: 0.0205354 
test_loss: 0.0199747 
train_loss: 0.0202074 
test_loss: 0.0203411 
train_loss: 0.0195196 
test_loss: 0.0203789 
train_loss: 0.0192276 
test_loss: 0.0196684 
train_loss: 0.0193172 
test_loss: 0.020865 
train_loss: 0.021472 
test_loss: 0.0204197 
train_loss: 0.0207525 
test_loss: 0.0213537 
train_loss: 0.0201185 
test_loss: 0.0201013 
train_loss: 0.0209239 
test_loss: 0.0206166 
train_loss: 0.0196607 
test_loss: 0.019805 
train_loss: 0.0201136 
test_loss: 0.0207823 
train_loss: 0.0195696 
test_loss: 0.020316 
train_loss: 0.0193005 
test_loss: 0.0200245 
train_loss: 0.0197453 
test_loss: 0.0205056 
train_loss: 0.0191263 
test_loss: 0.0204118 
train_loss: 0.0202907 
test_loss: 0.0202431 
train_loss: 0.0188881 
test_loss: 0.0200497 
train_loss: 0.0196047 
test_loss: 0.0203717 
train_loss: 0.020748 
test_loss: 0.0205545 
train_loss: 0.0196012 
test_loss: 0.0202301 
train_loss: 0.0197509 
test_loss: 0.0198252 
train_loss: 0.0202034 
test_loss: 0.0202535 
train_loss: 0.019983 
test_loss: 0.0200297 
train_loss: 0.0192444 
test_loss: 0.0201119 
train_loss: 0.0202976 
test_loss: 0.0204445 
train_loss: 0.0195732 
test_loss: 0.0200442 
train_loss: 0.0202898 
test_loss: 0.0203415 
train_loss: 0.021779 
test_loss: 0.0203371 
train_loss: 0.0200484 
test_loss: 0.0204797 
train_loss: 0.0206984 
test_loss: 0.0210387 
train_loss: 0.0200855 
test_loss: 0.0209979 
train_loss: 0.0215153 
test_loss: 0.020336 
train_loss: 0.0211681 
test_loss: 0.0196603 
train_loss: 0.0196834 
test_loss: 0.0202631 
train_loss: 0.0200092 
test_loss: 0.0204371 
train_loss: 0.0203685 
test_loss: 0.0203197 
train_loss: 0.0218564 
test_loss: 0.0204954 
train_loss: 0.0199368 
test_loss: 0.0205707 
train_loss: 0.0204565 
test_loss: 0.0205613 
train_loss: 0.0199277 
test_loss: 0.0203751 
train_loss: 0.019814 
test_loss: 0.0206897 
train_loss: 0.0242066 
test_loss: 0.0211245 
train_loss: 0.0198159 
test_loss: 0.0208232 
train_loss: 0.0203516 
test_loss: 0.0205043 
train_loss: 0.0197789 
test_loss: 0.0203613 
train_loss: 0.0194771 
test_loss: 0.0199919 
train_loss: 0.0191131 
test_loss: 0.0199175 
train_loss: 0.0201025 
test_loss: 0.0205464 
train_loss: 0.0204677 
test_loss: 0.0203976 
train_loss: 0.0212504 
test_loss: 0.0207893 
train_loss: 0.0210193 
test_loss: 0.0214054 
train_loss: 0.0191961 
test_loss: 0.020307 
train_loss: 0.0199222 
test_loss: 0.020997 
train_loss: 0.0202763 
test_loss: 0.0202545 
train_loss: 0.020204 
test_loss: 0.0204194 
train_loss: 0.0194963 
test_loss: 0.0201548 
train_loss: 0.0201016 
test_loss: 0.0209301 
train_loss: 0.019381 
test_loss: 0.0198437 
train_loss: 0.020976 
test_loss: 0.0212406 
