train_loss: 0.0261503 
test_loss: 0.0247111 
train_loss: 0.0229109 
test_loss: 0.025514 
train_loss: 0.0239025 
test_loss: 0.0240246 
train_loss: 0.0248042 
test_loss: 0.0255422 
train_loss: 0.025425 
test_loss: 0.0243942 
train_loss: 0.0210188 
test_loss: 0.022783 
train_loss: 0.0248626 
test_loss: 0.0239255 
train_loss: 0.0275212 
test_loss: 0.0274953 
train_loss: 0.0223557 
test_loss: 0.0232871 
train_loss: 0.0232527 
test_loss: 0.0219235 
train_loss: 0.0229244 
test_loss: 0.0225208 
train_loss: 0.0220913 
test_loss: 0.0234589 
train_loss: 0.022448 
test_loss: 0.023638 
train_loss: 0.021736 
test_loss: 0.0232294 
train_loss: 0.0227047 
test_loss: 0.0213687 
train_loss: 0.0228937 
test_loss: 0.0224077 
train_loss: 0.0212762 
test_loss: 0.0218989 
train_loss: 0.0277542 
test_loss: 0.0239476 
train_loss: 0.0239926 
test_loss: 0.0238638 
train_loss: 0.0229748 
test_loss: 0.0225695 
train_loss: 0.0227812 
test_loss: 0.0231714 
train_loss: 0.0231184 
test_loss: 0.0233396 
train_loss: 0.0231723 
test_loss: 0.0227066 
train_loss: 0.0263898 
test_loss: 0.023401 
train_loss: 0.0268723 
test_loss: 0.0249014 
train_loss: 0.0249429 
test_loss: 0.0244552 
train_loss: 0.0235747 
test_loss: 0.0228426 
train_loss: 0.0239541 
test_loss: 0.0227681 
train_loss: 0.0222928 
test_loss: 0.021591 
train_loss: 0.0217615 
test_loss: 0.0232292 
train_loss: 0.0228775 
test_loss: 0.0229104 
train_loss: 0.022371 
test_loss: 0.0225931 
train_loss: 0.0230042 
test_loss: 0.0237765 
train_loss: 0.0263036 
test_loss: 0.0216018 
train_loss: 0.021289 
test_loss: 0.0213142 
train_loss: 0.0232945 
test_loss: 0.0222287 
train_loss: 0.0209952 
test_loss: 0.0216508 
train_loss: 0.0226252 
test_loss: 0.0223702 
train_loss: 0.0206443 
test_loss: 0.0205576 
train_loss: 0.0230829 
test_loss: 0.0225296 
train_loss: 0.021925 
test_loss: 0.0221979 
train_loss: 0.0232301 
test_loss: 0.025036 
train_loss: 0.0217453 
test_loss: 0.0208323 
train_loss: 0.0231287 
test_loss: 0.0224998 
train_loss: 0.0214618 
test_loss: 0.0213636 
train_loss: 0.0221712 
test_loss: 0.0213711 
train_loss: 0.0215754 
test_loss: 0.0220982 
train_loss: 0.0216062 
test_loss: 0.0226847 
train_loss: 0.0219739 
test_loss: 0.0221685 
train_loss: 0.023074 
test_loss: 0.0234051 
train_loss: 0.0231836 
test_loss: 0.022511 
train_loss: 0.0218726 
test_loss: 0.0214049 
train_loss: 0.0225495 
test_loss: 0.0217308 
train_loss: 0.0222787 
test_loss: 0.0230942 
train_loss: 0.0232479 
test_loss: 0.0215606 
train_loss: 0.0235384 
test_loss: 0.0233452 
train_loss: 0.0219527 
test_loss: 0.0227914 
train_loss: 0.0224417 
test_loss: 0.0223885 
train_loss: 0.0234068 
test_loss: 0.0219739 
train_loss: 0.0237255 
test_loss: 0.0226376 
train_loss: 0.022237 
test_loss: 0.022452 
train_loss: 0.0231654 
test_loss: 0.0227139 
train_loss: 0.0219817 
test_loss: 0.0222965 
train_loss: 0.0228812 
test_loss: 0.0219335 
train_loss: 0.0209414 
test_loss: 0.0221197 
train_loss: 0.0204433 
test_loss: 0.0220068 
train_loss: 0.022434 
test_loss: 0.0225037 
train_loss: 0.0199907 
test_loss: 0.0211069 
train_loss: 0.0206565 
test_loss: 0.0212961 
train_loss: 0.0217462 
test_loss: 0.0218748 
train_loss: 0.0215192 
test_loss: 0.0213414 
train_loss: 0.0212894 
test_loss: 0.0215113 
train_loss: 0.0206398 
test_loss: 0.0215032 
train_loss: 0.0215465 
test_loss: 0.0221665 
train_loss: 0.0212397 
test_loss: 0.0216581 
train_loss: 0.0198924 
test_loss: 0.0207326 
train_loss: 0.0215905 
test_loss: 0.0209489 
train_loss: 0.0219147 
test_loss: 0.0219568 
train_loss: 0.0201008 
test_loss: 0.0219515 
train_loss: 0.0212545 
test_loss: 0.0210033 
train_loss: 0.0230757 
test_loss: 0.0222456 
train_loss: 0.02056 
test_loss: 0.0214209 
train_loss: 0.0219008 
test_loss: 0.0217534 
train_loss: 0.0206213 
test_loss: 0.0219774 
train_loss: 0.0211896 
test_loss: 0.0211484 
train_loss: 0.0212355 
test_loss: 0.0221116 
train_loss: 0.0207881 
test_loss: 0.0217824 
train_loss: 0.0209637 
test_loss: 0.0210643 
train_loss: 0.0208908 
test_loss: 0.0213387 
train_loss: 0.0221506 
test_loss: 0.0209475 
train_loss: 0.0213564 
test_loss: 0.0209963 
train_loss: 0.0210336 
test_loss: 0.0213957 
train_loss: 0.0213183 
test_loss: 0.0212952 
train_loss: 0.0211473 
test_loss: 0.0212541 
train_loss: 0.0228988 
test_loss: 0.0226385 
train_loss: 0.0206038 
test_loss: 0.0213033 
train_loss: 0.02147 
test_loss: 0.0214351 
train_loss: 0.0202288 
test_loss: 0.0209276 
train_loss: 0.0200783 
test_loss: 0.0214563 
train_loss: 0.0215954 
test_loss: 0.0212638 
train_loss: 0.0217157 
test_loss: 0.021504 
train_loss: 0.0230527 
test_loss: 0.0229937 
train_loss: 0.0223412 
test_loss: 0.0218407 
train_loss: 0.0201385 
test_loss: 0.0206933 
train_loss: 0.0203598 
test_loss: 0.0212258 
train_loss: 0.0209242 
test_loss: 0.0213329 
train_loss: 0.0259222 
test_loss: 0.0227747 
train_loss: 0.0207931 
test_loss: 0.021328 
train_loss: 0.0204897 
test_loss: 0.0211295 
train_loss: 0.022231 
test_loss: 0.020867 
train_loss: 0.0209156 
test_loss: 0.0206325 
train_loss: 0.0234638 
test_loss: 0.0221166 
train_loss: 0.0218626 
test_loss: 0.02196 
train_loss: 0.0226709 
test_loss: 0.0213348 
train_loss: 0.0221161 
test_loss: 0.0219178 
train_loss: 0.0225949 
test_loss: 0.0219755 
train_loss: 0.0207302 
test_loss: 0.0220623 
train_loss: 0.0213375 
test_loss: 0.0207046 
train_loss: 0.0214614 
test_loss: 0.0215214 
train_loss: 0.0215783 
test_loss: 0.0216639 
train_loss: 0.0239442 
test_loss: 0.0217385 
train_loss: 0.0205076 
test_loss: 0.021183 
train_loss: 0.0220209 
test_loss: 0.0224543 
train_loss: 0.0219054 
test_loss: 0.0210604 
train_loss: 0.0201856 
test_loss: 0.0217063 
train_loss: 0.0234585 
test_loss: 0.0212694 
train_loss: 0.0207579 
test_loss: 0.0206455 
train_loss: 0.023265 
test_loss: 0.021072 
train_loss: 0.0208965 
test_loss: 0.0211595 
train_loss: 0.0201753 
test_loss: 0.0208562 
train_loss: 0.0197148 
test_loss: 0.0202619 
train_loss: 0.0228321 
test_loss: 0.02251 
train_loss: 0.0217466 
test_loss: 0.022165 
train_loss: 0.0209472 
test_loss: 0.0211829 
train_loss: 0.0211561 
test_loss: 0.0199548 
train_loss: 0.0204936 
test_loss: 0.0204797 
train_loss: 0.0215146 
test_loss: 0.0216447 
train_loss: 0.021177 
test_loss: 0.0204667 
train_loss: 0.0211732 
test_loss: 0.0210728 
train_loss: 0.0233386 
test_loss: 0.0203283 
train_loss: 0.0217354 
test_loss: 0.0218377 
train_loss: 0.021397 
test_loss: 0.0210317 
train_loss: 0.0213111 
test_loss: 0.0218645 
train_loss: 0.0216861 
test_loss: 0.021337 
train_loss: 0.0209672 
test_loss: 0.0210864 
train_loss: 0.0201277 
test_loss: 0.021388 
train_loss: 0.0209625 
test_loss: 0.0215147 
train_loss: 0.019814 
test_loss: 0.0206035 
train_loss: 0.0196585 
test_loss: 0.0201864 
train_loss: 0.0218182 
test_loss: 0.0215748 
train_loss: 0.0204057 
test_loss: 0.0212317 
train_loss: 0.0210915 
test_loss: 0.0221893 
train_loss: 0.0206305 
test_loss: 0.0204765 
train_loss: 0.0206731 
test_loss: 0.0201825 
train_loss: 0.0204066 
test_loss: 0.0209599 
train_loss: 0.0214356 
test_loss: 0.0203997 
train_loss: 0.0207903 
test_loss: 0.0214171 
train_loss: 0.0211784 
test_loss: 0.0203627 
train_loss: 0.0205711 
test_loss: 0.0207994 
train_loss: 0.0210113 
test_loss: 0.0210245 
train_loss: 0.0211609 
test_loss: 0.02157 
train_loss: 0.0211508 
test_loss: 0.0211953 
train_loss: 0.0220333 
test_loss: 0.0223539 
train_loss: 0.0204204 
test_loss: 0.0216167 
train_loss: 0.0195477 
test_loss: 0.0199611 
train_loss: 0.0207746 
test_loss: 0.0213632 
train_loss: 0.0202259 
test_loss: 0.0209574 
train_loss: 0.0215162 
test_loss: 0.0203634 
train_loss: 0.0212952 
test_loss: 0.0209849 
train_loss: 0.0205268 
test_loss: 0.0209354 
train_loss: 0.0202758 
test_loss: 0.021133 
train_loss: 0.0221841 
test_loss: 0.0221004 
train_loss: 0.021517 
test_loss: 0.0213908 
train_loss: 0.022034 
test_loss: 0.0208022 
train_loss: 0.0206993 
test_loss: 0.0208483 
train_loss: 0.0210568 
test_loss: 0.0222537 
train_loss: 0.0206496 
test_loss: 0.0209603 
train_loss: 0.0199629 
test_loss: 0.020329 
train_loss: 0.0214609 
test_loss: 0.0206079 
train_loss: 0.0214189 
test_loss: 0.0205398 
train_loss: 0.0204987 
test_loss: 0.02015 
train_loss: 0.0204599 
test_loss: 0.0216035 
train_loss: 0.0215748 
test_loss: 0.0205564 
train_loss: 0.0208485 
test_loss: 0.0210574 
train_loss: 0.0197472 
test_loss: 0.0205573 
train_loss: 0.0210177 
test_loss: 0.0211533 
train_loss: 0.0209956 
test_loss: 0.0210398 
train_loss: 0.0208909 
test_loss: 0.0211741 
train_loss: 0.0209114 
test_loss: 0.0219708 
train_loss: 0.0210166 
test_loss: 0.0210396 
train_loss: 0.0213431 
test_loss: 0.0209145 
train_loss: 0.0203667 
test_loss: 0.0220474 
train_loss: 0.0232021 
test_loss: 0.0221648 
train_loss: 0.0198461 
test_loss: 0.0204771 
train_loss: 0.0196888 
test_loss: 0.0208406 
train_loss: 0.0203506 
test_loss: 0.0208276 
train_loss: 0.0201472 
test_loss: 0.020268 
train_loss: 0.0211308 
test_loss: 0.021088 
train_loss: 0.0212174 
test_loss: 0.0207082 
train_loss: 0.0198458 
test_loss: 0.0207078 
train_loss: 0.0199128 
test_loss: 0.0203293 
train_loss: 0.0208996 
test_loss: 0.0205061 
train_loss: 0.0202813 
test_loss: 0.0212768 
train_loss: 0.0211151 
test_loss: 0.0214269 
train_loss: 0.0234167 
test_loss: 0.0210449 
train_loss: 0.0201892 
test_loss: 0.0214441 
train_loss: 0.0210826 
test_loss: 0.02058 
train_loss: 0.0208748 
test_loss: 0.0206671 
train_loss: 0.0228309 
test_loss: 0.02199 
train_loss: 0.01944 
test_loss: 0.0201833 
train_loss: 0.0206337 
test_loss: 0.0203558 
train_loss: 0.0214703 
test_loss: 0.021034 
train_loss: 0.0207976 
test_loss: 0.0213169 
train_loss: 0.0207611 
test_loss: 0.0201881 
train_loss: 0.0204213 
test_loss: 0.0207687 
train_loss: 0.0204609 
test_loss: 0.020792 
train_loss: 0.0197992 
test_loss: 0.0221978 
train_loss: 0.0232778 
test_loss: 0.0218404 
train_loss: 0.0206936 
test_loss: 0.0205847 
train_loss: 0.0205307 
test_loss: 0.0206637 
train_loss: 0.0204754 
test_loss: 0.0208254 
train_loss: 0.0192277 
test_loss: 0.0205834 
train_loss: 0.0197234 
test_loss: 0.0208877 
train_loss: 0.0219158 
test_loss: 0.0220941 
train_loss: 0.024407 
test_loss: 0.020971 
train_loss: 0.0207397 
test_loss: 0.0205028 
train_loss: 0.0212745 
test_loss: 0.0208883 
train_loss: 0.0221623 
test_loss: 0.0203177 
train_loss: 0.0207861 
test_loss: 0.0208973 
train_loss: 0.0215895 
test_loss: 0.0214908 
train_loss: 0.0204042 
test_loss: 0.02075 
train_loss: 0.02043 
test_loss: 0.0207674 
train_loss: 0.0213939 
test_loss: 0.0205517 
train_loss: 0.0205162 
test_loss: 0.0200119 
train_loss: 0.0216035 
test_loss: 0.0216645 
train_loss: 0.0202146 
test_loss: 0.0207303 
train_loss: 0.0213566 
test_loss: 0.0203324 
train_loss: 0.0199623 
test_loss: 0.0203932 
train_loss: 0.0198321 
test_loss: 0.0202664 
train_loss: 0.0217711 
test_loss: 0.0210255 
train_loss: 0.0209066 
test_loss: 0.02041 
train_loss: 0.0206258 
test_loss: 0.0208112 
train_loss: 0.02023 
test_loss: 0.0208695 
train_loss: 0.0208178 
test_loss: 0.0205165 
train_loss: 0.020379 
test_loss: 0.0206948 
train_loss: 0.0205455 
test_loss: 0.02188 
train_loss: 0.0195258 
test_loss: 0.0205888 
train_loss: 0.023317 
test_loss: 0.0209112 
train_loss: 0.0206395 
test_loss: 0.0202787 
train_loss: 0.0197638 
test_loss: 0.0208983 
train_loss: 0.0210393 
test_loss: 0.0211837 
train_loss: 0.0227785 
test_loss: 0.0211579 
train_loss: 0.0204323 
test_loss: 0.0207796 
train_loss: 0.0199843 
test_loss: 0.0204204 
train_loss: 0.0201651 
test_loss: 0.0196988 
train_loss: 0.019133 
test_loss: 0.0196897 
train_loss: 0.0205725 
test_loss: 0.0198829 
train_loss: 0.020295 
test_loss: 0.0199447 
train_loss: 0.0197831 
test_loss: 0.0203794 
train_loss: 0.021254 
test_loss: 0.0213211 
train_loss: 0.0207338 
test_loss: 0.0205933 
train_loss: 0.0206886 
test_loss: 0.0206877 
train_loss: 0.0198385 
test_loss: 0.0216324 
train_loss: 0.0199176 
test_loss: 0.020321 
train_loss: 0.0208601 
test_loss: 0.0202892 
train_loss: 0.020268 
test_loss: 0.0198632 
train_loss: 0.0243602 
test_loss: 0.0209447 
train_loss: 0.0237746 
test_loss: 0.0202536 
train_loss: 0.0207137 
test_loss: 0.0209127 
train_loss: 0.021589 
test_loss: 0.0216579 
train_loss: 0.0221458 
test_loss: 0.0206561 
train_loss: 0.0216493 
test_loss: 0.0208511 
train_loss: 0.0204263 
test_loss: 0.0203546 
train_loss: 0.0194749 
test_loss: 0.0206339 
train_loss: 0.0192926 
test_loss: 0.0211716 
train_loss: 0.0203312 
test_loss: 0.0207861 
train_loss: 0.0216314 
test_loss: 0.02061 
train_loss: 0.0194124 
test_loss: 0.0201767 
train_loss: 0.0211319 
test_loss: 0.0203483 
train_loss: 0.0193319 
test_loss: 0.020377 
train_loss: 0.0191094 
test_loss: 0.0207695 
train_loss: 0.0205114 
test_loss: 0.0204508 
train_loss: 0.0200344 
test_loss: 0.020282 
train_loss: 0.0205228 
test_loss: 0.0202183 
train_loss: 0.0205106 
test_loss: 0.0199939 
train_loss: 0.0203757 
test_loss: 0.020613 
train_loss: 0.0202427 
test_loss: 0.0205596 
train_loss: 0.0202989 
test_loss: 0.0204058 
train_loss: 0.0197254 
test_loss: 0.0203521 
train_loss: 0.0203804 
test_loss: 0.0206787 
train_loss: 0.0207932 
test_loss: 0.0208398 
train_loss: 0.0211113 
test_loss: 0.0210489 
train_loss: 0.0195683 
test_loss: 0.0203523 
train_loss: 0.0197948 
test_loss: 0.0202649 
train_loss: 0.0230943 
test_loss: 0.0211672 
train_loss: 0.0216912 
test_loss: 0.0207356 
train_loss: 0.0203166 
test_loss: 0.0216131 
train_loss: 0.0201299 
test_loss: 0.020393 
train_loss: 0.0197237 
test_loss: 0.020541 
train_loss: 0.019659 
test_loss: 0.020077 
train_loss: 0.0194327 
test_loss: 0.0205679 
train_loss: 0.0210618 
test_loss: 0.020622 
train_loss: 0.0229571 
test_loss: 0.0218581 
train_loss: 0.0198809 
test_loss: 0.0206628 
train_loss: 0.0205689 
test_loss: 0.0200599 
train_loss: 0.0214104 
test_loss: 0.0200632 
train_loss: 0.0206984 
test_loss: 0.0211044 
train_loss: 0.0196661 
test_loss: 0.0206736 
train_loss: 0.020892 
test_loss: 0.021129 
train_loss: 0.0212502 
test_loss: 0.020947 
train_loss: 0.0194674 
test_loss: 0.0202245 
train_loss: 0.0222683 
test_loss: 0.0195515 
train_loss: 0.0208132 
test_loss: 0.0210192 
train_loss: 0.0200633 
test_loss: 0.0196987 
train_loss: 0.0197964 
test_loss: 0.0202518 
train_loss: 0.0195431 
test_loss: 0.0207183 
train_loss: 0.0192581 
test_loss: 0.0208113 
train_loss: 0.0198157 
test_loss: 0.0208489 
train_loss: 0.019636 
test_loss: 0.0201314 
train_loss: 0.0200697 
test_loss: 0.0205034 
train_loss: 0.0202127 
test_loss: 0.0202595 
train_loss: 0.0223029 
test_loss: 0.0209706 
train_loss: 0.0197127 
test_loss: 0.0202467 
train_loss: 0.0201545 
test_loss: 0.0201105 
train_loss: 0.0194586 
test_loss: 0.0199392 
train_loss: 0.0218463 
test_loss: 0.0197827 
train_loss: 0.0198995 
test_loss: 0.0198415 
train_loss: 0.0217126 
test_loss: 0.0211006 
train_loss: 0.0225453 
test_loss: 0.0220473 
train_loss: 0.0193713 
test_loss: 0.0211531 
train_loss: 0.0208821 
test_loss: 0.0200566 
train_loss: 0.020145 
test_loss: 0.0209283 
train_loss: 0.0198216 
test_loss: 0.0203096 
train_loss: 0.0213765 
test_loss: 0.0201886 
train_loss: 0.0194505 
test_loss: 0.0195954 
train_loss: 0.0197753 
test_loss: 0.0202972 
train_loss: 0.0209293 
test_loss: 0.0213412 
train_loss: 0.0195127 
test_loss: 0.0206494 
train_loss: 0.0197927 
test_loss: 0.0201062 
train_loss: 0.0193199 
test_loss: 0.0198602 
train_loss: 0.019781 
test_loss: 0.0206348 
train_loss: 0.0205399 
test_loss: 0.0207831 
train_loss: 0.0208008 
test_loss: 0.020421 
train_loss: 0.0194652 
test_loss: 0.0199269 
train_loss: 0.0217085 
test_loss: 0.0212255 
train_loss: 0.0193171 
test_loss: 0.0197619 
train_loss: 0.0210296 
test_loss: 0.0198311 
train_loss: 0.0203245 
test_loss: 0.0202933 
train_loss: 0.0199656 
test_loss: 0.020188 
train_loss: 0.0201722 
test_loss: 0.020363 
train_loss: 0.0187204 
test_loss: 0.0203638 
train_loss: 0.0199096 
test_loss: 0.0198792 
train_loss: 0.019919 
test_loss: 0.0204172 
train_loss: 0.0196279 
test_loss: 0.0214153 
train_loss: 0.0195912 
test_loss: 0.0206389 
train_loss: 0.0204647 
test_loss: 0.0206501 
train_loss: 0.0215207 
test_loss: 0.0207513 
train_loss: 0.0202318 
test_loss: 0.0203691 
train_loss: 0.019861 
test_loss: 0.0195366 
train_loss: 0.020191 
test_loss: 0.0199076 
train_loss: 0.0199827 
test_loss: 0.0203811 
train_loss: 0.020661 
test_loss: 0.0204513 
train_loss: 0.0189516 
test_loss: 0.0193664 
train_loss: 0.0207518 
test_loss: 0.0209726 
train_loss: 0.0200116 
test_loss: 0.020881 
train_loss: 0.0198295 
test_loss: 0.0204619 
train_loss: 0.020424 
test_loss: 0.0206061 
train_loss: 0.021704 
test_loss: 0.0204935 
train_loss: 0.0192908 
test_loss: 0.0205714 
train_loss: 0.0218097 
test_loss: 0.0204889 
train_loss: 0.0199583 
test_loss: 0.0202556 
train_loss: 0.0209176 
test_loss: 0.020313 
train_loss: 0.0196677 
test_loss: 0.0200799 
train_loss: 0.0205581 
test_loss: 0.0203981 
train_loss: 0.0204286 
test_loss: 0.0207513 
train_loss: 0.0193712 
test_loss: 0.0199883 
train_loss: 0.0199936 
test_loss: 0.0197019 
train_loss: 0.0209272 
test_loss: 0.0202302 
train_loss: 0.0199393 
test_loss: 0.0203637 
train_loss: 0.0201025 
test_loss: 0.0199028 
train_loss: 0.0202442 
test_loss: 0.0200386 
train_loss: 0.0198741 
test_loss: 0.0204491 
train_loss: 0.0204211 
test_loss: 0.0199823 
train_loss: 0.0198958 
test_loss: 0.0201834 
train_loss: 0.019289 
test_loss: 0.0201497 
train_loss: 0.0204405 
test_loss: 0.0204267 
train_loss: 0.0205823 
test_loss: 0.0199269 
train_loss: 0.0194666 
test_loss: 0.0201165 
train_loss: 0.0200854 
test_loss: 0.0200407 
train_loss: 0.0186531 
test_loss: 0.019661 
train_loss: 0.0199404 
test_loss: 0.0206242 
train_loss: 0.0198934 
test_loss: 0.0204026 
train_loss: 0.0209638 
test_loss: 0.0198353 
train_loss: 0.0196817 
test_loss: 0.0203128 
train_loss: 0.0199856 
test_loss: 0.0196128 
train_loss: 0.0195483 
test_loss: 0.0198538 
train_loss: 0.0190224 
test_loss: 0.019863 
train_loss: 0.0195471 
test_loss: 0.0202203 
train_loss: 0.0195215 
test_loss: 0.020083 
train_loss: 0.018796 
test_loss: 0.0198643 
train_loss: 0.019366 
test_loss: 0.0197072 
train_loss: 0.0206504 
test_loss: 0.0195568 
train_loss: 0.0202138 
test_loss: 0.0210256 
train_loss: 0.020955 
test_loss: 0.0210248 
train_loss: 0.0191938 
test_loss: 0.019943 
train_loss: 0.0206384 
test_loss: 0.0195977 
train_loss: 0.0198809 
test_loss: 0.0201886 
train_loss: 0.0192206 
test_loss: 0.0202356 
train_loss: 0.0211252 
test_loss: 0.0210265 
train_loss: 0.0200245 
test_loss: 0.0206275 
