train_loss: 0.100956 
test_loss: 0.100592 
train_loss: 0.084109 
test_loss: 0.084729 
train_loss: 0.068760 
test_loss: 0.071095 
train_loss: 0.064607 
test_loss: 0.064222 
train_loss: 0.061844 
test_loss: 0.060168 
train_loss: 0.053081 
test_loss: 0.055121 
train_loss: 0.050656 
test_loss: 0.050219 
train_loss: 0.043759 
test_loss: 0.044441 
train_loss: 0.037612 
test_loss: 0.039611 
train_loss: 0.035695 
test_loss: 0.035841 
train_loss: 0.030700 
test_loss: 0.033228 
train_loss: 0.034641 
test_loss: 0.031853 
train_loss: 0.027593 
test_loss: 0.030383 
train_loss: 0.028989 
test_loss: 0.028624 
train_loss: 0.026347 
test_loss: 0.026986 
train_loss: 0.028117 
test_loss: 0.027611 
train_loss: 0.024481 
test_loss: 0.025233 
train_loss: 0.023949 
test_loss: 0.024882 
train_loss: 0.023602 
test_loss: 0.024344 
train_loss: 0.023284 
test_loss: 0.023427 
train_loss: 0.023335 
test_loss: 0.022804 
train_loss: 0.021921 
test_loss: 0.023127 
train_loss: 0.021729 
test_loss: 0.022564 
train_loss: 0.021241 
test_loss: 0.022026 
train_loss: 0.021777 
test_loss: 0.021303 
train_loss: 0.019689 
test_loss: 0.020728 
train_loss: 0.018299 
test_loss: 0.021107 
train_loss: 0.019848 
test_loss: 0.021170 
train_loss: 0.019229 
test_loss: 0.020208 
train_loss: 0.018566 
test_loss: 0.020004 
train_loss: 0.017988 
test_loss: 0.019957 
train_loss: 0.017253 
test_loss: 0.019396 
train_loss: 0.016234 
test_loss: 0.019383 
train_loss: 0.017657 
test_loss: 0.019254 
train_loss: 0.016662 
test_loss: 0.018078 
train_loss: 0.016452 
test_loss: 0.018395 
train_loss: 0.016653 
test_loss: 0.018304 
train_loss: 0.015404 
test_loss: 0.017838 
train_loss: 0.016414 
test_loss: 0.018572 
train_loss: 0.016170 
test_loss: 0.017829 
train_loss: 0.016694 
test_loss: 0.017177 
train_loss: 0.016932 
test_loss: 0.017221 
train_loss: 0.016820 
test_loss: 0.017667 
train_loss: 0.015355 
test_loss: 0.016459 
train_loss: 0.014337 
test_loss: 0.016567 
train_loss: 0.015832 
test_loss: 0.016222 
train_loss: 0.014540 
test_loss: 0.017168 
train_loss: 0.016974 
test_loss: 0.016855 
train_loss: 0.015340 
test_loss: 0.016270 
train_loss: 0.014970 
test_loss: 0.016824 
train_loss: 0.014373 
test_loss: 0.015943 
train_loss: 0.014438 
test_loss: 0.015884 
train_loss: 0.015724 
test_loss: 0.015790 
train_loss: 0.015636 
test_loss: 0.015491 
train_loss: 0.015275 
test_loss: 0.015747 
train_loss: 0.015199 
test_loss: 0.015306 
train_loss: 0.014360 
test_loss: 0.015161 
train_loss: 0.014683 
test_loss: 0.014929 
train_loss: 0.015324 
test_loss: 0.014672 
train_loss: 0.014870 
test_loss: 0.015983 
train_loss: 0.014470 
test_loss: 0.014801 
train_loss: 0.014332 
test_loss: 0.015189 
train_loss: 0.015108 
test_loss: 0.015144 
train_loss: 0.013191 
test_loss: 0.014870 
train_loss: 0.013711 
test_loss: 0.014811 
train_loss: 0.013693 
test_loss: 0.014329 
train_loss: 0.014079 
test_loss: 0.014702 
train_loss: 0.013348 
test_loss: 0.015071 
train_loss: 0.013999 
test_loss: 0.014601 
train_loss: 0.014200 
test_loss: 0.014374 
train_loss: 0.014465 
test_loss: 0.014289 
train_loss: 0.014018 
test_loss: 0.014283 
train_loss: 0.013028 
test_loss: 0.014810 
train_loss: 0.012484 
test_loss: 0.014469 
train_loss: 0.012908 
test_loss: 0.014264 
train_loss: 0.012580 
test_loss: 0.014305 
train_loss: 0.013927 
test_loss: 0.014241 
train_loss: 0.013753 
test_loss: 0.014452 
train_loss: 0.013700 
test_loss: 0.014142 
train_loss: 0.013111 
test_loss: 0.014050 
train_loss: 0.013849 
test_loss: 0.014077 
train_loss: 0.013677 
test_loss: 0.013703 
train_loss: 0.012915 
test_loss: 0.013992 
train_loss: 0.012301 
test_loss: 0.013672 
train_loss: 0.012447 
test_loss: 0.013703 
train_loss: 0.012682 
test_loss: 0.013511 
train_loss: 0.013330 
test_loss: 0.013782 
train_loss: 0.013569 
test_loss: 0.013741 
train_loss: 0.013077 
test_loss: 0.013355 
train_loss: 0.011911 
test_loss: 0.013466 
train_loss: 0.013690 
test_loss: 0.013691 
train_loss: 0.012326 
test_loss: 0.013345 
train_loss: 0.011865 
test_loss: 0.013237 
train_loss: 0.012104 
test_loss: 0.013398 
train_loss: 0.013472 
test_loss: 0.013729 
train_loss: 0.014052 
test_loss: 0.013414 
train_loss: 0.012085 
test_loss: 0.013281 
train_loss: 0.012948 
test_loss: 0.013300 
train_loss: 0.013170 
test_loss: 0.013200 
train_loss: 0.012248 
test_loss: 0.013227 
train_loss: 0.012485 
test_loss: 0.012899 
train_loss: 0.012790 
test_loss: 0.013199 
train_loss: 0.012550 
test_loss: 0.012829 
train_loss: 0.012948 
test_loss: 0.013394 
train_loss: 0.012128 
test_loss: 0.012973 
train_loss: 0.012066 
test_loss: 0.012833 
train_loss: 0.010625 
test_loss: 0.012789 
train_loss: 0.012095 
test_loss: 0.012787 
train_loss: 0.013596 
test_loss: 0.013035 
train_loss: 0.011812 
test_loss: 0.013251 
train_loss: 0.012818 
test_loss: 0.013065 
