train_loss: 0.394404 
test_loss: 0.391827 
train_loss: 0.269864 
test_loss: 0.265277 
train_loss: 0.159232 
test_loss: 0.15734 
train_loss: 0.0867958 
test_loss: 0.0862929 
train_loss: 0.0627382 
test_loss: 0.0624186 
train_loss: 0.0544449 
test_loss: 0.0542937 
train_loss: 0.0500067 
test_loss: 0.0503628 
train_loss: 0.047077 
test_loss: 0.0474194 
train_loss: 0.0440178 
test_loss: 0.0443871 
train_loss: 0.040557 
test_loss: 0.0410392 
train_loss: 0.0374035 
test_loss: 0.0373551 
train_loss: 0.033553 
test_loss: 0.0334595 
train_loss: 0.0298343 
test_loss: 0.0294822 
train_loss: 0.0256971 
test_loss: 0.0257117 
train_loss: 0.0226016 
test_loss: 0.0223745 
train_loss: 0.0195588 
test_loss: 0.0193416 
train_loss: 0.0167388 
test_loss: 0.0167255 
train_loss: 0.0144884 
test_loss: 0.0144536 
train_loss: 0.0126453 
test_loss: 0.0126485 
train_loss: 0.0115666 
test_loss: 0.0112777 
train_loss: 0.010188 
test_loss: 0.0100251 
train_loss: 0.0090134 
test_loss: 0.00917169 
train_loss: 0.00825847 
test_loss: 0.00831381 
train_loss: 0.00809402 
test_loss: 0.00819154 
train_loss: 0.00731232 
test_loss: 0.00725319 
train_loss: 0.00677371 
test_loss: 0.00684092 
train_loss: 0.00669779 
test_loss: 0.00686339 
train_loss: 0.00624452 
test_loss: 0.00610925 
train_loss: 0.00635569 
test_loss: 0.00610609 
train_loss: 0.00563957 
test_loss: 0.00564362 
train_loss: 0.00539185 
test_loss: 0.00538994 
train_loss: 0.00523218 
test_loss: 0.00521195 
train_loss: 0.00560685 
test_loss: 0.00567091 
train_loss: 0.00478568 
test_loss: 0.00506849 
train_loss: 0.00464374 
test_loss: 0.0047272 
train_loss: 0.00475527 
test_loss: 0.00505989 
train_loss: 0.00472181 
test_loss: 0.00469267 
train_loss: 0.00495823 
test_loss: 0.00512423 
train_loss: 0.00425667 
test_loss: 0.00416324 
train_loss: 0.0039162 
test_loss: 0.00417707 
train_loss: 0.00460562 
test_loss: 0.00444907 
train_loss: 0.00431712 
test_loss: 0.00413509 
train_loss: 0.00414712 
test_loss: 0.00441379 
train_loss: 0.00383768 
test_loss: 0.00378842 
train_loss: 0.00396621 
test_loss: 0.00400729 
train_loss: 0.0036276 
test_loss: 0.00390644 
train_loss: 0.0036401 
test_loss: 0.00373846 
train_loss: 0.00372095 
test_loss: 0.00380664 
train_loss: 0.00354182 
test_loss: 0.0035677 
train_loss: 0.0035449 
test_loss: 0.00350132 
train_loss: 0.00353773 
test_loss: 0.00337985 
train_loss: 0.00360178 
test_loss: 0.00352363 
train_loss: 0.0032649 
test_loss: 0.00330196 
train_loss: 0.00320909 
test_loss: 0.0032845 
train_loss: 0.00327365 
test_loss: 0.0031693 
train_loss: 0.00367619 
test_loss: 0.0034375 
train_loss: 0.00330417 
test_loss: 0.00324856 
train_loss: 0.00308432 
test_loss: 0.00333603 
train_loss: 0.00322049 
test_loss: 0.00287369 
train_loss: 0.00330537 
test_loss: 0.00314638 
train_loss: 0.00331257 
test_loss: 0.00299291 
train_loss: 0.00324604 
test_loss: 0.00323231 
train_loss: 0.00316755 
test_loss: 0.00271071 
train_loss: 0.00293228 
test_loss: 0.00304183 
train_loss: 0.00266571 
test_loss: 0.00274376 
train_loss: 0.00302009 
test_loss: 0.00274614 
train_loss: 0.00327486 
test_loss: 0.00344455 
train_loss: 0.00277388 
test_loss: 0.00302322 
train_loss: 0.00287319 
test_loss: 0.00351075 
train_loss: 0.00351847 
test_loss: 0.00278407 
train_loss: 0.00291694 
test_loss: 0.00270778 
train_loss: 0.00318683 
test_loss: 0.00289232 
train_loss: 0.00292083 
test_loss: 0.00275578 
train_loss: 0.00268556 
test_loss: 0.00255791 
train_loss: 0.00298157 
test_loss: 0.00287681 
train_loss: 0.0030036 
test_loss: 0.00341969 
train_loss: 0.002506 
test_loss: 0.00267866 
train_loss: 0.0025496 
test_loss: 0.00282426 
train_loss: 0.0025811 
test_loss: 0.00270839 
train_loss: 0.00246495 
test_loss: 0.00286616 
train_loss: 0.00269229 
test_loss: 0.00270839 
