train_loss: 0.490391 
test_loss: 0.487055 
train_loss: 0.251011 
test_loss: 0.250053 
train_loss: 0.144514 
test_loss: 0.146833 
train_loss: 0.107144 
test_loss: 0.105282 
train_loss: 0.104202 
test_loss: 0.100303 
train_loss: 0.0983601 
test_loss: 0.0984832 
train_loss: 0.0993712 
test_loss: 0.0974549 
train_loss: 0.0916409 
test_loss: 0.0964799 
train_loss: 0.0936964 
test_loss: 0.0955565 
train_loss: 0.0946739 
test_loss: 0.0943233 
train_loss: 0.0950964 
test_loss: 0.0931169 
train_loss: 0.0917193 
test_loss: 0.0913954 
train_loss: 0.091081 
test_loss: 0.0890009 
train_loss: 0.0827242 
test_loss: 0.0856799 
train_loss: 0.0783308 
test_loss: 0.0830156 
train_loss: 0.0784385 
test_loss: 0.0803945 
train_loss: 0.0794997 
test_loss: 0.0797683 
train_loss: 0.0786887 
test_loss: 0.0775228 
train_loss: 0.0747928 
test_loss: 0.0775974 
train_loss: 0.0764702 
test_loss: 0.0779751 
train_loss: 0.073358 
test_loss: 0.0755032 
train_loss: 0.0718958 
test_loss: 0.0751847 
train_loss: 0.075951 
test_loss: 0.0748313 
train_loss: 0.0734607 
test_loss: 0.0739053 
train_loss: 0.0737972 
test_loss: 0.0743835 
train_loss: 0.0736626 
test_loss: 0.0738955 
train_loss: 0.0708916 
test_loss: 0.0739772 
train_loss: 0.0699715 
test_loss: 0.0728529 
train_loss: 0.0739888 
test_loss: 0.0727858 
train_loss: 0.072017 
test_loss: 0.0720922 
train_loss: 0.0680679 
test_loss: 0.0714151 
train_loss: 0.067989 
test_loss: 0.0707731 
train_loss: 0.0699884 
test_loss: 0.069809 
train_loss: 0.0696969 
test_loss: 0.0697957 
train_loss: 0.0702564 
test_loss: 0.0691766 
train_loss: 0.0683377 
test_loss: 0.0682787 
train_loss: 0.0679786 
test_loss: 0.0695963 
train_loss: 0.0662779 
test_loss: 0.0678039 
train_loss: 0.0698132 
test_loss: 0.066758 
train_loss: 0.0631833 
test_loss: 0.0668796 
train_loss: 0.0646586 
test_loss: 0.0670492 
train_loss: 0.0638594 
test_loss: 0.0675945 
train_loss: 0.0665415 
test_loss: 0.0660694 
train_loss: 0.0684076 
test_loss: 0.0656059 
train_loss: 0.0680762 
test_loss: 0.0660377 
train_loss: 0.0627276 
test_loss: 0.0658023 
train_loss: 0.0677383 
test_loss: 0.0653622 
train_loss: 0.064657 
test_loss: 0.0657574 
train_loss: 0.0606913 
test_loss: 0.0652961 
train_loss: 0.0604763 
test_loss: 0.0650944 
train_loss: 0.0639307 
test_loss: 0.0649364 
train_loss: 0.0632895 
test_loss: 0.065438 
train_loss: 0.0637817 
test_loss: 0.0647582 
train_loss: 0.069958 
test_loss: 0.0661699 
train_loss: 0.062679 
test_loss: 0.0650228 
train_loss: 0.0635471 
test_loss: 0.0642846 
train_loss: 0.0624245 
test_loss: 0.0642933 
train_loss: 0.0640354 
test_loss: 0.0638142 
train_loss: 0.0649319 
test_loss: 0.0646034 
train_loss: 0.0639451 
test_loss: 0.0654138 
train_loss: 0.0615156 
test_loss: 0.0632728 
train_loss: 0.0644419 
test_loss: 0.0637662 
train_loss: 0.0635915 
test_loss: 0.0631997 
train_loss: 0.0654031 
test_loss: 0.0659339 
train_loss: 0.0610753 
test_loss: 0.0628897 
train_loss: 0.0634773 
test_loss: 0.0625387 
train_loss: 0.0619053 
test_loss: 0.0627106 
train_loss: 0.0659898 
test_loss: 0.0642222 
train_loss: 0.058813 
test_loss: 0.0622646 
train_loss: 0.0614399 
test_loss: 0.0618424 
train_loss: 0.0603211 
test_loss: 0.0628765 
train_loss: 0.0614379 
test_loss: 0.0616814 
train_loss: 0.0591437 
test_loss: 0.0611479 
train_loss: 0.0607953 
test_loss: 0.0610338 
train_loss: 0.0591093 
test_loss: 0.0614188 
train_loss: 0.0590778 
test_loss: 0.0601604 
train_loss: 0.0608274 
test_loss: 0.0602599 
train_loss: 0.0564823 
test_loss: 0.0621648 
train_loss: 0.0629272 
test_loss: 0.0601495 
train_loss: 0.0613568 
test_loss: 0.0599793 
train_loss: 0.062108 
test_loss: 0.0599299 
train_loss: 0.0612938 
test_loss: 0.0605535 
train_loss: 0.0590186 
test_loss: 0.0598789 
train_loss: 0.060255 
test_loss: 0.0606635 
train_loss: 0.0579437 
test_loss: 0.0599062 
train_loss: 0.0617854 
test_loss: 0.0592362 
train_loss: 0.0608453 
test_loss: 0.0590537 
train_loss: 0.0586443 
test_loss: 0.0593922 
train_loss: 0.0579723 
test_loss: 0.0587153 
train_loss: 0.0561707 
test_loss: 0.0584488 
train_loss: 0.0568162 
test_loss: 0.0588222 
train_loss: 0.0586697 
test_loss: 0.0581419 
train_loss: 0.0570124 
test_loss: 0.0583231 
train_loss: 0.055163 
test_loss: 0.0584034 
train_loss: 0.0578986 
test_loss: 0.0577772 
train_loss: 0.0584598 
test_loss: 0.0581486 
train_loss: 0.0583257 
test_loss: 0.0581343 
train_loss: 0.0551387 
test_loss: 0.0581991 
train_loss: 0.0553363 
test_loss: 0.0582222 
train_loss: 0.0566342 
test_loss: 0.0578211 
train_loss: 0.0566788 
test_loss: 0.0581192 
train_loss: 0.0574469 
test_loss: 0.0571573 
train_loss: 0.0595901 
test_loss: 0.0575632 
train_loss: 0.0546635 
test_loss: 0.0574671 
train_loss: 0.0586183 
test_loss: 0.0573547 
train_loss: 0.0560817 
test_loss: 0.057674 
train_loss: 0.0576532 
test_loss: 0.0572125 
train_loss: 0.0581329 
test_loss: 0.0571741 
train_loss: 0.0563253 
test_loss: 0.0567489 
train_loss: 0.0579262 
test_loss: 0.0571783 
train_loss: 0.0556177 
test_loss: 0.0572633 
train_loss: 0.0546607 
test_loss: 0.0569966 
train_loss: 0.0557307 
test_loss: 0.0571195 
train_loss: 0.0551529 
test_loss: 0.0572017 
train_loss: 0.0578553 
test_loss: 0.0573408 
train_loss: 0.0547236 
test_loss: 0.0567631 
train_loss: 0.0558631 
test_loss: 0.0567968 
train_loss: 0.0575408 
test_loss: 0.0570263 
train_loss: 0.0550424 
test_loss: 0.0564857 
train_loss: 0.0546604 
test_loss: 0.0571335 
train_loss: 0.0555154 
test_loss: 0.0567645 
train_loss: 0.0553295 
test_loss: 0.0566927 
train_loss: 0.0548738 
test_loss: 0.0572926 
train_loss: 0.0570625 
test_loss: 0.0570207 
train_loss: 0.0579324 
test_loss: 0.056693 
train_loss: 0.0565311 
test_loss: 0.0567371 
train_loss: 0.0548083 
test_loss: 0.0567168 
train_loss: 0.0571676 
test_loss: 0.0571264 
train_loss: 0.055849 
test_loss: 0.0566513 
train_loss: 0.0544831 
test_loss: 0.0569355 
train_loss: 0.0560778 
test_loss: 0.0565371 
train_loss: 0.0578805 
test_loss: 0.056815 
train_loss: 0.0567289 
test_loss: 0.0570714 
train_loss: 0.0559591 
test_loss: 0.0569699 
train_loss: 0.0559548 
test_loss: 0.0568304 
train_loss: 0.0573774 
test_loss: 0.0564608 
train_loss: 0.0552128 
test_loss: 0.0564574 
train_loss: 0.0554723 
test_loss: 0.056352 
train_loss: 0.0552651 
test_loss: 0.0562572 
train_loss: 0.0553476 
test_loss: 0.0565851 
train_loss: 0.0589857 
test_loss: 0.0569116 
