train_loss: 0.060850 
test_loss: 0.061284 
train_loss: 0.043793 
test_loss: 0.043367 
train_loss: 0.034395 
test_loss: 0.034962 
train_loss: 0.032627 
test_loss: 0.032807 
train_loss: 0.031173 
test_loss: 0.031424 
train_loss: 0.031088 
test_loss: 0.030762 
train_loss: 0.029312 
test_loss: 0.030103 
train_loss: 0.028900 
test_loss: 0.029661 
train_loss: 0.027358 
test_loss: 0.027555 
train_loss: 0.025645 
test_loss: 0.026027 
train_loss: 0.024646 
test_loss: 0.023875 
train_loss: 0.021452 
test_loss: 0.022346 
train_loss: 0.019353 
test_loss: 0.019707 
train_loss: 0.017437 
test_loss: 0.018125 
train_loss: 0.017674 
test_loss: 0.017828 
train_loss: 0.015310 
test_loss: 0.016194 
train_loss: 0.015096 
test_loss: 0.016316 
train_loss: 0.013798 
test_loss: 0.013854 
train_loss: 0.012740 
test_loss: 0.012885 
train_loss: 0.012465 
test_loss: 0.012340 
train_loss: 0.012649 
test_loss: 0.012746 
train_loss: 0.012410 
test_loss: 0.012400 
train_loss: 0.011252 
test_loss: 0.011385 
train_loss: 0.011143 
test_loss: 0.010741 
train_loss: 0.009965 
test_loss: 0.010542 
train_loss: 0.010184 
test_loss: 0.010893 
train_loss: 0.009837 
test_loss: 0.010428 
train_loss: 0.010389 
test_loss: 0.010579 
train_loss: 0.011307 
test_loss: 0.010449 
train_loss: 0.009313 
test_loss: 0.009893 
train_loss: 0.010182 
test_loss: 0.009927 
train_loss: 0.009166 
test_loss: 0.008990 
train_loss: 0.009309 
test_loss: 0.009073 
train_loss: 0.010411 
test_loss: 0.010527 
train_loss: 0.009046 
test_loss: 0.008764 
train_loss: 0.008296 
test_loss: 0.008506 
train_loss: 0.008823 
test_loss: 0.008464 
train_loss: 0.008815 
test_loss: 0.008824 
train_loss: 0.008466 
test_loss: 0.008563 
train_loss: 0.008272 
test_loss: 0.008517 
train_loss: 0.007866 
test_loss: 0.008180 
train_loss: 0.008023 
test_loss: 0.008101 
train_loss: 0.008880 
test_loss: 0.007845 
train_loss: 0.007965 
test_loss: 0.008177 
train_loss: 0.007798 
test_loss: 0.007981 
train_loss: 0.008216 
test_loss: 0.008439 
train_loss: 0.007027 
test_loss: 0.008121 
train_loss: 0.007237 
test_loss: 0.007586 
train_loss: 0.007856 
test_loss: 0.008077 
train_loss: 0.007366 
test_loss: 0.010222 
train_loss: 0.007766 
test_loss: 0.007869 
train_loss: 0.007587 
test_loss: 0.007738 
train_loss: 0.007965 
test_loss: 0.008081 
train_loss: 0.007260 
test_loss: 0.007409 
train_loss: 0.007672 
test_loss: 0.009015 
train_loss: 0.007287 
test_loss: 0.007706 
train_loss: 0.007289 
test_loss: 0.008017 
train_loss: 0.007309 
test_loss: 0.007686 
train_loss: 0.006671 
test_loss: 0.006904 
train_loss: 0.008129 
test_loss: 0.008257 
train_loss: 0.007618 
test_loss: 0.007430 
train_loss: 0.006859 
test_loss: 0.007301 
train_loss: 0.007020 
test_loss: 0.007060 
train_loss: 0.007062 
test_loss: 0.007302 
train_loss: 0.006937 
test_loss: 0.006885 
train_loss: 0.006872 
test_loss: 0.007455 
train_loss: 0.007175 
test_loss: 0.007963 
train_loss: 0.006721 
test_loss: 0.006749 
train_loss: 0.006597 
test_loss: 0.007084 
train_loss: 0.006311 
test_loss: 0.006509 
train_loss: 0.006395 
test_loss: 0.006505 
train_loss: 0.006566 
test_loss: 0.006477 
train_loss: 0.006512 
test_loss: 0.006688 
train_loss: 0.006693 
test_loss: 0.006982 
train_loss: 0.006721 
test_loss: 0.006977 
train_loss: 0.006498 
test_loss: 0.006694 
train_loss: 0.006035 
test_loss: 0.006308 
train_loss: 0.007056 
test_loss: 0.007103 
train_loss: 0.006503 
test_loss: 0.006434 
train_loss: 0.007610 
test_loss: 0.007386 
train_loss: 0.006209 
test_loss: 0.006454 
train_loss: 0.006378 
test_loss: 0.006696 
train_loss: 0.006090 
test_loss: 0.006035 
train_loss: 0.006449 
test_loss: 0.006331 
train_loss: 0.006317 
test_loss: 0.006574 
train_loss: 0.005887 
test_loss: 0.006526 
train_loss: 0.006135 
test_loss: 0.006606 
train_loss: 0.005890 
test_loss: 0.006368 
train_loss: 0.005891 
test_loss: 0.005986 
train_loss: 0.006338 
test_loss: 0.006775 
train_loss: 0.006471 
test_loss: 0.006553 
