train_loss: 2.12847 
test_loss: 5.74317 
train_loss: 1.99971 
test_loss: 2.21674 
train_loss: 2.0007 
test_loss: 2.31196 
train_loss: 1.99958 
test_loss: 3.18716 
train_loss: 2.00027 
test_loss: 2.11474 
train_loss: 2.00176 
test_loss: 2.07097 
train_loss: 2.04017 
test_loss: 2.01843 
train_loss: 1.99826 
test_loss: 2.01156 
train_loss: 2.001 
test_loss: 2.07799 
train_loss: 1.99772 
test_loss: 2.00721 
train_loss: 1.99882 
test_loss: 2.0072 
train_loss: 1.99845 
test_loss: 2.02014 
train_loss: 2.001 
test_loss: 2.01305 
train_loss: 2.00507 
test_loss: 2.01203 
train_loss: 1.99882 
test_loss: 2.0081 
train_loss: 2.03282 
test_loss: 2.02254 
train_loss: 1.9988 
test_loss: 2.01277 
train_loss: 3.56325 
test_loss: 2.01814 
train_loss: 1.99949 
test_loss: 2.00531 
train_loss: 1.99952 
test_loss: 2.01495 
train_loss: 1.99837 
test_loss: 2.00642 
