train_loss: 0.089177 
test_loss: 0.090893 
train_loss: 0.074002 
test_loss: 0.075132 
train_loss: 0.061198 
test_loss: 0.062535 
train_loss: 0.058782 
test_loss: 0.058069 
train_loss: 0.053616 
test_loss: 0.055837 
train_loss: 0.051834 
test_loss: 0.053364 
train_loss: 0.048269 
test_loss: 0.048811 
train_loss: 0.043406 
test_loss: 0.044322 
train_loss: 0.039286 
test_loss: 0.039990 
train_loss: 0.036235 
test_loss: 0.035413 
train_loss: 0.032363 
test_loss: 0.032123 
train_loss: 0.030141 
test_loss: 0.030945 
train_loss: 0.027021 
test_loss: 0.027800 
train_loss: 0.024393 
test_loss: 0.026679 
train_loss: 0.025340 
test_loss: 0.024669 
train_loss: 0.023393 
test_loss: 0.024559 
train_loss: 0.022087 
test_loss: 0.022814 
train_loss: 0.023691 
test_loss: 0.022570 
train_loss: 0.020671 
test_loss: 0.021858 
train_loss: 0.020207 
test_loss: 0.021461 
train_loss: 0.020303 
test_loss: 0.020851 
train_loss: 0.018696 
test_loss: 0.020298 
train_loss: 0.021090 
test_loss: 0.020311 
train_loss: 0.018748 
test_loss: 0.019618 
train_loss: 0.018585 
test_loss: 0.019096 
train_loss: 0.018955 
test_loss: 0.018786 
train_loss: 0.018584 
test_loss: 0.018367 
train_loss: 0.017233 
test_loss: 0.018505 
train_loss: 0.016416 
test_loss: 0.017587 
train_loss: 0.018488 
test_loss: 0.017636 
train_loss: 0.016812 
test_loss: 0.017088 
train_loss: 0.015848 
test_loss: 0.016848 
train_loss: 0.018679 
test_loss: 0.017254 
train_loss: 0.015294 
test_loss: 0.016829 
train_loss: 0.015219 
test_loss: 0.016581 
train_loss: 0.016014 
test_loss: 0.016077 
train_loss: 0.015303 
test_loss: 0.016012 
train_loss: 0.016037 
test_loss: 0.016173 
train_loss: 0.014610 
test_loss: 0.016117 
train_loss: 0.014883 
test_loss: 0.015380 
train_loss: 0.015162 
test_loss: 0.015330 
train_loss: 0.014737 
test_loss: 0.016256 
train_loss: 0.015166 
test_loss: 0.015300 
train_loss: 0.014161 
test_loss: 0.014765 
train_loss: 0.014750 
test_loss: 0.015066 
train_loss: 0.014131 
test_loss: 0.014065 
train_loss: 0.014490 
test_loss: 0.014460 
train_loss: 0.012931 
test_loss: 0.014496 
train_loss: 0.015307 
test_loss: 0.014475 
train_loss: 0.013695 
test_loss: 0.014678 
train_loss: 0.013064 
test_loss: 0.013752 
train_loss: 0.012860 
test_loss: 0.013923 
train_loss: 0.013103 
test_loss: 0.014025 
train_loss: 0.013331 
test_loss: 0.013249 
train_loss: 0.012997 
test_loss: 0.013518 
train_loss: 0.012545 
test_loss: 0.013468 
train_loss: 0.013053 
test_loss: 0.013639 
train_loss: 0.012856 
test_loss: 0.013442 
train_loss: 0.013048 
test_loss: 0.013083 
train_loss: 0.012597 
test_loss: 0.013207 
train_loss: 0.012142 
test_loss: 0.013503 
train_loss: 0.012687 
test_loss: 0.013411 
train_loss: 0.012497 
test_loss: 0.012900 
train_loss: 0.011908 
test_loss: 0.012792 
train_loss: 0.011757 
test_loss: 0.013282 
train_loss: 0.012907 
test_loss: 0.013140 
train_loss: 0.012422 
test_loss: 0.013206 
train_loss: 0.012315 
test_loss: 0.012757 
train_loss: 0.011499 
test_loss: 0.012337 
train_loss: 0.012090 
test_loss: 0.012223 
train_loss: 0.012002 
test_loss: 0.012122 
train_loss: 0.012070 
test_loss: 0.012120 
train_loss: 0.012129 
test_loss: 0.012264 
train_loss: 0.011284 
test_loss: 0.012124 
train_loss: 0.010919 
test_loss: 0.011989 
train_loss: 0.011862 
test_loss: 0.012729 
train_loss: 0.011356 
test_loss: 0.012012 
train_loss: 0.011267 
test_loss: 0.011848 
train_loss: 0.010519 
test_loss: 0.011816 
train_loss: 0.011632 
test_loss: 0.012011 
train_loss: 0.011851 
test_loss: 0.012207 
