train_loss: 0.810727 
test_loss: 0.809565 
train_loss: 0.81316 
test_loss: 0.811654 
train_loss: 0.80013 
test_loss: 0.810201 
train_loss: 0.805493 
test_loss: 0.8084 
train_loss: 0.806539 
test_loss: 0.806284 
train_loss: 0.800534 
test_loss: 0.803772 
train_loss: 0.800119 
test_loss: 0.800894 
train_loss: 0.801878 
test_loss: 0.797477 
train_loss: 0.793566 
test_loss: 0.793384 
train_loss: 0.790135 
test_loss: 0.788327 
train_loss: 0.775852 
test_loss: 0.781833 
train_loss: 0.778405 
test_loss: 0.772455 
train_loss: 0.748765 
test_loss: 0.748963 
train_loss: 0.716261 
test_loss: 0.720757 
train_loss: 0.679594 
test_loss: 0.687703 
train_loss: 0.652236 
test_loss: 0.651319 
train_loss: 0.62122 
test_loss: 0.614925 
train_loss: 0.577015 
test_loss: 0.580275 
train_loss: 0.544416 
test_loss: 0.547038 
train_loss: 0.514199 
test_loss: 0.51509 
train_loss: 0.483253 
test_loss: 0.484903 
train_loss: 0.448099 
test_loss: 0.456801 
train_loss: 0.430685 
test_loss: 0.43076 
train_loss: 0.412626 
test_loss: 0.406506 
train_loss: 0.376049 
test_loss: 0.383909 
train_loss: 0.36452 
test_loss: 0.36275 
train_loss: 0.338378 
test_loss: 0.342872 
train_loss: 0.325945 
test_loss: 0.324234 
train_loss: 0.304911 
test_loss: 0.306587 
train_loss: 0.291549 
test_loss: 0.290083 
train_loss: 0.27182 
test_loss: 0.274603 
train_loss: 0.257642 
test_loss: 0.260032 
train_loss: 0.250942 
test_loss: 0.246411 
train_loss: 0.233111 
test_loss: 0.233803 
train_loss: 0.219419 
test_loss: 0.222254 
train_loss: 0.206073 
test_loss: 0.211325 
train_loss: 0.199579 
test_loss: 0.201437 
train_loss: 0.190018 
test_loss: 0.192018 
train_loss: 0.18625 
test_loss: 0.183463 
train_loss: 0.179747 
test_loss: 0.175636 
train_loss: 0.164393 
test_loss: 0.16835 
train_loss: 0.162743 
test_loss: 0.161791 
train_loss: 0.156244 
test_loss: 0.155656 
train_loss: 0.156498 
test_loss: 0.150111 
train_loss: 0.146291 
test_loss: 0.144975 
train_loss: 0.140234 
test_loss: 0.140202 
train_loss: 0.134877 
test_loss: 0.135922 
train_loss: 0.135491 
test_loss: 0.132012 
train_loss: 0.128493 
test_loss: 0.128445 
train_loss: 0.125455 
test_loss: 0.12535 
train_loss: 0.118045 
test_loss: 0.122373 
train_loss: 0.117635 
test_loss: 0.11981 
train_loss: 0.11898 
test_loss: 0.117488 
train_loss: 0.11649 
test_loss: 0.115381 
train_loss: 0.117949 
test_loss: 0.113627 
train_loss: 0.110183 
test_loss: 0.112005 
train_loss: 0.114432 
test_loss: 0.110671 
train_loss: 0.108505 
test_loss: 0.109542 
train_loss: 0.109798 
test_loss: 0.108644 
train_loss: 0.108517 
test_loss: 0.107664 
train_loss: 0.104275 
test_loss: 0.106983 
train_loss: 0.104448 
test_loss: 0.10635 
train_loss: 0.104791 
test_loss: 0.105774 
train_loss: 0.10697 
test_loss: 0.105403 
train_loss: 0.104938 
test_loss: 0.104888 
train_loss: 0.104486 
test_loss: 0.104523 
train_loss: 0.101056 
test_loss: 0.104306 
train_loss: 0.103261 
test_loss: 0.104284 
train_loss: 0.104288 
test_loss: 0.103796 
train_loss: 0.101961 
test_loss: 0.103558 
train_loss: 0.101381 
test_loss: 0.103435 
train_loss: 0.101102 
test_loss: 0.103314 
train_loss: 0.101348 
test_loss: 0.103158 
train_loss: 0.104365 
test_loss: 0.102963 
train_loss: 0.100669 
test_loss: 0.102827 
train_loss: 0.102302 
test_loss: 0.10308 
train_loss: 0.10345 
test_loss: 0.102644 
train_loss: 0.100097 
test_loss: 0.10266 
train_loss: 0.107948 
test_loss: 0.102531 
train_loss: 0.105923 
test_loss: 0.102534 
train_loss: 0.104459 
test_loss: 0.102538 
train_loss: 0.103605 
test_loss: 0.102376 
train_loss: 0.10533 
test_loss: 0.102315 
train_loss: 0.0977754 
test_loss: 0.102266 
train_loss: 0.102584 
test_loss: 0.10233 
train_loss: 0.105523 
test_loss: 0.10233 
train_loss: 0.103078 
test_loss: 0.102196 
train_loss: 0.102487 
test_loss: 0.102116 
train_loss: 0.101132 
test_loss: 0.10212 
train_loss: 0.0987914 
test_loss: 0.102071 
train_loss: 0.101378 
test_loss: 0.10205 
train_loss: 0.102204 
test_loss: 0.102115 
train_loss: 0.0996521 
test_loss: 0.102021 
train_loss: 0.0993224 
test_loss: 0.101967 
train_loss: 0.0976298 
test_loss: 0.101929 
train_loss: 0.105573 
test_loss: 0.101906 
train_loss: 0.101294 
test_loss: 0.101879 
train_loss: 0.0985238 
test_loss: 0.10191 
train_loss: 0.0998779 
test_loss: 0.101828 
train_loss: 0.099429 
test_loss: 0.102057 
train_loss: 0.10393 
test_loss: 0.101762 
train_loss: 0.102495 
test_loss: 0.101946 
train_loss: 0.0984105 
test_loss: 0.101824 
train_loss: 0.0996315 
test_loss: 0.101681 
train_loss: 0.106053 
test_loss: 0.101728 
train_loss: 0.105234 
test_loss: 0.10179 
train_loss: 0.103376 
test_loss: 0.1018 
train_loss: 0.101131 
test_loss: 0.101755 
train_loss: 0.102051 
test_loss: 0.101738 
train_loss: 0.0994826 
test_loss: 0.101673 
train_loss: 0.106066 
test_loss: 0.101668 
train_loss: 0.10091 
test_loss: 0.101649 
train_loss: 0.104879 
test_loss: 0.101552 
train_loss: 0.102219 
test_loss: 0.101641 
train_loss: 0.100487 
test_loss: 0.101874 
train_loss: 0.100189 
test_loss: 0.101481 
train_loss: 0.101874 
test_loss: 0.101519 
train_loss: 0.103828 
test_loss: 0.101667 
train_loss: 0.100933 
test_loss: 0.101468 
train_loss: 0.101092 
test_loss: 0.101401 
train_loss: 0.0991138 
test_loss: 0.101492 
train_loss: 0.102084 
test_loss: 0.101461 
train_loss: 0.101687 
test_loss: 0.101469 
train_loss: 0.100224 
test_loss: 0.101518 
train_loss: 0.104036 
test_loss: 0.101571 
train_loss: 0.102519 
test_loss: 0.101387 
train_loss: 0.100824 
test_loss: 0.101688 
train_loss: 0.103537 
test_loss: 0.101412 
train_loss: 0.104142 
test_loss: 0.101364 
train_loss: 0.104594 
test_loss: 0.10132 
train_loss: 0.105264 
test_loss: 0.101234 
train_loss: 0.100386 
test_loss: 0.10133 
train_loss: 0.103397 
test_loss: 0.10148 
train_loss: 0.101564 
test_loss: 0.101486 
train_loss: 0.0995933 
test_loss: 0.101382 
train_loss: 0.101539 
test_loss: 0.101352 
train_loss: 0.100192 
test_loss: 0.101399 
train_loss: 0.104627 
test_loss: 0.101401 
train_loss: 0.10224 
test_loss: 0.101174 
train_loss: 0.100471 
test_loss: 0.10137 
train_loss: 0.0992905 
test_loss: 0.101263 
train_loss: 0.102371 
test_loss: 0.101205 
train_loss: 0.101311 
test_loss: 0.101207 
train_loss: 0.101025 
test_loss: 0.101262 
train_loss: 0.0991352 
test_loss: 0.101332 
train_loss: 0.101297 
test_loss: 0.101329 
train_loss: 0.102147 
test_loss: 0.101317 
train_loss: 0.101949 
test_loss: 0.101032 
train_loss: 0.103393 
test_loss: 0.10118 
train_loss: 0.100578 
test_loss: 0.10107 
train_loss: 0.103174 
test_loss: 0.101247 
