train_loss: 0.674497 
test_loss: 0.672177 
train_loss: 0.763258 
test_loss: 0.749121 
train_loss: 0.575518 
test_loss: 0.563825 
train_loss: 0.451384 
test_loss: 0.442495 
train_loss: 0.355927 
test_loss: 0.361044 
train_loss: 0.274147 
test_loss: 0.275712 
train_loss: 0.223021 
test_loss: 0.227553 
train_loss: 0.182208 
test_loss: 0.182416 
train_loss: 0.146473 
test_loss: 0.145809 
train_loss: 0.134189 
test_loss: 0.132832 
train_loss: 0.119359 
test_loss: 0.116658 
train_loss: 0.0925626 
test_loss: 0.0928881 
train_loss: 0.0770167 
test_loss: 0.0765553 
train_loss: 0.0708593 
test_loss: 0.0720706 
train_loss: 0.0686069 
test_loss: 0.069906 
train_loss: 0.0683226 
test_loss: 0.0678334 
train_loss: 0.0665409 
test_loss: 0.066806 
train_loss: 0.0648574 
test_loss: 0.0653305 
train_loss: 0.0633523 
test_loss: 0.0638143 
train_loss: 0.0624331 
test_loss: 0.0624781 
train_loss: 0.0611754 
test_loss: 0.0608078 
train_loss: 0.0594194 
test_loss: 0.0596065 
train_loss: 0.0584485 
test_loss: 0.0590779 
train_loss: 0.0581654 
test_loss: 0.0582494 
train_loss: 0.0561911 
test_loss: 0.0575036 
train_loss: 0.0554016 
test_loss: 0.0564086 
train_loss: 0.0562475 
test_loss: 0.0556796 
train_loss: 0.054762 
test_loss: 0.0548126 
train_loss: 0.0540148 
test_loss: 0.0532509 
train_loss: 0.0518492 
test_loss: 0.0528072 
train_loss: 0.0520068 
test_loss: 0.0510783 
train_loss: 0.0497044 
test_loss: 0.0500117 
train_loss: 0.0500704 
test_loss: 0.0488034 
train_loss: 0.0483371 
test_loss: 0.047533 
train_loss: 0.0456734 
test_loss: 0.0462139 
train_loss: 0.0447007 
test_loss: 0.0448144 
train_loss: 0.0432351 
test_loss: 0.0435783 
train_loss: 0.0425519 
test_loss: 0.0418885 
train_loss: 0.0405476 
test_loss: 0.0401191 
train_loss: 0.0413357 
test_loss: 0.039519 
train_loss: 0.0384745 
test_loss: 0.0384277 
train_loss: 0.037387 
test_loss: 0.0377898 
train_loss: 0.0364376 
test_loss: 0.0365428 
train_loss: 0.0364751 
test_loss: 0.0361321 
train_loss: 0.0364185 
test_loss: 0.0352203 
train_loss: 0.0340188 
test_loss: 0.0349814 
train_loss: 0.0345268 
test_loss: 0.0344655 
train_loss: 0.0334487 
test_loss: 0.034116 
train_loss: 0.0333575 
test_loss: 0.033565 
train_loss: 0.0344126 
test_loss: 0.0335748 
train_loss: 0.0326071 
test_loss: 0.033317 
train_loss: 0.0334305 
test_loss: 0.032692 
train_loss: 0.0329266 
test_loss: 0.0328839 
train_loss: 0.0331347 
test_loss: 0.0324162 
train_loss: 0.0316239 
test_loss: 0.0320085 
train_loss: 0.0322389 
test_loss: 0.0315425 
train_loss: 0.0322539 
test_loss: 0.0318048 
train_loss: 0.0314741 
test_loss: 0.0315327 
train_loss: 0.0315147 
test_loss: 0.0315362 
train_loss: 0.0308456 
test_loss: 0.0315794 
train_loss: 0.0317153 
test_loss: 0.0305267 
train_loss: 0.0305097 
test_loss: 0.0310605 
train_loss: 0.0299039 
test_loss: 0.0312379 
train_loss: 0.0310763 
test_loss: 0.0306404 
train_loss: 0.0308185 
test_loss: 0.0304217 
train_loss: 0.0301609 
test_loss: 0.0299822 
train_loss: 0.0307597 
test_loss: 0.0304969 
train_loss: 0.030307 
test_loss: 0.0299612 
train_loss: 0.0296158 
test_loss: 0.0291586 
train_loss: 0.0301152 
test_loss: 0.0294846 
train_loss: 0.0308028 
test_loss: 0.0294536 
train_loss: 0.0279422 
test_loss: 0.0290995 
train_loss: 0.0284872 
test_loss: 0.0286521 
train_loss: 0.0276854 
test_loss: 0.0287856 
train_loss: 0.0284045 
test_loss: 0.0286619 
train_loss: 0.029464 
test_loss: 0.0280564 
train_loss: 0.0275274 
test_loss: 0.0276639 
train_loss: 0.026695 
test_loss: 0.0274169 
train_loss: 0.0275744 
test_loss: 0.0273761 
train_loss: 0.0276007 
test_loss: 0.0268588 
train_loss: 0.0261305 
test_loss: 0.0266406 
train_loss: 0.0284894 
test_loss: 0.0275763 
train_loss: 0.0272109 
test_loss: 0.0269021 
train_loss: 0.0258128 
test_loss: 0.0262819 
train_loss: 0.0277382 
test_loss: 0.0267509 
train_loss: 0.0255677 
test_loss: 0.0263906 
train_loss: 0.0262797 
test_loss: 0.0261201 
train_loss: 0.0263888 
test_loss: 0.0267063 
train_loss: 0.0260742 
test_loss: 0.0256787 
train_loss: 0.0255643 
test_loss: 0.0265635 
train_loss: 0.0264938 
test_loss: 0.0259161 
train_loss: 0.0265469 
test_loss: 0.0257236 
train_loss: 0.0263349 
test_loss: 0.0264767 
train_loss: 0.0263391 
test_loss: 0.025949 
train_loss: 0.024433 
test_loss: 0.0256302 
train_loss: 0.0258409 
test_loss: 0.0255308 
train_loss: 0.0251937 
test_loss: 0.0255914 
train_loss: 0.0260063 
test_loss: 0.0255898 
train_loss: 0.0253598 
test_loss: 0.0258397 
train_loss: 0.0253351 
test_loss: 0.0252321 
train_loss: 0.0257096 
test_loss: 0.0255748 
train_loss: 0.0253354 
test_loss: 0.0247989 
train_loss: 0.0253121 
test_loss: 0.0256936 
train_loss: 0.0260554 
test_loss: 0.025215 
train_loss: 0.0253465 
test_loss: 0.0251766 
train_loss: 0.0250701 
test_loss: 0.0255392 
train_loss: 0.0245561 
test_loss: 0.0254137 
train_loss: 0.0248202 
test_loss: 0.0250774 
train_loss: 0.0255401 
test_loss: 0.0254483 
train_loss: 0.0255106 
test_loss: 0.0246877 
train_loss: 0.0274304 
test_loss: 0.0253252 
train_loss: 0.0247681 
test_loss: 0.0249878 
train_loss: 0.0250151 
test_loss: 0.0248598 
train_loss: 0.0240139 
test_loss: 0.0245595 
train_loss: 0.0235733 
test_loss: 0.0240886 
train_loss: 0.024261 
test_loss: 0.0239254 
train_loss: 0.0245812 
test_loss: 0.0244057 
train_loss: 0.0250835 
test_loss: 0.024139 
train_loss: 0.0235267 
test_loss: 0.0237384 
train_loss: 0.0227721 
test_loss: 0.0234377 
train_loss: 0.0237321 
test_loss: 0.0232097 
train_loss: 0.0232928 
test_loss: 0.0229898 
train_loss: 0.0240697 
test_loss: 0.023145 
train_loss: 0.0230492 
test_loss: 0.0231605 
train_loss: 0.0229618 
test_loss: 0.0228769 
train_loss: 0.0224479 
test_loss: 0.0218895 
train_loss: 0.0226726 
test_loss: 0.02258 
train_loss: 0.0224178 
test_loss: 0.0217144 
train_loss: 0.0217783 
test_loss: 0.0223283 
train_loss: 0.0220876 
test_loss: 0.0220134 
train_loss: 0.0218597 
test_loss: 0.0223926 
train_loss: 0.022254 
test_loss: 0.0218641 
train_loss: 0.0215954 
test_loss: 0.0219687 
train_loss: 0.0224078 
test_loss: 0.0213761 
train_loss: 0.0220223 
test_loss: 0.0220432 
train_loss: 0.0204645 
test_loss: 0.0218559 
train_loss: 0.0214857 
test_loss: 0.021985 
train_loss: 0.0221301 
test_loss: 0.0211267 
train_loss: 0.0216243 
test_loss: 0.0217667 
train_loss: 0.0217577 
test_loss: 0.0215468 
train_loss: 0.0218591 
test_loss: 0.0214668 
train_loss: 0.0206773 
test_loss: 0.0211364 
train_loss: 0.0224959 
test_loss: 0.0213501 
train_loss: 0.0212849 
test_loss: 0.0216574 
train_loss: 0.0214391 
test_loss: 0.0211436 
train_loss: 0.021381 
test_loss: 0.0212714 
train_loss: 0.0212953 
test_loss: 0.0215058 
train_loss: 0.0209949 
test_loss: 0.0208522 
train_loss: 0.0204215 
test_loss: 0.0212042 
train_loss: 0.0207419 
test_loss: 0.0211024 
train_loss: 0.0209153 
test_loss: 0.0213192 
train_loss: 0.0211108 
test_loss: 0.0212078 
train_loss: 0.0203716 
test_loss: 0.0208894 
train_loss: 0.0208371 
test_loss: 0.0219271 
train_loss: 0.0213082 
test_loss: 0.0212029 
train_loss: 0.0215819 
test_loss: 0.0207023 
train_loss: 0.0211497 
test_loss: 0.021551 
train_loss: 0.0207158 
test_loss: 0.02108 
train_loss: 0.0203836 
test_loss: 0.0220454 
train_loss: 0.0210526 
test_loss: 0.0217308 
train_loss: 0.0201825 
test_loss: 0.0200391 
train_loss: 0.0219507 
test_loss: 0.020587 
train_loss: 0.0213642 
test_loss: 0.0201095 
train_loss: 0.0205513 
test_loss: 0.0207261 
train_loss: 0.019556 
test_loss: 0.0200799 
train_loss: 0.0204263 
test_loss: 0.0201807 
train_loss: 0.0205378 
test_loss: 0.0216627 
train_loss: 0.02088 
test_loss: 0.0196605 
train_loss: 0.0192646 
test_loss: 0.0201675 
train_loss: 0.0207628 
test_loss: 0.0206398 
train_loss: 0.0191081 
test_loss: 0.0191234 
train_loss: 0.0184161 
test_loss: 0.0186733 
train_loss: 0.0188656 
test_loss: 0.0185282 
train_loss: 0.0176447 
test_loss: 0.0183402 
train_loss: 0.018203 
test_loss: 0.0177616 
train_loss: 0.0180206 
test_loss: 0.0176502 
train_loss: 0.0177722 
test_loss: 0.017305 
train_loss: 0.0197187 
test_loss: 0.017602 
train_loss: 0.0171307 
test_loss: 0.0172068 
train_loss: 0.0181225 
test_loss: 0.0173405 
train_loss: 0.0172893 
test_loss: 0.0170987 
train_loss: 0.01763 
test_loss: 0.0200796 
train_loss: 0.0169595 
test_loss: 0.017007 
train_loss: 0.0166648 
test_loss: 0.0169994 
train_loss: 0.0167505 
test_loss: 0.0164085 
train_loss: 0.0163435 
test_loss: 0.016576 
train_loss: 0.0158428 
test_loss: 0.0164594 
train_loss: 0.0166682 
test_loss: 0.0166919 
train_loss: 0.0175021 
test_loss: 0.0165108 
train_loss: 0.0162264 
test_loss: 0.016544 
train_loss: 0.0155543 
test_loss: 0.0169932 
train_loss: 0.0153481 
test_loss: 0.0156841 
train_loss: 0.0159242 
test_loss: 0.01629 
train_loss: 0.0162494 
test_loss: 0.016296 
train_loss: 0.0161467 
test_loss: 0.0155304 
train_loss: 0.0160365 
test_loss: 0.0158335 
train_loss: 0.0155043 
test_loss: 0.0159603 
train_loss: 0.0165915 
test_loss: 0.0158185 
train_loss: 0.0156617 
test_loss: 0.0154203 
train_loss: 0.0156353 
test_loss: 0.0153272 
train_loss: 0.0167099 
test_loss: 0.015904 
train_loss: 0.0162778 
test_loss: 0.0154094 
train_loss: 0.0150477 
test_loss: 0.0155795 
train_loss: 0.0155629 
test_loss: 0.0155194 
train_loss: 0.0159328 
test_loss: 0.0158935 
train_loss: 0.014834 
test_loss: 0.0154987 
train_loss: 0.016331 
test_loss: 0.0150482 
train_loss: 0.0154626 
test_loss: 0.0155712 
train_loss: 0.0150544 
test_loss: 0.0149019 
train_loss: 0.0148475 
test_loss: 0.0150033 
train_loss: 0.0142308 
test_loss: 0.0155737 
train_loss: 0.0150324 
test_loss: 0.0151457 
train_loss: 0.0152066 
test_loss: 0.0153569 
train_loss: 0.0145028 
test_loss: 0.0149407 
train_loss: 0.0150936 
test_loss: 0.0155359 
train_loss: 0.0149398 
test_loss: 0.0150478 
train_loss: 0.0152524 
test_loss: 0.0149538 
train_loss: 0.0142621 
test_loss: 0.0149167 
train_loss: 0.016227 
test_loss: 0.0155194 
train_loss: 0.0149053 
test_loss: 0.0148705 
train_loss: 0.0148242 
test_loss: 0.0145057 
train_loss: 0.0138724 
test_loss: 0.0143541 
train_loss: 0.0156758 
test_loss: 0.0145712 
train_loss: 0.0146836 
test_loss: 0.0142742 
train_loss: 0.0147136 
test_loss: 0.0146092 
train_loss: 0.0136943 
test_loss: 0.0144969 
train_loss: 0.0146372 
test_loss: 0.014708 
train_loss: 0.0142439 
test_loss: 0.0140965 
train_loss: 0.0137366 
test_loss: 0.0141844 
train_loss: 0.0140825 
test_loss: 0.0137413 
train_loss: 0.0140227 
test_loss: 0.0143689 
train_loss: 0.0138512 
test_loss: 0.0146523 
train_loss: 0.0136875 
test_loss: 0.0134171 
train_loss: 0.014335 
test_loss: 0.0138791 
train_loss: 0.0137849 
test_loss: 0.0136263 
train_loss: 0.0141444 
test_loss: 0.0136725 
train_loss: 0.0127282 
test_loss: 0.0139393 
train_loss: 0.0135865 
test_loss: 0.0137307 
train_loss: 0.0136616 
test_loss: 0.0136208 
train_loss: 0.0130619 
test_loss: 0.0134026 
train_loss: 0.0135418 
test_loss: 0.0129676 
train_loss: 0.0137249 
test_loss: 0.0139643 
train_loss: 0.013534 
test_loss: 0.0131891 
train_loss: 0.013343 
test_loss: 0.0131219 
train_loss: 0.0134996 
test_loss: 0.0138105 
train_loss: 0.0144645 
test_loss: 0.0139841 
train_loss: 0.0128875 
test_loss: 0.0131403 
train_loss: 0.0128906 
test_loss: 0.0130315 
train_loss: 0.0129821 
test_loss: 0.01329 
train_loss: 0.0138238 
test_loss: 0.0130247 
train_loss: 0.0129209 
test_loss: 0.0129464 
train_loss: 0.0126354 
test_loss: 0.0128001 
train_loss: 0.0121996 
test_loss: 0.0126732 
train_loss: 0.0125832 
test_loss: 0.0135063 
train_loss: 0.0130201 
test_loss: 0.0130228 
train_loss: 0.0123442 
test_loss: 0.0128993 
train_loss: 0.0127899 
test_loss: 0.0128392 
train_loss: 0.0118709 
test_loss: 0.0128176 
train_loss: 0.0124874 
test_loss: 0.0126751 
train_loss: 0.0125312 
test_loss: 0.0126689 
train_loss: 0.012925 
test_loss: 0.0129306 
