train_loss: 0.866361 
test_loss: 0.851905 
train_loss: 0.782072 
test_loss: 0.78007 
train_loss: 0.733277 
test_loss: 0.731333 
train_loss: 0.689478 
test_loss: 0.685995 
train_loss: 0.642577 
test_loss: 0.641174 
train_loss: 0.601209 
test_loss: 0.600988 
train_loss: 0.563801 
test_loss: 0.55932 
train_loss: 0.514627 
test_loss: 0.507146 
train_loss: 0.446651 
test_loss: 0.440525 
train_loss: 0.354561 
test_loss: 0.355404 
train_loss: 0.284737 
test_loss: 0.283015 
train_loss: 0.238865 
test_loss: 0.240293 
train_loss: 0.207147 
test_loss: 0.207547 
train_loss: 0.18193 
test_loss: 0.179802 
train_loss: 0.150408 
test_loss: 0.15359 
train_loss: 0.132189 
test_loss: 0.131302 
train_loss: 0.116285 
test_loss: 0.118513 
train_loss: 0.109089 
test_loss: 0.111158 
train_loss: 0.105084 
test_loss: 0.106243 
train_loss: 0.101728 
test_loss: 0.102779 
train_loss: 0.0982321 
test_loss: 0.100339 
train_loss: 0.0967517 
test_loss: 0.0984488 
train_loss: 0.0965535 
test_loss: 0.0970244 
train_loss: 0.101344 
test_loss: 0.0958077 
train_loss: 0.0896706 
test_loss: 0.0947423 
train_loss: 0.0932807 
test_loss: 0.093884 
train_loss: 0.0913155 
test_loss: 0.0931831 
train_loss: 0.0888995 
test_loss: 0.0926876 
train_loss: 0.0917285 
test_loss: 0.0922128 
train_loss: 0.0891218 
test_loss: 0.0917961 
train_loss: 0.0911696 
test_loss: 0.0913849 
train_loss: 0.0882047 
test_loss: 0.0910784 
train_loss: 0.0885567 
test_loss: 0.0907328 
train_loss: 0.0909894 
test_loss: 0.0904644 
train_loss: 0.0901299 
test_loss: 0.0901842 
train_loss: 0.0904756 
test_loss: 0.0899149 
train_loss: 0.091785 
test_loss: 0.0898272 
train_loss: 0.0887229 
test_loss: 0.0894784 
train_loss: 0.0869625 
test_loss: 0.0892318 
train_loss: 0.0920922 
test_loss: 0.0890307 
train_loss: 0.0862729 
test_loss: 0.0888231 
train_loss: 0.0906517 
test_loss: 0.0886056 
train_loss: 0.0864055 
test_loss: 0.0883814 
train_loss: 0.0867226 
test_loss: 0.0881583 
train_loss: 0.089989 
test_loss: 0.0880215 
train_loss: 0.0844681 
test_loss: 0.0878145 
train_loss: 0.0837691 
test_loss: 0.0877256 
train_loss: 0.0857388 
test_loss: 0.0874239 
train_loss: 0.0875281 
test_loss: 0.0873022 
train_loss: 0.0870499 
test_loss: 0.0871233 
train_loss: 0.0878779 
test_loss: 0.0869746 
train_loss: 0.0856203 
test_loss: 0.0868093 
train_loss: 0.0885422 
test_loss: 0.0866321 
train_loss: 0.0897529 
test_loss: 0.0866154 
train_loss: 0.0849299 
test_loss: 0.0863032 
train_loss: 0.0824828 
test_loss: 0.0860396 
train_loss: 0.0888722 
test_loss: 0.0858554 
train_loss: 0.0892769 
test_loss: 0.0854414 
train_loss: 0.0888948 
test_loss: 0.0849997 
train_loss: 0.0810792 
test_loss: 0.0845302 
train_loss: 0.0842484 
test_loss: 0.0840658 
train_loss: 0.0811617 
test_loss: 0.0835995 
train_loss: 0.0824009 
test_loss: 0.0830092 
train_loss: 0.0772641 
test_loss: 0.0822814 
train_loss: 0.0791858 
test_loss: 0.081569 
train_loss: 0.0766252 
test_loss: 0.0810637 
train_loss: 0.0777904 
test_loss: 0.0804417 
train_loss: 0.0774238 
test_loss: 0.0797914 
train_loss: 0.0782818 
test_loss: 0.0792715 
train_loss: 0.0793284 
test_loss: 0.0787727 
train_loss: 0.0781428 
test_loss: 0.0781889 
train_loss: 0.0787367 
test_loss: 0.0776268 
train_loss: 0.0754932 
test_loss: 0.0772417 
train_loss: 0.0774728 
test_loss: 0.0766857 
train_loss: 0.0739158 
test_loss: 0.0762684 
train_loss: 0.0750329 
test_loss: 0.0759069 
train_loss: 0.0743446 
test_loss: 0.0755712 
train_loss: 0.0766156 
test_loss: 0.0752782 
train_loss: 0.0781738 
test_loss: 0.075011 
train_loss: 0.0734646 
test_loss: 0.0746039 
train_loss: 0.0745808 
test_loss: 0.0744629 
train_loss: 0.0740261 
test_loss: 0.0742114 
train_loss: 0.0761579 
test_loss: 0.0740351 
train_loss: 0.0765889 
test_loss: 0.0738568 
train_loss: 0.0702098 
test_loss: 0.0735348 
train_loss: 0.0700732 
test_loss: 0.0733208 
train_loss: 0.0746951 
test_loss: 0.0729934 
train_loss: 0.0735589 
test_loss: 0.0729628 
train_loss: 0.0720267 
test_loss: 0.0725754 
train_loss: 0.0713953 
test_loss: 0.0723412 
train_loss: 0.0711098 
test_loss: 0.0722419 
train_loss: 0.0736708 
test_loss: 0.0717613 
train_loss: 0.0706003 
test_loss: 0.0716715 
train_loss: 0.0703296 
test_loss: 0.0715081 
train_loss: 0.070183 
test_loss: 0.0709382 
train_loss: 0.0707051 
test_loss: 0.0704811 
train_loss: 0.0733054 
test_loss: 0.0701241 
train_loss: 0.0686934 
test_loss: 0.069876 
train_loss: 0.0679713 
test_loss: 0.0692118 
train_loss: 0.0696996 
test_loss: 0.0686396 
train_loss: 0.0672112 
test_loss: 0.0682861 
train_loss: 0.0701589 
test_loss: 0.0676959 
train_loss: 0.0678712 
test_loss: 0.0673043 
train_loss: 0.0666331 
test_loss: 0.0669069 
train_loss: 0.0630354 
test_loss: 0.0669685 
train_loss: 0.0677007 
test_loss: 0.0664598 
train_loss: 0.0661666 
test_loss: 0.066611 
train_loss: 0.0687542 
test_loss: 0.0658633 
train_loss: 0.0660853 
test_loss: 0.0655725 
train_loss: 0.0680986 
test_loss: 0.0657657 
train_loss: 0.0629479 
test_loss: 0.065261 
train_loss: 0.0654768 
test_loss: 0.0652375 
train_loss: 0.0655856 
test_loss: 0.0653179 
train_loss: 0.0634953 
test_loss: 0.065046 
train_loss: 0.0650065 
test_loss: 0.0647362 
train_loss: 0.0666196 
test_loss: 0.06493 
train_loss: 0.0619264 
test_loss: 0.0654341 
train_loss: 0.0636054 
test_loss: 0.0656608 
train_loss: 0.0642197 
test_loss: 0.0647659 
train_loss: 0.0667145 
test_loss: 0.064349 
train_loss: 0.0631085 
test_loss: 0.0644168 
train_loss: 0.0651113 
test_loss: 0.0639222 
train_loss: 0.0641611 
test_loss: 0.0638636 
train_loss: 0.0654413 
test_loss: 0.0641137 
train_loss: 0.0637906 
test_loss: 0.0637396 
train_loss: 0.0631984 
test_loss: 0.0636565 
train_loss: 0.0644044 
test_loss: 0.0634052 
train_loss: 0.0659385 
test_loss: 0.0636692 
train_loss: 0.0623887 
test_loss: 0.0631891 
train_loss: 0.0596923 
test_loss: 0.0630243 
train_loss: 0.0596893 
test_loss: 0.0626939 
train_loss: 0.0621599 
test_loss: 0.0629951 
train_loss: 0.0605842 
test_loss: 0.0621821 
train_loss: 0.0612625 
test_loss: 0.062168 
train_loss: 0.063807 
test_loss: 0.0617741 
train_loss: 0.0630269 
test_loss: 0.061989 
train_loss: 0.0646709 
test_loss: 0.0624921 
train_loss: 0.0625183 
test_loss: 0.0617971 
train_loss: 0.062154 
test_loss: 0.0621424 
train_loss: 0.0585602 
test_loss: 0.0615035 
train_loss: 0.0611403 
test_loss: 0.0614374 
train_loss: 0.0611401 
test_loss: 0.0613961 
train_loss: 0.06154 
test_loss: 0.0612274 
train_loss: 0.0600134 
test_loss: 0.061078 
train_loss: 0.0635254 
test_loss: 0.0621868 
train_loss: 0.0586699 
test_loss: 0.0616921 
train_loss: 0.0623263 
test_loss: 0.0612279 
train_loss: 0.0611369 
test_loss: 0.0610461 
train_loss: 0.0602171 
test_loss: 0.060981 
train_loss: 0.0617542 
test_loss: 0.0611337 
train_loss: 0.0582765 
test_loss: 0.0610951 
train_loss: 0.0628179 
test_loss: 0.0609564 
train_loss: 0.0599123 
test_loss: 0.0608102 
train_loss: 0.0636364 
test_loss: 0.0611838 
train_loss: 0.061338 
test_loss: 0.0610306 
train_loss: 0.0571015 
test_loss: 0.0606434 
train_loss: 0.0605373 
test_loss: 0.0612068 
train_loss: 0.0596603 
test_loss: 0.0605463 
train_loss: 0.0593724 
test_loss: 0.0604276 
train_loss: 0.0621437 
test_loss: 0.060604 
train_loss: 0.058196 
test_loss: 0.0607842 
train_loss: 0.0625333 
test_loss: 0.0603252 
train_loss: 0.0634249 
test_loss: 0.0605484 
train_loss: 0.0610559 
test_loss: 0.0604275 
train_loss: 0.0595909 
test_loss: 0.0601999 
train_loss: 0.058011 
test_loss: 0.0599312 
train_loss: 0.0602653 
test_loss: 0.0603131 
train_loss: 0.057897 
test_loss: 0.059978 
train_loss: 0.0580889 
test_loss: 0.0598963 
train_loss: 0.0617601 
test_loss: 0.0598208 
train_loss: 0.0607262 
test_loss: 0.0597319 
train_loss: 0.0606143 
test_loss: 0.0601864 
train_loss: 0.0583645 
test_loss: 0.0595401 
train_loss: 0.0603488 
test_loss: 0.0596824 
train_loss: 0.0582844 
test_loss: 0.0593218 
train_loss: 0.0599376 
test_loss: 0.0593726 
train_loss: 0.058149 
test_loss: 0.0588948 
train_loss: 0.0598658 
test_loss: 0.0591406 
train_loss: 0.0581576 
test_loss: 0.0594228 
train_loss: 0.0586158 
test_loss: 0.0585952 
train_loss: 0.0594625 
test_loss: 0.0586453 
train_loss: 0.0575031 
test_loss: 0.0588349 
train_loss: 0.0593641 
test_loss: 0.0584181 
train_loss: 0.057219 
test_loss: 0.0580655 
train_loss: 0.0554813 
test_loss: 0.0582726 
train_loss: 0.0571995 
test_loss: 0.0581867 
train_loss: 0.0573573 
test_loss: 0.0580647 
train_loss: 0.0580761 
test_loss: 0.0577083 
train_loss: 0.0578524 
test_loss: 0.0577599 
train_loss: 0.0571445 
test_loss: 0.0584523 
train_loss: 0.0545352 
test_loss: 0.0576791 
train_loss: 0.0566503 
test_loss: 0.0572382 
train_loss: 0.0556609 
test_loss: 0.0580925 
train_loss: 0.0568799 
test_loss: 0.0571746 
train_loss: 0.0561545 
test_loss: 0.0568899 
train_loss: 0.056894 
test_loss: 0.0571731 
train_loss: 0.0549769 
test_loss: 0.0570575 
train_loss: 0.0530594 
test_loss: 0.0566746 
train_loss: 0.0559563 
test_loss: 0.0573548 
train_loss: 0.0553273 
test_loss: 0.0574403 
train_loss: 0.0558967 
test_loss: 0.0568912 
train_loss: 0.0556515 
test_loss: 0.0569853 
train_loss: 0.0570476 
test_loss: 0.0562828 
train_loss: 0.0553318 
test_loss: 0.0568343 
train_loss: 0.0578606 
test_loss: 0.0566162 
train_loss: 0.0558148 
test_loss: 0.0568219 
train_loss: 0.0544292 
test_loss: 0.0565108 
train_loss: 0.0567055 
test_loss: 0.0564632 
train_loss: 0.0589351 
test_loss: 0.056134 
train_loss: 0.0556894 
test_loss: 0.0564784 
train_loss: 0.0570085 
test_loss: 0.0561891 
train_loss: 0.0562185 
test_loss: 0.0561282 
train_loss: 0.0560924 
test_loss: 0.0562255 
train_loss: 0.0569231 
test_loss: 0.0558868 
train_loss: 0.0586922 
test_loss: 0.0559351 
train_loss: 0.0536073 
test_loss: 0.0563192 
train_loss: 0.0550849 
test_loss: 0.0559522 
train_loss: 0.0533143 
test_loss: 0.0560881 
train_loss: 0.0545767 
test_loss: 0.0559063 
train_loss: 0.0550504 
test_loss: 0.0558907 
train_loss: 0.0575005 
test_loss: 0.0558445 
train_loss: 0.0576526 
test_loss: 0.0557444 
train_loss: 0.0540628 
test_loss: 0.0557502 
train_loss: 0.0555789 
test_loss: 0.0555434 
train_loss: 0.0572701 
test_loss: 0.0556465 
train_loss: 0.0544511 
test_loss: 0.0558121 
train_loss: 0.0554098 
test_loss: 0.0555597 
train_loss: 0.056224 
test_loss: 0.0560754 
train_loss: 0.0539455 
test_loss: 0.0562982 
train_loss: 0.0551065 
test_loss: 0.0555667 
train_loss: 0.0538677 
test_loss: 0.0562311 
