train_loss: 0.476188 
test_loss: 0.477902 
train_loss: 0.481559 
test_loss: 0.477676 
train_loss: 0.47412 
test_loss: 0.477114 
train_loss: 0.472179 
test_loss: 0.476489 
train_loss: 0.477943 
test_loss: 0.47576 
train_loss: 0.474279 
test_loss: 0.474921 
train_loss: 0.484268 
test_loss: 0.474009 
train_loss: 0.4761 
test_loss: 0.47301 
train_loss: 0.478091 
test_loss: 0.471948 
train_loss: 0.467227 
test_loss: 0.470797 
train_loss: 0.46947 
test_loss: 0.469587 
train_loss: 0.467829 
test_loss: 0.468285 
train_loss: 0.467363 
test_loss: 0.466939 
train_loss: 0.463919 
test_loss: 0.465532 
train_loss: 0.46268 
test_loss: 0.464023 
train_loss: 0.461717 
test_loss: 0.46249 
train_loss: 0.459085 
test_loss: 0.460857 
train_loss: 0.467646 
test_loss: 0.459168 
train_loss: 0.463123 
test_loss: 0.457419 
train_loss: 0.447687 
test_loss: 0.455615 
train_loss: 0.452018 
test_loss: 0.45372 
train_loss: 0.452608 
test_loss: 0.451776 
train_loss: 0.444605 
test_loss: 0.449753 
train_loss: 0.445322 
test_loss: 0.447661 
train_loss: 0.444869 
test_loss: 0.445523 
train_loss: 0.440167 
test_loss: 0.443292 
train_loss: 0.443115 
test_loss: 0.441015 
train_loss: 0.439555 
test_loss: 0.438646 
train_loss: 0.438783 
test_loss: 0.436216 
train_loss: 0.434925 
test_loss: 0.43372 
train_loss: 0.43737 
test_loss: 0.431142 
train_loss: 0.426715 
test_loss: 0.428483 
train_loss: 0.426813 
test_loss: 0.425761 
train_loss: 0.423789 
test_loss: 0.422958 
train_loss: 0.417211 
test_loss: 0.420073 
train_loss: 0.416138 
test_loss: 0.417085 
train_loss: 0.415697 
test_loss: 0.414052 
train_loss: 0.410891 
test_loss: 0.41093 
train_loss: 0.409177 
test_loss: 0.407726 
train_loss: 0.404596 
test_loss: 0.40442 
train_loss: 0.408294 
test_loss: 0.401042 
train_loss: 0.402015 
test_loss: 0.397563 
train_loss: 0.394471 
test_loss: 0.394004 
train_loss: 0.390747 
test_loss: 0.390355 
train_loss: 0.390215 
test_loss: 0.38662 
train_loss: 0.381226 
test_loss: 0.382806 
train_loss: 0.378004 
test_loss: 0.37889 
train_loss: 0.377607 
test_loss: 0.374893 
train_loss: 0.3721 
test_loss: 0.370807 
train_loss: 0.37252 
test_loss: 0.366666 
train_loss: 0.361039 
test_loss: 0.362443 
train_loss: 0.364772 
test_loss: 0.358161 
train_loss: 0.348887 
test_loss: 0.353811 
train_loss: 0.352464 
test_loss: 0.349418 
train_loss: 0.349304 
test_loss: 0.344967 
train_loss: 0.344461 
test_loss: 0.340462 
train_loss: 0.335198 
test_loss: 0.335893 
train_loss: 0.331084 
test_loss: 0.331295 
train_loss: 0.331173 
test_loss: 0.326614 
train_loss: 0.323476 
test_loss: 0.321867 
train_loss: 0.31886 
test_loss: 0.317044 
train_loss: 0.311406 
test_loss: 0.312141 
train_loss: 0.30707 
test_loss: 0.307148 
train_loss: 0.302137 
test_loss: 0.30205 
train_loss: 0.293233 
test_loss: 0.296849 
train_loss: 0.288978 
test_loss: 0.291515 
train_loss: 0.288788 
test_loss: 0.286057 
train_loss: 0.282249 
test_loss: 0.280496 
train_loss: 0.272362 
test_loss: 0.274758 
train_loss: 0.265977 
test_loss: 0.268881 
train_loss: 0.261966 
test_loss: 0.262873 
train_loss: 0.25701 
test_loss: 0.256677 
train_loss: 0.251507 
test_loss: 0.250341 
train_loss: 0.241486 
test_loss: 0.243832 
train_loss: 0.239153 
test_loss: 0.237167 
train_loss: 0.23003 
test_loss: 0.230371 
train_loss: 0.225315 
test_loss: 0.223452 
train_loss: 0.214643 
test_loss: 0.216429 
train_loss: 0.210006 
test_loss: 0.209328 
train_loss: 0.205178 
test_loss: 0.202156 
train_loss: 0.194776 
test_loss: 0.194931 
train_loss: 0.186353 
test_loss: 0.187674 
train_loss: 0.178608 
test_loss: 0.180384 
train_loss: 0.174695 
test_loss: 0.17311 
train_loss: 0.165551 
test_loss: 0.165889 
train_loss: 0.157712 
test_loss: 0.158777 
train_loss: 0.147242 
test_loss: 0.15183 
train_loss: 0.145954 
test_loss: 0.145078 
train_loss: 0.1376 
test_loss: 0.138596 
train_loss: 0.134507 
test_loss: 0.132415 
train_loss: 0.125771 
test_loss: 0.126552 
train_loss: 0.119824 
test_loss: 0.121012 
train_loss: 0.116312 
test_loss: 0.115809 
train_loss: 0.110703 
test_loss: 0.110951 
train_loss: 0.105407 
test_loss: 0.106418 
train_loss: 0.102432 
test_loss: 0.102209 
train_loss: 0.0984439 
test_loss: 0.0983427 
train_loss: 0.0935525 
test_loss: 0.094796 
train_loss: 0.0917999 
test_loss: 0.0915935 
train_loss: 0.0885509 
test_loss: 0.0887237 
train_loss: 0.0853336 
test_loss: 0.0861736 
train_loss: 0.0854183 
test_loss: 0.0839361 
train_loss: 0.0825336 
test_loss: 0.0819677 
train_loss: 0.0791202 
test_loss: 0.0802608 
train_loss: 0.0789348 
test_loss: 0.0787866 
train_loss: 0.0769357 
test_loss: 0.0775155 
train_loss: 0.0763193 
test_loss: 0.0764134 
train_loss: 0.0742601 
test_loss: 0.0754633 
train_loss: 0.0738666 
test_loss: 0.0746458 
train_loss: 0.0733005 
test_loss: 0.0739323 
train_loss: 0.0724652 
test_loss: 0.0733057 
train_loss: 0.0719159 
test_loss: 0.072772 
train_loss: 0.0713549 
test_loss: 0.072299 
train_loss: 0.0715569 
test_loss: 0.0718862 
train_loss: 0.0718867 
test_loss: 0.0715239 
train_loss: 0.0708423 
test_loss: 0.071204 
train_loss: 0.0703234 
test_loss: 0.0709186 
train_loss: 0.0710255 
test_loss: 0.0706651 
train_loss: 0.070375 
test_loss: 0.0704449 
train_loss: 0.0706574 
test_loss: 0.0702398 
train_loss: 0.0704384 
test_loss: 0.0700535 
train_loss: 0.0713003 
test_loss: 0.0698814 
train_loss: 0.0694085 
test_loss: 0.0697327 
train_loss: 0.0698936 
test_loss: 0.0695856 
train_loss: 0.0688996 
test_loss: 0.0694499 
train_loss: 0.0687946 
test_loss: 0.0693284 
train_loss: 0.0688407 
test_loss: 0.0692239 
train_loss: 0.0702524 
test_loss: 0.069102 
train_loss: 0.0691719 
test_loss: 0.0690003 
train_loss: 0.0689686 
test_loss: 0.0688975 
train_loss: 0.0691937 
test_loss: 0.0687902 
train_loss: 0.0682141 
test_loss: 0.0687092 
train_loss: 0.0687911 
test_loss: 0.0686104 
train_loss: 0.0685324 
test_loss: 0.0685135 
train_loss: 0.0699521 
test_loss: 0.0684153 
train_loss: 0.06848 
test_loss: 0.0683375 
train_loss: 0.0670101 
test_loss: 0.068255 
train_loss: 0.0690857 
test_loss: 0.0681597 
train_loss: 0.0677113 
test_loss: 0.0680573 
train_loss: 0.0689639 
test_loss: 0.0679684 
train_loss: 0.0680128 
test_loss: 0.0678897 
train_loss: 0.0681918 
test_loss: 0.0677708 
train_loss: 0.0665743 
test_loss: 0.0676734 
train_loss: 0.0673843 
test_loss: 0.0675755 
train_loss: 0.0668874 
test_loss: 0.0674656 
train_loss: 0.0670072 
test_loss: 0.0673555 
train_loss: 0.0669991 
test_loss: 0.0672498 
train_loss: 0.0675073 
test_loss: 0.0671225 
train_loss: 0.0682665 
test_loss: 0.0669991 
train_loss: 0.0664391 
test_loss: 0.0668914 
train_loss: 0.066117 
test_loss: 0.066775 
train_loss: 0.0671617 
test_loss: 0.0666404 
train_loss: 0.0655302 
test_loss: 0.0664664 
train_loss: 0.0662612 
test_loss: 0.0663374 
train_loss: 0.0676741 
test_loss: 0.0661827 
train_loss: 0.0661634 
test_loss: 0.0660052 
train_loss: 0.0654798 
test_loss: 0.065834 
train_loss: 0.0657359 
test_loss: 0.065617 
train_loss: 0.0652369 
test_loss: 0.0654376 
train_loss: 0.0643738 
test_loss: 0.0651892 
train_loss: 0.06552 
test_loss: 0.0649575 
train_loss: 0.0636493 
test_loss: 0.0647055 
train_loss: 0.0634498 
test_loss: 0.0644216 
train_loss: 0.0634662 
test_loss: 0.0641188 
train_loss: 0.0637807 
test_loss: 0.0638243 
train_loss: 0.0629631 
test_loss: 0.0634703 
train_loss: 0.0630359 
test_loss: 0.0631231 
train_loss: 0.0630459 
test_loss: 0.0627516 
train_loss: 0.0627982 
test_loss: 0.062367 
train_loss: 0.0625089 
test_loss: 0.0619165 
train_loss: 0.0618573 
test_loss: 0.0614772 
train_loss: 0.0616048 
test_loss: 0.0609867 
train_loss: 0.0602693 
test_loss: 0.0604839 
train_loss: 0.0589293 
test_loss: 0.0599143 
train_loss: 0.0582825 
test_loss: 0.0592867 
train_loss: 0.0584362 
test_loss: 0.0586047 
train_loss: 0.0573066 
test_loss: 0.057841 
train_loss: 0.05743 
test_loss: 0.0570181 
train_loss: 0.0566998 
test_loss: 0.0560559 
train_loss: 0.054277 
test_loss: 0.0550274 
train_loss: 0.0549043 
test_loss: 0.0538655 
train_loss: 0.0520858 
test_loss: 0.0526729 
train_loss: 0.0519935 
test_loss: 0.0513998 
train_loss: 0.0493911 
test_loss: 0.0501572 
train_loss: 0.0486374 
test_loss: 0.0489656 
train_loss: 0.047367 
test_loss: 0.0478134 
train_loss: 0.0463086 
test_loss: 0.0467744 
train_loss: 0.0457783 
test_loss: 0.0458634 
train_loss: 0.0455668 
test_loss: 0.044989 
train_loss: 0.042836 
test_loss: 0.0441772 
train_loss: 0.0428168 
test_loss: 0.043485 
train_loss: 0.0424822 
test_loss: 0.0427811 
train_loss: 0.0422083 
test_loss: 0.0421885 
train_loss: 0.0414172 
test_loss: 0.0415866 
train_loss: 0.0412645 
test_loss: 0.0410331 
train_loss: 0.0405279 
test_loss: 0.0404951 
train_loss: 0.0402145 
test_loss: 0.0400615 
train_loss: 0.0400527 
test_loss: 0.0395994 
train_loss: 0.039136 
test_loss: 0.0392192 
train_loss: 0.0395095 
test_loss: 0.0387783 
train_loss: 0.0382003 
test_loss: 0.0384625 
train_loss: 0.0374941 
test_loss: 0.0381217 
train_loss: 0.0374727 
test_loss: 0.0377361 
train_loss: 0.0373749 
test_loss: 0.0374745 
train_loss: 0.0368875 
test_loss: 0.0372159 
train_loss: 0.0373241 
test_loss: 0.0369915 
train_loss: 0.0366303 
test_loss: 0.0367133 
train_loss: 0.0357118 
test_loss: 0.0364744 
train_loss: 0.0370652 
test_loss: 0.0361965 
train_loss: 0.0358657 
test_loss: 0.0359333 
train_loss: 0.0358299 
test_loss: 0.0357505 
train_loss: 0.0355896 
test_loss: 0.0354782 
train_loss: 0.0352176 
test_loss: 0.0352694 
train_loss: 0.0345494 
test_loss: 0.0350588 
train_loss: 0.0352583 
test_loss: 0.0348557 
train_loss: 0.0356756 
test_loss: 0.0346332 
train_loss: 0.0339008 
test_loss: 0.0344304 
train_loss: 0.0343059 
test_loss: 0.0342453 
train_loss: 0.0337975 
test_loss: 0.0340165 
train_loss: 0.0337646 
test_loss: 0.0338245 
train_loss: 0.0344127 
test_loss: 0.0336021 
train_loss: 0.0334954 
test_loss: 0.0334018 
train_loss: 0.0329406 
test_loss: 0.0332305 
train_loss: 0.0323833 
test_loss: 0.033038 
train_loss: 0.0332639 
test_loss: 0.0329118 
train_loss: 0.0324809 
test_loss: 0.0328561 
train_loss: 0.0325053 
test_loss: 0.032718 
train_loss: 0.0328639 
test_loss: 0.0325473 
train_loss: 0.0326939 
test_loss: 0.0324027 
train_loss: 0.0318545 
test_loss: 0.0323137 
train_loss: 0.0322719 
test_loss: 0.0321419 
train_loss: 0.0322449 
test_loss: 0.032061 
train_loss: 0.0322057 
test_loss: 0.0320352 
train_loss: 0.031321 
test_loss: 0.0318653 
train_loss: 0.0312598 
test_loss: 0.0318073 
train_loss: 0.0313752 
test_loss: 0.0317042 
train_loss: 0.0319206 
test_loss: 0.0316547 
train_loss: 0.0316527 
test_loss: 0.0315611 
train_loss: 0.0319075 
test_loss: 0.031646 
train_loss: 0.0323353 
test_loss: 0.0317084 
train_loss: 0.0307378 
test_loss: 0.0314319 
train_loss: 0.031399 
test_loss: 0.0315613 
train_loss: 0.0317815 
test_loss: 0.0314097 
train_loss: 0.031353 
test_loss: 0.0313673 
train_loss: 0.0315003 
test_loss: 0.031292 
train_loss: 0.0314641 
test_loss: 0.031295 
train_loss: 0.0311883 
test_loss: 0.0312054 
train_loss: 0.0311367 
test_loss: 0.0312393 
train_loss: 0.0309672 
test_loss: 0.0311475 
train_loss: 0.0310592 
test_loss: 0.0310877 
train_loss: 0.0312497 
test_loss: 0.0311056 
train_loss: 0.0306537 
test_loss: 0.0310638 
train_loss: 0.0300544 
test_loss: 0.0309596 
train_loss: 0.0307651 
test_loss: 0.030963 
train_loss: 0.0315579 
test_loss: 0.0309007 
train_loss: 0.0303919 
test_loss: 0.0309453 
train_loss: 0.0302956 
test_loss: 0.0309295 
train_loss: 0.0308355 
test_loss: 0.0309593 
train_loss: 0.0305335 
test_loss: 0.0309013 
train_loss: 0.0306018 
test_loss: 0.0309369 
train_loss: 0.0304331 
test_loss: 0.0307942 
train_loss: 0.0310704 
test_loss: 0.0309565 
train_loss: 0.0303559 
test_loss: 0.0308278 
train_loss: 0.0304223 
test_loss: 0.0307831 
train_loss: 0.0310416 
test_loss: 0.0307963 
train_loss: 0.0301163 
test_loss: 0.0306606 
train_loss: 0.0300081 
test_loss: 0.0306704 
train_loss: 0.0306084 
test_loss: 0.0307588 
train_loss: 0.0306277 
test_loss: 0.0307321 
train_loss: 0.0307639 
test_loss: 0.0306613 
train_loss: 0.0299501 
test_loss: 0.0306914 
train_loss: 0.030342 
test_loss: 0.0306151 
train_loss: 0.0307734 
test_loss: 0.0306203 
train_loss: 0.0302812 
test_loss: 0.0307206 
train_loss: 0.0299523 
test_loss: 0.0305226 
train_loss: 0.0302701 
test_loss: 0.0306152 
train_loss: 0.0308864 
test_loss: 0.030579 
train_loss: 0.0296604 
test_loss: 0.0304677 
train_loss: 0.0301746 
test_loss: 0.0304795 
train_loss: 0.0295392 
test_loss: 0.0305464 
train_loss: 0.0299744 
test_loss: 0.0304475 
train_loss: 0.0306642 
test_loss: 0.0304189 
train_loss: 0.0306528 
test_loss: 0.0306334 
train_loss: 0.0306298 
test_loss: 0.0304458 
train_loss: 0.0300988 
test_loss: 0.0304254 
train_loss: 0.03013 
test_loss: 0.0304459 
train_loss: 0.0298648 
test_loss: 0.0304482 
train_loss: 0.030141 
test_loss: 0.0304151 
train_loss: 0.0301581 
test_loss: 0.0303246 
train_loss: 0.0297674 
test_loss: 0.0305889 
train_loss: 0.0307155 
test_loss: 0.0303411 
train_loss: 0.0300919 
test_loss: 0.0304005 
train_loss: 0.0300655 
test_loss: 0.03043 
train_loss: 0.0304207 
test_loss: 0.0303021 
train_loss: 0.0299468 
test_loss: 0.030301 
train_loss: 0.0304145 
test_loss: 0.0302354 
train_loss: 0.0300276 
test_loss: 0.0303413 
train_loss: 0.0298951 
test_loss: 0.0302393 
train_loss: 0.03027 
test_loss: 0.030356 
train_loss: 0.0298154 
test_loss: 0.0302372 
train_loss: 0.0294258 
test_loss: 0.0302393 
train_loss: 0.0301736 
test_loss: 0.0302154 
train_loss: 0.0297316 
test_loss: 0.0302526 
train_loss: 0.0303059 
test_loss: 0.0301491 
train_loss: 0.0300327 
test_loss: 0.0302466 
train_loss: 0.0295192 
test_loss: 0.0301751 
train_loss: 0.0301982 
test_loss: 0.0302206 
train_loss: 0.0300622 
test_loss: 0.0301809 
train_loss: 0.030635 
test_loss: 0.0301053 
train_loss: 0.0300442 
test_loss: 0.0303555 
train_loss: 0.0303315 
test_loss: 0.0301377 
train_loss: 0.0300006 
test_loss: 0.0300602 
train_loss: 0.0296872 
test_loss: 0.0300955 
train_loss: 0.0297826 
test_loss: 0.0301053 
train_loss: 0.0304583 
test_loss: 0.0300597 
train_loss: 0.0295571 
test_loss: 0.0300971 
train_loss: 0.0290751 
test_loss: 0.0299968 
train_loss: 0.0295681 
test_loss: 0.0300855 
train_loss: 0.0296414 
test_loss: 0.0300273 
train_loss: 0.0295076 
test_loss: 0.0300627 
train_loss: 0.0294622 
test_loss: 0.0300928 
train_loss: 0.0293149 
test_loss: 0.0299252 
train_loss: 0.0298546 
test_loss: 0.0300216 
train_loss: 0.0298957 
test_loss: 0.0301004 
train_loss: 0.0289938 
test_loss: 0.0300186 
train_loss: 0.0292906 
test_loss: 0.0300159 
train_loss: 0.0303307 
test_loss: 0.0299155 
train_loss: 0.0297171 
test_loss: 0.0299948 
train_loss: 0.0294863 
test_loss: 0.0298767 
train_loss: 0.0293137 
test_loss: 0.0298592 
train_loss: 0.0296131 
test_loss: 0.0299095 
train_loss: 0.0298185 
test_loss: 0.0297659 
train_loss: 0.0293987 
test_loss: 0.0298089 
train_loss: 0.029458 
test_loss: 0.0298463 
train_loss: 0.0305824 
test_loss: 0.0298286 
train_loss: 0.0288705 
test_loss: 0.0296697 
train_loss: 0.0301367 
test_loss: 0.0297153 
train_loss: 0.0291993 
test_loss: 0.0296605 
train_loss: 0.0288416 
test_loss: 0.0296159 
train_loss: 0.0296712 
test_loss: 0.0297051 
train_loss: 0.0290699 
test_loss: 0.0297125 
train_loss: 0.0299409 
test_loss: 0.0296013 
train_loss: 0.0292676 
test_loss: 0.0295671 
train_loss: 0.0294736 
test_loss: 0.0295478 
train_loss: 0.0292456 
test_loss: 0.0294483 
train_loss: 0.0294386 
test_loss: 0.0293713 
train_loss: 0.0291765 
test_loss: 0.0295431 
train_loss: 0.0294467 
test_loss: 0.0292918 
train_loss: 0.0290966 
test_loss: 0.0293802 
train_loss: 0.0294467 
test_loss: 0.0292488 
train_loss: 0.0286706 
test_loss: 0.0291734 
train_loss: 0.0290918 
test_loss: 0.0291549 
train_loss: 0.0284395 
test_loss: 0.0290227 
train_loss: 0.0287151 
test_loss: 0.0291591 
train_loss: 0.0285114 
test_loss: 0.0287289 
train_loss: 0.0284519 
test_loss: 0.0287358 
train_loss: 0.028511 
test_loss: 0.0285759 
train_loss: 0.0278577 
test_loss: 0.0285982 
train_loss: 0.0285334 
test_loss: 0.0286048 
train_loss: 0.0280304 
test_loss: 0.0286098 
train_loss: 0.0279343 
test_loss: 0.0281628 
train_loss: 0.0271914 
test_loss: 0.0279887 
train_loss: 0.0276954 
test_loss: 0.0278794 
train_loss: 0.0279198 
test_loss: 0.0277496 
train_loss: 0.0269305 
test_loss: 0.0273916 
train_loss: 0.0272282 
test_loss: 0.0273764 
train_loss: 0.0266643 
test_loss: 0.027084 
train_loss: 0.0262497 
test_loss: 0.0268744 
train_loss: 0.0261315 
test_loss: 0.0265587 
train_loss: 0.0256533 
test_loss: 0.0263585 
train_loss: 0.0250642 
test_loss: 0.0258909 
train_loss: 0.0247024 
test_loss: 0.0256458 
train_loss: 0.0246907 
test_loss: 0.0252733 
train_loss: 0.0240503 
test_loss: 0.0248009 
train_loss: 0.0238966 
test_loss: 0.0241771 
train_loss: 0.0231861 
test_loss: 0.0233382 
train_loss: 0.0222105 
test_loss: 0.0227228 
train_loss: 0.0216565 
test_loss: 0.0221308 
train_loss: 0.0208684 
test_loss: 0.0206864 
train_loss: 0.0194899 
test_loss: 0.01997 
train_loss: 0.0190633 
test_loss: 0.0184739 
train_loss: 0.0193456 
test_loss: 0.0187321 
train_loss: 0.0170229 
test_loss: 0.0165623 
train_loss: 0.0152706 
test_loss: 0.0158707 
train_loss: 0.0140785 
test_loss: 0.0140314 
train_loss: 0.0139869 
test_loss: 0.0142215 
train_loss: 0.0128495 
test_loss: 0.0135446 
train_loss: 0.011485 
test_loss: 0.011575 
train_loss: 0.0114654 
test_loss: 0.011701 
train_loss: 0.0102279 
test_loss: 0.0103656 
train_loss: 0.00974352 
test_loss: 0.0101111 
train_loss: 0.00977531 
test_loss: 0.00963861 
train_loss: 0.00932913 
test_loss: 0.0096208 
train_loss: 0.00920094 
test_loss: 0.00932207 
train_loss: 0.00863835 
test_loss: 0.00896585 
train_loss: 0.00920589 
test_loss: 0.00876245 
train_loss: 0.00809586 
test_loss: 0.0084421 
train_loss: 0.00761978 
test_loss: 0.00789182 
train_loss: 0.00738809 
test_loss: 0.00773967 
train_loss: 0.00782848 
test_loss: 0.00755918 
train_loss: 0.00744651 
test_loss: 0.00760453 
train_loss: 0.00787647 
test_loss: 0.00751693 
train_loss: 0.0072841 
test_loss: 0.00743239 
train_loss: 0.00787513 
test_loss: 0.00729123 
train_loss: 0.00719882 
test_loss: 0.00707814 
train_loss: 0.00691348 
test_loss: 0.00688236 
train_loss: 0.00724508 
test_loss: 0.00711756 
train_loss: 0.00650153 
test_loss: 0.00696225 
train_loss: 0.00660987 
test_loss: 0.00692151 
train_loss: 0.00677261 
test_loss: 0.00658721 
train_loss: 0.00650161 
test_loss: 0.0065715 
train_loss: 0.00650215 
test_loss: 0.00694369 
train_loss: 0.00632483 
test_loss: 0.00675847 
train_loss: 0.00646439 
test_loss: 0.00619521 
train_loss: 0.00618928 
test_loss: 0.0066432 
train_loss: 0.0064988 
test_loss: 0.00618246 
train_loss: 0.00650507 
test_loss: 0.00654233 
train_loss: 0.00658871 
test_loss: 0.0065424 
train_loss: 0.0068865 
test_loss: 0.00609744 
train_loss: 0.00633181 
test_loss: 0.00631356 
train_loss: 0.00635738 
test_loss: 0.00649092 
train_loss: 0.00609932 
test_loss: 0.00645074 
train_loss: 0.00581532 
test_loss: 0.00609771 
train_loss: 0.00587018 
test_loss: 0.00587236 
train_loss: 0.00624665 
test_loss: 0.00614788 
train_loss: 0.00632037 
test_loss: 0.00606041 
train_loss: 0.00588808 
test_loss: 0.00595691 
train_loss: 0.00585399 
test_loss: 0.0060441 
train_loss: 0.00595021 
test_loss: 0.00614717 
train_loss: 0.00644458 
test_loss: 0.00619921 
train_loss: 0.00572349 
test_loss: 0.00607167 
train_loss: 0.00603513 
test_loss: 0.00619957 
train_loss: 0.00573741 
test_loss: 0.00624535 
train_loss: 0.00565286 
test_loss: 0.00566004 
train_loss: 0.00542399 
test_loss: 0.00556673 
train_loss: 0.00577777 
test_loss: 0.00571983 
train_loss: 0.00610529 
test_loss: 0.00600124 
train_loss: 0.00570996 
test_loss: 0.00567817 
train_loss: 0.00544613 
test_loss: 0.00573308 
train_loss: 0.00528686 
test_loss: 0.00546162 
train_loss: 0.00553161 
test_loss: 0.00568476 
train_loss: 0.0052597 
test_loss: 0.00545585 
train_loss: 0.00555559 
test_loss: 0.00581296 
train_loss: 0.00609181 
test_loss: 0.00573341 
train_loss: 0.00547064 
test_loss: 0.00573123 
train_loss: 0.00538159 
test_loss: 0.00531152 
train_loss: 0.00640066 
test_loss: 0.0065187 
train_loss: 0.00554464 
test_loss: 0.00580678 
train_loss: 0.00535983 
test_loss: 0.00541267 
train_loss: 0.00531178 
test_loss: 0.00523499 
train_loss: 0.00577539 
test_loss: 0.00547536 
train_loss: 0.00518068 
test_loss: 0.00523815 
train_loss: 0.00578821 
test_loss: 0.00616336 
train_loss: 0.00512488 
test_loss: 0.0052429 
train_loss: 0.00527482 
test_loss: 0.00528349 
train_loss: 0.00523467 
test_loss: 0.00512079 
train_loss: 0.00503652 
test_loss: 0.00524345 
train_loss: 0.00522747 
test_loss: 0.00528162 
train_loss: 0.00533662 
test_loss: 0.0051188 
train_loss: 0.00550674 
test_loss: 0.00573288 
train_loss: 0.0052651 
test_loss: 0.00520923 
train_loss: 0.00586836 
test_loss: 0.00545969 
train_loss: 0.00512367 
test_loss: 0.00531467 
train_loss: 0.00535147 
test_loss: 0.00535824 
train_loss: 0.00495638 
test_loss: 0.00523502 
train_loss: 0.00543213 
test_loss: 0.00532091 
train_loss: 0.00492321 
test_loss: 0.00503658 
train_loss: 0.00525925 
test_loss: 0.00544957 
train_loss: 0.00488141 
test_loss: 0.00501638 
train_loss: 0.00498748 
test_loss: 0.00511068 
train_loss: 0.00519581 
test_loss: 0.00520719 
