train_loss: 0.187602 
test_loss: 0.186477 
train_loss: 0.0937059 
test_loss: 0.0944463 
train_loss: 0.0884917 
test_loss: 0.0879122 
train_loss: 0.0811768 
test_loss: 0.0811571 
train_loss: 0.0761414 
test_loss: 0.0782404 
train_loss: 0.0761769 
test_loss: 0.0763254 
train_loss: 0.0738804 
test_loss: 0.0749505 
train_loss: 0.0726522 
test_loss: 0.0733687 
train_loss: 0.0714995 
test_loss: 0.0710048 
train_loss: 0.0696011 
test_loss: 0.0689828 
train_loss: 0.0675609 
test_loss: 0.0674111 
train_loss: 0.0652879 
test_loss: 0.065416 
train_loss: 0.0630391 
test_loss: 0.0622512 
train_loss: 0.05789 
test_loss: 0.0587284 
train_loss: 0.0545142 
test_loss: 0.056645 
train_loss: 0.044926 
test_loss: 0.0467791 
train_loss: 0.0419325 
test_loss: 0.0422138 
train_loss: 0.0405665 
test_loss: 0.0408712 
train_loss: 0.0406726 
test_loss: 0.0401669 
train_loss: 0.0402563 
test_loss: 0.0401089 
train_loss: 0.0402472 
test_loss: 0.0397557 
train_loss: 0.0396444 
test_loss: 0.0392729 
train_loss: 0.0396117 
test_loss: 0.0390224 
train_loss: 0.0400583 
test_loss: 0.0395647 
train_loss: 0.0393717 
test_loss: 0.0389092 
train_loss: 0.0377226 
test_loss: 0.0386767 
train_loss: 0.0397393 
test_loss: 0.0389404 
train_loss: 0.0376954 
test_loss: 0.0384807 
train_loss: 0.0375841 
test_loss: 0.0383348 
train_loss: 0.0381734 
test_loss: 0.0380783 
train_loss: 0.0372804 
test_loss: 0.0379671 
train_loss: 0.0388334 
test_loss: 0.0383726 
train_loss: 0.0378111 
test_loss: 0.0378236 
train_loss: 0.0384385 
test_loss: 0.0375745 
train_loss: 0.0372319 
test_loss: 0.0379455 
train_loss: 0.0376503 
test_loss: 0.0373316 
train_loss: 0.0382902 
test_loss: 0.0375125 
train_loss: 0.0368242 
test_loss: 0.0377794 
train_loss: 0.038206 
test_loss: 0.037213 
train_loss: 0.0366782 
test_loss: 0.0375073 
train_loss: 0.0376506 
test_loss: 0.0374634 
train_loss: 0.0372818 
test_loss: 0.0378347 
train_loss: 0.037497 
test_loss: 0.0372379 
train_loss: 0.037076 
test_loss: 0.0370726 
train_loss: 0.0372729 
test_loss: 0.0374913 
train_loss: 0.0363622 
test_loss: 0.0372552 
train_loss: 0.0365723 
test_loss: 0.0371026 
train_loss: 0.0368648 
test_loss: 0.0372766 
train_loss: 0.0366197 
test_loss: 0.0373178 
train_loss: 0.0377374 
test_loss: 0.0370118 
train_loss: 0.0369517 
test_loss: 0.0371827 
train_loss: 0.0365912 
test_loss: 0.037064 
train_loss: 0.0371267 
test_loss: 0.0370277 
train_loss: 0.0367728 
test_loss: 0.0369835 
train_loss: 0.0369894 
test_loss: 0.0370398 
train_loss: 0.0372486 
test_loss: 0.037115 
train_loss: 0.0363005 
test_loss: 0.0370954 
train_loss: 0.0376721 
test_loss: 0.0371703 
train_loss: 0.0370951 
test_loss: 0.0371211 
train_loss: 0.0364894 
test_loss: 0.0369785 
train_loss: 0.0370158 
test_loss: 0.0371633 
train_loss: 0.0368709 
test_loss: 0.0370425 
train_loss: 0.037741 
test_loss: 0.0370888 
train_loss: 0.0370173 
test_loss: 0.037338 
train_loss: 0.0360481 
test_loss: 0.0369131 
train_loss: 0.0377051 
test_loss: 0.0371638 
train_loss: 0.0368629 
test_loss: 0.0370391 
train_loss: 0.0363945 
test_loss: 0.0367586 
train_loss: 0.0370055 
test_loss: 0.0368661 
train_loss: 0.0370315 
test_loss: 0.0369816 
train_loss: 0.0366245 
test_loss: 0.0368746 
train_loss: 0.0363825 
test_loss: 0.0369244 
train_loss: 0.037578 
test_loss: 0.0370063 
train_loss: 0.0369174 
test_loss: 0.0368308 
train_loss: 0.0374115 
test_loss: 0.036947 
train_loss: 0.0368779 
test_loss: 0.0369644 
train_loss: 0.0373112 
test_loss: 0.0372123 
train_loss: 0.0366127 
test_loss: 0.0367541 
train_loss: 0.0371247 
test_loss: 0.0368364 
train_loss: 0.037812 
test_loss: 0.0367533 
train_loss: 0.0372972 
test_loss: 0.0372219 
