train_loss: 1.99945 
test_loss: 2.04892 
train_loss: 1.99569 
test_loss: 1.99854 
train_loss: 1.99608 
test_loss: 1.99831 
train_loss: 1.99871 
test_loss: 1.99797 
train_loss: 1.99695 
test_loss: 1.99869 
train_loss: 1.99659 
test_loss: 1.9992 
train_loss: 0.512429 
test_loss: 0.516606 
train_loss: 0.514815 
test_loss: 0.516668 
train_loss: 0.51712 
test_loss: 0.516147 
train_loss: 0.508678 
test_loss: 0.515581 
train_loss: 0.51901 
test_loss: 0.514991 
train_loss: 0.512699 
test_loss: 0.514335 
train_loss: 0.509344 
test_loss: 0.513684 
train_loss: 0.515484 
test_loss: 0.512973 
train_loss: 0.508507 
test_loss: 0.512255 
train_loss: 0.512933 
test_loss: 0.511474 
train_loss: 0.512124 
test_loss: 0.51068 
train_loss: 0.500834 
test_loss: 0.509855 
train_loss: 0.512564 
test_loss: 0.50899 
train_loss: 0.502935 
test_loss: 0.508094 
train_loss: 0.504947 
test_loss: 0.507175 
train_loss: 0.505939 
test_loss: 0.506218 
train_loss: 0.500867 
test_loss: 0.505209 
train_loss: 0.505482 
test_loss: 0.504187 
train_loss: 0.501971 
test_loss: 0.503144 
train_loss: 0.502367 
test_loss: 0.502038 
train_loss: 0.506721 
test_loss: 0.500916 
train_loss: 0.506076 
test_loss: 0.49978 
train_loss: 0.498082 
test_loss: 0.498588 
train_loss: 0.495304 
test_loss: 0.497358 
train_loss: 0.503712 
test_loss: 0.496102 
train_loss: 0.490079 
test_loss: 0.494819 
train_loss: 0.49818 
test_loss: 0.493484 
train_loss: 0.482427 
test_loss: 0.492143 
train_loss: 0.496557 
test_loss: 0.49075 
train_loss: 0.48736 
test_loss: 0.489337 
train_loss: 0.492777 
test_loss: 0.487872 
train_loss: 0.481555 
test_loss: 0.486363 
train_loss: 0.486677 
test_loss: 0.484836 
train_loss: 0.484332 
test_loss: 0.483263 
train_loss: 0.481883 
test_loss: 0.481656 
train_loss: 0.478079 
test_loss: 0.480008 
train_loss: 0.47364 
test_loss: 0.47832 
train_loss: 0.475423 
test_loss: 0.476595 
train_loss: 0.474361 
test_loss: 0.474824 
train_loss: 0.470972 
test_loss: 0.473024 
train_loss: 0.471124 
test_loss: 0.471203 
train_loss: 0.475687 
test_loss: 0.4693 
train_loss: 0.472507 
test_loss: 0.467365 
train_loss: 0.47221 
test_loss: 0.465394 
train_loss: 0.461249 
test_loss: 0.463365 
train_loss: 0.459832 
test_loss: 0.461286 
train_loss: 0.461103 
test_loss: 0.459183 
train_loss: 0.455532 
test_loss: 0.457008 
train_loss: 0.452287 
test_loss: 0.454798 
train_loss: 0.456043 
test_loss: 0.45253 
train_loss: 0.446918 
test_loss: 0.450203 
train_loss: 0.450642 
test_loss: 0.447809 
train_loss: 0.440554 
test_loss: 0.445361 
train_loss: 0.437739 
test_loss: 0.442856 
train_loss: 0.438958 
test_loss: 0.440303 
train_loss: 0.444195 
test_loss: 0.437666 
train_loss: 0.434402 
test_loss: 0.434968 
train_loss: 0.439279 
test_loss: 0.43219 
train_loss: 0.429714 
test_loss: 0.429338 
train_loss: 0.429734 
test_loss: 0.426408 
train_loss: 0.419362 
test_loss: 0.423414 
train_loss: 0.418465 
test_loss: 0.42033 
train_loss: 0.411818 
test_loss: 0.417159 
train_loss: 0.415689 
test_loss: 0.41394 
train_loss: 0.412929 
test_loss: 0.410604 
train_loss: 0.412096 
test_loss: 0.407203 
train_loss: 0.40338 
test_loss: 0.403722 
train_loss: 0.405312 
test_loss: 0.400181 
train_loss: 0.397745 
test_loss: 0.396568 
train_loss: 0.396178 
test_loss: 0.39291 
train_loss: 0.386726 
test_loss: 0.389188 
train_loss: 0.385083 
test_loss: 0.385445 
train_loss: 0.380487 
test_loss: 0.381676 
train_loss: 0.375732 
test_loss: 0.377893 
train_loss: 0.375564 
test_loss: 0.374087 
train_loss: 0.371923 
test_loss: 0.370245 
train_loss: 0.364231 
test_loss: 0.366385 
train_loss: 0.360773 
test_loss: 0.362502 
train_loss: 0.365331 
test_loss: 0.358581 
train_loss: 0.350463 
test_loss: 0.354616 
train_loss: 0.346552 
test_loss: 0.350649 
train_loss: 0.340436 
test_loss: 0.346628 
train_loss: 0.349151 
test_loss: 0.342603 
train_loss: 0.341972 
test_loss: 0.338535 
train_loss: 0.329993 
test_loss: 0.334448 
train_loss: 0.32919 
test_loss: 0.330352 
train_loss: 0.325662 
test_loss: 0.326232 
train_loss: 0.322289 
test_loss: 0.322121 
train_loss: 0.317795 
test_loss: 0.318008 
train_loss: 0.30847 
test_loss: 0.313892 
train_loss: 0.308801 
test_loss: 0.309779 
train_loss: 0.308736 
test_loss: 0.305662 
train_loss: 0.299806 
test_loss: 0.30154 
train_loss: 0.293332 
test_loss: 0.297436 
train_loss: 0.289914 
test_loss: 0.293318 
train_loss: 0.285201 
test_loss: 0.289183 
train_loss: 0.288664 
test_loss: 0.285037 
train_loss: 0.275332 
test_loss: 0.28088 
train_loss: 0.274498 
test_loss: 0.276705 
train_loss: 0.274891 
test_loss: 0.2725 
train_loss: 0.269898 
test_loss: 0.268263 
train_loss: 0.262133 
test_loss: 0.264008 
train_loss: 0.260047 
test_loss: 0.259725 
train_loss: 0.25435 
test_loss: 0.255399 
train_loss: 0.243668 
test_loss: 0.25104 
train_loss: 0.246387 
test_loss: 0.246679 
train_loss: 0.246669 
test_loss: 0.242287 
train_loss: 0.23273 
test_loss: 0.237886 
train_loss: 0.233341 
test_loss: 0.233476 
train_loss: 0.2306 
test_loss: 0.229064 
train_loss: 0.221427 
test_loss: 0.22467 
train_loss: 0.218527 
test_loss: 0.220315 
train_loss: 0.212956 
test_loss: 0.216 
train_loss: 0.213007 
test_loss: 0.211768 
train_loss: 0.20747 
test_loss: 0.207605 
train_loss: 0.202218 
test_loss: 0.203538 
train_loss: 0.201976 
test_loss: 0.199547 
train_loss: 0.194117 
test_loss: 0.195665 
train_loss: 0.193995 
test_loss: 0.191906 
train_loss: 0.194621 
test_loss: 0.188237 
train_loss: 0.181672 
test_loss: 0.184681 
train_loss: 0.179865 
test_loss: 0.181235 
train_loss: 0.180202 
test_loss: 0.177876 
train_loss: 0.174571 
test_loss: 0.174603 
train_loss: 0.16939 
test_loss: 0.171462 
train_loss: 0.168407 
test_loss: 0.168391 
train_loss: 0.162786 
test_loss: 0.165415 
train_loss: 0.160431 
test_loss: 0.162517 
train_loss: 0.158398 
test_loss: 0.159699 
train_loss: 0.153851 
test_loss: 0.15697 
train_loss: 0.15366 
test_loss: 0.154328 
train_loss: 0.15325 
test_loss: 0.151771 
train_loss: 0.148125 
test_loss: 0.149284 
train_loss: 0.147275 
test_loss: 0.146866 
train_loss: 0.142104 
test_loss: 0.144542 
train_loss: 0.142734 
test_loss: 0.142289 
train_loss: 0.141693 
test_loss: 0.140113 
train_loss: 0.137003 
test_loss: 0.138008 
train_loss: 0.131333 
test_loss: 0.136003 
train_loss: 0.140463 
test_loss: 0.134047 
train_loss: 0.130622 
test_loss: 0.132187 
train_loss: 0.129816 
test_loss: 0.130411 
train_loss: 0.128711 
test_loss: 0.128723 
train_loss: 0.130129 
test_loss: 0.127109 
train_loss: 0.129064 
test_loss: 0.125565 
train_loss: 0.123802 
test_loss: 0.124123 
train_loss: 0.124804 
test_loss: 0.122768 
train_loss: 0.12369 
test_loss: 0.121463 
train_loss: 0.124575 
test_loss: 0.120239 
train_loss: 0.114486 
test_loss: 0.119101 
train_loss: 0.118772 
test_loss: 0.118014 
train_loss: 0.116715 
test_loss: 0.117004 
train_loss: 0.119051 
test_loss: 0.116057 
train_loss: 0.112584 
test_loss: 0.115161 
train_loss: 0.110501 
test_loss: 0.114334 
train_loss: 0.11617 
test_loss: 0.113542 
train_loss: 0.115796 
test_loss: 0.112812 
train_loss: 0.109853 
test_loss: 0.112145 
train_loss: 0.110101 
test_loss: 0.11147 
train_loss: 0.111144 
test_loss: 0.110873 
train_loss: 0.107312 
test_loss: 0.110305 
train_loss: 0.112779 
test_loss: 0.10978 
train_loss: 0.110284 
test_loss: 0.109296 
train_loss: 0.11235 
test_loss: 0.10883 
train_loss: 0.107177 
test_loss: 0.108402 
train_loss: 0.106762 
test_loss: 0.108002 
train_loss: 0.102809 
test_loss: 0.107627 
train_loss: 0.11347 
test_loss: 0.107279 
train_loss: 0.106136 
test_loss: 0.106956 
train_loss: 0.100024 
test_loss: 0.106631 
train_loss: 0.109105 
test_loss: 0.106333 
train_loss: 0.106647 
test_loss: 0.106056 
train_loss: 0.105653 
test_loss: 0.105773 
train_loss: 0.105014 
test_loss: 0.105512 
train_loss: 0.106174 
test_loss: 0.105289 
train_loss: 0.102862 
test_loss: 0.10507 
train_loss: 0.101417 
test_loss: 0.104825 
train_loss: 0.106911 
test_loss: 0.104599 
train_loss: 0.10241 
test_loss: 0.104392 
train_loss: 0.103344 
test_loss: 0.1042 
train_loss: 0.100679 
test_loss: 0.104009 
train_loss: 0.102663 
test_loss: 0.103816 
train_loss: 0.104276 
test_loss: 0.103605 
train_loss: 0.101576 
test_loss: 0.103401 
train_loss: 0.0986902 
test_loss: 0.103239 
train_loss: 0.0949381 
test_loss: 0.103024 
train_loss: 0.103069 
test_loss: 0.102837 
train_loss: 0.102216 
test_loss: 0.102635 
train_loss: 0.100621 
test_loss: 0.102423 
train_loss: 0.10227 
test_loss: 0.102257 
train_loss: 0.0985916 
test_loss: 0.102002 
train_loss: 0.0999713 
test_loss: 0.101756 
train_loss: 0.0996195 
test_loss: 0.101554 
train_loss: 0.0996145 
test_loss: 0.101279 
train_loss: 0.101974 
test_loss: 0.101035 
train_loss: 0.0964776 
test_loss: 0.100783 
train_loss: 0.093741 
test_loss: 0.100525 
train_loss: 0.102019 
test_loss: 0.100192 
train_loss: 0.103196 
test_loss: 0.0998941 
train_loss: 0.100895 
test_loss: 0.0995833 
train_loss: 0.0986083 
test_loss: 0.09927 
train_loss: 0.0996243 
test_loss: 0.0988417 
train_loss: 0.0938159 
test_loss: 0.0985826 
train_loss: 0.0989767 
test_loss: 0.0979861 
train_loss: 0.0893433 
test_loss: 0.0975541 
train_loss: 0.0971804 
test_loss: 0.0971564 
train_loss: 0.0958035 
test_loss: 0.0966128 
train_loss: 0.0928456 
test_loss: 0.0962488 
train_loss: 0.0911934 
test_loss: 0.0955845 
train_loss: 0.0969765 
test_loss: 0.0949543 
train_loss: 0.0922834 
test_loss: 0.0943724 
train_loss: 0.0927779 
test_loss: 0.093936 
train_loss: 0.0905269 
test_loss: 0.0931825 
train_loss: 0.0902535 
test_loss: 0.0925947 
train_loss: 0.0961496 
test_loss: 0.0919852 
train_loss: 0.0891787 
test_loss: 0.0912815 
train_loss: 0.0921908 
test_loss: 0.0909773 
train_loss: 0.083896 
test_loss: 0.0900832 
train_loss: 0.0867249 
test_loss: 0.089491 
train_loss: 0.0887322 
test_loss: 0.088962 
train_loss: 0.0887455 
test_loss: 0.0884804 
train_loss: 0.0933762 
test_loss: 0.0881069 
train_loss: 0.0834761 
test_loss: 0.0877965 
train_loss: 0.0893723 
test_loss: 0.0868444 
train_loss: 0.0857595 
test_loss: 0.0864719 
train_loss: 0.0836192 
test_loss: 0.0860454 
train_loss: 0.0798437 
test_loss: 0.0859925 
train_loss: 0.0854603 
test_loss: 0.0853489 
train_loss: 0.0870733 
test_loss: 0.0848931 
train_loss: 0.0820437 
test_loss: 0.0846474 
train_loss: 0.0831956 
test_loss: 0.0842451 
train_loss: 0.0797999 
test_loss: 0.0846388 
train_loss: 0.0830084 
test_loss: 0.0841151 
train_loss: 0.0814619 
test_loss: 0.0833884 
train_loss: 0.0806111 
test_loss: 0.0829095 
train_loss: 0.0864716 
test_loss: 0.0830072 
train_loss: 0.0798421 
test_loss: 0.0828501 
train_loss: 0.080936 
test_loss: 0.082156 
train_loss: 0.0779964 
test_loss: 0.0818454 
train_loss: 0.0797468 
test_loss: 0.0815599 
train_loss: 0.0848401 
test_loss: 0.0812536 
train_loss: 0.0826875 
test_loss: 0.0810108 
train_loss: 0.0873453 
test_loss: 0.0807439 
train_loss: 0.0775923 
test_loss: 0.0805083 
train_loss: 0.0771556 
test_loss: 0.0805497 
train_loss: 0.0839313 
test_loss: 0.0799885 
train_loss: 0.0736185 
test_loss: 0.080303 
train_loss: 0.0748606 
test_loss: 0.0795237 
train_loss: 0.0775995 
test_loss: 0.0792281 
train_loss: 0.0747633 
test_loss: 0.0792076 
train_loss: 0.076558 
test_loss: 0.0792042 
train_loss: 0.0752831 
test_loss: 0.079931 
train_loss: 0.0791396 
test_loss: 0.0782766 
train_loss: 0.0793081 
test_loss: 0.0784187 
train_loss: 0.0749495 
test_loss: 0.0779847 
train_loss: 0.0771926 
test_loss: 0.0776031 
train_loss: 0.0726536 
test_loss: 0.0772955 
train_loss: 0.0794972 
test_loss: 0.0777803 
train_loss: 0.0772353 
test_loss: 0.0769002 
train_loss: 0.0746105 
test_loss: 0.0769324 
train_loss: 0.0777828 
test_loss: 0.0767206 
train_loss: 0.0769032 
test_loss: 0.0762806 
train_loss: 0.0739554 
test_loss: 0.0761009 
train_loss: 0.075907 
test_loss: 0.0758562 
train_loss: 0.0748074 
test_loss: 0.0756044 
train_loss: 0.0766021 
test_loss: 0.0754294 
train_loss: 0.0773844 
test_loss: 0.0750947 
train_loss: 0.0706501 
test_loss: 0.0748827 
train_loss: 0.0755925 
test_loss: 0.0749343 
train_loss: 0.0727985 
test_loss: 0.0744686 
train_loss: 0.0735258 
test_loss: 0.0747013 
train_loss: 0.0722809 
test_loss: 0.0741451 
train_loss: 0.0761352 
test_loss: 0.0738709 
train_loss: 0.0722913 
test_loss: 0.0736348 
train_loss: 0.0703456 
test_loss: 0.0734114 
train_loss: 0.074462 
test_loss: 0.0735143 
train_loss: 0.0711615 
test_loss: 0.0728459 
train_loss: 0.0716868 
test_loss: 0.0726862 
train_loss: 0.0690243 
test_loss: 0.072381 
train_loss: 0.0693814 
test_loss: 0.0721527 
train_loss: 0.0688714 
test_loss: 0.0717428 
train_loss: 0.0727482 
test_loss: 0.0714924 
train_loss: 0.0718947 
test_loss: 0.0720843 
train_loss: 0.070577 
test_loss: 0.0712659 
train_loss: 0.0715667 
test_loss: 0.0707218 
train_loss: 0.0698619 
test_loss: 0.0704807 
train_loss: 0.0681243 
test_loss: 0.070015 
train_loss: 0.0641573 
test_loss: 0.0696456 
train_loss: 0.0711964 
test_loss: 0.0692603 
train_loss: 0.064947 
test_loss: 0.0687653 
train_loss: 0.0660353 
test_loss: 0.0684448 
train_loss: 0.0682449 
test_loss: 0.06823 
train_loss: 0.0682776 
test_loss: 0.0677979 
train_loss: 0.0670634 
test_loss: 0.0673559 
train_loss: 0.0692445 
test_loss: 0.0670149 
train_loss: 0.0655191 
test_loss: 0.0667861 
train_loss: 0.063066 
test_loss: 0.0673272 
train_loss: 0.0639904 
test_loss: 0.0663007 
train_loss: 0.0646227 
test_loss: 0.0657033 
train_loss: 0.0659011 
test_loss: 0.0654092 
train_loss: 0.0615574 
test_loss: 0.0652096 
train_loss: 0.0629052 
test_loss: 0.0653019 
train_loss: 0.0628283 
test_loss: 0.0645809 
train_loss: 0.0638935 
test_loss: 0.0644418 
train_loss: 0.0628911 
test_loss: 0.0646397 
train_loss: 0.0628874 
test_loss: 0.0639701 
train_loss: 0.0619008 
test_loss: 0.0636958 
train_loss: 0.0599316 
test_loss: 0.0634885 
train_loss: 0.0621249 
test_loss: 0.063167 
train_loss: 0.0637626 
test_loss: 0.0630983 
train_loss: 0.064672 
test_loss: 0.0628088 
train_loss: 0.0584046 
test_loss: 0.0640461 
train_loss: 0.0657392 
test_loss: 0.0626019 
train_loss: 0.0634733 
test_loss: 0.0628245 
train_loss: 0.057048 
test_loss: 0.0624761 
train_loss: 0.0613057 
test_loss: 0.0620701 
train_loss: 0.0632861 
test_loss: 0.0620313 
train_loss: 0.0600717 
test_loss: 0.0616421 
train_loss: 0.0576821 
test_loss: 0.0615802 
train_loss: 0.0572284 
test_loss: 0.0614371 
train_loss: 0.0657542 
test_loss: 0.0625114 
train_loss: 0.0616093 
test_loss: 0.0609643 
train_loss: 0.0602819 
test_loss: 0.0610452 
train_loss: 0.0581553 
test_loss: 0.0608463 
train_loss: 0.0623574 
test_loss: 0.0606619 
train_loss: 0.0563866 
test_loss: 0.0603863 
train_loss: 0.061578 
test_loss: 0.0605089 
train_loss: 0.0621824 
test_loss: 0.0601076 
train_loss: 0.0589455 
test_loss: 0.0601545 
train_loss: 0.0613699 
test_loss: 0.0605275 
train_loss: 0.053981 
test_loss: 0.0597925 
train_loss: 0.0609463 
test_loss: 0.0596406 
train_loss: 0.0576017 
test_loss: 0.0592858 
train_loss: 0.0595415 
test_loss: 0.0590829 
train_loss: 0.0543681 
test_loss: 0.0590489 
train_loss: 0.0570089 
test_loss: 0.0588011 
train_loss: 0.0581045 
test_loss: 0.0585361 
train_loss: 0.0617356 
test_loss: 0.0583094 
train_loss: 0.0535964 
test_loss: 0.058208 
train_loss: 0.0567566 
test_loss: 0.0577317 
train_loss: 0.0527056 
test_loss: 0.0587392 
train_loss: 0.0587667 
test_loss: 0.0577961 
train_loss: 0.0573772 
test_loss: 0.0570916 
train_loss: 0.0551012 
test_loss: 0.0569151 
train_loss: 0.0556554 
test_loss: 0.0565776 
train_loss: 0.0551657 
test_loss: 0.0563931 
train_loss: 0.0547295 
test_loss: 0.0557787 
train_loss: 0.0533128 
test_loss: 0.0556768 
train_loss: 0.0544861 
test_loss: 0.0551965 
train_loss: 0.0528359 
test_loss: 0.0547592 
train_loss: 0.052625 
test_loss: 0.0556671 
train_loss: 0.0537093 
test_loss: 0.0535199 
train_loss: 0.0545129 
test_loss: 0.0527956 
train_loss: 0.0513704 
test_loss: 0.0525752 
train_loss: 0.0505539 
test_loss: 0.0514942 
train_loss: 0.0502591 
test_loss: 0.0505925 
train_loss: 0.0472717 
test_loss: 0.0509817 
train_loss: 0.05107 
test_loss: 0.0488565 
train_loss: 0.05055 
test_loss: 0.0475183 
train_loss: 0.044253 
test_loss: 0.0463222 
train_loss: 0.0484922 
test_loss: 0.0466748 
train_loss: 0.0436725 
test_loss: 0.043791 
train_loss: 0.0436827 
test_loss: 0.0429439 
train_loss: 0.0426516 
test_loss: 0.0424219 
train_loss: 0.0384408 
test_loss: 0.0402877 
train_loss: 0.034968 
test_loss: 0.0391954 
train_loss: 0.0338615 
test_loss: 0.037193 
train_loss: 0.0332709 
test_loss: 0.0364058 
train_loss: 0.0361319 
test_loss: 0.036103 
train_loss: 0.0350134 
test_loss: 0.0344317 
train_loss: 0.0313703 
test_loss: 0.0328913 
train_loss: 0.0317143 
test_loss: 0.0319817 
train_loss: 0.0319017 
test_loss: 0.0320959 
train_loss: 0.0337134 
test_loss: 0.0306756 
train_loss: 0.0283106 
test_loss: 0.030923 
train_loss: 0.027429 
test_loss: 0.0292322 
train_loss: 0.0285734 
test_loss: 0.0283537 
train_loss: 0.0287699 
test_loss: 0.0274804 
train_loss: 0.026123 
test_loss: 0.0265593 
train_loss: 0.0240857 
test_loss: 0.0266967 
train_loss: 0.0239273 
test_loss: 0.0262045 
train_loss: 0.0230349 
test_loss: 0.0259416 
train_loss: 0.0247381 
test_loss: 0.0252668 
train_loss: 0.0246424 
test_loss: 0.0249411 
train_loss: 0.0216764 
test_loss: 0.0245083 
train_loss: 0.021547 
test_loss: 0.0241391 
train_loss: 0.0208406 
test_loss: 0.0230588 
train_loss: 0.0213552 
test_loss: 0.0233475 
train_loss: 0.0241133 
test_loss: 0.0230046 
train_loss: 0.0205645 
test_loss: 0.0223922 
train_loss: 0.0193314 
test_loss: 0.0218824 
train_loss: 0.0197643 
test_loss: 0.0225833 
train_loss: 0.021404 
test_loss: 0.0218872 
train_loss: 0.0207135 
test_loss: 0.0233115 
train_loss: 0.0197039 
test_loss: 0.021041 
train_loss: 0.0196492 
test_loss: 0.0210485 
train_loss: 0.0203414 
test_loss: 0.0207893 
train_loss: 0.0174704 
test_loss: 0.0199755 
train_loss: 0.0219318 
test_loss: 0.0205321 
train_loss: 0.0206337 
test_loss: 0.0203416 
train_loss: 0.0186037 
test_loss: 0.0197449 
train_loss: 0.0163373 
test_loss: 0.0193713 
train_loss: 0.0177433 
test_loss: 0.0197964 
train_loss: 0.0179154 
test_loss: 0.0194258 
train_loss: 0.0181474 
test_loss: 0.0200688 
train_loss: 0.0170571 
test_loss: 0.0189577 
train_loss: 0.0201553 
test_loss: 0.0198641 
train_loss: 0.0167023 
test_loss: 0.0190768 
train_loss: 0.0174847 
test_loss: 0.018242 
train_loss: 0.0171754 
test_loss: 0.0205609 
train_loss: 0.0179315 
test_loss: 0.0183802 
train_loss: 0.0176148 
test_loss: 0.0175267 
train_loss: 0.01945 
test_loss: 0.0181929 
train_loss: 0.0165469 
test_loss: 0.0176101 
train_loss: 0.0170573 
test_loss: 0.0173706 
train_loss: 0.0162821 
test_loss: 0.0173595 
train_loss: 0.0156997 
test_loss: 0.0178062 
train_loss: 0.0162446 
test_loss: 0.0170543 
train_loss: 0.0149924 
test_loss: 0.0171171 
train_loss: 0.0151842 
test_loss: 0.0170061 
train_loss: 0.0175228 
test_loss: 0.0169507 
train_loss: 0.0178114 
test_loss: 0.016591 
train_loss: 0.0159735 
test_loss: 0.0173643 
train_loss: 0.0158249 
test_loss: 0.0166671 
train_loss: 0.0148867 
test_loss: 0.0166834 
train_loss: 0.0159568 
test_loss: 0.016168 
train_loss: 0.0154162 
test_loss: 0.0161153 
train_loss: 0.0149066 
test_loss: 0.0159544 
train_loss: 0.015249 
test_loss: 0.01584 
train_loss: 0.01449 
test_loss: 0.0159783 
train_loss: 0.0163579 
test_loss: 0.0158367 
train_loss: 0.0153266 
test_loss: 0.0159262 
train_loss: 0.0147394 
test_loss: 0.0161301 
train_loss: 0.0145467 
test_loss: 0.0155648 
train_loss: 0.0176253 
test_loss: 0.0158524 
train_loss: 0.0131127 
test_loss: 0.0151695 
train_loss: 0.0138237 
test_loss: 0.0153855 
train_loss: 0.0142551 
test_loss: 0.0152597 
train_loss: 0.0146597 
test_loss: 0.0147485 
train_loss: 0.0143355 
test_loss: 0.0167818 
train_loss: 0.0133947 
test_loss: 0.0148316 
train_loss: 0.0130709 
test_loss: 0.0148969 
train_loss: 0.0132692 
test_loss: 0.0147849 
train_loss: 0.013278 
test_loss: 0.0143459 
train_loss: 0.0132641 
test_loss: 0.0147565 
train_loss: 0.013948 
test_loss: 0.0147777 
train_loss: 0.0130219 
test_loss: 0.0147075 
train_loss: 0.0131684 
test_loss: 0.0142214 
train_loss: 0.0121996 
test_loss: 0.0143361 
train_loss: 0.0130601 
test_loss: 0.0141696 
train_loss: 0.0129364 
test_loss: 0.0139636 
train_loss: 0.0140017 
test_loss: 0.014299 
train_loss: 0.0129547 
test_loss: 0.0147971 
train_loss: 0.0156463 
test_loss: 0.0144343 
train_loss: 0.0133116 
test_loss: 0.0143077 
train_loss: 0.0126495 
test_loss: 0.0141698 
train_loss: 0.0153841 
test_loss: 0.014027 
train_loss: 0.014418 
test_loss: 0.0141939 
train_loss: 0.0116182 
test_loss: 0.0138199 
train_loss: 0.0129475 
test_loss: 0.0140676 
train_loss: 0.0124651 
test_loss: 0.0135838 
train_loss: 0.0126905 
test_loss: 0.0136507 
train_loss: 0.0118663 
test_loss: 0.0140657 
train_loss: 0.0138747 
test_loss: 0.0132281 
train_loss: 0.012575 
test_loss: 0.0150466 
