train_loss: 0.089783 
test_loss: 0.091290 
train_loss: 0.075545 
test_loss: 0.077986 
train_loss: 0.063504 
test_loss: 0.063523 
train_loss: 0.051758 
test_loss: 0.051032 
train_loss: 0.043402 
test_loss: 0.043679 
train_loss: 0.036909 
test_loss: 0.037987 
train_loss: 0.032339 
test_loss: 0.033306 
train_loss: 0.030343 
test_loss: 0.030436 
train_loss: 0.026607 
test_loss: 0.026747 
train_loss: 0.023611 
test_loss: 0.024698 
train_loss: 0.022312 
test_loss: 0.022580 
train_loss: 0.021090 
test_loss: 0.022371 
train_loss: 0.020273 
test_loss: 0.020430 
train_loss: 0.019208 
test_loss: 0.020016 
train_loss: 0.018248 
test_loss: 0.018986 
train_loss: 0.017749 
test_loss: 0.017414 
train_loss: 0.016542 
test_loss: 0.017025 
train_loss: 0.016813 
test_loss: 0.017169 
train_loss: 0.016065 
test_loss: 0.016407 
train_loss: 0.015754 
test_loss: 0.015729 
train_loss: 0.015546 
test_loss: 0.015422 
train_loss: 0.014478 
test_loss: 0.015845 
train_loss: 0.014816 
test_loss: 0.015005 
train_loss: 0.014116 
test_loss: 0.014779 
train_loss: 0.014257 
test_loss: 0.014677 
train_loss: 0.014309 
test_loss: 0.014448 
train_loss: 0.013390 
test_loss: 0.014007 
train_loss: 0.013917 
test_loss: 0.014025 
train_loss: 0.013558 
test_loss: 0.014085 
train_loss: 0.012976 
test_loss: 0.013111 
train_loss: 0.012549 
test_loss: 0.013005 
train_loss: 0.012383 
test_loss: 0.013419 
train_loss: 0.012740 
test_loss: 0.012738 
train_loss: 0.011882 
test_loss: 0.012997 
train_loss: 0.012184 
test_loss: 0.012344 
train_loss: 0.012464 
test_loss: 0.012426 
train_loss: 0.011321 
test_loss: 0.012182 
train_loss: 0.012157 
test_loss: 0.012163 
train_loss: 0.011716 
test_loss: 0.012531 
train_loss: 0.011345 
test_loss: 0.011870 
train_loss: 0.011212 
test_loss: 0.012341 
train_loss: 0.011033 
test_loss: 0.011476 
train_loss: 0.011284 
test_loss: 0.011435 
train_loss: 0.012119 
test_loss: 0.012205 
train_loss: 0.010793 
test_loss: 0.011588 
train_loss: 0.010868 
test_loss: 0.011769 
train_loss: 0.010609 
test_loss: 0.010997 
train_loss: 0.010589 
test_loss: 0.010997 
train_loss: 0.010668 
test_loss: 0.010771 
train_loss: 0.011407 
test_loss: 0.010844 
train_loss: 0.010582 
test_loss: 0.010949 
train_loss: 0.010347 
test_loss: 0.010404 
train_loss: 0.010767 
test_loss: 0.010448 
train_loss: 0.009789 
test_loss: 0.010286 
train_loss: 0.009888 
test_loss: 0.010350 
train_loss: 0.010196 
test_loss: 0.010369 
train_loss: 0.009965 
test_loss: 0.010618 
train_loss: 0.009956 
test_loss: 0.010004 
train_loss: 0.010517 
test_loss: 0.010334 
train_loss: 0.009469 
test_loss: 0.010106 
train_loss: 0.009396 
test_loss: 0.009925 
train_loss: 0.009061 
test_loss: 0.009901 
train_loss: 0.009618 
test_loss: 0.010088 
train_loss: 0.009297 
test_loss: 0.009480 
train_loss: 0.009093 
test_loss: 0.009713 
train_loss: 0.009348 
test_loss: 0.009935 
train_loss: 0.009158 
test_loss: 0.009559 
train_loss: 0.009071 
test_loss: 0.009387 
train_loss: 0.008949 
test_loss: 0.009563 
train_loss: 0.009101 
test_loss: 0.009275 
train_loss: 0.008911 
test_loss: 0.009862 
