train_loss: 0.096885 
test_loss: 0.099645 
train_loss: 0.087250 
test_loss: 0.083285 
train_loss: 0.067771 
test_loss: 0.070255 
train_loss: 0.064634 
test_loss: 0.063593 
train_loss: 0.061654 
test_loss: 0.060020 
train_loss: 0.055302 
test_loss: 0.055537 
train_loss: 0.049074 
test_loss: 0.050700 
train_loss: 0.046194 
test_loss: 0.044816 
train_loss: 0.040572 
test_loss: 0.040031 
train_loss: 0.035510 
test_loss: 0.036541 
train_loss: 0.033303 
test_loss: 0.034175 
train_loss: 0.031146 
test_loss: 0.031816 
train_loss: 0.027956 
test_loss: 0.029939 
train_loss: 0.027455 
test_loss: 0.029361 
train_loss: 0.026158 
test_loss: 0.027817 
train_loss: 0.025533 
test_loss: 0.026534 
train_loss: 0.025829 
test_loss: 0.025833 
train_loss: 0.025306 
test_loss: 0.024807 
train_loss: 0.023447 
test_loss: 0.023815 
train_loss: 0.023236 
test_loss: 0.024170 
train_loss: 0.023150 
test_loss: 0.023701 
train_loss: 0.021517 
test_loss: 0.022682 
train_loss: 0.023677 
test_loss: 0.022230 
train_loss: 0.023782 
test_loss: 0.022049 
train_loss: 0.021688 
test_loss: 0.021717 
train_loss: 0.020796 
test_loss: 0.021318 
train_loss: 0.020076 
test_loss: 0.020843 
train_loss: 0.018557 
test_loss: 0.020195 
train_loss: 0.020153 
test_loss: 0.019891 
train_loss: 0.019854 
test_loss: 0.019889 
train_loss: 0.019398 
test_loss: 0.019304 
train_loss: 0.018493 
test_loss: 0.019852 
train_loss: 0.018347 
test_loss: 0.019482 
train_loss: 0.019407 
test_loss: 0.018691 
train_loss: 0.017756 
test_loss: 0.019092 
train_loss: 0.016743 
test_loss: 0.018042 
train_loss: 0.016686 
test_loss: 0.017898 
train_loss: 0.019413 
test_loss: 0.018466 
train_loss: 0.019156 
test_loss: 0.018062 
train_loss: 0.016283 
test_loss: 0.017107 
train_loss: 0.017370 
test_loss: 0.017987 
train_loss: 0.015009 
test_loss: 0.017244 
train_loss: 0.015581 
test_loss: 0.017186 
train_loss: 0.016853 
test_loss: 0.016840 
train_loss: 0.016073 
test_loss: 0.016437 
train_loss: 0.015850 
test_loss: 0.017001 
train_loss: 0.015020 
test_loss: 0.016480 
train_loss: 0.015962 
test_loss: 0.016075 
train_loss: 0.014643 
test_loss: 0.016067 
train_loss: 0.014887 
test_loss: 0.016305 
train_loss: 0.015379 
test_loss: 0.016096 
train_loss: 0.016406 
test_loss: 0.016096 
train_loss: 0.014687 
test_loss: 0.016097 
train_loss: 0.015234 
test_loss: 0.015610 
train_loss: 0.015643 
test_loss: 0.015771 
train_loss: 0.015117 
test_loss: 0.015782 
train_loss: 0.014587 
test_loss: 0.015317 
train_loss: 0.014580 
test_loss: 0.015436 
train_loss: 0.014771 
test_loss: 0.015054 
train_loss: 0.014624 
test_loss: 0.015706 
train_loss: 0.014390 
test_loss: 0.015226 
train_loss: 0.014123 
test_loss: 0.014887 
train_loss: 0.013487 
test_loss: 0.015087 
train_loss: 0.013707 
test_loss: 0.014687 
train_loss: 0.013935 
test_loss: 0.014815 
train_loss: 0.014123 
test_loss: 0.014959 
train_loss: 0.014839 
test_loss: 0.014967 
train_loss: 0.013948 
test_loss: 0.014997 
train_loss: 0.015490 
test_loss: 0.015120 
train_loss: 0.015068 
test_loss: 0.014361 
train_loss: 0.013129 
test_loss: 0.014231 
train_loss: 0.013438 
test_loss: 0.014214 
train_loss: 0.013481 
test_loss: 0.014224 
train_loss: 0.014332 
test_loss: 0.014062 
train_loss: 0.013522 
test_loss: 0.014172 
train_loss: 0.013183 
test_loss: 0.013899 
train_loss: 0.013631 
test_loss: 0.013880 
train_loss: 0.012844 
test_loss: 0.013729 
train_loss: 0.013213 
test_loss: 0.013909 
train_loss: 0.013092 
test_loss: 0.013900 
train_loss: 0.013108 
test_loss: 0.013862 
train_loss: 0.013763 
test_loss: 0.013811 
train_loss: 0.012946 
test_loss: 0.013669 
train_loss: 0.013259 
test_loss: 0.013493 
train_loss: 0.014910 
test_loss: 0.013845 
train_loss: 0.013544 
test_loss: 0.013697 
train_loss: 0.013965 
test_loss: 0.013758 
train_loss: 0.012054 
test_loss: 0.013563 
train_loss: 0.013238 
test_loss: 0.013450 
train_loss: 0.013525 
test_loss: 0.013705 
train_loss: 0.013010 
test_loss: 0.013959 
