train_loss: 0.715118 
test_loss: 0.679425 
train_loss: 0.653677 
test_loss: 0.676555 
train_loss: 0.687016 
test_loss: 0.676557 
train_loss: 0.719917 
test_loss: 0.676458 
train_loss: 0.683035 
test_loss: 0.676655 
train_loss: 0.724591 
test_loss: 0.676649 
train_loss: 0.676319 
test_loss: 0.67666 
train_loss: 0.685216 
test_loss: 0.676554 
train_loss: 0.724212 
test_loss: 0.676604 
train_loss: 0.69039 
test_loss: 0.67666 
train_loss: 0.665305 
test_loss: 0.676623 
train_loss: 0.66686 
test_loss: 0.676653 
train_loss: 0.687375 
test_loss: 0.676701 
train_loss: 0.673081 
test_loss: 0.676624 
train_loss: 0.705946 
test_loss: 0.676623 
train_loss: 0.693993 
test_loss: 0.676584 
train_loss: 0.664768 
test_loss: 0.676594 
train_loss: 0.688338 
test_loss: 0.676613 
train_loss: 0.651651 
test_loss: 0.676671 
train_loss: 0.677071 
test_loss: 0.676483 
train_loss: 0.68702 
test_loss: 0.67657 
train_loss: 0.711147 
test_loss: 0.676509 
train_loss: 0.6904 
test_loss: 0.676688 
train_loss: 0.687139 
test_loss: 0.676506 
train_loss: 0.707997 
test_loss: 0.676691 
train_loss: 0.652494 
test_loss: 0.676574 
train_loss: 0.694822 
test_loss: 0.676611 
train_loss: 0.678452 
test_loss: 0.676659 
train_loss: 0.670015 
test_loss: 0.676695 
train_loss: 0.697662 
test_loss: 0.676504 
train_loss: 0.664121 
test_loss: 0.676598 
train_loss: 0.661397 
test_loss: 0.676673 
train_loss: 0.712422 
test_loss: 0.676484 
train_loss: 0.647809 
test_loss: 0.676643 
train_loss: 0.694348 
test_loss: 0.67664 
train_loss: 0.708597 
test_loss: 0.676611 
train_loss: 0.685997 
test_loss: 0.676506 
train_loss: 0.717441 
test_loss: 0.676662 
train_loss: 0.691556 
test_loss: 0.676544 
train_loss: 0.673969 
test_loss: 0.676583 
train_loss: 0.668066 
test_loss: 0.676614 
