train_loss: 0.855495 
test_loss: 0.852122 
train_loss: 0.85268 
test_loss: 0.853719 
train_loss: 0.853048 
test_loss: 0.851888 
train_loss: 0.85152 
test_loss: 0.849607 
train_loss: 0.853337 
test_loss: 0.846902 
train_loss: 0.846196 
test_loss: 0.843756 
train_loss: 0.84641 
test_loss: 0.840057 
train_loss: 0.844861 
test_loss: 0.83575 
train_loss: 0.82721 
test_loss: 0.830693 
train_loss: 0.830117 
test_loss: 0.824712 
train_loss: 0.817594 
test_loss: 0.817663 
train_loss: 0.814194 
test_loss: 0.809443 
train_loss: 0.804896 
test_loss: 0.799972 
train_loss: 0.790645 
test_loss: 0.789522 
train_loss: 0.773356 
test_loss: 0.77855 
train_loss: 0.767309 
test_loss: 0.767713 
train_loss: 0.764541 
test_loss: 0.757842 
train_loss: 0.757932 
test_loss: 0.748806 
train_loss: 0.745578 
test_loss: 0.739928 
train_loss: 0.728508 
test_loss: 0.73065 
train_loss: 0.726758 
test_loss: 0.720832 
train_loss: 0.707105 
test_loss: 0.710735 
train_loss: 0.701564 
test_loss: 0.700833 
train_loss: 0.68831 
test_loss: 0.691758 
train_loss: 0.685102 
test_loss: 0.684068 
train_loss: 0.681949 
test_loss: 0.677607 
train_loss: 0.68497 
test_loss: 0.67184 
train_loss: 0.658487 
test_loss: 0.666377 
train_loss: 0.667906 
test_loss: 0.660944 
train_loss: 0.657981 
test_loss: 0.655464 
train_loss: 0.657948 
test_loss: 0.649926 
train_loss: 0.64498 
test_loss: 0.644228 
train_loss: 0.627923 
test_loss: 0.638397 
train_loss: 0.627735 
test_loss: 0.632379 
train_loss: 0.632038 
test_loss: 0.62616 
train_loss: 0.619823 
test_loss: 0.619676 
train_loss: 0.615607 
test_loss: 0.612931 
train_loss: 0.608362 
test_loss: 0.605847 
train_loss: 0.600789 
test_loss: 0.598365 
train_loss: 0.585337 
test_loss: 0.590403 
train_loss: 0.58304 
test_loss: 0.581924 
train_loss: 0.578566 
test_loss: 0.573059 
train_loss: 0.566403 
test_loss: 0.563903 
train_loss: 0.554891 
test_loss: 0.55452 
train_loss: 0.543517 
test_loss: 0.544888 
train_loss: 0.528236 
test_loss: 0.534854 
train_loss: 0.524954 
test_loss: 0.524199 
train_loss: 0.514799 
test_loss: 0.512772 
train_loss: 0.495074 
test_loss: 0.500403 
train_loss: 0.487675 
test_loss: 0.487002 
train_loss: 0.472689 
test_loss: 0.472401 
train_loss: 0.452106 
test_loss: 0.456679 
train_loss: 0.43915 
test_loss: 0.440081 
train_loss: 0.428883 
test_loss: 0.422742 
train_loss: 0.402412 
test_loss: 0.405075 
train_loss: 0.389743 
test_loss: 0.387356 
train_loss: 0.370558 
test_loss: 0.369971 
train_loss: 0.359049 
test_loss: 0.353093 
train_loss: 0.336593 
test_loss: 0.336796 
train_loss: 0.325238 
test_loss: 0.321062 
train_loss: 0.310954 
test_loss: 0.305869 
train_loss: 0.29211 
test_loss: 0.291266 
train_loss: 0.276664 
test_loss: 0.277395 
train_loss: 0.263901 
test_loss: 0.26431 
train_loss: 0.250957 
test_loss: 0.252096 
train_loss: 0.240056 
test_loss: 0.240838 
train_loss: 0.228849 
test_loss: 0.230562 
train_loss: 0.223426 
test_loss: 0.221404 
train_loss: 0.214062 
test_loss: 0.213318 
train_loss: 0.204533 
test_loss: 0.206315 
train_loss: 0.200882 
test_loss: 0.200326 
train_loss: 0.193249 
test_loss: 0.195249 
train_loss: 0.191381 
test_loss: 0.191018 
train_loss: 0.186116 
test_loss: 0.187462 
train_loss: 0.182965 
test_loss: 0.184467 
train_loss: 0.183749 
test_loss: 0.181916 
train_loss: 0.178983 
test_loss: 0.179731 
train_loss: 0.178412 
test_loss: 0.177831 
train_loss: 0.176015 
test_loss: 0.176159 
train_loss: 0.172022 
test_loss: 0.174665 
train_loss: 0.172091 
test_loss: 0.173301 
train_loss: 0.171459 
test_loss: 0.172049 
train_loss: 0.170844 
test_loss: 0.170879 
train_loss: 0.170106 
test_loss: 0.169779 
train_loss: 0.167678 
test_loss: 0.168731 
train_loss: 0.16857 
test_loss: 0.167719 
train_loss: 0.165048 
test_loss: 0.166728 
train_loss: 0.163493 
test_loss: 0.165744 
train_loss: 0.164016 
test_loss: 0.164745 
train_loss: 0.16207 
test_loss: 0.163741 
train_loss: 0.16247 
test_loss: 0.162667 
train_loss: 0.162821 
test_loss: 0.16152 
train_loss: 0.159149 
test_loss: 0.16027 
train_loss: 0.157956 
test_loss: 0.158824 
train_loss: 0.156958 
test_loss: 0.157121 
train_loss: 0.157425 
test_loss: 0.155006 
train_loss: 0.152496 
test_loss: 0.15226 
train_loss: 0.147835 
test_loss: 0.148487 
train_loss: 0.14506 
test_loss: 0.143131 
train_loss: 0.133996 
test_loss: 0.135291 
train_loss: 0.123456 
test_loss: 0.12373 
train_loss: 0.107545 
test_loss: 0.107426 
train_loss: 0.0877103 
test_loss: 0.0886117 
train_loss: 0.0761795 
test_loss: 0.0746982 
train_loss: 0.0670833 
test_loss: 0.0666795 
train_loss: 0.0615116 
test_loss: 0.0616351 
train_loss: 0.05752 
test_loss: 0.0579215 
train_loss: 0.0551129 
test_loss: 0.0548813 
train_loss: 0.0531048 
test_loss: 0.0522304 
train_loss: 0.0494201 
test_loss: 0.0498769 
train_loss: 0.0478056 
test_loss: 0.0477804 
train_loss: 0.0466982 
test_loss: 0.0459383 
train_loss: 0.0450415 
test_loss: 0.0442903 
train_loss: 0.0434817 
test_loss: 0.0428474 
train_loss: 0.0415753 
test_loss: 0.0415913 
train_loss: 0.0404134 
test_loss: 0.0404933 
train_loss: 0.0398034 
test_loss: 0.0395251 
train_loss: 0.0384309 
test_loss: 0.0386929 
train_loss: 0.0383445 
test_loss: 0.0379399 
train_loss: 0.0374336 
test_loss: 0.0372458 
train_loss: 0.0368863 
test_loss: 0.0366469 
train_loss: 0.0357015 
test_loss: 0.0361058 
train_loss: 0.0359871 
test_loss: 0.0355933 
train_loss: 0.0359196 
test_loss: 0.0351239 
train_loss: 0.0350256 
test_loss: 0.0347069 
train_loss: 0.0345864 
test_loss: 0.03434 
train_loss: 0.0346325 
test_loss: 0.0339531 
train_loss: 0.0334167 
test_loss: 0.0336256 
train_loss: 0.0335817 
test_loss: 0.0333052 
train_loss: 0.0327072 
test_loss: 0.0330042 
train_loss: 0.0320751 
test_loss: 0.0327298 
train_loss: 0.0328143 
test_loss: 0.0324882 
train_loss: 0.0324403 
test_loss: 0.032224 
train_loss: 0.0317806 
test_loss: 0.0320133 
train_loss: 0.0318139 
test_loss: 0.0318125 
train_loss: 0.0317534 
test_loss: 0.0315868 
train_loss: 0.0314261 
test_loss: 0.0314101 
train_loss: 0.0317481 
test_loss: 0.0312356 
train_loss: 0.0304883 
test_loss: 0.0310904 
train_loss: 0.0304388 
test_loss: 0.0309286 
train_loss: 0.0307261 
test_loss: 0.0308073 
train_loss: 0.0304532 
test_loss: 0.0306489 
train_loss: 0.0312955 
test_loss: 0.03051 
train_loss: 0.0312885 
test_loss: 0.0303772 
train_loss: 0.0296977 
test_loss: 0.03028 
train_loss: 0.0305306 
test_loss: 0.0301849 
train_loss: 0.0300285 
test_loss: 0.0300489 
train_loss: 0.0302511 
test_loss: 0.0299479 
train_loss: 0.0293472 
test_loss: 0.0298418 
train_loss: 0.0293089 
test_loss: 0.0297723 
train_loss: 0.0292078 
test_loss: 0.0296602 
train_loss: 0.0299315 
test_loss: 0.0296174 
train_loss: 0.0297478 
test_loss: 0.0295133 
train_loss: 0.0294946 
test_loss: 0.0294583 
train_loss: 0.0290319 
test_loss: 0.0293543 
train_loss: 0.029329 
test_loss: 0.0292843 
train_loss: 0.0292604 
test_loss: 0.0292221 
train_loss: 0.029228 
test_loss: 0.0291759 
train_loss: 0.0295352 
test_loss: 0.0290914 
train_loss: 0.0288477 
test_loss: 0.0290411 
train_loss: 0.0292839 
test_loss: 0.0289805 
train_loss: 0.028737 
test_loss: 0.0289062 
train_loss: 0.0288524 
test_loss: 0.0288462 
train_loss: 0.0290312 
test_loss: 0.0288338 
train_loss: 0.0284447 
test_loss: 0.0287938 
train_loss: 0.028554 
test_loss: 0.028685 
train_loss: 0.0288626 
test_loss: 0.0286631 
train_loss: 0.0280491 
test_loss: 0.0285953 
train_loss: 0.0284797 
test_loss: 0.0285722 
train_loss: 0.0286243 
test_loss: 0.0285377 
train_loss: 0.0282743 
test_loss: 0.028502 
train_loss: 0.0283711 
test_loss: 0.0284319 
train_loss: 0.0284128 
test_loss: 0.0284472 
train_loss: 0.028326 
test_loss: 0.0284037 
train_loss: 0.0277838 
test_loss: 0.0283124 
train_loss: 0.0289103 
test_loss: 0.0283508 
train_loss: 0.0278104 
test_loss: 0.0282512 
train_loss: 0.0281125 
test_loss: 0.0282107 
train_loss: 0.0284816 
test_loss: 0.0281864 
train_loss: 0.0283051 
test_loss: 0.0281512 
train_loss: 0.0279856 
test_loss: 0.0281047 
train_loss: 0.0282961 
test_loss: 0.0281142 
train_loss: 0.0279464 
test_loss: 0.0280981 
train_loss: 0.028722 
test_loss: 0.0280569 
train_loss: 0.0281526 
test_loss: 0.0279909 
train_loss: 0.0281328 
test_loss: 0.0279341 
train_loss: 0.0282648 
test_loss: 0.0279298 
train_loss: 0.028279 
test_loss: 0.0279672 
train_loss: 0.0279752 
test_loss: 0.0278578 
train_loss: 0.027937 
test_loss: 0.0278523 
train_loss: 0.0279942 
test_loss: 0.0278347 
train_loss: 0.0275253 
test_loss: 0.0277601 
train_loss: 0.0280077 
test_loss: 0.0278083 
train_loss: 0.0275756 
test_loss: 0.0277268 
train_loss: 0.027805 
test_loss: 0.0277152 
train_loss: 0.0285337 
test_loss: 0.0277167 
train_loss: 0.0280681 
test_loss: 0.0276852 
train_loss: 0.027698 
test_loss: 0.0276602 
train_loss: 0.027605 
test_loss: 0.0276169 
train_loss: 0.0277003 
test_loss: 0.0275852 
train_loss: 0.0270527 
test_loss: 0.0275319 
train_loss: 0.0279711 
test_loss: 0.0275092 
train_loss: 0.0271063 
test_loss: 0.0275444 
train_loss: 0.0277473 
test_loss: 0.0274341 
train_loss: 0.0277063 
test_loss: 0.0274102 
train_loss: 0.0270634 
test_loss: 0.0273744 
train_loss: 0.027403 
test_loss: 0.0273771 
train_loss: 0.0276171 
test_loss: 0.0273289 
train_loss: 0.0276459 
test_loss: 0.0273772 
train_loss: 0.0273065 
test_loss: 0.0272345 
train_loss: 0.0281562 
test_loss: 0.0272541 
train_loss: 0.0271126 
test_loss: 0.0272565 
train_loss: 0.0275392 
test_loss: 0.0271515 
train_loss: 0.0271644 
test_loss: 0.0271526 
train_loss: 0.027311 
test_loss: 0.0271173 
train_loss: 0.0271634 
test_loss: 0.027144 
train_loss: 0.027285 
test_loss: 0.0271298 
train_loss: 0.0268568 
test_loss: 0.0269939 
train_loss: 0.0266372 
test_loss: 0.0270595 
train_loss: 0.0268701 
test_loss: 0.0270137 
train_loss: 0.0270554 
test_loss: 0.0270437 
train_loss: 0.0262161 
test_loss: 0.0269215 
train_loss: 0.0264865 
test_loss: 0.0268762 
train_loss: 0.0271325 
test_loss: 0.0268948 
train_loss: 0.0268005 
test_loss: 0.0268368 
train_loss: 0.0272189 
test_loss: 0.0268031 
train_loss: 0.0267205 
test_loss: 0.0267926 
train_loss: 0.0269405 
test_loss: 0.0267996 
train_loss: 0.0266596 
test_loss: 0.0267675 
train_loss: 0.0261357 
test_loss: 0.0267403 
train_loss: 0.026616 
test_loss: 0.0265576 
train_loss: 0.0268793 
test_loss: 0.0266122 
train_loss: 0.0265718 
test_loss: 0.0265913 
train_loss: 0.0266114 
test_loss: 0.0265176 
train_loss: 0.0267941 
test_loss: 0.0264976 
train_loss: 0.0262468 
test_loss: 0.0263889 
train_loss: 0.0265252 
test_loss: 0.026299 
train_loss: 0.0259278 
test_loss: 0.0263053 
train_loss: 0.0260761 
test_loss: 0.0261248 
train_loss: 0.0261658 
test_loss: 0.0261777 
train_loss: 0.0263879 
test_loss: 0.0260811 
train_loss: 0.026432 
test_loss: 0.026029 
train_loss: 0.0260539 
test_loss: 0.0259365 
train_loss: 0.0261074 
test_loss: 0.0257612 
train_loss: 0.0257499 
test_loss: 0.0255749 
train_loss: 0.0255304 
test_loss: 0.0253592 
train_loss: 0.0249431 
test_loss: 0.0250414 
train_loss: 0.0248746 
test_loss: 0.0246078 
train_loss: 0.0238904 
test_loss: 0.0239067 
train_loss: 0.0228443 
test_loss: 0.0226399 
train_loss: 0.0218457 
test_loss: 0.0218656 
train_loss: 0.020896 
test_loss: 0.0210655 
train_loss: 0.0205161 
test_loss: 0.0204316 
train_loss: 0.0193299 
test_loss: 0.0197252 
train_loss: 0.0189286 
test_loss: 0.0193588 
train_loss: 0.0186044 
test_loss: 0.0187601 
train_loss: 0.0182235 
test_loss: 0.0177363 
train_loss: 0.017616 
test_loss: 0.0172441 
train_loss: 0.0164323 
test_loss: 0.0166668 
train_loss: 0.0160523 
test_loss: 0.0166333 
train_loss: 0.0161494 
test_loss: 0.0157837 
train_loss: 0.0148525 
test_loss: 0.015053 
train_loss: 0.0148003 
test_loss: 0.0147319 
train_loss: 0.0151674 
test_loss: 0.0145554 
train_loss: 0.0140505 
test_loss: 0.0139886 
train_loss: 0.0131016 
test_loss: 0.0133203 
train_loss: 0.01318 
test_loss: 0.0130938 
train_loss: 0.0126963 
test_loss: 0.0124272 
train_loss: 0.0121211 
test_loss: 0.0117747 
train_loss: 0.0118395 
test_loss: 0.0121998 
train_loss: 0.0109529 
test_loss: 0.0111903 
train_loss: 0.0114627 
test_loss: 0.0107783 
train_loss: 0.0113072 
test_loss: 0.0109882 
train_loss: 0.00980712 
test_loss: 0.0101423 
train_loss: 0.00934653 
test_loss: 0.00924509 
train_loss: 0.00914521 
test_loss: 0.00986937 
train_loss: 0.00885019 
test_loss: 0.00856957 
train_loss: 0.00843594 
test_loss: 0.00872075 
train_loss: 0.00905518 
test_loss: 0.00780948 
train_loss: 0.0082628 
test_loss: 0.00777479 
train_loss: 0.00707194 
test_loss: 0.00716383 
train_loss: 0.008148 
test_loss: 0.00835893 
train_loss: 0.00706848 
test_loss: 0.00795454 
train_loss: 0.00673402 
test_loss: 0.0069248 
train_loss: 0.00758999 
test_loss: 0.00692362 
train_loss: 0.00709105 
test_loss: 0.00687246 
train_loss: 0.00696406 
test_loss: 0.00708383 
train_loss: 0.00737474 
test_loss: 0.00694046 
train_loss: 0.00697865 
test_loss: 0.00601864 
train_loss: 0.00632715 
test_loss: 0.00562879 
train_loss: 0.00659156 
test_loss: 0.00600164 
train_loss: 0.00596546 
test_loss: 0.00560824 
train_loss: 0.00583689 
test_loss: 0.0057046 
train_loss: 0.00663623 
test_loss: 0.00649536 
train_loss: 0.00619529 
test_loss: 0.00626202 
train_loss: 0.00544099 
test_loss: 0.00553913 
train_loss: 0.0055494 
test_loss: 0.00605918 
train_loss: 0.00578737 
test_loss: 0.00632588 
train_loss: 0.00651548 
test_loss: 0.0054189 
train_loss: 0.00495774 
test_loss: 0.00482022 
train_loss: 0.00534722 
test_loss: 0.00506341 
train_loss: 0.00474547 
test_loss: 0.00538771 
train_loss: 0.00829418 
test_loss: 0.00651409 
train_loss: 0.00559683 
test_loss: 0.00537364 
train_loss: 0.00515765 
test_loss: 0.00573366 
train_loss: 0.00531177 
test_loss: 0.00548825 
train_loss: 0.00528392 
test_loss: 0.00533312 
train_loss: 0.00563875 
test_loss: 0.00546283 
train_loss: 0.00542438 
test_loss: 0.00554061 
train_loss: 0.00541246 
test_loss: 0.00630159 
train_loss: 0.00525161 
test_loss: 0.00467137 
train_loss: 0.00521336 
test_loss: 0.00525699 
train_loss: 0.00451615 
test_loss: 0.00445515 
train_loss: 0.00443976 
test_loss: 0.00483728 
train_loss: 0.00462831 
test_loss: 0.00539097 
train_loss: 0.00536116 
test_loss: 0.00536733 
train_loss: 0.00466072 
test_loss: 0.00423167 
train_loss: 0.0050917 
test_loss: 0.00447157 
train_loss: 0.00525041 
test_loss: 0.00514187 
train_loss: 0.00430649 
test_loss: 0.0046217 
train_loss: 0.0047066 
test_loss: 0.00537104 
