train_loss: 0.512824 
test_loss: 0.495072 
train_loss: 0.459378 
test_loss: 0.454981 
train_loss: 0.45122 
test_loss: 0.454834 
train_loss: 0.452048 
test_loss: 0.45482 
train_loss: 0.455108 
test_loss: 0.454813 
train_loss: 0.456998 
test_loss: 0.454816 
train_loss: 0.457894 
test_loss: 0.454784 
train_loss: 0.456448 
test_loss: 0.454763 
train_loss: 0.45214 
test_loss: 0.454753 
train_loss: 0.459012 
test_loss: 0.454735 
train_loss: 0.448984 
test_loss: 0.454715 
train_loss: 0.448637 
test_loss: 0.454707 
train_loss: 0.457461 
test_loss: 0.454678 
train_loss: 0.451648 
test_loss: 0.454661 
train_loss: 0.457123 
test_loss: 0.454627 
train_loss: 0.451058 
test_loss: 0.454613 
train_loss: 0.455803 
test_loss: 0.454573 
train_loss: 0.461058 
test_loss: 0.454556 
train_loss: 0.456846 
test_loss: 0.454537 
train_loss: 0.453296 
test_loss: 0.454502 
train_loss: 0.456117 
test_loss: 0.454447 
train_loss: 0.448687 
test_loss: 0.454439 
train_loss: 0.453054 
test_loss: 0.454404 
train_loss: 0.459118 
test_loss: 0.454373 
train_loss: 0.455647 
test_loss: 0.454345 
train_loss: 0.454164 
test_loss: 0.454303 
train_loss: 0.452854 
test_loss: 0.454268 
train_loss: 0.455051 
test_loss: 0.454235 
train_loss: 0.453898 
test_loss: 0.454199 
train_loss: 0.450099 
test_loss: 0.454161 
train_loss: 0.461016 
test_loss: 0.454108 
train_loss: 0.461647 
test_loss: 0.454066 
train_loss: 0.455871 
test_loss: 0.454014 
train_loss: 0.451815 
test_loss: 0.453968 
train_loss: 0.450254 
test_loss: 0.45393 
train_loss: 0.453203 
test_loss: 0.453884 
train_loss: 0.455004 
test_loss: 0.453819 
train_loss: 0.451633 
test_loss: 0.453763 
train_loss: 0.458266 
test_loss: 0.453711 
train_loss: 0.455398 
test_loss: 0.453649 
train_loss: 0.452256 
test_loss: 0.453602 
train_loss: 0.450031 
test_loss: 0.453553 
train_loss: 0.458263 
test_loss: 0.453487 
train_loss: 0.455348 
test_loss: 0.453418 
train_loss: 0.454746 
test_loss: 0.453364 
train_loss: 0.454358 
test_loss: 0.453296 
train_loss: 0.449997 
test_loss: 0.453225 
train_loss: 0.455016 
test_loss: 0.45315 
train_loss: 0.453864 
test_loss: 0.453078 
train_loss: 0.449048 
test_loss: 0.45301 
train_loss: 0.45371 
test_loss: 0.452933 
train_loss: 0.451763 
test_loss: 0.452858 
train_loss: 0.448649 
test_loss: 0.45276 
train_loss: 0.45398 
test_loss: 0.452692 
train_loss: 0.451373 
test_loss: 0.452601 
train_loss: 0.452376 
test_loss: 0.452511 
train_loss: 0.449192 
test_loss: 0.452431 
train_loss: 0.448633 
test_loss: 0.452337 
train_loss: 0.454883 
test_loss: 0.452231 
train_loss: 0.452996 
test_loss: 0.452146 
train_loss: 0.448065 
test_loss: 0.452042 
train_loss: 0.452147 
test_loss: 0.451936 
train_loss: 0.447714 
test_loss: 0.451852 
train_loss: 0.45167 
test_loss: 0.451711 
train_loss: 0.451362 
test_loss: 0.451626 
train_loss: 0.445712 
test_loss: 0.451503 
train_loss: 0.449747 
test_loss: 0.451395 
train_loss: 0.448712 
test_loss: 0.451267 
train_loss: 0.443524 
test_loss: 0.45115 
train_loss: 0.449161 
test_loss: 0.451034 
train_loss: 0.454377 
test_loss: 0.450886 
train_loss: 0.453316 
test_loss: 0.450765 
train_loss: 0.456468 
test_loss: 0.45064 
train_loss: 0.455286 
test_loss: 0.450498 
train_loss: 0.448903 
test_loss: 0.450351 
train_loss: 0.448764 
test_loss: 0.450216 
train_loss: 0.448983 
test_loss: 0.450059 
train_loss: 0.451521 
test_loss: 0.449901 
train_loss: 0.453388 
test_loss: 0.449729 
train_loss: 0.44721 
test_loss: 0.449577 
train_loss: 0.448483 
test_loss: 0.449419 
train_loss: 0.451389 
test_loss: 0.449248 
train_loss: 0.446529 
test_loss: 0.449058 
train_loss: 0.456269 
test_loss: 0.448904 
train_loss: 0.450292 
test_loss: 0.448718 
train_loss: 0.450216 
test_loss: 0.448535 
train_loss: 0.446654 
test_loss: 0.448342 
train_loss: 0.444333 
test_loss: 0.448149 
train_loss: 0.446015 
test_loss: 0.447956 
train_loss: 0.448724 
test_loss: 0.447744 
train_loss: 0.448087 
test_loss: 0.447533 
train_loss: 0.449471 
test_loss: 0.447302 
train_loss: 0.438869 
test_loss: 0.447089 
train_loss: 0.449565 
test_loss: 0.446871 
train_loss: 0.445459 
test_loss: 0.446626 
train_loss: 0.455495 
test_loss: 0.446382 
train_loss: 0.448365 
test_loss: 0.446159 
train_loss: 0.441718 
test_loss: 0.445889 
train_loss: 0.463577 
test_loss: 0.445644 
train_loss: 0.439283 
test_loss: 0.445371 
train_loss: 0.45032 
test_loss: 0.445104 
train_loss: 0.451704 
test_loss: 0.444829 
train_loss: 0.442888 
test_loss: 0.444569 
train_loss: 0.441746 
test_loss: 0.444266 
train_loss: 0.44175 
test_loss: 0.443959 
train_loss: 0.445056 
test_loss: 0.443655 
train_loss: 0.444087 
test_loss: 0.44335 
train_loss: 0.440618 
test_loss: 0.443018 
train_loss: 0.435602 
test_loss: 0.442704 
train_loss: 0.446676 
test_loss: 0.442364 
train_loss: 0.439287 
test_loss: 0.442005 
train_loss: 0.449684 
test_loss: 0.441672 
train_loss: 0.441428 
test_loss: 0.441294 
train_loss: 0.439713 
test_loss: 0.440932 
train_loss: 0.442884 
test_loss: 0.440567 
train_loss: 0.435349 
test_loss: 0.440163 
train_loss: 0.443537 
test_loss: 0.439767 
train_loss: 0.434602 
test_loss: 0.439378 
train_loss: 0.440962 
test_loss: 0.438952 
train_loss: 0.441854 
test_loss: 0.438518 
train_loss: 0.444758 
test_loss: 0.438106 
train_loss: 0.440572 
test_loss: 0.437654 
train_loss: 0.430271 
test_loss: 0.437193 
train_loss: 0.433814 
test_loss: 0.436719 
train_loss: 0.440739 
test_loss: 0.436238 
train_loss: 0.444341 
test_loss: 0.435748 
train_loss: 0.433585 
test_loss: 0.435258 
train_loss: 0.438322 
test_loss: 0.434726 
train_loss: 0.436253 
test_loss: 0.434208 
train_loss: 0.441552 
test_loss: 0.433656 
train_loss: 0.437923 
test_loss: 0.433131 
train_loss: 0.433283 
test_loss: 0.432553 
train_loss: 0.428572 
test_loss: 0.431981 
train_loss: 0.427109 
test_loss: 0.431387 
train_loss: 0.424721 
test_loss: 0.430768 
train_loss: 0.431088 
test_loss: 0.430151 
train_loss: 0.425397 
test_loss: 0.429512 
train_loss: 0.433915 
test_loss: 0.428861 
train_loss: 0.425097 
test_loss: 0.428191 
train_loss: 0.428576 
test_loss: 0.427518 
train_loss: 0.43307 
test_loss: 0.426823 
train_loss: 0.431965 
test_loss: 0.426092 
train_loss: 0.426864 
test_loss: 0.425357 
train_loss: 0.429772 
test_loss: 0.424621 
train_loss: 0.417704 
test_loss: 0.423859 
train_loss: 0.424329 
test_loss: 0.423057 
train_loss: 0.422299 
test_loss: 0.422263 
train_loss: 0.427576 
test_loss: 0.421431 
train_loss: 0.418311 
test_loss: 0.420596 
train_loss: 0.416891 
test_loss: 0.419733 
train_loss: 0.41836 
test_loss: 0.418853 
train_loss: 0.421352 
test_loss: 0.41796 
train_loss: 0.4213 
test_loss: 0.417035 
train_loss: 0.413761 
test_loss: 0.416094 
train_loss: 0.411245 
test_loss: 0.415112 
train_loss: 0.421178 
test_loss: 0.414124 
train_loss: 0.413157 
test_loss: 0.413119 
train_loss: 0.415389 
test_loss: 0.412083 
train_loss: 0.414853 
test_loss: 0.41103 
train_loss: 0.41416 
test_loss: 0.409942 
train_loss: 0.411456 
test_loss: 0.408833 
train_loss: 0.407408 
test_loss: 0.407696 
train_loss: 0.406248 
test_loss: 0.40653 
train_loss: 0.402732 
test_loss: 0.405341 
train_loss: 0.406527 
test_loss: 0.404122 
train_loss: 0.401538 
test_loss: 0.402864 
train_loss: 0.408196 
test_loss: 0.401593 
train_loss: 0.4005 
test_loss: 0.400299 
train_loss: 0.39553 
test_loss: 0.398952 
train_loss: 0.397885 
test_loss: 0.397572 
train_loss: 0.395522 
test_loss: 0.396184 
train_loss: 0.402655 
test_loss: 0.394747 
train_loss: 0.390088 
test_loss: 0.39327 
train_loss: 0.390957 
test_loss: 0.391761 
train_loss: 0.392185 
test_loss: 0.390199 
train_loss: 0.386246 
test_loss: 0.388632 
train_loss: 0.396015 
test_loss: 0.387 
train_loss: 0.384458 
test_loss: 0.385314 
train_loss: 0.384047 
test_loss: 0.383598 
train_loss: 0.383627 
test_loss: 0.381837 
train_loss: 0.382475 
test_loss: 0.380011 
train_loss: 0.376935 
test_loss: 0.378151 
train_loss: 0.375103 
test_loss: 0.376226 
train_loss: 0.37539 
test_loss: 0.374241 
train_loss: 0.369216 
test_loss: 0.372191 
train_loss: 0.368772 
test_loss: 0.370052 
train_loss: 0.36462 
test_loss: 0.367827 
train_loss: 0.36432 
test_loss: 0.36552 
train_loss: 0.367838 
test_loss: 0.363095 
train_loss: 0.356806 
test_loss: 0.360548 
train_loss: 0.362083 
test_loss: 0.35784 
train_loss: 0.350968 
test_loss: 0.354973 
train_loss: 0.348473 
test_loss: 0.351911 
train_loss: 0.350218 
test_loss: 0.348649 
train_loss: 0.338651 
test_loss: 0.345148 
train_loss: 0.341544 
test_loss: 0.3414 
train_loss: 0.338337 
test_loss: 0.337445 
train_loss: 0.33466 
test_loss: 0.333328 
train_loss: 0.324164 
test_loss: 0.329055 
train_loss: 0.321652 
test_loss: 0.324591 
train_loss: 0.31811 
test_loss: 0.31994 
train_loss: 0.311111 
test_loss: 0.315078 
train_loss: 0.310975 
test_loss: 0.310003 
train_loss: 0.297955 
test_loss: 0.304664 
train_loss: 0.296056 
test_loss: 0.299103 
train_loss: 0.293608 
test_loss: 0.293359 
train_loss: 0.285652 
test_loss: 0.287499 
train_loss: 0.279683 
test_loss: 0.281575 
train_loss: 0.275693 
test_loss: 0.275736 
train_loss: 0.269644 
test_loss: 0.270017 
train_loss: 0.266105 
test_loss: 0.264484 
train_loss: 0.26077 
test_loss: 0.259193 
train_loss: 0.251837 
test_loss: 0.254133 
train_loss: 0.248389 
test_loss: 0.249252 
train_loss: 0.245045 
test_loss: 0.244549 
train_loss: 0.236554 
test_loss: 0.239955 
train_loss: 0.234554 
test_loss: 0.235481 
train_loss: 0.232291 
test_loss: 0.231089 
train_loss: 0.227224 
test_loss: 0.22679 
train_loss: 0.222171 
test_loss: 0.222548 
train_loss: 0.221458 
test_loss: 0.218395 
train_loss: 0.217531 
test_loss: 0.214293 
train_loss: 0.212868 
test_loss: 0.21028 
train_loss: 0.202513 
test_loss: 0.206312 
train_loss: 0.200762 
test_loss: 0.202421 
train_loss: 0.197639 
test_loss: 0.198588 
train_loss: 0.19338 
test_loss: 0.194816 
train_loss: 0.192426 
test_loss: 0.191088 
train_loss: 0.18532 
test_loss: 0.187431 
train_loss: 0.180765 
test_loss: 0.183801 
train_loss: 0.174124 
test_loss: 0.180235 
train_loss: 0.178661 
test_loss: 0.176715 
train_loss: 0.170302 
test_loss: 0.173243 
train_loss: 0.171357 
test_loss: 0.16983 
train_loss: 0.164429 
test_loss: 0.166451 
train_loss: 0.157677 
test_loss: 0.163129 
train_loss: 0.162045 
test_loss: 0.159871 
train_loss: 0.158008 
test_loss: 0.156667 
train_loss: 0.156091 
test_loss: 0.153551 
train_loss: 0.14653 
test_loss: 0.150461 
train_loss: 0.147213 
test_loss: 0.147471 
train_loss: 0.142748 
test_loss: 0.144569 
train_loss: 0.143356 
test_loss: 0.141749 
train_loss: 0.137866 
test_loss: 0.139023 
train_loss: 0.134909 
test_loss: 0.13641 
train_loss: 0.133073 
test_loss: 0.133916 
train_loss: 0.127857 
test_loss: 0.131515 
train_loss: 0.125027 
test_loss: 0.129249 
train_loss: 0.129482 
test_loss: 0.127102 
train_loss: 0.122803 
test_loss: 0.125085 
train_loss: 0.125754 
test_loss: 0.123201 
train_loss: 0.126403 
test_loss: 0.121461 
train_loss: 0.117871 
test_loss: 0.119845 
train_loss: 0.116136 
test_loss: 0.118344 
train_loss: 0.115246 
test_loss: 0.116984 
train_loss: 0.110628 
test_loss: 0.11573 
train_loss: 0.114252 
test_loss: 0.114583 
train_loss: 0.117219 
test_loss: 0.113533 
train_loss: 0.109243 
test_loss: 0.112608 
train_loss: 0.107952 
test_loss: 0.11174 
train_loss: 0.110854 
test_loss: 0.111005 
train_loss: 0.109181 
test_loss: 0.110324 
train_loss: 0.108085 
test_loss: 0.109739 
train_loss: 0.108105 
test_loss: 0.109206 
train_loss: 0.108021 
test_loss: 0.108739 
train_loss: 0.10787 
test_loss: 0.10832 
train_loss: 0.108091 
test_loss: 0.107941 
train_loss: 0.107801 
test_loss: 0.107624 
train_loss: 0.107625 
test_loss: 0.10734 
train_loss: 0.106896 
test_loss: 0.107095 
train_loss: 0.104304 
test_loss: 0.106865 
train_loss: 0.103048 
test_loss: 0.106674 
train_loss: 0.106785 
test_loss: 0.106525 
train_loss: 0.104769 
test_loss: 0.106358 
train_loss: 0.106954 
test_loss: 0.106253 
train_loss: 0.100962 
test_loss: 0.106118 
train_loss: 0.104343 
test_loss: 0.106034 
train_loss: 0.102229 
test_loss: 0.105929 
train_loss: 0.10692 
test_loss: 0.105854 
train_loss: 0.103744 
test_loss: 0.105792 
train_loss: 0.101824 
test_loss: 0.105745 
train_loss: 0.108021 
test_loss: 0.10569 
train_loss: 0.103375 
test_loss: 0.105674 
train_loss: 0.103121 
test_loss: 0.105613 
train_loss: 0.107866 
test_loss: 0.105606 
train_loss: 0.111664 
test_loss: 0.105543 
train_loss: 0.101365 
test_loss: 0.105514 
train_loss: 0.106085 
test_loss: 0.105489 
train_loss: 0.108544 
test_loss: 0.105478 
train_loss: 0.107971 
test_loss: 0.10546 
train_loss: 0.104358 
test_loss: 0.105448 
train_loss: 0.104237 
test_loss: 0.105426 
train_loss: 0.107277 
test_loss: 0.105415 
train_loss: 0.104155 
test_loss: 0.105407 
train_loss: 0.10035 
test_loss: 0.105399 
train_loss: 0.103966 
test_loss: 0.105388 
train_loss: 0.10462 
test_loss: 0.105366 
train_loss: 0.104489 
test_loss: 0.105363 
train_loss: 0.101452 
test_loss: 0.105357 
train_loss: 0.106808 
test_loss: 0.105328 
train_loss: 0.103949 
test_loss: 0.105336 
train_loss: 0.111333 
test_loss: 0.10533 
train_loss: 0.104852 
test_loss: 0.105336 
train_loss: 0.106893 
test_loss: 0.105313 
train_loss: 0.10632 
test_loss: 0.105312 
train_loss: 0.108072 
test_loss: 0.105314 
train_loss: 0.104263 
test_loss: 0.105288 
train_loss: 0.106058 
test_loss: 0.10529 
train_loss: 0.105613 
test_loss: 0.105275 
train_loss: 0.106172 
test_loss: 0.105265 
train_loss: 0.111524 
test_loss: 0.10528 
train_loss: 0.104994 
test_loss: 0.105269 
train_loss: 0.102095 
test_loss: 0.105246 
train_loss: 0.106898 
test_loss: 0.105257 
train_loss: 0.106104 
test_loss: 0.105256 
train_loss: 0.103046 
test_loss: 0.105241 
train_loss: 0.102565 
test_loss: 0.10524 
train_loss: 0.103539 
test_loss: 0.105237 
train_loss: 0.108103 
test_loss: 0.105242 
train_loss: 0.105596 
test_loss: 0.10521 
train_loss: 0.104713 
test_loss: 0.105214 
train_loss: 0.105022 
test_loss: 0.105214 
train_loss: 0.104118 
test_loss: 0.105208 
train_loss: 0.104362 
test_loss: 0.105209 
train_loss: 0.11045 
test_loss: 0.105198 
train_loss: 0.104665 
test_loss: 0.105236 
train_loss: 0.103432 
test_loss: 0.105187 
train_loss: 0.104894 
test_loss: 0.10519 
train_loss: 0.105946 
test_loss: 0.105188 
train_loss: 0.10503 
test_loss: 0.105154 
train_loss: 0.09992 
test_loss: 0.105185 
train_loss: 0.105438 
test_loss: 0.105147 
train_loss: 0.10512 
test_loss: 0.105155 
train_loss: 0.1032 
test_loss: 0.105183 
train_loss: 0.10607 
test_loss: 0.10516 
train_loss: 0.107803 
test_loss: 0.105164 
train_loss: 0.102644 
test_loss: 0.105112 
train_loss: 0.105023 
test_loss: 0.105144 
train_loss: 0.103458 
test_loss: 0.105099 
train_loss: 0.102588 
test_loss: 0.105113 
train_loss: 0.101896 
test_loss: 0.105108 
train_loss: 0.102317 
test_loss: 0.105098 
train_loss: 0.105429 
test_loss: 0.105083 
train_loss: 0.104379 
test_loss: 0.105061 
train_loss: 0.103638 
test_loss: 0.10511 
train_loss: 0.104215 
test_loss: 0.105056 
train_loss: 0.110951 
test_loss: 0.105064 
train_loss: 0.102423 
test_loss: 0.105036 
train_loss: 0.105149 
test_loss: 0.104996 
train_loss: 0.107559 
test_loss: 0.105021 
train_loss: 0.104946 
test_loss: 0.104998 
train_loss: 0.103994 
test_loss: 0.104954 
train_loss: 0.104402 
test_loss: 0.104927 
train_loss: 0.104931 
test_loss: 0.104906 
train_loss: 0.107625 
test_loss: 0.104893 
train_loss: 0.10061 
test_loss: 0.104846 
train_loss: 0.104403 
test_loss: 0.104813 
train_loss: 0.0976034 
test_loss: 0.10473 
train_loss: 0.104494 
test_loss: 0.104663 
train_loss: 0.105355 
test_loss: 0.104583 
train_loss: 0.106062 
test_loss: 0.104507 
train_loss: 0.106726 
test_loss: 0.104385 
train_loss: 0.10668 
test_loss: 0.104275 
train_loss: 0.100683 
test_loss: 0.104176 
train_loss: 0.0996521 
test_loss: 0.104104 
train_loss: 0.102041 
test_loss: 0.103956 
train_loss: 0.105889 
test_loss: 0.103803 
train_loss: 0.102652 
test_loss: 0.103719 
train_loss: 0.103173 
test_loss: 0.10364 
train_loss: 0.108184 
test_loss: 0.103475 
train_loss: 0.106352 
test_loss: 0.10336 
train_loss: 0.0992163 
test_loss: 0.103226 
train_loss: 0.100203 
test_loss: 0.10308 
train_loss: 0.099377 
test_loss: 0.102941 
train_loss: 0.100073 
test_loss: 0.102828 
train_loss: 0.0984393 
test_loss: 0.102621 
train_loss: 0.1002 
test_loss: 0.102395 
train_loss: 0.100384 
test_loss: 0.102208 
train_loss: 0.100217 
test_loss: 0.101993 
train_loss: 0.10439 
test_loss: 0.101759 
train_loss: 0.0977839 
test_loss: 0.1015 
train_loss: 0.102819 
test_loss: 0.101192 
train_loss: 0.0973951 
test_loss: 0.1009 
train_loss: 0.0998877 
test_loss: 0.100628 
train_loss: 0.097719 
test_loss: 0.100211 
train_loss: 0.103392 
test_loss: 0.0997638 
train_loss: 0.100547 
test_loss: 0.0992137 
train_loss: 0.09923 
test_loss: 0.0987166 
train_loss: 0.096833 
test_loss: 0.0980983 
train_loss: 0.101123 
test_loss: 0.0973548 
train_loss: 0.0917178 
test_loss: 0.0966077 
train_loss: 0.100634 
test_loss: 0.0956895 
train_loss: 0.0936211 
test_loss: 0.094766 
train_loss: 0.0909963 
test_loss: 0.0938136 
train_loss: 0.0904752 
test_loss: 0.0926603 
train_loss: 0.0845494 
test_loss: 0.0914908 
train_loss: 0.0880969 
test_loss: 0.0902833 
train_loss: 0.0866825 
test_loss: 0.0890179 
train_loss: 0.0825709 
test_loss: 0.0876874 
train_loss: 0.0849733 
test_loss: 0.0863764 
train_loss: 0.0826622 
test_loss: 0.0851365 
train_loss: 0.0812059 
test_loss: 0.0838847 
train_loss: 0.0783609 
test_loss: 0.082765 
train_loss: 0.079603 
test_loss: 0.0816901 
train_loss: 0.0786022 
test_loss: 0.0807342 
train_loss: 0.0799293 
test_loss: 0.079836 
train_loss: 0.0810255 
test_loss: 0.079111 
train_loss: 0.075905 
test_loss: 0.078395 
train_loss: 0.0763017 
test_loss: 0.0778102 
train_loss: 0.0758834 
test_loss: 0.0772028 
train_loss: 0.0779827 
test_loss: 0.0766505 
train_loss: 0.0742782 
test_loss: 0.0760865 
train_loss: 0.0772778 
test_loss: 0.0755448 
train_loss: 0.0723408 
test_loss: 0.075123 
train_loss: 0.0751887 
test_loss: 0.0745798 
train_loss: 0.0739699 
test_loss: 0.0740312 
train_loss: 0.0679143 
test_loss: 0.0734474 
train_loss: 0.073527 
test_loss: 0.0732276 
train_loss: 0.0717249 
test_loss: 0.0723953 
train_loss: 0.0686726 
test_loss: 0.0719253 
train_loss: 0.0727237 
test_loss: 0.0714813 
train_loss: 0.0675013 
test_loss: 0.0708697 
train_loss: 0.0721382 
test_loss: 0.0702655 
train_loss: 0.0679952 
test_loss: 0.0699791 
train_loss: 0.0653986 
test_loss: 0.0691792 
train_loss: 0.0667962 
test_loss: 0.068841 
train_loss: 0.0677793 
test_loss: 0.068168 
train_loss: 0.0690247 
test_loss: 0.0677138 
train_loss: 0.0674235 
test_loss: 0.0672729 
train_loss: 0.0672464 
test_loss: 0.066884 
train_loss: 0.0649498 
test_loss: 0.0665983 
train_loss: 0.067795 
test_loss: 0.0659314 
train_loss: 0.0637905 
test_loss: 0.0654637 
train_loss: 0.0609332 
test_loss: 0.065184 
train_loss: 0.0640144 
test_loss: 0.0647593 
train_loss: 0.0637795 
test_loss: 0.064176 
train_loss: 0.0624666 
test_loss: 0.0639766 
train_loss: 0.0633829 
test_loss: 0.0636148 
train_loss: 0.0631957 
test_loss: 0.0631341 
train_loss: 0.0639812 
test_loss: 0.0628141 
train_loss: 0.0577203 
test_loss: 0.0629845 
train_loss: 0.0609251 
test_loss: 0.0619778 
train_loss: 0.0626716 
test_loss: 0.0621343 
train_loss: 0.0644303 
test_loss: 0.0611158 
train_loss: 0.0568835 
test_loss: 0.0605102 
train_loss: 0.0580748 
test_loss: 0.0602224 
train_loss: 0.0580307 
test_loss: 0.0597376 
train_loss: 0.0549735 
test_loss: 0.0591959 
train_loss: 0.0585366 
test_loss: 0.058647 
train_loss: 0.0585756 
test_loss: 0.0591225 
train_loss: 0.0580988 
test_loss: 0.0572423 
train_loss: 0.0535997 
test_loss: 0.0576806 
train_loss: 0.0556014 
test_loss: 0.0555468 
train_loss: 0.0526335 
test_loss: 0.0549775 
train_loss: 0.0515819 
test_loss: 0.0543292 
train_loss: 0.0557298 
test_loss: 0.0529312 
train_loss: 0.0528604 
test_loss: 0.0514564 
train_loss: 0.0484062 
test_loss: 0.0511277 
train_loss: 0.0480543 
test_loss: 0.0518264 
train_loss: 0.0462731 
test_loss: 0.0487917 
train_loss: 0.0489848 
test_loss: 0.0490439 
train_loss: 0.0450472 
test_loss: 0.0464483 
train_loss: 0.0427531 
test_loss: 0.0443822 
train_loss: 0.0417129 
test_loss: 0.0426746 
train_loss: 0.0449027 
test_loss: 0.0421891 
train_loss: 0.0378431 
test_loss: 0.0402572 
train_loss: 0.037422 
test_loss: 0.038108 
train_loss: 0.037276 
test_loss: 0.0387561 
train_loss: 0.0403245 
test_loss: 0.0365252 
train_loss: 0.0338462 
test_loss: 0.0353545 
train_loss: 0.0334196 
test_loss: 0.0333073 
train_loss: 0.0304793 
test_loss: 0.0328224 
train_loss: 0.0331748 
test_loss: 0.0336785 
train_loss: 0.0325568 
test_loss: 0.0303109 
train_loss: 0.0307871 
test_loss: 0.030036 
train_loss: 0.0282426 
test_loss: 0.0283288 
train_loss: 0.0255346 
test_loss: 0.0298493 
train_loss: 0.0270677 
test_loss: 0.0277981 
train_loss: 0.0271763 
test_loss: 0.0272605 
train_loss: 0.024247 
test_loss: 0.0284829 
train_loss: 0.0257167 
test_loss: 0.0255677 
train_loss: 0.0236539 
test_loss: 0.025657 
train_loss: 0.0260958 
test_loss: 0.0252906 
train_loss: 0.0242582 
test_loss: 0.0249633 
train_loss: 0.0246674 
test_loss: 0.0242139 
train_loss: 0.0233564 
test_loss: 0.0240989 
train_loss: 0.0238696 
test_loss: 0.0242683 
train_loss: 0.0246732 
test_loss: 0.0242153 
train_loss: 0.0257831 
test_loss: 0.0242992 
train_loss: 0.0253752 
test_loss: 0.0240968 
train_loss: 0.0251049 
test_loss: 0.0235474 
train_loss: 0.0227265 
test_loss: 0.0238686 
train_loss: 0.0240917 
test_loss: 0.0232751 
train_loss: 0.0241909 
test_loss: 0.0237567 
train_loss: 0.0211633 
test_loss: 0.0227925 
train_loss: 0.0218076 
test_loss: 0.0232883 
train_loss: 0.022352 
test_loss: 0.022721 
train_loss: 0.0215677 
test_loss: 0.0225815 
train_loss: 0.0232265 
test_loss: 0.0231857 
train_loss: 0.021508 
test_loss: 0.0223084 
train_loss: 0.0210924 
test_loss: 0.0234357 
