train_loss: 0.045042 
test_loss: 0.043991 
train_loss: 0.023977 
test_loss: 0.022941 
train_loss: 0.014305 
test_loss: 0.013079 
train_loss: 0.008741 
test_loss: 0.009548 
train_loss: 0.007450 
test_loss: 0.007765 
train_loss: 0.007668 
test_loss: 0.007971 
train_loss: 0.005871 
test_loss: 0.006230 
train_loss: 0.006193 
test_loss: 0.005588 
train_loss: 0.006191 
test_loss: 0.005869 
train_loss: 0.005512 
test_loss: 0.005081 
train_loss: 0.006036 
test_loss: 0.004477 
train_loss: 0.004833 
test_loss: 0.004062 
train_loss: 0.005365 
test_loss: 0.004679 
train_loss: 0.005024 
test_loss: 0.003998 
train_loss: 0.004533 
test_loss: 0.003933 
train_loss: 0.004555 
test_loss: 0.004643 
train_loss: 0.005886 
test_loss: 0.004108 
train_loss: 0.005154 
test_loss: 0.005051 
train_loss: 0.003409 
test_loss: 0.004382 
train_loss: 0.004893 
test_loss: 0.004589 
train_loss: 0.004337 
test_loss: 0.003974 
train_loss: 0.004763 
test_loss: 0.003452 
train_loss: 0.004830 
test_loss: 0.003995 
train_loss: 0.004978 
test_loss: 0.003943 
train_loss: 0.004641 
test_loss: 0.004255 
train_loss: 0.005717 
test_loss: 0.005623 
train_loss: 0.005318 
test_loss: 0.004523 
train_loss: 0.004875 
test_loss: 0.004160 
train_loss: 0.004313 
test_loss: 0.004770 
train_loss: 0.004508 
test_loss: 0.004333 
train_loss: 0.004465 
test_loss: 0.004035 
