train_loss: 0.176639 
test_loss: 0.173755 
train_loss: 0.0964748 
test_loss: 0.0970817 
train_loss: 0.0902595 
test_loss: 0.0921581 
train_loss: 0.0864498 
test_loss: 0.088573 
train_loss: 0.0835667 
test_loss: 0.0832154 
train_loss: 0.0737649 
test_loss: 0.0759132 
train_loss: 0.0715394 
test_loss: 0.0694506 
train_loss: 0.0636957 
test_loss: 0.0652369 
train_loss: 0.0620538 
test_loss: 0.0628794 
train_loss: 0.0600284 
test_loss: 0.0610043 
train_loss: 0.059231 
test_loss: 0.0594373 
train_loss: 0.0573846 
test_loss: 0.057921 
train_loss: 0.0577082 
test_loss: 0.0570569 
train_loss: 0.0545368 
test_loss: 0.0559961 
train_loss: 0.0562112 
test_loss: 0.0539095 
train_loss: 0.0554957 
test_loss: 0.052913 
train_loss: 0.0511244 
test_loss: 0.051619 
train_loss: 0.0544214 
test_loss: 0.0505229 
train_loss: 0.0475332 
test_loss: 0.048534 
train_loss: 0.0468954 
test_loss: 0.0469479 
train_loss: 0.046061 
test_loss: 0.0459207 
train_loss: 0.0431447 
test_loss: 0.0434817 
train_loss: 0.0406393 
test_loss: 0.0416142 
train_loss: 0.0396703 
test_loss: 0.0391131 
train_loss: 0.0375978 
test_loss: 0.0383484 
train_loss: 0.0352637 
test_loss: 0.0361025 
train_loss: 0.0320464 
test_loss: 0.0339622 
train_loss: 0.0321348 
test_loss: 0.0357033 
train_loss: 0.028852 
test_loss: 0.0311577 
train_loss: 0.0288101 
test_loss: 0.0308027 
train_loss: 0.0299664 
test_loss: 0.0283806 
train_loss: 0.0254704 
test_loss: 0.0269764 
train_loss: 0.0260918 
test_loss: 0.0268973 
train_loss: 0.0244405 
test_loss: 0.0264941 
train_loss: 0.0235758 
test_loss: 0.0242807 
train_loss: 0.023616 
test_loss: 0.0236475 
train_loss: 0.025639 
test_loss: 0.0235809 
train_loss: 0.0224114 
test_loss: 0.0227887 
train_loss: 0.0217027 
test_loss: 0.023675 
train_loss: 0.0207846 
test_loss: 0.0209172 
train_loss: 0.0205129 
test_loss: 0.0222483 
train_loss: 0.0241672 
test_loss: 0.0212731 
train_loss: 0.0201686 
test_loss: 0.0199 
train_loss: 0.0184257 
test_loss: 0.01899 
train_loss: 0.0183149 
test_loss: 0.0190402 
train_loss: 0.0188846 
test_loss: 0.0189367 
train_loss: 0.0179937 
test_loss: 0.0182849 
train_loss: 0.0176568 
test_loss: 0.0184097 
train_loss: 0.0177469 
test_loss: 0.0184549 
train_loss: 0.0165789 
test_loss: 0.0178436 
train_loss: 0.016479 
test_loss: 0.0173156 
train_loss: 0.0161448 
test_loss: 0.017329 
train_loss: 0.0160013 
test_loss: 0.016968 
train_loss: 0.0178279 
test_loss: 0.0187448 
train_loss: 0.0153059 
test_loss: 0.0161917 
train_loss: 0.0157346 
test_loss: 0.0159649 
train_loss: 0.0148596 
test_loss: 0.0158074 
train_loss: 0.0161362 
test_loss: 0.0165957 
train_loss: 0.0153565 
test_loss: 0.0165706 
train_loss: 0.0164564 
test_loss: 0.0162304 
train_loss: 0.0141476 
test_loss: 0.0147433 
train_loss: 0.0146051 
test_loss: 0.0154436 
train_loss: 0.0143447 
test_loss: 0.0151171 
train_loss: 0.0139888 
test_loss: 0.0144884 
train_loss: 0.0143287 
test_loss: 0.0142842 
train_loss: 0.0130357 
test_loss: 0.0144423 
train_loss: 0.0141015 
test_loss: 0.0141687 
train_loss: 0.0141634 
test_loss: 0.0144548 
train_loss: 0.0143535 
test_loss: 0.0138217 
train_loss: 0.0133194 
test_loss: 0.0141241 
train_loss: 0.0126209 
test_loss: 0.0135444 
train_loss: 0.0138128 
test_loss: 0.0154681 
train_loss: 0.0121979 
test_loss: 0.0135573 
train_loss: 0.0130674 
test_loss: 0.0135859 
train_loss: 0.0127882 
test_loss: 0.0139452 
train_loss: 0.0127549 
test_loss: 0.0127153 
train_loss: 0.0123316 
test_loss: 0.0131814 
train_loss: 0.0130654 
test_loss: 0.0130102 
train_loss: 0.0115203 
test_loss: 0.0127484 
train_loss: 0.0126495 
test_loss: 0.0129677 
train_loss: 0.012231 
test_loss: 0.0126854 
train_loss: 0.0122561 
test_loss: 0.0126814 
train_loss: 0.0120484 
test_loss: 0.0126903 
train_loss: 0.012 
test_loss: 0.0122683 
train_loss: 0.0120733 
test_loss: 0.0124974 
train_loss: 0.011768 
test_loss: 0.0123906 
train_loss: 0.0115804 
test_loss: 0.0122662 
train_loss: 0.0111343 
test_loss: 0.0125986 
train_loss: 0.0114796 
test_loss: 0.0123373 
train_loss: 0.0116569 
test_loss: 0.0130542 
train_loss: 0.0119081 
test_loss: 0.0120963 
train_loss: 0.0112749 
test_loss: 0.0118857 
train_loss: 0.0112397 
test_loss: 0.0117841 
train_loss: 0.0116464 
test_loss: 0.0128023 
train_loss: 0.0110164 
test_loss: 0.0116635 
train_loss: 0.0107849 
test_loss: 0.012126 
train_loss: 0.0118169 
test_loss: 0.0130682 
train_loss: 0.0107007 
test_loss: 0.0117861 
train_loss: 0.011348 
test_loss: 0.0112205 
train_loss: 0.0112007 
test_loss: 0.0113041 
train_loss: 0.0107822 
test_loss: 0.0113774 
train_loss: 0.0114636 
test_loss: 0.0116523 
train_loss: 0.010499 
test_loss: 0.0115549 
train_loss: 0.0107944 
test_loss: 0.0112255 
train_loss: 0.011079 
test_loss: 0.0120334 
train_loss: 0.0108016 
test_loss: 0.0110548 
train_loss: 0.0107243 
test_loss: 0.0109935 
train_loss: 0.0117269 
test_loss: 0.0120859 
train_loss: 0.0106722 
test_loss: 0.0109727 
train_loss: 0.0111229 
test_loss: 0.0114576 
train_loss: 0.0113133 
test_loss: 0.0115658 
