train_loss: 0.102360 
test_loss: 0.103632 
train_loss: 0.093296 
test_loss: 0.094573 
train_loss: 0.076840 
test_loss: 0.080512 
train_loss: 0.069157 
test_loss: 0.070725 
train_loss: 0.066321 
test_loss: 0.065542 
train_loss: 0.063213 
test_loss: 0.063218 
train_loss: 0.062209 
test_loss: 0.061916 
train_loss: 0.061761 
test_loss: 0.061029 
train_loss: 0.057838 
test_loss: 0.059478 
train_loss: 0.055942 
test_loss: 0.057379 
train_loss: 0.054337 
test_loss: 0.056624 
train_loss: 0.053097 
test_loss: 0.053617 
train_loss: 0.049046 
test_loss: 0.050548 
train_loss: 0.047385 
test_loss: 0.047769 
train_loss: 0.046713 
test_loss: 0.045711 
train_loss: 0.041573 
test_loss: 0.043038 
train_loss: 0.041463 
test_loss: 0.041027 
train_loss: 0.037040 
test_loss: 0.038995 
train_loss: 0.040006 
test_loss: 0.037859 
train_loss: 0.034436 
test_loss: 0.036350 
train_loss: 0.034661 
test_loss: 0.034710 
train_loss: 0.035892 
test_loss: 0.034163 
train_loss: 0.032193 
test_loss: 0.033910 
train_loss: 0.032228 
test_loss: 0.032708 
train_loss: 0.032591 
test_loss: 0.031816 
train_loss: 0.029607 
test_loss: 0.030541 
train_loss: 0.028747 
test_loss: 0.030282 
train_loss: 0.028204 
test_loss: 0.029947 
train_loss: 0.027769 
test_loss: 0.029724 
train_loss: 0.028355 
test_loss: 0.029026 
train_loss: 0.028278 
test_loss: 0.028544 
train_loss: 0.028984 
test_loss: 0.029219 
train_loss: 0.026410 
test_loss: 0.028232 
train_loss: 0.026599 
test_loss: 0.027472 
train_loss: 0.026532 
test_loss: 0.027727 
train_loss: 0.027650 
test_loss: 0.027749 
train_loss: 0.025385 
test_loss: 0.026651 
train_loss: 0.026343 
test_loss: 0.026873 
train_loss: 0.023812 
test_loss: 0.026244 
train_loss: 0.025659 
test_loss: 0.025797 
train_loss: 0.023140 
test_loss: 0.026451 
train_loss: 0.026070 
test_loss: 0.026141 
train_loss: 0.025889 
test_loss: 0.025678 
train_loss: 0.021826 
test_loss: 0.025493 
train_loss: 0.023202 
test_loss: 0.024587 
train_loss: 0.025450 
test_loss: 0.024982 
train_loss: 0.024184 
test_loss: 0.024391 
train_loss: 0.025345 
test_loss: 0.025137 
train_loss: 0.026811 
test_loss: 0.024400 
train_loss: 0.022695 
test_loss: 0.024416 
train_loss: 0.024288 
test_loss: 0.024263 
train_loss: 0.023009 
test_loss: 0.024567 
train_loss: 0.022417 
test_loss: 0.024010 
train_loss: 0.023151 
test_loss: 0.023666 
train_loss: 0.021116 
test_loss: 0.023645 
train_loss: 0.023127 
test_loss: 0.024180 
train_loss: 0.024156 
test_loss: 0.023178 
train_loss: 0.022841 
test_loss: 0.023587 
train_loss: 0.022874 
test_loss: 0.022983 
train_loss: 0.021659 
test_loss: 0.023172 
train_loss: 0.021126 
test_loss: 0.022577 
train_loss: 0.023228 
test_loss: 0.022857 
train_loss: 0.021387 
test_loss: 0.022475 
train_loss: 0.021848 
test_loss: 0.022914 
train_loss: 0.021286 
test_loss: 0.023141 
train_loss: 0.022612 
test_loss: 0.022060 
train_loss: 0.022651 
test_loss: 0.022294 
train_loss: 0.020050 
test_loss: 0.021919 
train_loss: 0.022536 
test_loss: 0.022167 
train_loss: 0.021500 
test_loss: 0.021888 
train_loss: 0.020769 
test_loss: 0.021883 
train_loss: 0.021394 
test_loss: 0.022582 
train_loss: 0.019894 
test_loss: 0.022010 
train_loss: 0.021821 
test_loss: 0.022001 
train_loss: 0.021540 
test_loss: 0.022008 
train_loss: 0.021067 
test_loss: 0.021352 
train_loss: 0.020156 
test_loss: 0.021400 
train_loss: 0.022272 
test_loss: 0.021097 
train_loss: 0.019228 
test_loss: 0.021423 
train_loss: 0.021062 
test_loss: 0.021194 
train_loss: 0.020191 
test_loss: 0.020871 
train_loss: 0.021278 
test_loss: 0.020731 
train_loss: 0.019369 
test_loss: 0.020843 
train_loss: 0.019464 
test_loss: 0.020821 
train_loss: 0.019014 
test_loss: 0.020372 
train_loss: 0.020013 
test_loss: 0.021270 
train_loss: 0.019848 
test_loss: 0.021223 
train_loss: 0.018474 
test_loss: 0.020113 
train_loss: 0.020562 
test_loss: 0.019912 
train_loss: 0.019464 
test_loss: 0.020107 
train_loss: 0.018738 
test_loss: 0.020484 
train_loss: 0.019270 
test_loss: 0.020461 
train_loss: 0.018999 
test_loss: 0.020946 
train_loss: 0.019759 
test_loss: 0.020908 
train_loss: 0.018431 
test_loss: 0.020281 
train_loss: 0.020051 
test_loss: 0.020161 
train_loss: 0.019283 
test_loss: 0.020522 
train_loss: 0.019472 
test_loss: 0.019618 
train_loss: 0.019029 
test_loss: 0.019936 
train_loss: 0.018578 
test_loss: 0.019545 
train_loss: 0.018609 
test_loss: 0.019956 
train_loss: 0.018788 
test_loss: 0.020116 
train_loss: 0.018665 
test_loss: 0.019917 
train_loss: 0.019272 
test_loss: 0.019870 
train_loss: 0.019228 
test_loss: 0.019749 
train_loss: 0.018874 
test_loss: 0.019749 
train_loss: 0.019933 
test_loss: 0.019648 
train_loss: 0.018440 
test_loss: 0.019731 
train_loss: 0.018956 
test_loss: 0.019260 
train_loss: 0.019003 
test_loss: 0.018993 
train_loss: 0.019650 
test_loss: 0.019702 
train_loss: 0.020755 
test_loss: 0.019448 
train_loss: 0.018509 
test_loss: 0.019427 
train_loss: 0.018011 
test_loss: 0.019444 
train_loss: 0.019078 
test_loss: 0.019228 
train_loss: 0.017838 
test_loss: 0.019317 
train_loss: 0.020003 
test_loss: 0.019402 
train_loss: 0.018029 
test_loss: 0.019530 
train_loss: 0.016939 
test_loss: 0.018797 
train_loss: 0.017340 
test_loss: 0.018657 
train_loss: 0.017455 
test_loss: 0.018621 
train_loss: 0.018165 
test_loss: 0.018773 
train_loss: 0.017265 
test_loss: 0.018872 
train_loss: 0.019098 
test_loss: 0.018506 
train_loss: 0.018505 
test_loss: 0.019798 
train_loss: 0.017951 
test_loss: 0.018756 
train_loss: 0.018163 
test_loss: 0.018649 
train_loss: 0.017919 
test_loss: 0.018865 
train_loss: 0.017036 
test_loss: 0.018630 
train_loss: 0.018160 
test_loss: 0.018749 
train_loss: 0.018827 
test_loss: 0.018646 
