train_loss: 0.043120 
test_loss: 0.042443 
train_loss: 0.022163 
test_loss: 0.021724 
train_loss: 0.012562 
test_loss: 0.012203 
train_loss: 0.008229 
test_loss: 0.008695 
train_loss: 0.007777 
test_loss: 0.007685 
train_loss: 0.006438 
test_loss: 0.007574 
train_loss: 0.006045 
test_loss: 0.006284 
train_loss: 0.006397 
test_loss: 0.005138 
train_loss: 0.005150 
test_loss: 0.005658 
train_loss: 0.004932 
test_loss: 0.005913 
train_loss: 0.005053 
test_loss: 0.006777 
train_loss: 0.007512 
test_loss: 0.005017 
train_loss: 0.004852 
test_loss: 0.004902 
train_loss: 0.003865 
test_loss: 0.005454 
train_loss: 0.005580 
test_loss: 0.004766 
train_loss: 0.005820 
test_loss: 0.005050 
train_loss: 0.004180 
test_loss: 0.006231 
train_loss: 0.006514 
test_loss: 0.004739 
train_loss: 0.004589 
test_loss: 0.004310 
train_loss: 0.004710 
test_loss: 0.004171 
train_loss: 0.005555 
test_loss: 0.006077 
train_loss: 0.004574 
test_loss: 0.003888 
train_loss: 0.006739 
test_loss: 0.004529 
train_loss: 0.003813 
test_loss: 0.004209 
train_loss: 0.004123 
test_loss: 0.005407 
train_loss: 0.004569 
test_loss: 0.004317 
train_loss: 0.005323 
test_loss: 0.004135 
train_loss: 0.006091 
test_loss: 0.005526 
train_loss: 0.005863 
test_loss: 0.005409 
train_loss: 0.005223 
test_loss: 0.004141 
train_loss: 0.004294 
test_loss: 0.003670 
train_loss: 0.003994 
test_loss: 0.004269 
train_loss: 0.004102 
test_loss: 0.003461 
train_loss: 0.004358 
test_loss: 0.003976 
train_loss: 0.007100 
test_loss: 0.005530 
train_loss: 0.005727 
test_loss: 0.004574 
train_loss: 0.005716 
test_loss: 0.005517 
train_loss: 0.005146 
test_loss: 0.004357 
train_loss: 0.003516 
test_loss: 0.003242 
train_loss: 0.003626 
test_loss: 0.005174 
train_loss: 0.005848 
test_loss: 0.004600 
