train_loss: 2.00232 
test_loss: 2.03345 
train_loss: 1.99897 
test_loss: 1.99813 
train_loss: 1.99654 
test_loss: 1.99834 
train_loss: 1.99741 
test_loss: 2.14798 
train_loss: 0.482983 
test_loss: 0.480985 
train_loss: 0.483818 
test_loss: 0.484356 
train_loss: 0.487819 
test_loss: 0.484366 
train_loss: 0.483718 
test_loss: 0.484355 
train_loss: 0.487874 
test_loss: 0.48432 
train_loss: 0.484355 
test_loss: 0.48428 
train_loss: 0.481936 
test_loss: 0.48425 
train_loss: 0.481625 
test_loss: 0.484218 
train_loss: 0.480774 
test_loss: 0.484171 
train_loss: 0.482939 
test_loss: 0.484114 
train_loss: 0.482176 
test_loss: 0.484103 
train_loss: 0.482355 
test_loss: 0.484042 
train_loss: 0.482462 
test_loss: 0.484001 
train_loss: 0.493004 
test_loss: 0.48395 
train_loss: 0.485062 
test_loss: 0.483883 
train_loss: 0.474823 
test_loss: 0.48386 
train_loss: 0.487744 
test_loss: 0.483807 
train_loss: 0.477355 
test_loss: 0.48375 
train_loss: 0.488254 
test_loss: 0.483691 
train_loss: 0.483483 
test_loss: 0.483629 
train_loss: 0.478527 
test_loss: 0.483573 
train_loss: 0.484241 
test_loss: 0.483503 
train_loss: 0.478443 
test_loss: 0.483431 
train_loss: 0.47653 
test_loss: 0.483366 
train_loss: 0.483473 
test_loss: 0.48328 
train_loss: 0.480724 
test_loss: 0.483204 
train_loss: 0.485223 
test_loss: 0.483147 
train_loss: 0.484944 
test_loss: 0.48307 
train_loss: 0.482549 
test_loss: 0.482989 
train_loss: 0.491507 
test_loss: 0.482896 
train_loss: 0.478649 
test_loss: 0.482807 
train_loss: 0.483465 
test_loss: 0.482718 
train_loss: 0.481265 
test_loss: 0.482618 
train_loss: 0.489297 
test_loss: 0.482529 
train_loss: 0.484706 
test_loss: 0.482428 
train_loss: 0.479878 
test_loss: 0.482323 
train_loss: 0.47745 
test_loss: 0.482214 
train_loss: 0.486335 
test_loss: 0.482134 
train_loss: 0.485458 
test_loss: 0.482016 
train_loss: 0.481411 
test_loss: 0.481907 
train_loss: 0.475406 
test_loss: 0.481788 
train_loss: 0.479804 
test_loss: 0.481658 
train_loss: 0.484409 
test_loss: 0.481536 
train_loss: 0.474277 
test_loss: 0.481423 
train_loss: 0.481619 
test_loss: 0.481289 
train_loss: 0.48146 
test_loss: 0.481157 
train_loss: 0.483829 
test_loss: 0.481013 
train_loss: 0.481143 
test_loss: 0.480873 
train_loss: 0.471256 
test_loss: 0.480732 
train_loss: 0.482338 
test_loss: 0.480581 
train_loss: 0.481836 
test_loss: 0.480436 
train_loss: 0.480393 
test_loss: 0.480281 
train_loss: 0.481946 
test_loss: 0.480129 
train_loss: 0.483137 
test_loss: 0.479946 
train_loss: 0.476693 
test_loss: 0.479779 
train_loss: 0.480374 
test_loss: 0.479601 
train_loss: 0.477973 
test_loss: 0.47943 
train_loss: 0.480073 
test_loss: 0.479242 
train_loss: 0.486888 
test_loss: 0.479072 
train_loss: 0.471863 
test_loss: 0.478878 
train_loss: 0.47698 
test_loss: 0.478673 
train_loss: 0.480563 
test_loss: 0.478469 
train_loss: 0.480112 
test_loss: 0.478261 
train_loss: 0.478184 
test_loss: 0.478051 
train_loss: 0.477314 
test_loss: 0.477842 
train_loss: 0.477425 
test_loss: 0.477596 
train_loss: 0.481167 
test_loss: 0.477395 
train_loss: 0.477724 
test_loss: 0.477134 
train_loss: 0.482637 
test_loss: 0.476901 
train_loss: 0.480118 
test_loss: 0.476645 
train_loss: 0.479523 
test_loss: 0.476388 
train_loss: 0.474822 
test_loss: 0.476135 
train_loss: 0.474696 
test_loss: 0.475874 
train_loss: 0.480887 
test_loss: 0.475602 
train_loss: 0.476985 
test_loss: 0.475326 
train_loss: 0.473723 
test_loss: 0.475022 
train_loss: 0.479988 
test_loss: 0.474741 
train_loss: 0.479798 
test_loss: 0.474429 
train_loss: 0.478006 
test_loss: 0.474136 
train_loss: 0.471605 
test_loss: 0.473821 
train_loss: 0.475679 
test_loss: 0.473493 
train_loss: 0.468062 
test_loss: 0.473143 
train_loss: 0.4729 
test_loss: 0.472812 
train_loss: 0.478524 
test_loss: 0.472457 
train_loss: 0.466114 
test_loss: 0.472109 
train_loss: 0.468113 
test_loss: 0.471747 
train_loss: 0.473591 
test_loss: 0.471373 
train_loss: 0.475484 
test_loss: 0.470984 
train_loss: 0.467528 
test_loss: 0.470588 
train_loss: 0.472032 
test_loss: 0.470193 
train_loss: 0.466417 
test_loss: 0.469775 
train_loss: 0.466988 
test_loss: 0.469351 
train_loss: 0.473595 
test_loss: 0.468907 
train_loss: 0.464253 
test_loss: 0.468469 
train_loss: 0.469434 
test_loss: 0.468005 
train_loss: 0.473832 
test_loss: 0.467538 
train_loss: 0.467403 
test_loss: 0.467058 
train_loss: 0.46728 
test_loss: 0.466577 
train_loss: 0.465344 
test_loss: 0.466066 
train_loss: 0.46344 
test_loss: 0.465553 
train_loss: 0.461927 
test_loss: 0.465045 
train_loss: 0.462076 
test_loss: 0.464498 
train_loss: 0.461697 
test_loss: 0.463925 
train_loss: 0.471866 
test_loss: 0.463366 
train_loss: 0.466393 
test_loss: 0.462801 
train_loss: 0.46399 
test_loss: 0.462193 
train_loss: 0.462018 
test_loss: 0.461588 
train_loss: 0.459969 
test_loss: 0.46097 
train_loss: 0.453943 
test_loss: 0.460349 
train_loss: 0.462515 
test_loss: 0.459694 
train_loss: 0.466643 
test_loss: 0.45902 
train_loss: 0.454641 
test_loss: 0.458329 
train_loss: 0.453327 
test_loss: 0.457644 
train_loss: 0.463007 
test_loss: 0.456941 
train_loss: 0.454963 
test_loss: 0.456202 
train_loss: 0.451527 
test_loss: 0.455444 
train_loss: 0.450147 
test_loss: 0.454678 
train_loss: 0.457566 
test_loss: 0.4539 
train_loss: 0.452948 
test_loss: 0.45309 
train_loss: 0.456537 
test_loss: 0.452269 
train_loss: 0.454811 
test_loss: 0.451441 
train_loss: 0.450693 
test_loss: 0.450587 
train_loss: 0.444926 
test_loss: 0.449708 
train_loss: 0.444217 
test_loss: 0.448808 
train_loss: 0.45168 
test_loss: 0.447901 
train_loss: 0.450695 
test_loss: 0.446958 
train_loss: 0.446128 
test_loss: 0.445998 
train_loss: 0.444309 
test_loss: 0.44502 
train_loss: 0.446618 
test_loss: 0.44401 
train_loss: 0.443557 
test_loss: 0.442986 
train_loss: 0.441189 
test_loss: 0.441955 
train_loss: 0.437428 
test_loss: 0.44088 
train_loss: 0.444135 
test_loss: 0.439781 
train_loss: 0.432933 
test_loss: 0.438648 
train_loss: 0.431083 
test_loss: 0.437518 
train_loss: 0.431652 
test_loss: 0.436346 
train_loss: 0.436691 
test_loss: 0.435166 
train_loss: 0.439224 
test_loss: 0.433937 
train_loss: 0.433034 
test_loss: 0.432691 
train_loss: 0.431789 
test_loss: 0.431414 
train_loss: 0.431029 
test_loss: 0.430122 
train_loss: 0.430246 
test_loss: 0.428791 
train_loss: 0.428029 
test_loss: 0.427438 
train_loss: 0.424013 
test_loss: 0.426044 
train_loss: 0.424911 
test_loss: 0.424631 
train_loss: 0.424817 
test_loss: 0.423194 
train_loss: 0.419286 
test_loss: 0.42172 
train_loss: 0.421708 
test_loss: 0.420218 
train_loss: 0.420909 
test_loss: 0.418685 
train_loss: 0.419746 
test_loss: 0.417132 
train_loss: 0.415043 
test_loss: 0.41554 
train_loss: 0.412693 
test_loss: 0.413907 
train_loss: 0.410951 
test_loss: 0.412257 
train_loss: 0.411409 
test_loss: 0.410556 
train_loss: 0.413731 
test_loss: 0.408829 
train_loss: 0.409269 
test_loss: 0.407071 
train_loss: 0.408328 
test_loss: 0.405259 
train_loss: 0.397791 
test_loss: 0.403457 
train_loss: 0.401881 
test_loss: 0.401585 
train_loss: 0.400063 
test_loss: 0.399685 
train_loss: 0.395214 
test_loss: 0.397754 
train_loss: 0.389872 
test_loss: 0.395791 
train_loss: 0.400964 
test_loss: 0.393796 
train_loss: 0.393528 
test_loss: 0.391753 
train_loss: 0.389947 
test_loss: 0.389674 
train_loss: 0.387886 
test_loss: 0.38756 
train_loss: 0.390475 
test_loss: 0.385424 
train_loss: 0.384049 
test_loss: 0.383239 
train_loss: 0.378705 
test_loss: 0.381005 
train_loss: 0.381133 
test_loss: 0.378749 
train_loss: 0.3811 
test_loss: 0.376456 
train_loss: 0.372578 
test_loss: 0.374127 
train_loss: 0.371347 
test_loss: 0.371746 
train_loss: 0.370003 
test_loss: 0.369337 
train_loss: 0.371415 
test_loss: 0.366891 
train_loss: 0.366223 
test_loss: 0.364429 
train_loss: 0.36281 
test_loss: 0.36191 
train_loss: 0.361225 
test_loss: 0.359345 
train_loss: 0.357052 
test_loss: 0.356778 
train_loss: 0.348558 
test_loss: 0.354159 
train_loss: 0.351741 
test_loss: 0.351505 
train_loss: 0.347667 
test_loss: 0.348806 
train_loss: 0.344299 
test_loss: 0.346084 
train_loss: 0.346122 
test_loss: 0.343312 
train_loss: 0.343997 
test_loss: 0.340514 
train_loss: 0.337523 
test_loss: 0.337711 
train_loss: 0.335205 
test_loss: 0.334854 
train_loss: 0.326788 
test_loss: 0.331965 
train_loss: 0.331117 
test_loss: 0.329043 
train_loss: 0.327304 
test_loss: 0.326098 
train_loss: 0.324088 
test_loss: 0.323124 
train_loss: 0.321086 
test_loss: 0.320118 
train_loss: 0.31727 
test_loss: 0.317091 
train_loss: 0.311162 
test_loss: 0.314036 
train_loss: 0.31085 
test_loss: 0.310959 
train_loss: 0.306745 
test_loss: 0.307852 
train_loss: 0.30208 
test_loss: 0.304736 
train_loss: 0.302981 
test_loss: 0.301588 
train_loss: 0.29717 
test_loss: 0.298422 
train_loss: 0.295145 
test_loss: 0.295225 
train_loss: 0.289466 
test_loss: 0.292014 
train_loss: 0.289581 
test_loss: 0.288789 
train_loss: 0.284964 
test_loss: 0.285544 
train_loss: 0.28248 
test_loss: 0.282292 
train_loss: 0.276272 
test_loss: 0.279012 
train_loss: 0.271923 
test_loss: 0.275736 
train_loss: 0.271998 
test_loss: 0.272425 
train_loss: 0.268715 
test_loss: 0.26913 
train_loss: 0.264274 
test_loss: 0.265814 
train_loss: 0.265607 
test_loss: 0.262488 
train_loss: 0.258581 
test_loss: 0.259149 
train_loss: 0.25298 
test_loss: 0.255819 
train_loss: 0.250857 
test_loss: 0.252481 
train_loss: 0.24976 
test_loss: 0.249141 
train_loss: 0.24552 
test_loss: 0.245788 
train_loss: 0.241688 
test_loss: 0.242445 
train_loss: 0.235398 
test_loss: 0.239102 
train_loss: 0.238959 
test_loss: 0.235762 
train_loss: 0.227058 
test_loss: 0.232419 
train_loss: 0.227642 
test_loss: 0.229094 
train_loss: 0.224387 
test_loss: 0.225769 
train_loss: 0.221338 
test_loss: 0.222445 
train_loss: 0.220684 
test_loss: 0.219147 
train_loss: 0.216156 
test_loss: 0.215859 
train_loss: 0.212243 
test_loss: 0.212595 
train_loss: 0.211135 
test_loss: 0.209328 
train_loss: 0.207509 
test_loss: 0.206086 
train_loss: 0.200988 
test_loss: 0.202867 
train_loss: 0.196986 
test_loss: 0.199669 
train_loss: 0.195334 
test_loss: 0.196502 
train_loss: 0.194036 
test_loss: 0.193344 
train_loss: 0.189155 
test_loss: 0.190227 
train_loss: 0.185946 
test_loss: 0.187139 
train_loss: 0.183971 
test_loss: 0.184075 
train_loss: 0.182938 
test_loss: 0.181054 
train_loss: 0.17695 
test_loss: 0.178064 
train_loss: 0.175925 
test_loss: 0.17511 
train_loss: 0.171391 
test_loss: 0.172194 
train_loss: 0.169821 
test_loss: 0.169318 
train_loss: 0.165334 
test_loss: 0.166489 
train_loss: 0.163677 
test_loss: 0.163717 
train_loss: 0.160303 
test_loss: 0.160989 
train_loss: 0.159205 
test_loss: 0.158324 
train_loss: 0.156877 
test_loss: 0.155719 
train_loss: 0.152446 
test_loss: 0.153163 
train_loss: 0.15043 
test_loss: 0.150676 
train_loss: 0.149567 
test_loss: 0.148249 
train_loss: 0.145384 
test_loss: 0.145898 
train_loss: 0.142041 
test_loss: 0.143605 
train_loss: 0.14237 
test_loss: 0.141384 
train_loss: 0.138455 
test_loss: 0.139231 
train_loss: 0.136002 
test_loss: 0.137152 
train_loss: 0.134464 
test_loss: 0.135148 
train_loss: 0.130212 
test_loss: 0.133216 
train_loss: 0.129539 
test_loss: 0.131362 
train_loss: 0.129059 
test_loss: 0.129581 
train_loss: 0.129235 
test_loss: 0.127868 
train_loss: 0.124986 
test_loss: 0.126241 
train_loss: 0.123754 
test_loss: 0.124678 
train_loss: 0.123739 
test_loss: 0.123193 
train_loss: 0.122183 
test_loss: 0.121773 
train_loss: 0.118253 
test_loss: 0.120424 
train_loss: 0.118416 
test_loss: 0.119141 
train_loss: 0.11816 
test_loss: 0.117928 
train_loss: 0.118235 
test_loss: 0.116783 
train_loss: 0.115176 
test_loss: 0.115697 
train_loss: 0.115776 
test_loss: 0.114672 
train_loss: 0.1137 
test_loss: 0.113706 
train_loss: 0.113093 
test_loss: 0.112797 
train_loss: 0.110652 
test_loss: 0.111939 
train_loss: 0.110737 
test_loss: 0.111139 
train_loss: 0.109104 
test_loss: 0.110385 
train_loss: 0.109103 
test_loss: 0.109677 
train_loss: 0.108477 
test_loss: 0.10902 
train_loss: 0.109239 
test_loss: 0.108403 
train_loss: 0.107004 
test_loss: 0.10783 
train_loss: 0.108107 
test_loss: 0.107291 
train_loss: 0.10501 
test_loss: 0.106785 
train_loss: 0.105595 
test_loss: 0.106322 
train_loss: 0.105535 
test_loss: 0.105883 
train_loss: 0.104494 
test_loss: 0.105481 
train_loss: 0.105959 
test_loss: 0.105105 
train_loss: 0.104505 
test_loss: 0.104747 
train_loss: 0.103388 
test_loss: 0.104421 
train_loss: 0.105069 
test_loss: 0.104114 
train_loss: 0.103543 
test_loss: 0.103826 
train_loss: 0.102939 
test_loss: 0.103554 
train_loss: 0.102907 
test_loss: 0.103295 
train_loss: 0.102794 
test_loss: 0.103054 
train_loss: 0.102811 
test_loss: 0.102826 
train_loss: 0.101621 
test_loss: 0.102607 
train_loss: 0.10246 
test_loss: 0.102403 
train_loss: 0.101808 
test_loss: 0.102201 
train_loss: 0.101467 
test_loss: 0.102011 
train_loss: 0.10295 
test_loss: 0.101826 
train_loss: 0.100775 
test_loss: 0.101648 
train_loss: 0.101605 
test_loss: 0.101472 
train_loss: 0.102973 
test_loss: 0.1013 
train_loss: 0.0998966 
test_loss: 0.101139 
train_loss: 0.100155 
test_loss: 0.100974 
train_loss: 0.0998146 
test_loss: 0.100811 
train_loss: 0.0999954 
test_loss: 0.100657 
train_loss: 0.0996463 
test_loss: 0.1005 
train_loss: 0.0999275 
test_loss: 0.100347 
train_loss: 0.100469 
test_loss: 0.100192 
train_loss: 0.100926 
test_loss: 0.100038 
train_loss: 0.101202 
test_loss: 0.0998821 
train_loss: 0.0998132 
test_loss: 0.0997271 
train_loss: 0.0989632 
test_loss: 0.0995712 
train_loss: 0.0991838 
test_loss: 0.0994176 
train_loss: 0.0991072 
test_loss: 0.0992515 
train_loss: 0.0970557 
test_loss: 0.0990929 
train_loss: 0.0984229 
test_loss: 0.0989293 
train_loss: 0.0974464 
test_loss: 0.0987598 
train_loss: 0.0980438 
test_loss: 0.0985862 
train_loss: 0.0975703 
test_loss: 0.0984 
train_loss: 0.0981146 
test_loss: 0.0982113 
train_loss: 0.0972774 
test_loss: 0.0980072 
train_loss: 0.0979469 
test_loss: 0.0977959 
train_loss: 0.0977378 
test_loss: 0.0975706 
train_loss: 0.0969034 
test_loss: 0.0973232 
train_loss: 0.0978929 
test_loss: 0.0970523 
train_loss: 0.097534 
test_loss: 0.096759 
train_loss: 0.0968367 
test_loss: 0.0964342 
train_loss: 0.0962267 
test_loss: 0.0960843 
train_loss: 0.0957248 
test_loss: 0.095697 
train_loss: 0.093432 
test_loss: 0.0952809 
train_loss: 0.0949318 
test_loss: 0.0948317 
train_loss: 0.0932928 
test_loss: 0.0943519 
train_loss: 0.0930402 
test_loss: 0.0938585 
train_loss: 0.0945003 
test_loss: 0.0933422 
train_loss: 0.0932761 
test_loss: 0.0928101 
train_loss: 0.0926562 
test_loss: 0.0922637 
train_loss: 0.0935207 
test_loss: 0.0917161 
train_loss: 0.0918645 
test_loss: 0.0911573 
train_loss: 0.0903209 
test_loss: 0.0905902 
train_loss: 0.0915474 
test_loss: 0.0900047 
train_loss: 0.0892039 
test_loss: 0.0894097 
train_loss: 0.0892838 
test_loss: 0.0887942 
train_loss: 0.0875457 
test_loss: 0.0881481 
train_loss: 0.0869727 
test_loss: 0.0874778 
train_loss: 0.0865202 
test_loss: 0.0867907 
train_loss: 0.0850253 
test_loss: 0.0860681 
train_loss: 0.0859409 
test_loss: 0.0853217 
train_loss: 0.0861915 
test_loss: 0.0845485 
train_loss: 0.0844977 
test_loss: 0.0837429 
train_loss: 0.0824528 
test_loss: 0.0829175 
train_loss: 0.0814228 
test_loss: 0.0820617 
train_loss: 0.0820328 
test_loss: 0.0811779 
train_loss: 0.0799384 
test_loss: 0.0802874 
train_loss: 0.0799986 
test_loss: 0.0793818 
train_loss: 0.0785662 
test_loss: 0.078489 
train_loss: 0.0773571 
test_loss: 0.0775697 
train_loss: 0.076743 
test_loss: 0.076664 
train_loss: 0.0750521 
test_loss: 0.0757492 
train_loss: 0.0752159 
test_loss: 0.0747956 
train_loss: 0.0731982 
test_loss: 0.0738787 
train_loss: 0.0728593 
test_loss: 0.0729719 
train_loss: 0.0718109 
test_loss: 0.0721053 
train_loss: 0.071045 
test_loss: 0.0712475 
train_loss: 0.0706676 
test_loss: 0.0704534 
train_loss: 0.0697905 
test_loss: 0.0696939 
train_loss: 0.0685829 
test_loss: 0.0690292 
train_loss: 0.0687768 
test_loss: 0.0683624 
train_loss: 0.0670749 
test_loss: 0.0678085 
train_loss: 0.0673926 
test_loss: 0.0672932 
train_loss: 0.0665264 
test_loss: 0.0667808 
train_loss: 0.0667739 
test_loss: 0.0663724 
train_loss: 0.0652565 
test_loss: 0.0659119 
train_loss: 0.0652445 
test_loss: 0.0655624 
train_loss: 0.0646359 
test_loss: 0.0651926 
train_loss: 0.0648403 
test_loss: 0.0649271 
train_loss: 0.0645099 
test_loss: 0.0645383 
train_loss: 0.064388 
test_loss: 0.0643155 
train_loss: 0.0636259 
test_loss: 0.0639351 
train_loss: 0.0634006 
test_loss: 0.0636194 
train_loss: 0.0634032 
test_loss: 0.063363 
train_loss: 0.0627988 
test_loss: 0.0630159 
train_loss: 0.0626233 
test_loss: 0.0628052 
train_loss: 0.0620772 
test_loss: 0.0624707 
train_loss: 0.0621915 
test_loss: 0.0621347 
train_loss: 0.0612719 
test_loss: 0.0617944 
train_loss: 0.0614166 
test_loss: 0.0614872 
train_loss: 0.0608056 
test_loss: 0.0610943 
train_loss: 0.0606762 
test_loss: 0.0607743 
train_loss: 0.0599184 
test_loss: 0.0603148 
train_loss: 0.0593348 
test_loss: 0.0599775 
train_loss: 0.0587683 
test_loss: 0.0594263 
train_loss: 0.0578599 
test_loss: 0.0591208 
train_loss: 0.058992 
test_loss: 0.0585246 
train_loss: 0.0581759 
test_loss: 0.0580546 
train_loss: 0.0585491 
test_loss: 0.0573622 
train_loss: 0.0559451 
test_loss: 0.0566219 
train_loss: 0.0557928 
test_loss: 0.0559347 
train_loss: 0.0550781 
test_loss: 0.0552297 
train_loss: 0.0544183 
test_loss: 0.0544207 
train_loss: 0.053051 
test_loss: 0.0535468 
train_loss: 0.0516153 
test_loss: 0.0525209 
train_loss: 0.0508573 
test_loss: 0.0512928 
train_loss: 0.0495284 
test_loss: 0.0504388 
train_loss: 0.0484358 
test_loss: 0.0486424 
train_loss: 0.047002 
test_loss: 0.0480268 
train_loss: 0.0481507 
test_loss: 0.047064 
train_loss: 0.0451479 
test_loss: 0.0447736 
train_loss: 0.0438314 
test_loss: 0.0433999 
train_loss: 0.0410183 
test_loss: 0.0411426 
train_loss: 0.0403408 
test_loss: 0.0400336 
train_loss: 0.0431276 
test_loss: 0.0379626 
train_loss: 0.0368909 
test_loss: 0.0356616 
train_loss: 0.0332801 
test_loss: 0.0334357 
train_loss: 0.0314442 
test_loss: 0.0310059 
train_loss: 0.0283819 
test_loss: 0.0286542 
train_loss: 0.0270065 
test_loss: 0.027429 
train_loss: 0.038349 
test_loss: 0.0389727 
train_loss: 0.0233084 
test_loss: 0.0235031 
train_loss: 0.021642 
test_loss: 0.0216254 
train_loss: 0.0197792 
test_loss: 0.0194413 
train_loss: 0.0196453 
test_loss: 0.0185853 
train_loss: 0.0205574 
test_loss: 0.0311312 
train_loss: 0.0156265 
test_loss: 0.0175627 
train_loss: 0.014147 
test_loss: 0.013751 
train_loss: 0.0130106 
test_loss: 0.0132189 
train_loss: 0.0123896 
test_loss: 0.0125887 
train_loss: 0.0167158 
test_loss: 0.0177659 
train_loss: 0.0146457 
test_loss: 0.0127054 
train_loss: 0.0109576 
test_loss: 0.010658 
train_loss: 0.0100097 
test_loss: 0.0109 
train_loss: 0.00959888 
test_loss: 0.00931096 
train_loss: 0.009526 
test_loss: 0.0099548 
train_loss: 0.00998656 
test_loss: 0.00971709 
train_loss: 0.0092451 
test_loss: 0.00901162 
train_loss: 0.00902127 
test_loss: 0.00877919 
train_loss: 0.00883577 
test_loss: 0.00857193 
train_loss: 0.00800236 
test_loss: 0.00806591 
train_loss: 0.00822528 
test_loss: 0.00849291 
train_loss: 0.00784506 
test_loss: 0.0080155 
train_loss: 0.00808199 
test_loss: 0.00777272 
train_loss: 0.00785464 
test_loss: 0.00763391 
train_loss: 0.00803364 
test_loss: 0.00745026 
train_loss: 0.00801598 
test_loss: 0.00798856 
train_loss: 0.00749424 
test_loss: 0.00731754 
train_loss: 0.00793948 
test_loss: 0.00753805 
train_loss: 0.00756116 
test_loss: 0.00768569 
train_loss: 0.00693656 
test_loss: 0.00742699 
train_loss: 0.00661315 
test_loss: 0.00691562 
train_loss: 0.00710286 
test_loss: 0.00779571 
train_loss: 0.00716832 
test_loss: 0.00707289 
train_loss: 0.00692243 
test_loss: 0.00671582 
train_loss: 0.00671741 
test_loss: 0.00692019 
train_loss: 0.00689282 
test_loss: 0.0068426 
train_loss: 0.00670401 
test_loss: 0.00686337 
train_loss: 0.00627607 
test_loss: 0.0064183 
train_loss: 0.00650473 
test_loss: 0.00679014 
train_loss: 0.00710132 
test_loss: 0.00657329 
train_loss: 0.00635532 
test_loss: 0.0066015 
train_loss: 0.0064156 
test_loss: 0.00628501 
train_loss: 0.00670343 
test_loss: 0.00630646 
train_loss: 0.00644036 
test_loss: 0.00629947 
train_loss: 0.00674505 
test_loss: 0.0064739 
train_loss: 0.006475 
test_loss: 0.00623139 
train_loss: 0.00630845 
test_loss: 0.00620338 
train_loss: 0.00630509 
test_loss: 0.00653081 
train_loss: 0.00709276 
test_loss: 0.00708296 
train_loss: 0.0067545 
test_loss: 0.00654773 
train_loss: 0.00654679 
test_loss: 0.00630169 
train_loss: 0.00662788 
test_loss: 0.00655295 
train_loss: 0.00606486 
test_loss: 0.00630877 
train_loss: 0.00664279 
test_loss: 0.00607876 
train_loss: 0.00653706 
test_loss: 0.00643168 
train_loss: 0.00628921 
test_loss: 0.00632862 
train_loss: 0.00616367 
test_loss: 0.00607443 
train_loss: 0.00641254 
test_loss: 0.00600961 
train_loss: 0.00619278 
test_loss: 0.00605679 
train_loss: 0.00612034 
test_loss: 0.00610772 
train_loss: 0.00614177 
test_loss: 0.00597202 
train_loss: 0.00628904 
test_loss: 0.00614927 
train_loss: 0.00632556 
test_loss: 0.00663558 
