train_loss: 0.154207 
test_loss: 0.161597 
train_loss: 0.0931887 
test_loss: 0.0917409 
train_loss: 0.0540446 
test_loss: 0.0564944 
train_loss: 0.141228 
test_loss: 0.134181 
train_loss: 0.311497 
test_loss: 0.329024 
train_loss: 0.188432 
test_loss: 0.185542 
train_loss: 0.159989 
test_loss: 0.170006 
train_loss: 0.162721 
test_loss: 0.166124 
train_loss: 0.178721 
test_loss: 0.162676 
train_loss: 0.163031 
test_loss: 0.159119 
train_loss: 0.153921 
test_loss: 0.154057 
train_loss: 0.143701 
test_loss: 0.144312 
train_loss: 0.135156 
test_loss: 0.129407 
train_loss: 0.113371 
test_loss: 0.114923 
train_loss: 0.100641 
test_loss: 0.0990658 
train_loss: 0.0872037 
test_loss: 0.0846509 
train_loss: 0.0718798 
test_loss: 0.076726 
train_loss: 0.071342 
test_loss: 0.0717553 
train_loss: 0.0702025 
test_loss: 0.0730619 
train_loss: 0.0741855 
test_loss: 0.0696276 
train_loss: 0.0616568 
test_loss: 0.0646796 
train_loss: 0.0536759 
test_loss: 0.0602837 
train_loss: 0.0558823 
test_loss: 0.0545138 
train_loss: 0.0449583 
test_loss: 0.0486643 
train_loss: 0.0434825 
test_loss: 0.0416983 
train_loss: 0.037337 
test_loss: 0.037037 
train_loss: 0.0302357 
test_loss: 0.0339355 
train_loss: 0.0255464 
test_loss: 0.0289165 
train_loss: 0.0262026 
test_loss: 0.0254474 
train_loss: 0.0397625 
test_loss: 0.0277789 
train_loss: 0.0200416 
test_loss: 0.0236239 
train_loss: 0.0211161 
test_loss: 0.0224902 
train_loss: 0.0219489 
test_loss: 0.0219266 
train_loss: 0.023384 
test_loss: 0.021901 
train_loss: 0.0204763 
test_loss: 0.0203668 
train_loss: 0.0202938 
test_loss: 0.0194487 
train_loss: 0.0193107 
test_loss: 0.0200809 
train_loss: 0.0193932 
test_loss: 0.0200643 
train_loss: 0.0183026 
test_loss: 0.0188271 
train_loss: 0.0170844 
test_loss: 0.0184913 
train_loss: 0.0175235 
test_loss: 0.0173975 
train_loss: 0.0167943 
test_loss: 0.0176984 
train_loss: 0.0159164 
test_loss: 0.0172708 
train_loss: 0.0161867 
test_loss: 0.0184392 
train_loss: 0.0174995 
test_loss: 0.0158679 
train_loss: 0.0171298 
test_loss: 0.0162827 
train_loss: 0.014393 
test_loss: 0.0157031 
train_loss: 0.0137232 
test_loss: 0.0146305 
train_loss: 0.0132217 
test_loss: 0.0141942 
train_loss: 0.0137825 
test_loss: 0.014676 
train_loss: 0.0146514 
test_loss: 0.0140715 
train_loss: 0.0131348 
test_loss: 0.0139602 
train_loss: 0.0120988 
test_loss: 0.0131375 
train_loss: 0.0130898 
test_loss: 0.0130974 
train_loss: 0.0119601 
test_loss: 0.0130441 
train_loss: 0.010976 
test_loss: 0.0127216 
train_loss: 0.0123879 
test_loss: 0.0126257 
train_loss: 0.0105898 
test_loss: 0.0126949 
train_loss: 0.0120714 
test_loss: 0.0128891 
train_loss: 0.0103205 
test_loss: 0.0116731 
train_loss: 0.0109161 
test_loss: 0.0113979 
train_loss: 0.0106478 
test_loss: 0.0122109 
train_loss: 0.0103762 
test_loss: 0.0116002 
train_loss: 0.0115182 
test_loss: 0.0120864 
train_loss: 0.0106874 
test_loss: 0.0110337 
train_loss: 0.0107952 
test_loss: 0.0110799 
train_loss: 0.00981128 
test_loss: 0.010806 
train_loss: 0.0107175 
test_loss: 0.0110689 
train_loss: 0.0123919 
test_loss: 0.0111539 
train_loss: 0.0097025 
test_loss: 0.0105066 
train_loss: 0.00959001 
test_loss: 0.0103287 
train_loss: 0.01252 
test_loss: 0.0106042 
train_loss: 0.0107602 
test_loss: 0.011466 
train_loss: 0.00985671 
test_loss: 0.0103876 
train_loss: 0.00905162 
test_loss: 0.00980802 
train_loss: 0.00938128 
test_loss: 0.0100401 
train_loss: 0.00957697 
test_loss: 0.0103857 
train_loss: 0.0096837 
test_loss: 0.010227 
train_loss: 0.0102794 
test_loss: 0.0103909 
train_loss: 0.0099517 
test_loss: 0.00998931 
train_loss: 0.00981417 
test_loss: 0.0101156 
train_loss: 0.0103413 
test_loss: 0.0110198 
train_loss: 0.00949217 
test_loss: 0.00960003 
train_loss: 0.00923458 
test_loss: 0.0101151 
train_loss: 0.00955895 
test_loss: 0.00959148 
train_loss: 0.00897832 
test_loss: 0.00947801 
train_loss: 0.00931742 
test_loss: 0.00941619 
train_loss: 0.00965717 
test_loss: 0.00976492 
train_loss: 0.00872073 
test_loss: 0.00942793 
train_loss: 0.00825608 
test_loss: 0.00891414 
train_loss: 0.00896229 
test_loss: 0.0101073 
