train_loss: 0.083849 
test_loss: 0.082292 
train_loss: 0.065197 
test_loss: 0.064972 
train_loss: 0.056515 
test_loss: 0.056149 
train_loss: 0.040883 
test_loss: 0.040567 
train_loss: 0.029750 
test_loss: 0.029606 
train_loss: 0.022839 
test_loss: 0.023780 
train_loss: 0.019846 
test_loss: 0.019270 
train_loss: 0.018389 
test_loss: 0.017531 
train_loss: 0.015244 
test_loss: 0.015753 
train_loss: 0.014542 
test_loss: 0.014110 
train_loss: 0.013248 
test_loss: 0.013844 
train_loss: 0.012173 
test_loss: 0.013034 
train_loss: 0.011947 
test_loss: 0.012006 
train_loss: 0.011324 
test_loss: 0.011946 
train_loss: 0.011407 
test_loss: 0.011143 
train_loss: 0.010739 
test_loss: 0.010692 
train_loss: 0.010400 
test_loss: 0.010888 
train_loss: 0.010532 
test_loss: 0.010300 
train_loss: 0.009763 
test_loss: 0.009923 
train_loss: 0.009677 
test_loss: 0.010156 
train_loss: 0.009102 
test_loss: 0.009378 
train_loss: 0.010281 
test_loss: 0.009922 
train_loss: 0.009538 
test_loss: 0.010095 
train_loss: 0.008965 
test_loss: 0.009892 
train_loss: 0.009006 
test_loss: 0.008972 
train_loss: 0.008873 
test_loss: 0.009369 
train_loss: 0.008370 
test_loss: 0.008715 
train_loss: 0.008876 
test_loss: 0.008984 
train_loss: 0.008057 
test_loss: 0.008582 
train_loss: 0.008052 
test_loss: 0.008568 
train_loss: 0.008413 
test_loss: 0.008730 
train_loss: 0.009008 
test_loss: 0.008581 
train_loss: 0.007680 
test_loss: 0.008037 
train_loss: 0.007921 
test_loss: 0.008145 
train_loss: 0.007725 
test_loss: 0.007635 
train_loss: 0.008118 
test_loss: 0.008456 
train_loss: 0.007437 
test_loss: 0.007718 
train_loss: 0.007520 
test_loss: 0.007786 
train_loss: 0.007604 
test_loss: 0.008024 
train_loss: 0.007626 
test_loss: 0.007814 
train_loss: 0.007299 
test_loss: 0.007476 
train_loss: 0.007214 
test_loss: 0.007392 
train_loss: 0.007223 
test_loss: 0.007723 
train_loss: 0.007331 
test_loss: 0.007300 
train_loss: 0.007386 
test_loss: 0.007253 
train_loss: 0.007402 
test_loss: 0.007597 
train_loss: 0.007381 
test_loss: 0.007553 
train_loss: 0.007090 
test_loss: 0.007280 
train_loss: 0.007021 
test_loss: 0.007243 
train_loss: 0.006821 
test_loss: 0.007269 
train_loss: 0.007294 
test_loss: 0.007263 
train_loss: 0.007095 
test_loss: 0.006993 
train_loss: 0.007098 
test_loss: 0.007492 
train_loss: 0.006730 
test_loss: 0.007163 
train_loss: 0.007260 
test_loss: 0.007188 
train_loss: 0.006814 
test_loss: 0.007286 
train_loss: 0.007133 
test_loss: 0.006881 
train_loss: 0.006818 
test_loss: 0.007088 
train_loss: 0.006443 
test_loss: 0.007171 
train_loss: 0.006807 
test_loss: 0.007108 
train_loss: 0.006855 
test_loss: 0.006862 
train_loss: 0.007038 
test_loss: 0.006940 
train_loss: 0.006558 
test_loss: 0.006736 
train_loss: 0.006707 
test_loss: 0.006625 
train_loss: 0.006510 
test_loss: 0.006918 
train_loss: 0.006665 
test_loss: 0.007120 
train_loss: 0.006864 
test_loss: 0.006575 
train_loss: 0.006455 
test_loss: 0.006456 
train_loss: 0.006471 
test_loss: 0.006495 
train_loss: 0.006668 
test_loss: 0.006690 
train_loss: 0.006461 
test_loss: 0.006925 
