train_loss: 0.044294 
test_loss: 0.043815 
train_loss: 0.023681 
test_loss: 0.022854 
train_loss: 0.012218 
test_loss: 0.012179 
train_loss: 0.008920 
test_loss: 0.008588 
train_loss: 0.007481 
test_loss: 0.007848 
train_loss: 0.007527 
test_loss: 0.007982 
train_loss: 0.007514 
test_loss: 0.006495 
train_loss: 0.005156 
test_loss: 0.005865 
train_loss: 0.005654 
test_loss: 0.005188 
train_loss: 0.007064 
test_loss: 0.006196 
train_loss: 0.005554 
test_loss: 0.005409 
train_loss: 0.005264 
test_loss: 0.004727 
train_loss: 0.004615 
test_loss: 0.006119 
train_loss: 0.004767 
test_loss: 0.004439 
train_loss: 0.004784 
test_loss: 0.004924 
train_loss: 0.005445 
test_loss: 0.005331 
train_loss: 0.004127 
test_loss: 0.004383 
train_loss: 0.004090 
test_loss: 0.005243 
train_loss: 0.005166 
test_loss: 0.004086 
train_loss: 0.004554 
test_loss: 0.004808 
train_loss: 0.004756 
test_loss: 0.003859 
train_loss: 0.003366 
test_loss: 0.004533 
train_loss: 0.006384 
test_loss: 0.004647 
train_loss: 0.004146 
test_loss: 0.004966 
train_loss: 0.004059 
test_loss: 0.004863 
train_loss: 0.004820 
test_loss: 0.003925 
train_loss: 0.004106 
test_loss: 0.003743 
train_loss: 0.004294 
test_loss: 0.004428 
train_loss: 0.004541 
test_loss: 0.003505 
train_loss: 0.003212 
test_loss: 0.003396 
train_loss: 0.003912 
test_loss: 0.004291 
