train_loss: 0.161564 
test_loss: 0.15514 
train_loss: 0.0568094 
test_loss: 0.0569146 
train_loss: 0.0495565 
test_loss: 0.0492986 
train_loss: 0.0447736 
test_loss: 0.0448268 
train_loss: 0.0397526 
test_loss: 0.0395575 
train_loss: 0.0335023 
test_loss: 0.033212 
train_loss: 0.0259085 
test_loss: 0.0260765 
train_loss: 0.019724 
test_loss: 0.0194299 
train_loss: 0.0145854 
test_loss: 0.0143323 
train_loss: 0.0115423 
test_loss: 0.0112377 
train_loss: 0.00906706 
test_loss: 0.00919308 
train_loss: 0.00800742 
test_loss: 0.00804922 
train_loss: 0.00704303 
test_loss: 0.00698888 
train_loss: 0.00652898 
test_loss: 0.0062186 
train_loss: 0.00654784 
test_loss: 0.0063658 
train_loss: 0.00620183 
test_loss: 0.00622944 
train_loss: 0.00496965 
test_loss: 0.00559346 
train_loss: 0.00483373 
test_loss: 0.00475217 
train_loss: 0.00432345 
test_loss: 0.00457802 
train_loss: 0.00479786 
test_loss: 0.0048503 
train_loss: 0.00454844 
test_loss: 0.00414844 
train_loss: 0.00446073 
test_loss: 0.00392835 
train_loss: 0.00421252 
test_loss: 0.00434317 
train_loss: 0.0035667 
test_loss: 0.00414231 
train_loss: 0.00359791 
test_loss: 0.00343324 
train_loss: 0.00378029 
test_loss: 0.00433095 
train_loss: 0.00350327 
test_loss: 0.00418118 
train_loss: 0.00336221 
test_loss: 0.00325911 
train_loss: 0.00370397 
test_loss: 0.00409938 
train_loss: 0.00366282 
test_loss: 0.00338061 
train_loss: 0.00390189 
test_loss: 0.00296022 
train_loss: 0.00334033 
test_loss: 0.00388236 
train_loss: 0.00297462 
test_loss: 0.00355729 
train_loss: 0.0034962 
test_loss: 0.0035444 
train_loss: 0.00329298 
test_loss: 0.00292432 
train_loss: 0.0031361 
test_loss: 0.0033877 
train_loss: 0.00309853 
test_loss: 0.00313668 
train_loss: 0.0028758 
test_loss: 0.00311018 
train_loss: 0.00307726 
test_loss: 0.00350203 
train_loss: 0.00341463 
test_loss: 0.00334349 
train_loss: 0.00262428 
test_loss: 0.00335702 
