train_loss: 8.29186 
test_loss: 7.14316 
train_loss: 3.30893 
test_loss: 4.04575 
train_loss: 2.31429 
test_loss: 2.38959 
train_loss: 1.11483 
test_loss: 1.56315 
train_loss: 1.0756 
test_loss: 1.28856 
train_loss: 1.0102 
test_loss: 1.0982 
train_loss: 0.88752 
test_loss: 0.973127 
train_loss: 0.935801 
test_loss: 0.882641 
train_loss: 0.935326 
test_loss: 0.808524 
train_loss: 0.614734 
test_loss: 0.757222 
train_loss: 0.620816 
test_loss: 0.693016 
train_loss: 0.558963 
test_loss: 0.648582 
train_loss: 0.596157 
test_loss: 0.619211 
train_loss: 0.526921 
test_loss: 0.586453 
train_loss: 2.00449 
test_loss: 0.56871 
train_loss: 0.533228 
test_loss: 0.539841 
train_loss: 0.434471 
test_loss: 0.524652 
train_loss: 0.336597 
test_loss: 0.501155 
train_loss: 0.475204 
test_loss: 0.483104 
train_loss: 1.66401 
test_loss: 0.471631 
train_loss: 0.52969 
test_loss: 0.464262 
train_loss: 0.267155 
test_loss: 0.454818 
train_loss: 0.511484 
test_loss: 0.465349 
train_loss: 0.399466 
test_loss: 0.427011 
train_loss: 0.414565 
test_loss: 0.416105 
train_loss: 0.333086 
test_loss: 0.411721 
train_loss: 0.320142 
test_loss: 0.443646 
train_loss: 0.359598 
test_loss: 0.397653 
train_loss: 0.328709 
test_loss: 0.398812 
train_loss: 0.305693 
test_loss: 0.379556 
train_loss: 0.460705 
test_loss: 0.392263 
train_loss: 0.865641 
test_loss: 0.377188 
train_loss: 0.350457 
test_loss: 0.378423 
train_loss: 0.296115 
test_loss: 0.364471 
train_loss: 0.278458 
test_loss: 0.350196 
train_loss: 0.300961 
test_loss: 0.346425 
train_loss: 0.384632 
test_loss: 0.396472 
train_loss: 0.249585 
test_loss: 0.337649 
train_loss: 0.256981 
test_loss: 0.384086 
train_loss: 0.703935 
test_loss: 0.341345 
train_loss: 0.603756 
test_loss: 0.599043 
