train_loss: 0.071224 
test_loss: 0.069142 
train_loss: 0.055371 
test_loss: 0.062573 
train_loss: 0.051956 
test_loss: 0.061266 
train_loss: 0.058893 
test_loss: 0.060586 
train_loss: 0.054252 
test_loss: 0.061060 
train_loss: 0.069095 
test_loss: 0.060298 
train_loss: 0.052322 
test_loss: 0.060152 
train_loss: 0.050296 
test_loss: 0.060237 
train_loss: 0.055726 
test_loss: 0.059803 
train_loss: 0.064688 
test_loss: 0.060026 
train_loss: 0.052336 
test_loss: 0.059573 
train_loss: 0.053091 
test_loss: 0.060093 
train_loss: 0.056364 
test_loss: 0.059981 
train_loss: 0.067247 
test_loss: 0.059709 
train_loss: 0.063726 
test_loss: 0.059597 
train_loss: 0.049316 
test_loss: 0.059030 
train_loss: 0.051041 
test_loss: 0.059204 
train_loss: 0.056708 
test_loss: 0.058988 
train_loss: 0.061296 
test_loss: 0.058819 
train_loss: 0.072060 
test_loss: 0.059092 
train_loss: 0.061016 
test_loss: 0.058718 
train_loss: 0.054319 
test_loss: 0.059054 
train_loss: 0.065308 
test_loss: 0.059145 
train_loss: 0.054166 
test_loss: 0.059160 
train_loss: 0.057807 
test_loss: 0.058640 
train_loss: 0.061461 
test_loss: 0.059124 
train_loss: 0.061988 
test_loss: 0.059179 
train_loss: 0.055428 
test_loss: 0.058877 
train_loss: 0.056971 
test_loss: 0.059335 
train_loss: 0.059652 
test_loss: 0.058861 
train_loss: 0.057952 
test_loss: 0.058434 
train_loss: 0.052995 
test_loss: 0.058472 
train_loss: 0.057573 
test_loss: 0.059055 
train_loss: 0.074512 
test_loss: 0.058844 
train_loss: 0.059006 
test_loss: 0.058662 
train_loss: 0.058221 
test_loss: 0.058121 
train_loss: 0.052332 
test_loss: 0.058528 
train_loss: 0.056174 
test_loss: 0.058954 
train_loss: 0.054315 
test_loss: 0.058521 
train_loss: 0.056102 
test_loss: 0.058529 
train_loss: 0.070415 
test_loss: 0.057349 
train_loss: 0.053302 
test_loss: 0.056947 
train_loss: 0.049245 
test_loss: 0.055522 
train_loss: 0.058141 
test_loss: 0.054830 
train_loss: 0.053332 
test_loss: 0.054194 
train_loss: 0.057041 
test_loss: 0.054100 
train_loss: 0.060886 
test_loss: 0.053794 
train_loss: 0.058592 
test_loss: 0.053710 
train_loss: 0.054207 
test_loss: 0.053449 
train_loss: 0.055064 
test_loss: 0.053115 
train_loss: 0.051614 
test_loss: 0.052555 
train_loss: 0.047862 
test_loss: 0.051595 
train_loss: 0.052345 
test_loss: 0.051056 
train_loss: 0.047847 
test_loss: 0.050807 
train_loss: 0.051037 
test_loss: 0.050843 
train_loss: 0.043999 
test_loss: 0.050829 
train_loss: 0.049617 
test_loss: 0.050645 
train_loss: 0.052226 
test_loss: 0.050545 
train_loss: 0.052922 
test_loss: 0.050493 
train_loss: 0.052064 
test_loss: 0.050488 
train_loss: 0.057558 
test_loss: 0.050619 
train_loss: 0.046279 
test_loss: 0.050739 
train_loss: 0.047708 
test_loss: 0.050477 
train_loss: 0.049731 
test_loss: 0.050475 
train_loss: 0.043810 
test_loss: 0.050085 
train_loss: 0.045520 
test_loss: 0.050434 
train_loss: 0.051398 
test_loss: 0.050230 
train_loss: 0.046257 
test_loss: 0.050244 
train_loss: 0.050407 
test_loss: 0.050430 
train_loss: 0.048052 
test_loss: 0.049907 
train_loss: 0.049166 
test_loss: 0.050022 
train_loss: 0.045547 
test_loss: 0.049506 
train_loss: 0.047778 
test_loss: 0.048666 
train_loss: 0.047180 
test_loss: 0.048117 
train_loss: 0.040118 
test_loss: 0.046127 
train_loss: 0.041530 
test_loss: 0.044652 
train_loss: 0.043995 
test_loss: 0.044663 
train_loss: 0.041055 
test_loss: 0.044553 
train_loss: 0.043433 
test_loss: 0.044199 
train_loss: 0.040654 
test_loss: 0.043525 
train_loss: 0.037226 
test_loss: 0.043265 
train_loss: 0.042874 
test_loss: 0.042759 
train_loss: 0.043149 
test_loss: 0.041861 
train_loss: 0.038523 
test_loss: 0.041281 
train_loss: 0.040159 
test_loss: 0.040717 
train_loss: 0.044201 
test_loss: 0.040164 
train_loss: 0.037053 
test_loss: 0.039534 
train_loss: 0.038039 
test_loss: 0.039055 
train_loss: 0.037948 
test_loss: 0.038453 
train_loss: 0.041356 
test_loss: 0.038261 
train_loss: 0.037225 
test_loss: 0.037942 
train_loss: 0.040648 
test_loss: 0.037712 
train_loss: 0.034413 
test_loss: 0.037143 
train_loss: 0.036825 
test_loss: 0.037238 
train_loss: 0.033615 
test_loss: 0.037117 
train_loss: 0.034229 
test_loss: 0.036076 
train_loss: 0.036294 
test_loss: 0.035400 
train_loss: 0.032118 
test_loss: 0.035238 
train_loss: 0.034997 
test_loss: 0.034565 
train_loss: 0.034987 
test_loss: 0.033873 
train_loss: 0.031278 
test_loss: 0.033772 
train_loss: 0.040620 
test_loss: 0.033548 
train_loss: 0.031051 
test_loss: 0.033062 
train_loss: 0.026437 
test_loss: 0.032207 
train_loss: 0.037416 
test_loss: 0.031972 
train_loss: 0.028749 
test_loss: 0.032069 
train_loss: 0.041309 
test_loss: 0.031382 
train_loss: 0.027488 
test_loss: 0.031140 
train_loss: 0.034156 
test_loss: 0.031640 
train_loss: 0.027858 
test_loss: 0.030446 
train_loss: 0.031855 
test_loss: 0.030044 
train_loss: 0.030804 
test_loss: 0.029898 
train_loss: 0.026599 
test_loss: 0.029515 
train_loss: 0.027685 
test_loss: 0.029483 
train_loss: 0.032601 
test_loss: 0.028867 
train_loss: 0.027914 
test_loss: 0.029019 
train_loss: 0.027032 
test_loss: 0.028598 
train_loss: 0.029342 
test_loss: 0.028435 
train_loss: 0.023929 
test_loss: 0.028155 
train_loss: 0.024095 
test_loss: 0.028084 
train_loss: 0.024808 
test_loss: 0.027812 
train_loss: 0.033282 
test_loss: 0.027894 
train_loss: 0.028611 
test_loss: 0.027991 
train_loss: 0.028706 
test_loss: 0.027102 
train_loss: 0.026133 
test_loss: 0.026849 
train_loss: 0.022977 
test_loss: 0.027296 
train_loss: 0.022604 
test_loss: 0.026605 
train_loss: 0.033589 
test_loss: 0.026386 
train_loss: 0.025537 
test_loss: 0.026586 
train_loss: 0.034003 
test_loss: 0.026734 
train_loss: 0.026120 
test_loss: 0.025970 
train_loss: 0.024518 
test_loss: 0.026164 
train_loss: 0.025758 
test_loss: 0.026069 
train_loss: 0.026263 
test_loss: 0.025412 
train_loss: 0.026809 
test_loss: 0.025673 
train_loss: 0.026315 
test_loss: 0.025334 
train_loss: 0.026705 
test_loss: 0.025395 
train_loss: 0.025952 
test_loss: 0.025323 
train_loss: 0.027949 
test_loss: 0.025205 
train_loss: 0.022991 
test_loss: 0.024991 
train_loss: 0.020885 
test_loss: 0.024893 
train_loss: 0.025165 
test_loss: 0.024877 
train_loss: 0.022527 
test_loss: 0.025340 
train_loss: 0.022238 
test_loss: 0.024437 
train_loss: 0.024892 
test_loss: 0.024724 
train_loss: 0.024489 
test_loss: 0.024619 
train_loss: 0.024168 
test_loss: 0.024465 
train_loss: 0.022322 
test_loss: 0.024282 
train_loss: 0.027461 
test_loss: 0.024273 
train_loss: 0.019879 
test_loss: 0.023977 
train_loss: 0.021636 
test_loss: 0.024070 
train_loss: 0.022312 
test_loss: 0.024251 
train_loss: 0.024181 
test_loss: 0.024189 
train_loss: 0.023532 
test_loss: 0.023792 
train_loss: 0.022006 
test_loss: 0.023635 
train_loss: 0.023408 
test_loss: 0.023868 
train_loss: 0.021973 
test_loss: 0.023973 
train_loss: 0.019396 
test_loss: 0.023575 
train_loss: 0.020171 
test_loss: 0.023376 
train_loss: 0.021968 
test_loss: 0.023163 
train_loss: 0.025703 
test_loss: 0.023043 
train_loss: 0.022541 
test_loss: 0.023226 
train_loss: 0.027481 
test_loss: 0.022934 
train_loss: 0.020758 
test_loss: 0.023162 
train_loss: 0.020168 
test_loss: 0.022307 
train_loss: 0.028892 
test_loss: 0.022141 
train_loss: 0.019412 
test_loss: 0.022156 
train_loss: 0.021597 
test_loss: 0.022033 
train_loss: 0.022167 
test_loss: 0.022177 
train_loss: 0.021562 
test_loss: 0.022016 
train_loss: 0.021007 
test_loss: 0.021577 
train_loss: 0.022295 
test_loss: 0.021635 
train_loss: 0.023680 
test_loss: 0.021501 
train_loss: 0.022469 
test_loss: 0.021356 
train_loss: 0.018088 
test_loss: 0.021347 
train_loss: 0.021129 
test_loss: 0.021129 
train_loss: 0.021441 
test_loss: 0.021166 
train_loss: 0.017781 
test_loss: 0.021265 
train_loss: 0.017108 
test_loss: 0.021085 
train_loss: 0.020979 
test_loss: 0.020778 
train_loss: 0.020700 
test_loss: 0.021027 
train_loss: 0.021892 
test_loss: 0.020489 
train_loss: 0.018955 
test_loss: 0.020559 
train_loss: 0.020905 
test_loss: 0.020171 
train_loss: 0.017790 
test_loss: 0.020488 
train_loss: 0.018039 
test_loss: 0.020527 
train_loss: 0.016741 
test_loss: 0.019867 
train_loss: 0.018657 
test_loss: 0.019818 
train_loss: 0.022960 
test_loss: 0.019730 
train_loss: 0.018300 
test_loss: 0.020164 
train_loss: 0.018427 
test_loss: 0.019752 
train_loss: 0.020581 
test_loss: 0.019425 
train_loss: 0.016481 
test_loss: 0.019499 
train_loss: 0.019747 
test_loss: 0.019458 
train_loss: 0.017596 
test_loss: 0.019545 
train_loss: 0.019037 
test_loss: 0.019146 
train_loss: 0.017507 
test_loss: 0.018955 
train_loss: 0.019050 
test_loss: 0.019385 
train_loss: 0.022471 
test_loss: 0.018751 
train_loss: 0.016347 
test_loss: 0.018851 
train_loss: 0.021147 
test_loss: 0.019080 
train_loss: 0.025433 
test_loss: 0.018739 
train_loss: 0.016682 
test_loss: 0.018531 
train_loss: 0.018527 
test_loss: 0.018134 
train_loss: 0.019535 
test_loss: 0.017966 
train_loss: 0.017489 
test_loss: 0.018587 
train_loss: 0.015211 
test_loss: 0.018170 
train_loss: 0.019032 
test_loss: 0.017969 
train_loss: 0.015128 
test_loss: 0.017716 
train_loss: 0.018406 
test_loss: 0.017522 
train_loss: 0.016342 
test_loss: 0.018331 
train_loss: 0.020164 
test_loss: 0.017488 
train_loss: 0.015292 
test_loss: 0.017610 
train_loss: 0.022418 
test_loss: 0.018168 
train_loss: 0.017014 
test_loss: 0.017542 
train_loss: 0.018388 
test_loss: 0.017467 
train_loss: 0.018228 
test_loss: 0.017163 
train_loss: 0.019378 
test_loss: 0.016999 
train_loss: 0.013426 
test_loss: 0.016944 
train_loss: 0.015120 
test_loss: 0.016731 
train_loss: 0.018928 
test_loss: 0.017505 
train_loss: 0.013489 
test_loss: 0.017086 
train_loss: 0.013507 
test_loss: 0.016618 
train_loss: 0.014501 
test_loss: 0.017021 
train_loss: 0.018769 
test_loss: 0.016597 
train_loss: 0.015920 
test_loss: 0.017039 
train_loss: 0.015339 
test_loss: 0.016945 
train_loss: 0.015647 
test_loss: 0.016773 
train_loss: 0.016506 
test_loss: 0.016415 
train_loss: 0.017039 
test_loss: 0.016428 
train_loss: 0.016017 
test_loss: 0.016653 
train_loss: 0.014722 
test_loss: 0.016684 
train_loss: 0.013822 
test_loss: 0.016539 
train_loss: 0.014352 
test_loss: 0.016134 
train_loss: 0.015559 
test_loss: 0.015993 
train_loss: 0.012811 
test_loss: 0.016150 
train_loss: 0.014907 
test_loss: 0.016310 
train_loss: 0.016703 
test_loss: 0.016174 
train_loss: 0.018229 
test_loss: 0.016281 
train_loss: 0.016315 
test_loss: 0.015975 
train_loss: 0.013119 
test_loss: 0.016026 
train_loss: 0.014497 
test_loss: 0.015852 
train_loss: 0.017301 
test_loss: 0.016314 
train_loss: 0.019833 
test_loss: 0.016084 
train_loss: 0.019025 
test_loss: 0.015716 
train_loss: 0.013613 
test_loss: 0.016086 
train_loss: 0.015314 
test_loss: 0.015743 
train_loss: 0.016219 
test_loss: 0.016054 
train_loss: 0.013614 
test_loss: 0.015621 
train_loss: 0.016050 
test_loss: 0.015827 
train_loss: 0.014049 
test_loss: 0.015810 
train_loss: 0.028112 
test_loss: 0.015612 
train_loss: 0.012614 
test_loss: 0.016034 
train_loss: 0.012678 
test_loss: 0.015151 
train_loss: 0.014938 
test_loss: 0.015608 
train_loss: 0.014305 
test_loss: 0.015482 
train_loss: 0.024258 
test_loss: 0.015482 
train_loss: 0.014407 
test_loss: 0.015469 
train_loss: 0.018074 
test_loss: 0.015042 
train_loss: 0.015092 
test_loss: 0.015837 
train_loss: 0.017505 
test_loss: 0.015751 
train_loss: 0.014010 
test_loss: 0.015376 
train_loss: 0.018924 
test_loss: 0.015453 
train_loss: 0.014661 
test_loss: 0.015114 
train_loss: 0.015854 
test_loss: 0.015221 
train_loss: 0.015613 
test_loss: 0.015240 
train_loss: 0.014059 
test_loss: 0.015150 
train_loss: 0.013496 
test_loss: 0.015061 
train_loss: 0.011975 
test_loss: 0.015239 
train_loss: 0.016331 
test_loss: 0.015245 
train_loss: 0.014519 
test_loss: 0.015064 
train_loss: 0.012321 
test_loss: 0.014918 
train_loss: 0.016451 
test_loss: 0.015073 
train_loss: 0.024978 
test_loss: 0.014927 
train_loss: 0.036723 
test_loss: 0.015364 
train_loss: 0.011203 
test_loss: 0.014920 
train_loss: 0.014830 
test_loss: 0.014611 
train_loss: 0.012422 
test_loss: 0.015024 
train_loss: 0.015043 
test_loss: 0.014947 
train_loss: 0.016165 
test_loss: 0.014769 
train_loss: 0.016855 
test_loss: 0.015260 
