train_loss: 0.56217 
test_loss: 0.562242 
train_loss: 0.561572 
test_loss: 0.56035 
train_loss: 0.555402 
test_loss: 0.560324 
train_loss: 0.559649 
test_loss: 0.560305 
train_loss: 0.563423 
test_loss: 0.560314 
train_loss: 0.563619 
test_loss: 0.560287 
train_loss: 0.561486 
test_loss: 0.560296 
train_loss: 0.5627 
test_loss: 0.560297 
train_loss: 0.566421 
test_loss: 0.560263 
train_loss: 0.560774 
test_loss: 0.560267 
train_loss: 0.567311 
test_loss: 0.560255 
train_loss: 0.565029 
test_loss: 0.560227 
train_loss: 0.559192 
test_loss: 0.560216 
train_loss: 0.566188 
test_loss: 0.560195 
train_loss: 0.561412 
test_loss: 0.560186 
train_loss: 0.567873 
test_loss: 0.560175 
train_loss: 0.565187 
test_loss: 0.560158 
train_loss: 0.562967 
test_loss: 0.560142 
train_loss: 0.55708 
test_loss: 0.560116 
train_loss: 0.553827 
test_loss: 0.560093 
train_loss: 0.556839 
test_loss: 0.560075 
train_loss: 0.557036 
test_loss: 0.560043 
train_loss: 0.565916 
test_loss: 0.560022 
train_loss: 0.563468 
test_loss: 0.559987 
train_loss: 0.560872 
test_loss: 0.559956 
train_loss: 0.560665 
test_loss: 0.559909 
train_loss: 0.560733 
test_loss: 0.559899 
train_loss: 0.564845 
test_loss: 0.55988 
train_loss: 0.564964 
test_loss: 0.559855 
train_loss: 0.553418 
test_loss: 0.559819 
train_loss: 0.562503 
test_loss: 0.559763 
train_loss: 0.568155 
test_loss: 0.559759 
train_loss: 0.565333 
test_loss: 0.559718 
train_loss: 0.563896 
test_loss: 0.559689 
train_loss: 0.56331 
test_loss: 0.559648 
train_loss: 0.570189 
test_loss: 0.5596 
train_loss: 0.561771 
test_loss: 0.559561 
train_loss: 0.56659 
test_loss: 0.559524 
train_loss: 0.560052 
test_loss: 0.559479 
train_loss: 0.567985 
test_loss: 0.559433 
train_loss: 0.564161 
test_loss: 0.559407 
train_loss: 0.553596 
test_loss: 0.559349 
train_loss: 0.564035 
test_loss: 0.559292 
train_loss: 0.566303 
test_loss: 0.559234 
train_loss: 0.561114 
test_loss: 0.559196 
train_loss: 0.55872 
test_loss: 0.559147 
train_loss: 0.557993 
test_loss: 0.559081 
train_loss: 0.558927 
test_loss: 0.559027 
train_loss: 0.558426 
test_loss: 0.558971 
train_loss: 0.562506 
test_loss: 0.558923 
train_loss: 0.56134 
test_loss: 0.558856 
train_loss: 0.562751 
test_loss: 0.558802 
train_loss: 0.55915 
test_loss: 0.558752 
train_loss: 0.559173 
test_loss: 0.558665 
train_loss: 0.566889 
test_loss: 0.558621 
train_loss: 0.565676 
test_loss: 0.558538 
train_loss: 0.560378 
test_loss: 0.558471 
train_loss: 0.559776 
test_loss: 0.558407 
train_loss: 0.561035 
test_loss: 0.558331 
train_loss: 0.563851 
test_loss: 0.558245 
train_loss: 0.558644 
test_loss: 0.558161 
train_loss: 0.563383 
test_loss: 0.558078 
train_loss: 0.566878 
test_loss: 0.558019 
train_loss: 0.557818 
test_loss: 0.557934 
train_loss: 0.559802 
test_loss: 0.557845 
train_loss: 0.562079 
test_loss: 0.557747 
train_loss: 0.559397 
test_loss: 0.557656 
train_loss: 0.56516 
test_loss: 0.557565 
train_loss: 0.562698 
test_loss: 0.557462 
train_loss: 0.556985 
test_loss: 0.557372 
train_loss: 0.555919 
test_loss: 0.557262 
train_loss: 0.5673 
test_loss: 0.557154 
train_loss: 0.560946 
test_loss: 0.557063 
train_loss: 0.55962 
test_loss: 0.556941 
train_loss: 0.569281 
test_loss: 0.556824 
train_loss: 0.55899 
test_loss: 0.5567 
train_loss: 0.547348 
test_loss: 0.556604 
train_loss: 0.558081 
test_loss: 0.556485 
train_loss: 0.559997 
test_loss: 0.556353 
train_loss: 0.56603 
test_loss: 0.556221 
train_loss: 0.552206 
test_loss: 0.556105 
train_loss: 0.559101 
test_loss: 0.555962 
train_loss: 0.552048 
test_loss: 0.555825 
train_loss: 0.553277 
test_loss: 0.555694 
train_loss: 0.562818 
test_loss: 0.555531 
train_loss: 0.552832 
test_loss: 0.55535 
train_loss: 0.56154 
test_loss: 0.555217 
train_loss: 0.558367 
test_loss: 0.55509 
train_loss: 0.560334 
test_loss: 0.554921 
train_loss: 0.553217 
test_loss: 0.554751 
train_loss: 0.548397 
test_loss: 0.554562 
train_loss: 0.55909 
test_loss: 0.554415 
train_loss: 0.558601 
test_loss: 0.554245 
train_loss: 0.559652 
test_loss: 0.554059 
train_loss: 0.560248 
test_loss: 0.553875 
train_loss: 0.555122 
test_loss: 0.553666 
train_loss: 0.553853 
test_loss: 0.553483 
train_loss: 0.551273 
test_loss: 0.553293 
train_loss: 0.55569 
test_loss: 0.553085 
train_loss: 0.555005 
test_loss: 0.55288 
train_loss: 0.541981 
test_loss: 0.552644 
train_loss: 0.557196 
test_loss: 0.552413 
train_loss: 0.543176 
test_loss: 0.552217 
train_loss: 0.551426 
test_loss: 0.551981 
train_loss: 0.555385 
test_loss: 0.55174 
train_loss: 0.548446 
test_loss: 0.551488 
train_loss: 0.554833 
test_loss: 0.551259 
train_loss: 0.561735 
test_loss: 0.550988 
train_loss: 0.549071 
test_loss: 0.550723 
train_loss: 0.552988 
test_loss: 0.550454 
train_loss: 0.560994 
test_loss: 0.550164 
train_loss: 0.541793 
test_loss: 0.549903 
train_loss: 0.548737 
test_loss: 0.549605 
train_loss: 0.548744 
test_loss: 0.549327 
train_loss: 0.546657 
test_loss: 0.548993 
train_loss: 0.548889 
test_loss: 0.548687 
train_loss: 0.550316 
test_loss: 0.548372 
train_loss: 0.550795 
test_loss: 0.548056 
train_loss: 0.544364 
test_loss: 0.547715 
train_loss: 0.548384 
test_loss: 0.547363 
train_loss: 0.553132 
test_loss: 0.547004 
train_loss: 0.551291 
test_loss: 0.546665 
train_loss: 0.552843 
test_loss: 0.5463 
train_loss: 0.549048 
test_loss: 0.545918 
train_loss: 0.537453 
test_loss: 0.545532 
train_loss: 0.55014 
test_loss: 0.545131 
train_loss: 0.547197 
test_loss: 0.544727 
train_loss: 0.548933 
test_loss: 0.544314 
train_loss: 0.551261 
test_loss: 0.543894 
train_loss: 0.544075 
test_loss: 0.543474 
train_loss: 0.548092 
test_loss: 0.543 
train_loss: 0.541893 
test_loss: 0.542566 
train_loss: 0.549837 
test_loss: 0.542091 
train_loss: 0.549151 
test_loss: 0.541626 
train_loss: 0.544247 
test_loss: 0.541136 
train_loss: 0.538949 
test_loss: 0.540632 
train_loss: 0.53651 
test_loss: 0.540119 
train_loss: 0.538342 
test_loss: 0.539586 
train_loss: 0.544394 
test_loss: 0.539054 
train_loss: 0.534763 
test_loss: 0.538496 
train_loss: 0.541324 
test_loss: 0.537925 
train_loss: 0.5384 
test_loss: 0.537357 
train_loss: 0.536727 
test_loss: 0.536768 
train_loss: 0.539409 
test_loss: 0.536167 
train_loss: 0.53821 
test_loss: 0.53555 
train_loss: 0.536434 
test_loss: 0.534931 
train_loss: 0.538758 
test_loss: 0.534266 
train_loss: 0.535411 
test_loss: 0.533619 
train_loss: 0.529013 
test_loss: 0.532937 
train_loss: 0.536744 
test_loss: 0.53225 
train_loss: 0.540225 
test_loss: 0.531539 
train_loss: 0.528411 
test_loss: 0.530818 
train_loss: 0.534447 
test_loss: 0.530088 
train_loss: 0.529012 
test_loss: 0.529324 
train_loss: 0.536462 
test_loss: 0.528565 
train_loss: 0.535092 
test_loss: 0.527798 
train_loss: 0.53284 
test_loss: 0.526983 
train_loss: 0.523418 
test_loss: 0.526154 
train_loss: 0.522157 
test_loss: 0.525321 
train_loss: 0.525722 
test_loss: 0.524463 
train_loss: 0.531149 
test_loss: 0.52357 
train_loss: 0.521667 
test_loss: 0.522701 
train_loss: 0.525824 
test_loss: 0.521791 
train_loss: 0.513726 
test_loss: 0.520865 
train_loss: 0.513279 
test_loss: 0.519931 
train_loss: 0.507675 
test_loss: 0.518962 
train_loss: 0.517014 
test_loss: 0.51799 
train_loss: 0.520569 
test_loss: 0.516984 
train_loss: 0.517102 
test_loss: 0.51594 
train_loss: 0.51987 
test_loss: 0.514934 
train_loss: 0.514016 
test_loss: 0.513852 
train_loss: 0.519023 
test_loss: 0.512752 
train_loss: 0.517201 
test_loss: 0.511673 
train_loss: 0.513074 
test_loss: 0.510558 
train_loss: 0.510378 
test_loss: 0.509428 
train_loss: 0.511678 
test_loss: 0.508251 
train_loss: 0.514918 
test_loss: 0.507097 
train_loss: 0.504931 
test_loss: 0.505897 
train_loss: 0.50744 
test_loss: 0.504667 
train_loss: 0.505997 
test_loss: 0.503436 
train_loss: 0.500456 
test_loss: 0.502181 
train_loss: 0.502658 
test_loss: 0.500895 
train_loss: 0.494926 
test_loss: 0.499564 
train_loss: 0.497376 
test_loss: 0.498275 
train_loss: 0.493135 
test_loss: 0.496929 
train_loss: 0.501085 
test_loss: 0.49556 
train_loss: 0.499296 
test_loss: 0.4942 
train_loss: 0.496322 
test_loss: 0.492782 
train_loss: 0.492884 
test_loss: 0.491362 
train_loss: 0.489635 
test_loss: 0.489912 
train_loss: 0.482871 
test_loss: 0.488435 
train_loss: 0.497217 
test_loss: 0.486934 
train_loss: 0.486769 
test_loss: 0.485407 
train_loss: 0.479566 
test_loss: 0.483853 
train_loss: 0.485574 
test_loss: 0.48228 
train_loss: 0.478853 
test_loss: 0.480678 
train_loss: 0.481124 
test_loss: 0.479042 
train_loss: 0.470899 
test_loss: 0.477386 
train_loss: 0.481963 
test_loss: 0.475693 
train_loss: 0.469362 
test_loss: 0.473993 
train_loss: 0.471244 
test_loss: 0.472227 
train_loss: 0.473875 
test_loss: 0.470459 
train_loss: 0.466442 
test_loss: 0.46862 
train_loss: 0.463463 
test_loss: 0.46679 
train_loss: 0.464989 
test_loss: 0.464902 
train_loss: 0.46054 
test_loss: 0.463005 
train_loss: 0.459952 
test_loss: 0.461052 
train_loss: 0.461151 
test_loss: 0.459068 
train_loss: 0.454152 
test_loss: 0.457043 
train_loss: 0.461999 
test_loss: 0.454971 
train_loss: 0.450963 
test_loss: 0.4529 
train_loss: 0.445135 
test_loss: 0.450755 
train_loss: 0.451869 
test_loss: 0.448598 
train_loss: 0.445933 
test_loss: 0.446374 
train_loss: 0.45021 
test_loss: 0.444123 
train_loss: 0.439954 
test_loss: 0.441843 
train_loss: 0.439905 
test_loss: 0.439507 
train_loss: 0.44117 
test_loss: 0.437147 
train_loss: 0.437803 
test_loss: 0.434725 
train_loss: 0.435223 
test_loss: 0.432271 
train_loss: 0.42407 
test_loss: 0.429783 
train_loss: 0.426779 
test_loss: 0.427218 
train_loss: 0.427111 
test_loss: 0.424644 
train_loss: 0.421618 
test_loss: 0.422025 
train_loss: 0.422085 
test_loss: 0.419347 
train_loss: 0.42135 
test_loss: 0.416629 
train_loss: 0.415339 
test_loss: 0.41386 
train_loss: 0.409437 
test_loss: 0.411043 
train_loss: 0.408359 
test_loss: 0.408171 
train_loss: 0.406696 
test_loss: 0.405245 
train_loss: 0.405521 
test_loss: 0.402279 
train_loss: 0.398662 
test_loss: 0.399263 
train_loss: 0.397786 
test_loss: 0.396172 
train_loss: 0.389153 
test_loss: 0.393044 
train_loss: 0.395307 
test_loss: 0.389855 
train_loss: 0.384891 
test_loss: 0.386623 
train_loss: 0.380876 
test_loss: 0.38331 
train_loss: 0.380365 
test_loss: 0.379958 
train_loss: 0.375704 
test_loss: 0.376539 
train_loss: 0.368046 
test_loss: 0.373058 
train_loss: 0.368124 
test_loss: 0.369515 
train_loss: 0.369342 
test_loss: 0.365904 
train_loss: 0.363489 
test_loss: 0.362231 
train_loss: 0.358641 
test_loss: 0.358477 
train_loss: 0.352554 
test_loss: 0.35467 
train_loss: 0.352641 
test_loss: 0.350797 
train_loss: 0.347473 
test_loss: 0.346841 
train_loss: 0.338662 
test_loss: 0.342828 
train_loss: 0.336226 
test_loss: 0.338729 
train_loss: 0.3299 
test_loss: 0.334588 
train_loss: 0.326087 
test_loss: 0.330393 
train_loss: 0.325277 
test_loss: 0.326157 
train_loss: 0.329217 
test_loss: 0.321867 
train_loss: 0.316768 
test_loss: 0.317567 
train_loss: 0.31728 
test_loss: 0.313233 
train_loss: 0.312439 
test_loss: 0.308883 
train_loss: 0.305399 
test_loss: 0.30453 
train_loss: 0.299642 
test_loss: 0.300178 
train_loss: 0.296948 
test_loss: 0.295843 
train_loss: 0.289597 
test_loss: 0.291493 
train_loss: 0.284295 
test_loss: 0.287162 
train_loss: 0.285057 
test_loss: 0.282838 
train_loss: 0.273764 
test_loss: 0.278495 
train_loss: 0.272235 
test_loss: 0.274146 
train_loss: 0.269384 
test_loss: 0.269772 
train_loss: 0.26562 
test_loss: 0.265377 
train_loss: 0.262492 
test_loss: 0.260961 
train_loss: 0.253391 
test_loss: 0.256509 
train_loss: 0.248058 
test_loss: 0.252041 
train_loss: 0.250369 
test_loss: 0.247535 
train_loss: 0.24257 
test_loss: 0.242984 
train_loss: 0.237363 
test_loss: 0.238431 
train_loss: 0.235581 
test_loss: 0.233838 
train_loss: 0.231441 
test_loss: 0.229227 
train_loss: 0.221433 
test_loss: 0.224587 
train_loss: 0.220573 
test_loss: 0.219944 
train_loss: 0.215029 
test_loss: 0.215287 
train_loss: 0.21641 
test_loss: 0.210629 
train_loss: 0.206352 
test_loss: 0.205963 
train_loss: 0.202545 
test_loss: 0.2013 
train_loss: 0.196184 
test_loss: 0.196643 
train_loss: 0.194055 
test_loss: 0.192002 
train_loss: 0.187916 
test_loss: 0.187394 
train_loss: 0.183958 
test_loss: 0.182806 
train_loss: 0.176827 
test_loss: 0.178249 
train_loss: 0.171469 
test_loss: 0.17374 
train_loss: 0.168661 
test_loss: 0.169294 
train_loss: 0.165372 
test_loss: 0.164885 
train_loss: 0.163671 
test_loss: 0.160566 
train_loss: 0.156481 
test_loss: 0.156298 
train_loss: 0.153264 
test_loss: 0.152117 
train_loss: 0.150855 
test_loss: 0.148006 
train_loss: 0.144876 
test_loss: 0.143978 
train_loss: 0.140414 
test_loss: 0.140036 
train_loss: 0.13632 
test_loss: 0.1362 
train_loss: 0.132423 
test_loss: 0.132458 
train_loss: 0.128579 
test_loss: 0.128811 
train_loss: 0.125884 
test_loss: 0.125273 
train_loss: 0.120973 
test_loss: 0.121827 
train_loss: 0.119779 
test_loss: 0.118482 
train_loss: 0.115535 
test_loss: 0.115245 
train_loss: 0.111216 
test_loss: 0.112116 
train_loss: 0.107831 
test_loss: 0.109092 
train_loss: 0.105393 
test_loss: 0.106189 
train_loss: 0.103235 
test_loss: 0.103391 
train_loss: 0.101424 
test_loss: 0.100719 
train_loss: 0.0985237 
test_loss: 0.0981621 
train_loss: 0.0951868 
test_loss: 0.0957352 
train_loss: 0.0935381 
test_loss: 0.0934379 
train_loss: 0.0915213 
test_loss: 0.0912672 
train_loss: 0.0905732 
test_loss: 0.0892341 
train_loss: 0.0869782 
test_loss: 0.0873322 
train_loss: 0.0855872 
test_loss: 0.0855554 
train_loss: 0.0837121 
test_loss: 0.0839023 
train_loss: 0.081711 
test_loss: 0.0823863 
train_loss: 0.0813147 
test_loss: 0.0809801 
train_loss: 0.0805571 
test_loss: 0.0797028 
train_loss: 0.0790614 
test_loss: 0.0785182 
train_loss: 0.0776966 
test_loss: 0.0774436 
train_loss: 0.0765037 
test_loss: 0.0764692 
train_loss: 0.0761052 
test_loss: 0.0755753 
train_loss: 0.0756987 
test_loss: 0.0747661 
train_loss: 0.0734703 
test_loss: 0.074024 
train_loss: 0.0741925 
test_loss: 0.0733614 
train_loss: 0.072904 
test_loss: 0.0727619 
train_loss: 0.0718996 
test_loss: 0.0722017 
train_loss: 0.0713411 
test_loss: 0.0717046 
train_loss: 0.0718549 
test_loss: 0.071256 
train_loss: 0.0710901 
test_loss: 0.0708377 
train_loss: 0.0702215 
test_loss: 0.0704614 
train_loss: 0.0695529 
test_loss: 0.0701117 
train_loss: 0.0711582 
test_loss: 0.0697851 
train_loss: 0.0706485 
test_loss: 0.0694833 
train_loss: 0.0694343 
test_loss: 0.0692059 
train_loss: 0.0690017 
test_loss: 0.0689411 
train_loss: 0.0674137 
test_loss: 0.0686919 
train_loss: 0.0679845 
test_loss: 0.0684648 
train_loss: 0.068766 
test_loss: 0.068226 
train_loss: 0.0686077 
test_loss: 0.0680169 
train_loss: 0.0690385 
test_loss: 0.0677991 
train_loss: 0.0675048 
test_loss: 0.0675913 
train_loss: 0.0672223 
test_loss: 0.0673994 
train_loss: 0.0677283 
test_loss: 0.0672014 
train_loss: 0.0666866 
test_loss: 0.0670115 
train_loss: 0.0671286 
test_loss: 0.0668141 
train_loss: 0.0676379 
test_loss: 0.0666206 
train_loss: 0.0654489 
test_loss: 0.0664153 
train_loss: 0.066793 
test_loss: 0.0662284 
train_loss: 0.0665671 
test_loss: 0.0660334 
train_loss: 0.0665319 
test_loss: 0.065845 
train_loss: 0.0659733 
test_loss: 0.0656383 
train_loss: 0.0651211 
test_loss: 0.0654363 
train_loss: 0.0652221 
test_loss: 0.065229 
train_loss: 0.0660967 
test_loss: 0.0650209 
train_loss: 0.0643745 
test_loss: 0.0648113 
train_loss: 0.0648161 
test_loss: 0.0646015 
train_loss: 0.0643837 
test_loss: 0.064394 
train_loss: 0.064847 
test_loss: 0.0641519 
train_loss: 0.0630103 
test_loss: 0.0639297 
train_loss: 0.0638207 
test_loss: 0.063704 
train_loss: 0.0621701 
test_loss: 0.0634711 
train_loss: 0.0633334 
test_loss: 0.0632533 
train_loss: 0.063285 
test_loss: 0.06299 
train_loss: 0.0622716 
test_loss: 0.0627448 
train_loss: 0.0630327 
test_loss: 0.0625202 
train_loss: 0.0629202 
test_loss: 0.0622518 
train_loss: 0.061275 
test_loss: 0.0620007 
train_loss: 0.0612009 
test_loss: 0.061739 
train_loss: 0.0624104 
test_loss: 0.0614656 
train_loss: 0.0612707 
test_loss: 0.0612032 
train_loss: 0.0599592 
test_loss: 0.0609363 
train_loss: 0.0602112 
test_loss: 0.0606362 
train_loss: 0.0593296 
test_loss: 0.0603397 
train_loss: 0.0600947 
test_loss: 0.0600245 
train_loss: 0.0597796 
test_loss: 0.0597022 
train_loss: 0.0597211 
test_loss: 0.0593546 
train_loss: 0.0596715 
test_loss: 0.0590327 
train_loss: 0.0594068 
test_loss: 0.0586844 
train_loss: 0.0577193 
test_loss: 0.0583536 
train_loss: 0.0573749 
test_loss: 0.0580309 
train_loss: 0.0571557 
test_loss: 0.057689 
train_loss: 0.0571693 
test_loss: 0.0572942 
train_loss: 0.0572234 
test_loss: 0.056925 
train_loss: 0.055707 
test_loss: 0.0565584 
train_loss: 0.0571935 
test_loss: 0.0561652 
train_loss: 0.0539101 
test_loss: 0.0557467 
train_loss: 0.0549854 
test_loss: 0.0553366 
train_loss: 0.0550332 
test_loss: 0.054878 
train_loss: 0.0552714 
test_loss: 0.0544187 
train_loss: 0.0539625 
test_loss: 0.0540038 
train_loss: 0.0521043 
test_loss: 0.0534636 
train_loss: 0.0519973 
test_loss: 0.0530106 
train_loss: 0.0524449 
test_loss: 0.0525218 
train_loss: 0.0507419 
test_loss: 0.051947 
train_loss: 0.0510343 
test_loss: 0.0514347 
train_loss: 0.0506981 
test_loss: 0.0508817 
train_loss: 0.0501042 
test_loss: 0.0503247 
train_loss: 0.0497451 
test_loss: 0.0497433 
train_loss: 0.0491373 
test_loss: 0.0491403 
train_loss: 0.0489141 
test_loss: 0.0485663 
train_loss: 0.0483648 
test_loss: 0.0479378 
train_loss: 0.0467099 
test_loss: 0.047299 
train_loss: 0.0463298 
test_loss: 0.0467165 
train_loss: 0.0464602 
test_loss: 0.0461151 
train_loss: 0.0459189 
test_loss: 0.0454336 
train_loss: 0.045147 
test_loss: 0.0447949 
train_loss: 0.0431396 
test_loss: 0.0441083 
train_loss: 0.0436498 
test_loss: 0.0434798 
train_loss: 0.0424418 
test_loss: 0.0429141 
train_loss: 0.0409619 
test_loss: 0.0424739 
train_loss: 0.0417028 
test_loss: 0.0416101 
train_loss: 0.04036 
test_loss: 0.0411284 
train_loss: 0.0405627 
test_loss: 0.0405691 
train_loss: 0.0398249 
test_loss: 0.0399103 
train_loss: 0.0385603 
test_loss: 0.0394057 
train_loss: 0.0392195 
test_loss: 0.0390753 
train_loss: 0.0383874 
test_loss: 0.0384887 
train_loss: 0.0371693 
test_loss: 0.0380526 
train_loss: 0.0377166 
test_loss: 0.0378703 
train_loss: 0.0371225 
test_loss: 0.037273 
train_loss: 0.0365762 
test_loss: 0.0369378 
train_loss: 0.0361795 
test_loss: 0.0365841 
train_loss: 0.0354061 
test_loss: 0.0362412 
train_loss: 0.036075 
test_loss: 0.0358448 
train_loss: 0.0356799 
test_loss: 0.0357599 
train_loss: 0.0348543 
test_loss: 0.0353833 
train_loss: 0.0345678 
test_loss: 0.0351498 
train_loss: 0.0344448 
test_loss: 0.0348496 
train_loss: 0.0348772 
test_loss: 0.0346803 
train_loss: 0.033676 
test_loss: 0.0344827 
train_loss: 0.0340336 
test_loss: 0.0342477 
train_loss: 0.0335537 
test_loss: 0.0341241 
train_loss: 0.0341248 
test_loss: 0.0341478 
train_loss: 0.0325286 
test_loss: 0.0338049 
train_loss: 0.0351129 
test_loss: 0.0335711 
train_loss: 0.0338018 
test_loss: 0.0335599 
train_loss: 0.0344662 
test_loss: 0.0334463 
train_loss: 0.0335928 
test_loss: 0.0332126 
train_loss: 0.0327494 
test_loss: 0.0330978 
train_loss: 0.0332106 
test_loss: 0.033108 
train_loss: 0.0324951 
test_loss: 0.0328295 
train_loss: 0.03285 
test_loss: 0.0328045 
train_loss: 0.0327579 
test_loss: 0.0329172 
train_loss: 0.0326296 
test_loss: 0.0325602 
train_loss: 0.0324449 
test_loss: 0.0326214 
train_loss: 0.0319915 
test_loss: 0.033139 
train_loss: 0.0319955 
test_loss: 0.032596 
train_loss: 0.0320082 
test_loss: 0.0324468 
train_loss: 0.0325359 
test_loss: 0.0321729 
train_loss: 0.0333115 
test_loss: 0.0324965 
train_loss: 0.0325899 
test_loss: 0.0321603 
train_loss: 0.0318363 
test_loss: 0.0319465 
train_loss: 0.0320652 
test_loss: 0.0319805 
train_loss: 0.0315688 
test_loss: 0.0318261 
train_loss: 0.0320332 
test_loss: 0.03178 
train_loss: 0.030869 
test_loss: 0.0319769 
train_loss: 0.0316372 
test_loss: 0.0316349 
train_loss: 0.0316287 
test_loss: 0.0318468 
train_loss: 0.0309471 
test_loss: 0.0315783 
train_loss: 0.0316067 
test_loss: 0.031631 
train_loss: 0.0314404 
test_loss: 0.0317616 
train_loss: 0.0304395 
test_loss: 0.0315539 
train_loss: 0.0311555 
test_loss: 0.0313523 
train_loss: 0.0312872 
test_loss: 0.0312759 
train_loss: 0.0305388 
test_loss: 0.0314518 
train_loss: 0.0321557 
test_loss: 0.0312091 
train_loss: 0.0321478 
test_loss: 0.0313505 
train_loss: 0.0317018 
test_loss: 0.0311496 
train_loss: 0.030723 
test_loss: 0.0311832 
train_loss: 0.0316551 
test_loss: 0.030959 
train_loss: 0.0308132 
test_loss: 0.0310418 
train_loss: 0.0306318 
test_loss: 0.0309423 
train_loss: 0.0305479 
test_loss: 0.0310504 
train_loss: 0.0302837 
test_loss: 0.0308404 
train_loss: 0.0308745 
test_loss: 0.0310456 
train_loss: 0.030731 
test_loss: 0.0308153 
train_loss: 0.030334 
test_loss: 0.0307761 
train_loss: 0.0304403 
test_loss: 0.0307634 
train_loss: 0.0309361 
test_loss: 0.0308134 
train_loss: 0.0303468 
test_loss: 0.0306149 
train_loss: 0.0299043 
test_loss: 0.0307009 
train_loss: 0.0307318 
test_loss: 0.0306234 
train_loss: 0.0303162 
test_loss: 0.0303572 
train_loss: 0.030096 
test_loss: 0.0306863 
train_loss: 0.0296112 
test_loss: 0.0304799 
train_loss: 0.0300917 
test_loss: 0.0302924 
train_loss: 0.0304086 
test_loss: 0.0302869 
train_loss: 0.0306048 
test_loss: 0.0301483 
train_loss: 0.0305019 
test_loss: 0.0303981 
train_loss: 0.0305 
test_loss: 0.0300801 
train_loss: 0.0296161 
test_loss: 0.0300493 
train_loss: 0.0298259 
test_loss: 0.0299184 
train_loss: 0.0299365 
test_loss: 0.0301549 
train_loss: 0.0297804 
test_loss: 0.0303286 
train_loss: 0.0303205 
test_loss: 0.0298826 
train_loss: 0.0292956 
test_loss: 0.0297902 
train_loss: 0.0294355 
test_loss: 0.0297718 
train_loss: 0.0289199 
test_loss: 0.0297349 
train_loss: 0.0296874 
test_loss: 0.0297127 
train_loss: 0.0293089 
test_loss: 0.0294406 
train_loss: 0.028735 
test_loss: 0.0294603 
train_loss: 0.02977 
test_loss: 0.0294861 
train_loss: 0.0294321 
test_loss: 0.0295499 
train_loss: 0.0294632 
test_loss: 0.0294639 
train_loss: 0.0287141 
test_loss: 0.0291322 
train_loss: 0.0284414 
test_loss: 0.0290564 
train_loss: 0.0287986 
test_loss: 0.0297923 
train_loss: 0.0286231 
test_loss: 0.0290118 
train_loss: 0.0292382 
test_loss: 0.0289006 
train_loss: 0.0283653 
test_loss: 0.0288515 
train_loss: 0.0280881 
test_loss: 0.028853 
train_loss: 0.0281746 
test_loss: 0.0292087 
train_loss: 0.0289272 
test_loss: 0.0287266 
train_loss: 0.0280318 
test_loss: 0.0284476 
train_loss: 0.0290136 
test_loss: 0.0282286 
train_loss: 0.0281553 
test_loss: 0.0286109 
train_loss: 0.0281718 
test_loss: 0.0281383 
train_loss: 0.0277668 
test_loss: 0.0282455 
train_loss: 0.0286263 
test_loss: 0.0278407 
train_loss: 0.02801 
test_loss: 0.0277787 
train_loss: 0.0270489 
test_loss: 0.0275344 
train_loss: 0.0271168 
test_loss: 0.0273953 
train_loss: 0.0269792 
test_loss: 0.0274397 
train_loss: 0.0266478 
test_loss: 0.0269621 
train_loss: 0.0263443 
test_loss: 0.0266933 
train_loss: 0.0259167 
test_loss: 0.0264179 
train_loss: 0.0268002 
test_loss: 0.026208 
train_loss: 0.0263546 
test_loss: 0.0260053 
train_loss: 0.0261204 
test_loss: 0.0262286 
train_loss: 0.0246418 
test_loss: 0.0251562 
train_loss: 0.0241575 
test_loss: 0.0253145 
train_loss: 0.024582 
test_loss: 0.0248506 
train_loss: 0.0246899 
test_loss: 0.023858 
train_loss: 0.0234205 
test_loss: 0.0238096 
train_loss: 0.0231248 
test_loss: 0.0226797 
train_loss: 0.0214012 
test_loss: 0.0238916 
train_loss: 0.0218209 
test_loss: 0.0213472 
train_loss: 0.0206582 
test_loss: 0.0204069 
train_loss: 0.0194843 
test_loss: 0.0203034 
train_loss: 0.0192295 
test_loss: 0.0201013 
train_loss: 0.020379 
test_loss: 0.0191623 
train_loss: 0.0176394 
test_loss: 0.0176572 
train_loss: 0.0166934 
test_loss: 0.0171541 
train_loss: 0.0170714 
test_loss: 0.0161767 
train_loss: 0.0146072 
test_loss: 0.0154778 
train_loss: 0.0139991 
test_loss: 0.0147032 
train_loss: 0.0149713 
test_loss: 0.0147639 
train_loss: 0.0146275 
test_loss: 0.0130716 
train_loss: 0.0128409 
test_loss: 0.0140656 
train_loss: 0.0127315 
test_loss: 0.012206 
train_loss: 0.0114067 
test_loss: 0.0116655 
train_loss: 0.0114298 
test_loss: 0.011015 
train_loss: 0.010881 
test_loss: 0.0109631 
train_loss: 0.0108668 
test_loss: 0.010368 
train_loss: 0.0101209 
test_loss: 0.0102577 
train_loss: 0.0100392 
test_loss: 0.0094611 
train_loss: 0.00967093 
test_loss: 0.0095614 
train_loss: 0.00916455 
test_loss: 0.0100147 
train_loss: 0.00969269 
test_loss: 0.010125 
train_loss: 0.0106387 
test_loss: 0.0102279 
train_loss: 0.00835696 
test_loss: 0.0095697 
train_loss: 0.00822072 
test_loss: 0.00900996 
train_loss: 0.0085733 
test_loss: 0.00924381 
train_loss: 0.00836147 
test_loss: 0.00879222 
train_loss: 0.00828927 
test_loss: 0.0086632 
train_loss: 0.00837163 
test_loss: 0.00839189 
train_loss: 0.0076704 
test_loss: 0.0079482 
train_loss: 0.0080523 
test_loss: 0.00799867 
train_loss: 0.007521 
test_loss: 0.00808918 
train_loss: 0.00736484 
test_loss: 0.00762291 
train_loss: 0.00771246 
test_loss: 0.00790252 
train_loss: 0.00738801 
test_loss: 0.00777827 
train_loss: 0.00784718 
test_loss: 0.00850868 
train_loss: 0.00704327 
test_loss: 0.0073766 
train_loss: 0.00748933 
test_loss: 0.00739089 
train_loss: 0.00713995 
test_loss: 0.00727578 
train_loss: 0.00713189 
test_loss: 0.00705422 
train_loss: 0.0069659 
test_loss: 0.00720912 
train_loss: 0.00791082 
test_loss: 0.00767215 
train_loss: 0.00724283 
test_loss: 0.00730084 
train_loss: 0.00720572 
test_loss: 0.0070402 
train_loss: 0.00688917 
test_loss: 0.00714551 
train_loss: 0.0064856 
test_loss: 0.00679633 
train_loss: 0.00708652 
test_loss: 0.00699952 
train_loss: 0.00721885 
test_loss: 0.00703027 
train_loss: 0.00656738 
test_loss: 0.00661536 
train_loss: 0.00712386 
test_loss: 0.00663008 
train_loss: 0.00697416 
test_loss: 0.00702321 
train_loss: 0.00735534 
test_loss: 0.00804913 
train_loss: 0.00646563 
test_loss: 0.00711126 
train_loss: 0.00700273 
test_loss: 0.00702835 
