train_loss: 0.37742 
test_loss: 0.368712 
train_loss: 0.185064 
test_loss: 0.18571 
train_loss: 0.109296 
test_loss: 0.108503 
train_loss: 0.10199 
test_loss: 0.100132 
train_loss: 0.0979942 
test_loss: 0.0986071 
train_loss: 0.0985647 
test_loss: 0.0973355 
train_loss: 0.0912095 
test_loss: 0.0956654 
train_loss: 0.0899431 
test_loss: 0.0921772 
train_loss: 0.0847158 
test_loss: 0.0869913 
train_loss: 0.0860815 
test_loss: 0.0815483 
train_loss: 0.075307 
test_loss: 0.0759811 
train_loss: 0.0713515 
test_loss: 0.0728147 
train_loss: 0.0683165 
test_loss: 0.0715458 
train_loss: 0.0683825 
test_loss: 0.0709153 
train_loss: 0.0698299 
test_loss: 0.0700319 
train_loss: 0.0677036 
test_loss: 0.0691434 
train_loss: 0.0653625 
test_loss: 0.0682298 
train_loss: 0.0664187 
test_loss: 0.0679076 
train_loss: 0.0630215 
test_loss: 0.0678801 
train_loss: 0.0641773 
test_loss: 0.066426 
train_loss: 0.0622635 
test_loss: 0.0656125 
train_loss: 0.0640103 
test_loss: 0.0652659 
train_loss: 0.0656368 
test_loss: 0.0644215 
train_loss: 0.0641893 
test_loss: 0.06429 
train_loss: 0.06407 
test_loss: 0.0636166 
train_loss: 0.0580811 
test_loss: 0.0627322 
train_loss: 0.0599783 
test_loss: 0.0619967 
train_loss: 0.0623656 
test_loss: 0.0615383 
train_loss: 0.0576764 
test_loss: 0.061247 
train_loss: 0.0608569 
test_loss: 0.0611707 
train_loss: 0.0638664 
test_loss: 0.0608921 
train_loss: 0.0584295 
test_loss: 0.0605905 
train_loss: 0.0591134 
test_loss: 0.0619662 
train_loss: 0.0596415 
test_loss: 0.0616976 
train_loss: 0.0588352 
test_loss: 0.060793 
train_loss: 0.0616615 
test_loss: 0.0611563 
train_loss: 0.0599533 
test_loss: 0.060827 
train_loss: 0.0594314 
test_loss: 0.0604496 
train_loss: 0.0553384 
test_loss: 0.060614 
train_loss: 0.0609621 
test_loss: 0.0602374 
train_loss: 0.0562127 
test_loss: 0.0601604 
train_loss: 0.0604368 
test_loss: 0.0611834 
train_loss: 0.0612218 
test_loss: 0.0599761 
train_loss: 0.0578103 
test_loss: 0.0597454 
train_loss: 0.0591609 
test_loss: 0.0599181 
train_loss: 0.0586752 
test_loss: 0.0598705 
train_loss: 0.0596882 
test_loss: 0.0595159 
train_loss: 0.0585335 
test_loss: 0.0597389 
train_loss: 0.0583492 
test_loss: 0.0596574 
train_loss: 0.0611947 
test_loss: 0.0606512 
train_loss: 0.0586544 
test_loss: 0.0592388 
train_loss: 0.0584592 
test_loss: 0.0591995 
train_loss: 0.0566873 
test_loss: 0.0591188 
train_loss: 0.0593057 
test_loss: 0.0589873 
train_loss: 0.0567895 
test_loss: 0.0592405 
train_loss: 0.0594998 
test_loss: 0.0590287 
train_loss: 0.0553863 
test_loss: 0.0583602 
train_loss: 0.0575629 
test_loss: 0.0581952 
train_loss: 0.0583975 
test_loss: 0.0580993 
train_loss: 0.0588339 
test_loss: 0.0581955 
train_loss: 0.0576162 
test_loss: 0.0577602 
train_loss: 0.0568607 
test_loss: 0.05773 
train_loss: 0.0582762 
test_loss: 0.0579091 
train_loss: 0.0578697 
test_loss: 0.058028 
train_loss: 0.0562109 
test_loss: 0.0578695 
train_loss: 0.0560021 
test_loss: 0.0580242 
train_loss: 0.0582933 
test_loss: 0.0581622 
train_loss: 0.0569681 
test_loss: 0.0578578 
train_loss: 0.0597876 
test_loss: 0.0577958 
train_loss: 0.056825 
test_loss: 0.0579763 
train_loss: 0.0575601 
test_loss: 0.0577737 
train_loss: 0.0569448 
test_loss: 0.0576421 
train_loss: 0.0573015 
test_loss: 0.057579 
train_loss: 0.0551263 
test_loss: 0.0578578 
train_loss: 0.0599099 
test_loss: 0.0576701 
train_loss: 0.0583699 
test_loss: 0.0576671 
train_loss: 0.0574338 
test_loss: 0.0575656 
train_loss: 0.0564701 
test_loss: 0.0576215 
train_loss: 0.056195 
test_loss: 0.0575112 
train_loss: 0.0573514 
test_loss: 0.0575454 
train_loss: 0.0546367 
test_loss: 0.0578085 
