train_loss: 1.44853 
test_loss: 1.50033 
train_loss: 1.49836 
test_loss: 1.46175 
train_loss: 1.43147 
test_loss: 1.40071 
train_loss: 1.29535 
test_loss: 1.33646 
train_loss: 1.3037 
test_loss: 1.27266 
train_loss: 1.20365 
test_loss: 1.21027 
train_loss: 1.1512 
test_loss: 1.14879 
train_loss: 1.08283 
test_loss: 1.08869 
train_loss: 1.02604 
test_loss: 1.02934 
train_loss: 0.989961 
test_loss: 0.97096 
train_loss: 0.920495 
test_loss: 0.914176 
train_loss: 0.882024 
test_loss: 0.861849 
train_loss: 0.835697 
test_loss: 0.817194 
train_loss: 0.790995 
test_loss: 0.778625 
train_loss: 0.753449 
test_loss: 0.744454 
train_loss: 0.728257 
test_loss: 0.713716 
train_loss: 0.688181 
test_loss: 0.685643 
train_loss: 0.63234 
test_loss: 0.659643 
train_loss: 0.649306 
test_loss: 0.635133 
train_loss: 0.601494 
test_loss: 0.61161 
train_loss: 0.599605 
test_loss: 0.589144 
train_loss: 0.561897 
test_loss: 0.567286 
train_loss: 0.53598 
test_loss: 0.54613 
train_loss: 0.531082 
test_loss: 0.525806 
train_loss: 0.491971 
test_loss: 0.506101 
train_loss: 0.48242 
test_loss: 0.487034 
train_loss: 0.460062 
test_loss: 0.468645 
train_loss: 0.449542 
test_loss: 0.450902 
train_loss: 0.434775 
test_loss: 0.433612 
train_loss: 0.413532 
test_loss: 0.416806 
train_loss: 0.399777 
test_loss: 0.400549 
train_loss: 0.38131 
test_loss: 0.385113 
train_loss: 0.359905 
test_loss: 0.370105 
train_loss: 0.357306 
test_loss: 0.355433 
train_loss: 0.341265 
test_loss: 0.341073 
train_loss: 0.329911 
test_loss: 0.326986 
train_loss: 0.311766 
test_loss: 0.312996 
train_loss: 0.295074 
test_loss: 0.299068 
train_loss: 0.280154 
test_loss: 0.285197 
train_loss: 0.274653 
test_loss: 0.271191 
train_loss: 0.252994 
test_loss: 0.256591 
train_loss: 0.235424 
test_loss: 0.240596 
train_loss: 0.219704 
test_loss: 0.221194 
train_loss: 0.197687 
test_loss: 0.19675 
train_loss: 0.168643 
test_loss: 0.17008 
train_loss: 0.153643 
test_loss: 0.152256 
train_loss: 0.140496 
test_loss: 0.141657 
train_loss: 0.146504 
test_loss: 0.13459 
train_loss: 0.145982 
test_loss: 0.147167 
train_loss: 0.112209 
test_loss: 0.112038 
train_loss: 0.102174 
test_loss: 0.102626 
train_loss: 0.095503 
test_loss: 0.0955819 
train_loss: 0.0930452 
test_loss: 0.090728 
train_loss: 0.078746 
test_loss: 0.0805676 
train_loss: 0.0723508 
test_loss: 0.0730069 
train_loss: 0.0690811 
test_loss: 0.0663386 
train_loss: 0.0609112 
test_loss: 0.0606389 
train_loss: 0.0566015 
test_loss: 0.0560303 
train_loss: 0.0672438 
test_loss: 0.0662576 
train_loss: 1.8227 
test_loss: 1.83626 
train_loss: 1.7061 
test_loss: 1.69783 
