train_loss: 0.049455 
test_loss: 0.051882 
train_loss: 0.046853 
test_loss: 0.047885 
train_loss: 0.045026 
test_loss: 0.045308 
train_loss: 0.045841 
test_loss: 0.045293 
train_loss: 0.039053 
test_loss: 0.044514 
train_loss: 0.047130 
test_loss: 0.044943 
train_loss: 0.045354 
test_loss: 0.043766 
train_loss: 0.045415 
test_loss: 0.043614 
train_loss: 0.041356 
test_loss: 0.043399 
train_loss: 0.042927 
test_loss: 0.043869 
train_loss: 0.042842 
test_loss: 0.043781 
train_loss: 0.045006 
test_loss: 0.043420 
train_loss: 0.041181 
test_loss: 0.043669 
train_loss: 0.042680 
test_loss: 0.043699 
train_loss: 0.040986 
test_loss: 0.043344 
train_loss: 0.049585 
test_loss: 0.043370 
train_loss: 0.043171 
test_loss: 0.042990 
train_loss: 0.044358 
test_loss: 0.043607 
train_loss: 0.042368 
test_loss: 0.044453 
train_loss: 0.045986 
test_loss: 0.043542 
train_loss: 0.041245 
test_loss: 0.043299 
train_loss: 0.039710 
test_loss: 0.042881 
train_loss: 0.043997 
test_loss: 0.043015 
train_loss: 0.047384 
test_loss: 0.042696 
train_loss: 0.038665 
test_loss: 0.043166 
train_loss: 0.045005 
test_loss: 0.043631 
train_loss: 0.044041 
test_loss: 0.043116 
train_loss: 0.040631 
test_loss: 0.042751 
train_loss: 0.038529 
test_loss: 0.042899 
train_loss: 0.043120 
test_loss: 0.043068 
train_loss: 0.040754 
test_loss: 0.042928 
train_loss: 0.044968 
test_loss: 0.042600 
train_loss: 0.038291 
test_loss: 0.043821 
train_loss: 0.043134 
test_loss: 0.042648 
train_loss: 0.043184 
test_loss: 0.042768 
train_loss: 0.042890 
test_loss: 0.042653 
train_loss: 0.040959 
test_loss: 0.042428 
train_loss: 0.044359 
test_loss: 0.042359 
train_loss: 0.043555 
test_loss: 0.042863 
train_loss: 0.043663 
test_loss: 0.042583 
train_loss: 0.044180 
test_loss: 0.042577 
train_loss: 0.041215 
test_loss: 0.042948 
train_loss: 0.045568 
test_loss: 0.042607 
train_loss: 0.044089 
test_loss: 0.042833 
train_loss: 0.036535 
test_loss: 0.042458 
train_loss: 0.040090 
test_loss: 0.042786 
train_loss: 0.040492 
test_loss: 0.042113 
train_loss: 0.048029 
test_loss: 0.041819 
train_loss: 0.037846 
test_loss: 0.041608 
train_loss: 0.037217 
test_loss: 0.040669 
train_loss: 0.038499 
test_loss: 0.039802 
train_loss: 0.037445 
test_loss: 0.039100 
train_loss: 0.039503 
test_loss: 0.038700 
train_loss: 0.035574 
test_loss: 0.038899 
train_loss: 0.036481 
test_loss: 0.038427 
train_loss: 0.038423 
test_loss: 0.038973 
train_loss: 0.038019 
test_loss: 0.038485 
train_loss: 0.039150 
test_loss: 0.038299 
train_loss: 0.038734 
test_loss: 0.037981 
train_loss: 0.039637 
test_loss: 0.037761 
train_loss: 0.037580 
test_loss: 0.037651 
train_loss: 0.034947 
test_loss: 0.037697 
train_loss: 0.037398 
test_loss: 0.037784 
train_loss: 0.034591 
test_loss: 0.037350 
train_loss: 0.037881 
test_loss: 0.037615 
train_loss: 0.036482 
test_loss: 0.037194 
train_loss: 0.035623 
test_loss: 0.037404 
train_loss: 0.035192 
test_loss: 0.037116 
train_loss: 0.039442 
test_loss: 0.037649 
train_loss: 0.034284 
test_loss: 0.037397 
train_loss: 0.037065 
test_loss: 0.037054 
train_loss: 0.038394 
test_loss: 0.037426 
train_loss: 0.036682 
test_loss: 0.037038 
train_loss: 0.034179 
test_loss: 0.036967 
train_loss: 0.036504 
test_loss: 0.037163 
train_loss: 0.037900 
test_loss: 0.036913 
train_loss: 0.035632 
test_loss: 0.037166 
train_loss: 0.037375 
test_loss: 0.036745 
train_loss: 0.033927 
test_loss: 0.037067 
train_loss: 0.034411 
test_loss: 0.036985 
train_loss: 0.037473 
test_loss: 0.036650 
train_loss: 0.036296 
test_loss: 0.037203 
train_loss: 0.035278 
test_loss: 0.036991 
train_loss: 0.035945 
test_loss: 0.036991 
train_loss: 0.034324 
test_loss: 0.036984 
train_loss: 0.038344 
test_loss: 0.037215 
train_loss: 0.034260 
test_loss: 0.036985 
train_loss: 0.036456 
test_loss: 0.037070 
train_loss: 0.037592 
test_loss: 0.036929 
train_loss: 0.036082 
test_loss: 0.036991 
train_loss: 0.031774 
test_loss: 0.036834 
