train_loss: 0.095585 
test_loss: 0.094212 
train_loss: 0.082872 
test_loss: 0.084302 
train_loss: 0.072502 
test_loss: 0.073523 
train_loss: 0.065705 
test_loss: 0.065517 
train_loss: 0.056727 
test_loss: 0.056376 
train_loss: 0.050769 
test_loss: 0.051410 
train_loss: 0.046701 
test_loss: 0.047609 
train_loss: 0.045040 
test_loss: 0.045531 
train_loss: 0.042705 
test_loss: 0.043294 
train_loss: 0.040398 
test_loss: 0.040557 
train_loss: 0.038084 
test_loss: 0.038020 
train_loss: 0.034181 
test_loss: 0.035808 
train_loss: 0.032256 
test_loss: 0.033198 
train_loss: 0.030145 
test_loss: 0.031347 
train_loss: 0.027789 
test_loss: 0.029654 
train_loss: 0.026863 
test_loss: 0.027658 
train_loss: 0.026363 
test_loss: 0.026840 
train_loss: 0.024861 
test_loss: 0.025587 
train_loss: 0.024505 
test_loss: 0.024927 
train_loss: 0.023663 
test_loss: 0.024048 
train_loss: 0.024270 
test_loss: 0.023636 
train_loss: 0.022200 
test_loss: 0.022682 
train_loss: 0.022014 
test_loss: 0.022470 
train_loss: 0.021525 
test_loss: 0.021930 
train_loss: 0.020872 
test_loss: 0.021457 
train_loss: 0.020090 
test_loss: 0.020980 
train_loss: 0.019836 
test_loss: 0.020828 
train_loss: 0.020038 
test_loss: 0.020329 
train_loss: 0.019743 
test_loss: 0.019551 
train_loss: 0.019557 
test_loss: 0.019481 
train_loss: 0.019328 
test_loss: 0.019103 
train_loss: 0.018020 
test_loss: 0.018917 
train_loss: 0.018629 
test_loss: 0.018182 
train_loss: 0.017646 
test_loss: 0.018430 
train_loss: 0.018115 
test_loss: 0.018467 
train_loss: 0.017867 
test_loss: 0.017813 
train_loss: 0.017073 
test_loss: 0.017928 
train_loss: 0.017187 
test_loss: 0.017970 
train_loss: 0.017593 
test_loss: 0.017934 
train_loss: 0.016836 
test_loss: 0.017580 
train_loss: 0.016498 
test_loss: 0.017205 
train_loss: 0.017541 
test_loss: 0.017585 
train_loss: 0.016362 
test_loss: 0.016693 
train_loss: 0.016534 
test_loss: 0.016605 
train_loss: 0.016116 
test_loss: 0.016583 
train_loss: 0.016005 
test_loss: 0.016300 
train_loss: 0.016825 
test_loss: 0.016411 
train_loss: 0.016057 
test_loss: 0.016079 
train_loss: 0.016069 
test_loss: 0.016147 
train_loss: 0.015656 
test_loss: 0.015890 
train_loss: 0.015560 
test_loss: 0.015760 
train_loss: 0.015112 
test_loss: 0.015512 
train_loss: 0.014632 
test_loss: 0.015800 
train_loss: 0.015031 
test_loss: 0.015301 
train_loss: 0.015108 
test_loss: 0.015454 
train_loss: 0.015211 
test_loss: 0.016072 
train_loss: 0.014866 
test_loss: 0.015212 
train_loss: 0.015537 
test_loss: 0.015922 
train_loss: 0.014182 
test_loss: 0.015261 
train_loss: 0.014349 
test_loss: 0.015040 
train_loss: 0.014691 
test_loss: 0.015086 
train_loss: 0.014574 
test_loss: 0.014938 
train_loss: 0.014996 
test_loss: 0.015115 
train_loss: 0.014665 
test_loss: 0.014878 
train_loss: 0.014380 
test_loss: 0.014422 
train_loss: 0.014367 
test_loss: 0.014111 
train_loss: 0.014344 
test_loss: 0.014861 
train_loss: 0.014579 
test_loss: 0.014201 
train_loss: 0.013694 
test_loss: 0.014423 
train_loss: 0.014127 
test_loss: 0.014647 
train_loss: 0.013743 
test_loss: 0.014127 
train_loss: 0.013866 
test_loss: 0.014521 
train_loss: 0.013688 
test_loss: 0.013821 
train_loss: 0.014073 
test_loss: 0.014523 
train_loss: 0.013668 
test_loss: 0.014142 
train_loss: 0.014181 
test_loss: 0.014295 
train_loss: 0.013736 
test_loss: 0.014489 
train_loss: 0.013011 
test_loss: 0.013779 
train_loss: 0.013957 
test_loss: 0.013741 
train_loss: 0.013258 
test_loss: 0.014040 
train_loss: 0.013408 
test_loss: 0.013769 
train_loss: 0.013331 
test_loss: 0.013926 
train_loss: 0.013189 
test_loss: 0.013194 
train_loss: 0.013254 
test_loss: 0.013562 
train_loss: 0.013093 
test_loss: 0.013248 
train_loss: 0.012816 
test_loss: 0.013604 
train_loss: 0.013085 
test_loss: 0.013341 
train_loss: 0.013085 
test_loss: 0.013799 
train_loss: 0.013482 
test_loss: 0.013729 
train_loss: 0.013606 
test_loss: 0.013525 
train_loss: 0.013474 
test_loss: 0.013350 
train_loss: 0.013095 
test_loss: 0.013181 
train_loss: 0.013234 
test_loss: 0.013374 
train_loss: 0.012552 
test_loss: 0.013149 
train_loss: 0.013023 
test_loss: 0.013123 
train_loss: 0.012540 
test_loss: 0.012569 
train_loss: 0.012783 
test_loss: 0.013018 
train_loss: 0.012921 
test_loss: 0.013245 
train_loss: 0.012591 
test_loss: 0.012660 
train_loss: 0.013032 
test_loss: 0.013364 
train_loss: 0.012042 
test_loss: 0.012501 
train_loss: 0.012076 
test_loss: 0.012812 
train_loss: 0.012170 
test_loss: 0.012858 
train_loss: 0.012679 
test_loss: 0.013804 
train_loss: 0.011854 
test_loss: 0.012612 
train_loss: 0.012222 
test_loss: 0.012564 
train_loss: 0.012285 
test_loss: 0.012529 
train_loss: 0.012238 
test_loss: 0.013073 
train_loss: 0.012041 
test_loss: 0.012721 
train_loss: 0.012107 
test_loss: 0.012104 
train_loss: 0.011452 
test_loss: 0.012206 
train_loss: 0.012279 
test_loss: 0.012357 
train_loss: 0.012227 
test_loss: 0.012510 
train_loss: 0.012305 
test_loss: 0.012387 
train_loss: 0.011828 
test_loss: 0.012415 
train_loss: 0.012157 
test_loss: 0.012081 
train_loss: 0.011669 
test_loss: 0.012116 
train_loss: 0.011974 
test_loss: 0.012476 
train_loss: 0.011744 
test_loss: 0.012383 
train_loss: 0.011746 
test_loss: 0.012109 
train_loss: 0.011463 
test_loss: 0.012694 
