train_loss: 0.105563 
test_loss: 0.104615 
train_loss: 0.100588 
test_loss: 0.096580 
train_loss: 0.084265 
test_loss: 0.082517 
train_loss: 0.069914 
test_loss: 0.071843 
train_loss: 0.059895 
test_loss: 0.066174 
train_loss: 0.059748 
test_loss: 0.064289 
train_loss: 0.060975 
test_loss: 0.062567 
train_loss: 0.061500 
test_loss: 0.061172 
train_loss: 0.062402 
test_loss: 0.059421 
train_loss: 0.054370 
test_loss: 0.057930 
train_loss: 0.053190 
test_loss: 0.055512 
train_loss: 0.049677 
test_loss: 0.052797 
train_loss: 0.046988 
test_loss: 0.050448 
train_loss: 0.048364 
test_loss: 0.047598 
train_loss: 0.042374 
test_loss: 0.044680 
train_loss: 0.040947 
test_loss: 0.042608 
train_loss: 0.041813 
test_loss: 0.041005 
train_loss: 0.037151 
test_loss: 0.039687 
train_loss: 0.035886 
test_loss: 0.037423 
train_loss: 0.034711 
test_loss: 0.036486 
train_loss: 0.034922 
test_loss: 0.035011 
train_loss: 0.033557 
test_loss: 0.033825 
train_loss: 0.034105 
test_loss: 0.033805 
train_loss: 0.031177 
test_loss: 0.033569 
train_loss: 0.030661 
test_loss: 0.031910 
train_loss: 0.030132 
test_loss: 0.031360 
train_loss: 0.032529 
test_loss: 0.031870 
train_loss: 0.030407 
test_loss: 0.030439 
train_loss: 0.027576 
test_loss: 0.029876 
train_loss: 0.025553 
test_loss: 0.029734 
train_loss: 0.028655 
test_loss: 0.029578 
train_loss: 0.029100 
test_loss: 0.028985 
train_loss: 0.028619 
test_loss: 0.028868 
train_loss: 0.025472 
test_loss: 0.027745 
train_loss: 0.025961 
test_loss: 0.028105 
train_loss: 0.025610 
test_loss: 0.027472 
train_loss: 0.026957 
test_loss: 0.027771 
train_loss: 0.023975 
test_loss: 0.027147 
train_loss: 0.026078 
test_loss: 0.026552 
train_loss: 0.026305 
test_loss: 0.026734 
train_loss: 0.024786 
test_loss: 0.026785 
train_loss: 0.026244 
test_loss: 0.025642 
train_loss: 0.026011 
test_loss: 0.025526 
train_loss: 0.023967 
test_loss: 0.025487 
train_loss: 0.023860 
test_loss: 0.025597 
train_loss: 0.023432 
test_loss: 0.024918 
train_loss: 0.023775 
test_loss: 0.024920 
train_loss: 0.025055 
test_loss: 0.025290 
train_loss: 0.024351 
test_loss: 0.024308 
train_loss: 0.022378 
test_loss: 0.024742 
train_loss: 0.022453 
test_loss: 0.025155 
train_loss: 0.025153 
test_loss: 0.024745 
train_loss: 0.023436 
test_loss: 0.024112 
train_loss: 0.025368 
test_loss: 0.024131 
train_loss: 0.021631 
test_loss: 0.024239 
train_loss: 0.022234 
test_loss: 0.024358 
train_loss: 0.021824 
test_loss: 0.023426 
train_loss: 0.021264 
test_loss: 0.023364 
train_loss: 0.022213 
test_loss: 0.023448 
train_loss: 0.023527 
test_loss: 0.023150 
train_loss: 0.022241 
test_loss: 0.023483 
train_loss: 0.021945 
test_loss: 0.023436 
train_loss: 0.022007 
test_loss: 0.022953 
train_loss: 0.022017 
test_loss: 0.022408 
train_loss: 0.021764 
test_loss: 0.022696 
train_loss: 0.020486 
test_loss: 0.022873 
train_loss: 0.021133 
test_loss: 0.022585 
train_loss: 0.020708 
test_loss: 0.022119 
train_loss: 0.020407 
test_loss: 0.022260 
train_loss: 0.021713 
test_loss: 0.022020 
train_loss: 0.021062 
test_loss: 0.022172 
train_loss: 0.021894 
test_loss: 0.022488 
train_loss: 0.021470 
test_loss: 0.021805 
train_loss: 0.020640 
test_loss: 0.021798 
train_loss: 0.020158 
test_loss: 0.021965 
train_loss: 0.019260 
test_loss: 0.021631 
train_loss: 0.018466 
test_loss: 0.021402 
train_loss: 0.020160 
test_loss: 0.021038 
train_loss: 0.020304 
test_loss: 0.021341 
train_loss: 0.020716 
test_loss: 0.021334 
train_loss: 0.020332 
test_loss: 0.020877 
train_loss: 0.021434 
test_loss: 0.021026 
train_loss: 0.021293 
test_loss: 0.020812 
train_loss: 0.020643 
test_loss: 0.020561 
train_loss: 0.018516 
test_loss: 0.020993 
train_loss: 0.019481 
test_loss: 0.021202 
train_loss: 0.022060 
test_loss: 0.021662 
train_loss: 0.018731 
test_loss: 0.020539 
train_loss: 0.019954 
test_loss: 0.020739 
train_loss: 0.019478 
test_loss: 0.021474 
train_loss: 0.019472 
test_loss: 0.020725 
train_loss: 0.019503 
test_loss: 0.020426 
train_loss: 0.019488 
test_loss: 0.019939 
train_loss: 0.019923 
test_loss: 0.020336 
train_loss: 0.020544 
test_loss: 0.020658 
train_loss: 0.019669 
test_loss: 0.020522 
train_loss: 0.018314 
test_loss: 0.020163 
train_loss: 0.018623 
test_loss: 0.020405 
train_loss: 0.018025 
test_loss: 0.020102 
train_loss: 0.019488 
test_loss: 0.019771 
train_loss: 0.018845 
test_loss: 0.019596 
train_loss: 0.019061 
test_loss: 0.019722 
train_loss: 0.019407 
test_loss: 0.019388 
train_loss: 0.017734 
test_loss: 0.019623 
train_loss: 0.017916 
test_loss: 0.019671 
train_loss: 0.017667 
test_loss: 0.019986 
train_loss: 0.017509 
test_loss: 0.019515 
train_loss: 0.018445 
test_loss: 0.019641 
train_loss: 0.017913 
test_loss: 0.019261 
train_loss: 0.017055 
test_loss: 0.019594 
train_loss: 0.018252 
test_loss: 0.019969 
