train_loss: 1.99953 
test_loss: 2.00056 
train_loss: 2.58532 
test_loss: 1.99894 
train_loss: 1.99859 
test_loss: 1.99855 
train_loss: 1.99946 
test_loss: 2.14523 
train_loss: 1.9887 
test_loss: 1.99744 
train_loss: 1.99385 
test_loss: 1.99918 
train_loss: 0.522545 
test_loss: 0.525912 
train_loss: 0.533084 
test_loss: 0.529378 
train_loss: 0.526041 
test_loss: 0.529271 
train_loss: 0.52537 
test_loss: 0.529156 
train_loss: 0.512825 
test_loss: 0.529014 
train_loss: 0.525994 
test_loss: 0.52887 
train_loss: 0.531403 
test_loss: 0.528711 
train_loss: 0.533785 
test_loss: 0.528516 
train_loss: 0.525177 
test_loss: 0.528327 
train_loss: 0.522472 
test_loss: 0.528163 
train_loss: 0.528492 
test_loss: 0.527951 
train_loss: 0.529341 
test_loss: 0.527739 
train_loss: 0.526076 
test_loss: 0.527473 
train_loss: 0.536205 
test_loss: 0.527251 
train_loss: 0.531687 
test_loss: 0.527013 
train_loss: 0.523751 
test_loss: 0.526688 
train_loss: 0.524391 
test_loss: 0.526403 
train_loss: 0.525578 
test_loss: 0.526062 
train_loss: 0.529512 
test_loss: 0.525782 
train_loss: 0.534561 
test_loss: 0.525436 
train_loss: 0.522478 
test_loss: 0.525089 
train_loss: 0.527647 
test_loss: 0.524702 
train_loss: 0.526962 
test_loss: 0.524319 
train_loss: 0.517864 
test_loss: 0.523874 
train_loss: 0.519944 
test_loss: 0.523437 
train_loss: 0.531623 
test_loss: 0.522974 
train_loss: 0.514603 
test_loss: 0.522468 
train_loss: 0.520647 
test_loss: 0.521972 
train_loss: 0.527377 
test_loss: 0.521439 
train_loss: 0.522318 
test_loss: 0.520876 
train_loss: 0.517964 
test_loss: 0.520271 
train_loss: 0.523066 
test_loss: 0.51962 
train_loss: 0.526462 
test_loss: 0.518999 
train_loss: 0.530465 
test_loss: 0.518296 
train_loss: 0.520623 
test_loss: 0.517578 
train_loss: 0.519704 
test_loss: 0.516827 
train_loss: 0.520046 
test_loss: 0.516016 
train_loss: 0.509997 
test_loss: 0.51516 
train_loss: 0.508102 
test_loss: 0.514294 
train_loss: 0.517163 
test_loss: 0.513376 
train_loss: 0.51122 
test_loss: 0.512382 
train_loss: 0.513698 
test_loss: 0.511373 
train_loss: 0.503934 
test_loss: 0.510362 
train_loss: 0.505014 
test_loss: 0.509231 
train_loss: 0.512852 
test_loss: 0.508066 
train_loss: 0.504412 
test_loss: 0.506859 
train_loss: 0.504939 
test_loss: 0.505584 
train_loss: 0.497882 
test_loss: 0.504254 
train_loss: 0.502367 
test_loss: 0.50285 
train_loss: 0.500298 
test_loss: 0.501408 
train_loss: 0.497535 
test_loss: 0.499899 
train_loss: 0.499003 
test_loss: 0.49831 
train_loss: 0.501195 
test_loss: 0.496653 
train_loss: 0.497983 
test_loss: 0.494901 
train_loss: 0.483733 
test_loss: 0.493095 
train_loss: 0.505881 
test_loss: 0.491218 
train_loss: 0.499514 
test_loss: 0.48923 
train_loss: 0.477478 
test_loss: 0.487185 
train_loss: 0.485058 
test_loss: 0.48502 
train_loss: 0.486086 
test_loss: 0.482792 
train_loss: 0.485092 
test_loss: 0.480446 
train_loss: 0.472524 
test_loss: 0.478035 
train_loss: 0.484172 
test_loss: 0.475493 
train_loss: 0.478153 
test_loss: 0.472837 
train_loss: 0.476138 
test_loss: 0.470104 
train_loss: 0.464327 
test_loss: 0.467233 
train_loss: 0.460876 
test_loss: 0.464284 
train_loss: 0.468505 
test_loss: 0.461193 
train_loss: 0.454679 
test_loss: 0.457969 
train_loss: 0.451487 
test_loss: 0.454644 
train_loss: 0.445966 
test_loss: 0.451202 
train_loss: 0.449449 
test_loss: 0.447636 
train_loss: 0.44181 
test_loss: 0.443894 
train_loss: 0.441284 
test_loss: 0.440043 
train_loss: 0.429361 
test_loss: 0.436036 
train_loss: 0.434367 
test_loss: 0.43187 
train_loss: 0.429183 
test_loss: 0.42759 
train_loss: 0.412136 
test_loss: 0.423165 
train_loss: 0.412806 
test_loss: 0.418566 
train_loss: 0.414281 
test_loss: 0.413817 
train_loss: 0.406003 
test_loss: 0.408915 
train_loss: 0.392543 
test_loss: 0.403848 
train_loss: 0.396823 
test_loss: 0.398638 
train_loss: 0.396218 
test_loss: 0.393247 
train_loss: 0.388951 
test_loss: 0.387726 
train_loss: 0.384443 
test_loss: 0.381982 
train_loss: 0.371274 
test_loss: 0.376119 
train_loss: 0.366315 
test_loss: 0.370081 
train_loss: 0.370755 
test_loss: 0.363868 
train_loss: 0.360402 
test_loss: 0.357461 
train_loss: 0.354498 
test_loss: 0.350893 
train_loss: 0.334457 
test_loss: 0.344147 
train_loss: 0.329308 
test_loss: 0.337203 
train_loss: 0.330896 
test_loss: 0.33009 
train_loss: 0.327583 
test_loss: 0.322778 
train_loss: 0.312394 
test_loss: 0.315287 
train_loss: 0.309652 
test_loss: 0.307583 
train_loss: 0.30029 
test_loss: 0.299694 
train_loss: 0.292195 
test_loss: 0.291561 
train_loss: 0.284654 
test_loss: 0.283206 
train_loss: 0.278455 
test_loss: 0.274637 
train_loss: 0.26291 
test_loss: 0.265809 
train_loss: 0.257454 
test_loss: 0.256741 
train_loss: 0.248352 
test_loss: 0.247406 
train_loss: 0.241902 
test_loss: 0.237827 
train_loss: 0.231563 
test_loss: 0.227979 
train_loss: 0.220883 
test_loss: 0.217882 
train_loss: 0.204454 
test_loss: 0.207513 
train_loss: 0.195589 
test_loss: 0.196931 
train_loss: 0.183696 
test_loss: 0.18615 
train_loss: 0.17523 
test_loss: 0.175241 
train_loss: 0.163739 
test_loss: 0.164314 
train_loss: 0.152223 
test_loss: 0.153481 
train_loss: 0.142874 
test_loss: 0.142922 
train_loss: 0.131704 
test_loss: 0.132822 
train_loss: 0.125285 
test_loss: 0.123394 
train_loss: 0.116608 
test_loss: 0.114774 
train_loss: 0.10708 
test_loss: 0.107106 
train_loss: 0.100565 
test_loss: 0.100372 
train_loss: 0.0932125 
test_loss: 0.0945879 
train_loss: 0.0922885 
test_loss: 0.0896537 
train_loss: 0.085929 
test_loss: 0.0854752 
train_loss: 0.080965 
test_loss: 0.0819381 
train_loss: 0.0813839 
test_loss: 0.0789328 
train_loss: 0.0762619 
test_loss: 0.0763645 
train_loss: 0.0743799 
test_loss: 0.0741514 
train_loss: 0.0734251 
test_loss: 0.0722105 
train_loss: 0.0703918 
test_loss: 0.0704994 
train_loss: 0.0688865 
test_loss: 0.0689662 
train_loss: 0.0677062 
test_loss: 0.0675823 
train_loss: 0.0659822 
test_loss: 0.0663188 
train_loss: 0.0647678 
test_loss: 0.0651466 
train_loss: 0.0634315 
test_loss: 0.0640664 
train_loss: 0.062865 
test_loss: 0.0630535 
train_loss: 0.0620925 
test_loss: 0.0621184 
train_loss: 0.0604802 
test_loss: 0.0612417 
train_loss: 0.0608113 
test_loss: 0.0604162 
train_loss: 0.0600772 
test_loss: 0.0596499 
train_loss: 0.0601125 
test_loss: 0.0589421 
train_loss: 0.0583823 
test_loss: 0.0582927 
train_loss: 0.0577799 
test_loss: 0.0576847 
train_loss: 0.0569271 
test_loss: 0.0571348 
train_loss: 0.0563801 
test_loss: 0.056635 
train_loss: 0.055936 
test_loss: 0.0561771 
train_loss: 0.0566517 
test_loss: 0.0557698 
train_loss: 0.0560571 
test_loss: 0.0553922 
train_loss: 0.0553617 
test_loss: 0.0550447 
train_loss: 0.0545964 
test_loss: 0.054729 
train_loss: 0.0543702 
test_loss: 0.0544387 
train_loss: 0.0546133 
test_loss: 0.0541577 
train_loss: 0.0542688 
test_loss: 0.0538857 
train_loss: 0.0545384 
test_loss: 0.0536358 
train_loss: 0.0534463 
test_loss: 0.0533646 
train_loss: 0.0523664 
test_loss: 0.0530944 
train_loss: 0.0523902 
test_loss: 0.0528242 
train_loss: 0.052635 
test_loss: 0.0525467 
train_loss: 0.0517897 
test_loss: 0.0522278 
train_loss: 0.0511166 
test_loss: 0.0518957 
train_loss: 0.0514625 
test_loss: 0.0515328 
train_loss: 0.0508241 
test_loss: 0.0511012 
train_loss: 0.0504017 
test_loss: 0.0506074 
train_loss: 0.0496237 
test_loss: 0.0500726 
train_loss: 0.049439 
test_loss: 0.0494294 
train_loss: 0.0482762 
test_loss: 0.048681 
train_loss: 0.0473507 
test_loss: 0.0478198 
train_loss: 0.0471364 
test_loss: 0.0468382 
train_loss: 0.0459356 
test_loss: 0.0457141 
train_loss: 0.0436884 
test_loss: 0.0444118 
train_loss: 0.0426504 
test_loss: 0.0428871 
train_loss: 0.0410599 
test_loss: 0.0410378 
train_loss: 0.0402864 
test_loss: 0.0388401 
train_loss: 0.0359838 
test_loss: 0.0361447 
train_loss: 0.0328113 
test_loss: 0.0331222 
train_loss: 0.0308349 
test_loss: 0.0298511 
train_loss: 0.0266394 
test_loss: 0.0266875 
train_loss: 0.0237487 
test_loss: 0.0238237 
train_loss: 0.0217823 
test_loss: 0.0214683 
train_loss: 0.0192492 
test_loss: 0.0194177 
train_loss: 0.0177981 
test_loss: 0.0178224 
train_loss: 0.016328 
test_loss: 0.0165796 
train_loss: 0.0158101 
test_loss: 0.0156044 
train_loss: 0.0145457 
test_loss: 0.0147649 
train_loss: 0.013798 
test_loss: 0.0141689 
train_loss: 0.0136297 
test_loss: 0.0137152 
train_loss: 0.013064 
test_loss: 0.0131947 
train_loss: 0.0127861 
test_loss: 0.0127634 
train_loss: 0.0126645 
test_loss: 0.0124774 
train_loss: 0.0120842 
test_loss: 0.0121567 
train_loss: 0.0117704 
test_loss: 0.0118401 
train_loss: 0.0114532 
test_loss: 0.0115702 
train_loss: 0.0114228 
test_loss: 0.0114205 
train_loss: 0.01118 
test_loss: 0.011202 
train_loss: 0.011031 
test_loss: 0.0109443 
train_loss: 0.0107458 
test_loss: 0.0108512 
train_loss: 0.0104292 
test_loss: 0.0106511 
train_loss: 0.0103721 
test_loss: 0.0105229 
train_loss: 0.0100845 
test_loss: 0.0103798 
train_loss: 0.0105318 
test_loss: 0.0104008 
train_loss: 0.00986528 
test_loss: 0.0101983 
train_loss: 0.0102405 
test_loss: 0.0101666 
train_loss: 0.00994568 
test_loss: 0.0100318 
train_loss: 0.00982371 
test_loss: 0.00989959 
train_loss: 0.00999793 
test_loss: 0.00994859 
train_loss: 0.0100515 
test_loss: 0.00988646 
train_loss: 0.00975269 
test_loss: 0.0099199 
train_loss: 0.00955948 
test_loss: 0.00976089 
train_loss: 0.00923997 
test_loss: 0.00964645 
train_loss: 0.00969452 
test_loss: 0.00956141 
train_loss: 0.00969922 
test_loss: 0.00955912 
train_loss: 0.00952327 
test_loss: 0.00944787 
train_loss: 0.00942844 
test_loss: 0.00942902 
train_loss: 0.00937531 
test_loss: 0.00936835 
train_loss: 0.0091874 
test_loss: 0.00933308 
train_loss: 0.00915452 
test_loss: 0.00932455 
train_loss: 0.00912963 
test_loss: 0.00938347 
train_loss: 0.0091683 
test_loss: 0.00918509 
train_loss: 0.00937486 
test_loss: 0.00915383 
train_loss: 0.00932945 
test_loss: 0.00918343 
train_loss: 0.00912007 
test_loss: 0.00907704 
train_loss: 0.00909832 
test_loss: 0.00929963 
train_loss: 0.00915672 
test_loss: 0.00926706 
train_loss: 0.00910835 
test_loss: 0.00905034 
train_loss: 0.009077 
test_loss: 0.0092821 
train_loss: 0.00939802 
test_loss: 0.00908264 
train_loss: 0.00889037 
test_loss: 0.00908993 
train_loss: 0.00887861 
test_loss: 0.00923075 
train_loss: 0.00914051 
test_loss: 0.00909946 
train_loss: 0.00870284 
test_loss: 0.00912146 
train_loss: 0.00907117 
test_loss: 0.00898033 
train_loss: 0.00910663 
test_loss: 0.00917722 
train_loss: 0.00882193 
test_loss: 0.00897342 
train_loss: 0.00931471 
test_loss: 0.00900852 
train_loss: 0.00900214 
test_loss: 0.00902717 
train_loss: 0.00890293 
test_loss: 0.00909453 
train_loss: 0.00879994 
test_loss: 0.00905416 
train_loss: 0.00882099 
test_loss: 0.00913338 
train_loss: 0.00877929 
test_loss: 0.00899509 
train_loss: 0.00878616 
test_loss: 0.00903035 
train_loss: 0.00902375 
test_loss: 0.00903132 
train_loss: 0.00880276 
test_loss: 0.00903686 
train_loss: 0.00904321 
test_loss: 0.00879802 
train_loss: 0.0087603 
test_loss: 0.00874315 
train_loss: 0.00951341 
test_loss: 0.00898335 
train_loss: 0.00891855 
test_loss: 0.00898477 
train_loss: 0.00885077 
test_loss: 0.00872902 
train_loss: 0.0086515 
test_loss: 0.00882086 
train_loss: 0.00852184 
test_loss: 0.00878387 
train_loss: 0.00893418 
test_loss: 0.00916931 
train_loss: 0.0089493 
test_loss: 0.0087426 
train_loss: 0.00898762 
test_loss: 0.0089067 
train_loss: 0.00866949 
test_loss: 0.00872771 
train_loss: 0.00866481 
test_loss: 0.00882027 
train_loss: 0.00854032 
test_loss: 0.00880025 
train_loss: 0.00853924 
test_loss: 0.00860286 
train_loss: 0.00869731 
test_loss: 0.00892071 
train_loss: 0.00857077 
test_loss: 0.00876395 
train_loss: 0.00855542 
test_loss: 0.00856053 
train_loss: 0.00891216 
test_loss: 0.00862139 
train_loss: 0.00882092 
test_loss: 0.00870406 
train_loss: 0.00861372 
test_loss: 0.00851179 
train_loss: 0.00876108 
test_loss: 0.00873403 
train_loss: 0.00861878 
test_loss: 0.00869675 
train_loss: 0.0088317 
test_loss: 0.00900076 
train_loss: 0.0086608 
test_loss: 0.00852404 
train_loss: 0.00849221 
test_loss: 0.00853058 
train_loss: 0.00841378 
test_loss: 0.0084653 
train_loss: 0.00848809 
test_loss: 0.00853291 
train_loss: 0.00849013 
test_loss: 0.00910455 
train_loss: 0.00850695 
test_loss: 0.00870479 
train_loss: 0.00846948 
test_loss: 0.0086622 
train_loss: 0.00828999 
test_loss: 0.00864568 
train_loss: 0.00842938 
test_loss: 0.00869961 
train_loss: 0.00851793 
test_loss: 0.00855342 
train_loss: 0.0083846 
test_loss: 0.00858947 
train_loss: 0.008649 
test_loss: 0.00848101 
train_loss: 0.00898286 
test_loss: 0.00881266 
train_loss: 0.00829179 
test_loss: 0.00859397 
train_loss: 0.0086062 
test_loss: 0.00863812 
train_loss: 0.00883837 
test_loss: 0.00857342 
train_loss: 0.00884525 
test_loss: 0.00867521 
train_loss: 0.00872728 
test_loss: 0.0088693 
train_loss: 0.00835288 
test_loss: 0.00854757 
train_loss: 0.00853164 
test_loss: 0.00841861 
train_loss: 0.00855285 
test_loss: 0.0083093 
train_loss: 0.00861592 
test_loss: 0.0084128 
train_loss: 0.00844318 
test_loss: 0.00847236 
train_loss: 0.00840458 
test_loss: 0.00838707 
train_loss: 0.00799796 
test_loss: 0.0084637 
train_loss: 0.00844811 
test_loss: 0.00848314 
train_loss: 0.00838886 
test_loss: 0.00854761 
train_loss: 0.00825829 
test_loss: 0.00836989 
train_loss: 0.00841298 
test_loss: 0.00853025 
train_loss: 0.00842488 
test_loss: 0.00836272 
train_loss: 0.00772971 
test_loss: 0.00847933 
train_loss: 0.00823079 
test_loss: 0.00846972 
train_loss: 0.00804222 
test_loss: 0.0082664 
train_loss: 0.00812654 
test_loss: 0.00855214 
train_loss: 0.00818066 
test_loss: 0.0083159 
train_loss: 0.00833596 
test_loss: 0.00847078 
train_loss: 0.00857052 
test_loss: 0.00842256 
train_loss: 0.00806255 
test_loss: 0.00824979 
train_loss: 0.00830826 
test_loss: 0.00831368 
train_loss: 0.00820003 
test_loss: 0.00839386 
train_loss: 0.00821212 
test_loss: 0.00818216 
train_loss: 0.00821146 
test_loss: 0.008066 
train_loss: 0.00830858 
test_loss: 0.00818007 
train_loss: 0.0079212 
test_loss: 0.00808417 
train_loss: 0.00785817 
test_loss: 0.00806813 
train_loss: 0.00819649 
test_loss: 0.00797148 
train_loss: 0.00798318 
test_loss: 0.0078118 
train_loss: 0.00773789 
test_loss: 0.00785482 
train_loss: 0.00799257 
test_loss: 0.00775509 
train_loss: 0.00759221 
test_loss: 0.00786227 
train_loss: 0.00788024 
test_loss: 0.00785847 
train_loss: 0.00774198 
test_loss: 0.00835962 
train_loss: 0.00794183 
test_loss: 0.00750801 
train_loss: 0.00737142 
test_loss: 0.0075599 
train_loss: 0.00751135 
test_loss: 0.00783165 
train_loss: 0.00736954 
test_loss: 0.00753926 
train_loss: 0.00771082 
test_loss: 0.00751423 
train_loss: 0.00750771 
test_loss: 0.00770635 
train_loss: 0.00744347 
test_loss: 0.0075046 
train_loss: 0.00726312 
test_loss: 0.00744968 
train_loss: 0.0074093 
test_loss: 0.00740286 
train_loss: 0.00750406 
test_loss: 0.00744487 
train_loss: 0.00722682 
test_loss: 0.00748633 
train_loss: 0.00728115 
test_loss: 0.00724775 
train_loss: 0.00707489 
test_loss: 0.00722973 
train_loss: 0.00685799 
test_loss: 0.00740824 
train_loss: 0.00708815 
test_loss: 0.00712041 
train_loss: 0.00677011 
test_loss: 0.00710101 
train_loss: 0.00690128 
test_loss: 0.0071671 
train_loss: 0.00675003 
test_loss: 0.0068617 
train_loss: 0.00674463 
test_loss: 0.00689657 
train_loss: 0.00660175 
test_loss: 0.00672578 
train_loss: 0.00655623 
test_loss: 0.00678273 
train_loss: 0.00681068 
test_loss: 0.00656029 
train_loss: 0.00650844 
test_loss: 0.00665718 
train_loss: 0.00620656 
test_loss: 0.00670659 
train_loss: 0.00631731 
test_loss: 0.00630127 
train_loss: 0.00640528 
test_loss: 0.00620336 
train_loss: 0.00582135 
test_loss: 0.00607798 
train_loss: 0.0062822 
test_loss: 0.00593495 
train_loss: 0.00630006 
test_loss: 0.00603187 
train_loss: 0.00577649 
test_loss: 0.0055831 
train_loss: 0.00586514 
test_loss: 0.005772 
train_loss: 0.00555141 
test_loss: 0.005367 
train_loss: 0.00550675 
test_loss: 0.00522565 
train_loss: 0.00508227 
test_loss: 0.0050048 
train_loss: 0.00487756 
test_loss: 0.00506143 
train_loss: 0.00464267 
test_loss: 0.00507816 
train_loss: 0.00464224 
test_loss: 0.0047546 
train_loss: 0.00496961 
test_loss: 0.00485402 
train_loss: 0.00429876 
test_loss: 0.00425811 
train_loss: 0.00404096 
test_loss: 0.00424202 
train_loss: 0.00412146 
test_loss: 0.00396289 
train_loss: 0.00395579 
test_loss: 0.00409798 
train_loss: 0.00378777 
test_loss: 0.00378656 
train_loss: 0.00372906 
test_loss: 0.00378499 
train_loss: 0.00358548 
test_loss: 0.00341682 
train_loss: 0.00368581 
test_loss: 0.00359759 
train_loss: 0.00380968 
test_loss: 0.00342058 
train_loss: 0.00331293 
test_loss: 0.00365267 
train_loss: 0.00334094 
test_loss: 0.00308518 
train_loss: 0.00332703 
test_loss: 0.00348855 
train_loss: 0.00324121 
test_loss: 0.00338007 
train_loss: 0.00293692 
test_loss: 0.00306486 
train_loss: 0.00335093 
test_loss: 0.00310415 
train_loss: 0.0029061 
test_loss: 0.0030949 
train_loss: 0.00307005 
test_loss: 0.00300624 
train_loss: 0.00311299 
test_loss: 0.00287944 
train_loss: 0.00307021 
test_loss: 0.00307226 
train_loss: 0.00278934 
test_loss: 0.00272925 
train_loss: 0.00270791 
test_loss: 0.00275638 
train_loss: 0.00288495 
test_loss: 0.00283295 
train_loss: 0.00290239 
test_loss: 0.0029003 
train_loss: 0.00274292 
test_loss: 0.00294857 
train_loss: 0.00314254 
test_loss: 0.00283731 
train_loss: 0.00268535 
test_loss: 0.00295516 
train_loss: 0.00286926 
test_loss: 0.00282448 
train_loss: 0.0025007 
test_loss: 0.00245414 
train_loss: 0.00273579 
test_loss: 0.0026898 
train_loss: 0.00274351 
test_loss: 0.00241672 
train_loss: 0.00251789 
test_loss: 0.00252182 
train_loss: 0.00286785 
test_loss: 0.00269412 
train_loss: 0.0026808 
test_loss: 0.00274733 
train_loss: 0.00256568 
test_loss: 0.00247576 
train_loss: 0.00257974 
test_loss: 0.00257655 
train_loss: 0.00240667 
test_loss: 0.00277105 
train_loss: 0.00240883 
test_loss: 0.00245015 
train_loss: 0.0028002 
test_loss: 0.00258346 
train_loss: 0.00249917 
test_loss: 0.00242748 
train_loss: 0.00233044 
test_loss: 0.00230941 
train_loss: 0.00256348 
test_loss: 0.00238325 
train_loss: 0.00229868 
test_loss: 0.00221705 
train_loss: 0.00254519 
test_loss: 0.00270938 
train_loss: 0.00239413 
test_loss: 0.0026034 
train_loss: 0.00252145 
test_loss: 0.0024366 
train_loss: 0.0021524 
test_loss: 0.00230407 
train_loss: 0.00234732 
test_loss: 0.00253728 
train_loss: 0.00233692 
test_loss: 0.00222184 
train_loss: 0.00209759 
test_loss: 0.00256278 
train_loss: 0.00231884 
test_loss: 0.00227969 
train_loss: 0.0028128 
test_loss: 0.00228356 
train_loss: 0.00231085 
test_loss: 0.00231935 
train_loss: 0.00248294 
test_loss: 0.00238824 
train_loss: 0.00255809 
test_loss: 0.00213035 
train_loss: 0.00223028 
test_loss: 0.00243114 
train_loss: 0.00235054 
test_loss: 0.00235524 
