train_loss: 0.416443 
test_loss: 0.409215 
train_loss: 0.401663 
test_loss: 0.409147 
train_loss: 0.407236 
test_loss: 0.409129 
train_loss: 0.417817 
test_loss: 0.409129 
train_loss: 0.409219 
test_loss: 0.409115 
train_loss: 0.420401 
test_loss: 0.409075 
train_loss: 0.417712 
test_loss: 0.409077 
train_loss: 0.418489 
test_loss: 0.409066 
train_loss: 0.411027 
test_loss: 0.40904 
train_loss: 0.402163 
test_loss: 0.409011 
train_loss: 0.405801 
test_loss: 0.408978 
train_loss: 0.407577 
test_loss: 0.408974 
train_loss: 0.405339 
test_loss: 0.408935 
train_loss: 0.409053 
test_loss: 0.408912 
train_loss: 0.403888 
test_loss: 0.408856 
train_loss: 0.414862 
test_loss: 0.408814 
train_loss: 0.411215 
test_loss: 0.408781 
train_loss: 0.415294 
test_loss: 0.408738 
train_loss: 0.410573 
test_loss: 0.408697 
train_loss: 0.415465 
test_loss: 0.408642 
train_loss: 0.408978 
test_loss: 0.408607 
train_loss: 0.403927 
test_loss: 0.408549 
train_loss: 0.404846 
test_loss: 0.408475 
train_loss: 0.408926 
test_loss: 0.408429 
train_loss: 0.401172 
test_loss: 0.40837 
train_loss: 0.405719 
test_loss: 0.408291 
train_loss: 0.411222 
test_loss: 0.408208 
train_loss: 0.403363 
test_loss: 0.40815 
train_loss: 0.407721 
test_loss: 0.408069 
train_loss: 0.408514 
test_loss: 0.40797 
train_loss: 0.403948 
test_loss: 0.407876 
train_loss: 0.409849 
test_loss: 0.407784 
train_loss: 0.407367 
test_loss: 0.407687 
train_loss: 0.412559 
test_loss: 0.407583 
train_loss: 0.41118 
test_loss: 0.407482 
train_loss: 0.407704 
test_loss: 0.407348 
train_loss: 0.413023 
test_loss: 0.407255 
train_loss: 0.410592 
test_loss: 0.40711 
train_loss: 0.411452 
test_loss: 0.40697 
train_loss: 0.40382 
test_loss: 0.406825 
train_loss: 0.407788 
test_loss: 0.406686 
train_loss: 0.401407 
test_loss: 0.406533 
train_loss: 0.403205 
test_loss: 0.406341 
train_loss: 0.407745 
test_loss: 0.406173 
train_loss: 0.408813 
test_loss: 0.406002 
train_loss: 0.397855 
test_loss: 0.405789 
train_loss: 0.401245 
test_loss: 0.405597 
train_loss: 0.40621 
test_loss: 0.405378 
train_loss: 0.410622 
test_loss: 0.405158 
train_loss: 0.401822 
test_loss: 0.40494 
train_loss: 0.410761 
test_loss: 0.404685 
train_loss: 0.394451 
test_loss: 0.404406 
train_loss: 0.409183 
test_loss: 0.40415 
train_loss: 0.412283 
test_loss: 0.403852 
train_loss: 0.408567 
test_loss: 0.403546 
train_loss: 0.405466 
test_loss: 0.403233 
train_loss: 0.401279 
test_loss: 0.402908 
train_loss: 0.407704 
test_loss: 0.402561 
train_loss: 0.405597 
test_loss: 0.402191 
train_loss: 0.399526 
test_loss: 0.401802 
train_loss: 0.400371 
test_loss: 0.401396 
train_loss: 0.393206 
test_loss: 0.400964 
train_loss: 0.405056 
test_loss: 0.400526 
train_loss: 0.398724 
test_loss: 0.40005 
train_loss: 0.40018 
test_loss: 0.399541 
train_loss: 0.397506 
test_loss: 0.399053 
train_loss: 0.408393 
test_loss: 0.398494 
train_loss: 0.410537 
test_loss: 0.397934 
train_loss: 0.391601 
test_loss: 0.39733 
train_loss: 0.3957 
test_loss: 0.396685 
train_loss: 0.402365 
test_loss: 0.396044 
train_loss: 0.392981 
test_loss: 0.395366 
train_loss: 0.397531 
test_loss: 0.394628 
train_loss: 0.393211 
test_loss: 0.393873 
train_loss: 0.385258 
test_loss: 0.393058 
train_loss: 0.387871 
test_loss: 0.392218 
train_loss: 0.391433 
test_loss: 0.39135 
train_loss: 0.397211 
test_loss: 0.390428 
train_loss: 0.386638 
test_loss: 0.389465 
train_loss: 0.388209 
test_loss: 0.388443 
train_loss: 0.384551 
test_loss: 0.387397 
train_loss: 0.385723 
test_loss: 0.386275 
train_loss: 0.387198 
test_loss: 0.385116 
train_loss: 0.386407 
test_loss: 0.383887 
train_loss: 0.383678 
test_loss: 0.382608 
train_loss: 0.376599 
test_loss: 0.381277 
train_loss: 0.381245 
test_loss: 0.379884 
train_loss: 0.378188 
test_loss: 0.378406 
train_loss: 0.377747 
test_loss: 0.376859 
train_loss: 0.372243 
test_loss: 0.375266 
train_loss: 0.370435 
test_loss: 0.373571 
train_loss: 0.375897 
test_loss: 0.371808 
train_loss: 0.362552 
test_loss: 0.369971 
train_loss: 0.359501 
test_loss: 0.36804 
train_loss: 0.372461 
test_loss: 0.366029 
train_loss: 0.373327 
test_loss: 0.363922 
train_loss: 0.360584 
test_loss: 0.36171 
train_loss: 0.357422 
test_loss: 0.359409 
train_loss: 0.351631 
test_loss: 0.357012 
train_loss: 0.356662 
test_loss: 0.354504 
train_loss: 0.356052 
test_loss: 0.351902 
train_loss: 0.351406 
test_loss: 0.349146 
train_loss: 0.349694 
test_loss: 0.346287 
train_loss: 0.343214 
test_loss: 0.343323 
train_loss: 0.343424 
test_loss: 0.340219 
train_loss: 0.332639 
test_loss: 0.336992 
train_loss: 0.331372 
test_loss: 0.33362 
train_loss: 0.328658 
test_loss: 0.33009 
train_loss: 0.323693 
test_loss: 0.326425 
train_loss: 0.324936 
test_loss: 0.322601 
train_loss: 0.317878 
test_loss: 0.318619 
train_loss: 0.314843 
test_loss: 0.314494 
train_loss: 0.313751 
test_loss: 0.310195 
train_loss: 0.303585 
test_loss: 0.305698 
train_loss: 0.307362 
test_loss: 0.301026 
train_loss: 0.293942 
test_loss: 0.296187 
train_loss: 0.288546 
test_loss: 0.291142 
train_loss: 0.285845 
test_loss: 0.285897 
train_loss: 0.273292 
test_loss: 0.280423 
train_loss: 0.276482 
test_loss: 0.274759 
train_loss: 0.266984 
test_loss: 0.268852 
train_loss: 0.261732 
test_loss: 0.262702 
train_loss: 0.256126 
test_loss: 0.25628 
train_loss: 0.24729 
test_loss: 0.249605 
train_loss: 0.237716 
test_loss: 0.242639 
train_loss: 0.229823 
test_loss: 0.235346 
train_loss: 0.233616 
test_loss: 0.227733 
train_loss: 0.223922 
test_loss: 0.219791 
train_loss: 0.212216 
test_loss: 0.211476 
train_loss: 0.202147 
test_loss: 0.2028 
train_loss: 0.193571 
test_loss: 0.19378 
train_loss: 0.179998 
test_loss: 0.184441 
train_loss: 0.179757 
test_loss: 0.174813 
train_loss: 0.164148 
test_loss: 0.165076 
train_loss: 0.156256 
test_loss: 0.155307 
train_loss: 0.146695 
test_loss: 0.145687 
train_loss: 0.135493 
test_loss: 0.136378 
train_loss: 0.130024 
test_loss: 0.127528 
train_loss: 0.120701 
test_loss: 0.119276 
train_loss: 0.111918 
test_loss: 0.111694 
train_loss: 0.106106 
test_loss: 0.104863 
train_loss: 0.097225 
test_loss: 0.0988148 
train_loss: 0.0970906 
test_loss: 0.0935329 
train_loss: 0.0871021 
test_loss: 0.0889763 
train_loss: 0.0849066 
test_loss: 0.0850443 
train_loss: 0.0810605 
test_loss: 0.0816578 
train_loss: 0.0784648 
test_loss: 0.0787141 
train_loss: 0.0746135 
test_loss: 0.0761449 
train_loss: 0.0733462 
test_loss: 0.0738905 
train_loss: 0.0708573 
test_loss: 0.0718975 
train_loss: 0.0702622 
test_loss: 0.0701351 
train_loss: 0.0690118 
test_loss: 0.0685577 
train_loss: 0.0688729 
test_loss: 0.0671457 
train_loss: 0.0660544 
test_loss: 0.0658698 
train_loss: 0.064166 
test_loss: 0.0647014 
train_loss: 0.0639689 
test_loss: 0.063626 
train_loss: 0.0622726 
test_loss: 0.0626254 
train_loss: 0.06221 
test_loss: 0.0616955 
train_loss: 0.0619009 
test_loss: 0.0608174 
train_loss: 0.0590653 
test_loss: 0.059986 
train_loss: 0.058066 
test_loss: 0.0591978 
train_loss: 0.0593659 
test_loss: 0.0584414 
train_loss: 0.0564498 
test_loss: 0.0577131 
train_loss: 0.0564885 
test_loss: 0.0570088 
train_loss: 0.0563372 
test_loss: 0.056336 
train_loss: 0.055629 
test_loss: 0.0556739 
train_loss: 0.054835 
test_loss: 0.0550177 
train_loss: 0.0540347 
test_loss: 0.0543873 
train_loss: 0.0540069 
test_loss: 0.0537482 
train_loss: 0.0529982 
test_loss: 0.0531253 
train_loss: 0.0513975 
test_loss: 0.0524873 
train_loss: 0.0515545 
test_loss: 0.0518438 
train_loss: 0.0515786 
test_loss: 0.0511982 
train_loss: 0.0498799 
test_loss: 0.0505158 
train_loss: 0.0504238 
test_loss: 0.0498341 
train_loss: 0.0489658 
test_loss: 0.0491225 
train_loss: 0.049106 
test_loss: 0.0484033 
train_loss: 0.0469155 
test_loss: 0.0476617 
train_loss: 0.046377 
test_loss: 0.0469116 
train_loss: 0.0456236 
test_loss: 0.0461457 
train_loss: 0.0453441 
test_loss: 0.0453547 
train_loss: 0.0441822 
test_loss: 0.044537 
train_loss: 0.0436069 
test_loss: 0.0437223 
train_loss: 0.0419775 
test_loss: 0.0428873 
train_loss: 0.0421867 
test_loss: 0.0420191 
train_loss: 0.0408617 
test_loss: 0.0411474 
train_loss: 0.0409664 
test_loss: 0.0402609 
train_loss: 0.0394326 
test_loss: 0.0392871 
train_loss: 0.0382007 
test_loss: 0.0382994 
train_loss: 0.0370296 
test_loss: 0.0372435 
train_loss: 0.0358994 
test_loss: 0.0360836 
train_loss: 0.0348124 
test_loss: 0.0348681 
train_loss: 0.0331563 
test_loss: 0.0335174 
train_loss: 0.0311646 
test_loss: 0.0320712 
train_loss: 0.0303268 
test_loss: 0.0304816 
train_loss: 0.027818 
test_loss: 0.0286874 
train_loss: 0.0263535 
test_loss: 0.0266995 
train_loss: 0.0243897 
test_loss: 0.0245588 
train_loss: 0.0226079 
test_loss: 0.0223062 
train_loss: 0.0197245 
test_loss: 0.0202022 
train_loss: 0.018123 
test_loss: 0.0181609 
train_loss: 0.0167106 
test_loss: 0.0165274 
train_loss: 0.0152493 
test_loss: 0.0152507 
train_loss: 0.0144407 
test_loss: 0.0143179 
train_loss: 0.0133824 
test_loss: 0.0136111 
train_loss: 0.0133321 
test_loss: 0.0130437 
train_loss: 0.0125286 
test_loss: 0.012651 
train_loss: 0.0122506 
test_loss: 0.0122599 
train_loss: 0.0121124 
test_loss: 0.012 
train_loss: 0.0116774 
test_loss: 0.0116924 
train_loss: 0.0116816 
test_loss: 0.0116449 
train_loss: 0.0113513 
test_loss: 0.0113234 
train_loss: 0.010919 
test_loss: 0.0111978 
train_loss: 0.0110267 
test_loss: 0.0109565 
train_loss: 0.0107574 
test_loss: 0.010794 
train_loss: 0.0107274 
test_loss: 0.0107002 
train_loss: 0.010271 
test_loss: 0.0104612 
train_loss: 0.0104569 
test_loss: 0.0105396 
train_loss: 0.0099961 
test_loss: 0.0103449 
train_loss: 0.00989289 
test_loss: 0.0101762 
train_loss: 0.00994031 
test_loss: 0.0101764 
train_loss: 0.0098758 
test_loss: 0.00998006 
train_loss: 0.00986554 
test_loss: 0.0100282 
train_loss: 0.00964167 
test_loss: 0.00994326 
train_loss: 0.00971192 
test_loss: 0.00980396 
train_loss: 0.00973868 
test_loss: 0.00977204 
train_loss: 0.00964063 
test_loss: 0.00975802 
train_loss: 0.00963561 
test_loss: 0.00964765 
train_loss: 0.00958185 
test_loss: 0.00957361 
train_loss: 0.00945381 
test_loss: 0.00957208 
train_loss: 0.00931244 
test_loss: 0.00967441 
train_loss: 0.00935762 
test_loss: 0.00943561 
train_loss: 0.00962512 
test_loss: 0.00947032 
train_loss: 0.00926624 
test_loss: 0.00948223 
train_loss: 0.00955451 
test_loss: 0.00943822 
train_loss: 0.00931733 
test_loss: 0.0094558 
train_loss: 0.00916417 
test_loss: 0.00926944 
train_loss: 0.00936864 
test_loss: 0.00910408 
train_loss: 0.00903893 
test_loss: 0.00920231 
train_loss: 0.00926915 
test_loss: 0.00913646 
train_loss: 0.00895361 
test_loss: 0.00907236 
train_loss: 0.00893291 
test_loss: 0.00902963 
train_loss: 0.00885266 
test_loss: 0.00909143 
train_loss: 0.00877861 
test_loss: 0.0089269 
train_loss: 0.00890137 
test_loss: 0.00930349 
train_loss: 0.00887294 
test_loss: 0.00899276 
train_loss: 0.00897052 
test_loss: 0.00883402 
train_loss: 0.00879127 
test_loss: 0.00893871 
train_loss: 0.00916916 
test_loss: 0.00903544 
train_loss: 0.00889431 
test_loss: 0.00882258 
train_loss: 0.00892523 
test_loss: 0.00885793 
train_loss: 0.00843232 
test_loss: 0.00885373 
train_loss: 0.00852906 
test_loss: 0.00876198 
train_loss: 0.0083786 
test_loss: 0.0087066 
train_loss: 0.00881675 
test_loss: 0.00880671 
train_loss: 0.00875725 
test_loss: 0.00882806 
train_loss: 0.0086227 
test_loss: 0.00871679 
train_loss: 0.00830942 
test_loss: 0.00910819 
train_loss: 0.00854439 
test_loss: 0.0088044 
train_loss: 0.00847355 
test_loss: 0.00897428 
train_loss: 0.00853789 
test_loss: 0.00861708 
train_loss: 0.00823276 
test_loss: 0.00875995 
train_loss: 0.00837727 
test_loss: 0.00843504 
train_loss: 0.00859235 
test_loss: 0.00863465 
train_loss: 0.00908881 
test_loss: 0.00858144 
train_loss: 0.0083993 
test_loss: 0.00857214 
train_loss: 0.00857953 
test_loss: 0.00852423 
train_loss: 0.00817219 
test_loss: 0.00832028 
train_loss: 0.00854209 
test_loss: 0.00891686 
train_loss: 0.0086651 
test_loss: 0.00857845 
train_loss: 0.00832435 
test_loss: 0.00839196 
train_loss: 0.00813 
test_loss: 0.0081168 
train_loss: 0.00828356 
test_loss: 0.00845232 
train_loss: 0.00829323 
test_loss: 0.00851664 
train_loss: 0.00828674 
test_loss: 0.00835949 
train_loss: 0.00789993 
test_loss: 0.00821197 
train_loss: 0.0080545 
test_loss: 0.00814944 
train_loss: 0.00799577 
test_loss: 0.00793931 
train_loss: 0.00780115 
test_loss: 0.00800976 
train_loss: 0.00819719 
test_loss: 0.0079851 
train_loss: 0.00740111 
test_loss: 0.00748607 
train_loss: 0.00780924 
test_loss: 0.00760087 
train_loss: 0.00718514 
test_loss: 0.00744319 
train_loss: 0.00719113 
test_loss: 0.00724018 
train_loss: 0.00696199 
test_loss: 0.00673457 
train_loss: 0.00698759 
test_loss: 0.00708301 
train_loss: 0.00629982 
test_loss: 0.00628136 
train_loss: 0.00556415 
test_loss: 0.0057585 
train_loss: 0.00526496 
test_loss: 0.00527324 
train_loss: 0.00543445 
test_loss: 0.0058309 
train_loss: 0.00500388 
test_loss: 0.0048489 
train_loss: 0.00481341 
test_loss: 0.00513423 
train_loss: 0.00461153 
test_loss: 0.00425929 
train_loss: 0.00407732 
test_loss: 0.00453964 
train_loss: 0.00383028 
test_loss: 0.00381456 
train_loss: 0.00383158 
test_loss: 0.0039472 
train_loss: 0.00435561 
test_loss: 0.00438186 
train_loss: 0.00449747 
test_loss: 0.00348467 
train_loss: 0.00362705 
test_loss: 0.00336203 
train_loss: 0.00405445 
test_loss: 0.00432543 
train_loss: 0.00379145 
test_loss: 0.00415361 
train_loss: 0.00353724 
test_loss: 0.00333213 
train_loss: 0.00406651 
test_loss: 0.00385632 
train_loss: 0.00354511 
test_loss: 0.00342712 
train_loss: 0.00356561 
test_loss: 0.00343209 
train_loss: 0.00338061 
test_loss: 0.00313366 
train_loss: 0.00363617 
test_loss: 0.0034864 
train_loss: 0.00324447 
test_loss: 0.00375317 
train_loss: 0.0033771 
test_loss: 0.00408337 
train_loss: 0.00319851 
test_loss: 0.003276 
train_loss: 0.00390334 
test_loss: 0.00313821 
train_loss: 0.00397208 
test_loss: 0.0039263 
train_loss: 0.00356921 
test_loss: 0.00322476 
train_loss: 0.00358674 
test_loss: 0.00344503 
train_loss: 0.00337235 
test_loss: 0.00346538 
train_loss: 0.00288227 
test_loss: 0.00346676 
train_loss: 0.0033387 
test_loss: 0.00283272 
train_loss: 0.00302327 
test_loss: 0.00331765 
train_loss: 0.00287706 
test_loss: 0.00321864 
train_loss: 0.00307853 
test_loss: 0.00379513 
train_loss: 0.00300065 
test_loss: 0.00288348 
train_loss: 0.0030413 
test_loss: 0.00320873 
train_loss: 0.00351715 
test_loss: 0.00282725 
train_loss: 0.00259578 
test_loss: 0.00261778 
train_loss: 0.0033568 
test_loss: 0.00306003 
train_loss: 0.00317374 
test_loss: 0.00356493 
train_loss: 0.00290634 
test_loss: 0.00318753 
train_loss: 0.00363843 
test_loss: 0.00313988 
train_loss: 0.00289249 
test_loss: 0.00314605 
train_loss: 0.00296741 
test_loss: 0.0028539 
train_loss: 0.00275433 
test_loss: 0.00277649 
train_loss: 0.00292603 
test_loss: 0.00299 
train_loss: 0.00323793 
test_loss: 0.00329702 
train_loss: 0.00308262 
test_loss: 0.0027935 
train_loss: 0.00310329 
test_loss: 0.00359355 
train_loss: 0.00272546 
test_loss: 0.00264459 
train_loss: 0.00316293 
test_loss: 0.00274308 
train_loss: 0.00328977 
test_loss: 0.00341471 
train_loss: 0.00291271 
test_loss: 0.00316871 
train_loss: 0.00352901 
test_loss: 0.00313768 
train_loss: 0.00282122 
test_loss: 0.00306818 
train_loss: 0.00276452 
test_loss: 0.00255795 
train_loss: 0.00355281 
test_loss: 0.0033842 
train_loss: 0.0026762 
test_loss: 0.00302666 
train_loss: 0.00255286 
test_loss: 0.0025034 
train_loss: 0.00336033 
test_loss: 0.00288509 
train_loss: 0.00281746 
test_loss: 0.00291071 
train_loss: 0.00252949 
test_loss: 0.00242345 
train_loss: 0.00253446 
test_loss: 0.00243523 
train_loss: 0.00284187 
test_loss: 0.00263614 
train_loss: 0.00305914 
test_loss: 0.00283975 
train_loss: 0.00284851 
test_loss: 0.00273355 
train_loss: 0.00276925 
test_loss: 0.00304303 
train_loss: 0.0025791 
test_loss: 0.00323916 
train_loss: 0.00260323 
test_loss: 0.00278132 
train_loss: 0.00284122 
test_loss: 0.0028849 
train_loss: 0.00262025 
test_loss: 0.00305106 
train_loss: 0.0028404 
test_loss: 0.00239974 
train_loss: 0.0028963 
test_loss: 0.0027915 
train_loss: 0.00275466 
test_loss: 0.00271596 
train_loss: 0.00281429 
test_loss: 0.00255971 
train_loss: 0.00317752 
test_loss: 0.00351183 
train_loss: 0.00256728 
test_loss: 0.00282135 
train_loss: 0.0031047 
test_loss: 0.00240304 
train_loss: 0.00270421 
test_loss: 0.00251463 
train_loss: 0.00259345 
test_loss: 0.00276061 
train_loss: 0.00287555 
test_loss: 0.00272935 
train_loss: 0.00290209 
test_loss: 0.00262821 
train_loss: 0.00268218 
test_loss: 0.00283402 
train_loss: 0.00278787 
test_loss: 0.00256548 
train_loss: 0.00252959 
test_loss: 0.00261232 
train_loss: 0.00242173 
test_loss: 0.0028208 
train_loss: 0.00259429 
test_loss: 0.00244884 
train_loss: 0.00244534 
test_loss: 0.00264866 
train_loss: 0.00234353 
test_loss: 0.00271341 
train_loss: 0.00227256 
test_loss: 0.00247196 
train_loss: 0.00242995 
test_loss: 0.00298041 
train_loss: 0.0024653 
test_loss: 0.00274722 
train_loss: 0.00256401 
test_loss: 0.00251562 
train_loss: 0.00242333 
test_loss: 0.00241151 
train_loss: 0.00251266 
test_loss: 0.00239978 
train_loss: 0.00262403 
test_loss: 0.00314806 
train_loss: 0.00262651 
test_loss: 0.00242191 
train_loss: 0.00219454 
test_loss: 0.00224438 
train_loss: 0.00276012 
test_loss: 0.00245566 
train_loss: 0.0023272 
test_loss: 0.00277907 
train_loss: 0.00269155 
test_loss: 0.0027232 
train_loss: 0.00232855 
test_loss: 0.00291036 
train_loss: 0.00242363 
test_loss: 0.00268115 
train_loss: 0.00271015 
test_loss: 0.00238029 
train_loss: 0.00212163 
test_loss: 0.00239522 
train_loss: 0.00246532 
test_loss: 0.00243874 
train_loss: 0.00246224 
test_loss: 0.00257532 
train_loss: 0.00287545 
test_loss: 0.00235244 
train_loss: 0.00261912 
test_loss: 0.00225678 
train_loss: 0.00214131 
test_loss: 0.00217341 
train_loss: 0.0023619 
test_loss: 0.00234779 
train_loss: 0.00258988 
test_loss: 0.00271017 
train_loss: 0.00226767 
test_loss: 0.00237986 
train_loss: 0.00227687 
test_loss: 0.00240427 
train_loss: 0.00245163 
test_loss: 0.00241605 
train_loss: 0.00270875 
test_loss: 0.0023499 
train_loss: 0.00231662 
test_loss: 0.00218698 
train_loss: 0.00235805 
test_loss: 0.00281522 
train_loss: 0.00228067 
test_loss: 0.00227206 
train_loss: 0.00271735 
test_loss: 0.00248107 
train_loss: 0.00287016 
test_loss: 0.0023254 
train_loss: 0.00215992 
test_loss: 0.00253705 
train_loss: 0.00237931 
test_loss: 0.00229751 
train_loss: 0.00249477 
test_loss: 0.00231166 
train_loss: 0.00226556 
test_loss: 0.00239439 
train_loss: 0.00221342 
test_loss: 0.00222399 
train_loss: 0.00263105 
test_loss: 0.00228924 
train_loss: 0.00240883 
test_loss: 0.00230641 
train_loss: 0.00242538 
test_loss: 0.00227567 
train_loss: 0.00222617 
test_loss: 0.0027691 
train_loss: 0.0020951 
test_loss: 0.00238046 
train_loss: 0.0025516 
test_loss: 0.00226799 
train_loss: 0.00233578 
test_loss: 0.00235874 
train_loss: 0.00223549 
test_loss: 0.00266084 
train_loss: 0.00253048 
test_loss: 0.00254617 
train_loss: 0.00224142 
test_loss: 0.00200638 
train_loss: 0.00200662 
test_loss: 0.00227911 
train_loss: 0.00249043 
test_loss: 0.00267199 
train_loss: 0.00233684 
test_loss: 0.00242352 
train_loss: 0.00255851 
test_loss: 0.00250413 
train_loss: 0.00214172 
test_loss: 0.00229139 
train_loss: 0.00195584 
test_loss: 0.00223924 
train_loss: 0.0022338 
test_loss: 0.00257694 
train_loss: 0.00231199 
test_loss: 0.00242209 
train_loss: 0.00249591 
test_loss: 0.00245371 
train_loss: 0.00219462 
test_loss: 0.00207891 
train_loss: 0.00218048 
test_loss: 0.00216074 
train_loss: 0.00198346 
test_loss: 0.00209834 
train_loss: 0.00206547 
test_loss: 0.00254133 
train_loss: 0.00230975 
test_loss: 0.00230547 
train_loss: 0.00227855 
test_loss: 0.00210957 
train_loss: 0.00218404 
test_loss: 0.00223276 
train_loss: 0.00217375 
test_loss: 0.00231901 
train_loss: 0.00199988 
test_loss: 0.00226623 
train_loss: 0.00216427 
test_loss: 0.00219945 
train_loss: 0.00244563 
test_loss: 0.00216472 
train_loss: 0.00221641 
test_loss: 0.00231169 
train_loss: 0.0021871 
test_loss: 0.00224278 
train_loss: 0.00195504 
test_loss: 0.00220298 
train_loss: 0.00231016 
test_loss: 0.00210548 
train_loss: 0.00228698 
test_loss: 0.00231375 
train_loss: 0.00205456 
test_loss: 0.00216569 
train_loss: 0.00211064 
test_loss: 0.00240492 
train_loss: 0.00223278 
test_loss: 0.00200652 
train_loss: 0.00249023 
test_loss: 0.00230465 
train_loss: 0.00209602 
test_loss: 0.0022656 
train_loss: 0.00239199 
test_loss: 0.00214311 
train_loss: 0.00227804 
test_loss: 0.00244787 
train_loss: 0.00220729 
test_loss: 0.00209412 
train_loss: 0.00229543 
test_loss: 0.002354 
train_loss: 0.00204509 
test_loss: 0.00233001 
train_loss: 0.00233011 
test_loss: 0.00233858 
train_loss: 0.00202933 
test_loss: 0.00229379 
train_loss: 0.00203492 
test_loss: 0.00247629 
train_loss: 0.00209832 
test_loss: 0.00211351 
train_loss: 0.00197285 
test_loss: 0.00190855 
train_loss: 0.00200833 
test_loss: 0.00199163 
train_loss: 0.00212323 
test_loss: 0.00202351 
train_loss: 0.00185247 
test_loss: 0.00184983 
train_loss: 0.00244372 
test_loss: 0.00258813 
train_loss: 0.00217261 
test_loss: 0.00230881 
train_loss: 0.0018363 
test_loss: 0.00183593 
train_loss: 0.00197159 
test_loss: 0.00202367 
train_loss: 0.00225487 
test_loss: 0.00209712 
train_loss: 0.00211678 
test_loss: 0.00210547 
train_loss: 0.00217445 
test_loss: 0.00212945 
train_loss: 0.00201234 
test_loss: 0.00213263 
train_loss: 0.00198997 
test_loss: 0.00200898 
train_loss: 0.00198851 
test_loss: 0.002051 
train_loss: 0.00195716 
test_loss: 0.00189448 
train_loss: 0.00180115 
test_loss: 0.00197189 
train_loss: 0.00202057 
test_loss: 0.00216023 
train_loss: 0.00182505 
test_loss: 0.0019661 
train_loss: 0.00212582 
test_loss: 0.0024723 
train_loss: 0.00199066 
test_loss: 0.00208851 
train_loss: 0.00239687 
test_loss: 0.00209094 
train_loss: 0.00218346 
test_loss: 0.00222381 
train_loss: 0.00192083 
test_loss: 0.00217898 
train_loss: 0.00206049 
test_loss: 0.00225508 
train_loss: 0.00212499 
test_loss: 0.00210379 
train_loss: 0.00219459 
test_loss: 0.00215471 
train_loss: 0.00206905 
test_loss: 0.00203448 
train_loss: 0.00196567 
test_loss: 0.00204321 
train_loss: 0.00208874 
test_loss: 0.0018485 
train_loss: 0.00206034 
test_loss: 0.00192256 
train_loss: 0.00198814 
test_loss: 0.0019598 
train_loss: 0.00187747 
test_loss: 0.00194822 
train_loss: 0.00202067 
test_loss: 0.00197 
train_loss: 0.00260488 
test_loss: 0.00209733 
train_loss: 0.00214624 
test_loss: 0.0020074 
train_loss: 0.00187546 
test_loss: 0.00209208 
train_loss: 0.00203267 
test_loss: 0.00180617 
train_loss: 0.00205699 
test_loss: 0.0021316 
train_loss: 0.00253705 
test_loss: 0.00208016 
train_loss: 0.00183956 
test_loss: 0.00186839 
train_loss: 0.00232945 
test_loss: 0.00187257 
train_loss: 0.00242761 
test_loss: 0.0020209 
train_loss: 0.00224348 
test_loss: 0.00191083 
train_loss: 0.00178247 
test_loss: 0.00182661 
train_loss: 0.00199497 
test_loss: 0.00188379 
train_loss: 0.00210961 
test_loss: 0.00205521 
train_loss: 0.00191392 
test_loss: 0.00194506 
train_loss: 0.0017701 
test_loss: 0.00194863 
train_loss: 0.00203582 
test_loss: 0.00192504 
train_loss: 0.00211042 
test_loss: 0.00200979 
train_loss: 0.00208537 
test_loss: 0.00221594 
train_loss: 0.00207783 
test_loss: 0.0020162 
train_loss: 0.0019775 
test_loss: 0.00207912 
train_loss: 0.00189323 
test_loss: 0.00194057 
train_loss: 0.00203388 
test_loss: 0.00208976 
train_loss: 0.00193438 
test_loss: 0.00202736 
train_loss: 0.00197592 
test_loss: 0.00204506 
train_loss: 0.00191085 
test_loss: 0.00227773 
train_loss: 0.00212793 
test_loss: 0.00208766 
train_loss: 0.00215517 
test_loss: 0.00199434 
train_loss: 0.00186729 
test_loss: 0.00190381 
train_loss: 0.00203726 
test_loss: 0.00197845 
train_loss: 0.00196544 
test_loss: 0.00216298 
train_loss: 0.0021166 
test_loss: 0.00197166 
train_loss: 0.00203313 
test_loss: 0.00196961 
train_loss: 0.00236787 
test_loss: 0.00194613 
train_loss: 0.00187358 
test_loss: 0.00188141 
train_loss: 0.00220484 
test_loss: 0.00212343 
train_loss: 0.0018523 
test_loss: 0.00186048 
train_loss: 0.00205453 
test_loss: 0.00192513 
train_loss: 0.00197683 
test_loss: 0.00224733 
train_loss: 0.00184893 
test_loss: 0.00174629 
train_loss: 0.00238948 
test_loss: 0.00245144 
train_loss: 0.00218731 
test_loss: 0.00191809 
train_loss: 0.00187122 
test_loss: 0.0018635 
train_loss: 0.00186744 
test_loss: 0.00190934 
train_loss: 0.00233313 
test_loss: 0.00205707 
train_loss: 0.00192728 
test_loss: 0.00172732 
train_loss: 0.00195131 
test_loss: 0.00216682 
train_loss: 0.00186995 
test_loss: 0.0022179 
train_loss: 0.00201515 
test_loss: 0.00198523 
train_loss: 0.00208312 
test_loss: 0.00189917 
train_loss: 0.00181862 
test_loss: 0.0018101 
train_loss: 0.0019761 
test_loss: 0.00192698 
train_loss: 0.00200154 
test_loss: 0.00202831 
train_loss: 0.00209096 
test_loss: 0.00191187 
train_loss: 0.00184692 
test_loss: 0.00202145 
train_loss: 0.00183463 
test_loss: 0.00180744 
train_loss: 0.00180731 
test_loss: 0.00180953 
train_loss: 0.00178065 
test_loss: 0.00176404 
train_loss: 0.00185013 
test_loss: 0.00172453 
train_loss: 0.00203857 
test_loss: 0.00196234 
train_loss: 0.00174613 
test_loss: 0.00183038 
train_loss: 0.00202522 
test_loss: 0.00199315 
train_loss: 0.00185295 
test_loss: 0.00183749 
train_loss: 0.00177611 
test_loss: 0.00181231 
train_loss: 0.00188032 
test_loss: 0.00198119 
train_loss: 0.00186516 
test_loss: 0.0017696 
train_loss: 0.00181668 
test_loss: 0.00207903 
train_loss: 0.00216021 
test_loss: 0.0020899 
train_loss: 0.00187001 
test_loss: 0.00205126 
train_loss: 0.00190196 
test_loss: 0.00204636 
train_loss: 0.00199648 
test_loss: 0.00182027 
train_loss: 0.00183748 
test_loss: 0.00180787 
train_loss: 0.00193812 
test_loss: 0.00178776 
train_loss: 0.00190401 
test_loss: 0.00173133 
train_loss: 0.00205497 
test_loss: 0.00187124 
train_loss: 0.00173269 
test_loss: 0.00176874 
train_loss: 0.00216416 
test_loss: 0.00191341 
train_loss: 0.00181761 
test_loss: 0.00183182 
train_loss: 0.00188758 
test_loss: 0.00192403 
train_loss: 0.00202589 
test_loss: 0.00191963 
train_loss: 0.00189414 
test_loss: 0.001814 
train_loss: 0.00202298 
test_loss: 0.00189429 
train_loss: 0.00187197 
test_loss: 0.00178404 
train_loss: 0.00183926 
test_loss: 0.00180805 
train_loss: 0.00172186 
test_loss: 0.00169284 
train_loss: 0.00205677 
test_loss: 0.00193723 
train_loss: 0.00175659 
test_loss: 0.00183883 
train_loss: 0.00177747 
test_loss: 0.0018521 
train_loss: 0.00174428 
test_loss: 0.00164532 
train_loss: 0.00198787 
test_loss: 0.00179358 
train_loss: 0.0017948 
test_loss: 0.00193742 
train_loss: 0.00152914 
test_loss: 0.00183821 
train_loss: 0.00173711 
test_loss: 0.00193702 
train_loss: 0.00181151 
test_loss: 0.0015733 
train_loss: 0.00171632 
test_loss: 0.00176962 
train_loss: 0.00157689 
test_loss: 0.00167504 
train_loss: 0.00198821 
test_loss: 0.00194999 
train_loss: 0.00207704 
test_loss: 0.00195281 
train_loss: 0.00163508 
test_loss: 0.0017622 
train_loss: 0.00173042 
test_loss: 0.00167882 
train_loss: 0.00229637 
test_loss: 0.00177267 
train_loss: 0.00170974 
test_loss: 0.00166025 
train_loss: 0.00167806 
test_loss: 0.00202277 
train_loss: 0.00176789 
test_loss: 0.00182191 
train_loss: 0.00157715 
test_loss: 0.00182842 
train_loss: 0.00178168 
test_loss: 0.00174005 
train_loss: 0.00172428 
test_loss: 0.0018113 
train_loss: 0.00178884 
test_loss: 0.00162646 
train_loss: 0.00172238 
test_loss: 0.0018523 
train_loss: 0.00170717 
test_loss: 0.00174498 
train_loss: 0.0017041 
test_loss: 0.00172864 
train_loss: 0.00173309 
test_loss: 0.00201474 
train_loss: 0.00181634 
test_loss: 0.00182217 
train_loss: 0.0018446 
test_loss: 0.00175808 
train_loss: 0.00204089 
test_loss: 0.00181672 
train_loss: 0.00173454 
test_loss: 0.00164754 
train_loss: 0.00173887 
test_loss: 0.00179436 
train_loss: 0.00164806 
test_loss: 0.00221799 
train_loss: 0.0016262 
test_loss: 0.00187594 
train_loss: 0.00172743 
test_loss: 0.00193485 
train_loss: 0.00172493 
test_loss: 0.00179282 
train_loss: 0.00174812 
test_loss: 0.00176921 
train_loss: 0.00174637 
test_loss: 0.00165818 
train_loss: 0.00181253 
test_loss: 0.00172817 
train_loss: 0.00174827 
test_loss: 0.0017136 
train_loss: 0.00176386 
test_loss: 0.00190594 
train_loss: 0.00172558 
test_loss: 0.00186093 
train_loss: 0.00182882 
test_loss: 0.00183807 
train_loss: 0.00170404 
test_loss: 0.002243 
train_loss: 0.00171212 
test_loss: 0.00183533 
train_loss: 0.00177379 
test_loss: 0.00158928 
train_loss: 0.00173391 
test_loss: 0.00165328 
train_loss: 0.00166204 
test_loss: 0.00175648 
train_loss: 0.00176319 
test_loss: 0.00185937 
train_loss: 0.00153392 
test_loss: 0.00182499 
train_loss: 0.0017189 
test_loss: 0.00180557 
train_loss: 0.00173331 
test_loss: 0.00178041 
train_loss: 0.00192979 
test_loss: 0.00169648 
train_loss: 0.00180088 
test_loss: 0.00181418 
train_loss: 0.00199757 
test_loss: 0.00190051 
train_loss: 0.00161357 
test_loss: 0.00175285 
train_loss: 0.00171428 
test_loss: 0.0015903 
train_loss: 0.00164101 
test_loss: 0.0017157 
train_loss: 0.00160952 
test_loss: 0.00176263 
train_loss: 0.0016659 
test_loss: 0.0016334 
train_loss: 0.00196711 
test_loss: 0.00188479 
train_loss: 0.00151513 
test_loss: 0.00165961 
train_loss: 0.00167108 
test_loss: 0.00175479 
train_loss: 0.00181165 
test_loss: 0.00181256 
train_loss: 0.00179369 
test_loss: 0.00189765 
train_loss: 0.00168127 
test_loss: 0.00170808 
train_loss: 0.00165718 
test_loss: 0.00167946 
train_loss: 0.00178116 
test_loss: 0.00168841 
train_loss: 0.00183204 
test_loss: 0.0017881 
train_loss: 0.00168222 
test_loss: 0.001708 
train_loss: 0.00171755 
test_loss: 0.00158801 
train_loss: 0.00157523 
test_loss: 0.00160791 
train_loss: 0.00168824 
test_loss: 0.00171042 
train_loss: 0.00173965 
test_loss: 0.00164031 
train_loss: 0.0017954 
test_loss: 0.00166641 
train_loss: 0.0016651 
test_loss: 0.00167231 
train_loss: 0.001635 
test_loss: 0.00164896 
train_loss: 0.00174283 
test_loss: 0.00166691 
train_loss: 0.00179145 
test_loss: 0.00176191 
train_loss: 0.00155174 
test_loss: 0.00161256 
train_loss: 0.00167752 
test_loss: 0.00176445 
train_loss: 0.00169366 
test_loss: 0.00179824 
train_loss: 0.00176707 
test_loss: 0.00170729 
train_loss: 0.00163631 
test_loss: 0.00158477 
train_loss: 0.00175012 
test_loss: 0.00198723 
train_loss: 0.00165765 
test_loss: 0.00162093 
train_loss: 0.00176945 
test_loss: 0.00159385 
train_loss: 0.00165676 
test_loss: 0.00159317 
train_loss: 0.00179342 
test_loss: 0.00154295 
train_loss: 0.00154195 
test_loss: 0.00173953 
train_loss: 0.00159457 
test_loss: 0.00166706 
train_loss: 0.00172313 
test_loss: 0.00172483 
train_loss: 0.00159513 
test_loss: 0.00154141 
train_loss: 0.00153251 
test_loss: 0.00157255 
train_loss: 0.00161528 
test_loss: 0.00185547 
train_loss: 0.00164599 
test_loss: 0.00155021 
train_loss: 0.00169726 
test_loss: 0.00167367 
train_loss: 0.00151357 
test_loss: 0.00154871 
train_loss: 0.00172806 
test_loss: 0.0017214 
train_loss: 0.00162225 
test_loss: 0.00187314 
train_loss: 0.00166627 
test_loss: 0.00190135 
train_loss: 0.00179403 
test_loss: 0.00174613 
train_loss: 0.00155319 
test_loss: 0.00157097 
train_loss: 0.00163482 
test_loss: 0.00153086 
train_loss: 0.00170605 
test_loss: 0.00183417 
train_loss: 0.0016076 
test_loss: 0.00166321 
train_loss: 0.00160167 
test_loss: 0.00159256 
train_loss: 0.0014475 
test_loss: 0.00158966 
train_loss: 0.00153815 
test_loss: 0.00169244 
train_loss: 0.00178438 
test_loss: 0.001774 
train_loss: 0.00158964 
test_loss: 0.00161931 
train_loss: 0.00174421 
test_loss: 0.00176706 
train_loss: 0.00151204 
test_loss: 0.00169872 
train_loss: 0.00157031 
test_loss: 0.00167761 
train_loss: 0.00152393 
test_loss: 0.00164486 
train_loss: 0.00160239 
test_loss: 0.00149138 
train_loss: 0.00148712 
test_loss: 0.00161789 
train_loss: 0.00156571 
test_loss: 0.00163436 
train_loss: 0.00167056 
test_loss: 0.00161487 
train_loss: 0.00163027 
test_loss: 0.00168443 
train_loss: 0.00178716 
test_loss: 0.00177008 
train_loss: 0.00172707 
test_loss: 0.00161667 
train_loss: 0.00152157 
test_loss: 0.00172485 
train_loss: 0.0016302 
test_loss: 0.00172276 
train_loss: 0.00159577 
test_loss: 0.00160076 
train_loss: 0.00166986 
test_loss: 0.00155878 
train_loss: 0.00157355 
test_loss: 0.00174466 
train_loss: 0.00147609 
test_loss: 0.00154237 
train_loss: 0.00172218 
test_loss: 0.00162432 
train_loss: 0.00183154 
test_loss: 0.00162298 
train_loss: 0.00173056 
test_loss: 0.00168977 
train_loss: 0.00161476 
test_loss: 0.00164434 
train_loss: 0.00175824 
test_loss: 0.00183871 
train_loss: 0.00159538 
test_loss: 0.00165321 
train_loss: 0.00180178 
test_loss: 0.00158456 
train_loss: 0.00161178 
test_loss: 0.00156898 
train_loss: 0.00159862 
test_loss: 0.00163739 
train_loss: 0.00155475 
test_loss: 0.00156764 
train_loss: 0.00176629 
test_loss: 0.00170474 
train_loss: 0.00140626 
test_loss: 0.00142063 
train_loss: 0.00164191 
test_loss: 0.0015193 
train_loss: 0.00166509 
test_loss: 0.00154236 
train_loss: 0.00170496 
test_loss: 0.00181036 
train_loss: 0.00164252 
test_loss: 0.00167529 
train_loss: 0.00157607 
test_loss: 0.0016431 
train_loss: 0.00152883 
test_loss: 0.00176739 
train_loss: 0.00148859 
test_loss: 0.00150266 
train_loss: 0.00153642 
test_loss: 0.00173851 
train_loss: 0.00154306 
test_loss: 0.00146874 
train_loss: 0.00186545 
test_loss: 0.00164172 
train_loss: 0.00149598 
test_loss: 0.00162141 
train_loss: 0.00144366 
test_loss: 0.00160458 
train_loss: 0.00155442 
test_loss: 0.00149083 
train_loss: 0.00147666 
test_loss: 0.0013561 
train_loss: 0.00153253 
test_loss: 0.00171999 
train_loss: 0.0016484 
test_loss: 0.0016378 
train_loss: 0.00148968 
test_loss: 0.00151751 
train_loss: 0.00140753 
test_loss: 0.00169642 
train_loss: 0.0015495 
test_loss: 0.00157985 
train_loss: 0.00180883 
test_loss: 0.00151614 
train_loss: 0.00167311 
test_loss: 0.00158814 
train_loss: 0.00163736 
test_loss: 0.00175091 
train_loss: 0.00165655 
test_loss: 0.00191004 
train_loss: 0.00166628 
test_loss: 0.00170213 
train_loss: 0.00144552 
test_loss: 0.00158891 
train_loss: 0.0015628 
test_loss: 0.00155993 
train_loss: 0.0015366 
test_loss: 0.00159185 
train_loss: 0.0015257 
test_loss: 0.00146007 
train_loss: 0.00163642 
test_loss: 0.00171053 
train_loss: 0.00152188 
test_loss: 0.00173014 
train_loss: 0.00149192 
test_loss: 0.00150986 
train_loss: 0.00162184 
test_loss: 0.00162478 
train_loss: 0.00164432 
test_loss: 0.0015895 
train_loss: 0.00181043 
test_loss: 0.00174182 
train_loss: 0.0015443 
test_loss: 0.00141552 
train_loss: 0.00141622 
test_loss: 0.00154022 
train_loss: 0.00161853 
test_loss: 0.00167903 
train_loss: 0.00163378 
test_loss: 0.00155598 
train_loss: 0.00164951 
test_loss: 0.00171199 
train_loss: 0.00152823 
test_loss: 0.00153095 
train_loss: 0.00177415 
test_loss: 0.0015403 
train_loss: 0.00167582 
test_loss: 0.00163206 
train_loss: 0.00159709 
test_loss: 0.00180778 
train_loss: 0.00161602 
test_loss: 0.0015836 
train_loss: 0.00160667 
test_loss: 0.00166739 
train_loss: 0.00181418 
test_loss: 0.00169119 
train_loss: 0.00150453 
test_loss: 0.00181703 
train_loss: 0.00141321 
test_loss: 0.00148858 
train_loss: 0.00156705 
test_loss: 0.00154166 
train_loss: 0.0015881 
test_loss: 0.00151913 
train_loss: 0.00174708 
test_loss: 0.00163254 
train_loss: 0.00179582 
test_loss: 0.00167851 
train_loss: 0.00143207 
test_loss: 0.00160456 
train_loss: 0.00136734 
test_loss: 0.00142589 
train_loss: 0.00167473 
test_loss: 0.00162202 
train_loss: 0.00170387 
test_loss: 0.00159384 
train_loss: 0.00162568 
test_loss: 0.00170279 
train_loss: 0.00162291 
test_loss: 0.00175902 
train_loss: 0.00144732 
test_loss: 0.00170839 
train_loss: 0.00152334 
test_loss: 0.00187283 
train_loss: 0.00144365 
test_loss: 0.00178464 
train_loss: 0.00164142 
test_loss: 0.00153933 
train_loss: 0.00174151 
test_loss: 0.00151407 
train_loss: 0.00136891 
test_loss: 0.00156929 
train_loss: 0.00163576 
test_loss: 0.00161267 
train_loss: 0.00163175 
test_loss: 0.0016537 
train_loss: 0.0016007 
test_loss: 0.00153118 
train_loss: 0.00161068 
test_loss: 0.00151827 
train_loss: 0.00145916 
test_loss: 0.00162745 
train_loss: 0.0015873 
test_loss: 0.00190825 
train_loss: 0.00148609 
test_loss: 0.00149817 
train_loss: 0.00140346 
test_loss: 0.00156878 
train_loss: 0.0014295 
test_loss: 0.00137663 
train_loss: 0.00153673 
test_loss: 0.00150245 
train_loss: 0.00146819 
test_loss: 0.00161831 
train_loss: 0.00150429 
test_loss: 0.00158658 
train_loss: 0.00164636 
test_loss: 0.00151299 
train_loss: 0.00152364 
test_loss: 0.00158877 
train_loss: 0.00144835 
test_loss: 0.00175086 
train_loss: 0.00140625 
test_loss: 0.00171304 
train_loss: 0.0014029 
test_loss: 0.00149333 
train_loss: 0.00143192 
test_loss: 0.00157699 
train_loss: 0.00168921 
test_loss: 0.00166325 
train_loss: 0.00181557 
test_loss: 0.00152994 
train_loss: 0.0017691 
test_loss: 0.00168142 
train_loss: 0.00184605 
test_loss: 0.00172576 
train_loss: 0.00145238 
test_loss: 0.00153498 
train_loss: 0.00145717 
test_loss: 0.00151084 
train_loss: 0.00153982 
test_loss: 0.00142515 
train_loss: 0.0016411 
test_loss: 0.00153774 
train_loss: 0.00161321 
test_loss: 0.00152405 
train_loss: 0.00154836 
test_loss: 0.00147078 
train_loss: 0.00152943 
test_loss: 0.00145747 
train_loss: 0.00144827 
test_loss: 0.00181077 
train_loss: 0.00146055 
test_loss: 0.00147541 
train_loss: 0.00163963 
test_loss: 0.00148214 
train_loss: 0.00144645 
test_loss: 0.00140156 
train_loss: 0.00164846 
test_loss: 0.00146827 
train_loss: 0.00163046 
test_loss: 0.00143868 
train_loss: 0.0013821 
test_loss: 0.00166377 
train_loss: 0.00155087 
test_loss: 0.00165193 
train_loss: 0.00146311 
test_loss: 0.00148951 
