train_loss: 0.362769 
test_loss: 0.361378 
train_loss: 0.300773 
test_loss: 0.304306 
train_loss: 0.226884 
test_loss: 0.224724 
train_loss: 0.145681 
test_loss: 0.144155 
train_loss: 0.0857556 
test_loss: 0.0854954 
train_loss: 0.0653345 
test_loss: 0.064498 
train_loss: 0.0576797 
test_loss: 0.0591886 
train_loss: 0.0573221 
test_loss: 0.0572492 
train_loss: 0.0560355 
test_loss: 0.0561796 
train_loss: 0.0548329 
test_loss: 0.0554397 
train_loss: 0.0545942 
test_loss: 0.0548875 
train_loss: 0.0544733 
test_loss: 0.054451 
train_loss: 0.0534755 
test_loss: 0.0540422 
train_loss: 0.0530224 
test_loss: 0.0535309 
train_loss: 0.0529333 
test_loss: 0.0530201 
train_loss: 0.0512836 
test_loss: 0.0523314 
train_loss: 0.0516011 
test_loss: 0.0512866 
train_loss: 0.0503997 
test_loss: 0.0501679 
train_loss: 0.0475609 
test_loss: 0.0489331 
train_loss: 0.0474354 
test_loss: 0.0476331 
train_loss: 0.0453303 
test_loss: 0.0462218 
train_loss: 0.0429411 
test_loss: 0.0445332 
train_loss: 0.0429125 
test_loss: 0.0422069 
train_loss: 0.0387078 
test_loss: 0.0389488 
train_loss: 0.0353955 
test_loss: 0.0364408 
train_loss: 0.0339215 
test_loss: 0.0338061 
train_loss: 0.0310165 
test_loss: 0.0312966 
train_loss: 0.0287998 
test_loss: 0.02913 
train_loss: 0.0271778 
test_loss: 0.0271555 
train_loss: 0.0253479 
test_loss: 0.0254594 
train_loss: 0.0237565 
test_loss: 0.023915 
train_loss: 0.0221215 
test_loss: 0.0227355 
train_loss: 0.0215619 
test_loss: 0.0215741 
train_loss: 0.0204839 
test_loss: 0.0206534 
train_loss: 0.0195037 
test_loss: 0.0196655 
train_loss: 0.0191576 
test_loss: 0.0187262 
train_loss: 0.0180599 
test_loss: 0.0178454 
train_loss: 0.0173475 
test_loss: 0.0169139 
train_loss: 0.0162932 
test_loss: 0.0164745 
train_loss: 0.0154895 
test_loss: 0.0154095 
train_loss: 0.0149123 
test_loss: 0.0148766 
train_loss: 0.0144404 
test_loss: 0.0142101 
train_loss: 0.0138367 
test_loss: 0.0138368 
train_loss: 0.0132288 
test_loss: 0.0130431 
train_loss: 0.0125593 
test_loss: 0.0125183 
train_loss: 0.0116214 
test_loss: 0.012184 
train_loss: 0.011627 
test_loss: 0.0118337 
train_loss: 0.0117612 
test_loss: 0.0114961 
train_loss: 0.0111191 
test_loss: 0.0113215 
train_loss: 0.0110436 
test_loss: 0.0112341 
train_loss: 0.010896 
test_loss: 0.0108758 
train_loss: 0.0109312 
test_loss: 0.0113067 
train_loss: 0.0104759 
test_loss: 0.0105839 
train_loss: 0.0104569 
test_loss: 0.0105778 
train_loss: 0.0104024 
test_loss: 0.0103736 
train_loss: 0.010348 
test_loss: 0.0101914 
train_loss: 0.0102346 
test_loss: 0.0101445 
train_loss: 0.010216 
test_loss: 0.0100914 
train_loss: 0.0101852 
test_loss: 0.0104459 
train_loss: 0.00980699 
test_loss: 0.00990249 
train_loss: 0.00996934 
test_loss: 0.00986053 
train_loss: 0.0101696 
test_loss: 0.00997217 
train_loss: 0.00969603 
test_loss: 0.00978076 
train_loss: 0.00947885 
test_loss: 0.0100237 
train_loss: 0.00954088 
test_loss: 0.00974878 
train_loss: 0.0100535 
test_loss: 0.00985372 
train_loss: 0.00951604 
test_loss: 0.00961007 
train_loss: 0.00992007 
test_loss: 0.00957978 
train_loss: 0.00944285 
test_loss: 0.00970962 
train_loss: 0.00942458 
test_loss: 0.0094831 
train_loss: 0.00939891 
test_loss: 0.0095541 
train_loss: 0.00943537 
test_loss: 0.00982559 
train_loss: 0.00955623 
test_loss: 0.00944438 
train_loss: 0.00951721 
test_loss: 0.00941021 
train_loss: 0.00949436 
test_loss: 0.00963843 
train_loss: 0.00918457 
test_loss: 0.00944427 
train_loss: 0.00927202 
test_loss: 0.00931179 
train_loss: 0.00912363 
test_loss: 0.00925607 
train_loss: 0.00927509 
test_loss: 0.00936909 
train_loss: 0.00916473 
test_loss: 0.00941438 
train_loss: 0.009427 
test_loss: 0.00918162 
train_loss: 0.0089568 
test_loss: 0.00919252 
train_loss: 0.00918721 
test_loss: 0.00919606 
train_loss: 0.00926292 
test_loss: 0.00918165 
train_loss: 0.00903847 
test_loss: 0.00911928 
train_loss: 0.00897205 
test_loss: 0.00899381 
train_loss: 0.0090839 
test_loss: 0.00932003 
train_loss: 0.0090363 
test_loss: 0.00900677 
train_loss: 0.00866411 
test_loss: 0.00908589 
train_loss: 0.00904774 
test_loss: 0.00912058 
train_loss: 0.008679 
test_loss: 0.00897529 
train_loss: 0.00873488 
test_loss: 0.009123 
train_loss: 0.00916788 
test_loss: 0.00919897 
train_loss: 0.00899624 
test_loss: 0.00902477 
train_loss: 0.00900749 
test_loss: 0.00869797 
train_loss: 0.00883006 
test_loss: 0.0089192 
train_loss: 0.00878131 
test_loss: 0.00874099 
train_loss: 0.00865774 
test_loss: 0.00865501 
train_loss: 0.00871121 
test_loss: 0.00872292 
train_loss: 0.00828315 
test_loss: 0.00853983 
train_loss: 0.00839291 
test_loss: 0.00858675 
train_loss: 0.00905547 
test_loss: 0.00904868 
train_loss: 0.0086375 
test_loss: 0.00844319 
train_loss: 0.00833209 
test_loss: 0.00831463 
train_loss: 0.00869276 
test_loss: 0.00830924 
train_loss: 0.00835763 
test_loss: 0.00856238 
train_loss: 0.00848868 
test_loss: 0.00817582 
train_loss: 0.00828061 
test_loss: 0.00824687 
train_loss: 0.00807381 
test_loss: 0.00831856 
train_loss: 0.00768877 
test_loss: 0.00785313 
train_loss: 0.0078991 
test_loss: 0.00778801 
train_loss: 0.00766753 
test_loss: 0.00770901 
train_loss: 0.00739954 
test_loss: 0.00767532 
train_loss: 0.00707526 
test_loss: 0.00719479 
train_loss: 0.00650202 
test_loss: 0.006861 
train_loss: 0.00659224 
test_loss: 0.00673037 
train_loss: 0.00708551 
test_loss: 0.00665637 
train_loss: 0.00602631 
test_loss: 0.00608503 
train_loss: 0.00556329 
test_loss: 0.0061688 
train_loss: 0.00564528 
test_loss: 0.00520051 
train_loss: 0.00515849 
test_loss: 0.00525002 
train_loss: 0.00452501 
test_loss: 0.00456601 
train_loss: 0.00477339 
test_loss: 0.00504793 
train_loss: 0.00479875 
test_loss: 0.00497247 
train_loss: 0.00382752 
test_loss: 0.00433525 
train_loss: 0.0042363 
test_loss: 0.00393176 
train_loss: 0.00421031 
test_loss: 0.00451798 
train_loss: 0.00493255 
test_loss: 0.00450875 
train_loss: 0.00371863 
test_loss: 0.00390832 
train_loss: 0.00364893 
test_loss: 0.00352557 
train_loss: 0.00387357 
test_loss: 0.00377525 
train_loss: 0.00407014 
test_loss: 0.00403894 
train_loss: 0.00360759 
test_loss: 0.00345655 
train_loss: 0.00349576 
test_loss: 0.0035733 
train_loss: 0.00391865 
test_loss: 0.00325484 
train_loss: 0.00360788 
test_loss: 0.00402714 
train_loss: 0.00477808 
test_loss: 0.00381033 
train_loss: 0.0034183 
test_loss: 0.00367184 
train_loss: 0.00376897 
test_loss: 0.00403708 
train_loss: 0.00451252 
test_loss: 0.00352629 
train_loss: 0.0036119 
test_loss: 0.00330969 
train_loss: 0.00351802 
test_loss: 0.00338569 
train_loss: 0.00341306 
test_loss: 0.00342084 
train_loss: 0.00334471 
test_loss: 0.00334169 
train_loss: 0.00362836 
test_loss: 0.00365515 
train_loss: 0.00337246 
test_loss: 0.00344914 
train_loss: 0.00335869 
test_loss: 0.00357968 
train_loss: 0.00353357 
test_loss: 0.00357848 
train_loss: 0.00336052 
test_loss: 0.00317684 
train_loss: 0.00330723 
test_loss: 0.0034311 
train_loss: 0.0039804 
test_loss: 0.00361452 
train_loss: 0.0031361 
test_loss: 0.00331727 
train_loss: 0.0033281 
test_loss: 0.00363204 
train_loss: 0.00387612 
test_loss: 0.00392807 
train_loss: 0.00328146 
test_loss: 0.00366884 
train_loss: 0.00346848 
test_loss: 0.00447362 
train_loss: 0.00307634 
test_loss: 0.00386693 
train_loss: 0.00321602 
test_loss: 0.00319083 
train_loss: 0.00357058 
test_loss: 0.00353397 
train_loss: 0.00284263 
test_loss: 0.00311724 
train_loss: 0.00373539 
test_loss: 0.00470086 
train_loss: 0.00324445 
test_loss: 0.00318102 
train_loss: 0.00399018 
test_loss: 0.00342453 
train_loss: 0.00339115 
test_loss: 0.00290897 
train_loss: 0.00328473 
test_loss: 0.00331404 
train_loss: 0.00311761 
test_loss: 0.00329526 
train_loss: 0.00303587 
test_loss: 0.00336696 
train_loss: 0.00336841 
test_loss: 0.00314605 
train_loss: 0.00297003 
test_loss: 0.00293199 
train_loss: 0.00369647 
test_loss: 0.00332145 
train_loss: 0.0028702 
test_loss: 0.00319174 
train_loss: 0.00306243 
test_loss: 0.00286103 
train_loss: 0.00366402 
test_loss: 0.00334592 
train_loss: 0.00341262 
test_loss: 0.00306861 
train_loss: 0.00329226 
test_loss: 0.00296969 
train_loss: 0.00354893 
test_loss: 0.00305305 
train_loss: 0.00308197 
test_loss: 0.00405018 
train_loss: 0.00314151 
test_loss: 0.00329881 
train_loss: 0.00290133 
test_loss: 0.00296819 
train_loss: 0.00328694 
test_loss: 0.0035058 
train_loss: 0.00279743 
test_loss: 0.00269753 
train_loss: 0.00324548 
test_loss: 0.00325724 
train_loss: 0.0033544 
test_loss: 0.00326849 
train_loss: 0.00301752 
test_loss: 0.00306293 
train_loss: 0.00304637 
test_loss: 0.00300844 
train_loss: 0.00346554 
test_loss: 0.00331382 
train_loss: 0.00288497 
test_loss: 0.00310548 
train_loss: 0.00307014 
test_loss: 0.00297633 
train_loss: 0.00291017 
test_loss: 0.00313211 
train_loss: 0.0030666 
test_loss: 0.0027928 
train_loss: 0.00263593 
test_loss: 0.00275233 
train_loss: 0.00278953 
test_loss: 0.00299366 
train_loss: 0.00331069 
test_loss: 0.00373168 
train_loss: 0.00264853 
test_loss: 0.00300272 
train_loss: 0.00311094 
test_loss: 0.00273539 
train_loss: 0.00321083 
test_loss: 0.00305193 
train_loss: 0.00345854 
test_loss: 0.00275292 
train_loss: 0.003095 
test_loss: 0.00294185 
train_loss: 0.00347429 
test_loss: 0.0032548 
train_loss: 0.00295575 
test_loss: 0.00324262 
train_loss: 0.00269196 
test_loss: 0.0030556 
train_loss: 0.00293973 
test_loss: 0.00313304 
train_loss: 0.00272991 
test_loss: 0.00287312 
train_loss: 0.00293615 
test_loss: 0.0031333 
train_loss: 0.00290751 
test_loss: 0.00289925 
train_loss: 0.00302678 
test_loss: 0.00321353 
train_loss: 0.00295386 
test_loss: 0.00264546 
train_loss: 0.00322895 
test_loss: 0.00360283 
train_loss: 0.00260349 
test_loss: 0.00266679 
train_loss: 0.00257781 
test_loss: 0.00306904 
train_loss: 0.00323943 
test_loss: 0.00283216 
train_loss: 0.00226253 
test_loss: 0.00234588 
train_loss: 0.00275783 
test_loss: 0.00260894 
train_loss: 0.00289042 
test_loss: 0.00309952 
train_loss: 0.0027692 
test_loss: 0.00303142 
train_loss: 0.00243532 
test_loss: 0.00246771 
train_loss: 0.00290656 
test_loss: 0.00264913 
train_loss: 0.00259488 
test_loss: 0.0028142 
train_loss: 0.00300823 
test_loss: 0.00293731 
train_loss: 0.00240251 
test_loss: 0.00239715 
train_loss: 0.00274663 
test_loss: 0.0026748 
train_loss: 0.00299377 
test_loss: 0.00284008 
train_loss: 0.00289322 
test_loss: 0.00307349 
train_loss: 0.00257704 
test_loss: 0.00238945 
train_loss: 0.00278866 
test_loss: 0.00259598 
train_loss: 0.00247293 
test_loss: 0.00277325 
train_loss: 0.00259133 
test_loss: 0.00272179 
train_loss: 0.00314106 
test_loss: 0.00282983 
train_loss: 0.00300441 
test_loss: 0.00261205 
train_loss: 0.0023772 
test_loss: 0.00260427 
train_loss: 0.00257504 
test_loss: 0.00254886 
train_loss: 0.00266778 
test_loss: 0.00251491 
train_loss: 0.00274902 
test_loss: 0.00253966 
train_loss: 0.00276057 
test_loss: 0.00260532 
train_loss: 0.00242798 
test_loss: 0.00261756 
train_loss: 0.0028279 
test_loss: 0.00284416 
train_loss: 0.00254017 
test_loss: 0.00251393 
train_loss: 0.00231207 
test_loss: 0.00305094 
train_loss: 0.00278071 
test_loss: 0.00246195 
train_loss: 0.00243518 
test_loss: 0.00226911 
train_loss: 0.00308186 
test_loss: 0.00273084 
train_loss: 0.00320189 
test_loss: 0.00283579 
train_loss: 0.00241535 
test_loss: 0.00238154 
train_loss: 0.00250437 
test_loss: 0.00293318 
train_loss: 0.00261382 
test_loss: 0.00258948 
train_loss: 0.00240705 
test_loss: 0.00245323 
train_loss: 0.00238927 
test_loss: 0.00248315 
train_loss: 0.00268246 
test_loss: 0.00256529 
train_loss: 0.00255404 
test_loss: 0.00254614 
train_loss: 0.00272285 
test_loss: 0.00240543 
train_loss: 0.00236251 
test_loss: 0.00256334 
train_loss: 0.00275803 
test_loss: 0.00258429 
train_loss: 0.0026172 
test_loss: 0.00247303 
train_loss: 0.00211017 
test_loss: 0.00237543 
train_loss: 0.00234472 
test_loss: 0.0029894 
train_loss: 0.00253061 
test_loss: 0.00260954 
train_loss: 0.00225375 
test_loss: 0.00239797 
train_loss: 0.00224101 
test_loss: 0.0021159 
train_loss: 0.00290992 
test_loss: 0.00305106 
train_loss: 0.0023095 
test_loss: 0.00268966 
train_loss: 0.00296005 
test_loss: 0.00260383 
train_loss: 0.00226822 
test_loss: 0.00282215 
train_loss: 0.00285137 
test_loss: 0.00230672 
train_loss: 0.00246836 
test_loss: 0.00238371 
train_loss: 0.00276834 
test_loss: 0.00273168 
train_loss: 0.00257203 
test_loss: 0.00258555 
train_loss: 0.00241863 
test_loss: 0.0025259 
train_loss: 0.00280621 
test_loss: 0.00248171 
train_loss: 0.00222136 
test_loss: 0.00211306 
train_loss: 0.00246374 
test_loss: 0.00281755 
train_loss: 0.0025226 
test_loss: 0.00235234 
train_loss: 0.00225775 
test_loss: 0.00267364 
train_loss: 0.00201403 
test_loss: 0.00215786 
train_loss: 0.00239959 
test_loss: 0.00254235 
train_loss: 0.00212283 
test_loss: 0.00231791 
train_loss: 0.00247145 
test_loss: 0.00264627 
train_loss: 0.00248143 
test_loss: 0.00244246 
train_loss: 0.00239525 
test_loss: 0.00231367 
train_loss: 0.00233603 
test_loss: 0.00227508 
train_loss: 0.00227025 
test_loss: 0.00252099 
train_loss: 0.00220337 
test_loss: 0.00264525 
train_loss: 0.00218938 
test_loss: 0.00233658 
train_loss: 0.00261088 
test_loss: 0.00250937 
train_loss: 0.00270761 
test_loss: 0.00252942 
train_loss: 0.00317091 
test_loss: 0.00303609 
train_loss: 0.00215739 
test_loss: 0.00209353 
train_loss: 0.00304632 
test_loss: 0.00234765 
train_loss: 0.00241485 
test_loss: 0.00226002 
train_loss: 0.0023426 
test_loss: 0.00250313 
train_loss: 0.00239146 
test_loss: 0.00260278 
train_loss: 0.00232975 
test_loss: 0.00229799 
train_loss: 0.00227937 
test_loss: 0.00250051 
train_loss: 0.00254798 
test_loss: 0.00214326 
train_loss: 0.00220755 
test_loss: 0.00205159 
train_loss: 0.00224472 
test_loss: 0.00237045 
train_loss: 0.00211351 
test_loss: 0.00218008 
train_loss: 0.00209301 
test_loss: 0.00227563 
train_loss: 0.00222283 
test_loss: 0.00214178 
train_loss: 0.00240353 
test_loss: 0.00331967 
train_loss: 0.00230966 
test_loss: 0.00234865 
train_loss: 0.00244065 
test_loss: 0.00222135 
train_loss: 0.00222517 
test_loss: 0.00205471 
train_loss: 0.0021298 
test_loss: 0.00191672 
train_loss: 0.00249731 
test_loss: 0.00226244 
train_loss: 0.00285935 
test_loss: 0.00243729 
train_loss: 0.00228889 
test_loss: 0.00214017 
train_loss: 0.00204618 
test_loss: 0.00200411 
train_loss: 0.00203128 
test_loss: 0.00201335 
train_loss: 0.00228756 
test_loss: 0.00218058 
train_loss: 0.00203709 
test_loss: 0.0021269 
train_loss: 0.00217028 
test_loss: 0.00220741 
train_loss: 0.00186375 
test_loss: 0.0021034 
train_loss: 0.00193376 
test_loss: 0.00217663 
train_loss: 0.00260729 
test_loss: 0.00231043 
train_loss: 0.00244474 
test_loss: 0.00220215 
train_loss: 0.00269761 
test_loss: 0.00275806 
train_loss: 0.00221437 
test_loss: 0.00228379 
train_loss: 0.00233477 
test_loss: 0.00244922 
train_loss: 0.00213673 
test_loss: 0.00244731 
train_loss: 0.00217698 
test_loss: 0.00218383 
train_loss: 0.00185917 
test_loss: 0.00209595 
train_loss: 0.00205375 
test_loss: 0.00262957 
train_loss: 0.00218571 
test_loss: 0.00209556 
train_loss: 0.00243181 
test_loss: 0.00212318 
train_loss: 0.00209619 
test_loss: 0.00196694 
train_loss: 0.00269964 
test_loss: 0.00213134 
train_loss: 0.00200962 
test_loss: 0.0019369 
train_loss: 0.00235552 
test_loss: 0.00248188 
train_loss: 0.00238607 
test_loss: 0.00199129 
train_loss: 0.00209622 
test_loss: 0.00200758 
train_loss: 0.00218524 
test_loss: 0.0024034 
train_loss: 0.00198643 
test_loss: 0.00223226 
train_loss: 0.00224539 
test_loss: 0.00207696 
train_loss: 0.00189566 
test_loss: 0.0018784 
train_loss: 0.00188004 
test_loss: 0.00230467 
train_loss: 0.00210748 
test_loss: 0.00247457 
train_loss: 0.00239628 
test_loss: 0.00225066 
train_loss: 0.00254863 
test_loss: 0.00213897 
train_loss: 0.00228539 
test_loss: 0.00200277 
train_loss: 0.00203033 
test_loss: 0.00239192 
train_loss: 0.0021459 
test_loss: 0.002341 
train_loss: 0.0019778 
test_loss: 0.001866 
train_loss: 0.00205392 
test_loss: 0.00200815 
train_loss: 0.00224838 
test_loss: 0.00198263 
train_loss: 0.00202642 
test_loss: 0.00200076 
train_loss: 0.00183136 
test_loss: 0.00208886 
train_loss: 0.00184082 
test_loss: 0.00232009 
train_loss: 0.00181989 
test_loss: 0.00232889 
train_loss: 0.00229976 
test_loss: 0.00202568 
train_loss: 0.00239887 
test_loss: 0.00232063 
train_loss: 0.00185202 
test_loss: 0.00189596 
train_loss: 0.00231794 
test_loss: 0.00229236 
train_loss: 0.00201466 
test_loss: 0.00243599 
train_loss: 0.00209327 
test_loss: 0.00186697 
train_loss: 0.00210348 
test_loss: 0.00196512 
train_loss: 0.00214026 
test_loss: 0.00199752 
train_loss: 0.00192641 
test_loss: 0.00228129 
train_loss: 0.00199845 
test_loss: 0.0023889 
train_loss: 0.00218806 
test_loss: 0.00197229 
train_loss: 0.00186444 
test_loss: 0.00214588 
train_loss: 0.00191918 
test_loss: 0.00202338 
train_loss: 0.00179199 
test_loss: 0.00189175 
train_loss: 0.00209374 
test_loss: 0.00228392 
train_loss: 0.00187142 
test_loss: 0.00189929 
train_loss: 0.00206978 
test_loss: 0.00192259 
train_loss: 0.00242325 
test_loss: 0.00222998 
train_loss: 0.0021711 
test_loss: 0.00185166 
train_loss: 0.00181406 
test_loss: 0.00188292 
train_loss: 0.00184878 
test_loss: 0.001878 
train_loss: 0.00181216 
test_loss: 0.00185204 
train_loss: 0.00197352 
test_loss: 0.00187497 
train_loss: 0.00210526 
test_loss: 0.00200757 
train_loss: 0.00204305 
test_loss: 0.00230793 
train_loss: 0.00208601 
test_loss: 0.00201985 
train_loss: 0.00174535 
test_loss: 0.0018852 
train_loss: 0.00194797 
test_loss: 0.00230944 
train_loss: 0.0021257 
test_loss: 0.00187857 
train_loss: 0.00232278 
test_loss: 0.0021231 
train_loss: 0.00195349 
test_loss: 0.00193311 
train_loss: 0.00182627 
test_loss: 0.00169137 
train_loss: 0.00191978 
test_loss: 0.00189028 
train_loss: 0.00180697 
test_loss: 0.00207639 
train_loss: 0.00189057 
test_loss: 0.00187523 
train_loss: 0.00183464 
test_loss: 0.00176075 
train_loss: 0.00199312 
test_loss: 0.00180492 
train_loss: 0.00249421 
test_loss: 0.00201722 
train_loss: 0.00183681 
test_loss: 0.00184978 
train_loss: 0.00189458 
test_loss: 0.0021296 
train_loss: 0.00203291 
test_loss: 0.00230756 
train_loss: 0.00175289 
test_loss: 0.00212507 
train_loss: 0.00164531 
test_loss: 0.00191619 
train_loss: 0.00203419 
test_loss: 0.00183513 
train_loss: 0.00175465 
test_loss: 0.00197521 
train_loss: 0.00201863 
test_loss: 0.00193874 
train_loss: 0.00184387 
test_loss: 0.00150913 
train_loss: 0.00197299 
test_loss: 0.0020172 
train_loss: 0.00180389 
test_loss: 0.00226761 
train_loss: 0.00204435 
test_loss: 0.00192592 
train_loss: 0.00241815 
test_loss: 0.00202395 
train_loss: 0.00198688 
test_loss: 0.00188377 
train_loss: 0.00179177 
test_loss: 0.00193343 
train_loss: 0.00199283 
test_loss: 0.00197722 
train_loss: 0.0017416 
test_loss: 0.00184933 
train_loss: 0.00204729 
test_loss: 0.00211327 
train_loss: 0.00177802 
test_loss: 0.00193253 
train_loss: 0.00190838 
test_loss: 0.00177306 
train_loss: 0.00216246 
test_loss: 0.00179586 
train_loss: 0.00203816 
test_loss: 0.00203288 
train_loss: 0.00187469 
test_loss: 0.00179178 
train_loss: 0.00214079 
test_loss: 0.00189399 
train_loss: 0.00179383 
test_loss: 0.00221512 
train_loss: 0.0018858 
test_loss: 0.0020503 
train_loss: 0.00182068 
test_loss: 0.00217583 
train_loss: 0.00190112 
test_loss: 0.00181876 
train_loss: 0.00184245 
test_loss: 0.00182494 
train_loss: 0.00196841 
test_loss: 0.00223321 
train_loss: 0.00169723 
test_loss: 0.00203319 
train_loss: 0.00190203 
test_loss: 0.00215115 
train_loss: 0.00184311 
test_loss: 0.00189205 
train_loss: 0.00194767 
test_loss: 0.00176224 
train_loss: 0.00207764 
test_loss: 0.00199036 
train_loss: 0.0019601 
test_loss: 0.00198708 
train_loss: 0.00182017 
test_loss: 0.00172192 
train_loss: 0.00191986 
test_loss: 0.00182652 
train_loss: 0.00210557 
test_loss: 0.00172939 
train_loss: 0.00180842 
test_loss: 0.00175601 
train_loss: 0.00187466 
test_loss: 0.00232362 
train_loss: 0.00176218 
test_loss: 0.00157576 
train_loss: 0.00173212 
test_loss: 0.0018335 
train_loss: 0.00166258 
test_loss: 0.00178669 
train_loss: 0.00164863 
test_loss: 0.0017408 
train_loss: 0.00188538 
test_loss: 0.00207714 
train_loss: 0.00194705 
test_loss: 0.00203835 
train_loss: 0.00184559 
test_loss: 0.0018307 
train_loss: 0.00176403 
test_loss: 0.00177877 
train_loss: 0.00192278 
test_loss: 0.00171695 
train_loss: 0.00184188 
test_loss: 0.00183761 
train_loss: 0.00170209 
test_loss: 0.00201246 
train_loss: 0.00187968 
test_loss: 0.00189136 
train_loss: 0.00157771 
test_loss: 0.00193032 
train_loss: 0.00182556 
test_loss: 0.00179629 
train_loss: 0.00185764 
test_loss: 0.00193864 
train_loss: 0.00176516 
test_loss: 0.00180906 
train_loss: 0.00179412 
test_loss: 0.00177738 
train_loss: 0.00159143 
test_loss: 0.0017311 
train_loss: 0.00219377 
test_loss: 0.00206928 
train_loss: 0.00179843 
test_loss: 0.00201914 
train_loss: 0.00177594 
test_loss: 0.001887 
train_loss: 0.00185328 
test_loss: 0.00199255 
train_loss: 0.00186681 
test_loss: 0.00206965 
train_loss: 0.00170758 
test_loss: 0.00183406 
train_loss: 0.00181383 
test_loss: 0.00204273 
train_loss: 0.00184032 
test_loss: 0.00192208 
train_loss: 0.00184395 
test_loss: 0.00200114 
train_loss: 0.00164169 
test_loss: 0.00176242 
train_loss: 0.0020606 
test_loss: 0.00187847 
train_loss: 0.00201356 
test_loss: 0.00178524 
train_loss: 0.00162839 
test_loss: 0.00181363 
train_loss: 0.00181205 
test_loss: 0.00188283 
train_loss: 0.00176678 
test_loss: 0.00178184 
train_loss: 0.0017826 
test_loss: 0.0017837 
train_loss: 0.00201787 
test_loss: 0.00192537 
train_loss: 0.0017308 
test_loss: 0.00187675 
train_loss: 0.00202291 
test_loss: 0.00185399 
train_loss: 0.00219978 
test_loss: 0.00197238 
train_loss: 0.00181704 
test_loss: 0.0017769 
train_loss: 0.00161208 
test_loss: 0.00164266 
train_loss: 0.00170227 
test_loss: 0.00194745 
train_loss: 0.00174773 
test_loss: 0.00195511 
train_loss: 0.00175741 
test_loss: 0.00172679 
train_loss: 0.00181398 
test_loss: 0.0022385 
train_loss: 0.00172811 
test_loss: 0.00176196 
train_loss: 0.00165023 
test_loss: 0.00189793 
train_loss: 0.00165528 
test_loss: 0.00162965 
train_loss: 0.00162152 
test_loss: 0.00182262 
train_loss: 0.00203766 
test_loss: 0.00173153 
train_loss: 0.00161278 
test_loss: 0.00167866 
train_loss: 0.00185646 
test_loss: 0.00173086 
train_loss: 0.0016714 
test_loss: 0.00177728 
train_loss: 0.00174987 
test_loss: 0.00190854 
train_loss: 0.00190247 
test_loss: 0.00157013 
train_loss: 0.00174468 
test_loss: 0.00170718 
train_loss: 0.00200307 
test_loss: 0.00184374 
train_loss: 0.00199604 
test_loss: 0.0018448 
train_loss: 0.00165232 
test_loss: 0.00175249 
train_loss: 0.00176278 
test_loss: 0.00186701 
train_loss: 0.00176393 
test_loss: 0.00204323 
train_loss: 0.0019518 
test_loss: 0.00177792 
train_loss: 0.00179242 
test_loss: 0.00184558 
train_loss: 0.0018787 
test_loss: 0.00168309 
train_loss: 0.00174281 
test_loss: 0.00169345 
train_loss: 0.00168129 
test_loss: 0.00192186 
train_loss: 0.00200033 
test_loss: 0.00208769 
train_loss: 0.00177829 
test_loss: 0.00177372 
train_loss: 0.00178851 
test_loss: 0.00171069 
train_loss: 0.00169638 
test_loss: 0.0016372 
train_loss: 0.00164033 
test_loss: 0.00168326 
train_loss: 0.00167466 
test_loss: 0.0017726 
train_loss: 0.00182431 
test_loss: 0.00203968 
train_loss: 0.00178056 
test_loss: 0.00174478 
train_loss: 0.00161056 
test_loss: 0.00161174 
train_loss: 0.00158683 
test_loss: 0.00175201 
train_loss: 0.00174594 
test_loss: 0.001825 
train_loss: 0.00181357 
test_loss: 0.00174287 
train_loss: 0.0017367 
test_loss: 0.00193029 
train_loss: 0.00167966 
test_loss: 0.00154425 
train_loss: 0.00177255 
test_loss: 0.00204426 
train_loss: 0.00176226 
test_loss: 0.00204102 
train_loss: 0.00160278 
test_loss: 0.00171786 
train_loss: 0.00169926 
test_loss: 0.00171181 
train_loss: 0.00162745 
test_loss: 0.00180666 
train_loss: 0.00156017 
test_loss: 0.00176895 
train_loss: 0.00184003 
test_loss: 0.00193773 
train_loss: 0.00211627 
test_loss: 0.00175164 
train_loss: 0.00174946 
test_loss: 0.00181634 
train_loss: 0.0014479 
test_loss: 0.00162996 
train_loss: 0.00183004 
test_loss: 0.00187966 
train_loss: 0.00169222 
test_loss: 0.00164719 
train_loss: 0.00165782 
test_loss: 0.00185735 
train_loss: 0.00191865 
test_loss: 0.00178025 
train_loss: 0.00160511 
test_loss: 0.00160525 
train_loss: 0.0016302 
test_loss: 0.0017042 
train_loss: 0.00167303 
test_loss: 0.00193509 
train_loss: 0.00222611 
test_loss: 0.0019455 
train_loss: 0.00165056 
test_loss: 0.00169069 
train_loss: 0.00167853 
test_loss: 0.00188601 
train_loss: 0.00196283 
test_loss: 0.0016596 
train_loss: 0.00186842 
test_loss: 0.00163977 
train_loss: 0.00223619 
test_loss: 0.00163162 
train_loss: 0.00156879 
test_loss: 0.00154884 
train_loss: 0.00157759 
test_loss: 0.00171754 
train_loss: 0.00152811 
test_loss: 0.00169513 
train_loss: 0.00159773 
test_loss: 0.00176223 
train_loss: 0.00156506 
test_loss: 0.00164992 
train_loss: 0.00158523 
test_loss: 0.00178551 
train_loss: 0.00182204 
test_loss: 0.00155802 
train_loss: 0.00179675 
test_loss: 0.00175922 
train_loss: 0.00186037 
test_loss: 0.00207583 
train_loss: 0.00151921 
test_loss: 0.00156404 
train_loss: 0.00154044 
test_loss: 0.00185045 
train_loss: 0.00157983 
test_loss: 0.00184098 
train_loss: 0.00174349 
test_loss: 0.00173594 
train_loss: 0.00167384 
test_loss: 0.00150231 
train_loss: 0.00193634 
test_loss: 0.0016203 
train_loss: 0.00152905 
test_loss: 0.00185143 
train_loss: 0.00166601 
test_loss: 0.00212084 
train_loss: 0.00153523 
test_loss: 0.00156334 
train_loss: 0.0016808 
test_loss: 0.00173715 
train_loss: 0.00175193 
test_loss: 0.00157967 
train_loss: 0.00168933 
test_loss: 0.00170796 
train_loss: 0.00166419 
test_loss: 0.00168817 
train_loss: 0.00161842 
test_loss: 0.00164932 
train_loss: 0.00145294 
test_loss: 0.00155987 
train_loss: 0.00180016 
test_loss: 0.00209521 
train_loss: 0.00157844 
test_loss: 0.00163036 
train_loss: 0.0018376 
test_loss: 0.00173997 
train_loss: 0.00165864 
test_loss: 0.00169865 
train_loss: 0.00158818 
test_loss: 0.00153457 
train_loss: 0.00129423 
test_loss: 0.00148939 
train_loss: 0.00177398 
test_loss: 0.00175706 
train_loss: 0.00151108 
test_loss: 0.00154922 
train_loss: 0.0016168 
test_loss: 0.00206102 
train_loss: 0.00161279 
test_loss: 0.00159658 
train_loss: 0.00191331 
test_loss: 0.00168122 
train_loss: 0.00190353 
test_loss: 0.00169334 
train_loss: 0.00171451 
test_loss: 0.00180494 
train_loss: 0.0021446 
test_loss: 0.00156718 
train_loss: 0.0017534 
test_loss: 0.00164667 
train_loss: 0.00147499 
test_loss: 0.00163342 
train_loss: 0.00156223 
test_loss: 0.00147063 
train_loss: 0.00174376 
test_loss: 0.00179742 
train_loss: 0.00174157 
test_loss: 0.00168981 
train_loss: 0.00189786 
test_loss: 0.0018476 
train_loss: 0.00150284 
test_loss: 0.00174374 
train_loss: 0.00159114 
test_loss: 0.00169739 
train_loss: 0.00160201 
test_loss: 0.00165465 
train_loss: 0.00150922 
test_loss: 0.00167168 
train_loss: 0.00170495 
test_loss: 0.00178681 
train_loss: 0.00173124 
test_loss: 0.00163939 
train_loss: 0.00196196 
test_loss: 0.00170439 
train_loss: 0.00157156 
test_loss: 0.00168017 
train_loss: 0.00151291 
test_loss: 0.00158561 
train_loss: 0.00160843 
test_loss: 0.0015157 
train_loss: 0.00174396 
test_loss: 0.00158995 
train_loss: 0.00162648 
test_loss: 0.00186252 
train_loss: 0.0014742 
test_loss: 0.00151758 
train_loss: 0.00164477 
test_loss: 0.00155973 
train_loss: 0.00147201 
test_loss: 0.00209885 
train_loss: 0.0019672 
test_loss: 0.00172215 
train_loss: 0.00156027 
test_loss: 0.00191476 
train_loss: 0.00141775 
test_loss: 0.00158533 
train_loss: 0.00168969 
test_loss: 0.0016921 
train_loss: 0.00171449 
test_loss: 0.0018203 
train_loss: 0.00168352 
test_loss: 0.00163829 
train_loss: 0.00168735 
test_loss: 0.00170284 
train_loss: 0.00171925 
test_loss: 0.00178403 
train_loss: 0.00157596 
test_loss: 0.00157313 
train_loss: 0.00164646 
test_loss: 0.00171292 
train_loss: 0.00187191 
test_loss: 0.00186467 
train_loss: 0.00144123 
test_loss: 0.00167844 
train_loss: 0.00176345 
test_loss: 0.00167344 
train_loss: 0.00203763 
test_loss: 0.00161273 
train_loss: 0.0016346 
test_loss: 0.00205302 
train_loss: 0.00148996 
test_loss: 0.00157914 
train_loss: 0.00158522 
test_loss: 0.00160585 
train_loss: 0.0015093 
test_loss: 0.0014189 
train_loss: 0.00170468 
test_loss: 0.00158769 
train_loss: 0.0014557 
test_loss: 0.00152419 
train_loss: 0.00171917 
test_loss: 0.00159103 
train_loss: 0.00158134 
test_loss: 0.00164636 
train_loss: 0.0017119 
test_loss: 0.00163534 
train_loss: 0.0017112 
test_loss: 0.00156186 
train_loss: 0.00146696 
test_loss: 0.00150347 
train_loss: 0.00165763 
test_loss: 0.00180471 
train_loss: 0.00188169 
test_loss: 0.00181595 
train_loss: 0.00168803 
test_loss: 0.00157264 
train_loss: 0.00168388 
test_loss: 0.00163353 
train_loss: 0.00159931 
test_loss: 0.00175734 
train_loss: 0.00140813 
test_loss: 0.00149245 
train_loss: 0.0015761 
test_loss: 0.00193744 
train_loss: 0.00164056 
test_loss: 0.00159081 
train_loss: 0.00157918 
test_loss: 0.00171443 
train_loss: 0.00154111 
test_loss: 0.00152956 
train_loss: 0.0017696 
test_loss: 0.00162782 
train_loss: 0.00146198 
test_loss: 0.00149381 
train_loss: 0.00216545 
test_loss: 0.00189807 
train_loss: 0.00149539 
test_loss: 0.0018293 
train_loss: 0.00160665 
test_loss: 0.00189114 
train_loss: 0.00165205 
test_loss: 0.00168999 
train_loss: 0.00158605 
test_loss: 0.00169377 
train_loss: 0.00140592 
test_loss: 0.00159002 
train_loss: 0.00160451 
test_loss: 0.00147009 
train_loss: 0.00160553 
test_loss: 0.00147192 
train_loss: 0.00172562 
test_loss: 0.00136042 
train_loss: 0.00153822 
test_loss: 0.00170123 
train_loss: 0.00157643 
test_loss: 0.00152664 
train_loss: 0.00163482 
test_loss: 0.00157516 
train_loss: 0.00150285 
test_loss: 0.00168073 
train_loss: 0.0014573 
test_loss: 0.00167371 
train_loss: 0.00149764 
test_loss: 0.00164804 
train_loss: 0.00165122 
test_loss: 0.00151597 
train_loss: 0.00149504 
test_loss: 0.00150193 
train_loss: 0.00148348 
test_loss: 0.00148683 
train_loss: 0.00156996 
test_loss: 0.00144489 
train_loss: 0.00195673 
test_loss: 0.0019739 
train_loss: 0.00170137 
test_loss: 0.00149847 
train_loss: 0.00152363 
test_loss: 0.00168848 
train_loss: 0.00151838 
test_loss: 0.00156929 
train_loss: 0.00149667 
test_loss: 0.00150769 
train_loss: 0.00150413 
test_loss: 0.00165969 
train_loss: 0.00151852 
test_loss: 0.0015007 
train_loss: 0.00142656 
test_loss: 0.00158067 
train_loss: 0.00130062 
test_loss: 0.00144331 
train_loss: 0.00157038 
test_loss: 0.00159226 
train_loss: 0.00149131 
test_loss: 0.00154023 
train_loss: 0.00135721 
test_loss: 0.0014594 
train_loss: 0.00155464 
test_loss: 0.00145344 
train_loss: 0.00159377 
test_loss: 0.00203001 
train_loss: 0.00156507 
test_loss: 0.00159001 
train_loss: 0.00133437 
test_loss: 0.00150486 
train_loss: 0.00159523 
test_loss: 0.00151103 
train_loss: 0.00162167 
test_loss: 0.00146897 
train_loss: 0.00172421 
test_loss: 0.00151979 
train_loss: 0.0015084 
test_loss: 0.00152531 
train_loss: 0.00149914 
test_loss: 0.00164417 
train_loss: 0.00156009 
test_loss: 0.00220698 
train_loss: 0.0016652 
test_loss: 0.00160333 
train_loss: 0.00154741 
test_loss: 0.00179275 
train_loss: 0.00156854 
test_loss: 0.00155122 
train_loss: 0.00158694 
test_loss: 0.00155159 
train_loss: 0.00160833 
test_loss: 0.00154236 
train_loss: 0.00142274 
test_loss: 0.00178821 
train_loss: 0.00143413 
test_loss: 0.00160771 
train_loss: 0.00171431 
test_loss: 0.00161781 
train_loss: 0.00143829 
test_loss: 0.00165902 
train_loss: 0.0015304 
test_loss: 0.00158141 
train_loss: 0.0016041 
test_loss: 0.00142608 
train_loss: 0.00160965 
test_loss: 0.00141727 
train_loss: 0.00144452 
test_loss: 0.00147571 
train_loss: 0.00170635 
test_loss: 0.00173796 
train_loss: 0.00143347 
test_loss: 0.00159591 
train_loss: 0.00142719 
test_loss: 0.00148242 
train_loss: 0.00142861 
test_loss: 0.0016017 
train_loss: 0.00174929 
test_loss: 0.00175315 
train_loss: 0.00137013 
test_loss: 0.00133715 
train_loss: 0.00171895 
test_loss: 0.00163934 
train_loss: 0.00154996 
test_loss: 0.0015059 
train_loss: 0.00176387 
test_loss: 0.00145913 
train_loss: 0.00160088 
test_loss: 0.00146214 
train_loss: 0.0016408 
test_loss: 0.00159697 
train_loss: 0.00150338 
test_loss: 0.00150421 
train_loss: 0.00150393 
test_loss: 0.00199588 
train_loss: 0.00153491 
test_loss: 0.00168071 
train_loss: 0.00144741 
test_loss: 0.00169897 
train_loss: 0.00163841 
test_loss: 0.00183227 
train_loss: 0.00162987 
test_loss: 0.0014614 
train_loss: 0.00150785 
test_loss: 0.00161445 
train_loss: 0.00174367 
test_loss: 0.00152513 
train_loss: 0.0014998 
test_loss: 0.0017813 
train_loss: 0.00155053 
test_loss: 0.00173153 
train_loss: 0.00140241 
test_loss: 0.0014054 
train_loss: 0.00142286 
test_loss: 0.00138789 
train_loss: 0.00146185 
test_loss: 0.00163123 
train_loss: 0.00137441 
test_loss: 0.00152101 
train_loss: 0.00137517 
test_loss: 0.00166998 
train_loss: 0.00129803 
test_loss: 0.00134613 
train_loss: 0.00150926 
test_loss: 0.00141694 
train_loss: 0.00152527 
test_loss: 0.00136571 
train_loss: 0.00159272 
test_loss: 0.00159613 
train_loss: 0.0013985 
test_loss: 0.00147399 
train_loss: 0.0012959 
test_loss: 0.00142855 
train_loss: 0.00138248 
test_loss: 0.00142362 
train_loss: 0.00148312 
test_loss: 0.00143542 
train_loss: 0.00145592 
test_loss: 0.00144369 
train_loss: 0.00146744 
test_loss: 0.00161138 
train_loss: 0.00150361 
test_loss: 0.00152711 
train_loss: 0.00175725 
test_loss: 0.00156605 
train_loss: 0.00157622 
test_loss: 0.00161081 
train_loss: 0.00157536 
test_loss: 0.00160367 
train_loss: 0.00159113 
test_loss: 0.00189842 
train_loss: 0.00148658 
test_loss: 0.00162176 
train_loss: 0.0014308 
test_loss: 0.00131418 
train_loss: 0.00159809 
test_loss: 0.00219456 
train_loss: 0.00153677 
test_loss: 0.00144451 
train_loss: 0.00153054 
test_loss: 0.00172004 
train_loss: 0.00148543 
test_loss: 0.0014045 
train_loss: 0.0015331 
test_loss: 0.00134655 
train_loss: 0.00144011 
test_loss: 0.00162957 
train_loss: 0.00147427 
test_loss: 0.00186035 
train_loss: 0.00160831 
test_loss: 0.00146335 
train_loss: 0.00146767 
test_loss: 0.00155763 
train_loss: 0.00164244 
test_loss: 0.00145762 
train_loss: 0.00127283 
test_loss: 0.00138056 
train_loss: 0.00166015 
test_loss: 0.00138867 
train_loss: 0.00142055 
test_loss: 0.0015633 
train_loss: 0.0014653 
test_loss: 0.00156996 
train_loss: 0.00137698 
test_loss: 0.00144956 
train_loss: 0.00139507 
test_loss: 0.00152096 
train_loss: 0.00129495 
test_loss: 0.00154902 
train_loss: 0.001339 
test_loss: 0.00162388 
train_loss: 0.00132095 
test_loss: 0.00174946 
train_loss: 0.00138627 
test_loss: 0.00151959 
train_loss: 0.00132625 
test_loss: 0.0019066 
train_loss: 0.00151234 
test_loss: 0.00153735 
train_loss: 0.00180963 
test_loss: 0.00166384 
train_loss: 0.00145793 
test_loss: 0.00143879 
train_loss: 0.00166686 
test_loss: 0.00154121 
train_loss: 0.00139452 
test_loss: 0.00141564 
train_loss: 0.00145029 
test_loss: 0.00150265 
train_loss: 0.00139734 
test_loss: 0.00144833 
train_loss: 0.00142351 
test_loss: 0.00137793 
train_loss: 0.00133854 
test_loss: 0.00145095 
train_loss: 0.00149726 
test_loss: 0.00168025 
train_loss: 0.00140559 
test_loss: 0.00146469 
train_loss: 0.00136612 
test_loss: 0.00138526 
train_loss: 0.00180048 
test_loss: 0.00150981 
train_loss: 0.00140736 
test_loss: 0.00160199 
train_loss: 0.00129238 
test_loss: 0.00137956 
train_loss: 0.00142078 
test_loss: 0.00131384 
train_loss: 0.00134116 
test_loss: 0.00156568 
train_loss: 0.00148689 
test_loss: 0.00150556 
train_loss: 0.0014904 
test_loss: 0.00155771 
train_loss: 0.00137548 
test_loss: 0.00158584 
train_loss: 0.00143246 
test_loss: 0.00151008 
train_loss: 0.00146263 
test_loss: 0.00166519 
train_loss: 0.00134719 
test_loss: 0.00159041 
train_loss: 0.00145761 
test_loss: 0.00147695 
train_loss: 0.00151786 
test_loss: 0.00148106 
train_loss: 0.00140264 
test_loss: 0.00151821 
train_loss: 0.00143722 
test_loss: 0.00145521 
train_loss: 0.00154085 
test_loss: 0.00158327 
train_loss: 0.00148244 
test_loss: 0.00146085 
train_loss: 0.0012848 
test_loss: 0.0014663 
train_loss: 0.00151702 
test_loss: 0.00155319 
train_loss: 0.00144582 
test_loss: 0.00137289 
train_loss: 0.00138156 
test_loss: 0.00142967 
train_loss: 0.00148436 
test_loss: 0.00167474 
train_loss: 0.00150212 
test_loss: 0.00138499 
train_loss: 0.00134179 
test_loss: 0.00140386 
train_loss: 0.00151627 
test_loss: 0.00151275 
train_loss: 0.00141204 
test_loss: 0.00143779 
train_loss: 0.00150536 
test_loss: 0.00148807 
train_loss: 0.00129704 
test_loss: 0.00143705 
train_loss: 0.00148078 
test_loss: 0.00149053 
train_loss: 0.00152101 
test_loss: 0.00137375 
train_loss: 0.0014319 
test_loss: 0.00178743 
train_loss: 0.00140566 
test_loss: 0.00155592 
train_loss: 0.00160145 
test_loss: 0.00162985 
train_loss: 0.00150887 
test_loss: 0.00164294 
train_loss: 0.00137089 
test_loss: 0.0015282 
train_loss: 0.00161579 
test_loss: 0.00140813 
train_loss: 0.00148536 
test_loss: 0.00137113 
train_loss: 0.00139044 
test_loss: 0.00130098 
train_loss: 0.00137928 
test_loss: 0.00138179 
train_loss: 0.00141053 
test_loss: 0.00142555 
train_loss: 0.00143414 
test_loss: 0.00132673 
train_loss: 0.00154171 
test_loss: 0.00178092 
train_loss: 0.00130729 
test_loss: 0.00132638 
train_loss: 0.00133505 
test_loss: 0.00158098 
train_loss: 0.00142376 
test_loss: 0.00138345 
train_loss: 0.00141133 
test_loss: 0.00142967 
train_loss: 0.00155725 
test_loss: 0.0013853 
train_loss: 0.0015058 
test_loss: 0.00136355 
train_loss: 0.00143939 
test_loss: 0.00157178 
train_loss: 0.00136352 
test_loss: 0.00156934 
train_loss: 0.00143105 
test_loss: 0.00137097 
train_loss: 0.00150979 
test_loss: 0.00133954 
train_loss: 0.00127524 
test_loss: 0.00129698 
train_loss: 0.00157559 
test_loss: 0.00153719 
train_loss: 0.00147706 
test_loss: 0.00139518 
train_loss: 0.00133884 
test_loss: 0.00140201 
train_loss: 0.00125379 
test_loss: 0.00152704 
train_loss: 0.00151764 
test_loss: 0.00144614 
train_loss: 0.00149689 
test_loss: 0.00149784 
train_loss: 0.00137338 
test_loss: 0.00154518 
