train_loss: 0.357484 
test_loss: 0.354028 
train_loss: 0.355629 
test_loss: 0.353962 
train_loss: 0.359801 
test_loss: 0.353912 
train_loss: 0.350509 
test_loss: 0.353857 
train_loss: 0.352398 
test_loss: 0.353798 
train_loss: 0.353932 
test_loss: 0.353735 
train_loss: 0.35692 
test_loss: 0.353642 
train_loss: 0.357307 
test_loss: 0.353534 
train_loss: 0.351298 
test_loss: 0.353445 
train_loss: 0.360913 
test_loss: 0.353322 
train_loss: 0.356722 
test_loss: 0.353211 
train_loss: 0.350885 
test_loss: 0.353066 
train_loss: 0.353519 
test_loss: 0.352933 
train_loss: 0.352751 
test_loss: 0.352789 
train_loss: 0.354775 
test_loss: 0.352623 
train_loss: 0.356666 
test_loss: 0.352457 
train_loss: 0.355803 
test_loss: 0.352278 
train_loss: 0.363234 
test_loss: 0.352089 
train_loss: 0.360742 
test_loss: 0.351875 
train_loss: 0.354939 
test_loss: 0.351658 
train_loss: 0.354394 
test_loss: 0.351416 
train_loss: 0.349526 
test_loss: 0.351182 
train_loss: 0.356983 
test_loss: 0.350947 
train_loss: 0.344309 
test_loss: 0.350644 
train_loss: 0.348814 
test_loss: 0.350383 
train_loss: 0.349837 
test_loss: 0.350082 
train_loss: 0.360639 
test_loss: 0.34978 
train_loss: 0.349514 
test_loss: 0.34944 
train_loss: 0.35313 
test_loss: 0.349113 
train_loss: 0.351957 
test_loss: 0.348751 
train_loss: 0.346722 
test_loss: 0.348373 
train_loss: 0.339315 
test_loss: 0.347986 
train_loss: 0.346865 
test_loss: 0.347581 
train_loss: 0.347843 
test_loss: 0.347149 
train_loss: 0.349993 
test_loss: 0.346715 
train_loss: 0.34593 
test_loss: 0.346245 
train_loss: 0.347138 
test_loss: 0.345755 
train_loss: 0.350604 
test_loss: 0.345257 
train_loss: 0.348884 
test_loss: 0.344718 
train_loss: 0.346933 
test_loss: 0.344173 
train_loss: 0.35885 
test_loss: 0.343583 
train_loss: 0.343595 
test_loss: 0.342982 
train_loss: 0.34362 
test_loss: 0.342351 
train_loss: 0.340616 
test_loss: 0.341691 
train_loss: 0.345495 
test_loss: 0.341038 
train_loss: 0.343272 
test_loss: 0.340319 
train_loss: 0.342851 
test_loss: 0.339586 
train_loss: 0.334506 
test_loss: 0.338825 
train_loss: 0.341878 
test_loss: 0.338023 
train_loss: 0.340467 
test_loss: 0.337212 
train_loss: 0.341689 
test_loss: 0.336346 
train_loss: 0.342026 
test_loss: 0.335477 
train_loss: 0.342857 
test_loss: 0.334518 
train_loss: 0.334197 
test_loss: 0.333583 
train_loss: 0.337948 
test_loss: 0.33259 
train_loss: 0.332161 
test_loss: 0.331545 
train_loss: 0.330872 
test_loss: 0.330469 
train_loss: 0.326292 
test_loss: 0.329366 
train_loss: 0.332494 
test_loss: 0.328212 
train_loss: 0.329198 
test_loss: 0.327011 
train_loss: 0.327833 
test_loss: 0.325763 
train_loss: 0.328055 
test_loss: 0.324461 
train_loss: 0.324086 
test_loss: 0.323122 
train_loss: 0.321952 
test_loss: 0.321697 
train_loss: 0.328454 
test_loss: 0.320231 
train_loss: 0.32353 
test_loss: 0.318666 
train_loss: 0.311277 
test_loss: 0.317029 
train_loss: 0.308127 
test_loss: 0.315293 
train_loss: 0.309124 
test_loss: 0.31344 
train_loss: 0.311325 
test_loss: 0.311426 
train_loss: 0.313333 
test_loss: 0.309212 
train_loss: 0.30932 
test_loss: 0.306717 
train_loss: 0.309408 
test_loss: 0.303885 
train_loss: 0.300696 
test_loss: 0.300531 
train_loss: 0.301356 
test_loss: 0.296589 
train_loss: 0.289779 
test_loss: 0.291971 
train_loss: 0.282146 
test_loss: 0.28683 
train_loss: 0.284504 
test_loss: 0.281518 
train_loss: 0.276366 
test_loss: 0.27635 
train_loss: 0.277882 
test_loss: 0.271459 
train_loss: 0.266842 
test_loss: 0.266842 
train_loss: 0.257512 
test_loss: 0.262401 
train_loss: 0.25991 
test_loss: 0.258071 
train_loss: 0.260438 
test_loss: 0.253793 
train_loss: 0.250172 
test_loss: 0.249584 
train_loss: 0.243638 
test_loss: 0.245434 
train_loss: 0.243208 
test_loss: 0.241379 
train_loss: 0.242318 
test_loss: 0.237401 
train_loss: 0.236395 
test_loss: 0.233479 
train_loss: 0.23344 
test_loss: 0.229586 
train_loss: 0.226155 
test_loss: 0.225694 
train_loss: 0.219859 
test_loss: 0.221765 
train_loss: 0.216062 
test_loss: 0.217745 
train_loss: 0.216489 
test_loss: 0.21366 
train_loss: 0.212183 
test_loss: 0.209427 
train_loss: 0.203756 
test_loss: 0.205049 
train_loss: 0.203897 
test_loss: 0.200488 
train_loss: 0.197209 
test_loss: 0.195716 
train_loss: 0.189742 
test_loss: 0.190737 
train_loss: 0.1875 
test_loss: 0.185533 
train_loss: 0.182766 
test_loss: 0.180124 
train_loss: 0.169879 
test_loss: 0.174505 
train_loss: 0.167658 
test_loss: 0.16873 
train_loss: 0.161639 
test_loss: 0.162788 
train_loss: 0.157709 
test_loss: 0.15672 
train_loss: 0.151322 
test_loss: 0.150533 
train_loss: 0.145787 
test_loss: 0.144267 
train_loss: 0.137756 
test_loss: 0.137949 
train_loss: 0.132395 
test_loss: 0.131605 
train_loss: 0.124331 
test_loss: 0.125292 
train_loss: 0.116965 
test_loss: 0.119042 
train_loss: 0.114735 
test_loss: 0.112916 
train_loss: 0.108376 
test_loss: 0.106932 
train_loss: 0.101698 
test_loss: 0.101171 
train_loss: 0.0952045 
test_loss: 0.095681 
train_loss: 0.0903037 
test_loss: 0.0905499 
train_loss: 0.0844375 
test_loss: 0.0858048 
train_loss: 0.0812522 
test_loss: 0.0815207 
train_loss: 0.0773981 
test_loss: 0.0777221 
train_loss: 0.0734474 
test_loss: 0.0744205 
train_loss: 0.0700872 
test_loss: 0.0715752 
train_loss: 0.0680202 
test_loss: 0.0691413 
train_loss: 0.0666716 
test_loss: 0.0670782 
train_loss: 0.0666911 
test_loss: 0.0653061 
train_loss: 0.0628666 
test_loss: 0.0637969 
train_loss: 0.061983 
test_loss: 0.0624963 
train_loss: 0.0625854 
test_loss: 0.0613552 
train_loss: 0.0605167 
test_loss: 0.0603652 
train_loss: 0.0596617 
test_loss: 0.0595171 
train_loss: 0.0602686 
test_loss: 0.0587801 
train_loss: 0.0575742 
test_loss: 0.0581328 
train_loss: 0.0570242 
test_loss: 0.0575779 
train_loss: 0.0572704 
test_loss: 0.0570957 
train_loss: 0.057485 
test_loss: 0.0567043 
train_loss: 0.055785 
test_loss: 0.0563422 
train_loss: 0.0558045 
test_loss: 0.0560442 
train_loss: 0.0559125 
test_loss: 0.055808 
train_loss: 0.0554666 
test_loss: 0.0555901 
train_loss: 0.055052 
test_loss: 0.0553914 
train_loss: 0.0548888 
test_loss: 0.0552475 
train_loss: 0.0551659 
test_loss: 0.0550894 
train_loss: 0.0532933 
test_loss: 0.0549765 
train_loss: 0.0551534 
test_loss: 0.0548562 
train_loss: 0.0539288 
test_loss: 0.0547385 
train_loss: 0.0557272 
test_loss: 0.0546816 
train_loss: 0.0542218 
test_loss: 0.0545939 
train_loss: 0.0542563 
test_loss: 0.0545302 
train_loss: 0.0540164 
test_loss: 0.0544597 
train_loss: 0.0537658 
test_loss: 0.0544016 
train_loss: 0.0533194 
test_loss: 0.0543563 
train_loss: 0.0552301 
test_loss: 0.0543217 
train_loss: 0.0547142 
test_loss: 0.0542634 
train_loss: 0.0548089 
test_loss: 0.0542095 
train_loss: 0.0542209 
test_loss: 0.0541648 
train_loss: 0.0541707 
test_loss: 0.0541487 
train_loss: 0.0547167 
test_loss: 0.0541039 
train_loss: 0.0541999 
test_loss: 0.0540587 
train_loss: 0.0546074 
test_loss: 0.0540523 
train_loss: 0.0540567 
test_loss: 0.053996 
train_loss: 0.0533699 
test_loss: 0.053966 
train_loss: 0.0530559 
test_loss: 0.0539212 
train_loss: 0.053836 
test_loss: 0.0538941 
train_loss: 0.0532778 
test_loss: 0.0538116 
train_loss: 0.052933 
test_loss: 0.0537784 
train_loss: 0.0537036 
test_loss: 0.0536997 
train_loss: 0.0538014 
test_loss: 0.0536224 
train_loss: 0.0530082 
test_loss: 0.0535374 
train_loss: 0.0532104 
test_loss: 0.0534337 
train_loss: 0.0538038 
test_loss: 0.0533017 
train_loss: 0.0526614 
test_loss: 0.0531989 
train_loss: 0.0523697 
test_loss: 0.0530989 
train_loss: 0.0528957 
test_loss: 0.0528766 
train_loss: 0.0528475 
test_loss: 0.0526481 
train_loss: 0.0517999 
test_loss: 0.0523787 
train_loss: 0.0520162 
test_loss: 0.0520911 
train_loss: 0.0510572 
test_loss: 0.0516507 
train_loss: 0.0525749 
test_loss: 0.0512706 
train_loss: 0.0493284 
test_loss: 0.0506066 
train_loss: 0.0499716 
test_loss: 0.0500198 
train_loss: 0.0491186 
test_loss: 0.0493552 
train_loss: 0.0495508 
test_loss: 0.0485987 
train_loss: 0.0475368 
test_loss: 0.0477527 
train_loss: 0.047435 
test_loss: 0.0468895 
train_loss: 0.045229 
test_loss: 0.0457629 
train_loss: 0.0442453 
test_loss: 0.044443 
train_loss: 0.0427608 
test_loss: 0.0428984 
train_loss: 0.0415808 
test_loss: 0.0407226 
train_loss: 0.0374523 
test_loss: 0.0377316 
train_loss: 0.0344479 
test_loss: 0.034217 
train_loss: 0.0302843 
test_loss: 0.0303881 
train_loss: 0.0262131 
test_loss: 0.0266994 
train_loss: 0.0229686 
test_loss: 0.0229582 
train_loss: 0.0194517 
test_loss: 0.0194515 
train_loss: 0.0170864 
test_loss: 0.0169342 
train_loss: 0.0151043 
test_loss: 0.0151352 
train_loss: 0.0140472 
test_loss: 0.0143911 
train_loss: 0.0136797 
test_loss: 0.0136314 
train_loss: 0.0133327 
test_loss: 0.0133358 
train_loss: 0.0131508 
test_loss: 0.0130343 
train_loss: 0.0127227 
test_loss: 0.0128744 
train_loss: 0.0123507 
test_loss: 0.0127445 
train_loss: 0.0124516 
test_loss: 0.0124972 
train_loss: 0.0123154 
test_loss: 0.0125269 
train_loss: 0.0125424 
test_loss: 0.0124812 
train_loss: 0.0119293 
test_loss: 0.0123743 
train_loss: 0.0123727 
test_loss: 0.0122386 
train_loss: 0.0118982 
test_loss: 0.012212 
train_loss: 0.0122168 
test_loss: 0.0122634 
train_loss: 0.0122326 
test_loss: 0.0122093 
train_loss: 0.0120915 
test_loss: 0.0119189 
train_loss: 0.0121127 
test_loss: 0.0121704 
train_loss: 0.011993 
test_loss: 0.0120276 
train_loss: 0.0116312 
test_loss: 0.0119136 
train_loss: 0.0120163 
test_loss: 0.0119384 
train_loss: 0.0119084 
test_loss: 0.0118921 
train_loss: 0.0119164 
test_loss: 0.0117977 
train_loss: 0.0117249 
test_loss: 0.0118113 
train_loss: 0.0118219 
test_loss: 0.0117068 
train_loss: 0.0114428 
test_loss: 0.01181 
train_loss: 0.0115864 
test_loss: 0.0117111 
train_loss: 0.0118482 
test_loss: 0.0117185 
train_loss: 0.0116157 
test_loss: 0.0117894 
train_loss: 0.0114151 
test_loss: 0.0117223 
train_loss: 0.0115741 
test_loss: 0.0116009 
train_loss: 0.01162 
test_loss: 0.0115302 
train_loss: 0.0116032 
test_loss: 0.0115219 
train_loss: 0.0116527 
test_loss: 0.0115319 
train_loss: 0.0115593 
test_loss: 0.0116636 
train_loss: 0.0115632 
test_loss: 0.0116325 
train_loss: 0.011507 
test_loss: 0.0114129 
train_loss: 0.011374 
test_loss: 0.0114559 
train_loss: 0.0111745 
test_loss: 0.0114856 
train_loss: 0.0112358 
test_loss: 0.0114171 
train_loss: 0.0109655 
test_loss: 0.0113 
train_loss: 0.0113111 
test_loss: 0.0111297 
train_loss: 0.0108611 
test_loss: 0.0110522 
train_loss: 0.010848 
test_loss: 0.0110964 
train_loss: 0.0109811 
test_loss: 0.0107559 
train_loss: 0.0103682 
test_loss: 0.0105308 
train_loss: 0.0105549 
test_loss: 0.0103343 
train_loss: 0.0100169 
test_loss: 0.0103221 
train_loss: 0.0100545 
test_loss: 0.0101132 
train_loss: 0.0100582 
test_loss: 0.0103731 
train_loss: 0.00998734 
test_loss: 0.0100443 
train_loss: 0.00998939 
test_loss: 0.00995616 
train_loss: 0.00972176 
test_loss: 0.0100732 
train_loss: 0.00963899 
test_loss: 0.00984578 
train_loss: 0.00972819 
test_loss: 0.00971087 
train_loss: 0.00985192 
test_loss: 0.00965559 
train_loss: 0.00982533 
test_loss: 0.0096241 
train_loss: 0.00961439 
test_loss: 0.00970505 
train_loss: 0.00950262 
test_loss: 0.00966217 
train_loss: 0.00922309 
test_loss: 0.00936854 
train_loss: 0.00963203 
test_loss: 0.00979897 
train_loss: 0.00966801 
test_loss: 0.00936805 
train_loss: 0.00939439 
test_loss: 0.00928363 
train_loss: 0.00918062 
test_loss: 0.0094404 
train_loss: 0.00888572 
test_loss: 0.00942312 
train_loss: 0.00913246 
test_loss: 0.00944359 
train_loss: 0.00881527 
test_loss: 0.00903177 
train_loss: 0.00894724 
test_loss: 0.00910823 
train_loss: 0.00890185 
test_loss: 0.00896534 
train_loss: 0.00889766 
test_loss: 0.00901425 
train_loss: 0.00958296 
test_loss: 0.00926076 
train_loss: 0.00901927 
test_loss: 0.00903065 
train_loss: 0.00883113 
test_loss: 0.00901701 
train_loss: 0.00896516 
test_loss: 0.0089733 
train_loss: 0.008612 
test_loss: 0.00872676 
train_loss: 0.00877301 
test_loss: 0.00904471 
train_loss: 0.0086933 
test_loss: 0.00872602 
train_loss: 0.0085521 
test_loss: 0.00878858 
train_loss: 0.00879735 
test_loss: 0.00865936 
train_loss: 0.00864737 
test_loss: 0.00891517 
train_loss: 0.00848042 
test_loss: 0.00895406 
train_loss: 0.00862922 
test_loss: 0.00865409 
train_loss: 0.00888495 
test_loss: 0.0090097 
train_loss: 0.008286 
test_loss: 0.00837423 
train_loss: 0.00869314 
test_loss: 0.0087422 
train_loss: 0.0084394 
test_loss: 0.00836506 
train_loss: 0.0086683 
test_loss: 0.0086824 
train_loss: 0.00828076 
test_loss: 0.00838717 
train_loss: 0.00879587 
test_loss: 0.00832826 
train_loss: 0.00851265 
test_loss: 0.0086116 
train_loss: 0.00816444 
test_loss: 0.00833017 
train_loss: 0.00795812 
test_loss: 0.00850823 
train_loss: 0.00841946 
test_loss: 0.00818981 
train_loss: 0.00814041 
test_loss: 0.00795153 
train_loss: 0.00789975 
test_loss: 0.00830518 
train_loss: 0.00765734 
test_loss: 0.00777112 
train_loss: 0.00752532 
test_loss: 0.00783431 
train_loss: 0.00730224 
test_loss: 0.00682368 
train_loss: 0.00670775 
test_loss: 0.00661616 
train_loss: 0.0060148 
test_loss: 0.00622602 
train_loss: 0.00585622 
test_loss: 0.00602836 
train_loss: 0.0049936 
test_loss: 0.00548217 
train_loss: 0.00510902 
test_loss: 0.0046471 
train_loss: 0.00600443 
test_loss: 0.00531348 
train_loss: 0.00495246 
test_loss: 0.00510437 
train_loss: 0.00449963 
test_loss: 0.00480977 
train_loss: 0.00454443 
test_loss: 0.00437467 
train_loss: 0.0037444 
test_loss: 0.00380011 
train_loss: 0.00347664 
test_loss: 0.00402707 
train_loss: 0.00420671 
test_loss: 0.00402472 
train_loss: 0.00466555 
test_loss: 0.00364474 
train_loss: 0.00401977 
test_loss: 0.00446638 
train_loss: 0.0035042 
test_loss: 0.00344521 
train_loss: 0.00369121 
test_loss: 0.00336397 
train_loss: 0.00367578 
test_loss: 0.00372306 
train_loss: 0.0046139 
test_loss: 0.00374556 
train_loss: 0.0037571 
test_loss: 0.00346178 
train_loss: 0.00355827 
test_loss: 0.00383007 
train_loss: 0.00332819 
test_loss: 0.00338213 
train_loss: 0.00402459 
test_loss: 0.0033417 
train_loss: 0.00335458 
test_loss: 0.00361779 
train_loss: 0.00292133 
test_loss: 0.00324985 
train_loss: 0.00407326 
test_loss: 0.00398967 
train_loss: 0.00309107 
test_loss: 0.00395142 
train_loss: 0.00326383 
test_loss: 0.00322852 
train_loss: 0.00390578 
test_loss: 0.00335262 
train_loss: 0.00366796 
test_loss: 0.00320512 
train_loss: 0.00351827 
test_loss: 0.00320049 
train_loss: 0.00318749 
test_loss: 0.00288234 
train_loss: 0.00307879 
test_loss: 0.00284205 
train_loss: 0.00299542 
test_loss: 0.00309779 
train_loss: 0.00298716 
test_loss: 0.00347096 
train_loss: 0.00295013 
test_loss: 0.00290604 
train_loss: 0.00301928 
test_loss: 0.0029742 
train_loss: 0.00332404 
test_loss: 0.00298432 
train_loss: 0.00329919 
test_loss: 0.0033796 
train_loss: 0.00335352 
test_loss: 0.00308241 
train_loss: 0.00284486 
test_loss: 0.00290873 
train_loss: 0.00306338 
test_loss: 0.00284281 
train_loss: 0.00292213 
test_loss: 0.00306728 
train_loss: 0.00283688 
test_loss: 0.00297532 
train_loss: 0.00340243 
test_loss: 0.00283502 
train_loss: 0.00267492 
test_loss: 0.00289359 
train_loss: 0.00295116 
test_loss: 0.00293219 
train_loss: 0.00303696 
test_loss: 0.00297344 
train_loss: 0.00288519 
test_loss: 0.0028448 
train_loss: 0.00290642 
test_loss: 0.00344097 
train_loss: 0.0031208 
test_loss: 0.00287464 
train_loss: 0.00361125 
test_loss: 0.00299315 
train_loss: 0.00318751 
test_loss: 0.00291103 
train_loss: 0.00306203 
test_loss: 0.00285765 
train_loss: 0.00292226 
test_loss: 0.0027957 
train_loss: 0.00337741 
test_loss: 0.00273064 
train_loss: 0.00342928 
test_loss: 0.00294776 
train_loss: 0.00282585 
test_loss: 0.00275448 
train_loss: 0.00294104 
test_loss: 0.00270746 
train_loss: 0.00331469 
test_loss: 0.00291785 
train_loss: 0.00273497 
test_loss: 0.00273044 
train_loss: 0.00326486 
test_loss: 0.00292063 
train_loss: 0.00288475 
test_loss: 0.00275132 
train_loss: 0.00300517 
test_loss: 0.00273334 
train_loss: 0.00291993 
test_loss: 0.0030444 
train_loss: 0.00310899 
test_loss: 0.00326851 
train_loss: 0.00292443 
test_loss: 0.00251412 
train_loss: 0.00295925 
test_loss: 0.00263856 
train_loss: 0.00248281 
test_loss: 0.00263867 
train_loss: 0.00278554 
test_loss: 0.00279011 
train_loss: 0.0029474 
test_loss: 0.0032469 
train_loss: 0.00298281 
test_loss: 0.00264584 
train_loss: 0.00289103 
test_loss: 0.00266991 
train_loss: 0.00285234 
test_loss: 0.00254827 
train_loss: 0.00255183 
test_loss: 0.00265016 
train_loss: 0.00298754 
test_loss: 0.00260712 
train_loss: 0.00279195 
test_loss: 0.00308172 
train_loss: 0.00251962 
test_loss: 0.0026099 
train_loss: 0.00265782 
test_loss: 0.00254895 
train_loss: 0.00257565 
test_loss: 0.00240252 
train_loss: 0.00325046 
test_loss: 0.00278173 
train_loss: 0.0025336 
test_loss: 0.00298363 
train_loss: 0.00268825 
test_loss: 0.00271009 
train_loss: 0.00258556 
test_loss: 0.00283785 
train_loss: 0.00278374 
test_loss: 0.00256918 
train_loss: 0.00264446 
test_loss: 0.00251528 
train_loss: 0.00269151 
test_loss: 0.00256529 
train_loss: 0.00243619 
test_loss: 0.00275038 
train_loss: 0.00255464 
test_loss: 0.00266165 
train_loss: 0.0029882 
test_loss: 0.00249789 
train_loss: 0.00278568 
test_loss: 0.00264648 
train_loss: 0.00225017 
test_loss: 0.00240449 
train_loss: 0.00241317 
test_loss: 0.00262061 
train_loss: 0.00237108 
test_loss: 0.00230987 
train_loss: 0.00218209 
test_loss: 0.00252049 
train_loss: 0.00248195 
test_loss: 0.00259869 
train_loss: 0.002527 
test_loss: 0.0024904 
train_loss: 0.0023184 
test_loss: 0.0022634 
train_loss: 0.00243389 
test_loss: 0.00286065 
train_loss: 0.00245707 
test_loss: 0.00225916 
train_loss: 0.00262675 
test_loss: 0.0026138 
train_loss: 0.00241868 
test_loss: 0.00219079 
train_loss: 0.00262107 
test_loss: 0.00235591 
train_loss: 0.0026173 
test_loss: 0.0024456 
train_loss: 0.00265323 
test_loss: 0.00246093 
train_loss: 0.00262146 
test_loss: 0.00251385 
train_loss: 0.0022523 
test_loss: 0.00254239 
train_loss: 0.00312719 
test_loss: 0.00265707 
train_loss: 0.00225703 
test_loss: 0.00212419 
train_loss: 0.00277069 
test_loss: 0.00238882 
train_loss: 0.00232749 
test_loss: 0.00258342 
train_loss: 0.00317092 
test_loss: 0.00264565 
train_loss: 0.00276342 
test_loss: 0.00249024 
train_loss: 0.00301133 
test_loss: 0.00236206 
train_loss: 0.0029083 
test_loss: 0.00244979 
train_loss: 0.00267018 
test_loss: 0.00237052 
train_loss: 0.00267275 
test_loss: 0.00248471 
train_loss: 0.00239042 
test_loss: 0.00255123 
train_loss: 0.00235723 
test_loss: 0.00225994 
train_loss: 0.00226652 
test_loss: 0.00284402 
