train_loss: 1.99901 
test_loss: 2.05354 
train_loss: 2.0131 
test_loss: 2.4079 
train_loss: 2.44919 
test_loss: 2.39141 
train_loss: 2.42392 
test_loss: 2.34881 
train_loss: 0.663889 
test_loss: 0.663779 
train_loss: 0.66694 
test_loss: 0.663785 
train_loss: 0.660409 
test_loss: 0.663755 
train_loss: 0.66798 
test_loss: 0.663763 
train_loss: 0.658187 
test_loss: 0.663755 
train_loss: 0.663821 
test_loss: 0.663743 
train_loss: 0.652961 
test_loss: 0.663774 
train_loss: 0.652018 
test_loss: 0.663757 
train_loss: 0.659482 
test_loss: 0.663771 
train_loss: 0.656479 
test_loss: 0.663745 
train_loss: 0.665618 
test_loss: 0.663784 
train_loss: 0.662036 
test_loss: 0.663745 
train_loss: 0.669719 
test_loss: 0.663786 
train_loss: 0.655344 
test_loss: 0.663776 
train_loss: 0.655248 
test_loss: 0.663775 
train_loss: 0.670108 
test_loss: 0.663759 
train_loss: 0.652268 
test_loss: 0.663771 
train_loss: 0.655092 
test_loss: 0.663777 
train_loss: 0.665111 
test_loss: 0.663759 
train_loss: 0.664631 
test_loss: 0.663756 
train_loss: 0.654575 
test_loss: 0.663757 
train_loss: 0.664975 
test_loss: 0.663773 
train_loss: 0.668412 
test_loss: 0.663751 
train_loss: 0.653149 
test_loss: 0.663769 
train_loss: 0.65909 
test_loss: 0.663758 
train_loss: 0.659469 
test_loss: 0.663753 
train_loss: 0.655283 
test_loss: 0.663755 
train_loss: 0.65073 
test_loss: 0.663764 
train_loss: 0.654378 
test_loss: 0.663757 
train_loss: 0.654596 
test_loss: 0.663767 
train_loss: 0.664709 
test_loss: 0.663766 
train_loss: 0.670619 
test_loss: 0.663772 
train_loss: 0.64552 
test_loss: 0.66376 
train_loss: 0.676625 
test_loss: 0.663779 
train_loss: 0.653256 
test_loss: 0.663739 
train_loss: 0.664954 
test_loss: 0.663767 
train_loss: 0.662622 
test_loss: 0.663741 
train_loss: 0.659681 
test_loss: 0.663783 
train_loss: 0.661264 
test_loss: 0.663763 
train_loss: 0.664371 
test_loss: 0.663767 
train_loss: 0.668757 
test_loss: 0.663738 
train_loss: 0.660767 
test_loss: 0.663742 
train_loss: 0.660501 
test_loss: 0.663762 
train_loss: 0.653793 
test_loss: 0.663766 
train_loss: 0.659332 
test_loss: 0.663783 
train_loss: 0.66652 
test_loss: 0.663744 
train_loss: 0.662679 
test_loss: 0.663756 
train_loss: 0.65753 
test_loss: 0.663748 
train_loss: 0.660444 
test_loss: 0.663778 
train_loss: 0.656199 
test_loss: 0.663766 
train_loss: 0.664944 
test_loss: 0.663736 
train_loss: 0.665403 
test_loss: 0.663761 
train_loss: 0.668197 
test_loss: 0.663761 
train_loss: 0.661711 
test_loss: 0.66377 
train_loss: 0.673963 
test_loss: 0.663776 
train_loss: 0.662991 
test_loss: 0.66375 
train_loss: 0.655984 
test_loss: 0.663767 
train_loss: 0.65875 
test_loss: 0.663769 
train_loss: 0.663882 
test_loss: 0.663806 
train_loss: 0.667203 
test_loss: 0.66379 
train_loss: 0.667725 
test_loss: 0.663729 
train_loss: 0.664946 
test_loss: 0.663765 
train_loss: 0.661893 
test_loss: 0.663762 
train_loss: 0.659379 
test_loss: 0.663779 
train_loss: 0.668049 
test_loss: 0.663763 
train_loss: 0.663105 
test_loss: 0.663781 
train_loss: 0.663861 
test_loss: 0.663767 
train_loss: 0.667389 
test_loss: 0.663773 
train_loss: 0.666058 
test_loss: 0.663774 
train_loss: 0.66206 
test_loss: 0.663773 
train_loss: 0.655224 
test_loss: 0.663746 
train_loss: 0.658598 
test_loss: 0.663755 
train_loss: 0.657292 
test_loss: 0.663713 
train_loss: 0.662427 
test_loss: 0.66376 
train_loss: 0.667829 
test_loss: 0.663761 
train_loss: 0.65768 
test_loss: 0.663771 
train_loss: 0.664137 
test_loss: 0.663766 
train_loss: 0.648407 
test_loss: 0.663751 
train_loss: 0.668001 
test_loss: 0.663749 
train_loss: 0.657452 
test_loss: 0.663751 
train_loss: 0.662471 
test_loss: 0.663744 
train_loss: 0.650364 
test_loss: 0.663742 
train_loss: 0.664033 
test_loss: 0.663797 
train_loss: 0.6566 
test_loss: 0.663762 
train_loss: 0.656375 
test_loss: 0.663773 
train_loss: 0.660096 
test_loss: 0.663779 
train_loss: 0.664803 
test_loss: 0.663752 
train_loss: 0.66364 
test_loss: 0.663775 
train_loss: 0.65841 
test_loss: 0.663741 
train_loss: 0.65431 
test_loss: 0.663773 
train_loss: 0.668344 
test_loss: 0.663735 
train_loss: 0.649055 
test_loss: 0.663738 
train_loss: 0.665776 
test_loss: 0.66377 
train_loss: 0.665009 
test_loss: 0.663747 
train_loss: 0.654769 
test_loss: 0.663775 
train_loss: 0.661859 
test_loss: 0.663765 
train_loss: 0.667353 
test_loss: 0.66373 
train_loss: 0.661583 
test_loss: 0.66374 
train_loss: 0.674309 
test_loss: 0.663761 
train_loss: 0.668861 
test_loss: 0.663751 
train_loss: 0.660413 
test_loss: 0.663775 
train_loss: 0.665132 
test_loss: 0.66374 
train_loss: 0.660454 
test_loss: 0.663758 
train_loss: 0.67228 
test_loss: 0.663713 
train_loss: 0.663698 
test_loss: 0.66375 
train_loss: 0.659387 
test_loss: 0.663744 
train_loss: 0.648861 
test_loss: 0.663769 
train_loss: 0.658789 
test_loss: 0.66375 
train_loss: 0.66415 
test_loss: 0.663778 
train_loss: 0.659153 
test_loss: 0.663748 
train_loss: 0.660296 
test_loss: 0.663744 
train_loss: 0.667311 
test_loss: 0.663752 
train_loss: 0.659411 
test_loss: 0.663727 
train_loss: 0.658723 
test_loss: 0.663727 
train_loss: 0.658755 
test_loss: 0.663745 
train_loss: 0.66005 
test_loss: 0.663727 
train_loss: 0.663652 
test_loss: 0.66373 
train_loss: 0.665759 
test_loss: 0.663745 
train_loss: 0.657875 
test_loss: 0.663696 
train_loss: 0.663051 
test_loss: 0.663751 
train_loss: 0.665169 
test_loss: 0.663714 
train_loss: 0.659118 
test_loss: 0.663736 
train_loss: 0.670122 
test_loss: 0.663713 
train_loss: 0.668729 
test_loss: 0.663724 
train_loss: 0.651364 
test_loss: 0.663704 
train_loss: 0.661883 
test_loss: 0.663701 
train_loss: 0.67026 
test_loss: 0.663682 
train_loss: 0.67305 
test_loss: 0.663717 
train_loss: 0.64823 
test_loss: 0.663689 
train_loss: 0.656895 
test_loss: 0.6637 
train_loss: 0.658975 
test_loss: 0.663675 
train_loss: 0.657399 
test_loss: 0.663656 
train_loss: 0.670617 
test_loss: 0.663681 
train_loss: 0.67243 
test_loss: 0.663662 
train_loss: 0.673378 
test_loss: 0.663629 
train_loss: 0.669856 
test_loss: 0.663641 
train_loss: 0.656775 
test_loss: 0.663637 
train_loss: 0.663871 
test_loss: 0.663633 
train_loss: 0.664894 
test_loss: 0.6636 
train_loss: 0.657933 
test_loss: 0.6636 
train_loss: 0.661108 
test_loss: 0.663583 
train_loss: 0.671908 
test_loss: 0.663585 
train_loss: 0.664191 
test_loss: 0.663588 
train_loss: 0.669656 
test_loss: 0.663525 
train_loss: 0.663673 
test_loss: 0.663565 
train_loss: 0.643632 
test_loss: 0.663527 
train_loss: 0.650889 
test_loss: 0.663517 
train_loss: 0.673709 
test_loss: 0.663514 
train_loss: 0.662614 
test_loss: 0.663488 
train_loss: 0.664126 
test_loss: 0.663444 
train_loss: 0.665997 
test_loss: 0.663432 
train_loss: 0.663997 
test_loss: 0.663423 
train_loss: 0.669204 
test_loss: 0.663383 
train_loss: 0.654241 
test_loss: 0.663367 
train_loss: 0.665495 
test_loss: 0.663324 
train_loss: 0.657301 
test_loss: 0.66334 
train_loss: 0.658259 
test_loss: 0.663305 
train_loss: 0.654599 
test_loss: 0.663243 
train_loss: 0.65739 
test_loss: 0.663197 
train_loss: 0.660593 
test_loss: 0.663175 
train_loss: 0.650819 
test_loss: 0.663146 
train_loss: 0.66716 
test_loss: 0.663108 
train_loss: 0.6538 
test_loss: 0.663111 
train_loss: 0.665634 
test_loss: 0.663077 
train_loss: 0.6667 
test_loss: 0.663002 
train_loss: 0.660001 
test_loss: 0.662961 
train_loss: 0.652956 
test_loss: 0.662908 
train_loss: 0.662538 
test_loss: 0.662875 
train_loss: 0.667841 
test_loss: 0.662827 
train_loss: 0.647809 
test_loss: 0.66275 
train_loss: 0.661823 
test_loss: 0.662709 
train_loss: 0.662376 
test_loss: 0.662626 
train_loss: 0.663934 
test_loss: 0.662556 
train_loss: 0.658395 
test_loss: 0.662518 
train_loss: 0.655873 
test_loss: 0.66246 
train_loss: 0.651538 
test_loss: 0.662344 
train_loss: 0.655348 
test_loss: 0.662245 
train_loss: 0.663342 
test_loss: 0.662194 
train_loss: 0.665168 
test_loss: 0.662104 
train_loss: 0.660555 
test_loss: 0.662008 
train_loss: 0.664991 
test_loss: 0.661925 
train_loss: 0.65336 
test_loss: 0.661806 
train_loss: 0.651044 
test_loss: 0.661732 
train_loss: 0.664029 
test_loss: 0.661613 
train_loss: 0.654116 
test_loss: 0.661494 
train_loss: 0.647111 
test_loss: 0.661391 
train_loss: 0.648214 
test_loss: 0.661259 
train_loss: 0.669497 
test_loss: 0.661088 
train_loss: 0.660275 
test_loss: 0.660954 
train_loss: 0.651831 
test_loss: 0.660797 
train_loss: 0.666101 
test_loss: 0.660663 
train_loss: 0.655107 
test_loss: 0.660494 
train_loss: 0.644261 
test_loss: 0.660323 
train_loss: 0.674832 
test_loss: 0.660119 
train_loss: 0.656779 
test_loss: 0.659953 
train_loss: 0.658584 
test_loss: 0.659722 
train_loss: 0.65235 
test_loss: 0.659543 
train_loss: 0.658089 
test_loss: 0.659293 
train_loss: 0.658958 
test_loss: 0.659061 
train_loss: 0.656307 
test_loss: 0.658808 
train_loss: 0.660076 
test_loss: 0.658546 
train_loss: 0.647302 
test_loss: 0.658279 
train_loss: 0.657146 
test_loss: 0.658015 
train_loss: 0.66024 
test_loss: 0.657708 
train_loss: 0.652711 
test_loss: 0.657389 
train_loss: 0.663488 
test_loss: 0.657051 
train_loss: 0.65337 
test_loss: 0.656717 
train_loss: 0.650422 
test_loss: 0.656306 
train_loss: 0.652331 
test_loss: 0.655973 
train_loss: 0.666459 
test_loss: 0.655559 
train_loss: 0.641445 
test_loss: 0.655187 
train_loss: 0.651663 
test_loss: 0.654692 
train_loss: 0.645557 
test_loss: 0.654237 
train_loss: 0.658686 
test_loss: 0.653749 
train_loss: 0.648481 
test_loss: 0.653291 
train_loss: 0.660042 
test_loss: 0.652729 
train_loss: 0.652533 
test_loss: 0.652175 
train_loss: 0.649818 
test_loss: 0.65155 
train_loss: 0.660534 
test_loss: 0.650978 
train_loss: 0.647921 
test_loss: 0.650305 
train_loss: 0.656938 
test_loss: 0.649637 
train_loss: 0.653533 
test_loss: 0.648948 
train_loss: 0.641577 
test_loss: 0.648162 
train_loss: 0.641931 
test_loss: 0.647386 
train_loss: 0.656803 
test_loss: 0.646562 
train_loss: 0.639344 
test_loss: 0.645696 
train_loss: 0.634468 
test_loss: 0.64478 
train_loss: 0.631405 
test_loss: 0.643865 
train_loss: 0.634286 
test_loss: 0.642858 
train_loss: 0.638809 
test_loss: 0.641833 
train_loss: 0.632539 
test_loss: 0.640752 
train_loss: 0.641706 
test_loss: 0.639624 
train_loss: 0.639358 
test_loss: 0.638419 
train_loss: 0.65181 
test_loss: 0.637149 
train_loss: 0.636807 
test_loss: 0.635876 
train_loss: 0.629862 
test_loss: 0.634539 
train_loss: 0.62953 
test_loss: 0.63309 
train_loss: 0.645458 
test_loss: 0.631628 
train_loss: 0.624279 
test_loss: 0.63007 
train_loss: 0.610243 
test_loss: 0.628442 
train_loss: 0.627045 
test_loss: 0.62674 
train_loss: 0.610318 
test_loss: 0.624978 
train_loss: 0.613053 
test_loss: 0.623125 
train_loss: 0.619999 
test_loss: 0.621209 
train_loss: 0.627931 
test_loss: 0.619202 
train_loss: 0.615499 
test_loss: 0.617094 
train_loss: 0.614569 
test_loss: 0.614939 
train_loss: 0.595986 
test_loss: 0.612652 
train_loss: 0.608805 
test_loss: 0.610259 
train_loss: 0.618636 
test_loss: 0.6078 
train_loss: 0.611154 
test_loss: 0.605238 
train_loss: 0.58982 
test_loss: 0.602543 
train_loss: 0.593117 
test_loss: 0.599773 
train_loss: 0.592976 
test_loss: 0.596888 
train_loss: 0.595763 
test_loss: 0.593848 
train_loss: 0.592558 
test_loss: 0.590755 
train_loss: 0.585329 
test_loss: 0.587534 
train_loss: 0.57811 
test_loss: 0.584175 
train_loss: 0.576555 
test_loss: 0.580677 
train_loss: 0.567382 
test_loss: 0.577077 
train_loss: 0.565627 
test_loss: 0.573353 
train_loss: 0.576119 
test_loss: 0.569468 
train_loss: 0.571253 
test_loss: 0.565472 
train_loss: 0.556612 
test_loss: 0.561347 
train_loss: 0.558209 
test_loss: 0.557088 
train_loss: 0.549354 
test_loss: 0.55268 
train_loss: 0.549649 
test_loss: 0.548103 
train_loss: 0.538829 
test_loss: 0.54344 
train_loss: 0.537477 
test_loss: 0.538586 
train_loss: 0.533612 
test_loss: 0.533605 
train_loss: 0.526685 
test_loss: 0.528496 
train_loss: 0.531568 
test_loss: 0.523204 
train_loss: 0.524076 
test_loss: 0.517752 
train_loss: 0.512785 
test_loss: 0.512195 
train_loss: 0.507437 
test_loss: 0.506451 
train_loss: 0.496091 
test_loss: 0.500587 
train_loss: 0.493775 
test_loss: 0.494531 
train_loss: 0.48508 
test_loss: 0.488325 
train_loss: 0.481483 
test_loss: 0.48198 
train_loss: 0.477212 
test_loss: 0.475464 
train_loss: 0.460277 
test_loss: 0.468753 
train_loss: 0.463151 
test_loss: 0.461913 
train_loss: 0.450341 
test_loss: 0.454884 
train_loss: 0.438087 
test_loss: 0.447673 
train_loss: 0.44115 
test_loss: 0.440285 
train_loss: 0.42758 
test_loss: 0.432671 
train_loss: 0.425812 
test_loss: 0.424889 
train_loss: 0.419761 
test_loss: 0.416876 
train_loss: 0.404014 
test_loss: 0.408695 
train_loss: 0.402589 
test_loss: 0.400267 
train_loss: 0.393536 
test_loss: 0.391651 
train_loss: 0.382171 
test_loss: 0.382837 
train_loss: 0.371313 
test_loss: 0.373814 
train_loss: 0.36422 
test_loss: 0.364559 
train_loss: 0.351512 
test_loss: 0.355173 
train_loss: 0.343419 
test_loss: 0.345568 
train_loss: 0.335882 
test_loss: 0.33577 
train_loss: 0.331216 
test_loss: 0.325726 
train_loss: 0.321208 
test_loss: 0.315402 
train_loss: 0.303795 
test_loss: 0.304767 
train_loss: 0.296661 
test_loss: 0.29385 
train_loss: 0.286507 
test_loss: 0.282544 
train_loss: 0.273628 
test_loss: 0.270834 
train_loss: 0.260588 
test_loss: 0.258692 
train_loss: 0.242417 
test_loss: 0.245996 
train_loss: 0.236088 
test_loss: 0.232701 
train_loss: 0.219103 
test_loss: 0.218684 
train_loss: 0.206262 
test_loss: 0.203937 
train_loss: 0.188601 
test_loss: 0.188533 
train_loss: 0.170288 
test_loss: 0.172816 
train_loss: 0.158074 
test_loss: 0.157606 
train_loss: 0.142844 
test_loss: 0.143619 
train_loss: 0.132245 
test_loss: 0.131042 
train_loss: 0.119255 
test_loss: 0.119691 
train_loss: 0.109842 
test_loss: 0.109542 
train_loss: 0.102213 
test_loss: 0.100728 
train_loss: 0.0951231 
test_loss: 0.0931256 
train_loss: 0.0850889 
test_loss: 0.0865405 
train_loss: 0.0807999 
test_loss: 0.0809096 
train_loss: 0.0758753 
test_loss: 0.0761238 
train_loss: 0.0710336 
test_loss: 0.0721226 
train_loss: 0.0674292 
test_loss: 0.0687731 
train_loss: 0.0661449 
test_loss: 0.0659763 
train_loss: 0.0633714 
test_loss: 0.0636343 
train_loss: 0.0622329 
test_loss: 0.0616614 
train_loss: 0.0593118 
test_loss: 0.0600047 
train_loss: 0.0578926 
test_loss: 0.0585856 
train_loss: 0.0572896 
test_loss: 0.0573619 
train_loss: 0.0572461 
test_loss: 0.0562959 
train_loss: 0.0549475 
test_loss: 0.0553602 
train_loss: 0.054058 
test_loss: 0.0545257 
train_loss: 0.0531593 
test_loss: 0.0537732 
train_loss: 0.0531892 
test_loss: 0.0530895 
train_loss: 0.0519042 
test_loss: 0.0524411 
train_loss: 0.0521709 
test_loss: 0.0518329 
train_loss: 0.0507221 
test_loss: 0.0512399 
train_loss: 0.0497725 
test_loss: 0.0506414 
train_loss: 0.049824 
test_loss: 0.0500592 
train_loss: 0.0495623 
test_loss: 0.0494575 
train_loss: 0.0493432 
test_loss: 0.0488512 
train_loss: 0.0477015 
test_loss: 0.048191 
train_loss: 0.0471339 
test_loss: 0.0474889 
train_loss: 0.0465272 
test_loss: 0.0467599 
train_loss: 0.0456813 
test_loss: 0.0459547 
train_loss: 0.0451132 
test_loss: 0.0450926 
train_loss: 0.0437648 
test_loss: 0.0442072 
train_loss: 0.0426249 
test_loss: 0.0431745 
train_loss: 0.0421987 
test_loss: 0.0421233 
train_loss: 0.0402605 
test_loss: 0.0410512 
train_loss: 0.0401766 
test_loss: 0.0398557 
train_loss: 0.0387092 
test_loss: 0.0386118 
train_loss: 0.0379508 
test_loss: 0.037344 
train_loss: 0.0357987 
test_loss: 0.0360821 
train_loss: 0.0350578 
test_loss: 0.0348042 
train_loss: 0.0331283 
test_loss: 0.0335293 
train_loss: 0.0320146 
test_loss: 0.0322478 
train_loss: 0.0307072 
test_loss: 0.0310724 
train_loss: 0.0299748 
test_loss: 0.0299801 
train_loss: 0.0290794 
test_loss: 0.0288043 
train_loss: 0.0278508 
test_loss: 0.0276827 
train_loss: 0.0266477 
test_loss: 0.0267316 
train_loss: 0.0255981 
test_loss: 0.0256075 
train_loss: 0.0246046 
test_loss: 0.0245918 
train_loss: 0.0232592 
test_loss: 0.0237554 
train_loss: 0.0222552 
test_loss: 0.0225651 
train_loss: 0.0210131 
test_loss: 0.0215635 
train_loss: 0.0210888 
test_loss: 0.020611 
train_loss: 0.0198294 
test_loss: 0.0197234 
train_loss: 0.0183535 
test_loss: 0.0185383 
train_loss: 0.0176535 
test_loss: 0.017639 
train_loss: 0.0168955 
test_loss: 0.0168286 
train_loss: 0.0160369 
test_loss: 0.0160056 
train_loss: 0.0150659 
test_loss: 0.015206 
train_loss: 0.014501 
test_loss: 0.0145642 
train_loss: 0.0138593 
test_loss: 0.0140064 
train_loss: 0.0138022 
test_loss: 0.0134136 
train_loss: 0.0132895 
test_loss: 0.0130433 
train_loss: 0.0126831 
test_loss: 0.0126122 
train_loss: 0.0124952 
test_loss: 0.0122447 
train_loss: 0.0120328 
test_loss: 0.0120875 
train_loss: 0.0117932 
test_loss: 0.0115671 
train_loss: 0.0118559 
test_loss: 0.0114419 
train_loss: 0.0109618 
test_loss: 0.0110902 
train_loss: 0.011161 
test_loss: 0.0109469 
train_loss: 0.0108784 
test_loss: 0.0107298 
train_loss: 0.0105412 
test_loss: 0.0105543 
train_loss: 0.0102105 
test_loss: 0.0105124 
train_loss: 0.0102114 
test_loss: 0.010222 
train_loss: 0.0101126 
test_loss: 0.0101003 
train_loss: 0.0102189 
test_loss: 0.0105548 
train_loss: 0.00997581 
test_loss: 0.00987848 
train_loss: 0.00973805 
test_loss: 0.0102644 
train_loss: 0.0104756 
test_loss: 0.00971892 
train_loss: 0.00968201 
test_loss: 0.00958766 
train_loss: 0.00969323 
test_loss: 0.00965507 
train_loss: 0.00944443 
test_loss: 0.00952466 
train_loss: 0.00979578 
test_loss: 0.0094614 
train_loss: 0.00924487 
test_loss: 0.00943493 
train_loss: 0.00917384 
test_loss: 0.00936549 
train_loss: 0.00950089 
test_loss: 0.00926763 
train_loss: 0.0089466 
test_loss: 0.00920092 
train_loss: 0.00919004 
test_loss: 0.0094714 
train_loss: 0.00904538 
test_loss: 0.00909279 
train_loss: 0.00916361 
test_loss: 0.00914103 
train_loss: 0.00897184 
test_loss: 0.00907232 
train_loss: 0.00893838 
test_loss: 0.00894139 
train_loss: 0.00870473 
test_loss: 0.0092092 
train_loss: 0.00904654 
test_loss: 0.00896704 
train_loss: 0.00932756 
test_loss: 0.00902067 
train_loss: 0.00913639 
test_loss: 0.00893054 
train_loss: 0.00872582 
test_loss: 0.00885232 
train_loss: 0.00910701 
test_loss: 0.00908575 
train_loss: 0.00866616 
test_loss: 0.00907507 
train_loss: 0.00926894 
test_loss: 0.00882647 
train_loss: 0.00843471 
test_loss: 0.00875362 
train_loss: 0.00884643 
test_loss: 0.00890747 
train_loss: 0.0088333 
test_loss: 0.00889129 
train_loss: 0.00884389 
test_loss: 0.00881373 
train_loss: 0.00865057 
test_loss: 0.00898281 
train_loss: 0.00896404 
test_loss: 0.00880413 
train_loss: 0.00891205 
test_loss: 0.00892055 
train_loss: 0.00864416 
test_loss: 0.00886321 
train_loss: 0.00866285 
test_loss: 0.00890605 
train_loss: 0.00882905 
test_loss: 0.00868931 
train_loss: 0.00873185 
test_loss: 0.00862996 
train_loss: 0.00851357 
test_loss: 0.00882083 
train_loss: 0.00876538 
test_loss: 0.00890295 
train_loss: 0.00875099 
test_loss: 0.00872656 
train_loss: 0.00887146 
test_loss: 0.00868623 
train_loss: 0.00891503 
test_loss: 0.00890438 
train_loss: 0.0088884 
test_loss: 0.00869842 
train_loss: 0.00867747 
test_loss: 0.00875027 
train_loss: 0.00845852 
test_loss: 0.00875908 
train_loss: 0.00847473 
test_loss: 0.00874982 
train_loss: 0.00879466 
test_loss: 0.00865742 
train_loss: 0.00856413 
test_loss: 0.00880455 
train_loss: 0.00864073 
test_loss: 0.00860101 
train_loss: 0.00879311 
test_loss: 0.00870801 
train_loss: 0.00876383 
test_loss: 0.00867423 
train_loss: 0.00875176 
test_loss: 0.00883083 
train_loss: 0.00889468 
test_loss: 0.00857341 
train_loss: 0.00850334 
test_loss: 0.00869378 
train_loss: 0.00832265 
test_loss: 0.00857079 
train_loss: 0.00872686 
test_loss: 0.00860553 
train_loss: 0.00850902 
test_loss: 0.00856002 
train_loss: 0.00851567 
test_loss: 0.00863829 
train_loss: 0.0090552 
test_loss: 0.00855524 
train_loss: 0.00836775 
test_loss: 0.00854905 
train_loss: 0.00855976 
test_loss: 0.0085605 
train_loss: 0.00847904 
test_loss: 0.0086391 
train_loss: 0.00852727 
test_loss: 0.00851202 
train_loss: 0.00851704 
test_loss: 0.00854404 
train_loss: 0.00839086 
test_loss: 0.00852739 
train_loss: 0.00872877 
test_loss: 0.00859852 
train_loss: 0.00827765 
test_loss: 0.00869991 
train_loss: 0.00834969 
test_loss: 0.00853193 
train_loss: 0.00839765 
test_loss: 0.0086096 
train_loss: 0.00859483 
test_loss: 0.00850539 
train_loss: 0.00892233 
test_loss: 0.00847682 
train_loss: 0.00845156 
test_loss: 0.00850373 
train_loss: 0.00855232 
test_loss: 0.00856419 
train_loss: 0.00840272 
test_loss: 0.00859011 
train_loss: 0.00840126 
test_loss: 0.00858694 
train_loss: 0.00848296 
test_loss: 0.00846109 
train_loss: 0.00861551 
test_loss: 0.00850074 
train_loss: 0.00859071 
test_loss: 0.00845233 
train_loss: 0.00831231 
test_loss: 0.00850869 
train_loss: 0.00832502 
test_loss: 0.00844845 
train_loss: 0.00844276 
test_loss: 0.00844835 
train_loss: 0.00844042 
test_loss: 0.00845985 
train_loss: 0.00847461 
test_loss: 0.00851118 
train_loss: 0.00818717 
test_loss: 0.00850763 
train_loss: 0.00834716 
test_loss: 0.00842572 
train_loss: 0.00824565 
test_loss: 0.00866746 
train_loss: 0.00862357 
test_loss: 0.00845317 
train_loss: 0.00830542 
test_loss: 0.00840135 
train_loss: 0.00848002 
test_loss: 0.00839823 
train_loss: 0.00842189 
test_loss: 0.00833555 
train_loss: 0.00860889 
test_loss: 0.00840559 
train_loss: 0.00814646 
test_loss: 0.00836197 
train_loss: 0.00893345 
test_loss: 0.00860644 
train_loss: 0.00832234 
test_loss: 0.00843193 
train_loss: 0.00863328 
test_loss: 0.00839907 
train_loss: 0.00857926 
test_loss: 0.00837011 
train_loss: 0.00841594 
test_loss: 0.008386 
train_loss: 0.00816017 
test_loss: 0.00833233 
train_loss: 0.00850885 
test_loss: 0.00848872 
train_loss: 0.00814541 
test_loss: 0.00842108 
train_loss: 0.00850077 
test_loss: 0.00840353 
train_loss: 0.00829737 
test_loss: 0.00856172 
train_loss: 0.00850734 
test_loss: 0.00850661 
train_loss: 0.00835187 
test_loss: 0.00842329 
train_loss: 0.00811149 
test_loss: 0.0083777 
train_loss: 0.00806336 
test_loss: 0.00836315 
train_loss: 0.00832438 
test_loss: 0.00863694 
train_loss: 0.00835352 
test_loss: 0.008446 
train_loss: 0.00844243 
test_loss: 0.00843978 
train_loss: 0.00842086 
test_loss: 0.00836332 
train_loss: 0.00831498 
test_loss: 0.00834404 
train_loss: 0.00820562 
test_loss: 0.00831644 
train_loss: 0.00808159 
test_loss: 0.0083208 
train_loss: 0.00824994 
test_loss: 0.00850949 
train_loss: 0.00848087 
test_loss: 0.00818594 
train_loss: 0.00832269 
test_loss: 0.0083505 
train_loss: 0.00825442 
test_loss: 0.00824539 
train_loss: 0.00833265 
test_loss: 0.00826211 
train_loss: 0.00830044 
test_loss: 0.00821805 
train_loss: 0.00845393 
test_loss: 0.0081896 
train_loss: 0.00810903 
test_loss: 0.00823098 
train_loss: 0.00799775 
test_loss: 0.00817815 
train_loss: 0.0081192 
test_loss: 0.0082073 
train_loss: 0.00793892 
test_loss: 0.00824394 
train_loss: 0.00847627 
test_loss: 0.00821506 
train_loss: 0.00807158 
test_loss: 0.0083413 
train_loss: 0.00814815 
test_loss: 0.00827407 
train_loss: 0.00788472 
test_loss: 0.0080959 
train_loss: 0.00805118 
test_loss: 0.0080842 
train_loss: 0.00832079 
test_loss: 0.00806552 
train_loss: 0.00814076 
test_loss: 0.00802402 
train_loss: 0.00800197 
test_loss: 0.00808439 
train_loss: 0.00791754 
test_loss: 0.00797989 
train_loss: 0.00803229 
test_loss: 0.00800068 
train_loss: 0.00822797 
test_loss: 0.00810385 
train_loss: 0.00813397 
test_loss: 0.00803035 
train_loss: 0.00796081 
test_loss: 0.0079499 
train_loss: 0.00775464 
test_loss: 0.00788753 
train_loss: 0.00778011 
test_loss: 0.00801732 
train_loss: 0.00816367 
test_loss: 0.0080451 
train_loss: 0.00785459 
test_loss: 0.00782926 
train_loss: 0.00789632 
test_loss: 0.00788181 
train_loss: 0.00789245 
test_loss: 0.00806341 
train_loss: 0.00767128 
test_loss: 0.00783397 
train_loss: 0.00752869 
test_loss: 0.00768474 
train_loss: 0.00759506 
test_loss: 0.00763587 
train_loss: 0.00785072 
test_loss: 0.00762866 
train_loss: 0.00791384 
test_loss: 0.00770715 
train_loss: 0.00750492 
test_loss: 0.00790412 
train_loss: 0.00745087 
test_loss: 0.00768375 
train_loss: 0.00783511 
test_loss: 0.00765372 
train_loss: 0.00770449 
test_loss: 0.00777699 
train_loss: 0.00733596 
test_loss: 0.00751305 
train_loss: 0.00765168 
test_loss: 0.00772266 
train_loss: 0.00725748 
test_loss: 0.00751479 
train_loss: 0.00740501 
test_loss: 0.00734463 
train_loss: 0.00750436 
test_loss: 0.0074214 
train_loss: 0.00732941 
test_loss: 0.00735893 
train_loss: 0.00727613 
test_loss: 0.00775269 
train_loss: 0.00746205 
test_loss: 0.00739374 
train_loss: 0.00723499 
test_loss: 0.00735042 
train_loss: 0.00723072 
test_loss: 0.00732849 
train_loss: 0.00747547 
test_loss: 0.00736661 
train_loss: 0.00726148 
test_loss: 0.00716644 
train_loss: 0.00728867 
test_loss: 0.00721796 
train_loss: 0.00727271 
test_loss: 0.00714363 
train_loss: 0.00719763 
test_loss: 0.00723804 
train_loss: 0.00694065 
test_loss: 0.00716074 
train_loss: 0.0070603 
test_loss: 0.0073312 
train_loss: 0.0068443 
test_loss: 0.00719221 
train_loss: 0.00713622 
test_loss: 0.00720756 
train_loss: 0.00706401 
test_loss: 0.00704931 
train_loss: 0.0073981 
test_loss: 0.00706358 
train_loss: 0.00715971 
test_loss: 0.00702941 
train_loss: 0.0072709 
test_loss: 0.00693669 
train_loss: 0.00762026 
test_loss: 0.00712084 
train_loss: 0.00707298 
test_loss: 0.00707654 
train_loss: 0.00695538 
test_loss: 0.00705967 
train_loss: 0.0070509 
test_loss: 0.00718136 
train_loss: 0.0070961 
test_loss: 0.00689234 
train_loss: 0.0070006 
test_loss: 0.00710392 
train_loss: 0.00734493 
test_loss: 0.00692872 
train_loss: 0.00687382 
test_loss: 0.00707805 
train_loss: 0.00718037 
test_loss: 0.00696245 
train_loss: 0.00673423 
test_loss: 0.00704066 
train_loss: 0.00747227 
test_loss: 0.00697123 
train_loss: 0.00675972 
test_loss: 0.00698278 
train_loss: 0.00701929 
test_loss: 0.00698976 
train_loss: 0.00715072 
test_loss: 0.00692094 
train_loss: 0.00688871 
test_loss: 0.0070038 
train_loss: 0.00699223 
test_loss: 0.00694302 
train_loss: 0.00694511 
test_loss: 0.00699975 
train_loss: 0.00717279 
test_loss: 0.00693245 
train_loss: 0.00710143 
test_loss: 0.00700683 
train_loss: 0.00695329 
test_loss: 0.00694097 
train_loss: 0.00683583 
test_loss: 0.00687953 
train_loss: 0.00707374 
test_loss: 0.00693955 
train_loss: 0.00700556 
test_loss: 0.00691854 
train_loss: 0.00699968 
test_loss: 0.00706438 
train_loss: 0.00695873 
test_loss: 0.00702298 
train_loss: 0.00688283 
test_loss: 0.00687175 
train_loss: 0.00663614 
test_loss: 0.00692524 
train_loss: 0.00662692 
test_loss: 0.00675918 
train_loss: 0.00666512 
test_loss: 0.00682816 
train_loss: 0.00660987 
test_loss: 0.00687556 
train_loss: 0.0069024 
test_loss: 0.00693149 
train_loss: 0.00682064 
test_loss: 0.00674679 
train_loss: 0.00688449 
test_loss: 0.00684652 
train_loss: 0.00678669 
test_loss: 0.00667171 
train_loss: 0.00690689 
test_loss: 0.00672158 
train_loss: 0.00664827 
test_loss: 0.00662956 
train_loss: 0.00658937 
test_loss: 0.00671503 
train_loss: 0.00688044 
test_loss: 0.00670819 
train_loss: 0.006696 
test_loss: 0.00670385 
train_loss: 0.00662408 
test_loss: 0.00663154 
train_loss: 0.00645542 
test_loss: 0.00661628 
train_loss: 0.00668871 
test_loss: 0.00673625 
train_loss: 0.00660153 
test_loss: 0.0067259 
train_loss: 0.00664706 
test_loss: 0.00676544 
train_loss: 0.0066265 
test_loss: 0.00670297 
train_loss: 0.00660864 
test_loss: 0.00665056 
train_loss: 0.00664949 
test_loss: 0.00660804 
train_loss: 0.00631777 
test_loss: 0.0066096 
train_loss: 0.00670877 
test_loss: 0.00680887 
train_loss: 0.00653013 
test_loss: 0.00659041 
train_loss: 0.00678063 
test_loss: 0.00668166 
train_loss: 0.00673721 
test_loss: 0.00671755 
train_loss: 0.00669569 
test_loss: 0.00658755 
train_loss: 0.0064566 
test_loss: 0.00656522 
train_loss: 0.00663784 
test_loss: 0.00656433 
train_loss: 0.00663563 
test_loss: 0.00655203 
train_loss: 0.00660349 
test_loss: 0.00659218 
train_loss: 0.00673862 
test_loss: 0.00647637 
train_loss: 0.00631283 
test_loss: 0.00636304 
train_loss: 0.00636562 
test_loss: 0.00643293 
train_loss: 0.00624758 
test_loss: 0.00637138 
train_loss: 0.0062961 
test_loss: 0.00646407 
train_loss: 0.00614473 
test_loss: 0.00618049 
train_loss: 0.00623414 
test_loss: 0.00632831 
train_loss: 0.00626524 
test_loss: 0.00625624 
train_loss: 0.00603381 
test_loss: 0.00625994 
train_loss: 0.00642244 
test_loss: 0.00614196 
train_loss: 0.00619154 
test_loss: 0.00623003 
train_loss: 0.00602185 
test_loss: 0.00617767 
train_loss: 0.00624418 
test_loss: 0.00618098 
train_loss: 0.00604184 
test_loss: 0.00606691 
train_loss: 0.00604751 
test_loss: 0.00605843 
train_loss: 0.00599506 
test_loss: 0.00590121 
train_loss: 0.00575784 
test_loss: 0.00596778 
train_loss: 0.00575365 
test_loss: 0.00586385 
train_loss: 0.00585808 
test_loss: 0.00607033 
train_loss: 0.00592423 
test_loss: 0.0057619 
train_loss: 0.00572381 
test_loss: 0.00578566 
train_loss: 0.00575288 
test_loss: 0.00576544 
train_loss: 0.00582219 
test_loss: 0.00583268 
train_loss: 0.00554458 
test_loss: 0.0057227 
train_loss: 0.00561655 
test_loss: 0.00573188 
train_loss: 0.00559583 
test_loss: 0.00563367 
train_loss: 0.00575289 
test_loss: 0.00564736 
train_loss: 0.00574015 
test_loss: 0.00590226 
train_loss: 0.00576161 
test_loss: 0.00559102 
train_loss: 0.00548658 
test_loss: 0.00575777 
train_loss: 0.00561827 
test_loss: 0.0055516 
train_loss: 0.0056848 
test_loss: 0.00545627 
train_loss: 0.00549485 
test_loss: 0.00547135 
train_loss: 0.00567441 
test_loss: 0.00555157 
train_loss: 0.00536589 
test_loss: 0.00543177 
train_loss: 0.00552587 
test_loss: 0.00542768 
train_loss: 0.00533844 
test_loss: 0.0054664 
train_loss: 0.00535012 
test_loss: 0.00533523 
train_loss: 0.00552489 
test_loss: 0.00550881 
train_loss: 0.00537356 
test_loss: 0.00524621 
train_loss: 0.00525222 
test_loss: 0.00533037 
train_loss: 0.0051004 
test_loss: 0.00526942 
train_loss: 0.00546221 
test_loss: 0.00540946 
train_loss: 0.00532195 
test_loss: 0.00534617 
train_loss: 0.00527605 
test_loss: 0.00528884 
train_loss: 0.00544015 
test_loss: 0.00532409 
train_loss: 0.00521851 
test_loss: 0.00524502 
train_loss: 0.0051639 
test_loss: 0.00531211 
train_loss: 0.00522649 
test_loss: 0.00518542 
train_loss: 0.00508941 
test_loss: 0.00521875 
train_loss: 0.0053811 
test_loss: 0.00526526 
train_loss: 0.00525606 
test_loss: 0.005298 
train_loss: 0.005345 
test_loss: 0.00523558 
train_loss: 0.00518073 
test_loss: 0.00534504 
train_loss: 0.00532162 
test_loss: 0.0051505 
train_loss: 0.00536335 
test_loss: 0.00527805 
train_loss: 0.00523746 
test_loss: 0.00528792 
train_loss: 0.00513597 
test_loss: 0.0051876 
train_loss: 0.00538127 
test_loss: 0.00515656 
train_loss: 0.00523142 
test_loss: 0.00542806 
train_loss: 0.00510006 
test_loss: 0.00525076 
train_loss: 0.00570211 
test_loss: 0.00523888 
train_loss: 0.00528014 
test_loss: 0.00518139 
train_loss: 0.00507236 
test_loss: 0.00522264 
train_loss: 0.00516286 
test_loss: 0.00521681 
train_loss: 0.00511391 
test_loss: 0.0052585 
train_loss: 0.00524071 
test_loss: 0.00518461 
train_loss: 0.00511801 
test_loss: 0.00512542 
train_loss: 0.00524553 
test_loss: 0.00515412 
train_loss: 0.00523356 
test_loss: 0.00539064 
train_loss: 0.00508182 
test_loss: 0.00517091 
train_loss: 0.00527623 
test_loss: 0.005196 
train_loss: 0.00493305 
test_loss: 0.00514071 
train_loss: 0.00523871 
test_loss: 0.005248 
train_loss: 0.00493415 
test_loss: 0.00508664 
train_loss: 0.00519245 
test_loss: 0.00508302 
train_loss: 0.00507175 
test_loss: 0.00522704 
train_loss: 0.00511412 
test_loss: 0.00521353 
train_loss: 0.00516253 
test_loss: 0.00529743 
train_loss: 0.00523417 
test_loss: 0.0050991 
train_loss: 0.00505657 
test_loss: 0.0050814 
train_loss: 0.00515077 
test_loss: 0.00525593 
train_loss: 0.00502867 
test_loss: 0.00511593 
train_loss: 0.00519677 
test_loss: 0.00523554 
train_loss: 0.00514255 
test_loss: 0.00516068 
train_loss: 0.0051547 
test_loss: 0.00513321 
train_loss: 0.00502215 
test_loss: 0.00507309 
train_loss: 0.00526343 
test_loss: 0.00520639 
train_loss: 0.00505319 
test_loss: 0.0052297 
train_loss: 0.00505235 
test_loss: 0.00510601 
train_loss: 0.00522011 
test_loss: 0.00503486 
train_loss: 0.00494578 
test_loss: 0.00524811 
train_loss: 0.00509313 
test_loss: 0.00503175 
train_loss: 0.00497435 
test_loss: 0.00509602 
train_loss: 0.00515865 
test_loss: 0.00497975 
train_loss: 0.00502418 
test_loss: 0.00500773 
train_loss: 0.0048151 
test_loss: 0.0051294 
train_loss: 0.00499723 
test_loss: 0.0050129 
train_loss: 0.0050534 
test_loss: 0.00501188 
train_loss: 0.00504543 
test_loss: 0.00493948 
train_loss: 0.00487068 
test_loss: 0.0049382 
train_loss: 0.00494727 
test_loss: 0.00501293 
train_loss: 0.00505999 
test_loss: 0.00522482 
train_loss: 0.00500189 
test_loss: 0.00488601 
train_loss: 0.00514158 
test_loss: 0.00499057 
train_loss: 0.00494101 
test_loss: 0.00487487 
train_loss: 0.00488484 
test_loss: 0.00493823 
train_loss: 0.00484359 
test_loss: 0.00489563 
train_loss: 0.00480577 
test_loss: 0.00500077 
train_loss: 0.00468634 
test_loss: 0.00491684 
train_loss: 0.00484231 
test_loss: 0.00482548 
train_loss: 0.00483376 
test_loss: 0.00498295 
train_loss: 0.00471603 
test_loss: 0.0047911 
train_loss: 0.00483039 
test_loss: 0.00495763 
train_loss: 0.00492741 
test_loss: 0.00477689 
train_loss: 0.00478861 
test_loss: 0.00498641 
train_loss: 0.00478809 
test_loss: 0.00490866 
train_loss: 0.00465158 
test_loss: 0.00477252 
train_loss: 0.00502729 
test_loss: 0.00480225 
train_loss: 0.0049129 
test_loss: 0.00497779 
train_loss: 0.00491316 
test_loss: 0.00519427 
train_loss: 0.0048493 
test_loss: 0.00490576 
train_loss: 0.00490449 
test_loss: 0.00504451 
train_loss: 0.00486501 
test_loss: 0.00492437 
train_loss: 0.00488555 
test_loss: 0.00472778 
train_loss: 0.00472257 
test_loss: 0.00481873 
train_loss: 0.00480573 
test_loss: 0.00480402 
train_loss: 0.00478008 
test_loss: 0.00470969 
train_loss: 0.00489488 
test_loss: 0.0047052 
train_loss: 0.00504724 
test_loss: 0.00488949 
train_loss: 0.00485006 
test_loss: 0.00487745 
train_loss: 0.00465788 
test_loss: 0.00491997 
train_loss: 0.00479311 
test_loss: 0.00507804 
train_loss: 0.0048918 
test_loss: 0.0047351 
train_loss: 0.00478069 
test_loss: 0.00482894 
train_loss: 0.00461173 
test_loss: 0.00479175 
train_loss: 0.00487405 
test_loss: 0.00484296 
train_loss: 0.00489646 
test_loss: 0.00470257 
train_loss: 0.00476465 
test_loss: 0.0047976 
train_loss: 0.00481505 
test_loss: 0.00474093 
train_loss: 0.00472181 
test_loss: 0.00480597 
train_loss: 0.00508038 
test_loss: 0.00481697 
train_loss: 0.00476506 
test_loss: 0.00485706 
train_loss: 0.00468459 
test_loss: 0.00478045 
train_loss: 0.00487833 
test_loss: 0.00484269 
train_loss: 0.00470112 
test_loss: 0.00467655 
train_loss: 0.00452991 
test_loss: 0.00474688 
train_loss: 0.00463518 
test_loss: 0.00479158 
train_loss: 0.00460265 
test_loss: 0.00466042 
train_loss: 0.00476635 
test_loss: 0.00464931 
train_loss: 0.00471207 
test_loss: 0.00470322 
train_loss: 0.00480901 
test_loss: 0.00460137 
train_loss: 0.00460311 
test_loss: 0.00473082 
train_loss: 0.00449944 
test_loss: 0.00463327 
train_loss: 0.00459931 
test_loss: 0.00463 
train_loss: 0.00479932 
test_loss: 0.00455843 
train_loss: 0.00456098 
test_loss: 0.00472278 
train_loss: 0.00461894 
test_loss: 0.00463423 
train_loss: 0.00452861 
test_loss: 0.00470836 
train_loss: 0.00455161 
test_loss: 0.00466582 
train_loss: 0.00464627 
test_loss: 0.0046486 
train_loss: 0.00469821 
test_loss: 0.00460041 
train_loss: 0.00461668 
test_loss: 0.00460927 
train_loss: 0.00471779 
test_loss: 0.00459921 
train_loss: 0.00460781 
test_loss: 0.00462861 
train_loss: 0.0046607 
test_loss: 0.00449318 
train_loss: 0.00438078 
test_loss: 0.00452267 
train_loss: 0.00465121 
test_loss: 0.00460863 
train_loss: 0.00459014 
test_loss: 0.00482658 
train_loss: 0.00459144 
test_loss: 0.00450771 
train_loss: 0.004531 
test_loss: 0.00456158 
train_loss: 0.00466841 
test_loss: 0.00456767 
train_loss: 0.00461944 
test_loss: 0.00459947 
train_loss: 0.0046552 
test_loss: 0.00460457 
train_loss: 0.00471142 
test_loss: 0.00459416 
train_loss: 0.00448834 
test_loss: 0.0045186 
train_loss: 0.00470859 
test_loss: 0.0045797 
train_loss: 0.00460057 
test_loss: 0.00467012 
train_loss: 0.00448299 
test_loss: 0.00454084 
train_loss: 0.00468367 
test_loss: 0.00452653 
train_loss: 0.00441611 
test_loss: 0.00461214 
train_loss: 0.0043961 
test_loss: 0.00456446 
train_loss: 0.00456129 
test_loss: 0.00460744 
train_loss: 0.00451901 
test_loss: 0.00459306 
train_loss: 0.0045974 
test_loss: 0.00444039 
train_loss: 0.00442887 
test_loss: 0.00446506 
train_loss: 0.00446423 
test_loss: 0.00448673 
train_loss: 0.0045973 
test_loss: 0.00466369 
train_loss: 0.00446484 
test_loss: 0.00448094 
train_loss: 0.00452596 
test_loss: 0.0046792 
train_loss: 0.00436085 
test_loss: 0.00452162 
