train_loss: 0.636077 
test_loss: 0.636754 
train_loss: 0.644589 
test_loss: 0.636633 
train_loss: 0.632031 
test_loss: 0.636476 
train_loss: 0.638528 
test_loss: 0.63633 
train_loss: 0.637377 
test_loss: 0.636117 
train_loss: 0.62663 
test_loss: 0.635905 
train_loss: 0.635824 
test_loss: 0.635606 
train_loss: 0.646013 
test_loss: 0.635353 
train_loss: 0.626611 
test_loss: 0.635035 
train_loss: 0.639985 
test_loss: 0.634717 
train_loss: 0.629247 
test_loss: 0.634353 
train_loss: 0.634933 
test_loss: 0.63398 
train_loss: 0.6241 
test_loss: 0.63358 
train_loss: 0.635951 
test_loss: 0.633111 
train_loss: 0.625287 
test_loss: 0.632664 
train_loss: 0.634002 
test_loss: 0.632137 
train_loss: 0.638381 
test_loss: 0.631574 
train_loss: 0.632135 
test_loss: 0.631026 
train_loss: 0.621507 
test_loss: 0.630431 
train_loss: 0.633065 
test_loss: 0.629804 
train_loss: 0.628737 
test_loss: 0.629144 
train_loss: 0.626532 
test_loss: 0.628426 
train_loss: 0.624388 
test_loss: 0.627658 
train_loss: 0.622791 
test_loss: 0.626861 
train_loss: 0.62632 
test_loss: 0.626017 
train_loss: 0.628847 
test_loss: 0.625162 
train_loss: 0.614371 
test_loss: 0.624219 
train_loss: 0.636312 
test_loss: 0.623232 
train_loss: 0.630037 
test_loss: 0.622216 
train_loss: 0.620004 
test_loss: 0.621132 
train_loss: 0.619969 
test_loss: 0.619983 
train_loss: 0.613051 
test_loss: 0.618825 
train_loss: 0.619236 
test_loss: 0.617551 
train_loss: 0.613905 
test_loss: 0.616224 
train_loss: 0.622593 
test_loss: 0.614875 
train_loss: 0.610427 
test_loss: 0.613385 
train_loss: 0.600098 
test_loss: 0.611859 
train_loss: 0.608093 
test_loss: 0.610301 
train_loss: 0.609126 
test_loss: 0.608651 
train_loss: 0.600407 
test_loss: 0.606874 
train_loss: 0.604658 
test_loss: 0.605067 
train_loss: 0.602717 
test_loss: 0.603159 
train_loss: 0.594124 
test_loss: 0.601157 
train_loss: 0.597149 
test_loss: 0.599067 
train_loss: 0.601938 
test_loss: 0.596889 
train_loss: 0.594715 
test_loss: 0.594611 
train_loss: 0.594091 
test_loss: 0.5922 
train_loss: 0.584173 
test_loss: 0.589736 
train_loss: 0.58669 
test_loss: 0.587129 
train_loss: 0.586998 
test_loss: 0.584372 
train_loss: 0.591224 
test_loss: 0.58156 
train_loss: 0.575729 
test_loss: 0.578591 
train_loss: 0.584538 
test_loss: 0.575532 
train_loss: 0.561757 
test_loss: 0.572312 
train_loss: 0.566012 
test_loss: 0.568974 
train_loss: 0.571796 
test_loss: 0.565542 
train_loss: 0.567172 
test_loss: 0.561959 
train_loss: 0.561918 
test_loss: 0.558219 
train_loss: 0.550716 
test_loss: 0.554333 
train_loss: 0.549998 
test_loss: 0.550287 
train_loss: 0.549906 
test_loss: 0.54615 
train_loss: 0.533091 
test_loss: 0.541843 
train_loss: 0.54568 
test_loss: 0.537381 
train_loss: 0.531967 
test_loss: 0.532799 
train_loss: 0.531529 
test_loss: 0.528052 
train_loss: 0.53202 
test_loss: 0.523169 
train_loss: 0.514462 
test_loss: 0.518136 
train_loss: 0.498657 
test_loss: 0.51298 
train_loss: 0.510201 
test_loss: 0.507679 
train_loss: 0.497809 
test_loss: 0.502228 
train_loss: 0.490809 
test_loss: 0.496634 
train_loss: 0.497888 
test_loss: 0.490906 
train_loss: 0.473554 
test_loss: 0.48503 
train_loss: 0.48285 
test_loss: 0.479058 
train_loss: 0.475146 
test_loss: 0.472982 
train_loss: 0.465643 
test_loss: 0.466732 
train_loss: 0.470767 
test_loss: 0.460325 
train_loss: 0.459121 
test_loss: 0.453863 
train_loss: 0.45079 
test_loss: 0.447234 
train_loss: 0.444014 
test_loss: 0.440498 
train_loss: 0.431461 
test_loss: 0.433654 
train_loss: 0.422704 
test_loss: 0.426678 
train_loss: 0.422083 
test_loss: 0.419628 
train_loss: 0.415749 
test_loss: 0.412481 
train_loss: 0.402929 
test_loss: 0.405243 
train_loss: 0.397828 
test_loss: 0.397929 
train_loss: 0.380569 
test_loss: 0.390533 
train_loss: 0.38854 
test_loss: 0.383069 
train_loss: 0.376194 
test_loss: 0.375499 
train_loss: 0.366894 
test_loss: 0.367836 
train_loss: 0.35964 
test_loss: 0.360126 
train_loss: 0.354114 
test_loss: 0.352335 
train_loss: 0.342884 
test_loss: 0.344407 
train_loss: 0.327983 
test_loss: 0.336396 
train_loss: 0.329558 
test_loss: 0.328265 
train_loss: 0.32144 
test_loss: 0.319981 
train_loss: 0.311988 
test_loss: 0.311565 
train_loss: 0.297037 
test_loss: 0.302959 
train_loss: 0.295548 
test_loss: 0.29414 
train_loss: 0.28126 
test_loss: 0.285117 
train_loss: 0.279329 
test_loss: 0.275875 
train_loss: 0.264721 
test_loss: 0.266421 
train_loss: 0.257486 
test_loss: 0.256701 
train_loss: 0.250914 
test_loss: 0.246757 
train_loss: 0.236935 
test_loss: 0.236594 
train_loss: 0.224204 
test_loss: 0.226215 
train_loss: 0.213748 
test_loss: 0.215654 
train_loss: 0.201548 
test_loss: 0.204969 
train_loss: 0.195052 
test_loss: 0.194219 
train_loss: 0.185122 
test_loss: 0.183455 
train_loss: 0.174083 
test_loss: 0.172797 
train_loss: 0.16314 
test_loss: 0.162273 
train_loss: 0.149845 
test_loss: 0.151956 
train_loss: 0.142513 
test_loss: 0.141948 
train_loss: 0.134533 
test_loss: 0.132326 
train_loss: 0.125009 
test_loss: 0.123203 
train_loss: 0.113591 
test_loss: 0.114665 
train_loss: 0.104921 
test_loss: 0.106821 
train_loss: 0.0995552 
test_loss: 0.0997036 
train_loss: 0.0934314 
test_loss: 0.093311 
train_loss: 0.087917 
test_loss: 0.0876529 
train_loss: 0.0825347 
test_loss: 0.0826916 
train_loss: 0.0784955 
test_loss: 0.078389 
train_loss: 0.0742411 
test_loss: 0.0746594 
train_loss: 0.0725815 
test_loss: 0.0714693 
train_loss: 0.0698374 
test_loss: 0.0687269 
train_loss: 0.0671438 
test_loss: 0.0664028 
train_loss: 0.0641679 
test_loss: 0.0644273 
train_loss: 0.0617139 
test_loss: 0.0627492 
train_loss: 0.0612802 
test_loss: 0.0613436 
train_loss: 0.0603912 
test_loss: 0.0601038 
train_loss: 0.0592154 
test_loss: 0.059063 
train_loss: 0.0574525 
test_loss: 0.0581479 
train_loss: 0.0573075 
test_loss: 0.0573563 
train_loss: 0.0570747 
test_loss: 0.0566498 
train_loss: 0.0559304 
test_loss: 0.0560312 
train_loss: 0.0558769 
test_loss: 0.05547 
train_loss: 0.0546743 
test_loss: 0.054957 
train_loss: 0.0545777 
test_loss: 0.0544961 
train_loss: 0.0540292 
test_loss: 0.0540576 
train_loss: 0.0544019 
test_loss: 0.0536453 
train_loss: 0.0530783 
test_loss: 0.0532671 
train_loss: 0.0529193 
test_loss: 0.0528929 
train_loss: 0.0516361 
test_loss: 0.0525265 
train_loss: 0.0515281 
test_loss: 0.0521586 
train_loss: 0.0523634 
test_loss: 0.0518099 
train_loss: 0.0510463 
test_loss: 0.0514428 
train_loss: 0.0505729 
test_loss: 0.051063 
train_loss: 0.0505113 
test_loss: 0.0507199 
train_loss: 0.050161 
test_loss: 0.0502664 
train_loss: 0.0506252 
test_loss: 0.0498433 
train_loss: 0.0498348 
test_loss: 0.0493632 
train_loss: 0.0484264 
test_loss: 0.0488203 
train_loss: 0.0479625 
test_loss: 0.0482339 
train_loss: 0.0477507 
test_loss: 0.0476832 
train_loss: 0.0473593 
test_loss: 0.0469644 
train_loss: 0.0460108 
test_loss: 0.0462387 
train_loss: 0.0452046 
test_loss: 0.0455028 
train_loss: 0.0437496 
test_loss: 0.0447167 
train_loss: 0.0442388 
test_loss: 0.0438646 
train_loss: 0.0426164 
test_loss: 0.042974 
train_loss: 0.0419064 
test_loss: 0.0420327 
train_loss: 0.0408399 
test_loss: 0.0410565 
train_loss: 0.0403097 
test_loss: 0.040052 
train_loss: 0.0386197 
test_loss: 0.0389266 
train_loss: 0.0380186 
test_loss: 0.0377676 
train_loss: 0.03559 
test_loss: 0.0365064 
train_loss: 0.0351718 
test_loss: 0.0349661 
train_loss: 0.0328765 
test_loss: 0.0333144 
train_loss: 0.0314098 
test_loss: 0.0315043 
train_loss: 0.0296437 
test_loss: 0.0296277 
train_loss: 0.0278925 
test_loss: 0.0279577 
train_loss: 0.025769 
test_loss: 0.0258029 
train_loss: 0.0242038 
test_loss: 0.0240077 
train_loss: 0.0219234 
test_loss: 0.0224606 
train_loss: 0.020998 
test_loss: 0.0208985 
train_loss: 0.0194056 
test_loss: 0.0196471 
train_loss: 0.018613 
test_loss: 0.0184579 
train_loss: 0.0174143 
test_loss: 0.0174706 
train_loss: 0.0161565 
test_loss: 0.016376 
train_loss: 0.0157054 
test_loss: 0.0159126 
train_loss: 0.0150268 
test_loss: 0.0149147 
train_loss: 0.0142136 
test_loss: 0.0147606 
train_loss: 0.0138002 
test_loss: 0.0137897 
train_loss: 0.0132266 
test_loss: 0.0137149 
train_loss: 0.0127461 
test_loss: 0.0129207 
train_loss: 0.0127467 
test_loss: 0.0130611 
train_loss: 0.012542 
test_loss: 0.0123273 
train_loss: 0.0120956 
