train_loss: 0.048051 
test_loss: 0.048182 
train_loss: 0.028079 
test_loss: 0.028149 
train_loss: 0.020312 
test_loss: 0.020494 
train_loss: 0.018664 
test_loss: 0.018608 
train_loss: 0.018268 
test_loss: 0.018031 
train_loss: 0.017034 
test_loss: 0.017942 
train_loss: 0.016457 
test_loss: 0.017042 
train_loss: 0.016602 
test_loss: 0.016523 
train_loss: 0.016511 
test_loss: 0.016528 
train_loss: 0.015782 
test_loss: 0.015968 
train_loss: 0.015723 
test_loss: 0.015660 
train_loss: 0.015294 
test_loss: 0.015700 
train_loss: 0.015903 
test_loss: 0.015585 
train_loss: 0.014357 
test_loss: 0.014451 
train_loss: 0.013836 
test_loss: 0.014116 
train_loss: 0.012669 
test_loss: 0.012878 
train_loss: 0.012410 
test_loss: 0.012697 
train_loss: 0.012425 
test_loss: 0.012490 
train_loss: 0.011147 
test_loss: 0.011227 
train_loss: 0.010959 
test_loss: 0.010220 
train_loss: 0.010594 
test_loss: 0.010638 
train_loss: 0.010493 
test_loss: 0.010083 
train_loss: 0.008753 
test_loss: 0.009494 
train_loss: 0.008630 
test_loss: 0.009081 
train_loss: 0.008943 
test_loss: 0.008371 
train_loss: 0.007918 
test_loss: 0.008693 
train_loss: 0.007850 
test_loss: 0.008172 
train_loss: 0.007656 
test_loss: 0.008998 
train_loss: 0.007649 
test_loss: 0.007577 
train_loss: 0.007591 
test_loss: 0.006973 
train_loss: 0.007111 
test_loss: 0.007454 
train_loss: 0.006847 
test_loss: 0.007032 
train_loss: 0.006979 
test_loss: 0.006475 
train_loss: 0.007212 
test_loss: 0.007689 
train_loss: 0.007685 
test_loss: 0.007052 
train_loss: 0.006075 
test_loss: 0.006566 
train_loss: 0.006614 
test_loss: 0.006795 
train_loss: 0.007105 
test_loss: 0.006095 
train_loss: 0.006142 
test_loss: 0.005819 
train_loss: 0.006342 
test_loss: 0.005911 
train_loss: 0.005750 
test_loss: 0.006790 
train_loss: 0.005998 
test_loss: 0.006440 
train_loss: 0.006333 
test_loss: 0.006376 
train_loss: 0.005792 
test_loss: 0.006188 
train_loss: 0.005991 
test_loss: 0.006018 
train_loss: 0.006134 
test_loss: 0.006387 
train_loss: 0.005398 
test_loss: 0.005863 
train_loss: 0.005316 
test_loss: 0.005684 
train_loss: 0.005032 
test_loss: 0.005883 
train_loss: 0.005206 
test_loss: 0.005428 
train_loss: 0.005619 
test_loss: 0.006191 
train_loss: 0.005196 
test_loss: 0.005323 
train_loss: 0.005277 
test_loss: 0.005261 
train_loss: 0.005036 
test_loss: 0.005246 
train_loss: 0.004935 
test_loss: 0.005094 
train_loss: 0.005299 
test_loss: 0.005599 
train_loss: 0.005289 
test_loss: 0.005073 
train_loss: 0.004999 
test_loss: 0.005377 
train_loss: 0.005529 
test_loss: 0.004996 
train_loss: 0.005282 
test_loss: 0.004854 
train_loss: 0.005241 
test_loss: 0.004963 
train_loss: 0.005359 
test_loss: 0.004398 
train_loss: 0.005044 
test_loss: 0.004943 
train_loss: 0.005261 
test_loss: 0.005691 
train_loss: 0.004790 
test_loss: 0.005161 
train_loss: 0.005167 
test_loss: 0.005185 
train_loss: 0.004780 
test_loss: 0.004982 
train_loss: 0.004805 
test_loss: 0.004485 
train_loss: 0.004340 
test_loss: 0.005077 
train_loss: 0.004858 
test_loss: 0.005446 
train_loss: 0.005074 
test_loss: 0.004753 
train_loss: 0.004639 
test_loss: 0.005637 
train_loss: 0.005153 
test_loss: 0.005349 
train_loss: 0.005114 
test_loss: 0.005197 
train_loss: 0.004489 
test_loss: 0.005724 
train_loss: 0.005226 
test_loss: 0.005105 
train_loss: 0.004482 
test_loss: 0.004777 
train_loss: 0.004579 
test_loss: 0.005190 
train_loss: 0.004245 
test_loss: 0.004286 
train_loss: 0.004672 
test_loss: 0.004510 
train_loss: 0.004574 
test_loss: 0.004772 
