train_loss: 1.99913 
test_loss: 2.04939 
train_loss: 0.48102 
test_loss: 0.483389 
train_loss: 0.486774 
test_loss: 0.483283 
train_loss: 0.490498 
test_loss: 0.483281 
train_loss: 0.486441 
test_loss: 0.483282 
train_loss: 0.488053 
test_loss: 0.483281 
train_loss: 0.48056 
test_loss: 0.483285 
train_loss: 0.481406 
test_loss: 0.483273 
train_loss: 0.482394 
test_loss: 0.483274 
train_loss: 0.483723 
test_loss: 0.483269 
train_loss: 0.484783 
test_loss: 0.483255 
train_loss: 0.478621 
test_loss: 0.483284 
train_loss: 0.488234 
test_loss: 0.48328 
train_loss: 0.480543 
test_loss: 0.483261 
train_loss: 0.486039 
test_loss: 0.483286 
train_loss: 0.489306 
test_loss: 0.483281 
train_loss: 0.482641 
test_loss: 0.483272 
train_loss: 0.48748 
test_loss: 0.483279 
train_loss: 0.478545 
test_loss: 0.483275 
train_loss: 0.485408 
test_loss: 0.483245 
train_loss: 0.479446 
test_loss: 0.483272 
