train_loss: 1.99933 
test_loss: 1.99918 
train_loss: 1.99588 
test_loss: 2.05831 
train_loss: 1.99961 
test_loss: 2.00475 
train_loss: 1.9953 
test_loss: 2.16145 
train_loss: 1.99597 
test_loss: 2.02398 
train_loss: 1.99846 
test_loss: 2.00376 
train_loss: 1.99957 
test_loss: 1.998 
train_loss: 1.99718 
test_loss: 1.99778 
train_loss: 1.99866 
test_loss: 1.99964 
train_loss: 1.99878 
test_loss: 2.00614 
train_loss: 1.99868 
test_loss: 1.99841 
train_loss: 1.99911 
test_loss: 2.01177 
train_loss: 1.9976 
test_loss: 1.99761 
train_loss: 1.99781 
test_loss: 1.99884 
train_loss: 1.99891 
test_loss: 1.99831 
train_loss: 1.99814 
test_loss: 2.002 
train_loss: 1.99789 
test_loss: 1.99873 
train_loss: 1.99561 
test_loss: 1.99783 
train_loss: 1.99672 
test_loss: 1.99798 
train_loss: 1.99948 
test_loss: 1.9976 
train_loss: 1.99763 
test_loss: 1.99932 
train_loss: 1.99575 
test_loss: 2.0158 
train_loss: 1.99843 
test_loss: 2.01359 
train_loss: 1.99856 
test_loss: 1.99779 
train_loss: 1.99685 
test_loss: 1.99914 
train_loss: 1.99847 
test_loss: 2.00241 
train_loss: 1.99813 
test_loss: 2.00082 
train_loss: 1.99659 
test_loss: 1.99815 
train_loss: 1.99668 
test_loss: 2.00072 
train_loss: 1.99397 
test_loss: 1.99884 
train_loss: 1.99513 
test_loss: 1.99767 
