train_loss: 0.094265 
test_loss: 0.094090 
train_loss: 0.085400 
test_loss: 0.085291 
train_loss: 0.074342 
test_loss: 0.071343 
train_loss: 0.062942 
test_loss: 0.063340 
train_loss: 0.059608 
test_loss: 0.059902 
train_loss: 0.056608 
test_loss: 0.058108 
train_loss: 0.055626 
test_loss: 0.057313 
train_loss: 0.055746 
test_loss: 0.056331 
train_loss: 0.053556 
test_loss: 0.055511 
train_loss: 0.053505 
test_loss: 0.054678 
train_loss: 0.055286 
test_loss: 0.054001 
train_loss: 0.052411 
test_loss: 0.053277 
train_loss: 0.049638 
test_loss: 0.052061 
train_loss: 0.050935 
test_loss: 0.050436 
train_loss: 0.047316 
test_loss: 0.048925 
train_loss: 0.047600 
test_loss: 0.046898 
train_loss: 0.043598 
test_loss: 0.044595 
train_loss: 0.039204 
test_loss: 0.043109 
train_loss: 0.040310 
test_loss: 0.040280 
train_loss: 0.038129 
test_loss: 0.037797 
train_loss: 0.034892 
test_loss: 0.035782 
train_loss: 0.033717 
test_loss: 0.034547 
train_loss: 0.032676 
test_loss: 0.033366 
train_loss: 0.031511 
test_loss: 0.032667 
train_loss: 0.031263 
test_loss: 0.031062 
train_loss: 0.029371 
test_loss: 0.029531 
train_loss: 0.028757 
test_loss: 0.029430 
train_loss: 0.028481 
test_loss: 0.028354 
train_loss: 0.027479 
test_loss: 0.027684 
train_loss: 0.027119 
test_loss: 0.026754 
train_loss: 0.025977 
test_loss: 0.026700 
train_loss: 0.024264 
test_loss: 0.026443 
train_loss: 0.024720 
test_loss: 0.026062 
train_loss: 0.024083 
test_loss: 0.025402 
train_loss: 0.023655 
test_loss: 0.025263 
train_loss: 0.024824 
test_loss: 0.024350 
train_loss: 0.024483 
test_loss: 0.025861 
train_loss: 0.023543 
test_loss: 0.023979 
train_loss: 0.022670 
test_loss: 0.023393 
train_loss: 0.023000 
test_loss: 0.022954 
train_loss: 0.022831 
test_loss: 0.023277 
train_loss: 0.022150 
test_loss: 0.022728 
train_loss: 0.021453 
test_loss: 0.023383 
train_loss: 0.021798 
test_loss: 0.022941 
train_loss: 0.021758 
test_loss: 0.022411 
train_loss: 0.021413 
test_loss: 0.021750 
train_loss: 0.020584 
test_loss: 0.021404 
train_loss: 0.021599 
test_loss: 0.021398 
train_loss: 0.020553 
test_loss: 0.021417 
train_loss: 0.021031 
test_loss: 0.022285 
train_loss: 0.020042 
test_loss: 0.021788 
train_loss: 0.019967 
test_loss: 0.020978 
train_loss: 0.021112 
test_loss: 0.020775 
train_loss: 0.020131 
test_loss: 0.021170 
train_loss: 0.020150 
test_loss: 0.020529 
train_loss: 0.020268 
test_loss: 0.021062 
train_loss: 0.020638 
test_loss: 0.020698 
train_loss: 0.020531 
test_loss: 0.019873 
train_loss: 0.019610 
test_loss: 0.019483 
train_loss: 0.018849 
test_loss: 0.020212 
train_loss: 0.020208 
test_loss: 0.019656 
train_loss: 0.019068 
test_loss: 0.019465 
train_loss: 0.017993 
test_loss: 0.019382 
train_loss: 0.019227 
test_loss: 0.019323 
train_loss: 0.017947 
test_loss: 0.019008 
train_loss: 0.018800 
test_loss: 0.019522 
train_loss: 0.018714 
test_loss: 0.019099 
train_loss: 0.018163 
test_loss: 0.019048 
train_loss: 0.018426 
test_loss: 0.018940 
train_loss: 0.018083 
test_loss: 0.019243 
train_loss: 0.017344 
test_loss: 0.018360 
train_loss: 0.017148 
test_loss: 0.018440 
train_loss: 0.018631 
test_loss: 0.019166 
train_loss: 0.017829 
test_loss: 0.018444 
train_loss: 0.017442 
test_loss: 0.018365 
train_loss: 0.017145 
test_loss: 0.018338 
train_loss: 0.017397 
test_loss: 0.018167 
train_loss: 0.016893 
test_loss: 0.018107 
train_loss: 0.017449 
test_loss: 0.018119 
train_loss: 0.017285 
test_loss: 0.017684 
train_loss: 0.016920 
test_loss: 0.018000 
train_loss: 0.016733 
test_loss: 0.017631 
train_loss: 0.016553 
test_loss: 0.018560 
train_loss: 0.017387 
test_loss: 0.017895 
train_loss: 0.016915 
test_loss: 0.017743 
train_loss: 0.016557 
test_loss: 0.017432 
train_loss: 0.016096 
test_loss: 0.017677 
train_loss: 0.016833 
test_loss: 0.017532 
train_loss: 0.017086 
test_loss: 0.017376 
train_loss: 0.017011 
test_loss: 0.018156 
train_loss: 0.015899 
test_loss: 0.017235 
train_loss: 0.016256 
test_loss: 0.017584 
train_loss: 0.016163 
test_loss: 0.016952 
train_loss: 0.015851 
test_loss: 0.017143 
train_loss: 0.017275 
test_loss: 0.017328 
train_loss: 0.016591 
test_loss: 0.016987 
train_loss: 0.016400 
test_loss: 0.016495 
train_loss: 0.015407 
test_loss: 0.017229 
train_loss: 0.016598 
test_loss: 0.016946 
train_loss: 0.016374 
test_loss: 0.017346 
train_loss: 0.016898 
test_loss: 0.017631 
