train_loss: 1.9991 
test_loss: 2.06222 
train_loss: 1.99923 
test_loss: 2.01227 
train_loss: 1.99861 
test_loss: 2.0014 
train_loss: 1.9982 
test_loss: 2.00619 
train_loss: 1.99817 
test_loss: 2.00462 
train_loss: 1.99955 
test_loss: 2.00065 
train_loss: 1.99914 
test_loss: 2.00309 
train_loss: 1.99895 
test_loss: 2.00513 
train_loss: 1.99842 
test_loss: 2.0011 
train_loss: 1.99934 
test_loss: 1.99982 
train_loss: 1.99709 
test_loss: 2.00359 
train_loss: 1.99879 
test_loss: 1.9993 
train_loss: 1.99883 
test_loss: 2.00024 
train_loss: 1.99925 
test_loss: 2.00217 
train_loss: 1.99946 
test_loss: 2.00044 
train_loss: 1.99901 
test_loss: 1.99864 
train_loss: 1.99861 
test_loss: 1.99945 
train_loss: 1.9996 
test_loss: 2.00001 
train_loss: 1.9993 
test_loss: 1.99865 
train_loss: 1.99925 
test_loss: 1.9993 
train_loss: 1.99795 
test_loss: 2.00233 
