train_loss: 0.100103 
test_loss: 0.100624 
train_loss: 0.084240 
test_loss: 0.087047 
train_loss: 0.071618 
test_loss: 0.069297 
train_loss: 0.063020 
test_loss: 0.061761 
train_loss: 0.056570 
test_loss: 0.057726 
train_loss: 0.052599 
test_loss: 0.053908 
train_loss: 0.045258 
test_loss: 0.048245 
train_loss: 0.043457 
test_loss: 0.043214 
train_loss: 0.039350 
test_loss: 0.038443 
train_loss: 0.035961 
test_loss: 0.035028 
train_loss: 0.030777 
test_loss: 0.032029 
train_loss: 0.030121 
test_loss: 0.030769 
train_loss: 0.028349 
test_loss: 0.028375 
train_loss: 0.026132 
test_loss: 0.026552 
train_loss: 0.024966 
test_loss: 0.026287 
train_loss: 0.025399 
test_loss: 0.025599 
train_loss: 0.023475 
test_loss: 0.024340 
train_loss: 0.022229 
test_loss: 0.023656 
train_loss: 0.023308 
test_loss: 0.023303 
train_loss: 0.021992 
test_loss: 0.022285 
train_loss: 0.020869 
test_loss: 0.022076 
train_loss: 0.021347 
test_loss: 0.021336 
train_loss: 0.020804 
test_loss: 0.021194 
train_loss: 0.019561 
test_loss: 0.020400 
train_loss: 0.018675 
test_loss: 0.020033 
train_loss: 0.019934 
test_loss: 0.020192 
train_loss: 0.018543 
test_loss: 0.019248 
train_loss: 0.017959 
test_loss: 0.018896 
train_loss: 0.018358 
test_loss: 0.018448 
train_loss: 0.017316 
test_loss: 0.018660 
train_loss: 0.018636 
test_loss: 0.019407 
train_loss: 0.018164 
test_loss: 0.017720 
train_loss: 0.018530 
test_loss: 0.018449 
train_loss: 0.017837 
test_loss: 0.017909 
train_loss: 0.016533 
test_loss: 0.017413 
train_loss: 0.017377 
test_loss: 0.017938 
train_loss: 0.016179 
test_loss: 0.016965 
train_loss: 0.015228 
test_loss: 0.016396 
train_loss: 0.016558 
test_loss: 0.016794 
train_loss: 0.014763 
test_loss: 0.016281 
train_loss: 0.016413 
test_loss: 0.016774 
train_loss: 0.016749 
test_loss: 0.016927 
train_loss: 0.015536 
test_loss: 0.015851 
train_loss: 0.014791 
test_loss: 0.015622 
train_loss: 0.015140 
test_loss: 0.015725 
train_loss: 0.014642 
test_loss: 0.015062 
train_loss: 0.015190 
test_loss: 0.015936 
train_loss: 0.015178 
test_loss: 0.015316 
train_loss: 0.013744 
test_loss: 0.014763 
train_loss: 0.015204 
test_loss: 0.015241 
train_loss: 0.013334 
test_loss: 0.015120 
train_loss: 0.013832 
test_loss: 0.014948 
train_loss: 0.013807 
test_loss: 0.014752 
train_loss: 0.012923 
test_loss: 0.014011 
train_loss: 0.012818 
test_loss: 0.013943 
train_loss: 0.014053 
test_loss: 0.014538 
train_loss: 0.013761 
test_loss: 0.013997 
train_loss: 0.013313 
test_loss: 0.013857 
train_loss: 0.014470 
test_loss: 0.014120 
train_loss: 0.013109 
test_loss: 0.013669 
train_loss: 0.013252 
test_loss: 0.013930 
train_loss: 0.012919 
test_loss: 0.013584 
train_loss: 0.012828 
test_loss: 0.013181 
train_loss: 0.012728 
test_loss: 0.013425 
train_loss: 0.012987 
test_loss: 0.013915 
train_loss: 0.013197 
test_loss: 0.013552 
train_loss: 0.012938 
test_loss: 0.013824 
train_loss: 0.012325 
test_loss: 0.013094 
train_loss: 0.012700 
test_loss: 0.013397 
train_loss: 0.011789 
test_loss: 0.013297 
train_loss: 0.012495 
test_loss: 0.013176 
train_loss: 0.012810 
test_loss: 0.013451 
train_loss: 0.012555 
test_loss: 0.013059 
train_loss: 0.011507 
test_loss: 0.012879 
train_loss: 0.012576 
test_loss: 0.013618 
train_loss: 0.012410 
test_loss: 0.012695 
train_loss: 0.012535 
test_loss: 0.012559 
train_loss: 0.013033 
test_loss: 0.012643 
train_loss: 0.011929 
test_loss: 0.012573 
train_loss: 0.012840 
test_loss: 0.012722 
train_loss: 0.012374 
test_loss: 0.012462 
train_loss: 0.012373 
test_loss: 0.012794 
train_loss: 0.011236 
test_loss: 0.012310 
train_loss: 0.011965 
test_loss: 0.012562 
train_loss: 0.011411 
test_loss: 0.012372 
train_loss: 0.012373 
test_loss: 0.012656 
train_loss: 0.011993 
test_loss: 0.012953 
train_loss: 0.011716 
test_loss: 0.012785 
train_loss: 0.012455 
test_loss: 0.012544 
train_loss: 0.012251 
test_loss: 0.012340 
train_loss: 0.010922 
test_loss: 0.011855 
train_loss: 0.011846 
test_loss: 0.012122 
train_loss: 0.011884 
test_loss: 0.011937 
train_loss: 0.012198 
test_loss: 0.012117 
train_loss: 0.012445 
test_loss: 0.012474 
train_loss: 0.011468 
test_loss: 0.012038 
train_loss: 0.011842 
test_loss: 0.012332 
train_loss: 0.010891 
test_loss: 0.012058 
train_loss: 0.012874 
test_loss: 0.012090 
train_loss: 0.010915 
test_loss: 0.012042 
train_loss: 0.011058 
test_loss: 0.011603 
train_loss: 0.011619 
test_loss: 0.011972 
train_loss: 0.011380 
test_loss: 0.011568 
train_loss: 0.011306 
test_loss: 0.011685 
train_loss: 0.010883 
test_loss: 0.011553 
train_loss: 0.010849 
test_loss: 0.011442 
train_loss: 0.011767 
test_loss: 0.011503 
train_loss: 0.010684 
test_loss: 0.011416 
train_loss: 0.010734 
test_loss: 0.011639 
train_loss: 0.011369 
test_loss: 0.011867 
train_loss: 0.011550 
test_loss: 0.011475 
train_loss: 0.011304 
test_loss: 0.011167 
train_loss: 0.010661 
test_loss: 0.011589 
train_loss: 0.010651 
test_loss: 0.011527 
train_loss: 0.010462 
test_loss: 0.011381 
train_loss: 0.010239 
test_loss: 0.011152 
train_loss: 0.011376 
test_loss: 0.012188 
train_loss: 0.011069 
test_loss: 0.011436 
train_loss: 0.010486 
test_loss: 0.011314 
train_loss: 0.010459 
test_loss: 0.011193 
train_loss: 0.009970 
test_loss: 0.011049 
train_loss: 0.010829 
test_loss: 0.011902 
train_loss: 0.011960 
test_loss: 0.011347 
train_loss: 0.010896 
test_loss: 0.011526 
train_loss: 0.011207 
test_loss: 0.011184 
train_loss: 0.010275 
test_loss: 0.011103 
train_loss: 0.010441 
test_loss: 0.010769 
train_loss: 0.010049 
test_loss: 0.011371 
train_loss: 0.010672 
test_loss: 0.011464 
train_loss: 0.011260 
test_loss: 0.011203 
train_loss: 0.010246 
test_loss: 0.011154 
