train_loss: 0.064519 
test_loss: 0.064939 
train_loss: 0.048316 
test_loss: 0.048446 
train_loss: 0.037157 
test_loss: 0.037185 
train_loss: 0.033292 
test_loss: 0.033847 
train_loss: 0.032403 
test_loss: 0.033320 
train_loss: 0.033875 
test_loss: 0.032158 
train_loss: 0.031479 
test_loss: 0.031792 
train_loss: 0.031092 
test_loss: 0.031369 
train_loss: 0.031063 
test_loss: 0.030923 
train_loss: 0.030536 
test_loss: 0.030685 
train_loss: 0.031484 
test_loss: 0.030627 
train_loss: 0.030795 
test_loss: 0.030210 
train_loss: 0.029943 
test_loss: 0.029993 
train_loss: 0.029759 
test_loss: 0.029710 
train_loss: 0.029058 
test_loss: 0.029369 
train_loss: 0.028556 
test_loss: 0.029284 
train_loss: 0.028067 
test_loss: 0.027941 
train_loss: 0.027367 
test_loss: 0.027633 
train_loss: 0.025925 
test_loss: 0.026414 
train_loss: 0.026322 
test_loss: 0.026183 
train_loss: 0.024546 
test_loss: 0.024239 
train_loss: 0.023557 
test_loss: 0.022926 
train_loss: 0.021172 
test_loss: 0.021860 
train_loss: 0.020760 
test_loss: 0.021190 
train_loss: 0.019883 
test_loss: 0.019993 
train_loss: 0.019724 
test_loss: 0.020107 
train_loss: 0.017995 
test_loss: 0.018295 
train_loss: 0.016856 
test_loss: 0.017107 
train_loss: 0.016755 
test_loss: 0.016627 
train_loss: 0.016684 
test_loss: 0.016317 
train_loss: 0.014988 
test_loss: 0.015673 
train_loss: 0.014827 
test_loss: 0.016160 
train_loss: 0.014236 
test_loss: 0.014507 
train_loss: 0.015126 
test_loss: 0.014978 
train_loss: 0.014594 
test_loss: 0.014048 
train_loss: 0.014161 
test_loss: 0.013967 
train_loss: 0.013064 
test_loss: 0.013165 
train_loss: 0.012611 
test_loss: 0.013214 
train_loss: 0.013635 
test_loss: 0.013584 
train_loss: 0.012273 
test_loss: 0.012466 
train_loss: 0.012086 
test_loss: 0.012323 
train_loss: 0.012416 
test_loss: 0.013698 
train_loss: 0.012443 
test_loss: 0.012503 
train_loss: 0.011780 
test_loss: 0.011685 
train_loss: 0.012086 
test_loss: 0.012142 
train_loss: 0.011780 
test_loss: 0.011889 
train_loss: 0.010985 
test_loss: 0.011257 
train_loss: 0.011225 
test_loss: 0.010924 
train_loss: 0.011261 
test_loss: 0.011404 
train_loss: 0.010751 
test_loss: 0.011374 
train_loss: 0.010377 
test_loss: 0.011171 
train_loss: 0.010893 
test_loss: 0.010831 
train_loss: 0.011000 
test_loss: 0.010501 
train_loss: 0.010705 
test_loss: 0.011172 
train_loss: 0.010558 
test_loss: 0.010742 
train_loss: 0.011652 
test_loss: 0.011162 
train_loss: 0.010936 
test_loss: 0.010848 
train_loss: 0.010784 
test_loss: 0.010808 
train_loss: 0.010098 
test_loss: 0.010544 
train_loss: 0.009873 
test_loss: 0.010633 
train_loss: 0.010710 
test_loss: 0.009850 
train_loss: 0.010433 
test_loss: 0.010826 
train_loss: 0.009975 
test_loss: 0.010533 
train_loss: 0.009260 
test_loss: 0.009419 
train_loss: 0.009495 
test_loss: 0.009701 
train_loss: 0.009462 
test_loss: 0.009961 
train_loss: 0.010025 
test_loss: 0.009639 
train_loss: 0.009416 
test_loss: 0.010514 
train_loss: 0.009748 
test_loss: 0.009871 
train_loss: 0.009167 
test_loss: 0.009509 
train_loss: 0.009146 
test_loss: 0.009297 
train_loss: 0.009607 
test_loss: 0.009365 
train_loss: 0.009533 
test_loss: 0.010226 
train_loss: 0.009887 
test_loss: 0.009357 
train_loss: 0.009530 
test_loss: 0.009792 
train_loss: 0.008616 
test_loss: 0.009267 
train_loss: 0.008513 
test_loss: 0.009340 
train_loss: 0.009175 
test_loss: 0.009474 
train_loss: 0.009386 
test_loss: 0.009615 
train_loss: 0.008946 
test_loss: 0.009056 
train_loss: 0.008863 
test_loss: 0.009325 
