train_loss: 0.755397 
test_loss: 0.748286 
train_loss: 0.62619 
test_loss: 0.621368 
train_loss: 0.524074 
test_loss: 0.522391 
train_loss: 0.415708 
test_loss: 0.417057 
train_loss: 0.337025 
test_loss: 0.327312 
train_loss: 0.284042 
test_loss: 0.276155 
train_loss: 0.24477 
test_loss: 0.24451 
train_loss: 0.223975 
test_loss: 0.221305 
train_loss: 0.192922 
test_loss: 0.192988 
train_loss: 0.158211 
test_loss: 0.15915 
train_loss: 0.129454 
test_loss: 0.130666 
train_loss: 0.111939 
test_loss: 0.116684 
train_loss: 0.104644 
test_loss: 0.110216 
train_loss: 0.110752 
test_loss: 0.107061 
train_loss: 0.105303 
test_loss: 0.105386 
train_loss: 0.100883 
test_loss: 0.104145 
train_loss: 0.10294 
test_loss: 0.103173 
train_loss: 0.100681 
test_loss: 0.10249 
train_loss: 0.101031 
test_loss: 0.10201 
train_loss: 0.096409 
test_loss: 0.101533 
train_loss: 0.101766 
test_loss: 0.101101 
train_loss: 0.0954167 
test_loss: 0.100733 
train_loss: 0.100142 
test_loss: 0.100383 
train_loss: 0.100934 
test_loss: 0.100031 
train_loss: 0.0954746 
test_loss: 0.0997143 
train_loss: 0.0974756 
test_loss: 0.0994013 
train_loss: 0.100537 
test_loss: 0.099134 
train_loss: 0.0989988 
test_loss: 0.0988833 
train_loss: 0.0979884 
test_loss: 0.098581 
train_loss: 0.105021 
test_loss: 0.0983365 
train_loss: 0.0927715 
test_loss: 0.0980477 
train_loss: 0.0916359 
test_loss: 0.0977386 
train_loss: 0.0960669 
test_loss: 0.0973985 
train_loss: 0.0970245 
test_loss: 0.0971503 
train_loss: 0.0940112 
test_loss: 0.0967814 
train_loss: 0.0957467 
test_loss: 0.0964796 
train_loss: 0.0906937 
test_loss: 0.0960722 
train_loss: 0.0945789 
test_loss: 0.0956844 
train_loss: 0.0915932 
test_loss: 0.095362 
train_loss: 0.0888865 
test_loss: 0.0950574 
train_loss: 0.0988763 
test_loss: 0.0942671 
train_loss: 0.0922162 
test_loss: 0.0936984 
train_loss: 0.0937941 
test_loss: 0.0929093 
train_loss: 0.0903837 
test_loss: 0.0917296 
train_loss: 0.0880473 
test_loss: 0.0903079 
train_loss: 0.0881401 
test_loss: 0.0886613 
train_loss: 0.0854089 
test_loss: 0.0866757 
train_loss: 0.084896 
test_loss: 0.0850789 
train_loss: 0.0759865 
test_loss: 0.0838163 
train_loss: 0.0823237 
test_loss: 0.0825552 
train_loss: 0.0767972 
test_loss: 0.0817491 
train_loss: 0.0760602 
test_loss: 0.0810966 
train_loss: 0.0797282 
test_loss: 0.0803718 
train_loss: 0.0826771 
test_loss: 0.079957 
train_loss: 0.0807934 
test_loss: 0.0792478 
train_loss: 0.073915 
test_loss: 0.0786867 
train_loss: 0.0778457 
test_loss: 0.0783246 
train_loss: 0.0796882 
test_loss: 0.0781277 
train_loss: 0.0759452 
test_loss: 0.0775431 
train_loss: 0.0763129 
test_loss: 0.0774376 
train_loss: 0.0737568 
test_loss: 0.0767317 
train_loss: 0.0788126 
test_loss: 0.0764465 
train_loss: 0.0749048 
test_loss: 0.075848 
train_loss: 0.0708903 
test_loss: 0.0760043 
train_loss: 0.0680171 
test_loss: 0.0751436 
train_loss: 0.0735374 
test_loss: 0.0743817 
train_loss: 0.0722138 
test_loss: 0.074465 
train_loss: 0.0738362 
test_loss: 0.0735968 
train_loss: 0.0726111 
test_loss: 0.0734177 
train_loss: 0.072628 
test_loss: 0.0729511 
train_loss: 0.0716702 
test_loss: 0.0726103 
train_loss: 0.06848 
test_loss: 0.0726358 
train_loss: 0.0769273 
test_loss: 0.072142 
train_loss: 0.0713012 
test_loss: 0.0722 
train_loss: 0.0767988 
test_loss: 0.071938 
train_loss: 0.0702981 
test_loss: 0.0716681 
train_loss: 0.0758044 
test_loss: 0.0714666 
train_loss: 0.0672735 
test_loss: 0.0715043 
train_loss: 0.0730731 
test_loss: 0.0708149 
train_loss: 0.0694104 
test_loss: 0.0709116 
train_loss: 0.0712461 
test_loss: 0.0708072 
train_loss: 0.0698453 
test_loss: 0.0706086 
train_loss: 0.0668868 
test_loss: 0.0710793 
train_loss: 0.0703263 
test_loss: 0.0706558 
train_loss: 0.0692512 
test_loss: 0.0697197 
train_loss: 0.0707756 
test_loss: 0.0695843 
train_loss: 0.0673975 
test_loss: 0.0694826 
train_loss: 0.0682578 
test_loss: 0.0691035 
train_loss: 0.0632824 
test_loss: 0.0688319 
train_loss: 0.0639379 
test_loss: 0.0700236 
train_loss: 0.0680718 
test_loss: 0.0680971 
train_loss: 0.0701144 
test_loss: 0.0679994 
train_loss: 0.0676548 
test_loss: 0.0682272 
train_loss: 0.0663954 
test_loss: 0.0671256 
train_loss: 0.0653497 
test_loss: 0.0670769 
train_loss: 0.0630513 
test_loss: 0.066453 
train_loss: 0.0636149 
test_loss: 0.06676 
train_loss: 0.0622976 
test_loss: 0.0661279 
train_loss: 0.0636258 
test_loss: 0.0657634 
train_loss: 0.0640058 
test_loss: 0.0659739 
train_loss: 0.0607175 
test_loss: 0.0656483 
train_loss: 0.0623965 
test_loss: 0.065281 
train_loss: 0.0661839 
test_loss: 0.0649242 
train_loss: 0.065118 
test_loss: 0.0653372 
train_loss: 0.0650779 
test_loss: 0.0642392 
train_loss: 0.0645706 
test_loss: 0.0640774 
train_loss: 0.0638376 
test_loss: 0.064099 
train_loss: 0.0633925 
test_loss: 0.0646985 
train_loss: 0.0608478 
test_loss: 0.0637661 
train_loss: 0.0612579 
test_loss: 0.0645161 
train_loss: 0.0589388 
test_loss: 0.0642675 
train_loss: 0.0606657 
test_loss: 0.0632425 
train_loss: 0.0636975 
test_loss: 0.0633977 
train_loss: 0.0633189 
test_loss: 0.0630812 
train_loss: 0.0607093 
test_loss: 0.0631974 
train_loss: 0.0629023 
test_loss: 0.0629689 
train_loss: 0.0581764 
test_loss: 0.0628602 
train_loss: 0.0616691 
test_loss: 0.0626967 
train_loss: 0.0587398 
test_loss: 0.0627327 
train_loss: 0.0576112 
test_loss: 0.0623731 
train_loss: 0.0603942 
test_loss: 0.0624858 
train_loss: 0.0610743 
test_loss: 0.062368 
train_loss: 0.0647648 
test_loss: 0.0619361 
train_loss: 0.0612983 
test_loss: 0.062389 
train_loss: 0.0728619 
test_loss: 0.0640139 
train_loss: 0.0587017 
test_loss: 0.0615956 
train_loss: 0.0626266 
test_loss: 0.0617832 
train_loss: 0.0643978 
test_loss: 0.0619493 
train_loss: 0.0599392 
test_loss: 0.0621503 
train_loss: 0.0663299 
test_loss: 0.0625896 
train_loss: 0.0586209 
test_loss: 0.0610303 
train_loss: 0.0640573 
test_loss: 0.061549 
train_loss: 0.0619316 
test_loss: 0.0613036 
train_loss: 0.0683272 
test_loss: 0.0611937 
train_loss: 0.0577982 
test_loss: 0.0608116 
train_loss: 0.0592825 
test_loss: 0.0609787 
train_loss: 0.0562919 
test_loss: 0.0611677 
train_loss: 0.0598168 
test_loss: 0.0608386 
train_loss: 0.0598381 
test_loss: 0.0611019 
train_loss: 0.0587043 
test_loss: 0.0612074 
train_loss: 0.059392 
test_loss: 0.060599 
train_loss: 0.0599214 
test_loss: 0.0607135 
train_loss: 0.0610809 
test_loss: 0.0607199 
train_loss: 0.0586759 
test_loss: 0.0609774 
train_loss: 0.0576368 
test_loss: 0.0611436 
train_loss: 0.0650003 
test_loss: 0.0611411 
train_loss: 0.061629 
test_loss: 0.0615605 
train_loss: 0.0620202 
test_loss: 0.0607388 
train_loss: 0.0605456 
test_loss: 0.0606403 
train_loss: 0.0569016 
test_loss: 0.0605139 
train_loss: 0.059603 
test_loss: 0.0604856 
train_loss: 0.0592224 
test_loss: 0.0605844 
train_loss: 0.0615648 
test_loss: 0.0602516 
train_loss: 0.0587458 
test_loss: 0.0609331 
train_loss: 0.0648585 
test_loss: 0.0605089 
train_loss: 0.0594749 
test_loss: 0.0603873 
train_loss: 0.0646336 
test_loss: 0.0606743 
train_loss: 0.061781 
test_loss: 0.0604301 
train_loss: 0.0594401 
test_loss: 0.0606969 
train_loss: 0.0615641 
test_loss: 0.0604895 
train_loss: 0.0568804 
test_loss: 0.0605825 
