train_loss: 0.067537 
test_loss: 0.072200 
train_loss: 0.069667 
test_loss: 0.065052 
train_loss: 0.070813 
test_loss: 0.063069 
train_loss: 0.065965 
test_loss: 0.061691 
train_loss: 0.067483 
test_loss: 0.061607 
train_loss: 0.069372 
test_loss: 0.061396 
train_loss: 0.068978 
test_loss: 0.061270 
train_loss: 0.059913 
test_loss: 0.061095 
train_loss: 0.058911 
test_loss: 0.061010 
train_loss: 0.067771 
test_loss: 0.060975 
train_loss: 0.059118 
test_loss: 0.061001 
train_loss: 0.055039 
test_loss: 0.060352 
train_loss: 0.055205 
test_loss: 0.060677 
train_loss: 0.058489 
test_loss: 0.061063 
train_loss: 0.062347 
test_loss: 0.061065 
train_loss: 0.059540 
test_loss: 0.060375 
train_loss: 0.057811 
test_loss: 0.061110 
train_loss: 0.058513 
test_loss: 0.060754 
train_loss: 0.055825 
test_loss: 0.061156 
train_loss: 0.063995 
test_loss: 0.061223 
train_loss: 0.058675 
test_loss: 0.060262 
train_loss: 0.058895 
test_loss: 0.059913 
train_loss: 0.056644 
test_loss: 0.059841 
train_loss: 0.059567 
test_loss: 0.060458 
train_loss: 0.070073 
test_loss: 0.060462 
train_loss: 0.057867 
test_loss: 0.060230 
train_loss: 0.069938 
test_loss: 0.060491 
train_loss: 0.054855 
test_loss: 0.059838 
train_loss: 0.055544 
test_loss: 0.060033 
train_loss: 0.069583 
test_loss: 0.059771 
train_loss: 0.056888 
test_loss: 0.059900 
train_loss: 0.064720 
test_loss: 0.060365 
train_loss: 0.066689 
test_loss: 0.060113 
train_loss: 0.050290 
test_loss: 0.059555 
train_loss: 0.060265 
test_loss: 0.059840 
train_loss: 0.063211 
test_loss: 0.059632 
train_loss: 0.060638 
test_loss: 0.059814 
train_loss: 0.059310 
test_loss: 0.060081 
train_loss: 0.055473 
test_loss: 0.059009 
train_loss: 0.064358 
test_loss: 0.058081 
train_loss: 0.061719 
test_loss: 0.056594 
train_loss: 0.052205 
test_loss: 0.055430 
train_loss: 0.047999 
test_loss: 0.054531 
train_loss: 0.055852 
test_loss: 0.054228 
train_loss: 0.051882 
test_loss: 0.053994 
train_loss: 0.047817 
test_loss: 0.053265 
train_loss: 0.048761 
test_loss: 0.052021 
train_loss: 0.047904 
test_loss: 0.051600 
train_loss: 0.048415 
test_loss: 0.051320 
train_loss: 0.058234 
test_loss: 0.051332 
train_loss: 0.043741 
test_loss: 0.051359 
train_loss: 0.051584 
test_loss: 0.050957 
train_loss: 0.048335 
test_loss: 0.050581 
train_loss: 0.048976 
test_loss: 0.051065 
train_loss: 0.055798 
test_loss: 0.050919 
train_loss: 0.054625 
test_loss: 0.050805 
train_loss: 0.051228 
test_loss: 0.050887 
train_loss: 0.052809 
test_loss: 0.050625 
train_loss: 0.051426 
test_loss: 0.050900 
train_loss: 0.057194 
test_loss: 0.050859 
train_loss: 0.044275 
test_loss: 0.050468 
train_loss: 0.054962 
test_loss: 0.050689 
train_loss: 0.046959 
test_loss: 0.050652 
train_loss: 0.043393 
test_loss: 0.050783 
train_loss: 0.048521 
test_loss: 0.050555 
train_loss: 0.049387 
test_loss: 0.050533 
train_loss: 0.042821 
test_loss: 0.049636 
train_loss: 0.057302 
test_loss: 0.049559 
train_loss: 0.053701 
test_loss: 0.048706 
train_loss: 0.046374 
test_loss: 0.048105 
train_loss: 0.057525 
test_loss: 0.047649 
train_loss: 0.043536 
test_loss: 0.047228 
train_loss: 0.047919 
test_loss: 0.046564 
train_loss: 0.041620 
test_loss: 0.046697 
train_loss: 0.041783 
test_loss: 0.045857 
train_loss: 0.041969 
test_loss: 0.045752 
train_loss: 0.050062 
test_loss: 0.045727 
train_loss: 0.041540 
test_loss: 0.045297 
train_loss: 0.043236 
test_loss: 0.045346 
train_loss: 0.050502 
test_loss: 0.045282 
train_loss: 0.044708 
test_loss: 0.045059 
train_loss: 0.056265 
test_loss: 0.045229 
train_loss: 0.044817 
test_loss: 0.044781 
train_loss: 0.044685 
test_loss: 0.044540 
train_loss: 0.048565 
test_loss: 0.044647 
train_loss: 0.048015 
test_loss: 0.044472 
train_loss: 0.040489 
test_loss: 0.044254 
train_loss: 0.045767 
test_loss: 0.044113 
train_loss: 0.043154 
test_loss: 0.044257 
train_loss: 0.042262 
test_loss: 0.043730 
train_loss: 0.040945 
test_loss: 0.043952 
train_loss: 0.041797 
test_loss: 0.044273 
train_loss: 0.046385 
test_loss: 0.043793 
train_loss: 0.048626 
test_loss: 0.043536 
train_loss: 0.042133 
test_loss: 0.043778 
train_loss: 0.040087 
test_loss: 0.043473 
train_loss: 0.041025 
test_loss: 0.043305 
train_loss: 0.047585 
test_loss: 0.042973 
train_loss: 0.045605 
test_loss: 0.042870 
train_loss: 0.038600 
test_loss: 0.042425 
train_loss: 0.039644 
test_loss: 0.042460 
train_loss: 0.043151 
test_loss: 0.042475 
train_loss: 0.038436 
test_loss: 0.042180 
train_loss: 0.041524 
test_loss: 0.042101 
train_loss: 0.040429 
test_loss: 0.041927 
train_loss: 0.040234 
test_loss: 0.041797 
train_loss: 0.040640 
test_loss: 0.041632 
train_loss: 0.044524 
test_loss: 0.041535 
train_loss: 0.036194 
test_loss: 0.041449 
train_loss: 0.038646 
test_loss: 0.041207 
train_loss: 0.040599 
test_loss: 0.041489 
train_loss: 0.049032 
test_loss: 0.041599 
train_loss: 0.040907 
test_loss: 0.041166 
train_loss: 0.040509 
test_loss: 0.041178 
train_loss: 0.040216 
test_loss: 0.040813 
train_loss: 0.040888 
test_loss: 0.041114 
train_loss: 0.039864 
test_loss: 0.040727 
train_loss: 0.036042 
test_loss: 0.040992 
train_loss: 0.037790 
test_loss: 0.040812 
train_loss: 0.039926 
test_loss: 0.040491 
train_loss: 0.035948 
test_loss: 0.040257 
train_loss: 0.034505 
test_loss: 0.040342 
train_loss: 0.035408 
test_loss: 0.040323 
train_loss: 0.037254 
test_loss: 0.040066 
train_loss: 0.042913 
test_loss: 0.040223 
train_loss: 0.038549 
test_loss: 0.039844 
train_loss: 0.037701 
test_loss: 0.039833 
train_loss: 0.036153 
test_loss: 0.039679 
train_loss: 0.037953 
test_loss: 0.039402 
train_loss: 0.043223 
test_loss: 0.039797 
train_loss: 0.039371 
test_loss: 0.038947 
train_loss: 0.038272 
test_loss: 0.039026 
train_loss: 0.038268 
test_loss: 0.038866 
train_loss: 0.035419 
test_loss: 0.038921 
train_loss: 0.034735 
test_loss: 0.038941 
train_loss: 0.046155 
test_loss: 0.038588 
train_loss: 0.044717 
test_loss: 0.038409 
train_loss: 0.039387 
test_loss: 0.038383 
train_loss: 0.039824 
test_loss: 0.038263 
train_loss: 0.037378 
test_loss: 0.037872 
train_loss: 0.033754 
test_loss: 0.037752 
train_loss: 0.039356 
test_loss: 0.037801 
train_loss: 0.040532 
test_loss: 0.037432 
train_loss: 0.035081 
test_loss: 0.037407 
train_loss: 0.040568 
test_loss: 0.037426 
train_loss: 0.034775 
test_loss: 0.036964 
train_loss: 0.033396 
test_loss: 0.037227 
train_loss: 0.044540 
test_loss: 0.037137 
train_loss: 0.036849 
test_loss: 0.036970 
train_loss: 0.035659 
test_loss: 0.036512 
train_loss: 0.037302 
test_loss: 0.036444 
train_loss: 0.038419 
test_loss: 0.036680 
train_loss: 0.032443 
test_loss: 0.036529 
train_loss: 0.036137 
test_loss: 0.036383 
train_loss: 0.035202 
test_loss: 0.036423 
train_loss: 0.038381 
test_loss: 0.036335 
train_loss: 0.033495 
test_loss: 0.036118 
train_loss: 0.036955 
test_loss: 0.036196 
train_loss: 0.036123 
test_loss: 0.036023 
train_loss: 0.036550 
test_loss: 0.035752 
train_loss: 0.032677 
test_loss: 0.035628 
train_loss: 0.038510 
test_loss: 0.035544 
train_loss: 0.033977 
test_loss: 0.035545 
train_loss: 0.034260 
test_loss: 0.035648 
train_loss: 0.034485 
test_loss: 0.035571 
train_loss: 0.039806 
test_loss: 0.035454 
train_loss: 0.033125 
test_loss: 0.035317 
train_loss: 0.036493 
test_loss: 0.035415 
train_loss: 0.032910 
test_loss: 0.035211 
train_loss: 0.038156 
test_loss: 0.035258 
train_loss: 0.031390 
test_loss: 0.035025 
train_loss: 0.036080 
test_loss: 0.035154 
train_loss: 0.029205 
test_loss: 0.035349 
train_loss: 0.035425 
test_loss: 0.035129 
train_loss: 0.034147 
test_loss: 0.034759 
train_loss: 0.032163 
test_loss: 0.035019 
train_loss: 0.033851 
test_loss: 0.035005 
train_loss: 0.033522 
test_loss: 0.035056 
train_loss: 0.032743 
test_loss: 0.034555 
train_loss: 0.034788 
test_loss: 0.034892 
train_loss: 0.034744 
test_loss: 0.034610 
train_loss: 0.031096 
test_loss: 0.034730 
train_loss: 0.038156 
test_loss: 0.034780 
train_loss: 0.036217 
test_loss: 0.034314 
train_loss: 0.033367 
test_loss: 0.034398 
train_loss: 0.037375 
test_loss: 0.034575 
train_loss: 0.033369 
test_loss: 0.034295 
train_loss: 0.034267 
test_loss: 0.034416 
train_loss: 0.033766 
test_loss: 0.033985 
train_loss: 0.032392 
test_loss: 0.034439 
train_loss: 0.037256 
test_loss: 0.034321 
train_loss: 0.031433 
test_loss: 0.034382 
train_loss: 0.036006 
test_loss: 0.034455 
train_loss: 0.034459 
test_loss: 0.034308 
train_loss: 0.033090 
test_loss: 0.033996 
train_loss: 0.030913 
test_loss: 0.034341 
train_loss: 0.029899 
test_loss: 0.034076 
train_loss: 0.031324 
test_loss: 0.034500 
train_loss: 0.037795 
test_loss: 0.033764 
train_loss: 0.031131 
test_loss: 0.033919 
train_loss: 0.034028 
test_loss: 0.034086 
train_loss: 0.033015 
test_loss: 0.034042 
train_loss: 0.036286 
test_loss: 0.034074 
train_loss: 0.037658 
test_loss: 0.033772 
train_loss: 0.032591 
test_loss: 0.034205 
train_loss: 0.028490 
test_loss: 0.033922 
train_loss: 0.040247 
test_loss: 0.033855 
train_loss: 0.030558 
test_loss: 0.033872 
train_loss: 0.031788 
test_loss: 0.034014 
train_loss: 0.028023 
test_loss: 0.034022 
train_loss: 0.029817 
test_loss: 0.033713 
train_loss: 0.031779 
test_loss: 0.033913 
train_loss: 0.039923 
test_loss: 0.033502 
train_loss: 0.038804 
test_loss: 0.033937 
train_loss: 0.036263 
test_loss: 0.033838 
train_loss: 0.029710 
test_loss: 0.033778 
train_loss: 0.030022 
test_loss: 0.033469 
train_loss: 0.033453 
test_loss: 0.033615 
train_loss: 0.034768 
test_loss: 0.033743 
train_loss: 0.033225 
test_loss: 0.033365 
train_loss: 0.031439 
test_loss: 0.033644 
train_loss: 0.046353 
test_loss: 0.033814 
train_loss: 0.035083 
test_loss: 0.033769 
train_loss: 0.031507 
test_loss: 0.033623 
train_loss: 0.032109 
test_loss: 0.033611 
train_loss: 0.034312 
test_loss: 0.033838 
train_loss: 0.032219 
test_loss: 0.033638 
train_loss: 0.032915 
test_loss: 0.033603 
train_loss: 0.029215 
test_loss: 0.033497 
train_loss: 0.031698 
test_loss: 0.033339 
train_loss: 0.033147 
test_loss: 0.033648 
train_loss: 0.037278 
test_loss: 0.033392 
train_loss: 0.035687 
test_loss: 0.033487 
train_loss: 0.036805 
test_loss: 0.033441 
train_loss: 0.031403 
test_loss: 0.033298 
train_loss: 0.030828 
test_loss: 0.033655 
train_loss: 0.033161 
test_loss: 0.033325 
train_loss: 0.038254 
test_loss: 0.033384 
train_loss: 0.031559 
test_loss: 0.033371 
train_loss: 0.030462 
test_loss: 0.033454 
train_loss: 0.033083 
test_loss: 0.033367 
train_loss: 0.032048 
test_loss: 0.033340 
train_loss: 0.034094 
test_loss: 0.033172 
train_loss: 0.029176 
test_loss: 0.033211 
train_loss: 0.031932 
test_loss: 0.033326 
train_loss: 0.030732 
test_loss: 0.033420 
train_loss: 0.029731 
test_loss: 0.033080 
train_loss: 0.031351 
test_loss: 0.033304 
train_loss: 0.030378 
test_loss: 0.033086 
train_loss: 0.032301 
test_loss: 0.033377 
train_loss: 0.037445 
test_loss: 0.033085 
train_loss: 0.032367 
test_loss: 0.033310 
train_loss: 0.032523 
test_loss: 0.032926 
train_loss: 0.029035 
test_loss: 0.033317 
train_loss: 0.029670 
test_loss: 0.033537 
train_loss: 0.031037 
test_loss: 0.033337 
train_loss: 0.042740 
test_loss: 0.033186 
train_loss: 0.032447 
test_loss: 0.032987 
train_loss: 0.030210 
test_loss: 0.032990 
train_loss: 0.030887 
test_loss: 0.033088 
train_loss: 0.032604 
test_loss: 0.032895 
train_loss: 0.031938 
test_loss: 0.033280 
train_loss: 0.037378 
test_loss: 0.033066 
train_loss: 0.035598 
test_loss: 0.033223 
train_loss: 0.031058 
test_loss: 0.032994 
train_loss: 0.029499 
test_loss: 0.033083 
train_loss: 0.029457 
test_loss: 0.033069 
train_loss: 0.034227 
test_loss: 0.033116 
train_loss: 0.029857 
test_loss: 0.033070 
train_loss: 0.030193 
test_loss: 0.033007 
train_loss: 0.031069 
test_loss: 0.032839 
train_loss: 0.029014 
test_loss: 0.032955 
train_loss: 0.036293 
test_loss: 0.033312 
train_loss: 0.033967 
test_loss: 0.033271 
train_loss: 0.033443 
test_loss: 0.032875 
train_loss: 0.027999 
test_loss: 0.032796 
train_loss: 0.031324 
test_loss: 0.032849 
train_loss: 0.032247 
test_loss: 0.033172 
train_loss: 0.029953 
test_loss: 0.032943 
train_loss: 0.030383 
test_loss: 0.032605 
train_loss: 0.033063 
test_loss: 0.032813 
