train_loss: 1.99989 
test_loss: 2.00146 
train_loss: 1.99924 
test_loss: 2.00617 
train_loss: 1.99869 
test_loss: 2.00035 
train_loss: 2.00821 
test_loss: 2.00449 
train_loss: 2.01712 
test_loss: 2.00814 
train_loss: 1.99944 
test_loss: 2.00673 
train_loss: 1.99747 
test_loss: 2.22745 
train_loss: 1.99911 
test_loss: 2.05928 
train_loss: 0.474985 
test_loss: 0.475195 
train_loss: 0.475162 
test_loss: 0.47684 
train_loss: 0.471866 
test_loss: 0.476816 
train_loss: 0.475472 
test_loss: 0.47677 
train_loss: 0.483238 
test_loss: 0.476738 
train_loss: 0.477583 
test_loss: 0.476678 
train_loss: 0.479585 
test_loss: 0.476656 
train_loss: 0.476079 
test_loss: 0.476591 
train_loss: 0.479522 
test_loss: 0.476529 
train_loss: 0.472581 
test_loss: 0.476474 
train_loss: 0.476609 
test_loss: 0.476414 
train_loss: 0.478144 
test_loss: 0.476351 
train_loss: 0.4775 
test_loss: 0.476301 
train_loss: 0.479746 
test_loss: 0.476221 
train_loss: 0.470416 
test_loss: 0.476146 
train_loss: 0.472666 
test_loss: 0.476105 
train_loss: 0.472292 
test_loss: 0.476006 
train_loss: 0.473527 
test_loss: 0.475938 
train_loss: 0.472094 
test_loss: 0.475864 
train_loss: 0.480161 
test_loss: 0.47579 
train_loss: 0.474457 
test_loss: 0.475693 
train_loss: 0.475436 
test_loss: 0.475623 
train_loss: 0.473833 
test_loss: 0.47553 
train_loss: 0.475007 
test_loss: 0.475436 
train_loss: 0.48179 
test_loss: 0.475337 
train_loss: 0.470505 
test_loss: 0.475227 
train_loss: 0.480142 
test_loss: 0.475138 
train_loss: 0.469415 
test_loss: 0.475037 
train_loss: 0.474018 
test_loss: 0.474929 
train_loss: 0.46833 
test_loss: 0.47482 
train_loss: 0.474667 
test_loss: 0.4747 
train_loss: 0.466697 
test_loss: 0.474584 
train_loss: 0.475636 
test_loss: 0.474466 
train_loss: 0.472212 
test_loss: 0.474341 
train_loss: 0.480319 
test_loss: 0.474205 
train_loss: 0.473741 
test_loss: 0.474091 
train_loss: 0.470252 
test_loss: 0.473954 
train_loss: 0.478554 
test_loss: 0.473809 
train_loss: 0.474181 
test_loss: 0.473667 
train_loss: 0.47117 
test_loss: 0.473517 
train_loss: 0.472852 
test_loss: 0.473388 
train_loss: 0.478864 
test_loss: 0.473219 
train_loss: 0.458964 
test_loss: 0.473058 
train_loss: 0.476295 
test_loss: 0.472899 
train_loss: 0.481217 
test_loss: 0.472743 
train_loss: 0.474296 
test_loss: 0.472545 
train_loss: 0.474666 
test_loss: 0.472361 
train_loss: 0.4707 
test_loss: 0.472186 
train_loss: 0.469942 
test_loss: 0.472008 
train_loss: 0.478104 
test_loss: 0.471833 
train_loss: 0.466464 
test_loss: 0.471618 
train_loss: 0.467799 
test_loss: 0.471432 
train_loss: 0.47042 
test_loss: 0.47122 
train_loss: 0.471235 
test_loss: 0.471018 
train_loss: 0.467455 
test_loss: 0.470793 
train_loss: 0.47255 
test_loss: 0.470573 
train_loss: 0.470445 
test_loss: 0.470349 
train_loss: 0.468185 
test_loss: 0.47011 
train_loss: 0.468934 
test_loss: 0.469868 
train_loss: 0.466252 
test_loss: 0.46962 
train_loss: 0.462648 
test_loss: 0.469372 
train_loss: 0.46536 
test_loss: 0.469121 
train_loss: 0.469587 
test_loss: 0.468856 
train_loss: 0.465299 
test_loss: 0.468583 
train_loss: 0.46449 
test_loss: 0.468293 
train_loss: 0.468292 
test_loss: 0.468018 
train_loss: 0.465683 
test_loss: 0.467722 
train_loss: 0.468998 
test_loss: 0.467425 
train_loss: 0.471827 
test_loss: 0.467109 
train_loss: 0.471283 
test_loss: 0.466776 
train_loss: 0.47139 
test_loss: 0.466479 
train_loss: 0.467926 
test_loss: 0.466129 
train_loss: 0.465016 
test_loss: 0.465805 
train_loss: 0.465532 
test_loss: 0.465456 
train_loss: 0.460846 
test_loss: 0.465109 
train_loss: 0.461569 
test_loss: 0.46473 
train_loss: 0.462298 
test_loss: 0.464355 
train_loss: 0.460032 
test_loss: 0.463979 
train_loss: 0.466073 
test_loss: 0.463577 
train_loss: 0.467489 
test_loss: 0.463182 
train_loss: 0.464411 
test_loss: 0.462779 
train_loss: 0.459832 
test_loss: 0.462335 
train_loss: 0.46495 
test_loss: 0.461917 
train_loss: 0.461407 
test_loss: 0.461462 
train_loss: 0.463243 
test_loss: 0.461014 
train_loss: 0.462353 
test_loss: 0.460534 
train_loss: 0.463415 
test_loss: 0.460064 
train_loss: 0.454505 
test_loss: 0.459575 
train_loss: 0.459569 
test_loss: 0.459079 
train_loss: 0.459533 
test_loss: 0.45856 
train_loss: 0.46293 
test_loss: 0.458036 
train_loss: 0.452845 
test_loss: 0.457508 
train_loss: 0.455498 
test_loss: 0.456949 
train_loss: 0.449721 
test_loss: 0.456375 
train_loss: 0.451671 
test_loss: 0.455806 
train_loss: 0.454183 
test_loss: 0.455213 
train_loss: 0.450507 
test_loss: 0.454612 
train_loss: 0.449854 
test_loss: 0.454003 
train_loss: 0.450916 
test_loss: 0.453353 
train_loss: 0.452927 
test_loss: 0.452707 
train_loss: 0.453589 
test_loss: 0.452046 
train_loss: 0.450053 
test_loss: 0.451362 
train_loss: 0.452907 
test_loss: 0.450672 
train_loss: 0.449521 
test_loss: 0.44995 
train_loss: 0.451242 
test_loss: 0.449225 
train_loss: 0.442712 
test_loss: 0.448485 
train_loss: 0.446181 
test_loss: 0.447709 
train_loss: 0.443818 
test_loss: 0.446934 
train_loss: 0.445664 
test_loss: 0.446135 
train_loss: 0.44229 
test_loss: 0.445324 
train_loss: 0.440561 
test_loss: 0.44448 
train_loss: 0.441387 
test_loss: 0.443621 
train_loss: 0.440087 
test_loss: 0.442751 
train_loss: 0.448201 
test_loss: 0.441848 
train_loss: 0.430644 
test_loss: 0.440939 
train_loss: 0.43746 
test_loss: 0.44 
train_loss: 0.436443 
test_loss: 0.439038 
train_loss: 0.435806 
test_loss: 0.438061 
train_loss: 0.438304 
test_loss: 0.437058 
train_loss: 0.432638 
test_loss: 0.436029 
train_loss: 0.439409 
test_loss: 0.434985 
train_loss: 0.428006 
test_loss: 0.433913 
train_loss: 0.433283 
test_loss: 0.432809 
train_loss: 0.425812 
test_loss: 0.431695 
train_loss: 0.432942 
test_loss: 0.430546 
train_loss: 0.42097 
test_loss: 0.429376 
train_loss: 0.424287 
test_loss: 0.428183 
train_loss: 0.424105 
test_loss: 0.426961 
train_loss: 0.427202 
test_loss: 0.425695 
train_loss: 0.420497 
test_loss: 0.424433 
train_loss: 0.428018 
test_loss: 0.423127 
train_loss: 0.419469 
test_loss: 0.421782 
train_loss: 0.414846 
test_loss: 0.420425 
train_loss: 0.416714 
test_loss: 0.419029 
train_loss: 0.417982 
test_loss: 0.417616 
train_loss: 0.411709 
test_loss: 0.416162 
train_loss: 0.408809 
test_loss: 0.414678 
train_loss: 0.407345 
test_loss: 0.413164 
train_loss: 0.411881 
test_loss: 0.411629 
train_loss: 0.404065 
test_loss: 0.41005 
train_loss: 0.412971 
test_loss: 0.408451 
train_loss: 0.400024 
test_loss: 0.406809 
train_loss: 0.402032 
test_loss: 0.40511 
train_loss: 0.40007 
test_loss: 0.403438 
train_loss: 0.405655 
test_loss: 0.401678 
train_loss: 0.402027 
test_loss: 0.399919 
train_loss: 0.396034 
test_loss: 0.398105 
train_loss: 0.385569 
test_loss: 0.396263 
train_loss: 0.385553 
test_loss: 0.394389 
train_loss: 0.389874 
test_loss: 0.392473 
train_loss: 0.386694 
test_loss: 0.390532 
train_loss: 0.389204 
test_loss: 0.38854 
train_loss: 0.384519 
test_loss: 0.386506 
train_loss: 0.385158 
test_loss: 0.384457 
train_loss: 0.382375 
test_loss: 0.382375 
train_loss: 0.380969 
test_loss: 0.380246 
train_loss: 0.373254 
test_loss: 0.378078 
train_loss: 0.375163 
test_loss: 0.375881 
train_loss: 0.376282 
test_loss: 0.373641 
train_loss: 0.372142 
test_loss: 0.371354 
train_loss: 0.368388 
test_loss: 0.369038 
train_loss: 0.365743 
test_loss: 0.366703 
train_loss: 0.364551 
test_loss: 0.364315 
train_loss: 0.362761 
test_loss: 0.3619 
train_loss: 0.359852 
test_loss: 0.359447 
train_loss: 0.365805 
test_loss: 0.356936 
train_loss: 0.352888 
test_loss: 0.354405 
train_loss: 0.350853 
test_loss: 0.351821 
train_loss: 0.350586 
test_loss: 0.349189 
train_loss: 0.345 
test_loss: 0.346526 
train_loss: 0.341336 
test_loss: 0.343822 
train_loss: 0.340223 
test_loss: 0.341061 
train_loss: 0.342892 
test_loss: 0.338246 
train_loss: 0.333997 
test_loss: 0.335401 
train_loss: 0.324522 
test_loss: 0.332487 
train_loss: 0.336726 
test_loss: 0.329543 
train_loss: 0.324284 
test_loss: 0.326526 
train_loss: 0.320662 
test_loss: 0.323467 
train_loss: 0.32331 
test_loss: 0.320362 
train_loss: 0.315987 
test_loss: 0.317182 
train_loss: 0.312638 
test_loss: 0.313947 
train_loss: 0.307862 
test_loss: 0.310664 
train_loss: 0.30644 
test_loss: 0.307347 
train_loss: 0.302512 
test_loss: 0.303973 
train_loss: 0.299256 
test_loss: 0.300548 
train_loss: 0.301348 
test_loss: 0.297077 
train_loss: 0.290449 
test_loss: 0.293553 
train_loss: 0.289187 
test_loss: 0.290001 
train_loss: 0.287108 
test_loss: 0.286395 
train_loss: 0.279293 
test_loss: 0.282728 
train_loss: 0.289741 
test_loss: 0.279025 
train_loss: 0.271029 
test_loss: 0.275253 
train_loss: 0.266467 
test_loss: 0.271448 
train_loss: 0.260056 
test_loss: 0.267571 
train_loss: 0.266995 
test_loss: 0.263642 
train_loss: 0.254375 
test_loss: 0.259644 
train_loss: 0.255984 
test_loss: 0.255593 
train_loss: 0.24794 
test_loss: 0.251489 
train_loss: 0.24625 
test_loss: 0.247329 
train_loss: 0.2431 
test_loss: 0.24311 
train_loss: 0.237882 
test_loss: 0.238851 
train_loss: 0.235945 
test_loss: 0.234531 
train_loss: 0.227886 
test_loss: 0.23018 
train_loss: 0.220609 
test_loss: 0.225793 
train_loss: 0.219443 
test_loss: 0.221366 
train_loss: 0.214585 
test_loss: 0.216906 
train_loss: 0.208605 
test_loss: 0.212417 
train_loss: 0.211105 
test_loss: 0.207916 
train_loss: 0.203857 
test_loss: 0.203395 
train_loss: 0.197463 
test_loss: 0.198869 
train_loss: 0.192443 
test_loss: 0.194366 
train_loss: 0.19115 
test_loss: 0.189875 
train_loss: 0.184697 
test_loss: 0.185412 
train_loss: 0.182953 
test_loss: 0.181006 
train_loss: 0.173489 
test_loss: 0.176665 
train_loss: 0.17198 
test_loss: 0.172395 
train_loss: 0.167144 
test_loss: 0.168221 
train_loss: 0.166723 
test_loss: 0.164136 
train_loss: 0.158877 
test_loss: 0.160175 
train_loss: 0.155237 
test_loss: 0.156316 
train_loss: 0.154448 
test_loss: 0.152578 
train_loss: 0.15037 
test_loss: 0.148971 
train_loss: 0.144301 
test_loss: 0.145489 
train_loss: 0.14033 
test_loss: 0.142142 
train_loss: 0.135786 
test_loss: 0.13895 
train_loss: 0.13607 
test_loss: 0.135895 
train_loss: 0.131907 
test_loss: 0.132994 
train_loss: 0.133307 
test_loss: 0.130252 
train_loss: 0.127693 
test_loss: 0.127664 
train_loss: 0.126015 
test_loss: 0.125227 
train_loss: 0.125583 
test_loss: 0.122951 
train_loss: 0.116993 
test_loss: 0.120832 
train_loss: 0.116855 
test_loss: 0.118857 
train_loss: 0.114581 
test_loss: 0.117041 
train_loss: 0.117261 
test_loss: 0.115352 
train_loss: 0.113867 
test_loss: 0.113824 
train_loss: 0.11135 
test_loss: 0.11242 
train_loss: 0.11371 
test_loss: 0.11115 
train_loss: 0.110367 
test_loss: 0.110017 
train_loss: 0.111336 
test_loss: 0.108977 
train_loss: 0.10944 
test_loss: 0.108065 
train_loss: 0.105647 
test_loss: 0.107254 
train_loss: 0.104462 
test_loss: 0.106536 
train_loss: 0.107227 
test_loss: 0.105918 
train_loss: 0.104348 
test_loss: 0.10537 
train_loss: 0.104172 
test_loss: 0.104886 
train_loss: 0.10257 
test_loss: 0.104458 
train_loss: 0.105565 
test_loss: 0.104104 
train_loss: 0.102825 
test_loss: 0.103789 
train_loss: 0.102072 
test_loss: 0.10351 
train_loss: 0.103745 
test_loss: 0.103285 
train_loss: 0.0985152 
test_loss: 0.103077 
train_loss: 0.0979246 
test_loss: 0.1029 
train_loss: 0.0999569 
test_loss: 0.102738 
train_loss: 0.102062 
test_loss: 0.102599 
train_loss: 0.103635 
test_loss: 0.102481 
train_loss: 0.0980947 
test_loss: 0.102375 
train_loss: 0.101483 
test_loss: 0.102275 
train_loss: 0.100564 
test_loss: 0.102193 
train_loss: 0.104466 
test_loss: 0.102109 
train_loss: 0.100536 
test_loss: 0.102044 
train_loss: 0.102387 
test_loss: 0.101964 
train_loss: 0.100168 
test_loss: 0.101911 
train_loss: 0.102337 
test_loss: 0.101849 
train_loss: 0.0994275 
test_loss: 0.101807 
train_loss: 0.104535 
test_loss: 0.101746 
train_loss: 0.100687 
test_loss: 0.101684 
train_loss: 0.0989405 
test_loss: 0.10163 
train_loss: 0.103316 
test_loss: 0.101608 
train_loss: 0.0992998 
test_loss: 0.101538 
train_loss: 0.10335 
test_loss: 0.101492 
train_loss: 0.104585 
test_loss: 0.101442 
train_loss: 0.0985181 
test_loss: 0.101405 
train_loss: 0.100041 
test_loss: 0.101357 
train_loss: 0.101559 
test_loss: 0.101307 
train_loss: 0.103328 
test_loss: 0.101276 
train_loss: 0.102626 
test_loss: 0.101206 
train_loss: 0.100322 
test_loss: 0.101158 
train_loss: 0.105051 
test_loss: 0.101124 
train_loss: 0.0999947 
test_loss: 0.101092 
train_loss: 0.0959736 
test_loss: 0.10104 
train_loss: 0.100746 
test_loss: 0.100997 
train_loss: 0.103426 
test_loss: 0.100955 
train_loss: 0.0977296 
test_loss: 0.100898 
train_loss: 0.0983463 
test_loss: 0.100874 
train_loss: 0.0950079 
test_loss: 0.100809 
train_loss: 0.0999737 
test_loss: 0.10077 
train_loss: 0.102195 
test_loss: 0.10073 
train_loss: 0.0999055 
test_loss: 0.100685 
train_loss: 0.10191 
test_loss: 0.10064 
train_loss: 0.0991669 
test_loss: 0.100591 
train_loss: 0.0981715 
test_loss: 0.100549 
train_loss: 0.0997058 
test_loss: 0.100487 
train_loss: 0.09642 
test_loss: 0.100452 
train_loss: 0.105462 
test_loss: 0.100404 
train_loss: 0.0982505 
test_loss: 0.100368 
train_loss: 0.0981217 
test_loss: 0.100315 
train_loss: 0.0991028 
test_loss: 0.100228 
train_loss: 0.101262 
test_loss: 0.100186 
train_loss: 0.0984783 
test_loss: 0.100128 
train_loss: 0.099614 
test_loss: 0.100052 
train_loss: 0.101429 
test_loss: 0.0999814 
train_loss: 0.098428 
test_loss: 0.0999349 
train_loss: 0.0977555 
test_loss: 0.0998405 
train_loss: 0.0966789 
test_loss: 0.0997798 
train_loss: 0.0990576 
test_loss: 0.0996705 
train_loss: 0.100848 
test_loss: 0.0995702 
train_loss: 0.100791 
test_loss: 0.099489 
train_loss: 0.101436 
test_loss: 0.0993724 
train_loss: 0.101926 
test_loss: 0.0992407 
train_loss: 0.0987262 
test_loss: 0.0991336 
train_loss: 0.0996582 
test_loss: 0.0989868 
train_loss: 0.0953724 
test_loss: 0.0988527 
train_loss: 0.0971421 
test_loss: 0.0986849 
train_loss: 0.100795 
test_loss: 0.0984754 
train_loss: 0.0953815 
test_loss: 0.0982803 
train_loss: 0.0941488 
test_loss: 0.0980382 
train_loss: 0.0950508 
test_loss: 0.0978081 
train_loss: 0.095491 
test_loss: 0.0975483 
train_loss: 0.098602 
test_loss: 0.0972206 
train_loss: 0.0982707 
test_loss: 0.0968561 
train_loss: 0.0932208 
test_loss: 0.0965057 
train_loss: 0.0969367 
test_loss: 0.0961128 
train_loss: 0.0918008 
test_loss: 0.0956922 
train_loss: 0.093545 
test_loss: 0.0952465 
train_loss: 0.0947067 
test_loss: 0.0947579 
train_loss: 0.0912834 
test_loss: 0.0942306 
train_loss: 0.0926799 
test_loss: 0.0936215 
train_loss: 0.0939995 
test_loss: 0.0930108 
train_loss: 0.09292 
test_loss: 0.0922972 
train_loss: 0.091528 
test_loss: 0.0915614 
train_loss: 0.089867 
test_loss: 0.0907558 
train_loss: 0.0862997 
test_loss: 0.0898784 
train_loss: 0.0834348 
test_loss: 0.0889423 
train_loss: 0.0814975 
test_loss: 0.0879416 
train_loss: 0.0916979 
test_loss: 0.086843 
train_loss: 0.0850067 
test_loss: 0.0857362 
train_loss: 0.086167 
test_loss: 0.0846229 
train_loss: 0.0801335 
test_loss: 0.0835884 
train_loss: 0.081936 
test_loss: 0.0824516 
train_loss: 0.0850573 
test_loss: 0.0817194 
train_loss: 0.0809329 
test_loss: 0.0807276 
train_loss: 0.0823823 
test_loss: 0.0800052 
train_loss: 0.0786622 
test_loss: 0.0793645 
train_loss: 0.081515 
test_loss: 0.078767 
train_loss: 0.0803579 
test_loss: 0.0781419 
train_loss: 0.0745041 
test_loss: 0.0776255 
train_loss: 0.0781752 
test_loss: 0.0771385 
train_loss: 0.076341 
test_loss: 0.0767168 
train_loss: 0.076276 
test_loss: 0.0762273 
train_loss: 0.0752033 
test_loss: 0.0758319 
train_loss: 0.0791255 
test_loss: 0.0754265 
train_loss: 0.0723672 
test_loss: 0.0751133 
train_loss: 0.0715497 
test_loss: 0.0747771 
train_loss: 0.070581 
test_loss: 0.0744594 
train_loss: 0.0734161 
test_loss: 0.0742758 
train_loss: 0.0764589 
test_loss: 0.0738506 
train_loss: 0.0755978 
test_loss: 0.073543 
train_loss: 0.0761121 
test_loss: 0.0733144 
train_loss: 0.0717748 
test_loss: 0.073085 
train_loss: 0.0712683 
test_loss: 0.0727253 
train_loss: 0.0738198 
test_loss: 0.0725519 
train_loss: 0.0772373 
test_loss: 0.0722677 
train_loss: 0.0697642 
test_loss: 0.0718879 
train_loss: 0.0735457 
test_loss: 0.0715815 
train_loss: 0.0765916 
test_loss: 0.0712879 
train_loss: 0.0691213 
test_loss: 0.0709532 
train_loss: 0.0687612 
test_loss: 0.070595 
train_loss: 0.0718062 
test_loss: 0.0703523 
train_loss: 0.0703102 
test_loss: 0.0698676 
train_loss: 0.0707063 
test_loss: 0.0694181 
train_loss: 0.0701698 
test_loss: 0.0690116 
train_loss: 0.0646486 
test_loss: 0.0687029 
train_loss: 0.0695196 
test_loss: 0.0683216 
train_loss: 0.0698985 
test_loss: 0.0680455 
train_loss: 0.0666603 
test_loss: 0.067741 
train_loss: 0.0691068 
test_loss: 0.0674122 
train_loss: 0.0662419 
test_loss: 0.0671986 
train_loss: 0.0655088 
test_loss: 0.0669155 
train_loss: 0.0674045 
test_loss: 0.0666914 
train_loss: 0.0610453 
test_loss: 0.0665138 
train_loss: 0.0659442 
test_loss: 0.0662874 
train_loss: 0.0657955 
test_loss: 0.0660242 
train_loss: 0.06642 
test_loss: 0.0658229 
train_loss: 0.0662986 
test_loss: 0.0656404 
train_loss: 0.065004 
test_loss: 0.0655885 
train_loss: 0.0651965 
test_loss: 0.0652006 
train_loss: 0.0648881 
test_loss: 0.0650627 
train_loss: 0.0645506 
test_loss: 0.0649439 
train_loss: 0.0669967 
test_loss: 0.0647743 
train_loss: 0.0614316 
test_loss: 0.0644826 
train_loss: 0.0640185 
test_loss: 0.064377 
train_loss: 0.0627893 
test_loss: 0.0642578 
train_loss: 0.0607685 
test_loss: 0.0640229 
train_loss: 0.0655442 
test_loss: 0.0639145 
train_loss: 0.0636381 
test_loss: 0.0637399 
train_loss: 0.0652541 
test_loss: 0.0636548 
train_loss: 0.060795 
test_loss: 0.0635001 
train_loss: 0.0611185 
test_loss: 0.0634106 
train_loss: 0.0639179 
test_loss: 0.0633572 
train_loss: 0.0615932 
test_loss: 0.0632295 
train_loss: 0.0622994 
test_loss: 0.0632006 
train_loss: 0.0627096 
test_loss: 0.0630599 
train_loss: 0.0614408 
test_loss: 0.0631783 
train_loss: 0.0638133 
test_loss: 0.0629924 
train_loss: 0.065658 
test_loss: 0.0628484 
train_loss: 0.0674844 
test_loss: 0.0628355 
train_loss: 0.0609272 
test_loss: 0.062647 
train_loss: 0.059235 
test_loss: 0.0626792 
train_loss: 0.0646841 
test_loss: 0.0626846 
train_loss: 0.0626202 
test_loss: 0.0625688 
train_loss: 0.0600694 
test_loss: 0.0625145 
train_loss: 0.062763 
test_loss: 0.0625133 
train_loss: 0.0674079 
test_loss: 0.0625439 
train_loss: 0.0632897 
test_loss: 0.0624176 
train_loss: 0.0622673 
test_loss: 0.0622637 
train_loss: 0.0634952 
test_loss: 0.062245 
train_loss: 0.0603834 
test_loss: 0.0621113 
train_loss: 0.0602014 
test_loss: 0.0621763 
train_loss: 0.0601442 
test_loss: 0.0621218 
train_loss: 0.062703 
test_loss: 0.0620022 
train_loss: 0.0614744 
test_loss: 0.0620025 
train_loss: 0.0600577 
test_loss: 0.0620937 
train_loss: 0.0608966 
test_loss: 0.0619269 
train_loss: 0.0611257 
test_loss: 0.0619474 
train_loss: 0.0626377 
test_loss: 0.0618422 
train_loss: 0.0609003 
test_loss: 0.0618466 
train_loss: 0.0592942 
test_loss: 0.0618037 
train_loss: 0.06246 
test_loss: 0.0617378 
train_loss: 0.0607321 
test_loss: 0.0615879 
train_loss: 0.0587949 
test_loss: 0.0616545 
train_loss: 0.056822 
test_loss: 0.0613443 
train_loss: 0.0572549 
test_loss: 0.0613875 
train_loss: 0.0605233 
test_loss: 0.0614549 
train_loss: 0.0597856 
test_loss: 0.0613144 
train_loss: 0.0568919 
test_loss: 0.0613236 
train_loss: 0.0580421 
test_loss: 0.061214 
train_loss: 0.0611199 
test_loss: 0.06104 
train_loss: 0.0596557 
test_loss: 0.0609866 
train_loss: 0.0582551 
test_loss: 0.0609117 
train_loss: 0.0625286 
test_loss: 0.0609207 
train_loss: 0.0597703 
test_loss: 0.0607025 
train_loss: 0.0623936 
test_loss: 0.0605691 
train_loss: 0.0614989 
test_loss: 0.0606275 
train_loss: 0.0611633 
test_loss: 0.0603576 
train_loss: 0.0587078 
test_loss: 0.060532 
train_loss: 0.0580371 
test_loss: 0.0601786 
train_loss: 0.0605915 
test_loss: 0.0600939 
train_loss: 0.0572041 
test_loss: 0.0599122 
train_loss: 0.0580629 
test_loss: 0.0598512 
train_loss: 0.0583174 
test_loss: 0.0598365 
train_loss: 0.0611828 
test_loss: 0.0598858 
train_loss: 0.057716 
test_loss: 0.0596012 
train_loss: 0.0609499 
test_loss: 0.0592489 
train_loss: 0.0603885 
test_loss: 0.0589924 
train_loss: 0.0556254 
test_loss: 0.0589023 
train_loss: 0.0579323 
test_loss: 0.0587183 
train_loss: 0.0540689 
test_loss: 0.0581257 
train_loss: 0.0560068 
test_loss: 0.0579665 
train_loss: 0.054324 
test_loss: 0.0575472 
train_loss: 0.0540073 
test_loss: 0.0572091 
train_loss: 0.0576058 
test_loss: 0.0567362 
train_loss: 0.055672 
test_loss: 0.0561195 
train_loss: 0.0534941 
test_loss: 0.0559023 
train_loss: 0.0537509 
test_loss: 0.0551851 
train_loss: 0.0559901 
test_loss: 0.0557957 
train_loss: 0.0539875 
test_loss: 0.0544735 
train_loss: 0.0551897 
test_loss: 0.0545306 
train_loss: 0.052432 
test_loss: 0.0528551 
train_loss: 0.0520316 
test_loss: 0.0521167 
train_loss: 0.0500551 
test_loss: 0.0514428 
train_loss: 0.0487044 
test_loss: 0.0506003 
train_loss: 0.0495188 
test_loss: 0.0497195 
train_loss: 0.0485783 
test_loss: 0.0494784 
train_loss: 0.0456701 
test_loss: 0.0476732 
train_loss: 0.0470007 
test_loss: 0.0460088 
train_loss: 0.0420477 
test_loss: 0.0457821 
train_loss: 0.0411246 
test_loss: 0.0442519 
train_loss: 0.0412453 
test_loss: 0.0412772 
train_loss: 0.0381345 
test_loss: 0.0396384 
train_loss: 0.0371158 
test_loss: 0.0378038 
train_loss: 0.0369638 
test_loss: 0.0361302 
train_loss: 0.0325553 
test_loss: 0.0345695 
train_loss: 0.0324219 
test_loss: 0.0332916 
train_loss: 0.032157 
test_loss: 0.0345701 
train_loss: 0.0306846 
test_loss: 0.0308159 
train_loss: 0.0299734 
test_loss: 0.0294573 
train_loss: 0.0280917 
test_loss: 0.0277338 
train_loss: 0.0275115 
test_loss: 0.0281623 
train_loss: 0.0249721 
test_loss: 0.0261027 
train_loss: 0.0260283 
test_loss: 0.0253181 
train_loss: 0.025183 
test_loss: 0.0251155 
train_loss: 0.0243115 
test_loss: 0.0249912 
train_loss: 0.0214216 
test_loss: 0.0240044 
train_loss: 0.0224255 
test_loss: 0.0230226 
train_loss: 0.0234655 
test_loss: 0.022494 
train_loss: 0.020929 
test_loss: 0.0224436 
train_loss: 0.0207356 
test_loss: 0.0216256 
train_loss: 0.0212327 
test_loss: 0.0223318 
train_loss: 0.0213856 
test_loss: 0.0217135 
train_loss: 0.0190909 
test_loss: 0.0211156 
train_loss: 0.0215944 
test_loss: 0.0202828 
train_loss: 0.0199783 
test_loss: 0.0206454 
train_loss: 0.0198089 
test_loss: 0.0217697 
train_loss: 0.0184534 
test_loss: 0.0200794 
train_loss: 0.0185627 
test_loss: 0.0196579 
train_loss: 0.0188596 
test_loss: 0.0197878 
train_loss: 0.0189122 
test_loss: 0.0194292 
train_loss: 0.0194497 
test_loss: 0.0195262 
train_loss: 0.0184239 
test_loss: 0.0200074 
train_loss: 0.0192539 
test_loss: 0.0210907 
train_loss: 0.0205759 
test_loss: 0.0198627 
train_loss: 0.018966 
test_loss: 0.0192006 
train_loss: 0.0206861 
test_loss: 0.0195033 
train_loss: 0.0184344 
test_loss: 0.0190861 
train_loss: 0.0202086 
test_loss: 0.0195264 
train_loss: 0.0174846 
test_loss: 0.0192336 
train_loss: 0.018829 
test_loss: 0.0187832 
train_loss: 0.0177571 
test_loss: 0.0186346 
train_loss: 0.0175016 
test_loss: 0.0186899 
train_loss: 0.0182002 
test_loss: 0.0188181 
train_loss: 0.0195684 
test_loss: 0.0187308 
train_loss: 0.0188417 
test_loss: 0.0189082 
train_loss: 0.0190292 
test_loss: 0.0187836 
train_loss: 0.0185026 
test_loss: 0.0185416 
train_loss: 0.0187549 
test_loss: 0.0184248 
train_loss: 0.0172036 
test_loss: 0.0182663 
train_loss: 0.0178996 
test_loss: 0.0181036 
train_loss: 0.0181777 
test_loss: 0.0185797 
train_loss: 0.0179067 
test_loss: 0.0181722 
train_loss: 0.0178162 
test_loss: 0.0180976 
train_loss: 0.0187739 
test_loss: 0.0201343 
train_loss: 0.0178685 
test_loss: 0.0178786 
train_loss: 0.0175512 
test_loss: 0.017964 
train_loss: 0.0166885 
test_loss: 0.0178149 
train_loss: 0.0172148 
test_loss: 0.0192839 
train_loss: 0.0171998 
test_loss: 0.0187034 
train_loss: 0.0170916 
test_loss: 0.0176369 
train_loss: 0.018091 
test_loss: 0.0178266 
train_loss: 0.0168289 
test_loss: 0.0178354 
train_loss: 0.0173562 
test_loss: 0.0206202 
train_loss: 0.0165677 
test_loss: 0.0176023 
train_loss: 0.0170908 
test_loss: 0.0178258 
train_loss: 0.0167383 
test_loss: 0.0175589 
train_loss: 0.0169258 
test_loss: 0.0172327 
train_loss: 0.0188977 
test_loss: 0.0189295 
train_loss: 0.0170995 
test_loss: 0.0174342 
train_loss: 0.0172412 
test_loss: 0.017881 
train_loss: 0.0175377 
test_loss: 0.0177885 
train_loss: 0.0172573 
test_loss: 0.0173439 
train_loss: 0.015742 
test_loss: 0.0174738 
train_loss: 0.0172929 
test_loss: 0.0169689 
train_loss: 0.01811 
test_loss: 0.0172452 
train_loss: 0.0162935 
test_loss: 0.0175076 
train_loss: 0.0180858 
test_loss: 0.0169968 
train_loss: 0.0155655 
test_loss: 0.0167113 
train_loss: 0.0168051 
test_loss: 0.0168282 
train_loss: 0.0172825 
test_loss: 0.0168406 
train_loss: 0.0166604 
test_loss: 0.0167131 
train_loss: 0.0169854 
test_loss: 0.0174346 
train_loss: 0.0163843 
test_loss: 0.0166142 
train_loss: 0.0169934 
test_loss: 0.0167357 
train_loss: 0.0171489 
test_loss: 0.0172385 
