train_loss: 2.57408 
test_loss: 1.95078 
train_loss: 1.0273 
test_loss: 1.10762 
train_loss: 1.0395 
test_loss: 1.05964 
train_loss: 0.912151 
test_loss: 0.999366 
train_loss: 0.872123 
test_loss: 0.901825 
train_loss: 0.788476 
test_loss: 0.799955 
train_loss: 0.967384 
test_loss: 0.940648 
train_loss: 0.918907 
test_loss: 0.867314 
train_loss: 0.816666 
test_loss: 0.775138 
train_loss: 0.689088 
test_loss: 0.670006 
train_loss: 0.475303 
test_loss: 0.532115 
train_loss: 0.465137 
test_loss: 0.508052 
train_loss: 0.391392 
test_loss: 0.428704 
train_loss: 0.332429 
test_loss: 0.381175 
train_loss: 1.01107 
test_loss: 0.593319 
train_loss: 0.417681 
test_loss: 0.423406 
train_loss: 0.350076 
test_loss: 0.350878 
train_loss: 0.594437 
test_loss: 0.698661 
train_loss: 0.332832 
test_loss: 0.391028 
train_loss: 0.645124 
test_loss: 0.345476 
train_loss: 0.290318 
test_loss: 0.326545 
train_loss: 0.311609 
test_loss: 0.331992 
train_loss: 0.375055 
test_loss: 0.282001 
train_loss: 0.24249 
test_loss: 0.27643 
train_loss: 0.248032 
test_loss: 0.279811 
train_loss: 0.239331 
test_loss: 0.27436 
train_loss: 0.247813 
test_loss: 0.272302 
train_loss: 0.252844 
test_loss: 0.287493 
train_loss: 0.201612 
test_loss: 0.233634 
train_loss: 0.272004 
test_loss: 0.316302 
train_loss: 0.231796 
test_loss: 0.242951 
train_loss: 0.604717 
test_loss: 0.303796 
train_loss: 0.268961 
test_loss: 0.277266 
train_loss: 0.19485 
test_loss: 0.237721 
train_loss: 0.413451 
test_loss: 0.412825 
train_loss: 0.212237 
test_loss: 0.23293 
train_loss: 0.258612 
test_loss: 0.265488 
train_loss: 0.241764 
test_loss: 0.277375 
train_loss: 0.237618 
test_loss: 0.297456 
train_loss: 0.139171 
test_loss: 0.222032 
train_loss: 0.225619 
test_loss: 0.226905 
train_loss: 0.370505 
test_loss: 0.39293 
train_loss: 0.261027 
test_loss: 0.238642 
train_loss: 0.198528 
test_loss: 0.262337 
train_loss: 0.242044 
test_loss: 0.282484 
train_loss: 0.80791 
test_loss: 0.221314 
train_loss: 0.209175 
test_loss: 0.240262 
train_loss: 0.200096 
test_loss: 0.246683 
train_loss: 0.135885 
test_loss: 0.237055 
train_loss: 0.508442 
test_loss: 0.245023 
train_loss: 0.286351 
test_loss: 0.351099 
