train_loss: 0.505785 
test_loss: 0.513164 
train_loss: 0.501199 
test_loss: 0.512295 
train_loss: 0.511873 
test_loss: 0.512202 
train_loss: 0.516974 
test_loss: 0.512088 
train_loss: 0.519226 
test_loss: 0.511958 
train_loss: 0.510167 
test_loss: 0.511823 
train_loss: 0.520743 
test_loss: 0.511676 
train_loss: 0.514585 
test_loss: 0.511493 
train_loss: 0.510276 
test_loss: 0.511306 
train_loss: 0.514996 
test_loss: 0.511131 
train_loss: 0.513483 
test_loss: 0.510925 
train_loss: 0.513713 
test_loss: 0.510692 
train_loss: 0.505194 
test_loss: 0.51046 
train_loss: 0.504344 
test_loss: 0.510219 
train_loss: 0.506344 
test_loss: 0.509957 
train_loss: 0.510455 
test_loss: 0.509695 
train_loss: 0.509733 
test_loss: 0.509426 
train_loss: 0.510921 
test_loss: 0.509142 
train_loss: 0.513677 
test_loss: 0.508831 
train_loss: 0.506645 
test_loss: 0.508511 
train_loss: 0.513424 
test_loss: 0.508212 
train_loss: 0.5109 
test_loss: 0.50787 
train_loss: 0.514871 
test_loss: 0.507528 
train_loss: 0.502421 
test_loss: 0.507169 
train_loss: 0.515097 
test_loss: 0.506778 
train_loss: 0.513043 
test_loss: 0.506438 
train_loss: 0.504521 
test_loss: 0.506035 
train_loss: 0.502064 
test_loss: 0.505639 
train_loss: 0.50518 
test_loss: 0.505226 
train_loss: 0.510321 
test_loss: 0.504779 
train_loss: 0.506624 
test_loss: 0.504352 
train_loss: 0.508078 
test_loss: 0.50392 
train_loss: 0.506631 
test_loss: 0.503442 
train_loss: 0.504695 
test_loss: 0.502974 
train_loss: 0.493502 
test_loss: 0.502476 
train_loss: 0.505636 
test_loss: 0.502001 
train_loss: 0.502359 
test_loss: 0.5015 
train_loss: 0.498668 
test_loss: 0.50096 
train_loss: 0.497675 
test_loss: 0.500422 
train_loss: 0.496015 
test_loss: 0.499875 
train_loss: 0.500297 
test_loss: 0.499327 
train_loss: 0.504902 
test_loss: 0.498749 
train_loss: 0.497228 
test_loss: 0.498164 
train_loss: 0.489208 
test_loss: 0.497563 
train_loss: 0.498164 
test_loss: 0.496944 
train_loss: 0.495278 
test_loss: 0.496322 
train_loss: 0.495113 
test_loss: 0.495696 
train_loss: 0.495352 
test_loss: 0.49501 
train_loss: 0.496317 
test_loss: 0.494341 
train_loss: 0.501618 
test_loss: 0.493659 
train_loss: 0.493392 
test_loss: 0.492969 
train_loss: 0.487747 
test_loss: 0.492242 
train_loss: 0.496227 
test_loss: 0.491529 
train_loss: 0.490271 
test_loss: 0.490774 
train_loss: 0.493884 
test_loss: 0.490015 
train_loss: 0.489419 
test_loss: 0.489249 
train_loss: 0.486234 
test_loss: 0.488437 
train_loss: 0.486436 
test_loss: 0.487636 
train_loss: 0.487786 
test_loss: 0.486807 
train_loss: 0.494398 
test_loss: 0.485967 
train_loss: 0.485889 
test_loss: 0.485094 
train_loss: 0.483924 
test_loss: 0.484235 
train_loss: 0.485835 
test_loss: 0.483334 
train_loss: 0.481984 
test_loss: 0.48241 
train_loss: 0.480849 
test_loss: 0.48148 
train_loss: 0.48228 
test_loss: 0.480524 
train_loss: 0.476096 
test_loss: 0.47957 
train_loss: 0.479847 
test_loss: 0.478545 
train_loss: 0.479636 
test_loss: 0.477563 
train_loss: 0.472302 
test_loss: 0.476531 
train_loss: 0.477189 
test_loss: 0.475477 
train_loss: 0.478507 
test_loss: 0.474389 
train_loss: 0.479249 
test_loss: 0.473289 
train_loss: 0.471509 
test_loss: 0.472151 
train_loss: 0.473655 
test_loss: 0.471022 
train_loss: 0.478964 
test_loss: 0.469858 
train_loss: 0.466483 
test_loss: 0.468673 
train_loss: 0.466311 
test_loss: 0.467437 
train_loss: 0.463842 
test_loss: 0.466203 
train_loss: 0.46543 
test_loss: 0.464938 
train_loss: 0.465067 
test_loss: 0.463636 
train_loss: 0.465399 
test_loss: 0.46232 
train_loss: 0.463808 
test_loss: 0.460948 
train_loss: 0.458473 
test_loss: 0.459566 
train_loss: 0.463321 
test_loss: 0.458146 
train_loss: 0.450537 
test_loss: 0.456711 
train_loss: 0.449397 
test_loss: 0.455219 
train_loss: 0.451501 
test_loss: 0.453721 
train_loss: 0.458222 
test_loss: 0.452173 
train_loss: 0.454081 
test_loss: 0.450582 
train_loss: 0.446193 
test_loss: 0.448962 
train_loss: 0.445717 
test_loss: 0.447301 
train_loss: 0.443117 
test_loss: 0.44561 
train_loss: 0.447175 
test_loss: 0.443878 
train_loss: 0.44417 
test_loss: 0.442089 
train_loss: 0.444667 
test_loss: 0.440262 
train_loss: 0.439226 
test_loss: 0.438402 
train_loss: 0.438806 
test_loss: 0.436484 
train_loss: 0.441898 
test_loss: 0.434531 
train_loss: 0.433854 
test_loss: 0.432521 
train_loss: 0.432613 
test_loss: 0.430475 
train_loss: 0.425928 
test_loss: 0.428354 
train_loss: 0.422418 
test_loss: 0.426186 
train_loss: 0.417952 
test_loss: 0.423968 
train_loss: 0.421944 
test_loss: 0.421686 
train_loss: 0.430127 
test_loss: 0.419365 
train_loss: 0.419839 
test_loss: 0.416947 
train_loss: 0.415991 
test_loss: 0.414506 
train_loss: 0.407864 
test_loss: 0.411972 
train_loss: 0.410156 
test_loss: 0.409399 
train_loss: 0.40926 
test_loss: 0.406735 
train_loss: 0.407869 
test_loss: 0.404022 
train_loss: 0.397281 
test_loss: 0.401222 
train_loss: 0.398049 
test_loss: 0.398352 
train_loss: 0.395582 
test_loss: 0.395416 
train_loss: 0.39312 
test_loss: 0.392405 
train_loss: 0.387524 
test_loss: 0.389308 
train_loss: 0.391515 
test_loss: 0.38614 
train_loss: 0.379777 
test_loss: 0.382877 
train_loss: 0.383232 
test_loss: 0.379563 
train_loss: 0.374953 
test_loss: 0.376152 
train_loss: 0.374239 
test_loss: 0.37271 
train_loss: 0.372489 
test_loss: 0.369173 
train_loss: 0.365961 
test_loss: 0.365573 
train_loss: 0.362239 
test_loss: 0.36192 
train_loss: 0.361777 
test_loss: 0.358209 
train_loss: 0.357575 
test_loss: 0.354458 
train_loss: 0.35683 
test_loss: 0.350638 
train_loss: 0.34498 
test_loss: 0.346794 
train_loss: 0.343681 
test_loss: 0.342896 
train_loss: 0.332079 
test_loss: 0.338947 
train_loss: 0.337469 
test_loss: 0.334965 
train_loss: 0.333258 
test_loss: 0.330956 
train_loss: 0.329996 
test_loss: 0.326894 
train_loss: 0.323745 
test_loss: 0.3228 
train_loss: 0.315673 
test_loss: 0.318666 
train_loss: 0.316956 
test_loss: 0.314497 
train_loss: 0.308526 
test_loss: 0.310287 
train_loss: 0.30803 
test_loss: 0.306024 
train_loss: 0.303627 
test_loss: 0.301707 
train_loss: 0.293579 
test_loss: 0.297356 
train_loss: 0.290654 
test_loss: 0.292955 
train_loss: 0.285841 
test_loss: 0.288497 
train_loss: 0.288219 
test_loss: 0.283986 
train_loss: 0.281115 
test_loss: 0.279429 
train_loss: 0.277269 
test_loss: 0.274816 
train_loss: 0.271186 
test_loss: 0.270157 
train_loss: 0.266635 
test_loss: 0.265459 
train_loss: 0.258826 
test_loss: 0.260705 
train_loss: 0.25978 
test_loss: 0.255934 
train_loss: 0.254125 
test_loss: 0.251099 
train_loss: 0.244453 
test_loss: 0.246253 
train_loss: 0.241397 
test_loss: 0.241389 
train_loss: 0.234718 
test_loss: 0.236533 
train_loss: 0.230428 
test_loss: 0.231678 
train_loss: 0.228895 
test_loss: 0.226851 
train_loss: 0.22117 
test_loss: 0.22205 
train_loss: 0.215406 
test_loss: 0.217281 
train_loss: 0.215825 
test_loss: 0.212592 
train_loss: 0.208194 
test_loss: 0.207951 
train_loss: 0.202711 
test_loss: 0.203386 
train_loss: 0.200185 
test_loss: 0.198894 
train_loss: 0.193923 
test_loss: 0.194465 
train_loss: 0.188346 
test_loss: 0.190109 
train_loss: 0.183158 
test_loss: 0.185819 
train_loss: 0.184103 
test_loss: 0.181577 
train_loss: 0.177404 
test_loss: 0.177399 
train_loss: 0.173485 
test_loss: 0.173259 
train_loss: 0.169948 
test_loss: 0.169153 
train_loss: 0.166384 
test_loss: 0.165105 
train_loss: 0.162251 
test_loss: 0.161082 
train_loss: 0.156475 
test_loss: 0.157077 
train_loss: 0.15236 
test_loss: 0.153094 
train_loss: 0.150907 
test_loss: 0.14914 
train_loss: 0.145565 
test_loss: 0.145196 
train_loss: 0.142476 
test_loss: 0.141253 
train_loss: 0.140183 
test_loss: 0.137344 
train_loss: 0.134587 
test_loss: 0.133438 
train_loss: 0.130214 
test_loss: 0.129566 
train_loss: 0.125738 
test_loss: 0.125692 
train_loss: 0.120405 
test_loss: 0.121865 
train_loss: 0.117866 
test_loss: 0.118105 
train_loss: 0.113609 
test_loss: 0.114386 
train_loss: 0.110494 
test_loss: 0.110736 
train_loss: 0.108096 
test_loss: 0.107179 
train_loss: 0.104602 
test_loss: 0.10373 
train_loss: 0.100657 
test_loss: 0.100402 
train_loss: 0.0984743 
test_loss: 0.097216 
train_loss: 0.0940443 
test_loss: 0.0942071 
train_loss: 0.0915463 
test_loss: 0.0913383 
train_loss: 0.0893841 
test_loss: 0.0886908 
train_loss: 0.0856293 
test_loss: 0.0862354 
train_loss: 0.0842943 
test_loss: 0.083992 
train_loss: 0.0813967 
test_loss: 0.0819673 
train_loss: 0.0802182 
test_loss: 0.0801411 
train_loss: 0.0786728 
test_loss: 0.0785162 
train_loss: 0.0767184 
test_loss: 0.0771071 
train_loss: 0.0758779 
test_loss: 0.0758696 
train_loss: 0.0751553 
test_loss: 0.0747943 
train_loss: 0.0736393 
test_loss: 0.0738665 
train_loss: 0.0727412 
test_loss: 0.073062 
train_loss: 0.0731115 
test_loss: 0.072366 
train_loss: 0.0705772 
test_loss: 0.0717761 
train_loss: 0.0713078 
test_loss: 0.0712527 
train_loss: 0.0697994 
test_loss: 0.0708214 
train_loss: 0.0695209 
test_loss: 0.0704483 
train_loss: 0.0706036 
test_loss: 0.0701168 
train_loss: 0.0693649 
test_loss: 0.0698047 
train_loss: 0.0698206 
test_loss: 0.0695603 
train_loss: 0.0701884 
test_loss: 0.0693249 
train_loss: 0.0686798 
test_loss: 0.0691163 
train_loss: 0.0670617 
test_loss: 0.0689472 
train_loss: 0.0687802 
test_loss: 0.0687803 
train_loss: 0.0701684 
test_loss: 0.0686242 
train_loss: 0.0689877 
test_loss: 0.0684832 
train_loss: 0.0661184 
test_loss: 0.0683805 
train_loss: 0.0680171 
test_loss: 0.0682655 
train_loss: 0.0686635 
test_loss: 0.068153 
train_loss: 0.0682593 
test_loss: 0.0680609 
train_loss: 0.0676329 
test_loss: 0.0679571 
train_loss: 0.0688425 
test_loss: 0.0678789 
train_loss: 0.0665716 
test_loss: 0.0678181 
train_loss: 0.0678999 
test_loss: 0.0677011 
train_loss: 0.0671161 
test_loss: 0.0676286 
train_loss: 0.0679972 
test_loss: 0.067543 
train_loss: 0.0670508 
test_loss: 0.0674754 
train_loss: 0.0673403 
test_loss: 0.0673988 
train_loss: 0.0666794 
test_loss: 0.0673075 
train_loss: 0.0656688 
test_loss: 0.0672273 
train_loss: 0.0674079 
test_loss: 0.0671646 
train_loss: 0.0673521 
test_loss: 0.0670851 
train_loss: 0.06698 
test_loss: 0.0670276 
train_loss: 0.0669969 
test_loss: 0.0669128 
train_loss: 0.0666791 
test_loss: 0.0668205 
train_loss: 0.0671078 
test_loss: 0.0667445 
train_loss: 0.0664391 
test_loss: 0.0666718 
train_loss: 0.0666395 
test_loss: 0.0665693 
train_loss: 0.0661739 
test_loss: 0.0664783 
train_loss: 0.066297 
test_loss: 0.0663893 
train_loss: 0.0653674 
test_loss: 0.0662699 
train_loss: 0.0668613 
test_loss: 0.0661613 
train_loss: 0.0657583 
test_loss: 0.0660844 
train_loss: 0.0652938 
test_loss: 0.0659662 
train_loss: 0.0655603 
test_loss: 0.0658516 
train_loss: 0.0651132 
test_loss: 0.0657412 
train_loss: 0.0650855 
test_loss: 0.0656222 
train_loss: 0.0637637 
test_loss: 0.0654584 
train_loss: 0.0647376 
test_loss: 0.0653656 
train_loss: 0.0653249 
test_loss: 0.0652235 
train_loss: 0.0626822 
test_loss: 0.0650501 
train_loss: 0.0638087 
test_loss: 0.0648927 
train_loss: 0.0658225 
test_loss: 0.0647232 
train_loss: 0.0643202 
test_loss: 0.0646076 
train_loss: 0.0650982 
test_loss: 0.0644143 
train_loss: 0.063641 
test_loss: 0.0642582 
train_loss: 0.0652442 
test_loss: 0.0640946 
train_loss: 0.0623109 
test_loss: 0.0638722 
train_loss: 0.0631355 
test_loss: 0.0637089 
train_loss: 0.0634751 
test_loss: 0.0635104 
train_loss: 0.0625409 
test_loss: 0.0633262 
train_loss: 0.0638146 
test_loss: 0.0632121 
train_loss: 0.0623147 
test_loss: 0.0629964 
train_loss: 0.0619362 
test_loss: 0.0627588 
train_loss: 0.0630524 
test_loss: 0.0626148 
train_loss: 0.0624494 
test_loss: 0.0624474 
train_loss: 0.0621129 
test_loss: 0.0622503 
train_loss: 0.0620875 
test_loss: 0.062084 
train_loss: 0.0612896 
test_loss: 0.0619263 
train_loss: 0.0611941 
test_loss: 0.0618205 
train_loss: 0.0599914 
test_loss: 0.0616526 
train_loss: 0.0612295 
test_loss: 0.0614963 
train_loss: 0.0610896 
test_loss: 0.0613753 
train_loss: 0.0613482 
test_loss: 0.0612114 
train_loss: 0.060761 
test_loss: 0.0610149 
train_loss: 0.0609213 
test_loss: 0.0609215 
train_loss: 0.0607224 
test_loss: 0.0607518 
train_loss: 0.0611733 
test_loss: 0.0606077 
train_loss: 0.0608984 
test_loss: 0.0604719 
train_loss: 0.0597751 
test_loss: 0.0603226 
train_loss: 0.0611056 
test_loss: 0.0601929 
train_loss: 0.0594281 
test_loss: 0.0600489 
train_loss: 0.0585918 
test_loss: 0.0598055 
train_loss: 0.0596242 
test_loss: 0.0597009 
train_loss: 0.0586372 
test_loss: 0.0595215 
train_loss: 0.0582385 
test_loss: 0.0593148 
train_loss: 0.0588121 
test_loss: 0.0591341 
train_loss: 0.0571821 
test_loss: 0.0588914 
train_loss: 0.058005 
test_loss: 0.0587161 
train_loss: 0.0578551 
test_loss: 0.058473 
train_loss: 0.0577577 
test_loss: 0.058256 
train_loss: 0.0577227 
test_loss: 0.0579642 
train_loss: 0.0573503 
test_loss: 0.0576696 
train_loss: 0.056937 
test_loss: 0.0573817 
train_loss: 0.0564116 
test_loss: 0.0570226 
train_loss: 0.0563151 
test_loss: 0.0566922 
train_loss: 0.055369 
test_loss: 0.0562457 
train_loss: 0.0553583 
test_loss: 0.0557859 
train_loss: 0.0552167 
test_loss: 0.0552998 
train_loss: 0.0546087 
test_loss: 0.0547041 
train_loss: 0.0538924 
test_loss: 0.0541268 
train_loss: 0.0537184 
test_loss: 0.0534389 
train_loss: 0.0512381 
test_loss: 0.0527282 
train_loss: 0.0507969 
test_loss: 0.0520449 
train_loss: 0.0517219 
test_loss: 0.0514263 
train_loss: 0.0504061 
test_loss: 0.050633 
train_loss: 0.0486695 
test_loss: 0.0500467 
train_loss: 0.0491326 
test_loss: 0.0493152 
train_loss: 0.0484284 
test_loss: 0.0486463 
train_loss: 0.0471691 
test_loss: 0.048052 
train_loss: 0.0471858 
test_loss: 0.0474375 
train_loss: 0.0458802 
test_loss: 0.0467536 
train_loss: 0.0465884 
test_loss: 0.0461405 
train_loss: 0.0459103 
test_loss: 0.045564 
train_loss: 0.0446342 
test_loss: 0.0449756 
train_loss: 0.0443928 
test_loss: 0.0445816 
train_loss: 0.0444922 
test_loss: 0.0440253 
train_loss: 0.0427901 
test_loss: 0.0435124 
train_loss: 0.0438506 
test_loss: 0.043016 
train_loss: 0.0416826 
test_loss: 0.0424884 
train_loss: 0.0412491 
test_loss: 0.042087 
train_loss: 0.042153 
test_loss: 0.0415415 
train_loss: 0.0412158 
test_loss: 0.041049 
train_loss: 0.0409105 
test_loss: 0.0405545 
train_loss: 0.0401811 
test_loss: 0.0400984 
train_loss: 0.0403464 
test_loss: 0.0397172 
train_loss: 0.038099 
test_loss: 0.0392634 
train_loss: 0.0381675 
test_loss: 0.0388467 
train_loss: 0.0379053 
test_loss: 0.0382211 
train_loss: 0.0375896 
test_loss: 0.0379662 
train_loss: 0.0382016 
test_loss: 0.0375214 
train_loss: 0.0368914 
test_loss: 0.0371111 
train_loss: 0.0373416 
test_loss: 0.0367965 
train_loss: 0.0361942 
test_loss: 0.0364415 
train_loss: 0.036456 
test_loss: 0.0361063 
train_loss: 0.0360331 
test_loss: 0.0358553 
train_loss: 0.0349509 
test_loss: 0.0355693 
train_loss: 0.0351873 
test_loss: 0.0351359 
train_loss: 0.0336127 
test_loss: 0.0349877 
train_loss: 0.0337224 
test_loss: 0.0347568 
train_loss: 0.0346331 
test_loss: 0.03467 
train_loss: 0.0342075 
test_loss: 0.034323 
train_loss: 0.034158 
test_loss: 0.0341325 
train_loss: 0.0336128 
test_loss: 0.0339278 
train_loss: 0.0334926 
test_loss: 0.0337178 
train_loss: 0.0341508 
test_loss: 0.0337941 
train_loss: 0.0349193 
test_loss: 0.0334486 
train_loss: 0.0336812 
test_loss: 0.0334724 
train_loss: 0.0329031 
test_loss: 0.0331438 
train_loss: 0.032873 
test_loss: 0.0330962 
train_loss: 0.032685 
test_loss: 0.0333281 
train_loss: 0.0330881 
test_loss: 0.0328512 
train_loss: 0.0328346 
test_loss: 0.0328654 
train_loss: 0.0326697 
test_loss: 0.0331314 
train_loss: 0.0323686 
test_loss: 0.0326519 
train_loss: 0.0318399 
test_loss: 0.0325593 
train_loss: 0.0318015 
test_loss: 0.0325785 
train_loss: 0.0320762 
test_loss: 0.032343 
train_loss: 0.0311817 
test_loss: 0.0322771 
train_loss: 0.0324157 
test_loss: 0.0321996 
train_loss: 0.0326243 
test_loss: 0.0321366 
train_loss: 0.0323714 
test_loss: 0.0321742 
train_loss: 0.0316488 
test_loss: 0.0319749 
train_loss: 0.0320565 
test_loss: 0.0320866 
train_loss: 0.0319031 
test_loss: 0.0319751 
train_loss: 0.0312017 
test_loss: 0.0319094 
train_loss: 0.0314189 
test_loss: 0.0319175 
train_loss: 0.0325608 
test_loss: 0.0319724 
train_loss: 0.0313302 
test_loss: 0.0317338 
train_loss: 0.0316105 
test_loss: 0.0316899 
train_loss: 0.0318704 
test_loss: 0.0317208 
train_loss: 0.0315769 
test_loss: 0.0317007 
train_loss: 0.0309405 
test_loss: 0.0315844 
train_loss: 0.0318058 
test_loss: 0.0316104 
train_loss: 0.0306712 
test_loss: 0.0315572 
train_loss: 0.0321049 
test_loss: 0.031455 
train_loss: 0.0307862 
test_loss: 0.0314958 
train_loss: 0.0310017 
test_loss: 0.0314799 
train_loss: 0.0311122 
test_loss: 0.0313794 
train_loss: 0.0312337 
test_loss: 0.0314659 
train_loss: 0.0312338 
test_loss: 0.0313857 
train_loss: 0.0314543 
test_loss: 0.0313442 
train_loss: 0.0309536 
test_loss: 0.0314716 
train_loss: 0.0309496 
test_loss: 0.0312438 
train_loss: 0.0320854 
test_loss: 0.0313057 
train_loss: 0.0306516 
test_loss: 0.0315414 
train_loss: 0.0313492 
test_loss: 0.0319987 
train_loss: 0.0314074 
test_loss: 0.0312188 
train_loss: 0.0303332 
test_loss: 0.0311431 
train_loss: 0.0304951 
test_loss: 0.0310053 
train_loss: 0.0306495 
test_loss: 0.03088 
train_loss: 0.0308144 
test_loss: 0.0311141 
train_loss: 0.030339 
test_loss: 0.0310757 
train_loss: 0.0303015 
test_loss: 0.0310158 
train_loss: 0.0309579 
test_loss: 0.0310641 
train_loss: 0.030721 
test_loss: 0.0308793 
train_loss: 0.0318271 
test_loss: 0.0309165 
train_loss: 0.0316908 
test_loss: 0.0307804 
train_loss: 0.0305516 
test_loss: 0.030741 
train_loss: 0.0307142 
test_loss: 0.0308577 
train_loss: 0.0303609 
test_loss: 0.030622 
train_loss: 0.0312807 
test_loss: 0.0306558 
train_loss: 0.0308068 
test_loss: 0.0306575 
train_loss: 0.0309681 
test_loss: 0.0306396 
train_loss: 0.030111 
test_loss: 0.0304644 
train_loss: 0.0306456 
test_loss: 0.0307707 
train_loss: 0.0303616 
test_loss: 0.0305085 
train_loss: 0.0306296 
test_loss: 0.0303816 
train_loss: 0.0307895 
test_loss: 0.0306315 
train_loss: 0.0301154 
test_loss: 0.0304743 
train_loss: 0.0298445 
test_loss: 0.030269 
train_loss: 0.030829 
test_loss: 0.0302 
train_loss: 0.0299523 
test_loss: 0.0301289 
train_loss: 0.0300374 
test_loss: 0.0301125 
train_loss: 0.0294622 
test_loss: 0.0301206 
train_loss: 0.0300394 
test_loss: 0.0300611 
train_loss: 0.0293828 
test_loss: 0.0302352 
train_loss: 0.0304655 
test_loss: 0.0299903 
train_loss: 0.0292356 
test_loss: 0.0300599 
train_loss: 0.0294001 
test_loss: 0.0301406 
train_loss: 0.0298492 
test_loss: 0.0297461 
train_loss: 0.0285603 
test_loss: 0.0296145 
train_loss: 0.029229 
test_loss: 0.0297461 
train_loss: 0.0296117 
test_loss: 0.0297626 
train_loss: 0.029701 
test_loss: 0.0293805 
train_loss: 0.0289451 
test_loss: 0.0292904 
train_loss: 0.0289313 
test_loss: 0.0294032 
train_loss: 0.0287942 
test_loss: 0.0292893 
train_loss: 0.0285779 
test_loss: 0.0290497 
train_loss: 0.0287898 
test_loss: 0.0294045 
train_loss: 0.0282389 
test_loss: 0.02899 
train_loss: 0.028925 
test_loss: 0.0294431 
train_loss: 0.0290947 
test_loss: 0.028775 
train_loss: 0.0288345 
test_loss: 0.0286843 
train_loss: 0.0279502 
test_loss: 0.0284501 
train_loss: 0.0277658 
test_loss: 0.0282361 
train_loss: 0.0266267 
test_loss: 0.0280639 
train_loss: 0.0282776 
test_loss: 0.027948 
train_loss: 0.0270241 
test_loss: 0.0279575 
train_loss: 0.0277921 
test_loss: 0.0279614 
train_loss: 0.0273981 
test_loss: 0.0271703 
train_loss: 0.0269979 
test_loss: 0.0269836 
train_loss: 0.0270243 
test_loss: 0.0267275 
train_loss: 0.0257622 
test_loss: 0.0265521 
train_loss: 0.0252854 
test_loss: 0.0258207 
train_loss: 0.0258671 
test_loss: 0.0257154 
train_loss: 0.0251943 
test_loss: 0.0252001 
train_loss: 0.0241415 
test_loss: 0.0246344 
train_loss: 0.0239374 
test_loss: 0.0244453 
train_loss: 0.0234076 
test_loss: 0.0237968 
train_loss: 0.0226486 
test_loss: 0.0232878 
train_loss: 0.0225865 
test_loss: 0.0226857 
train_loss: 0.0229953 
test_loss: 0.022209 
train_loss: 0.0219395 
test_loss: 0.0230783 
train_loss: 0.0205516 
test_loss: 0.0210446 
train_loss: 0.0201065 
test_loss: 0.0201268 
train_loss: 0.0188679 
test_loss: 0.0197058 
train_loss: 0.0190669 
test_loss: 0.0193143 
train_loss: 0.0186985 
test_loss: 0.0186385 
train_loss: 0.017393 
test_loss: 0.0175846 
train_loss: 0.0162226 
test_loss: 0.0170688 
train_loss: 0.0156672 
test_loss: 0.0166225 
train_loss: 0.0159717 
test_loss: 0.0156627 
train_loss: 0.0148864 
test_loss: 0.0152144 
train_loss: 0.0143878 
test_loss: 0.014262 
train_loss: 0.0136235 
test_loss: 0.0143101 
train_loss: 0.0142425 
test_loss: 0.0144076 
train_loss: 0.0129172 
test_loss: 0.0131437 
train_loss: 0.0134498 
test_loss: 0.0131038 
train_loss: 0.0119977 
test_loss: 0.0126115 
train_loss: 0.0123977 
test_loss: 0.0122145 
train_loss: 0.0119558 
test_loss: 0.0118749 
train_loss: 0.0110556 
test_loss: 0.012016 
train_loss: 0.0110908 
test_loss: 0.0112359 
train_loss: 0.0109257 
test_loss: 0.0113094 
train_loss: 0.0103645 
test_loss: 0.0102785 
train_loss: 0.0112673 
test_loss: 0.0115613 
train_loss: 0.0106534 
test_loss: 0.0110153 
train_loss: 0.00986224 
test_loss: 0.010162 
train_loss: 0.00938729 
test_loss: 0.00952263 
train_loss: 0.0106245 
test_loss: 0.00972885 
train_loss: 0.00976697 
test_loss: 0.0101817 
train_loss: 0.00896268 
test_loss: 0.00985418 
train_loss: 0.009859 
test_loss: 0.00966466 
train_loss: 0.00871015 
test_loss: 0.00951271 
train_loss: 0.0089505 
test_loss: 0.00907917 
train_loss: 0.00927229 
test_loss: 0.00948788 
train_loss: 0.00908973 
test_loss: 0.0084652 
train_loss: 0.0090104 
test_loss: 0.00950038 
train_loss: 0.00859098 
test_loss: 0.00896453 
train_loss: 0.00779651 
test_loss: 0.00817961 
train_loss: 0.00799865 
test_loss: 0.00796689 
train_loss: 0.00831742 
test_loss: 0.00822285 
train_loss: 0.00864242 
test_loss: 0.00798177 
train_loss: 0.00792681 
test_loss: 0.00834106 
train_loss: 0.00982722 
test_loss: 0.00852426 
train_loss: 0.00765272 
test_loss: 0.00791192 
train_loss: 0.00779745 
test_loss: 0.00876588 
train_loss: 0.007573 
test_loss: 0.00775584 
train_loss: 0.00831378 
test_loss: 0.00822139 
train_loss: 0.00753596 
test_loss: 0.00793534 
train_loss: 0.00726478 
test_loss: 0.00742042 
train_loss: 0.00726103 
test_loss: 0.00724025 
train_loss: 0.00815881 
test_loss: 0.00808984 
train_loss: 0.00774528 
test_loss: 0.00720565 
train_loss: 0.00734918 
test_loss: 0.00721668 
train_loss: 0.0075157 
test_loss: 0.00712768 
train_loss: 0.00689451 
test_loss: 0.00787481 
train_loss: 0.00708017 
test_loss: 0.0069785 
train_loss: 0.00732854 
test_loss: 0.00699167 
train_loss: 0.00693742 
test_loss: 0.00707344 
train_loss: 0.0070656 
test_loss: 0.00711069 
train_loss: 0.00691929 
test_loss: 0.00716334 
train_loss: 0.00675439 
test_loss: 0.0070617 
train_loss: 0.00713354 
test_loss: 0.00783787 
train_loss: 0.00617676 
test_loss: 0.00666501 
train_loss: 0.00660657 
test_loss: 0.00700596 
train_loss: 0.00722619 
test_loss: 0.00774225 
train_loss: 0.00698278 
test_loss: 0.00654483 
train_loss: 0.00719955 
test_loss: 0.00673633 
train_loss: 0.00646239 
test_loss: 0.00684761 
train_loss: 0.00616549 
test_loss: 0.00649036 
train_loss: 0.00722203 
test_loss: 0.00697853 
train_loss: 0.00631686 
test_loss: 0.00684873 
train_loss: 0.00696095 
test_loss: 0.00653907 
train_loss: 0.00647367 
test_loss: 0.0067237 
train_loss: 0.00589364 
test_loss: 0.00620686 
train_loss: 0.00731581 
test_loss: 0.00735919 
train_loss: 0.00608558 
test_loss: 0.00713862 
train_loss: 0.00631411 
test_loss: 0.00648936 
train_loss: 0.00611407 
test_loss: 0.00634855 
train_loss: 0.00717169 
test_loss: 0.00660658 
