train_loss: 0.096308 
test_loss: 0.095151 
train_loss: 0.086982 
test_loss: 0.087241 
train_loss: 0.077367 
test_loss: 0.077480 
train_loss: 0.068268 
test_loss: 0.068478 
train_loss: 0.059823 
test_loss: 0.058901 
train_loss: 0.051322 
test_loss: 0.051601 
train_loss: 0.048927 
test_loss: 0.048310 
train_loss: 0.045681 
test_loss: 0.046268 
train_loss: 0.043293 
test_loss: 0.044533 
train_loss: 0.040791 
test_loss: 0.042240 
train_loss: 0.037583 
test_loss: 0.039430 
train_loss: 0.036421 
test_loss: 0.037322 
train_loss: 0.035029 
test_loss: 0.034786 
train_loss: 0.031624 
test_loss: 0.032565 
train_loss: 0.030541 
test_loss: 0.030829 
train_loss: 0.029109 
test_loss: 0.029676 
train_loss: 0.027414 
test_loss: 0.027949 
train_loss: 0.027001 
test_loss: 0.026466 
train_loss: 0.024953 
test_loss: 0.025490 
train_loss: 0.024687 
test_loss: 0.024694 
train_loss: 0.023161 
test_loss: 0.024111 
train_loss: 0.023090 
test_loss: 0.023438 
train_loss: 0.021423 
test_loss: 0.022506 
train_loss: 0.020813 
test_loss: 0.022128 
train_loss: 0.021566 
test_loss: 0.021378 
train_loss: 0.021164 
test_loss: 0.021651 
train_loss: 0.019648 
test_loss: 0.020999 
train_loss: 0.020255 
test_loss: 0.020627 
train_loss: 0.019194 
test_loss: 0.019617 
train_loss: 0.019378 
test_loss: 0.019909 
train_loss: 0.018754 
test_loss: 0.019578 
train_loss: 0.018221 
test_loss: 0.018827 
train_loss: 0.018103 
test_loss: 0.018826 
train_loss: 0.017453 
test_loss: 0.018648 
train_loss: 0.017942 
test_loss: 0.018837 
train_loss: 0.017620 
test_loss: 0.017802 
train_loss: 0.017417 
test_loss: 0.018166 
train_loss: 0.018286 
test_loss: 0.018152 
train_loss: 0.017103 
test_loss: 0.017615 
train_loss: 0.016551 
test_loss: 0.017685 
train_loss: 0.016608 
test_loss: 0.017173 
train_loss: 0.017271 
test_loss: 0.016976 
train_loss: 0.016412 
test_loss: 0.017817 
train_loss: 0.016385 
test_loss: 0.016750 
train_loss: 0.015907 
test_loss: 0.016314 
train_loss: 0.016243 
test_loss: 0.016621 
train_loss: 0.015857 
test_loss: 0.016183 
train_loss: 0.015974 
test_loss: 0.016196 
train_loss: 0.015760 
test_loss: 0.016370 
train_loss: 0.015119 
test_loss: 0.015869 
train_loss: 0.015534 
test_loss: 0.015990 
train_loss: 0.016446 
test_loss: 0.016902 
train_loss: 0.015818 
test_loss: 0.015505 
train_loss: 0.015100 
test_loss: 0.015520 
train_loss: 0.015315 
test_loss: 0.015713 
train_loss: 0.015207 
test_loss: 0.015631 
train_loss: 0.015307 
test_loss: 0.015254 
train_loss: 0.015308 
test_loss: 0.015711 
train_loss: 0.014174 
test_loss: 0.014708 
train_loss: 0.014342 
test_loss: 0.014958 
train_loss: 0.014313 
test_loss: 0.015154 
train_loss: 0.014679 
test_loss: 0.015094 
train_loss: 0.014472 
test_loss: 0.014800 
train_loss: 0.014671 
test_loss: 0.015280 
train_loss: 0.014669 
test_loss: 0.014886 
train_loss: 0.014236 
test_loss: 0.014790 
train_loss: 0.014061 
test_loss: 0.014819 
train_loss: 0.014220 
test_loss: 0.014546 
train_loss: 0.013832 
test_loss: 0.014668 
train_loss: 0.013566 
test_loss: 0.013919 
train_loss: 0.013804 
test_loss: 0.014115 
train_loss: 0.013279 
test_loss: 0.014311 
train_loss: 0.013574 
test_loss: 0.013975 
train_loss: 0.013797 
test_loss: 0.013751 
train_loss: 0.014331 
test_loss: 0.014687 
train_loss: 0.013565 
test_loss: 0.014003 
train_loss: 0.013177 
test_loss: 0.014166 
train_loss: 0.013462 
test_loss: 0.014069 
train_loss: 0.013493 
test_loss: 0.013993 
train_loss: 0.013071 
test_loss: 0.013584 
train_loss: 0.013565 
test_loss: 0.013478 
train_loss: 0.013373 
test_loss: 0.013708 
train_loss: 0.013054 
test_loss: 0.013607 
train_loss: 0.012959 
test_loss: 0.013404 
train_loss: 0.012957 
test_loss: 0.013384 
train_loss: 0.012844 
test_loss: 0.013671 
train_loss: 0.013166 
test_loss: 0.013703 
train_loss: 0.012852 
test_loss: 0.013551 
train_loss: 0.012724 
test_loss: 0.013229 
train_loss: 0.012990 
test_loss: 0.013780 
train_loss: 0.012916 
test_loss: 0.013300 
train_loss: 0.013105 
test_loss: 0.013218 
train_loss: 0.013009 
test_loss: 0.013046 
train_loss: 0.013356 
test_loss: 0.013417 
train_loss: 0.012797 
test_loss: 0.013009 
train_loss: 0.012321 
test_loss: 0.012820 
train_loss: 0.012651 
test_loss: 0.013455 
train_loss: 0.012550 
test_loss: 0.012917 
train_loss: 0.012609 
test_loss: 0.012960 
train_loss: 0.012154 
test_loss: 0.013033 
train_loss: 0.012490 
test_loss: 0.013700 
