train_loss: 0.068732 
test_loss: 0.068232 
train_loss: 0.055649 
test_loss: 0.056316 
train_loss: 0.041842 
test_loss: 0.041510 
train_loss: 0.036342 
test_loss: 0.035120 
train_loss: 0.032986 
test_loss: 0.034243 
train_loss: 0.032078 
test_loss: 0.032723 
train_loss: 0.031240 
test_loss: 0.032316 
train_loss: 0.031522 
test_loss: 0.031490 
train_loss: 0.031041 
test_loss: 0.031222 
train_loss: 0.030806 
test_loss: 0.031154 
train_loss: 0.030700 
test_loss: 0.030813 
train_loss: 0.031584 
test_loss: 0.030352 
train_loss: 0.030473 
test_loss: 0.030345 
train_loss: 0.029376 
test_loss: 0.029654 
train_loss: 0.029283 
test_loss: 0.029493 
train_loss: 0.027994 
test_loss: 0.028814 
train_loss: 0.028527 
test_loss: 0.028244 
train_loss: 0.026852 
test_loss: 0.027580 
train_loss: 0.026946 
test_loss: 0.026828 
train_loss: 0.024986 
test_loss: 0.025555 
train_loss: 0.025590 
test_loss: 0.024503 
train_loss: 0.023797 
test_loss: 0.023103 
train_loss: 0.022800 
test_loss: 0.022397 
train_loss: 0.022064 
test_loss: 0.021603 
train_loss: 0.019879 
test_loss: 0.020632 
train_loss: 0.019044 
test_loss: 0.019062 
train_loss: 0.017556 
test_loss: 0.018817 
train_loss: 0.018343 
test_loss: 0.017826 
train_loss: 0.017121 
test_loss: 0.016824 
train_loss: 0.016379 
test_loss: 0.016772 
train_loss: 0.015970 
test_loss: 0.016058 
train_loss: 0.015558 
test_loss: 0.015007 
train_loss: 0.015515 
test_loss: 0.015347 
train_loss: 0.014216 
test_loss: 0.015284 
train_loss: 0.013643 
test_loss: 0.014211 
train_loss: 0.013644 
test_loss: 0.014613 
train_loss: 0.013457 
test_loss: 0.013679 
train_loss: 0.013028 
test_loss: 0.014311 
train_loss: 0.013283 
test_loss: 0.013282 
train_loss: 0.013390 
test_loss: 0.013010 
train_loss: 0.012752 
test_loss: 0.012659 
train_loss: 0.012028 
test_loss: 0.012057 
train_loss: 0.012849 
test_loss: 0.012967 
train_loss: 0.011850 
test_loss: 0.011795 
train_loss: 0.011690 
test_loss: 0.012250 
train_loss: 0.012060 
test_loss: 0.011896 
train_loss: 0.011157 
test_loss: 0.011667 
train_loss: 0.011689 
test_loss: 0.011619 
train_loss: 0.011821 
test_loss: 0.011994 
train_loss: 0.011066 
test_loss: 0.011399 
train_loss: 0.011841 
test_loss: 0.011948 
train_loss: 0.011041 
test_loss: 0.010842 
train_loss: 0.010556 
test_loss: 0.010764 
train_loss: 0.011266 
test_loss: 0.011156 
train_loss: 0.010994 
test_loss: 0.010493 
train_loss: 0.010555 
test_loss: 0.010969 
train_loss: 0.010334 
test_loss: 0.011524 
train_loss: 0.009933 
test_loss: 0.010819 
train_loss: 0.010062 
test_loss: 0.010264 
train_loss: 0.009852 
test_loss: 0.009818 
train_loss: 0.010378 
test_loss: 0.010506 
train_loss: 0.010506 
test_loss: 0.011237 
train_loss: 0.009761 
test_loss: 0.010173 
train_loss: 0.010190 
test_loss: 0.010166 
train_loss: 0.009408 
test_loss: 0.010095 
train_loss: 0.009912 
test_loss: 0.009761 
train_loss: 0.009972 
test_loss: 0.010735 
train_loss: 0.009955 
test_loss: 0.009731 
train_loss: 0.009220 
test_loss: 0.009711 
train_loss: 0.009332 
test_loss: 0.009790 
train_loss: 0.009652 
test_loss: 0.009651 
train_loss: 0.009400 
test_loss: 0.009084 
train_loss: 0.009107 
test_loss: 0.009681 
train_loss: 0.009290 
test_loss: 0.009301 
train_loss: 0.009994 
test_loss: 0.009734 
train_loss: 0.009643 
test_loss: 0.010213 
train_loss: 0.008985 
test_loss: 0.008897 
train_loss: 0.009034 
test_loss: 0.009123 
train_loss: 0.008874 
test_loss: 0.009799 
train_loss: 0.008854 
test_loss: 0.008877 
train_loss: 0.008267 
test_loss: 0.008599 
train_loss: 0.008490 
test_loss: 0.009030 
train_loss: 0.008687 
test_loss: 0.010251 
train_loss: 0.009230 
test_loss: 0.008795 
train_loss: 0.009444 
test_loss: 0.008777 
train_loss: 0.008850 
test_loss: 0.009433 
train_loss: 0.010558 
test_loss: 0.009426 
train_loss: 0.008789 
test_loss: 0.009117 
train_loss: 0.008194 
test_loss: 0.008781 
train_loss: 0.008961 
test_loss: 0.008787 
train_loss: 0.008355 
test_loss: 0.008144 
train_loss: 0.008452 
test_loss: 0.008784 
train_loss: 0.009255 
test_loss: 0.008516 
train_loss: 0.008250 
test_loss: 0.008530 
train_loss: 0.008939 
test_loss: 0.008872 
train_loss: 0.008346 
test_loss: 0.008696 
train_loss: 0.008716 
test_loss: 0.008562 
train_loss: 0.008798 
test_loss: 0.009113 
train_loss: 0.008366 
test_loss: 0.009156 
train_loss: 0.008038 
test_loss: 0.008567 
train_loss: 0.008417 
test_loss: 0.008852 
