train_loss: 0.870293 
test_loss: 0.863633 
train_loss: 0.870535 
test_loss: 0.862265 
train_loss: 0.855306 
test_loss: 0.855452 
train_loss: 0.843329 
test_loss: 0.847535 
train_loss: 0.838476 
test_loss: 0.841285 
train_loss: 0.833974 
test_loss: 0.835491 
train_loss: 0.82944 
test_loss: 0.829406 
train_loss: 0.831083 
test_loss: 0.823641 
train_loss: 0.816808 
test_loss: 0.818423 
train_loss: 0.815772 
test_loss: 0.813491 
train_loss: 0.815071 
test_loss: 0.808608 
train_loss: 0.811108 
test_loss: 0.803552 
train_loss: 0.800697 
test_loss: 0.798193 
train_loss: 0.796663 
test_loss: 0.792593 
train_loss: 0.787691 
test_loss: 0.786556 
train_loss: 0.786241 
test_loss: 0.780228 
train_loss: 0.780268 
test_loss: 0.773416 
train_loss: 0.773549 
test_loss: 0.766065 
train_loss: 0.757476 
test_loss: 0.758083 
train_loss: 0.755978 
test_loss: 0.749219 
train_loss: 0.741574 
test_loss: 0.739122 
train_loss: 0.736653 
test_loss: 0.727367 
train_loss: 0.710233 
test_loss: 0.713358 
train_loss: 0.696189 
test_loss: 0.696486 
train_loss: 0.683253 
test_loss: 0.676132 
train_loss: 0.654881 
test_loss: 0.652104 
train_loss: 0.632307 
test_loss: 0.625016 
train_loss: 0.595445 
test_loss: 0.596404 
train_loss: 0.570164 
test_loss: 0.567675 
train_loss: 0.534465 
test_loss: 0.539181 
train_loss: 0.510842 
test_loss: 0.510795 
train_loss: 0.485139 
test_loss: 0.481953 
train_loss: 0.45144 
test_loss: 0.452065 
train_loss: 0.417917 
test_loss: 0.419981 
train_loss: 0.390755 
test_loss: 0.383859 
train_loss: 0.346551 
test_loss: 0.344868 
train_loss: 0.305658 
test_loss: 0.309185 
train_loss: 0.28112 
test_loss: 0.281181 
train_loss: 0.259447 
test_loss: 0.260263 
train_loss: 0.243989 
test_loss: 0.244664 
train_loss: 0.232187 
test_loss: 0.233047 
train_loss: 0.224834 
test_loss: 0.224346 
train_loss: 0.215193 
test_loss: 0.217775 
train_loss: 0.211637 
test_loss: 0.212725 
train_loss: 0.203116 
test_loss: 0.208749 
train_loss: 0.209117 
test_loss: 0.205551 
train_loss: 0.204521 
test_loss: 0.202874 
train_loss: 0.202251 
test_loss: 0.200556 
train_loss: 0.198711 
test_loss: 0.198549 
train_loss: 0.199175 
test_loss: 0.196784 
train_loss: 0.193496 
test_loss: 0.195148 
train_loss: 0.192034 
test_loss: 0.193708 
train_loss: 0.187891 
test_loss: 0.192378 
train_loss: 0.191745 
test_loss: 0.191096 
train_loss: 0.189201 
test_loss: 0.19002 
train_loss: 0.186662 
test_loss: 0.188987 
train_loss: 0.186652 
test_loss: 0.188075 
train_loss: 0.183111 
test_loss: 0.187255 
train_loss: 0.188963 
test_loss: 0.186469 
train_loss: 0.185979 
test_loss: 0.18574 
train_loss: 0.182767 
test_loss: 0.185073 
train_loss: 0.181779 
test_loss: 0.184442 
train_loss: 0.185278 
test_loss: 0.183844 
train_loss: 0.184082 
test_loss: 0.183281 
train_loss: 0.182723 
test_loss: 0.182727 
train_loss: 0.180067 
test_loss: 0.182211 
train_loss: 0.181331 
test_loss: 0.181737 
train_loss: 0.18138 
test_loss: 0.181268 
train_loss: 0.177425 
test_loss: 0.180829 
train_loss: 0.177477 
test_loss: 0.180435 
train_loss: 0.177821 
test_loss: 0.179986 
train_loss: 0.179925 
test_loss: 0.179572 
train_loss: 0.175935 
test_loss: 0.17919 
train_loss: 0.173014 
test_loss: 0.178782 
train_loss: 0.17934 
test_loss: 0.178314 
train_loss: 0.17579 
test_loss: 0.177867 
train_loss: 0.174368 
test_loss: 0.177381 
train_loss: 0.173513 
test_loss: 0.176794 
train_loss: 0.178019 
test_loss: 0.17617 
train_loss: 0.180693 
test_loss: 0.175447 
train_loss: 0.171916 
test_loss: 0.174621 
train_loss: 0.171973 
test_loss: 0.173612 
train_loss: 0.169278 
test_loss: 0.172448 
train_loss: 0.169951 
test_loss: 0.17134 
train_loss: 0.171022 
test_loss: 0.170065 
train_loss: 0.168149 
test_loss: 0.168951 
train_loss: 0.1729 
test_loss: 0.168077 
train_loss: 0.16963 
test_loss: 0.166958 
train_loss: 0.16581 
test_loss: 0.166015 
train_loss: 0.167962 
test_loss: 0.16507 
train_loss: 0.158674 
test_loss: 0.163931 
train_loss: 0.161351 
test_loss: 0.162647 
train_loss: 0.161846 
test_loss: 0.16109 
train_loss: 0.156958 
test_loss: 0.159097 
train_loss: 0.153603 
test_loss: 0.156345 
train_loss: 0.150095 
test_loss: 0.152278 
train_loss: 0.146728 
test_loss: 0.146565 
train_loss: 0.136086 
test_loss: 0.138451 
train_loss: 0.126754 
test_loss: 0.128313 
train_loss: 0.1149 
test_loss: 0.118279 
train_loss: 0.106706 
test_loss: 0.111063 
train_loss: 0.104242 
test_loss: 0.106719 
train_loss: 0.102491 
test_loss: 0.104337 
train_loss: 0.101795 
test_loss: 0.10292 
train_loss: 0.0983093 
test_loss: 0.101994 
train_loss: 0.0979155 
test_loss: 0.101429 
train_loss: 0.0973644 
test_loss: 0.100923 
train_loss: 0.0974137 
test_loss: 0.100531 
train_loss: 0.0997305 
test_loss: 0.100242 
train_loss: 0.101661 
test_loss: 0.100003 
train_loss: 0.100238 
test_loss: 0.0998258 
train_loss: 0.0958195 
test_loss: 0.0996741 
train_loss: 0.0957326 
test_loss: 0.0994857 
train_loss: 0.0919902 
test_loss: 0.0992786 
train_loss: 0.0965618 
test_loss: 0.0991418 
train_loss: 0.101444 
test_loss: 0.0990146 
train_loss: 0.0948283 
test_loss: 0.0988877 
train_loss: 0.0974299 
test_loss: 0.0988239 
train_loss: 0.0961008 
test_loss: 0.0987004 
train_loss: 0.0971036 
test_loss: 0.0986042 
train_loss: 0.0955601 
test_loss: 0.0984467 
train_loss: 0.0977398 
test_loss: 0.098348 
train_loss: 0.095833 
test_loss: 0.09823 
train_loss: 0.0933185 
test_loss: 0.0981235 
train_loss: 0.0996317 
test_loss: 0.0980372 
train_loss: 0.0993851 
test_loss: 0.0979418 
train_loss: 0.0980484 
test_loss: 0.0978177 
train_loss: 0.0993877 
test_loss: 0.0976843 
train_loss: 0.0981713 
test_loss: 0.0976607 
train_loss: 0.0925993 
test_loss: 0.0974902 
train_loss: 0.0927979 
test_loss: 0.0973945 
train_loss: 0.0934154 
test_loss: 0.0972698 
train_loss: 0.0968385 
test_loss: 0.097163 
train_loss: 0.0985766 
test_loss: 0.0970144 
train_loss: 0.0953336 
test_loss: 0.0968746 
train_loss: 0.0968905 
test_loss: 0.0966976 
train_loss: 0.0948126 
test_loss: 0.0964499 
train_loss: 0.0914624 
test_loss: 0.0962006 
train_loss: 0.0975143 
test_loss: 0.0959041 
train_loss: 0.0945692 
test_loss: 0.0956506 
train_loss: 0.0913419 
test_loss: 0.0954824 
train_loss: 0.0927529 
test_loss: 0.095195 
train_loss: 0.089818 
test_loss: 0.0949586 
train_loss: 0.0927686 
test_loss: 0.0947642 
train_loss: 0.0926625 
test_loss: 0.094485 
train_loss: 0.0935044 
test_loss: 0.0943397 
train_loss: 0.0903361 
test_loss: 0.0940785 
train_loss: 0.0926355 
test_loss: 0.0937865 
train_loss: 0.0925984 
test_loss: 0.0935096 
train_loss: 0.0878838 
test_loss: 0.0932751 
train_loss: 0.0895936 
test_loss: 0.0928889 
train_loss: 0.0984639 
test_loss: 0.0926638 
train_loss: 0.0882958 
test_loss: 0.0923054 
train_loss: 0.0899241 
test_loss: 0.0920943 
train_loss: 0.0876038 
test_loss: 0.0917679 
train_loss: 0.0903171 
test_loss: 0.0914302 
train_loss: 0.0880798 
test_loss: 0.0910565 
train_loss: 0.090395 
test_loss: 0.0907919 
train_loss: 0.0874061 
test_loss: 0.0905633 
train_loss: 0.0939135 
test_loss: 0.0903125 
train_loss: 0.0891741 
test_loss: 0.0900937 
train_loss: 0.0910013 
test_loss: 0.0898556 
train_loss: 0.0873806 
test_loss: 0.0897356 
train_loss: 0.0911526 
test_loss: 0.0894167 
train_loss: 0.0905651 
test_loss: 0.0891924 
train_loss: 0.0867557 
test_loss: 0.0890959 
train_loss: 0.089063 
test_loss: 0.0887633 
train_loss: 0.0888257 
test_loss: 0.0884915 
train_loss: 0.0855865 
test_loss: 0.0882973 
train_loss: 0.091713 
test_loss: 0.0880377 
train_loss: 0.0845434 
test_loss: 0.0878506 
train_loss: 0.0852634 
test_loss: 0.0874296 
train_loss: 0.0839065 
test_loss: 0.0872088 
train_loss: 0.0826257 
test_loss: 0.0868894 
train_loss: 0.0839874 
test_loss: 0.086856 
train_loss: 0.0870459 
test_loss: 0.0863108 
train_loss: 0.0873266 
test_loss: 0.0862439 
train_loss: 0.0852394 
test_loss: 0.0859213 
train_loss: 0.0812749 
test_loss: 0.0856632 
train_loss: 0.0841751 
test_loss: 0.0855629 
train_loss: 0.0857438 
test_loss: 0.0853507 
train_loss: 0.0830986 
test_loss: 0.0850388 
train_loss: 0.0811095 
test_loss: 0.0850881 
train_loss: 0.0835064 
test_loss: 0.0850231 
train_loss: 0.085124 
test_loss: 0.0844857 
train_loss: 0.0833001 
test_loss: 0.0843386 
train_loss: 0.0840479 
test_loss: 0.0841493 
train_loss: 0.0846311 
test_loss: 0.0840653 
train_loss: 0.0856397 
test_loss: 0.0839285 
train_loss: 0.0847782 
test_loss: 0.0839619 
train_loss: 0.0804829 
test_loss: 0.0835787 
train_loss: 0.0824317 
test_loss: 0.0833736 
train_loss: 0.08341 
test_loss: 0.0832966 
train_loss: 0.0813773 
test_loss: 0.0830807 
train_loss: 0.081254 
test_loss: 0.0830078 
train_loss: 0.0843354 
test_loss: 0.0828027 
train_loss: 0.0820369 
test_loss: 0.08288 
train_loss: 0.0795284 
test_loss: 0.0825033 
train_loss: 0.0787072 
test_loss: 0.0821671 
train_loss: 0.0817136 
test_loss: 0.0821171 
train_loss: 0.0808583 
test_loss: 0.081805 
train_loss: 0.074839 
test_loss: 0.0818718 
train_loss: 0.0811368 
test_loss: 0.0815124 
train_loss: 0.0801712 
test_loss: 0.0811279 
train_loss: 0.0829128 
test_loss: 0.0807682 
train_loss: 0.0783682 
test_loss: 0.0803957 
train_loss: 0.0765286 
test_loss: 0.0801657 
train_loss: 0.080265 
test_loss: 0.0798598 
train_loss: 0.0740201 
test_loss: 0.0794858 
train_loss: 0.075483 
test_loss: 0.0796542 
train_loss: 0.0764728 
test_loss: 0.0788501 
train_loss: 0.0760431 
test_loss: 0.0786553 
train_loss: 0.0760875 
test_loss: 0.0788812 
train_loss: 0.078016 
test_loss: 0.0784609 
train_loss: 0.0768642 
test_loss: 0.0779517 
train_loss: 0.078681 
test_loss: 0.0775319 
train_loss: 0.0761552 
test_loss: 0.0774101 
train_loss: 0.0757877 
test_loss: 0.0770216 
train_loss: 0.0789051 
test_loss: 0.076626 
train_loss: 0.0740895 
test_loss: 0.0760688 
train_loss: 0.0751594 
test_loss: 0.0755748 
train_loss: 0.0733115 
test_loss: 0.0753637 
train_loss: 0.0741562 
test_loss: 0.0748431 
train_loss: 0.0750379 
test_loss: 0.0743534 
train_loss: 0.0753132 
test_loss: 0.0734313 
train_loss: 0.0708075 
test_loss: 0.0724615 
train_loss: 0.0688744 
test_loss: 0.0717233 
train_loss: 0.0678519 
test_loss: 0.0706942 
train_loss: 0.0662564 
test_loss: 0.0702925 
train_loss: 0.0702362 
test_loss: 0.0700165 
train_loss: 0.0664285 
test_loss: 0.0693433 
train_loss: 0.0690594 
test_loss: 0.0691888 
train_loss: 0.0658899 
test_loss: 0.0684998 
train_loss: 0.0658272 
test_loss: 0.068508 
train_loss: 0.0677684 
test_loss: 0.0680333 
train_loss: 0.0635373 
test_loss: 0.0679164 
train_loss: 0.0657501 
test_loss: 0.067962 
train_loss: 0.0649917 
test_loss: 0.0675396 
train_loss: 0.0664797 
test_loss: 0.0675668 
train_loss: 0.0667018 
test_loss: 0.0673156 
train_loss: 0.0670903 
test_loss: 0.0671486 
train_loss: 0.0708366 
test_loss: 0.0676923 
train_loss: 0.069274 
test_loss: 0.0669539 
train_loss: 0.0666188 
test_loss: 0.0668094 
train_loss: 0.0670943 
test_loss: 0.0665259 
train_loss: 0.0644036 
test_loss: 0.0667351 
train_loss: 0.0680884 
test_loss: 0.0665418 
train_loss: 0.0631061 
test_loss: 0.0662911 
train_loss: 0.0638127 
test_loss: 0.0660977 
train_loss: 0.0631651 
test_loss: 0.0664163 
train_loss: 0.0653581 
test_loss: 0.0659177 
train_loss: 0.0667266 
test_loss: 0.0661262 
train_loss: 0.0650869 
test_loss: 0.0663199 
train_loss: 0.0647571 
test_loss: 0.0658254 
train_loss: 0.0626399 
test_loss: 0.0655673 
train_loss: 0.0640643 
test_loss: 0.0654466 
train_loss: 0.0655333 
test_loss: 0.0654356 
train_loss: 0.0624786 
test_loss: 0.0653901 
train_loss: 0.0608715 
test_loss: 0.0653767 
train_loss: 0.0627769 
test_loss: 0.065115 
train_loss: 0.0625385 
test_loss: 0.0655395 
train_loss: 0.06261 
test_loss: 0.0648786 
train_loss: 0.0631007 
test_loss: 0.064774 
train_loss: 0.0620183 
test_loss: 0.0646864 
train_loss: 0.0636698 
test_loss: 0.0645946 
train_loss: 0.0660276 
test_loss: 0.0645448 
train_loss: 0.0651501 
test_loss: 0.0644554 
train_loss: 0.0641383 
test_loss: 0.0640871 
train_loss: 0.0606025 
test_loss: 0.0640358 
train_loss: 0.0626662 
test_loss: 0.0647657 
train_loss: 0.0626395 
test_loss: 0.0639734 
train_loss: 0.0610107 
test_loss: 0.0638645 
train_loss: 0.0657567 
test_loss: 0.0635932 
train_loss: 0.0616326 
test_loss: 0.0634762 
train_loss: 0.0616821 
test_loss: 0.0631334 
train_loss: 0.0599156 
test_loss: 0.0632111 
train_loss: 0.0631464 
test_loss: 0.0629691 
train_loss: 0.0623868 
test_loss: 0.0627515 
train_loss: 0.0630882 
test_loss: 0.0629737 
train_loss: 0.0633282 
test_loss: 0.0626806 
train_loss: 0.0612696 
test_loss: 0.0626576 
train_loss: 0.0612028 
test_loss: 0.062396 
train_loss: 0.0616196 
test_loss: 0.0627676 
train_loss: 0.06073 
test_loss: 0.0624778 
train_loss: 0.0621821 
test_loss: 0.0625114 
train_loss: 0.0595726 
test_loss: 0.062298 
train_loss: 0.0645475 
test_loss: 0.0623665 
train_loss: 0.0616399 
test_loss: 0.0621852 
train_loss: 0.0604925 
test_loss: 0.0627604 
train_loss: 0.0616841 
test_loss: 0.0622282 
train_loss: 0.0600913 
test_loss: 0.0618383 
train_loss: 0.0606106 
test_loss: 0.0621924 
train_loss: 0.0626565 
test_loss: 0.0619571 
train_loss: 0.0632116 
test_loss: 0.0617507 
train_loss: 0.0588008 
test_loss: 0.0620602 
train_loss: 0.0626175 
test_loss: 0.0621583 
train_loss: 0.0596144 
test_loss: 0.061732 
train_loss: 0.0611834 
test_loss: 0.0618012 
train_loss: 0.0588885 
test_loss: 0.0616101 
train_loss: 0.0607643 
test_loss: 0.0616295 
train_loss: 0.0595164 
test_loss: 0.0615939 
train_loss: 0.062353 
test_loss: 0.0617217 
train_loss: 0.0618325 
test_loss: 0.0614521 
train_loss: 0.057766 
test_loss: 0.0623198 
train_loss: 0.0606567 
test_loss: 0.0615578 
train_loss: 0.0609557 
test_loss: 0.061381 
train_loss: 0.062398 
test_loss: 0.0617325 
train_loss: 0.0616654 
test_loss: 0.0613681 
train_loss: 0.0606369 
test_loss: 0.0617253 
train_loss: 0.0613051 
test_loss: 0.0613197 
train_loss: 0.0614197 
test_loss: 0.061513 
train_loss: 0.0604159 
test_loss: 0.0611145 
train_loss: 0.0629855 
test_loss: 0.0612339 
train_loss: 0.0605087 
test_loss: 0.0617605 
train_loss: 0.0617011 
test_loss: 0.0612826 
train_loss: 0.0637693 
test_loss: 0.0617788 
train_loss: 0.0614897 
test_loss: 0.0610762 
train_loss: 0.0588905 
test_loss: 0.0609542 
train_loss: 0.0596328 
test_loss: 0.0609993 
train_loss: 0.0597767 
test_loss: 0.0608805 
train_loss: 0.0606106 
test_loss: 0.0609926 
train_loss: 0.0604819 
test_loss: 0.0611523 
train_loss: 0.0589962 
test_loss: 0.0609152 
train_loss: 0.0585701 
test_loss: 0.0609056 
train_loss: 0.0596864 
test_loss: 0.0611342 
train_loss: 0.0590579 
test_loss: 0.0613505 
train_loss: 0.0611681 
test_loss: 0.0610105 
train_loss: 0.0582362 
test_loss: 0.0607292 
train_loss: 0.0578927 
test_loss: 0.0606754 
train_loss: 0.0603301 
test_loss: 0.0609136 
train_loss: 0.0588355 
test_loss: 0.0606785 
train_loss: 0.0599632 
test_loss: 0.0607432 
train_loss: 0.0592987 
test_loss: 0.0608429 
train_loss: 0.059455 
test_loss: 0.0607605 
train_loss: 0.059859 
test_loss: 0.0607205 
train_loss: 0.0609189 
test_loss: 0.0605383 
train_loss: 0.0588852 
test_loss: 0.0607906 
train_loss: 0.0576308 
test_loss: 0.0606285 
train_loss: 0.0606709 
test_loss: 0.060651 
train_loss: 0.0586665 
test_loss: 0.0606005 
train_loss: 0.0599285 
test_loss: 0.0605505 
train_loss: 0.0621365 
test_loss: 0.0605263 
train_loss: 0.0583214 
test_loss: 0.0604176 
train_loss: 0.0640999 
test_loss: 0.060748 
train_loss: 0.0608148 
test_loss: 0.0603595 
train_loss: 0.0609097 
test_loss: 0.0605502 
train_loss: 0.0582652 
test_loss: 0.0600984 
train_loss: 0.0625556 
test_loss: 0.0603493 
train_loss: 0.0590521 
test_loss: 0.0609151 
train_loss: 0.0585855 
test_loss: 0.06041 
train_loss: 0.0608693 
test_loss: 0.0600751 
train_loss: 0.0577938 
test_loss: 0.0602291 
train_loss: 0.061707 
test_loss: 0.0599356 
train_loss: 0.0586315 
test_loss: 0.0605634 
train_loss: 0.0582862 
test_loss: 0.0602904 
train_loss: 0.0563932 
test_loss: 0.0601464 
train_loss: 0.0558265 
test_loss: 0.0600441 
train_loss: 0.0596472 
test_loss: 0.0602876 
train_loss: 0.0588825 
test_loss: 0.0598183 
train_loss: 0.0597319 
test_loss: 0.0599224 
train_loss: 0.061538 
test_loss: 0.0599713 
train_loss: 0.056671 
test_loss: 0.0598975 
train_loss: 0.0590501 
test_loss: 0.0598396 
train_loss: 0.0578443 
test_loss: 0.0599231 
train_loss: 0.0596253 
test_loss: 0.059832 
train_loss: 0.0600778 
test_loss: 0.0599506 
train_loss: 0.056856 
test_loss: 0.059987 
train_loss: 0.057082 
test_loss: 0.0598768 
train_loss: 0.0624138 
test_loss: 0.0598545 
train_loss: 0.0585238 
test_loss: 0.0597031 
train_loss: 0.0569007 
test_loss: 0.0598693 
train_loss: 0.0580015 
test_loss: 0.0597813 
train_loss: 0.0577034 
test_loss: 0.059684 
train_loss: 0.0568929 
test_loss: 0.0600432 
train_loss: 0.0590734 
test_loss: 0.0597009 
train_loss: 0.0598874 
test_loss: 0.0596708 
train_loss: 0.0595598 
test_loss: 0.0597507 
train_loss: 0.0604386 
test_loss: 0.0598126 
train_loss: 0.0624553 
test_loss: 0.0596183 
train_loss: 0.0588948 
test_loss: 0.0598221 
train_loss: 0.0592072 
test_loss: 0.0599005 
