train_loss: 0.580105 
test_loss: 0.573258 
train_loss: 0.444549 
test_loss: 0.443989 
train_loss: 0.293963 
test_loss: 0.29541 
train_loss: 0.186884 
test_loss: 0.176791 
train_loss: 0.0947784 
test_loss: 0.0907247 
train_loss: 0.0597427 
test_loss: 0.0584184 
train_loss: 0.0524229 
test_loss: 0.0522834 
train_loss: 0.0478529 
test_loss: 0.0475925 
train_loss: 0.0455843 
test_loss: 0.0443764 
train_loss: 0.042269 
test_loss: 0.0425404 
train_loss: 0.0417912 
test_loss: 0.0411816 
train_loss: 0.0404461 
test_loss: 0.0398344 
train_loss: 0.0389264 
test_loss: 0.0383307 
train_loss: 0.0360104 
test_loss: 0.0365917 
train_loss: 0.0320449 
test_loss: 0.0329622 
train_loss: 0.0276016 
test_loss: 0.0286311 
train_loss: 0.0254698 
test_loss: 0.0257387 
train_loss: 0.0238387 
test_loss: 0.0245007 
train_loss: 0.0234871 
test_loss: 0.023565 
train_loss: 0.0233979 
test_loss: 0.0230482 
train_loss: 0.0223801 
test_loss: 0.0230029 
train_loss: 0.0230321 
test_loss: 0.0225733 
train_loss: 0.0225805 
test_loss: 0.0226647 
train_loss: 0.0218639 
test_loss: 0.0219516 
train_loss: 0.0221869 
test_loss: 0.0220072 
train_loss: 0.0218686 
test_loss: 0.0216347 
train_loss: 0.0208418 
test_loss: 0.0214987 
train_loss: 0.021094 
test_loss: 0.0215774 
train_loss: 0.0216516 
test_loss: 0.0214704 
train_loss: 0.02152 
test_loss: 0.0213016 
train_loss: 0.0217513 
test_loss: 0.0216267 
train_loss: 0.0211087 
test_loss: 0.0213345 
train_loss: 0.0212487 
test_loss: 0.0211151 
train_loss: 0.0213684 
test_loss: 0.0214304 
train_loss: 0.0222692 
test_loss: 0.0212573 
train_loss: 0.0214128 
test_loss: 0.0206538 
train_loss: 0.0203977 
test_loss: 0.0206623 
train_loss: 0.0209766 
test_loss: 0.020934 
train_loss: 0.0204096 
test_loss: 0.0215898 
train_loss: 0.021243 
test_loss: 0.0211949 
train_loss: 0.0210097 
test_loss: 0.0212571 
train_loss: 0.0210699 
test_loss: 0.0211808 
train_loss: 0.0214139 
test_loss: 0.0210144 
train_loss: 0.021122 
test_loss: 0.02106 
train_loss: 0.0204929 
test_loss: 0.0205872 
train_loss: 0.0211534 
test_loss: 0.0211744 
train_loss: 0.0207387 
test_loss: 0.0205763 
train_loss: 0.0203577 
test_loss: 0.0207395 
train_loss: 0.0199271 
test_loss: 0.0206269 
train_loss: 0.0202582 
test_loss: 0.0215392 
train_loss: 0.0207865 
test_loss: 0.0207814 
train_loss: 0.0208222 
test_loss: 0.0205085 
train_loss: 0.0204051 
test_loss: 0.0207989 
train_loss: 0.0221746 
test_loss: 0.0216133 
train_loss: 0.0205927 
test_loss: 0.0202425 
train_loss: 0.0208806 
test_loss: 0.0203405 
train_loss: 0.0212483 
test_loss: 0.0210406 
train_loss: 0.0202517 
test_loss: 0.0211083 
train_loss: 0.0205782 
test_loss: 0.0208079 
train_loss: 0.0212058 
test_loss: 0.020665 
train_loss: 0.0214638 
test_loss: 0.0208178 
