train_loss: 0.547882 
test_loss: 0.610657 
train_loss: 0.496924 
test_loss: 0.499883 
train_loss: 0.480192 
test_loss: 0.499544 
train_loss: 0.494303 
test_loss: 0.499093 
train_loss: 0.517987 
test_loss: 0.49843 
train_loss: 0.514249 
test_loss: 0.497665 
train_loss: 0.510531 
test_loss: 0.496604 
train_loss: 0.494056 
test_loss: 0.49527 
train_loss: 0.51157 
test_loss: 0.49352 
train_loss: 0.49426 
test_loss: 0.491273 
train_loss: 0.498526 
test_loss: 0.488487 
train_loss: 0.467055 
test_loss: 0.484821 
train_loss: 0.469416 
test_loss: 0.480202 
train_loss: 0.477959 
test_loss: 0.474367 
train_loss: 0.475526 
test_loss: 0.467043 
train_loss: 0.456132 
test_loss: 0.457834 
train_loss: 0.449687 
test_loss: 0.446247 
train_loss: 0.440013 
test_loss: 0.431923 
train_loss: 0.393872 
test_loss: 0.414412 
train_loss: 0.381089 
test_loss: 0.393181 
train_loss: 0.352157 
test_loss: 0.367798 
train_loss: 0.334867 
test_loss: 0.338217 
train_loss: 0.312833 
test_loss: 0.304606 
train_loss: 0.277996 
test_loss: 0.267614 
train_loss: 0.23431 
test_loss: 0.227874 
train_loss: 0.186254 
test_loss: 0.187604 
train_loss: 0.147807 
test_loss: 0.152057 
train_loss: 0.119457 
test_loss: 0.125632 
train_loss: 0.110687 
test_loss: 0.110281 
train_loss: 0.102815 
test_loss: 0.103156 
train_loss: 0.101578 
test_loss: 0.099766 
train_loss: 0.0902283 
test_loss: 0.0978255 
train_loss: 0.0947879 
test_loss: 0.0965603 
train_loss: 0.0904775 
test_loss: 0.0956068 
train_loss: 0.0949883 
test_loss: 0.0946493 
train_loss: 0.0948776 
test_loss: 0.0936135 
train_loss: 0.0910369 
test_loss: 0.0919989 
train_loss: 0.082894 
test_loss: 0.0895491 
train_loss: 0.0849416 
test_loss: 0.0857496 
train_loss: 0.0834043 
test_loss: 0.080801 
train_loss: 0.0725025 
test_loss: 0.0743306 
train_loss: 0.066599 
test_loss: 0.0689742 
train_loss: 0.0625559 
test_loss: 0.0638301 
train_loss: 0.0599518 
test_loss: 0.0616359 
train_loss: 0.0618508 
test_loss: 0.0602511 
train_loss: 0.0603551 
test_loss: 0.0587662 
train_loss: 0.0541877 
test_loss: 0.0545747 
train_loss: 0.0514357 
test_loss: 0.0515028 
train_loss: 0.0476673 
test_loss: 0.0494845 
train_loss: 0.0479277 
test_loss: 0.0495829 
train_loss: 0.0481265 
test_loss: 0.0479 
train_loss: 0.0459791 
test_loss: 0.0464465 
train_loss: 0.0442615 
test_loss: 0.0466261 
train_loss: 0.047697 
test_loss: 0.0458091 
train_loss: 0.0452295 
test_loss: 0.0451885 
train_loss: 0.0450923 
test_loss: 0.045643 
train_loss: 0.0442645 
test_loss: 0.0439413 
train_loss: 0.0459796 
test_loss: 0.041974 
train_loss: 0.0368584 
test_loss: 0.0393193 
train_loss: 0.0340352 
test_loss: 0.0330657 
train_loss: 0.0277275 
test_loss: 0.0277429 
train_loss: 0.02437 
test_loss: 0.0235477 
train_loss: 0.0202988 
test_loss: 0.0201599 
train_loss: 0.0177889 
test_loss: 0.0185148 
train_loss: 0.0165466 
test_loss: 0.0171718 
train_loss: 0.0156121 
test_loss: 0.0155746 
train_loss: 0.0158849 
test_loss: 0.0156529 
train_loss: 0.0143402 
test_loss: 0.014347 
train_loss: 0.0133531 
test_loss: 0.0134894 
train_loss: 0.0131265 
test_loss: 0.0129027 
train_loss: 0.0127432 
test_loss: 0.0129908 
train_loss: 0.0122939 
test_loss: 0.011909 
train_loss: 0.0112942 
test_loss: 0.0114897 
train_loss: 0.0113146 
test_loss: 0.0116639 
train_loss: 0.0100728 
test_loss: 0.0108862 
train_loss: 0.0108705 
test_loss: 0.0110051 
train_loss: 0.0107418 
test_loss: 0.0105805 
train_loss: 0.0102514 
test_loss: 0.0106833 
train_loss: 0.0103373 
test_loss: 0.0104868 
train_loss: 0.0102662 
test_loss: 0.00990913 
train_loss: 0.00994244 
test_loss: 0.0104313 
train_loss: 0.00918167 
test_loss: 0.0101668 
train_loss: 0.0103489 
test_loss: 0.00986176 
train_loss: 0.00884244 
test_loss: 0.0097033 
train_loss: 0.00974318 
test_loss: 0.00952316 
train_loss: 0.00951631 
test_loss: 0.00930843 
train_loss: 0.00890157 
test_loss: 0.00908132 
train_loss: 0.00916514 
test_loss: 0.00907039 
train_loss: 0.00831796 
test_loss: 0.00885235 
train_loss: 0.00807949 
test_loss: 0.00864408 
train_loss: 0.00882751 
test_loss: 0.00885048 
train_loss: 0.00827042 
test_loss: 0.0084319 
train_loss: 0.00849872 
test_loss: 0.00822287 
train_loss: 0.00803692 
test_loss: 0.00810217 
train_loss: 0.00820743 
test_loss: 0.00826903 
train_loss: 0.00795488 
test_loss: 0.00805791 
train_loss: 0.00825156 
test_loss: 0.00868393 
train_loss: 0.00828358 
test_loss: 0.00827725 
train_loss: 0.00799196 
test_loss: 0.00800971 
train_loss: 0.00793962 
test_loss: 0.0079301 
train_loss: 0.00786414 
test_loss: 0.00798696 
train_loss: 0.00768262 
test_loss: 0.00817475 
train_loss: 0.00774348 
test_loss: 0.00790573 
train_loss: 0.00730551 
test_loss: 0.00760426 
train_loss: 0.0076656 
test_loss: 0.0077358 
train_loss: 0.00754203 
test_loss: 0.00761834 
train_loss: 0.00744102 
test_loss: 0.00740864 
train_loss: 0.00705409 
test_loss: 0.00746383 
train_loss: 0.00761282 
test_loss: 0.00743422 
train_loss: 0.00726583 
test_loss: 0.00751977 
train_loss: 0.00702552 
test_loss: 0.00729581 
train_loss: 0.00723492 
test_loss: 0.00755998 
train_loss: 0.00701826 
test_loss: 0.00703212 
train_loss: 0.00824785 
test_loss: 0.00734276 
train_loss: 0.00692889 
test_loss: 0.00703564 
train_loss: 0.00709689 
test_loss: 0.0068442 
train_loss: 0.00693598 
test_loss: 0.00751563 
train_loss: 0.00672955 
test_loss: 0.00681531 
train_loss: 0.00677791 
test_loss: 0.00695648 
train_loss: 0.00736757 
test_loss: 0.00736819 
train_loss: 0.00642813 
test_loss: 0.00646056 
train_loss: 0.00646273 
test_loss: 0.00688805 
train_loss: 0.00589879 
test_loss: 0.00651123 
train_loss: 0.00652641 
test_loss: 0.00668355 
train_loss: 0.00680707 
test_loss: 0.00663358 
train_loss: 0.00609147 
test_loss: 0.00657224 
train_loss: 0.00629578 
test_loss: 0.00641426 
train_loss: 0.00638334 
test_loss: 0.00641359 
train_loss: 0.0067832 
test_loss: 0.00651886 
train_loss: 0.00607755 
test_loss: 0.00648739 
train_loss: 0.0065604 
test_loss: 0.00669604 
