train_loss: 0.1066 
test_loss: 0.10619 
train_loss: 0.100896 
test_loss: 0.09884 
train_loss: 0.080148 
test_loss: 0.0779123 
train_loss: 0.0691271 
test_loss: 0.0705151 
train_loss: 0.0617915 
test_loss: 0.0664934 
train_loss: 0.0643987 
test_loss: 0.0637442 
train_loss: 0.0617298 
test_loss: 0.0625976 
train_loss: 0.0629751 
test_loss: 0.0613399 
train_loss: 0.0565845 
test_loss: 0.0616329 
train_loss: 0.0630162 
test_loss: 0.0610001 
train_loss: 0.0588392 
test_loss: 0.060873 
train_loss: 0.0607719 
test_loss: 0.0605471 
train_loss: 0.0563978 
test_loss: 0.0597795 
train_loss: 0.0619044 
test_loss: 0.060628 
train_loss: 0.0575591 
test_loss: 0.0598354 
train_loss: 0.0585012 
test_loss: 0.0600032 
train_loss: 0.0631039 
test_loss: 0.061459 
train_loss: 0.058745 
test_loss: 0.060147 
train_loss: 0.0583429 
test_loss: 0.0601494 
train_loss: 0.0591638 
test_loss: 0.0604118 
train_loss: 0.0607976 
test_loss: 0.0596649 
train_loss: 0.059604 
test_loss: 0.0598144 
train_loss: 0.0631372 
test_loss: 0.0595502 
train_loss: 0.0613053 
test_loss: 0.0592405 
train_loss: 0.0598174 
test_loss: 0.0598211 
train_loss: 0.0583961 
test_loss: 0.059532 
train_loss: 0.0584448 
test_loss: 0.0599041 
train_loss: 0.0598486 
test_loss: 0.0604584 
train_loss: 0.0580992 
test_loss: 0.0599427 
train_loss: 0.0586793 
test_loss: 0.0597008 
train_loss: 0.0628768 
test_loss: 0.0594176 
train_loss: 0.0610058 
test_loss: 0.0592242 
train_loss: 0.0571191 
test_loss: 0.0597715 
train_loss: 0.0578796 
test_loss: 0.0596987 
train_loss: 0.0609807 
test_loss: 0.0595553 
train_loss: 0.0573421 
test_loss: 0.0592134 
train_loss: 0.0563042 
test_loss: 0.0596757 
train_loss: 0.0611596 
test_loss: 0.0599663 
train_loss: 0.0550948 
test_loss: 0.0593547 
train_loss: 0.0574893 
test_loss: 0.0593676 
train_loss: 0.0592432 
test_loss: 0.0589958 
train_loss: 0.0593822 
test_loss: 0.0590643 
train_loss: 0.0615101 
test_loss: 0.0596589 
train_loss: 0.0582093 
test_loss: 0.0594292 
train_loss: 0.0601258 
test_loss: 0.0597573 
train_loss: 0.0570175 
test_loss: 0.0591164 
train_loss: 0.0580614 
test_loss: 0.0586418 
train_loss: 0.059078 
test_loss: 0.0589162 
train_loss: 0.0582126 
test_loss: 0.0594616 
train_loss: 0.0588515 
test_loss: 0.0590706 
train_loss: 0.057819 
test_loss: 0.0590719 
