train_loss: 0.5068 
test_loss: 0.507942 
train_loss: 0.510654 
test_loss: 0.506894 
train_loss: 0.507996 
test_loss: 0.506622 
train_loss: 0.507051 
test_loss: 0.506339 
train_loss: 0.507699 
test_loss: 0.505997 
train_loss: 0.5042 
test_loss: 0.505578 
train_loss: 0.506786 
test_loss: 0.505166 
train_loss: 0.510422 
test_loss: 0.5047 
train_loss: 0.50204 
test_loss: 0.50419 
train_loss: 0.501273 
test_loss: 0.503645 
train_loss: 0.503467 
test_loss: 0.503101 
train_loss: 0.499552 
test_loss: 0.502498 
train_loss: 0.5018 
test_loss: 0.501871 
train_loss: 0.501237 
test_loss: 0.501186 
train_loss: 0.502984 
test_loss: 0.500532 
train_loss: 0.495632 
test_loss: 0.499826 
train_loss: 0.506377 
test_loss: 0.499056 
train_loss: 0.494448 
test_loss: 0.498289 
train_loss: 0.498666 
test_loss: 0.497482 
train_loss: 0.498393 
test_loss: 0.496668 
train_loss: 0.49256 
test_loss: 0.495791 
train_loss: 0.499161 
test_loss: 0.494931 
train_loss: 0.491248 
test_loss: 0.493994 
train_loss: 0.49486 
test_loss: 0.493063 
train_loss: 0.491031 
test_loss: 0.492102 
train_loss: 0.489581 
test_loss: 0.491116 
train_loss: 0.493668 
test_loss: 0.490083 
train_loss: 0.491837 
test_loss: 0.489036 
train_loss: 0.486906 
test_loss: 0.487958 
train_loss: 0.486183 
test_loss: 0.486843 
train_loss: 0.486277 
test_loss: 0.485712 
train_loss: 0.480137 
test_loss: 0.484555 
train_loss: 0.484801 
test_loss: 0.48336 
train_loss: 0.483581 
test_loss: 0.482154 
train_loss: 0.482792 
test_loss: 0.480904 
train_loss: 0.480319 
test_loss: 0.479649 
train_loss: 0.47405 
test_loss: 0.478348 
train_loss: 0.480334 
test_loss: 0.477025 
train_loss: 0.477537 
test_loss: 0.475674 
train_loss: 0.472934 
test_loss: 0.474296 
train_loss: 0.471937 
test_loss: 0.47289 
train_loss: 0.469427 
test_loss: 0.471452 
train_loss: 0.464757 
test_loss: 0.469981 
train_loss: 0.470169 
test_loss: 0.468478 
train_loss: 0.468183 
test_loss: 0.466942 
train_loss: 0.460363 
test_loss: 0.465398 
train_loss: 0.466322 
test_loss: 0.463793 
train_loss: 0.460537 
test_loss: 0.462173 
train_loss: 0.461938 
test_loss: 0.460529 
train_loss: 0.456065 
test_loss: 0.458859 
train_loss: 0.453171 
test_loss: 0.457146 
train_loss: 0.456213 
test_loss: 0.455409 
train_loss: 0.455365 
test_loss: 0.453654 
train_loss: 0.448833 
test_loss: 0.451844 
train_loss: 0.451689 
test_loss: 0.449992 
train_loss: 0.449827 
test_loss: 0.448135 
train_loss: 0.450862 
test_loss: 0.446237 
train_loss: 0.438464 
test_loss: 0.444306 
train_loss: 0.449691 
test_loss: 0.442326 
train_loss: 0.441522 
test_loss: 0.440341 
train_loss: 0.442682 
test_loss: 0.438305 
train_loss: 0.432573 
test_loss: 0.436238 
train_loss: 0.434536 
test_loss: 0.43415 
train_loss: 0.431425 
test_loss: 0.432012 
train_loss: 0.425054 
test_loss: 0.429843 
train_loss: 0.422894 
test_loss: 0.427629 
train_loss: 0.426554 
test_loss: 0.425392 
train_loss: 0.424886 
test_loss: 0.423118 
train_loss: 0.426721 
test_loss: 0.420808 
train_loss: 0.413461 
test_loss: 0.418442 
train_loss: 0.412854 
test_loss: 0.416062 
train_loss: 0.414641 
test_loss: 0.413646 
train_loss: 0.412439 
test_loss: 0.411179 
train_loss: 0.406108 
test_loss: 0.408656 
train_loss: 0.406001 
test_loss: 0.406133 
train_loss: 0.397392 
test_loss: 0.403552 
train_loss: 0.40352 
test_loss: 0.400941 
train_loss: 0.395899 
test_loss: 0.398288 
train_loss: 0.391895 
test_loss: 0.395583 
train_loss: 0.393871 
test_loss: 0.392844 
train_loss: 0.390402 
test_loss: 0.390044 
train_loss: 0.388545 
test_loss: 0.387231 
train_loss: 0.380069 
test_loss: 0.384346 
train_loss: 0.378253 
test_loss: 0.381422 
train_loss: 0.37907 
test_loss: 0.378444 
train_loss: 0.378906 
test_loss: 0.375438 
train_loss: 0.370479 
test_loss: 0.37234 
train_loss: 0.371581 
test_loss: 0.369225 
train_loss: 0.365363 
test_loss: 0.366048 
train_loss: 0.365342 
test_loss: 0.362808 
train_loss: 0.35852 
test_loss: 0.359502 
train_loss: 0.354158 
test_loss: 0.35613 
train_loss: 0.350566 
test_loss: 0.35269 
train_loss: 0.354832 
test_loss: 0.349183 
train_loss: 0.343379 
test_loss: 0.345599 
train_loss: 0.339201 
test_loss: 0.341916 
train_loss: 0.338427 
test_loss: 0.338149 
train_loss: 0.334375 
test_loss: 0.334291 
train_loss: 0.328658 
test_loss: 0.33034 
train_loss: 0.329484 
test_loss: 0.326294 
train_loss: 0.323539 
test_loss: 0.322135 
train_loss: 0.316141 
test_loss: 0.317889 
train_loss: 0.312712 
test_loss: 0.313519 
train_loss: 0.307167 
test_loss: 0.309063 
train_loss: 0.307816 
test_loss: 0.304507 
train_loss: 0.296025 
test_loss: 0.29983 
train_loss: 0.296374 
test_loss: 0.295049 
train_loss: 0.288147 
test_loss: 0.290158 
train_loss: 0.286749 
test_loss: 0.285149 
train_loss: 0.282868 
test_loss: 0.280025 
train_loss: 0.278436 
test_loss: 0.274782 
train_loss: 0.269488 
test_loss: 0.269398 
train_loss: 0.264395 
test_loss: 0.263898 
train_loss: 0.258636 
test_loss: 0.258284 
train_loss: 0.254005 
test_loss: 0.252564 
train_loss: 0.244706 
test_loss: 0.246742 
train_loss: 0.241606 
test_loss: 0.240876 
train_loss: 0.2336 
test_loss: 0.234954 
train_loss: 0.230203 
test_loss: 0.229026 
train_loss: 0.224002 
test_loss: 0.223113 
train_loss: 0.21269 
test_loss: 0.217234 
train_loss: 0.210529 
test_loss: 0.211389 
train_loss: 0.207364 
test_loss: 0.205587 
train_loss: 0.198904 
test_loss: 0.199835 
train_loss: 0.194882 
test_loss: 0.194138 
train_loss: 0.187112 
test_loss: 0.188465 
train_loss: 0.183944 
test_loss: 0.182829 
train_loss: 0.17719 
test_loss: 0.177205 
train_loss: 0.173625 
test_loss: 0.171591 
train_loss: 0.16892 
test_loss: 0.16598 
train_loss: 0.161081 
test_loss: 0.160389 
train_loss: 0.153659 
test_loss: 0.154794 
train_loss: 0.148198 
test_loss: 0.149213 
train_loss: 0.145065 
test_loss: 0.14366 
train_loss: 0.136985 
test_loss: 0.138145 
train_loss: 0.131454 
test_loss: 0.132684 
train_loss: 0.129402 
test_loss: 0.127311 
train_loss: 0.121534 
test_loss: 0.122032 
train_loss: 0.115969 
test_loss: 0.116876 
train_loss: 0.11188 
test_loss: 0.11187 
train_loss: 0.105797 
test_loss: 0.107037 
train_loss: 0.101668 
test_loss: 0.102386 
train_loss: 0.0995883 
test_loss: 0.0979259 
train_loss: 0.0945081 
test_loss: 0.0936831 
train_loss: 0.0888162 
test_loss: 0.0896618 
train_loss: 0.0858531 
test_loss: 0.0858757 
train_loss: 0.0822358 
test_loss: 0.0823179 
train_loss: 0.0785767 
test_loss: 0.0789896 
train_loss: 0.0755382 
test_loss: 0.075908 
train_loss: 0.0730925 
test_loss: 0.0730719 
train_loss: 0.0704493 
test_loss: 0.070494 
train_loss: 0.0680803 
test_loss: 0.0681737 
train_loss: 0.0662051 
test_loss: 0.0660853 
train_loss: 0.0644793 
test_loss: 0.0642373 
train_loss: 0.0624119 
test_loss: 0.0626063 
train_loss: 0.0611753 
test_loss: 0.0611894 
train_loss: 0.0604942 
test_loss: 0.0599749 
train_loss: 0.0586985 
test_loss: 0.0589154 
train_loss: 0.0575968 
test_loss: 0.0580273 
train_loss: 0.0570973 
test_loss: 0.0572473 
train_loss: 0.0569145 
test_loss: 0.0566083 
train_loss: 0.0565346 
test_loss: 0.0560656 
train_loss: 0.0548148 
test_loss: 0.055599 
train_loss: 0.0545999 
test_loss: 0.0552179 
train_loss: 0.0547499 
test_loss: 0.0548899 
train_loss: 0.0549997 
test_loss: 0.054619 
train_loss: 0.05391 
test_loss: 0.0543808 
train_loss: 0.0547694 
test_loss: 0.0541809 
train_loss: 0.0542724 
test_loss: 0.0540149 
train_loss: 0.0535651 
test_loss: 0.0538726 
train_loss: 0.0534068 
test_loss: 0.0537352 
train_loss: 0.0538988 
test_loss: 0.0536369 
train_loss: 0.0539364 
test_loss: 0.0535331 
train_loss: 0.053219 
test_loss: 0.0534446 
train_loss: 0.0531585 
test_loss: 0.0533791 
train_loss: 0.052933 
test_loss: 0.0533034 
train_loss: 0.0529406 
test_loss: 0.0532505 
train_loss: 0.0533667 
test_loss: 0.0531926 
train_loss: 0.0526493 
test_loss: 0.053142 
train_loss: 0.0533417 
test_loss: 0.0530935 
train_loss: 0.053817 
test_loss: 0.0530526 
train_loss: 0.052569 
test_loss: 0.0530132 
train_loss: 0.0529868 
test_loss: 0.0529765 
train_loss: 0.0533504 
test_loss: 0.0529358 
train_loss: 0.0528494 
test_loss: 0.052914 
train_loss: 0.0528963 
test_loss: 0.0528725 
train_loss: 0.0529067 
test_loss: 0.0528526 
train_loss: 0.0526367 
test_loss: 0.0528253 
train_loss: 0.0519543 
test_loss: 0.0527929 
train_loss: 0.0526635 
test_loss: 0.0527537 
train_loss: 0.0526466 
test_loss: 0.052744 
train_loss: 0.0529046 
test_loss: 0.052721 
train_loss: 0.0525983 
test_loss: 0.0526784 
train_loss: 0.0523049 
test_loss: 0.0526617 
train_loss: 0.0524963 
test_loss: 0.0526464 
train_loss: 0.0529253 
test_loss: 0.0526155 
train_loss: 0.0519683 
test_loss: 0.0525826 
train_loss: 0.0521971 
test_loss: 0.0525687 
train_loss: 0.0527004 
test_loss: 0.0525428 
train_loss: 0.0519125 
test_loss: 0.0525436 
train_loss: 0.0522028 
test_loss: 0.0524963 
train_loss: 0.0521229 
test_loss: 0.0524758 
train_loss: 0.052124 
test_loss: 0.0524364 
train_loss: 0.0521067 
test_loss: 0.0524162 
train_loss: 0.0526549 
test_loss: 0.0524018 
train_loss: 0.052426 
test_loss: 0.0523783 
train_loss: 0.0519156 
test_loss: 0.0523256 
train_loss: 0.0524182 
test_loss: 0.0523201 
train_loss: 0.0521703 
test_loss: 0.0522885 
train_loss: 0.0527443 
test_loss: 0.0522703 
train_loss: 0.0518863 
test_loss: 0.0522373 
train_loss: 0.0522978 
test_loss: 0.0521868 
train_loss: 0.0516908 
test_loss: 0.0521815 
train_loss: 0.0515544 
test_loss: 0.0521361 
train_loss: 0.0524683 
test_loss: 0.0520857 
train_loss: 0.0526206 
test_loss: 0.0520698 
train_loss: 0.0521748 
test_loss: 0.0520136 
train_loss: 0.0523816 
test_loss: 0.0519785 
train_loss: 0.0520744 
test_loss: 0.0519373 
train_loss: 0.0522657 
test_loss: 0.0518977 
train_loss: 0.0520229 
test_loss: 0.0518469 
train_loss: 0.0519077 
test_loss: 0.0517946 
train_loss: 0.0514905 
test_loss: 0.0517317 
train_loss: 0.0517308 
test_loss: 0.0516791 
train_loss: 0.0517519 
test_loss: 0.0515947 
train_loss: 0.0514238 
test_loss: 0.0515483 
train_loss: 0.0514528 
test_loss: 0.0514786 
train_loss: 0.0513243 
test_loss: 0.0513838 
train_loss: 0.051132 
test_loss: 0.0513197 
train_loss: 0.0514651 
test_loss: 0.0512126 
train_loss: 0.0508737 
test_loss: 0.0511512 
train_loss: 0.0504209 
test_loss: 0.0510305 
train_loss: 0.0508852 
test_loss: 0.05093 
train_loss: 0.0505091 
test_loss: 0.050834 
train_loss: 0.0505137 
test_loss: 0.050672 
train_loss: 0.0502305 
test_loss: 0.0505588 
train_loss: 0.0504615 
test_loss: 0.0503961 
train_loss: 0.0508062 
test_loss: 0.0502553 
train_loss: 0.0502166 
test_loss: 0.0500668 
train_loss: 0.0499824 
test_loss: 0.0499144 
train_loss: 0.0499618 
test_loss: 0.0497057 
train_loss: 0.0492449 
test_loss: 0.0495013 
train_loss: 0.0494056 
test_loss: 0.0492496 
train_loss: 0.0491145 
test_loss: 0.0490194 
train_loss: 0.0489241 
test_loss: 0.0487493 
train_loss: 0.0482455 
test_loss: 0.0484341 
train_loss: 0.048454 
test_loss: 0.0481158 
train_loss: 0.0478351 
test_loss: 0.0477763 
train_loss: 0.0469246 
test_loss: 0.0474437 
train_loss: 0.0471624 
test_loss: 0.0469934 
train_loss: 0.0460554 
test_loss: 0.046542 
train_loss: 0.0464899 
test_loss: 0.0460518 
train_loss: 0.0449373 
test_loss: 0.0455526 
train_loss: 0.0447049 
test_loss: 0.0449927 
train_loss: 0.0438117 
test_loss: 0.0443778 
train_loss: 0.0441474 
test_loss: 0.04372 
train_loss: 0.0429463 
test_loss: 0.0429811 
train_loss: 0.0420059 
test_loss: 0.0422175 
train_loss: 0.0412252 
test_loss: 0.0414176 
train_loss: 0.0403127 
test_loss: 0.0404596 
train_loss: 0.0391187 
test_loss: 0.0395522 
train_loss: 0.0380836 
test_loss: 0.0385022 
train_loss: 0.0372281 
test_loss: 0.037394 
train_loss: 0.0357836 
test_loss: 0.0362073 
train_loss: 0.0351763 
test_loss: 0.0349257 
train_loss: 0.0337358 
test_loss: 0.0336102 
train_loss: 0.0314836 
test_loss: 0.0322271 
train_loss: 0.0307838 
test_loss: 0.0308078 
train_loss: 0.0292469 
test_loss: 0.0292794 
train_loss: 0.0278807 
test_loss: 0.027722 
train_loss: 0.0258452 
test_loss: 0.0261231 
train_loss: 0.0245956 
test_loss: 0.0245925 
train_loss: 0.0233128 
test_loss: 0.0230363 
train_loss: 0.0214955 
test_loss: 0.0215954 
train_loss: 0.0200768 
test_loss: 0.0202441 
train_loss: 0.0189157 
test_loss: 0.0189684 
train_loss: 0.0177229 
test_loss: 0.0178319 
train_loss: 0.016662 
test_loss: 0.0167805 
train_loss: 0.0161031 
test_loss: 0.0158367 
train_loss: 0.0147683 
test_loss: 0.0150145 
train_loss: 0.0143045 
test_loss: 0.0142736 
train_loss: 0.0134745 
test_loss: 0.0135541 
train_loss: 0.0128455 
test_loss: 0.01296 
train_loss: 0.0125614 
test_loss: 0.0124829 
train_loss: 0.012016 
test_loss: 0.0120503 
train_loss: 0.0116706 
test_loss: 0.0115449 
train_loss: 0.0111992 
test_loss: 0.0111707 
train_loss: 0.0106769 
test_loss: 0.0107877 
train_loss: 0.0103241 
test_loss: 0.0104744 
train_loss: 0.0099308 
test_loss: 0.0101839 
train_loss: 0.00998639 
test_loss: 0.0099115 
train_loss: 0.00961078 
test_loss: 0.00959823 
train_loss: 0.00948062 
test_loss: 0.00937992 
train_loss: 0.00902575 
test_loss: 0.00912701 
train_loss: 0.00891654 
test_loss: 0.00892932 
train_loss: 0.00863738 
test_loss: 0.00870566 
train_loss: 0.00848196 
test_loss: 0.00847128 
train_loss: 0.00830917 
test_loss: 0.00826193 
train_loss: 0.00792303 
test_loss: 0.00802348 
train_loss: 0.00789874 
test_loss: 0.00784617 
train_loss: 0.00763355 
test_loss: 0.0076685 
train_loss: 0.00756242 
test_loss: 0.00759129 
train_loss: 0.00735487 
test_loss: 0.00732042 
train_loss: 0.00729696 
test_loss: 0.00720376 
train_loss: 0.00701406 
test_loss: 0.00707386 
train_loss: 0.00672538 
test_loss: 0.00680649 
train_loss: 0.00654328 
test_loss: 0.00664044 
train_loss: 0.00641322 
test_loss: 0.00650315 
train_loss: 0.0064546 
test_loss: 0.00631178 
train_loss: 0.00632586 
test_loss: 0.006205 
train_loss: 0.00599322 
test_loss: 0.00603258 
train_loss: 0.00592209 
test_loss: 0.00585775 
train_loss: 0.00570967 
test_loss: 0.00577193 
train_loss: 0.00549727 
test_loss: 0.00555397 
train_loss: 0.00560521 
test_loss: 0.00582097 
train_loss: 0.00562138 
test_loss: 0.00539186 
train_loss: 0.00521142 
test_loss: 0.00518343 
train_loss: 0.00512882 
test_loss: 0.00529017 
train_loss: 0.00517343 
test_loss: 0.00504227 
train_loss: 0.00499502 
test_loss: 0.00489945 
train_loss: 0.0047232 
test_loss: 0.00473326 
train_loss: 0.00516128 
test_loss: 0.00476349 
train_loss: 0.0046903 
test_loss: 0.00468571 
train_loss: 0.00490091 
test_loss: 0.00484864 
train_loss: 0.00443132 
test_loss: 0.00445746 
train_loss: 0.00446902 
test_loss: 0.00463217 
train_loss: 0.00469933 
test_loss: 0.00444763 
train_loss: 0.00440726 
test_loss: 0.00419357 
train_loss: 0.0044359 
test_loss: 0.00428423 
train_loss: 0.00440375 
test_loss: 0.00418788 
train_loss: 0.00414225 
test_loss: 0.00435409 
train_loss: 0.00410806 
test_loss: 0.00442157 
train_loss: 0.00391538 
test_loss: 0.00392286 
train_loss: 0.00388151 
test_loss: 0.00383671 
train_loss: 0.00428193 
test_loss: 0.00418094 
train_loss: 0.00376811 
test_loss: 0.00391866 
train_loss: 0.00382221 
test_loss: 0.00381153 
train_loss: 0.0038741 
test_loss: 0.00396528 
train_loss: 0.00366731 
test_loss: 0.00368605 
train_loss: 0.0036666 
test_loss: 0.00351432 
train_loss: 0.00378949 
test_loss: 0.00377118 
train_loss: 0.00341642 
test_loss: 0.0035023 
train_loss: 0.00379512 
test_loss: 0.00373996 
train_loss: 0.00343606 
test_loss: 0.00348307 
train_loss: 0.00379031 
test_loss: 0.00391886 
train_loss: 0.00354953 
test_loss: 0.00375063 
train_loss: 0.00335382 
test_loss: 0.00367605 
train_loss: 0.00327344 
test_loss: 0.00316621 
train_loss: 0.00368711 
test_loss: 0.00341562 
train_loss: 0.00337702 
test_loss: 0.00322785 
train_loss: 0.00328639 
test_loss: 0.0031862 
train_loss: 0.00378041 
test_loss: 0.00364981 
train_loss: 0.00315414 
test_loss: 0.00339643 
train_loss: 0.00308197 
test_loss: 0.00339334 
train_loss: 0.00322142 
test_loss: 0.00318241 
train_loss: 0.00372879 
test_loss: 0.00322393 
train_loss: 0.00306085 
test_loss: 0.00321475 
train_loss: 0.00305695 
test_loss: 0.00302656 
train_loss: 0.00306931 
test_loss: 0.00301535 
train_loss: 0.00300529 
test_loss: 0.00305086 
train_loss: 0.00305778 
test_loss: 0.00315894 
train_loss: 0.00360186 
test_loss: 0.00305759 
train_loss: 0.00295497 
test_loss: 0.00296147 
train_loss: 0.00286167 
test_loss: 0.00295058 
train_loss: 0.0029491 
test_loss: 0.00289039 
train_loss: 0.00294637 
test_loss: 0.0033982 
train_loss: 0.00313206 
test_loss: 0.00303075 
train_loss: 0.00301555 
test_loss: 0.00321621 
train_loss: 0.00314345 
test_loss: 0.0029402 
train_loss: 0.00291596 
test_loss: 0.00268671 
train_loss: 0.00267937 
test_loss: 0.00283494 
train_loss: 0.00297158 
test_loss: 0.00294008 
train_loss: 0.00294606 
test_loss: 0.00374243 
train_loss: 0.00297038 
test_loss: 0.00282018 
train_loss: 0.00282081 
test_loss: 0.00300662 
train_loss: 0.00288929 
test_loss: 0.00297386 
train_loss: 0.00297325 
test_loss: 0.00292269 
train_loss: 0.00256403 
test_loss: 0.00269118 
train_loss: 0.00272197 
test_loss: 0.0028342 
train_loss: 0.00265599 
test_loss: 0.00272901 
train_loss: 0.00296885 
test_loss: 0.00306088 
