train_loss: 0.016516 
test_loss: 0.015918 
train_loss: 0.012370 
test_loss: 0.012837 
train_loss: 0.011991 
test_loss: 0.010241 
train_loss: 0.010928 
test_loss: 0.010619 
train_loss: 0.010553 
test_loss: 0.010206 
train_loss: 0.010728 
test_loss: 0.010474 
train_loss: 0.010877 
test_loss: 0.009877 
train_loss: 0.010226 
test_loss: 0.010162 
train_loss: 0.010699 
test_loss: 0.010236 
train_loss: 0.010731 
test_loss: 0.010606 
train_loss: 0.010529 
test_loss: 0.009716 
train_loss: 0.009727 
test_loss: 0.009683 
train_loss: 0.010168 
test_loss: 0.009805 
train_loss: 0.009614 
test_loss: 0.009795 
train_loss: 0.010022 
test_loss: 0.009538 
train_loss: 0.010489 
test_loss: 0.009962 
train_loss: 0.010062 
test_loss: 0.010021 
train_loss: 0.009960 
test_loss: 0.009931 
train_loss: 0.008894 
test_loss: 0.009602 
train_loss: 0.010166 
test_loss: 0.009795 
train_loss: 0.009123 
test_loss: 0.009214 
train_loss: 0.010043 
test_loss: 0.009028 
train_loss: 0.009651 
test_loss: 0.009031 
train_loss: 0.009406 
test_loss: 0.008846 
train_loss: 0.009170 
test_loss: 0.009698 
train_loss: 0.008981 
test_loss: 0.009008 
train_loss: 0.009766 
test_loss: 0.009386 
train_loss: 0.009559 
test_loss: 0.009315 
train_loss: 0.009718 
test_loss: 0.009108 
train_loss: 0.009185 
test_loss: 0.009052 
train_loss: 0.008684 
test_loss: 0.009022 
train_loss: 0.009025 
test_loss: 0.008921 
train_loss: 0.008701 
test_loss: 0.009042 
train_loss: 0.008917 
test_loss: 0.009480 
train_loss: 0.009780 
test_loss: 0.009477 
train_loss: 0.009295 
test_loss: 0.009290 
train_loss: 0.009400 
test_loss: 0.009204 
train_loss: 0.009376 
test_loss: 0.009186 
train_loss: 0.009259 
test_loss: 0.008969 
train_loss: 0.009435 
test_loss: 0.008954 
train_loss: 0.008501 
test_loss: 0.009612 
