train_loss: 0.566492 
test_loss: 0.562926 
train_loss: 0.564045 
test_loss: 0.560861 
train_loss: 0.558943 
test_loss: 0.559301 
train_loss: 0.562228 
test_loss: 0.55746 
train_loss: 0.564145 
test_loss: 0.555382 
train_loss: 0.552039 
test_loss: 0.553102 
train_loss: 0.550479 
test_loss: 0.550612 
train_loss: 0.548781 
test_loss: 0.547993 
train_loss: 0.541387 
test_loss: 0.545206 
train_loss: 0.535789 
test_loss: 0.542265 
train_loss: 0.537875 
test_loss: 0.539208 
train_loss: 0.528216 
test_loss: 0.53601 
train_loss: 0.526722 
test_loss: 0.532684 
train_loss: 0.529807 
test_loss: 0.529232 
train_loss: 0.527679 
test_loss: 0.525667 
train_loss: 0.522177 
test_loss: 0.521942 
train_loss: 0.530738 
test_loss: 0.51811 
train_loss: 0.512946 
test_loss: 0.514145 
train_loss: 0.517411 
test_loss: 0.510011 
train_loss: 0.509896 
test_loss: 0.505752 
train_loss: 0.505007 
test_loss: 0.501327 
train_loss: 0.497183 
test_loss: 0.496722 
train_loss: 0.492102 
test_loss: 0.491936 
train_loss: 0.481175 
test_loss: 0.486912 
train_loss: 0.477917 
test_loss: 0.481678 
train_loss: 0.472878 
test_loss: 0.476251 
train_loss: 0.468659 
test_loss: 0.470546 
train_loss: 0.465154 
test_loss: 0.464586 
train_loss: 0.458821 
test_loss: 0.45842 
train_loss: 0.450029 
test_loss: 0.452073 
train_loss: 0.444555 
test_loss: 0.445604 
train_loss: 0.441827 
test_loss: 0.439086 
train_loss: 0.432921 
test_loss: 0.432649 
train_loss: 0.419897 
test_loss: 0.426391 
train_loss: 0.420187 
test_loss: 0.420441 
train_loss: 0.414802 
test_loss: 0.414796 
train_loss: 0.40972 
test_loss: 0.409466 
train_loss: 0.413574 
test_loss: 0.404386 
train_loss: 0.396494 
test_loss: 0.399474 
train_loss: 0.393341 
test_loss: 0.39466 
train_loss: 0.385565 
test_loss: 0.389851 
train_loss: 0.388324 
test_loss: 0.38501 
train_loss: 0.381309 
test_loss: 0.380074 
train_loss: 0.372019 
test_loss: 0.374996 
train_loss: 0.370636 
test_loss: 0.369759 
train_loss: 0.360992 
test_loss: 0.364271 
train_loss: 0.358012 
test_loss: 0.358528 
train_loss: 0.347268 
test_loss: 0.352466 
train_loss: 0.347105 
test_loss: 0.346035 
train_loss: 0.337335 
test_loss: 0.339255 
train_loss: 0.331228 
test_loss: 0.332125 
train_loss: 0.321196 
test_loss: 0.32486 
train_loss: 0.316489 
test_loss: 0.317534 
train_loss: 0.307698 
test_loss: 0.310325 
train_loss: 0.301487 
test_loss: 0.303294 
train_loss: 0.293949 
test_loss: 0.296416 
train_loss: 0.289298 
test_loss: 0.28966 
train_loss: 0.282456 
test_loss: 0.282933 
train_loss: 0.274358 
test_loss: 0.27619 
train_loss: 0.273344 
test_loss: 0.269419 
train_loss: 0.265988 
test_loss: 0.262586 
train_loss: 0.252996 
test_loss: 0.255667 
train_loss: 0.245341 
test_loss: 0.24865 
train_loss: 0.24256 
test_loss: 0.241527 
train_loss: 0.233411 
test_loss: 0.234293 
train_loss: 0.225219 
test_loss: 0.226998 
train_loss: 0.221768 
test_loss: 0.219647 
train_loss: 0.21469 
test_loss: 0.212275 
train_loss: 0.202599 
test_loss: 0.204937 
train_loss: 0.197522 
test_loss: 0.197677 
train_loss: 0.191407 
test_loss: 0.190476 
train_loss: 0.184582 
test_loss: 0.183386 
train_loss: 0.175972 
test_loss: 0.17642 
train_loss: 0.172253 
test_loss: 0.169577 
train_loss: 0.163725 
test_loss: 0.162892 
train_loss: 0.156851 
test_loss: 0.156394 
train_loss: 0.151777 
test_loss: 0.150073 
train_loss: 0.14356 
test_loss: 0.143964 
train_loss: 0.137977 
test_loss: 0.138068 
train_loss: 0.131337 
test_loss: 0.132387 
train_loss: 0.126771 
test_loss: 0.126947 
train_loss: 0.122024 
test_loss: 0.121755 
train_loss: 0.116726 
test_loss: 0.116796 
train_loss: 0.111352 
test_loss: 0.112078 
train_loss: 0.106465 
test_loss: 0.107587 
train_loss: 0.102913 
test_loss: 0.103332 
train_loss: 0.0987009 
test_loss: 0.099296 
train_loss: 0.0962163 
test_loss: 0.0954788 
train_loss: 0.0924535 
test_loss: 0.0918845 
train_loss: 0.0880296 
test_loss: 0.0885271 
train_loss: 0.0849377 
test_loss: 0.0853912 
train_loss: 0.0812398 
test_loss: 0.0824995 
train_loss: 0.0804641 
test_loss: 0.0798344 
train_loss: 0.077421 
test_loss: 0.0773859 
train_loss: 0.075004 
test_loss: 0.0751517 
train_loss: 0.0734198 
test_loss: 0.0731226 
train_loss: 0.0714212 
test_loss: 0.0712716 
train_loss: 0.0698471 
test_loss: 0.0695985 
train_loss: 0.0681415 
test_loss: 0.0680832 
train_loss: 0.0663682 
test_loss: 0.0667092 
train_loss: 0.0651534 
test_loss: 0.0654796 
train_loss: 0.0637654 
test_loss: 0.0643666 
train_loss: 0.0628233 
test_loss: 0.0633492 
train_loss: 0.0622867 
test_loss: 0.0624247 
train_loss: 0.0617645 
test_loss: 0.0615977 
train_loss: 0.0607358 
test_loss: 0.0608378 
train_loss: 0.0602273 
test_loss: 0.0601302 
train_loss: 0.0596857 
test_loss: 0.0595039 
train_loss: 0.0587122 
test_loss: 0.0589013 
train_loss: 0.0583149 
test_loss: 0.0583867 
train_loss: 0.0583882 
test_loss: 0.05786 
train_loss: 0.0579868 
test_loss: 0.0573892 
train_loss: 0.0570736 
test_loss: 0.0569496 
train_loss: 0.0562235 
test_loss: 0.0565391 
train_loss: 0.0550325 
test_loss: 0.056155 
train_loss: 0.055679 
test_loss: 0.0557833 
train_loss: 0.054489 
test_loss: 0.0554401 
train_loss: 0.0559074 
test_loss: 0.0551013 
train_loss: 0.0551493 
test_loss: 0.0547819 
train_loss: 0.054861 
test_loss: 0.0544904 
train_loss: 0.0547066 
test_loss: 0.0541805 
train_loss: 0.0543668 
test_loss: 0.0538994 
train_loss: 0.053699 
test_loss: 0.0536215 
train_loss: 0.0530408 
test_loss: 0.0533971 
train_loss: 0.0520544 
test_loss: 0.0530878 
train_loss: 0.0534629 
test_loss: 0.0528537 
train_loss: 0.0525163 
test_loss: 0.0525762 
train_loss: 0.0522716 
test_loss: 0.0523158 
train_loss: 0.051824 
test_loss: 0.0520677 
train_loss: 0.0526601 
test_loss: 0.0518314 
train_loss: 0.051312 
test_loss: 0.0515869 
train_loss: 0.0520793 
test_loss: 0.0513359 
train_loss: 0.0510627 
test_loss: 0.0510903 
train_loss: 0.0507662 
test_loss: 0.0508623 
train_loss: 0.0508065 
test_loss: 0.0506361 
train_loss: 0.0497542 
test_loss: 0.0503959 
train_loss: 0.0500287 
test_loss: 0.0501561 
train_loss: 0.0487396 
test_loss: 0.0499103 
train_loss: 0.0490819 
test_loss: 0.0496955 
train_loss: 0.0487844 
test_loss: 0.0494749 
train_loss: 0.0489985 
test_loss: 0.0492116 
train_loss: 0.0487465 
test_loss: 0.0489802 
train_loss: 0.0482234 
test_loss: 0.0487429 
train_loss: 0.0489247 
test_loss: 0.0484941 
train_loss: 0.0476805 
test_loss: 0.048261 
train_loss: 0.0477571 
test_loss: 0.0480065 
train_loss: 0.047242 
test_loss: 0.0477709 
train_loss: 0.0472765 
test_loss: 0.0474903 
train_loss: 0.0471386 
test_loss: 0.0472467 
train_loss: 0.0467306 
test_loss: 0.0469894 
train_loss: 0.0470896 
test_loss: 0.0467353 
train_loss: 0.046019 
test_loss: 0.0464595 
train_loss: 0.0463086 
test_loss: 0.0462015 
train_loss: 0.0457991 
test_loss: 0.0459403 
train_loss: 0.0451352 
test_loss: 0.0456423 
train_loss: 0.0452837 
test_loss: 0.045336 
train_loss: 0.04451 
test_loss: 0.0450453 
train_loss: 0.0448937 
test_loss: 0.0447475 
train_loss: 0.0437857 
test_loss: 0.0444349 
train_loss: 0.0435795 
test_loss: 0.0441242 
train_loss: 0.0431771 
test_loss: 0.0438256 
train_loss: 0.0436698 
test_loss: 0.0435978 
train_loss: 0.0433201 
test_loss: 0.0432116 
train_loss: 0.0432335 
test_loss: 0.0428222 
train_loss: 0.042477 
test_loss: 0.0425021 
train_loss: 0.0422708 
test_loss: 0.0420944 
train_loss: 0.0420042 
test_loss: 0.0418222 
train_loss: 0.0420676 
test_loss: 0.0413383 
train_loss: 0.0405605 
test_loss: 0.0409684 
train_loss: 0.0406245 
test_loss: 0.0405279 
train_loss: 0.0395681 
test_loss: 0.0401277 
train_loss: 0.0399367 
test_loss: 0.0396976 
train_loss: 0.038648 
test_loss: 0.0393243 
train_loss: 0.0384137 
test_loss: 0.0388501 
train_loss: 0.0380789 
test_loss: 0.0384458 
train_loss: 0.037788 
test_loss: 0.0379245 
train_loss: 0.0372038 
test_loss: 0.0375695 
train_loss: 0.0367995 
test_loss: 0.0369907 
train_loss: 0.0361408 
test_loss: 0.0365408 
train_loss: 0.0360693 
test_loss: 0.0360492 
train_loss: 0.0360194 
test_loss: 0.0354813 
train_loss: 0.0347551 
test_loss: 0.0349499 
train_loss: 0.0344158 
test_loss: 0.0344327 
train_loss: 0.0335142 
test_loss: 0.0339083 
train_loss: 0.0332414 
test_loss: 0.033377 
train_loss: 0.0328319 
test_loss: 0.0328629 
train_loss: 0.0322077 
test_loss: 0.0321791 
train_loss: 0.031581 
test_loss: 0.031684 
train_loss: 0.0312534 
test_loss: 0.0310764 
train_loss: 0.0305551 
test_loss: 0.0305159 
train_loss: 0.0300982 
test_loss: 0.0299839 
train_loss: 0.0292403 
test_loss: 0.0294202 
train_loss: 0.0283575 
test_loss: 0.028951 
train_loss: 0.0283634 
test_loss: 0.0284967 
train_loss: 0.0275109 
test_loss: 0.0279396 
train_loss: 0.0271364 
test_loss: 0.0273958 
train_loss: 0.0269784 
test_loss: 0.0269057 
train_loss: 0.0261807 
test_loss: 0.0264245 
train_loss: 0.0261537 
test_loss: 0.0259886 
train_loss: 0.0256972 
test_loss: 0.0255225 
train_loss: 0.0254403 
test_loss: 0.0250663 
train_loss: 0.0248531 
test_loss: 0.0246696 
train_loss: 0.0241205 
test_loss: 0.0242983 
train_loss: 0.0236956 
test_loss: 0.0240242 
train_loss: 0.0232012 
test_loss: 0.0237598 
train_loss: 0.0237283 
test_loss: 0.0232929 
train_loss: 0.0226354 
test_loss: 0.022969 
train_loss: 0.0220688 
test_loss: 0.0226563 
train_loss: 0.0222148 
test_loss: 0.0223055 
train_loss: 0.0218806 
test_loss: 0.0220118 
train_loss: 0.0216298 
test_loss: 0.0217554 
train_loss: 0.0216474 
test_loss: 0.0215754 
train_loss: 0.0210941 
test_loss: 0.0212765 
train_loss: 0.0211943 
test_loss: 0.0210873 
train_loss: 0.0207323 
test_loss: 0.0209875 
train_loss: 0.0208593 
test_loss: 0.0207354 
train_loss: 0.0201111 
test_loss: 0.0204618 
train_loss: 0.0200699 
test_loss: 0.020297 
train_loss: 0.0199705 
test_loss: 0.0202119 
train_loss: 0.020515 
test_loss: 0.019977 
train_loss: 0.0195031 
test_loss: 0.0198096 
train_loss: 0.0191032 
test_loss: 0.0196832 
train_loss: 0.0189852 
test_loss: 0.0194945 
train_loss: 0.0195574 
test_loss: 0.0193923 
train_loss: 0.0188527 
test_loss: 0.0192001 
train_loss: 0.0189569 
test_loss: 0.0189563 
train_loss: 0.0188439 
test_loss: 0.0188327 
train_loss: 0.0186132 
test_loss: 0.0186322 
train_loss: 0.0181459 
test_loss: 0.0184669 
train_loss: 0.0181659 
test_loss: 0.0184304 
train_loss: 0.0183838 
test_loss: 0.0182577 
train_loss: 0.0183355 
test_loss: 0.0181114 
train_loss: 0.0179283 
test_loss: 0.0180301 
train_loss: 0.0176109 
test_loss: 0.0179067 
train_loss: 0.0178193 
test_loss: 0.01785 
train_loss: 0.0178012 
test_loss: 0.0177387 
train_loss: 0.017665 
test_loss: 0.0177015 
train_loss: 0.0174016 
test_loss: 0.0176842 
train_loss: 0.0175048 
test_loss: 0.0176 
train_loss: 0.0174947 
test_loss: 0.0174974 
train_loss: 0.0175251 
test_loss: 0.0176321 
train_loss: 0.0173128 
test_loss: 0.0173571 
train_loss: 0.0171504 
test_loss: 0.0172531 
train_loss: 0.0173971 
test_loss: 0.01728 
train_loss: 0.0171441 
test_loss: 0.0172285 
train_loss: 0.0168811 
test_loss: 0.0172554 
train_loss: 0.0172694 
test_loss: 0.0171349 
train_loss: 0.0168059 
test_loss: 0.0171555 
train_loss: 0.0172711 
test_loss: 0.0171479 
train_loss: 0.0165046 
test_loss: 0.0170571 
train_loss: 0.0169966 
test_loss: 0.0168795 
train_loss: 0.0165182 
test_loss: 0.0168363 
train_loss: 0.0168713 
test_loss: 0.0168474 
train_loss: 0.0168639 
test_loss: 0.0168189 
train_loss: 0.0165836 
test_loss: 0.0168191 
train_loss: 0.0168232 
test_loss: 0.0169243 
train_loss: 0.0165151 
test_loss: 0.0167667 
train_loss: 0.0162974 
test_loss: 0.0167103 
train_loss: 0.0164535 
test_loss: 0.0166853 
train_loss: 0.0169064 
test_loss: 0.0168521 
train_loss: 0.0165076 
test_loss: 0.0167433 
train_loss: 0.0163016 
test_loss: 0.0168101 
train_loss: 0.0165269 
test_loss: 0.0165994 
train_loss: 0.0163075 
test_loss: 0.0166022 
train_loss: 0.0160825 
test_loss: 0.0166126 
train_loss: 0.0165321 
test_loss: 0.0165922 
train_loss: 0.0165681 
test_loss: 0.0164892 
train_loss: 0.0162037 
test_loss: 0.0165287 
train_loss: 0.0161813 
test_loss: 0.0165127 
train_loss: 0.0162584 
test_loss: 0.0165017 
train_loss: 0.0166299 
test_loss: 0.0164452 
train_loss: 0.0163529 
test_loss: 0.016451 
train_loss: 0.0161248 
test_loss: 0.0164023 
train_loss: 0.016091 
test_loss: 0.0164527 
train_loss: 0.0164029 
test_loss: 0.0163833 
train_loss: 0.016452 
test_loss: 0.0162594 
train_loss: 0.0163869 
test_loss: 0.0163269 
train_loss: 0.0163285 
test_loss: 0.0163853 
train_loss: 0.0161598 
test_loss: 0.0163187 
train_loss: 0.01582 
test_loss: 0.0162422 
train_loss: 0.0161787 
test_loss: 0.0162595 
train_loss: 0.0161187 
test_loss: 0.0162763 
train_loss: 0.0157388 
test_loss: 0.0161719 
train_loss: 0.0161055 
test_loss: 0.0161581 
train_loss: 0.0164907 
test_loss: 0.0162294 
train_loss: 0.0162817 
test_loss: 0.0161581 
train_loss: 0.016533 
test_loss: 0.0161818 
train_loss: 0.0157385 
test_loss: 0.0161585 
train_loss: 0.0161218 
test_loss: 0.0163758 
train_loss: 0.0159933 
test_loss: 0.0161795 
train_loss: 0.0160631 
test_loss: 0.0161174 
train_loss: 0.0162047 
test_loss: 0.0160627 
train_loss: 0.0158001 
test_loss: 0.0162876 
train_loss: 0.0163017 
test_loss: 0.0161348 
train_loss: 0.0161094 
test_loss: 0.0161157 
train_loss: 0.015968 
test_loss: 0.0162874 
train_loss: 0.0159173 
test_loss: 0.0161189 
train_loss: 0.0158931 
test_loss: 0.0162371 
train_loss: 0.0159479 
test_loss: 0.016172 
train_loss: 0.0159656 
test_loss: 0.0160662 
train_loss: 0.0159191 
test_loss: 0.0161432 
