train_loss: 1.99935 
test_loss: 2.89816 
train_loss: 1.99862 
test_loss: 1.99794 
train_loss: 1.99981 
test_loss: 1.99725 
train_loss: 1.99948 
test_loss: 1.99716 
train_loss: 1.99962 
test_loss: 1.99729 
train_loss: 1.99738 
test_loss: 1.99752 
train_loss: 1.99476 
test_loss: 1.99746 
train_loss: 1.99401 
test_loss: 1.99726 
train_loss: 1.99699 
test_loss: 1.99743 
train_loss: 1.99398 
test_loss: 1.99716 
train_loss: 1.99486 
test_loss: 1.99754 
train_loss: 1.99674 
test_loss: 1.99755 
train_loss: 1.99832 
test_loss: 1.99699 
train_loss: 1.99741 
test_loss: 1.99736 
train_loss: 1.99557 
test_loss: 1.99646 
train_loss: 1.99852 
test_loss: 1.99726 
train_loss: 1.99518 
test_loss: 1.99737 
train_loss: 1.99895 
test_loss: 1.9974 
train_loss: 1.99611 
test_loss: 1.99708 
train_loss: 1.99873 
test_loss: 1.99782 
train_loss: 1.99439 
test_loss: 1.99721 
