train_loss: 0.099111 
test_loss: 0.100387 
train_loss: 0.090312 
test_loss: 0.091765 
train_loss: 0.075096 
test_loss: 0.076253 
train_loss: 0.064328 
test_loss: 0.067740 
train_loss: 0.063813 
test_loss: 0.063741 
train_loss: 0.061854 
test_loss: 0.062122 
train_loss: 0.059117 
test_loss: 0.061180 
train_loss: 0.062626 
test_loss: 0.060764 
train_loss: 0.058776 
test_loss: 0.059466 
train_loss: 0.058082 
test_loss: 0.058936 
train_loss: 0.053557 
test_loss: 0.057227 
train_loss: 0.053705 
test_loss: 0.056564 
train_loss: 0.054565 
test_loss: 0.054249 
train_loss: 0.050665 
test_loss: 0.050950 
train_loss: 0.047928 
test_loss: 0.049047 
train_loss: 0.045633 
test_loss: 0.046959 
train_loss: 0.042102 
test_loss: 0.044828 
train_loss: 0.038274 
test_loss: 0.041697 
train_loss: 0.038653 
test_loss: 0.039489 
train_loss: 0.035351 
test_loss: 0.037452 
train_loss: 0.035638 
test_loss: 0.036308 
train_loss: 0.034640 
test_loss: 0.035205 
train_loss: 0.034256 
test_loss: 0.034355 
train_loss: 0.033340 
test_loss: 0.032990 
train_loss: 0.031360 
test_loss: 0.032443 
train_loss: 0.032362 
test_loss: 0.031598 
train_loss: 0.029475 
test_loss: 0.030361 
train_loss: 0.031222 
test_loss: 0.030290 
train_loss: 0.028927 
test_loss: 0.029795 
train_loss: 0.026402 
test_loss: 0.029380 
train_loss: 0.030793 
test_loss: 0.028593 
train_loss: 0.026460 
test_loss: 0.028339 
train_loss: 0.026438 
test_loss: 0.027539 
train_loss: 0.026747 
test_loss: 0.027565 
train_loss: 0.024127 
test_loss: 0.026840 
train_loss: 0.025922 
test_loss: 0.027396 
train_loss: 0.024321 
test_loss: 0.026219 
train_loss: 0.025484 
test_loss: 0.026186 
train_loss: 0.025231 
test_loss: 0.025879 
train_loss: 0.023298 
test_loss: 0.025318 
train_loss: 0.023724 
test_loss: 0.026013 
train_loss: 0.024064 
test_loss: 0.025017 
train_loss: 0.026760 
test_loss: 0.024683 
train_loss: 0.023592 
test_loss: 0.025430 
train_loss: 0.027214 
test_loss: 0.025178 
train_loss: 0.024037 
test_loss: 0.024560 
train_loss: 0.023656 
test_loss: 0.023941 
train_loss: 0.022073 
test_loss: 0.024130 
train_loss: 0.021686 
test_loss: 0.023842 
train_loss: 0.025924 
test_loss: 0.024109 
train_loss: 0.022886 
test_loss: 0.023333 
train_loss: 0.022965 
test_loss: 0.023405 
train_loss: 0.023979 
test_loss: 0.023452 
train_loss: 0.024264 
test_loss: 0.022810 
train_loss: 0.022269 
test_loss: 0.022675 
train_loss: 0.021020 
test_loss: 0.022730 
train_loss: 0.021314 
test_loss: 0.022847 
train_loss: 0.021434 
test_loss: 0.022938 
train_loss: 0.023180 
test_loss: 0.023164 
train_loss: 0.021929 
test_loss: 0.022071 
train_loss: 0.023098 
test_loss: 0.022503 
train_loss: 0.021435 
test_loss: 0.022934 
train_loss: 0.019706 
test_loss: 0.022243 
train_loss: 0.021241 
test_loss: 0.021884 
train_loss: 0.021690 
test_loss: 0.021791 
train_loss: 0.022148 
test_loss: 0.021987 
train_loss: 0.021411 
test_loss: 0.021682 
train_loss: 0.020428 
test_loss: 0.021694 
train_loss: 0.020438 
test_loss: 0.021310 
train_loss: 0.020367 
test_loss: 0.021003 
train_loss: 0.019624 
test_loss: 0.020781 
train_loss: 0.019915 
test_loss: 0.021580 
train_loss: 0.020096 
test_loss: 0.021693 
train_loss: 0.018863 
test_loss: 0.021062 
train_loss: 0.020917 
test_loss: 0.020907 
train_loss: 0.019714 
test_loss: 0.020592 
train_loss: 0.021271 
test_loss: 0.020759 
train_loss: 0.018302 
test_loss: 0.021487 
train_loss: 0.020288 
test_loss: 0.022189 
train_loss: 0.020101 
test_loss: 0.020451 
train_loss: 0.019343 
test_loss: 0.020951 
