train_loss: 0.114247 
test_loss: 0.116316 
train_loss: 0.101589 
test_loss: 0.102077 
train_loss: 0.101041 
test_loss: 0.100358 
train_loss: 0.097678 
test_loss: 0.0938413 
train_loss: 0.0825908 
test_loss: 0.0792487 
train_loss: 0.0719615 
test_loss: 0.0767009 
train_loss: 0.0717469 
test_loss: 0.0738175 
train_loss: 0.0715186 
test_loss: 0.0716346 
train_loss: 0.0672005 
test_loss: 0.0685111 
train_loss: 0.0663074 
test_loss: 0.0677332 
train_loss: 0.0631048 
test_loss: 0.0672864 
train_loss: 0.0649245 
test_loss: 0.0654614 
train_loss: 0.0680681 
test_loss: 0.0639518 
train_loss: 0.0618063 
test_loss: 0.0629141 
train_loss: 0.0587208 
test_loss: 0.0612635 
train_loss: 0.0620632 
test_loss: 0.0602893 
train_loss: 0.0602067 
test_loss: 0.0598847 
train_loss: 0.056469 
test_loss: 0.0599689 
train_loss: 0.059092 
test_loss: 0.0590046 
train_loss: 0.0585191 
test_loss: 0.0596481 
train_loss: 0.057785 
test_loss: 0.0592757 
train_loss: 0.0585202 
test_loss: 0.0593226 
train_loss: 0.0596207 
test_loss: 0.0589496 
train_loss: 0.05637 
test_loss: 0.0585927 
train_loss: 0.0609224 
test_loss: 0.058717 
train_loss: 0.0580457 
test_loss: 0.0584934 
train_loss: 0.0573439 
test_loss: 0.0582522 
train_loss: 0.0586934 
test_loss: 0.0582439 
train_loss: 0.0562619 
test_loss: 0.0585118 
train_loss: 0.0564287 
test_loss: 0.0579977 
train_loss: 0.0582762 
test_loss: 0.0579027 
train_loss: 0.0571269 
test_loss: 0.0581013 
train_loss: 0.0547134 
test_loss: 0.0576792 
train_loss: 0.0567867 
test_loss: 0.0590118 
train_loss: 0.0573761 
test_loss: 0.0581197 
train_loss: 0.0571464 
test_loss: 0.0577081 
train_loss: 0.0569096 
test_loss: 0.057878 
train_loss: 0.0563291 
test_loss: 0.0579986 
train_loss: 0.0578782 
test_loss: 0.0586221 
train_loss: 0.0568091 
test_loss: 0.0578421 
train_loss: 0.0574883 
test_loss: 0.0577927 
train_loss: 0.0555295 
test_loss: 0.0575793 
train_loss: 0.0588929 
test_loss: 0.0576879 
train_loss: 0.0575396 
test_loss: 0.0572609 
train_loss: 0.0570688 
test_loss: 0.0575151 
train_loss: 0.0568299 
test_loss: 0.0574642 
train_loss: 0.0570549 
test_loss: 0.0575883 
train_loss: 0.0612807 
test_loss: 0.0576631 
train_loss: 0.0585951 
test_loss: 0.0576871 
train_loss: 0.057144 
test_loss: 0.0574814 
train_loss: 0.0575866 
test_loss: 0.0573641 
train_loss: 0.0592359 
test_loss: 0.0576412 
train_loss: 0.0594116 
test_loss: 0.0576267 
train_loss: 0.0560303 
test_loss: 0.0579042 
train_loss: 0.0569956 
test_loss: 0.0574034 
train_loss: 0.0564999 
test_loss: 0.0572995 
train_loss: 0.0579013 
test_loss: 0.0575228 
train_loss: 0.0578095 
test_loss: 0.0575087 
train_loss: 0.0563175 
test_loss: 0.0573468 
train_loss: 0.0555521 
test_loss: 0.0573712 
train_loss: 0.0587381 
test_loss: 0.0574757 
