train_loss: 1.99876 
test_loss: 1.99905 
train_loss: 1.99821 
test_loss: 2.00276 
train_loss: 1.99793 
test_loss: 2.01812 
train_loss: 1.999 
test_loss: 1.99922 
train_loss: 1.99754 
test_loss: 1.99781 
train_loss: 0.497376 
test_loss: 0.493539 
train_loss: 0.485638 
test_loss: 0.489062 
train_loss: 0.481359 
test_loss: 0.484427 
train_loss: 0.485573 
test_loss: 0.479503 
train_loss: 0.475677 
test_loss: 0.474291 
train_loss: 0.472236 
test_loss: 0.468838 
train_loss: 0.461591 
test_loss: 0.463156 
train_loss: 0.454083 
test_loss: 0.457244 
train_loss: 0.448301 
test_loss: 0.451123 
train_loss: 0.448365 
test_loss: 0.444809 
train_loss: 0.435446 
test_loss: 0.438317 
train_loss: 0.431121 
test_loss: 0.431681 
train_loss: 0.422469 
test_loss: 0.424866 
train_loss: 0.417942 
test_loss: 0.417907 
train_loss: 0.411772 
test_loss: 0.410838 
train_loss: 0.397933 
test_loss: 0.403632 
train_loss: 0.396974 
test_loss: 0.39635 
train_loss: 0.394633 
test_loss: 0.388973 
train_loss: 0.382969 
test_loss: 0.381527 
train_loss: 0.372411 
test_loss: 0.374001 
train_loss: 0.365472 
test_loss: 0.366462 
train_loss: 0.356411 
test_loss: 0.358893 
train_loss: 0.352914 
test_loss: 0.351317 
train_loss: 0.343303 
test_loss: 0.343744 
train_loss: 0.337181 
test_loss: 0.33618 
train_loss: 0.33082 
test_loss: 0.328641 
train_loss: 0.320187 
test_loss: 0.321135 
train_loss: 0.313375 
test_loss: 0.313652 
train_loss: 0.303459 
test_loss: 0.306245 
train_loss: 0.299809 
test_loss: 0.298881 
train_loss: 0.289971 
test_loss: 0.291557 
train_loss: 0.287276 
test_loss: 0.284317 
train_loss: 0.277166 
test_loss: 0.277125 
train_loss: 0.270042 
test_loss: 0.270024 
train_loss: 0.267477 
test_loss: 0.263003 
train_loss: 0.259424 
test_loss: 0.25606 
train_loss: 0.248549 
test_loss: 0.24921 
train_loss: 0.242952 
test_loss: 0.242442 
train_loss: 0.2362 
test_loss: 0.235771 
train_loss: 0.228542 
test_loss: 0.229233 
train_loss: 0.225827 
test_loss: 0.222803 
train_loss: 0.217665 
test_loss: 0.216503 
train_loss: 0.210621 
test_loss: 0.210331 
train_loss: 0.204947 
test_loss: 0.204309 
train_loss: 0.198692 
test_loss: 0.198438 
train_loss: 0.191251 
test_loss: 0.19273 
train_loss: 0.185905 
test_loss: 0.187186 
train_loss: 0.184321 
test_loss: 0.181825 
train_loss: 0.175291 
test_loss: 0.176643 
train_loss: 0.172635 
test_loss: 0.171659 
train_loss: 0.16821 
test_loss: 0.166883 
train_loss: 0.161396 
test_loss: 0.16231 
train_loss: 0.162873 
test_loss: 0.157946 
train_loss: 0.154576 
test_loss: 0.153781 
train_loss: 0.149111 
test_loss: 0.149838 
train_loss: 0.146311 
test_loss: 0.1461 
train_loss: 0.142169 
test_loss: 0.142579 
train_loss: 0.139208 
test_loss: 0.139244 
train_loss: 0.135603 
test_loss: 0.136098 
train_loss: 0.131306 
test_loss: 0.133141 
train_loss: 0.132189 
test_loss: 0.130367 
train_loss: 0.127656 
test_loss: 0.127752 
train_loss: 0.124484 
test_loss: 0.125308 
train_loss: 0.124959 
test_loss: 0.123015 
train_loss: 0.119686 
test_loss: 0.120869 
train_loss: 0.119314 
test_loss: 0.118866 
train_loss: 0.116529 
test_loss: 0.116997 
train_loss: 0.11428 
test_loss: 0.115253 
train_loss: 0.11265 
test_loss: 0.113635 
train_loss: 0.110655 
test_loss: 0.112124 
train_loss: 0.110516 
test_loss: 0.110723 
train_loss: 0.1091 
test_loss: 0.109422 
train_loss: 0.108597 
test_loss: 0.108218 
train_loss: 0.104938 
test_loss: 0.107111 
train_loss: 0.104944 
test_loss: 0.106092 
train_loss: 0.106245 
test_loss: 0.105148 
train_loss: 0.104479 
test_loss: 0.104286 
train_loss: 0.104301 
test_loss: 0.103488 
train_loss: 0.10296 
test_loss: 0.102759 
train_loss: 0.103248 
test_loss: 0.10209 
train_loss: 0.100795 
test_loss: 0.101481 
train_loss: 0.0981929 
test_loss: 0.10092 
train_loss: 0.100728 
test_loss: 0.100403 
train_loss: 0.0991686 
test_loss: 0.0999303 
train_loss: 0.0989143 
test_loss: 0.0994974 
train_loss: 0.100822 
test_loss: 0.0991038 
train_loss: 0.0992917 
test_loss: 0.0987368 
train_loss: 0.0958288 
test_loss: 0.0984029 
train_loss: 0.098579 
test_loss: 0.0980951 
train_loss: 0.098201 
test_loss: 0.0978045 
train_loss: 0.0965944 
test_loss: 0.0975489 
train_loss: 0.0969582 
test_loss: 0.0973041 
train_loss: 0.0984223 
test_loss: 0.0970677 
train_loss: 0.0972543 
test_loss: 0.0968523 
train_loss: 0.0961486 
test_loss: 0.0966541 
train_loss: 0.0939817 
test_loss: 0.0964604 
train_loss: 0.0954875 
test_loss: 0.0962796 
train_loss: 0.0948473 
test_loss: 0.0961036 
train_loss: 0.0954786 
test_loss: 0.0959268 
train_loss: 0.0949925 
test_loss: 0.095755 
train_loss: 0.093697 
test_loss: 0.0955873 
train_loss: 0.0947839 
test_loss: 0.0954179 
train_loss: 0.0977201 
test_loss: 0.0952502 
train_loss: 0.095987 
test_loss: 0.0950825 
train_loss: 0.0936033 
test_loss: 0.0949065 
train_loss: 0.0941457 
test_loss: 0.0947402 
train_loss: 0.0931961 
test_loss: 0.0945524 
train_loss: 0.0934851 
test_loss: 0.0943806 
train_loss: 0.0937946 
test_loss: 0.0941954 
train_loss: 0.0960505 
test_loss: 0.0940109 
train_loss: 0.0934436 
test_loss: 0.0938208 
train_loss: 0.0940827 
test_loss: 0.0936266 
train_loss: 0.092407 
test_loss: 0.0934416 
train_loss: 0.0942385 
test_loss: 0.0932412 
train_loss: 0.0937606 
test_loss: 0.0930393 
train_loss: 0.0917287 
test_loss: 0.0928418 
train_loss: 0.0920754 
test_loss: 0.0926336 
train_loss: 0.0927871 
test_loss: 0.0924264 
train_loss: 0.0920708 
test_loss: 0.0922188 
train_loss: 0.0901026 
test_loss: 0.0920028 
train_loss: 0.091411 
test_loss: 0.0917967 
train_loss: 0.0897938 
test_loss: 0.0915744 
train_loss: 0.0907276 
test_loss: 0.091367 
train_loss: 0.0906813 
test_loss: 0.091139 
train_loss: 0.0873392 
test_loss: 0.0909206 
train_loss: 0.0912603 
test_loss: 0.0906937 
train_loss: 0.0899964 
test_loss: 0.0904645 
train_loss: 0.0911753 
test_loss: 0.0902277 
train_loss: 0.0895292 
test_loss: 0.0899868 
train_loss: 0.0897253 
test_loss: 0.0897582 
train_loss: 0.0885154 
test_loss: 0.0895056 
train_loss: 0.086533 
test_loss: 0.0892642 
train_loss: 0.0891992 
test_loss: 0.0890004 
train_loss: 0.0882768 
test_loss: 0.0887635 
train_loss: 0.0892772 
test_loss: 0.0885015 
train_loss: 0.0884538 
test_loss: 0.0882334 
train_loss: 0.087587 
test_loss: 0.0879935 
train_loss: 0.0886119 
test_loss: 0.0877242 
train_loss: 0.0874237 
test_loss: 0.0874367 
train_loss: 0.0857265 
test_loss: 0.0871479 
train_loss: 0.0888176 
test_loss: 0.0868841 
train_loss: 0.0859417 
test_loss: 0.0866009 
train_loss: 0.0864992 
test_loss: 0.0862979 
train_loss: 0.0846453 
test_loss: 0.0859842 
train_loss: 0.0839668 
test_loss: 0.0857064 
train_loss: 0.0864724 
test_loss: 0.0853926 
train_loss: 0.0843166 
test_loss: 0.0850724 
train_loss: 0.0832219 
test_loss: 0.0847407 
train_loss: 0.0847872 
test_loss: 0.0843913 
train_loss: 0.0836766 
test_loss: 0.0840636 
train_loss: 0.0821514 
test_loss: 0.0836949 
train_loss: 0.0831443 
test_loss: 0.0833517 
train_loss: 0.0819001 
test_loss: 0.0829599 
train_loss: 0.0808251 
test_loss: 0.0826028 
train_loss: 0.081052 
test_loss: 0.0821718 
train_loss: 0.0836377 
test_loss: 0.0817597 
train_loss: 0.0801184 
test_loss: 0.0813279 
train_loss: 0.079411 
test_loss: 0.0809231 
train_loss: 0.0782138 
test_loss: 0.080447 
train_loss: 0.0770254 
test_loss: 0.0800048 
train_loss: 0.0770889 
test_loss: 0.0795163 
train_loss: 0.0779507 
test_loss: 0.0790463 
train_loss: 0.0763822 
test_loss: 0.0785639 
train_loss: 0.0784516 
test_loss: 0.0780306 
train_loss: 0.0785235 
test_loss: 0.077507 
train_loss: 0.076339 
test_loss: 0.0769805 
train_loss: 0.0768684 
test_loss: 0.076503 
train_loss: 0.0774509 
test_loss: 0.0760012 
train_loss: 0.0759619 
test_loss: 0.0754812 
train_loss: 0.073041 
test_loss: 0.0749269 
train_loss: 0.0734548 
test_loss: 0.0743989 
train_loss: 0.0722086 
test_loss: 0.0738929 
train_loss: 0.072892 
test_loss: 0.0734357 
train_loss: 0.0715751 
test_loss: 0.0728808 
train_loss: 0.0731399 
test_loss: 0.0724428 
train_loss: 0.0711488 
test_loss: 0.0719023 
train_loss: 0.0709964 
test_loss: 0.0714243 
train_loss: 0.0692211 
test_loss: 0.070894 
train_loss: 0.070029 
test_loss: 0.0703759 
train_loss: 0.0687986 
test_loss: 0.0699075 
train_loss: 0.0681268 
test_loss: 0.0693958 
train_loss: 0.0681518 
test_loss: 0.0689013 
train_loss: 0.0686195 
test_loss: 0.0684221 
train_loss: 0.0680079 
test_loss: 0.0679383 
train_loss: 0.0664665 
test_loss: 0.0673946 
train_loss: 0.0655426 
test_loss: 0.0668662 
train_loss: 0.065256 
test_loss: 0.0664591 
train_loss: 0.0638858 
test_loss: 0.0658116 
train_loss: 0.0645547 
test_loss: 0.0652564 
train_loss: 0.0640869 
test_loss: 0.064774 
train_loss: 0.0625388 
test_loss: 0.0641987 
train_loss: 0.0628184 
test_loss: 0.0635049 
train_loss: 0.0619423 
test_loss: 0.0629107 
train_loss: 0.0619077 
test_loss: 0.0623002 
train_loss: 0.0607292 
test_loss: 0.0616697 
train_loss: 0.061164 
test_loss: 0.0610709 
train_loss: 0.0583594 
test_loss: 0.0604108 
train_loss: 0.0593417 
test_loss: 0.0598034 
train_loss: 0.058252 
test_loss: 0.0591352 
train_loss: 0.058253 
test_loss: 0.0585197 
train_loss: 0.0588485 
test_loss: 0.0579792 
train_loss: 0.0568433 
test_loss: 0.057367 
train_loss: 0.0549248 
test_loss: 0.0566731 
train_loss: 0.0561865 
test_loss: 0.0561285 
train_loss: 0.0543213 
test_loss: 0.0553184 
train_loss: 0.0539367 
test_loss: 0.0546696 
train_loss: 0.0538958 
test_loss: 0.0541852 
train_loss: 0.0535826 
test_loss: 0.0534154 
train_loss: 0.0529999 
test_loss: 0.0528855 
train_loss: 0.0517762 
test_loss: 0.0524373 
train_loss: 0.0510579 
test_loss: 0.05201 
train_loss: 0.0515381 
test_loss: 0.0515574 
train_loss: 0.0492473 
test_loss: 0.0510343 
train_loss: 0.0501927 
test_loss: 0.050561 
train_loss: 0.0499448 
test_loss: 0.0504315 
train_loss: 0.049515 
test_loss: 0.0500108 
train_loss: 0.0489455 
test_loss: 0.0495725 
train_loss: 0.0481352 
test_loss: 0.0493882 
train_loss: 0.049833 
test_loss: 0.0490502 
train_loss: 0.0499427 
test_loss: 0.0489312 
train_loss: 0.0489026 
test_loss: 0.0486196 
train_loss: 0.0489109 
test_loss: 0.0485311 
train_loss: 0.0473034 
test_loss: 0.0483829 
train_loss: 0.0465612 
test_loss: 0.0481751 
train_loss: 0.0464395 
test_loss: 0.0481758 
train_loss: 0.047889 
test_loss: 0.0478263 
train_loss: 0.0460907 
test_loss: 0.0476409 
train_loss: 0.0471799 
test_loss: 0.0475885 
train_loss: 0.0463595 
test_loss: 0.0474555 
train_loss: 0.0472768 
test_loss: 0.0473802 
train_loss: 0.0476533 
test_loss: 0.0472043 
train_loss: 0.0470592 
test_loss: 0.0470727 
train_loss: 0.0466639 
test_loss: 0.0470014 
train_loss: 0.0462512 
test_loss: 0.0468956 
train_loss: 0.0456659 
test_loss: 0.0466344 
train_loss: 0.0459826 
test_loss: 0.0464413 
train_loss: 0.0455578 
test_loss: 0.0463468 
train_loss: 0.0447309 
test_loss: 0.046066 
train_loss: 0.0445705 
test_loss: 0.0459509 
train_loss: 0.0438345 
test_loss: 0.0458982 
train_loss: 0.0443274 
test_loss: 0.0457986 
train_loss: 0.0440045 
test_loss: 0.0455616 
train_loss: 0.0465076 
test_loss: 0.0453861 
train_loss: 0.0437257 
test_loss: 0.0450903 
train_loss: 0.0442718 
test_loss: 0.0448988 
train_loss: 0.0440732 
test_loss: 0.0446565 
train_loss: 0.0440629 
test_loss: 0.0444528 
train_loss: 0.043658 
test_loss: 0.0440854 
train_loss: 0.0446563 
test_loss: 0.0437546 
train_loss: 0.0425402 
test_loss: 0.0435631 
train_loss: 0.0420879 
test_loss: 0.0430918 
train_loss: 0.0399483 
test_loss: 0.0429062 
train_loss: 0.0411368 
test_loss: 0.042317 
train_loss: 0.04065 
test_loss: 0.0419408 
train_loss: 0.0400684 
test_loss: 0.0409341 
train_loss: 0.0386399 
test_loss: 0.0402768 
train_loss: 0.0394408 
test_loss: 0.0394162 
train_loss: 0.0381484 
test_loss: 0.0390999 
train_loss: 0.0374275 
test_loss: 0.0375969 
train_loss: 0.0362536 
test_loss: 0.0371398 
train_loss: 0.0355124 
test_loss: 0.0365363 
train_loss: 0.0342781 
test_loss: 0.0347904 
train_loss: 0.0337515 
test_loss: 0.0340967 
train_loss: 0.0318489 
test_loss: 0.0323118 
train_loss: 0.0309136 
test_loss: 0.0314355 
train_loss: 0.0294415 
test_loss: 0.0306536 
train_loss: 0.0296571 
test_loss: 0.029654 
train_loss: 0.0279825 
test_loss: 0.028644 
train_loss: 0.0274988 
test_loss: 0.027453 
train_loss: 0.0255014 
test_loss: 0.0270057 
train_loss: 0.0252213 
test_loss: 0.0256167 
train_loss: 0.0245192 
test_loss: 0.0251339 
train_loss: 0.0232015 
test_loss: 0.0238125 
train_loss: 0.0225228 
test_loss: 0.0228711 
train_loss: 0.0225846 
test_loss: 0.0225501 
train_loss: 0.0221687 
test_loss: 0.0224114 
train_loss: 0.0197983 
test_loss: 0.0211174 
train_loss: 0.0196296 
test_loss: 0.0204726 
train_loss: 0.0198728 
test_loss: 0.0202986 
train_loss: 0.0187198 
test_loss: 0.0196495 
train_loss: 0.0225403 
test_loss: 0.0194555 
train_loss: 0.0187813 
test_loss: 0.0187485 
train_loss: 0.0180957 
test_loss: 0.0178047 
train_loss: 0.0184551 
test_loss: 0.0218482 
train_loss: 0.017582 
test_loss: 0.0176742 
train_loss: 0.0169474 
test_loss: 0.017217 
train_loss: 0.0171231 
test_loss: 0.0170759 
train_loss: 0.015823 
test_loss: 0.0169347 
train_loss: 0.0159043 
test_loss: 0.0162388 
train_loss: 0.015604 
test_loss: 0.0162287 
train_loss: 0.016094 
test_loss: 0.0228915 
train_loss: 0.0159039 
test_loss: 0.0180625 
train_loss: 0.0149854 
test_loss: 0.0154076 
train_loss: 0.014735 
test_loss: 0.0154341 
train_loss: 0.0141607 
test_loss: 0.0150838 
train_loss: 0.014374 
test_loss: 0.0150525 
train_loss: 0.0142242 
test_loss: 0.0145502 
train_loss: 0.0146684 
test_loss: 0.0148206 
train_loss: 0.0150462 
test_loss: 0.0145381 
train_loss: 0.014552 
test_loss: 0.0144679 
train_loss: 0.0140145 
test_loss: 0.014124 
train_loss: 0.0136929 
test_loss: 0.0146519 
train_loss: 0.0136348 
test_loss: 0.0134079 
train_loss: 0.0168563 
test_loss: 0.0149649 
train_loss: 0.0138177 
test_loss: 0.0138596 
train_loss: 0.0133431 
test_loss: 0.0136559 
train_loss: 0.0133013 
test_loss: 0.0143116 
train_loss: 0.0132814 
test_loss: 0.0132478 
train_loss: 0.012182 
test_loss: 0.0134264 
train_loss: 0.0128153 
test_loss: 0.0130449 
train_loss: 0.0127784 
test_loss: 0.0131583 
train_loss: 0.0119522 
test_loss: 0.0127892 
train_loss: 0.0125264 
test_loss: 0.0129379 
train_loss: 0.0122814 
test_loss: 0.0127582 
train_loss: 0.0119748 
test_loss: 0.0124739 
train_loss: 0.0119308 
test_loss: 0.0123648 
train_loss: 0.0118155 
test_loss: 0.0121703 
train_loss: 0.012042 
test_loss: 0.0121687 
train_loss: 0.0119626 
test_loss: 0.0120251 
train_loss: 0.011713 
test_loss: 0.0125278 
train_loss: 0.0118316 
test_loss: 0.0121876 
train_loss: 0.0112397 
test_loss: 0.011647 
train_loss: 0.0120819 
test_loss: 0.0115143 
train_loss: 0.011246 
test_loss: 0.0117772 
train_loss: 0.0116846 
test_loss: 0.0114644 
train_loss: 0.0111872 
test_loss: 0.0115378 
train_loss: 0.0110461 
test_loss: 0.0114209 
train_loss: 0.0107809 
test_loss: 0.0110799 
train_loss: 0.0118492 
test_loss: 0.0133481 
train_loss: 0.010589 
test_loss: 0.01141 
train_loss: 0.0114362 
test_loss: 0.0109606 
train_loss: 0.0105678 
test_loss: 0.0109242 
train_loss: 0.0103923 
test_loss: 0.010925 
train_loss: 0.0116124 
test_loss: 0.0111413 
train_loss: 0.0110497 
test_loss: 0.0107579 
train_loss: 0.0103805 
test_loss: 0.0108316 
train_loss: 0.0101977 
test_loss: 0.0108196 
train_loss: 0.0111516 
test_loss: 0.0117187 
train_loss: 0.00993773 
test_loss: 0.0109315 
train_loss: 0.010666 
test_loss: 0.0101685 
train_loss: 0.0102358 
test_loss: 0.0105081 
train_loss: 0.00967249 
test_loss: 0.0101934 
train_loss: 0.0097607 
test_loss: 0.0103549 
train_loss: 0.00965783 
test_loss: 0.0103281 
train_loss: 0.01081 
test_loss: 0.0108112 
train_loss: 0.0094242 
test_loss: 0.0107481 
train_loss: 0.0105302 
test_loss: 0.0101464 
train_loss: 0.0093779 
test_loss: 0.0103464 
train_loss: 0.0107166 
test_loss: 0.00989053 
train_loss: 0.00959963 
test_loss: 0.00987891 
train_loss: 0.00917473 
test_loss: 0.00973229 
train_loss: 0.0095691 
test_loss: 0.00978557 
train_loss: 0.0093057 
test_loss: 0.00971985 
train_loss: 0.00934111 
test_loss: 0.00972056 
train_loss: 0.00947836 
test_loss: 0.00953346 
train_loss: 0.0089656 
test_loss: 0.00905918 
train_loss: 0.00909387 
test_loss: 0.00937776 
train_loss: 0.00917234 
test_loss: 0.00953383 
train_loss: 0.00870406 
test_loss: 0.00890301 
train_loss: 0.00900138 
test_loss: 0.00905484 
train_loss: 0.00872441 
test_loss: 0.0089132 
train_loss: 0.00879792 
test_loss: 0.00904699 
train_loss: 0.00866744 
test_loss: 0.00908798 
train_loss: 0.00901315 
test_loss: 0.00908805 
train_loss: 0.00887172 
test_loss: 0.00898291 
train_loss: 0.008753 
test_loss: 0.00886228 
train_loss: 0.00914038 
test_loss: 0.00931327 
train_loss: 0.00843092 
test_loss: 0.00853246 
train_loss: 0.00834473 
test_loss: 0.00880743 
train_loss: 0.00814186 
test_loss: 0.00853867 
train_loss: 0.0093379 
test_loss: 0.0090402 
train_loss: 0.00826861 
test_loss: 0.00842876 
train_loss: 0.00834367 
test_loss: 0.00838667 
train_loss: 0.00823686 
test_loss: 0.00840024 
train_loss: 0.00888401 
test_loss: 0.00874821 
train_loss: 0.0082168 
test_loss: 0.00854384 
train_loss: 0.00795055 
test_loss: 0.00829933 
train_loss: 0.00786819 
test_loss: 0.00845558 
train_loss: 0.00804174 
test_loss: 0.00808485 
train_loss: 0.007741 
test_loss: 0.00788953 
train_loss: 0.00763497 
test_loss: 0.0080683 
train_loss: 0.00776908 
test_loss: 0.008012 
train_loss: 0.00810461 
test_loss: 0.00870292 
train_loss: 0.00756155 
test_loss: 0.00842631 
train_loss: 0.00737378 
test_loss: 0.00783484 
train_loss: 0.00762158 
test_loss: 0.00794619 
train_loss: 0.00815275 
test_loss: 0.0077823 
train_loss: 0.00770682 
test_loss: 0.00794557 
train_loss: 0.00750586 
test_loss: 0.00763445 
train_loss: 0.00764084 
test_loss: 0.00788224 
train_loss: 0.0082098 
test_loss: 0.00749894 
train_loss: 0.00839349 
test_loss: 0.00843788 
train_loss: 0.00771715 
test_loss: 0.00813502 
train_loss: 0.00717914 
test_loss: 0.00772535 
train_loss: 0.00752434 
test_loss: 0.00740063 
train_loss: 0.00712261 
test_loss: 0.00735204 
train_loss: 0.00743615 
test_loss: 0.00755167 
train_loss: 0.00706287 
test_loss: 0.00725761 
train_loss: 0.00717638 
test_loss: 0.00743652 
train_loss: 0.00769808 
test_loss: 0.00959108 
train_loss: 0.00741327 
test_loss: 0.00768056 
train_loss: 0.00707755 
test_loss: 0.00734837 
train_loss: 0.00756395 
test_loss: 0.00771874 
train_loss: 0.00703134 
test_loss: 0.00805019 
train_loss: 0.00695591 
test_loss: 0.00733686 
train_loss: 0.0069553 
test_loss: 0.0070562 
train_loss: 0.0070788 
test_loss: 0.00729191 
train_loss: 0.00687484 
test_loss: 0.00715262 
train_loss: 0.0071956 
test_loss: 0.00729437 
train_loss: 0.00711883 
test_loss: 0.00698118 
train_loss: 0.00726174 
test_loss: 0.00734774 
train_loss: 0.00693141 
test_loss: 0.00692204 
train_loss: 0.00660247 
test_loss: 0.00696123 
train_loss: 0.00745373 
test_loss: 0.00701434 
train_loss: 0.00712702 
test_loss: 0.00704711 
train_loss: 0.00683583 
test_loss: 0.00685554 
train_loss: 0.00685038 
test_loss: 0.0069781 
train_loss: 0.00649208 
test_loss: 0.00721512 
train_loss: 0.00646574 
test_loss: 0.00663527 
train_loss: 0.00690163 
test_loss: 0.00666073 
train_loss: 0.00625049 
test_loss: 0.00683817 
train_loss: 0.00644157 
test_loss: 0.00697291 
train_loss: 0.00654905 
test_loss: 0.00662933 
train_loss: 0.00652125 
test_loss: 0.00673994 
train_loss: 0.00677119 
test_loss: 0.00691787 
train_loss: 0.00668525 
test_loss: 0.00706648 
