train_loss: 66.3344 
test_loss: 19.4627 
train_loss: 1.99888 
test_loss: 1.99915 
train_loss: 1.99401 
test_loss: 1.99745 
train_loss: 1.99448 
test_loss: 1.9979 
train_loss: 1.99947 
test_loss: 1.99897 
train_loss: 1.99813 
test_loss: 1.99794 
train_loss: 1.99381 
test_loss: 1.99839 
train_loss: 1.99768 
test_loss: 1.99829 
train_loss: 1.99843 
test_loss: 1.99802 
train_loss: 1.99842 
test_loss: 1.99819 
train_loss: 1.99836 
test_loss: 1.99806 
train_loss: 1.99477 
test_loss: 1.99852 
train_loss: 1.99611 
test_loss: 1.99806 
train_loss: 1.99899 
test_loss: 1.99825 
train_loss: 1.99881 
test_loss: 1.99811 
train_loss: 1.99982 
test_loss: 1.99786 
train_loss: 1.99932 
test_loss: 1.99829 
train_loss: 1.99896 
test_loss: 1.99783 
train_loss: 1.99281 
test_loss: 1.9983 
train_loss: 1.99623 
test_loss: 1.99821 
train_loss: 1.99784 
test_loss: 1.99817 
train_loss: 1.9955 
test_loss: 1.99792 
train_loss: 1.99742 
test_loss: 1.99827 
train_loss: 1.9956 
test_loss: 1.99806 
train_loss: 1.99704 
test_loss: 1.99801 
train_loss: 1.99573 
test_loss: 1.99797 
train_loss: 1.99963 
test_loss: 1.99833 
train_loss: 1.99634 
test_loss: 1.99778 
train_loss: 1.99825 
test_loss: 1.99796 
train_loss: 1.99943 
test_loss: 1.99834 
train_loss: 1.99878 
test_loss: 1.9979 
